==============2021-08-10 17:37:11==============
===6开始执行条件2021-08-10 17:37:10.714===
===开始判断价格条件2021-08-10 17:37:10.714===
===开始判断额外/转自动条件2021-08-10 17:37:10.903===
===2021-08-10 17:37:11.275===
股票：002709指定时间段判断-额外参数：
	分组名称：1
	走势名称：时间段
		条件不成立(当前时间：2021-08-10 17:37:10.713,条件时段：09:30:00-13:00:00)
	结果：未满足
===2021-08-10 17:37:11.275===
===2021-08-10 17:37:11.304===
股票：002709板块涨跌幅判断-额外参数：
	分组名称：1
	走势名称：发
		条件不成立(不符合板块涨跌幅条件)
	结果：未满足，返回code：-1
===2021-08-10 17:37:11.835===
额外条件未满足


===============================================

==============2021-08-10 17:41:03==============
===6开始执行条件2021-08-10 17:41:01.600===
===开始判断价格条件2021-08-10 17:41:01.600===
===开始判断额外/转自动条件2021-08-10 17:41:02.117===
===2021-08-10 17:41:02.243===
股票：002709指定时间段判断-额外参数：
	分组名称：1
	走势名称：时间段
		条件不成立(当前时间：2021-08-10 17:41:01.600,条件时段：09:30:00-13:00:00)
	结果：未满足
===2021-08-10 17:41:02.243===
===2021-08-10 17:41:02.261===
股票：002709板块涨跌幅判断-额外参数：
	分组名称：1
	走势名称：发
		条件不成立(不符合板块涨跌幅条件)
	结果：未满足，返回code：-1
===2021-08-10 17:41:03.142===
额外条件未满足


===============================================

==============2021-08-10 17:41:15==============
===6开始执行条件2021-08-10 17:41:13.285===
===开始判断价格条件2021-08-10 17:41:13.285===
===开始判断额外/转自动条件2021-08-10 17:41:13.826===
===2021-08-10 17:41:14.344===
股票：002709指定时间段判断-额外参数：
	分组名称：1
	走势名称：时间段
		条件不成立(当前时间：2021-08-10 17:41:13.285,条件时段：09:30:00-13:00:00)
	结果：未满足
===2021-08-10 17:41:14.345===
===2021-08-10 17:41:14.396===
股票：002709板块涨跌幅判断-额外参数：
	分组名称：1
	走势名称：发
		条件不成立(不符合板块涨跌幅条件)
	结果：未满足，返回code：-1
===2021-08-10 17:41:15.130===
额外条件未满足


===============================================

==============2021-08-10 17:41:43==============
===6开始执行条件2021-08-10 17:41:42.631===
===开始判断价格条件2021-08-10 17:41:42.631===
===开始判断额外/转自动条件2021-08-10 17:41:42.800===
===2021-08-10 17:41:42.856===
股票：002709指定时间段判断-额外参数：
	分组名称：1
	走势名称：时间段
		条件不成立(当前时间：2021-08-10 17:41:42.630,条件时段：09:30:00-13:00:00)
	结果：未满足
===2021-08-10 17:41:42.856===
===2021-08-10 17:41:42.876===
股票：002709板块涨跌幅判断-额外参数：
	分组名称：1
	走势名称：发
		条件不成立(不符合板块涨跌幅条件)
	结果：未满足，返回code：-1
===2021-08-10 17:41:43.243===
额外条件未满足


===============================================

==============2021-08-10 17:41:50==============
===6开始执行条件2021-08-10 17:41:45.597===
===开始判断价格条件2021-08-10 17:41:45.597===
===开始判断额外/转自动条件2021-08-10 17:41:46.052===
===2021-08-10 17:41:46.563===
股票：002709指定时间段判断-额外参数：
	分组名称：1
	走势名称：时间段
		条件不成立(当前时间：2021-08-10 17:41:45.596,条件时段：09:30:00-13:00:00)
	结果：未满足
===2021-08-10 17:41:46.563===
===2021-08-10 17:41:46.764===
股票：002709板块涨跌幅判断-额外参数：
	分组名称：1
	走势名称：发
		条件不成立(不符合板块涨跌幅条件)
	结果：未满足，返回code：-1
===2021-08-10 17:41:50.564===
额外条件未满足


===============================================

==============2021-08-10 17:42:10==============
===6开始执行条件2021-08-10 17:42:06.841===
===开始判断价格条件2021-08-10 17:42:06.841===
===开始判断额外/转自动条件2021-08-10 17:42:07.266===
===2021-08-10 17:42:07.578===
股票：002709指定时间段判断-额外参数：
	分组名称：1
	走势名称：时间段
		条件不成立(当前时间：2021-08-10 17:42:06.835,条件时段：09:30:00-13:00:00)
	结果：未满足
===2021-08-10 17:42:07.578===
===2021-08-10 17:42:08.251===
股票：002709板块涨跌幅判断-额外参数：
	分组名称：1
	走势名称：发
		条件不成立(不符合板块涨跌幅条件)
	结果：未满足，返回code：-1
===2021-08-10 17:42:10.691===
额外条件未满足


===============================================

==============2021-08-10 17:43:42==============
===6开始执行条件2021-08-10 17:43:38.525===
===开始判断价格条件2021-08-10 17:43:38.525===
===开始判断额外/转自动条件2021-08-10 17:43:39.271===
===2021-08-10 17:43:40.197===
股票：002709指定时间段判断-额外参数：
	分组名称：1
	走势名称：时间段
		条件不成立(当前时间：2021-08-10 17:43:38.525,条件时段：09:30:00-13:00:00)
	结果：未满足
===2021-08-10 17:43:40.197===
===2021-08-10 17:43:40.245===
股票：002709板块涨跌幅判断-额外参数：
	分组名称：1
	走势名称：发
		条件不成立(不符合板块涨跌幅条件)
	结果：未满足，返回code：-1
===2021-08-10 17:43:42.350===
额外条件未满足


===============================================

==============2021-08-10 17:43:48==============
===6开始执行条件2021-08-10 17:43:46.451===
===开始判断价格条件2021-08-10 17:43:46.451===
===开始判断额外/转自动条件2021-08-10 17:43:47.070===
===2021-08-10 17:43:47.219===
股票：002709指定时间段判断-额外参数：
	分组名称：1
	走势名称：时间段
		条件不成立(当前时间：2021-08-10 17:43:46.450,条件时段：09:30:00-13:00:00)
	结果：未满足
===2021-08-10 17:43:47.219===
===2021-08-10 17:43:47.714===
股票：002709板块涨跌幅判断-额外参数：
	分组名称：1
	走势名称：发
		条件不成立(不符合板块涨跌幅条件)
	结果：未满足，返回code：-1
===2021-08-10 17:43:48.816===
额外条件未满足


===============================================

==============2021-08-10 17:44:03==============
===6开始执行条件2021-08-10 17:44:03.139===
===开始判断价格条件2021-08-10 17:44:03.139===
===开始判断额外/转自动条件2021-08-10 17:44:03.188===
===2021-08-10 17:44:03.234===
股票：002709指定时间段判断-额外参数：
	分组名称：1
	走势名称：时间段
		条件不成立(当前时间：2021-08-10 17:44:03.139,条件时段：09:30:00-13:00:00)
	结果：未满足
===2021-08-10 17:44:03.234===
===2021-08-10 17:44:03.261===
股票：002709板块涨跌幅判断-额外参数：
	分组名称：1
	走势名称：发
		条件不成立(不符合板块涨跌幅条件)
	结果：未满足，返回code：-1
===2021-08-10 17:44:03.836===
额外条件未满足


===============================================

==============2021-08-10 17:47:31==============
===6开始执行条件2021-08-10 17:47:28.072===
===开始判断价格条件2021-08-10 17:47:28.072===
===开始判断额外/转自动条件2021-08-10 17:47:28.699===
===2021-08-10 17:47:29.244===
股票：002709指定时间段判断-额外参数：
	分组名称：1
	走势名称：时间段
		条件不成立(当前时间：2021-08-10 17:47:28.072,条件时段：09:30:00-13:00:00)
	结果：未满足
===2021-08-10 17:47:29.244===
===2021-08-10 17:47:29.356===
股票：002709板块涨跌幅判断-额外参数：
	分组名称：1
	走势名称：发
		条件不成立(不符合板块涨跌幅条件)
	结果：未满足，返回code：-1
===2021-08-10 17:47:31.604===
额外条件未满足


===============================================

==============2021-08-10 17:47:49==============
===6开始执行条件2021-08-10 17:47:45.406===
===开始判断价格条件2021-08-10 17:47:45.406===
===开始判断额外/转自动条件2021-08-10 17:47:45.739===
===2021-08-10 17:47:46.683===
股票：002709指定时间段判断-额外参数：
	分组名称：1
	走势名称：时间段
		条件不成立(当前时间：2021-08-10 17:47:45.395,条件时段：09:30:00-13:00:00)
	结果：未满足
===2021-08-10 17:47:46.733===
===2021-08-10 17:47:46.926===
股票：002709板块涨跌幅判断-额外参数：
	分组名称：1
	走势名称：发
		条件不成立(不符合板块涨跌幅条件)
	结果：未满足，返回code：-1
===2021-08-10 17:47:49.371===
额外条件未满足


===============================================

==============2021-08-10 17:49:00==============
===6开始执行条件2021-08-10 17:48:58.964===
===开始判断价格条件2021-08-10 17:48:58.964===
===开始判断额外/转自动条件2021-08-10 17:48:59.501===
===2021-08-10 17:48:59.751===
股票：002709指定时间段判断-额外参数：
	分组名称：1
	走势名称：时间段
		条件不成立(当前时间：2021-08-10 17:48:58.964,条件时段：09:30:00-13:00:00)
	结果：未满足
===2021-08-10 17:48:59.751===
===2021-08-10 17:48:59.914===
股票：002709板块涨跌幅判断-额外参数：
	分组名称：1
	走势名称：发
		条件不成立(不符合板块涨跌幅条件)
	结果：未满足，返回code：-1
===2021-08-10 17:49:00.463===
额外条件未满足


===============================================

==============2021-08-10 17:49:17==============
===6开始执行条件2021-08-10 17:49:13.698===
===开始判断价格条件2021-08-10 17:49:13.698===
===开始判断额外/转自动条件2021-08-10 17:49:14.412===
===2021-08-10 17:49:14.631===
股票：002709指定时间段判断-额外参数：
	分组名称：1
	走势名称：时间段
		条件不成立(当前时间：2021-08-10 17:49:13.698,条件时段：09:30:00-13:00:00)
	结果：未满足
===2021-08-10 17:49:14.631===
===2021-08-10 17:49:14.871===
股票：002709板块涨跌幅判断-额外参数：
	分组名称：1
	走势名称：发
		条件不成立(不符合板块涨跌幅条件)
	结果：未满足，返回code：-1
===2021-08-10 17:49:17.830===
额外条件未满足


===============================================

==============2021-08-10 17:49:44==============
===6开始执行条件2021-08-10 17:49:33.978===
===开始判断价格条件2021-08-10 17:49:33.978===
===开始判断额外/转自动条件2021-08-10 17:49:39.979===
===2021-08-10 17:49:40.588===
股票：002709指定时间段判断-额外参数：
	分组名称：1
	走势名称：时间段
		条件不成立(当前时间：2021-08-10 17:49:33.978,条件时段：09:30:00-13:00:00)
	结果：未满足
===2021-08-10 17:49:40.588===
===2021-08-10 17:49:40.739===
股票：002709板块涨跌幅判断-额外参数：
	分组名称：1
	走势名称：发
		条件不成立(不符合板块涨跌幅条件)
	结果：未满足，返回code：-1
===2021-08-10 17:49:44.465===
额外条件未满足


===============================================

==============2021-08-10 17:49:53==============
===6开始执行条件2021-08-10 17:49:50.188===
===开始判断价格条件2021-08-10 17:49:50.188===
===开始判断额外/转自动条件2021-08-10 17:49:50.555===
===2021-08-10 17:49:50.873===
股票：002709指定时间段判断-额外参数：
	分组名称：1
	走势名称：时间段
		条件不成立(当前时间：2021-08-10 17:49:50.188,条件时段：09:30:00-13:00:00)
	结果：未满足
===2021-08-10 17:49:50.873===
===2021-08-10 17:49:50.993===
股票：002709板块涨跌幅判断-额外参数：
	分组名称：1
	走势名称：发
		条件不成立(不符合板块涨跌幅条件)
	结果：未满足，返回code：-1
===2021-08-10 17:49:53.711===
额外条件未满足


===============================================

==============2021-08-10 17:50:07==============
===6开始执行条件2021-08-10 17:50:05.326===
===开始判断价格条件2021-08-10 17:50:05.326===
===开始判断额外/转自动条件2021-08-10 17:50:05.692===
===2021-08-10 17:50:05.893===
股票：002709指定时间段判断-额外参数：
	分组名称：1
	走势名称：时间段
		条件不成立(当前时间：2021-08-10 17:50:05.320,条件时段：09:30:00-13:00:00)
	结果：未满足
===2021-08-10 17:50:05.893===
===2021-08-10 17:50:05.976===
股票：002709板块涨跌幅判断-额外参数：
	分组名称：1
	走势名称：发
		条件不成立(不符合板块涨跌幅条件)
	结果：未满足，返回code：-1
===2021-08-10 17:50:07.800===
额外条件未满足


===============================================

==============2021-08-10 17:50:35==============
===6开始执行条件2021-08-10 17:50:29.284===
===开始判断价格条件2021-08-10 17:50:29.284===
===开始判断额外/转自动条件2021-08-10 17:50:30.147===
===2021-08-10 17:50:31.016===
股票：002709指定时间段判断-额外参数：
	分组名称：1
	走势名称：时间段
		条件不成立(当前时间：2021-08-10 17:50:29.283,条件时段：09:30:00-13:00:00)
	结果：未满足
===2021-08-10 17:50:31.016===
===2021-08-10 17:50:32.113===
股票：002709板块涨跌幅判断-额外参数：
	分组名称：1
	走势名称：发
		条件不成立(不符合板块涨跌幅条件)
	结果：未满足，返回code：-1
===2021-08-10 17:50:35.099===
额外条件未满足


===============================================

==============2021-08-10 17:50:45==============
===6开始执行条件2021-08-10 17:50:37.182===
===开始判断价格条件2021-08-10 17:50:37.182===
===开始判断额外/转自动条件2021-08-10 17:50:37.718===
===2021-08-10 17:50:38.399===
股票：002709指定时间段判断-额外参数：
	分组名称：1
	走势名称：时间段
		条件不成立(当前时间：2021-08-10 17:50:37.182,条件时段：09:30:00-13:00:00)
	结果：未满足
===2021-08-10 17:50:38.399===
===2021-08-10 17:50:39.577===
股票：002709板块涨跌幅判断-额外参数：
	分组名称：1
	走势名称：发
		条件不成立(不符合板块涨跌幅条件)
	结果：未满足，返回code：-1
===2021-08-10 17:50:45.499===
额外条件未满足


===============================================

==============2021-08-10 17:51:08==============
===6开始执行条件2021-08-10 17:51:03.087===
===开始判断价格条件2021-08-10 17:51:03.087===
===开始判断额外/转自动条件2021-08-10 17:51:04.069===
===2021-08-10 17:51:04.920===
股票：002709指定时间段判断-额外参数：
	分组名称：1
	走势名称：时间段
		条件不成立(当前时间：2021-08-10 17:51:03.087,条件时段：09:30:00-13:00:00)
	结果：未满足
===2021-08-10 17:51:04.920===
===2021-08-10 17:51:05.192===
股票：002709板块涨跌幅判断-额外参数：
	分组名称：1
	走势名称：发
		条件不成立(不符合板块涨跌幅条件)
	结果：未满足，返回code：-1
===2021-08-10 17:51:08.679===
额外条件未满足


===============================================

==============2021-08-10 17:51:18==============
===6开始执行条件2021-08-10 17:51:12.189===
===开始判断价格条件2021-08-10 17:51:12.189===
===开始判断额外/转自动条件2021-08-10 17:51:13.251===
===2021-08-10 17:51:14.269===
股票：002709指定时间段判断-额外参数：
	分组名称：1
	走势名称：时间段
		条件不成立(当前时间：2021-08-10 17:51:12.189,条件时段：09:30:00-13:00:00)
	结果：未满足
===2021-08-10 17:51:14.269===
===2021-08-10 17:51:14.547===
股票：002709板块涨跌幅判断-额外参数：
	分组名称：1
	走势名称：发
		条件不成立(不符合板块涨跌幅条件)
	结果：未满足，返回code：-1
===2021-08-10 17:51:18.088===
额外条件未满足


===============================================

==============2021-08-10 17:52:03==============
===6开始执行条件2021-08-10 17:52:00.341===
===开始判断价格条件2021-08-10 17:52:00.341===
===开始判断额外/转自动条件2021-08-10 17:52:00.627===
===2021-08-10 17:52:00.807===
股票：002709指定时间段判断-额外参数：
	分组名称：1
	走势名称：时间段
		条件不成立(当前时间：2021-08-10 17:52:00.341,条件时段：09:30:00-13:00:00)
	结果：未满足
===2021-08-10 17:52:00.807===
===2021-08-10 17:52:00.894===
股票：002709板块涨跌幅判断-额外参数：
	分组名称：1
	走势名称：发
		条件不成立(不符合板块涨跌幅条件)
	结果：未满足，返回code：-1
===2021-08-10 17:52:03.245===
额外条件未满足


===============================================

==============2021-08-10 17:52:20==============
===6开始执行条件2021-08-10 17:52:16.105===
===开始判断价格条件2021-08-10 17:52:16.105===
===开始判断额外/转自动条件2021-08-10 17:52:16.868===
===2021-08-10 17:52:17.376===
股票：002709指定时间段判断-额外参数：
	分组名称：1
	走势名称：时间段
		条件不成立(当前时间：2021-08-10 17:52:16.096,条件时段：09:30:00-13:00:00)
	结果：未满足
===2021-08-10 17:52:17.376===
===2021-08-10 17:52:17.574===
股票：002709板块涨跌幅判断-额外参数：
	分组名称：1
	走势名称：发
		条件不成立(不符合板块涨跌幅条件)
	结果：未满足，返回code：-1
===2021-08-10 17:52:20.407===
额外条件未满足


===============================================

==============2021-08-10 17:52:40==============
===6开始执行条件2021-08-10 17:52:35.012===
===开始判断价格条件2021-08-10 17:52:35.012===
===开始判断额外/转自动条件2021-08-10 17:52:35.501===
===2021-08-10 17:52:35.667===
股票：002709指定时间段判断-额外参数：
	分组名称：1
	走势名称：时间段
		条件不成立(当前时间：2021-08-10 17:52:35.012,条件时段：09:30:00-13:00:00)
	结果：未满足
===2021-08-10 17:52:35.667===
===2021-08-10 17:52:35.814===
股票：002709板块涨跌幅判断-额外参数：
	分组名称：1
	走势名称：发
		条件不成立(不符合板块涨跌幅条件)
	结果：未满足，返回code：-1
===2021-08-10 17:52:40.504===
额外条件未满足


===============================================

==============2021-08-10 17:52:53==============
===6开始执行条件2021-08-10 17:52:51.548===
===开始判断价格条件2021-08-10 17:52:51.548===
===开始判断额外/转自动条件2021-08-10 17:52:51.977===
===2021-08-10 17:52:52.076===
股票：002709指定时间段判断-额外参数：
	分组名称：1
	走势名称：时间段
		条件不成立(当前时间：2021-08-10 17:52:51.547,条件时段：09:30:00-13:00:00)
	结果：未满足
===2021-08-10 17:52:52.076===
===2021-08-10 17:52:52.104===
股票：002709板块涨跌幅判断-额外参数：
	分组名称：1
	走势名称：发
		条件不成立(不符合板块涨跌幅条件)
	结果：未满足，返回code：-1
===2021-08-10 17:52:53.918===
额外条件未满足


===============================================

==============2021-08-10 17:53:09==============
===6开始执行条件2021-08-10 17:53:09.313===
===开始判断价格条件2021-08-10 17:53:09.313===
===开始判断额外/转自动条件2021-08-10 17:53:09.454===
===2021-08-10 17:53:09.501===
股票：002709指定时间段判断-额外参数：
	分组名称：1
	走势名称：时间段
		条件不成立(当前时间：2021-08-10 17:53:09.263,条件时段：09:30:00-13:00:00)
	结果：未满足
===2021-08-10 17:53:09.501===
===2021-08-10 17:53:09.526===
股票：002709板块涨跌幅判断-额外参数：
	分组名称：1
	走势名称：发
		条件不成立(不符合板块涨跌幅条件)
	结果：未满足，返回code：-1
===2021-08-10 17:53:09.881===
额外条件未满足


===============================================

==============2021-08-10 17:53:29==============
===6开始执行条件2021-08-10 17:53:25.993===
===开始判断价格条件2021-08-10 17:53:25.993===
===开始判断额外/转自动条件2021-08-10 17:53:26.766===
===2021-08-10 17:53:28.102===
股票：002709指定时间段判断-额外参数：
	分组名称：1
	走势名称：时间段
		条件不成立(当前时间：2021-08-10 17:53:25.993,条件时段：09:30:00-13:00:00)
	结果：未满足
===2021-08-10 17:53:28.102===
===2021-08-10 17:53:28.175===
股票：002709板块涨跌幅判断-额外参数：
	分组名称：1
	走势名称：发
		条件不成立(不符合板块涨跌幅条件)
	结果：未满足，返回code：-1
===2021-08-10 17:53:29.651===
额外条件未满足


===============================================

==============2021-08-10 17:53:39==============
===6开始执行条件2021-08-10 17:53:37.514===
===开始判断价格条件2021-08-10 17:53:37.514===
===开始判断额外/转自动条件2021-08-10 17:53:37.858===
===2021-08-10 17:53:37.961===
股票：002709指定时间段判断-额外参数：
	分组名称：1
	走势名称：时间段
		条件不成立(当前时间：2021-08-10 17:53:37.513,条件时段：09:30:00-13:00:00)
	结果：未满足
===2021-08-10 17:53:37.961===
===2021-08-10 17:53:37.989===
股票：002709板块涨跌幅判断-额外参数：
	分组名称：1
	走势名称：发
		条件不成立(不符合板块涨跌幅条件)
	结果：未满足，返回code：-1
===2021-08-10 17:53:39.363===
额外条件未满足


===============================================

==============2021-08-10 17:53:58==============
===6开始执行条件2021-08-10 17:53:57.396===
===开始判断价格条件2021-08-10 17:53:57.396===
===开始判断额外/转自动条件2021-08-10 17:53:57.508===
===2021-08-10 17:53:57.565===
股票：002709指定时间段判断-额外参数：
	分组名称：1
	走势名称：时间段
		条件不成立(当前时间：2021-08-10 17:53:57.396,条件时段：09:30:00-13:00:00)
	结果：未满足
===2021-08-10 17:53:57.565===
===2021-08-10 17:53:57.608===
股票：002709板块涨跌幅判断-额外参数：
	分组名称：1
	走势名称：发
		条件不成立(不符合板块涨跌幅条件)
	结果：未满足，返回code：-1
===2021-08-10 17:53:58.032===
额外条件未满足


===============================================

==============2021-08-10 17:54:13==============
===6开始执行条件2021-08-10 17:54:12.658===
===开始判断价格条件2021-08-10 17:54:12.658===
===开始判断额外/转自动条件2021-08-10 17:54:12.776===
===2021-08-10 17:54:12.857===
股票：002709指定时间段判断-额外参数：
	分组名称：1
	走势名称：时间段
		条件不成立(当前时间：2021-08-10 17:54:12.657,条件时段：09:30:00-13:00:00)
	结果：未满足
===2021-08-10 17:54:12.857===
===2021-08-10 17:54:12.940===
股票：002709板块涨跌幅判断-额外参数：
	分组名称：1
	走势名称：发
		条件不成立(不符合板块涨跌幅条件)
	结果：未满足，返回code：-1
===2021-08-10 17:54:13.124===
额外条件未满足


===============================================

