==============2021-08-09 10:08:32==============
===6开始执行条件2021-08-09 10:08:13.243===
===开始判断价格条件2021-08-09 10:08:13.243===
===开始判断额外/转自动条件2021-08-09 10:08:14.204===
===2021-08-09 10:08:14.643===
股票：002709指定时间段判断-额外参数：
	分组名称：1
	走势名称：时间段
		条件成立(当前时间：2021-08-09 10:08:13.243,条件时段：09:30:00-13:00:00)
	结果：达到要求
===2021-08-09 10:08:21.360===
===2021-08-09 10:08:32.590===
股票：002709多头向上判断-转自动参数：
	分组名称：2
	走势名称：多头向上
	结果：未满足，返回code：0
===2021-08-09 10:08:32.591===
满足所有条件，可以触发


===============================================

==============2021-08-09 10:08:38==============
===6开始执行条件2021-08-09 10:08:35.596===
===开始判断价格条件2021-08-09 10:08:35.596===
===开始判断额外/转自动条件2021-08-09 10:08:35.958===
===2021-08-09 10:08:37.251===
股票：002709指定时间段判断-额外参数：
	分组名称：1
	走势名称：时间段
		条件成立(当前时间：2021-08-09 10:08:35.596,条件时段：09:30:00-13:00:00)
	结果：达到要求
===2021-08-09 10:08:38.076===
===2021-08-09 10:08:38.610===
股票：002709多头向上判断-转自动参数：
	分组名称：2
	走势名称：多头向上
	结果：未满足，返回code：0
===2021-08-09 10:08:38.610===
满足所有条件，可以触发


===============================================

==============2021-08-09 10:08:45==============
===6开始执行条件2021-08-09 10:08:43.598===
===开始判断价格条件2021-08-09 10:08:43.598===
===开始判断额外/转自动条件2021-08-09 10:08:44.036===
===2021-08-09 10:08:44.721===
股票：002709指定时间段判断-额外参数：
	分组名称：1
	走势名称：时间段
		条件成立(当前时间：2021-08-09 10:08:43.598,条件时段：09:30:00-13:00:00)
	结果：达到要求
===2021-08-09 10:08:45.217===
===2021-08-09 10:08:45.894===
股票：002709多头向上判断-转自动参数：
	分组名称：2
	走势名称：多头向上
	结果：未满足，返回code：0
===2021-08-09 10:08:45.894===
满足所有条件，可以触发


===============================================

==============2021-08-09 10:09:09==============
===6开始执行条件2021-08-09 10:09:03.210===
===开始判断价格条件2021-08-09 10:09:03.210===
===开始判断额外/转自动条件2021-08-09 10:09:05.475===
===2021-08-09 10:09:07.331===
股票：002709指定时间段判断-额外参数：
	分组名称：1
	走势名称：时间段
		条件成立(当前时间：2021-08-09 10:09:03.210,条件时段：09:30:00-13:00:00)
	结果：达到要求
===2021-08-09 10:09:08.369===
===2021-08-09 10:09:09.050===
股票：002709多头向上判断-转自动参数：
	分组名称：2
	走势名称：多头向上
	结果：未满足，返回code：0
===2021-08-09 10:09:09.050===
满足所有条件，可以触发


===============================================

==============2021-08-09 10:09:23==============
===6开始执行条件2021-08-09 10:09:20.517===
===开始判断价格条件2021-08-09 10:09:20.517===
===开始判断额外/转自动条件2021-08-09 10:09:20.931===
===2021-08-09 10:09:21.532===
股票：002709指定时间段判断-额外参数：
	分组名称：1
	走势名称：时间段
		条件成立(当前时间：2021-08-09 10:09:20.517,条件时段：09:30:00-13:00:00)
	结果：达到要求
===2021-08-09 10:09:21.823===
===2021-08-09 10:09:23.272===
股票：002709多头向上判断-转自动参数：
	分组名称：2
	走势名称：多头向上
	结果：未满足，返回code：0
===2021-08-09 10:09:23.272===
满足所有条件，可以触发


===============================================

==============2021-08-09 10:10:28==============
===6开始执行条件2021-08-09 10:09:46.964===
===开始判断价格条件2021-08-09 10:09:46.964===
===开始判断额外/转自动条件2021-08-09 10:10:14.659===
===2021-08-09 10:10:17.585===
股票：002709指定时间段判断-额外参数：
	分组名称：1
	走势名称：时间段
		条件成立(当前时间：2021-08-09 10:09:46.963,条件时段：09:30:00-13:00:00)
	结果：达到要求
===2021-08-09 10:10:19.835===
===2021-08-09 10:10:28.410===
股票：002709多头向上判断-转自动参数：
	分组名称：2
	走势名称：多头向上
	结果：未满足，返回code：0
===2021-08-09 10:10:28.410===
满足所有条件，可以触发


===============================================

==============2021-08-09 10:10:38==============
===6开始执行条件2021-08-09 10:10:31.792===
===开始判断价格条件2021-08-09 10:10:31.792===
===开始判断额外/转自动条件2021-08-09 10:10:33.021===
===2021-08-09 10:10:35.002===
股票：002709指定时间段判断-额外参数：
	分组名称：1
	走势名称：时间段
		条件成立(当前时间：2021-08-09 10:10:31.792,条件时段：09:30:00-13:00:00)
	结果：达到要求
===2021-08-09 10:10:36.402===
===2021-08-09 10:10:38.019===
股票：002709多头向上判断-转自动参数：
	分组名称：2
	走势名称：多头向上
	结果：未满足，返回code：0
===2021-08-09 10:10:38.020===
满足所有条件，可以触发


===============================================

==============2021-08-09 10:11:01==============
===6开始执行条件2021-08-09 10:11:00.733===
===开始判断价格条件2021-08-09 10:11:00.733===
===开始判断额外/转自动条件2021-08-09 10:11:00.894===
===2021-08-09 10:11:00.952===
股票：002709指定时间段判断-额外参数：
	分组名称：1
	走势名称：时间段
		条件成立(当前时间：2021-08-09 10:11:00.732,条件时段：09:30:00-13:00:00)
	结果：达到要求
===2021-08-09 10:11:01.142===
===2021-08-09 10:11:01.277===
股票：002709多头向上判断-转自动参数：
	分组名称：2
	走势名称：多头向上
	结果：未满足，返回code：0
===2021-08-09 10:11:01.277===
满足所有条件，可以触发


===============================================

==============2021-08-09 10:11:13==============
===6开始执行条件2021-08-09 10:11:11.634===
===开始判断价格条件2021-08-09 10:11:11.634===
===开始判断额外/转自动条件2021-08-09 10:11:12.072===
===2021-08-09 10:11:12.640===
股票：002709指定时间段判断-额外参数：
	分组名称：1
	走势名称：时间段
		条件成立(当前时间：2021-08-09 10:11:11.633,条件时段：09:30:00-13:00:00)
	结果：达到要求
===2021-08-09 10:11:13.079===
===2021-08-09 10:11:13.619===
股票：002709多头向上判断-转自动参数：
	分组名称：2
	走势名称：多头向上
	结果：未满足，返回code：0
===2021-08-09 10:11:13.619===
满足所有条件，可以触发


===============================================

==============2021-08-09 10:11:19==============
===6开始执行条件2021-08-09 10:11:17.670===
===开始判断价格条件2021-08-09 10:11:17.670===
===开始判断额外/转自动条件2021-08-09 10:11:17.986===
===2021-08-09 10:11:18.422===
股票：002709指定时间段判断-额外参数：
	分组名称：1
	走势名称：时间段
		条件成立(当前时间：2021-08-09 10:11:17.666,条件时段：09:30:00-13:00:00)
	结果：达到要求
===2021-08-09 10:11:18.810===
===2021-08-09 10:11:19.417===
股票：002709多头向上判断-转自动参数：
	分组名称：2
	走势名称：多头向上
	结果：未满足，返回code：0
===2021-08-09 10:11:19.417===
满足所有条件，可以触发


===============================================

==============2021-08-09 10:14:20==============
===6开始执行条件2021-08-09 10:14:20.078===
===开始判断价格条件2021-08-09 10:14:20.078===
===开始判断额外/转自动条件2021-08-09 10:14:20.201===
===2021-08-09 10:14:20.279===
股票：002709指定时间段判断-额外参数：
	分组名称：1
	走势名称：时间段
		条件成立(当前时间：2021-08-09 10:14:20.078,条件时段：09:30:00-13:00:00)
	结果：达到要求
===2021-08-09 10:14:20.349===
===2021-08-09 10:14:20.466===
股票：002709多头向上判断-转自动参数：
	分组名称：2
	走势名称：多头向上
	结果：未满足，返回code：0
===2021-08-09 10:14:20.468===
满足所有条件，可以触发


===============================================

==============2021-08-09 11:02:40==============
===6开始执行条件2021-08-09 11:02:40.177===
===开始判断价格条件2021-08-09 11:02:40.177===
===开始判断额外/转自动条件2021-08-09 11:02:40.322===
===2021-08-09 11:02:40.463===
股票：002709指定时间段判断-额外参数：
	分组名称：1
	走势名称：时间段
		条件成立(当前时间：2021-08-09 11:02:40.177,条件时段：09:30:00-13:00:00)
	结果：达到要求
===2021-08-09 11:02:40.834===
===2021-08-09 11:02:40.924===
股票：002709多头向上判断-转自动参数：
	分组名称：2
	走势名称：多头向上
	结果：未满足，返回code：0
===2021-08-09 11:02:40.928===
满足所有条件，可以触发


===============================================

==============2021-08-09 11:02:49==============
===6开始执行条件2021-08-09 11:02:49.516===
===开始判断价格条件2021-08-09 11:02:49.516===
===开始判断额外/转自动条件2021-08-09 11:02:49.591===
===2021-08-09 11:02:49.648===
股票：002709指定时间段判断-额外参数：
	分组名称：1
	走势名称：时间段
		条件成立(当前时间：2021-08-09 11:02:49.516,条件时段：09:30:00-13:00:00)
	结果：达到要求
===2021-08-09 11:02:49.724===
===2021-08-09 11:02:49.786===
股票：002709多头向上判断-转自动参数：
	分组名称：2
	走势名称：多头向上
	结果：未满足，返回code：0
===2021-08-09 11:02:49.786===
满足所有条件，可以触发


===============================================

==============2021-08-09 11:03:28==============
===6开始执行条件2021-08-09 11:03:27.412===
===开始判断价格条件2021-08-09 11:03:27.412===
===开始判断额外/转自动条件2021-08-09 11:03:27.603===
===2021-08-09 11:03:27.730===
股票：002709指定时间段判断-额外参数：
	分组名称：1
	走势名称：时间段
		条件成立(当前时间：2021-08-09 11:03:27.411,条件时段：09:30:00-13:00:00)
	结果：达到要求
===2021-08-09 11:03:27.832===
===2021-08-09 11:03:28.093===
股票：002709多头向上判断-转自动参数：
	分组名称：2
	走势名称：多头向上
	结果：未满足，返回code：0
===2021-08-09 11:03:28.093===
满足所有条件，可以触发


===============================================

==============2021-08-09 11:03:37==============
===6开始执行条件2021-08-09 11:03:36.567===
===开始判断价格条件2021-08-09 11:03:36.567===
===开始判断额外/转自动条件2021-08-09 11:03:36.878===
===2021-08-09 11:03:36.993===
股票：002709指定时间段判断-额外参数：
	分组名称：1
	走势名称：时间段
		条件成立(当前时间：2021-08-09 11:03:36.566,条件时段：09:30:00-13:00:00)
	结果：达到要求
===2021-08-09 11:03:37.112===
===2021-08-09 11:03:37.344===
股票：002709多头向上判断-转自动参数：
	分组名称：2
	走势名称：多头向上
	结果：未满足，返回code：0
===2021-08-09 11:03:37.344===
满足所有条件，可以触发


===============================================

==============2021-08-09 11:03:50==============
===6开始执行条件2021-08-09 11:03:49.948===
===开始判断价格条件2021-08-09 11:03:49.948===
===开始判断额外/转自动条件2021-08-09 11:03:50.158===
===2021-08-09 11:03:50.250===
股票：002709指定时间段判断-额外参数：
	分组名称：1
	走势名称：时间段
		条件成立(当前时间：2021-08-09 11:03:49.947,条件时段：09:30:00-13:00:00)
	结果：达到要求
===2021-08-09 11:03:50.320===
===2021-08-09 11:03:50.938===
股票：002709多头向上判断-转自动参数：
	分组名称：2
	走势名称：多头向上
	结果：未满足，返回code：0
===2021-08-09 11:03:50.938===
满足所有条件，可以触发


===============================================

