==============2021-08-06 14:25:53==============
===6开始执行条件2021-08-06 14:25:50.475===
===开始判断价格条件2021-08-06 14:25:50.475===
===开始判断额外/转自动条件2021-08-06 14:25:50.808===
===2021-08-06 14:25:50.896===
股票：002709指定时间段判断-额外参数：
	分组名称：1
	走势名称：时间段
		条件不成立(当前时间：2021-08-06 14:25:50.474,条件时段：09:30:00-13:00:00)
	结果：未满足
===2021-08-06 14:25:50.896===
===2021-08-06 14:25:51.296===
股票：002709板块涨跌幅判断-额外参数：
	分组名称：1
	走势名称：发
		条件不成立(不符合板块涨跌幅条件)
	结果：未满足，返回code：-1
===2021-08-06 14:25:53.483===
额外条件未满足


===============================================

==============2021-08-06 14:26:07==============
===6开始执行条件2021-08-06 14:26:04.710===
===开始判断价格条件2021-08-06 14:26:04.710===
===开始判断额外/转自动条件2021-08-06 14:26:05.311===
===2021-08-06 14:26:06.112===
股票：002709指定时间段判断-额外参数：
	分组名称：1
	走势名称：时间段
		条件不成立(当前时间：2021-08-06 14:26:04.710,条件时段：09:30:00-13:00:00)
	结果：未满足
===2021-08-06 14:26:06.112===
===2021-08-06 14:26:06.256===
股票：002709板块涨跌幅判断-额外参数：
	分组名称：1
	走势名称：发
		条件不成立(不符合板块涨跌幅条件)
	结果：未满足，返回code：-1
===2021-08-06 14:26:07.873===
额外条件未满足


===============================================

==============2021-08-06 14:26:35==============
===6开始执行条件2021-08-06 14:26:33.191===
===开始判断价格条件2021-08-06 14:26:33.191===
===开始判断额外/转自动条件2021-08-06 14:26:33.844===
===2021-08-06 14:26:34.000===
股票：002709指定时间段判断-额外参数：
	分组名称：1
	走势名称：时间段
		条件不成立(当前时间：2021-08-06 14:26:33.190,条件时段：09:30:00-13:00:00)
	结果：未满足
===2021-08-06 14:26:34.000===
===2021-08-06 14:26:34.240===
股票：002709板块涨跌幅判断-额外参数：
	分组名称：1
	走势名称：发
		条件不成立(不符合板块涨跌幅条件)
	结果：未满足，返回code：-1
===2021-08-06 14:26:35.925===
额外条件未满足


===============================================

==============2021-08-06 14:29:14==============
===6开始执行条件2021-08-06 14:29:13.162===
===开始判断价格条件2021-08-06 14:29:13.162===
===开始判断额外/转自动条件2021-08-06 14:29:13.803===
===2021-08-06 14:29:14.102===
股票：002709指定时间段判断-额外参数：
	分组名称：1
	走势名称：时间段
		条件不成立(当前时间：2021-08-06 14:29:13.161,条件时段：09:30:00-13:00:00)
	结果：未满足
===2021-08-06 14:29:14.102===
===2021-08-06 14:29:14.174===
股票：002709板块涨跌幅判断-额外参数：
	分组名称：1
	走势名称：发
		条件不成立(不符合板块涨跌幅条件)
	结果：未满足，返回code：-1
===2021-08-06 14:29:14.853===
额外条件未满足


===============================================

==============2021-08-06 14:34:33==============
===6开始执行条件2021-08-06 14:34:32.405===
===开始判断价格条件2021-08-06 14:34:32.405===
===开始判断额外/转自动条件2021-08-06 14:34:32.795===
===2021-08-06 14:34:33.040===
股票：002709指定时间段判断-额外参数：
	分组名称：1
	走势名称：时间段
		条件不成立(当前时间：2021-08-06 14:34:32.405,条件时段：09:30:00-13:00:00)
	结果：未满足
===2021-08-06 14:34:33.040===
===2021-08-06 14:34:33.080===
股票：002709板块涨跌幅判断-额外参数：
	分组名称：1
	走势名称：发
		条件不成立(不符合板块涨跌幅条件)
	结果：未满足，返回code：-1
===2021-08-06 14:34:33.452===
额外条件未满足


===============================================

==============2021-08-06 14:41:04==============
===6开始执行条件2021-08-06 14:41:03.468===
===开始判断价格条件2021-08-06 14:41:03.468===
===开始判断额外/转自动条件2021-08-06 14:41:03.555===
===2021-08-06 14:41:03.735===
股票：002709指定时间段判断-额外参数：
	分组名称：1
	走势名称：时间段
		条件不成立(当前时间：2021-08-06 14:41:03.467,条件时段：09:30:00-13:00:00)
	结果：未满足
===2021-08-06 14:41:03.735===
===2021-08-06 14:41:03.794===
股票：002709板块涨跌幅判断-额外参数：
	分组名称：1
	走势名称：发
		条件不成立(不符合板块涨跌幅条件)
	结果：未满足，返回code：-1
===2021-08-06 14:41:04.363===
额外条件未满足


===============================================

==============2021-08-06 14:41:15==============
===6开始执行条件2021-08-06 14:41:15.259===
===开始判断价格条件2021-08-06 14:41:15.259===
===开始判断额外/转自动条件2021-08-06 14:41:15.500===
===2021-08-06 14:41:15.653===
股票：002709指定时间段判断-额外参数：
	分组名称：1
	走势名称：时间段
		条件不成立(当前时间：2021-08-06 14:41:15.258,条件时段：09:30:00-13:00:00)
	结果：未满足
===2021-08-06 14:41:15.653===
===2021-08-06 14:41:15.707===
股票：002709板块涨跌幅判断-额外参数：
	分组名称：1
	走势名称：发
		条件不成立(不符合板块涨跌幅条件)
	结果：未满足，返回code：-1
===2021-08-06 14:41:15.944===
额外条件未满足


===============================================

==============2021-08-06 14:41:42==============
===6开始执行条件2021-08-06 14:41:38.223===
===开始判断价格条件2021-08-06 14:41:38.223===
===开始判断额外/转自动条件2021-08-06 14:41:38.560===
===2021-08-06 14:41:38.915===
股票：002709指定时间段判断-额外参数：
	分组名称：1
	走势名称：时间段
		条件不成立(当前时间：2021-08-06 14:41:38.223,条件时段：09:30:00-13:00:00)
	结果：未满足
===2021-08-06 14:41:38.915===
===2021-08-06 14:41:39.044===
股票：002709板块涨跌幅判断-额外参数：
	分组名称：1
	走势名称：发
		条件不成立(不符合板块涨跌幅条件)
	结果：未满足，返回code：-1
===2021-08-06 14:41:42.245===
额外条件未满足


===============================================

==============2021-08-06 14:42:33==============
===6开始执行条件2021-08-06 14:42:30.134===
===开始判断价格条件2021-08-06 14:42:30.134===
===开始判断额外/转自动条件2021-08-06 14:42:30.435===
===2021-08-06 14:42:30.901===
股票：002709指定时间段判断-额外参数：
	分组名称：1
	走势名称：时间段
		条件不成立(当前时间：2021-08-06 14:42:30.133,条件时段：09:30:00-13:00:00)
	结果：未满足
===2021-08-06 14:42:30.903===
===2021-08-06 14:42:31.042===
股票：002709板块涨跌幅判断-额外参数：
	分组名称：1
	走势名称：发
		条件不成立(不符合板块涨跌幅条件)
	结果：未满足，返回code：-1
===2021-08-06 14:42:33.518===
额外条件未满足


===============================================

==============2021-08-06 14:42:55==============
===6开始执行条件2021-08-06 14:42:51.302===
===开始判断价格条件2021-08-06 14:42:51.302===
===开始判断额外/转自动条件2021-08-06 14:42:51.961===
===2021-08-06 14:42:52.720===
股票：002709指定时间段判断-额外参数：
	分组名称：1
	走势名称：时间段
		条件不成立(当前时间：2021-08-06 14:42:51.302,条件时段：09:30:00-13:00:00)
	结果：未满足
===2021-08-06 14:42:52.720===
===2021-08-06 14:42:52.880===
股票：002709板块涨跌幅判断-额外参数：
	分组名称：1
	走势名称：发
		条件不成立(不符合板块涨跌幅条件)
	结果：未满足，返回code：-1
===2021-08-06 14:42:55.261===
额外条件未满足


===============================================

==============2021-08-06 14:43:08==============
===6开始执行条件2021-08-06 14:43:07.564===
===开始判断价格条件2021-08-06 14:43:07.564===
===开始判断额外/转自动条件2021-08-06 14:43:07.745===
===2021-08-06 14:43:07.804===
股票：002709指定时间段判断-额外参数：
	分组名称：1
	走势名称：时间段
		条件不成立(当前时间：2021-08-06 14:43:07.564,条件时段：09:30:00-13:00:00)
	结果：未满足
===2021-08-06 14:43:07.804===
===2021-08-06 14:43:07.854===
股票：002709板块涨跌幅判断-额外参数：
	分组名称：1
	走势名称：发
		条件不成立(不符合板块涨跌幅条件)
	结果：未满足，返回code：-1
===2021-08-06 14:43:08.512===
额外条件未满足


===============================================

==============2021-08-06 14:43:43==============
===6开始执行条件2021-08-06 14:43:27.346===
===开始判断价格条件2021-08-06 14:43:27.346===
===开始判断额外/转自动条件2021-08-06 14:43:31.283===
===2021-08-06 14:43:32.612===
股票：002709指定时间段判断-额外参数：
	分组名称：1
	走势名称：时间段
		条件不成立(当前时间：2021-08-06 14:43:27.346,条件时段：09:30:00-13:00:00)
	结果：未满足
===2021-08-06 14:43:32.612===
===2021-08-06 14:43:32.930===
股票：002709板块涨跌幅判断-额外参数：
	分组名称：1
	走势名称：发
		条件不成立(不符合板块涨跌幅条件)
	结果：未满足，返回code：-1
===2021-08-06 14:43:43.780===
额外条件未满足


===============================================

==============2021-08-06 15:02:54==============
===6开始执行条件2021-08-06 14:44:07.582===
===开始判断价格条件2021-08-06 14:44:07.582===
===开始判断额外/转自动条件2021-08-06 15:02:37.072===
===2021-08-06 15:02:48.650===
股票：002709指定时间段判断-额外参数：
	分组名称：1
	走势名称：时间段
		条件不成立(当前时间：2021-08-06 14:44:07.581,条件时段：09:30:00-13:00:00)
	结果：未满足
===2021-08-06 15:02:48.650===
===2021-08-06 15:02:49.418===
股票：002709板块涨跌幅判断-额外参数：
	分组名称：1
	走势名称：发
		条件不成立(不符合板块涨跌幅条件)
	结果：未满足，返回code：-1
===2021-08-06 15:02:54.466===
额外条件未满足


===============================================

==============2021-08-06 15:03:12==============
===6开始执行条件2021-08-06 15:03:06.295===
===开始判断价格条件2021-08-06 15:03:06.295===
===开始判断额外/转自动条件2021-08-06 15:03:08.164===
===2021-08-06 15:03:08.971===
股票：002709指定时间段判断-额外参数：
	分组名称：1
	走势名称：时间段
		条件不成立(当前时间：2021-08-06 15:03:06.295,条件时段：09:30:00-13:00:00)
	结果：未满足
===2021-08-06 15:03:08.972===
===2021-08-06 15:03:09.231===
股票：002709板块涨跌幅判断-额外参数：
	分组名称：1
	走势名称：发
		条件不成立(不符合板块涨跌幅条件)
	结果：未满足，返回code：-1
===2021-08-06 15:03:12.699===
额外条件未满足


===============================================

==============2021-08-06 15:03:25==============
===6开始执行条件2021-08-06 15:03:22.376===
===开始判断价格条件2021-08-06 15:03:22.376===
===开始判断额外/转自动条件2021-08-06 15:03:22.842===
===2021-08-06 15:03:23.244===
股票：002709指定时间段判断-额外参数：
	分组名称：1
	走势名称：时间段
		条件不成立(当前时间：2021-08-06 15:03:22.376,条件时段：09:30:00-13:00:00)
	结果：未满足
===2021-08-06 15:03:23.244===
===2021-08-06 15:03:23.373===
股票：002709板块涨跌幅判断-额外参数：
	分组名称：1
	走势名称：发
		条件不成立(不符合板块涨跌幅条件)
	结果：未满足，返回code：-1
===2021-08-06 15:03:25.054===
额外条件未满足


===============================================

==============2021-08-06 15:03:43==============
===6开始执行条件2021-08-06 15:03:42.974===
===开始判断价格条件2021-08-06 15:03:42.974===
===开始判断额外/转自动条件2021-08-06 15:03:43.346===
===2021-08-06 15:03:43.475===
股票：002709指定时间段判断-额外参数：
	分组名称：1
	走势名称：时间段
		条件不成立(当前时间：2021-08-06 15:03:42.954,条件时段：09:30:00-13:00:00)
	结果：未满足
===2021-08-06 15:03:43.475===
===2021-08-06 15:03:43.541===
股票：002709板块涨跌幅判断-额外参数：
	分组名称：1
	走势名称：发
		条件不成立(不符合板块涨跌幅条件)
	结果：未满足，返回code：-1
===2021-08-06 15:03:43.990===
额外条件未满足


===============================================

==============2021-08-06 15:04:57==============
===6开始执行条件2021-08-06 15:04:55.737===
===开始判断价格条件2021-08-06 15:04:55.737===
===开始判断额外/转自动条件2021-08-06 15:04:56.052===
===2021-08-06 15:04:56.164===
股票：002709指定时间段判断-额外参数：
	分组名称：1
	走势名称：时间段
		条件不成立(当前时间：2021-08-06 15:04:55.736,条件时段：09:30:00-13:00:00)
	结果：未满足
===2021-08-06 15:04:56.164===
===2021-08-06 15:04:56.425===
股票：002709板块涨跌幅判断-额外参数：
	分组名称：1
	走势名称：发
		条件不成立(不符合板块涨跌幅条件)
	结果：未满足，返回code：-1
===2021-08-06 15:04:57.467===
额外条件未满足


===============================================

==============2021-08-06 15:05:16==============
===6开始执行条件2021-08-06 15:05:10.518===
===开始判断价格条件2021-08-06 15:05:10.518===
===开始判断额外/转自动条件2021-08-06 15:05:11.339===
===2021-08-06 15:05:12.346===
股票：002709指定时间段判断-额外参数：
	分组名称：1
	走势名称：时间段
		条件不成立(当前时间：2021-08-06 15:05:10.517,条件时段：09:30:00-13:00:00)
	结果：未满足
===2021-08-06 15:05:12.346===
===2021-08-06 15:05:13.432===
股票：002709板块涨跌幅判断-额外参数：
	分组名称：1
	走势名称：发
		条件不成立(不符合板块涨跌幅条件)
	结果：未满足，返回code：-1
===2021-08-06 15:05:16.829===
额外条件未满足


===============================================

==============2021-08-06 15:06:10==============
===6开始执行条件2021-08-06 15:06:03.827===
===开始判断价格条件2021-08-06 15:06:03.827===
===开始判断额外/转自动条件2021-08-06 15:06:05.511===
===2021-08-06 15:06:05.965===
股票：002709指定时间段判断-额外参数：
	分组名称：1
	走势名称：时间段
		条件不成立(当前时间：2021-08-06 15:06:03.826,条件时段：09:30:00-13:00:00)
	结果：未满足
===2021-08-06 15:06:05.965===
===2021-08-06 15:06:06.060===
股票：002709板块涨跌幅判断-额外参数：
	分组名称：1
	走势名称：发
		条件不成立(不符合板块涨跌幅条件)
	结果：未满足，返回code：-1
===2021-08-06 15:06:10.947===
额外条件未满足


===============================================

==============2021-08-06 15:06:27==============
===6开始执行条件2021-08-06 15:06:23.109===
===开始判断价格条件2021-08-06 15:06:23.109===
===开始判断额外/转自动条件2021-08-06 15:06:24.099===
===2021-08-06 15:06:24.651===
股票：002709指定时间段判断-额外参数：
	分组名称：1
	走势名称：时间段
		条件不成立(当前时间：2021-08-06 15:06:23.108,条件时段：09:30:00-13:00:00)
	结果：未满足
===2021-08-06 15:06:24.651===
===2021-08-06 15:06:24.886===
股票：002709板块涨跌幅判断-额外参数：
	分组名称：1
	走势名称：发
		条件不成立(不符合板块涨跌幅条件)
	结果：未满足，返回code：-1
===2021-08-06 15:06:27.442===
额外条件未满足


===============================================

==============2021-08-06 15:06:47==============
===6开始执行条件2021-08-06 15:06:43.024===
===开始判断价格条件2021-08-06 15:06:43.024===
===开始判断额外/转自动条件2021-08-06 15:06:44.212===
===2021-08-06 15:06:44.601===
股票：002709指定时间段判断-额外参数：
	分组名称：1
	走势名称：时间段
		条件不成立(当前时间：2021-08-06 15:06:43.024,条件时段：09:30:00-13:00:00)
	结果：未满足
===2021-08-06 15:06:44.601===
===2021-08-06 15:06:44.688===
股票：002709板块涨跌幅判断-额外参数：
	分组名称：1
	走势名称：发
		条件不成立(不符合板块涨跌幅条件)
	结果：未满足，返回code：-1
===2021-08-06 15:06:47.055===
额外条件未满足


===============================================

==============2021-08-06 15:08:01==============
===6开始执行条件2021-08-06 15:08:00.324===
===开始判断价格条件2021-08-06 15:08:00.324===
===开始判断额外/转自动条件2021-08-06 15:08:00.569===
===2021-08-06 15:08:00.843===
股票：002709指定时间段判断-额外参数：
	分组名称：1
	走势名称：时间段
		条件不成立(当前时间：2021-08-06 15:08:00.323,条件时段：09:30:00-13:00:00)
	结果：未满足
===2021-08-06 15:08:00.843===
===2021-08-06 15:08:00.902===
股票：002709板块涨跌幅判断-额外参数：
	分组名称：1
	走势名称：发
		条件不成立(不符合板块涨跌幅条件)
	结果：未满足，返回code：-1
===2021-08-06 15:08:01.378===
额外条件未满足


===============================================

==============2021-08-06 15:12:09==============
===6开始执行条件2021-08-06 15:12:07.361===
===开始判断价格条件2021-08-06 15:12:07.361===
===开始判断额外/转自动条件2021-08-06 15:12:07.635===
===2021-08-06 15:12:07.737===
股票：002709指定时间段判断-额外参数：
	分组名称：1
	走势名称：时间段
		条件不成立(当前时间：2021-08-06 15:12:07.360,条件时段：09:30:00-13:00:00)
	结果：未满足
===2021-08-06 15:12:07.737===
===2021-08-06 15:12:07.980===
股票：002709板块涨跌幅判断-额外参数：
	分组名称：1
	走势名称：发
		条件不成立(不符合板块涨跌幅条件)
	结果：未满足，返回code：-1
===2021-08-06 15:12:09.721===
额外条件未满足


===============================================

==============2021-08-06 15:12:44==============
===6开始执行条件2021-08-06 15:12:43.797===
===开始判断价格条件2021-08-06 15:12:43.797===
===开始判断额外/转自动条件2021-08-06 15:12:44.030===
===2021-08-06 15:12:44.130===
股票：002709指定时间段判断-额外参数：
	分组名称：1
	走势名称：时间段
		条件不成立(当前时间：2021-08-06 15:12:43.797,条件时段：09:30:00-13:00:00)
	结果：未满足
===2021-08-06 15:12:44.130===
===2021-08-06 15:12:44.248===
股票：002709板块涨跌幅判断-额外参数：
	分组名称：1
	走势名称：发
		条件不成立(不符合板块涨跌幅条件)
	结果：未满足，返回code：-1
===2021-08-06 15:12:44.856===
额外条件未满足


===============================================

==============2021-08-06 15:13:51==============
===6开始执行条件2021-08-06 15:13:49.711===
===开始判断价格条件2021-08-06 15:13:49.711===
===开始判断额外/转自动条件2021-08-06 15:13:49.904===
===2021-08-06 15:13:50.142===
股票：002709指定时间段判断-额外参数：
	分组名称：1
	走势名称：时间段
		条件不成立(当前时间：2021-08-06 15:13:49.711,条件时段：09:30:00-13:00:00)
	结果：未满足
===2021-08-06 15:13:50.142===
===2021-08-06 15:13:50.167===
股票：002709板块涨跌幅判断-额外参数：
	分组名称：1
	走势名称：发
		条件不成立(不符合板块涨跌幅条件)
	结果：未满足，返回code：-1
===2021-08-06 15:13:51.527===
额外条件未满足


===============================================

==============2021-08-06 15:14:04==============
===6开始执行条件2021-08-06 15:14:04.201===
===开始判断价格条件2021-08-06 15:14:04.201===
===开始判断额外/转自动条件2021-08-06 15:14:04.261===
===2021-08-06 15:14:04.311===
股票：002709指定时间段判断-额外参数：
	分组名称：1
	走势名称：时间段
		条件不成立(当前时间：2021-08-06 15:14:04.201,条件时段：09:30:00-13:00:00)
	结果：未满足
===2021-08-06 15:14:04.311===
===2021-08-06 15:14:04.345===
股票：002709板块涨跌幅判断-额外参数：
	分组名称：1
	走势名称：发
		条件不成立(不符合板块涨跌幅条件)
	结果：未满足，返回code：-1
===2021-08-06 15:14:04.772===
额外条件未满足


===============================================

==============2021-08-06 15:26:53==============
===6开始执行条件2021-08-06 15:26:51.228===
===开始判断价格条件2021-08-06 15:26:51.228===
===开始判断额外/转自动条件2021-08-06 15:26:51.443===
===2021-08-06 15:26:52.023===
股票：002709指定时间段判断-额外参数：
	分组名称：1
	走势名称：时间段
		条件不成立(当前时间：2021-08-06 15:26:51.227,条件时段：09:30:00-13:00:00)
	结果：未满足
===2021-08-06 15:26:52.023===
===2021-08-06 15:26:52.353===
股票：002709板块涨跌幅判断-额外参数：
	分组名称：1
	走势名称：发
		条件不成立(不符合板块涨跌幅条件)
	结果：未满足，返回code：-1
===2021-08-06 15:26:53.251===
额外条件未满足


===============================================

==============2021-08-06 15:27:55==============
===6开始执行条件2021-08-06 15:27:54.441===
===开始判断价格条件2021-08-06 15:27:54.441===
===开始判断额外/转自动条件2021-08-06 15:27:54.636===
===2021-08-06 15:27:54.819===
股票：002709指定时间段判断-额外参数：
	分组名称：1
	走势名称：时间段
		条件不成立(当前时间：2021-08-06 15:27:54.441,条件时段：09:30:00-13:00:00)
	结果：未满足
===2021-08-06 15:27:54.819===
===2021-08-06 15:27:54.851===
股票：002709板块涨跌幅判断-额外参数：
	分组名称：1
	走势名称：发
		条件不成立(不符合板块涨跌幅条件)
	结果：未满足，返回code：-1
===2021-08-06 15:27:55.985===
额外条件未满足


===============================================

==============2021-08-06 15:28:30==============
===6开始执行条件2021-08-06 15:28:26.327===
===开始判断价格条件2021-08-06 15:28:26.327===
===开始判断额外/转自动条件2021-08-06 15:28:26.676===
===2021-08-06 15:28:26.987===
股票：002709指定时间段判断-额外参数：
	分组名称：1
	走势名称：时间段
		条件不成立(当前时间：2021-08-06 15:28:26.327,条件时段：09:30:00-13:00:00)
	结果：未满足
===2021-08-06 15:28:26.988===
===2021-08-06 15:28:27.120===
股票：002709板块涨跌幅判断-额外参数：
	分组名称：1
	走势名称：发
		条件不成立(不符合板块涨跌幅条件)
	结果：未满足，返回code：-1
===2021-08-06 15:28:30.110===
额外条件未满足


===============================================

==============2021-08-06 15:28:46==============
===6开始执行条件2021-08-06 15:28:45.310===
===开始判断价格条件2021-08-06 15:28:45.310===
===开始判断额外/转自动条件2021-08-06 15:28:45.528===
===2021-08-06 15:28:45.712===
股票：002709指定时间段判断-额外参数：
	分组名称：1
	走势名称：时间段
		条件不成立(当前时间：2021-08-06 15:28:45.310,条件时段：09:30:00-13:00:00)
	结果：未满足
===2021-08-06 15:28:45.713===
===2021-08-06 15:28:45.782===
股票：002709板块涨跌幅判断-额外参数：
	分组名称：1
	走势名称：发
		条件不成立(不符合板块涨跌幅条件)
	结果：未满足，返回code：-1
===2021-08-06 15:28:46.372===
额外条件未满足


===============================================

==============2021-08-06 15:29:58==============
===6开始执行条件2021-08-06 15:29:57.955===
===开始判断价格条件2021-08-06 15:29:57.955===
===开始判断额外/转自动条件2021-08-06 15:29:58.051===
===2021-08-06 15:29:58.216===
股票：002709指定时间段判断-额外参数：
	分组名称：1
	走势名称：时间段
		条件不成立(当前时间：2021-08-06 15:29:57.954,条件时段：09:30:00-13:00:00)
	结果：未满足
===2021-08-06 15:29:58.216===
===2021-08-06 15:29:58.247===
股票：002709板块涨跌幅判断-额外参数：
	分组名称：1
	走势名称：发
		条件不成立(不符合板块涨跌幅条件)
	结果：未满足，返回code：-1
===2021-08-06 15:29:58.651===
额外条件未满足


===============================================

==============2021-08-06 15:30:16==============
===6开始执行条件2021-08-06 15:30:13.534===
===开始判断价格条件2021-08-06 15:30:13.534===
===开始判断额外/转自动条件2021-08-06 15:30:13.802===
===2021-08-06 15:30:13.981===
股票：002709指定时间段判断-额外参数：
	分组名称：1
	走势名称：时间段
		条件不成立(当前时间：2021-08-06 15:30:13.534,条件时段：09:30:00-13:00:00)
	结果：未满足
===2021-08-06 15:30:13.981===
===2021-08-06 15:30:14.079===
股票：002709板块涨跌幅判断-额外参数：
	分组名称：1
	走势名称：发
		条件不成立(不符合板块涨跌幅条件)
	结果：未满足，返回code：-1
===2021-08-06 15:30:16.589===
额外条件未满足


===============================================

==============2021-08-06 15:30:37==============
===6开始执行条件2021-08-06 15:30:36.346===
===开始判断价格条件2021-08-06 15:30:36.346===
===开始判断额外/转自动条件2021-08-06 15:30:36.425===
===2021-08-06 15:30:36.685===
股票：002709指定时间段判断-额外参数：
	分组名称：1
	走势名称：时间段
		条件不成立(当前时间：2021-08-06 15:30:36.346,条件时段：09:30:00-13:00:00)
	结果：未满足
===2021-08-06 15:30:36.685===
===2021-08-06 15:30:36.725===
股票：002709板块涨跌幅判断-额外参数：
	分组名称：1
	走势名称：发
		条件不成立(不符合板块涨跌幅条件)
	结果：未满足，返回code：-1
===2021-08-06 15:30:37.004===
额外条件未满足


===============================================

==============2021-08-06 15:30:55==============
===6开始执行条件2021-08-06 15:30:52.635===
===开始判断价格条件2021-08-06 15:30:52.635===
===开始判断额外/转自动条件2021-08-06 15:30:53.306===
===2021-08-06 15:30:53.687===
股票：002709指定时间段判断-额外参数：
	分组名称：1
	走势名称：时间段
		条件不成立(当前时间：2021-08-06 15:30:52.632,条件时段：09:30:00-13:00:00)
	结果：未满足
===2021-08-06 15:30:53.687===
===2021-08-06 15:30:53.859===
股票：002709板块涨跌幅判断-额外参数：
	分组名称：1
	走势名称：发
		条件不成立(不符合板块涨跌幅条件)
	结果：未满足，返回code：-1
===2021-08-06 15:30:55.934===
额外条件未满足


===============================================

==============2021-08-06 15:31:12==============
===6开始执行条件2021-08-06 15:31:11.946===
===开始判断价格条件2021-08-06 15:31:11.946===
===开始判断额外/转自动条件2021-08-06 15:31:12.145===
===2021-08-06 15:31:12.265===
股票：002709指定时间段判断-额外参数：
	分组名称：1
	走势名称：时间段
		条件不成立(当前时间：2021-08-06 15:31:11.945,条件时段：09:30:00-13:00:00)
	结果：未满足
===2021-08-06 15:31:12.265===
===2021-08-06 15:31:12.301===
股票：002709板块涨跌幅判断-额外参数：
	分组名称：1
	走势名称：发
		条件不成立(不符合板块涨跌幅条件)
	结果：未满足，返回code：-1
===2021-08-06 15:31:12.481===
额外条件未满足


===============================================

==============2021-08-06 15:31:48==============
===6开始执行条件2021-08-06 15:31:46.442===
===开始判断价格条件2021-08-06 15:31:46.442===
===开始判断额外/转自动条件2021-08-06 15:31:46.830===
===2021-08-06 15:31:46.972===
股票：002709指定时间段判断-额外参数：
	分组名称：1
	走势名称：时间段
		条件不成立(当前时间：2021-08-06 15:31:46.441,条件时段：09:30:00-13:00:00)
	结果：未满足
===2021-08-06 15:31:46.972===
===2021-08-06 15:31:47.038===
股票：002709板块涨跌幅判断-额外参数：
	分组名称：1
	走势名称：发
		条件不成立(不符合板块涨跌幅条件)
	结果：未满足，返回code：-1
===2021-08-06 15:31:48.864===
额外条件未满足


===============================================

==============2021-08-06 15:32:11==============
===6开始执行条件2021-08-06 15:32:08.402===
===开始判断价格条件2021-08-06 15:32:08.402===
===开始判断额外/转自动条件2021-08-06 15:32:08.656===
===2021-08-06 15:32:08.843===
股票：002709指定时间段判断-额外参数：
	分组名称：1
	走势名称：时间段
		条件不成立(当前时间：2021-08-06 15:32:08.402,条件时段：09:30:00-13:00:00)
	结果：未满足
===2021-08-06 15:32:08.844===
===2021-08-06 15:32:08.946===
股票：002709板块涨跌幅判断-额外参数：
	分组名称：1
	走势名称：发
		条件不成立(不符合板块涨跌幅条件)
	结果：未满足，返回code：-1
===2021-08-06 15:32:11.162===
额外条件未满足


===============================================

==============2021-08-06 15:32:31==============
===6开始执行条件2021-08-06 15:32:27.166===
===开始判断价格条件2021-08-06 15:32:27.166===
===开始判断额外/转自动条件2021-08-06 15:32:27.739===
===2021-08-06 15:32:28.960===
股票：002709指定时间段判断-额外参数：
	分组名称：1
	走势名称：时间段
		条件不成立(当前时间：2021-08-06 15:32:27.166,条件时段：09:30:00-13:00:00)
	结果：未满足
===2021-08-06 15:32:28.960===
===2021-08-06 15:32:29.248===
股票：002709板块涨跌幅判断-额外参数：
	分组名称：1
	走势名称：发
		条件不成立(不符合板块涨跌幅条件)
	结果：未满足，返回code：-1
===2021-08-06 15:32:31.509===
额外条件未满足


===============================================

==============2021-08-06 15:33:04==============
===6开始执行条件2021-08-06 15:33:02.594===
===开始判断价格条件2021-08-06 15:33:02.594===
===开始判断额外/转自动条件2021-08-06 15:33:02.884===
===2021-08-06 15:33:03.053===
股票：002709指定时间段判断-额外参数：
	分组名称：1
	走势名称：时间段
		条件不成立(当前时间：2021-08-06 15:33:02.593,条件时段：09:30:00-13:00:00)
	结果：未满足
===2021-08-06 15:33:03.053===
===2021-08-06 15:33:03.138===
股票：002709板块涨跌幅判断-额外参数：
	分组名称：1
	走势名称：发
		条件不成立(不符合板块涨跌幅条件)
	结果：未满足，返回code：-1
===2021-08-06 15:33:04.131===
额外条件未满足


===============================================

==============2021-08-06 15:38:09==============
===6开始执行条件2021-08-06 15:38:06.544===
===开始判断价格条件2021-08-06 15:38:06.544===
===开始判断额外/转自动条件2021-08-06 15:38:06.798===
===2021-08-06 15:38:06.969===
股票：002709指定时间段判断-额外参数：
	分组名称：1
	走势名称：时间段
		条件不成立(当前时间：2021-08-06 15:38:06.543,条件时段：09:30:00-13:00:00)
	结果：未满足
===2021-08-06 15:38:06.970===
===2021-08-06 15:38:06.995===
股票：002709板块涨跌幅判断-额外参数：
	分组名称：1
	走势名称：发
		条件不成立(不符合板块涨跌幅条件)
	结果：未满足，返回code：-1
===2021-08-06 15:38:09.295===
额外条件未满足


===============================================

==============2021-08-06 15:38:29==============
===6开始执行条件2021-08-06 15:38:28.871===
===开始判断价格条件2021-08-06 15:38:28.871===
===开始判断额外/转自动条件2021-08-06 15:38:29.081===
===2021-08-06 15:38:29.160===
股票：002709指定时间段判断-额外参数：
	分组名称：1
	走势名称：时间段
		条件不成立(当前时间：2021-08-06 15:38:28.871,条件时段：09:30:00-13:00:00)
	结果：未满足
===2021-08-06 15:38:29.160===
===2021-08-06 15:38:29.492===
股票：002709板块涨跌幅判断-额外参数：
	分组名称：1
	走势名称：发
		条件不成立(不符合板块涨跌幅条件)
	结果：未满足，返回code：-1
===2021-08-06 15:38:29.733===
额外条件未满足


===============================================

==============2021-08-06 15:40:23==============
===6开始执行条件2021-08-06 15:40:18.407===
===开始判断价格条件2021-08-06 15:40:18.407===
===开始判断额外/转自动条件2021-08-06 15:40:19.453===
===2021-08-06 15:40:19.921===
股票：002709指定时间段判断-额外参数：
	分组名称：1
	走势名称：时间段
		条件不成立(当前时间：2021-08-06 15:40:18.405,条件时段：09:30:00-13:00:00)
	结果：未满足
===2021-08-06 15:40:19.921===
===2021-08-06 15:40:20.012===
股票：002709板块涨跌幅判断-额外参数：
	分组名称：1
	走势名称：发
		条件不成立(不符合板块涨跌幅条件)
	结果：未满足，返回code：-1
===2021-08-06 15:40:23.104===
额外条件未满足


===============================================

==============2021-08-06 17:04:29==============
===6开始执行条件2021-08-06 17:04:28.794===
===开始判断价格条件2021-08-06 17:04:28.794===
===开始判断额外/转自动条件2021-08-06 17:04:29.097===
===2021-08-06 17:04:29.173===
股票：002709指定时间段判断-额外参数：
	分组名称：1
	走势名称：时间段
		条件不成立(当前时间：2021-08-06 17:04:28.794,条件时段：09:30:00-13:00:00)
	结果：未满足
===2021-08-06 17:04:29.173===
===2021-08-06 17:04:29.220===
股票：002709板块涨跌幅判断-额外参数：
	分组名称：1
	走势名称：发
		条件不成立(不符合板块涨跌幅条件)
	结果：未满足，返回code：-1
===2021-08-06 17:04:29.762===
额外条件未满足


===============================================

==============2021-08-06 17:04:45==============
===6开始执行条件2021-08-06 17:04:44.800===
===开始判断价格条件2021-08-06 17:04:44.800===
===开始判断额外/转自动条件2021-08-06 17:04:45.143===
===2021-08-06 17:04:45.235===
股票：002709指定时间段判断-额外参数：
	分组名称：1
	走势名称：时间段
		条件不成立(当前时间：2021-08-06 17:04:44.800,条件时段：09:30:00-13:00:00)
	结果：未满足
===2021-08-06 17:04:45.235===
===2021-08-06 17:04:45.297===
股票：002709板块涨跌幅判断-额外参数：
	分组名称：1
	走势名称：发
		条件不成立(不符合板块涨跌幅条件)
	结果：未满足，返回code：-1
===2021-08-06 17:04:45.959===
额外条件未满足


===============================================

==============2021-08-06 17:05:07==============
===6开始执行条件2021-08-06 17:05:05.353===
===开始判断价格条件2021-08-06 17:05:05.353===
===开始判断额外/转自动条件2021-08-06 17:05:05.887===
===2021-08-06 17:05:05.988===
股票：002709指定时间段判断-额外参数：
	分组名称：1
	走势名称：时间段
		条件不成立(当前时间：2021-08-06 17:05:05.352,条件时段：09:30:00-13:00:00)
	结果：未满足
===2021-08-06 17:05:05.988===
===2021-08-06 17:05:06.088===
股票：002709板块涨跌幅判断-额外参数：
	分组名称：1
	走势名称：发
		条件不成立(不符合板块涨跌幅条件)
	结果：未满足，返回code：-1
===2021-08-06 17:05:07.778===
额外条件未满足


===============================================

==============2021-08-06 17:05:25==============
===6开始执行条件2021-08-06 17:05:23.492===
===开始判断价格条件2021-08-06 17:05:23.492===
===开始判断额外/转自动条件2021-08-06 17:05:24.107===
===2021-08-06 17:05:24.183===
股票：002709指定时间段判断-额外参数：
	分组名称：1
	走势名称：时间段
		条件不成立(当前时间：2021-08-06 17:05:23.491,条件时段：09:30:00-13:00:00)
	结果：未满足
===2021-08-06 17:05:24.183===
===2021-08-06 17:05:24.205===
股票：002709板块涨跌幅判断-额外参数：
	分组名称：1
	走势名称：发
		条件不成立(不符合板块涨跌幅条件)
	结果：未满足，返回code：-1
===2021-08-06 17:05:25.101===
额外条件未满足


===============================================

==============2021-08-06 17:05:46==============
===6开始执行条件2021-08-06 17:05:43.805===
===开始判断价格条件2021-08-06 17:05:43.805===
===开始判断额外/转自动条件2021-08-06 17:05:44.683===
===2021-08-06 17:05:44.971===
股票：002709指定时间段判断-额外参数：
	分组名称：1
	走势名称：时间段
		条件不成立(当前时间：2021-08-06 17:05:43.805,条件时段：09:30:00-13:00:00)
	结果：未满足
===2021-08-06 17:05:44.971===
===2021-08-06 17:05:45.103===
股票：002709板块涨跌幅判断-额外参数：
	分组名称：1
	走势名称：发
		条件不成立(不符合板块涨跌幅条件)
	结果：未满足，返回code：-1
===2021-08-06 17:05:46.109===
额外条件未满足


===============================================

==============2021-08-06 17:06:08==============
===6开始执行条件2021-08-06 17:06:03.180===
===开始判断价格条件2021-08-06 17:06:03.180===
===开始判断额外/转自动条件2021-08-06 17:06:03.580===
===2021-08-06 17:06:04.300===
股票：002709指定时间段判断-额外参数：
	分组名称：1
	走势名称：时间段
		条件不成立(当前时间：2021-08-06 17:06:03.177,条件时段：09:30:00-13:00:00)
	结果：未满足
===2021-08-06 17:06:04.300===
===2021-08-06 17:06:04.468===
股票：002709板块涨跌幅判断-额外参数：
	分组名称：1
	走势名称：发
		条件不成立(不符合板块涨跌幅条件)
	结果：未满足，返回code：-1
===2021-08-06 17:06:08.977===
额外条件未满足


===============================================

==============2021-08-06 17:06:31==============
===6开始执行条件2021-08-06 17:06:26.324===
===开始判断价格条件2021-08-06 17:06:26.324===
===开始判断额外/转自动条件2021-08-06 17:06:27.542===
===2021-08-06 17:06:27.819===
股票：002709指定时间段判断-额外参数：
	分组名称：1
	走势名称：时间段
		条件不成立(当前时间：2021-08-06 17:06:26.323,条件时段：09:30:00-13:00:00)
	结果：未满足
===2021-08-06 17:06:27.819===
===2021-08-06 17:06:28.027===
股票：002709板块涨跌幅判断-额外参数：
	分组名称：1
	走势名称：发
		条件不成立(不符合板块涨跌幅条件)
	结果：未满足，返回code：-1
===2021-08-06 17:06:31.146===
额外条件未满足


===============================================

==============2021-08-06 17:06:53==============
===6开始执行条件2021-08-06 17:06:50.494===
===开始判断价格条件2021-08-06 17:06:50.494===
===开始判断额外/转自动条件2021-08-06 17:06:50.859===
===2021-08-06 17:06:51.205===
股票：002709指定时间段判断-额外参数：
	分组名称：1
	走势名称：时间段
		条件不成立(当前时间：2021-08-06 17:06:50.494,条件时段：09:30:00-13:00:00)
	结果：未满足
===2021-08-06 17:06:51.269===
===2021-08-06 17:06:51.373===
股票：002709板块涨跌幅判断-额外参数：
	分组名称：1
	走势名称：发
		条件不成立(不符合板块涨跌幅条件)
	结果：未满足，返回code：-1
===2021-08-06 17:06:53.716===
额外条件未满足


===============================================

==============2021-08-06 17:07:12==============
===6开始执行条件2021-08-06 17:07:11.628===
===开始判断价格条件2021-08-06 17:07:11.628===
===开始判断额外/转自动条件2021-08-06 17:07:12.025===
===2021-08-06 17:07:12.236===
股票：002709指定时间段判断-额外参数：
	分组名称：1
	走势名称：时间段
		条件不成立(当前时间：2021-08-06 17:07:11.623,条件时段：09:30:00-13:00:00)
	结果：未满足
===2021-08-06 17:07:12.236===
===2021-08-06 17:07:12.285===
股票：002709板块涨跌幅判断-额外参数：
	分组名称：1
	走势名称：发
		条件不成立(不符合板块涨跌幅条件)
	结果：未满足，返回code：-1
===2021-08-06 17:07:12.900===
额外条件未满足


===============================================

==============2021-08-06 17:07:35==============
===6开始执行条件2021-08-06 17:07:30.906===
===开始判断价格条件2021-08-06 17:07:30.906===
===开始判断额外/转自动条件2021-08-06 17:07:31.741===
===2021-08-06 17:07:32.038===
股票：002709指定时间段判断-额外参数：
	分组名称：1
	走势名称：时间段
		条件不成立(当前时间：2021-08-06 17:07:30.904,条件时段：09:30:00-13:00:00)
	结果：未满足
===2021-08-06 17:07:32.038===
===2021-08-06 17:07:32.212===
股票：002709板块涨跌幅判断-额外参数：
	分组名称：1
	走势名称：发
		条件不成立(不符合板块涨跌幅条件)
	结果：未满足，返回code：-1
===2021-08-06 17:07:35.604===
额外条件未满足


===============================================

==============2021-08-06 17:07:59==============
===6开始执行条件2021-08-06 17:07:56.153===
===开始判断价格条件2021-08-06 17:07:56.153===
===开始判断额外/转自动条件2021-08-06 17:07:56.916===
===2021-08-06 17:07:57.319===
股票：002709指定时间段判断-额外参数：
	分组名称：1
	走势名称：时间段
		条件不成立(当前时间：2021-08-06 17:07:56.153,条件时段：09:30:00-13:00:00)
	结果：未满足
===2021-08-06 17:07:57.319===
===2021-08-06 17:07:57.498===
股票：002709板块涨跌幅判断-额外参数：
	分组名称：1
	走势名称：发
		条件不成立(不符合板块涨跌幅条件)
	结果：未满足，返回code：-1
===2021-08-06 17:07:59.702===
额外条件未满足


===============================================

==============2021-08-06 17:08:22==============
===6开始执行条件2021-08-06 17:08:18.795===
===开始判断价格条件2021-08-06 17:08:18.795===
===开始判断额外/转自动条件2021-08-06 17:08:19.300===
===2021-08-06 17:08:19.543===
股票：002709指定时间段判断-额外参数：
	分组名称：1
	走势名称：时间段
		条件不成立(当前时间：2021-08-06 17:08:18.794,条件时段：09:30:00-13:00:00)
	结果：未满足
===2021-08-06 17:08:19.543===
===2021-08-06 17:08:19.577===
股票：002709板块涨跌幅判断-额外参数：
	分组名称：1
	走势名称：发
		条件不成立(不符合板块涨跌幅条件)
	结果：未满足，返回code：-1
===2021-08-06 17:08:22.561===
额外条件未满足


===============================================

==============2021-08-06 17:10:12==============
===6开始执行条件2021-08-06 17:10:11.505===
===开始判断价格条件2021-08-06 17:10:11.505===
===开始判断额外/转自动条件2021-08-06 17:10:11.838===
===2021-08-06 17:10:11.901===
股票：002709指定时间段判断-额外参数：
	分组名称：1
	走势名称：时间段
		条件不成立(当前时间：2021-08-06 17:10:11.504,条件时段：09:30:00-13:00:00)
	结果：未满足
===2021-08-06 17:10:11.901===
===2021-08-06 17:10:11.929===
股票：002709板块涨跌幅判断-额外参数：
	分组名称：1
	走势名称：发
		条件不成立(不符合板块涨跌幅条件)
	结果：未满足，返回code：-1
===2021-08-06 17:10:12.775===
额外条件未满足


===============================================

==============2021-08-06 17:10:29==============
===6开始执行条件2021-08-06 17:10:28.993===
===开始判断价格条件2021-08-06 17:10:28.993===
===开始判断额外/转自动条件2021-08-06 17:10:29.155===
===2021-08-06 17:10:29.215===
股票：002709指定时间段判断-额外参数：
	分组名称：1
	走势名称：时间段
		条件不成立(当前时间：2021-08-06 17:10:28.992,条件时段：09:30:00-13:00:00)
	结果：未满足
===2021-08-06 17:10:29.216===
===2021-08-06 17:10:29.256===
股票：002709板块涨跌幅判断-额外参数：
	分组名称：1
	走势名称：发
		条件不成立(不符合板块涨跌幅条件)
	结果：未满足，返回code：-1
===2021-08-06 17:10:29.770===
额外条件未满足


===============================================

==============2021-08-06 17:10:49==============
===6开始执行条件2021-08-06 17:10:47.007===
===开始判断价格条件2021-08-06 17:10:47.007===
===开始判断额外/转自动条件2021-08-06 17:10:47.896===
===2021-08-06 17:10:48.002===
股票：002709指定时间段判断-额外参数：
	分组名称：1
	走势名称：时间段
		条件不成立(当前时间：2021-08-06 17:10:47.006,条件时段：09:30:00-13:00:00)
	结果：未满足
===2021-08-06 17:10:48.003===
===2021-08-06 17:10:48.092===
股票：002709板块涨跌幅判断-额外参数：
	分组名称：1
	走势名称：发
		条件不成立(不符合板块涨跌幅条件)
	结果：未满足，返回code：-1
===2021-08-06 17:10:49.106===
额外条件未满足


===============================================

==============2021-08-06 17:11:10==============
===6开始执行条件2021-08-06 17:11:05.367===
===开始判断价格条件2021-08-06 17:11:05.367===
===开始判断额外/转自动条件2021-08-06 17:11:06.346===
===2021-08-06 17:11:07.145===
股票：002709指定时间段判断-额外参数：
	分组名称：1
	走势名称：时间段
		条件不成立(当前时间：2021-08-06 17:11:05.367,条件时段：09:30:00-13:00:00)
	结果：未满足
===2021-08-06 17:11:07.145===
===2021-08-06 17:11:07.269===
股票：002709板块涨跌幅判断-额外参数：
	分组名称：1
	走势名称：发
		条件不成立(不符合板块涨跌幅条件)
	结果：未满足，返回code：-1
===2021-08-06 17:11:10.890===
额外条件未满足


===============================================

==============2021-08-06 17:11:32==============
===6开始执行条件2021-08-06 17:11:27.005===
===开始判断价格条件2021-08-06 17:11:27.005===
===开始判断额外/转自动条件2021-08-06 17:11:28.297===
===2021-08-06 17:11:28.693===
股票：002709指定时间段判断-额外参数：
	分组名称：1
	走势名称：时间段
		条件不成立(当前时间：2021-08-06 17:11:27.003,条件时段：09:30:00-13:00:00)
	结果：未满足
===2021-08-06 17:11:28.693===
===2021-08-06 17:11:28.965===
股票：002709板块涨跌幅判断-额外参数：
	分组名称：1
	走势名称：发
		条件不成立(不符合板块涨跌幅条件)
	结果：未满足，返回code：-1
===2021-08-06 17:11:32.607===
额外条件未满足


===============================================

==============2021-08-06 17:11:53==============
===6开始执行条件2021-08-06 17:11:52.199===
===开始判断价格条件2021-08-06 17:11:52.199===
===开始判断额外/转自动条件2021-08-06 17:11:52.660===
===2021-08-06 17:11:52.777===
股票：002709指定时间段判断-额外参数：
	分组名称：1
	走势名称：时间段
		条件不成立(当前时间：2021-08-06 17:11:52.198,条件时段：09:30:00-13:00:00)
	结果：未满足
===2021-08-06 17:11:52.778===
===2021-08-06 17:11:52.813===
股票：002709板块涨跌幅判断-额外参数：
	分组名称：1
	走势名称：发
		条件不成立(不符合板块涨跌幅条件)
	结果：未满足，返回code：-1
===2021-08-06 17:11:53.863===
额外条件未满足


===============================================

==============2021-08-06 17:12:12==============
===6开始执行条件2021-08-06 17:12:11.309===
===开始判断价格条件2021-08-06 17:12:11.309===
===开始判断额外/转自动条件2021-08-06 17:12:11.480===
===2021-08-06 17:12:11.613===
股票：002709指定时间段判断-额外参数：
	分组名称：1
	走势名称：时间段
		条件不成立(当前时间：2021-08-06 17:12:11.309,条件时段：09:30:00-13:00:00)
	结果：未满足
===2021-08-06 17:12:11.613===
===2021-08-06 17:12:11.644===
股票：002709板块涨跌幅判断-额外参数：
	分组名称：1
	走势名称：发
		条件不成立(不符合板块涨跌幅条件)
	结果：未满足，返回code：-1
===2021-08-06 17:12:12.957===
额外条件未满足


===============================================

