==============2021-08-06 15:32:50==============
===6开始执行条件2021-08-06 15:32:49.714===
===开始判断价格条件2021-08-06 15:32:49.714===
===开始判断额外/转自动条件2021-08-06 15:32:49.944===
===2021-08-06 15:32:50.005===
股票：603348指定时间段判断-额外参数：
	分组名称：1
	走势名称：时间段
		条件不成立(当前时间：2021-08-06 15:32:49.712,条件时段：09:30:00-13:00:00)
	结果：未满足
===2021-08-06 15:32:50.005===
===2021-08-06 15:32:50.039===
股票：603348板块涨跌幅判断-额外参数：
	分组名称：1
	走势名称：发
		条件不成立(不符合板块涨跌幅条件)
	结果：未满足，返回code：-1
===2021-08-06 15:32:50.675===
额外条件未满足


===============================================

==============2021-08-06 17:05:01==============
===6开始执行条件2021-08-06 17:05:00.094===
===开始判断价格条件2021-08-06 17:05:00.094===
===开始判断额外/转自动条件2021-08-06 17:05:00.397===
===2021-08-06 17:05:00.513===
股票：603348指定时间段判断-额外参数：
	分组名称：1
	走势名称：时间段
		条件不成立(当前时间：2021-08-06 17:05:00.094,条件时段：09:30:00-13:00:00)
	结果：未满足
===2021-08-06 17:05:00.514===
===2021-08-06 17:05:00.623===
股票：603348板块涨跌幅判断-额外参数：
	分组名称：1
	走势名称：发
		条件不成立(不符合板块涨跌幅条件)
	结果：未满足，返回code：-1
===2021-08-06 17:05:01.872===
额外条件未满足


===============================================

==============2021-08-06 17:05:41==============
===6开始执行条件2021-08-06 17:05:39.533===
===开始判断价格条件2021-08-06 17:05:39.533===
===开始判断额外/转自动条件2021-08-06 17:05:40.000===
===2021-08-06 17:05:40.064===
股票：603348指定时间段判断-额外参数：
	分组名称：1
	走势名称：时间段
		条件不成立(当前时间：2021-08-06 17:05:39.531,条件时段：09:30:00-13:00:00)
	结果：未满足
===2021-08-06 17:05:40.064===
===2021-08-06 17:05:40.224===
股票：603348板块涨跌幅判断-额外参数：
	分组名称：1
	走势名称：发
		条件不成立(不符合板块涨跌幅条件)
	结果：未满足，返回code：-1
===2021-08-06 17:05:41.153===
额外条件未满足


===============================================

==============2021-08-06 17:10:26==============
===6开始执行条件2021-08-06 17:10:24.707===
===开始判断价格条件2021-08-06 17:10:24.707===
===开始判断额外/转自动条件2021-08-06 17:10:25.412===
===2021-08-06 17:10:25.904===
股票：603348指定时间段判断-额外参数：
	分组名称：1
	走势名称：时间段
		条件不成立(当前时间：2021-08-06 17:10:24.707,条件时段：09:30:00-13:00:00)
	结果：未满足
===2021-08-06 17:10:25.904===
===2021-08-06 17:10:26.015===
股票：603348板块涨跌幅判断-额外参数：
	分组名称：1
	走势名称：发
		条件不成立(不符合板块涨跌幅条件)
	结果：未满足，返回code：-1
===2021-08-06 17:10:26.815===
额外条件未满足


===============================================

==============2021-08-06 17:10:43==============
===6开始执行条件2021-08-06 17:10:41.938===
===开始判断价格条件2021-08-06 17:10:41.938===
===开始判断额外/转自动条件2021-08-06 17:10:42.130===
===2021-08-06 17:10:42.382===
股票：603348指定时间段判断-额外参数：
	分组名称：1
	走势名称：时间段
		条件不成立(当前时间：2021-08-06 17:10:41.937,条件时段：09:30:00-13:00:00)
	结果：未满足
===2021-08-06 17:10:42.383===
===2021-08-06 17:10:42.442===
股票：603348板块涨跌幅判断-额外参数：
	分组名称：1
	走势名称：发
		条件不成立(不符合板块涨跌幅条件)
	结果：未满足，返回code：-1
===2021-08-06 17:10:43.147===
额外条件未满足


===============================================

