==============2021-08-09 10:11:09==============
===6开始执行条件2021-08-09 10:11:08.698===
===开始判断价格条件2021-08-09 10:11:08.698===
===开始判断额外/转自动条件2021-08-09 10:11:08.969===
===2021-08-09 10:11:09.406===
股票：603348指定时间段判断-额外参数：
	分组名称：1
	走势名称：时间段
		条件成立(当前时间：2021-08-09 10:11:08.698,条件时段：09:30:00-13:00:00)
	结果：达到要求
===2021-08-09 10:11:09.460===
===2021-08-09 10:11:09.525===
股票：603348多头向上判断-转自动参数：
	分组名称：2
	走势名称：多头向上
	结果：未满足，返回code：0
===2021-08-09 10:11:09.525===
满足所有条件，可以触发


===============================================

==============2021-08-09 10:12:43==============
===6开始执行条件2021-08-09 10:11:29.877===
===开始判断价格条件2021-08-09 10:11:29.877===
===开始判断额外/转自动条件2021-08-09 10:11:31.004===
===2021-08-09 10:11:38.242===
股票：603348指定时间段判断-额外参数：
	分组名称：1
	走势名称：时间段
		条件成立(当前时间：2021-08-09 10:11:29.877,条件时段：09:30:00-13:00:00)
	结果：达到要求
===2021-08-09 10:11:42.545===
===2021-08-09 10:12:43.173===
股票：603348多头向上判断-转自动参数：
	分组名称：2
	走势名称：多头向上
	结果：未满足，返回code：0
===2021-08-09 10:12:43.173===
满足所有条件，可以触发


===============================================

==============2021-08-09 11:03:19==============
===6开始执行条件2021-08-09 11:03:18.527===
===开始判断价格条件2021-08-09 11:03:18.527===
===开始判断额外/转自动条件2021-08-09 11:03:18.783===
===2021-08-09 11:03:18.907===
股票：603348指定时间段判断-额外参数：
	分组名称：1
	走势名称：时间段
		条件成立(当前时间：2021-08-09 11:03:18.526,条件时段：09:30:00-13:00:00)
	结果：达到要求
===2021-08-09 11:03:19.075===
===2021-08-09 11:03:19.293===
股票：603348多头向上判断-转自动参数：
	分组名称：2
	走势名称：多头向上
	结果：未满足，返回code：0
===2021-08-09 11:03:19.293===
满足所有条件，可以触发


===============================================

==============2021-08-09 11:03:34==============
===6开始执行条件2021-08-09 11:03:33.742===
===开始判断价格条件2021-08-09 11:03:33.742===
===开始判断额外/转自动条件2021-08-09 11:03:34.253===
===2021-08-09 11:03:34.403===
股票：603348指定时间段判断-额外参数：
	分组名称：1
	走势名称：时间段
		条件成立(当前时间：2021-08-09 11:03:33.741,条件时段：09:30:00-13:00:00)
	结果：达到要求
===2021-08-09 11:03:34.472===
===2021-08-09 11:03:34.607===
股票：603348多头向上判断-转自动参数：
	分组名称：2
	走势名称：多头向上
	结果：未满足，返回code：0
===2021-08-09 11:03:34.607===
满足所有条件，可以触发


===============================================

