==============2021-08-11 10:28:54==============
===6开始执行条件2021-08-11 10:28:54.281===
===开始判断价格条件2021-08-11 10:28:54.281===
===开始判断额外/转自动条件2021-08-11 10:28:54.587===
===2021-08-11 10:28:54.669===
股票：603348指定时间段判断-额外参数：
	分组名称：1
	走势名称：时间段
		条件成立(当前时间：2021-08-11 10:28:54.281,条件时段：09:30:00-13:00:00)
	结果：达到要求
===2021-08-11 10:28:54.710===
===2021-08-11 10:28:54.841===
股票：603348多头向上判断-转自动参数：
	分组名称：2
	走势名称：多头向上
	结果：未满足，返回code：0
===2021-08-11 10:28:54.841===
满足所有条件，可以触发


===============================================

==============2021-08-11 10:29:05==============
===6开始执行条件2021-08-11 10:29:03.729===
===开始判断价格条件2021-08-11 10:29:03.729===
===开始判断额外/转自动条件2021-08-11 10:29:04.233===
===2021-08-11 10:29:04.731===
股票：603348指定时间段判断-额外参数：
	分组名称：1
	走势名称：时间段
		条件成立(当前时间：2021-08-11 10:29:03.729,条件时段：09:30:00-13:00:00)
	结果：达到要求
===2021-08-11 10:29:05.652===
===2021-08-11 10:29:05.925===
股票：603348多头向上判断-转自动参数：
	分组名称：2
	走势名称：多头向上
	结果：未满足，返回code：0
===2021-08-11 10:29:05.926===
满足所有条件，可以触发


===============================================

==============2021-08-11 10:29:47==============
===6开始执行条件2021-08-11 10:29:46.969===
===开始判断价格条件2021-08-11 10:29:46.969===
===开始判断额外/转自动条件2021-08-11 10:29:47.253===
===2021-08-11 10:29:47.393===
股票：603348指定时间段判断-额外参数：
	分组名称：1
	走势名称：时间段
		条件成立(当前时间：2021-08-11 10:29:46.968,条件时段：09:30:00-13:00:00)
	结果：达到要求
===2021-08-11 10:29:47.476===
===2021-08-11 10:29:47.924===
股票：603348多头向上判断-转自动参数：
	分组名称：2
	走势名称：多头向上
	结果：未满足，返回code：0
===2021-08-11 10:29:47.924===
满足所有条件，可以触发


===============================================

==============2021-08-11 10:30:02==============
===6开始执行条件2021-08-11 10:30:00.011===
===开始判断价格条件2021-08-11 10:30:00.011===
===开始判断额外/转自动条件2021-08-11 10:30:00.449===
===2021-08-11 10:30:00.677===
股票：603348指定时间段判断-额外参数：
	分组名称：1
	走势名称：时间段
		条件成立(当前时间：2021-08-11 10:30:00.011,条件时段：09:30:00-13:00:00)
	结果：达到要求
===2021-08-11 10:30:00.895===
===2021-08-11 10:30:02.802===
股票：603348多头向上判断-转自动参数：
	分组名称：2
	走势名称：多头向上
	结果：未满足，返回code：0
===2021-08-11 10:30:02.802===
满足所有条件，可以触发


===============================================

==============2021-08-11 10:30:17==============
===6开始执行条件2021-08-11 10:30:17.194===
===开始判断价格条件2021-08-11 10:30:17.194===
===开始判断额外/转自动条件2021-08-11 10:30:17.364===
===2021-08-11 10:30:17.470===
股票：603348指定时间段判断-额外参数：
	分组名称：1
	走势名称：时间段
		条件成立(当前时间：2021-08-11 10:30:17.194,条件时段：09:30:00-13:00:00)
	结果：达到要求
===2021-08-11 10:30:17.576===
===2021-08-11 10:30:17.705===
股票：603348多头向上判断-转自动参数：
	分组名称：2
	走势名称：多头向上
	结果：未满足，返回code：0
===2021-08-11 10:30:17.705===
满足所有条件，可以触发


===============================================

==============2021-08-11 10:30:33==============
===6开始执行条件2021-08-11 10:30:33.050===
===开始判断价格条件2021-08-11 10:30:33.050===
===开始判断额外/转自动条件2021-08-11 10:30:33.302===
===2021-08-11 10:30:33.389===
股票：603348指定时间段判断-额外参数：
	分组名称：1
	走势名称：时间段
		条件成立(当前时间：2021-08-11 10:30:33.050,条件时段：09:30:00-13:00:00)
	结果：达到要求
===2021-08-11 10:30:33.467===
===2021-08-11 10:30:33.560===
股票：603348多头向上判断-转自动参数：
	分组名称：2
	走势名称：多头向上
	结果：未满足，返回code：0
===2021-08-11 10:30:33.560===
满足所有条件，可以触发


===============================================

==============2021-08-11 10:30:45==============
===6开始执行条件2021-08-11 10:30:44.653===
===开始判断价格条件2021-08-11 10:30:44.653===
===开始判断额外/转自动条件2021-08-11 10:30:44.881===
===2021-08-11 10:30:45.112===
股票：603348指定时间段判断-额外参数：
	分组名称：1
	走势名称：时间段
		条件成立(当前时间：2021-08-11 10:30:44.653,条件时段：09:30:00-13:00:00)
	结果：达到要求
===2021-08-11 10:30:45.337===
===2021-08-11 10:30:45.609===
股票：603348多头向上判断-转自动参数：
	分组名称：2
	走势名称：多头向上
	结果：未满足，返回code：0
===2021-08-11 10:30:45.609===
满足所有条件，可以触发


===============================================

==============2021-08-11 10:31:01==============
===6开始执行条件2021-08-11 10:31:01.496===
===开始判断价格条件2021-08-11 10:31:01.496===
===开始判断额外/转自动条件2021-08-11 10:31:01.616===
===2021-08-11 10:31:01.659===
股票：603348指定时间段判断-额外参数：
	分组名称：1
	走势名称：时间段
		条件成立(当前时间：2021-08-11 10:31:01.496,条件时段：09:30:00-13:00:00)
	结果：达到要求
===2021-08-11 10:31:01.743===
===2021-08-11 10:31:01.850===
股票：603348多头向上判断-转自动参数：
	分组名称：2
	走势名称：多头向上
	结果：未满足，返回code：0
===2021-08-11 10:31:01.850===
满足所有条件，可以触发


===============================================

==============2021-08-11 10:31:26==============
===6开始执行条件2021-08-11 10:31:26.309===
===开始判断价格条件2021-08-11 10:31:26.309===
===开始判断额外/转自动条件2021-08-11 10:31:26.475===
===2021-08-11 10:31:26.557===
股票：603348指定时间段判断-额外参数：
	分组名称：1
	走势名称：时间段
		条件成立(当前时间：2021-08-11 10:31:26.308,条件时段：09:30:00-13:00:00)
	结果：达到要求
===2021-08-11 10:31:26.599===
===2021-08-11 10:31:26.710===
股票：603348多头向上判断-转自动参数：
	分组名称：2
	走势名称：多头向上
	结果：未满足，返回code：0
===2021-08-11 10:31:26.710===
满足所有条件，可以触发


===============================================

==============2021-08-11 10:31:34==============
===6开始执行条件2021-08-11 10:31:33.498===
===开始判断价格条件2021-08-11 10:31:33.498===
===开始判断额外/转自动条件2021-08-11 10:31:33.585===
===2021-08-11 10:31:33.939===
股票：603348指定时间段判断-额外参数：
	分组名称：1
	走势名称：时间段
		条件成立(当前时间：2021-08-11 10:31:33.498,条件时段：09:30:00-13:00:00)
	结果：达到要求
===2021-08-11 10:31:33.987===
===2021-08-11 10:31:34.356===
股票：603348多头向上判断-转自动参数：
	分组名称：2
	走势名称：多头向上
	结果：未满足，返回code：0
===2021-08-11 10:31:34.356===
满足所有条件，可以触发


===============================================

==============2021-08-11 10:31:50==============
===6开始执行条件2021-08-11 10:31:49.090===
===开始判断价格条件2021-08-11 10:31:49.090===
===开始判断额外/转自动条件2021-08-11 10:31:49.517===
===2021-08-11 10:31:49.730===
股票：603348指定时间段判断-额外参数：
	分组名称：1
	走势名称：时间段
		条件成立(当前时间：2021-08-11 10:31:49.090,条件时段：09:30:00-13:00:00)
	结果：达到要求
===2021-08-11 10:31:50.003===
===2021-08-11 10:31:50.506===
股票：603348多头向上判断-转自动参数：
	分组名称：2
	走势名称：多头向上
	结果：未满足，返回code：0
===2021-08-11 10:31:50.506===
满足所有条件，可以触发


===============================================

==============2021-08-11 10:32:07==============
===6开始执行条件2021-08-11 10:32:06.322===
===开始判断价格条件2021-08-11 10:32:06.322===
===开始判断额外/转自动条件2021-08-11 10:32:07.115===
===2021-08-11 10:32:07.554===
股票：603348指定时间段判断-额外参数：
	分组名称：1
	走势名称：时间段
		条件成立(当前时间：2021-08-11 10:32:06.322,条件时段：09:30:00-13:00:00)
	结果：达到要求
===2021-08-11 10:32:07.763===
===2021-08-11 10:32:07.963===
股票：603348多头向上判断-转自动参数：
	分组名称：2
	走势名称：多头向上
	结果：未满足，返回code：0
===2021-08-11 10:32:07.964===
满足所有条件，可以触发


===============================================

==============2021-08-11 10:32:22==============
===6开始执行条件2021-08-11 10:32:21.413===
===开始判断价格条件2021-08-11 10:32:21.413===
===开始判断额外/转自动条件2021-08-11 10:32:21.663===
===2021-08-11 10:32:22.277===
股票：603348指定时间段判断-额外参数：
	分组名称：1
	走势名称：时间段
		条件成立(当前时间：2021-08-11 10:32:21.413,条件时段：09:30:00-13:00:00)
	结果：达到要求
===2021-08-11 10:32:22.328===
===2021-08-11 10:32:22.411===
股票：603348多头向上判断-转自动参数：
	分组名称：2
	走势名称：多头向上
	结果：未满足，返回code：0
===2021-08-11 10:32:22.411===
满足所有条件，可以触发


===============================================

==============2021-08-11 10:32:48==============
===6开始执行条件2021-08-11 10:32:47.222===
===开始判断价格条件2021-08-11 10:32:47.222===
===开始判断额外/转自动条件2021-08-11 10:32:47.375===
===2021-08-11 10:32:47.414===
股票：603348指定时间段判断-额外参数：
	分组名称：1
	走势名称：时间段
		条件成立(当前时间：2021-08-11 10:32:47.222,条件时段：09:30:00-13:00:00)
	结果：达到要求
===2021-08-11 10:32:48.024===
===2021-08-11 10:32:48.339===
股票：603348多头向上判断-转自动参数：
	分组名称：2
	走势名称：多头向上
	结果：未满足，返回code：0
===2021-08-11 10:32:48.339===
满足所有条件，可以触发


===============================================

==============2021-08-11 10:33:00==============
===6开始执行条件2021-08-11 10:32:59.630===
===开始判断价格条件2021-08-11 10:32:59.630===
===开始判断额外/转自动条件2021-08-11 10:32:59.797===
===2021-08-11 10:32:59.878===
股票：603348指定时间段判断-额外参数：
	分组名称：1
	走势名称：时间段
		条件成立(当前时间：2021-08-11 10:32:59.619,条件时段：09:30:00-13:00:00)
	结果：达到要求
===2021-08-11 10:33:00.000===
===2021-08-11 10:33:00.146===
股票：603348多头向上判断-转自动参数：
	分组名称：2
	走势名称：多头向上
	结果：未满足，返回code：0
===2021-08-11 10:33:00.146===
满足所有条件，可以触发


===============================================

==============2021-08-11 10:33:09==============
===6开始执行条件2021-08-11 10:33:09.599===
===开始判断价格条件2021-08-11 10:33:09.599===
===开始判断额外/转自动条件2021-08-11 10:33:09.655===
===2021-08-11 10:33:09.696===
股票：603348指定时间段判断-额外参数：
	分组名称：1
	走势名称：时间段
		条件成立(当前时间：2021-08-11 10:33:09.598,条件时段：09:30:00-13:00:00)
	结果：达到要求
===2021-08-11 10:33:09.733===
===2021-08-11 10:33:09.795===
股票：603348多头向上判断-转自动参数：
	分组名称：2
	走势名称：多头向上
	结果：未满足，返回code：0
===2021-08-11 10:33:09.795===
满足所有条件，可以触发


===============================================

==============2021-08-11 10:33:31==============
===6开始执行条件2021-08-11 10:33:29.306===
===开始判断价格条件2021-08-11 10:33:29.306===
===开始判断额外/转自动条件2021-08-11 10:33:29.627===
===2021-08-11 10:33:29.902===
股票：603348指定时间段判断-额外参数：
	分组名称：1
	走势名称：时间段
		条件成立(当前时间：2021-08-11 10:33:29.305,条件时段：09:30:00-13:00:00)
	结果：达到要求
===2021-08-11 10:33:30.073===
===2021-08-11 10:33:31.497===
股票：603348多头向上判断-转自动参数：
	分组名称：2
	走势名称：多头向上
	结果：未满足，返回code：0
===2021-08-11 10:33:31.497===
满足所有条件，可以触发


===============================================

==============2021-08-11 10:35:01==============
===6开始执行条件2021-08-11 10:35:00.538===
===开始判断价格条件2021-08-11 10:35:00.538===
===开始判断额外/转自动条件2021-08-11 10:35:00.825===
===2021-08-11 10:35:00.945===
股票：603348指定时间段判断-额外参数：
	分组名称：1
	走势名称：时间段
		条件成立(当前时间：2021-08-11 10:35:00.537,条件时段：09:30:00-13:00:00)
	结果：达到要求
===2021-08-11 10:35:01.006===
===2021-08-11 10:35:01.206===
股票：603348多头向上判断-转自动参数：
	分组名称：2
	走势名称：多头向上
	结果：未满足，返回code：0
===2021-08-11 10:35:01.206===
满足所有条件，可以触发


===============================================

==============2021-08-11 10:35:10==============
===6开始执行条件2021-08-11 10:35:09.509===
===开始判断价格条件2021-08-11 10:35:09.509===
===开始判断额外/转自动条件2021-08-11 10:35:09.718===
===2021-08-11 10:35:09.772===
股票：603348指定时间段判断-额外参数：
	分组名称：1
	走势名称：时间段
		条件成立(当前时间：2021-08-11 10:35:09.509,条件时段：09:30:00-13:00:00)
	结果：达到要求
===2021-08-11 10:35:09.836===
===2021-08-11 10:35:10.023===
股票：603348多头向上判断-转自动参数：
	分组名称：2
	走势名称：多头向上
	结果：未满足，返回code：0
===2021-08-11 10:35:10.023===
满足所有条件，可以触发


===============================================

==============2021-08-11 10:35:23==============
===6开始执行条件2021-08-11 10:35:21.935===
===开始判断价格条件2021-08-11 10:35:21.935===
===开始判断额外/转自动条件2021-08-11 10:35:22.197===
===2021-08-11 10:35:22.568===
股票：603348指定时间段判断-额外参数：
	分组名称：1
	走势名称：时间段
		条件成立(当前时间：2021-08-11 10:35:21.935,条件时段：09:30:00-13:00:00)
	结果：达到要求
===2021-08-11 10:35:22.812===
===2021-08-11 10:35:23.005===
股票：603348多头向上判断-转自动参数：
	分组名称：2
	走势名称：多头向上
	结果：未满足，返回code：0
===2021-08-11 10:35:23.005===
满足所有条件，可以触发


===============================================

==============2021-08-11 10:35:36==============
===6开始执行条件2021-08-11 10:35:35.850===
===开始判断价格条件2021-08-11 10:35:35.850===
===开始判断额外/转自动条件2021-08-11 10:35:36.582===
===2021-08-11 10:35:36.734===
股票：603348指定时间段判断-额外参数：
	分组名称：1
	走势名称：时间段
		条件成立(当前时间：2021-08-11 10:35:35.850,条件时段：09:30:00-13:00:00)
	结果：达到要求
===2021-08-11 10:35:36.812===
===2021-08-11 10:35:36.903===
股票：603348多头向上判断-转自动参数：
	分组名称：2
	走势名称：多头向上
	结果：未满足，返回code：0
===2021-08-11 10:35:36.903===
满足所有条件，可以触发


===============================================

==============2021-08-11 10:36:39==============
===6开始执行条件2021-08-11 10:36:36.655===
===开始判断价格条件2021-08-11 10:36:36.655===
===开始判断额外/转自动条件2021-08-11 10:36:37.448===
===2021-08-11 10:36:38.433===
股票：603348指定时间段判断-额外参数：
	分组名称：1
	走势名称：时间段
		条件成立(当前时间：2021-08-11 10:36:36.574,条件时段：09:30:00-13:00:00)
	结果：达到要求
===2021-08-11 10:36:38.913===
===2021-08-11 10:36:39.773===
股票：603348多头向上判断-转自动参数：
	分组名称：2
	走势名称：多头向上
	结果：未满足，返回code：0
===2021-08-11 10:36:39.773===
满足所有条件，可以触发


===============================================

==============2021-08-11 10:37:11==============
===6开始执行条件2021-08-11 10:37:09.799===
===开始判断价格条件2021-08-11 10:37:09.799===
===开始判断额外/转自动条件2021-08-11 10:37:10.567===
===2021-08-11 10:37:10.890===
股票：603348指定时间段判断-额外参数：
	分组名称：1
	走势名称：时间段
		条件成立(当前时间：2021-08-11 10:37:09.799,条件时段：09:30:00-13:00:00)
	结果：达到要求
===2021-08-11 10:37:11.332===
===2021-08-11 10:37:11.769===
股票：603348多头向上判断-转自动参数：
	分组名称：2
	走势名称：多头向上
	结果：未满足，返回code：0
===2021-08-11 10:37:11.769===
满足所有条件，可以触发


===============================================

