==============2021-08-10 17:41:24==============
===6开始执行条件2021-08-10 17:41:23.268===
===开始判断价格条件2021-08-10 17:41:23.268===
===开始判断额外/转自动条件2021-08-10 17:41:23.507===
===2021-08-10 17:41:23.650===
股票：003016指定时间段判断-额外参数：
	分组名称：1
	走势名称：时间段
		条件不成立(当前时间：2021-08-10 17:41:23.268,条件时段：09:30:00-13:00:00)
	结果：未满足
===2021-08-10 17:41:23.650===
===2021-08-10 17:41:23.767===
股票：003016板块涨跌幅判断-额外参数：
	分组名称：1
	走势名称：发
		条件不成立(不符合板块涨跌幅条件)
	结果：未满足，返回code：-1
===2021-08-10 17:41:24.309===
额外条件未满足


===============================================

==============2021-08-10 17:44:15==============
===6开始执行条件2021-08-10 17:44:14.628===
===开始判断价格条件2021-08-10 17:44:14.628===
===开始判断额外/转自动条件2021-08-10 17:44:14.825===
===2021-08-10 17:44:14.958===
股票：003016指定时间段判断-额外参数：
	分组名称：1
	走势名称：时间段
		条件不成立(当前时间：2021-08-10 17:44:14.627,条件时段：09:30:00-13:00:00)
	结果：未满足
===2021-08-10 17:44:14.959===
===2021-08-10 17:44:14.997===
股票：003016板块涨跌幅判断-额外参数：
	分组名称：1
	走势名称：发
		条件不成立(不符合板块涨跌幅条件)
	结果：未满足，返回code：-1
===2021-08-10 17:44:15.460===
额外条件未满足


===============================================

==============2021-08-10 17:49:08==============
===6开始执行条件2021-08-10 17:49:07.251===
===开始判断价格条件2021-08-10 17:49:07.251===
===开始判断额外/转自动条件2021-08-10 17:49:07.469===
===2021-08-10 17:49:07.539===
股票：003016指定时间段判断-额外参数：
	分组名称：1
	走势名称：时间段
		条件不成立(当前时间：2021-08-10 17:49:07.251,条件时段：09:30:00-13:00:00)
	结果：未满足
===2021-08-10 17:49:07.539===
===2021-08-10 17:49:07.569===
股票：003016板块涨跌幅判断-额外参数：
	分组名称：1
	走势名称：发
		条件不成立(不符合板块涨跌幅条件)
	结果：未满足，返回code：-1
===2021-08-10 17:49:08.019===
额外条件未满足


===============================================

==============2021-08-10 17:53:22==============
===6开始执行条件2021-08-10 17:53:19.887===
===开始判断价格条件2021-08-10 17:53:19.887===
===开始判断额外/转自动条件2021-08-10 17:53:20.356===
===2021-08-10 17:53:20.706===
股票：003016指定时间段判断-额外参数：
	分组名称：1
	走势名称：时间段
		条件不成立(当前时间：2021-08-10 17:53:19.887,条件时段：09:30:00-13:00:00)
	结果：未满足
===2021-08-10 17:53:20.706===
===2021-08-10 17:53:20.805===
股票：003016板块涨跌幅判断-额外参数：
	分组名称：1
	走势名称：发
		条件不成立(不符合板块涨跌幅条件)
	结果：未满足，返回code：-1
===2021-08-10 17:53:22.234===
额外条件未满足


===============================================

==============2021-08-10 17:53:54==============
===6开始执行条件2021-08-10 17:53:50.951===
===开始判断价格条件2021-08-10 17:53:50.951===
===开始判断额外/转自动条件2021-08-10 17:53:51.539===
===2021-08-10 17:53:51.794===
股票：003016指定时间段判断-额外参数：
	分组名称：1
	走势名称：时间段
		条件不成立(当前时间：2021-08-10 17:53:50.951,条件时段：09:30:00-13:00:00)
	结果：未满足
===2021-08-10 17:53:51.794===
===2021-08-10 17:53:51.984===
股票：003016板块涨跌幅判断-额外参数：
	分组名称：1
	走势名称：发
		条件不成立(不符合板块涨跌幅条件)
	结果：未满足，返回code：-1
===2021-08-10 17:53:54.423===
额外条件未满足


===============================================

==============2021-08-10 17:54:07==============
===6开始执行条件2021-08-10 17:54:06.294===
===开始判断价格条件2021-08-10 17:54:06.294===
===开始判断额外/转自动条件2021-08-10 17:54:06.509===
===2021-08-10 17:54:06.643===
股票：003016指定时间段判断-额外参数：
	分组名称：1
	走势名称：时间段
		条件不成立(当前时间：2021-08-10 17:54:06.293,条件时段：09:30:00-13:00:00)
	结果：未满足
===2021-08-10 17:54:06.643===
===2021-08-10 17:54:06.686===
股票：003016板块涨跌幅判断-额外参数：
	分组名称：1
	走势名称：发
		条件不成立(不符合板块涨跌幅条件)
	结果：未满足，返回code：-1
===2021-08-10 17:54:07.385===
额外条件未满足


===============================================

==============2021-08-10 17:54:23==============
===6开始执行条件2021-08-10 17:54:22.453===
===开始判断价格条件2021-08-10 17:54:22.453===
===开始判断额外/转自动条件2021-08-10 17:54:22.697===
===2021-08-10 17:54:22.952===
股票：003016指定时间段判断-额外参数：
	分组名称：1
	走势名称：时间段
		条件不成立(当前时间：2021-08-10 17:54:22.453,条件时段：09:30:00-13:00:00)
	结果：未满足
===2021-08-10 17:54:22.952===
===2021-08-10 17:54:23.013===
股票：003016板块涨跌幅判断-额外参数：
	分组名称：1
	走势名称：发
		条件不成立(不符合板块涨跌幅条件)
	结果：未满足，返回code：-1
===2021-08-10 17:54:23.833===
额外条件未满足


===============================================

==============2021-08-10 17:54:42==============
===6开始执行条件2021-08-10 17:54:41.439===
===开始判断价格条件2021-08-10 17:54:41.440===
===开始判断额外/转自动条件2021-08-10 17:54:41.616===
===2021-08-10 17:54:41.695===
股票：003016指定时间段判断-额外参数：
	分组名称：1
	走势名称：时间段
		条件不成立(当前时间：2021-08-10 17:54:41.439,条件时段：09:30:00-13:00:00)
	结果：未满足
===2021-08-10 17:54:41.695===
===2021-08-10 17:54:41.739===
股票：003016板块涨跌幅判断-额外参数：
	分组名称：1
	走势名称：发
		条件不成立(不符合板块涨跌幅条件)
	结果：未满足，返回code：-1
===2021-08-10 17:54:42.553===
额外条件未满足


===============================================

