==============2021-08-06 14:42:46==============
===6开始执行条件2021-08-06 14:42:39.377===
===开始判断价格条件2021-08-06 14:42:39.377===
===开始判断额外/转自动条件2021-08-06 14:42:39.830===
===2021-08-06 14:42:40.169===
股票：003016指定时间段判断-额外参数：
	分组名称：1
	走势名称：时间段
		条件不成立(当前时间：2021-08-06 14:42:39.377,条件时段：09:30:00-13:00:00)
	结果：未满足
===2021-08-06 14:42:40.169===
===2021-08-06 14:42:40.268===
股票：003016板块涨跌幅判断-额外参数：
	分组名称：1
	走势名称：发
		条件不成立(不符合板块涨跌幅条件)
	结果：未满足，返回code：-1
===2021-08-06 14:42:46.812===
额外条件未满足


===============================================

==============2021-08-06 14:43:02==============
===6开始执行条件2021-08-06 14:43:00.140===
===开始判断价格条件2021-08-06 14:43:00.140===
===开始判断额外/转自动条件2021-08-06 14:43:01.472===
===2021-08-06 14:43:01.715===
股票：003016指定时间段判断-额外参数：
	分组名称：1
	走势名称：时间段
		条件不成立(当前时间：2021-08-06 14:43:00.140,条件时段：09:30:00-13:00:00)
	结果：未满足
===2021-08-06 14:43:01.715===
===2021-08-06 14:43:01.748===
股票：003016板块涨跌幅判断-额外参数：
	分组名称：1
	走势名称：发
		条件不成立(不符合板块涨跌幅条件)
	结果：未满足，返回code：-1
===2021-08-06 14:43:02.092===
额外条件未满足


===============================================

==============2021-08-06 15:31:21==============
===6开始执行条件2021-08-06 15:31:21.118===
===开始判断价格条件2021-08-06 15:31:21.118===
===开始判断额外/转自动条件2021-08-06 15:31:21.285===
===2021-08-06 15:31:21.403===
股票：003016指定时间段判断-额外参数：
	分组名称：1
	走势名称：时间段
		条件不成立(当前时间：2021-08-06 15:31:21.117,条件时段：09:30:00-13:00:00)
	结果：未满足
===2021-08-06 15:31:21.403===
===2021-08-06 15:31:21.437===
股票：003016板块涨跌幅判断-额外参数：
	分组名称：1
	走势名称：发
		条件不成立(不符合板块涨跌幅条件)
	结果：未满足，返回code：-1
===2021-08-06 15:31:21.896===
额外条件未满足


===============================================

==============2021-08-06 15:40:05==============
===6开始执行条件2021-08-06 15:38:37.164===
===开始判断价格条件2021-08-06 15:38:37.164===
===开始判断额外/转自动条件2021-08-06 15:38:37.338===
===2021-08-06 15:38:37.670===
股票：003016指定时间段判断-额外参数：
	分组名称：1
	走势名称：时间段
		条件不成立(当前时间：2021-08-06 15:38:37.164,条件时段：09:30:00-13:00:00)
	结果：未满足
===2021-08-06 15:38:37.670===
===2021-08-06 15:38:37.852===
股票：003016板块涨跌幅判断-额外参数：
	分组名称：1
	走势名称：发
		条件不成立(不符合板块涨跌幅条件)
	结果：未满足，返回code：-1
===2021-08-06 15:40:05.002===
额外条件未满足


===============================================

