==============2021-08-11 10:28:38==============
===6开始执行条件2021-08-11 10:28:37.212===
===开始判断价格条件2021-08-11 10:28:37.212===
===开始判断额外/转自动条件2021-08-11 10:28:38.035===
===2021-08-11 10:28:38.277===
股票：003016指定时间段判断-额外参数：
	分组名称：1
	走势名称：时间段
		条件成立(当前时间：2021-08-11 10:28:37.211,条件时段：09:30:00-13:00:00)
	结果：达到要求
===2021-08-11 10:28:38.429===
===2021-08-11 10:28:38.982===
股票：003016多头向上判断-转自动参数：
	分组名称：2
	走势名称：多头向上
	结果：未满足，返回code：0
===2021-08-11 10:28:38.982===
满足所有条件，可以触发


===============================================

==============2021-08-11 10:29:02==============
===6开始执行条件2021-08-11 10:29:01.940===
===开始判断价格条件2021-08-11 10:29:01.940===
===开始判断额外/转自动条件2021-08-11 10:29:02.085===
===2021-08-11 10:29:02.182===
股票：003016指定时间段判断-额外参数：
	分组名称：1
	走势名称：时间段
		条件成立(当前时间：2021-08-11 10:29:01.940,条件时段：09:30:00-13:00:00)
	结果：达到要求
===2021-08-11 10:29:02.301===
===2021-08-11 10:29:02.557===
股票：003016多头向上判断-转自动参数：
	分组名称：2
	走势名称：多头向上
	结果：未满足，返回code：0
===2021-08-11 10:29:02.557===
满足所有条件，可以触发


===============================================

==============2021-08-11 10:29:46==============
===6开始执行条件2021-08-11 10:29:45.441===
===开始判断价格条件2021-08-11 10:29:45.441===
===开始判断额外/转自动条件2021-08-11 10:29:45.758===
===2021-08-11 10:29:45.907===
股票：003016指定时间段判断-额外参数：
	分组名称：1
	走势名称：时间段
		条件成立(当前时间：2021-08-11 10:29:45.441,条件时段：09:30:00-13:00:00)
	结果：达到要求
===2021-08-11 10:29:45.995===
===2021-08-11 10:29:46.163===
股票：003016多头向上判断-转自动参数：
	分组名称：2
	走势名称：多头向上
	结果：未满足，返回code：0
===2021-08-11 10:29:46.163===
满足所有条件，可以触发


===============================================

==============2021-08-11 10:30:32==============
===6开始执行条件2021-08-11 10:30:31.844===
===开始判断价格条件2021-08-11 10:30:31.844===
===开始判断额外/转自动条件2021-08-11 10:30:31.903===
===2021-08-11 10:30:31.938===
股票：003016指定时间段判断-额外参数：
	分组名称：1
	走势名称：时间段
		条件成立(当前时间：2021-08-11 10:30:31.837,条件时段：09:30:00-13:00:00)
	结果：达到要求
===2021-08-11 10:30:32.011===
===2021-08-11 10:30:32.124===
股票：003016多头向上判断-转自动参数：
	分组名称：2
	走势名称：多头向上
	结果：未满足，返回code：0
===2021-08-11 10:30:32.124===
满足所有条件，可以触发


===============================================

==============2021-08-11 10:30:43==============
===6开始执行条件2021-08-11 10:30:43.230===
===开始判断价格条件2021-08-11 10:30:43.230===
===开始判断额外/转自动条件2021-08-11 10:30:43.325===
===2021-08-11 10:30:43.439===
股票：003016指定时间段判断-额外参数：
	分组名称：1
	走势名称：时间段
		条件成立(当前时间：2021-08-11 10:30:43.224,条件时段：09:30:00-13:00:00)
	结果：达到要求
===2021-08-11 10:30:43.645===
===2021-08-11 10:30:43.752===
股票：003016多头向上判断-转自动参数：
	分组名称：2
	走势名称：多头向上
	结果：未满足，返回code：0
===2021-08-11 10:30:43.752===
满足所有条件，可以触发


===============================================

==============2021-08-11 10:31:00==============
===6开始执行条件2021-08-11 10:31:00.131===
===开始判断价格条件2021-08-11 10:31:00.131===
===开始判断额外/转自动条件2021-08-11 10:31:00.215===
===2021-08-11 10:31:00.307===
股票：003016指定时间段判断-额外参数：
	分组名称：1
	走势名称：时间段
		条件成立(当前时间：2021-08-11 10:31:00.131,条件时段：09:30:00-13:00:00)
	结果：达到要求
===2021-08-11 10:31:00.396===
===2021-08-11 10:31:00.574===
股票：003016多头向上判断-转自动参数：
	分组名称：2
	走势名称：多头向上
	结果：未满足，返回code：0
===2021-08-11 10:31:00.574===
满足所有条件，可以触发


===============================================

==============2021-08-11 10:31:19==============
===6开始执行条件2021-08-11 10:31:18.311===
===开始判断价格条件2021-08-11 10:31:18.311===
===开始判断额外/转自动条件2021-08-11 10:31:18.441===
===2021-08-11 10:31:18.494===
股票：003016指定时间段判断-额外参数：
	分组名称：1
	走势名称：时间段
		条件成立(当前时间：2021-08-11 10:31:18.311,条件时段：09:30:00-13:00:00)
	结果：达到要求
===2021-08-11 10:31:18.551===
===2021-08-11 10:31:19.050===
股票：003016多头向上判断-转自动参数：
	分组名称：2
	走势名称：多头向上
	结果：未满足，返回code：0
===2021-08-11 10:31:19.051===
满足所有条件，可以触发


===============================================

==============2021-08-11 10:31:25==============
===6开始执行条件2021-08-11 10:31:24.576===
===开始判断价格条件2021-08-11 10:31:24.576===
===开始判断额外/转自动条件2021-08-11 10:31:24.807===
===2021-08-11 10:31:25.171===
股票：003016指定时间段判断-额外参数：
	分组名称：1
	走势名称：时间段
		条件成立(当前时间：2021-08-11 10:31:24.575,条件时段：09:30:00-13:00:00)
	结果：达到要求
===2021-08-11 10:31:25.363===
===2021-08-11 10:31:25.526===
股票：003016多头向上判断-转自动参数：
	分组名称：2
	走势名称：多头向上
	结果：未满足，返回code：0
===2021-08-11 10:31:25.526===
满足所有条件，可以触发


===============================================

==============2021-08-11 10:31:32==============
===6开始执行条件2021-08-11 10:31:32.108===
===开始判断价格条件2021-08-11 10:31:32.108===
===开始判断额外/转自动条件2021-08-11 10:31:32.287===
===2021-08-11 10:31:32.377===
股票：003016指定时间段判断-额外参数：
	分组名称：1
	走势名称：时间段
		条件成立(当前时间：2021-08-11 10:31:32.107,条件时段：09:30:00-13:00:00)
	结果：达到要求
===2021-08-11 10:31:32.431===
===2021-08-11 10:31:32.585===
股票：003016多头向上判断-转自动参数：
	分组名称：2
	走势名称：多头向上
	结果：未满足，返回code：0
===2021-08-11 10:31:32.585===
满足所有条件，可以触发


===============================================

==============2021-08-11 10:31:47==============
===6开始执行条件2021-08-11 10:31:45.221===
===开始判断价格条件2021-08-11 10:31:45.221===
===开始判断额外/转自动条件2021-08-11 10:31:45.852===
===2021-08-11 10:31:46.513===
股票：003016指定时间段判断-额外参数：
	分组名称：1
	走势名称：时间段
		条件成立(当前时间：2021-08-11 10:31:45.221,条件时段：09:30:00-13:00:00)
	结果：达到要求
===2021-08-11 10:31:46.846===
===2021-08-11 10:31:47.377===
股票：003016多头向上判断-转自动参数：
	分组名称：2
	走势名称：多头向上
	结果：未满足，返回code：0
===2021-08-11 10:31:47.377===
满足所有条件，可以触发


===============================================

==============2021-08-11 10:32:05==============
===6开始执行条件2021-08-11 10:32:00.161===
===开始判断价格条件2021-08-11 10:32:00.161===
===开始判断额外/转自动条件2021-08-11 10:32:00.675===
===2021-08-11 10:32:02.123===
股票：003016指定时间段判断-额外参数：
	分组名称：1
	走势名称：时间段
		条件成立(当前时间：2021-08-11 10:32:00.161,条件时段：09:30:00-13:00:00)
	结果：达到要求
===2021-08-11 10:32:03.949===
===2021-08-11 10:32:05.623===
股票：003016多头向上判断-转自动参数：
	分组名称：2
	走势名称：多头向上
	结果：未满足，返回code：0
===2021-08-11 10:32:05.623===
满足所有条件，可以触发


===============================================

==============2021-08-11 10:32:21==============
===6开始执行条件2021-08-11 10:32:19.217===
===开始判断价格条件2021-08-11 10:32:19.217===
===开始判断额外/转自动条件2021-08-11 10:32:20.106===
===2021-08-11 10:32:20.583===
股票：003016指定时间段判断-额外参数：
	分组名称：1
	走势名称：时间段
		条件成立(当前时间：2021-08-11 10:32:19.216,条件时段：09:30:00-13:00:00)
	结果：达到要求
===2021-08-11 10:32:21.032===
===2021-08-11 10:32:21.593===
股票：003016多头向上判断-转自动参数：
	分组名称：2
	走势名称：多头向上
	结果：未满足，返回code：0
===2021-08-11 10:32:21.593===
满足所有条件，可以触发


===============================================

==============2021-08-11 10:32:46==============
===6开始执行条件2021-08-11 10:32:45.750===
===开始判断价格条件2021-08-11 10:32:45.750===
===开始判断额外/转自动条件2021-08-11 10:32:45.868===
===2021-08-11 10:32:45.975===
股票：003016指定时间段判断-额外参数：
	分组名称：1
	走势名称：时间段
		条件成立(当前时间：2021-08-11 10:32:45.743,条件时段：09:30:00-13:00:00)
	结果：达到要求
===2021-08-11 10:32:46.162===
===2021-08-11 10:32:46.407===
股票：003016多头向上判断-转自动参数：
	分组名称：2
	走势名称：多头向上
	结果：未满足，返回code：0
===2021-08-11 10:32:46.407===
满足所有条件，可以触发


===============================================

==============2021-08-11 10:32:58==============
===6开始执行条件2021-08-11 10:32:58.416===
===开始判断价格条件2021-08-11 10:32:58.416===
===开始判断额外/转自动条件2021-08-11 10:32:58.522===
===2021-08-11 10:32:58.577===
股票：003016指定时间段判断-额外参数：
	分组名称：1
	走势名称：时间段
		条件成立(当前时间：2021-08-11 10:32:58.416,条件时段：09:30:00-13:00:00)
	结果：达到要求
===2021-08-11 10:32:58.657===
===2021-08-11 10:32:58.759===
股票：003016多头向上判断-转自动参数：
	分组名称：2
	走势名称：多头向上
	结果：未满足，返回code：0
===2021-08-11 10:32:58.759===
满足所有条件，可以触发


===============================================

==============2021-08-11 10:33:07==============
===6开始执行条件2021-08-11 10:33:07.003===
===开始判断价格条件2021-08-11 10:33:07.003===
===开始判断额外/转自动条件2021-08-11 10:33:07.153===
===2021-08-11 10:33:07.206===
股票：003016指定时间段判断-额外参数：
	分组名称：1
	走势名称：时间段
		条件成立(当前时间：2021-08-11 10:33:07.003,条件时段：09:30:00-13:00:00)
	结果：达到要求
===2021-08-11 10:33:07.258===
===2021-08-11 10:33:07.462===
股票：003016多头向上判断-转自动参数：
	分组名称：2
	走势名称：多头向上
	结果：未满足，返回code：0
===2021-08-11 10:33:07.462===
满足所有条件，可以触发


===============================================

==============2021-08-11 10:33:18==============
===6开始执行条件2021-08-11 10:33:17.033===
===开始判断价格条件2021-08-11 10:33:17.033===
===开始判断额外/转自动条件2021-08-11 10:33:17.545===
===2021-08-11 10:33:17.744===
股票：003016指定时间段判断-额外参数：
	分组名称：1
	走势名称：时间段
		条件成立(当前时间：2021-08-11 10:33:17.033,条件时段：09:30:00-13:00:00)
	结果：达到要求
===2021-08-11 10:33:17.978===
===2021-08-11 10:33:18.534===
股票：003016多头向上判断-转自动参数：
	分组名称：2
	走势名称：多头向上
	结果：未满足，返回code：0
===2021-08-11 10:33:18.534===
满足所有条件，可以触发


===============================================

==============2021-08-11 10:33:28==============
===6开始执行条件2021-08-11 10:33:26.541===
===开始判断价格条件2021-08-11 10:33:26.541===
===开始判断额外/转自动条件2021-08-11 10:33:26.909===
===2021-08-11 10:33:27.953===
股票：003016指定时间段判断-额外参数：
	分组名称：1
	走势名称：时间段
		条件成立(当前时间：2021-08-11 10:33:26.540,条件时段：09:30:00-13:00:00)
	结果：达到要求
===2021-08-11 10:33:28.175===
===2021-08-11 10:33:28.945===
股票：003016多头向上判断-转自动参数：
	分组名称：2
	走势名称：多头向上
	结果：未满足，返回code：0
===2021-08-11 10:33:28.945===
满足所有条件，可以触发


===============================================

==============2021-08-11 10:34:59==============
===6开始执行条件2021-08-11 10:34:59.275===
===开始判断价格条件2021-08-11 10:34:59.275===
===开始判断额外/转自动条件2021-08-11 10:34:59.637===
===2021-08-11 10:34:59.760===
股票：003016指定时间段判断-额外参数：
	分组名称：1
	走势名称：时间段
		条件成立(当前时间：2021-08-11 10:34:59.275,条件时段：09:30:00-13:00:00)
	结果：达到要求
===2021-08-11 10:34:59.834===
===2021-08-11 10:34:59.933===
股票：003016多头向上判断-转自动参数：
	分组名称：2
	走势名称：多头向上
	结果：未满足，返回code：0
===2021-08-11 10:34:59.933===
满足所有条件，可以触发


===============================================

==============2021-08-11 10:35:08==============
===6开始执行条件2021-08-11 10:35:07.951===
===开始判断价格条件2021-08-11 10:35:07.951===
===开始判断额外/转自动条件2021-08-11 10:35:08.101===
===2021-08-11 10:35:08.162===
股票：003016指定时间段判断-额外参数：
	分组名称：1
	走势名称：时间段
		条件成立(当前时间：2021-08-11 10:35:07.951,条件时段：09:30:00-13:00:00)
	结果：达到要求
===2021-08-11 10:35:08.458===
===2021-08-11 10:35:08.901===
股票：003016多头向上判断-转自动参数：
	分组名称：2
	走势名称：多头向上
	结果：未满足，返回code：0
===2021-08-11 10:35:08.902===
满足所有条件，可以触发


===============================================

==============2021-08-11 10:35:21==============
===6开始执行条件2021-08-11 10:35:19.057===
===开始判断价格条件2021-08-11 10:35:19.057===
===开始判断额外/转自动条件2021-08-11 10:35:19.990===
===2021-08-11 10:35:20.992===
股票：003016指定时间段判断-额外参数：
	分组名称：1
	走势名称：时间段
		条件成立(当前时间：2021-08-11 10:35:19.057,条件时段：09:30:00-13:00:00)
	结果：达到要求
===2021-08-11 10:35:21.275===
===2021-08-11 10:35:21.586===
股票：003016多头向上判断-转自动参数：
	分组名称：2
	走势名称：多头向上
	结果：未满足，返回code：0
===2021-08-11 10:35:21.586===
满足所有条件，可以触发


===============================================

==============2021-08-11 10:35:33==============
===6开始执行条件2021-08-11 10:35:32.434===
===开始判断价格条件2021-08-11 10:35:32.434===
===开始判断额外/转自动条件2021-08-11 10:35:32.944===
===2021-08-11 10:35:33.051===
股票：003016指定时间段判断-额外参数：
	分组名称：1
	走势名称：时间段
		条件成立(当前时间：2021-08-11 10:35:32.434,条件时段：09:30:00-13:00:00)
	结果：达到要求
===2021-08-11 10:35:33.441===
===2021-08-11 10:35:33.859===
股票：003016多头向上判断-转自动参数：
	分组名称：2
	走势名称：多头向上
	结果：未满足，返回code：0
===2021-08-11 10:35:33.859===
满足所有条件，可以触发


===============================================

==============2021-08-11 10:36:35==============
===6开始执行条件2021-08-11 10:36:29.898===
===开始判断价格条件2021-08-11 10:36:29.898===
===开始判断额外/转自动条件2021-08-11 10:36:30.779===
===2021-08-11 10:36:31.490===
股票：003016指定时间段判断-额外参数：
	分组名称：1
	走势名称：时间段
		条件成立(当前时间：2021-08-11 10:36:29.897,条件时段：09:30:00-13:00:00)
	结果：达到要求
===2021-08-11 10:36:32.088===
===2021-08-11 10:36:35.630===
股票：003016多头向上判断-转自动参数：
	分组名称：2
	走势名称：多头向上
	结果：未满足，返回code：0
===2021-08-11 10:36:35.630===
满足所有条件，可以触发


===============================================

==============2021-08-11 10:37:08==============
===6开始执行条件2021-08-11 10:37:05.540===
===开始判断价格条件2021-08-11 10:37:05.540===
===开始判断额外/转自动条件2021-08-11 10:37:06.332===
===2021-08-11 10:37:06.723===
股票：003016指定时间段判断-额外参数：
	分组名称：1
	走势名称：时间段
		条件成立(当前时间：2021-08-11 10:37:05.539,条件时段：09:30:00-13:00:00)
	结果：达到要求
===2021-08-11 10:37:07.178===
===2021-08-11 10:37:08.264===
股票：003016多头向上判断-转自动参数：
	分组名称：2
	走势名称：多头向上
	结果：未满足，返回code：0
===2021-08-11 10:37:08.264===
满足所有条件，可以触发


===============================================

