==============2021-08-09 10:11:07==============
===6开始执行条件2021-08-09 10:11:07.266===
===开始判断价格条件2021-08-09 10:11:07.266===
===开始判断额外/转自动条件2021-08-09 10:11:07.418===
===2021-08-09 10:11:07.471===
股票：003016指定时间段判断-额外参数：
	分组名称：1
	走势名称：时间段
		条件成立(当前时间：2021-08-09 10:11:07.266,条件时段：09:30:00-13:00:00)
	结果：达到要求
===2021-08-09 10:11:07.565===
===2021-08-09 10:11:07.719===
股票：003016多头向上判断-转自动参数：
	分组名称：2
	走势名称：多头向上
	结果：未满足，返回code：0
===2021-08-09 10:11:07.719===
满足所有条件，可以触发


===============================================

==============2021-08-09 10:11:28==============
===6开始执行条件2021-08-09 10:11:25.312===
===开始判断价格条件2021-08-09 10:11:25.312===
===开始判断额外/转自动条件2021-08-09 10:11:26.775===
===2021-08-09 10:11:27.207===
股票：003016指定时间段判断-额外参数：
	分组名称：1
	走势名称：时间段
		条件成立(当前时间：2021-08-09 10:11:25.312,条件时段：09:30:00-13:00:00)
	结果：达到要求
===2021-08-09 10:11:27.592===
===2021-08-09 10:11:28.826===
股票：003016多头向上判断-转自动参数：
	分组名称：2
	走势名称：多头向上
	结果：未满足，返回code：0
===2021-08-09 10:11:28.826===
满足所有条件，可以触发


===============================================

==============2021-08-09 11:02:53==============
===6开始执行条件2021-08-09 11:02:52.587===
===开始判断价格条件2021-08-09 11:02:52.587===
===开始判断额外/转自动条件2021-08-09 11:02:52.695===
===2021-08-09 11:02:52.751===
股票：003016指定时间段判断-额外参数：
	分组名称：1
	走势名称：时间段
		条件成立(当前时间：2021-08-09 11:02:52.586,条件时段：09:30:00-13:00:00)
	结果：达到要求
===2021-08-09 11:02:53.188===
===2021-08-09 11:02:53.257===
股票：003016多头向上判断-转自动参数：
	分组名称：2
	走势名称：多头向上
	结果：未满足，返回code：0
===2021-08-09 11:02:53.257===
满足所有条件，可以触发


===============================================

==============2021-08-09 11:03:17==============
===6开始执行条件2021-08-09 11:03:16.831===
===开始判断价格条件2021-08-09 11:03:16.831===
===开始判断额外/转自动条件2021-08-09 11:03:16.968===
===2021-08-09 11:03:17.025===
股票：003016指定时间段判断-额外参数：
	分组名称：1
	走势名称：时间段
		条件成立(当前时间：2021-08-09 11:03:16.800,条件时段：09:30:00-13:00:00)
	结果：达到要求
===2021-08-09 11:03:17.159===
===2021-08-09 11:03:17.416===
股票：003016多头向上判断-转自动参数：
	分组名称：2
	走势名称：多头向上
	结果：未满足，返回code：0
===2021-08-09 11:03:17.416===
满足所有条件，可以触发


===============================================

==============2021-08-09 11:03:32==============
===6开始执行条件2021-08-09 11:03:31.667===
===开始判断价格条件2021-08-09 11:03:31.667===
===开始判断额外/转自动条件2021-08-09 11:03:31.829===
===2021-08-09 11:03:32.117===
股票：003016指定时间段判断-额外参数：
	分组名称：1
	走势名称：时间段
		条件成立(当前时间：2021-08-09 11:03:31.667,条件时段：09:30:00-13:00:00)
	结果：达到要求
===2021-08-09 11:03:32.213===
===2021-08-09 11:03:32.374===
股票：003016多头向上判断-转自动参数：
	分组名称：2
	走势名称：多头向上
	结果：未满足，返回code：0
===2021-08-09 11:03:32.374===
满足所有条件，可以触发


===============================================

