==============2021-08-10 17:41:04==============
===6开始执行条件2021-08-10 17:41:03.423===
===开始判断价格条件2021-08-10 17:41:03.423===
===开始判断额外/转自动条件2021-08-10 17:41:03.510===
===2021-08-10 17:41:03.636===
股票：002097指定时间段判断-额外参数：
	分组名称：1
	走势名称：时间段
		条件不成立(当前时间：2021-08-10 17:41:03.422,条件时段：09:30:00-13:00:00)
	结果：未满足
===2021-08-10 17:41:03.636===
===2021-08-10 17:41:03.669===
股票：002097板块涨跌幅判断-额外参数：
	分组名称：1
	走势名称：发
		条件不成立(不符合板块涨跌幅条件)
	结果：未满足，返回code：-1
===2021-08-10 17:41:04.315===
额外条件未满足


===============================================

==============2021-08-10 17:41:16==============
===6开始执行条件2021-08-10 17:41:15.131===
===开始判断价格条件2021-08-10 17:41:15.131===
===开始判断额外/转自动条件2021-08-10 17:41:15.642===
===2021-08-10 17:41:15.764===
股票：002097指定时间段判断-额外参数：
	分组名称：1
	走势名称：时间段
		条件不成立(当前时间：2021-08-10 17:41:15.131,条件时段：09:30:00-13:00:00)
	结果：未满足
===2021-08-10 17:41:15.764===
===2021-08-10 17:41:15.882===
股票：002097板块涨跌幅判断-额外参数：
	分组名称：1
	走势名称：发
		条件不成立(不符合板块涨跌幅条件)
	结果：未满足，返回code：-1
===2021-08-10 17:41:16.453===
额外条件未满足


===============================================

==============2021-08-10 17:41:29==============
===6开始执行条件2021-08-10 17:41:28.326===
===开始判断价格条件2021-08-10 17:41:28.326===
===开始判断额外/转自动条件2021-08-10 17:41:28.445===
===2021-08-10 17:41:28.554===
股票：002097指定时间段判断-额外参数：
	分组名称：1
	走势名称：时间段
		条件不成立(当前时间：2021-08-10 17:41:28.326,条件时段：09:30:00-13:00:00)
	结果：未满足
===2021-08-10 17:41:28.555===
===2021-08-10 17:41:28.689===
股票：002097板块涨跌幅判断-额外参数：
	分组名称：1
	走势名称：发
		条件不成立(不符合板块涨跌幅条件)
	结果：未满足，返回code：-1
===2021-08-10 17:41:29.083===
额外条件未满足


===============================================

==============2021-08-10 17:41:57==============
===6开始执行条件2021-08-10 17:41:49.982===
===开始判断价格条件2021-08-10 17:41:49.982===
===开始判断额外/转自动条件2021-08-10 17:41:51.260===
===2021-08-10 17:41:53.165===
股票：002097指定时间段判断-额外参数：
	分组名称：1
	走势名称：时间段
		条件不成立(当前时间：2021-08-10 17:41:49.982,条件时段：09:30:00-13:00:00)
	结果：未满足
===2021-08-10 17:41:53.165===
===2021-08-10 17:41:53.342===
股票：002097板块涨跌幅判断-额外参数：
	分组名称：1
	走势名称：发
		条件不成立(不符合板块涨跌幅条件)
	结果：未满足，返回code：-1
===2021-08-10 17:41:57.097===
额外条件未满足


===============================================

==============2021-08-10 17:42:15==============
===6开始执行条件2021-08-10 17:42:10.130===
===开始判断价格条件2021-08-10 17:42:10.130===
===开始判断额外/转自动条件2021-08-10 17:42:11.747===
===2021-08-10 17:42:12.429===
股票：002097指定时间段判断-额外参数：
	分组名称：1
	走势名称：时间段
		条件不成立(当前时间：2021-08-10 17:42:10.130,条件时段：09:30:00-13:00:00)
	结果：未满足
===2021-08-10 17:42:12.429===
===2021-08-10 17:42:12.606===
股票：002097板块涨跌幅判断-额外参数：
	分组名称：1
	走势名称：发
		条件不成立(不符合板块涨跌幅条件)
	结果：未满足，返回code：-1
===2021-08-10 17:42:15.536===
额外条件未满足


===============================================

==============2021-08-10 17:44:01==============
===6开始执行条件2021-08-10 17:43:52.341===
===开始判断价格条件2021-08-10 17:43:52.341===
===开始判断额外/转自动条件2021-08-10 17:43:55.736===
===2021-08-10 17:43:56.667===
股票：002097指定时间段判断-额外参数：
	分组名称：1
	走势名称：时间段
		条件不成立(当前时间：2021-08-10 17:43:52.340,条件时段：09:30:00-13:00:00)
	结果：未满足
===2021-08-10 17:43:56.667===
===2021-08-10 17:43:56.791===
股票：002097板块涨跌幅判断-额外参数：
	分组名称：1
	走势名称：发
		条件不成立(不符合板块涨跌幅条件)
	结果：未满足，返回code：-1
===2021-08-10 17:44:01.109===
额外条件未满足


===============================================

==============2021-08-10 17:44:06==============
===6开始执行条件2021-08-10 17:44:05.430===
===开始判断价格条件2021-08-10 17:44:05.430===
===开始判断额外/转自动条件2021-08-10 17:44:05.504===
===2021-08-10 17:44:05.910===
股票：002097指定时间段判断-额外参数：
	分组名称：1
	走势名称：时间段
		条件不成立(当前时间：2021-08-10 17:44:05.429,条件时段：09:30:00-13:00:00)
	结果：未满足
===2021-08-10 17:44:05.910===
===2021-08-10 17:44:06.038===
股票：002097板块涨跌幅判断-额外参数：
	分组名称：1
	走势名称：发
		条件不成立(不符合板块涨跌幅条件)
	结果：未满足，返回code：-1
===2021-08-10 17:44:06.538===
额外条件未满足


===============================================

==============2021-08-10 17:47:33==============
===6开始执行条件2021-08-10 17:47:31.547===
===开始判断价格条件2021-08-10 17:47:31.547===
===开始判断额外/转自动条件2021-08-10 17:47:31.997===
===2021-08-10 17:47:32.420===
股票：002097指定时间段判断-额外参数：
	分组名称：1
	走势名称：时间段
		条件不成立(当前时间：2021-08-10 17:47:31.547,条件时段：09:30:00-13:00:00)
	结果：未满足
===2021-08-10 17:47:32.420===
===2021-08-10 17:47:32.461===
股票：002097板块涨跌幅判断-额外参数：
	分组名称：1
	走势名称：发
		条件不成立(不符合板块涨跌幅条件)
	结果：未满足，返回code：-1
===2021-08-10 17:47:33.422===
额外条件未满足


===============================================

==============2021-08-10 17:47:50==============
===6开始执行条件2021-08-10 17:47:48.286===
===开始判断价格条件2021-08-10 17:47:48.286===
===开始判断额外/转自动条件2021-08-10 17:47:48.956===
===2021-08-10 17:47:49.268===
股票：002097指定时间段判断-额外参数：
	分组名称：1
	走势名称：时间段
		条件不成立(当前时间：2021-08-10 17:47:48.285,条件时段：09:30:00-13:00:00)
	结果：未满足
===2021-08-10 17:47:49.268===
===2021-08-10 17:47:49.391===
股票：002097板块涨跌幅判断-额外参数：
	分组名称：1
	走势名称：发
		条件不成立(不符合板块涨跌幅条件)
	结果：未满足，返回code：-1
===2021-08-10 17:47:50.288===
额外条件未满足


===============================================

==============2021-08-10 17:49:02==============
===6开始执行条件2021-08-10 17:49:00.684===
===开始判断价格条件2021-08-10 17:49:00.684===
===开始判断额外/转自动条件2021-08-10 17:49:00.821===
===2021-08-10 17:49:00.876===
股票：002097指定时间段判断-额外参数：
	分组名称：1
	走势名称：时间段
		条件不成立(当前时间：2021-08-10 17:49:00.683,条件时段：09:30:00-13:00:00)
	结果：未满足
===2021-08-10 17:49:00.876===
===2021-08-10 17:49:01.016===
股票：002097板块涨跌幅判断-额外参数：
	分组名称：1
	走势名称：发
		条件不成立(不符合板块涨跌幅条件)
	结果：未满足，返回code：-1
===2021-08-10 17:49:02.040===
额外条件未满足


===============================================

==============2021-08-10 17:49:19==============
===6开始执行条件2021-08-10 17:49:15.598===
===开始判断价格条件2021-08-10 17:49:15.598===
===开始判断额外/转自动条件2021-08-10 17:49:16.506===
===2021-08-10 17:49:17.312===
股票：002097指定时间段判断-额外参数：
	分组名称：1
	走势名称：时间段
		条件不成立(当前时间：2021-08-10 17:49:15.598,条件时段：09:30:00-13:00:00)
	结果：未满足
===2021-08-10 17:49:17.312===
===2021-08-10 17:49:17.544===
股票：002097板块涨跌幅判断-额外参数：
	分组名称：1
	走势名称：发
		条件不成立(不符合板块涨跌幅条件)
	结果：未满足，返回code：-1
===2021-08-10 17:49:19.436===
额外条件未满足


===============================================

==============2021-08-10 17:49:58==============
===6开始执行条件2021-08-10 17:49:52.620===
===开始判断价格条件2021-08-10 17:49:52.620===
===开始判断额外/转自动条件2021-08-10 17:49:54.187===
===2021-08-10 17:49:55.466===
股票：002097指定时间段判断-额外参数：
	分组名称：1
	走势名称：时间段
		条件不成立(当前时间：2021-08-10 17:49:52.619,条件时段：09:30:00-13:00:00)
	结果：未满足
===2021-08-10 17:49:55.466===
===2021-08-10 17:49:55.753===
股票：002097板块涨跌幅判断-额外参数：
	分组名称：1
	走势名称：发
		条件不成立(不符合板块涨跌幅条件)
	结果：未满足，返回code：-1
===2021-08-10 17:49:58.185===
额外条件未满足


===============================================

==============2021-08-10 17:50:09==============
===6开始执行条件2021-08-10 17:50:07.801===
===开始判断价格条件2021-08-10 17:50:07.801===
===开始判断额外/转自动条件2021-08-10 17:50:08.279===
===2021-08-10 17:50:08.355===
股票：002097指定时间段判断-额外参数：
	分组名称：1
	走势名称：时间段
		条件不成立(当前时间：2021-08-10 17:50:07.801,条件时段：09:30:00-13:00:00)
	结果：未满足
===2021-08-10 17:50:08.355===
===2021-08-10 17:50:08.438===
股票：002097板块涨跌幅判断-额外参数：
	分组名称：1
	走势名称：发
		条件不成立(不符合板块涨跌幅条件)
	结果：未满足，返回code：-1
===2021-08-10 17:50:09.075===
额外条件未满足


===============================================

==============2021-08-10 17:50:32==============
===6开始执行条件2021-08-10 17:50:29.531===
===开始判断价格条件2021-08-10 17:50:29.531===
===开始判断额外/转自动条件2021-08-10 17:50:29.880===
===2021-08-10 17:50:30.319===
股票：002097指定时间段判断-额外参数：
	分组名称：1
	走势名称：时间段
		条件不成立(当前时间：2021-08-10 17:50:29.531,条件时段：09:30:00-13:00:00)
	结果：未满足
===2021-08-10 17:50:30.319===
===2021-08-10 17:50:30.500===
股票：002097板块涨跌幅判断-额外参数：
	分组名称：1
	走势名称：发
		条件不成立(不符合板块涨跌幅条件)
	结果：未满足，返回code：-1
===2021-08-10 17:50:32.353===
额外条件未满足


===============================================

==============2021-08-10 17:50:45==============
===6开始执行条件2021-08-10 17:50:40.119===
===开始判断价格条件2021-08-10 17:50:40.119===
===开始判断额外/转自动条件2021-08-10 17:50:41.655===
===2021-08-10 17:50:42.317===
股票：002097指定时间段判断-额外参数：
	分组名称：1
	走势名称：时间段
		条件不成立(当前时间：2021-08-10 17:50:40.118,条件时段：09:30:00-13:00:00)
	结果：未满足
===2021-08-10 17:50:42.317===
===2021-08-10 17:50:42.811===
股票：002097板块涨跌幅判断-额外参数：
	分组名称：1
	走势名称：发
		条件不成立(不符合板块涨跌幅条件)
	结果：未满足，返回code：-1
===2021-08-10 17:50:45.617===
额外条件未满足


===============================================

==============2021-08-10 17:51:08==============
===6开始执行条件2021-08-10 17:51:03.097===
===开始判断价格条件2021-08-10 17:51:03.097===
===开始判断额外/转自动条件2021-08-10 17:51:03.684===
===2021-08-10 17:51:04.591===
股票：002097指定时间段判断-额外参数：
	分组名称：1
	走势名称：时间段
		条件不成立(当前时间：2021-08-10 17:51:03.097,条件时段：09:30:00-13:00:00)
	结果：未满足
===2021-08-10 17:51:04.591===
===2021-08-10 17:51:04.845===
股票：002097板块涨跌幅判断-额外参数：
	分组名称：1
	走势名称：发
		条件不成立(不符合板块涨跌幅条件)
	结果：未满足，返回code：-1
===2021-08-10 17:51:08.947===
额外条件未满足


===============================================

==============2021-08-10 17:51:20==============
===6开始执行条件2021-08-10 17:51:14.946===
===开始判断价格条件2021-08-10 17:51:14.946===
===开始判断额外/转自动条件2021-08-10 17:51:16.198===
===2021-08-10 17:51:16.818===
股票：002097指定时间段判断-额外参数：
	分组名称：1
	走势名称：时间段
		条件不成立(当前时间：2021-08-10 17:51:14.945,条件时段：09:30:00-13:00:00)
	结果：未满足
===2021-08-10 17:51:16.818===
===2021-08-10 17:51:17.245===
股票：002097板块涨跌幅判断-额外参数：
	分组名称：1
	走势名称：发
		条件不成立(不符合板块涨跌幅条件)
	结果：未满足，返回code：-1
===2021-08-10 17:51:20.722===
额外条件未满足


===============================================

==============2021-08-10 17:51:57==============
===6开始执行条件2021-08-10 17:51:56.458===
===开始判断价格条件2021-08-10 17:51:56.458===
===开始判断额外/转自动条件2021-08-10 17:51:56.800===
===2021-08-10 17:51:56.984===
股票：002097指定时间段判断-额外参数：
	分组名称：1
	走势名称：时间段
		条件不成立(当前时间：2021-08-10 17:51:56.457,条件时段：09:30:00-13:00:00)
	结果：未满足
===2021-08-10 17:51:56.984===
===2021-08-10 17:51:57.120===
股票：002097板块涨跌幅判断-额外参数：
	分组名称：1
	走势名称：发
		条件不成立(不符合板块涨跌幅条件)
	结果：未满足，返回code：-1
===2021-08-10 17:51:57.904===
额外条件未满足


===============================================

==============2021-08-10 17:52:07==============
===6开始执行条件2021-08-10 17:52:03.246===
===开始判断价格条件2021-08-10 17:52:03.246===
===开始判断额外/转自动条件2021-08-10 17:52:04.193===
===2021-08-10 17:52:04.887===
股票：002097指定时间段判断-额外参数：
	分组名称：1
	走势名称：时间段
		条件不成立(当前时间：2021-08-10 17:52:03.246,条件时段：09:30:00-13:00:00)
	结果：未满足
===2021-08-10 17:52:04.887===
===2021-08-10 17:52:05.017===
股票：002097板块涨跌幅判断-额外参数：
	分组名称：1
	走势名称：发
		条件不成立(不符合板块涨跌幅条件)
	结果：未满足，返回code：-1
===2021-08-10 17:52:07.720===
额外条件未满足


===============================================

==============2021-08-10 17:52:23==============
===6开始执行条件2021-08-10 17:52:18.437===
===开始判断价格条件2021-08-10 17:52:18.437===
===开始判断额外/转自动条件2021-08-10 17:52:19.056===
===2021-08-10 17:52:20.288===
股票：002097指定时间段判断-额外参数：
	分组名称：1
	走势名称：时间段
		条件不成立(当前时间：2021-08-10 17:52:18.436,条件时段：09:30:00-13:00:00)
	结果：未满足
===2021-08-10 17:52:20.288===
===2021-08-10 17:52:20.711===
股票：002097板块涨跌幅判断-额外参数：
	分组名称：1
	走势名称：发
		条件不成立(不符合板块涨跌幅条件)
	结果：未满足，返回code：-1
===2021-08-10 17:52:23.893===
额外条件未满足


===============================================

==============2021-08-10 17:52:44==============
===6开始执行条件2021-08-10 17:52:40.141===
===开始判断价格条件2021-08-10 17:52:40.141===
===开始判断额外/转自动条件2021-08-10 17:52:40.933===
===2021-08-10 17:52:41.377===
股票：002097指定时间段判断-额外参数：
	分组名称：1
	走势名称：时间段
		条件不成立(当前时间：2021-08-10 17:52:40.140,条件时段：09:30:00-13:00:00)
	结果：未满足
===2021-08-10 17:52:41.377===
===2021-08-10 17:52:41.652===
股票：002097板块涨跌幅判断-额外参数：
	分组名称：1
	走势名称：发
		条件不成立(不符合板块涨跌幅条件)
	结果：未满足，返回code：-1
===2021-08-10 17:52:44.620===
额外条件未满足


===============================================

==============2021-08-10 17:52:59==============
===6开始执行条件2021-08-10 17:52:54.070===
===开始判断价格条件2021-08-10 17:52:54.070===
===开始判断额外/转自动条件2021-08-10 17:52:55.449===
===2021-08-10 17:52:56.190===
股票：002097指定时间段判断-额外参数：
	分组名称：1
	走势名称：时间段
		条件不成立(当前时间：2021-08-10 17:52:54.070,条件时段：09:30:00-13:00:00)
	结果：未满足
===2021-08-10 17:52:56.190===
===2021-08-10 17:52:56.826===
股票：002097板块涨跌幅判断-额外参数：
	分组名称：1
	走势名称：发
		条件不成立(不符合板块涨跌幅条件)
	结果：未满足，返回code：-1
===2021-08-10 17:52:59.813===
额外条件未满足


===============================================

==============2021-08-10 17:53:11==============
===6开始执行条件2021-08-10 17:53:10.850===
===开始判断价格条件2021-08-10 17:53:10.850===
===开始判断额外/转自动条件2021-08-10 17:53:11.039===
===2021-08-10 17:53:11.162===
股票：002097指定时间段判断-额外参数：
	分组名称：1
	走势名称：时间段
		条件不成立(当前时间：2021-08-10 17:53:10.850,条件时段：09:30:00-13:00:00)
	结果：未满足
===2021-08-10 17:53:11.162===
===2021-08-10 17:53:11.300===
股票：002097板块涨跌幅判断-额外参数：
	分组名称：1
	走势名称：发
		条件不成立(不符合板块涨跌幅条件)
	结果：未满足，返回code：-1
===2021-08-10 17:53:11.811===
额外条件未满足


===============================================

==============2021-08-10 17:53:31==============
===6开始执行条件2021-08-10 17:53:28.289===
===开始判断价格条件2021-08-10 17:53:28.289===
===开始判断额外/转自动条件2021-08-10 17:53:28.826===
===2021-08-10 17:53:29.298===
股票：002097指定时间段判断-额外参数：
	分组名称：1
	走势名称：时间段
		条件不成立(当前时间：2021-08-10 17:53:28.289,条件时段：09:30:00-13:00:00)
	结果：未满足
===2021-08-10 17:53:29.298===
===2021-08-10 17:53:29.400===
股票：002097板块涨跌幅判断-额外参数：
	分组名称：1
	走势名称：发
		条件不成立(不符合板块涨跌幅条件)
	结果：未满足，返回code：-1
===2021-08-10 17:53:31.287===
额外条件未满足


===============================================

==============2021-08-10 17:53:45==============
===6开始执行条件2021-08-10 17:53:40.358===
===开始判断价格条件2021-08-10 17:53:40.358===
===开始判断额外/转自动条件2021-08-10 17:53:42.344===
===2021-08-10 17:53:43.352===
股票：002097指定时间段判断-额外参数：
	分组名称：1
	走势名称：时间段
		条件不成立(当前时间：2021-08-10 17:53:40.125,条件时段：09:30:00-13:00:00)
	结果：未满足
===2021-08-10 17:53:43.352===
===2021-08-10 17:53:43.649===
股票：002097板块涨跌幅判断-额外参数：
	分组名称：1
	走势名称：发
		条件不成立(不符合板块涨跌幅条件)
	结果：未满足，返回code：-1
===2021-08-10 17:53:45.400===
额外条件未满足


===============================================

==============2021-08-10 17:54:00==============
===6开始执行条件2021-08-10 17:53:59.009===
===开始判断价格条件2021-08-10 17:53:59.009===
===开始判断额外/转自动条件2021-08-10 17:53:59.103===
===2021-08-10 17:53:59.321===
股票：002097指定时间段判断-额外参数：
	分组名称：1
	走势名称：时间段
		条件不成立(当前时间：2021-08-10 17:53:59.009,条件时段：09:30:00-13:00:00)
	结果：未满足
===2021-08-10 17:53:59.321===
===2021-08-10 17:53:59.424===
股票：002097板块涨跌幅判断-额外参数：
	分组名称：1
	走势名称：发
		条件不成立(不符合板块涨跌幅条件)
	结果：未满足，返回code：-1
===2021-08-10 17:54:00.292===
额外条件未满足


===============================================

==============2021-08-10 17:54:14==============
===6开始执行条件2021-08-10 17:54:14.499===
===开始判断价格条件2021-08-10 17:54:14.499===
===开始判断额外/转自动条件2021-08-10 17:54:14.623===
===2021-08-10 17:54:14.665===
股票：002097指定时间段判断-额外参数：
	分组名称：1
	走势名称：时间段
		条件不成立(当前时间：2021-08-10 17:54:14.499,条件时段：09:30:00-13:00:00)
	结果：未满足
===2021-08-10 17:54:14.665===
===2021-08-10 17:54:14.685===
股票：002097板块涨跌幅判断-额外参数：
	分组名称：1
	走势名称：发
		条件不成立(不符合板块涨跌幅条件)
	结果：未满足，返回code：-1
===2021-08-10 17:54:14.947===
额外条件未满足


===============================================

