==============2021-08-09 10:08:49==============
===6开始执行条件2021-08-09 10:08:46.700===
===开始判断价格条件2021-08-09 10:08:46.700===
===开始判断额外/转自动条件2021-08-09 10:08:48.313===
===2021-08-09 10:08:48.810===
股票：002097指定时间段判断-额外参数：
	分组名称：1
	走势名称：时间段
		条件成立(当前时间：2021-08-09 10:08:46.700,条件时段：09:30:00-13:00:00)
	结果：达到要求
===2021-08-09 10:08:49.201===
===2021-08-09 10:08:49.815===
股票：002097多头向上判断-转自动参数：
	分组名称：2
	走势名称：多头向上
	结果：未满足，返回code：0
===2021-08-09 10:08:49.815===
满足所有条件，可以触发


===============================================

==============2021-08-09 10:09:14==============
===6开始执行条件2021-08-09 10:09:08.852===
===开始判断价格条件2021-08-09 10:09:08.852===
===开始判断额外/转自动条件2021-08-09 10:09:09.644===
===2021-08-09 10:09:10.490===
股票：002097指定时间段判断-额外参数：
	分组名称：1
	走势名称：时间段
		条件成立(当前时间：2021-08-09 10:09:08.851,条件时段：09:30:00-13:00:00)
	结果：达到要求
===2021-08-09 10:09:12.172===
===2021-08-09 10:09:14.724===
股票：002097多头向上判断-转自动参数：
	分组名称：2
	走势名称：多头向上
	结果：未满足，返回code：0
===2021-08-09 10:09:14.724===
满足所有条件，可以触发


===============================================

==============2021-08-09 10:09:31==============
===6开始执行条件2021-08-09 10:09:26.234===
===开始判断价格条件2021-08-09 10:09:26.234===
===开始判断额外/转自动条件2021-08-09 10:09:28.683===
===2021-08-09 10:09:29.427===
股票：002097指定时间段判断-额外参数：
	分组名称：1
	走势名称：时间段
		条件成立(当前时间：2021-08-09 10:09:26.234,条件时段：09:30:00-13:00:00)
	结果：达到要求
===2021-08-09 10:09:30.274===
===2021-08-09 10:09:31.438===
股票：002097多头向上判断-转自动参数：
	分组名称：2
	走势名称：多头向上
	结果：未满足，返回code：0
===2021-08-09 10:09:31.438===
满足所有条件，可以触发


===============================================

==============2021-08-09 10:10:38==============
===6开始执行条件2021-08-09 10:10:35.440===
===开始判断价格条件2021-08-09 10:10:35.440===
===开始判断额外/转自动条件2021-08-09 10:10:36.174===
===2021-08-09 10:10:36.656===
股票：002097指定时间段判断-额外参数：
	分组名称：1
	走势名称：时间段
		条件成立(当前时间：2021-08-09 10:10:35.440,条件时段：09:30:00-13:00:00)
	结果：达到要求
===2021-08-09 10:10:37.200===
===2021-08-09 10:10:38.318===
股票：002097多头向上判断-转自动参数：
	分组名称：2
	走势名称：多头向上
	结果：未满足，返回code：0
===2021-08-09 10:10:38.318===
满足所有条件，可以触发


===============================================

==============2021-08-09 10:10:51==============
===6开始执行条件2021-08-09 10:10:49.921===
===开始判断价格条件2021-08-09 10:10:49.921===
===开始判断额外/转自动条件2021-08-09 10:10:50.720===
===2021-08-09 10:10:50.860===
股票：002097指定时间段判断-额外参数：
	分组名称：1
	走势名称：时间段
		条件成立(当前时间：2021-08-09 10:10:49.921,条件时段：09:30:00-13:00:00)
	结果：达到要求
===2021-08-09 10:10:51.206===
===2021-08-09 10:10:51.628===
股票：002097多头向上判断-转自动参数：
	分组名称：2
	走势名称：多头向上
	结果：未满足，返回code：0
===2021-08-09 10:10:51.628===
满足所有条件，可以触发


===============================================

==============2021-08-09 10:11:03==============
===6开始执行条件2021-08-09 10:11:02.722===
===开始判断价格条件2021-08-09 10:11:02.722===
===开始判断额外/转自动条件2021-08-09 10:11:03.100===
===2021-08-09 10:11:03.154===
股票：002097指定时间段判断-额外参数：
	分组名称：1
	走势名称：时间段
		条件成立(当前时间：2021-08-09 10:11:02.721,条件时段：09:30:00-13:00:00)
	结果：达到要求
===2021-08-09 10:11:03.201===
===2021-08-09 10:11:03.921===
股票：002097多头向上判断-转自动参数：
	分组名称：2
	走势名称：多头向上
	结果：未满足，返回code：0
===2021-08-09 10:11:03.922===
满足所有条件，可以触发


===============================================

==============2021-08-09 10:11:20==============
===6开始执行条件2021-08-09 10:11:19.035===
===开始判断价格条件2021-08-09 10:11:19.035===
===开始判断额外/转自动条件2021-08-09 10:11:19.514===
===2021-08-09 10:11:19.785===
股票：002097指定时间段判断-额外参数：
	分组名称：1
	走势名称：时间段
		条件成立(当前时间：2021-08-09 10:11:19.035,条件时段：09:30:00-13:00:00)
	结果：达到要求
===2021-08-09 10:11:19.964===
===2021-08-09 10:11:20.267===
股票：002097多头向上判断-转自动参数：
	分组名称：2
	走势名称：多头向上
	结果：未满足，返回code：0
===2021-08-09 10:11:20.267===
满足所有条件，可以触发


===============================================

==============2021-08-09 11:02:41==============
===6开始执行条件2021-08-09 11:02:41.086===
===开始判断价格条件2021-08-09 11:02:41.086===
===开始判断额外/转自动条件2021-08-09 11:02:41.137===
===2021-08-09 11:02:41.170===
股票：002097指定时间段判断-额外参数：
	分组名称：1
	走势名称：时间段
		条件成立(当前时间：2021-08-09 11:02:41.086,条件时段：09:30:00-13:00:00)
	结果：达到要求
===2021-08-09 11:02:41.207===
===2021-08-09 11:02:41.267===
股票：002097多头向上判断-转自动参数：
	分组名称：2
	走势名称：多头向上
	结果：未满足，返回code：0
===2021-08-09 11:02:41.267===
满足所有条件，可以触发


===============================================

==============2021-08-09 11:02:50==============
===6开始执行条件2021-08-09 11:02:50.406===
===开始判断价格条件2021-08-09 11:02:50.406===
===开始判断额外/转自动条件2021-08-09 11:02:50.599===
===2021-08-09 11:02:50.762===
股票：002097指定时间段判断-额外参数：
	分组名称：1
	走势名称：时间段
		条件成立(当前时间：2021-08-09 11:02:50.406,条件时段：09:30:00-13:00:00)
	结果：达到要求
===2021-08-09 11:02:50.884===
===2021-08-09 11:02:50.993===
股票：002097多头向上判断-转自动参数：
	分组名称：2
	走势名称：多头向上
	结果：未满足，返回code：0
===2021-08-09 11:02:50.993===
满足所有条件，可以触发


===============================================

==============2021-08-09 11:03:14==============
===6开始执行条件2021-08-09 11:03:13.932===
===开始判断价格条件2021-08-09 11:03:13.932===
===开始判断额外/转自动条件2021-08-09 11:03:14.089===
===2021-08-09 11:03:14.178===
股票：002097指定时间段判断-额外参数：
	分组名称：1
	走势名称：时间段
		条件成立(当前时间：2021-08-09 11:03:13.932,条件时段：09:30:00-13:00:00)
	结果：达到要求
===2021-08-09 11:03:14.311===
===2021-08-09 11:03:14.375===
股票：002097多头向上判断-转自动参数：
	分组名称：2
	走势名称：多头向上
	结果：未满足，返回code：0
===2021-08-09 11:03:14.375===
满足所有条件，可以触发


===============================================

==============2021-08-09 11:03:29==============
===6开始执行条件2021-08-09 11:03:28.509===
===开始判断价格条件2021-08-09 11:03:28.509===
===开始判断额外/转自动条件2021-08-09 11:03:28.661===
===2021-08-09 11:03:29.661===
股票：002097指定时间段判断-额外参数：
	分组名称：1
	走势名称：时间段
		条件成立(当前时间：2021-08-09 11:03:28.508,条件时段：09:30:00-13:00:00)
	结果：达到要求
===2021-08-09 11:03:29.737===
===2021-08-09 11:03:29.847===
股票：002097多头向上判断-转自动参数：
	分组名称：2
	走势名称：多头向上
	结果：未满足，返回code：0
===2021-08-09 11:03:29.847===
满足所有条件，可以触发


===============================================

==============2021-08-09 11:03:53==============
===6开始执行条件2021-08-09 11:03:51.855===
===开始判断价格条件2021-08-09 11:03:51.855===
===开始判断额外/转自动条件2021-08-09 11:03:52.180===
===2021-08-09 11:03:52.371===
股票：002097指定时间段判断-额外参数：
	分组名称：1
	走势名称：时间段
		条件成立(当前时间：2021-08-09 11:03:51.854,条件时段：09:30:00-13:00:00)
	结果：达到要求
===2021-08-09 11:03:52.623===
===2021-08-09 11:03:53.044===
股票：002097多头向上判断-转自动参数：
	分组名称：2
	走势名称：多头向上
	结果：未满足，返回code：0
===2021-08-09 11:03:53.044===
满足所有条件，可以触发


===============================================

