==============2021-08-10 17:37:12==============
===6开始执行条件2021-08-10 17:37:11.849===
===开始判断价格条件2021-08-10 17:37:11.863===
===开始判断额外/转自动条件2021-08-10 17:37:12.114===
===2021-08-10 17:37:12.168===
股票：600395指定时间段判断-额外参数：
	分组名称：1
	走势名称：时间段
		条件不成立(当前时间：2021-08-10 17:37:11.843,条件时段：09:30:00-13:00:00)
	结果：未满足
===2021-08-10 17:37:12.168===
===2021-08-10 17:37:12.195===
股票：600395板块涨跌幅判断-额外参数：
	分组名称：1
	走势名称：发
		条件不成立(不符合板块涨跌幅条件)
	结果：未满足，返回code：-1
===2021-08-10 17:37:12.454===
额外条件未满足


===============================================

==============2021-08-10 17:41:03==============
===6开始执行条件2021-08-10 17:41:02.444===
===开始判断价格条件2021-08-10 17:41:02.444===
===开始判断额外/转自动条件2021-08-10 17:41:02.526===
===2021-08-10 17:41:02.892===
股票：600395指定时间段判断-额外参数：
	分组名称：1
	走势名称：时间段
		条件不成立(当前时间：2021-08-10 17:41:02.444,条件时段：09:30:00-13:00:00)
	结果：未满足
===2021-08-10 17:41:02.892===
===2021-08-10 17:41:03.013===
股票：600395板块涨跌幅判断-额外参数：
	分组名称：1
	走势名称：发
		条件不成立(不符合板块涨跌幅条件)
	结果：未满足，返回code：-1
===2021-08-10 17:41:03.422===
额外条件未满足


===============================================

==============2021-08-10 17:41:15==============
===6开始执行条件2021-08-10 17:41:14.366===
===开始判断价格条件2021-08-10 17:41:14.366===
===开始判断额外/转自动条件2021-08-10 17:41:14.700===
===2021-08-10 17:41:14.896===
股票：600395指定时间段判断-额外参数：
	分组名称：1
	走势名称：时间段
		条件不成立(当前时间：2021-08-10 17:41:14.366,条件时段：09:30:00-13:00:00)
	结果：未满足
===2021-08-10 17:41:14.896===
===2021-08-10 17:41:14.991===
股票：600395板块涨跌幅判断-额外参数：
	分组名称：1
	走势名称：发
		条件不成立(不符合板块涨跌幅条件)
	结果：未满足，返回code：-1
===2021-08-10 17:41:15.837===
额外条件未满足


===============================================

==============2021-08-10 17:41:50==============
===6开始执行条件2021-08-10 17:41:45.676===
===开始判断价格条件2021-08-10 17:41:45.676===
===开始判断额外/转自动条件2021-08-10 17:41:46.179===
===2021-08-10 17:41:46.387===
股票：600395指定时间段判断-额外参数：
	分组名称：1
	走势名称：时间段
		条件不成立(当前时间：2021-08-10 17:41:45.675,条件时段：09:30:00-13:00:00)
	结果：未满足
===2021-08-10 17:41:46.387===
===2021-08-10 17:41:46.540===
股票：600395板块涨跌幅判断-额外参数：
	分组名称：1
	走势名称：发
		条件不成立(不符合板块涨跌幅条件)
	结果：未满足，返回code：-1
===2021-08-10 17:41:50.558===
额外条件未满足


===============================================

==============2021-08-10 17:42:11==============
===6开始执行条件2021-08-10 17:42:06.846===
===开始判断价格条件2021-08-10 17:42:06.846===
===开始判断额外/转自动条件2021-08-10 17:42:07.528===
===2021-08-10 17:42:07.942===
股票：600395指定时间段判断-额外参数：
	分组名称：1
	走势名称：时间段
		条件不成立(当前时间：2021-08-10 17:42:06.845,条件时段：09:30:00-13:00:00)
	结果：未满足
===2021-08-10 17:42:07.942===
===2021-08-10 17:42:08.054===
股票：600395板块涨跌幅判断-额外参数：
	分组名称：1
	走势名称：发
		条件不成立(不符合板块涨跌幅条件)
	结果：未满足，返回code：-1
===2021-08-10 17:42:11.487===
额外条件未满足


===============================================

==============2021-08-10 17:43:50==============
===6开始执行条件2021-08-10 17:43:48.819===
===开始判断价格条件2021-08-10 17:43:48.819===
===开始判断额外/转自动条件2021-08-10 17:43:48.992===
===2021-08-10 17:43:49.041===
股票：600395指定时间段判断-额外参数：
	分组名称：1
	走势名称：时间段
		条件不成立(当前时间：2021-08-10 17:43:48.818,条件时段：09:30:00-13:00:00)
	结果：未满足
===2021-08-10 17:43:49.041===
===2021-08-10 17:43:49.061===
股票：600395板块涨跌幅判断-额外参数：
	分组名称：1
	走势名称：发
		条件不成立(不符合板块涨跌幅条件)
	结果：未满足，返回code：-1
===2021-08-10 17:43:50.023===
额外条件未满足


===============================================

==============2021-08-10 17:44:05==============
===6开始执行条件2021-08-10 17:44:04.801===
===开始判断价格条件2021-08-10 17:44:04.801===
===开始判断额外/转自动条件2021-08-10 17:44:05.137===
===2021-08-10 17:44:05.213===
股票：600395指定时间段判断-额外参数：
	分组名称：1
	走势名称：时间段
		条件不成立(当前时间：2021-08-10 17:44:04.798,条件时段：09:30:00-13:00:00)
	结果：未满足
===2021-08-10 17:44:05.213===
===2021-08-10 17:44:05.524===
股票：600395板块涨跌幅判断-额外参数：
	分组名称：1
	走势名称：发
		条件不成立(不符合板块涨跌幅条件)
	结果：未满足，返回code：-1
===2021-08-10 17:44:05.705===
额外条件未满足


===============================================

==============2021-08-10 17:47:34==============
===6开始执行条件2021-08-10 17:47:30.814===
===开始判断价格条件2021-08-10 17:47:30.814===
===开始判断额外/转自动条件2021-08-10 17:47:31.591===
===2021-08-10 17:47:31.921===
股票：600395指定时间段判断-额外参数：
	分组名称：1
	走势名称：时间段
		条件不成立(当前时间：2021-08-10 17:47:30.814,条件时段：09:30:00-13:00:00)
	结果：未满足
===2021-08-10 17:47:31.921===
===2021-08-10 17:47:32.010===
股票：600395板块涨跌幅判断-额外参数：
	分组名称：1
	走势名称：发
		条件不成立(不符合板块涨跌幅条件)
	结果：未满足，返回code：-1
===2021-08-10 17:47:34.104===
额外条件未满足


===============================================

==============2021-08-10 17:47:49==============
===6开始执行条件2021-08-10 17:47:46.390===
===开始判断价格条件2021-08-10 17:47:46.390===
===开始判断额外/转自动条件2021-08-10 17:47:47.007===
===2021-08-10 17:47:47.478===
股票：600395指定时间段判断-额外参数：
	分组名称：1
	走势名称：时间段
		条件不成立(当前时间：2021-08-10 17:47:46.376,条件时段：09:30:00-13:00:00)
	结果：未满足
===2021-08-10 17:47:47.540===
===2021-08-10 17:47:47.737===
股票：600395板块涨跌幅判断-额外参数：
	分组名称：1
	走势名称：发
		条件不成立(不符合板块涨跌幅条件)
	结果：未满足，返回code：-1
===2021-08-10 17:47:49.640===
额外条件未满足


===============================================

==============2021-08-10 17:49:00==============
===6开始执行条件2021-08-10 17:48:59.778===
===开始判断价格条件2021-08-10 17:48:59.778===
===开始判断额外/转自动条件2021-08-10 17:48:59.966===
===2021-08-10 17:49:00.166===
股票：600395指定时间段判断-额外参数：
	分组名称：1
	走势名称：时间段
		条件不成立(当前时间：2021-08-10 17:48:59.770,条件时段：09:30:00-13:00:00)
	结果：未满足
===2021-08-10 17:49:00.166===
===2021-08-10 17:49:00.237===
股票：600395板块涨跌幅判断-额外参数：
	分组名称：1
	走势名称：发
		条件不成立(不符合板块涨跌幅条件)
	结果：未满足，返回code：-1
===2021-08-10 17:49:00.683===
额外条件未满足


===============================================

==============2021-08-10 17:49:16==============
===6开始执行条件2021-08-10 17:49:13.759===
===开始判断价格条件2021-08-10 17:49:13.759===
===开始判断额外/转自动条件2021-08-10 17:49:14.177===
===2021-08-10 17:49:14.425===
股票：600395指定时间段判断-额外参数：
	分组名称：1
	走势名称：时间段
		条件不成立(当前时间：2021-08-10 17:49:13.759,条件时段：09:30:00-13:00:00)
	结果：未满足
===2021-08-10 17:49:14.425===
===2021-08-10 17:49:14.483===
股票：600395板块涨跌幅判断-额外参数：
	分组名称：1
	走势名称：发
		条件不成立(不符合板块涨跌幅条件)
	结果：未满足，返回code：-1
===2021-08-10 17:49:16.428===
额外条件未满足


===============================================

==============2021-08-10 17:49:55==============
===6开始执行条件2021-08-10 17:49:50.192===
===开始判断价格条件2021-08-10 17:49:50.192===
===开始判断额外/转自动条件2021-08-10 17:49:50.943===
===2021-08-10 17:49:51.381===
股票：600395指定时间段判断-额外参数：
	分组名称：1
	走势名称：时间段
		条件不成立(当前时间：2021-08-10 17:49:50.192,条件时段：09:30:00-13:00:00)
	结果：未满足
===2021-08-10 17:49:51.381===
===2021-08-10 17:49:51.754===
股票：600395板块涨跌幅判断-额外参数：
	分组名称：1
	走势名称：发
		条件不成立(不符合板块涨跌幅条件)
	结果：未满足，返回code：-1
===2021-08-10 17:49:55.466===
额外条件未满足


===============================================

==============2021-08-10 17:50:08==============
===6开始执行条件2021-08-10 17:50:06.071===
===开始判断价格条件2021-08-10 17:50:06.071===
===开始判断额外/转自动条件2021-08-10 17:50:06.197===
===2021-08-10 17:50:06.273===
股票：600395指定时间段判断-额外参数：
	分组名称：1
	走势名称：时间段
		条件不成立(当前时间：2021-08-10 17:50:06.071,条件时段：09:30:00-13:00:00)
	结果：未满足
===2021-08-10 17:50:06.273===
===2021-08-10 17:50:06.303===
股票：600395板块涨跌幅判断-额外参数：
	分组名称：1
	走势名称：发
		条件不成立(不符合板块涨跌幅条件)
	结果：未满足，返回code：-1
===2021-08-10 17:50:08.127===
额外条件未满足


===============================================

==============2021-08-10 17:50:34==============
===6开始执行条件2021-08-10 17:50:29.361===
===开始判断价格条件2021-08-10 17:50:29.361===
===开始判断额外/转自动条件2021-08-10 17:50:29.882===
===2021-08-10 17:50:31.860===
股票：600395指定时间段判断-额外参数：
	分组名称：1
	走势名称：时间段
		条件不成立(当前时间：2021-08-10 17:50:29.361,条件时段：09:30:00-13:00:00)
	结果：未满足
===2021-08-10 17:50:31.860===
===2021-08-10 17:50:32.056===
股票：600395板块涨跌幅判断-额外参数：
	分组名称：1
	走势名称：发
		条件不成立(不符合板块涨跌幅条件)
	结果：未满足，返回code：-1
===2021-08-10 17:50:34.908===
额外条件未满足


===============================================

==============2021-08-10 17:50:39==============
===6开始执行条件2021-08-10 17:50:37.183===
===开始判断价格条件2021-08-10 17:50:37.183===
===开始判断额外/转自动条件2021-08-10 17:50:37.552===
===2021-08-10 17:50:37.698===
股票：600395指定时间段判断-额外参数：
	分组名称：1
	走势名称：时间段
		条件不成立(当前时间：2021-08-10 17:50:37.182,条件时段：09:30:00-13:00:00)
	结果：未满足
===2021-08-10 17:50:37.698===
===2021-08-10 17:50:37.736===
股票：600395板块涨跌幅判断-额外参数：
	分组名称：1
	走势名称：发
		条件不成立(不符合板块涨跌幅条件)
	结果：未满足，返回code：-1
===2021-08-10 17:50:39.495===
额外条件未满足


===============================================

==============2021-08-10 17:51:08==============
===6开始执行条件2021-08-10 17:51:03.088===
===开始判断价格条件2021-08-10 17:51:03.088===
===开始判断额外/转自动条件2021-08-10 17:51:03.915===
===2021-08-10 17:51:04.611===
股票：600395指定时间段判断-额外参数：
	分组名称：1
	走势名称：时间段
		条件不成立(当前时间：2021-08-10 17:51:03.088,条件时段：09:30:00-13:00:00)
	结果：未满足
===2021-08-10 17:51:04.611===
===2021-08-10 17:51:04.845===
股票：600395板块涨跌幅判断-额外参数：
	分组名称：1
	走势名称：发
		条件不成立(不符合板块涨跌幅条件)
	结果：未满足，返回code：-1
===2021-08-10 17:51:08.635===
额外条件未满足


===============================================

==============2021-08-10 17:51:15==============
===6开始执行条件2021-08-10 17:51:12.191===
===开始判断价格条件2021-08-10 17:51:12.191===
===开始判断额外/转自动条件2021-08-10 17:51:12.635===
===2021-08-10 17:51:12.826===
股票：600395指定时间段判断-额外参数：
	分组名称：1
	走势名称：时间段
		条件不成立(当前时间：2021-08-10 17:51:12.191,条件时段：09:30:00-13:00:00)
	结果：未满足
===2021-08-10 17:51:12.826===
===2021-08-10 17:51:12.882===
股票：600395板块涨跌幅判断-额外参数：
	分组名称：1
	走势名称：发
		条件不成立(不符合板块涨跌幅条件)
	结果：未满足，返回code：-1
===2021-08-10 17:51:15.123===
额外条件未满足


===============================================

==============2021-08-10 17:52:03==============
===6开始执行条件2021-08-10 17:52:00.446===
===开始判断价格条件2021-08-10 17:52:00.446===
===开始判断额外/转自动条件2021-08-10 17:52:00.792===
===2021-08-10 17:52:01.143===
股票：600395指定时间段判断-额外参数：
	分组名称：1
	走势名称：时间段
		条件不成立(当前时间：2021-08-10 17:52:00.445,条件时段：09:30:00-13:00:00)
	结果：未满足
===2021-08-10 17:52:01.143===
===2021-08-10 17:52:01.394===
股票：600395板块涨跌幅判断-额外参数：
	分组名称：1
	走势名称：发
		条件不成立(不符合板块涨跌幅条件)
	结果：未满足，返回code：-1
===2021-08-10 17:52:03.870===
额外条件未满足


===============================================

==============2021-08-10 17:52:18==============
===6开始执行条件2021-08-10 17:52:16.097===
===开始判断价格条件2021-08-10 17:52:16.097===
===开始判断额外/转自动条件2021-08-10 17:52:16.478===
===2021-08-10 17:52:16.751===
股票：600395指定时间段判断-额外参数：
	分组名称：1
	走势名称：时间段
		条件不成立(当前时间：2021-08-10 17:52:16.097,条件时段：09:30:00-13:00:00)
	结果：未满足
===2021-08-10 17:52:16.751===
===2021-08-10 17:52:16.867===
股票：600395板块涨跌幅判断-额外参数：
	分组名称：1
	走势名称：发
		条件不成立(不符合板块涨跌幅条件)
	结果：未满足，返回code：-1
===2021-08-10 17:52:18.436===
额外条件未满足


===============================================

==============2021-08-10 17:52:42==============
===6开始执行条件2021-08-10 17:52:38.172===
===开始判断价格条件2021-08-10 17:52:38.172===
===开始判断额外/转自动条件2021-08-10 17:52:40.339===
===2021-08-10 17:52:40.729===
股票：600395指定时间段判断-额外参数：
	分组名称：1
	走势名称：时间段
		条件不成立(当前时间：2021-08-10 17:52:38.172,条件时段：09:30:00-13:00:00)
	结果：未满足
===2021-08-10 17:52:40.729===
===2021-08-10 17:52:40.824===
股票：600395板块涨跌幅判断-额外参数：
	分组名称：1
	走势名称：发
		条件不成立(不符合板块涨跌幅条件)
	结果：未满足，返回code：-1
===2021-08-10 17:52:42.568===
额外条件未满足


===============================================

==============2021-08-10 17:52:59==============
===6开始执行条件2021-08-10 17:52:54.067===
===开始判断价格条件2021-08-10 17:52:54.067===
===开始判断额外/转自动条件2021-08-10 17:52:55.583===
===2021-08-10 17:52:56.102===
股票：600395指定时间段判断-额外参数：
	分组名称：1
	走势名称：时间段
		条件不成立(当前时间：2021-08-10 17:52:53.918,条件时段：09:30:00-13:00:00)
	结果：未满足
===2021-08-10 17:52:56.102===
===2021-08-10 17:52:56.249===
股票：600395板块涨跌幅判断-额外参数：
	分组名称：1
	走势名称：发
		条件不成立(不符合板块涨跌幅条件)
	结果：未满足，返回code：-1
===2021-08-10 17:52:59.406===
额外条件未满足


===============================================

==============2021-08-10 17:53:11==============
===6开始执行条件2021-08-10 17:53:10.032===
===开始判断价格条件2021-08-10 17:53:10.032===
===开始判断额外/转自动条件2021-08-10 17:53:10.380===
===2021-08-10 17:53:10.434===
股票：600395指定时间段判断-额外参数：
	分组名称：1
	走势名称：时间段
		条件不成立(当前时间：2021-08-10 17:53:10.031,条件时段：09:30:00-13:00:00)
	结果：未满足
===2021-08-10 17:53:10.434===
===2021-08-10 17:53:10.465===
股票：600395板块涨跌幅判断-额外参数：
	分组名称：1
	走势名称：发
		条件不成立(不符合板块涨跌幅条件)
	结果：未满足，返回code：-1
===2021-08-10 17:53:11.241===
额外条件未满足


===============================================

==============2021-08-10 17:53:29==============
===6开始执行条件2021-08-10 17:53:27.134===
===开始判断价格条件2021-08-10 17:53:27.134===
===开始判断额外/转自动条件2021-08-10 17:53:27.377===
===2021-08-10 17:53:28.724===
股票：600395指定时间段判断-额外参数：
	分组名称：1
	走势名称：时间段
		条件不成立(当前时间：2021-08-10 17:53:27.134,条件时段：09:30:00-13:00:00)
	结果：未满足
===2021-08-10 17:53:28.725===
===2021-08-10 17:53:28.938===
股票：600395板块涨跌幅判断-额外参数：
	分组名称：1
	走势名称：发
		条件不成立(不符合板块涨跌幅条件)
	结果：未满足，返回code：-1
===2021-08-10 17:53:29.937===
额外条件未满足


===============================================

==============2021-08-10 17:53:41==============
===6开始执行条件2021-08-10 17:53:38.957===
===开始判断价格条件2021-08-10 17:53:38.957===
===开始判断额外/转自动条件2021-08-10 17:53:39.617===
===2021-08-10 17:53:40.024===
股票：600395指定时间段判断-额外参数：
	分组名称：1
	走势名称：时间段
		条件不成立(当前时间：2021-08-10 17:53:38.957,条件时段：09:30:00-13:00:00)
	结果：未满足
===2021-08-10 17:53:40.024===
===2021-08-10 17:53:40.114===
股票：600395板块涨跌幅判断-额外参数：
	分组名称：1
	走势名称：发
		条件不成立(不符合板块涨跌幅条件)
	结果：未满足，返回code：-1
===2021-08-10 17:53:41.128===
额外条件未满足


===============================================

==============2021-08-10 17:53:59==============
===6开始执行条件2021-08-10 17:53:58.126===
===开始判断价格条件2021-08-10 17:53:58.126===
===开始判断额外/转自动条件2021-08-10 17:53:58.204===
===2021-08-10 17:53:58.257===
股票：600395指定时间段判断-额外参数：
	分组名称：1
	走势名称：时间段
		条件不成立(当前时间：2021-08-10 17:53:58.126,条件时段：09:30:00-13:00:00)
	结果：未满足
===2021-08-10 17:53:58.257===
===2021-08-10 17:53:58.275===
股票：600395板块涨跌幅判断-额外参数：
	分组名称：1
	走势名称：发
		条件不成立(不符合板块涨跌幅条件)
	结果：未满足，返回code：-1
===2021-08-10 17:53:59.008===
额外条件未满足


===============================================

==============2021-08-10 17:54:14==============
===6开始执行条件2021-08-10 17:54:13.603===
===开始判断价格条件2021-08-10 17:54:13.603===
===开始判断额外/转自动条件2021-08-10 17:54:13.716===
===2021-08-10 17:54:13.765===
股票：600395指定时间段判断-额外参数：
	分组名称：1
	走势名称：时间段
		条件不成立(当前时间：2021-08-10 17:54:13.602,条件时段：09:30:00-13:00:00)
	结果：未满足
===2021-08-10 17:54:13.765===
===2021-08-10 17:54:13.789===
股票：600395板块涨跌幅判断-额外参数：
	分组名称：1
	走势名称：发
		条件不成立(不符合板块涨跌幅条件)
	结果：未满足，返回code：-1
===2021-08-10 17:54:14.082===
额外条件未满足


===============================================

