==============2021-08-06 14:25:54==============
===6开始执行条件2021-08-06 14:25:51.251===
===开始判断价格条件2021-08-06 14:25:51.251===
===开始判断额外/转自动条件2021-08-06 14:25:51.591===
===2021-08-06 14:25:51.729===
股票：600395指定时间段判断-额外参数：
	分组名称：1
	走势名称：时间段
		条件不成立(当前时间：2021-08-06 14:25:51.251,条件时段：09:30:00-13:00:00)
	结果：未满足
===2021-08-06 14:25:51.729===
===2021-08-06 14:25:52.125===
股票：600395板块涨跌幅判断-额外参数：
	分组名称：1
	走势名称：发
		条件不成立(不符合板块涨跌幅条件)
	结果：未满足，返回code：-1
===2021-08-06 14:25:54.991===
额外条件未满足


===============================================

==============2021-08-06 14:26:08==============
===6开始执行条件2021-08-06 14:26:05.992===
===开始判断价格条件2021-08-06 14:26:05.992===
===开始判断额外/转自动条件2021-08-06 14:26:06.675===
===2021-08-06 14:26:07.662===
股票：600395指定时间段判断-额外参数：
	分组名称：1
	走势名称：时间段
		条件不成立(当前时间：2021-08-06 14:26:05.992,条件时段：09:30:00-13:00:00)
	结果：未满足
===2021-08-06 14:26:07.662===
===2021-08-06 14:26:07.782===
股票：600395板块涨跌幅判断-额外参数：
	分组名称：1
	走势名称：发
		条件不成立(不符合板块涨跌幅条件)
	结果：未满足，返回code：-1
===2021-08-06 14:26:08.896===
额外条件未满足


===============================================

==============2021-08-06 14:26:36==============
===6开始执行条件2021-08-06 14:26:33.763===
===开始判断价格条件2021-08-06 14:26:33.763===
===开始判断额外/转自动条件2021-08-06 14:26:33.894===
===2021-08-06 14:26:34.249===
股票：600395指定时间段判断-额外参数：
	分组名称：1
	走势名称：时间段
		条件不成立(当前时间：2021-08-06 14:26:33.762,条件时段：09:30:00-13:00:00)
	结果：未满足
===2021-08-06 14:26:34.249===
===2021-08-06 14:26:34.408===
股票：600395板块涨跌幅判断-额外参数：
	分组名称：1
	走势名称：发
		条件不成立(不符合板块涨跌幅条件)
	结果：未满足，返回code：-1
===2021-08-06 14:26:36.107===
额外条件未满足


===============================================

==============2021-08-06 14:26:52==============
===6开始执行条件2021-08-06 14:26:49.833===
===开始判断价格条件2021-08-06 14:26:49.833===
===开始判断额外/转自动条件2021-08-06 14:26:50.297===
===2021-08-06 14:26:50.866===
股票：600395指定时间段判断-额外参数：
	分组名称：1
	走势名称：时间段
		条件不成立(当前时间：2021-08-06 14:26:49.833,条件时段：09:30:00-13:00:00)
	结果：未满足
===2021-08-06 14:26:50.866===
===2021-08-06 14:26:51.181===
股票：600395板块涨跌幅判断-额外参数：
	分组名称：1
	走势名称：发
		条件不成立(不符合板块涨跌幅条件)
	结果：未满足，返回code：-1
===2021-08-06 14:26:52.064===
额外条件未满足


===============================================

==============2021-08-06 14:29:15==============
===6开始执行条件2021-08-06 14:29:14.039===
===开始判断价格条件2021-08-06 14:29:14.039===
===开始判断额外/转自动条件2021-08-06 14:29:14.275===
===2021-08-06 14:29:14.325===
股票：600395指定时间段判断-额外参数：
	分组名称：1
	走势名称：时间段
		条件不成立(当前时间：2021-08-06 14:29:14.032,条件时段：09:30:00-13:00:00)
	结果：未满足
===2021-08-06 14:29:14.325===
===2021-08-06 14:29:14.358===
股票：600395板块涨跌幅判断-额外参数：
	分组名称：1
	走势名称：发
		条件不成立(不符合板块涨跌幅条件)
	结果：未满足，返回code：-1
===2021-08-06 14:29:15.195===
额外条件未满足


===============================================

==============2021-08-06 14:34:34==============
===6开始执行条件2021-08-06 14:34:33.143===
===开始判断价格条件2021-08-06 14:34:33.143===
===开始判断额外/转自动条件2021-08-06 14:34:33.223===
===2021-08-06 14:34:33.737===
股票：600395指定时间段判断-额外参数：
	分组名称：1
	走势名称：时间段
		条件不成立(当前时间：2021-08-06 14:34:33.142,条件时段：09:30:00-13:00:00)
	结果：未满足
===2021-08-06 14:34:33.737===
===2021-08-06 14:34:33.837===
股票：600395板块涨跌幅判断-额外参数：
	分组名称：1
	走势名称：发
		条件不成立(不符合板块涨跌幅条件)
	结果：未满足，返回code：-1
===2021-08-06 14:34:34.237===
额外条件未满足


===============================================

==============2021-08-06 14:41:05==============
===6开始执行条件2021-08-06 14:41:04.024===
===开始判断价格条件2021-08-06 14:41:04.024===
===开始判断额外/转自动条件2021-08-06 14:41:04.079===
===2021-08-06 14:41:05.257===
股票：600395指定时间段判断-额外参数：
	分组名称：1
	走势名称：时间段
		条件不成立(当前时间：2021-08-06 14:41:04.024,条件时段：09:30:00-13:00:00)
	结果：未满足
===2021-08-06 14:41:05.257===
===2021-08-06 14:41:05.326===
股票：600395板块涨跌幅判断-额外参数：
	分组名称：1
	走势名称：发
		条件不成立(不符合板块涨跌幅条件)
	结果：未满足，返回code：-1
===2021-08-06 14:41:05.616===
额外条件未满足


===============================================

==============2021-08-06 14:41:16==============
===6开始执行条件2021-08-06 14:41:15.533===
===开始判断价格条件2021-08-06 14:41:15.533===
===开始判断额外/转自动条件2021-08-06 14:41:15.670===
===2021-08-06 14:41:15.764===
股票：600395指定时间段判断-额外参数：
	分组名称：1
	走势名称：时间段
		条件不成立(当前时间：2021-08-06 14:41:15.532,条件时段：09:30:00-13:00:00)
	结果：未满足
===2021-08-06 14:41:15.764===
===2021-08-06 14:41:15.856===
股票：600395板块涨跌幅判断-额外参数：
	分组名称：1
	走势名称：发
		条件不成立(不符合板块涨跌幅条件)
	结果：未满足，返回code：-1
===2021-08-06 14:41:16.313===
额外条件未满足


===============================================

==============2021-08-06 14:41:40==============
===6开始执行条件2021-08-06 14:41:38.224===
===开始判断价格条件2021-08-06 14:41:38.224===
===开始判断额外/转自动条件2021-08-06 14:41:38.491===
===2021-08-06 14:41:38.726===
股票：600395指定时间段判断-额外参数：
	分组名称：1
	走势名称：时间段
		条件不成立(当前时间：2021-08-06 14:41:38.224,条件时段：09:30:00-13:00:00)
	结果：未满足
===2021-08-06 14:41:38.726===
===2021-08-06 14:41:38.905===
股票：600395板块涨跌幅判断-额外参数：
	分组名称：1
	走势名称：发
		条件不成立(不符合板块涨跌幅条件)
	结果：未满足，返回code：-1
===2021-08-06 14:41:40.920===
额外条件未满足


===============================================

==============2021-08-06 14:42:34==============
===6开始执行条件2021-08-06 14:42:30.134===
===开始判断价格条件2021-08-06 14:42:30.134===
===开始判断额外/转自动条件2021-08-06 14:42:30.679===
===2021-08-06 14:42:30.792===
股票：600395指定时间段判断-额外参数：
	分组名称：1
	走势名称：时间段
		条件不成立(当前时间：2021-08-06 14:42:30.134,条件时段：09:30:00-13:00:00)
	结果：未满足
===2021-08-06 14:42:30.792===
===2021-08-06 14:42:30.863===
股票：600395板块涨跌幅判断-额外参数：
	分组名称：1
	走势名称：发
		条件不成立(不符合板块涨跌幅条件)
	结果：未满足，返回code：-1
===2021-08-06 14:42:34.072===
额外条件未满足


===============================================

==============2021-08-06 14:42:55==============
===6开始执行条件2021-08-06 14:42:51.307===
===开始判断价格条件2021-08-06 14:42:51.307===
===开始判断额外/转自动条件2021-08-06 14:42:52.327===
===2021-08-06 14:42:52.810===
股票：600395指定时间段判断-额外参数：
	分组名称：1
	走势名称：时间段
		条件不成立(当前时间：2021-08-06 14:42:51.306,条件时段：09:30:00-13:00:00)
	结果：未满足
===2021-08-06 14:42:52.810===
===2021-08-06 14:42:52.958===
股票：600395板块涨跌幅判断-额外参数：
	分组名称：1
	走势名称：发
		条件不成立(不符合板块涨跌幅条件)
	结果：未满足，返回code：-1
===2021-08-06 14:42:55.991===
额外条件未满足


===============================================

==============2021-08-06 14:43:08==============
===6开始执行条件2021-08-06 14:43:08.252===
===开始判断价格条件2021-08-06 14:43:08.252===
===开始判断额外/转自动条件2021-08-06 14:43:08.506===
===2021-08-06 14:43:08.555===
股票：600395指定时间段判断-额外参数：
	分组名称：1
	走势名称：时间段
		条件不成立(当前时间：2021-08-06 14:43:08.251,条件时段：09:30:00-13:00:00)
	结果：未满足
===2021-08-06 14:43:08.555===
===2021-08-06 14:43:08.570===
股票：600395板块涨跌幅判断-额外参数：
	分组名称：1
	走势名称：发
		条件不成立(不符合板块涨跌幅条件)
	结果：未满足，返回code：-1
===2021-08-06 14:43:08.762===
额外条件未满足


===============================================

==============2021-08-06 14:43:42==============
===6开始执行条件2021-08-06 14:43:29.728===
===开始判断价格条件2021-08-06 14:43:29.728===
===开始判断额外/转自动条件2021-08-06 14:43:32.108===
===2021-08-06 14:43:32.936===
股票：600395指定时间段判断-额外参数：
	分组名称：1
	走势名称：时间段
		条件不成立(当前时间：2021-08-06 14:43:29.727,条件时段：09:30:00-13:00:00)
	结果：未满足
===2021-08-06 14:43:32.936===
===2021-08-06 14:43:33.301===
股票：600395板块涨跌幅判断-额外参数：
	分组名称：1
	走势名称：发
		条件不成立(不符合板块涨跌幅条件)
	结果：未满足，返回code：-1
===2021-08-06 14:43:42.162===
额外条件未满足


===============================================

==============2021-08-06 15:02:54==============
===6开始执行条件2021-08-06 14:44:07.585===
===开始判断价格条件2021-08-06 14:44:07.585===
===开始判断额外/转自动条件2021-08-06 15:02:37.075===
===2021-08-06 15:02:48.650===
股票：600395指定时间段判断-额外参数：
	分组名称：1
	走势名称：时间段
		条件不成立(当前时间：2021-08-06 14:44:07.585,条件时段：09:30:00-13:00:00)
	结果：未满足
===2021-08-06 15:02:48.650===
===2021-08-06 15:02:49.395===
股票：600395板块涨跌幅判断-额外参数：
	分组名称：1
	走势名称：发
		条件不成立(不符合板块涨跌幅条件)
	结果：未满足，返回code：-1
===2021-08-06 15:02:54.426===
额外条件未满足


===============================================

==============2021-08-06 15:03:13==============
===6开始执行条件2021-08-06 15:03:07.412===
===开始判断价格条件2021-08-06 15:03:07.412===
===开始判断额外/转自动条件2021-08-06 15:03:08.551===
===2021-08-06 15:03:09.367===
股票：600395指定时间段判断-额外参数：
	分组名称：1
	走势名称：时间段
		条件不成立(当前时间：2021-08-06 15:03:07.411,条件时段：09:30:00-13:00:00)
	结果：未满足
===2021-08-06 15:03:09.367===
===2021-08-06 15:03:09.745===
股票：600395板块涨跌幅判断-额外参数：
	分组名称：1
	走势名称：发
		条件不成立(不符合板块涨跌幅条件)
	结果：未满足，返回code：-1
===2021-08-06 15:03:13.463===
额外条件未满足


===============================================

==============2021-08-06 15:03:26==============
===6开始执行条件2021-08-06 15:03:22.835===
===开始判断价格条件2021-08-06 15:03:22.835===
===开始判断额外/转自动条件2021-08-06 15:03:23.403===
===2021-08-06 15:03:23.758===
股票：600395指定时间段判断-额外参数：
	分组名称：1
	走势名称：时间段
		条件不成立(当前时间：2021-08-06 15:03:22.834,条件时段：09:30:00-13:00:00)
	结果：未满足
===2021-08-06 15:03:23.758===
===2021-08-06 15:03:23.891===
股票：600395板块涨跌幅判断-额外参数：
	分组名称：1
	走势名称：发
		条件不成立(不符合板块涨跌幅条件)
	结果：未满足，返回code：-1
===2021-08-06 15:03:26.793===
额外条件未满足


===============================================

==============2021-08-06 15:03:59==============
===6开始执行条件2021-08-06 15:03:44.725===
===开始判断价格条件2021-08-06 15:03:44.725===
===开始判断额外/转自动条件2021-08-06 15:03:44.947===
===2021-08-06 15:03:45.087===
股票：600395指定时间段判断-额外参数：
	分组名称：1
	走势名称：时间段
		条件不成立(当前时间：2021-08-06 15:03:44.724,条件时段：09:30:00-13:00:00)
	结果：未满足
===2021-08-06 15:03:45.087===
===2021-08-06 15:03:57.864===
股票：600395板块涨跌幅判断-额外参数：
	分组名称：1
	走势名称：发
		条件不成立(不符合板块涨跌幅条件)
	结果：未满足，返回code：-1
===2021-08-06 15:03:59.942===
额外条件未满足


===============================================

==============2021-08-06 15:04:59==============
===6开始执行条件2021-08-06 15:04:57.419===
===开始判断价格条件2021-08-06 15:04:57.419===
===开始判断额外/转自动条件2021-08-06 15:04:58.312===
===2021-08-06 15:04:58.600===
股票：600395指定时间段判断-额外参数：
	分组名称：1
	走势名称：时间段
		条件不成立(当前时间：2021-08-06 15:04:57.418,条件时段：09:30:00-13:00:00)
	结果：未满足
===2021-08-06 15:04:58.600===
===2021-08-06 15:04:58.803===
股票：600395板块涨跌幅判断-额外参数：
	分组名称：1
	走势名称：发
		条件不成立(不符合板块涨跌幅条件)
	结果：未满足，返回code：-1
===2021-08-06 15:04:59.887===
额外条件未满足


===============================================

==============2021-08-06 15:05:16==============
===6开始执行条件2021-08-06 15:05:10.520===
===开始判断价格条件2021-08-06 15:05:10.520===
===开始判断额外/转自动条件2021-08-06 15:05:11.397===
===2021-08-06 15:05:12.221===
股票：600395指定时间段判断-额外参数：
	分组名称：1
	走势名称：时间段
		条件不成立(当前时间：2021-08-06 15:05:10.519,条件时段：09:30:00-13:00:00)
	结果：未满足
===2021-08-06 15:05:12.221===
===2021-08-06 15:05:12.379===
股票：600395板块涨跌幅判断-额外参数：
	分组名称：1
	走势名称：发
		条件不成立(不符合板块涨跌幅条件)
	结果：未满足，返回code：-1
===2021-08-06 15:05:16.829===
额外条件未满足


===============================================

==============2021-08-06 15:06:09==============
===6开始执行条件2021-08-06 15:06:03.950===
===开始判断价格条件2021-08-06 15:06:03.950===
===开始判断额外/转自动条件2021-08-06 15:06:05.360===
===2021-08-06 15:06:05.524===
股票：600395指定时间段判断-额外参数：
	分组名称：1
	走势名称：时间段
		条件不成立(当前时间：2021-08-06 15:06:03.949,条件时段：09:30:00-13:00:00)
	结果：未满足
===2021-08-06 15:06:05.539===
===2021-08-06 15:06:05.656===
股票：600395板块涨跌幅判断-额外参数：
	分组名称：1
	走势名称：发
		条件不成立(不符合板块涨跌幅条件)
	结果：未满足，返回code：-1
===2021-08-06 15:06:09.082===
额外条件未满足


===============================================

==============2021-08-06 15:06:27==============
===6开始执行条件2021-08-06 15:06:23.112===
===开始判断价格条件2021-08-06 15:06:23.112===
===开始判断额外/转自动条件2021-08-06 15:06:23.665===
===2021-08-06 15:06:23.989===
股票：600395指定时间段判断-额外参数：
	分组名称：1
	走势名称：时间段
		条件不成立(当前时间：2021-08-06 15:06:23.112,条件时段：09:30:00-13:00:00)
	结果：未满足
===2021-08-06 15:06:23.989===
===2021-08-06 15:06:24.160===
股票：600395板块涨跌幅判断-额外参数：
	分组名称：1
	走势名称：发
		条件不成立(不符合板块涨跌幅条件)
	结果：未满足，返回code：-1
===2021-08-06 15:06:27.705===
额外条件未满足


===============================================

==============2021-08-06 15:06:49==============
===6开始执行条件2021-08-06 15:06:43.026===
===开始判断价格条件2021-08-06 15:06:43.026===
===开始判断额外/转自动条件2021-08-06 15:06:43.946===
===2021-08-06 15:06:45.066===
股票：600395指定时间段判断-额外参数：
	分组名称：1
	走势名称：时间段
		条件不成立(当前时间：2021-08-06 15:06:43.025,条件时段：09:30:00-13:00:00)
	结果：未满足
===2021-08-06 15:06:45.066===
===2021-08-06 15:06:45.570===
股票：600395板块涨跌幅判断-额外参数：
	分组名称：1
	走势名称：发
		条件不成立(不符合板块涨跌幅条件)
	结果：未满足，返回code：-1
===2021-08-06 15:06:49.426===
额外条件未满足


===============================================

==============2021-08-06 15:08:02==============
===6开始执行条件2021-08-06 15:08:00.846===
===开始判断价格条件2021-08-06 15:08:00.846===
===开始判断额外/转自动条件2021-08-06 15:08:01.028===
===2021-08-06 15:08:01.165===
股票：600395指定时间段判断-额外参数：
	分组名称：1
	走势名称：时间段
		条件不成立(当前时间：2021-08-06 15:08:00.844,条件时段：09:30:00-13:00:00)
	结果：未满足
===2021-08-06 15:08:01.165===
===2021-08-06 15:08:01.278===
股票：600395板块涨跌幅判断-额外参数：
	分组名称：1
	走势名称：发
		条件不成立(不符合板块涨跌幅条件)
	结果：未满足，返回code：-1
===2021-08-06 15:08:02.686===
额外条件未满足


===============================================

==============2021-08-06 15:12:11==============
===6开始执行条件2021-08-06 15:12:09.033===
===开始判断价格条件2021-08-06 15:12:09.033===
===开始判断额外/转自动条件2021-08-06 15:12:09.795===
===2021-08-06 15:12:10.710===
股票：600395指定时间段判断-额外参数：
	分组名称：1
	走势名称：时间段
		条件不成立(当前时间：2021-08-06 15:12:09.033,条件时段：09:30:00-13:00:00)
	结果：未满足
===2021-08-06 15:12:10.710===
===2021-08-06 15:12:10.919===
股票：600395板块涨跌幅判断-额外参数：
	分组名称：1
	走势名称：发
		条件不成立(不符合板块涨跌幅条件)
	结果：未满足，返回code：-1
===2021-08-06 15:12:11.649===
额外条件未满足


===============================================

==============2021-08-06 15:12:45==============
===6开始执行条件2021-08-06 15:12:44.028===
===开始判断价格条件2021-08-06 15:12:44.028===
===开始判断额外/转自动条件2021-08-06 15:12:44.235===
===2021-08-06 15:12:44.349===
股票：600395指定时间段判断-额外参数：
	分组名称：1
	走势名称：时间段
		条件不成立(当前时间：2021-08-06 15:12:44.005,条件时段：09:30:00-13:00:00)
	结果：未满足
===2021-08-06 15:12:44.349===
===2021-08-06 15:12:44.372===
股票：600395板块涨跌幅判断-额外参数：
	分组名称：1
	走势名称：发
		条件不成立(不符合板块涨跌幅条件)
	结果：未满足，返回code：-1
===2021-08-06 15:12:45.308===
额外条件未满足


===============================================

==============2021-08-06 15:13:52==============
===6开始执行条件2021-08-06 15:13:49.792===
===开始判断价格条件2021-08-06 15:13:49.792===
===开始判断额外/转自动条件2021-08-06 15:13:50.095===
===2021-08-06 15:13:50.484===
股票：600395指定时间段判断-额外参数：
	分组名称：1
	走势名称：时间段
		条件不成立(当前时间：2021-08-06 15:13:49.792,条件时段：09:30:00-13:00:00)
	结果：未满足
===2021-08-06 15:13:50.484===
===2021-08-06 15:13:50.804===
股票：600395板块涨跌幅判断-额外参数：
	分组名称：1
	走势名称：发
		条件不成立(不符合板块涨跌幅条件)
	结果：未满足，返回code：-1
===2021-08-06 15:13:52.729===
额外条件未满足


===============================================

==============2021-08-06 15:14:05==============
===6开始执行条件2021-08-06 15:14:04.334===
===开始判断价格条件2021-08-06 15:14:04.334===
===开始判断额外/转自动条件2021-08-06 15:14:04.441===
===2021-08-06 15:14:04.571===
股票：600395指定时间段判断-额外参数：
	分组名称：1
	走势名称：时间段
		条件不成立(当前时间：2021-08-06 15:14:04.328,条件时段：09:30:00-13:00:00)
	结果：未满足
===2021-08-06 15:14:04.572===
===2021-08-06 15:14:04.944===
股票：600395板块涨跌幅判断-额外参数：
	分组名称：1
	走势名称：发
		条件不成立(不符合板块涨跌幅条件)
	结果：未满足，返回code：-1
===2021-08-06 15:14:05.367===
额外条件未满足


===============================================

==============2021-08-06 15:26:52==============
===6开始执行条件2021-08-06 15:26:52.050===
===开始判断价格条件2021-08-06 15:26:52.050===
===开始判断额外/转自动条件2021-08-06 15:26:52.163===
===2021-08-06 15:26:52.226===
股票：600395指定时间段判断-额外参数：
	分组名称：1
	走势名称：时间段
		条件不成立(当前时间：2021-08-06 15:26:52.044,条件时段：09:30:00-13:00:00)
	结果：未满足
===2021-08-06 15:26:52.226===
===2021-08-06 15:26:52.244===
股票：600395板块涨跌幅判断-额外参数：
	分组名称：1
	走势名称：发
		条件不成立(不符合板块涨跌幅条件)
	结果：未满足，返回code：-1
===2021-08-06 15:26:52.695===
额外条件未满足


===============================================

==============2021-08-06 15:27:56==============
===6开始执行条件2021-08-06 15:27:54.467===
===开始判断价格条件2021-08-06 15:27:54.467===
===开始判断额外/转自动条件2021-08-06 15:27:54.744===
===2021-08-06 15:27:54.940===
股票：600395指定时间段判断-额外参数：
	分组名称：1
	走势名称：时间段
		条件不成立(当前时间：2021-08-06 15:27:54.466,条件时段：09:30:00-13:00:00)
	结果：未满足
===2021-08-06 15:27:54.941===
===2021-08-06 15:27:54.991===
股票：600395板块涨跌幅判断-额外参数：
	分组名称：1
	走势名称：发
		条件不成立(不符合板块涨跌幅条件)
	结果：未满足，返回code：-1
===2021-08-06 15:27:56.731===
额外条件未满足


===============================================

==============2021-08-06 15:28:28==============
===6开始执行条件2021-08-06 15:28:26.328===
===开始判断价格条件2021-08-06 15:28:26.328===
===开始判断额外/转自动条件2021-08-06 15:28:26.554===
===2021-08-06 15:28:26.795===
股票：600395指定时间段判断-额外参数：
	分组名称：1
	走势名称：时间段
		条件不成立(当前时间：2021-08-06 15:28:26.328,条件时段：09:30:00-13:00:00)
	结果：未满足
===2021-08-06 15:28:26.795===
===2021-08-06 15:28:26.844===
股票：600395板块涨跌幅判断-额外参数：
	分组名称：1
	走势名称：发
		条件不成立(不符合板块涨跌幅条件)
	结果：未满足，返回code：-1
===2021-08-06 15:28:28.101===
额外条件未满足


===============================================

==============2021-08-06 15:28:49==============
===6开始执行条件2021-08-06 15:28:45.314===
===开始判断价格条件2021-08-06 15:28:45.314===
===开始判断额外/转自动条件2021-08-06 15:28:45.711===
===2021-08-06 15:28:45.920===
股票：600395指定时间段判断-额外参数：
	分组名称：1
	走势名称：时间段
		条件不成立(当前时间：2021-08-06 15:28:45.314,条件时段：09:30:00-13:00:00)
	结果：未满足
===2021-08-06 15:28:45.920===
===2021-08-06 15:28:46.008===
股票：600395板块涨跌幅判断-额外参数：
	分组名称：1
	走势名称：发
		条件不成立(不符合板块涨跌幅条件)
	结果：未满足，返回code：-1
===2021-08-06 15:28:49.759===
额外条件未满足


===============================================

==============2021-08-06 15:29:59==============
===6开始执行条件2021-08-06 15:29:58.202===
===开始判断价格条件2021-08-06 15:29:58.202===
===开始判断额外/转自动条件2021-08-06 15:29:58.323===
===2021-08-06 15:29:58.448===
股票：600395指定时间段判断-额外参数：
	分组名称：1
	走势名称：时间段
		条件不成立(当前时间：2021-08-06 15:29:58.201,条件时段：09:30:00-13:00:00)
	结果：未满足
===2021-08-06 15:29:58.448===
===2021-08-06 15:29:58.492===
股票：600395板块涨跌幅判断-额外参数：
	分组名称：1
	走势名称：发
		条件不成立(不符合板块涨跌幅条件)
	结果：未满足，返回code：-1
===2021-08-06 15:29:59.174===
额外条件未满足


===============================================

==============2021-08-06 15:30:15==============
===6开始执行条件2021-08-06 15:30:13.544===
===开始判断价格条件2021-08-06 15:30:13.544===
===开始判断额外/转自动条件2021-08-06 15:30:13.793===
===2021-08-06 15:30:14.035===
股票：600395指定时间段判断-额外参数：
	分组名称：1
	走势名称：时间段
		条件不成立(当前时间：2021-08-06 15:30:13.543,条件时段：09:30:00-13:00:00)
	结果：未满足
===2021-08-06 15:30:14.036===
===2021-08-06 15:30:14.166===
股票：600395板块涨跌幅判断-额外参数：
	分组名称：1
	走势名称：发
		条件不成立(不符合板块涨跌幅条件)
	结果：未满足，返回code：-1
===2021-08-06 15:30:15.362===
额外条件未满足


===============================================

==============2021-08-06 15:30:37==============
===6开始执行条件2021-08-06 15:30:36.816===
===开始判断价格条件2021-08-06 15:30:36.816===
===开始判断额外/转自动条件2021-08-06 15:30:36.977===
===2021-08-06 15:30:37.059===
股票：600395指定时间段判断-额外参数：
	分组名称：1
	走势名称：时间段
		条件不成立(当前时间：2021-08-06 15:30:36.809,条件时段：09:30:00-13:00:00)
	结果：未满足
===2021-08-06 15:30:37.059===
===2021-08-06 15:30:37.083===
股票：600395板块涨跌幅判断-额外参数：
	分组名称：1
	走势名称：发
		条件不成立(不符合板块涨跌幅条件)
	结果：未满足，返回code：-1
===2021-08-06 15:30:37.312===
额外条件未满足


===============================================

==============2021-08-06 15:30:54==============
===6开始执行条件2021-08-06 15:30:52.633===
===开始判断价格条件2021-08-06 15:30:52.633===
===开始判断额外/转自动条件2021-08-06 15:30:52.900===
===2021-08-06 15:30:53.050===
股票：600395指定时间段判断-额外参数：
	分组名称：1
	走势名称：时间段
		条件不成立(当前时间：2021-08-06 15:30:52.632,条件时段：09:30:00-13:00:00)
	结果：未满足
===2021-08-06 15:30:53.051===
===2021-08-06 15:30:53.123===
股票：600395板块涨跌幅判断-额外参数：
	分组名称：1
	走势名称：发
		条件不成立(不符合板块涨跌幅条件)
	结果：未满足，返回code：-1
===2021-08-06 15:30:54.257===
额外条件未满足


===============================================

==============2021-08-06 15:31:13==============
===6开始执行条件2021-08-06 15:31:12.482===
===开始判断价格条件2021-08-06 15:31:12.482===
===开始判断额外/转自动条件2021-08-06 15:31:12.645===
===2021-08-06 15:31:12.786===
股票：600395指定时间段判断-额外参数：
	分组名称：1
	走势名称：时间段
		条件不成立(当前时间：2021-08-06 15:31:12.481,条件时段：09:30:00-13:00:00)
	结果：未满足
===2021-08-06 15:31:12.786===
===2021-08-06 15:31:12.824===
股票：600395板块涨跌幅判断-额外参数：
	分组名称：1
	走势名称：发
		条件不成立(不符合板块涨跌幅条件)
	结果：未满足，返回code：-1
===2021-08-06 15:31:13.053===
额外条件未满足


===============================================

==============2021-08-06 15:31:31==============
===6开始执行条件2021-08-06 15:31:28.645===
===开始判断价格条件2021-08-06 15:31:28.645===
===开始判断额外/转自动条件2021-08-06 15:31:28.960===
===2021-08-06 15:31:29.089===
股票：600395指定时间段判断-额外参数：
	分组名称：1
	走势名称：时间段
		条件不成立(当前时间：2021-08-06 15:31:28.645,条件时段：09:30:00-13:00:00)
	结果：未满足
===2021-08-06 15:31:29.089===
===2021-08-06 15:31:29.200===
股票：600395板块涨跌幅判断-额外参数：
	分组名称：1
	走势名称：发
		条件不成立(不符合板块涨跌幅条件)
	结果：未满足，返回code：-1
===2021-08-06 15:31:31.581===
额外条件未满足


===============================================

==============2021-08-06 15:31:49==============
===6开始执行条件2021-08-06 15:31:46.442===
===开始判断价格条件2021-08-06 15:31:46.442===
===开始判断额外/转自动条件2021-08-06 15:31:46.733===
===2021-08-06 15:31:46.968===
股票：600395指定时间段判断-额外参数：
	分组名称：1
	走势名称：时间段
		条件不成立(当前时间：2021-08-06 15:31:46.441,条件时段：09:30:00-13:00:00)
	结果：未满足
===2021-08-06 15:31:46.968===
===2021-08-06 15:31:47.003===
股票：600395板块涨跌幅判断-额外参数：
	分组名称：1
	走势名称：发
		条件不成立(不符合板块涨跌幅条件)
	结果：未满足，返回code：-1
===2021-08-06 15:31:49.117===
额外条件未满足


===============================================

==============2021-08-06 15:32:10==============
===6开始执行条件2021-08-06 15:32:08.403===
===开始判断价格条件2021-08-06 15:32:08.403===
===开始判断额外/转自动条件2021-08-06 15:32:08.684===
===2021-08-06 15:32:08.803===
股票：600395指定时间段判断-额外参数：
	分组名称：1
	走势名称：时间段
		条件不成立(当前时间：2021-08-06 15:32:08.402,条件时段：09:30:00-13:00:00)
	结果：未满足
===2021-08-06 15:32:08.803===
===2021-08-06 15:32:08.885===
股票：600395板块涨跌幅判断-额外参数：
	分组名称：1
	走势名称：发
		条件不成立(不符合板块涨跌幅条件)
	结果：未满足，返回code：-1
===2021-08-06 15:32:10.355===
额外条件未满足


===============================================

==============2021-08-06 15:32:30==============
===6开始执行条件2021-08-06 15:32:28.176===
===开始判断价格条件2021-08-06 15:32:28.176===
===开始判断额外/转自动条件2021-08-06 15:32:28.478===
===2021-08-06 15:32:28.872===
股票：600395指定时间段判断-额外参数：
	分组名称：1
	走势名称：时间段
		条件不成立(当前时间：2021-08-06 15:32:28.175,条件时段：09:30:00-13:00:00)
	结果：未满足
===2021-08-06 15:32:28.872===
===2021-08-06 15:32:28.910===
股票：600395板块涨跌幅判断-额外参数：
	分组名称：1
	走势名称：发
		条件不成立(不符合板块涨跌幅条件)
	结果：未满足，返回code：-1
===2021-08-06 15:32:30.187===
额外条件未满足


===============================================

==============2021-08-06 15:32:39==============
===6开始执行条件2021-08-06 15:32:38.831===
===开始判断价格条件2021-08-06 15:32:38.831===
===开始判断额外/转自动条件2021-08-06 15:32:38.895===
===2021-08-06 15:32:38.935===
股票：600395指定时间段判断-额外参数：
	分组名称：1
	走势名称：时间段
		条件不成立(当前时间：2021-08-06 15:32:38.831,条件时段：09:30:00-13:00:00)
	结果：未满足
===2021-08-06 15:32:38.935===
===2021-08-06 15:32:38.983===
股票：600395板块涨跌幅判断-额外参数：
	分组名称：1
	走势名称：发
		条件不成立(不符合板块涨跌幅条件)
	结果：未满足，返回code：-1
===2021-08-06 15:32:39.264===
额外条件未满足


===============================================

==============2021-08-06 15:33:08==============
===6开始执行条件2021-08-06 15:33:02.654===
===开始判断价格条件2021-08-06 15:33:02.654===
===开始判断额外/转自动条件2021-08-06 15:33:03.138===
===2021-08-06 15:33:04.340===
股票：600395指定时间段判断-额外参数：
	分组名称：1
	走势名称：时间段
		条件不成立(当前时间：2021-08-06 15:33:02.653,条件时段：09:30:00-13:00:00)
	结果：未满足
===2021-08-06 15:33:04.340===
===2021-08-06 15:33:04.732===
股票：600395板块涨跌幅判断-额外参数：
	分组名称：1
	走势名称：发
		条件不成立(不符合板块涨跌幅条件)
	结果：未满足，返回code：-1
===2021-08-06 15:33:08.217===
额外条件未满足


===============================================

==============2021-08-06 15:36:52==============
===6开始执行条件2021-08-06 15:33:20.507===
===开始判断价格条件2021-08-06 15:33:20.507===
===开始判断额外/转自动条件2021-08-06 15:35:42.777===
===2021-08-06 15:35:55.299===
股票：600395指定时间段判断-额外参数：
	分组名称：1
	走势名称：时间段
		条件不成立(当前时间：2021-08-06 15:33:20.507,条件时段：09:30:00-13:00:00)
	结果：未满足
===2021-08-06 15:35:55.299===
===2021-08-06 15:35:55.715===
股票：600395板块涨跌幅判断-额外参数：
	分组名称：1
	走势名称：发
		条件不成立(不符合板块涨跌幅条件)
	结果：未满足，返回code：-1
===2021-08-06 15:36:51.196===
额外条件未满足


===============================================

==============2021-08-06 15:38:11==============
===6开始执行条件2021-08-06 15:38:07.321===
===开始判断价格条件2021-08-06 15:38:07.321===
===开始判断额外/转自动条件2021-08-06 15:38:07.774===
===2021-08-06 15:38:08.971===
股票：600395指定时间段判断-额外参数：
	分组名称：1
	走势名称：时间段
		条件不成立(当前时间：2021-08-06 15:38:07.321,条件时段：09:30:00-13:00:00)
	结果：未满足
===2021-08-06 15:38:08.971===
===2021-08-06 15:38:09.227===
股票：600395板块涨跌幅判断-额外参数：
	分组名称：1
	走势名称：发
		条件不成立(不符合板块涨跌幅条件)
	结果：未满足，返回code：-1
===2021-08-06 15:38:11.011===
额外条件未满足


===============================================

==============2021-08-06 15:38:30==============
===6开始执行条件2021-08-06 15:38:29.508===
===开始判断价格条件2021-08-06 15:38:29.508===
===开始判断额外/转自动条件2021-08-06 15:38:29.606===
===2021-08-06 15:38:29.800===
股票：600395指定时间段判断-额外参数：
	分组名称：1
	走势名称：时间段
		条件不成立(当前时间：2021-08-06 15:38:29.507,条件时段：09:30:00-13:00:00)
	结果：未满足
===2021-08-06 15:38:29.800===
===2021-08-06 15:38:29.836===
股票：600395板块涨跌幅判断-额外参数：
	分组名称：1
	走势名称：发
		条件不成立(不符合板块涨跌幅条件)
	结果：未满足，返回code：-1
===2021-08-06 15:38:30.137===
额外条件未满足


===============================================

==============2021-08-06 15:40:25==============
===6开始执行条件2021-08-06 15:40:18.504===
===开始判断价格条件2021-08-06 15:40:18.504===
===开始判断额外/转自动条件2021-08-06 15:40:19.806===
===2021-08-06 15:40:20.155===
股票：600395指定时间段判断-额外参数：
	分组名称：1
	走势名称：时间段
		条件不成立(当前时间：2021-08-06 15:40:18.504,条件时段：09:30:00-13:00:00)
	结果：未满足
===2021-08-06 15:40:20.155===
===2021-08-06 15:40:20.189===
股票：600395板块涨跌幅判断-额外参数：
	分组名称：1
	走势名称：发
		条件不成立(不符合板块涨跌幅条件)
	结果：未满足，返回code：-1
===2021-08-06 15:40:25.338===
额外条件未满足


===============================================

