==============2021-08-09 10:08:48==============
===6开始执行条件2021-08-09 10:08:45.781===
===开始判断价格条件2021-08-09 10:08:45.781===
===开始判断额外/转自动条件2021-08-09 10:08:46.240===
===2021-08-09 10:08:46.897===
股票：600395指定时间段判断-额外参数：
	分组名称：1
	走势名称：时间段
		条件成立(当前时间：2021-08-09 10:08:45.781,条件时段：09:30:00-13:00:00)
	结果：达到要求
===2021-08-09 10:08:47.606===
===2021-08-09 10:08:48.572===
股票：600395多头向上判断-转自动参数：
	分组名称：2
	走势名称：多头向上
	结果：未满足，返回code：0
===2021-08-09 10:08:48.572===
满足所有条件，可以触发


===============================================

==============2021-08-09 10:09:09==============
===6开始执行条件2021-08-09 10:09:08.259===
===开始判断价格条件2021-08-09 10:09:08.259===
===开始判断额外/转自动条件2021-08-09 10:09:08.605===
===2021-08-09 10:09:08.965===
股票：600395指定时间段判断-额外参数：
	分组名称：1
	走势名称：时间段
		条件成立(当前时间：2021-08-09 10:09:08.259,条件时段：09:30:00-13:00:00)
	结果：达到要求
===2021-08-09 10:09:09.409===
===2021-08-09 10:09:09.963===
股票：600395多头向上判断-转自动参数：
	分组名称：2
	走势名称：多头向上
	结果：未满足，返回code：0
===2021-08-09 10:09:09.963===
满足所有条件，可以触发


===============================================

==============2021-08-09 10:10:19==============
===6开始执行条件2021-08-09 10:09:47.611===
===开始判断价格条件2021-08-09 10:09:47.611===
===开始判断额外/转自动条件2021-08-09 10:09:50.871===
===2021-08-09 10:09:57.064===
股票：600395指定时间段判断-额外参数：
	分组名称：1
	走势名称：时间段
		条件成立(当前时间：2021-08-09 10:09:47.610,条件时段：09:30:00-13:00:00)
	结果：达到要求
===2021-08-09 10:10:16.316===
===2021-08-09 10:10:19.831===
股票：600395多头向上判断-转自动参数：
	分组名称：2
	走势名称：多头向上
	结果：未满足，返回code：0
===2021-08-09 10:10:19.831===
满足所有条件，可以触发


===============================================

==============2021-08-09 10:10:34==============
===6开始执行条件2021-08-09 10:10:31.794===
===开始判断价格条件2021-08-09 10:10:31.794===
===开始判断额外/转自动条件2021-08-09 10:10:32.472===
===2021-08-09 10:10:32.823===
股票：600395指定时间段判断-额外参数：
	分组名称：1
	走势名称：时间段
		条件成立(当前时间：2021-08-09 10:10:31.794,条件时段：09:30:00-13:00:00)
	结果：达到要求
===2021-08-09 10:10:33.415===
===2021-08-09 10:10:34.461===
股票：600395多头向上判断-转自动参数：
	分组名称：2
	走势名称：多头向上
	结果：未满足，返回code：0
===2021-08-09 10:10:34.461===
满足所有条件，可以触发


===============================================

==============2021-08-09 10:10:49==============
===6开始执行条件2021-08-09 10:10:48.901===
===开始判断价格条件2021-08-09 10:10:48.901===
===开始判断额外/转自动条件2021-08-09 10:10:49.122===
===2021-08-09 10:10:49.213===
股票：600395指定时间段判断-额外参数：
	分组名称：1
	走势名称：时间段
		条件成立(当前时间：2021-08-09 10:10:48.901,条件时段：09:30:00-13:00:00)
	结果：达到要求
===2021-08-09 10:10:49.325===
===2021-08-09 10:10:49.754===
股票：600395多头向上判断-转自动参数：
	分组名称：2
	走势名称：多头向上
	结果：未满足，返回code：0
===2021-08-09 10:10:49.754===
满足所有条件，可以触发


===============================================

==============2021-08-09 10:11:02==============
===6开始执行条件2021-08-09 10:11:01.348===
===开始判断价格条件2021-08-09 10:11:01.348===
===开始判断额外/转自动条件2021-08-09 10:11:01.756===
===2021-08-09 10:11:01.985===
股票：600395指定时间段判断-额外参数：
	分组名称：1
	走势名称：时间段
		条件成立(当前时间：2021-08-09 10:11:01.347,条件时段：09:30:00-13:00:00)
	结果：达到要求
===2021-08-09 10:11:02.520===
===2021-08-09 10:11:02.658===
股票：600395多头向上判断-转自动参数：
	分组名称：2
	走势名称：多头向上
	结果：未满足，返回code：0
===2021-08-09 10:11:02.658===
满足所有条件，可以触发


===============================================

==============2021-08-09 10:11:13==============
===6开始执行条件2021-08-09 10:11:11.682===
===开始判断价格条件2021-08-09 10:11:11.682===
===开始判断额外/转自动条件2021-08-09 10:11:12.452===
===2021-08-09 10:11:13.009===
股票：600395指定时间段判断-额外参数：
	分组名称：1
	走势名称：时间段
		条件成立(当前时间：2021-08-09 10:11:11.678,条件时段：09:30:00-13:00:00)
	结果：达到要求
===2021-08-09 10:11:13.573===
===2021-08-09 10:11:13.914===
股票：600395多头向上判断-转自动参数：
	分组名称：2
	走势名称：多头向上
	结果：未满足，返回code：0
===2021-08-09 10:11:13.914===
满足所有条件，可以触发


===============================================

==============2021-08-09 10:11:20==============
===6开始执行条件2021-08-09 10:11:17.709===
===开始判断价格条件2021-08-09 10:11:17.709===
===开始判断额外/转自动条件2021-08-09 10:11:18.449===
===2021-08-09 10:11:19.572===
股票：600395指定时间段判断-额外参数：
	分组名称：1
	走势名称：时间段
		条件成立(当前时间：2021-08-09 10:11:17.670,条件时段：09:30:00-13:00:00)
	结果：达到要求
===2021-08-09 10:11:19.866===
===2021-08-09 10:11:20.255===
股票：600395多头向上判断-转自动参数：
	分组名称：2
	走势名称：多头向上
	结果：未满足，返回code：0
===2021-08-09 10:11:20.255===
满足所有条件，可以触发


===============================================

==============2021-08-09 11:02:41==============
===6开始执行条件2021-08-09 11:02:40.496===
===开始判断价格条件2021-08-09 11:02:40.496===
===开始判断额外/转自动条件2021-08-09 11:02:40.889===
===2021-08-09 11:02:41.233===
股票：600395指定时间段判断-额外参数：
	分组名称：1
	走势名称：时间段
		条件成立(当前时间：2021-08-09 11:02:40.495,条件时段：09:30:00-13:00:00)
	结果：达到要求
===2021-08-09 11:02:41.280===
===2021-08-09 11:02:41.677===
股票：600395多头向上判断-转自动参数：
	分组名称：2
	走势名称：多头向上
	结果：未满足，返回code：0
===2021-08-09 11:02:41.677===
满足所有条件，可以触发


===============================================

==============2021-08-09 11:03:14==============
===6开始执行条件2021-08-09 11:03:13.774===
===开始判断价格条件2021-08-09 11:03:13.774===
===开始判断额外/转自动条件2021-08-09 11:03:13.864===
===2021-08-09 11:03:13.931===
股票：600395指定时间段判断-额外参数：
	分组名称：1
	走势名称：时间段
		条件成立(当前时间：2021-08-09 11:03:13.774,条件时段：09:30:00-13:00:00)
	结果：达到要求
===2021-08-09 11:03:14.041===
===2021-08-09 11:03:14.221===
股票：600395多头向上判断-转自动参数：
	分组名称：2
	走势名称：多头向上
	结果：未满足，返回code：0
===2021-08-09 11:03:14.221===
满足所有条件，可以触发


===============================================

==============2021-08-09 11:03:29==============
===6开始执行条件2021-08-09 11:03:28.271===
===开始判断价格条件2021-08-09 11:03:28.271===
===开始判断额外/转自动条件2021-08-09 11:03:28.792===
===2021-08-09 11:03:28.922===
股票：600395指定时间段判断-额外参数：
	分组名称：1
	走势名称：时间段
		条件成立(当前时间：2021-08-09 11:03:28.269,条件时段：09:30:00-13:00:00)
	结果：达到要求
===2021-08-09 11:03:29.270===
===2021-08-09 11:03:29.331===
股票：600395多头向上判断-转自动参数：
	分组名称：2
	走势名称：多头向上
	结果：未满足，返回code：0
===2021-08-09 11:03:29.331===
满足所有条件，可以触发


===============================================

==============2021-08-09 11:03:52==============
===6开始执行条件2021-08-09 11:03:50.841===
===开始判断价格条件2021-08-09 11:03:50.841===
===开始判断额外/转自动条件2021-08-09 11:03:51.109===
===2021-08-09 11:03:51.619===
股票：600395指定时间段判断-额外参数：
	分组名称：1
	走势名称：时间段
		条件成立(当前时间：2021-08-09 11:03:50.841,条件时段：09:30:00-13:00:00)
	结果：达到要求
===2021-08-09 11:03:51.857===
===2021-08-09 11:03:52.343===
股票：600395多头向上判断-转自动参数：
	分组名称：2
	走势名称：多头向上
	结果：未满足，返回code：0
===2021-08-09 11:03:52.343===
满足所有条件，可以触发


===============================================

