==============2021-08-11 10:28:20==============
===6开始执行条件2021-08-11 10:28:19.831===
===开始判断价格条件2021-08-11 10:28:19.831===
===开始判断额外/转自动条件2021-08-11 10:28:19.984===
===2021-08-11 10:28:20.110===
股票：600395指定时间段判断-额外参数：
	分组名称：1
	走势名称：时间段
		条件成立(当前时间：2021-08-11 10:28:19.830,条件时段：09:30:00-13:00:00)
	结果：达到要求
===2021-08-11 10:28:20.217===
===2021-08-11 10:28:20.350===
股票：600395多头向上判断-转自动参数：
	分组名称：2
	走势名称：多头向上
	结果：未满足，返回code：0
===2021-08-11 10:28:20.378===
满足所有条件，可以触发


===============================================

==============2021-08-11 10:28:28==============
===6开始执行条件2021-08-11 10:28:27.166===
===开始判断价格条件2021-08-11 10:28:27.166===
===开始判断额外/转自动条件2021-08-11 10:28:27.704===
===2021-08-11 10:28:28.171===
股票：600395指定时间段判断-额外参数：
	分组名称：1
	走势名称：时间段
		条件成立(当前时间：2021-08-11 10:28:27.165,条件时段：09:30:00-13:00:00)
	结果：达到要求
===2021-08-11 10:28:28.479===
===2021-08-11 10:28:28.994===
股票：600395多头向上判断-转自动参数：
	分组名称：2
	走势名称：多头向上
	结果：未满足，返回code：0
===2021-08-11 10:28:28.994===
满足所有条件，可以触发


===============================================

==============2021-08-11 10:28:49==============
===6开始执行条件2021-08-11 10:28:48.646===
===开始判断价格条件2021-08-11 10:28:48.646===
===开始判断额外/转自动条件2021-08-11 10:28:48.876===
===2021-08-11 10:28:49.073===
股票：600395指定时间段判断-额外参数：
	分组名称：1
	走势名称：时间段
		条件成立(当前时间：2021-08-11 10:28:48.645,条件时段：09:30:00-13:00:00)
	结果：达到要求
===2021-08-11 10:28:49.174===
===2021-08-11 10:28:49.574===
股票：600395多头向上判断-转自动参数：
	分组名称：2
	走势名称：多头向上
	结果：未满足，返回code：0
===2021-08-11 10:28:49.574===
满足所有条件，可以触发


===============================================

==============2021-08-11 10:28:59==============
===6开始执行条件2021-08-11 10:28:57.501===
===开始判断价格条件2021-08-11 10:28:57.501===
===开始判断额外/转自动条件2021-08-11 10:28:57.700===
===2021-08-11 10:28:59.086===
股票：600395指定时间段判断-额外参数：
	分组名称：1
	走势名称：时间段
		条件成立(当前时间：2021-08-11 10:28:57.500,条件时段：09:30:00-13:00:00)
	结果：达到要求
===2021-08-11 10:28:59.351===
===2021-08-11 10:28:59.666===
股票：600395多头向上判断-转自动参数：
	分组名称：2
	走势名称：多头向上
	结果：未满足，返回code：0
===2021-08-11 10:28:59.666===
满足所有条件，可以触发


===============================================

==============2021-08-11 10:29:40==============
===6开始执行条件2021-08-11 10:29:39.938===
===开始判断价格条件2021-08-11 10:29:39.938===
===开始判断额外/转自动条件2021-08-11 10:29:40.099===
===2021-08-11 10:29:40.256===
股票：600395指定时间段判断-额外参数：
	分组名称：1
	走势名称：时间段
		条件成立(当前时间：2021-08-11 10:29:39.938,条件时段：09:30:00-13:00:00)
	结果：达到要求
===2021-08-11 10:29:40.332===
===2021-08-11 10:29:40.429===
股票：600395多头向上判断-转自动参数：
	分组名称：2
	走势名称：多头向上
	结果：未满足，返回code：0
===2021-08-11 10:29:40.429===
满足所有条件，可以触发


===============================================

==============2021-08-11 10:29:52==============
===6开始执行条件2021-08-11 10:29:49.839===
===开始判断价格条件2021-08-11 10:29:49.839===
===开始判断额外/转自动条件2021-08-11 10:29:50.365===
===2021-08-11 10:29:50.779===
股票：600395指定时间段判断-额外参数：
	分组名称：1
	走势名称：时间段
		条件成立(当前时间：2021-08-11 10:29:49.839,条件时段：09:30:00-13:00:00)
	结果：达到要求
===2021-08-11 10:29:51.260===
===2021-08-11 10:29:52.269===
股票：600395多头向上判断-转自动参数：
	分组名称：2
	走势名称：多头向上
	结果：未满足，返回code：0
===2021-08-11 10:29:52.269===
满足所有条件，可以触发


===============================================

==============2021-08-11 10:30:06==============
===6开始执行条件2021-08-11 10:30:05.087===
===开始判断价格条件2021-08-11 10:30:05.087===
===开始判断额外/转自动条件2021-08-11 10:30:05.198===
===2021-08-11 10:30:05.573===
股票：600395指定时间段判断-额外参数：
	分组名称：1
	走势名称：时间段
		条件成立(当前时间：2021-08-11 10:30:05.087,条件时段：09:30:00-13:00:00)
	结果：达到要求
===2021-08-11 10:30:05.752===
===2021-08-11 10:30:06.158===
股票：600395多头向上判断-转自动参数：
	分组名称：2
	走势名称：多头向上
	结果：未满足，返回code：0
===2021-08-11 10:30:06.158===
满足所有条件，可以触发


===============================================

==============2021-08-11 10:30:12==============
===6开始执行条件2021-08-11 10:30:12.227===
===开始判断价格条件2021-08-11 10:30:12.227===
===开始判断额外/转自动条件2021-08-11 10:30:12.339===
===2021-08-11 10:30:12.412===
股票：600395指定时间段判断-额外参数：
	分组名称：1
	走势名称：时间段
		条件成立(当前时间：2021-08-11 10:30:12.225,条件时段：09:30:00-13:00:00)
	结果：达到要求
===2021-08-11 10:30:12.503===
===2021-08-11 10:30:12.657===
股票：600395多头向上判断-转自动参数：
	分组名称：2
	走势名称：多头向上
	结果：未满足，返回code：0
===2021-08-11 10:30:12.658===
满足所有条件，可以触发


===============================================

==============2021-08-11 10:30:28==============
===6开始执行条件2021-08-11 10:30:28.110===
===开始判断价格条件2021-08-11 10:30:28.110===
===开始判断额外/转自动条件2021-08-11 10:30:28.269===
===2021-08-11 10:30:28.390===
股票：600395指定时间段判断-额外参数：
	分组名称：1
	走势名称：时间段
		条件成立(当前时间：2021-08-11 10:30:28.110,条件时段：09:30:00-13:00:00)
	结果：达到要求
===2021-08-11 10:30:28.496===
===2021-08-11 10:30:28.574===
股票：600395多头向上判断-转自动参数：
	分组名称：2
	走势名称：多头向上
	结果：未满足，返回code：0
===2021-08-11 10:30:28.574===
满足所有条件，可以触发


===============================================

==============2021-08-11 10:30:36==============
===6开始执行条件2021-08-11 10:30:35.968===
===开始判断价格条件2021-08-11 10:30:35.968===
===开始判断额外/转自动条件2021-08-11 10:30:36.101===
===2021-08-11 10:30:36.162===
股票：600395指定时间段判断-额外参数：
	分组名称：1
	走势名称：时间段
		条件成立(当前时间：2021-08-11 10:30:35.967,条件时段：09:30:00-13:00:00)
	结果：达到要求
===2021-08-11 10:30:36.217===
===2021-08-11 10:30:36.348===
股票：600395多头向上判断-转自动参数：
	分组名称：2
	走势名称：多头向上
	结果：未满足，返回code：0
===2021-08-11 10:30:36.348===
满足所有条件，可以触发


===============================================

==============2021-08-11 10:30:40==============
===6开始执行条件2021-08-11 10:30:39.846===
===开始判断价格条件2021-08-11 10:30:39.846===
===开始判断额外/转自动条件2021-08-11 10:30:39.943===
===2021-08-11 10:30:40.007===
股票：600395指定时间段判断-额外参数：
	分组名称：1
	走势名称：时间段
		条件成立(当前时间：2021-08-11 10:30:39.846,条件时段：09:30:00-13:00:00)
	结果：达到要求
===2021-08-11 10:30:40.052===
===2021-08-11 10:30:40.184===
股票：600395多头向上判断-转自动参数：
	分组名称：2
	走势名称：多头向上
	结果：未满足，返回code：0
===2021-08-11 10:30:40.184===
满足所有条件，可以触发


===============================================

==============2021-08-11 10:30:48==============
===6开始执行条件2021-08-11 10:30:48.526===
===开始判断价格条件2021-08-11 10:30:48.526===
===开始判断额外/转自动条件2021-08-11 10:30:48.641===
===2021-08-11 10:30:48.680===
股票：600395指定时间段判断-额外参数：
	分组名称：1
	走势名称：时间段
		条件成立(当前时间：2021-08-11 10:30:48.526,条件时段：09:30:00-13:00:00)
	结果：达到要求
===2021-08-11 10:30:48.720===
===2021-08-11 10:30:48.765===
股票：600395多头向上判断-转自动参数：
	分组名称：2
	走势名称：多头向上
	结果：未满足，返回code：0
===2021-08-11 10:30:48.765===
满足所有条件，可以触发


===============================================

==============2021-08-11 10:30:56==============
===6开始执行条件2021-08-11 10:30:56.111===
===开始判断价格条件2021-08-11 10:30:56.111===
===开始判断额外/转自动条件2021-08-11 10:30:56.229===
===2021-08-11 10:30:56.264===
股票：600395指定时间段判断-额外参数：
	分组名称：1
	走势名称：时间段
		条件成立(当前时间：2021-08-11 10:30:56.111,条件时段：09:30:00-13:00:00)
	结果：达到要求
===2021-08-11 10:30:56.301===
===2021-08-11 10:30:56.370===
股票：600395多头向上判断-转自动参数：
	分组名称：2
	走势名称：多头向上
	结果：未满足，返回code：0
===2021-08-11 10:30:56.370===
满足所有条件，可以触发


===============================================

==============2021-08-11 10:31:14==============
===6开始执行条件2021-08-11 10:31:14.563===
===开始判断价格条件2021-08-11 10:31:14.563===
===开始判断额外/转自动条件2021-08-11 10:31:14.619===
===2021-08-11 10:31:14.657===
股票：600395指定时间段判断-额外参数：
	分组名称：1
	走势名称：时间段
		条件成立(当前时间：2021-08-11 10:31:14.563,条件时段：09:30:00-13:00:00)
	结果：达到要求
===2021-08-11 10:31:14.690===
===2021-08-11 10:31:14.739===
股票：600395多头向上判断-转自动参数：
	分组名称：2
	走势名称：多头向上
	结果：未满足，返回code：0
===2021-08-11 10:31:14.740===
满足所有条件，可以触发


===============================================

==============2021-08-11 10:31:21==============
===6开始执行条件2021-08-11 10:31:20.850===
===开始判断价格条件2021-08-11 10:31:20.850===
===开始判断额外/转自动条件2021-08-11 10:31:21.151===
===2021-08-11 10:31:21.223===
股票：600395指定时间段判断-额外参数：
	分组名称：1
	走势名称：时间段
		条件成立(当前时间：2021-08-11 10:31:20.850,条件时段：09:30:00-13:00:00)
	结果：达到要求
===2021-08-11 10:31:21.304===
===2021-08-11 10:31:21.412===
股票：600395多头向上判断-转自动参数：
	分组名称：2
	走势名称：多头向上
	结果：未满足，返回code：0
===2021-08-11 10:31:21.413===
满足所有条件，可以触发


===============================================

==============2021-08-11 10:31:29==============
===6开始执行条件2021-08-11 10:31:28.654===
===开始判断价格条件2021-08-11 10:31:28.654===
===开始判断额外/转自动条件2021-08-11 10:31:28.712===
===2021-08-11 10:31:28.751===
股票：600395指定时间段判断-额外参数：
	分组名称：1
	走势名称：时间段
		条件成立(当前时间：2021-08-11 10:31:28.653,条件时段：09:30:00-13:00:00)
	结果：达到要求
===2021-08-11 10:31:28.844===
===2021-08-11 10:31:29.843===
股票：600395多头向上判断-转自动参数：
	分组名称：2
	走势名称：多头向上
	结果：未满足，返回code：0
===2021-08-11 10:31:29.843===
满足所有条件，可以触发


===============================================

==============2021-08-11 10:31:38==============
===6开始执行条件2021-08-11 10:31:36.796===
===开始判断价格条件2021-08-11 10:31:36.796===
===开始判断额外/转自动条件2021-08-11 10:31:37.500===
===2021-08-11 10:31:37.714===
股票：600395指定时间段判断-额外参数：
	分组名称：1
	走势名称：时间段
		条件成立(当前时间：2021-08-11 10:31:36.796,条件时段：09:30:00-13:00:00)
	结果：达到要求
===2021-08-11 10:31:37.837===
===2021-08-11 10:31:38.740===
股票：600395多头向上判断-转自动参数：
	分组名称：2
	走势名称：多头向上
	结果：未满足，返回code：0
===2021-08-11 10:31:38.740===
满足所有条件，可以触发


===============================================

==============2021-08-11 10:31:56==============
===6开始执行条件2021-08-11 10:31:54.254===
===开始判断价格条件2021-08-11 10:31:54.254===
===开始判断额外/转自动条件2021-08-11 10:31:55.140===
===2021-08-11 10:31:55.497===
股票：600395指定时间段判断-额外参数：
	分组名称：1
	走势名称：时间段
		条件成立(当前时间：2021-08-11 10:31:54.254,条件时段：09:30:00-13:00:00)
	结果：达到要求
===2021-08-11 10:31:56.094===
===2021-08-11 10:31:56.419===
股票：600395多头向上判断-转自动参数：
	分组名称：2
	走势名称：多头向上
	结果：未满足，返回code：0
===2021-08-11 10:31:56.419===
满足所有条件，可以触发


===============================================

==============2021-08-11 10:32:12==============
===6开始执行条件2021-08-11 10:32:10.623===
===开始判断价格条件2021-08-11 10:32:10.623===
===开始判断额外/转自动条件2021-08-11 10:32:10.973===
===2021-08-11 10:32:11.212===
股票：600395指定时间段判断-额外参数：
	分组名称：1
	走势名称：时间段
		条件成立(当前时间：2021-08-11 10:32:10.623,条件时段：09:30:00-13:00:00)
	结果：达到要求
===2021-08-11 10:32:11.662===
===2021-08-11 10:32:12.702===
股票：600395多头向上判断-转自动参数：
	分组名称：2
	走势名称：多头向上
	结果：未满足，返回code：0
===2021-08-11 10:32:12.702===
满足所有条件，可以触发


===============================================

==============2021-08-11 10:32:41==============
===6开始执行条件2021-08-11 10:32:41.354===
===开始判断价格条件2021-08-11 10:32:41.354===
===开始判断额外/转自动条件2021-08-11 10:32:41.499===
===2021-08-11 10:32:41.655===
股票：600395指定时间段判断-额外参数：
	分组名称：1
	走势名称：时间段
		条件成立(当前时间：2021-08-11 10:32:41.354,条件时段：09:30:00-13:00:00)
	结果：达到要求
===2021-08-11 10:32:41.800===
===2021-08-11 10:32:41.934===
股票：600395多头向上判断-转自动参数：
	分组名称：2
	走势名称：多头向上
	结果：未满足，返回code：0
===2021-08-11 10:32:41.934===
满足所有条件，可以触发


===============================================

==============2021-08-11 10:32:54==============
===6开始执行条件2021-08-11 10:32:54.569===
===开始判断价格条件2021-08-11 10:32:54.569===
===开始判断额外/转自动条件2021-08-11 10:32:54.752===
===2021-08-11 10:32:54.857===
股票：600395指定时间段判断-额外参数：
	分组名称：1
	走势名称：时间段
		条件成立(当前时间：2021-08-11 10:32:54.568,条件时段：09:30:00-13:00:00)
	结果：达到要求
===2021-08-11 10:32:54.905===
===2021-08-11 10:32:54.989===
股票：600395多头向上判断-转自动参数：
	分组名称：2
	走势名称：多头向上
	结果：未满足，返回code：0
===2021-08-11 10:32:54.989===
满足所有条件，可以触发


===============================================

==============2021-08-11 10:33:02==============
===6开始执行条件2021-08-11 10:33:02.598===
===开始判断价格条件2021-08-11 10:33:02.598===
===开始判断额外/转自动条件2021-08-11 10:33:02.679===
===2021-08-11 10:33:02.741===
股票：600395指定时间段判断-额外参数：
	分组名称：1
	走势名称：时间段
		条件成立(当前时间：2021-08-11 10:33:02.597,条件时段：09:30:00-13:00:00)
	结果：达到要求
===2021-08-11 10:33:02.785===
===2021-08-11 10:33:02.872===
股票：600395多头向上判断-转自动参数：
	分组名称：2
	走势名称：多头向上
	结果：未满足，返回code：0
===2021-08-11 10:33:02.872===
满足所有条件，可以触发


===============================================

==============2021-08-11 10:33:14==============
===6开始执行条件2021-08-11 10:33:11.264===
===开始判断价格条件2021-08-11 10:33:11.264===
===开始判断额外/转自动条件2021-08-11 10:33:12.214===
===2021-08-11 10:33:12.617===
股票：600395指定时间段判断-额外参数：
	分组名称：1
	走势名称：时间段
		条件成立(当前时间：2021-08-11 10:33:11.264,条件时段：09:30:00-13:00:00)
	结果：达到要求
===2021-08-11 10:33:13.492===
===2021-08-11 10:33:14.064===
股票：600395多头向上判断-转自动参数：
	分组名称：2
	走势名称：多头向上
	结果：未满足，返回code：0
===2021-08-11 10:33:14.064===
满足所有条件，可以触发


===============================================

==============2021-08-11 10:33:21==============
===6开始执行条件2021-08-11 10:33:19.540===
===开始判断价格条件2021-08-11 10:33:19.540===
===开始判断额外/转自动条件2021-08-11 10:33:20.530===
===2021-08-11 10:33:20.926===
股票：600395指定时间段判断-额外参数：
	分组名称：1
	走势名称：时间段
		条件成立(当前时间：2021-08-11 10:33:19.534,条件时段：09:30:00-13:00:00)
	结果：达到要求
===2021-08-11 10:33:21.324===
===2021-08-11 10:33:21.814===
股票：600395多头向上判断-转自动参数：
	分组名称：2
	走势名称：多头向上
	结果：未满足，返回code：0
===2021-08-11 10:33:21.815===
满足所有条件，可以触发


===============================================

==============2021-08-11 10:34:55==============
===6开始执行条件2021-08-11 10:34:54.942===
===开始判断价格条件2021-08-11 10:34:54.942===
===开始判断额外/转自动条件2021-08-11 10:34:55.061===
===2021-08-11 10:34:55.161===
股票：600395指定时间段判断-额外参数：
	分组名称：1
	走势名称：时间段
		条件成立(当前时间：2021-08-11 10:34:54.941,条件时段：09:30:00-13:00:00)
	结果：达到要求
===2021-08-11 10:34:55.222===
===2021-08-11 10:34:55.353===
股票：600395多头向上判断-转自动参数：
	分组名称：2
	走势名称：多头向上
	结果：未满足，返回code：0
===2021-08-11 10:34:55.353===
满足所有条件，可以触发


===============================================

==============2021-08-11 10:35:04==============
===6开始执行条件2021-08-11 10:35:03.545===
===开始判断价格条件2021-08-11 10:35:03.545===
===开始判断额外/转自动条件2021-08-11 10:35:03.763===
===2021-08-11 10:35:03.948===
股票：600395指定时间段判断-额外参数：
	分组名称：1
	走势名称：时间段
		条件成立(当前时间：2021-08-11 10:35:03.545,条件时段：09:30:00-13:00:00)
	结果：达到要求
===2021-08-11 10:35:04.067===
===2021-08-11 10:35:04.178===
股票：600395多头向上判断-转自动参数：
	分组名称：2
	走势名称：多头向上
	结果：未满足，返回code：0
===2021-08-11 10:35:04.178===
满足所有条件，可以触发


===============================================

==============2021-08-11 10:35:11==============
===6开始执行条件2021-08-11 10:35:10.833===
===开始判断价格条件2021-08-11 10:35:10.833===
===开始判断额外/转自动条件2021-08-11 10:35:11.163===
===2021-08-11 10:35:11.337===
股票：600395指定时间段判断-额外参数：
	分组名称：1
	走势名称：时间段
		条件成立(当前时间：2021-08-11 10:35:10.833,条件时段：09:30:00-13:00:00)
	结果：达到要求
===2021-08-11 10:35:11.436===
===2021-08-11 10:35:11.602===
股票：600395多头向上判断-转自动参数：
	分组名称：2
	走势名称：多头向上
	结果：未满足，返回code：0
===2021-08-11 10:35:11.602===
满足所有条件，可以触发


===============================================

==============2021-08-11 10:35:25==============
===6开始执行条件2021-08-11 10:35:23.714===
===开始判断价格条件2021-08-11 10:35:23.714===
===开始判断额外/转自动条件2021-08-11 10:35:23.834===
===2021-08-11 10:35:24.252===
股票：600395指定时间段判断-额外参数：
	分组名称：1
	走势名称：时间段
		条件成立(当前时间：2021-08-11 10:35:23.714,条件时段：09:30:00-13:00:00)
	结果：达到要求
===2021-08-11 10:35:24.893===
===2021-08-11 10:35:25.319===
股票：600395多头向上判断-转自动参数：
	分组名称：2
	走势名称：多头向上
	结果：未满足，返回code：0
===2021-08-11 10:35:25.319===
满足所有条件，可以触发


===============================================

==============2021-08-11 10:35:52==============
===6开始执行条件2021-08-11 10:35:51.482===
===开始判断价格条件2021-08-11 10:35:51.482===
===开始判断额外/转自动条件2021-08-11 10:35:51.754===
===2021-08-11 10:35:51.934===
股票：600395指定时间段判断-额外参数：
	分组名称：1
	走势名称：时间段
		条件成立(当前时间：2021-08-11 10:35:51.482,条件时段：09:30:00-13:00:00)
	结果：达到要求
===2021-08-11 10:35:52.059===
===2021-08-11 10:35:52.418===
股票：600395多头向上判断-转自动参数：
	分组名称：2
	走势名称：多头向上
	结果：未满足，返回code：0
===2021-08-11 10:35:52.418===
满足所有条件，可以触发


===============================================

==============2021-08-11 10:36:21==============
===6开始执行条件2021-08-11 10:36:18.759===
===开始判断价格条件2021-08-11 10:36:18.759===
===开始判断额外/转自动条件2021-08-11 10:36:19.793===
===2021-08-11 10:36:20.164===
股票：600395指定时间段判断-额外参数：
	分组名称：1
	走势名称：时间段
		条件成立(当前时间：2021-08-11 10:36:18.759,条件时段：09:30:00-13:00:00)
	结果：达到要求
===2021-08-11 10:36:20.927===
===2021-08-11 10:36:21.964===
股票：600395多头向上判断-转自动参数：
	分组名称：2
	走势名称：多头向上
	结果：未满足，返回code：0
===2021-08-11 10:36:21.965===
满足所有条件，可以触发


===============================================

==============2021-08-11 10:36:57==============
===6开始执行条件2021-08-11 10:36:56.003===
===开始判断价格条件2021-08-11 10:36:56.003===
===开始判断额外/转自动条件2021-08-11 10:36:56.667===
===2021-08-11 10:36:56.819===
股票：600395指定时间段判断-额外参数：
	分组名称：1
	走势名称：时间段
		条件成立(当前时间：2021-08-11 10:36:56.003,条件时段：09:30:00-13:00:00)
	结果：达到要求
===2021-08-11 10:36:57.105===
===2021-08-11 10:36:57.563===
股票：600395多头向上判断-转自动参数：
	分组名称：2
	走势名称：多头向上
	结果：未满足，返回code：0
===2021-08-11 10:36:57.563===
满足所有条件，可以触发


===============================================

==============2021-08-11 10:37:16==============
===6开始执行条件2021-08-11 10:37:13.786===
===开始判断价格条件2021-08-11 10:37:13.786===
===开始判断额外/转自动条件2021-08-11 10:37:14.480===
===2021-08-11 10:37:14.956===
股票：600395指定时间段判断-额外参数：
	分组名称：1
	走势名称：时间段
		条件成立(当前时间：2021-08-11 10:37:13.785,条件时段：09:30:00-13:00:00)
	结果：达到要求
===2021-08-11 10:37:15.668===
===2021-08-11 10:37:16.507===
股票：600395多头向上判断-转自动参数：
	分组名称：2
	走势名称：多头向上
	结果：未满足，返回code：0
===2021-08-11 10:37:16.507===
满足所有条件，可以触发


===============================================

==============2021-08-11 10:37:53==============
===6开始执行条件2021-08-11 10:37:51.999===
===开始判断价格条件2021-08-11 10:37:51.999===
===开始判断额外/转自动条件2021-08-11 10:37:52.242===
===2021-08-11 10:37:52.544===
股票：600395指定时间段判断-额外参数：
	分组名称：1
	走势名称：时间段
		条件成立(当前时间：2021-08-11 10:37:51.998,条件时段：09:30:00-13:00:00)
	结果：达到要求
===2021-08-11 10:37:52.985===
===2021-08-11 10:37:53.868===
股票：600395多头向上判断-转自动参数：
	分组名称：2
	走势名称：多头向上
	结果：未满足，返回code：0
===2021-08-11 10:37:53.868===
满足所有条件，可以触发


===============================================

