==============2021-08-06 15:14:15==============
===6开始执行条件2021-08-06 15:14:13.481===
===开始判断价格条件2021-08-06 15:14:13.481===
===开始判断额外/转自动条件2021-08-06 15:14:13.857===
===2021-08-06 15:14:14.141===
股票：600110指定时间段判断-额外参数：
	分组名称：1
	走势名称：时间段
		条件不成立(当前时间：2021-08-06 15:14:13.481,条件时段：09:30:00-13:00:00)
	结果：未满足
===2021-08-06 15:14:14.141===
===2021-08-06 15:14:14.631===
股票：600110板块涨跌幅判断-额外参数：
	分组名称：1
	走势名称：发
		条件不成立(不符合板块涨跌幅条件)
	结果：未满足，返回code：-1
===2021-08-06 15:14:15.696===
额外条件未满足


===============================================

==============2021-08-06 15:32:48==============
===6开始执行条件2021-08-06 15:32:46.803===
===开始判断价格条件2021-08-06 15:32:46.804===
===开始判断额外/转自动条件2021-08-06 15:32:47.131===
===2021-08-06 15:32:47.171===
股票：600110指定时间段判断-额外参数：
	分组名称：1
	走势名称：时间段
		条件不成立(当前时间：2021-08-06 15:32:46.803,条件时段：09:30:00-13:00:00)
	结果：未满足
===2021-08-06 15:32:47.171===
===2021-08-06 15:32:47.260===
股票：600110板块涨跌幅判断-额外参数：
	分组名称：1
	走势名称：发
		条件不成立(不符合板块涨跌幅条件)
	结果：未满足，返回code：-1
===2021-08-06 15:32:48.574===
额外条件未满足


===============================================

==============2021-08-06 17:04:58==============
===6开始执行条件2021-08-06 17:04:56.713===
===开始判断价格条件2021-08-06 17:04:56.713===
===开始判断额外/转自动条件2021-08-06 17:04:56.982===
===2021-08-06 17:04:57.074===
股票：600110指定时间段判断-额外参数：
	分组名称：1
	走势名称：时间段
		条件不成立(当前时间：2021-08-06 17:04:56.712,条件时段：09:30:00-13:00:00)
	结果：未满足
===2021-08-06 17:04:57.074===
===2021-08-06 17:04:57.095===
股票：600110板块涨跌幅判断-额外参数：
	分组名称：1
	走势名称：发
		条件不成立(不符合板块涨跌幅条件)
	结果：未满足，返回code：-1
===2021-08-06 17:04:58.277===
额外条件未满足


===============================================

==============2021-08-06 17:05:37==============
===6开始执行条件2021-08-06 17:05:36.184===
===开始判断价格条件2021-08-06 17:05:36.184===
===开始判断额外/转自动条件2021-08-06 17:05:36.472===
===2021-08-06 17:05:36.526===
股票：600110指定时间段判断-额外参数：
	分组名称：1
	走势名称：时间段
		条件不成立(当前时间：2021-08-06 17:05:36.184,条件时段：09:30:00-13:00:00)
	结果：未满足
===2021-08-06 17:05:36.527===
===2021-08-06 17:05:36.577===
股票：600110板块涨跌幅判断-额外参数：
	分组名称：1
	走势名称：发
		条件不成立(不符合板块涨跌幅条件)
	结果：未满足，返回code：-1
===2021-08-06 17:05:37.024===
额外条件未满足


===============================================

==============2021-08-06 17:06:01==============
===6开始执行条件2021-08-06 17:05:58.891===
===开始判断价格条件2021-08-06 17:05:58.891===
===开始判断额外/转自动条件2021-08-06 17:05:59.291===
===2021-08-06 17:05:59.587===
股票：600110指定时间段判断-额外参数：
	分组名称：1
	走势名称：时间段
		条件不成立(当前时间：2021-08-06 17:05:58.890,条件时段：09:30:00-13:00:00)
	结果：未满足
===2021-08-06 17:05:59.587===
===2021-08-06 17:05:59.771===
股票：600110板块涨跌幅判断-额外参数：
	分组名称：1
	走势名称：发
		条件不成立(不符合板块涨跌幅条件)
	结果：未满足，返回code：-1
===2021-08-06 17:06:01.191===
额外条件未满足


===============================================

==============2021-08-06 17:08:44==============
===6开始执行条件2021-08-06 17:08:40.542===
===开始判断价格条件2021-08-06 17:08:40.542===
===开始判断额外/转自动条件2021-08-06 17:08:41.196===
===2021-08-06 17:08:42.298===
股票：600110指定时间段判断-额外参数：
	分组名称：1
	走势名称：时间段
		条件不成立(当前时间：2021-08-06 17:08:40.542,条件时段：09:30:00-13:00:00)
	结果：未满足
===2021-08-06 17:08:42.298===
===2021-08-06 17:08:42.614===
股票：600110板块涨跌幅判断-额外参数：
	分组名称：1
	走势名称：发
		条件不成立(不符合板块涨跌幅条件)
	结果：未满足，返回code：-1
===2021-08-06 17:08:44.847===
额外条件未满足


===============================================

==============2021-08-06 17:10:22==============
===6开始执行条件2021-08-06 17:10:21.969===
===开始判断价格条件2021-08-06 17:10:21.969===
===开始判断额外/转自动条件2021-08-06 17:10:22.086===
===2021-08-06 17:10:22.155===
股票：600110指定时间段判断-额外参数：
	分组名称：1
	走势名称：时间段
		条件不成立(当前时间：2021-08-06 17:10:21.968,条件时段：09:30:00-13:00:00)
	结果：未满足
===2021-08-06 17:10:22.155===
===2021-08-06 17:10:22.295===
股票：600110板块涨跌幅判断-额外参数：
	分组名称：1
	走势名称：发
		条件不成立(不符合板块涨跌幅条件)
	结果：未满足，返回code：-1
===2021-08-06 17:10:22.962===
额外条件未满足


===============================================

==============2021-08-06 17:10:41==============
===6开始执行条件2021-08-06 17:10:39.442===
===开始判断价格条件2021-08-06 17:10:39.442===
===开始判断额外/转自动条件2021-08-06 17:10:40.041===
===2021-08-06 17:10:40.366===
股票：600110指定时间段判断-额外参数：
	分组名称：1
	走势名称：时间段
		条件不成立(当前时间：2021-08-06 17:10:39.442,条件时段：09:30:00-13:00:00)
	结果：未满足
===2021-08-06 17:10:40.366===
===2021-08-06 17:10:40.526===
股票：600110板块涨跌幅判断-额外参数：
	分组名称：1
	走势名称：发
		条件不成立(不符合板块涨跌幅条件)
	结果：未满足，返回code：-1
===2021-08-06 17:10:41.354===
额外条件未满足


===============================================

==============2021-08-06 17:11:04==============
===6开始执行条件2021-08-06 17:11:00.650===
===开始判断价格条件2021-08-06 17:11:00.650===
===开始判断额外/转自动条件2021-08-06 17:11:01.612===
===2021-08-06 17:11:02.205===
股票：600110指定时间段判断-额外参数：
	分组名称：1
	走势名称：时间段
		条件不成立(当前时间：2021-08-06 17:11:00.650,条件时段：09:30:00-13:00:00)
	结果：未满足
===2021-08-06 17:11:02.205===
===2021-08-06 17:11:02.340===
股票：600110板块涨跌幅判断-额外参数：
	分组名称：1
	走势名称：发
		条件不成立(不符合板块涨跌幅条件)
	结果：未满足，返回code：-1
===2021-08-06 17:11:04.047===
额外条件未满足


===============================================

==============2021-08-06 17:11:49==============
===6开始执行条件2021-08-06 17:11:45.652===
===开始判断价格条件2021-08-06 17:11:45.652===
===开始判断额外/转自动条件2021-08-06 17:11:46.883===
===2021-08-06 17:11:47.152===
股票：600110指定时间段判断-额外参数：
	分组名称：1
	走势名称：时间段
		条件不成立(当前时间：2021-08-06 17:11:45.652,条件时段：09:30:00-13:00:00)
	结果：未满足
===2021-08-06 17:11:47.152===
===2021-08-06 17:11:47.204===
股票：600110板块涨跌幅判断-额外参数：
	分组名称：1
	走势名称：发
		条件不成立(不符合板块涨跌幅条件)
	结果：未满足，返回code：-1
===2021-08-06 17:11:49.822===
额外条件未满足


===============================================

==============2021-08-06 17:12:09==============
===6开始执行条件2021-08-06 17:12:06.726===
===开始判断价格条件2021-08-06 17:12:06.726===
===开始判断额外/转自动条件2021-08-06 17:12:07.680===
===2021-08-06 17:12:08.004===
股票：600110指定时间段判断-额外参数：
	分组名称：1
	走势名称：时间段
		条件不成立(当前时间：2021-08-06 17:12:06.726,条件时段：09:30:00-13:00:00)
	结果：未满足
===2021-08-06 17:12:08.004===
===2021-08-06 17:12:08.407===
股票：600110板块涨跌幅判断-额外参数：
	分组名称：1
	走势名称：发
		条件不成立(不符合板块涨跌幅条件)
	结果：未满足，返回code：-1
===2021-08-06 17:12:09.917===
额外条件未满足


===============================================

