==============2021-08-09 10:11:08==============
===6开始执行条件2021-08-09 10:11:07.711===
===开始判断价格条件2021-08-09 10:11:07.711===
===开始判断额外/转自动条件2021-08-09 10:11:07.808===
===2021-08-09 10:11:07.869===
股票：600110指定时间段判断-额外参数：
	分组名称：1
	走势名称：时间段
		条件成立(当前时间：2021-08-09 10:11:07.711,条件时段：09:30:00-13:00:00)
	结果：达到要求
===2021-08-09 10:11:07.937===
===2021-08-09 10:11:08.106===
股票：600110多头向上判断-转自动参数：
	分组名称：2
	走势名称：多头向上
	结果：未满足，返回code：0
===2021-08-09 10:11:08.106===
满足所有条件，可以触发


===============================================

==============2021-08-09 10:11:40==============
===6开始执行条件2021-08-09 10:11:26.412===
===开始判断价格条件2021-08-09 10:11:26.412===
===开始判断额外/转自动条件2021-08-09 10:11:28.092===
===2021-08-09 10:11:29.658===
股票：600110指定时间段判断-额外参数：
	分组名称：1
	走势名称：时间段
		条件成立(当前时间：2021-08-09 10:11:26.412,条件时段：09:30:00-13:00:00)
	结果：达到要求
===2021-08-09 10:11:31.116===
===2021-08-09 10:11:40.824===
股票：600110多头向上判断-转自动参数：
	分组名称：2
	走势名称：多头向上
	结果：未满足，返回code：0
===2021-08-09 10:11:40.824===
满足所有条件，可以触发


===============================================

==============2021-08-09 11:03:17==============
===6开始执行条件2021-08-09 11:03:16.996===
===开始判断价格条件2021-08-09 11:03:16.996===
===开始判断额外/转自动条件2021-08-09 11:03:17.266===
===2021-08-09 11:03:17.355===
股票：600110指定时间段判断-额外参数：
	分组名称：1
	走势名称：时间段
		条件成立(当前时间：2021-08-09 11:03:16.996,条件时段：09:30:00-13:00:00)
	结果：达到要求
===2021-08-09 11:03:17.470===
===2021-08-09 11:03:17.717===
股票：600110多头向上判断-转自动参数：
	分组名称：2
	走势名称：多头向上
	结果：未满足，返回code：0
===2021-08-09 11:03:17.717===
满足所有条件，可以触发


===============================================

==============2021-08-09 11:03:33==============
===6开始执行条件2021-08-09 11:03:32.413===
===开始判断价格条件2021-08-09 11:03:32.413===
===开始判断额外/转自动条件2021-08-09 11:03:32.666===
===2021-08-09 11:03:32.752===
股票：600110指定时间段判断-额外参数：
	分组名称：1
	走势名称：时间段
		条件成立(当前时间：2021-08-09 11:03:32.412,条件时段：09:30:00-13:00:00)
	结果：达到要求
===2021-08-09 11:03:32.821===
===2021-08-09 11:03:33.391===
股票：600110多头向上判断-转自动参数：
	分组名称：2
	走势名称：多头向上
	结果：未满足，返回code：0
===2021-08-09 11:03:33.391===
满足所有条件，可以触发


===============================================

