==============2021-08-11 10:28:53==============
===6开始执行条件2021-08-11 10:28:52.935===
===开始判断价格条件2021-08-11 10:28:52.935===
===开始判断额外/转自动条件2021-08-11 10:28:53.067===
===2021-08-11 10:28:53.186===
股票：600110指定时间段判断-额外参数：
	分组名称：1
	走势名称：时间段
		条件成立(当前时间：2021-08-11 10:28:52.934,条件时段：09:30:00-13:00:00)
	结果：达到要求
===2021-08-11 10:28:53.251===
===2021-08-11 10:28:53.396===
股票：600110多头向上判断-转自动参数：
	分组名称：2
	走势名称：多头向上
	结果：未满足，返回code：0
===2021-08-11 10:28:53.396===
满足所有条件，可以触发


===============================================

==============2021-08-11 10:29:03==============
===6开始执行条件2021-08-11 10:29:02.315===
===开始判断价格条件2021-08-11 10:29:02.315===
===开始判断额外/转自动条件2021-08-11 10:29:02.557===
===2021-08-11 10:29:02.749===
股票：600110指定时间段判断-额外参数：
	分组名称：1
	走势名称：时间段
		条件成立(当前时间：2021-08-11 10:29:02.315,条件时段：09:30:00-13:00:00)
	结果：达到要求
===2021-08-11 10:29:02.866===
===2021-08-11 10:29:03.522===
股票：600110多头向上判断-转自动参数：
	分组名称：2
	走势名称：多头向上
	结果：未满足，返回code：0
===2021-08-11 10:29:03.522===
满足所有条件，可以触发


===============================================

==============2021-08-11 10:29:46==============
===6开始执行条件2021-08-11 10:29:46.165===
===开始判断价格条件2021-08-11 10:29:46.185===
===开始判断额外/转自动条件2021-08-11 10:29:46.312===
===2021-08-11 10:29:46.364===
股票：600110指定时间段判断-额外参数：
	分组名称：1
	走势名称：时间段
		条件成立(当前时间：2021-08-11 10:29:46.165,条件时段：09:30:00-13:00:00)
	结果：达到要求
===2021-08-11 10:29:46.452===
===2021-08-11 10:29:46.562===
股票：600110多头向上判断-转自动参数：
	分组名称：2
	走势名称：多头向上
	结果：未满足，返回code：0
===2021-08-11 10:29:46.562===
满足所有条件，可以触发


===============================================

==============2021-08-11 10:30:02==============
===6开始执行条件2021-08-11 10:29:57.888===
===开始判断价格条件2021-08-11 10:29:57.888===
===开始判断额外/转自动条件2021-08-11 10:29:59.577===
===2021-08-11 10:30:00.284===
股票：600110指定时间段判断-额外参数：
	分组名称：1
	走势名称：时间段
		条件成立(当前时间：2021-08-11 10:29:57.808,条件时段：09:30:00-13:00:00)
	结果：达到要求
===2021-08-11 10:30:00.982===
===2021-08-11 10:30:02.915===
股票：600110多头向上判断-转自动参数：
	分组名称：2
	走势名称：多头向上
	结果：未满足，返回code：0
===2021-08-11 10:30:02.915===
满足所有条件，可以触发


===============================================

==============2021-08-11 10:30:16==============
===6开始执行条件2021-08-11 10:30:16.307===
===开始判断价格条件2021-08-11 10:30:16.307===
===开始判断额外/转自动条件2021-08-11 10:30:16.549===
===2021-08-11 10:30:16.598===
股票：600110指定时间段判断-额外参数：
	分组名称：1
	走势名称：时间段
		条件成立(当前时间：2021-08-11 10:30:16.306,条件时段：09:30:00-13:00:00)
	结果：达到要求
===2021-08-11 10:30:16.699===
===2021-08-11 10:30:16.873===
股票：600110多头向上判断-转自动参数：
	分组名称：2
	走势名称：多头向上
	结果：未满足，返回code：0
===2021-08-11 10:30:16.873===
满足所有条件，可以触发


===============================================

==============2021-08-11 10:30:32==============
===6开始执行条件2021-08-11 10:30:32.179===
===开始判断价格条件2021-08-11 10:30:32.179===
===开始判断额外/转自动条件2021-08-11 10:30:32.321===
===2021-08-11 10:30:32.389===
股票：600110指定时间段判断-额外参数：
	分组名称：1
	走势名称：时间段
		条件成立(当前时间：2021-08-11 10:30:32.178,条件时段：09:30:00-13:00:00)
	结果：达到要求
===2021-08-11 10:30:32.458===
===2021-08-11 10:30:32.561===
股票：600110多头向上判断-转自动参数：
	分组名称：2
	走势名称：多头向上
	结果：未满足，返回code：0
===2021-08-11 10:30:32.561===
满足所有条件，可以触发


===============================================

==============2021-08-11 10:30:44==============
===6开始执行条件2021-08-11 10:30:43.726===
===开始判断价格条件2021-08-11 10:30:43.726===
===开始判断额外/转自动条件2021-08-11 10:30:43.985===
===2021-08-11 10:30:44.127===
股票：600110指定时间段判断-额外参数：
	分组名称：1
	走势名称：时间段
		条件成立(当前时间：2021-08-11 10:30:43.725,条件时段：09:30:00-13:00:00)
	结果：达到要求
===2021-08-11 10:30:44.248===
===2021-08-11 10:30:44.470===
股票：600110多头向上判断-转自动参数：
	分组名称：2
	走势名称：多头向上
	结果：未满足，返回code：0
===2021-08-11 10:30:44.470===
满足所有条件，可以触发


===============================================

==============2021-08-11 10:31:00==============
===6开始执行条件2021-08-11 10:31:00.227===
===开始判断价格条件2021-08-11 10:31:00.227===
===开始判断额外/转自动条件2021-08-11 10:31:00.349===
===2021-08-11 10:31:00.408===
股票：600110指定时间段判断-额外参数：
	分组名称：1
	走势名称：时间段
		条件成立(当前时间：2021-08-11 10:31:00.217,条件时段：09:30:00-13:00:00)
	结果：达到要求
===2021-08-11 10:31:00.545===
===2021-08-11 10:31:00.677===
股票：600110多头向上判断-转自动参数：
	分组名称：2
	走势名称：多头向上
	结果：未满足，返回code：0
===2021-08-11 10:31:00.677===
满足所有条件，可以触发


===============================================

==============2021-08-11 10:31:19==============
===6开始执行条件2021-08-11 10:31:18.804===
===开始判断价格条件2021-08-11 10:31:18.804===
===开始判断额外/转自动条件2021-08-11 10:31:19.030===
===2021-08-11 10:31:19.430===
股票：600110指定时间段判断-额外参数：
	分组名称：1
	走势名称：时间段
		条件成立(当前时间：2021-08-11 10:31:18.803,条件时段：09:30:00-13:00:00)
	结果：达到要求
===2021-08-11 10:31:19.616===
===2021-08-11 10:31:19.776===
股票：600110多头向上判断-转自动参数：
	分组名称：2
	走势名称：多头向上
	结果：未满足，返回code：0
===2021-08-11 10:31:19.776===
满足所有条件，可以触发


===============================================

==============2021-08-11 10:31:25==============
===6开始执行条件2021-08-11 10:31:25.171===
===开始判断价格条件2021-08-11 10:31:25.171===
===开始判断额外/转自动条件2021-08-11 10:31:25.386===
===2021-08-11 10:31:25.454===
股票：600110指定时间段判断-额外参数：
	分组名称：1
	走势名称：时间段
		条件成立(当前时间：2021-08-11 10:31:25.170,条件时段：09:30:00-13:00:00)
	结果：达到要求
===2021-08-11 10:31:25.546===
===2021-08-11 10:31:25.737===
股票：600110多头向上判断-转自动参数：
	分组名称：2
	走势名称：多头向上
	结果：未满足，返回code：0
===2021-08-11 10:31:25.737===
满足所有条件，可以触发


===============================================

==============2021-08-11 10:31:33==============
===6开始执行条件2021-08-11 10:31:32.641===
===开始判断价格条件2021-08-11 10:31:32.641===
===开始判断额外/转自动条件2021-08-11 10:31:32.784===
===2021-08-11 10:31:32.873===
股票：600110指定时间段判断-额外参数：
	分组名称：1
	走势名称：时间段
		条件成立(当前时间：2021-08-11 10:31:32.641,条件时段：09:30:00-13:00:00)
	结果：达到要求
===2021-08-11 10:31:32.930===
===2021-08-11 10:31:33.010===
股票：600110多头向上判断-转自动参数：
	分组名称：2
	走势名称：多头向上
	结果：未满足，返回code：0
===2021-08-11 10:31:33.010===
满足所有条件，可以触发


===============================================

==============2021-08-11 10:31:48==============
===6开始执行条件2021-08-11 10:31:46.184===
===开始判断价格条件2021-08-11 10:31:46.184===
===开始判断额外/转自动条件2021-08-11 10:31:47.160===
===2021-08-11 10:31:47.427===
股票：600110指定时间段判断-额外参数：
	分组名称：1
	走势名称：时间段
		条件成立(当前时间：2021-08-11 10:31:46.183,条件时段：09:30:00-13:00:00)
	结果：达到要求
===2021-08-11 10:31:47.744===
===2021-08-11 10:31:48.696===
股票：600110多头向上判断-转自动参数：
	分组名称：2
	走势名称：多头向上
	结果：未满足，返回code：0
===2021-08-11 10:31:48.696===
满足所有条件，可以触发


===============================================

==============2021-08-11 10:32:06==============
===6开始执行条件2021-08-11 10:32:01.574===
===开始判断价格条件2021-08-11 10:32:01.574===
===开始判断额外/转自动条件2021-08-11 10:32:03.776===
===2021-08-11 10:32:04.941===
股票：600110指定时间段判断-额外参数：
	分组名称：1
	走势名称：时间段
		条件成立(当前时间：2021-08-11 10:32:01.574,条件时段：09:30:00-13:00:00)
	结果：达到要求
===2021-08-11 10:32:05.695===
===2021-08-11 10:32:06.083===
股票：600110多头向上判断-转自动参数：
	分组名称：2
	走势名称：多头向上
	结果：未满足，返回code：0
===2021-08-11 10:32:06.083===
满足所有条件，可以触发


===============================================

==============2021-08-11 10:32:22==============
===6开始执行条件2021-08-11 10:32:20.107===
===开始判断价格条件2021-08-11 10:32:20.107===
===开始判断额外/转自动条件2021-08-11 10:32:20.439===
===2021-08-11 10:32:20.895===
股票：600110指定时间段判断-额外参数：
	分组名称：1
	走势名称：时间段
		条件成立(当前时间：2021-08-11 10:32:20.106,条件时段：09:30:00-13:00:00)
	结果：达到要求
===2021-08-11 10:32:21.430===
===2021-08-11 10:32:22.038===
股票：600110多头向上判断-转自动参数：
	分组名称：2
	走势名称：多头向上
	结果：未满足，返回code：0
===2021-08-11 10:32:22.038===
满足所有条件，可以触发


===============================================

==============2021-08-11 10:32:46==============
===6开始执行条件2021-08-11 10:32:45.958===
===开始判断价格条件2021-08-11 10:32:45.958===
===开始判断额外/转自动条件2021-08-11 10:32:46.182===
===2021-08-11 10:32:46.470===
股票：600110指定时间段判断-额外参数：
	分组名称：1
	走势名称：时间段
		条件成立(当前时间：2021-08-11 10:32:45.958,条件时段：09:30:00-13:00:00)
	结果：达到要求
===2021-08-11 10:32:46.576===
===2021-08-11 10:32:46.755===
股票：600110多头向上判断-转自动参数：
	分组名称：2
	走势名称：多头向上
	结果：未满足，返回code：0
===2021-08-11 10:32:46.755===
满足所有条件，可以触发


===============================================

==============2021-08-11 10:32:59==============
===6开始执行条件2021-08-11 10:32:58.822===
===开始判断价格条件2021-08-11 10:32:58.822===
===开始判断额外/转自动条件2021-08-11 10:32:58.885===
===2021-08-11 10:32:58.949===
股票：600110指定时间段判断-额外参数：
	分组名称：1
	走势名称：时间段
		条件成立(当前时间：2021-08-11 10:32:58.822,条件时段：09:30:00-13:00:00)
	结果：达到要求
===2021-08-11 10:32:59.092===
===2021-08-11 10:32:59.395===
股票：600110多头向上判断-转自动参数：
	分组名称：2
	走势名称：多头向上
	结果：未满足，返回code：0
===2021-08-11 10:32:59.395===
满足所有条件，可以触发


===============================================

==============2021-08-11 10:33:08==============
===6开始执行条件2021-08-11 10:33:07.594===
===开始判断价格条件2021-08-11 10:33:07.594===
===开始判断额外/转自动条件2021-08-11 10:33:07.666===
===2021-08-11 10:33:07.719===
股票：600110指定时间段判断-额外参数：
	分组名称：1
	走势名称：时间段
		条件成立(当前时间：2021-08-11 10:33:07.582,条件时段：09:30:00-13:00:00)
	结果：达到要求
===2021-08-11 10:33:07.782===
===2021-08-11 10:33:08.140===
股票：600110多头向上判断-转自动参数：
	分组名称：2
	走势名称：多头向上
	结果：未满足，返回code：0
===2021-08-11 10:33:08.140===
满足所有条件，可以触发


===============================================

==============2021-08-11 10:33:29==============
===6开始执行条件2021-08-11 10:33:27.682===
===开始判断价格条件2021-08-11 10:33:27.682===
===开始判断额外/转自动条件2021-08-11 10:33:27.992===
===2021-08-11 10:33:28.113===
股票：600110指定时间段判断-额外参数：
	分组名称：1
	走势名称：时间段
		条件成立(当前时间：2021-08-11 10:33:27.682,条件时段：09:30:00-13:00:00)
	结果：达到要求
===2021-08-11 10:33:28.825===
===2021-08-11 10:33:29.617===
股票：600110多头向上判断-转自动参数：
	分组名称：2
	走势名称：多头向上
	结果：未满足，返回code：0
===2021-08-11 10:33:29.617===
满足所有条件，可以触发


===============================================

==============2021-08-11 10:35:00==============
===6开始执行条件2021-08-11 10:34:59.942===
===开始判断价格条件2021-08-11 10:34:59.942===
===开始判断额外/转自动条件2021-08-11 10:35:00.127===
===2021-08-11 10:35:00.249===
股票：600110指定时间段判断-额外参数：
	分组名称：1
	走势名称：时间段
		条件成立(当前时间：2021-08-11 10:34:59.942,条件时段：09:30:00-13:00:00)
	结果：达到要求
===2021-08-11 10:35:00.338===
===2021-08-11 10:35:00.449===
股票：600110多头向上判断-转自动参数：
	分组名称：2
	走势名称：多头向上
	结果：未满足，返回code：0
===2021-08-11 10:35:00.449===
满足所有条件，可以触发


===============================================

==============2021-08-11 10:35:09==============
===6开始执行条件2021-08-11 10:35:08.214===
===开始判断价格条件2021-08-11 10:35:08.214===
===开始判断额外/转自动条件2021-08-11 10:35:08.507===
===2021-08-11 10:35:08.838===
股票：600110指定时间段判断-额外参数：
	分组名称：1
	走势名称：时间段
		条件成立(当前时间：2021-08-11 10:35:08.213,条件时段：09:30:00-13:00:00)
	结果：达到要求
===2021-08-11 10:35:09.437===
===2021-08-11 10:35:09.962===
股票：600110多头向上判断-转自动参数：
	分组名称：2
	走势名称：多头向上
	结果：未满足，返回code：0
===2021-08-11 10:35:09.963===
满足所有条件，可以触发


===============================================

==============2021-08-11 10:35:21==============
===6开始执行条件2021-08-11 10:35:20.333===
===开始判断价格条件2021-08-11 10:35:20.333===
===开始判断额外/转自动条件2021-08-11 10:35:21.298===
===2021-08-11 10:35:21.402===
股票：600110指定时间段判断-额外参数：
	分组名称：1
	走势名称：时间段
		条件成立(当前时间：2021-08-11 10:35:20.303,条件时段：09:30:00-13:00:00)
	结果：达到要求
===2021-08-11 10:35:21.536===
===2021-08-11 10:35:21.818===
股票：600110多头向上判断-转自动参数：
	分组名称：2
	走势名称：多头向上
	结果：未满足，返回code：0
===2021-08-11 10:35:21.819===
满足所有条件，可以触发


===============================================

==============2021-08-11 10:35:36==============
===6开始执行条件2021-08-11 10:35:33.571===
===开始判断价格条件2021-08-11 10:35:33.571===
===开始判断额外/转自动条件2021-08-11 10:35:34.421===
===2021-08-11 10:35:34.685===
股票：600110指定时间段判断-额外参数：
	分组名称：1
	走势名称：时间段
		条件成立(当前时间：2021-08-11 10:35:33.571,条件时段：09:30:00-13:00:00)
	结果：达到要求
===2021-08-11 10:35:35.105===
===2021-08-11 10:35:36.309===
股票：600110多头向上判断-转自动参数：
	分组名称：2
	走势名称：多头向上
	结果：未满足，返回code：0
===2021-08-11 10:35:36.309===
满足所有条件，可以触发


===============================================

==============2021-08-11 10:36:37==============
===6开始执行条件2021-08-11 10:36:30.720===
===开始判断价格条件2021-08-11 10:36:30.720===
===开始判断额外/转自动条件2021-08-11 10:36:31.999===
===2021-08-11 10:36:35.859===
股票：600110指定时间段判断-额外参数：
	分组名称：1
	走势名称：时间段
		条件成立(当前时间：2021-08-11 10:36:30.719,条件时段：09:30:00-13:00:00)
	结果：达到要求
===2021-08-11 10:36:36.828===
===2021-08-11 10:36:37.351===
股票：600110多头向上判断-转自动参数：
	分组名称：2
	走势名称：多头向上
	结果：未满足，返回code：0
===2021-08-11 10:36:37.351===
满足所有条件，可以触发


===============================================

==============2021-08-11 10:37:11==============
===6开始执行条件2021-08-11 10:37:06.904===
===开始判断价格条件2021-08-11 10:37:06.904===
===开始判断额外/转自动条件2021-08-11 10:37:08.264===
===2021-08-11 10:37:08.960===
股票：600110指定时间段判断-额外参数：
	分组名称：1
	走势名称：时间段
		条件成立(当前时间：2021-08-11 10:37:06.904,条件时段：09:30:00-13:00:00)
	结果：达到要求
===2021-08-11 10:37:09.756===
===2021-08-11 10:37:11.106===
股票：600110多头向上判断-转自动参数：
	分组名称：2
	走势名称：多头向上
	结果：未满足，返回code：0
===2021-08-11 10:37:11.106===
满足所有条件，可以触发


===============================================

