==============2021-08-10 17:41:25==============
===6开始执行条件2021-08-10 17:41:23.910===
===开始判断价格条件2021-08-10 17:41:23.911===
===开始判断额外/转自动条件2021-08-10 17:41:24.277===
===2021-08-10 17:41:24.392===
股票：600110指定时间段判断-额外参数：
	分组名称：1
	走势名称：时间段
		条件不成立(当前时间：2021-08-10 17:41:23.910,条件时段：09:30:00-13:00:00)
	结果：未满足
===2021-08-10 17:41:24.392===
===2021-08-10 17:41:24.437===
股票：600110板块涨跌幅判断-额外参数：
	分组名称：1
	走势名称：发
		条件不成立(不符合板块涨跌幅条件)
	结果：未满足，返回code：-1
===2021-08-10 17:41:25.178===
额外条件未满足


===============================================

==============2021-08-10 17:44:16==============
===6开始执行条件2021-08-10 17:44:15.462===
===开始判断价格条件2021-08-10 17:44:15.462===
===开始判断额外/转自动条件2021-08-10 17:44:15.549===
===2021-08-10 17:44:15.764===
股票：600110指定时间段判断-额外参数：
	分组名称：1
	走势名称：时间段
		条件不成立(当前时间：2021-08-10 17:44:15.462,条件时段：09:30:00-13:00:00)
	结果：未满足
===2021-08-10 17:44:15.764===
===2021-08-10 17:44:15.789===
股票：600110板块涨跌幅判断-额外参数：
	分组名称：1
	走势名称：发
		条件不成立(不符合板块涨跌幅条件)
	结果：未满足，返回code：-1
===2021-08-10 17:44:16.361===
额外条件未满足


===============================================

==============2021-08-10 17:54:08==============
===6开始执行条件2021-08-10 17:54:07.429===
===开始判断价格条件2021-08-10 17:54:07.429===
===开始判断额外/转自动条件2021-08-10 17:54:07.570===
===2021-08-10 17:54:07.798===
股票：600110指定时间段判断-额外参数：
	分组名称：1
	走势名称：时间段
		条件不成立(当前时间：2021-08-10 17:54:07.429,条件时段：09:30:00-13:00:00)
	结果：未满足
===2021-08-10 17:54:07.798===
===2021-08-10 17:54:07.858===
股票：600110板块涨跌幅判断-额外参数：
	分组名称：1
	走势名称：发
		条件不成立(不符合板块涨跌幅条件)
	结果：未满足，返回code：-1
===2021-08-10 17:54:08.312===
额外条件未满足


===============================================

==============2021-08-10 17:54:24==============
===6开始执行条件2021-08-10 17:54:23.474===
===开始判断价格条件2021-08-10 17:54:23.474===
===开始判断额外/转自动条件2021-08-10 17:54:23.847===
===2021-08-10 17:54:23.925===
股票：600110指定时间段判断-额外参数：
	分组名称：1
	走势名称：时间段
		条件不成立(当前时间：2021-08-10 17:54:23.474,条件时段：09:30:00-13:00:00)
	结果：未满足
===2021-08-10 17:54:23.925===
===2021-08-10 17:54:23.949===
股票：600110板块涨跌幅判断-额外参数：
	分组名称：1
	走势名称：发
		条件不成立(不符合板块涨跌幅条件)
	结果：未满足，返回code：-1
===2021-08-10 17:54:24.410===
额外条件未满足


===============================================

