==============2021-08-06 14:25:56==============
===6开始执行条件2021-08-06 14:25:53.547===
===开始判断价格条件2021-08-06 14:25:53.547===
===开始判断额外/转自动条件2021-08-06 14:25:55.088===
===2021-08-06 14:25:55.162===
股票：603659指定时间段判断-额外参数：
	分组名称：1
	走势名称：时间段
		条件不成立(当前时间：2021-08-06 14:25:53.547,条件时段：09:30:00-13:00:00)
	结果：未满足
===2021-08-06 14:25:55.162===
===2021-08-06 14:25:55.195===
股票：603659板块涨跌幅判断-额外参数：
	分组名称：1
	走势名称：发
		条件不成立(不符合板块涨跌幅条件)
	结果：未满足，返回code：-1
===2021-08-06 14:25:56.214===
额外条件未满足


===============================================

==============2021-08-06 14:26:11==============
===6开始执行条件2021-08-06 14:26:07.258===
===开始判断价格条件2021-08-06 14:26:07.258===
===开始判断额外/转自动条件2021-08-06 14:26:08.068===
===2021-08-06 14:26:08.893===
股票：603659指定时间段判断-额外参数：
	分组名称：1
	走势名称：时间段
		条件不成立(当前时间：2021-08-06 14:26:07.257,条件时段：09:30:00-13:00:00)
	结果：未满足
===2021-08-06 14:26:08.893===
===2021-08-06 14:26:09.072===
股票：603659板块涨跌幅判断-额外参数：
	分组名称：1
	走势名称：发
		条件不成立(不符合板块涨跌幅条件)
	结果：未满足，返回code：-1
===2021-08-06 14:26:11.266===
额外条件未满足


===============================================

==============2021-08-06 14:26:39==============
===6开始执行条件2021-08-06 14:26:35.925===
===开始判断价格条件2021-08-06 14:26:35.925===
===开始判断额外/转自动条件2021-08-06 14:26:37.120===
===2021-08-06 14:26:37.627===
股票：603659指定时间段判断-额外参数：
	分组名称：1
	走势名称：时间段
		条件不成立(当前时间：2021-08-06 14:26:35.925,条件时段：09:30:00-13:00:00)
	结果：未满足
===2021-08-06 14:26:37.627===
===2021-08-06 14:26:37.722===
股票：603659板块涨跌幅判断-额外参数：
	分组名称：1
	走势名称：发
		条件不成立(不符合板块涨跌幅条件)
	结果：未满足，返回code：-1
===2021-08-06 14:26:39.433===
额外条件未满足


===============================================

==============2021-08-06 14:26:53==============
===6开始执行条件2021-08-06 14:26:50.660===
===开始判断价格条件2021-08-06 14:26:50.660===
===开始判断额外/转自动条件2021-08-06 14:26:51.524===
===2021-08-06 14:26:51.796===
股票：603659指定时间段判断-额外参数：
	分组名称：1
	走势名称：时间段
		条件不成立(当前时间：2021-08-06 14:26:50.660,条件时段：09:30:00-13:00:00)
	结果：未满足
===2021-08-06 14:26:51.796===
===2021-08-06 14:26:51.912===
股票：603659板块涨跌幅判断-额外参数：
	分组名称：1
	走势名称：发
		条件不成立(不符合板块涨跌幅条件)
	结果：未满足，返回code：-1
===2021-08-06 14:26:53.723===
额外条件未满足


===============================================

==============2021-08-06 14:29:16==============
===6开始执行条件2021-08-06 14:29:14.421===
===开始判断价格条件2021-08-06 14:29:14.421===
===开始判断额外/转自动条件2021-08-06 14:29:14.877===
===2021-08-06 14:29:15.114===
股票：603659指定时间段判断-额外参数：
	分组名称：1
	走势名称：时间段
		条件不成立(当前时间：2021-08-06 14:29:14.421,条件时段：09:30:00-13:00:00)
	结果：未满足
===2021-08-06 14:29:15.114===
===2021-08-06 14:29:15.282===
股票：603659板块涨跌幅判断-额外参数：
	分组名称：1
	走势名称：发
		条件不成立(不符合板块涨跌幅条件)
	结果：未满足，返回code：-1
===2021-08-06 14:29:16.715===
额外条件未满足


===============================================

==============2021-08-06 14:34:34==============
===6开始执行条件2021-08-06 14:34:33.830===
===开始判断价格条件2021-08-06 14:34:33.830===
===开始判断额外/转自动条件2021-08-06 14:34:34.007===
===2021-08-06 14:34:34.135===
股票：603659指定时间段判断-额外参数：
	分组名称：1
	走势名称：时间段
		条件不成立(当前时间：2021-08-06 14:34:33.824,条件时段：09:30:00-13:00:00)
	结果：未满足
===2021-08-06 14:34:34.136===
===2021-08-06 14:34:34.222===
股票：603659板块涨跌幅判断-额外参数：
	分组名称：1
	走势名称：发
		条件不成立(不符合板块涨跌幅条件)
	结果：未满足，返回code：-1
===2021-08-06 14:34:34.833===
额外条件未满足


===============================================

==============2021-08-06 14:41:05==============
===6开始执行条件2021-08-06 14:41:04.680===
===开始判断价格条件2021-08-06 14:41:04.680===
===开始判断额外/转自动条件2021-08-06 14:41:04.724===
===2021-08-06 14:41:04.761===
股票：603659指定时间段判断-额外参数：
	分组名称：1
	走势名称：时间段
		条件不成立(当前时间：2021-08-06 14:41:04.676,条件时段：09:30:00-13:00:00)
	结果：未满足
===2021-08-06 14:41:04.761===
===2021-08-06 14:41:04.777===
股票：603659板块涨跌幅判断-额外参数：
	分组名称：1
	走势名称：发
		条件不成立(不符合板块涨跌幅条件)
	结果：未满足，返回code：-1
===2021-08-06 14:41:05.057===
额外条件未满足


===============================================

==============2021-08-06 14:41:17==============
===6开始执行条件2021-08-06 14:41:16.314===
===开始判断价格条件2021-08-06 14:41:16.314===
===开始判断额外/转自动条件2021-08-06 14:41:16.437===
===2021-08-06 14:41:16.550===
股票：603659指定时间段判断-额外参数：
	分组名称：1
	走势名称：时间段
		条件不成立(当前时间：2021-08-06 14:41:16.313,条件时段：09:30:00-13:00:00)
	结果：未满足
===2021-08-06 14:41:16.557===
===2021-08-06 14:41:16.609===
股票：603659板块涨跌幅判断-额外参数：
	分组名称：1
	走势名称：发
		条件不成立(不符合板块涨跌幅条件)
	结果：未满足，返回code：-1
===2021-08-06 14:41:17.144===
额外条件未满足


===============================================

==============2021-08-06 14:41:45==============
===6开始执行条件2021-08-06 14:41:40.927===
===开始判断价格条件2021-08-06 14:41:40.927===
===开始判断额外/转自动条件2021-08-06 14:41:42.245===
===2021-08-06 14:41:43.194===
股票：603659指定时间段判断-额外参数：
	分组名称：1
	走势名称：时间段
		条件不成立(当前时间：2021-08-06 14:41:40.927,条件时段：09:30:00-13:00:00)
	结果：未满足
===2021-08-06 14:41:43.194===
===2021-08-06 14:41:43.466===
股票：603659板块涨跌幅判断-额外参数：
	分组名称：1
	走势名称：发
		条件不成立(不符合板块涨跌幅条件)
	结果：未满足，返回code：-1
===2021-08-06 14:41:45.978===
额外条件未满足


===============================================

==============2021-08-06 14:42:36==============
===6开始执行条件2021-08-06 14:42:32.898===
===开始判断价格条件2021-08-06 14:42:32.898===
===开始判断额外/转自动条件2021-08-06 14:42:34.208===
===2021-08-06 14:42:34.731===
股票：603659指定时间段判断-额外参数：
	分组名称：1
	走势名称：时间段
		条件不成立(当前时间：2021-08-06 14:42:32.898,条件时段：09:30:00-13:00:00)
	结果：未满足
===2021-08-06 14:42:34.731===
===2021-08-06 14:42:34.883===
股票：603659板块涨跌幅判断-额外参数：
	分组名称：1
	走势名称：发
		条件不成立(不符合板块涨跌幅条件)
	结果：未满足，返回code：-1
===2021-08-06 14:42:36.935===
额外条件未满足


===============================================

==============2021-08-06 14:42:59==============
===6开始执行条件2021-08-06 14:42:54.709===
===开始判断价格条件2021-08-06 14:42:54.709===
===开始判断额外/转自动条件2021-08-06 14:42:55.989===
===2021-08-06 14:42:56.867===
股票：603659指定时间段判断-额外参数：
	分组名称：1
	走势名称：时间段
		条件不成立(当前时间：2021-08-06 14:42:54.708,条件时段：09:30:00-13:00:00)
	结果：未满足
===2021-08-06 14:42:56.867===
===2021-08-06 14:42:57.116===
股票：603659板块涨跌幅判断-额外参数：
	分组名称：1
	走势名称：发
		条件不成立(不符合板块涨跌幅条件)
	结果：未满足，返回code：-1
===2021-08-06 14:42:59.802===
额外条件未满足


===============================================

==============2021-08-06 14:43:09==============
===6开始执行条件2021-08-06 14:43:08.771===
===开始判断价格条件2021-08-06 14:43:08.771===
===开始判断额外/转自动条件2021-08-06 14:43:08.881===
===2021-08-06 14:43:09.467===
股票：603659指定时间段判断-额外参数：
	分组名称：1
	走势名称：时间段
		条件不成立(当前时间：2021-08-06 14:43:08.763,条件时段：09:30:00-13:00:00)
	结果：未满足
===2021-08-06 14:43:09.467===
===2021-08-06 14:43:09.629===
股票：603659板块涨跌幅判断-额外参数：
	分组名称：1
	走势名称：发
		条件不成立(不符合板块涨跌幅条件)
	结果：未满足，返回code：-1
===2021-08-06 14:43:09.970===
额外条件未满足


===============================================

==============2021-08-06 15:03:32==============
===6开始执行条件2021-08-06 15:03:25.503===
===开始判断价格条件2021-08-06 15:03:25.503===
===开始判断额外/转自动条件2021-08-06 15:03:26.156===
===2021-08-06 15:03:26.611===
股票：603659指定时间段判断-额外参数：
	分组名称：1
	走势名称：时间段
		条件不成立(当前时间：2021-08-06 15:03:25.468,条件时段：09:30:00-13:00:00)
	结果：未满足
===2021-08-06 15:03:26.611===
===2021-08-06 15:03:27.016===
股票：603659板块涨跌幅判断-额外参数：
	分组名称：1
	走势名称：发
		条件不成立(不符合板块涨跌幅条件)
	结果：未满足，返回code：-1
===2021-08-06 15:03:32.267===
额外条件未满足


===============================================

==============2021-08-06 15:05:01==============
===6开始执行条件2021-08-06 15:04:59.394===
===开始判断价格条件2021-08-06 15:04:59.394===
===开始判断额外/转自动条件2021-08-06 15:04:59.821===
===2021-08-06 15:05:00.227===
股票：603659指定时间段判断-额外参数：
	分组名称：1
	走势名称：时间段
		条件不成立(当前时间：2021-08-06 15:04:59.394,条件时段：09:30:00-13:00:00)
	结果：未满足
===2021-08-06 15:05:00.227===
===2021-08-06 15:05:00.375===
股票：603659板块涨跌幅判断-额外参数：
	分组名称：1
	走势名称：发
		条件不成立(不符合板块涨跌幅条件)
	结果：未满足，返回code：-1
===2021-08-06 15:05:01.931===
额外条件未满足


===============================================

==============2021-08-06 15:05:32==============
===6开始执行条件2021-08-06 15:05:15.218===
===开始判断价格条件2021-08-06 15:05:15.218===
===开始判断额外/转自动条件2021-08-06 15:05:16.967===
===2021-08-06 15:05:22.681===
股票：603659指定时间段判断-额外参数：
	分组名称：1
	走势名称：时间段
		条件不成立(当前时间：2021-08-06 15:05:15.218,条件时段：09:30:00-13:00:00)
	结果：未满足
===2021-08-06 15:05:22.681===
===2021-08-06 15:05:23.016===
股票：603659板块涨跌幅判断-额外参数：
	分组名称：1
	走势名称：发
		条件不成立(不符合板块涨跌幅条件)
	结果：未满足，返回code：-1
===2021-08-06 15:05:32.048===
额外条件未满足


===============================================

==============2021-08-06 15:06:16==============
===6开始执行条件2021-08-06 15:06:09.082===
===开始判断价格条件2021-08-06 15:06:09.082===
===开始判断额外/转自动条件2021-08-06 15:06:10.694===
===2021-08-06 15:06:11.449===
股票：603659指定时间段判断-额外参数：
	分组名称：1
	走势名称：时间段
		条件不成立(当前时间：2021-08-06 15:06:09.082,条件时段：09:30:00-13:00:00)
	结果：未满足
===2021-08-06 15:06:11.450===
===2021-08-06 15:06:11.550===
股票：603659板块涨跌幅判断-额外参数：
	分组名称：1
	走势名称：发
		条件不成立(不符合板块涨跌幅条件)
	结果：未满足，返回code：-1
===2021-08-06 15:06:16.196===
额外条件未满足


===============================================

==============2021-08-06 15:06:32==============
===6开始执行条件2021-08-06 15:06:27.442===
===开始判断价格条件2021-08-06 15:06:27.442===
===开始判断额外/转自动条件2021-08-06 15:06:28.579===
===2021-08-06 15:06:29.003===
股票：603659指定时间段判断-额外参数：
	分组名称：1
	走势名称：时间段
		条件不成立(当前时间：2021-08-06 15:06:27.442,条件时段：09:30:00-13:00:00)
	结果：未满足
===2021-08-06 15:06:29.003===
===2021-08-06 15:06:29.121===
股票：603659板块涨跌幅判断-额外参数：
	分组名称：1
	走势名称：发
		条件不成立(不符合板块涨跌幅条件)
	结果：未满足，返回code：-1
===2021-08-06 15:06:32.806===
额外条件未满足


===============================================

==============2021-08-06 15:07:41==============
===6开始执行条件2021-08-06 15:06:47.059===
===开始判断价格条件2021-08-06 15:06:47.059===
===开始判断额外/转自动条件2021-08-06 15:06:49.344===
===2021-08-06 15:06:50.482===
股票：603659指定时间段判断-额外参数：
	分组名称：1
	走势名称：时间段
		条件不成立(当前时间：2021-08-06 15:06:47.059,条件时段：09:30:00-13:00:00)
	结果：未满足
===2021-08-06 15:06:50.482===
===2021-08-06 15:06:50.863===
股票：603659板块涨跌幅判断-额外参数：
	分组名称：1
	走势名称：发
		条件不成立(不符合板块涨跌幅条件)
	结果：未满足，返回code：-1
===2021-08-06 15:07:41.156===
额外条件未满足


===============================================

==============2021-08-06 15:08:04==============
===6开始执行条件2021-08-06 15:08:02.731===
===开始判断价格条件2021-08-06 15:08:02.731===
===开始判断额外/转自动条件2021-08-06 15:08:02.994===
===2021-08-06 15:08:03.214===
股票：603659指定时间段判断-额外参数：
	分组名称：1
	走势名称：时间段
		条件不成立(当前时间：2021-08-06 15:08:02.731,条件时段：09:30:00-13:00:00)
	结果：未满足
===2021-08-06 15:08:03.214===
===2021-08-06 15:08:03.298===
股票：603659板块涨跌幅判断-额外参数：
	分组名称：1
	走势名称：发
		条件不成立(不符合板块涨跌幅条件)
	结果：未满足，返回code：-1
===2021-08-06 15:08:04.356===
额外条件未满足


===============================================

==============2021-08-06 15:12:15==============
===6开始执行条件2021-08-06 15:12:10.347===
===开始判断价格条件2021-08-06 15:12:10.347===
===开始判断额外/转自动条件2021-08-06 15:12:11.376===
===2021-08-06 15:12:12.113===
股票：603659指定时间段判断-额外参数：
	分组名称：1
	走势名称：时间段
		条件不成立(当前时间：2021-08-06 15:12:10.346,条件时段：09:30:00-13:00:00)
	结果：未满足
===2021-08-06 15:12:12.113===
===2021-08-06 15:12:12.276===
股票：603659板块涨跌幅判断-额外参数：
	分组名称：1
	走势名称：发
		条件不成立(不符合板块涨跌幅条件)
	结果：未满足，返回code：-1
===2021-08-06 15:12:15.580===
额外条件未满足


===============================================

==============2021-08-06 15:12:45==============
===6开始执行条件2021-08-06 15:12:44.858===
===开始判断价格条件2021-08-06 15:12:44.858===
===开始判断额外/转自动条件2021-08-06 15:12:45.136===
===2021-08-06 15:12:45.263===
股票：603659指定时间段判断-额外参数：
	分组名称：1
	走势名称：时间段
		条件不成立(当前时间：2021-08-06 15:12:44.857,条件时段：09:30:00-13:00:00)
	结果：未满足
===2021-08-06 15:12:45.263===
===2021-08-06 15:12:45.338===
股票：603659板块涨跌幅判断-额外参数：
	分组名称：1
	走势名称：发
		条件不成立(不符合板块涨跌幅条件)
	结果：未满足，返回code：-1
===2021-08-06 15:12:45.826===
额外条件未满足


===============================================

==============2021-08-06 15:13:54==============
===6开始执行条件2021-08-06 15:13:51.547===
===开始判断价格条件2021-08-06 15:13:51.547===
===开始判断额外/转自动条件2021-08-06 15:13:52.456===
===2021-08-06 15:13:53.084===
股票：603659指定时间段判断-额外参数：
	分组名称：1
	走势名称：时间段
		条件不成立(当前时间：2021-08-06 15:13:51.547,条件时段：09:30:00-13:00:00)
	结果：未满足
===2021-08-06 15:13:53.084===
===2021-08-06 15:13:53.337===
股票：603659板块涨跌幅判断-额外参数：
	分组名称：1
	走势名称：发
		条件不成立(不符合板块涨跌幅条件)
	结果：未满足，返回code：-1
===2021-08-06 15:13:54.939===
额外条件未满足


===============================================

==============2021-08-06 15:14:06==============
===6开始执行条件2021-08-06 15:14:05.045===
===开始判断价格条件2021-08-06 15:14:05.045===
===开始判断额外/转自动条件2021-08-06 15:14:05.858===
===2021-08-06 15:14:06.033===
股票：603659指定时间段判断-额外参数：
	分组名称：1
	走势名称：时间段
		条件不成立(当前时间：2021-08-06 15:14:05.045,条件时段：09:30:00-13:00:00)
	结果：未满足
===2021-08-06 15:14:06.034===
===2021-08-06 15:14:06.071===
股票：603659板块涨跌幅判断-额外参数：
	分组名称：1
	走势名称：发
		条件不成立(不符合板块涨跌幅条件)
	结果：未满足，返回code：-1
===2021-08-06 15:14:06.474===
额外条件未满足


===============================================

==============2021-08-06 15:26:53==============
===6开始执行条件2021-08-06 15:26:53.023===
===开始判断价格条件2021-08-06 15:26:53.023===
===开始判断额外/转自动条件2021-08-06 15:26:53.251===
===2021-08-06 15:26:53.328===
股票：603659指定时间段判断-额外参数：
	分组名称：1
	走势名称：时间段
		条件不成立(当前时间：2021-08-06 15:26:53.023,条件时段：09:30:00-13:00:00)
	结果：未满足
===2021-08-06 15:26:53.328===
===2021-08-06 15:26:53.350===
股票：603659板块涨跌幅判断-额外参数：
	分组名称：1
	走势名称：发
		条件不成立(不符合板块涨跌幅条件)
	结果：未满足，返回code：-1
===2021-08-06 15:26:53.804===
额外条件未满足


===============================================

==============2021-08-06 15:27:59==============
===6开始执行条件2021-08-06 15:27:56.868===
===开始判断价格条件2021-08-06 15:27:56.868===
===开始判断额外/转自动条件2021-08-06 15:27:57.524===
===2021-08-06 15:27:58.002===
股票：603659指定时间段判断-额外参数：
	分组名称：1
	走势名称：时间段
		条件不成立(当前时间：2021-08-06 15:27:56.868,条件时段：09:30:00-13:00:00)
	结果：未满足
===2021-08-06 15:27:58.022===
===2021-08-06 15:27:58.080===
股票：603659板块涨跌幅判断-额外参数：
	分组名称：1
	走势名称：发
		条件不成立(不符合板块涨跌幅条件)
	结果：未满足，返回code：-1
===2021-08-06 15:27:59.861===
额外条件未满足


===============================================

==============2021-08-06 15:28:31==============
===6开始执行条件2021-08-06 15:28:29.026===
===开始判断价格条件2021-08-06 15:28:29.026===
===开始判断额外/转自动条件2021-08-06 15:28:29.991===
===2021-08-06 15:28:30.204===
股票：603659指定时间段判断-额外参数：
	分组名称：1
	走势名称：时间段
		条件不成立(当前时间：2021-08-06 15:28:29.025,条件时段：09:30:00-13:00:00)
	结果：未满足
===2021-08-06 15:28:30.204===
===2021-08-06 15:28:30.308===
股票：603659板块涨跌幅判断-额外参数：
	分组名称：1
	走势名称：发
		条件不成立(不符合板块涨跌幅条件)
	结果：未满足，返回code：-1
===2021-08-06 15:28:31.992===
额外条件未满足


===============================================

==============2021-08-06 15:28:50==============
===6开始执行条件2021-08-06 15:28:47.250===
===开始判断价格条件2021-08-06 15:28:47.250===
===开始判断额外/转自动条件2021-08-06 15:28:47.892===
===2021-08-06 15:28:48.283===
股票：603659指定时间段判断-额外参数：
	分组名称：1
	走势名称：时间段
		条件不成立(当前时间：2021-08-06 15:28:47.249,条件时段：09:30:00-13:00:00)
	结果：未满足
===2021-08-06 15:28:48.283===
===2021-08-06 15:28:48.422===
股票：603659板块涨跌幅判断-额外参数：
	分组名称：1
	走势名称：发
		条件不成立(不符合板块涨跌幅条件)
	结果：未满足，返回code：-1
===2021-08-06 15:28:50.586===
额外条件未满足


===============================================

==============2021-08-06 15:30:00==============
===6开始执行条件2021-08-06 15:29:59.177===
===开始判断价格条件2021-08-06 15:29:59.177===
===开始判断额外/转自动条件2021-08-06 15:29:59.276===
===2021-08-06 15:29:59.627===
股票：603659指定时间段判断-额外参数：
	分组名称：1
	走势名称：时间段
		条件不成立(当前时间：2021-08-06 15:29:59.176,条件时段：09:30:00-13:00:00)
	结果：未满足
===2021-08-06 15:29:59.627===
===2021-08-06 15:29:59.708===
股票：603659板块涨跌幅判断-额外参数：
	分组名称：1
	走势名称：发
		条件不成立(不符合板块涨跌幅条件)
	结果：未满足，返回code：-1
===2021-08-06 15:30:00.137===
额外条件未满足


===============================================

==============2021-08-06 15:30:19==============
===6开始执行条件2021-08-06 15:30:16.295===
===开始判断价格条件2021-08-06 15:30:16.295===
===开始判断额外/转自动条件2021-08-06 15:30:17.109===
===2021-08-06 15:30:17.600===
股票：603659指定时间段判断-额外参数：
	分组名称：1
	走势名称：时间段
		条件不成立(当前时间：2021-08-06 15:30:16.294,条件时段：09:30:00-13:00:00)
	结果：未满足
===2021-08-06 15:30:17.600===
===2021-08-06 15:30:17.829===
股票：603659板块涨跌幅判断-额外参数：
	分组名称：1
	走势名称：发
		条件不成立(不符合板块涨跌幅条件)
	结果：未满足，返回code：-1
===2021-08-06 15:30:19.684===
额外条件未满足


===============================================

==============2021-08-06 15:30:38==============
===6开始执行条件2021-08-06 15:30:37.600===
===开始判断价格条件2021-08-06 15:30:37.600===
===开始判断额外/转自动条件2021-08-06 15:30:37.685===
===2021-08-06 15:30:37.851===
股票：603659指定时间段判断-额外参数：
	分组名称：1
	走势名称：时间段
		条件不成立(当前时间：2021-08-06 15:30:37.594,条件时段：09:30:00-13:00:00)
	结果：未满足
===2021-08-06 15:30:37.858===
===2021-08-06 15:30:37.919===
股票：603659板块涨跌幅判断-额外参数：
	分组名称：1
	走势名称：发
		条件不成立(不符合板块涨跌幅条件)
	结果：未满足，返回code：-1
===2021-08-06 15:30:38.292===
额外条件未满足


===============================================

==============2021-08-06 15:30:58==============
===6开始执行条件2021-08-06 15:30:54.271===
===开始判断价格条件2021-08-06 15:30:54.271===
===开始判断额外/转自动条件2021-08-06 15:30:55.151===
===2021-08-06 15:30:55.987===
股票：603659指定时间段判断-额外参数：
	分组名称：1
	走势名称：时间段
		条件不成立(当前时间：2021-08-06 15:30:54.264,条件时段：09:30:00-13:00:00)
	结果：未满足
===2021-08-06 15:30:55.987===
===2021-08-06 15:30:56.127===
股票：603659板块涨跌幅判断-额外参数：
	分组名称：1
	走势名称：发
		条件不成立(不符合板块涨跌幅条件)
	结果：未满足，返回code：-1
===2021-08-06 15:30:58.196===
额外条件未满足


===============================================

==============2021-08-06 15:31:13==============
===6开始执行条件2021-08-06 15:31:13.297===
===开始判断价格条件2021-08-06 15:31:13.297===
===开始判断额外/转自动条件2021-08-06 15:31:13.422===
===2021-08-06 15:31:13.499===
股票：603659指定时间段判断-额外参数：
	分组名称：1
	走势名称：时间段
		条件不成立(当前时间：2021-08-06 15:31:13.297,条件时段：09:30:00-13:00:00)
	结果：未满足
===2021-08-06 15:31:13.499===
===2021-08-06 15:31:13.582===
股票：603659板块涨跌幅判断-额外参数：
	分组名称：1
	走势名称：发
		条件不成立(不符合板块涨跌幅条件)
	结果：未满足，返回code：-1
===2021-08-06 15:31:13.973===
额外条件未满足


===============================================

==============2021-08-06 15:31:35==============
===6开始执行条件2021-08-06 15:31:31.207===
===开始判断价格条件2021-08-06 15:31:31.207===
===开始判断额外/转自动条件2021-08-06 15:31:32.444===
===2021-08-06 15:31:32.583===
股票：603659指定时间段判断-额外参数：
	分组名称：1
	走势名称：时间段
		条件不成立(当前时间：2021-08-06 15:31:31.206,条件时段：09:30:00-13:00:00)
	结果：未满足
===2021-08-06 15:31:32.583===
===2021-08-06 15:31:32.732===
股票：603659板块涨跌幅判断-额外参数：
	分组名称：1
	走势名称：发
		条件不成立(不符合板块涨跌幅条件)
	结果：未满足，返回code：-1
===2021-08-06 15:31:35.150===
额外条件未满足


===============================================

==============2021-08-06 15:31:55==============
===6开始执行条件2021-08-06 15:31:48.864===
===开始判断价格条件2021-08-06 15:31:48.864===
===开始判断额外/转自动条件2021-08-06 15:31:50.237===
===2021-08-06 15:31:51.008===
股票：603659指定时间段判断-额外参数：
	分组名称：1
	走势名称：时间段
		条件不成立(当前时间：2021-08-06 15:31:48.864,条件时段：09:30:00-13:00:00)
	结果：未满足
===2021-08-06 15:31:51.008===
===2021-08-06 15:31:51.261===
股票：603659板块涨跌幅判断-额外参数：
	分组名称：1
	走势名称：发
		条件不成立(不符合板块涨跌幅条件)
	结果：未满足，返回code：-1
===2021-08-06 15:31:55.770===
额外条件未满足


===============================================

==============2021-08-06 15:32:14==============
===6开始执行条件2021-08-06 15:32:10.356===
===开始判断价格条件2021-08-06 15:32:10.356===
===开始判断额外/转自动条件2021-08-06 15:32:11.114===
===2021-08-06 15:32:11.843===
股票：603659指定时间段判断-额外参数：
	分组名称：1
	走势名称：时间段
		条件不成立(当前时间：2021-08-06 15:32:10.355,条件时段：09:30:00-13:00:00)
	结果：未满足
===2021-08-06 15:32:11.843===
===2021-08-06 15:32:11.901===
股票：603659板块涨跌幅判断-额外参数：
	分组名称：1
	走势名称：发
		条件不成立(不符合板块涨跌幅条件)
	结果：未满足，返回code：-1
===2021-08-06 15:32:14.452===
额外条件未满足


===============================================

==============2021-08-06 15:32:31==============
===6开始执行条件2021-08-06 15:32:28.509===
===开始判断价格条件2021-08-06 15:32:28.509===
===开始判断额外/转自动条件2021-08-06 15:32:29.313===
===2021-08-06 15:32:29.863===
股票：603659指定时间段判断-额外参数：
	分组名称：1
	走势名称：时间段
		条件不成立(当前时间：2021-08-06 15:32:28.509,条件时段：09:30:00-13:00:00)
	结果：未满足
===2021-08-06 15:32:29.863===
===2021-08-06 15:32:29.981===
股票：603659板块涨跌幅判断-额外参数：
	分组名称：1
	走势名称：发
		条件不成立(不符合板块涨跌幅条件)
	结果：未满足，返回code：-1
===2021-08-06 15:32:31.953===
额外条件未满足


===============================================

==============2021-08-06 15:32:40==============
===6开始执行条件2021-08-06 15:32:39.571===
===开始判断价格条件2021-08-06 15:32:39.571===
===开始判断额外/转自动条件2021-08-06 15:32:40.128===
===2021-08-06 15:32:40.167===
股票：603659指定时间段判断-额外参数：
	分组名称：1
	走势名称：时间段
		条件不成立(当前时间：2021-08-06 15:32:39.564,条件时段：09:30:00-13:00:00)
	结果：未满足
===2021-08-06 15:32:40.170===
===2021-08-06 15:32:40.490===
股票：603659板块涨跌幅判断-额外参数：
	分组名称：1
	走势名称：发
		条件不成立(不符合板块涨跌幅条件)
	结果：未满足，返回code：-1
===2021-08-06 15:32:40.812===
额外条件未满足


===============================================

==============2021-08-06 15:33:08==============
===6开始执行条件2021-08-06 15:33:04.727===
===开始判断价格条件2021-08-06 15:33:04.727===
===开始判断额外/转自动条件2021-08-06 15:33:05.672===
===2021-08-06 15:33:06.168===
股票：603659指定时间段判断-额外参数：
	分组名称：1
	走势名称：时间段
		条件不成立(当前时间：2021-08-06 15:33:04.726,条件时段：09:30:00-13:00:00)
	结果：未满足
===2021-08-06 15:33:06.168===
===2021-08-06 15:33:06.332===
股票：603659板块涨跌幅判断-额外参数：
	分组名称：1
	走势名称：发
		条件不成立(不符合板块涨跌幅条件)
	结果：未满足，返回code：-1
===2021-08-06 15:33:08.517===
额外条件未满足


===============================================

==============2021-08-06 15:38:12==============
===6开始执行条件2021-08-06 15:38:09.295===
===开始判断价格条件2021-08-06 15:38:09.295===
===开始判断额外/转自动条件2021-08-06 15:38:09.916===
===2021-08-06 15:38:10.406===
股票：603659指定时间段判断-额外参数：
	分组名称：1
	走势名称：时间段
		条件不成立(当前时间：2021-08-06 15:38:09.295,条件时段：09:30:00-13:00:00)
	结果：未满足
===2021-08-06 15:38:10.406===
===2021-08-06 15:38:10.617===
股票：603659板块涨跌幅判断-额外参数：
	分组名称：1
	走势名称：发
		条件不成立(不符合板块涨跌幅条件)
	结果：未满足，返回code：-1
===2021-08-06 15:38:12.789===
额外条件未满足


===============================================

==============2021-08-06 15:38:30==============
===6开始执行条件2021-08-06 15:38:30.138===
===开始判断价格条件2021-08-06 15:38:30.138===
===开始判断额外/转自动条件2021-08-06 15:38:30.366===
===2021-08-06 15:38:30.508===
股票：603659指定时间段判断-额外参数：
	分组名称：1
	走势名称：时间段
		条件不成立(当前时间：2021-08-06 15:38:30.137,条件时段：09:30:00-13:00:00)
	结果：未满足
===2021-08-06 15:38:30.508===
===2021-08-06 15:38:30.545===
股票：603659板块涨跌幅判断-额外参数：
	分组名称：1
	走势名称：发
		条件不成立(不符合板块涨跌幅条件)
	结果：未满足，返回code：-1
===2021-08-06 15:38:30.855===
额外条件未满足


===============================================

==============2021-08-06 17:04:37==============
===6开始执行条件2021-08-06 17:04:32.617===
===开始判断价格条件2021-08-06 17:04:32.617===
===开始判断额外/转自动条件2021-08-06 17:04:33.855===
===2021-08-06 17:04:34.218===
股票：603659指定时间段判断-额外参数：
	分组名称：1
	走势名称：时间段
		条件不成立(当前时间：2021-08-06 17:04:32.617,条件时段：09:30:00-13:00:00)
	结果：未满足
===2021-08-06 17:04:34.218===
===2021-08-06 17:04:34.350===
股票：603659板块涨跌幅判断-额外参数：
	分组名称：1
	走势名称：发
		条件不成立(不符合板块涨跌幅条件)
	结果：未满足，返回code：-1
===2021-08-06 17:04:37.176===
额外条件未满足


===============================================

==============2021-08-06 17:04:48==============
===6开始执行条件2021-08-06 17:04:47.054===
===开始判断价格条件2021-08-06 17:04:47.054===
===开始判断额外/转自动条件2021-08-06 17:04:47.252===
===2021-08-06 17:04:47.329===
股票：603659指定时间段判断-额外参数：
	分组名称：1
	走势名称：时间段
		条件不成立(当前时间：2021-08-06 17:04:47.054,条件时段：09:30:00-13:00:00)
	结果：未满足
===2021-08-06 17:04:47.329===
===2021-08-06 17:04:47.387===
股票：603659板块涨跌幅判断-额外参数：
	分组名称：1
	走势名称：发
		条件不成立(不符合板块涨跌幅条件)
	结果：未满足，返回code：-1
===2021-08-06 17:04:48.067===
额外条件未满足


===============================================

==============2021-08-06 17:05:09==============
===6开始执行条件2021-08-06 17:05:08.015===
===开始判断价格条件2021-08-06 17:05:08.015===
===开始判断额外/转自动条件2021-08-06 17:05:08.149===
===2021-08-06 17:05:08.429===
股票：603659指定时间段判断-额外参数：
	分组名称：1
	走势名称：时间段
		条件不成立(当前时间：2021-08-06 17:05:07.928,条件时段：09:30:00-13:00:00)
	结果：未满足
===2021-08-06 17:05:08.430===
===2021-08-06 17:05:08.466===
股票：603659板块涨跌幅判断-额外参数：
	分组名称：1
	走势名称：发
		条件不成立(不符合板块涨跌幅条件)
	结果：未满足，返回code：-1
===2021-08-06 17:05:09.893===
额外条件未满足


===============================================

==============2021-08-06 17:05:27==============
===6开始执行条件2021-08-06 17:05:25.101===
===开始判断价格条件2021-08-06 17:05:25.101===
===开始判断额外/转自动条件2021-08-06 17:05:25.722===
===2021-08-06 17:05:25.882===
股票：603659指定时间段判断-额外参数：
	分组名称：1
	走势名称：时间段
		条件不成立(当前时间：2021-08-06 17:05:25.101,条件时段：09:30:00-13:00:00)
	结果：未满足
===2021-08-06 17:05:25.883===
===2021-08-06 17:05:25.947===
股票：603659板块涨跌幅判断-额外参数：
	分组名称：1
	走势名称：发
		条件不成立(不符合板块涨跌幅条件)
	结果：未满足，返回code：-1
===2021-08-06 17:05:27.196===
额外条件未满足


===============================================

==============2021-08-06 17:05:48==============
===6开始执行条件2021-08-06 17:05:44.963===
===开始判断价格条件2021-08-06 17:05:44.963===
===开始判断额外/转自动条件2021-08-06 17:05:45.439===
===2021-08-06 17:05:46.210===
股票：603659指定时间段判断-额外参数：
	分组名称：1
	走势名称：时间段
		条件不成立(当前时间：2021-08-06 17:05:44.962,条件时段：09:30:00-13:00:00)
	结果：未满足
===2021-08-06 17:05:46.210===
===2021-08-06 17:05:46.328===
股票：603659板块涨跌幅判断-额外参数：
	分组名称：1
	走势名称：发
		条件不成立(不符合板块涨跌幅条件)
	结果：未满足，返回code：-1
===2021-08-06 17:05:48.220===
额外条件未满足


===============================================

==============2021-08-06 17:06:12==============
===6开始执行条件2021-08-06 17:06:07.158===
===开始判断价格条件2021-08-06 17:06:07.158===
===开始判断额外/转自动条件2021-08-06 17:06:08.671===
===2021-08-06 17:06:09.216===
股票：603659指定时间段判断-额外参数：
	分组名称：1
	走势名称：时间段
		条件不成立(当前时间：2021-08-06 17:06:07.157,条件时段：09:30:00-13:00:00)
	结果：未满足
===2021-08-06 17:06:09.216===
===2021-08-06 17:06:09.524===
股票：603659板块涨跌幅判断-额外参数：
	分组名称：1
	走势名称：发
		条件不成立(不符合板块涨跌幅条件)
	结果：未满足，返回code：-1
===2021-08-06 17:06:12.437===
额外条件未满足


===============================================

==============2021-08-06 17:06:35==============
===6开始执行条件2021-08-06 17:06:31.147===
===开始判断价格条件2021-08-06 17:06:31.147===
===开始判断额外/转自动条件2021-08-06 17:06:32.439===
===2021-08-06 17:06:32.982===
股票：603659指定时间段判断-额外参数：
	分组名称：1
	走势名称：时间段
		条件不成立(当前时间：2021-08-06 17:06:31.147,条件时段：09:30:00-13:00:00)
	结果：未满足
===2021-08-06 17:06:32.982===
===2021-08-06 17:06:33.222===
股票：603659板块涨跌幅判断-额外参数：
	分组名称：1
	走势名称：发
		条件不成立(不符合板块涨跌幅条件)
	结果：未满足，返回code：-1
===2021-08-06 17:06:35.550===
额外条件未满足


===============================================

==============2021-08-06 17:06:56==============
===6开始执行条件2021-08-06 17:06:53.424===
===开始判断价格条件2021-08-06 17:06:53.424===
===开始判断额外/转自动条件2021-08-06 17:06:54.026===
===2021-08-06 17:06:54.461===
股票：603659指定时间段判断-额外参数：
	分组名称：1
	走势名称：时间段
		条件不成立(当前时间：2021-08-06 17:06:53.423,条件时段：09:30:00-13:00:00)
	结果：未满足
===2021-08-06 17:06:54.461===
===2021-08-06 17:06:54.642===
股票：603659板块涨跌幅判断-额外参数：
	分组名称：1
	走势名称：发
		条件不成立(不符合板块涨跌幅条件)
	结果：未满足，返回code：-1
===2021-08-06 17:06:56.718===
额外条件未满足


===============================================

==============2021-08-06 17:07:14==============
===6开始执行条件2021-08-06 17:07:13.370===
===开始判断价格条件2021-08-06 17:07:13.370===
===开始判断额外/转自动条件2021-08-06 17:07:13.767===
===2021-08-06 17:07:13.965===
股票：603659指定时间段判断-额外参数：
	分组名称：1
	走势名称：时间段
		条件不成立(当前时间：2021-08-06 17:07:13.370,条件时段：09:30:00-13:00:00)
	结果：未满足
===2021-08-06 17:07:13.965===
===2021-08-06 17:07:14.026===
股票：603659板块涨跌幅判断-额外参数：
	分组名称：1
	走势名称：发
		条件不成立(不符合板块涨跌幅条件)
	结果：未满足，返回code：-1
===2021-08-06 17:07:14.538===
额外条件未满足


===============================================

==============2021-08-06 17:07:39==============
===6开始执行条件2021-08-06 17:07:33.155===
===开始判断价格条件2021-08-06 17:07:33.155===
===开始判断额外/转自动条件2021-08-06 17:07:34.278===
===2021-08-06 17:07:35.427===
股票：603659指定时间段判断-额外参数：
	分组名称：1
	走势名称：时间段
		条件不成立(当前时间：2021-08-06 17:07:33.155,条件时段：09:30:00-13:00:00)
	结果：未满足
===2021-08-06 17:07:35.428===
===2021-08-06 17:07:35.610===
股票：603659板块涨跌幅判断-额外参数：
	分组名称：1
	走势名称：发
		条件不成立(不符合板块涨跌幅条件)
	结果：未满足，返回code：-1
===2021-08-06 17:07:39.395===
额外条件未满足


===============================================

==============2021-08-06 17:08:02==============
===6开始执行条件2021-08-06 17:07:59.703===
===开始判断价格条件2021-08-06 17:07:59.703===
===开始判断额外/转自动条件2021-08-06 17:08:00.653===
===2021-08-06 17:08:01.255===
股票：603659指定时间段判断-额外参数：
	分组名称：1
	走势名称：时间段
		条件不成立(当前时间：2021-08-06 17:07:59.703,条件时段：09:30:00-13:00:00)
	结果：未满足
===2021-08-06 17:08:01.255===
===2021-08-06 17:08:01.580===
股票：603659板块涨跌幅判断-额外参数：
	分组名称：1
	走势名称：发
		条件不成立(不符合板块涨跌幅条件)
	结果：未满足，返回code：-1
===2021-08-06 17:08:02.638===
额外条件未满足


===============================================

==============2021-08-06 17:08:26==============
===6开始执行条件2021-08-06 17:08:22.095===
===开始判断价格条件2021-08-06 17:08:22.095===
===开始判断额外/转自动条件2021-08-06 17:08:23.280===
===2021-08-06 17:08:23.726===
股票：603659指定时间段判断-额外参数：
	分组名称：1
	走势名称：时间段
		条件不成立(当前时间：2021-08-06 17:08:22.092,条件时段：09:30:00-13:00:00)
	结果：未满足
===2021-08-06 17:08:23.726===
===2021-08-06 17:08:23.962===
股票：603659板块涨跌幅判断-额外参数：
	分组名称：1
	走势名称：发
		条件不成立(不符合板块涨跌幅条件)
	结果：未满足，返回code：-1
===2021-08-06 17:08:26.086===
额外条件未满足


===============================================

==============2021-08-06 17:10:14==============
===6开始执行条件2021-08-06 17:10:13.317===
===开始判断价格条件2021-08-06 17:10:13.317===
===开始判断额外/转自动条件2021-08-06 17:10:13.577===
===2021-08-06 17:10:13.709===
股票：603659指定时间段判断-额外参数：
	分组名称：1
	走势名称：时间段
		条件不成立(当前时间：2021-08-06 17:10:13.312,条件时段：09:30:00-13:00:00)
	结果：未满足
===2021-08-06 17:10:13.709===
===2021-08-06 17:10:13.745===
股票：603659板块涨跌幅判断-额外参数：
	分组名称：1
	走势名称：发
		条件不成立(不符合板块涨跌幅条件)
	结果：未满足，返回code：-1
===2021-08-06 17:10:14.393===
额外条件未满足


===============================================

==============2021-08-06 17:10:30==============
===6开始执行条件2021-08-06 17:10:29.941===
===开始判断价格条件2021-08-06 17:10:29.941===
===开始判断额外/转自动条件2021-08-06 17:10:30.036===
===2021-08-06 17:10:30.084===
股票：603659指定时间段判断-额外参数：
	分组名称：1
	走势名称：时间段
		条件不成立(当前时间：2021-08-06 17:10:29.941,条件时段：09:30:00-13:00:00)
	结果：未满足
===2021-08-06 17:10:30.084===
===2021-08-06 17:10:30.126===
股票：603659板块涨跌幅判断-额外参数：
	分组名称：1
	走势名称：发
		条件不成立(不符合板块涨跌幅条件)
	结果：未满足，返回code：-1
===2021-08-06 17:10:30.714===
额外条件未满足


===============================================

==============2021-08-06 17:10:49==============
===6开始执行条件2021-08-06 17:10:47.581===
===开始判断价格条件2021-08-06 17:10:47.581===
===开始判断额外/转自动条件2021-08-06 17:10:48.077===
===2021-08-06 17:10:48.194===
股票：603659指定时间段判断-额外参数：
	分组名称：1
	走势名称：时间段
		条件不成立(当前时间：2021-08-06 17:10:47.580,条件时段：09:30:00-13:00:00)
	结果：未满足
===2021-08-06 17:10:48.194===
===2021-08-06 17:10:48.231===
股票：603659板块涨跌幅判断-额外参数：
	分组名称：1
	走势名称：发
		条件不成立(不符合板块涨跌幅条件)
	结果：未满足，返回code：-1
===2021-08-06 17:10:49.234===
额外条件未满足


===============================================

==============2021-08-06 17:11:12==============
===6开始执行条件2021-08-06 17:11:07.687===
===开始判断价格条件2021-08-06 17:11:07.687===
===开始判断额外/转自动条件2021-08-06 17:11:08.604===
===2021-08-06 17:11:09.493===
股票：603659指定时间段判断-额外参数：
	分组名称：1
	走势名称：时间段
		条件不成立(当前时间：2021-08-06 17:11:07.687,条件时段：09:30:00-13:00:00)
	结果：未满足
===2021-08-06 17:11:09.493===
===2021-08-06 17:11:09.706===
股票：603659板块涨跌幅判断-额外参数：
	分组名称：1
	走势名称：发
		条件不成立(不符合板块涨跌幅条件)
	结果：未满足，返回code：-1
===2021-08-06 17:11:12.263===
额外条件未满足


===============================================

==============2021-08-06 17:11:35==============
===6开始执行条件2021-08-06 17:11:31.300===
===开始判断价格条件2021-08-06 17:11:31.300===
===开始判断额外/转自动条件2021-08-06 17:11:32.484===
===2021-08-06 17:11:32.946===
股票：603659指定时间段判断-额外参数：
	分组名称：1
	走势名称：时间段
		条件不成立(当前时间：2021-08-06 17:11:31.299,条件时段：09:30:00-13:00:00)
	结果：未满足
===2021-08-06 17:11:32.946===
===2021-08-06 17:11:33.094===
股票：603659板块涨跌幅判断-额外参数：
	分组名称：1
	走势名称：发
		条件不成立(不符合板块涨跌幅条件)
	结果：未满足，返回code：-1
===2021-08-06 17:11:35.019===
额外条件未满足


===============================================

==============2021-08-06 17:11:56==============
===6开始执行条件2021-08-06 17:11:53.959===
===开始判断价格条件2021-08-06 17:11:53.959===
===开始判断额外/转自动条件2021-08-06 17:11:54.456===
===2021-08-06 17:11:54.704===
股票：603659指定时间段判断-额外参数：
	分组名称：1
	走势名称：时间段
		条件不成立(当前时间：2021-08-06 17:11:53.959,条件时段：09:30:00-13:00:00)
	结果：未满足
===2021-08-06 17:11:54.704===
===2021-08-06 17:11:54.784===
股票：603659板块涨跌幅判断-额外参数：
	分组名称：1
	走势名称：发
		条件不成立(不符合板块涨跌幅条件)
	结果：未满足，返回code：-1
===2021-08-06 17:11:56.218===
额外条件未满足


===============================================

==============2021-08-06 17:12:15==============
===6开始执行条件2021-08-06 17:12:13.555===
===开始判断价格条件2021-08-06 17:12:13.555===
===开始判断额外/转自动条件2021-08-06 17:12:13.859===
===2021-08-06 17:12:14.123===
股票：603659指定时间段判断-额外参数：
	分组名称：1
	走势名称：时间段
		条件不成立(当前时间：2021-08-06 17:12:13.554,条件时段：09:30:00-13:00:00)
	结果：未满足
===2021-08-06 17:12:14.123===
===2021-08-06 17:12:14.165===
股票：603659板块涨跌幅判断-额外参数：
	分组名称：1
	走势名称：发
		条件不成立(不符合板块涨跌幅条件)
	结果：未满足，返回code：-1
===2021-08-06 17:12:15.491===
额外条件未满足


===============================================

