2021/9/23 16:30:22
监听队列已链接


2021/9/23 16:30:32
监听队列已链接


2021/9/23 16:30:34
===查询需要自动买入的数据===2021-09-23 16:30:34.768
===查询结束===2021-09-23 16:30:34.888



2021/9/23 16:30:34
===开始自动买入判断（总）===2021-09-23 16:30:34.889


2021/9/23 16:30:35
12021-09-23 16:30:35.041


2021/9/23 16:30:35
12021-09-23 16:30:35.042


2021/9/23 16:30:35
12021-09-23 16:30:35.043


2021/9/23 16:30:35
===结束自动买入判断（总）===2021-09-23 16:30:35.045


2021/9/23 16:30:35
==================================


2021/9/23 16:30:48
===查询需要自动买入的数据===2021-09-23 16:30:48.622
===查询结束===2021-09-23 16:30:48.677



2021/9/23 16:30:48
===开始自动买入判断（总）===2021-09-23 16:30:48.684


2021/9/23 16:30:48
12021-09-23 16:30:48.685


2021/9/23 16:30:48
12021-09-23 16:30:48.685


2021/9/23 16:30:48
12021-09-23 16:30:48.686


2021/9/23 16:30:48
===结束自动买入判断（总）===2021-09-23 16:30:48.686


2021/9/23 16:30:48
==================================


2021/9/23 16:31:03
===查询需要自动买入的数据===2021-09-23 16:31:03.588
===查询结束===2021-09-23 16:31:03.637



2021/9/23 16:31:03
===开始自动买入判断（总）===2021-09-23 16:31:03.637


2021/9/23 16:31:03
12021-09-23 16:31:03.638


2021/9/23 16:31:03
12021-09-23 16:31:03.638


2021/9/23 16:31:03
12021-09-23 16:31:03.638


2021/9/23 16:31:03
===结束自动买入判断（总）===2021-09-23 16:31:03.652


2021/9/23 16:31:03
==================================


2021/9/23 16:31:23
===查询需要自动买入的数据===2021-09-23 16:31:23.668
===查询结束===2021-09-23 16:31:23.689



2021/9/23 16:31:23
===开始自动买入判断（总）===2021-09-23 16:31:23.689


2021/9/23 16:31:23
12021-09-23 16:31:23.690


2021/9/23 16:31:23
12021-09-23 16:31:23.690


2021/9/23 16:31:23
12021-09-23 16:31:23.690


2021/9/23 16:31:23
===结束自动买入判断（总）===2021-09-23 16:31:23.694


2021/9/23 16:31:23
==================================


2021/9/23 16:31:35
===查询需要自动买入的数据===2021-09-23 16:31:35.193
===查询结束===2021-09-23 16:31:35.222



2021/9/23 16:31:35
===开始自动买入判断（总）===2021-09-23 16:31:35.223


2021/9/23 16:31:35
12021-09-23 16:31:35.223


2021/9/23 16:31:35
12021-09-23 16:31:35.223


2021/9/23 16:31:35
12021-09-23 16:31:35.223


2021/9/23 16:31:35
===结束自动买入判断（总）===2021-09-23 16:31:35.224


2021/9/23 16:31:35
==================================


2021/9/23 16:32:00
===查询需要自动买入的数据===2021-09-23 16:32:00.656
===查询结束===2021-09-23 16:32:00.853



2021/9/23 16:32:00
===开始自动买入判断（总）===2021-09-23 16:32:00.854


2021/9/23 16:32:00
12021-09-23 16:32:00.854


2021/9/23 16:32:00
12021-09-23 16:32:00.854


2021/9/23 16:32:00
12021-09-23 16:32:00.854


2021/9/23 16:32:00
===结束自动买入判断（总）===2021-09-23 16:32:00.855


2021/9/23 16:32:00
==================================


2021/9/23 16:32:56
===查询需要自动买入的数据===2021-09-23 16:32:56.669
===查询结束===2021-09-23 16:32:56.886



2021/9/23 16:32:56
===开始自动买入判断（总）===2021-09-23 16:32:56.887


2021/9/23 16:32:56
12021-09-23 16:32:56.889


2021/9/23 16:32:56
12021-09-23 16:32:56.889


2021/9/23 16:32:56
12021-09-23 16:32:56.889


2021/9/23 16:32:56
===结束自动买入判断（总）===2021-09-23 16:32:56.912


2021/9/23 16:32:56
==================================


2021/9/23 16:33:53
===查询需要自动买入的数据===2021-09-23 16:33:53.478
===查询结束===2021-09-23 16:33:53.530



2021/9/23 16:33:53
===开始自动买入判断（总）===2021-09-23 16:33:53.531


2021/9/23 16:33:53
12021-09-23 16:33:53.532


2021/9/23 16:33:53
12021-09-23 16:33:53.532


2021/9/23 16:33:53
12021-09-23 16:33:53.532


2021/9/23 16:33:53
===结束自动买入判断（总）===2021-09-23 16:33:53.534


2021/9/23 16:33:53
==================================


2021/9/23 16:34:38
===查询需要自动买入的数据===2021-09-23 16:34:38.526
===查询结束===2021-09-23 16:34:38.558



2021/9/23 16:34:38
===开始自动买入判断（总）===2021-09-23 16:34:38.558


2021/9/23 16:34:38
12021-09-23 16:34:38.559


2021/9/23 16:34:38
12021-09-23 16:34:38.559


2021/9/23 16:34:38
12021-09-23 16:34:38.559


2021/9/23 16:34:38
===结束自动买入判断（总）===2021-09-23 16:34:38.567


2021/9/23 16:34:38
==================================


2021/9/23 16:35:12
===查询需要自动买入的数据===2021-09-23 16:35:12.662
===查询结束===2021-09-23 16:35:12.687



2021/9/23 16:35:12
===开始自动买入判断（总）===2021-09-23 16:35:12.687


2021/9/23 16:35:12
12021-09-23 16:35:12.688


2021/9/23 16:35:12
12021-09-23 16:35:12.688


2021/9/23 16:35:12
12021-09-23 16:35:12.692


2021/9/23 16:35:12
===结束自动买入判断（总）===2021-09-23 16:35:12.695


2021/9/23 16:35:12
==================================


2021/9/23 16:35:38
===查询需要自动买入的数据===2021-09-23 16:35:37.712
===查询结束===2021-09-23 16:35:38.763



2021/9/23 16:35:38
===开始自动买入判断（总）===2021-09-23 16:35:38.764


2021/9/23 16:35:38
12021-09-23 16:35:38.764


2021/9/23 16:35:38
12021-09-23 16:35:38.764


2021/9/23 16:35:38
12021-09-23 16:35:38.767


2021/9/23 16:35:38
===结束自动买入判断（总）===2021-09-23 16:35:38.782


2021/9/23 16:35:38
==================================


2021/9/23 16:35:52
===查询需要自动买入的数据===2021-09-23 16:35:45.044
===查询结束===2021-09-23 16:35:52.649



2021/9/23 16:35:52
===开始自动买入判断（总）===2021-09-23 16:35:52.649


2021/9/23 16:35:52
12021-09-23 16:35:52.649


2021/9/23 16:35:52
12021-09-23 16:35:52.669


2021/9/23 16:35:52
12021-09-23 16:35:52.669


2021/9/23 16:35:52
===结束自动买入判断（总）===2021-09-23 16:35:52.670


2021/9/23 16:35:52
==================================


2021/9/23 16:35:53
===查询需要自动买入的数据===2021-09-23 16:35:52.995
===查询结束===2021-09-23 16:35:53.145



2021/9/23 16:35:53
===开始自动买入判断（总）===2021-09-23 16:35:53.145


2021/9/23 16:35:53
12021-09-23 16:35:53.145


2021/9/23 16:35:53
12021-09-23 16:35:53.145


2021/9/23 16:35:53
12021-09-23 16:35:53.146


2021/9/23 16:35:53
===结束自动买入判断（总）===2021-09-23 16:35:53.204


2021/9/23 16:35:53
==================================


2021/9/23 16:36:05
===查询需要自动买入的数据===2021-09-23 16:36:05.210
===查询结束===2021-09-23 16:36:05.301



2021/9/23 16:36:05
===开始自动买入判断（总）===2021-09-23 16:36:05.302


2021/9/23 16:36:05
12021-09-23 16:36:05.303


2021/9/23 16:36:05
12021-09-23 16:36:05.303


2021/9/23 16:36:05
12021-09-23 16:36:05.303


2021/9/23 16:36:05
===结束自动买入判断（总）===2021-09-23 16:36:05.304


2021/9/23 16:36:05
==================================


2021/9/23 16:38:27
监听队列已链接


2021/9/23 16:38:33
监听队列已链接


2021/9/23 16:38:34
===查询需要自动买入的数据===2021-09-23 16:38:33.958
===查询结束===2021-09-23 16:38:34.013



2021/9/23 16:38:34
===开始自动买入判断（总）===2021-09-23 16:38:34.014


2021/9/23 16:38:34
12021-09-23 16:38:34.098


2021/9/23 16:38:34
12021-09-23 16:38:34.098


2021/9/23 16:38:34
12021-09-23 16:38:34.098


2021/9/23 16:38:34
===结束自动买入判断（总）===2021-09-23 16:38:34.104


2021/9/23 16:38:34
==================================


2021/9/23 16:38:34
===查询需要自动买入的数据===2021-09-23 16:38:34.305
===查询结束===2021-09-23 16:38:34.364



2021/9/23 16:38:34
===开始自动买入判断（总）===2021-09-23 16:38:34.369


2021/9/23 16:38:34
12021-09-23 16:38:34.370


2021/9/23 16:38:34
12021-09-23 16:38:34.371


2021/9/23 16:38:34
12021-09-23 16:38:34.371


2021/9/23 16:38:34
===结束自动买入判断（总）===2021-09-23 16:38:34.372


2021/9/23 16:38:34
==================================


2021/9/23 16:38:34
===查询需要自动买入的数据===2021-09-23 16:38:34.438
===查询结束===2021-09-23 16:38:34.459



2021/9/23 16:38:34
===开始自动买入判断（总）===2021-09-23 16:38:34.459


2021/9/23 16:38:34
12021-09-23 16:38:34.461


2021/9/23 16:38:34
12021-09-23 16:38:34.468


2021/9/23 16:38:34
12021-09-23 16:38:34.468


2021/9/23 16:38:34
===结束自动买入判断（总）===2021-09-23 16:38:34.468


2021/9/23 16:38:34
==================================


2021/9/23 16:38:55
===查询需要自动买入的数据===2021-09-23 16:38:55.118
===查询结束===2021-09-23 16:38:55.153



2021/9/23 16:38:55
===开始自动买入判断（总）===2021-09-23 16:38:55.154


2021/9/23 16:38:55
12021-09-23 16:38:55.154


2021/9/23 16:38:55
12021-09-23 16:38:55.154


2021/9/23 16:38:55
12021-09-23 16:38:55.154


2021/9/23 16:38:55
===结束自动买入判断（总）===2021-09-23 16:38:55.163


2021/9/23 16:38:55
==================================


2021/9/23 16:39:02
===查询需要自动买入的数据===2021-09-23 16:39:02.391
===查询结束===2021-09-23 16:39:02.418



2021/9/23 16:39:02
===开始自动买入判断（总）===2021-09-23 16:39:02.418


2021/9/23 16:39:02
12021-09-23 16:39:02.419


2021/9/23 16:39:02
12021-09-23 16:39:02.419


2021/9/23 16:39:02
12021-09-23 16:39:02.419


2021/9/23 16:39:02
===结束自动买入判断（总）===2021-09-23 16:39:02.419


2021/9/23 16:39:02
==================================


2021/9/23 16:39:10
===查询需要自动买入的数据===2021-09-23 16:39:10.369
===查询结束===2021-09-23 16:39:10.448



2021/9/23 16:39:10
===开始自动买入判断（总）===2021-09-23 16:39:10.448


2021/9/23 16:39:10
12021-09-23 16:39:10.448


2021/9/23 16:39:10
12021-09-23 16:39:10.448


2021/9/23 16:39:10
12021-09-23 16:39:10.448


2021/9/23 16:39:10
===结束自动买入判断（总）===2021-09-23 16:39:10.449


2021/9/23 16:39:10
==================================


2021/9/23 16:40:03
===查询需要自动买入的数据===2021-09-23 16:40:03.016
===查询结束===2021-09-23 16:40:03.046



2021/9/23 16:40:03
===开始自动买入判断（总）===2021-09-23 16:40:03.046


2021/9/23 16:40:03
12021-09-23 16:40:03.047


2021/9/23 16:40:03
12021-09-23 16:40:03.047


2021/9/23 16:40:03
12021-09-23 16:40:03.048


2021/9/23 16:40:03
===结束自动买入判断（总）===2021-09-23 16:40:03.048


2021/9/23 16:40:03
==================================


2021/9/23 16:40:33
===查询需要自动买入的数据===2021-09-23 16:40:33.786
===查询结束===2021-09-23 16:40:33.911



2021/9/23 16:40:33
===开始自动买入判断（总）===2021-09-23 16:40:33.920


2021/9/23 16:40:33
12021-09-23 16:40:33.926


2021/9/23 16:40:33
12021-09-23 16:40:33.926


2021/9/23 16:40:33
12021-09-23 16:40:33.927


2021/9/23 16:40:33
===结束自动买入判断（总）===2021-09-23 16:40:33.935


2021/9/23 16:40:33
==================================


2021/9/23 16:40:53
===查询需要自动买入的数据===2021-09-23 16:40:51.934
===查询结束===2021-09-23 16:40:53.058



2021/9/23 16:40:53
===开始自动买入判断（总）===2021-09-23 16:40:53.067


2021/9/23 16:40:53
12021-09-23 16:40:53.083


2021/9/23 16:40:53
12021-09-23 16:40:53.087


2021/9/23 16:40:53
12021-09-23 16:40:53.099


2021/9/23 16:40:53
===结束自动买入判断（总）===2021-09-23 16:40:53.109


2021/9/23 16:40:53
==================================


2021/9/23 16:41:53
===查询需要自动买入的数据===2021-09-23 16:41:53.773
===查询结束===2021-09-23 16:41:53.930



2021/9/23 16:41:53
===开始自动买入判断（总）===2021-09-23 16:41:53.940


2021/9/23 16:41:53
12021-09-23 16:41:53.941


2021/9/23 16:41:53
12021-09-23 16:41:53.941


2021/9/23 16:41:53
12021-09-23 16:41:53.941


2021/9/23 16:41:53
===结束自动买入判断（总）===2021-09-23 16:41:53.951


2021/9/23 16:41:53
==================================


2021/9/23 16:42:17
===查询需要自动买入的数据===2021-09-23 16:42:16.566
===查询结束===2021-09-23 16:42:17.602



2021/9/23 16:42:17
===开始自动买入判断（总）===2021-09-23 16:42:17.602


2021/9/23 16:42:17
12021-09-23 16:42:17.603


2021/9/23 16:42:17
12021-09-23 16:42:17.603


2021/9/23 16:42:17
12021-09-23 16:42:17.603


2021/9/23 16:42:17
===结束自动买入判断（总）===2021-09-23 16:42:17.823


2021/9/23 16:42:17
==================================


2021/9/23 16:42:32
===查询需要自动买入的数据===2021-09-23 16:42:32.058
===查询结束===2021-09-23 16:42:32.356



2021/9/23 16:42:32
===开始自动买入判断（总）===2021-09-23 16:42:32.374


2021/9/23 16:42:32
12021-09-23 16:42:32.375


2021/9/23 16:42:32
12021-09-23 16:42:32.375


2021/9/23 16:42:32
12021-09-23 16:42:32.376


2021/9/23 16:42:32
===结束自动买入判断（总）===2021-09-23 16:42:32.376


2021/9/23 16:42:32
==================================


2021/9/23 16:42:39
===查询需要自动买入的数据===2021-09-23 16:42:39.612
===查询结束===2021-09-23 16:42:39.809



2021/9/23 16:42:39
===开始自动买入判断（总）===2021-09-23 16:42:39.819


2021/9/23 16:42:39
12021-09-23 16:42:39.820


2021/9/23 16:42:39
12021-09-23 16:42:39.820


2021/9/23 16:42:39
12021-09-23 16:42:39.820


2021/9/23 16:42:39
===结束自动买入判断（总）===2021-09-23 16:42:39.838


2021/9/23 16:42:39
==================================


2021/9/23 16:42:57
===查询需要自动买入的数据===2021-09-23 16:42:57.798
===查询结束===2021-09-23 16:42:57.969



2021/9/23 16:42:57
===开始自动买入判断（总）===2021-09-23 16:42:57.970


2021/9/23 16:42:57
12021-09-23 16:42:57.973


2021/9/23 16:42:57
12021-09-23 16:42:57.980


2021/9/23 16:42:57
12021-09-23 16:42:57.984


2021/9/23 16:42:57
===结束自动买入判断（总）===2021-09-23 16:42:57.984


2021/9/23 16:42:57
==================================


2021/9/23 16:43:10
===查询需要自动买入的数据===2021-09-23 16:43:09.546
===查询结束===2021-09-23 16:43:10.108



2021/9/23 16:43:10
===开始自动买入判断（总）===2021-09-23 16:43:10.109


2021/9/23 16:43:10
12021-09-23 16:43:10.131


2021/9/23 16:43:10
12021-09-23 16:43:10.545


2021/9/23 16:43:10
12021-09-23 16:43:10.134


2021/9/23 16:43:11
===结束自动买入判断（总）===2021-09-23 16:43:11.121


2021/9/23 16:43:11
==================================


2021/9/23 16:43:52
===查询需要自动买入的数据===2021-09-23 16:43:51.861
===查询结束===2021-09-23 16:43:52.050



2021/9/23 16:43:52
===开始自动买入判断（总）===2021-09-23 16:43:52.055


2021/9/23 16:43:55
12021-09-23 16:43:55.018


2021/9/23 16:43:55
12021-09-23 16:43:55.019


2021/9/23 16:43:55
12021-09-23 16:43:55.019


2021/9/23 16:43:55
===结束自动买入判断（总）===2021-09-23 16:43:55.020


2021/9/23 16:43:55
==================================


2021/9/23 16:44:24
===查询需要自动买入的数据===2021-09-23 16:44:24.448
===查询结束===2021-09-23 16:44:24.482



2021/9/23 16:44:24
===开始自动买入判断（总）===2021-09-23 16:44:24.482


2021/9/23 16:44:24
12021-09-23 16:44:24.483


2021/9/23 16:44:24
12021-09-23 16:44:24.483


2021/9/23 16:44:24
12021-09-23 16:44:24.483


2021/9/23 16:44:24
===结束自动买入判断（总）===2021-09-23 16:44:24.492


2021/9/23 16:44:24
==================================


2021/9/23 16:45:20
===查询需要自动买入的数据===2021-09-23 16:45:20.289
===查询结束===2021-09-23 16:45:20.353



2021/9/23 16:45:20
===开始自动买入判断（总）===2021-09-23 16:45:20.354


2021/9/23 16:45:20
12021-09-23 16:45:20.354


2021/9/23 16:45:20
12021-09-23 16:45:20.354


2021/9/23 16:45:20
12021-09-23 16:45:20.355


2021/9/23 16:45:20
===结束自动买入判断（总）===2021-09-23 16:45:20.356


2021/9/23 16:45:20
==================================


2021/9/23 16:46:15
===查询需要自动买入的数据===2021-09-23 16:46:15.541
===查询结束===2021-09-23 16:46:15.567



2021/9/23 16:46:15
===开始自动买入判断（总）===2021-09-23 16:46:15.567


2021/9/23 16:46:15
12021-09-23 16:46:15.568


2021/9/23 16:46:15
12021-09-23 16:46:15.568


2021/9/23 16:46:15
12021-09-23 16:46:15.568


2021/9/23 16:46:15
===结束自动买入判断（总）===2021-09-23 16:46:15.569


2021/9/23 16:46:15
==================================


2021/9/23 16:46:35
===查询需要自动买入的数据===2021-09-23 16:46:35.204
===查询结束===2021-09-23 16:46:35.372



2021/9/23 16:46:35
===开始自动买入判断（总）===2021-09-23 16:46:35.372


2021/9/23 16:46:35
12021-09-23 16:46:35.376


2021/9/23 16:46:35
12021-09-23 16:46:35.377


2021/9/23 16:46:35
12021-09-23 16:46:35.376


2021/9/23 16:46:35
===结束自动买入判断（总）===2021-09-23 16:46:35.380


2021/9/23 16:46:35
==================================


2021/9/23 16:46:54
===查询需要自动买入的数据===2021-09-23 16:46:54.652
===查询结束===2021-09-23 16:46:54.675



2021/9/23 16:46:54
===开始自动买入判断（总）===2021-09-23 16:46:54.675


2021/9/23 16:46:54
12021-09-23 16:46:54.676


2021/9/23 16:46:54
12021-09-23 16:46:54.676


2021/9/23 16:46:54
12021-09-23 16:46:54.676


2021/9/23 16:46:54
===结束自动买入判断（总）===2021-09-23 16:46:54.677


2021/9/23 16:46:54
==================================


2021/9/23 16:47:15
===查询需要自动买入的数据===2021-09-23 16:47:15.500
===查询结束===2021-09-23 16:47:15.530



2021/9/23 16:47:15
===开始自动买入判断（总）===2021-09-23 16:47:15.530


2021/9/23 16:47:15
12021-09-23 16:47:15.540


2021/9/23 16:47:15
12021-09-23 16:47:15.541


2021/9/23 16:47:15
12021-09-23 16:47:15.540


2021/9/23 16:47:15
===结束自动买入判断（总）===2021-09-23 16:47:15.571


2021/9/23 16:47:15
==================================


2021/9/23 16:47:36
===查询需要自动买入的数据===2021-09-23 16:47:36.485
===查询结束===2021-09-23 16:47:36.517



2021/9/23 16:47:36
===开始自动买入判断（总）===2021-09-23 16:47:36.518


2021/9/23 16:47:36
12021-09-23 16:47:36.518


2021/9/23 16:47:36
12021-09-23 16:47:36.518


2021/9/23 16:47:36
12021-09-23 16:47:36.518


2021/9/23 16:47:36
===结束自动买入判断（总）===2021-09-23 16:47:36.519


2021/9/23 16:47:36
==================================


2021/9/23 16:47:54
===查询需要自动买入的数据===2021-09-23 16:47:54.502
===查询结束===2021-09-23 16:47:54.523



2021/9/23 16:47:54
===开始自动买入判断（总）===2021-09-23 16:47:54.523


2021/9/23 16:47:54
12021-09-23 16:47:54.523


2021/9/23 16:47:54
12021-09-23 16:47:54.523


2021/9/23 16:47:54
12021-09-23 16:47:54.523


2021/9/23 16:47:54
===结束自动买入判断（总）===2021-09-23 16:47:54.526


2021/9/23 16:47:54
==================================


2021/9/23 16:48:14
===查询需要自动买入的数据===2021-09-23 16:48:14.466
===查询结束===2021-09-23 16:48:14.492



2021/9/23 16:48:14
===开始自动买入判断（总）===2021-09-23 16:48:14.492


2021/9/23 16:48:14
12021-09-23 16:48:14.492


2021/9/23 16:48:14
12021-09-23 16:48:14.492


2021/9/23 16:48:14
12021-09-23 16:48:14.494


2021/9/23 16:48:14
===结束自动买入判断（总）===2021-09-23 16:48:14.494


2021/9/23 16:48:14
==================================


2021/9/23 16:48:33
===查询需要自动买入的数据===2021-09-23 16:48:33.326
===查询结束===2021-09-23 16:48:33.718



2021/9/23 16:48:33
===开始自动买入判断（总）===2021-09-23 16:48:33.718


2021/9/23 16:48:33
12021-09-23 16:48:33.719


2021/9/23 16:48:33
12021-09-23 16:48:33.719


2021/9/23 16:48:33
12021-09-23 16:48:33.719


2021/9/23 16:48:33
===结束自动买入判断（总）===2021-09-23 16:48:33.721


2021/9/23 16:48:33
==================================


2021/9/23 16:48:55
===查询需要自动买入的数据===2021-09-23 16:48:54.630
===查询结束===2021-09-23 16:48:55.021



2021/9/23 16:48:55
===开始自动买入判断（总）===2021-09-23 16:48:55.021


2021/9/23 16:48:55
12021-09-23 16:48:55.022


2021/9/23 16:48:55
12021-09-23 16:48:55.022


2021/9/23 16:48:55
12021-09-23 16:48:55.022


2021/9/23 16:48:55
===结束自动买入判断（总）===2021-09-23 16:48:55.022


2021/9/23 16:48:55
==================================


2021/9/23 16:49:15
===查询需要自动买入的数据===2021-09-23 16:49:15.064
===查询结束===2021-09-23 16:49:15.093



2021/9/23 16:49:15
===开始自动买入判断（总）===2021-09-23 16:49:15.094


2021/9/23 16:49:15
12021-09-23 16:49:15.094


2021/9/23 16:49:15
12021-09-23 16:49:15.094


2021/9/23 16:49:15
12021-09-23 16:49:15.095


2021/9/23 16:49:15
===结束自动买入判断（总）===2021-09-23 16:49:15.095


2021/9/23 16:49:15
==================================


2021/9/23 16:49:35
===查询需要自动买入的数据===2021-09-23 16:49:35.265
===查询结束===2021-09-23 16:49:35.293



2021/9/23 16:49:35
===开始自动买入判断（总）===2021-09-23 16:49:35.293


2021/9/23 16:49:35
12021-09-23 16:49:35.294


2021/9/23 16:49:35
12021-09-23 16:49:35.294


2021/9/23 16:49:35
12021-09-23 16:49:35.295


2021/9/23 16:49:35
===结束自动买入判断（总）===2021-09-23 16:49:35.296


2021/9/23 16:49:35
==================================


2021/9/23 16:50:07
===查询需要自动买入的数据===2021-09-23 16:50:07.767
===查询结束===2021-09-23 16:50:07.792



2021/9/23 16:50:07
===开始自动买入判断（总）===2021-09-23 16:50:07.792


2021/9/23 16:50:07
12021-09-23 16:50:07.792


2021/9/23 16:50:07
12021-09-23 16:50:07.792


2021/9/23 16:50:07
12021-09-23 16:50:07.792


2021/9/23 16:50:07
===结束自动买入判断（总）===2021-09-23 16:50:07.793


2021/9/23 16:50:07
==================================


2021/9/23 16:50:26
===查询需要自动买入的数据===2021-09-23 16:50:26.884
===查询结束===2021-09-23 16:50:26.994



2021/9/23 16:50:26
===开始自动买入判断（总）===2021-09-23 16:50:26.995


2021/9/23 16:50:26
12021-09-23 16:50:26.995


2021/9/23 16:50:26
12021-09-23 16:50:26.995


2021/9/23 16:50:26
12021-09-23 16:50:26.996


2021/9/23 16:50:26
===结束自动买入判断（总）===2021-09-23 16:50:26.997


2021/9/23 16:50:26
==================================


2021/9/23 16:50:45
===查询需要自动买入的数据===2021-09-23 16:50:45.733
===查询结束===2021-09-23 16:50:45.828



2021/9/23 16:50:45
===开始自动买入判断（总）===2021-09-23 16:50:45.828


2021/9/23 16:50:45
12021-09-23 16:50:45.829


2021/9/23 16:50:45
12021-09-23 16:50:45.829


2021/9/23 16:50:45
12021-09-23 16:50:45.829


2021/9/23 16:50:45
===结束自动买入判断（总）===2021-09-23 16:50:45.830


2021/9/23 16:50:45
==================================


2021/9/23 16:51:03
===查询需要自动买入的数据===2021-09-23 16:51:02.994
===查询结束===2021-09-23 16:51:03.018



2021/9/23 16:51:03
===开始自动买入判断（总）===2021-09-23 16:51:03.019


2021/9/23 16:51:03
12021-09-23 16:51:03.019


2021/9/23 16:51:03
12021-09-23 16:51:03.019


2021/9/23 16:51:03
12021-09-23 16:51:03.019


2021/9/23 16:51:03
===结束自动买入判断（总）===2021-09-23 16:51:03.020


2021/9/23 16:51:03
==================================


2021/9/23 16:51:24
===查询需要自动买入的数据===2021-09-23 16:51:24.475
===查询结束===2021-09-23 16:51:24.520



2021/9/23 16:51:24
===开始自动买入判断（总）===2021-09-23 16:51:24.520


2021/9/23 16:51:24
12021-09-23 16:51:24.521


2021/9/23 16:51:24
12021-09-23 16:51:24.521


2021/9/23 16:51:24
12021-09-23 16:51:24.521


2021/9/23 16:51:24
===结束自动买入判断（总）===2021-09-23 16:51:24.522


2021/9/23 16:51:24
==================================


2021/9/23 16:51:45
===查询需要自动买入的数据===2021-09-23 16:51:45.608
===查询结束===2021-09-23 16:51:45.636



2021/9/23 16:51:45
===开始自动买入判断（总）===2021-09-23 16:51:45.636


2021/9/23 16:51:45
12021-09-23 16:51:45.637


2021/9/23 16:51:45
12021-09-23 16:51:45.638


2021/9/23 16:51:45
12021-09-23 16:51:45.638


2021/9/23 16:51:45
===结束自动买入判断（总）===2021-09-23 16:51:45.638


2021/9/23 16:51:45
==================================


2021/9/23 16:52:10
===查询需要自动买入的数据===2021-09-23 16:52:10.723
===查询结束===2021-09-23 16:52:10.754



2021/9/23 16:52:10
===开始自动买入判断（总）===2021-09-23 16:52:10.754


2021/9/23 16:52:10
12021-09-23 16:52:10.755


2021/9/23 16:52:10
12021-09-23 16:52:10.755


2021/9/23 16:52:10
12021-09-23 16:52:10.756


2021/9/23 16:52:10
===结束自动买入判断（总）===2021-09-23 16:52:10.759


2021/9/23 16:52:10
==================================


2021/9/23 16:52:54
===查询需要自动买入的数据===2021-09-23 16:52:54.060
===查询结束===2021-09-23 16:52:54.315



2021/9/23 16:52:54
===开始自动买入判断（总）===2021-09-23 16:52:54.320


2021/9/23 16:52:54
12021-09-23 16:52:54.332


2021/9/23 16:52:54
12021-09-23 16:52:54.332


2021/9/23 16:52:54
12021-09-23 16:52:54.333


2021/9/23 16:52:54
===结束自动买入判断（总）===2021-09-23 16:52:54.343


2021/9/23 16:52:54
==================================


2021/9/23 16:54:11
===查询需要自动买入的数据===2021-09-23 16:54:11.660
===查询结束===2021-09-23 16:54:11.686



2021/9/23 16:54:11
===开始自动买入判断（总）===2021-09-23 16:54:11.686


2021/9/23 16:54:11
12021-09-23 16:54:11.687


2021/9/23 16:54:11
12021-09-23 16:54:11.687


2021/9/23 16:54:11
12021-09-23 16:54:11.687


2021/9/23 16:54:11
===结束自动买入判断（总）===2021-09-23 16:54:11.688


2021/9/23 16:54:11
==================================


2021/9/23 16:54:50
===查询需要自动买入的数据===2021-09-23 16:54:50.938
===查询结束===2021-09-23 16:54:50.983



2021/9/23 16:54:50
===开始自动买入判断（总）===2021-09-23 16:54:50.983


2021/9/23 16:54:50
12021-09-23 16:54:50.984


2021/9/23 16:54:50
12021-09-23 16:54:50.984


2021/9/23 16:54:50
12021-09-23 16:54:50.984


2021/9/23 16:54:50
===结束自动买入判断（总）===2021-09-23 16:54:50.985


2021/9/23 16:54:50
==================================


2021/9/23 16:55:39
===查询需要自动买入的数据===2021-09-23 16:55:39.959
===查询结束===2021-09-23 16:55:39.983



2021/9/23 16:55:39
===开始自动买入判断（总）===2021-09-23 16:55:39.983


2021/9/23 16:55:39
12021-09-23 16:55:39.983


2021/9/23 16:55:39
12021-09-23 16:55:39.983


2021/9/23 16:55:39
12021-09-23 16:55:39.984


2021/9/23 16:55:39
===结束自动买入判断（总）===2021-09-23 16:55:39.984


2021/9/23 16:55:39
==================================


2021/9/23 16:56:33
===查询需要自动买入的数据===2021-09-23 16:56:33.781
===查询结束===2021-09-23 16:56:33.821



2021/9/23 16:56:33
===开始自动买入判断（总）===2021-09-23 16:56:33.821


2021/9/23 16:56:33
12021-09-23 16:56:33.821


2021/9/23 16:56:33
12021-09-23 16:56:33.822


2021/9/23 16:56:33
12021-09-23 16:56:33.821


2021/9/23 16:56:33
===结束自动买入判断（总）===2021-09-23 16:56:33.822


2021/9/23 16:56:33
==================================


2021/9/23 16:57:35
===查询需要自动买入的数据===2021-09-23 16:57:35.593
===查询结束===2021-09-23 16:57:35.631



2021/9/23 16:57:35
===开始自动买入判断（总）===2021-09-23 16:57:35.632


2021/9/23 16:57:35
12021-09-23 16:57:35.632


2021/9/23 16:57:35
12021-09-23 16:57:35.632


2021/9/23 16:57:35
12021-09-23 16:57:35.632


2021/9/23 16:57:35
===结束自动买入判断（总）===2021-09-23 16:57:35.634


2021/9/23 16:57:35
==================================


2021/9/23 16:58:02
===查询需要自动买入的数据===2021-09-23 16:58:02.369
===查询结束===2021-09-23 16:58:02.606



2021/9/23 16:58:02
===开始自动买入判断（总）===2021-09-23 16:58:02.607


2021/9/23 16:58:02
12021-09-23 16:58:02.608


2021/9/23 16:58:02
12021-09-23 16:58:02.608


2021/9/23 16:58:02
12021-09-23 16:58:02.608


2021/9/23 16:58:02
===结束自动买入判断（总）===2021-09-23 16:58:02.608


2021/9/23 16:58:02
==================================


2021/9/23 16:58:22
===查询需要自动买入的数据===2021-09-23 16:58:22.057
===查询结束===2021-09-23 16:58:22.082



2021/9/23 16:58:22
===开始自动买入判断（总）===2021-09-23 16:58:22.082


2021/9/23 16:58:22
12021-09-23 16:58:22.083


2021/9/23 16:58:22
12021-09-23 16:58:22.083


2021/9/23 16:58:22
12021-09-23 16:58:22.083


2021/9/23 16:58:22
===结束自动买入判断（总）===2021-09-23 16:58:22.084


2021/9/23 16:58:22
==================================


2021/9/23 16:59:17
===查询需要自动买入的数据===2021-09-23 16:59:17.251
===查询结束===2021-09-23 16:59:17.286



2021/9/23 16:59:17
===开始自动买入判断（总）===2021-09-23 16:59:17.286


2021/9/23 16:59:17
12021-09-23 16:59:17.287


2021/9/23 16:59:17
12021-09-23 16:59:17.288


2021/9/23 16:59:17
12021-09-23 16:59:17.288


2021/9/23 16:59:17
===结束自动买入判断（总）===2021-09-23 16:59:17.288


2021/9/23 16:59:17
==================================


2021/9/23 16:59:44
SharesPlateQuotesSession缓存加载失败
System.ComponentModel.Win32Exception (0x80004005): 等待的操作过时。

2021/9/23 17:03:11
SharesQuotesSession缓存加载失败
System.ComponentModel.Win32Exception (0x80004005): 等待的操作过时。

2021/9/23 17:42:59
监听队列已链接


2021/9/23 17:43:00
监听队列已链接


2021/9/23 17:53:13
账号未登录,请先登录
MealTicket_Web_Handler.Model.WebApiException: 账号未登录,请先登录
   在 MealTicket_Web_Handler.AuthorityHandler.CheckAccountLogin(String userToken, HeadBase baseData) 位置 F:\项目\饭票后端\MealTicket_Web_Handler\AuthorityHandler.cs:行号 56
   在 MealTicket_Web_APIService.Filter.CheckUserLoginFilter.OnActionExecuting(HttpActionContext actionContext) 位置 F:\项目\饭票后端\MealTicket_Web_APIService\filter\CheckUserLoginFilter.cs:行号 31
   在 System.Web.Http.Filters.ActionFilterAttribute.OnActionExecutingAsync(HttpActionContext actionContext, CancellationToken cancellationToken)
--- 引发异常的上一位置中堆栈跟踪的末尾 ---
   在 System.Runtime.CompilerServices.TaskAwaiter.ThrowForNonSuccess(Task task)
   在 System.Runtime.CompilerServices.TaskAwaiter.HandleNonSuccessAndDebuggerNotification(Task task)
   在 System.Web.Http.Filters.ActionFilterAttribute.<ExecuteActionFilterAsyncCore>d__5.MoveNext()
--- 引发异常的上一位置中堆栈跟踪的末尾 ---
   在 System.Runtime.CompilerServices.TaskAwaiter.ThrowForNonSuccess(Task task)
   在 System.Runtime.CompilerServices.TaskAwaiter.HandleNonSuccessAndDebuggerNotification(Task task)
   在 System.Web.Http.Filters.ActionFilterAttribute.<CallOnActionExecutedAsync>d__6.MoveNext()

2021/9/23 17:59:35
监听队列已链接


2021/9/23 17:59:41
监听队列已链接


2021/9/23 18:05:51
登录出现异常，请重新登录
MealTicket_Web_Handler.Model.WebApiException: 登录出现异常，请重新登录
   在 MealTicket_Web_Handler.AuthorityHandler.CheckAccountLogin(String userToken, HeadBase baseData) 位置 F:\项目\饭票后端\MealTicket_Web_Handler\AuthorityHandler.cs:行号 56
   在 MealTicket_Web_APIService.Filter.CheckUserLoginFilter.OnActionExecuting(HttpActionContext actionContext) 位置 F:\项目\饭票后端\MealTicket_Web_APIService\filter\CheckUserLoginFilter.cs:行号 31
   在 System.Web.Http.Filters.ActionFilterAttribute.OnActionExecutingAsync(HttpActionContext actionContext, CancellationToken cancellationToken)
--- 引发异常的上一位置中堆栈跟踪的末尾 ---
   在 System.Runtime.CompilerServices.TaskAwaiter.ThrowForNonSuccess(Task task)
   在 System.Runtime.CompilerServices.TaskAwaiter.HandleNonSuccessAndDebuggerNotification(Task task)
   在 System.Web.Http.Filters.ActionFilterAttribute.<ExecuteActionFilterAsyncCore>d__5.MoveNext()
--- 引发异常的上一位置中堆栈跟踪的末尾 ---
   在 System.Runtime.CompilerServices.TaskAwaiter.ThrowForNonSuccess(Task task)
   在 System.Runtime.CompilerServices.TaskAwaiter.HandleNonSuccessAndDebuggerNotification(Task task)
   在 System.Web.Http.Filters.ActionFilterAttribute.<CallOnActionExecutedAsync>d__6.MoveNext()

2021/9/23 18:08:38
登录出现异常，请重新登录
MealTicket_Web_Handler.Model.WebApiException: 登录出现异常，请重新登录
   在 MealTicket_Web_Handler.AuthorityHandler.CheckAccountLogin(String userToken, HeadBase baseData) 位置 F:\项目\饭票后端\MealTicket_Web_Handler\AuthorityHandler.cs:行号 56
   在 MealTicket_Web_APIService.Filter.CheckUserLoginFilter.OnActionExecuting(HttpActionContext actionContext) 位置 F:\项目\饭票后端\MealTicket_Web_APIService\filter\CheckUserLoginFilter.cs:行号 31
   在 System.Web.Http.Filters.ActionFilterAttribute.OnActionExecutingAsync(HttpActionContext actionContext, CancellationToken cancellationToken)
--- 引发异常的上一位置中堆栈跟踪的末尾 ---
   在 System.Runtime.CompilerServices.TaskAwaiter.ThrowForNonSuccess(Task task)
   在 System.Runtime.CompilerServices.TaskAwaiter.HandleNonSuccessAndDebuggerNotification(Task task)
   在 System.Web.Http.Filters.ActionFilterAttribute.<ExecuteActionFilterAsyncCore>d__5.MoveNext()
--- 引发异常的上一位置中堆栈跟踪的末尾 ---
   在 System.Runtime.CompilerServices.TaskAwaiter.ThrowForNonSuccess(Task task)
   在 System.Runtime.CompilerServices.TaskAwaiter.HandleNonSuccessAndDebuggerNotification(Task task)
   在 System.Web.Http.Filters.ActionFilterAttribute.<CallOnActionExecutedAsync>d__6.MoveNext()

2021/9/23 18:08:47
登录出现异常，请重新登录
MealTicket_Web_Handler.Model.WebApiException: 登录出现异常，请重新登录
   在 MealTicket_Web_Handler.AuthorityHandler.CheckAccountLogin(String userToken, HeadBase baseData) 位置 F:\项目\饭票后端\MealTicket_Web_Handler\AuthorityHandler.cs:行号 56
   在 MealTicket_Web_APIService.Filter.CheckUserLoginFilter.OnActionExecuting(HttpActionContext actionContext) 位置 F:\项目\饭票后端\MealTicket_Web_APIService\filter\CheckUserLoginFilter.cs:行号 31
   在 System.Web.Http.Filters.ActionFilterAttribute.OnActionExecutingAsync(HttpActionContext actionContext, CancellationToken cancellationToken)
--- 引发异常的上一位置中堆栈跟踪的末尾 ---
   在 System.Runtime.CompilerServices.TaskAwaiter.ThrowForNonSuccess(Task task)
   在 System.Runtime.CompilerServices.TaskAwaiter.HandleNonSuccessAndDebuggerNotification(Task task)
   在 System.Web.Http.Filters.ActionFilterAttribute.<ExecuteActionFilterAsyncCore>d__5.MoveNext()
--- 引发异常的上一位置中堆栈跟踪的末尾 ---
   在 System.Runtime.CompilerServices.TaskAwaiter.ThrowForNonSuccess(Task task)
   在 System.Runtime.CompilerServices.TaskAwaiter.HandleNonSuccessAndDebuggerNotification(Task task)
   在 System.Web.Http.Filters.ActionFilterAttribute.<CallOnActionExecutedAsync>d__6.MoveNext()

2021/9/23 18:16:53
监听队列已链接


2021/9/23 18:17:01
监听队列已链接


