2021/3/29 13:31:16
自动买入交易出错
Microsoft.CSharp.RuntimeBinder.RuntimeBinderException: 无法将类型“Newtonsoft.Json.Linq.JArray”隐式转换为“System.Collections.Generic.List<string>”
   在 CallSite.Target(Closure , CallSite , Object )
   在 System.Dynamic.UpdateDelegates.UpdateAndExecute1[T0,TRet](CallSite site, T0 arg0)
   在 MealTicket_Web_Handler.Runner.RunnerHelper.TradeAutoBuy() 位置 F:\项目\饭票后端\MealTicket_Web_Handler\Runner\RunnerHelper.cs:行号 534
   在 MealTicket_Web_APIService.runner.TradeAutoBuyRunner.Execute() 位置 F:\项目\饭票后端\MealTicket_Web_APIService\runner\TradeAutoBuyRunner.cs:行号 46

2021/3/29 13:31:20
自动买入交易出错
Microsoft.CSharp.RuntimeBinder.RuntimeBinderException: 无法将类型“Newtonsoft.Json.Linq.JArray”隐式转换为“System.Collections.Generic.List<string>”
   在 CallSite.Target(Closure , CallSite , Object )
   在 MealTicket_Web_Handler.Runner.RunnerHelper.TradeAutoBuy() 位置 F:\项目\饭票后端\MealTicket_Web_Handler\Runner\RunnerHelper.cs:行号 534
   在 MealTicket_Web_APIService.runner.TradeAutoBuyRunner.Execute() 位置 F:\项目\饭票后端\MealTicket_Web_APIService\runner\TradeAutoBuyRunner.cs:行号 46

2021/3/29 13:31:52
自动买入交易出错
Microsoft.CSharp.RuntimeBinder.RuntimeBinderException: 无法将类型“Newtonsoft.Json.Linq.JArray”隐式转换为“System.Collections.Generic.List<string>”
   在 CallSite.Target(Closure , CallSite , Object )
   在 MealTicket_Web_Handler.Runner.RunnerHelper.TradeAutoBuy() 位置 F:\项目\饭票后端\MealTicket_Web_Handler\Runner\RunnerHelper.cs:行号 534
   在 MealTicket_Web_APIService.runner.TradeAutoBuyRunner.Execute() 位置 F:\项目\饭票后端\MealTicket_Web_APIService\runner\TradeAutoBuyRunner.cs:行号 46

2021/3/29 13:33:53
执行队列失败
System.InvalidOperationException: ConnectionString 属性尚未初始化。
   在 System.Data.SqlClient.SqlConnection.PermissionDemand()
   在 System.Data.SqlClient.SqlConnectionFactory.PermissionDemand(DbConnection outerConnection)
   在 System.Data.ProviderBase.DbConnectionInternal.TryOpenConnectionInternal(DbConnection outerConnection, DbConnectionFactory connectionFactory, TaskCompletionSource`1 retry, DbConnectionOptions userOptions)
   在 System.Data.ProviderBase.DbConnectionClosed.TryOpenConnection(DbConnection outerConnection, DbConnectionFactory connectionFactory, TaskCompletionSource`1 retry, DbConnectionOptions userOptions)
   在 System.Data.SqlClient.SqlConnection.TryOpenInner(TaskCompletionSource`1 retry)
   在 System.Data.SqlClient.SqlConnection.TryOpen(TaskCompletionSource`1 retry)
   在 System.Data.SqlClient.SqlConnection.Open()
   在 MealTicket_Web_Handler.DataHelper.CheckTradeDate(Nullable`1 date) 位置 F:\项目\饭票后端\MealTicket_Web_Handler\DataHelper.cs:行号 33
   在 MealTicket_Web_Handler.DataHelper.CheckHandlerTime(Nullable`1 time) 位置 F:\项目\饭票后端\MealTicket_Web_Handler\DataHelper.cs:行号 74
   在 MealTicket_Web_Handler.MQHandler.Consumer_Received(Object sender, BasicDeliverEventArgs e) 位置 F:\项目\饭票后端\MealTicket_Web_Handler\MQHandler.cs:行号 167

2021/3/29 13:33:53
执行队列失败
System.InvalidOperationException: ConnectionString 属性尚未初始化。
   在 System.Data.SqlClient.SqlConnection.PermissionDemand()
   在 System.Data.SqlClient.SqlConnectionFactory.PermissionDemand(DbConnection outerConnection)
   在 System.Data.ProviderBase.DbConnectionInternal.TryOpenConnectionInternal(DbConnection outerConnection, DbConnectionFactory connectionFactory, TaskCompletionSource`1 retry, DbConnectionOptions userOptions)
   在 System.Data.ProviderBase.DbConnectionClosed.TryOpenConnection(DbConnection outerConnection, DbConnectionFactory connectionFactory, TaskCompletionSource`1 retry, DbConnectionOptions userOptions)
   在 System.Data.SqlClient.SqlConnection.TryOpenInner(TaskCompletionSource`1 retry)
   在 System.Data.SqlClient.SqlConnection.TryOpen(TaskCompletionSource`1 retry)
   在 System.Data.SqlClient.SqlConnection.Open()
   在 MealTicket_Web_Handler.DataHelper.CheckTradeDate(Nullable`1 date) 位置 F:\项目\饭票后端\MealTicket_Web_Handler\DataHelper.cs:行号 33
   在 MealTicket_Web_Handler.DataHelper.CheckHandlerTime(Nullable`1 time) 位置 F:\项目\饭票后端\MealTicket_Web_Handler\DataHelper.cs:行号 74
   在 MealTicket_Web_Handler.MQHandler.Consumer_Received(Object sender, BasicDeliverEventArgs e) 位置 F:\项目\饭票后端\MealTicket_Web_Handler\MQHandler.cs:行号 167

2021/3/29 13:33:53
执行队列失败
System.InvalidOperationException: ConnectionString 属性尚未初始化。
   在 System.Data.SqlClient.SqlConnection.PermissionDemand()
   在 System.Data.SqlClient.SqlConnectionFactory.PermissionDemand(DbConnection outerConnection)
   在 System.Data.ProviderBase.DbConnectionInternal.TryOpenConnectionInternal(DbConnection outerConnection, DbConnectionFactory connectionFactory, TaskCompletionSource`1 retry, DbConnectionOptions userOptions)
   在 System.Data.ProviderBase.DbConnectionClosed.TryOpenConnection(DbConnection outerConnection, DbConnectionFactory connectionFactory, TaskCompletionSource`1 retry, DbConnectionOptions userOptions)
   在 System.Data.SqlClient.SqlConnection.TryOpenInner(TaskCompletionSource`1 retry)
   在 System.Data.SqlClient.SqlConnection.TryOpen(TaskCompletionSource`1 retry)
   在 System.Data.SqlClient.SqlConnection.Open()
   在 MealTicket_Web_Handler.DataHelper.CheckTradeDate(Nullable`1 date) 位置 F:\项目\饭票后端\MealTicket_Web_Handler\DataHelper.cs:行号 33
   在 MealTicket_Web_Handler.DataHelper.CheckHandlerTime(Nullable`1 time) 位置 F:\项目\饭票后端\MealTicket_Web_Handler\DataHelper.cs:行号 74
   在 MealTicket_Web_Handler.MQHandler.Consumer_Received(Object sender, BasicDeliverEventArgs e) 位置 F:\项目\饭票后端\MealTicket_Web_Handler\MQHandler.cs:行号 167

2021/3/29 13:33:53
执行队列失败
System.InvalidOperationException: ConnectionString 属性尚未初始化。
   在 System.Data.SqlClient.SqlConnection.PermissionDemand()
   在 System.Data.SqlClient.SqlConnectionFactory.PermissionDemand(DbConnection outerConnection)
   在 System.Data.ProviderBase.DbConnectionInternal.TryOpenConnectionInternal(DbConnection outerConnection, DbConnectionFactory connectionFactory, TaskCompletionSource`1 retry, DbConnectionOptions userOptions)
   在 System.Data.ProviderBase.DbConnectionClosed.TryOpenConnection(DbConnection outerConnection, DbConnectionFactory connectionFactory, TaskCompletionSource`1 retry, DbConnectionOptions userOptions)
   在 System.Data.SqlClient.SqlConnection.TryOpenInner(TaskCompletionSource`1 retry)
   在 System.Data.SqlClient.SqlConnection.TryOpen(TaskCompletionSource`1 retry)
   在 System.Data.SqlClient.SqlConnection.Open()
   在 MealTicket_Web_Handler.DataHelper.CheckTradeDate(Nullable`1 date) 位置 F:\项目\饭票后端\MealTicket_Web_Handler\DataHelper.cs:行号 33
   在 MealTicket_Web_Handler.DataHelper.CheckHandlerTime(Nullable`1 time) 位置 F:\项目\饭票后端\MealTicket_Web_Handler\DataHelper.cs:行号 74
   在 MealTicket_Web_Handler.MQHandler.Consumer_Received(Object sender, BasicDeliverEventArgs e) 位置 F:\项目\饭票后端\MealTicket_Web_Handler\MQHandler.cs:行号 167

2021/3/29 13:33:53
执行队列失败
System.InvalidOperationException: ConnectionString 属性尚未初始化。
   在 System.Data.SqlClient.SqlConnection.PermissionDemand()
   在 System.Data.SqlClient.SqlConnectionFactory.PermissionDemand(DbConnection outerConnection)
   在 System.Data.ProviderBase.DbConnectionInternal.TryOpenConnectionInternal(DbConnection outerConnection, DbConnectionFactory connectionFactory, TaskCompletionSource`1 retry, DbConnectionOptions userOptions)
   在 System.Data.ProviderBase.DbConnectionClosed.TryOpenConnection(DbConnection outerConnection, DbConnectionFactory connectionFactory, TaskCompletionSource`1 retry, DbConnectionOptions userOptions)
   在 System.Data.SqlClient.SqlConnection.TryOpenInner(TaskCompletionSource`1 retry)
   在 System.Data.SqlClient.SqlConnection.TryOpen(TaskCompletionSource`1 retry)
   在 System.Data.SqlClient.SqlConnection.Open()
   在 MealTicket_Web_Handler.DataHelper.CheckTradeDate(Nullable`1 date) 位置 F:\项目\饭票后端\MealTicket_Web_Handler\DataHelper.cs:行号 33
   在 MealTicket_Web_Handler.DataHelper.CheckHandlerTime(Nullable`1 time) 位置 F:\项目\饭票后端\MealTicket_Web_Handler\DataHelper.cs:行号 74
   在 MealTicket_Web_Handler.MQHandler.Consumer_Received(Object sender, BasicDeliverEventArgs e) 位置 F:\项目\饭票后端\MealTicket_Web_Handler\MQHandler.cs:行号 167

2021/3/29 13:33:54
执行队列失败
System.InvalidOperationException: ConnectionString 属性尚未初始化。
   在 System.Data.SqlClient.SqlConnection.PermissionDemand()
   在 System.Data.SqlClient.SqlConnectionFactory.PermissionDemand(DbConnection outerConnection)
   在 System.Data.ProviderBase.DbConnectionInternal.TryOpenConnectionInternal(DbConnection outerConnection, DbConnectionFactory connectionFactory, TaskCompletionSource`1 retry, DbConnectionOptions userOptions)
   在 System.Data.ProviderBase.DbConnectionClosed.TryOpenConnection(DbConnection outerConnection, DbConnectionFactory connectionFactory, TaskCompletionSource`1 retry, DbConnectionOptions userOptions)
   在 System.Data.SqlClient.SqlConnection.TryOpenInner(TaskCompletionSource`1 retry)
   在 System.Data.SqlClient.SqlConnection.TryOpen(TaskCompletionSource`1 retry)
   在 System.Data.SqlClient.SqlConnection.Open()
   在 MealTicket_Web_Handler.DataHelper.CheckTradeDate(Nullable`1 date) 位置 F:\项目\饭票后端\MealTicket_Web_Handler\DataHelper.cs:行号 33
   在 MealTicket_Web_Handler.DataHelper.CheckHandlerTime(Nullable`1 time) 位置 F:\项目\饭票后端\MealTicket_Web_Handler\DataHelper.cs:行号 74
   在 MealTicket_Web_Handler.MQHandler.Consumer_Received(Object sender, BasicDeliverEventArgs e) 位置 F:\项目\饭票后端\MealTicket_Web_Handler\MQHandler.cs:行号 167

2021/3/29 13:33:54
执行队列失败
System.InvalidOperationException: ConnectionString 属性尚未初始化。
   在 System.Data.SqlClient.SqlConnection.PermissionDemand()
   在 System.Data.SqlClient.SqlConnectionFactory.PermissionDemand(DbConnection outerConnection)
   在 System.Data.ProviderBase.DbConnectionInternal.TryOpenConnectionInternal(DbConnection outerConnection, DbConnectionFactory connectionFactory, TaskCompletionSource`1 retry, DbConnectionOptions userOptions)
   在 System.Data.ProviderBase.DbConnectionClosed.TryOpenConnection(DbConnection outerConnection, DbConnectionFactory connectionFactory, TaskCompletionSource`1 retry, DbConnectionOptions userOptions)
   在 System.Data.SqlClient.SqlConnection.TryOpenInner(TaskCompletionSource`1 retry)
   在 System.Data.SqlClient.SqlConnection.TryOpen(TaskCompletionSource`1 retry)
   在 System.Data.SqlClient.SqlConnection.Open()
   在 MealTicket_Web_Handler.DataHelper.CheckTradeDate(Nullable`1 date) 位置 F:\项目\饭票后端\MealTicket_Web_Handler\DataHelper.cs:行号 33
   在 MealTicket_Web_Handler.DataHelper.CheckHandlerTime(Nullable`1 time) 位置 F:\项目\饭票后端\MealTicket_Web_Handler\DataHelper.cs:行号 74
   在 MealTicket_Web_Handler.MQHandler.Consumer_Received(Object sender, BasicDeliverEventArgs e) 位置 F:\项目\饭票后端\MealTicket_Web_Handler\MQHandler.cs:行号 167

2021/3/29 13:33:54
执行队列失败
System.InvalidOperationException: ConnectionString 属性尚未初始化。
   在 System.Data.SqlClient.SqlConnection.PermissionDemand()
   在 System.Data.SqlClient.SqlConnectionFactory.PermissionDemand(DbConnection outerConnection)
   在 System.Data.ProviderBase.DbConnectionInternal.TryOpenConnectionInternal(DbConnection outerConnection, DbConnectionFactory connectionFactory, TaskCompletionSource`1 retry, DbConnectionOptions userOptions)
   在 System.Data.ProviderBase.DbConnectionClosed.TryOpenConnection(DbConnection outerConnection, DbConnectionFactory connectionFactory, TaskCompletionSource`1 retry, DbConnectionOptions userOptions)
   在 System.Data.SqlClient.SqlConnection.TryOpenInner(TaskCompletionSource`1 retry)
   在 System.Data.SqlClient.SqlConnection.TryOpen(TaskCompletionSource`1 retry)
   在 System.Data.SqlClient.SqlConnection.Open()
   在 MealTicket_Web_Handler.DataHelper.CheckTradeDate(Nullable`1 date) 位置 F:\项目\饭票后端\MealTicket_Web_Handler\DataHelper.cs:行号 33
   在 MealTicket_Web_Handler.DataHelper.CheckHandlerTime(Nullable`1 time) 位置 F:\项目\饭票后端\MealTicket_Web_Handler\DataHelper.cs:行号 74
   在 MealTicket_Web_Handler.MQHandler.Consumer_Received(Object sender, BasicDeliverEventArgs e) 位置 F:\项目\饭票后端\MealTicket_Web_Handler\MQHandler.cs:行号 167

2021/3/29 13:33:54
执行队列失败
System.InvalidOperationException: ConnectionString 属性尚未初始化。
   在 System.Data.SqlClient.SqlConnection.PermissionDemand()
   在 System.Data.SqlClient.SqlConnectionFactory.PermissionDemand(DbConnection outerConnection)
   在 System.Data.ProviderBase.DbConnectionInternal.TryOpenConnectionInternal(DbConnection outerConnection, DbConnectionFactory connectionFactory, TaskCompletionSource`1 retry, DbConnectionOptions userOptions)
   在 System.Data.ProviderBase.DbConnectionClosed.TryOpenConnection(DbConnection outerConnection, DbConnectionFactory connectionFactory, TaskCompletionSource`1 retry, DbConnectionOptions userOptions)
   在 System.Data.SqlClient.SqlConnection.TryOpenInner(TaskCompletionSource`1 retry)
   在 System.Data.SqlClient.SqlConnection.TryOpen(TaskCompletionSource`1 retry)
   在 System.Data.SqlClient.SqlConnection.Open()
   在 MealTicket_Web_Handler.DataHelper.CheckTradeDate(Nullable`1 date) 位置 F:\项目\饭票后端\MealTicket_Web_Handler\DataHelper.cs:行号 33
   在 MealTicket_Web_Handler.DataHelper.CheckHandlerTime(Nullable`1 time) 位置 F:\项目\饭票后端\MealTicket_Web_Handler\DataHelper.cs:行号 74
   在 MealTicket_Web_Handler.MQHandler.Consumer_Received(Object sender, BasicDeliverEventArgs e) 位置 F:\项目\饭票后端\MealTicket_Web_Handler\MQHandler.cs:行号 167

2021/3/29 13:33:54
执行队列失败
System.InvalidOperationException: ConnectionString 属性尚未初始化。
   在 System.Data.SqlClient.SqlConnection.PermissionDemand()
   在 System.Data.SqlClient.SqlConnectionFactory.PermissionDemand(DbConnection outerConnection)
   在 System.Data.ProviderBase.DbConnectionInternal.TryOpenConnectionInternal(DbConnection outerConnection, DbConnectionFactory connectionFactory, TaskCompletionSource`1 retry, DbConnectionOptions userOptions)
   在 System.Data.ProviderBase.DbConnectionClosed.TryOpenConnection(DbConnection outerConnection, DbConnectionFactory connectionFactory, TaskCompletionSource`1 retry, DbConnectionOptions userOptions)
   在 System.Data.SqlClient.SqlConnection.TryOpenInner(TaskCompletionSource`1 retry)
   在 System.Data.SqlClient.SqlConnection.TryOpen(TaskCompletionSource`1 retry)
   在 System.Data.SqlClient.SqlConnection.Open()
   在 MealTicket_Web_Handler.DataHelper.CheckTradeDate(Nullable`1 date) 位置 F:\项目\饭票后端\MealTicket_Web_Handler\DataHelper.cs:行号 33
   在 MealTicket_Web_Handler.DataHelper.CheckHandlerTime(Nullable`1 time) 位置 F:\项目\饭票后端\MealTicket_Web_Handler\DataHelper.cs:行号 74
   在 MealTicket_Web_Handler.MQHandler.Consumer_Received(Object sender, BasicDeliverEventArgs e) 位置 F:\项目\饭票后端\MealTicket_Web_Handler\MQHandler.cs:行号 167

2021/3/29 13:33:54
执行队列失败
System.InvalidOperationException: ConnectionString 属性尚未初始化。
   在 System.Data.SqlClient.SqlConnection.PermissionDemand()
   在 System.Data.SqlClient.SqlConnectionFactory.PermissionDemand(DbConnection outerConnection)
   在 System.Data.ProviderBase.DbConnectionInternal.TryOpenConnectionInternal(DbConnection outerConnection, DbConnectionFactory connectionFactory, TaskCompletionSource`1 retry, DbConnectionOptions userOptions)
   在 System.Data.ProviderBase.DbConnectionClosed.TryOpenConnection(DbConnection outerConnection, DbConnectionFactory connectionFactory, TaskCompletionSource`1 retry, DbConnectionOptions userOptions)
   在 System.Data.SqlClient.SqlConnection.TryOpenInner(TaskCompletionSource`1 retry)
   在 System.Data.SqlClient.SqlConnection.TryOpen(TaskCompletionSource`1 retry)
   在 System.Data.SqlClient.SqlConnection.Open()
   在 MealTicket_Web_Handler.DataHelper.CheckTradeDate(Nullable`1 date) 位置 F:\项目\饭票后端\MealTicket_Web_Handler\DataHelper.cs:行号 33
   在 MealTicket_Web_Handler.DataHelper.CheckHandlerTime(Nullable`1 time) 位置 F:\项目\饭票后端\MealTicket_Web_Handler\DataHelper.cs:行号 74
   在 MealTicket_Web_Handler.MQHandler.Consumer_Received(Object sender, BasicDeliverEventArgs e) 位置 F:\项目\饭票后端\MealTicket_Web_Handler\MQHandler.cs:行号 167

2021/3/29 13:33:54
执行队列失败
System.InvalidOperationException: ConnectionString 属性尚未初始化。
   在 System.Data.SqlClient.SqlConnection.PermissionDemand()
   在 System.Data.SqlClient.SqlConnectionFactory.PermissionDemand(DbConnection outerConnection)
   在 System.Data.ProviderBase.DbConnectionInternal.TryOpenConnectionInternal(DbConnection outerConnection, DbConnectionFactory connectionFactory, TaskCompletionSource`1 retry, DbConnectionOptions userOptions)
   在 System.Data.ProviderBase.DbConnectionClosed.TryOpenConnection(DbConnection outerConnection, DbConnectionFactory connectionFactory, TaskCompletionSource`1 retry, DbConnectionOptions userOptions)
   在 System.Data.SqlClient.SqlConnection.TryOpenInner(TaskCompletionSource`1 retry)
   在 System.Data.SqlClient.SqlConnection.TryOpen(TaskCompletionSource`1 retry)
   在 System.Data.SqlClient.SqlConnection.Open()
   在 MealTicket_Web_Handler.DataHelper.CheckTradeDate(Nullable`1 date) 位置 F:\项目\饭票后端\MealTicket_Web_Handler\DataHelper.cs:行号 33
   在 MealTicket_Web_Handler.DataHelper.CheckHandlerTime(Nullable`1 time) 位置 F:\项目\饭票后端\MealTicket_Web_Handler\DataHelper.cs:行号 74
   在 MealTicket_Web_Handler.MQHandler.Consumer_Received(Object sender, BasicDeliverEventArgs e) 位置 F:\项目\饭票后端\MealTicket_Web_Handler\MQHandler.cs:行号 167

2021/3/29 13:33:54
执行队列失败
System.InvalidOperationException: ConnectionString 属性尚未初始化。
   在 System.Data.SqlClient.SqlConnection.PermissionDemand()
   在 System.Data.SqlClient.SqlConnectionFactory.PermissionDemand(DbConnection outerConnection)
   在 System.Data.ProviderBase.DbConnectionInternal.TryOpenConnectionInternal(DbConnection outerConnection, DbConnectionFactory connectionFactory, TaskCompletionSource`1 retry, DbConnectionOptions userOptions)
   在 System.Data.ProviderBase.DbConnectionClosed.TryOpenConnection(DbConnection outerConnection, DbConnectionFactory connectionFactory, TaskCompletionSource`1 retry, DbConnectionOptions userOptions)
   在 System.Data.SqlClient.SqlConnection.TryOpenInner(TaskCompletionSource`1 retry)
   在 System.Data.SqlClient.SqlConnection.TryOpen(TaskCompletionSource`1 retry)
   在 System.Data.SqlClient.SqlConnection.Open()
   在 MealTicket_Web_Handler.DataHelper.CheckTradeDate(Nullable`1 date) 位置 F:\项目\饭票后端\MealTicket_Web_Handler\DataHelper.cs:行号 33
   在 MealTicket_Web_Handler.DataHelper.CheckHandlerTime(Nullable`1 time) 位置 F:\项目\饭票后端\MealTicket_Web_Handler\DataHelper.cs:行号 74
   在 MealTicket_Web_Handler.MQHandler.Consumer_Received(Object sender, BasicDeliverEventArgs e) 位置 F:\项目\饭票后端\MealTicket_Web_Handler\MQHandler.cs:行号 167

2021/3/29 13:33:54
执行队列失败
System.InvalidOperationException: ConnectionString 属性尚未初始化。
   在 System.Data.SqlClient.SqlConnection.PermissionDemand()
   在 System.Data.SqlClient.SqlConnectionFactory.PermissionDemand(DbConnection outerConnection)
   在 System.Data.ProviderBase.DbConnectionInternal.TryOpenConnectionInternal(DbConnection outerConnection, DbConnectionFactory connectionFactory, TaskCompletionSource`1 retry, DbConnectionOptions userOptions)
   在 System.Data.ProviderBase.DbConnectionClosed.TryOpenConnection(DbConnection outerConnection, DbConnectionFactory connectionFactory, TaskCompletionSource`1 retry, DbConnectionOptions userOptions)
   在 System.Data.SqlClient.SqlConnection.TryOpenInner(TaskCompletionSource`1 retry)
   在 System.Data.SqlClient.SqlConnection.TryOpen(TaskCompletionSource`1 retry)
   在 System.Data.SqlClient.SqlConnection.Open()
   在 MealTicket_Web_Handler.DataHelper.CheckTradeDate(Nullable`1 date) 位置 F:\项目\饭票后端\MealTicket_Web_Handler\DataHelper.cs:行号 33
   在 MealTicket_Web_Handler.DataHelper.CheckHandlerTime(Nullable`1 time) 位置 F:\项目\饭票后端\MealTicket_Web_Handler\DataHelper.cs:行号 74
   在 MealTicket_Web_Handler.MQHandler.Consumer_Received(Object sender, BasicDeliverEventArgs e) 位置 F:\项目\饭票后端\MealTicket_Web_Handler\MQHandler.cs:行号 167

2021/3/29 13:33:54
执行队列失败
System.InvalidOperationException: ConnectionString 属性尚未初始化。
   在 System.Data.SqlClient.SqlConnection.PermissionDemand()
   在 System.Data.SqlClient.SqlConnectionFactory.PermissionDemand(DbConnection outerConnection)
   在 System.Data.ProviderBase.DbConnectionInternal.TryOpenConnectionInternal(DbConnection outerConnection, DbConnectionFactory connectionFactory, TaskCompletionSource`1 retry, DbConnectionOptions userOptions)
   在 System.Data.ProviderBase.DbConnectionClosed.TryOpenConnection(DbConnection outerConnection, DbConnectionFactory connectionFactory, TaskCompletionSource`1 retry, DbConnectionOptions userOptions)
   在 System.Data.SqlClient.SqlConnection.TryOpenInner(TaskCompletionSource`1 retry)
   在 System.Data.SqlClient.SqlConnection.TryOpen(TaskCompletionSource`1 retry)
   在 System.Data.SqlClient.SqlConnection.Open()
   在 MealTicket_Web_Handler.DataHelper.CheckTradeDate(Nullable`1 date) 位置 F:\项目\饭票后端\MealTicket_Web_Handler\DataHelper.cs:行号 33
   在 MealTicket_Web_Handler.DataHelper.CheckHandlerTime(Nullable`1 time) 位置 F:\项目\饭票后端\MealTicket_Web_Handler\DataHelper.cs:行号 74
   在 MealTicket_Web_Handler.MQHandler.Consumer_Received(Object sender, BasicDeliverEventArgs e) 位置 F:\项目\饭票后端\MealTicket_Web_Handler\MQHandler.cs:行号 167

2021/3/29 13:33:54
执行队列失败
System.InvalidOperationException: ConnectionString 属性尚未初始化。
   在 System.Data.SqlClient.SqlConnection.PermissionDemand()
   在 System.Data.SqlClient.SqlConnectionFactory.PermissionDemand(DbConnection outerConnection)
   在 System.Data.ProviderBase.DbConnectionInternal.TryOpenConnectionInternal(DbConnection outerConnection, DbConnectionFactory connectionFactory, TaskCompletionSource`1 retry, DbConnectionOptions userOptions)
   在 System.Data.ProviderBase.DbConnectionClosed.TryOpenConnection(DbConnection outerConnection, DbConnectionFactory connectionFactory, TaskCompletionSource`1 retry, DbConnectionOptions userOptions)
   在 System.Data.SqlClient.SqlConnection.TryOpenInner(TaskCompletionSource`1 retry)
   在 System.Data.SqlClient.SqlConnection.TryOpen(TaskCompletionSource`1 retry)
   在 System.Data.SqlClient.SqlConnection.Open()
   在 MealTicket_Web_Handler.DataHelper.CheckTradeDate(Nullable`1 date) 位置 F:\项目\饭票后端\MealTicket_Web_Handler\DataHelper.cs:行号 33
   在 MealTicket_Web_Handler.DataHelper.CheckHandlerTime(Nullable`1 time) 位置 F:\项目\饭票后端\MealTicket_Web_Handler\DataHelper.cs:行号 74
   在 MealTicket_Web_Handler.MQHandler.Consumer_Received(Object sender, BasicDeliverEventArgs e) 位置 F:\项目\饭票后端\MealTicket_Web_Handler\MQHandler.cs:行号 167

2021/3/29 13:33:54
执行队列失败
System.InvalidOperationException: ConnectionString 属性尚未初始化。
   在 System.Data.SqlClient.SqlConnection.PermissionDemand()
   在 System.Data.SqlClient.SqlConnectionFactory.PermissionDemand(DbConnection outerConnection)
   在 System.Data.ProviderBase.DbConnectionInternal.TryOpenConnectionInternal(DbConnection outerConnection, DbConnectionFactory connectionFactory, TaskCompletionSource`1 retry, DbConnectionOptions userOptions)
   在 System.Data.ProviderBase.DbConnectionClosed.TryOpenConnection(DbConnection outerConnection, DbConnectionFactory connectionFactory, TaskCompletionSource`1 retry, DbConnectionOptions userOptions)
   在 System.Data.SqlClient.SqlConnection.TryOpenInner(TaskCompletionSource`1 retry)
   在 System.Data.SqlClient.SqlConnection.TryOpen(TaskCompletionSource`1 retry)
   在 System.Data.SqlClient.SqlConnection.Open()
   在 MealTicket_Web_Handler.DataHelper.CheckTradeDate(Nullable`1 date) 位置 F:\项目\饭票后端\MealTicket_Web_Handler\DataHelper.cs:行号 33
   在 MealTicket_Web_Handler.DataHelper.CheckHandlerTime(Nullable`1 time) 位置 F:\项目\饭票后端\MealTicket_Web_Handler\DataHelper.cs:行号 74
   在 MealTicket_Web_Handler.MQHandler.Consumer_Received(Object sender, BasicDeliverEventArgs e) 位置 F:\项目\饭票后端\MealTicket_Web_Handler\MQHandler.cs:行号 167

2021/3/29 13:33:54
执行队列失败
System.InvalidOperationException: ConnectionString 属性尚未初始化。
   在 System.Data.SqlClient.SqlConnection.PermissionDemand()
   在 System.Data.SqlClient.SqlConnectionFactory.PermissionDemand(DbConnection outerConnection)
   在 System.Data.ProviderBase.DbConnectionInternal.TryOpenConnectionInternal(DbConnection outerConnection, DbConnectionFactory connectionFactory, TaskCompletionSource`1 retry, DbConnectionOptions userOptions)
   在 System.Data.ProviderBase.DbConnectionClosed.TryOpenConnection(DbConnection outerConnection, DbConnectionFactory connectionFactory, TaskCompletionSource`1 retry, DbConnectionOptions userOptions)
   在 System.Data.SqlClient.SqlConnection.TryOpenInner(TaskCompletionSource`1 retry)
   在 System.Data.SqlClient.SqlConnection.TryOpen(TaskCompletionSource`1 retry)
   在 System.Data.SqlClient.SqlConnection.Open()
   在 MealTicket_Web_Handler.DataHelper.CheckTradeDate(Nullable`1 date) 位置 F:\项目\饭票后端\MealTicket_Web_Handler\DataHelper.cs:行号 33
   在 MealTicket_Web_Handler.DataHelper.CheckHandlerTime(Nullable`1 time) 位置 F:\项目\饭票后端\MealTicket_Web_Handler\DataHelper.cs:行号 74
   在 MealTicket_Web_Handler.MQHandler.Consumer_Received(Object sender, BasicDeliverEventArgs e) 位置 F:\项目\饭票后端\MealTicket_Web_Handler\MQHandler.cs:行号 167

2021/3/29 13:40:29
购买失败
MealTicket_Web_Handler.Model.WebApiException: 委托金额有误
   在 MealTicket_Web_Handler.Runner.RunnerHelper.TradeAutoBuy() 位置 F:\项目\饭票后端\MealTicket_Web_Handler\Runner\RunnerHelper.cs:行号 801

