2021/6/2 19:08:35
SELECT 
    [Project1].[Id] AS [Id], 
    [Project1].[Market] AS [Market], 
    [Project1].[SharesCode] AS [SharesCode], 
    [Project1].[PresentPrice] AS [PresentPrice], 
    [Project1].[ClosedPrice] AS [ClosedPrice], 
    [Project1].[OpenedPrice] AS [OpenedPrice], 
    [Project1].[MaxPrice] AS [MaxPrice], 
    [Project1].[MinPrice] AS [MinPrice], 
    [Project1].[LastModified] AS [LastModified], 
    [Project1].[Date] AS [Date], 
    [Project1].[LimitUpCount] AS [LimitUpCount], 
    [Project1].[LimitDownCount] AS [LimitDownCount], 
    [Project1].[LimitUpBombCount] AS [LimitUpBombCount], 
    [Project1].[LimitDownBombCount] AS [LimitDownBombCount], 
    [Project1].[PriceType] AS [PriceType], 
    [Project1].[LimitUpPrice] AS [LimitUpPrice], 
    [Project1].[LimitDownPrice] AS [LimitDownPrice], 
    [Project1].[TriPriceType] AS [TriPriceType], 
    [Project1].[TriLimitUpCount] AS [TriLimitUpCount], 
    [Project1].[TriLimitDownCount] AS [TriLimitDownCount], 
    [Project1].[TriLimitUpBombCount] AS [TriLimitUpBombCount], 
    [Project1].[TriLimitDownBombCount] AS [TriLimitDownBombCount], 
    [Project1].[TotalAmount] AS [TotalAmount], 
    [Project1].[TotalCount] AS [TotalCount]
    FROM ( SELECT 
        [Extent1].[Id] AS [Id], 
        [Extent1].[Market] AS [Market], 
        [Extent1].[SharesCode] AS [SharesCode], 
        [Extent1].[PresentPrice] AS [PresentPrice], 
        [Extent1].[ClosedPrice] AS [ClosedPrice], 
        [Extent1].[OpenedPrice] AS [OpenedPrice], 
        [Extent1].[MaxPrice] AS [MaxPrice], 
        [Extent1].[MinPrice] AS [MinPrice], 
        [Extent1].[LimitUpPrice] AS [LimitUpPrice], 
        [Extent1].[LimitDownPrice] AS [LimitDownPrice], 
        [Extent1].[LastModified] AS [LastModified], 
        [Extent1].[Date] AS [Date], 
        [Extent1].[LimitUpCount] AS [LimitUpCount], 
        [Extent1].[LimitDownCount] AS [LimitDownCount], 
        [Extent1].[LimitUpBombCount] AS [LimitUpBombCount], 
        [Extent1].[LimitDownBombCount] AS [LimitDownBombCount], 
        [Extent1].[TriLimitUpCount] AS [TriLimitUpCount], 
        [Extent1].[TriLimitDownCount] AS [TriLimitDownCount], 
        [Extent1].[TriLimitUpBombCount] AS [TriLimitUpBombCount], 
        [Extent1].[TriLimitDownBombCount] AS [TriLimitDownBombCount], 
        [Extent1].[PriceType] AS [PriceType], 
        [Extent1].[TriPriceType] AS [TriPriceType], 
        [Extent1].[TotalAmount] AS [TotalAmount], 
        [Extent1].[TotalCount] AS [TotalCount]
        FROM [dbo].[t_shares_quotes_date] AS [Extent1]
        WHERE ([Extent1].[SharesCode] = @p__linq__0) AND ([Extent1].[Market] = @p__linq__1) AND ([Extent1].[LastModified] > @p__linq__2)
    )  AS [Project1]
    ORDER BY [Project1].[Date] ASC


2021/6/2 19:08:35
SELECT 
    [Project1].[Id] AS [Id], 
    [Project1].[Market] AS [Market], 
    [Project1].[SharesCode] AS [SharesCode], 
    [Project1].[PresentPrice] AS [PresentPrice], 
    [Project1].[ClosedPrice] AS [ClosedPrice], 
    [Project1].[OpenedPrice] AS [OpenedPrice], 
    [Project1].[MaxPrice] AS [MaxPrice], 
    [Project1].[MinPrice] AS [MinPrice], 
    [Project1].[LastModified] AS [LastModified], 
    [Project1].[Date] AS [Date], 
    [Project1].[LimitUpCount] AS [LimitUpCount], 
    [Project1].[LimitDownCount] AS [LimitDownCount], 
    [Project1].[LimitUpBombCount] AS [LimitUpBombCount], 
    [Project1].[LimitDownBombCount] AS [LimitDownBombCount], 
    [Project1].[PriceType] AS [PriceType], 
    [Project1].[LimitUpPrice] AS [LimitUpPrice], 
    [Project1].[LimitDownPrice] AS [LimitDownPrice], 
    [Project1].[TriPriceType] AS [TriPriceType], 
    [Project1].[TriLimitUpCount] AS [TriLimitUpCount], 
    [Project1].[TriLimitDownCount] AS [TriLimitDownCount], 
    [Project1].[TriLimitUpBombCount] AS [TriLimitUpBombCount], 
    [Project1].[TriLimitDownBombCount] AS [TriLimitDownBombCount], 
    [Project1].[TotalAmount] AS [TotalAmount], 
    [Project1].[TotalCount] AS [TotalCount]
    FROM ( SELECT 
        [Extent1].[Id] AS [Id], 
        [Extent1].[Market] AS [Market], 
        [Extent1].[SharesCode] AS [SharesCode], 
        [Extent1].[PresentPrice] AS [PresentPrice], 
        [Extent1].[ClosedPrice] AS [ClosedPrice], 
        [Extent1].[OpenedPrice] AS [OpenedPrice], 
        [Extent1].[MaxPrice] AS [MaxPrice], 
        [Extent1].[MinPrice] AS [MinPrice], 
        [Extent1].[LimitUpPrice] AS [LimitUpPrice], 
        [Extent1].[LimitDownPrice] AS [LimitDownPrice], 
        [Extent1].[LastModified] AS [LastModified], 
        [Extent1].[Date] AS [Date], 
        [Extent1].[LimitUpCount] AS [LimitUpCount], 
        [Extent1].[LimitDownCount] AS [LimitDownCount], 
        [Extent1].[LimitUpBombCount] AS [LimitUpBombCount], 
        [Extent1].[LimitDownBombCount] AS [LimitDownBombCount], 
        [Extent1].[TriLimitUpCount] AS [TriLimitUpCount], 
        [Extent1].[TriLimitDownCount] AS [TriLimitDownCount], 
        [Extent1].[TriLimitUpBombCount] AS [TriLimitUpBombCount], 
        [Extent1].[TriLimitDownBombCount] AS [TriLimitDownBombCount], 
        [Extent1].[PriceType] AS [PriceType], 
        [Extent1].[TriPriceType] AS [TriPriceType], 
        [Extent1].[TotalAmount] AS [TotalAmount], 
        [Extent1].[TotalCount] AS [TotalCount]
        FROM [dbo].[t_shares_quotes_date] AS [Extent1]
        WHERE ([Extent1].[SharesCode] = @p__linq__0) AND ([Extent1].[Market] = @p__linq__1) AND ([Extent1].[LastModified] > @p__linq__2)
    )  AS [Project1]
    ORDER BY [Project1].[Date] ASC


2021/6/2 19:08:35
SELECT 
    [Project1].[Id] AS [Id], 
    [Project1].[Market] AS [Market], 
    [Project1].[SharesCode] AS [SharesCode], 
    [Project1].[PresentPrice] AS [PresentPrice], 
    [Project1].[ClosedPrice] AS [ClosedPrice], 
    [Project1].[OpenedPrice] AS [OpenedPrice], 
    [Project1].[MaxPrice] AS [MaxPrice], 
    [Project1].[MinPrice] AS [MinPrice], 
    [Project1].[LastModified] AS [LastModified], 
    [Project1].[Date] AS [Date], 
    [Project1].[LimitUpCount] AS [LimitUpCount], 
    [Project1].[LimitDownCount] AS [LimitDownCount], 
    [Project1].[LimitUpBombCount] AS [LimitUpBombCount], 
    [Project1].[LimitDownBombCount] AS [LimitDownBombCount], 
    [Project1].[PriceType] AS [PriceType], 
    [Project1].[LimitUpPrice] AS [LimitUpPrice], 
    [Project1].[LimitDownPrice] AS [LimitDownPrice], 
    [Project1].[TriPriceType] AS [TriPriceType], 
    [Project1].[TriLimitUpCount] AS [TriLimitUpCount], 
    [Project1].[TriLimitDownCount] AS [TriLimitDownCount], 
    [Project1].[TriLimitUpBombCount] AS [TriLimitUpBombCount], 
    [Project1].[TriLimitDownBombCount] AS [TriLimitDownBombCount], 
    [Project1].[TotalAmount] AS [TotalAmount], 
    [Project1].[TotalCount] AS [TotalCount]
    FROM ( SELECT 
        [Extent1].[Id] AS [Id], 
        [Extent1].[Market] AS [Market], 
        [Extent1].[SharesCode] AS [SharesCode], 
        [Extent1].[PresentPrice] AS [PresentPrice], 
        [Extent1].[ClosedPrice] AS [ClosedPrice], 
        [Extent1].[OpenedPrice] AS [OpenedPrice], 
        [Extent1].[MaxPrice] AS [MaxPrice], 
        [Extent1].[MinPrice] AS [MinPrice], 
        [Extent1].[LimitUpPrice] AS [LimitUpPrice], 
        [Extent1].[LimitDownPrice] AS [LimitDownPrice], 
        [Extent1].[LastModified] AS [LastModified], 
        [Extent1].[Date] AS [Date], 
        [Extent1].[LimitUpCount] AS [LimitUpCount], 
        [Extent1].[LimitDownCount] AS [LimitDownCount], 
        [Extent1].[LimitUpBombCount] AS [LimitUpBombCount], 
        [Extent1].[LimitDownBombCount] AS [LimitDownBombCount], 
        [Extent1].[TriLimitUpCount] AS [TriLimitUpCount], 
        [Extent1].[TriLimitDownCount] AS [TriLimitDownCount], 
        [Extent1].[TriLimitUpBombCount] AS [TriLimitUpBombCount], 
        [Extent1].[TriLimitDownBombCount] AS [TriLimitDownBombCount], 
        [Extent1].[PriceType] AS [PriceType], 
        [Extent1].[TriPriceType] AS [TriPriceType], 
        [Extent1].[TotalAmount] AS [TotalAmount], 
        [Extent1].[TotalCount] AS [TotalCount]
        FROM [dbo].[t_shares_quotes_date] AS [Extent1]
        WHERE ([Extent1].[SharesCode] = @p__linq__0) AND ([Extent1].[Market] = @p__linq__1) AND ([Extent1].[LastModified] > @p__linq__2)
    )  AS [Project1]
    ORDER BY [Project1].[Date] ASC


2021/6/2 19:08:35
SELECT 
    [Project1].[Id] AS [Id], 
    [Project1].[Market] AS [Market], 
    [Project1].[SharesCode] AS [SharesCode], 
    [Project1].[PresentPrice] AS [PresentPrice], 
    [Project1].[ClosedPrice] AS [ClosedPrice], 
    [Project1].[OpenedPrice] AS [OpenedPrice], 
    [Project1].[MaxPrice] AS [MaxPrice], 
    [Project1].[MinPrice] AS [MinPrice], 
    [Project1].[LastModified] AS [LastModified], 
    [Project1].[Date] AS [Date], 
    [Project1].[LimitUpCount] AS [LimitUpCount], 
    [Project1].[LimitDownCount] AS [LimitDownCount], 
    [Project1].[LimitUpBombCount] AS [LimitUpBombCount], 
    [Project1].[LimitDownBombCount] AS [LimitDownBombCount], 
    [Project1].[PriceType] AS [PriceType], 
    [Project1].[LimitUpPrice] AS [LimitUpPrice], 
    [Project1].[LimitDownPrice] AS [LimitDownPrice], 
    [Project1].[TriPriceType] AS [TriPriceType], 
    [Project1].[TriLimitUpCount] AS [TriLimitUpCount], 
    [Project1].[TriLimitDownCount] AS [TriLimitDownCount], 
    [Project1].[TriLimitUpBombCount] AS [TriLimitUpBombCount], 
    [Project1].[TriLimitDownBombCount] AS [TriLimitDownBombCount], 
    [Project1].[TotalAmount] AS [TotalAmount], 
    [Project1].[TotalCount] AS [TotalCount]
    FROM ( SELECT 
        [Extent1].[Id] AS [Id], 
        [Extent1].[Market] AS [Market], 
        [Extent1].[SharesCode] AS [SharesCode], 
        [Extent1].[PresentPrice] AS [PresentPrice], 
        [Extent1].[ClosedPrice] AS [ClosedPrice], 
        [Extent1].[OpenedPrice] AS [OpenedPrice], 
        [Extent1].[MaxPrice] AS [MaxPrice], 
        [Extent1].[MinPrice] AS [MinPrice], 
        [Extent1].[LimitUpPrice] AS [LimitUpPrice], 
        [Extent1].[LimitDownPrice] AS [LimitDownPrice], 
        [Extent1].[LastModified] AS [LastModified], 
        [Extent1].[Date] AS [Date], 
        [Extent1].[LimitUpCount] AS [LimitUpCount], 
        [Extent1].[LimitDownCount] AS [LimitDownCount], 
        [Extent1].[LimitUpBombCount] AS [LimitUpBombCount], 
        [Extent1].[LimitDownBombCount] AS [LimitDownBombCount], 
        [Extent1].[TriLimitUpCount] AS [TriLimitUpCount], 
        [Extent1].[TriLimitDownCount] AS [TriLimitDownCount], 
        [Extent1].[TriLimitUpBombCount] AS [TriLimitUpBombCount], 
        [Extent1].[TriLimitDownBombCount] AS [TriLimitDownBombCount], 
        [Extent1].[PriceType] AS [PriceType], 
        [Extent1].[TriPriceType] AS [TriPriceType], 
        [Extent1].[TotalAmount] AS [TotalAmount], 
        [Extent1].[TotalCount] AS [TotalCount]
        FROM [dbo].[t_shares_quotes_date] AS [Extent1]
        WHERE ([Extent1].[SharesCode] = @p__linq__0) AND ([Extent1].[Market] = @p__linq__1) AND ([Extent1].[LastModified] > @p__linq__2)
    )  AS [Project1]
    ORDER BY [Project1].[Date] ASC


2021/6/2 19:08:35
SELECT 
    [Project1].[Id] AS [Id], 
    [Project1].[Market] AS [Market], 
    [Project1].[SharesCode] AS [SharesCode], 
    [Project1].[PresentPrice] AS [PresentPrice], 
    [Project1].[ClosedPrice] AS [ClosedPrice], 
    [Project1].[OpenedPrice] AS [OpenedPrice], 
    [Project1].[MaxPrice] AS [MaxPrice], 
    [Project1].[MinPrice] AS [MinPrice], 
    [Project1].[LastModified] AS [LastModified], 
    [Project1].[Date] AS [Date], 
    [Project1].[LimitUpCount] AS [LimitUpCount], 
    [Project1].[LimitDownCount] AS [LimitDownCount], 
    [Project1].[LimitUpBombCount] AS [LimitUpBombCount], 
    [Project1].[LimitDownBombCount] AS [LimitDownBombCount], 
    [Project1].[PriceType] AS [PriceType], 
    [Project1].[LimitUpPrice] AS [LimitUpPrice], 
    [Project1].[LimitDownPrice] AS [LimitDownPrice], 
    [Project1].[TriPriceType] AS [TriPriceType], 
    [Project1].[TriLimitUpCount] AS [TriLimitUpCount], 
    [Project1].[TriLimitDownCount] AS [TriLimitDownCount], 
    [Project1].[TriLimitUpBombCount] AS [TriLimitUpBombCount], 
    [Project1].[TriLimitDownBombCount] AS [TriLimitDownBombCount], 
    [Project1].[TotalAmount] AS [TotalAmount], 
    [Project1].[TotalCount] AS [TotalCount]
    FROM ( SELECT 
        [Extent1].[Id] AS [Id], 
        [Extent1].[Market] AS [Market], 
        [Extent1].[SharesCode] AS [SharesCode], 
        [Extent1].[PresentPrice] AS [PresentPrice], 
        [Extent1].[ClosedPrice] AS [ClosedPrice], 
        [Extent1].[OpenedPrice] AS [OpenedPrice], 
        [Extent1].[MaxPrice] AS [MaxPrice], 
        [Extent1].[MinPrice] AS [MinPrice], 
        [Extent1].[LimitUpPrice] AS [LimitUpPrice], 
        [Extent1].[LimitDownPrice] AS [LimitDownPrice], 
        [Extent1].[LastModified] AS [LastModified], 
        [Extent1].[Date] AS [Date], 
        [Extent1].[LimitUpCount] AS [LimitUpCount], 
        [Extent1].[LimitDownCount] AS [LimitDownCount], 
        [Extent1].[LimitUpBombCount] AS [LimitUpBombCount], 
        [Extent1].[LimitDownBombCount] AS [LimitDownBombCount], 
        [Extent1].[TriLimitUpCount] AS [TriLimitUpCount], 
        [Extent1].[TriLimitDownCount] AS [TriLimitDownCount], 
        [Extent1].[TriLimitUpBombCount] AS [TriLimitUpBombCount], 
        [Extent1].[TriLimitDownBombCount] AS [TriLimitDownBombCount], 
        [Extent1].[PriceType] AS [PriceType], 
        [Extent1].[TriPriceType] AS [TriPriceType], 
        [Extent1].[TotalAmount] AS [TotalAmount], 
        [Extent1].[TotalCount] AS [TotalCount]
        FROM [dbo].[t_shares_quotes_date] AS [Extent1]
        WHERE ([Extent1].[SharesCode] = @p__linq__0) AND ([Extent1].[Market] = @p__linq__1) AND ([Extent1].[LastModified] > @p__linq__2)
    )  AS [Project1]
    ORDER BY [Project1].[Date] ASC


2021/6/2 19:08:35
SELECT 
    [Project1].[Id] AS [Id], 
    [Project1].[Market] AS [Market], 
    [Project1].[SharesCode] AS [SharesCode], 
    [Project1].[PresentPrice] AS [PresentPrice], 
    [Project1].[ClosedPrice] AS [ClosedPrice], 
    [Project1].[OpenedPrice] AS [OpenedPrice], 
    [Project1].[MaxPrice] AS [MaxPrice], 
    [Project1].[MinPrice] AS [MinPrice], 
    [Project1].[LastModified] AS [LastModified], 
    [Project1].[Date] AS [Date], 
    [Project1].[LimitUpCount] AS [LimitUpCount], 
    [Project1].[LimitDownCount] AS [LimitDownCount], 
    [Project1].[LimitUpBombCount] AS [LimitUpBombCount], 
    [Project1].[LimitDownBombCount] AS [LimitDownBombCount], 
    [Project1].[PriceType] AS [PriceType], 
    [Project1].[LimitUpPrice] AS [LimitUpPrice], 
    [Project1].[LimitDownPrice] AS [LimitDownPrice], 
    [Project1].[TriPriceType] AS [TriPriceType], 
    [Project1].[TriLimitUpCount] AS [TriLimitUpCount], 
    [Project1].[TriLimitDownCount] AS [TriLimitDownCount], 
    [Project1].[TriLimitUpBombCount] AS [TriLimitUpBombCount], 
    [Project1].[TriLimitDownBombCount] AS [TriLimitDownBombCount], 
    [Project1].[TotalAmount] AS [TotalAmount], 
    [Project1].[TotalCount] AS [TotalCount]
    FROM ( SELECT 
        [Extent1].[Id] AS [Id], 
        [Extent1].[Market] AS [Market], 
        [Extent1].[SharesCode] AS [SharesCode], 
        [Extent1].[PresentPrice] AS [PresentPrice], 
        [Extent1].[ClosedPrice] AS [ClosedPrice], 
        [Extent1].[OpenedPrice] AS [OpenedPrice], 
        [Extent1].[MaxPrice] AS [MaxPrice], 
        [Extent1].[MinPrice] AS [MinPrice], 
        [Extent1].[LimitUpPrice] AS [LimitUpPrice], 
        [Extent1].[LimitDownPrice] AS [LimitDownPrice], 
        [Extent1].[LastModified] AS [LastModified], 
        [Extent1].[Date] AS [Date], 
        [Extent1].[LimitUpCount] AS [LimitUpCount], 
        [Extent1].[LimitDownCount] AS [LimitDownCount], 
        [Extent1].[LimitUpBombCount] AS [LimitUpBombCount], 
        [Extent1].[LimitDownBombCount] AS [LimitDownBombCount], 
        [Extent1].[TriLimitUpCount] AS [TriLimitUpCount], 
        [Extent1].[TriLimitDownCount] AS [TriLimitDownCount], 
        [Extent1].[TriLimitUpBombCount] AS [TriLimitUpBombCount], 
        [Extent1].[TriLimitDownBombCount] AS [TriLimitDownBombCount], 
        [Extent1].[PriceType] AS [PriceType], 
        [Extent1].[TriPriceType] AS [TriPriceType], 
        [Extent1].[TotalAmount] AS [TotalAmount], 
        [Extent1].[TotalCount] AS [TotalCount]
        FROM [dbo].[t_shares_quotes_date] AS [Extent1]
        WHERE ([Extent1].[SharesCode] = @p__linq__0) AND ([Extent1].[Market] = @p__linq__1) AND ([Extent1].[LastModified] > @p__linq__2)
    )  AS [Project1]
    ORDER BY [Project1].[Date] ASC


2021/6/2 19:08:35
SELECT 
    [Project1].[Id] AS [Id], 
    [Project1].[Market] AS [Market], 
    [Project1].[SharesCode] AS [SharesCode], 
    [Project1].[PresentPrice] AS [PresentPrice], 
    [Project1].[ClosedPrice] AS [ClosedPrice], 
    [Project1].[OpenedPrice] AS [OpenedPrice], 
    [Project1].[MaxPrice] AS [MaxPrice], 
    [Project1].[MinPrice] AS [MinPrice], 
    [Project1].[LastModified] AS [LastModified], 
    [Project1].[Date] AS [Date], 
    [Project1].[LimitUpCount] AS [LimitUpCount], 
    [Project1].[LimitDownCount] AS [LimitDownCount], 
    [Project1].[LimitUpBombCount] AS [LimitUpBombCount], 
    [Project1].[LimitDownBombCount] AS [LimitDownBombCount], 
    [Project1].[PriceType] AS [PriceType], 
    [Project1].[LimitUpPrice] AS [LimitUpPrice], 
    [Project1].[LimitDownPrice] AS [LimitDownPrice], 
    [Project1].[TriPriceType] AS [TriPriceType], 
    [Project1].[TriLimitUpCount] AS [TriLimitUpCount], 
    [Project1].[TriLimitDownCount] AS [TriLimitDownCount], 
    [Project1].[TriLimitUpBombCount] AS [TriLimitUpBombCount], 
    [Project1].[TriLimitDownBombCount] AS [TriLimitDownBombCount], 
    [Project1].[TotalAmount] AS [TotalAmount], 
    [Project1].[TotalCount] AS [TotalCount]
    FROM ( SELECT 
        [Extent1].[Id] AS [Id], 
        [Extent1].[Market] AS [Market], 
        [Extent1].[SharesCode] AS [SharesCode], 
        [Extent1].[PresentPrice] AS [PresentPrice], 
        [Extent1].[ClosedPrice] AS [ClosedPrice], 
        [Extent1].[OpenedPrice] AS [OpenedPrice], 
        [Extent1].[MaxPrice] AS [MaxPrice], 
        [Extent1].[MinPrice] AS [MinPrice], 
        [Extent1].[LimitUpPrice] AS [LimitUpPrice], 
        [Extent1].[LimitDownPrice] AS [LimitDownPrice], 
        [Extent1].[LastModified] AS [LastModified], 
        [Extent1].[Date] AS [Date], 
        [Extent1].[LimitUpCount] AS [LimitUpCount], 
        [Extent1].[LimitDownCount] AS [LimitDownCount], 
        [Extent1].[LimitUpBombCount] AS [LimitUpBombCount], 
        [Extent1].[LimitDownBombCount] AS [LimitDownBombCount], 
        [Extent1].[TriLimitUpCount] AS [TriLimitUpCount], 
        [Extent1].[TriLimitDownCount] AS [TriLimitDownCount], 
        [Extent1].[TriLimitUpBombCount] AS [TriLimitUpBombCount], 
        [Extent1].[TriLimitDownBombCount] AS [TriLimitDownBombCount], 
        [Extent1].[PriceType] AS [PriceType], 
        [Extent1].[TriPriceType] AS [TriPriceType], 
        [Extent1].[TotalAmount] AS [TotalAmount], 
        [Extent1].[TotalCount] AS [TotalCount]
        FROM [dbo].[t_shares_quotes_date] AS [Extent1]
        WHERE ([Extent1].[SharesCode] = @p__linq__0) AND ([Extent1].[Market] = @p__linq__1) AND ([Extent1].[LastModified] > @p__linq__2)
    )  AS [Project1]
    ORDER BY [Project1].[Date] ASC


2021/6/2 19:08:35
SELECT 
    [Project1].[Id] AS [Id], 
    [Project1].[Market] AS [Market], 
    [Project1].[SharesCode] AS [SharesCode], 
    [Project1].[PresentPrice] AS [PresentPrice], 
    [Project1].[ClosedPrice] AS [ClosedPrice], 
    [Project1].[OpenedPrice] AS [OpenedPrice], 
    [Project1].[MaxPrice] AS [MaxPrice], 
    [Project1].[MinPrice] AS [MinPrice], 
    [Project1].[LastModified] AS [LastModified], 
    [Project1].[Date] AS [Date], 
    [Project1].[LimitUpCount] AS [LimitUpCount], 
    [Project1].[LimitDownCount] AS [LimitDownCount], 
    [Project1].[LimitUpBombCount] AS [LimitUpBombCount], 
    [Project1].[LimitDownBombCount] AS [LimitDownBombCount], 
    [Project1].[PriceType] AS [PriceType], 
    [Project1].[LimitUpPrice] AS [LimitUpPrice], 
    [Project1].[LimitDownPrice] AS [LimitDownPrice], 
    [Project1].[TriPriceType] AS [TriPriceType], 
    [Project1].[TriLimitUpCount] AS [TriLimitUpCount], 
    [Project1].[TriLimitDownCount] AS [TriLimitDownCount], 
    [Project1].[TriLimitUpBombCount] AS [TriLimitUpBombCount], 
    [Project1].[TriLimitDownBombCount] AS [TriLimitDownBombCount], 
    [Project1].[TotalAmount] AS [TotalAmount], 
    [Project1].[TotalCount] AS [TotalCount]
    FROM ( SELECT 
        [Extent1].[Id] AS [Id], 
        [Extent1].[Market] AS [Market], 
        [Extent1].[SharesCode] AS [SharesCode], 
        [Extent1].[PresentPrice] AS [PresentPrice], 
        [Extent1].[ClosedPrice] AS [ClosedPrice], 
        [Extent1].[OpenedPrice] AS [OpenedPrice], 
        [Extent1].[MaxPrice] AS [MaxPrice], 
        [Extent1].[MinPrice] AS [MinPrice], 
        [Extent1].[LimitUpPrice] AS [LimitUpPrice], 
        [Extent1].[LimitDownPrice] AS [LimitDownPrice], 
        [Extent1].[LastModified] AS [LastModified], 
        [Extent1].[Date] AS [Date], 
        [Extent1].[LimitUpCount] AS [LimitUpCount], 
        [Extent1].[LimitDownCount] AS [LimitDownCount], 
        [Extent1].[LimitUpBombCount] AS [LimitUpBombCount], 
        [Extent1].[LimitDownBombCount] AS [LimitDownBombCount], 
        [Extent1].[TriLimitUpCount] AS [TriLimitUpCount], 
        [Extent1].[TriLimitDownCount] AS [TriLimitDownCount], 
        [Extent1].[TriLimitUpBombCount] AS [TriLimitUpBombCount], 
        [Extent1].[TriLimitDownBombCount] AS [TriLimitDownBombCount], 
        [Extent1].[PriceType] AS [PriceType], 
        [Extent1].[TriPriceType] AS [TriPriceType], 
        [Extent1].[TotalAmount] AS [TotalAmount], 
        [Extent1].[TotalCount] AS [TotalCount]
        FROM [dbo].[t_shares_quotes_date] AS [Extent1]
        WHERE ([Extent1].[SharesCode] = @p__linq__0) AND ([Extent1].[Market] = @p__linq__1) AND ([Extent1].[LastModified] > @p__linq__2)
    )  AS [Project1]
    ORDER BY [Project1].[Date] ASC


2021/6/2 19:08:35
SELECT 
    [Project1].[Id] AS [Id], 
    [Project1].[Market] AS [Market], 
    [Project1].[SharesCode] AS [SharesCode], 
    [Project1].[PresentPrice] AS [PresentPrice], 
    [Project1].[ClosedPrice] AS [ClosedPrice], 
    [Project1].[OpenedPrice] AS [OpenedPrice], 
    [Project1].[MaxPrice] AS [MaxPrice], 
    [Project1].[MinPrice] AS [MinPrice], 
    [Project1].[LastModified] AS [LastModified], 
    [Project1].[Date] AS [Date], 
    [Project1].[LimitUpCount] AS [LimitUpCount], 
    [Project1].[LimitDownCount] AS [LimitDownCount], 
    [Project1].[LimitUpBombCount] AS [LimitUpBombCount], 
    [Project1].[LimitDownBombCount] AS [LimitDownBombCount], 
    [Project1].[PriceType] AS [PriceType], 
    [Project1].[LimitUpPrice] AS [LimitUpPrice], 
    [Project1].[LimitDownPrice] AS [LimitDownPrice], 
    [Project1].[TriPriceType] AS [TriPriceType], 
    [Project1].[TriLimitUpCount] AS [TriLimitUpCount], 
    [Project1].[TriLimitDownCount] AS [TriLimitDownCount], 
    [Project1].[TriLimitUpBombCount] AS [TriLimitUpBombCount], 
    [Project1].[TriLimitDownBombCount] AS [TriLimitDownBombCount], 
    [Project1].[TotalAmount] AS [TotalAmount], 
    [Project1].[TotalCount] AS [TotalCount]
    FROM ( SELECT 
        [Extent1].[Id] AS [Id], 
        [Extent1].[Market] AS [Market], 
        [Extent1].[SharesCode] AS [SharesCode], 
        [Extent1].[PresentPrice] AS [PresentPrice], 
        [Extent1].[ClosedPrice] AS [ClosedPrice], 
        [Extent1].[OpenedPrice] AS [OpenedPrice], 
        [Extent1].[MaxPrice] AS [MaxPrice], 
        [Extent1].[MinPrice] AS [MinPrice], 
        [Extent1].[LimitUpPrice] AS [LimitUpPrice], 
        [Extent1].[LimitDownPrice] AS [LimitDownPrice], 
        [Extent1].[LastModified] AS [LastModified], 
        [Extent1].[Date] AS [Date], 
        [Extent1].[LimitUpCount] AS [LimitUpCount], 
        [Extent1].[LimitDownCount] AS [LimitDownCount], 
        [Extent1].[LimitUpBombCount] AS [LimitUpBombCount], 
        [Extent1].[LimitDownBombCount] AS [LimitDownBombCount], 
        [Extent1].[TriLimitUpCount] AS [TriLimitUpCount], 
        [Extent1].[TriLimitDownCount] AS [TriLimitDownCount], 
        [Extent1].[TriLimitUpBombCount] AS [TriLimitUpBombCount], 
        [Extent1].[TriLimitDownBombCount] AS [TriLimitDownBombCount], 
        [Extent1].[PriceType] AS [PriceType], 
        [Extent1].[TriPriceType] AS [TriPriceType], 
        [Extent1].[TotalAmount] AS [TotalAmount], 
        [Extent1].[TotalCount] AS [TotalCount]
        FROM [dbo].[t_shares_quotes_date] AS [Extent1]
        WHERE ([Extent1].[SharesCode] = @p__linq__0) AND ([Extent1].[Market] = @p__linq__1) AND ([Extent1].[LastModified] > @p__linq__2)
    )  AS [Project1]
    ORDER BY [Project1].[Date] ASC


2021/6/2 19:08:35
SELECT 
    [Project1].[Id] AS [Id], 
    [Project1].[Market] AS [Market], 
    [Project1].[SharesCode] AS [SharesCode], 
    [Project1].[PresentPrice] AS [PresentPrice], 
    [Project1].[ClosedPrice] AS [ClosedPrice], 
    [Project1].[OpenedPrice] AS [OpenedPrice], 
    [Project1].[MaxPrice] AS [MaxPrice], 
    [Project1].[MinPrice] AS [MinPrice], 
    [Project1].[LastModified] AS [LastModified], 
    [Project1].[Date] AS [Date], 
    [Project1].[LimitUpCount] AS [LimitUpCount], 
    [Project1].[LimitDownCount] AS [LimitDownCount], 
    [Project1].[LimitUpBombCount] AS [LimitUpBombCount], 
    [Project1].[LimitDownBombCount] AS [LimitDownBombCount], 
    [Project1].[PriceType] AS [PriceType], 
    [Project1].[LimitUpPrice] AS [LimitUpPrice], 
    [Project1].[LimitDownPrice] AS [LimitDownPrice], 
    [Project1].[TriPriceType] AS [TriPriceType], 
    [Project1].[TriLimitUpCount] AS [TriLimitUpCount], 
    [Project1].[TriLimitDownCount] AS [TriLimitDownCount], 
    [Project1].[TriLimitUpBombCount] AS [TriLimitUpBombCount], 
    [Project1].[TriLimitDownBombCount] AS [TriLimitDownBombCount], 
    [Project1].[TotalAmount] AS [TotalAmount], 
    [Project1].[TotalCount] AS [TotalCount]
    FROM ( SELECT 
        [Extent1].[Id] AS [Id], 
        [Extent1].[Market] AS [Market], 
        [Extent1].[SharesCode] AS [SharesCode], 
        [Extent1].[PresentPrice] AS [PresentPrice], 
        [Extent1].[ClosedPrice] AS [ClosedPrice], 
        [Extent1].[OpenedPrice] AS [OpenedPrice], 
        [Extent1].[MaxPrice] AS [MaxPrice], 
        [Extent1].[MinPrice] AS [MinPrice], 
        [Extent1].[LimitUpPrice] AS [LimitUpPrice], 
        [Extent1].[LimitDownPrice] AS [LimitDownPrice], 
        [Extent1].[LastModified] AS [LastModified], 
        [Extent1].[Date] AS [Date], 
        [Extent1].[LimitUpCount] AS [LimitUpCount], 
        [Extent1].[LimitDownCount] AS [LimitDownCount], 
        [Extent1].[LimitUpBombCount] AS [LimitUpBombCount], 
        [Extent1].[LimitDownBombCount] AS [LimitDownBombCount], 
        [Extent1].[TriLimitUpCount] AS [TriLimitUpCount], 
        [Extent1].[TriLimitDownCount] AS [TriLimitDownCount], 
        [Extent1].[TriLimitUpBombCount] AS [TriLimitUpBombCount], 
        [Extent1].[TriLimitDownBombCount] AS [TriLimitDownBombCount], 
        [Extent1].[PriceType] AS [PriceType], 
        [Extent1].[TriPriceType] AS [TriPriceType], 
        [Extent1].[TotalAmount] AS [TotalAmount], 
        [Extent1].[TotalCount] AS [TotalCount]
        FROM [dbo].[t_shares_quotes_date] AS [Extent1]
        WHERE ([Extent1].[SharesCode] = @p__linq__0) AND ([Extent1].[Market] = @p__linq__1) AND ([Extent1].[LastModified] > @p__linq__2)
    )  AS [Project1]
    ORDER BY [Project1].[Date] ASC


2021/6/2 19:08:36
SELECT 
    [Project1].[Id] AS [Id], 
    [Project1].[Market] AS [Market], 
    [Project1].[SharesCode] AS [SharesCode], 
    [Project1].[PresentPrice] AS [PresentPrice], 
    [Project1].[ClosedPrice] AS [ClosedPrice], 
    [Project1].[OpenedPrice] AS [OpenedPrice], 
    [Project1].[MaxPrice] AS [MaxPrice], 
    [Project1].[MinPrice] AS [MinPrice], 
    [Project1].[LastModified] AS [LastModified], 
    [Project1].[Date] AS [Date], 
    [Project1].[LimitUpCount] AS [LimitUpCount], 
    [Project1].[LimitDownCount] AS [LimitDownCount], 
    [Project1].[LimitUpBombCount] AS [LimitUpBombCount], 
    [Project1].[LimitDownBombCount] AS [LimitDownBombCount], 
    [Project1].[PriceType] AS [PriceType], 
    [Project1].[LimitUpPrice] AS [LimitUpPrice], 
    [Project1].[LimitDownPrice] AS [LimitDownPrice], 
    [Project1].[TriPriceType] AS [TriPriceType], 
    [Project1].[TriLimitUpCount] AS [TriLimitUpCount], 
    [Project1].[TriLimitDownCount] AS [TriLimitDownCount], 
    [Project1].[TriLimitUpBombCount] AS [TriLimitUpBombCount], 
    [Project1].[TriLimitDownBombCount] AS [TriLimitDownBombCount], 
    [Project1].[TotalAmount] AS [TotalAmount], 
    [Project1].[TotalCount] AS [TotalCount]
    FROM ( SELECT 
        [Extent1].[Id] AS [Id], 
        [Extent1].[Market] AS [Market], 
        [Extent1].[SharesCode] AS [SharesCode], 
        [Extent1].[PresentPrice] AS [PresentPrice], 
        [Extent1].[ClosedPrice] AS [ClosedPrice], 
        [Extent1].[OpenedPrice] AS [OpenedPrice], 
        [Extent1].[MaxPrice] AS [MaxPrice], 
        [Extent1].[MinPrice] AS [MinPrice], 
        [Extent1].[LimitUpPrice] AS [LimitUpPrice], 
        [Extent1].[LimitDownPrice] AS [LimitDownPrice], 
        [Extent1].[LastModified] AS [LastModified], 
        [Extent1].[Date] AS [Date], 
        [Extent1].[LimitUpCount] AS [LimitUpCount], 
        [Extent1].[LimitDownCount] AS [LimitDownCount], 
        [Extent1].[LimitUpBombCount] AS [LimitUpBombCount], 
        [Extent1].[LimitDownBombCount] AS [LimitDownBombCount], 
        [Extent1].[TriLimitUpCount] AS [TriLimitUpCount], 
        [Extent1].[TriLimitDownCount] AS [TriLimitDownCount], 
        [Extent1].[TriLimitUpBombCount] AS [TriLimitUpBombCount], 
        [Extent1].[TriLimitDownBombCount] AS [TriLimitDownBombCount], 
        [Extent1].[PriceType] AS [PriceType], 
        [Extent1].[TriPriceType] AS [TriPriceType], 
        [Extent1].[TotalAmount] AS [TotalAmount], 
        [Extent1].[TotalCount] AS [TotalCount]
        FROM [dbo].[t_shares_quotes_date] AS [Extent1]
        WHERE ([Extent1].[SharesCode] = @p__linq__0) AND ([Extent1].[Market] = @p__linq__1) AND ([Extent1].[LastModified] > @p__linq__2)
    )  AS [Project1]
    ORDER BY [Project1].[Date] ASC


2021/6/2 19:08:36
SELECT 
    [Project1].[Id] AS [Id], 
    [Project1].[Market] AS [Market], 
    [Project1].[SharesCode] AS [SharesCode], 
    [Project1].[PresentPrice] AS [PresentPrice], 
    [Project1].[ClosedPrice] AS [ClosedPrice], 
    [Project1].[OpenedPrice] AS [OpenedPrice], 
    [Project1].[MaxPrice] AS [MaxPrice], 
    [Project1].[MinPrice] AS [MinPrice], 
    [Project1].[LastModified] AS [LastModified], 
    [Project1].[Date] AS [Date], 
    [Project1].[LimitUpCount] AS [LimitUpCount], 
    [Project1].[LimitDownCount] AS [LimitDownCount], 
    [Project1].[LimitUpBombCount] AS [LimitUpBombCount], 
    [Project1].[LimitDownBombCount] AS [LimitDownBombCount], 
    [Project1].[PriceType] AS [PriceType], 
    [Project1].[LimitUpPrice] AS [LimitUpPrice], 
    [Project1].[LimitDownPrice] AS [LimitDownPrice], 
    [Project1].[TriPriceType] AS [TriPriceType], 
    [Project1].[TriLimitUpCount] AS [TriLimitUpCount], 
    [Project1].[TriLimitDownCount] AS [TriLimitDownCount], 
    [Project1].[TriLimitUpBombCount] AS [TriLimitUpBombCount], 
    [Project1].[TriLimitDownBombCount] AS [TriLimitDownBombCount], 
    [Project1].[TotalAmount] AS [TotalAmount], 
    [Project1].[TotalCount] AS [TotalCount]
    FROM ( SELECT 
        [Extent1].[Id] AS [Id], 
        [Extent1].[Market] AS [Market], 
        [Extent1].[SharesCode] AS [SharesCode], 
        [Extent1].[PresentPrice] AS [PresentPrice], 
        [Extent1].[ClosedPrice] AS [ClosedPrice], 
        [Extent1].[OpenedPrice] AS [OpenedPrice], 
        [Extent1].[MaxPrice] AS [MaxPrice], 
        [Extent1].[MinPrice] AS [MinPrice], 
        [Extent1].[LimitUpPrice] AS [LimitUpPrice], 
        [Extent1].[LimitDownPrice] AS [LimitDownPrice], 
        [Extent1].[LastModified] AS [LastModified], 
        [Extent1].[Date] AS [Date], 
        [Extent1].[LimitUpCount] AS [LimitUpCount], 
        [Extent1].[LimitDownCount] AS [LimitDownCount], 
        [Extent1].[LimitUpBombCount] AS [LimitUpBombCount], 
        [Extent1].[LimitDownBombCount] AS [LimitDownBombCount], 
        [Extent1].[TriLimitUpCount] AS [TriLimitUpCount], 
        [Extent1].[TriLimitDownCount] AS [TriLimitDownCount], 
        [Extent1].[TriLimitUpBombCount] AS [TriLimitUpBombCount], 
        [Extent1].[TriLimitDownBombCount] AS [TriLimitDownBombCount], 
        [Extent1].[PriceType] AS [PriceType], 
        [Extent1].[TriPriceType] AS [TriPriceType], 
        [Extent1].[TotalAmount] AS [TotalAmount], 
        [Extent1].[TotalCount] AS [TotalCount]
        FROM [dbo].[t_shares_quotes_date] AS [Extent1]
        WHERE ([Extent1].[SharesCode] = @p__linq__0) AND ([Extent1].[Market] = @p__linq__1) AND ([Extent1].[LastModified] > @p__linq__2)
    )  AS [Project1]
    ORDER BY [Project1].[Date] ASC


2021/6/2 19:08:36
SELECT 
    [Project1].[Id] AS [Id], 
    [Project1].[Market] AS [Market], 
    [Project1].[SharesCode] AS [SharesCode], 
    [Project1].[PresentPrice] AS [PresentPrice], 
    [Project1].[ClosedPrice] AS [ClosedPrice], 
    [Project1].[OpenedPrice] AS [OpenedPrice], 
    [Project1].[MaxPrice] AS [MaxPrice], 
    [Project1].[MinPrice] AS [MinPrice], 
    [Project1].[LastModified] AS [LastModified], 
    [Project1].[Date] AS [Date], 
    [Project1].[LimitUpCount] AS [LimitUpCount], 
    [Project1].[LimitDownCount] AS [LimitDownCount], 
    [Project1].[LimitUpBombCount] AS [LimitUpBombCount], 
    [Project1].[LimitDownBombCount] AS [LimitDownBombCount], 
    [Project1].[PriceType] AS [PriceType], 
    [Project1].[LimitUpPrice] AS [LimitUpPrice], 
    [Project1].[LimitDownPrice] AS [LimitDownPrice], 
    [Project1].[TriPriceType] AS [TriPriceType], 
    [Project1].[TriLimitUpCount] AS [TriLimitUpCount], 
    [Project1].[TriLimitDownCount] AS [TriLimitDownCount], 
    [Project1].[TriLimitUpBombCount] AS [TriLimitUpBombCount], 
    [Project1].[TriLimitDownBombCount] AS [TriLimitDownBombCount], 
    [Project1].[TotalAmount] AS [TotalAmount], 
    [Project1].[TotalCount] AS [TotalCount]
    FROM ( SELECT 
        [Extent1].[Id] AS [Id], 
        [Extent1].[Market] AS [Market], 
        [Extent1].[SharesCode] AS [SharesCode], 
        [Extent1].[PresentPrice] AS [PresentPrice], 
        [Extent1].[ClosedPrice] AS [ClosedPrice], 
        [Extent1].[OpenedPrice] AS [OpenedPrice], 
        [Extent1].[MaxPrice] AS [MaxPrice], 
        [Extent1].[MinPrice] AS [MinPrice], 
        [Extent1].[LimitUpPrice] AS [LimitUpPrice], 
        [Extent1].[LimitDownPrice] AS [LimitDownPrice], 
        [Extent1].[LastModified] AS [LastModified], 
        [Extent1].[Date] AS [Date], 
        [Extent1].[LimitUpCount] AS [LimitUpCount], 
        [Extent1].[LimitDownCount] AS [LimitDownCount], 
        [Extent1].[LimitUpBombCount] AS [LimitUpBombCount], 
        [Extent1].[LimitDownBombCount] AS [LimitDownBombCount], 
        [Extent1].[TriLimitUpCount] AS [TriLimitUpCount], 
        [Extent1].[TriLimitDownCount] AS [TriLimitDownCount], 
        [Extent1].[TriLimitUpBombCount] AS [TriLimitUpBombCount], 
        [Extent1].[TriLimitDownBombCount] AS [TriLimitDownBombCount], 
        [Extent1].[PriceType] AS [PriceType], 
        [Extent1].[TriPriceType] AS [TriPriceType], 
        [Extent1].[TotalAmount] AS [TotalAmount], 
        [Extent1].[TotalCount] AS [TotalCount]
        FROM [dbo].[t_shares_quotes_date] AS [Extent1]
        WHERE ([Extent1].[SharesCode] = @p__linq__0) AND ([Extent1].[Market] = @p__linq__1) AND ([Extent1].[LastModified] > @p__linq__2)
    )  AS [Project1]
    ORDER BY [Project1].[Date] ASC


2021/6/2 19:08:36
SELECT 
    [Project1].[Id] AS [Id], 
    [Project1].[Market] AS [Market], 
    [Project1].[SharesCode] AS [SharesCode], 
    [Project1].[PresentPrice] AS [PresentPrice], 
    [Project1].[ClosedPrice] AS [ClosedPrice], 
    [Project1].[OpenedPrice] AS [OpenedPrice], 
    [Project1].[MaxPrice] AS [MaxPrice], 
    [Project1].[MinPrice] AS [MinPrice], 
    [Project1].[LastModified] AS [LastModified], 
    [Project1].[Date] AS [Date], 
    [Project1].[LimitUpCount] AS [LimitUpCount], 
    [Project1].[LimitDownCount] AS [LimitDownCount], 
    [Project1].[LimitUpBombCount] AS [LimitUpBombCount], 
    [Project1].[LimitDownBombCount] AS [LimitDownBombCount], 
    [Project1].[PriceType] AS [PriceType], 
    [Project1].[LimitUpPrice] AS [LimitUpPrice], 
    [Project1].[LimitDownPrice] AS [LimitDownPrice], 
    [Project1].[TriPriceType] AS [TriPriceType], 
    [Project1].[TriLimitUpCount] AS [TriLimitUpCount], 
    [Project1].[TriLimitDownCount] AS [TriLimitDownCount], 
    [Project1].[TriLimitUpBombCount] AS [TriLimitUpBombCount], 
    [Project1].[TriLimitDownBombCount] AS [TriLimitDownBombCount], 
    [Project1].[TotalAmount] AS [TotalAmount], 
    [Project1].[TotalCount] AS [TotalCount]
    FROM ( SELECT 
        [Extent1].[Id] AS [Id], 
        [Extent1].[Market] AS [Market], 
        [Extent1].[SharesCode] AS [SharesCode], 
        [Extent1].[PresentPrice] AS [PresentPrice], 
        [Extent1].[ClosedPrice] AS [ClosedPrice], 
        [Extent1].[OpenedPrice] AS [OpenedPrice], 
        [Extent1].[MaxPrice] AS [MaxPrice], 
        [Extent1].[MinPrice] AS [MinPrice], 
        [Extent1].[LimitUpPrice] AS [LimitUpPrice], 
        [Extent1].[LimitDownPrice] AS [LimitDownPrice], 
        [Extent1].[LastModified] AS [LastModified], 
        [Extent1].[Date] AS [Date], 
        [Extent1].[LimitUpCount] AS [LimitUpCount], 
        [Extent1].[LimitDownCount] AS [LimitDownCount], 
        [Extent1].[LimitUpBombCount] AS [LimitUpBombCount], 
        [Extent1].[LimitDownBombCount] AS [LimitDownBombCount], 
        [Extent1].[TriLimitUpCount] AS [TriLimitUpCount], 
        [Extent1].[TriLimitDownCount] AS [TriLimitDownCount], 
        [Extent1].[TriLimitUpBombCount] AS [TriLimitUpBombCount], 
        [Extent1].[TriLimitDownBombCount] AS [TriLimitDownBombCount], 
        [Extent1].[PriceType] AS [PriceType], 
        [Extent1].[TriPriceType] AS [TriPriceType], 
        [Extent1].[TotalAmount] AS [TotalAmount], 
        [Extent1].[TotalCount] AS [TotalCount]
        FROM [dbo].[t_shares_quotes_date] AS [Extent1]
        WHERE ([Extent1].[SharesCode] = @p__linq__0) AND ([Extent1].[Market] = @p__linq__1) AND ([Extent1].[LastModified] > @p__linq__2)
    )  AS [Project1]
    ORDER BY [Project1].[Date] ASC


2021/6/2 19:08:36
SELECT 
    [Project1].[Id] AS [Id], 
    [Project1].[Market] AS [Market], 
    [Project1].[SharesCode] AS [SharesCode], 
    [Project1].[PresentPrice] AS [PresentPrice], 
    [Project1].[ClosedPrice] AS [ClosedPrice], 
    [Project1].[OpenedPrice] AS [OpenedPrice], 
    [Project1].[MaxPrice] AS [MaxPrice], 
    [Project1].[MinPrice] AS [MinPrice], 
    [Project1].[LastModified] AS [LastModified], 
    [Project1].[Date] AS [Date], 
    [Project1].[LimitUpCount] AS [LimitUpCount], 
    [Project1].[LimitDownCount] AS [LimitDownCount], 
    [Project1].[LimitUpBombCount] AS [LimitUpBombCount], 
    [Project1].[LimitDownBombCount] AS [LimitDownBombCount], 
    [Project1].[PriceType] AS [PriceType], 
    [Project1].[LimitUpPrice] AS [LimitUpPrice], 
    [Project1].[LimitDownPrice] AS [LimitDownPrice], 
    [Project1].[TriPriceType] AS [TriPriceType], 
    [Project1].[TriLimitUpCount] AS [TriLimitUpCount], 
    [Project1].[TriLimitDownCount] AS [TriLimitDownCount], 
    [Project1].[TriLimitUpBombCount] AS [TriLimitUpBombCount], 
    [Project1].[TriLimitDownBombCount] AS [TriLimitDownBombCount], 
    [Project1].[TotalAmount] AS [TotalAmount], 
    [Project1].[TotalCount] AS [TotalCount]
    FROM ( SELECT 
        [Extent1].[Id] AS [Id], 
        [Extent1].[Market] AS [Market], 
        [Extent1].[SharesCode] AS [SharesCode], 
        [Extent1].[PresentPrice] AS [PresentPrice], 
        [Extent1].[ClosedPrice] AS [ClosedPrice], 
        [Extent1].[OpenedPrice] AS [OpenedPrice], 
        [Extent1].[MaxPrice] AS [MaxPrice], 
        [Extent1].[MinPrice] AS [MinPrice], 
        [Extent1].[LimitUpPrice] AS [LimitUpPrice], 
        [Extent1].[LimitDownPrice] AS [LimitDownPrice], 
        [Extent1].[LastModified] AS [LastModified], 
        [Extent1].[Date] AS [Date], 
        [Extent1].[LimitUpCount] AS [LimitUpCount], 
        [Extent1].[LimitDownCount] AS [LimitDownCount], 
        [Extent1].[LimitUpBombCount] AS [LimitUpBombCount], 
        [Extent1].[LimitDownBombCount] AS [LimitDownBombCount], 
        [Extent1].[TriLimitUpCount] AS [TriLimitUpCount], 
        [Extent1].[TriLimitDownCount] AS [TriLimitDownCount], 
        [Extent1].[TriLimitUpBombCount] AS [TriLimitUpBombCount], 
        [Extent1].[TriLimitDownBombCount] AS [TriLimitDownBombCount], 
        [Extent1].[PriceType] AS [PriceType], 
        [Extent1].[TriPriceType] AS [TriPriceType], 
        [Extent1].[TotalAmount] AS [TotalAmount], 
        [Extent1].[TotalCount] AS [TotalCount]
        FROM [dbo].[t_shares_quotes_date] AS [Extent1]
        WHERE ([Extent1].[SharesCode] = @p__linq__0) AND ([Extent1].[Market] = @p__linq__1) AND ([Extent1].[LastModified] > @p__linq__2)
    )  AS [Project1]
    ORDER BY [Project1].[Date] ASC


2021/6/2 19:08:36
SELECT 
    [Project1].[Id] AS [Id], 
    [Project1].[Market] AS [Market], 
    [Project1].[SharesCode] AS [SharesCode], 
    [Project1].[PresentPrice] AS [PresentPrice], 
    [Project1].[ClosedPrice] AS [ClosedPrice], 
    [Project1].[OpenedPrice] AS [OpenedPrice], 
    [Project1].[MaxPrice] AS [MaxPrice], 
    [Project1].[MinPrice] AS [MinPrice], 
    [Project1].[LastModified] AS [LastModified], 
    [Project1].[Date] AS [Date], 
    [Project1].[LimitUpCount] AS [LimitUpCount], 
    [Project1].[LimitDownCount] AS [LimitDownCount], 
    [Project1].[LimitUpBombCount] AS [LimitUpBombCount], 
    [Project1].[LimitDownBombCount] AS [LimitDownBombCount], 
    [Project1].[PriceType] AS [PriceType], 
    [Project1].[LimitUpPrice] AS [LimitUpPrice], 
    [Project1].[LimitDownPrice] AS [LimitDownPrice], 
    [Project1].[TriPriceType] AS [TriPriceType], 
    [Project1].[TriLimitUpCount] AS [TriLimitUpCount], 
    [Project1].[TriLimitDownCount] AS [TriLimitDownCount], 
    [Project1].[TriLimitUpBombCount] AS [TriLimitUpBombCount], 
    [Project1].[TriLimitDownBombCount] AS [TriLimitDownBombCount], 
    [Project1].[TotalAmount] AS [TotalAmount], 
    [Project1].[TotalCount] AS [TotalCount]
    FROM ( SELECT 
        [Extent1].[Id] AS [Id], 
        [Extent1].[Market] AS [Market], 
        [Extent1].[SharesCode] AS [SharesCode], 
        [Extent1].[PresentPrice] AS [PresentPrice], 
        [Extent1].[ClosedPrice] AS [ClosedPrice], 
        [Extent1].[OpenedPrice] AS [OpenedPrice], 
        [Extent1].[MaxPrice] AS [MaxPrice], 
        [Extent1].[MinPrice] AS [MinPrice], 
        [Extent1].[LimitUpPrice] AS [LimitUpPrice], 
        [Extent1].[LimitDownPrice] AS [LimitDownPrice], 
        [Extent1].[LastModified] AS [LastModified], 
        [Extent1].[Date] AS [Date], 
        [Extent1].[LimitUpCount] AS [LimitUpCount], 
        [Extent1].[LimitDownCount] AS [LimitDownCount], 
        [Extent1].[LimitUpBombCount] AS [LimitUpBombCount], 
        [Extent1].[LimitDownBombCount] AS [LimitDownBombCount], 
        [Extent1].[TriLimitUpCount] AS [TriLimitUpCount], 
        [Extent1].[TriLimitDownCount] AS [TriLimitDownCount], 
        [Extent1].[TriLimitUpBombCount] AS [TriLimitUpBombCount], 
        [Extent1].[TriLimitDownBombCount] AS [TriLimitDownBombCount], 
        [Extent1].[PriceType] AS [PriceType], 
        [Extent1].[TriPriceType] AS [TriPriceType], 
        [Extent1].[TotalAmount] AS [TotalAmount], 
        [Extent1].[TotalCount] AS [TotalCount]
        FROM [dbo].[t_shares_quotes_date] AS [Extent1]
        WHERE ([Extent1].[SharesCode] = @p__linq__0) AND ([Extent1].[Market] = @p__linq__1) AND ([Extent1].[LastModified] > @p__linq__2)
    )  AS [Project1]
    ORDER BY [Project1].[Date] ASC


2021/6/2 19:08:36
SELECT 
    [Project1].[Id] AS [Id], 
    [Project1].[Market] AS [Market], 
    [Project1].[SharesCode] AS [SharesCode], 
    [Project1].[PresentPrice] AS [PresentPrice], 
    [Project1].[ClosedPrice] AS [ClosedPrice], 
    [Project1].[OpenedPrice] AS [OpenedPrice], 
    [Project1].[MaxPrice] AS [MaxPrice], 
    [Project1].[MinPrice] AS [MinPrice], 
    [Project1].[LastModified] AS [LastModified], 
    [Project1].[Date] AS [Date], 
    [Project1].[LimitUpCount] AS [LimitUpCount], 
    [Project1].[LimitDownCount] AS [LimitDownCount], 
    [Project1].[LimitUpBombCount] AS [LimitUpBombCount], 
    [Project1].[LimitDownBombCount] AS [LimitDownBombCount], 
    [Project1].[PriceType] AS [PriceType], 
    [Project1].[LimitUpPrice] AS [LimitUpPrice], 
    [Project1].[LimitDownPrice] AS [LimitDownPrice], 
    [Project1].[TriPriceType] AS [TriPriceType], 
    [Project1].[TriLimitUpCount] AS [TriLimitUpCount], 
    [Project1].[TriLimitDownCount] AS [TriLimitDownCount], 
    [Project1].[TriLimitUpBombCount] AS [TriLimitUpBombCount], 
    [Project1].[TriLimitDownBombCount] AS [TriLimitDownBombCount], 
    [Project1].[TotalAmount] AS [TotalAmount], 
    [Project1].[TotalCount] AS [TotalCount]
    FROM ( SELECT 
        [Extent1].[Id] AS [Id], 
        [Extent1].[Market] AS [Market], 
        [Extent1].[SharesCode] AS [SharesCode], 
        [Extent1].[PresentPrice] AS [PresentPrice], 
        [Extent1].[ClosedPrice] AS [ClosedPrice], 
        [Extent1].[OpenedPrice] AS [OpenedPrice], 
        [Extent1].[MaxPrice] AS [MaxPrice], 
        [Extent1].[MinPrice] AS [MinPrice], 
        [Extent1].[LimitUpPrice] AS [LimitUpPrice], 
        [Extent1].[LimitDownPrice] AS [LimitDownPrice], 
        [Extent1].[LastModified] AS [LastModified], 
        [Extent1].[Date] AS [Date], 
        [Extent1].[LimitUpCount] AS [LimitUpCount], 
        [Extent1].[LimitDownCount] AS [LimitDownCount], 
        [Extent1].[LimitUpBombCount] AS [LimitUpBombCount], 
        [Extent1].[LimitDownBombCount] AS [LimitDownBombCount], 
        [Extent1].[TriLimitUpCount] AS [TriLimitUpCount], 
        [Extent1].[TriLimitDownCount] AS [TriLimitDownCount], 
        [Extent1].[TriLimitUpBombCount] AS [TriLimitUpBombCount], 
        [Extent1].[TriLimitDownBombCount] AS [TriLimitDownBombCount], 
        [Extent1].[PriceType] AS [PriceType], 
        [Extent1].[TriPriceType] AS [TriPriceType], 
        [Extent1].[TotalAmount] AS [TotalAmount], 
        [Extent1].[TotalCount] AS [TotalCount]
        FROM [dbo].[t_shares_quotes_date] AS [Extent1]
        WHERE ([Extent1].[SharesCode] = @p__linq__0) AND ([Extent1].[Market] = @p__linq__1) AND ([Extent1].[LastModified] > @p__linq__2)
    )  AS [Project1]
    ORDER BY [Project1].[Date] ASC


2021/6/2 19:08:36
SELECT 
    [Project1].[Id] AS [Id], 
    [Project1].[Market] AS [Market], 
    [Project1].[SharesCode] AS [SharesCode], 
    [Project1].[PresentPrice] AS [PresentPrice], 
    [Project1].[ClosedPrice] AS [ClosedPrice], 
    [Project1].[OpenedPrice] AS [OpenedPrice], 
    [Project1].[MaxPrice] AS [MaxPrice], 
    [Project1].[MinPrice] AS [MinPrice], 
    [Project1].[LastModified] AS [LastModified], 
    [Project1].[Date] AS [Date], 
    [Project1].[LimitUpCount] AS [LimitUpCount], 
    [Project1].[LimitDownCount] AS [LimitDownCount], 
    [Project1].[LimitUpBombCount] AS [LimitUpBombCount], 
    [Project1].[LimitDownBombCount] AS [LimitDownBombCount], 
    [Project1].[PriceType] AS [PriceType], 
    [Project1].[LimitUpPrice] AS [LimitUpPrice], 
    [Project1].[LimitDownPrice] AS [LimitDownPrice], 
    [Project1].[TriPriceType] AS [TriPriceType], 
    [Project1].[TriLimitUpCount] AS [TriLimitUpCount], 
    [Project1].[TriLimitDownCount] AS [TriLimitDownCount], 
    [Project1].[TriLimitUpBombCount] AS [TriLimitUpBombCount], 
    [Project1].[TriLimitDownBombCount] AS [TriLimitDownBombCount], 
    [Project1].[TotalAmount] AS [TotalAmount], 
    [Project1].[TotalCount] AS [TotalCount]
    FROM ( SELECT 
        [Extent1].[Id] AS [Id], 
        [Extent1].[Market] AS [Market], 
        [Extent1].[SharesCode] AS [SharesCode], 
        [Extent1].[PresentPrice] AS [PresentPrice], 
        [Extent1].[ClosedPrice] AS [ClosedPrice], 
        [Extent1].[OpenedPrice] AS [OpenedPrice], 
        [Extent1].[MaxPrice] AS [MaxPrice], 
        [Extent1].[MinPrice] AS [MinPrice], 
        [Extent1].[LimitUpPrice] AS [LimitUpPrice], 
        [Extent1].[LimitDownPrice] AS [LimitDownPrice], 
        [Extent1].[LastModified] AS [LastModified], 
        [Extent1].[Date] AS [Date], 
        [Extent1].[LimitUpCount] AS [LimitUpCount], 
        [Extent1].[LimitDownCount] AS [LimitDownCount], 
        [Extent1].[LimitUpBombCount] AS [LimitUpBombCount], 
        [Extent1].[LimitDownBombCount] AS [LimitDownBombCount], 
        [Extent1].[TriLimitUpCount] AS [TriLimitUpCount], 
        [Extent1].[TriLimitDownCount] AS [TriLimitDownCount], 
        [Extent1].[TriLimitUpBombCount] AS [TriLimitUpBombCount], 
        [Extent1].[TriLimitDownBombCount] AS [TriLimitDownBombCount], 
        [Extent1].[PriceType] AS [PriceType], 
        [Extent1].[TriPriceType] AS [TriPriceType], 
        [Extent1].[TotalAmount] AS [TotalAmount], 
        [Extent1].[TotalCount] AS [TotalCount]
        FROM [dbo].[t_shares_quotes_date] AS [Extent1]
        WHERE ([Extent1].[SharesCode] = @p__linq__0) AND ([Extent1].[Market] = @p__linq__1) AND ([Extent1].[LastModified] > @p__linq__2)
    )  AS [Project1]
    ORDER BY [Project1].[Date] ASC


2021/6/2 19:08:36
SELECT 
    [Project1].[Id] AS [Id], 
    [Project1].[Market] AS [Market], 
    [Project1].[SharesCode] AS [SharesCode], 
    [Project1].[PresentPrice] AS [PresentPrice], 
    [Project1].[ClosedPrice] AS [ClosedPrice], 
    [Project1].[OpenedPrice] AS [OpenedPrice], 
    [Project1].[MaxPrice] AS [MaxPrice], 
    [Project1].[MinPrice] AS [MinPrice], 
    [Project1].[LastModified] AS [LastModified], 
    [Project1].[Date] AS [Date], 
    [Project1].[LimitUpCount] AS [LimitUpCount], 
    [Project1].[LimitDownCount] AS [LimitDownCount], 
    [Project1].[LimitUpBombCount] AS [LimitUpBombCount], 
    [Project1].[LimitDownBombCount] AS [LimitDownBombCount], 
    [Project1].[PriceType] AS [PriceType], 
    [Project1].[LimitUpPrice] AS [LimitUpPrice], 
    [Project1].[LimitDownPrice] AS [LimitDownPrice], 
    [Project1].[TriPriceType] AS [TriPriceType], 
    [Project1].[TriLimitUpCount] AS [TriLimitUpCount], 
    [Project1].[TriLimitDownCount] AS [TriLimitDownCount], 
    [Project1].[TriLimitUpBombCount] AS [TriLimitUpBombCount], 
    [Project1].[TriLimitDownBombCount] AS [TriLimitDownBombCount], 
    [Project1].[TotalAmount] AS [TotalAmount], 
    [Project1].[TotalCount] AS [TotalCount]
    FROM ( SELECT 
        [Extent1].[Id] AS [Id], 
        [Extent1].[Market] AS [Market], 
        [Extent1].[SharesCode] AS [SharesCode], 
        [Extent1].[PresentPrice] AS [PresentPrice], 
        [Extent1].[ClosedPrice] AS [ClosedPrice], 
        [Extent1].[OpenedPrice] AS [OpenedPrice], 
        [Extent1].[MaxPrice] AS [MaxPrice], 
        [Extent1].[MinPrice] AS [MinPrice], 
        [Extent1].[LimitUpPrice] AS [LimitUpPrice], 
        [Extent1].[LimitDownPrice] AS [LimitDownPrice], 
        [Extent1].[LastModified] AS [LastModified], 
        [Extent1].[Date] AS [Date], 
        [Extent1].[LimitUpCount] AS [LimitUpCount], 
        [Extent1].[LimitDownCount] AS [LimitDownCount], 
        [Extent1].[LimitUpBombCount] AS [LimitUpBombCount], 
        [Extent1].[LimitDownBombCount] AS [LimitDownBombCount], 
        [Extent1].[TriLimitUpCount] AS [TriLimitUpCount], 
        [Extent1].[TriLimitDownCount] AS [TriLimitDownCount], 
        [Extent1].[TriLimitUpBombCount] AS [TriLimitUpBombCount], 
        [Extent1].[TriLimitDownBombCount] AS [TriLimitDownBombCount], 
        [Extent1].[PriceType] AS [PriceType], 
        [Extent1].[TriPriceType] AS [TriPriceType], 
        [Extent1].[TotalAmount] AS [TotalAmount], 
        [Extent1].[TotalCount] AS [TotalCount]
        FROM [dbo].[t_shares_quotes_date] AS [Extent1]
        WHERE ([Extent1].[SharesCode] = @p__linq__0) AND ([Extent1].[Market] = @p__linq__1) AND ([Extent1].[LastModified] > @p__linq__2)
    )  AS [Project1]
    ORDER BY [Project1].[Date] ASC


2021/6/2 19:08:36
SELECT 
    [Project1].[Id] AS [Id], 
    [Project1].[Market] AS [Market], 
    [Project1].[SharesCode] AS [SharesCode], 
    [Project1].[PresentPrice] AS [PresentPrice], 
    [Project1].[ClosedPrice] AS [ClosedPrice], 
    [Project1].[OpenedPrice] AS [OpenedPrice], 
    [Project1].[MaxPrice] AS [MaxPrice], 
    [Project1].[MinPrice] AS [MinPrice], 
    [Project1].[LastModified] AS [LastModified], 
    [Project1].[Date] AS [Date], 
    [Project1].[LimitUpCount] AS [LimitUpCount], 
    [Project1].[LimitDownCount] AS [LimitDownCount], 
    [Project1].[LimitUpBombCount] AS [LimitUpBombCount], 
    [Project1].[LimitDownBombCount] AS [LimitDownBombCount], 
    [Project1].[PriceType] AS [PriceType], 
    [Project1].[LimitUpPrice] AS [LimitUpPrice], 
    [Project1].[LimitDownPrice] AS [LimitDownPrice], 
    [Project1].[TriPriceType] AS [TriPriceType], 
    [Project1].[TriLimitUpCount] AS [TriLimitUpCount], 
    [Project1].[TriLimitDownCount] AS [TriLimitDownCount], 
    [Project1].[TriLimitUpBombCount] AS [TriLimitUpBombCount], 
    [Project1].[TriLimitDownBombCount] AS [TriLimitDownBombCount], 
    [Project1].[TotalAmount] AS [TotalAmount], 
    [Project1].[TotalCount] AS [TotalCount]
    FROM ( SELECT 
        [Extent1].[Id] AS [Id], 
        [Extent1].[Market] AS [Market], 
        [Extent1].[SharesCode] AS [SharesCode], 
        [Extent1].[PresentPrice] AS [PresentPrice], 
        [Extent1].[ClosedPrice] AS [ClosedPrice], 
        [Extent1].[OpenedPrice] AS [OpenedPrice], 
        [Extent1].[MaxPrice] AS [MaxPrice], 
        [Extent1].[MinPrice] AS [MinPrice], 
        [Extent1].[LimitUpPrice] AS [LimitUpPrice], 
        [Extent1].[LimitDownPrice] AS [LimitDownPrice], 
        [Extent1].[LastModified] AS [LastModified], 
        [Extent1].[Date] AS [Date], 
        [Extent1].[LimitUpCount] AS [LimitUpCount], 
        [Extent1].[LimitDownCount] AS [LimitDownCount], 
        [Extent1].[LimitUpBombCount] AS [LimitUpBombCount], 
        [Extent1].[LimitDownBombCount] AS [LimitDownBombCount], 
        [Extent1].[TriLimitUpCount] AS [TriLimitUpCount], 
        [Extent1].[TriLimitDownCount] AS [TriLimitDownCount], 
        [Extent1].[TriLimitUpBombCount] AS [TriLimitUpBombCount], 
        [Extent1].[TriLimitDownBombCount] AS [TriLimitDownBombCount], 
        [Extent1].[PriceType] AS [PriceType], 
        [Extent1].[TriPriceType] AS [TriPriceType], 
        [Extent1].[TotalAmount] AS [TotalAmount], 
        [Extent1].[TotalCount] AS [TotalCount]
        FROM [dbo].[t_shares_quotes_date] AS [Extent1]
        WHERE ([Extent1].[SharesCode] = @p__linq__0) AND ([Extent1].[Market] = @p__linq__1) AND ([Extent1].[LastModified] > @p__linq__2)
    )  AS [Project1]
    ORDER BY [Project1].[Date] ASC


2021/6/2 19:08:36
SELECT 
    [Project1].[Id] AS [Id], 
    [Project1].[Market] AS [Market], 
    [Project1].[SharesCode] AS [SharesCode], 
    [Project1].[PresentPrice] AS [PresentPrice], 
    [Project1].[ClosedPrice] AS [ClosedPrice], 
    [Project1].[OpenedPrice] AS [OpenedPrice], 
    [Project1].[MaxPrice] AS [MaxPrice], 
    [Project1].[MinPrice] AS [MinPrice], 
    [Project1].[LastModified] AS [LastModified], 
    [Project1].[Date] AS [Date], 
    [Project1].[LimitUpCount] AS [LimitUpCount], 
    [Project1].[LimitDownCount] AS [LimitDownCount], 
    [Project1].[LimitUpBombCount] AS [LimitUpBombCount], 
    [Project1].[LimitDownBombCount] AS [LimitDownBombCount], 
    [Project1].[PriceType] AS [PriceType], 
    [Project1].[LimitUpPrice] AS [LimitUpPrice], 
    [Project1].[LimitDownPrice] AS [LimitDownPrice], 
    [Project1].[TriPriceType] AS [TriPriceType], 
    [Project1].[TriLimitUpCount] AS [TriLimitUpCount], 
    [Project1].[TriLimitDownCount] AS [TriLimitDownCount], 
    [Project1].[TriLimitUpBombCount] AS [TriLimitUpBombCount], 
    [Project1].[TriLimitDownBombCount] AS [TriLimitDownBombCount], 
    [Project1].[TotalAmount] AS [TotalAmount], 
    [Project1].[TotalCount] AS [TotalCount]
    FROM ( SELECT 
        [Extent1].[Id] AS [Id], 
        [Extent1].[Market] AS [Market], 
        [Extent1].[SharesCode] AS [SharesCode], 
        [Extent1].[PresentPrice] AS [PresentPrice], 
        [Extent1].[ClosedPrice] AS [ClosedPrice], 
        [Extent1].[OpenedPrice] AS [OpenedPrice], 
        [Extent1].[MaxPrice] AS [MaxPrice], 
        [Extent1].[MinPrice] AS [MinPrice], 
        [Extent1].[LimitUpPrice] AS [LimitUpPrice], 
        [Extent1].[LimitDownPrice] AS [LimitDownPrice], 
        [Extent1].[LastModified] AS [LastModified], 
        [Extent1].[Date] AS [Date], 
        [Extent1].[LimitUpCount] AS [LimitUpCount], 
        [Extent1].[LimitDownCount] AS [LimitDownCount], 
        [Extent1].[LimitUpBombCount] AS [LimitUpBombCount], 
        [Extent1].[LimitDownBombCount] AS [LimitDownBombCount], 
        [Extent1].[TriLimitUpCount] AS [TriLimitUpCount], 
        [Extent1].[TriLimitDownCount] AS [TriLimitDownCount], 
        [Extent1].[TriLimitUpBombCount] AS [TriLimitUpBombCount], 
        [Extent1].[TriLimitDownBombCount] AS [TriLimitDownBombCount], 
        [Extent1].[PriceType] AS [PriceType], 
        [Extent1].[TriPriceType] AS [TriPriceType], 
        [Extent1].[TotalAmount] AS [TotalAmount], 
        [Extent1].[TotalCount] AS [TotalCount]
        FROM [dbo].[t_shares_quotes_date] AS [Extent1]
        WHERE ([Extent1].[SharesCode] = @p__linq__0) AND ([Extent1].[Market] = @p__linq__1) AND ([Extent1].[LastModified] > @p__linq__2)
    )  AS [Project1]
    ORDER BY [Project1].[Date] ASC


2021/6/2 19:08:36
SELECT 
    [Project1].[Id] AS [Id], 
    [Project1].[Market] AS [Market], 
    [Project1].[SharesCode] AS [SharesCode], 
    [Project1].[PresentPrice] AS [PresentPrice], 
    [Project1].[ClosedPrice] AS [ClosedPrice], 
    [Project1].[OpenedPrice] AS [OpenedPrice], 
    [Project1].[MaxPrice] AS [MaxPrice], 
    [Project1].[MinPrice] AS [MinPrice], 
    [Project1].[LastModified] AS [LastModified], 
    [Project1].[Date] AS [Date], 
    [Project1].[LimitUpCount] AS [LimitUpCount], 
    [Project1].[LimitDownCount] AS [LimitDownCount], 
    [Project1].[LimitUpBombCount] AS [LimitUpBombCount], 
    [Project1].[LimitDownBombCount] AS [LimitDownBombCount], 
    [Project1].[PriceType] AS [PriceType], 
    [Project1].[LimitUpPrice] AS [LimitUpPrice], 
    [Project1].[LimitDownPrice] AS [LimitDownPrice], 
    [Project1].[TriPriceType] AS [TriPriceType], 
    [Project1].[TriLimitUpCount] AS [TriLimitUpCount], 
    [Project1].[TriLimitDownCount] AS [TriLimitDownCount], 
    [Project1].[TriLimitUpBombCount] AS [TriLimitUpBombCount], 
    [Project1].[TriLimitDownBombCount] AS [TriLimitDownBombCount], 
    [Project1].[TotalAmount] AS [TotalAmount], 
    [Project1].[TotalCount] AS [TotalCount]
    FROM ( SELECT 
        [Extent1].[Id] AS [Id], 
        [Extent1].[Market] AS [Market], 
        [Extent1].[SharesCode] AS [SharesCode], 
        [Extent1].[PresentPrice] AS [PresentPrice], 
        [Extent1].[ClosedPrice] AS [ClosedPrice], 
        [Extent1].[OpenedPrice] AS [OpenedPrice], 
        [Extent1].[MaxPrice] AS [MaxPrice], 
        [Extent1].[MinPrice] AS [MinPrice], 
        [Extent1].[LimitUpPrice] AS [LimitUpPrice], 
        [Extent1].[LimitDownPrice] AS [LimitDownPrice], 
        [Extent1].[LastModified] AS [LastModified], 
        [Extent1].[Date] AS [Date], 
        [Extent1].[LimitUpCount] AS [LimitUpCount], 
        [Extent1].[LimitDownCount] AS [LimitDownCount], 
        [Extent1].[LimitUpBombCount] AS [LimitUpBombCount], 
        [Extent1].[LimitDownBombCount] AS [LimitDownBombCount], 
        [Extent1].[TriLimitUpCount] AS [TriLimitUpCount], 
        [Extent1].[TriLimitDownCount] AS [TriLimitDownCount], 
        [Extent1].[TriLimitUpBombCount] AS [TriLimitUpBombCount], 
        [Extent1].[TriLimitDownBombCount] AS [TriLimitDownBombCount], 
        [Extent1].[PriceType] AS [PriceType], 
        [Extent1].[TriPriceType] AS [TriPriceType], 
        [Extent1].[TotalAmount] AS [TotalAmount], 
        [Extent1].[TotalCount] AS [TotalCount]
        FROM [dbo].[t_shares_quotes_date] AS [Extent1]
        WHERE ([Extent1].[SharesCode] = @p__linq__0) AND ([Extent1].[Market] = @p__linq__1) AND ([Extent1].[LastModified] > @p__linq__2)
    )  AS [Project1]
    ORDER BY [Project1].[Date] ASC


2021/6/2 19:08:36
SELECT 
    [Project1].[Id] AS [Id], 
    [Project1].[Market] AS [Market], 
    [Project1].[SharesCode] AS [SharesCode], 
    [Project1].[PresentPrice] AS [PresentPrice], 
    [Project1].[ClosedPrice] AS [ClosedPrice], 
    [Project1].[OpenedPrice] AS [OpenedPrice], 
    [Project1].[MaxPrice] AS [MaxPrice], 
    [Project1].[MinPrice] AS [MinPrice], 
    [Project1].[LastModified] AS [LastModified], 
    [Project1].[Date] AS [Date], 
    [Project1].[LimitUpCount] AS [LimitUpCount], 
    [Project1].[LimitDownCount] AS [LimitDownCount], 
    [Project1].[LimitUpBombCount] AS [LimitUpBombCount], 
    [Project1].[LimitDownBombCount] AS [LimitDownBombCount], 
    [Project1].[PriceType] AS [PriceType], 
    [Project1].[LimitUpPrice] AS [LimitUpPrice], 
    [Project1].[LimitDownPrice] AS [LimitDownPrice], 
    [Project1].[TriPriceType] AS [TriPriceType], 
    [Project1].[TriLimitUpCount] AS [TriLimitUpCount], 
    [Project1].[TriLimitDownCount] AS [TriLimitDownCount], 
    [Project1].[TriLimitUpBombCount] AS [TriLimitUpBombCount], 
    [Project1].[TriLimitDownBombCount] AS [TriLimitDownBombCount], 
    [Project1].[TotalAmount] AS [TotalAmount], 
    [Project1].[TotalCount] AS [TotalCount]
    FROM ( SELECT 
        [Extent1].[Id] AS [Id], 
        [Extent1].[Market] AS [Market], 
        [Extent1].[SharesCode] AS [SharesCode], 
        [Extent1].[PresentPrice] AS [PresentPrice], 
        [Extent1].[ClosedPrice] AS [ClosedPrice], 
        [Extent1].[OpenedPrice] AS [OpenedPrice], 
        [Extent1].[MaxPrice] AS [MaxPrice], 
        [Extent1].[MinPrice] AS [MinPrice], 
        [Extent1].[LimitUpPrice] AS [LimitUpPrice], 
        [Extent1].[LimitDownPrice] AS [LimitDownPrice], 
        [Extent1].[LastModified] AS [LastModified], 
        [Extent1].[Date] AS [Date], 
        [Extent1].[LimitUpCount] AS [LimitUpCount], 
        [Extent1].[LimitDownCount] AS [LimitDownCount], 
        [Extent1].[LimitUpBombCount] AS [LimitUpBombCount], 
        [Extent1].[LimitDownBombCount] AS [LimitDownBombCount], 
        [Extent1].[TriLimitUpCount] AS [TriLimitUpCount], 
        [Extent1].[TriLimitDownCount] AS [TriLimitDownCount], 
        [Extent1].[TriLimitUpBombCount] AS [TriLimitUpBombCount], 
        [Extent1].[TriLimitDownBombCount] AS [TriLimitDownBombCount], 
        [Extent1].[PriceType] AS [PriceType], 
        [Extent1].[TriPriceType] AS [TriPriceType], 
        [Extent1].[TotalAmount] AS [TotalAmount], 
        [Extent1].[TotalCount] AS [TotalCount]
        FROM [dbo].[t_shares_quotes_date] AS [Extent1]
        WHERE ([Extent1].[SharesCode] = @p__linq__0) AND ([Extent1].[Market] = @p__linq__1) AND ([Extent1].[LastModified] > @p__linq__2)
    )  AS [Project1]
    ORDER BY [Project1].[Date] ASC


