2021/11/11 11:28:50
监听队列已链接


2021/11/11 11:28:55
监听队列已链接


2021/11/11 11:30:52
SharesBaseSession缓存加载失败
System.ComponentModel.Win32Exception (0x80004005): 等待的操作过时。

2021/11/11 11:31:26
SharesQuotesSession缓存加载失败
System.ComponentModel.Win32Exception (0x80004005): 等待的操作过时。

2021/11/11 11:32:23
AccountRiseLimitTriSession缓存加载失败
System.ComponentModel.Win32Exception (0x80004005): 等待的操作过时。

2021/11/11 11:33:02
SharesPlateQuotesSession缓存加载失败
System.ComponentModel.Win32Exception (0x80004005): 等待的操作过时。

2021/11/11 11:33:44
SharesQuotesSession缓存加载失败
System.ComponentModel.Win32Exception (0x80004005): 等待的操作过时。

2021/11/11 11:34:37
监控搜索出错
System.NullReferenceException: 未将对象引用设置到对象的实例。
   在 MealTicket_Web_Handler.TrendHandler.GetEligibleSharesBatch(List`1 searchInfo) 位置 F:\项目\饭票后端\MealTicket_Web_Handler\TrendHandler.cs:行号 20830
   在 MealTicket_Web_Handler.Runner.RunnerHelper.SearchMonitor() 位置 F:\项目\饭票后端\MealTicket_Web_Handler\Runner\RunnerHelper.cs:行号 3995
   在 MealTicket_Web_APIService.runner.SearchMonitorRunner.Execute() 位置 F:\项目\饭票后端\MealTicket_Web_APIService\runner\SearchMonitorRunner.cs:行号 35

2021/11/11 11:34:56
监控搜索出错
System.NullReferenceException: 未将对象引用设置到对象的实例。
   在 MealTicket_Web_Handler.TrendHandler.GetEligibleSharesBatch(List`1 searchInfo) 位置 F:\项目\饭票后端\MealTicket_Web_Handler\TrendHandler.cs:行号 20830
   在 MealTicket_Web_Handler.Runner.RunnerHelper.SearchMonitor() 位置 F:\项目\饭票后端\MealTicket_Web_Handler\Runner\RunnerHelper.cs:行号 3995
   在 MealTicket_Web_APIService.runner.SearchMonitorRunner.Execute() 位置 F:\项目\饭票后端\MealTicket_Web_APIService\runner\SearchMonitorRunner.cs:行号 35

2021/11/11 11:34:56
账号未登录,请先登录
MealTicket_Web_Handler.Model.WebApiException: 账号未登录,请先登录
   在 MealTicket_Web_Handler.AuthorityHandler.CheckAccountLogin(String userToken, HeadBase baseData) 位置 F:\项目\饭票后端\MealTicket_Web_Handler\AuthorityHandler.cs:行号 56
   在 MealTicket_Web_APIService.Filter.CheckUserLoginFilter.OnActionExecuting(HttpActionContext actionContext) 位置 F:\项目\饭票后端\MealTicket_Web_APIService\filter\CheckUserLoginFilter.cs:行号 31
   在 System.Web.Http.Filters.ActionFilterAttribute.OnActionExecutingAsync(HttpActionContext actionContext, CancellationToken cancellationToken)
--- 引发异常的上一位置中堆栈跟踪的末尾 ---
   在 System.Runtime.CompilerServices.TaskAwaiter.ThrowForNonSuccess(Task task)
   在 System.Runtime.CompilerServices.TaskAwaiter.HandleNonSuccessAndDebuggerNotification(Task task)
   在 System.Web.Http.Filters.ActionFilterAttribute.<ExecuteActionFilterAsyncCore>d__5.MoveNext()
--- 引发异常的上一位置中堆栈跟踪的末尾 ---
   在 System.Runtime.CompilerServices.TaskAwaiter.ThrowForNonSuccess(Task task)
   在 System.Runtime.CompilerServices.TaskAwaiter.HandleNonSuccessAndDebuggerNotification(Task task)
   在 System.Web.Http.Filters.ActionFilterAttribute.<CallOnActionExecutedAsync>d__6.MoveNext()

2021/11/11 11:35:13
监控搜索出错
System.NullReferenceException: 未将对象引用设置到对象的实例。
   在 MealTicket_Web_Handler.TrendHandler.GetEligibleSharesBatch(List`1 searchInfo) 位置 F:\项目\饭票后端\MealTicket_Web_Handler\TrendHandler.cs:行号 20830
   在 MealTicket_Web_Handler.Runner.RunnerHelper.SearchMonitor() 位置 F:\项目\饭票后端\MealTicket_Web_Handler\Runner\RunnerHelper.cs:行号 3995
   在 MealTicket_Web_APIService.runner.SearchMonitorRunner.Execute() 位置 F:\项目\饭票后端\MealTicket_Web_APIService\runner\SearchMonitorRunner.cs:行号 35

2021/11/11 11:35:52
监控搜索出错
System.NullReferenceException: 未将对象引用设置到对象的实例。
   在 MealTicket_Web_Handler.TrendHandler.GetEligibleSharesBatch(List`1 searchInfo) 位置 F:\项目\饭票后端\MealTicket_Web_Handler\TrendHandler.cs:行号 20830
   在 MealTicket_Web_Handler.Runner.RunnerHelper.SearchMonitor() 位置 F:\项目\饭票后端\MealTicket_Web_Handler\Runner\RunnerHelper.cs:行号 3995
   在 MealTicket_Web_APIService.runner.SearchMonitorRunner.Execute() 位置 F:\项目\饭票后端\MealTicket_Web_APIService\runner\SearchMonitorRunner.cs:行号 35

2021/11/11 11:36:04
账号未登录,请先登录
MealTicket_Web_Handler.Model.WebApiException: 账号未登录,请先登录
   在 MealTicket_Web_Handler.AuthorityHandler.CheckAccountLogin(String userToken, HeadBase baseData) 位置 F:\项目\饭票后端\MealTicket_Web_Handler\AuthorityHandler.cs:行号 56
   在 MealTicket_Web_APIService.Filter.CheckUserLoginFilter.OnActionExecuting(HttpActionContext actionContext) 位置 F:\项目\饭票后端\MealTicket_Web_APIService\filter\CheckUserLoginFilter.cs:行号 31
   在 System.Web.Http.Filters.ActionFilterAttribute.OnActionExecutingAsync(HttpActionContext actionContext, CancellationToken cancellationToken)
--- 引发异常的上一位置中堆栈跟踪的末尾 ---
   在 System.Runtime.CompilerServices.TaskAwaiter.ThrowForNonSuccess(Task task)
   在 System.Runtime.CompilerServices.TaskAwaiter.HandleNonSuccessAndDebuggerNotification(Task task)
   在 System.Web.Http.Filters.ActionFilterAttribute.<ExecuteActionFilterAsyncCore>d__5.MoveNext()
--- 引发异常的上一位置中堆栈跟踪的末尾 ---
   在 System.Runtime.CompilerServices.TaskAwaiter.ThrowForNonSuccess(Task task)
   在 System.Runtime.CompilerServices.TaskAwaiter.HandleNonSuccessAndDebuggerNotification(Task task)
   在 System.Web.Http.Filters.ActionFilterAttribute.<CallOnActionExecutedAsync>d__6.MoveNext()

2021/11/11 11:37:01
监控搜索出错
System.NullReferenceException: 未将对象引用设置到对象的实例。
   在 MealTicket_Web_Handler.TrendHandler.GetEligibleSharesBatch(List`1 searchInfo) 位置 F:\项目\饭票后端\MealTicket_Web_Handler\TrendHandler.cs:行号 20830
   在 MealTicket_Web_Handler.Runner.RunnerHelper.SearchMonitor() 位置 F:\项目\饭票后端\MealTicket_Web_Handler\Runner\RunnerHelper.cs:行号 3995
   在 MealTicket_Web_APIService.runner.SearchMonitorRunner.Execute() 位置 F:\项目\饭票后端\MealTicket_Web_APIService\runner\SearchMonitorRunner.cs:行号 35

2021/11/11 11:37:06
账号未登录,请先登录
MealTicket_Web_Handler.Model.WebApiException: 账号未登录,请先登录
   在 MealTicket_Web_Handler.AuthorityHandler.CheckAccountLogin(String userToken, HeadBase baseData) 位置 F:\项目\饭票后端\MealTicket_Web_Handler\AuthorityHandler.cs:行号 56
   在 MealTicket_Web_APIService.Filter.CheckUserLoginFilter.OnActionExecuting(HttpActionContext actionContext) 位置 F:\项目\饭票后端\MealTicket_Web_APIService\filter\CheckUserLoginFilter.cs:行号 31
   在 System.Web.Http.Filters.ActionFilterAttribute.OnActionExecutingAsync(HttpActionContext actionContext, CancellationToken cancellationToken)
--- 引发异常的上一位置中堆栈跟踪的末尾 ---
   在 System.Runtime.CompilerServices.TaskAwaiter.ThrowForNonSuccess(Task task)
   在 System.Runtime.CompilerServices.TaskAwaiter.HandleNonSuccessAndDebuggerNotification(Task task)
   在 System.Web.Http.Filters.ActionFilterAttribute.<ExecuteActionFilterAsyncCore>d__5.MoveNext()
--- 引发异常的上一位置中堆栈跟踪的末尾 ---
   在 System.Runtime.CompilerServices.TaskAwaiter.ThrowForNonSuccess(Task task)
   在 System.Runtime.CompilerServices.TaskAwaiter.HandleNonSuccessAndDebuggerNotification(Task task)
   在 System.Web.Http.Filters.ActionFilterAttribute.<CallOnActionExecutedAsync>d__6.MoveNext()

2021/11/11 11:37:22
监控搜索出错
System.NullReferenceException: 未将对象引用设置到对象的实例。
   在 MealTicket_Web_Handler.TrendHandler.GetEligibleSharesBatch(List`1 searchInfo) 位置 F:\项目\饭票后端\MealTicket_Web_Handler\TrendHandler.cs:行号 20830
   在 MealTicket_Web_Handler.Runner.RunnerHelper.SearchMonitor() 位置 F:\项目\饭票后端\MealTicket_Web_Handler\Runner\RunnerHelper.cs:行号 3995
   在 MealTicket_Web_APIService.runner.SearchMonitorRunner.Execute() 位置 F:\项目\饭票后端\MealTicket_Web_APIService\runner\SearchMonitorRunner.cs:行号 35

2021/11/11 11:37:29
账号未登录,请先登录
MealTicket_Web_Handler.Model.WebApiException: 账号未登录,请先登录
   在 MealTicket_Web_Handler.AuthorityHandler.CheckAccountLogin(String userToken, HeadBase baseData) 位置 F:\项目\饭票后端\MealTicket_Web_Handler\AuthorityHandler.cs:行号 56
   在 MealTicket_Web_APIService.Filter.CheckUserLoginFilter.OnActionExecuting(HttpActionContext actionContext) 位置 F:\项目\饭票后端\MealTicket_Web_APIService\filter\CheckUserLoginFilter.cs:行号 31
   在 System.Web.Http.Filters.ActionFilterAttribute.OnActionExecutingAsync(HttpActionContext actionContext, CancellationToken cancellationToken)
--- 引发异常的上一位置中堆栈跟踪的末尾 ---
   在 System.Runtime.CompilerServices.TaskAwaiter.ThrowForNonSuccess(Task task)
   在 System.Runtime.CompilerServices.TaskAwaiter.HandleNonSuccessAndDebuggerNotification(Task task)
   在 System.Web.Http.Filters.ActionFilterAttribute.<ExecuteActionFilterAsyncCore>d__5.MoveNext()
--- 引发异常的上一位置中堆栈跟踪的末尾 ---
   在 System.Runtime.CompilerServices.TaskAwaiter.ThrowForNonSuccess(Task task)
   在 System.Runtime.CompilerServices.TaskAwaiter.HandleNonSuccessAndDebuggerNotification(Task task)
   在 System.Web.Http.Filters.ActionFilterAttribute.<CallOnActionExecutedAsync>d__6.MoveNext()

2021/11/11 11:37:52
监控搜索出错
System.NullReferenceException: 未将对象引用设置到对象的实例。
   在 MealTicket_Web_Handler.TrendHandler.GetEligibleSharesBatch(List`1 searchInfo) 位置 F:\项目\饭票后端\MealTicket_Web_Handler\TrendHandler.cs:行号 20830
   在 MealTicket_Web_Handler.Runner.RunnerHelper.SearchMonitor() 位置 F:\项目\饭票后端\MealTicket_Web_Handler\Runner\RunnerHelper.cs:行号 3995
   在 MealTicket_Web_APIService.runner.SearchMonitorRunner.Execute() 位置 F:\项目\饭票后端\MealTicket_Web_APIService\runner\SearchMonitorRunner.cs:行号 35

2021/11/11 11:38:00
账号未登录,请先登录
MealTicket_Web_Handler.Model.WebApiException: 账号未登录,请先登录
   在 MealTicket_Web_Handler.AuthorityHandler.CheckAccountLogin(String userToken, HeadBase baseData) 位置 F:\项目\饭票后端\MealTicket_Web_Handler\AuthorityHandler.cs:行号 56
   在 MealTicket_Web_APIService.Filter.CheckUserLoginFilter.OnActionExecuting(HttpActionContext actionContext) 位置 F:\项目\饭票后端\MealTicket_Web_APIService\filter\CheckUserLoginFilter.cs:行号 31
   在 System.Web.Http.Filters.ActionFilterAttribute.OnActionExecutingAsync(HttpActionContext actionContext, CancellationToken cancellationToken)
--- 引发异常的上一位置中堆栈跟踪的末尾 ---
   在 System.Runtime.CompilerServices.TaskAwaiter.ThrowForNonSuccess(Task task)
   在 System.Runtime.CompilerServices.TaskAwaiter.HandleNonSuccessAndDebuggerNotification(Task task)
   在 System.Web.Http.Filters.ActionFilterAttribute.<ExecuteActionFilterAsyncCore>d__5.MoveNext()
--- 引发异常的上一位置中堆栈跟踪的末尾 ---
   在 System.Runtime.CompilerServices.TaskAwaiter.ThrowForNonSuccess(Task task)
   在 System.Runtime.CompilerServices.TaskAwaiter.HandleNonSuccessAndDebuggerNotification(Task task)
   在 System.Web.Http.Filters.ActionFilterAttribute.<CallOnActionExecutedAsync>d__6.MoveNext()

2021/11/11 11:38:11
监控搜索出错
System.NullReferenceException: 未将对象引用设置到对象的实例。
   在 MealTicket_Web_Handler.TrendHandler.GetEligibleSharesBatch(List`1 searchInfo) 位置 F:\项目\饭票后端\MealTicket_Web_Handler\TrendHandler.cs:行号 20830
   在 MealTicket_Web_Handler.Runner.RunnerHelper.SearchMonitor() 位置 F:\项目\饭票后端\MealTicket_Web_Handler\Runner\RunnerHelper.cs:行号 3995
   在 MealTicket_Web_APIService.runner.SearchMonitorRunner.Execute() 位置 F:\项目\饭票后端\MealTicket_Web_APIService\runner\SearchMonitorRunner.cs:行号 35

2021/11/11 11:38:38
监控搜索出错
System.NullReferenceException: 未将对象引用设置到对象的实例。
   在 MealTicket_Web_Handler.TrendHandler.GetEligibleSharesBatch(List`1 searchInfo) 位置 F:\项目\饭票后端\MealTicket_Web_Handler\TrendHandler.cs:行号 20830
   在 MealTicket_Web_Handler.Runner.RunnerHelper.SearchMonitor() 位置 F:\项目\饭票后端\MealTicket_Web_Handler\Runner\RunnerHelper.cs:行号 3995
   在 MealTicket_Web_APIService.runner.SearchMonitorRunner.Execute() 位置 F:\项目\饭票后端\MealTicket_Web_APIService\runner\SearchMonitorRunner.cs:行号 35

2021/11/11 11:38:43
登录出现异常，请重新登录
MealTicket_Web_Handler.Model.WebApiException: 登录出现异常，请重新登录
   在 MealTicket_Web_Handler.AuthorityHandler.CheckAccountLogin(String userToken, HeadBase baseData) 位置 F:\项目\饭票后端\MealTicket_Web_Handler\AuthorityHandler.cs:行号 56
   在 MealTicket_Web_APIService.Filter.CheckUserLoginFilter.OnActionExecuting(HttpActionContext actionContext) 位置 F:\项目\饭票后端\MealTicket_Web_APIService\filter\CheckUserLoginFilter.cs:行号 31
   在 System.Web.Http.Filters.ActionFilterAttribute.OnActionExecutingAsync(HttpActionContext actionContext, CancellationToken cancellationToken)
--- 引发异常的上一位置中堆栈跟踪的末尾 ---
   在 System.Runtime.CompilerServices.TaskAwaiter.ThrowForNonSuccess(Task task)
   在 System.Runtime.CompilerServices.TaskAwaiter.HandleNonSuccessAndDebuggerNotification(Task task)
   在 System.Web.Http.Filters.ActionFilterAttribute.<ExecuteActionFilterAsyncCore>d__5.MoveNext()
--- 引发异常的上一位置中堆栈跟踪的末尾 ---
   在 System.Runtime.CompilerServices.TaskAwaiter.ThrowForNonSuccess(Task task)
   在 System.Runtime.CompilerServices.TaskAwaiter.HandleNonSuccessAndDebuggerNotification(Task task)
   在 System.Web.Http.Filters.ActionFilterAttribute.<CallOnActionExecutedAsync>d__6.MoveNext()

2021/11/11 11:38:47
登录出现异常，请重新登录
MealTicket_Web_Handler.Model.WebApiException: 登录出现异常，请重新登录
   在 MealTicket_Web_Handler.AuthorityHandler.CheckAccountLogin(String userToken, HeadBase baseData) 位置 F:\项目\饭票后端\MealTicket_Web_Handler\AuthorityHandler.cs:行号 56
   在 MealTicket_Web_APIService.Filter.CheckUserLoginFilter.OnActionExecuting(HttpActionContext actionContext) 位置 F:\项目\饭票后端\MealTicket_Web_APIService\filter\CheckUserLoginFilter.cs:行号 31
   在 System.Web.Http.Filters.ActionFilterAttribute.OnActionExecutingAsync(HttpActionContext actionContext, CancellationToken cancellationToken)
--- 引发异常的上一位置中堆栈跟踪的末尾 ---
   在 System.Runtime.CompilerServices.TaskAwaiter.ThrowForNonSuccess(Task task)
   在 System.Runtime.CompilerServices.TaskAwaiter.HandleNonSuccessAndDebuggerNotification(Task task)
   在 System.Web.Http.Filters.ActionFilterAttribute.<ExecuteActionFilterAsyncCore>d__5.MoveNext()
--- 引发异常的上一位置中堆栈跟踪的末尾 ---
   在 System.Runtime.CompilerServices.TaskAwaiter.ThrowForNonSuccess(Task task)
   在 System.Runtime.CompilerServices.TaskAwaiter.HandleNonSuccessAndDebuggerNotification(Task task)
   在 System.Web.Http.Filters.ActionFilterAttribute.<CallOnActionExecutedAsync>d__6.MoveNext()

2021/11/11 11:38:58
监控搜索出错
System.NullReferenceException: 未将对象引用设置到对象的实例。
   在 MealTicket_Web_Handler.TrendHandler.GetEligibleSharesBatch(List`1 searchInfo) 位置 F:\项目\饭票后端\MealTicket_Web_Handler\TrendHandler.cs:行号 20830
   在 MealTicket_Web_Handler.Runner.RunnerHelper.SearchMonitor() 位置 F:\项目\饭票后端\MealTicket_Web_Handler\Runner\RunnerHelper.cs:行号 3995
   在 MealTicket_Web_APIService.runner.SearchMonitorRunner.Execute() 位置 F:\项目\饭票后端\MealTicket_Web_APIService\runner\SearchMonitorRunner.cs:行号 35

2021/11/11 11:39:01
服务器内部错误
System.NullReferenceException: 未将对象引用设置到对象的实例。
   在 MealTicket_Web_Handler.TrendHandler.GetEligibleSharesBatch(List`1 searchInfo) 位置 F:\项目\饭票后端\MealTicket_Web_Handler\TrendHandler.cs:行号 20830
   在 MealTicket_Web_Handler.TrendHandler.GetSharesConditionSearch(GetSharesConditionSearchRequest request, HeadBase basedata) 位置 F:\项目\饭票后端\MealTicket_Web_Handler\TrendHandler.cs:行号 20672
   在 MealTicket_Web_APIService.controller.TrendController.GetSharesConditionSearch(GetSharesConditionSearchRequest request) 位置 F:\项目\饭票后端\MealTicket_Web_APIService\controller\TrendController.cs:行号 8249
   在 lambda_method(Closure , Object , Object[] )
   在 System.Web.Http.Controllers.ReflectedHttpActionDescriptor.ActionExecutor.<>c__DisplayClass6_2.<GetExecutor>b__2(Object instance, Object[] methodParameters)
   在 System.Web.Http.Controllers.ReflectedHttpActionDescriptor.ActionExecutor.Execute(Object instance, Object[] arguments)
   在 System.Web.Http.Controllers.ReflectedHttpActionDescriptor.ExecuteAsync(HttpControllerContext controllerContext, IDictionary`2 arguments, CancellationToken cancellationToken)
--- 引发异常的上一位置中堆栈跟踪的末尾 ---
   在 System.Runtime.CompilerServices.TaskAwaiter.ThrowForNonSuccess(Task task)
   在 System.Runtime.CompilerServices.TaskAwaiter.HandleNonSuccessAndDebuggerNotification(Task task)
   在 System.Web.Http.Controllers.ApiControllerActionInvoker.<InvokeActionAsyncCore>d__1.MoveNext()
--- 引发异常的上一位置中堆栈跟踪的末尾 ---
   在 System.Runtime.CompilerServices.TaskAwaiter.ThrowForNonSuccess(Task task)
   在 System.Runtime.CompilerServices.TaskAwaiter.HandleNonSuccessAndDebuggerNotification(Task task)
   在 System.Web.Http.Filters.ActionFilterAttribute.<CallOnActionExecutedAsync>d__6.MoveNext()
--- 引发异常的上一位置中堆栈跟踪的末尾 ---
   在 System.Web.Http.Filters.ActionFilterAttribute.<CallOnActionExecutedAsync>d__6.MoveNext()
--- 引发异常的上一位置中堆栈跟踪的末尾 ---
   在 System.Runtime.CompilerServices.TaskAwaiter.ThrowForNonSuccess(Task task)
   在 System.Runtime.CompilerServices.TaskAwaiter.HandleNonSuccessAndDebuggerNotification(Task task)
   在 System.Web.Http.Filters.ActionFilterAttribute.<ExecuteActionFilterAsyncCore>d__5.MoveNext()
--- 引发异常的上一位置中堆栈跟踪的末尾 ---
   在 System.Runtime.CompilerServices.TaskAwaiter.ThrowForNonSuccess(Task task)
   在 System.Runtime.CompilerServices.TaskAwaiter.HandleNonSuccessAndDebuggerNotification(Task task)
   在 System.Web.Http.Filters.ActionFilterAttribute.<CallOnActionExecutedAsync>d__6.MoveNext()

2021/11/11 11:43:26
监听队列已链接


2021/11/11 11:43:28
监听队列已链接


2021/11/11 11:45:32
监听队列已链接


2021/11/11 11:45:37
监听队列已链接


2021/11/11 12:51:10
监听队列已链接


2021/11/11 12:51:13
监听队列已链接


2021/11/11 13:25:50
监听队列已链接


2021/11/11 13:25:56
监听队列已链接


