2021/6/1 11:49:04
分析今日涨跌幅出错了
System.Data.SqlClient.SqlException (0x80131904): 从字符串转换日期和/或时间时，转换失败。
   在 System.Data.SqlClient.SqlConnection.OnError(SqlException exception, Boolean breakConnection, Action`1 wrapCloseInAction)
   在 System.Data.SqlClient.SqlInternalConnection.OnError(SqlException exception, Boolean breakConnection, Action`1 wrapCloseInAction)
   在 System.Data.SqlClient.TdsParser.ThrowExceptionAndWarning(TdsParserStateObject stateObj, Boolean callerHasConnectionLock, Boolean asyncClose)
   在 System.Data.SqlClient.TdsParser.TryRun(RunBehavior runBehavior, SqlCommand cmdHandler, SqlDataReader dataStream, BulkCopySimpleResultSet bulkCopyHandler, TdsParserStateObject stateObj, Boolean& dataReady)
   在 System.Data.SqlClient.SqlDataReader.TryHasMoreRows(Boolean& moreRows)
   在 System.Data.SqlClient.SqlDataReader.TryReadInternal(Boolean setTimeout, Boolean& more)
   在 System.Data.SqlClient.SqlDataReader.Read()
   在 System.Data.Entity.Core.Common.Internal.Materialization.Shaper`1.StoreRead()
ClientConnectionId:3d8ff0a1-907f-4f65-8931-a1be3382f36d
Error Number:241,State:1,Class:16

2021/6/1 11:50:23
分析今日涨跌幅出错了
System.InvalidOperationException: The specified cast from a materialized 'System.Int64' type to the 'System.Double' type is not valid.
   在 System.Data.Entity.Core.Common.Internal.Materialization.Shaper.ErrorHandlingValueReader`1.GetValue(DbDataReader reader, Int32 ordinal)
   在 lambda_method(Closure , Shaper )
   在 System.Data.Entity.Core.Common.Internal.Materialization.Coordinator`1.ReadNextElement(Shaper shaper)
   在 System.Data.Entity.Core.Common.Internal.Materialization.Shaper`1.SimpleEnumerator.MoveNext()
   在 System.Data.Entity.Internal.LazyEnumerator`1.MoveNext()
   在 System.Linq.Enumerable.FirstOrDefault[TSource](IEnumerable`1 source)
   在 MealTicket_Web_Handler.DataHelper.Analysis_TodayRiseRate(String sharesCode, Int32 market, List`1 par) 位置 F:\项目\饭票后端\MealTicket_Web_Handler\DataHelper.cs:行号 1140

2021/6/1 12:20:17
购买失败
MealTicket_Web_Handler.Model.WebApiException: 可买余额不足
   在 MealTicket_Web_Handler.Runner.RunnerHelper.doAutoBuyTask(TradeAutoBuyCondition item) 位置 F:\项目\饭票后端\MealTicket_Web_Handler\Runner\RunnerHelper.cs:行号 1498

