2021/12/17 14:58:54
开始加载数据=====2021-12-17 14:58:54.464=============


2021/12/17 14:58:54
监听队列已链接


2021/12/17 14:59:02
监听队列已链接


2021/12/17 14:59:03
监听队列已链接


2021/12/17 15:00:37
SharesPlateQuotesSession缓存加载失败
System.ComponentModel.Win32Exception (0x80004005): 找不到网络路径。

2021/12/17 15:02:31
服务器内部错误
System.Collections.Generic.KeyNotFoundException: 给定关键字不在字典中。
   在 System.Collections.Generic.Dictionary`2.get_Item(TKey key)
   在 MealTicket_Web_Handler.TrendHandler.GetPlateLeaderModelSharesList(GetPlateLeaderModelSharesListRequest request, HeadBase basedata) 位置 F:\项目\饭票后端\MealTicket_Web_Handler\TrendHandler.cs:行号 6085
   在 MealTicket_Web_APIService.controller.TrendController.GetPlateLeaderModelSharesList(GetPlateLeaderModelSharesListRequest request) 位置 F:\项目\饭票后端\MealTicket_Web_APIService\controller\TrendController.cs:行号 1513
   在 lambda_method(Closure , Object , Object[] )
   在 System.Web.Http.Controllers.ReflectedHttpActionDescriptor.ActionExecutor.<>c__DisplayClass6_2.<GetExecutor>b__2(Object instance, Object[] methodParameters)
   在 System.Web.Http.Controllers.ReflectedHttpActionDescriptor.ActionExecutor.Execute(Object instance, Object[] arguments)
   在 System.Web.Http.Controllers.ReflectedHttpActionDescriptor.ExecuteAsync(HttpControllerContext controllerContext, IDictionary`2 arguments, CancellationToken cancellationToken)
--- 引发异常的上一位置中堆栈跟踪的末尾 ---
   在 System.Runtime.CompilerServices.TaskAwaiter.ThrowForNonSuccess(Task task)
   在 System.Runtime.CompilerServices.TaskAwaiter.HandleNonSuccessAndDebuggerNotification(Task task)
   在 System.Web.Http.Controllers.ApiControllerActionInvoker.<InvokeActionAsyncCore>d__1.MoveNext()
--- 引发异常的上一位置中堆栈跟踪的末尾 ---
   在 System.Runtime.CompilerServices.TaskAwaiter.ThrowForNonSuccess(Task task)
   在 System.Runtime.CompilerServices.TaskAwaiter.HandleNonSuccessAndDebuggerNotification(Task task)
   在 System.Web.Http.Filters.ActionFilterAttribute.<CallOnActionExecutedAsync>d__6.MoveNext()
--- 引发异常的上一位置中堆栈跟踪的末尾 ---
   在 System.Web.Http.Filters.ActionFilterAttribute.<CallOnActionExecutedAsync>d__6.MoveNext()
--- 引发异常的上一位置中堆栈跟踪的末尾 ---
   在 System.Runtime.CompilerServices.TaskAwaiter.ThrowForNonSuccess(Task task)
   在 System.Runtime.CompilerServices.TaskAwaiter.HandleNonSuccessAndDebuggerNotification(Task task)
   在 System.Web.Http.Filters.ActionFilterAttribute.<ExecuteActionFilterAsyncCore>d__5.MoveNext()
--- 引发异常的上一位置中堆栈跟踪的末尾 ---
   在 System.Runtime.CompilerServices.TaskAwaiter.ThrowForNonSuccess(Task task)
   在 System.Runtime.CompilerServices.TaskAwaiter.HandleNonSuccessAndDebuggerNotification(Task task)
   在 System.Web.Http.Filters.ActionFilterAttribute.<CallOnActionExecutedAsync>d__6.MoveNext()

2021/12/17 15:05:13
开始加载数据=====2021-12-17 15:05:13.656=============


2021/12/17 15:05:13
监听队列已链接


