2021/7/9 13:03:07
监听队列已链接


2021/7/9 13:06:47
监听队列已链接


2021/7/9 14:00:59
监听队列已链接


2021/7/9 14:04:03
监听队列已链接


2021/7/9 14:09:27
自动交易出错
System.ComponentModel.Win32Exception (0x80004005): 等待的操作过时。

2021/7/9 14:11:38
监听队列已链接


2021/7/9 17:42:09
监听队列已链接


2021/7/9 17:42:36
账号未登录,请先登录
MealTicket_Web_Handler.Model.WebApiException: 账号未登录,请先登录
   在 MealTicket_Web_Handler.AuthorityHandler.CheckAccountLogin(String userToken, HeadBase baseData) 位置 F:\项目\饭票后端\MealTicket_Web_Handler\AuthorityHandler.cs:行号 56
   在 MealTicket_Web_APIService.Filter.CheckUserLoginFilter.OnActionExecuting(HttpActionContext actionContext) 位置 F:\项目\饭票后端\MealTicket_Web_APIService\filter\CheckUserLoginFilter.cs:行号 31
   在 System.Web.Http.Filters.ActionFilterAttribute.OnActionExecutingAsync(HttpActionContext actionContext, CancellationToken cancellationToken)
--- 引发异常的上一位置中堆栈跟踪的末尾 ---
   在 System.Runtime.CompilerServices.TaskAwaiter.ThrowForNonSuccess(Task task)
   在 System.Runtime.CompilerServices.TaskAwaiter.HandleNonSuccessAndDebuggerNotification(Task task)
   在 System.Web.Http.Filters.ActionFilterAttribute.<ExecuteActionFilterAsyncCore>d__5.MoveNext()
--- 引发异常的上一位置中堆栈跟踪的末尾 ---
   在 System.Runtime.CompilerServices.TaskAwaiter.ThrowForNonSuccess(Task task)
   在 System.Runtime.CompilerServices.TaskAwaiter.HandleNonSuccessAndDebuggerNotification(Task task)
   在 System.Web.Http.Filters.ActionFilterAttribute.<CallOnActionExecutedAsync>d__6.MoveNext()

2021/7/9 17:44:10
监听队列已链接


2021/7/9 17:52:14
监听队列已链接


2021/7/9 17:58:05
监听队列已链接


