2021/12/13 20:03:30
AccountRiseLimitTriSession缓存加载失败
System.ArgumentException: 已添加了具有相同键的项。
   在 System.ThrowHelper.ThrowArgumentException(ExceptionResource resource)
   在 System.Collections.Generic.Dictionary`2.Insert(TKey key, TValue value, Boolean add)
   在 System.Linq.Enumerable.ToDictionary[TSource,TKey,TElement](IEnumerable`1 source, Func`2 keySelector, Func`2 elementSelector, IEqualityComparer`1 comparer)
   在 System.Linq.Enumerable.ToDictionary[TSource,TKey,TElement](IEnumerable`1 source, Func`2 keySelector, Func`2 elementSelector)
   在 MealTicket_Web_Handler.AccountRiseLimitTriSession.UpdateSession() 位置 F:\项目\饭票后端\MealTicket_Web_Handler\Session\AccountRiseLimitTriSession.cs:行号 39
   在 FXCommon.Common.Session`1._UpdateSession() 位置 F:\项目\饭票后端\FXCommon\Common\Session.cs:行号 126

2021/12/13 20:20:53
开始加载数据=====2021-12-13 20:20:53.064=============


2021/12/13 20:20:53
监听队列已链接


2021/12/13 20:21:04
监听队列已链接


2021/12/13 20:21:06
监听队列已链接


2021/12/13 20:21:07
AccountRiseLimitTriSession缓存加载失败
System.ArgumentException: 已添加了具有相同键的项。
   在 System.ThrowHelper.ThrowArgumentException(ExceptionResource resource)
   在 System.Collections.Generic.Dictionary`2.Insert(TKey key, TValue value, Boolean add)
   在 System.Linq.Enumerable.ToDictionary[TSource,TKey,TElement](IEnumerable`1 source, Func`2 keySelector, Func`2 elementSelector, IEqualityComparer`1 comparer)
   在 System.Linq.Enumerable.ToDictionary[TSource,TKey,TElement](IEnumerable`1 source, Func`2 keySelector, Func`2 elementSelector)
   在 MealTicket_Web_Handler.AccountRiseLimitTriSession.UpdateSession() 位置 F:\项目\饭票后端\MealTicket_Web_Handler\Session\AccountRiseLimitTriSession.cs:行号 39
   在 FXCommon.Common.Session`1._UpdateSession() 位置 F:\项目\饭票后端\FXCommon\Common\Session.cs:行号 126

2021/12/13 20:21:11
AccountRiseLimitTriSession缓存加载失败
System.ArgumentException: 已添加了具有相同键的项。
   在 System.ThrowHelper.ThrowArgumentException(ExceptionResource resource)
   在 System.Collections.Generic.Dictionary`2.Insert(TKey key, TValue value, Boolean add)
   在 System.Linq.Enumerable.ToDictionary[TSource,TKey,TElement](IEnumerable`1 source, Func`2 keySelector, Func`2 elementSelector, IEqualityComparer`1 comparer)
   在 System.Linq.Enumerable.ToDictionary[TSource,TKey,TElement](IEnumerable`1 source, Func`2 keySelector, Func`2 elementSelector)
   在 MealTicket_Web_Handler.AccountRiseLimitTriSession.UpdateSession() 位置 F:\项目\饭票后端\MealTicket_Web_Handler\Session\AccountRiseLimitTriSession.cs:行号 39
   在 FXCommon.Common.Session`1._UpdateSession() 位置 F:\项目\饭票后端\FXCommon\Common\Session.cs:行号 126

2021/12/13 20:21:16
AccountRiseLimitTriSession缓存加载失败
System.ArgumentException: 已添加了具有相同键的项。
   在 System.ThrowHelper.ThrowArgumentException(ExceptionResource resource)
   在 System.Collections.Generic.Dictionary`2.Insert(TKey key, TValue value, Boolean add)
   在 System.Linq.Enumerable.ToDictionary[TSource,TKey,TElement](IEnumerable`1 source, Func`2 keySelector, Func`2 elementSelector, IEqualityComparer`1 comparer)
   在 System.Linq.Enumerable.ToDictionary[TSource,TKey,TElement](IEnumerable`1 source, Func`2 keySelector, Func`2 elementSelector)
   在 MealTicket_Web_Handler.AccountRiseLimitTriSession.UpdateSession() 位置 F:\项目\饭票后端\MealTicket_Web_Handler\Session\AccountRiseLimitTriSession.cs:行号 39
   在 FXCommon.Common.Session`1._UpdateSession() 位置 F:\项目\饭票后端\FXCommon\Common\Session.cs:行号 126

2021/12/13 20:21:19
AccountRiseLimitTriSession缓存加载失败
System.ArgumentException: 已添加了具有相同键的项。
   在 System.ThrowHelper.ThrowArgumentException(ExceptionResource resource)
   在 System.Collections.Generic.Dictionary`2.Insert(TKey key, TValue value, Boolean add)
   在 System.Linq.Enumerable.ToDictionary[TSource,TKey,TElement](IEnumerable`1 source, Func`2 keySelector, Func`2 elementSelector, IEqualityComparer`1 comparer)
   在 System.Linq.Enumerable.ToDictionary[TSource,TKey,TElement](IEnumerable`1 source, Func`2 keySelector, Func`2 elementSelector)
   在 MealTicket_Web_Handler.AccountRiseLimitTriSession.UpdateSession() 位置 F:\项目\饭票后端\MealTicket_Web_Handler\Session\AccountRiseLimitTriSession.cs:行号 39
   在 FXCommon.Common.Session`1._UpdateSession() 位置 F:\项目\饭票后端\FXCommon\Common\Session.cs:行号 126

2021/12/13 20:21:23
AccountRiseLimitTriSession缓存加载失败
System.ArgumentException: 已添加了具有相同键的项。
   在 System.ThrowHelper.ThrowArgumentException(ExceptionResource resource)
   在 System.Collections.Generic.Dictionary`2.Insert(TKey key, TValue value, Boolean add)
   在 System.Linq.Enumerable.ToDictionary[TSource,TKey,TElement](IEnumerable`1 source, Func`2 keySelector, Func`2 elementSelector, IEqualityComparer`1 comparer)
   在 System.Linq.Enumerable.ToDictionary[TSource,TKey,TElement](IEnumerable`1 source, Func`2 keySelector, Func`2 elementSelector)
   在 MealTicket_Web_Handler.AccountRiseLimitTriSession.UpdateSession() 位置 F:\项目\饭票后端\MealTicket_Web_Handler\Session\AccountRiseLimitTriSession.cs:行号 39
   在 FXCommon.Common.Session`1._UpdateSession() 位置 F:\项目\饭票后端\FXCommon\Common\Session.cs:行号 126

2021/12/13 20:21:26
AccountRiseLimitTriSession缓存加载失败
System.ArgumentException: 已添加了具有相同键的项。
   在 System.ThrowHelper.ThrowArgumentException(ExceptionResource resource)
   在 System.Collections.Generic.Dictionary`2.Insert(TKey key, TValue value, Boolean add)
   在 System.Linq.Enumerable.ToDictionary[TSource,TKey,TElement](IEnumerable`1 source, Func`2 keySelector, Func`2 elementSelector, IEqualityComparer`1 comparer)
   在 System.Linq.Enumerable.ToDictionary[TSource,TKey,TElement](IEnumerable`1 source, Func`2 keySelector, Func`2 elementSelector)
   在 MealTicket_Web_Handler.AccountRiseLimitTriSession.UpdateSession() 位置 F:\项目\饭票后端\MealTicket_Web_Handler\Session\AccountRiseLimitTriSession.cs:行号 39
   在 FXCommon.Common.Session`1._UpdateSession() 位置 F:\项目\饭票后端\FXCommon\Common\Session.cs:行号 126

2021/12/13 20:21:30
AccountRiseLimitTriSession缓存加载失败
System.ArgumentException: 已添加了具有相同键的项。
   在 System.ThrowHelper.ThrowArgumentException(ExceptionResource resource)
   在 System.Collections.Generic.Dictionary`2.Insert(TKey key, TValue value, Boolean add)
   在 System.Linq.Enumerable.ToDictionary[TSource,TKey,TElement](IEnumerable`1 source, Func`2 keySelector, Func`2 elementSelector, IEqualityComparer`1 comparer)
   在 System.Linq.Enumerable.ToDictionary[TSource,TKey,TElement](IEnumerable`1 source, Func`2 keySelector, Func`2 elementSelector)
   在 MealTicket_Web_Handler.AccountRiseLimitTriSession.UpdateSession() 位置 F:\项目\饭票后端\MealTicket_Web_Handler\Session\AccountRiseLimitTriSession.cs:行号 39
   在 FXCommon.Common.Session`1._UpdateSession() 位置 F:\项目\饭票后端\FXCommon\Common\Session.cs:行号 126

2021/12/13 20:21:34
AccountRiseLimitTriSession缓存加载失败
System.ArgumentException: 已添加了具有相同键的项。
   在 System.ThrowHelper.ThrowArgumentException(ExceptionResource resource)
   在 System.Collections.Generic.Dictionary`2.Insert(TKey key, TValue value, Boolean add)
   在 System.Linq.Enumerable.ToDictionary[TSource,TKey,TElement](IEnumerable`1 source, Func`2 keySelector, Func`2 elementSelector, IEqualityComparer`1 comparer)
   在 System.Linq.Enumerable.ToDictionary[TSource,TKey,TElement](IEnumerable`1 source, Func`2 keySelector, Func`2 elementSelector)
   在 MealTicket_Web_Handler.AccountRiseLimitTriSession.UpdateSession() 位置 F:\项目\饭票后端\MealTicket_Web_Handler\Session\AccountRiseLimitTriSession.cs:行号 39
   在 FXCommon.Common.Session`1._UpdateSession() 位置 F:\项目\饭票后端\FXCommon\Common\Session.cs:行号 126

2021/12/13 20:21:39
AccountRiseLimitTriSession缓存加载失败
System.ArgumentException: 已添加了具有相同键的项。
   在 System.ThrowHelper.ThrowArgumentException(ExceptionResource resource)
   在 System.Collections.Generic.Dictionary`2.Insert(TKey key, TValue value, Boolean add)
   在 System.Linq.Enumerable.ToDictionary[TSource,TKey,TElement](IEnumerable`1 source, Func`2 keySelector, Func`2 elementSelector, IEqualityComparer`1 comparer)
   在 System.Linq.Enumerable.ToDictionary[TSource,TKey,TElement](IEnumerable`1 source, Func`2 keySelector, Func`2 elementSelector)
   在 MealTicket_Web_Handler.AccountRiseLimitTriSession.UpdateSession() 位置 F:\项目\饭票后端\MealTicket_Web_Handler\Session\AccountRiseLimitTriSession.cs:行号 39
   在 FXCommon.Common.Session`1._UpdateSession() 位置 F:\项目\饭票后端\FXCommon\Common\Session.cs:行号 126

2021/12/13 20:21:43
AccountRiseLimitTriSession缓存加载失败
System.ArgumentException: 已添加了具有相同键的项。
   在 System.ThrowHelper.ThrowArgumentException(ExceptionResource resource)
   在 System.Collections.Generic.Dictionary`2.Insert(TKey key, TValue value, Boolean add)
   在 System.Linq.Enumerable.ToDictionary[TSource,TKey,TElement](IEnumerable`1 source, Func`2 keySelector, Func`2 elementSelector, IEqualityComparer`1 comparer)
   在 System.Linq.Enumerable.ToDictionary[TSource,TKey,TElement](IEnumerable`1 source, Func`2 keySelector, Func`2 elementSelector)
   在 MealTicket_Web_Handler.AccountRiseLimitTriSession.UpdateSession() 位置 F:\项目\饭票后端\MealTicket_Web_Handler\Session\AccountRiseLimitTriSession.cs:行号 39
   在 FXCommon.Common.Session`1._UpdateSession() 位置 F:\项目\饭票后端\FXCommon\Common\Session.cs:行号 126

2021/12/13 20:21:46
AccountRiseLimitTriSession缓存加载失败
System.ArgumentException: 已添加了具有相同键的项。
   在 System.ThrowHelper.ThrowArgumentException(ExceptionResource resource)
   在 System.Collections.Generic.Dictionary`2.Insert(TKey key, TValue value, Boolean add)
   在 System.Linq.Enumerable.ToDictionary[TSource,TKey,TElement](IEnumerable`1 source, Func`2 keySelector, Func`2 elementSelector, IEqualityComparer`1 comparer)
   在 System.Linq.Enumerable.ToDictionary[TSource,TKey,TElement](IEnumerable`1 source, Func`2 keySelector, Func`2 elementSelector)
   在 MealTicket_Web_Handler.AccountRiseLimitTriSession.UpdateSession() 位置 F:\项目\饭票后端\MealTicket_Web_Handler\Session\AccountRiseLimitTriSession.cs:行号 39
   在 FXCommon.Common.Session`1._UpdateSession() 位置 F:\项目\饭票后端\FXCommon\Common\Session.cs:行号 126

2021/12/13 20:22:15
AccountRiseLimitTriSession缓存加载失败
System.ArgumentException: 已添加了具有相同键的项。
   在 System.ThrowHelper.ThrowArgumentException(ExceptionResource resource)
   在 System.Collections.Generic.Dictionary`2.Insert(TKey key, TValue value, Boolean add)
   在 System.Linq.Enumerable.ToDictionary[TSource,TKey,TElement](IEnumerable`1 source, Func`2 keySelector, Func`2 elementSelector, IEqualityComparer`1 comparer)
   在 System.Linq.Enumerable.ToDictionary[TSource,TKey,TElement](IEnumerable`1 source, Func`2 keySelector, Func`2 elementSelector)
   在 MealTicket_Web_Handler.AccountRiseLimitTriSession.UpdateSession() 位置 F:\项目\饭票后端\MealTicket_Web_Handler\Session\AccountRiseLimitTriSession.cs:行号 39
   在 FXCommon.Common.Session`1._UpdateSession() 位置 F:\项目\饭票后端\FXCommon\Common\Session.cs:行号 126

2021/12/13 20:22:19
AccountRiseLimitTriSession缓存加载失败
System.ArgumentException: 已添加了具有相同键的项。
   在 System.ThrowHelper.ThrowArgumentException(ExceptionResource resource)
   在 System.Collections.Generic.Dictionary`2.Insert(TKey key, TValue value, Boolean add)
   在 System.Linq.Enumerable.ToDictionary[TSource,TKey,TElement](IEnumerable`1 source, Func`2 keySelector, Func`2 elementSelector, IEqualityComparer`1 comparer)
   在 System.Linq.Enumerable.ToDictionary[TSource,TKey,TElement](IEnumerable`1 source, Func`2 keySelector, Func`2 elementSelector)
   在 MealTicket_Web_Handler.AccountRiseLimitTriSession.UpdateSession() 位置 F:\项目\饭票后端\MealTicket_Web_Handler\Session\AccountRiseLimitTriSession.cs:行号 39
   在 FXCommon.Common.Session`1._UpdateSession() 位置 F:\项目\饭票后端\FXCommon\Common\Session.cs:行号 126

2021/12/13 20:22:31
AccountRiseLimitTriSession缓存加载失败
System.ArgumentException: 已添加了具有相同键的项。
   在 System.ThrowHelper.ThrowArgumentException(ExceptionResource resource)
   在 System.Collections.Generic.Dictionary`2.Insert(TKey key, TValue value, Boolean add)
   在 System.Linq.Enumerable.ToDictionary[TSource,TKey,TElement](IEnumerable`1 source, Func`2 keySelector, Func`2 elementSelector, IEqualityComparer`1 comparer)
   在 System.Linq.Enumerable.ToDictionary[TSource,TKey,TElement](IEnumerable`1 source, Func`2 keySelector, Func`2 elementSelector)
   在 MealTicket_Web_Handler.AccountRiseLimitTriSession.UpdateSession() 位置 F:\项目\饭票后端\MealTicket_Web_Handler\Session\AccountRiseLimitTriSession.cs:行号 39
   在 FXCommon.Common.Session`1._UpdateSession() 位置 F:\项目\饭票后端\FXCommon\Common\Session.cs:行号 126

2021/12/13 20:22:51
AccountRiseLimitTriSession缓存加载失败
System.ArgumentException: 已添加了具有相同键的项。
   在 System.ThrowHelper.ThrowArgumentException(ExceptionResource resource)
   在 System.Collections.Generic.Dictionary`2.Insert(TKey key, TValue value, Boolean add)
   在 System.Linq.Enumerable.ToDictionary[TSource,TKey,TElement](IEnumerable`1 source, Func`2 keySelector, Func`2 elementSelector, IEqualityComparer`1 comparer)
   在 System.Linq.Enumerable.ToDictionary[TSource,TKey,TElement](IEnumerable`1 source, Func`2 keySelector, Func`2 elementSelector)
   在 MealTicket_Web_Handler.AccountRiseLimitTriSession.UpdateSession() 位置 F:\项目\饭票后端\MealTicket_Web_Handler\Session\AccountRiseLimitTriSession.cs:行号 39
   在 FXCommon.Common.Session`1._UpdateSession() 位置 F:\项目\饭票后端\FXCommon\Common\Session.cs:行号 126

2021/12/13 20:22:55
AccountRiseLimitTriSession缓存加载失败
System.ArgumentException: 已添加了具有相同键的项。
   在 System.ThrowHelper.ThrowArgumentException(ExceptionResource resource)
   在 System.Collections.Generic.Dictionary`2.Insert(TKey key, TValue value, Boolean add)
   在 System.Linq.Enumerable.ToDictionary[TSource,TKey,TElement](IEnumerable`1 source, Func`2 keySelector, Func`2 elementSelector, IEqualityComparer`1 comparer)
   在 System.Linq.Enumerable.ToDictionary[TSource,TKey,TElement](IEnumerable`1 source, Func`2 keySelector, Func`2 elementSelector)
   在 MealTicket_Web_Handler.AccountRiseLimitTriSession.UpdateSession() 位置 F:\项目\饭票后端\MealTicket_Web_Handler\Session\AccountRiseLimitTriSession.cs:行号 39
   在 FXCommon.Common.Session`1._UpdateSession() 位置 F:\项目\饭票后端\FXCommon\Common\Session.cs:行号 126

2021/12/13 20:22:58
AccountRiseLimitTriSession缓存加载失败
System.ArgumentException: 已添加了具有相同键的项。
   在 System.ThrowHelper.ThrowArgumentException(ExceptionResource resource)
   在 System.Collections.Generic.Dictionary`2.Insert(TKey key, TValue value, Boolean add)
   在 System.Linq.Enumerable.ToDictionary[TSource,TKey,TElement](IEnumerable`1 source, Func`2 keySelector, Func`2 elementSelector, IEqualityComparer`1 comparer)
   在 System.Linq.Enumerable.ToDictionary[TSource,TKey,TElement](IEnumerable`1 source, Func`2 keySelector, Func`2 elementSelector)
   在 MealTicket_Web_Handler.AccountRiseLimitTriSession.UpdateSession() 位置 F:\项目\饭票后端\MealTicket_Web_Handler\Session\AccountRiseLimitTriSession.cs:行号 39
   在 FXCommon.Common.Session`1._UpdateSession() 位置 F:\项目\饭票后端\FXCommon\Common\Session.cs:行号 126

2021/12/13 20:23:02
AccountRiseLimitTriSession缓存加载失败
System.ArgumentException: 已添加了具有相同键的项。
   在 System.ThrowHelper.ThrowArgumentException(ExceptionResource resource)
   在 System.Collections.Generic.Dictionary`2.Insert(TKey key, TValue value, Boolean add)
   在 System.Linq.Enumerable.ToDictionary[TSource,TKey,TElement](IEnumerable`1 source, Func`2 keySelector, Func`2 elementSelector, IEqualityComparer`1 comparer)
   在 System.Linq.Enumerable.ToDictionary[TSource,TKey,TElement](IEnumerable`1 source, Func`2 keySelector, Func`2 elementSelector)
   在 MealTicket_Web_Handler.AccountRiseLimitTriSession.UpdateSession() 位置 F:\项目\饭票后端\MealTicket_Web_Handler\Session\AccountRiseLimitTriSession.cs:行号 39
   在 FXCommon.Common.Session`1._UpdateSession() 位置 F:\项目\饭票后端\FXCommon\Common\Session.cs:行号 126

2021/12/13 20:27:15
开始加载数据=====2021-12-13 20:27:15.938=============


2021/12/13 20:27:16
监听队列已链接


2021/12/13 20:27:26
监听队列已链接


2021/12/13 20:27:27
监听队列已链接


2021/12/13 20:33:09
开始加载数据=====2021-12-13 20:33:09.708=============


2021/12/13 20:33:09
监听队列已链接


2021/12/13 20:33:13
监听队列已链接


2021/12/13 20:33:14
监听队列已链接


2021/12/13 20:36:59
开始加载数据=====2021-12-13 20:36:59.058=============


2021/12/13 20:36:59
监听队列已链接


2021/12/13 20:37:03
监听队列已链接


2021/12/13 20:37:04
监听队列已链接


2021/12/13 20:37:04
接受数据回调处理出错
System.ArgumentNullException: 值不能为 null。
参数名: outer
   在 System.Linq.Enumerable.Join[TOuter,TInner,TKey,TResult](IEnumerable`1 outer, IEnumerable`1 inner, Func`2 outerKeySelector, Func`2 innerKeySelector, Func`3 resultSelector)
   在 MealTicket_Web_Handler.Runner.PlateTagCalHelper.ToGetSession(List`1& PlateRel, Dictionary`2& Plate_Quotes_Date_Session, Dictionary`2& Plate_Quotes_Today_Session, Dictionary`2& Shares_Quotes_Date_Session, Dictionary`2& Shares_Quotes_Today_Session) 位置 F:\项目\饭票后端\MealTicket_Web_Handler\Runner\PlateTagCalHelper.cs:行号 62
   在 MealTicket_Web_Handler.Runner.PlateTagCalHelper.Calculate() 位置 F:\项目\饭票后端\MealTicket_Web_Handler\Runner\PlateTagCalHelper.cs:行号 38
   在 MealTicket_Web_Handler.SharesPlateTagMQHandler.ResetPlateTag_Notice() 位置 F:\项目\饭票后端\MealTicket_Web_Handler\MQ\SharesPlateTagMQHandler.cs:行号 86
   在 MealTicket_Web_Handler.SharesPlateTagMQHandler.ReceivedExecute(String data) 位置 F:\项目\饭票后端\MealTicket_Web_Handler\MQ\SharesPlateTagMQHandler.cs:行号 32

2021/12/13 20:39:37
开始加载数据=====2021-12-13 20:39:37.438=============


2021/12/13 20:39:37
监听队列已链接


2021/12/13 20:39:43
监听队列已链接


2021/12/13 20:39:45
监听队列已链接


