2021/12/23 11:32:44
开始加载数据=====2021-12-23 11:32:44.434=============


2021/12/23 11:32:44
监听队列已链接


2021/12/23 11:32:44
监听队列已链接


2021/12/23 11:32:44
监听队列已链接


2021/12/23 14:39:26
开始加载数据=====2021-12-23 14:39:26.948=============


2021/12/23 14:39:27
监听队列已链接


2021/12/23 14:39:29
监听队列已链接


2021/12/23 14:39:29
监听队列已链接


2021/12/23 14:43:46
开始加载数据=====2021-12-23 14:43:46.015=============


2021/12/23 14:43:46
监听队列已链接


2021/12/23 14:43:46
监听队列已链接


2021/12/23 14:43:46
监听队列已链接


2021/12/23 14:45:57
开始加载数据=====2021-12-23 14:45:57.429=============


2021/12/23 14:45:57
监听队列已链接


2021/12/23 14:45:57
监听队列已链接


2021/12/23 14:45:57
监听队列已链接


2021/12/23 14:49:49
开始加载数据=====2021-12-23 14:49:49.701=============


2021/12/23 14:49:49
监听队列已链接


2021/12/23 14:49:50
监听队列已链接


2021/12/23 14:49:50
监听队列已链接


2021/12/23 15:07:22
开始加载数据=====2021-12-23 15:07:22.361=============


2021/12/23 15:07:22
监听队列已链接


2021/12/23 15:07:22
监听队列已链接


2021/12/23 15:07:22
监听队列已链接


2021/12/23 16:22:42
开始加载数据=====2021-12-23 16:22:42.873=============


2021/12/23 16:22:43
监听队列已链接


2021/12/23 16:22:43
监听队列已链接


2021/12/23 16:22:43
监听队列已链接


2021/12/23 16:24:58
开始加载数据=====2021-12-23 16:24:58.819=============


2021/12/23 16:24:58
监听队列已链接


2021/12/23 16:24:59
监听队列已链接


2021/12/23 16:24:59
监听队列已链接


2021/12/23 17:59:48
开始加载数据=====2021-12-23 17:59:48.714=============


2021/12/23 17:59:48
监听队列已链接


2021/12/23 17:59:49
监听队列已链接


2021/12/23 17:59:49
监听队列已链接


2021/12/23 18:00:35
Analysis_ReferPrice出错了
System.InvalidOperationException: 序列不包含任何元素
   在 System.Linq.Enumerable.Max(IEnumerable`1 source)
   在 System.Linq.Enumerable.Max[TSource](IEnumerable`1 source, Func`2 selector)
   在 MealTicket_Web_Handler.Runner.SearchHelper._analysis_ReferPrice(Dictionary`2 quotes_date_dic, Int32 priceType, Int32 compare, Double count) 位置 F:\项目\饭票后端\MealTicket_Web_Handler\Runner\SearchHelper.cs:行号 2584
   在 MealTicket_Web_Handler.Runner.SearchHelper.Analysis_ReferPrice(String par) 位置 F:\项目\饭票后端\MealTicket_Web_Handler\Runner\SearchHelper.cs:行号 2486

2021/12/23 18:06:24
开始加载数据=====2021-12-23 18:06:24.519=============


2021/12/23 18:06:24
监听队列已链接


2021/12/23 18:06:24
监听队列已链接


2021/12/23 18:06:24
监听队列已链接


