2021/9/30 15:22:53
===查询需要自动买入的数据===2021-09-30 15:22:53.320
===查询结束===2021-09-30 15:22:53.360



2021/9/30 15:22:53
===开始自动买入判断（总）===2021-09-30 15:22:53.361


2021/9/30 15:22:53
12021-09-30 15:22:53.362


2021/9/30 15:22:53
12021-09-30 15:22:53.362


2021/9/30 15:22:53
12021-09-30 15:22:53.362


2021/9/30 15:22:53
===结束自动买入判断（总）===2021-09-30 15:22:53.374


2021/9/30 15:22:53
==================================


2021/9/30 15:24:11
BuyTipSession缓存加载失败
System.ComponentModel.Win32Exception (0x80004005): 等待的操作过时。

2021/9/30 15:24:11
===查询需要自动买入的数据===2021-09-30 15:24:11.151
===查询结束===2021-09-30 15:24:11.498



2021/9/30 15:24:11
===开始自动买入判断（总）===2021-09-30 15:24:11.500


2021/9/30 15:24:11
12021-09-30 15:24:11.513


2021/9/30 15:24:11
12021-09-30 15:24:11.514


2021/9/30 15:24:11
12021-09-30 15:24:11.515


2021/9/30 15:24:11
===结束自动买入判断（总）===2021-09-30 15:24:11.515


2021/9/30 15:24:11
==================================


