2021/7/20 13:35:56
监听队列已链接


2021/7/20 13:36:54
需要更新分笔的股票数据扔到队列失败
System.Net.WebException: 远程服务器返回错误: (500) 内部服务器错误。
   在 System.Net.HttpWebRequest.GetResponse()
   在 FXCommon.Common.HtmlSender.Post_BasicAuth(String content, String url, String auth, String method) 位置 F:\项目\饭票后端\FXCommon\Common\HtmlSender.cs:行号 112
   在 FXCommon.MqQueue.MQTask.ClearQueueData(String queryName) 位置 F:\项目\饭票后端\FXCommon\MqQueue\MQTask.cs:行号 255
   在 MealTicket_Web_Handler.Runner.RunnerHelper.SendTransactionShares(String taskGuid, Int32 dataType) 位置 F:\项目\饭票后端\MealTicket_Web_Handler\Runner\RunnerHelper.cs:行号 2609
   在 MealTicket_Web_Handler.Transactiondata.TransactionDataTask.PushToDataUpDate(TransactiondataTaskQueueInfo dataObj) 位置 F:\项目\饭票后端\MealTicket_Web_Handler\Transactiondata\TransactionDataTask.cs:行号 158

2021/7/20 13:42:33
监听队列链接断开


2021/7/20 13:42:33
启动队列监听出错
RabbitMQ.Client.Exceptions.AlreadyClosedException: Already closed: The AMQP operation was interrupted: AMQP close-reason, initiated by Library, code=541, text='Unexpected Exception', classId=0, methodId=0, cause=System.IO.IOException: 无法从传输连接中读取数据: 远程主机强迫关闭了一个现有的连接。。 ---> System.Net.Sockets.SocketException: 远程主机强迫关闭了一个现有的连接。
   在 System.Net.Sockets.Socket.Receive(Byte[] buffer, Int32 offset, Int32 size, SocketFlags socketFlags)
   在 System.Net.Sockets.NetworkStream.Read(Byte[] buffer, Int32 offset, Int32 size)
   --- 内部异常堆栈跟踪的结尾 ---
   在 System.Net.Sockets.NetworkStream.Read(Byte[] buffer, Int32 offset, Int32 size)
   在 System.IO.BufferedStream.ReadByte()
   在 RabbitMQ.Client.Impl.InboundFrame.ReadFrom(Stream reader)
   在 RabbitMQ.Client.Impl.SocketFrameHandler.ReadFrame()
   在 RabbitMQ.Client.Framing.Impl.Connection.MainLoopIteration()
   在 RabbitMQ.Client.Framing.Impl.Connection.MainLoop()
   在 RabbitMQ.Client.Framing.Impl.Connection.EnsureIsOpen()
   在 RabbitMQ.Client.Framing.Impl.AutorecoveringConnection.EnsureIsOpen()
   在 RabbitMQ.Client.Framing.Impl.AutorecoveringConnection.CreateModel()
   在 FXCommon.MqQueue.MQTask.ListenModelConnect(Boolean isRetry) 位置 F:\项目\饭票后端\FXCommon\MqQueue\MQTask.cs:行号 181

2021/7/20 13:42:33
队列消息发送失败
RabbitMQ.Client.Exceptions.AlreadyClosedException: Already closed: The AMQP operation was interrupted: AMQP close-reason, initiated by Library, code=541, text='Unexpected Exception', classId=0, methodId=0, cause=System.IO.IOException: 无法从传输连接中读取数据: 远程主机强迫关闭了一个现有的连接。。 ---> System.Net.Sockets.SocketException: 远程主机强迫关闭了一个现有的连接。
   在 System.Net.Sockets.Socket.Receive(Byte[] buffer, Int32 offset, Int32 size, SocketFlags socketFlags)
   在 System.Net.Sockets.NetworkStream.Read(Byte[] buffer, Int32 offset, Int32 size)
   --- 内部异常堆栈跟踪的结尾 ---
   在 System.Net.Sockets.NetworkStream.Read(Byte[] buffer, Int32 offset, Int32 size)
   在 System.IO.BufferedStream.ReadByte()
   在 RabbitMQ.Client.Impl.InboundFrame.ReadFrom(Stream reader)
   在 RabbitMQ.Client.Impl.SocketFrameHandler.ReadFrame()
   在 RabbitMQ.Client.Framing.Impl.Connection.MainLoopIteration()
   在 RabbitMQ.Client.Framing.Impl.Connection.MainLoop()
   在 RabbitMQ.Client.Impl.SessionBase.Transmit(Command cmd)
   在 RabbitMQ.Client.Impl.ModelBase.ModelSend(MethodBase method, ContentHeaderBase header, ReadOnlyMemory`1 body)
   在 RabbitMQ.Client.Framing.Impl.Model._Private_BasicPublish(String exchange, String routingKey, Boolean mandatory, IBasicProperties basicProperties, ReadOnlyMemory`1 body)
   在 RabbitMQ.Client.Impl.ModelBase.BasicPublish(String exchange, String routingKey, Boolean mandatory, IBasicProperties basicProperties, ReadOnlyMemory`1 body)
   在 RabbitMQ.Client.Impl.AutorecoveringModel.BasicPublish(String exchange, String routingKey, Boolean mandatory, IBasicProperties basicProperties, ReadOnlyMemory`1 body)
   在 RabbitMQ.Client.IModelExensions.BasicPublish(IModel model, String exchange, String routingKey, IBasicProperties basicProperties, ReadOnlyMemory`1 body)
   在 FXCommon.MqQueue.MQTask.SendMessage(Byte[] originalData, String exchange, String routekey) 位置 F:\项目\饭票后端\FXCommon\MqQueue\MQTask.cs:行号 114

2021/7/20 13:42:33
发送通道连接失败
RabbitMQ.Client.Exceptions.AlreadyClosedException: Already closed: The AMQP operation was interrupted: AMQP close-reason, initiated by Library, code=541, text='Unexpected Exception', classId=0, methodId=0, cause=System.IO.IOException: 无法从传输连接中读取数据: 远程主机强迫关闭了一个现有的连接。。 ---> System.Net.Sockets.SocketException: 远程主机强迫关闭了一个现有的连接。
   在 System.Net.Sockets.Socket.Receive(Byte[] buffer, Int32 offset, Int32 size, SocketFlags socketFlags)
   在 System.Net.Sockets.NetworkStream.Read(Byte[] buffer, Int32 offset, Int32 size)
   --- 内部异常堆栈跟踪的结尾 ---
   在 System.Net.Sockets.NetworkStream.Read(Byte[] buffer, Int32 offset, Int32 size)
   在 System.IO.BufferedStream.ReadByte()
   在 RabbitMQ.Client.Impl.InboundFrame.ReadFrom(Stream reader)
   在 RabbitMQ.Client.Impl.SocketFrameHandler.ReadFrame()
   在 RabbitMQ.Client.Framing.Impl.Connection.MainLoopIteration()
   在 RabbitMQ.Client.Framing.Impl.Connection.MainLoop()
   在 RabbitMQ.Client.Framing.Impl.Connection.EnsureIsOpen()
   在 RabbitMQ.Client.Framing.Impl.AutorecoveringConnection.EnsureIsOpen()
   在 RabbitMQ.Client.Framing.Impl.AutorecoveringConnection.CreateModel()
   在 FXCommon.MqQueue.MQTask.SendModelConnect() 位置 F:\项目\饭票后端\FXCommon\MqQueue\MQTask.cs:行号 144

2021/7/20 13:43:07
启动队列监听出错
RabbitMQ.Client.Exceptions.AlreadyClosedException: Already closed: The AMQP operation was interrupted: AMQP close-reason, initiated by Library, code=541, text='Unexpected Exception', classId=0, methodId=0, cause=System.IO.IOException: 无法从传输连接中读取数据: 远程主机强迫关闭了一个现有的连接。。 ---> System.Net.Sockets.SocketException: 远程主机强迫关闭了一个现有的连接。
   在 System.Net.Sockets.Socket.Receive(Byte[] buffer, Int32 offset, Int32 size, SocketFlags socketFlags)
   在 System.Net.Sockets.NetworkStream.Read(Byte[] buffer, Int32 offset, Int32 size)
   --- 内部异常堆栈跟踪的结尾 ---
   在 System.Net.Sockets.NetworkStream.Read(Byte[] buffer, Int32 offset, Int32 size)
   在 System.IO.BufferedStream.ReadByte()
   在 RabbitMQ.Client.Impl.InboundFrame.ReadFrom(Stream reader)
   在 RabbitMQ.Client.Impl.SocketFrameHandler.ReadFrame()
   在 RabbitMQ.Client.Framing.Impl.Connection.MainLoopIteration()
   在 RabbitMQ.Client.Framing.Impl.Connection.MainLoop()
   在 RabbitMQ.Client.Framing.Impl.Connection.EnsureIsOpen()
   在 RabbitMQ.Client.Framing.Impl.AutorecoveringConnection.EnsureIsOpen()
   在 RabbitMQ.Client.Framing.Impl.AutorecoveringConnection.CreateModel()
   在 FXCommon.MqQueue.MQTask.ListenModelConnect(Boolean isRetry) 位置 F:\项目\饭票后端\FXCommon\MqQueue\MQTask.cs:行号 181

2021/7/20 13:43:08
发送通道连接失败
RabbitMQ.Client.Exceptions.AlreadyClosedException: Already closed: The AMQP operation was interrupted: AMQP close-reason, initiated by Library, code=541, text='Unexpected Exception', classId=0, methodId=0, cause=System.IO.IOException: 无法从传输连接中读取数据: 远程主机强迫关闭了一个现有的连接。。 ---> System.Net.Sockets.SocketException: 远程主机强迫关闭了一个现有的连接。
   在 System.Net.Sockets.Socket.Receive(Byte[] buffer, Int32 offset, Int32 size, SocketFlags socketFlags)
   在 System.Net.Sockets.NetworkStream.Read(Byte[] buffer, Int32 offset, Int32 size)
   --- 内部异常堆栈跟踪的结尾 ---
   在 System.Net.Sockets.NetworkStream.Read(Byte[] buffer, Int32 offset, Int32 size)
   在 System.IO.BufferedStream.ReadByte()
   在 RabbitMQ.Client.Impl.InboundFrame.ReadFrom(Stream reader)
   在 RabbitMQ.Client.Impl.SocketFrameHandler.ReadFrame()
   在 RabbitMQ.Client.Framing.Impl.Connection.MainLoopIteration()
   在 RabbitMQ.Client.Framing.Impl.Connection.MainLoop()
   在 RabbitMQ.Client.Framing.Impl.Connection.EnsureIsOpen()
   在 RabbitMQ.Client.Framing.Impl.AutorecoveringConnection.EnsureIsOpen()
   在 RabbitMQ.Client.Framing.Impl.AutorecoveringConnection.CreateModel()
   在 FXCommon.MqQueue.MQTask.SendModelConnect() 位置 F:\项目\饭票后端\FXCommon\MqQueue\MQTask.cs:行号 144

2021/7/20 13:43:12
启动队列监听出错
RabbitMQ.Client.Exceptions.AlreadyClosedException: Already closed: The AMQP operation was interrupted: AMQP close-reason, initiated by Library, code=541, text='Unexpected Exception', classId=0, methodId=0, cause=System.IO.IOException: 无法从传输连接中读取数据: 远程主机强迫关闭了一个现有的连接。。 ---> System.Net.Sockets.SocketException: 远程主机强迫关闭了一个现有的连接。
   在 System.Net.Sockets.Socket.Receive(Byte[] buffer, Int32 offset, Int32 size, SocketFlags socketFlags)
   在 System.Net.Sockets.NetworkStream.Read(Byte[] buffer, Int32 offset, Int32 size)
   --- 内部异常堆栈跟踪的结尾 ---
   在 System.Net.Sockets.NetworkStream.Read(Byte[] buffer, Int32 offset, Int32 size)
   在 System.IO.BufferedStream.ReadByte()
   在 RabbitMQ.Client.Impl.InboundFrame.ReadFrom(Stream reader)
   在 RabbitMQ.Client.Impl.SocketFrameHandler.ReadFrame()
   在 RabbitMQ.Client.Framing.Impl.Connection.MainLoopIteration()
   在 RabbitMQ.Client.Framing.Impl.Connection.MainLoop()
   在 RabbitMQ.Client.Framing.Impl.Connection.EnsureIsOpen()
   在 RabbitMQ.Client.Framing.Impl.AutorecoveringConnection.EnsureIsOpen()
   在 RabbitMQ.Client.Framing.Impl.AutorecoveringConnection.CreateModel()
   在 FXCommon.MqQueue.MQTask.ListenModelConnect(Boolean isRetry) 位置 F:\项目\饭票后端\FXCommon\MqQueue\MQTask.cs:行号 181

2021/7/20 13:43:12
发送通道连接失败
RabbitMQ.Client.Exceptions.AlreadyClosedException: Already closed: The AMQP operation was interrupted: AMQP close-reason, initiated by Library, code=541, text='Unexpected Exception', classId=0, methodId=0, cause=System.IO.IOException: 无法从传输连接中读取数据: 远程主机强迫关闭了一个现有的连接。。 ---> System.Net.Sockets.SocketException: 远程主机强迫关闭了一个现有的连接。
   在 System.Net.Sockets.Socket.Receive(Byte[] buffer, Int32 offset, Int32 size, SocketFlags socketFlags)
   在 System.Net.Sockets.NetworkStream.Read(Byte[] buffer, Int32 offset, Int32 size)
   --- 内部异常堆栈跟踪的结尾 ---
   在 System.Net.Sockets.NetworkStream.Read(Byte[] buffer, Int32 offset, Int32 size)
   在 System.IO.BufferedStream.ReadByte()
   在 RabbitMQ.Client.Impl.InboundFrame.ReadFrom(Stream reader)
   在 RabbitMQ.Client.Impl.SocketFrameHandler.ReadFrame()
   在 RabbitMQ.Client.Framing.Impl.Connection.MainLoopIteration()
   在 RabbitMQ.Client.Framing.Impl.Connection.MainLoop()
   在 RabbitMQ.Client.Framing.Impl.Connection.EnsureIsOpen()
   在 RabbitMQ.Client.Framing.Impl.AutorecoveringConnection.EnsureIsOpen()
   在 RabbitMQ.Client.Framing.Impl.AutorecoveringConnection.CreateModel()
   在 FXCommon.MqQueue.MQTask.SendModelConnect() 位置 F:\项目\饭票后端\FXCommon\MqQueue\MQTask.cs:行号 144

2021/7/20 13:43:15
启动队列监听出错
RabbitMQ.Client.Exceptions.AlreadyClosedException: Already closed: The AMQP operation was interrupted: AMQP close-reason, initiated by Library, code=541, text='Unexpected Exception', classId=0, methodId=0, cause=System.IO.IOException: 无法从传输连接中读取数据: 远程主机强迫关闭了一个现有的连接。。 ---> System.Net.Sockets.SocketException: 远程主机强迫关闭了一个现有的连接。
   在 System.Net.Sockets.Socket.Receive(Byte[] buffer, Int32 offset, Int32 size, SocketFlags socketFlags)
   在 System.Net.Sockets.NetworkStream.Read(Byte[] buffer, Int32 offset, Int32 size)
   --- 内部异常堆栈跟踪的结尾 ---
   在 System.Net.Sockets.NetworkStream.Read(Byte[] buffer, Int32 offset, Int32 size)
   在 System.IO.BufferedStream.ReadByte()
   在 RabbitMQ.Client.Impl.InboundFrame.ReadFrom(Stream reader)
   在 RabbitMQ.Client.Impl.SocketFrameHandler.ReadFrame()
   在 RabbitMQ.Client.Framing.Impl.Connection.MainLoopIteration()
   在 RabbitMQ.Client.Framing.Impl.Connection.MainLoop()
   在 RabbitMQ.Client.Framing.Impl.Connection.EnsureIsOpen()
   在 RabbitMQ.Client.Framing.Impl.AutorecoveringConnection.EnsureIsOpen()
   在 RabbitMQ.Client.Framing.Impl.AutorecoveringConnection.CreateModel()
   在 FXCommon.MqQueue.MQTask.ListenModelConnect(Boolean isRetry) 位置 F:\项目\饭票后端\FXCommon\MqQueue\MQTask.cs:行号 181

2021/7/20 13:58:55
监听队列已链接


2021/7/20 14:00:46
需要更新分笔的股票数据扔到队列失败
System.Net.WebException: 远程服务器返回错误: (500) 内部服务器错误。
   在 System.Net.HttpWebRequest.GetResponse()
   在 FXCommon.Common.HtmlSender.Post_BasicAuth(String content, String url, String auth, String method) 位置 F:\项目\饭票后端\FXCommon\Common\HtmlSender.cs:行号 112
   在 FXCommon.MqQueue.MQTask.ClearQueueData(String queryName) 位置 F:\项目\饭票后端\FXCommon\MqQueue\MQTask.cs:行号 255
   在 MealTicket_Web_Handler.Runner.RunnerHelper.SendTransactionShares(String taskGuid, Int32 dataType) 位置 F:\项目\饭票后端\MealTicket_Web_Handler\Runner\RunnerHelper.cs:行号 2614
   在 MealTicket_Web_Handler.Transactiondata.TransactionDataTask.PushToDataUpDate(TransactiondataTaskQueueInfo dataObj) 位置 F:\项目\饭票后端\MealTicket_Web_Handler\Transactiondata\TransactionDataTask.cs:行号 158

