2021/4/26 10:30:27
自动买入交易出错
System.ComponentModel.Win32Exception (0x80004005): 等待的操作过时。

2021/4/26 11:12:53
队列链接断开重连


2021/4/26 11:12:53
自动买入交易出错
System.Data.Entity.Core.OptimisticConcurrencyException: Store update, insert, or delete statement affected an unexpected number of rows (0). Entities may have been modified or deleted since entities were loaded. See http://go.microsoft.com/fwlink/?LinkId=472540 for information on understanding and handling optimistic concurrency exceptions.
   在 System.Data.Entity.Core.Mapping.Update.Internal.UpdateTranslator.ValidateRowsAffected(Int64 rowsAffected, UpdateCommand source)
   在 System.Data.Entity.Core.Mapping.Update.Internal.UpdateTranslator.Update()
   在 System.Data.Entity.Core.EntityClient.Internal.EntityAdapter.<>c.<Update>b__21_0(UpdateTranslator ut)
   在 System.Data.Entity.Core.EntityClient.Internal.EntityAdapter.Update[T](T noChangesResult, Func`2 updateFunction)
   在 System.Data.Entity.Core.EntityClient.Internal.EntityAdapter.Update()
   在 System.Data.Entity.Core.Objects.ObjectContext.<SaveChangesToStore>b__153_0()
   在 System.Data.Entity.Core.Objects.ObjectContext.ExecuteInTransaction[T](Func`1 func, IDbExecutionStrategy executionStrategy, Boolean startLocalTransaction, Boolean releaseConnectionOnSuccess)
   在 System.Data.Entity.Core.Objects.ObjectContext.SaveChangesToStore(SaveOptions options, IDbExecutionStrategy executionStrategy, Boolean startLocalTransaction)
   在 System.Data.Entity.Core.Objects.ObjectContext.<>c__DisplayClass148_0.<SaveChangesInternal>b__0()
   在 System.Data.Entity.SqlServer.DefaultSqlExecutionStrategy.Execute[TResult](Func`1 operation)
   在 System.Data.Entity.Core.Objects.ObjectContext.SaveChangesInternal(SaveOptions options, Boolean executeInExistingTransaction)
   在 System.Data.Entity.Core.Objects.ObjectContext.SaveChanges(SaveOptions options)
   在 System.Data.Entity.Internal.InternalContext.SaveChanges()

2021/4/26 11:12:54
队列链接断开重连


2021/4/26 11:12:57
队列链接断开重连


2021/4/26 11:12:57
队列链接断开重连


2021/4/26 11:12:58
队列链接断开重连


2021/4/26 11:12:59
队列链接断开重连


2021/4/26 11:33:24
购买失败
MealTicket_Web_Handler.Model.WebApiException: 委托金额有误
   在 MealTicket_Web_Handler.Runner.RunnerHelper.TradeAutoBuy() 位置 F:\项目\饭票后端\MealTicket_Web_Handler\Runner\RunnerHelper.cs:行号 949

2021/4/26 11:33:24
自动买入交易出错
MealTicket_Web_Handler.Model.WebApiException: 委托金额有误
   在 MealTicket_Web_Handler.Runner.RunnerHelper.TradeAutoBuy() 位置 F:\项目\饭票后端\MealTicket_Web_Handler\Runner\RunnerHelper.cs:行号 1003
   在 MealTicket_Web_APIService.runner.TradeAutoBuyRunner.Execute() 位置 F:\项目\饭票后端\MealTicket_Web_APIService\runner\TradeAutoBuyRunner.cs:行号 46

2021/4/26 11:43:59
卖出模板导入出错
MealTicket_Web_Handler.Model.WebApiException: 持仓不存在
   在 MealTicket_Web_Handler.TrendHandler.ImportConditiontradeTemplateSell(ImportConditiontradeTemplateSellRequest request, HeadBase basedata) 位置 F:\项目\饭票后端\MealTicket_Web_Handler\TrendHandler.cs:行号 5671

2021/4/26 13:26:32
购买失败
MealTicket_Web_Handler.Model.WebApiException: 委托金额有误
   在 MealTicket_Web_Handler.Runner.RunnerHelper.TradeAutoBuy() 位置 F:\项目\饭票后端\MealTicket_Web_Handler\Runner\RunnerHelper.cs:行号 949

2021/4/26 13:26:32
自动买入交易出错
MealTicket_Web_Handler.Model.WebApiException: 委托金额有误
   在 MealTicket_Web_Handler.Runner.RunnerHelper.TradeAutoBuy() 位置 F:\项目\饭票后端\MealTicket_Web_Handler\Runner\RunnerHelper.cs:行号 1003
   在 MealTicket_Web_APIService.runner.TradeAutoBuyRunner.Execute() 位置 F:\项目\饭票后端\MealTicket_Web_APIService\runner\TradeAutoBuyRunner.cs:行号 46

