2021/4/23 10:35:20
购买失败
MealTicket_Web_Handler.Model.WebApiException: 委托金额有误
   在 MealTicket_Web_Handler.Runner.RunnerHelper.TradeAutoBuy() 位置 F:\项目\饭票后端\MealTicket_Web_Handler\Runner\RunnerHelper.cs:行号 949

2021/4/23 10:35:20
自动买入交易出错
MealTicket_Web_Handler.Model.WebApiException: 委托金额有误
   在 MealTicket_Web_Handler.Runner.RunnerHelper.TradeAutoBuy() 位置 F:\项目\饭票后端\MealTicket_Web_Handler\Runner\RunnerHelper.cs:行号 1003
   在 MealTicket_Web_APIService.runner.TradeAutoBuyRunner.Execute() 位置 F:\项目\饭票后端\MealTicket_Web_APIService\runner\TradeAutoBuyRunner.cs:行号 46

2021/4/23 10:35:20
队列链接断开重连


2021/4/23 10:35:21
队列链接断开重连


2021/4/23 10:35:22
队列链接断开重连


2021/4/23 10:35:23
队列链接断开重连


2021/4/23 10:35:23
队列链接断开重连


2021/4/23 10:35:24
队列链接断开重连


2021/4/23 10:35:25
队列链接断开重连


2021/4/23 10:35:26
队列链接断开重连


2021/4/23 10:35:27
队列链接断开重连


2021/4/23 10:35:28
队列链接断开重连


2021/4/23 10:41:03
购买失败
MealTicket_Web_Handler.Model.WebApiException: 委托金额有误
   在 MealTicket_Web_Handler.Runner.RunnerHelper.TradeAutoBuy() 位置 F:\项目\饭票后端\MealTicket_Web_Handler\Runner\RunnerHelper.cs:行号 949

2021/4/23 10:41:03
自动买入交易出错
MealTicket_Web_Handler.Model.WebApiException: 委托金额有误
   在 MealTicket_Web_Handler.Runner.RunnerHelper.TradeAutoBuy() 位置 F:\项目\饭票后端\MealTicket_Web_Handler\Runner\RunnerHelper.cs:行号 1003
   在 MealTicket_Web_APIService.runner.TradeAutoBuyRunner.Execute() 位置 F:\项目\饭票后端\MealTicket_Web_APIService\runner\TradeAutoBuyRunner.cs:行号 46

2021/4/23 10:41:08
队列链接断开重连


2021/4/23 10:41:08
队列链接断开重连


2021/4/23 10:41:08
队列链接断开重连


2021/4/23 10:41:10
队列链接断开重连


2021/4/23 10:41:12
队列链接断开重连


2021/4/23 10:41:13
队列链接断开重连


2021/4/23 10:41:13
队列链接断开重连


2021/4/23 10:41:13
队列链接断开重连


2021/4/23 10:41:14
队列链接断开重连


2021/4/23 10:41:15
队列链接断开重连


2021/4/23 10:41:17
队列链接断开重连


2021/4/23 10:41:18
队列链接断开重连


2021/4/23 10:41:18
队列链接断开重连


2021/4/23 10:41:19
队列链接断开重连


2021/4/23 10:41:19
队列链接断开重连


2021/4/23 10:41:21
队列链接断开重连


2021/4/23 10:41:21
队列链接断开重连


2021/4/23 10:41:22
队列链接断开重连


2021/4/23 10:41:22
队列链接断开重连


2021/4/23 10:41:24
队列链接断开重连


2021/4/23 10:41:25
队列链接断开重连


2021/4/23 10:41:25
队列链接断开重连


2021/4/23 10:41:26
队列链接断开重连


2021/4/23 10:41:27
队列链接断开重连


2021/4/23 10:41:27
队列链接断开重连


2021/4/23 10:41:28
队列链接断开重连


2021/4/23 10:41:28
队列链接断开重连


2021/4/23 10:41:30
队列链接断开重连


2021/4/23 10:41:30
队列链接断开重连


2021/4/23 10:41:32
队列链接断开重连


2021/4/23 10:41:33
队列链接断开重连


2021/4/23 10:41:35
队列链接断开重连


2021/4/23 10:41:35
队列链接断开重连


2021/4/23 10:41:37
队列链接断开重连


2021/4/23 10:41:39
队列链接断开重连


2021/4/23 10:41:41
队列链接断开重连


2021/4/23 10:41:41
队列链接断开重连


2021/4/23 10:41:42
队列链接断开重连


2021/4/23 10:41:42
队列链接断开重连


2021/4/23 10:41:43
队列链接断开重连


2021/4/23 10:41:44
队列链接断开重连


2021/4/23 10:41:44
队列链接断开重连


2021/4/23 10:41:45
队列链接断开重连


2021/4/23 10:41:47
队列链接断开重连


2021/4/23 10:41:47
队列链接断开重连


2021/4/23 10:41:48
队列链接断开重连


2021/4/23 10:41:49
队列链接断开重连


2021/4/23 10:41:49
队列链接断开重连


2021/4/23 10:41:51
队列链接断开重连


2021/4/23 10:41:54
队列链接断开重连


2021/4/23 10:41:56
队列链接断开重连


2021/4/23 10:41:57
队列链接断开重连


2021/4/23 10:41:58
队列链接断开重连


2021/4/23 10:41:58
队列链接断开重连


2021/4/23 10:41:59
队列链接断开重连


2021/4/23 10:41:59
队列链接断开重连


2021/4/23 10:42:00
队列链接断开重连


2021/4/23 10:42:00
队列链接断开重连


2021/4/23 10:42:00
队列链接断开重连


2021/4/23 10:42:01
队列链接断开重连


2021/4/23 10:42:02
队列链接断开重连


2021/4/23 10:42:03
队列链接断开重连


2021/4/23 10:42:03
队列链接断开重连


2021/4/23 10:42:04
队列链接断开重连


2021/4/23 10:42:04
队列链接断开重连


2021/4/23 10:42:05
队列链接断开重连


2021/4/23 10:42:05
队列链接断开重连


2021/4/23 10:42:06
队列链接断开重连


2021/4/23 10:42:07
队列链接断开重连


2021/4/23 10:42:08
队列链接断开重连


2021/4/23 10:42:08
队列链接断开重连


2021/4/23 10:42:09
队列链接断开重连


2021/4/23 10:42:09
队列链接断开重连


2021/4/23 10:42:10
队列链接断开重连


2021/4/23 10:42:10
队列链接断开重连


2021/4/23 10:42:11
队列链接断开重连


2021/4/23 10:42:11
队列链接断开重连


2021/4/23 10:42:12
队列链接断开重连


2021/4/23 10:42:12
队列链接断开重连


2021/4/23 10:42:13
队列链接断开重连


2021/4/23 10:42:14
队列链接断开重连


2021/4/23 10:42:14
队列链接断开重连


2021/4/23 10:42:15
队列链接断开重连


2021/4/23 10:42:16
队列链接断开重连


2021/4/23 10:42:17
队列链接断开重连


2021/4/23 10:42:18
队列链接断开重连


2021/4/23 10:42:18
队列链接断开重连


2021/4/23 10:42:19
队列链接断开重连


2021/4/23 10:42:20
队列链接断开重连


2021/4/23 10:42:20
队列链接断开重连


2021/4/23 10:42:21
队列链接断开重连


2021/4/23 10:42:22
队列链接断开重连


2021/4/23 10:42:22
队列链接断开重连


2021/4/23 10:42:23
队列链接断开重连


2021/4/23 10:42:23
队列链接断开重连


2021/4/23 10:42:24
队列链接断开重连


2021/4/23 10:42:25
队列链接断开重连


2021/4/23 10:42:26
队列链接断开重连


2021/4/23 10:42:26
队列链接断开重连


2021/4/23 10:42:27
队列链接断开重连


2021/4/23 15:55:44
购买失败
MealTicket_Web_Handler.Model.WebApiException: 委托金额有误
   在 MealTicket_Web_Handler.Runner.RunnerHelper.TradeAutoBuy() 位置 F:\项目\饭票后端\MealTicket_Web_Handler\Runner\RunnerHelper.cs:行号 949

2021/4/23 15:55:44
自动买入交易出错
MealTicket_Web_Handler.Model.WebApiException: 委托金额有误
   在 MealTicket_Web_Handler.Runner.RunnerHelper.TradeAutoBuy() 位置 F:\项目\饭票后端\MealTicket_Web_Handler\Runner\RunnerHelper.cs:行号 1003
   在 MealTicket_Web_APIService.runner.TradeAutoBuyRunner.Execute() 位置 F:\项目\饭票后端\MealTicket_Web_APIService\runner\TradeAutoBuyRunner.cs:行号 46

2021/4/23 16:14:00
队列链接断开重连


2021/4/23 16:14:01
队列链接断开重连


2021/4/23 16:14:06
队列链接断开重连


2021/4/23 16:14:08
队列链接断开重连


2021/4/23 16:14:09
队列链接断开重连


2021/4/23 16:14:09
队列链接断开重连


2021/4/23 16:14:09
队列链接断开重连


2021/4/23 16:14:10
队列链接断开重连


2021/4/23 16:14:10
队列链接断开重连


2021/4/23 16:14:11
队列链接断开重连


2021/4/23 16:15:47
购买失败
MealTicket_Web_Handler.Model.WebApiException: 委托金额有误
   在 MealTicket_Web_Handler.Runner.RunnerHelper.TradeAutoBuy() 位置 F:\项目\饭票后端\MealTicket_Web_Handler\Runner\RunnerHelper.cs:行号 949

2021/4/23 16:15:47
自动买入交易出错
MealTicket_Web_Handler.Model.WebApiException: 委托金额有误
   在 MealTicket_Web_Handler.Runner.RunnerHelper.TradeAutoBuy() 位置 F:\项目\饭票后端\MealTicket_Web_Handler\Runner\RunnerHelper.cs:行号 1003
   在 MealTicket_Web_APIService.runner.TradeAutoBuyRunner.Execute() 位置 F:\项目\饭票后端\MealTicket_Web_APIService\runner\TradeAutoBuyRunner.cs:行号 46

2021/4/23 16:19:12
购买失败
MealTicket_Web_Handler.Model.WebApiException: 委托金额有误
   在 MealTicket_Web_Handler.Runner.RunnerHelper.TradeAutoBuy() 位置 F:\项目\饭票后端\MealTicket_Web_Handler\Runner\RunnerHelper.cs:行号 949

2021/4/23 16:19:12
自动买入交易出错
MealTicket_Web_Handler.Model.WebApiException: 委托金额有误
   在 MealTicket_Web_Handler.Runner.RunnerHelper.TradeAutoBuy() 位置 F:\项目\饭票后端\MealTicket_Web_Handler\Runner\RunnerHelper.cs:行号 1003
   在 MealTicket_Web_APIService.runner.TradeAutoBuyRunner.Execute() 位置 F:\项目\饭票后端\MealTicket_Web_APIService\runner\TradeAutoBuyRunner.cs:行号 46

