2021/6/22 21:24:44
购买失败
MealTicket_Web_Handler.Model.WebApiException: 委托金额有误
   在 MealTicket_Web_Handler.Runner.RunnerHelper.doAutoBuyTask(TradeAutoBuyCondition item, Boolean isSyncro) 位置 F:\项目\饭票后端\MealTicket_Web_Handler\Runner\RunnerHelper.cs:行号 1660

2021/6/22 21:24:44
自动买入这里出错
MealTicket_Web_Handler.Model.WebApiException: 委托金额有误
   在 MealTicket_Web_Handler.Runner.RunnerHelper.doAutoBuyTask(TradeAutoBuyCondition item, Boolean isSyncro) 位置 F:\项目\饭票后端\MealTicket_Web_Handler\Runner\RunnerHelper.cs:行号 1722

2021/6/22 21:25:47
自动交易出错
System.ComponentModel.Win32Exception (0x80004005): 等待的操作过时。

2021/6/22 21:33:36
购买失败
MealTicket_Web_Handler.Model.WebApiException: 委托金额有误
   在 MealTicket_Web_Handler.Runner.RunnerHelper.doAutoBuyTask(TradeAutoBuyCondition item, Boolean isSyncro) 位置 F:\项目\饭票后端\MealTicket_Web_Handler\Runner\RunnerHelper.cs:行号 1660

2021/6/22 21:33:40
队列链接断开重连


2021/6/22 21:33:41
队列链接断开重连


2021/6/22 21:33:41
队列链接断开重连


2021/6/22 21:33:41
购买失败
MealTicket_Web_Handler.Model.WebApiException: 委托金额有误
   在 MealTicket_Web_Handler.Runner.RunnerHelper.doAutoBuyTask(TradeAutoBuyCondition item, Boolean isSyncro) 位置 F:\项目\饭票后端\MealTicket_Web_Handler\Runner\RunnerHelper.cs:行号 1660

2021/6/22 21:33:41
自动买入这里出错
MealTicket_Web_Handler.Model.WebApiException: 委托金额有误
   在 MealTicket_Web_Handler.Runner.RunnerHelper.doAutoBuyTask(TradeAutoBuyCondition item, Boolean isSyncro) 位置 F:\项目\饭票后端\MealTicket_Web_Handler\Runner\RunnerHelper.cs:行号 1722

2021/6/22 21:35:59
队列链接断开重连


2021/6/22 21:36:01
队列链接断开重连


2021/6/22 21:36:02
队列链接断开重连


2021/6/22 21:36:02
队列链接断开重连


2021/6/22 21:36:03
队列链接断开重连


2021/6/22 21:36:04
MQ链接异常
System.TimeoutException: 操作已超时。
   在 RabbitMQ.Util.BlockingCell`1.WaitForValue(TimeSpan timeout)
   在 RabbitMQ.Client.Impl.SimpleBlockingRpcContinuation.GetReply(TimeSpan timeout)
   在 RabbitMQ.Client.Impl.ModelBase.BasicConsume(String queue, Boolean autoAck, String consumerTag, Boolean noLocal, Boolean exclusive, IDictionary`2 arguments, IBasicConsumer consumer)
   在 RabbitMQ.Client.Impl.AutorecoveringModel.BasicConsume(String queue, Boolean autoAck, String consumerTag, Boolean noLocal, Boolean exclusive, IDictionary`2 arguments, IBasicConsumer consumer)
   在 RabbitMQ.Client.IModelExensions.BasicConsume(IModel model, String queue, Boolean autoAck, IBasicConsumer consumer)
   在 MealTicket_Web_Handler.MQHandler.Reconnect() 位置 F:\项目\饭票后端\MealTicket_Web_Handler\MQHandler.cs:行号 103

2021/6/22 21:36:04
队列链接断开重连


2021/6/22 21:36:04
队列链接断开重连


2021/6/22 21:36:05
队列链接断开重连


2021/6/22 21:36:06
队列链接断开重连


2021/6/22 21:36:07
队列链接断开重连


2021/6/22 21:36:08
队列链接断开重连


2021/6/22 21:36:09
队列链接断开重连


