2021/9/14 14:19:09
监听队列已链接


2021/9/14 14:19:23
监听队列已链接


2021/9/14 16:14:38
监听队列已链接


2021/9/14 16:14:40
监听队列已链接


2021/9/14 16:15:03
===查询需要自动买入的数据===2021-09-14 16:15:03.287
===查询结束===2021-09-14 16:15:03.325



2021/9/14 16:15:03
===开始自动买入判断（总）===2021-09-14 16:15:03.326


2021/9/14 16:15:09
持仓买入总金额不能超过1212.00元,剩余可买金额1212.00元


2021/9/14 16:15:09
遇到以零作除数错误。


2021/9/14 16:15:34
===结束自动买入判断（总）===2021-09-14 16:15:34.875


2021/9/14 16:15:34
==================================


2021/9/14 16:17:42
===查询需要自动买入的数据===2021-09-14 16:17:42.708
===查询结束===2021-09-14 16:17:42.740



2021/9/14 16:17:42
===开始自动买入判断（总）===2021-09-14 16:17:42.748


2021/9/14 16:17:44
持仓买入总金额不能超过1212.00元,剩余可买金额1212.00元


2021/9/14 16:17:44
遇到以零作除数错误。


2021/9/14 16:18:26
===结束自动买入判断（总）===2021-09-14 16:18:26.793


2021/9/14 16:18:26
==================================


2021/9/14 16:21:41
监听队列已链接


2021/9/14 16:21:43
监听队列已链接


2021/9/14 16:21:43
===查询需要自动买入的数据===2021-09-14 16:21:43.552
===查询结束===2021-09-14 16:21:43.615



2021/9/14 16:21:43
===开始自动买入判断（总）===2021-09-14 16:21:43.615


2021/9/14 16:21:45
持仓买入总金额不能超过1212.00元,剩余可买金额1212.00元


2021/9/14 16:21:45
遇到以零作除数错误。


