2021/6/18 13:32:04
分析板块涨跌幅出错了
System.FormatException: 输入字符串的格式不正确。
   在 System.Number.StringToNumber(String str, NumberStyles options, NumberBuffer& number, NumberFormatInfo info, Boolean parseDecimal)
   在 System.Number.ParseInt32(String s, NumberStyles style, NumberFormatInfo info)
   在 System.String.System.IConvertible.ToInt32(IFormatProvider provider)
   在 System.Convert.ChangeType(Object value, Type conversionType, IFormatProvider provider)
   在 Newtonsoft.Json.Utilities.ConvertUtils.TryConvertInternal(Object initialValue, CultureInfo culture, Type targetType, Object& value)
   在 Newtonsoft.Json.Utilities.ConvertUtils.Convert(Object initialValue, CultureInfo culture, Type targetType)
   在 Newtonsoft.Json.Linq.JValue.JValueDynamicProxy.TryConvert(JValue instance, ConvertBinder binder, Object& result)
   在 CallSite.Target(Closure , CallSite , Object )
   在 System.Dynamic.UpdateDelegates.UpdateAndExecute1[T0,TRet](CallSite site, T0 arg0)
   在 MealTicket_Web_Handler.DataHelper.Analysis_PlateRiseRate(String sharesCode, Int32 market, List`1 par) 位置 F:\项目\饭票后端\MealTicket_Web_Handler\DataHelper.cs:行号 1321

2021/6/18 13:32:12
分析板块涨跌幅出错了
System.FormatException: 输入字符串的格式不正确。
   在 System.Number.StringToNumber(String str, NumberStyles options, NumberBuffer& number, NumberFormatInfo info, Boolean parseDecimal)
   在 System.Number.ParseInt32(String s, NumberStyles style, NumberFormatInfo info)
   在 System.String.System.IConvertible.ToInt32(IFormatProvider provider)
   在 System.Convert.ChangeType(Object value, Type conversionType, IFormatProvider provider)
   在 Newtonsoft.Json.Utilities.ConvertUtils.TryConvertInternal(Object initialValue, CultureInfo culture, Type targetType, Object& value)
   在 Newtonsoft.Json.Utilities.ConvertUtils.Convert(Object initialValue, CultureInfo culture, Type targetType)
   在 Newtonsoft.Json.Linq.JValue.JValueDynamicProxy.TryConvert(JValue instance, ConvertBinder binder, Object& result)
   在 CallSite.Target(Closure , CallSite , Object )
   在 MealTicket_Web_Handler.DataHelper.Analysis_PlateRiseRate(String sharesCode, Int32 market, List`1 par) 位置 F:\项目\饭票后端\MealTicket_Web_Handler\DataHelper.cs:行号 1321

2021/6/18 13:32:20
分析板块涨跌幅出错了
System.FormatException: 输入字符串的格式不正确。
   在 System.Number.StringToNumber(String str, NumberStyles options, NumberBuffer& number, NumberFormatInfo info, Boolean parseDecimal)
   在 System.Number.ParseInt32(String s, NumberStyles style, NumberFormatInfo info)
   在 System.String.System.IConvertible.ToInt32(IFormatProvider provider)
   在 System.Convert.ChangeType(Object value, Type conversionType, IFormatProvider provider)
   在 Newtonsoft.Json.Utilities.ConvertUtils.TryConvertInternal(Object initialValue, CultureInfo culture, Type targetType, Object& value)
   在 Newtonsoft.Json.Utilities.ConvertUtils.Convert(Object initialValue, CultureInfo culture, Type targetType)
   在 Newtonsoft.Json.Linq.JValue.JValueDynamicProxy.TryConvert(JValue instance, ConvertBinder binder, Object& result)
   在 CallSite.Target(Closure , CallSite , Object )
   在 MealTicket_Web_Handler.DataHelper.Analysis_PlateRiseRate(String sharesCode, Int32 market, List`1 par) 位置 F:\项目\饭票后端\MealTicket_Web_Handler\DataHelper.cs:行号 1321

