2021/8/3 13:02:10
监听队列已链接


2021/8/3 13:03:27
PlateRateSession缓存加载失败
System.ComponentModel.Win32Exception (0x80004005): 等待的操作过时。

2021/8/3 13:03:57
自动加入股票出错
MealTicket_Web_Handler.Model.WebApiException: 参数错误
   在 MealTicket_Web_Handler.Runner.RunnerHelper._ToExportShares(SharesAutoJoinExportInfo temp) 位置 F:\项目\饭票后端\MealTicket_Web_Handler\Runner\RunnerHelper.cs:行号 3608
   在 MealTicket_Web_Handler.Runner.RunnerHelper.<>c__DisplayClass22_0.<ToExportShares>b__0() 位置 F:\项目\饭票后端\MealTicket_Web_Handler\Runner\RunnerHelper.cs:行号 3212
   在 System.Threading.Tasks.Task.InnerInvoke()
   在 System.Threading.Tasks.Task.Execute()

2021/8/3 13:05:35
监听队列已链接


2021/8/3 13:08:42
监听队列已链接


2021/8/3 13:19:47
监听队列已链接


2021/8/3 13:20:48
监听队列已链接


2021/8/3 13:23:04
监听队列已链接


2021/8/3 13:25:21
监听队列已链接


2021/8/3 13:31:17
监听队列已链接


2021/8/3 13:35:22
监听队列已链接


2021/8/3 13:39:23
SharesQuotesDateSession缓存加载失败
System.ComponentModel.Win32Exception (0x80004005): 等待的操作过时。

2021/8/3 13:41:02
监听队列已链接


2021/8/3 13:42:28
SharesQuotesSession缓存加载失败
System.ComponentModel.Win32Exception (0x80004005): 等待的操作过时。

2021/8/3 13:43:16
SharesBaseSession缓存加载失败
System.ComponentModel.Win32Exception (0x80004005): 等待的操作过时。

2021/8/3 13:48:06
监听队列已链接


