2021/5/17 10:08:49
分析板块涨跌幅出错了
Microsoft.CSharp.RuntimeBinder.RuntimeBinderException: 运算符“==”无法应用于“long”和“Newtonsoft.Json.Linq.JValue”类型的操作数
   在 CallSite.Target(Closure , CallSite , Int64 , Object )
   在 System.Dynamic.UpdateDelegates.UpdateAndExecute2[T0,T1,TRet](CallSite site, T0 arg0, T1 arg1)
   在 MealTicket_Web_Handler.DataHelper.<>c__DisplayClass10_2.<Analysis_PlateRiseRate>b__4(v_plate e) 位置 F:\项目\饭票后端\MealTicket_Web_Handler\DataHelper.cs:行号 924
   在 System.Linq.Enumerable.WhereListIterator`1.MoveNext()
   在 System.Linq.Enumerable.FirstOrDefault[TSource](IEnumerable`1 source)
   在 MealTicket_Web_Handler.DataHelper.Analysis_PlateRiseRate(String sharesCode, Int32 market, List`1 par) 位置 F:\项目\饭票后端\MealTicket_Web_Handler\DataHelper.cs:行号 924

2021/5/17 10:11:50
分析板块涨跌幅出错了
System.FormatException: 输入字符串的格式不正确。
   在 System.Number.StringToNumber(String str, NumberStyles options, NumberBuffer& number, NumberFormatInfo info, Boolean parseDecimal)
   在 System.Number.ParseInt32(String s, NumberStyles style, NumberFormatInfo info)
   在 System.String.System.IConvertible.ToInt32(IFormatProvider provider)
   在 System.Convert.ChangeType(Object value, Type conversionType, IFormatProvider provider)
   在 Newtonsoft.Json.Utilities.ConvertUtils.TryConvertInternal(Object initialValue, CultureInfo culture, Type targetType, Object& value)
   在 Newtonsoft.Json.Utilities.ConvertUtils.Convert(Object initialValue, CultureInfo culture, Type targetType)
   在 Newtonsoft.Json.Linq.JValue.JValueDynamicProxy.TryConvert(JValue instance, ConvertBinder binder, Object& result)
   在 CallSite.Target(Closure , CallSite , Object )
   在 System.Dynamic.UpdateDelegates.UpdateAndExecute1[T0,TRet](CallSite site, T0 arg0)
   在 MealTicket_Web_Handler.DataHelper.Analysis_PlateRiseRate(String sharesCode, Int32 market, List`1 par) 位置 F:\项目\饭票后端\MealTicket_Web_Handler\DataHelper.cs:行号 920

2021/5/17 10:15:12
分析板块涨跌幅出错了
Microsoft.CSharp.RuntimeBinder.RuntimeBinderException: 运算符“==”无法应用于“int”和“Newtonsoft.Json.Linq.JValue”类型的操作数
   在 CallSite.Target(Closure , CallSite , Int32 , Object )
   在 System.Dynamic.UpdateDelegates.UpdateAndExecute2[T0,T1,TRet](CallSite site, T0 arg0, T1 arg1)
   在 MealTicket_Web_Handler.DataHelper.<>c__DisplayClass10_3.<Analysis_PlateRiseRate>b__5(v_plate e) 位置 F:\项目\饭票后端\MealTicket_Web_Handler\DataHelper.cs:行号 968
   在 System.Linq.Enumerable.WhereSelectListIterator`2.MoveNext()
   在 System.Collections.Generic.List`1..ctor(IEnumerable`1 collection)
   在 System.Linq.Enumerable.ToList[TSource](IEnumerable`1 source)
   在 MealTicket_Web_Handler.DataHelper.Analysis_PlateRiseRate(String sharesCode, Int32 market, List`1 par) 位置 F:\项目\饭票后端\MealTicket_Web_Handler\DataHelper.cs:行号 968

2021/5/17 10:19:51
购买失败
MealTicket_Web_Handler.Model.WebApiException: 委托金额有误
   在 MealTicket_Web_Handler.Runner.RunnerHelper.TradeAutoBuy() 位置 F:\项目\饭票后端\MealTicket_Web_Handler\Runner\RunnerHelper.cs:行号 1235

2021/5/17 10:19:51
自动买入交易出错
MealTicket_Web_Handler.Model.WebApiException: 委托金额有误
   在 MealTicket_Web_Handler.Runner.RunnerHelper.TradeAutoBuy() 位置 F:\项目\饭票后端\MealTicket_Web_Handler\Runner\RunnerHelper.cs:行号 1294
   在 MealTicket_Web_APIService.runner.TradeAutoBuyRunner.Execute() 位置 F:\项目\饭票后端\MealTicket_Web_APIService\runner\TradeAutoBuyRunner.cs:行号 46

