2021/4/29 15:48:47
10{"iLastestPercent":0,"beginInfo":null,"lastestInfo":null,"iShortWaveCnt":0,"topInfo":null,"lowestInfo":null}


2021/4/29 16:17:06
10{"iLastestPercent":0,"beginInfo":null,"lastestInfo":null,"iShortWaveCnt":0,"topInfo":null,"lowestInfo":null}


2021/4/29 16:17:07
10{"iLastestPercent":0,"beginInfo":null,"lastestInfo":null,"iShortWaveCnt":0,"topInfo":null,"lowestInfo":null}


2021/4/29 16:17:09
10{"iLastestPercent":0,"beginInfo":null,"lastestInfo":null,"iShortWaveCnt":0,"topInfo":null,"lowestInfo":null}


2021/4/29 16:17:10
10{"iLastestPercent":0,"beginInfo":null,"lastestInfo":null,"iShortWaveCnt":0,"topInfo":null,"lowestInfo":null}


2021/4/29 16:17:12
10{"iLastestPercent":0,"beginInfo":null,"lastestInfo":null,"iShortWaveCnt":0,"topInfo":null,"lowestInfo":null}


2021/4/29 16:17:13
10{"iLastestPercent":0,"beginInfo":null,"lastestInfo":null,"iShortWaveCnt":0,"topInfo":null,"lowestInfo":null}


2021/4/29 16:17:15
10{"iLastestPercent":0,"beginInfo":null,"lastestInfo":null,"iShortWaveCnt":0,"topInfo":null,"lowestInfo":null}


2021/4/29 16:17:18
自动买入交易出错
System.Data.SqlClient.SqlException (0x80131904): 事务(进程 ID 100)与另一个进程被死锁在 锁 资源上，并且已被选作死锁牺牲品。请重新运行该事务。
   在 System.Data.SqlClient.SqlConnection.OnError(SqlException exception, Boolean breakConnection, Action`1 wrapCloseInAction)
   在 System.Data.SqlClient.SqlInternalConnection.OnError(SqlException exception, Boolean breakConnection, Action`1 wrapCloseInAction)
   在 System.Data.SqlClient.TdsParser.ThrowExceptionAndWarning(TdsParserStateObject stateObj, Boolean callerHasConnectionLock, Boolean asyncClose)
   在 System.Data.SqlClient.TdsParser.TryRun(RunBehavior runBehavior, SqlCommand cmdHandler, SqlDataReader dataStream, BulkCopySimpleResultSet bulkCopyHandler, TdsParserStateObject stateObj, Boolean& dataReady)
   在 System.Data.SqlClient.SqlDataReader.TryHasMoreRows(Boolean& moreRows)
   在 System.Data.SqlClient.SqlDataReader.TryReadInternal(Boolean setTimeout, Boolean& more)
   在 System.Data.SqlClient.SqlDataReader.Read()
   在 System.Data.Entity.Core.Common.Internal.Materialization.Shaper`1.StoreRead()
ClientConnectionId:05d7f7ec-c018-4b1d-b0ea-d06c5dac7666
Error Number:1205,State:51,Class:13

2021/4/29 16:25:51
队列链接断开重连


2021/4/29 16:26:08
队列链接断开重连


2021/4/29 16:26:19
队列链接断开重连


2021/4/29 16:26:21
队列链接断开重连


2021/4/29 16:26:21
队列链接断开重连


2021/4/29 16:26:22
队列链接断开重连


2021/4/29 16:26:22
队列链接断开重连


2021/4/29 16:26:23
队列链接断开重连


2021/4/29 16:26:23
队列链接断开重连


2021/4/29 16:26:24
队列链接断开重连


2021/4/29 16:27:29
购买失败
MealTicket_Web_Handler.Model.WebApiException: 委托金额有误
   在 MealTicket_Web_Handler.Runner.RunnerHelper.TradeAutoBuy() 位置 F:\项目\饭票后端\MealTicket_Web_Handler\Runner\RunnerHelper.cs:行号 1072

2021/4/29 16:27:29
自动买入交易出错
MealTicket_Web_Handler.Model.WebApiException: 委托金额有误
   在 MealTicket_Web_Handler.Runner.RunnerHelper.TradeAutoBuy() 位置 F:\项目\饭票后端\MealTicket_Web_Handler\Runner\RunnerHelper.cs:行号 1126
   在 MealTicket_Web_APIService.runner.TradeAutoBuyRunner.Execute() 位置 F:\项目\饭票后端\MealTicket_Web_APIService\runner\TradeAutoBuyRunner.cs:行号 46

