2021/8/11 10:28:15
监听队列已链接


2021/8/11 10:29:05
SharesBaseSession缓存加载失败
System.ComponentModel.Win32Exception (0x80004005): 等待的操作过时。

2021/8/11 10:29:23
SharesQuotesSession缓存加载失败
System.ComponentModel.Win32Exception (0x80004005): 等待的操作过时。

2021/8/11 10:29:24
自动交易出错
System.ComponentModel.Win32Exception (0x80004005): 等待的操作过时。

2021/8/11 10:29:35
PlateRateSession缓存加载失败
System.ComponentModel.Win32Exception (0x80004005): 等待的操作过时。

2021/8/11 10:29:39
自动买入交易出错
System.ComponentModel.Win32Exception (0x80004005): 等待的操作过时。

2021/8/11 10:29:40
BasePlateSession缓存加载失败
System.ComponentModel.Win32Exception (0x80004005): 等待的操作过时。

2021/8/11 10:30:45
SharesQuotesSession缓存加载失败
System.ComponentModel.Win32Exception (0x80004005): 等待的操作过时。

2021/8/11 10:31:27
SharesQuotesSession缓存加载失败
System.ComponentModel.Win32Exception (0x80004005): 等待的操作过时。

2021/8/11 10:32:05
BasePlateSession缓存加载失败
System.ComponentModel.Win32Exception (0x80004005): 等待的操作过时。

2021/8/11 10:33:00
PlateRateSession缓存加载失败
System.ComponentModel.Win32Exception (0x80004005): 等待的操作过时。

2021/8/11 10:34:52
监听队列已链接


2021/8/11 14:43:48
监听队列已链接


2021/8/11 14:46:50
分析五档变化速度出错了
System.Data.Entity.Core.EntityCommandExecutionException: The data reader is incompatible with the specified 'meal_ticketModel.t_shares_quotes'. A member of the type, 'Id', does not have a corresponding column in the data reader with the same name.
   在 System.Data.Entity.Core.Query.InternalTrees.ColumnMapFactory.GetMemberOrdinalFromReader(DbDataReader storeDataReader, EdmMember member, EdmType currentType, Dictionary`2 renameList)
   在 System.Data.Entity.Core.Query.InternalTrees.ColumnMapFactory.GetColumnMapsForType(DbDataReader storeDataReader, EdmType edmType, Dictionary`2 renameList)
   在 System.Data.Entity.Core.Query.InternalTrees.ColumnMapFactory.CreateColumnMapFromReaderAndType(DbDataReader storeDataReader, EdmType edmType, EntitySet entitySet, Dictionary`2 renameList)
   在 System.Data.Entity.Core.Objects.ObjectContext.InternalTranslate[TElement](DbDataReader reader, String entitySetName, MergeOption mergeOption, Boolean streaming, EntitySet& entitySet, TypeUsage& edmType)
   在 System.Data.Entity.Core.Objects.ObjectContext.ExecuteStoreQueryInternal[TElement](String commandText, String entitySetName, ExecutionOptions executionOptions, Object[] parameters)
   在 System.Data.Entity.Core.Objects.ObjectContext.<>c__DisplayClass186_0`1.<ExecuteStoreQueryReliably>b__1()
   在 System.Data.Entity.Core.Objects.ObjectContext.ExecuteInTransaction[T](Func`1 func, IDbExecutionStrategy executionStrategy, Boolean startLocalTransaction, Boolean releaseConnectionOnSuccess)
   在 System.Data.Entity.Core.Objects.ObjectContext.<>c__DisplayClass186_0`1.<ExecuteStoreQueryReliably>b__0()
   在 System.Data.Entity.SqlServer.DefaultSqlExecutionStrategy.Execute[TResult](Func`1 operation)
   在 System.Data.Entity.Core.Objects.ObjectContext.ExecuteStoreQueryReliably[TElement](String commandText, String entitySetName, ExecutionOptions executionOptions, Object[] parameters)
   在 System.Data.Entity.Core.Objects.ObjectContext.ExecuteStoreQuery[TElement](String commandText, ExecutionOptions executionOptions, Object[] parameters)
   在 System.Data.Entity.Internal.InternalContext.<>c__DisplayClass111_0`1.<ExecuteSqlQuery>b__0()
   在 System.Data.Entity.Internal.LazyEnumerator`1.MoveNext()
   在 System.Collections.Generic.List`1..ctor(IEnumerable`1 collection)
   在 System.Linq.Enumerable.ToList[TSource](IEnumerable`1 source)
   在 MealTicket_Web_Handler.DataHelper.Analysis_QuotesTypeChangeRate_New_Batch(List`1 sharesList, String par) 位置 F:\项目\饭票后端\MealTicket_Web_Handler\DataHelper.cs:行号 5953

2021/8/11 14:47:34
分析五档变化速度出错了
System.Data.Entity.Core.EntityCommandExecutionException: The data reader is incompatible with the specified 'meal_ticketModel.t_shares_quotes'. A member of the type, 'Id', does not have a corresponding column in the data reader with the same name.
   在 System.Data.Entity.Core.Query.InternalTrees.ColumnMapFactory.GetMemberOrdinalFromReader(DbDataReader storeDataReader, EdmMember member, EdmType currentType, Dictionary`2 renameList)
   在 System.Data.Entity.Core.Query.InternalTrees.ColumnMapFactory.GetColumnMapsForType(DbDataReader storeDataReader, EdmType edmType, Dictionary`2 renameList)
   在 System.Data.Entity.Core.Query.InternalTrees.ColumnMapFactory.CreateColumnMapFromReaderAndType(DbDataReader storeDataReader, EdmType edmType, EntitySet entitySet, Dictionary`2 renameList)
   在 System.Data.Entity.Core.Objects.ObjectContext.InternalTranslate[TElement](DbDataReader reader, String entitySetName, MergeOption mergeOption, Boolean streaming, EntitySet& entitySet, TypeUsage& edmType)
   在 System.Data.Entity.Core.Objects.ObjectContext.ExecuteStoreQueryInternal[TElement](String commandText, String entitySetName, ExecutionOptions executionOptions, Object[] parameters)
   在 System.Data.Entity.Core.Objects.ObjectContext.<>c__DisplayClass186_0`1.<ExecuteStoreQueryReliably>b__1()
   在 System.Data.Entity.Core.Objects.ObjectContext.ExecuteInTransaction[T](Func`1 func, IDbExecutionStrategy executionStrategy, Boolean startLocalTransaction, Boolean releaseConnectionOnSuccess)
   在 System.Data.Entity.Core.Objects.ObjectContext.<>c__DisplayClass186_0`1.<ExecuteStoreQueryReliably>b__0()
   在 System.Data.Entity.SqlServer.DefaultSqlExecutionStrategy.Execute[TResult](Func`1 operation)
   在 System.Data.Entity.Core.Objects.ObjectContext.ExecuteStoreQueryReliably[TElement](String commandText, String entitySetName, ExecutionOptions executionOptions, Object[] parameters)
   在 System.Data.Entity.Core.Objects.ObjectContext.ExecuteStoreQuery[TElement](String commandText, ExecutionOptions executionOptions, Object[] parameters)
   在 System.Data.Entity.Internal.InternalContext.<>c__DisplayClass111_0`1.<ExecuteSqlQuery>b__0()
   在 System.Data.Entity.Internal.LazyEnumerator`1.MoveNext()
   在 System.Collections.Generic.List`1..ctor(IEnumerable`1 collection)
   在 System.Linq.Enumerable.ToList[TSource](IEnumerable`1 source)
   在 MealTicket_Web_Handler.DataHelper.Analysis_QuotesTypeChangeRate_New_Batch(List`1 sharesList, String par) 位置 F:\项目\饭票后端\MealTicket_Web_Handler\DataHelper.cs:行号 5953

2021/8/11 14:50:10
监听队列已链接


2021/8/11 14:51:49
监听队列已链接


2021/8/11 14:56:46
监听队列已链接


2021/8/11 15:02:42
监听队列已链接


2021/8/11 16:21:28
监听队列已链接


2021/8/11 16:22:09
Analysis_ReferPrice_New_Batch出错了
System.FormatException: 输入字符串的格式不正确。
   在 System.Number.ParseDouble(String value, NumberStyles options, NumberFormatInfo numfmt)
   在 System.String.System.IConvertible.ToDouble(IFormatProvider provider)
   在 System.Convert.ToDouble(Object value, IFormatProvider provider)
   在 Newtonsoft.Json.Linq.JToken.op_Explicit(JToken value)
   在 Newtonsoft.Json.Linq.JValue.System.IConvertible.ToDouble(IFormatProvider provider)
   在 System.Convert.ToDouble(Object value)
   在 CallSite.Target(Closure , CallSite , Type , Object )
   在 System.Dynamic.UpdateDelegates.UpdateAndExecute2[T0,T1,TRet](CallSite site, T0 arg0, T1 arg1)
   在 MealTicket_Web_Handler.DataHelper.Analysis_ReferPrice_New_Batch(List`1 sharesList, String par) 位置 F:\项目\饭票后端\MealTicket_Web_Handler\DataHelper.cs:行号 5392

2021/8/11 16:27:14
监听队列已链接


2021/8/11 16:38:27
监听队列已链接


2021/8/11 16:44:49
监听队列已链接


2021/8/11 17:07:39
监听队列已链接


2021/8/11 17:13:05
监听队列已链接


2021/8/11 17:57:35
监听队列已链接


2021/8/11 17:58:15
Analysis_PlateRiseRate_New出错了
Microsoft.CSharp.RuntimeBinder.RuntimeBinderException: 无法将类型“Newtonsoft.Json.Linq.JArray”隐式转换为“System.Collections.Generic.List<long>”
   在 CallSite.Target(Closure , CallSite , Object )
   在 System.Dynamic.UpdateDelegates.UpdateAndExecute1[T0,TRet](CallSite site, T0 arg0)
   在 MealTicket_Web_Handler.DataHelper.Analysis_PlateRiseRate_New(List`1 sharesList, String par) 位置 F:\项目\饭票后端\MealTicket_Web_Handler\DataHelper.cs:行号 5223

2021/8/11 18:01:13
监听队列已链接


2021/8/11 18:07:39
监听队列已链接


2021/8/11 18:12:18
监听队列已链接


