2021/7/2 19:44:40
分析数据时间：35413


2021/7/2 19:44:40
计时器时间:0


2021/7/2 19:44:41
计时器时间:1000


2021/7/2 19:44:41
计时器时间:637


2021/7/2 19:44:41
计时器时间:608


2021/7/2 19:44:41
计时器时间:583


2021/7/2 19:44:42
计时器时间:1000


2021/7/2 19:44:42
计时器时间:129


2021/7/2 19:44:43
计时器时间:1000


2021/7/2 19:44:43
计时器时间:392


2021/7/2 19:44:43
计时器时间:374


2021/7/2 19:44:43
计时器时间:353


2021/7/2 19:44:44
计时器时间:1000


2021/7/2 19:44:44
计时器时间:982


2021/7/2 19:44:45
计时器时间:6


2021/7/2 19:44:45
计时器时间:1000


2021/7/2 19:44:45
计时器时间:989


2021/7/2 19:44:45
计时器时间:612


2021/7/2 19:44:45
计时器时间:594


2021/7/2 19:44:45
计时器时间:584


2021/7/2 19:44:45
计时器时间:574


2021/7/2 19:44:45
计时器时间:565


2021/7/2 19:44:45
计时器时间:186


2021/7/2 19:44:45
计时器时间:168


2021/7/2 19:44:45
计时器时间:158


2021/7/2 19:44:45
计时器时间:149


2021/7/2 19:44:45
计时器时间:140


2021/7/2 19:44:46
更新数据时间：146


2021/7/2 19:44:46
加载数据时间：150


2021/7/2 19:44:59
分析数据时间：13439


2021/7/2 19:44:59
计时器时间:0


2021/7/2 19:44:59
计时器时间:1000


2021/7/2 19:44:59
计时器时间:999


2021/7/2 19:45:00
计时器时间:291


2021/7/2 19:45:00
计时器时间:273


2021/7/2 19:45:00
计时器时间:255


2021/7/2 19:45:00
计时器时间:246


2021/7/2 19:45:00
计时器时间:1000


2021/7/2 19:45:01
计时器时间:874


2021/7/2 19:45:01
计时器时间:855


2021/7/2 19:45:01
计时器时间:846


2021/7/2 19:45:01
计时器时间:113


2021/7/2 19:45:01
计时器时间:94


2021/7/2 19:45:01
计时器时间:76


2021/7/2 19:45:01
计时器时间:67


2021/7/2 19:45:01
计时器时间:1000


2021/7/2 19:45:02
计时器时间:330


2021/7/2 19:45:02
计时器时间:311


2021/7/2 19:45:02
计时器时间:294


2021/7/2 19:45:02
计时器时间:1000


2021/7/2 19:45:03
计时器时间:196


2021/7/2 19:45:03
计时器时间:1000


2021/7/2 19:45:04
计时器时间:792


2021/7/2 19:45:04
计时器时间:773


2021/7/2 19:45:04
计时器时间:755


2021/7/2 19:45:04
计时器时间:36


2021/7/2 19:45:05
更新数据时间：133


2021/7/2 19:45:05
加载数据时间：507


2021/7/2 19:46:09
分析数据时间：64108


2021/7/2 19:46:09
计时器时间:0


2021/7/2 19:46:10
计时器时间:1000


2021/7/2 19:46:10
计时器时间:672


2021/7/2 19:46:11
计时器时间:1000


2021/7/2 19:46:12
计时器时间:1000


2021/7/2 19:46:13
计时器时间:1000


2021/7/2 19:46:14
计时器时间:1000


2021/7/2 19:46:14
计时器时间:294


2021/7/2 19:46:15
计时器时间:1000


2021/7/2 19:46:15
计时器时间:927


2021/7/2 19:46:15
计时器时间:910


2021/7/2 19:46:15
计时器时间:901


2021/7/2 19:46:15
计时器时间:892


2021/7/2 19:46:15
计时器时间:512


2021/7/2 19:46:15
计时器时间:494


2021/7/2 19:46:15
计时器时间:485


2021/7/2 19:46:15
计时器时间:476


2021/7/2 19:46:16
计时器时间:1000


2021/7/2 19:46:16
计时器时间:751


2021/7/2 19:46:16
计时器时间:734


2021/7/2 19:46:17
计时器时间:50


2021/7/2 19:46:17
计时器时间:1000


2021/7/2 19:46:18
计时器时间:1000


2021/7/2 19:46:19
计时器时间:1000


2021/7/2 19:46:20
计时器时间:1000


2021/7/2 19:46:21
计时器时间:1000


2021/7/2 19:46:22
计时器时间:1000


2021/7/2 19:46:23
计时器时间:1000


2021/7/2 19:46:24
计时器时间:1000


2021/7/2 19:46:25
计时器时间:1000


2021/7/2 19:46:26
计时器时间:1000


2021/7/2 19:46:27
计时器时间:1000


2021/7/2 19:46:28
计时器时间:1000


2021/7/2 19:46:29
计时器时间:1000


2021/7/2 19:46:30
计时器时间:1000


2021/7/2 19:46:30
计时器时间:886


2021/7/2 19:46:30
计时器时间:851


2021/7/2 19:46:30
计时器时间:832


2021/7/2 19:46:30
计时器时间:818


2021/7/2 19:46:31
计时器时间:109


2021/7/2 19:46:31
计时器时间:1000


2021/7/2 19:46:31
计时器时间:702


2021/7/2 19:46:31
计时器时间:685


2021/7/2 19:46:31
计时器时间:327


2021/7/2 19:46:32
计时器时间:1000


2021/7/2 19:46:32
计时器时间:343


2021/7/2 19:46:32
计时器时间:324


2021/7/2 19:46:33
计时器时间:1000


2021/7/2 19:46:33
计时器时间:963


2021/7/2 19:46:34
计时器时间:1000


2021/7/2 19:46:34
计时器时间:678


2021/7/2 19:46:34
计时器时间:660


2021/7/2 19:46:34
计时器时间:642


2021/7/2 19:46:35
计时器时间:264


2021/7/2 19:46:35
计时器时间:1000


2021/7/2 19:46:36
计时器时间:287


2021/7/2 19:46:36
计时器时间:270


2021/7/2 19:46:36
计时器时间:260


2021/7/2 19:46:36
计时器时间:251


2021/7/2 19:46:36
计时器时间:240


2021/7/2 19:46:36
计时器时间:225


2021/7/2 19:46:36
计时器时间:216


2021/7/2 19:46:36
计时器时间:207


2021/7/2 19:46:36
计时器时间:1000


2021/7/2 19:46:36
计时器时间:840


2021/7/2 19:46:36
计时器时间:832


2021/7/2 19:46:36
计时器时间:823


2021/7/2 19:46:36
计时器时间:813


2021/7/2 19:46:36
计时器时间:804


2021/7/2 19:46:36
更新数据时间：122


2021/7/2 19:46:36
加载数据时间：134


2021/7/2 19:47:12
分析数据时间：35993


2021/7/2 19:47:12
计时器时间:0


2021/7/2 19:47:13
计时器时间:1000


2021/7/2 19:47:13
计时器时间:640


2021/7/2 19:47:14
计时器时间:1000


2021/7/2 19:47:15
计时器时间:1000


2021/7/2 19:47:16
计时器时间:1000


2021/7/2 19:47:17
计时器时间:1000


2021/7/2 19:47:17
计时器时间:932


2021/7/2 19:47:17
计时器时间:912


2021/7/2 19:47:17
计时器时间:532


2021/7/2 19:47:17
计时器时间:152


2021/7/2 19:47:18
计时器时间:1000


2021/7/2 19:47:19
计时器时间:1000


2021/7/2 19:47:20
计时器时间:1000


2021/7/2 19:47:21
计时器时间:1000


2021/7/2 19:47:22
计时器时间:1000


2021/7/2 19:47:23
计时器时间:1000


2021/7/2 19:47:24
计时器时间:1000


2021/7/2 19:47:25
计时器时间:1000


2021/7/2 19:47:26
计时器时间:1000


2021/7/2 19:47:27
计时器时间:1000


2021/7/2 19:47:28
计时器时间:1000


2021/7/2 19:47:29
计时器时间:1000


2021/7/2 19:47:30
计时器时间:1000


2021/7/2 19:47:31
计时器时间:14


2021/7/2 19:47:31
计时器时间:1000


2021/7/2 19:47:31
计时器时间:1000


2021/7/2 19:47:31
计时器时间:612


2021/7/2 19:47:31
计时器时间:594


2021/7/2 19:47:32
计时器时间:1000


2021/7/2 19:47:32
计时器时间:514


2021/7/2 19:47:32
计时器时间:497


2021/7/2 19:47:32
计时器时间:476


2021/7/2 19:47:32
计时器时间:466


2021/7/2 19:47:32
计时器时间:458


2021/7/2 19:47:32
计时器时间:448


2021/7/2 19:47:33
计时器时间:439


2021/7/2 19:47:33
计时器时间:430


2021/7/2 19:47:33
计时器时间:420


2021/7/2 19:47:33
计时器时间:410


2021/7/2 19:47:33
计时器时间:401


2021/7/2 19:47:33
计时器时间:392


2021/7/2 19:47:33
计时器时间:382


2021/7/2 19:47:33
计时器时间:372


2021/7/2 19:47:33
计时器时间:363


2021/7/2 19:47:33
计时器时间:354


2021/7/2 19:47:33
计时器时间:345


2021/7/2 19:47:33
计时器时间:337


2021/7/2 19:47:33
计时器时间:327


2021/7/2 19:47:33
计时器时间:317


2021/7/2 19:47:33
计时器时间:1000


2021/7/2 19:47:33
计时器时间:941


2021/7/2 19:47:33
计时器时间:933


2021/7/2 19:47:33
计时器时间:922


2021/7/2 19:47:33
计时器时间:913


2021/7/2 19:47:33
计时器时间:904


2021/7/2 19:47:33
计时器时间:895


2021/7/2 19:47:33
计时器时间:884


2021/7/2 19:47:33
计时器时间:876


2021/7/2 19:47:33
计时器时间:866


2021/7/2 19:47:33
计时器时间:857


2021/7/2 19:47:33
计时器时间:848


2021/7/2 19:47:33
计时器时间:839


2021/7/2 19:47:33
更新数据时间：112


2021/7/2 19:47:33
加载数据时间：144


2021/7/2 19:48:24
分析数据时间：50508


2021/7/2 19:48:24
计时器时间:0


2021/7/2 19:48:25
计时器时间:1000


2021/7/2 19:48:25
计时器时间:776


2021/7/2 19:48:26
计时器时间:1000


2021/7/2 19:48:26
计时器时间:875


2021/7/2 19:48:26
计时器时间:462


2021/7/2 19:48:27
计时器时间:1000


2021/7/2 19:48:28
计时器时间:1000


2021/7/2 19:48:29
计时器时间:1000


2021/7/2 19:48:30
计时器时间:1000


2021/7/2 19:48:31
计时器时间:1000


2021/7/2 19:48:32
计时器时间:1000


2021/7/2 19:48:33
计时器时间:1000


2021/7/2 19:48:34
计时器时间:1000


2021/7/2 19:48:35
计时器时间:1000


2021/7/2 19:48:36
计时器时间:1000


2021/7/2 19:48:37
计时器时间:1000


2021/7/2 19:48:38
计时器时间:1000


2021/7/2 19:48:39
计时器时间:1000


2021/7/2 19:48:41
计时器时间:1000


2021/7/2 19:48:41
计时器时间:999


2021/7/2 19:48:41
计时器时间:804


2021/7/2 19:48:41
计时器时间:786


2021/7/2 19:48:42
计时器时间:382


2021/7/2 19:48:42
计时器时间:362


2021/7/2 19:48:42
计时器时间:352


2021/7/2 19:48:42
计时器时间:343


2021/7/2 19:48:42
计时器时间:328


2021/7/2 19:48:42
计时器时间:319


2021/7/2 19:48:42
计时器时间:309


2021/7/2 19:48:42
计时器时间:299


2021/7/2 19:48:42
计时器时间:283


2021/7/2 19:48:42
计时器时间:274


2021/7/2 19:48:42
计时器时间:260


2021/7/2 19:48:42
计时器时间:246


2021/7/2 19:48:42
计时器时间:231


2021/7/2 19:48:42
计时器时间:213


2021/7/2 19:48:42
计时器时间:201


2021/7/2 19:48:42
计时器时间:189


2021/7/2 19:48:42
计时器时间:170


2021/7/2 19:48:42
计时器时间:161


2021/7/2 19:48:42
计时器时间:152


2021/7/2 19:48:42
计时器时间:137


2021/7/2 19:48:42
计时器时间:126


2021/7/2 19:48:42
计时器时间:116


2021/7/2 19:48:42
计时器时间:107


2021/7/2 19:48:42
计时器时间:87


2021/7/2 19:48:42
计时器时间:78


2021/7/2 19:48:42
计时器时间:69


2021/7/2 19:48:42
计时器时间:42


2021/7/2 19:48:42
计时器时间:1


2021/7/2 19:48:42
计时器时间:1000


2021/7/2 19:48:42
计时器时间:963


2021/7/2 19:48:42
计时器时间:915


2021/7/2 19:48:42
计时器时间:876


2021/7/2 19:48:42
计时器时间:803


2021/7/2 19:48:42
计时器时间:645


2021/7/2 19:48:43
计时器时间:1000


2021/7/2 19:48:44
计时器时间:146


2021/7/2 19:48:44
计时器时间:1000


2021/7/2 19:48:45
计时器时间:171


2021/7/2 19:48:45
计时器时间:1000


2021/7/2 19:48:45
更新数据时间：111


2021/7/2 19:48:46
加载数据时间：842


2021/7/2 19:49:20
分析数据时间：33758


2021/7/2 19:49:20
计时器时间:0


2021/7/2 19:49:20
计时器时间:1000


2021/7/2 19:49:21
计时器时间:1000


2021/7/2 19:49:22
计时器时间:1000


2021/7/2 19:49:23
计时器时间:1000


2021/7/2 19:49:24
计时器时间:1000


2021/7/2 19:49:25
计时器时间:1000


2021/7/2 19:49:26
计时器时间:1000


2021/7/2 19:49:27
计时器时间:1000


2021/7/2 19:49:28
计时器时间:1000


2021/7/2 19:49:29
计时器时间:1000


2021/7/2 19:49:30
计时器时间:1000


2021/7/2 19:49:31
计时器时间:1000


2021/7/2 19:49:32
计时器时间:1000


2021/7/2 19:49:33
计时器时间:1000


2021/7/2 19:49:34
计时器时间:1000


2021/7/2 19:49:36
计时器时间:1000


2021/7/2 19:49:37
计时器时间:1000


2021/7/2 19:49:38
计时器时间:1000


2021/7/2 19:49:39
计时器时间:1000


2021/7/2 19:49:40
计时器时间:1000


2021/7/2 19:49:41
计时器时间:1000


2021/7/2 19:49:42
计时器时间:1000


2021/7/2 19:49:43
计时器时间:1000


2021/7/2 19:49:44
计时器时间:1000


2021/7/2 19:49:45
计时器时间:1000


2021/7/2 19:49:46
计时器时间:1000


2021/7/2 19:49:47
计时器时间:1000


2021/7/2 19:49:48
计时器时间:1000


2021/7/2 19:49:49
计时器时间:1000


2021/7/2 19:49:50
计时器时间:1000


2021/7/2 19:49:51
计时器时间:1000


2021/7/2 19:49:52
计时器时间:1000


2021/7/2 19:49:53
计时器时间:1000


2021/7/2 19:49:54
计时器时间:1000


2021/7/2 19:49:55
计时器时间:1000


2021/7/2 19:49:56
计时器时间:1000


2021/7/2 19:49:57
计时器时间:1000


2021/7/2 19:49:58
计时器时间:1000


2021/7/2 19:49:59
计时器时间:1000


2021/7/2 19:50:00
计时器时间:1000


2021/7/2 19:50:01
计时器时间:1000


2021/7/2 19:50:02
计时器时间:1000


2021/7/2 19:50:03
计时器时间:1000


2021/7/2 19:50:04
计时器时间:1000


2021/7/2 19:50:05
计时器时间:1000


2021/7/2 19:50:06
计时器时间:1000


2021/7/2 19:50:07
计时器时间:24


2021/7/2 19:50:07
计时器时间:1000


2021/7/2 19:50:08
计时器时间:292


2021/7/2 19:50:08
计时器时间:274


2021/7/2 19:50:08
计时器时间:256


2021/7/2 19:50:08
计时器时间:1000


2021/7/2 19:50:08
计时器时间:883


2021/7/2 19:50:08
计时器时间:866


2021/7/2 19:50:08
计时器时间:857


2021/7/2 19:50:08
计时器时间:847


2021/7/2 19:50:08
计时器时间:839


2021/7/2 19:50:08
计时器时间:829


2021/7/2 19:50:08
计时器时间:820


2021/7/2 19:50:08
计时器时间:811


2021/7/2 19:50:08
计时器时间:802


2021/7/2 19:50:08
计时器时间:793


2021/7/2 19:50:08
计时器时间:784


2021/7/2 19:50:09
计时器时间:775


2021/7/2 19:50:09
计时器时间:766


2021/7/2 19:50:09
计时器时间:757


2021/7/2 19:50:09
计时器时间:748


2021/7/2 19:50:09
计时器时间:739


2021/7/2 19:50:09
计时器时间:730


2021/7/2 19:50:09
计时器时间:721


2021/7/2 19:50:09
计时器时间:712


2021/7/2 19:50:09
计时器时间:703


2021/7/2 19:50:09
计时器时间:694


2021/7/2 19:50:09
计时器时间:685


2021/7/2 19:50:09
计时器时间:676


2021/7/2 19:50:09
计时器时间:668


2021/7/2 19:50:09
计时器时间:658


2021/7/2 19:50:09
计时器时间:650


2021/7/2 19:50:09
计时器时间:641


2021/7/2 19:50:09
计时器时间:631


2021/7/2 19:50:09
计时器时间:622


2021/7/2 19:50:09
计时器时间:613


2021/7/2 19:50:09
计时器时间:598


2021/7/2 19:50:09
计时器时间:589


2021/7/2 19:50:09
计时器时间:579


2021/7/2 19:50:09
计时器时间:562


2021/7/2 19:50:09
计时器时间:552


2021/7/2 19:50:09
计时器时间:541


2021/7/2 19:50:09
计时器时间:528


2021/7/2 19:50:09
计时器时间:151


2021/7/2 19:50:09
计时器时间:132


2021/7/2 19:50:09
计时器时间:123


2021/7/2 19:50:09
计时器时间:1000


2021/7/2 19:50:10
计时器时间:764


2021/7/2 19:50:10
计时器时间:755


2021/7/2 19:50:10
计时器时间:1000


2021/7/2 19:50:10
计时器时间:998


2021/7/2 19:50:10
计时器时间:974


2021/7/2 19:50:10
计时器时间:954


2021/7/2 19:50:11
计时器时间:576


2021/7/2 19:50:11
计时器时间:558


2021/7/2 19:50:11
计时器时间:548


2021/7/2 19:50:11
计时器时间:172


2021/7/2 19:50:11
计时器时间:154


2021/7/2 19:50:11
计时器时间:1000


2021/7/2 19:50:12
计时器时间:783


2021/7/2 19:50:12
计时器时间:1000


2021/7/2 19:50:13
计时器时间:804


2021/7/2 19:50:13
计时器时间:433


2021/7/2 19:50:13
计时器时间:413


2021/7/2 19:50:13
计时器时间:1000


2021/7/2 19:50:14
计时器时间:702


2021/7/2 19:50:14
计时器时间:1000


2021/7/2 19:50:15
计时器时间:644


2021/7/2 19:50:15
计时器时间:617


2021/7/2 19:50:15
计时器时间:237


2021/7/2 19:50:15
更新数据时间：111


2021/7/2 19:50:15
加载数据时间：183


2021/7/2 19:53:27
计时器时间:1000


2021/7/2 19:53:29
计时器时间:1000


2021/7/2 19:53:29
计时器时间:992


2021/7/2 19:53:29
计时器时间:992


2021/7/2 19:53:30
计时器时间:1000


2021/7/2 19:53:30
计时器时间:789


2021/7/2 19:53:31
计时器时间:1000


2021/7/2 19:53:31
计时器时间:820


2021/7/2 19:53:31
计时器时间:805


2021/7/2 19:53:32
计时器时间:73


2021/7/2 19:53:32
计时器时间:1000


2021/7/2 19:53:33
计时器时间:103


2021/7/2 19:53:33
计时器时间:89


2021/7/2 19:53:33
计时器时间:1000


2021/7/2 19:53:33
计时器时间:717


2021/7/2 19:53:33
计时器时间:699


2021/7/2 19:53:34
计时器时间:331


2021/7/2 19:53:34
计时器时间:1000


2021/7/2 19:53:35
计时器时间:1000


2021/7/2 19:53:36
计时器时间:1000


2021/7/2 19:53:37
计时器时间:1000


2021/7/2 19:53:38
计时器时间:1000


2021/7/2 19:53:39
计时器时间:1000


2021/7/2 19:53:40
计时器时间:1000


2021/7/2 19:53:41
计时器时间:1000


2021/7/2 19:53:42
计时器时间:1000


2021/7/2 19:53:43
计时器时间:1000


2021/7/2 19:53:44
计时器时间:1000


2021/7/2 19:53:44
计时器时间:806


2021/7/2 19:53:44
计时器时间:792


2021/7/2 19:53:44
计时器时间:779


2021/7/2 19:53:44
计时器时间:771


2021/7/2 19:53:44
计时器时间:764


2021/7/2 19:53:44
计时器时间:757


2021/7/2 19:53:45
计时器时间:388


2021/7/2 19:53:45
计时器时间:1000


2021/7/2 19:53:46
计时器时间:408


2021/7/2 19:53:46
计时器时间:378


2021/7/2 19:53:46
计时器时间:1000


2021/7/2 19:53:47
计时器时间:321


2021/7/2 19:53:47
计时器时间:1000


2021/7/2 19:53:48
计时器时间:353


2021/7/2 19:53:48
计时器时间:338


2021/7/2 19:53:48
计时器时间:330


2021/7/2 19:53:48
计时器时间:323


2021/7/2 19:53:48
计时器时间:1000


2021/7/2 19:53:48
计时器时间:960


2021/7/2 19:53:48
计时器时间:945


2021/7/2 19:53:48
计时器时间:938


2021/7/2 19:53:48
计时器时间:930


2021/7/2 19:53:48
计时器时间:923


2021/7/2 19:53:48
计时器时间:915


2021/7/2 19:53:48
计时器时间:908


2021/7/2 19:53:48
计时器时间:901


2021/7/2 19:53:48
计时器时间:893


2021/7/2 19:53:48
计时器时间:886


2021/7/2 19:53:48
计时器时间:878


2021/7/2 19:53:48
计时器时间:870


2021/7/2 19:53:48
计时器时间:863


2021/7/2 19:53:48
计时器时间:856


2021/7/2 19:53:48
计时器时间:848


2021/7/2 19:53:48
计时器时间:839


2021/7/2 19:53:49
更新数据时间：267


2021/7/2 19:53:49
加载数据时间：881


2021/7/2 19:55:34
触发分析出错
System.FormatException: 输入字符串的格式不正确。
   在 System.Number.StringToNumber(String str, NumberStyles options, NumberBuffer& number, NumberFormatInfo info, Boolean parseDecimal)
   在 System.Number.ParseInt32(String s, NumberStyles style, NumberFormatInfo info)
   在 System.String.System.IConvertible.ToInt32(IFormatProvider provider)
   在 System.Data.Common.Int32Storage.Set(Int32 record, Object value)
   在 System.Data.DataColumn.set_Item(Int32 record, Object value)

2021/7/2 19:55:34
分析数据时间：104448


2021/7/2 19:55:34
计时器时间:0


2021/7/2 19:55:34
计时器时间:1000


2021/7/2 19:55:34
计时器时间:718


2021/7/2 19:55:35
计时器时间:294


2021/7/2 19:55:35
计时器时间:1000


2021/7/2 19:55:36
计时器时间:1000


2021/7/2 19:55:37
计时器时间:1000


2021/7/2 19:55:38
计时器时间:1000


2021/7/2 19:55:39
计时器时间:590


2021/7/2 19:55:39
计时器时间:575


2021/7/2 19:55:39
计时器时间:561


2021/7/2 19:55:39
计时器时间:554


2021/7/2 19:55:39
计时器时间:546


2021/7/2 19:55:39
计时器时间:539


2021/7/2 19:55:39
计时器时间:508


2021/7/2 19:55:39
计时器时间:496


2021/7/2 19:55:39
计时器时间:469


2021/7/2 19:55:39
计时器时间:462


2021/7/2 19:55:39
计时器时间:450


2021/7/2 19:55:39
计时器时间:429


2021/7/2 19:55:39
计时器时间:406


2021/7/2 19:55:39
计时器时间:374


2021/7/2 19:55:39
计时器时间:6


2021/7/2 19:55:39
计时器时间:1000


2021/7/2 19:55:39
计时器时间:952


2021/7/2 19:55:39
计时器时间:942


2021/7/2 19:55:40
计时器时间:575


2021/7/2 19:55:40
更新数据时间：148


2021/7/2 19:55:40
加载数据时间：522


2021/7/2 20:00:23
计时器时间:1000


2021/7/2 20:00:37
计时器时间:1000


2021/7/2 20:00:37
计时器时间:92


2021/7/2 20:00:38
计时器时间:1000


2021/7/2 20:00:38
计时器时间:702


2021/7/2 20:00:39
计时器时间:1000


2021/7/2 20:00:39
计时器时间:399


2021/7/2 20:00:39
计时器时间:375


2021/7/2 20:00:40
计时器时间:3


2021/7/2 20:00:40
计时器时间:1000


2021/7/2 20:00:40
计时器时间:983


2021/7/2 20:00:40
计时器时间:606


2021/7/2 20:00:41
计时器时间:1000


2021/7/2 20:00:41
计时器时间:620


2021/7/2 20:00:41
计时器时间:600


2021/7/2 20:00:41
计时器时间:584


2021/7/2 20:00:41
计时器时间:567


2021/7/2 20:00:41
计时器时间:546


2021/7/2 20:00:41
计时器时间:532


2021/7/2 20:00:41
计时器时间:505


2021/7/2 20:00:41
计时器时间:489


2021/7/2 20:00:41
计时器时间:478


2021/7/2 20:00:41
计时器时间:468


2021/7/2 20:00:41
计时器时间:457


2021/7/2 20:00:41
计时器时间:446


2021/7/2 20:00:41
计时器时间:433


2021/7/2 20:00:41
更新数据时间：180


2021/7/2 20:00:50
加载数据时间：8623


2021/7/2 20:13:29
计时器时间:1000


2021/7/2 20:13:31
计时器时间:1000


2021/7/2 20:13:31
计时器时间:999


2021/7/2 20:13:31
计时器时间:999


2021/7/2 20:13:31
计时器时间:999


2021/7/2 20:13:31
计时器时间:999


2021/7/2 20:13:31
计时器时间:999


2021/7/2 20:13:31
计时器时间:977


2021/7/2 20:13:31
计时器时间:926


2021/7/2 20:13:32
计时器时间:691


2021/7/2 20:13:32
计时器时间:577


2021/7/2 20:13:32
计时器时间:531


2021/7/2 20:13:32
计时器时间:482


2021/7/2 20:13:32
计时器时间:326


2021/7/2 20:13:32
计时器时间:199


2021/7/2 20:13:32
计时器时间:1000


2021/7/2 20:13:33
计时器时间:615


2021/7/2 20:13:33
计时器时间:610


2021/7/2 20:13:33
计时器时间:1000


2021/7/2 20:13:33
计时器时间:894


2021/7/2 20:13:34
计时器时间:883


2021/7/2 20:13:34
计时器时间:523


2021/7/2 20:13:34
计时器时间:510


2021/7/2 20:13:34
计时器时间:153


2021/7/2 20:13:34
计时器时间:1000


2021/7/2 20:13:35
计时器时间:1000


2021/7/2 20:13:36
更新数据时间：226


2021/7/2 20:13:36
加载数据时间：524


2021/7/2 20:14:21
分析数据时间：44596


2021/7/2 20:14:27
计时器时间:0


2021/7/2 20:14:34
计时器时间:1000


2021/7/2 20:14:34
计时器时间:0


2021/7/2 20:14:34
计时器时间:0


2021/7/2 20:14:34
计时器时间:0


2021/7/2 20:14:34
计时器时间:0


2021/7/2 20:14:34
计时器时间:0


2021/7/2 20:14:34
计时器时间:0


2021/7/2 20:14:34
计时器时间:1000


2021/7/2 20:14:34
计时器时间:1000


2021/7/2 20:14:34
计时器时间:980


2021/7/2 20:14:34
计时器时间:955


2021/7/2 20:14:34
计时器时间:932


2021/7/2 20:14:34
计时器时间:924


2021/7/2 20:14:34
计时器时间:857


2021/7/2 20:14:34
计时器时间:837


2021/7/2 20:14:34
计时器时间:831


2021/7/2 20:14:34
计时器时间:821


2021/7/2 20:14:34
计时器时间:748


2021/7/2 20:14:35
计时器时间:376


2021/7/2 20:14:35
计时器时间:1000


2021/7/2 20:14:36
计时器时间:425


2021/7/2 20:14:36
计时器时间:71


2021/7/2 20:14:36
计时器时间:58


2021/7/2 20:14:36
计时器时间:1000


2021/7/2 20:14:39
更新数据时间：2263


2021/7/2 20:14:41
加载数据时间：1896


2021/7/2 20:19:21
计时器时间:1000


2021/7/2 20:19:22
计时器时间:1000


2021/7/2 20:19:22
计时器时间:1000


2021/7/2 20:19:22
计时器时间:1000


2021/7/2 20:19:22
计时器时间:938


2021/7/2 20:19:22
计时器时间:879


2021/7/2 20:19:22
计时器时间:758


2021/7/2 20:19:23
计时器时间:255


2021/7/2 20:19:23
计时器时间:1000


2021/7/2 20:19:24
计时器时间:289


2021/7/2 20:19:24
计时器时间:267


2021/7/2 20:19:24
计时器时间:255


2021/7/2 20:19:24
计时器时间:1000


2021/7/2 20:19:24
计时器时间:870


2021/7/2 20:19:24
计时器时间:848


2021/7/2 20:19:25
计时器时间:481


2021/7/2 20:19:25
计时器时间:457


2021/7/2 20:19:25
计时器时间:1000


2021/7/2 20:19:26
计时器时间:385


2021/7/2 20:19:26
计时器时间:353


2021/7/2 20:19:26
计时器时间:1000


2021/7/2 20:19:26
计时器时间:978


2021/7/2 20:19:26
计时器时间:961


2021/7/2 20:19:27
计时器时间:574


2021/7/2 20:19:27
计时器时间:185


2021/7/2 20:19:27
计时器时间:158


2021/7/2 20:19:27
计时器时间:1000


2021/7/2 20:20:28
自动交易出错
System.ComponentModel.Win32Exception (0x80004005): 等待的操作过时。

2021/7/2 20:20:31
更新数据时间：63004


2021/7/2 20:20:34
加载数据时间：2833


2021/7/2 20:27:26
计时器时间:1000


2021/7/2 20:27:28
计时器时间:1000


2021/7/2 20:27:29
计时器时间:1000


2021/7/2 20:27:29
计时器时间:859


2021/7/2 20:27:29
计时器时间:837


2021/7/2 20:27:30
计时器时间:460


2021/7/2 20:27:30
计时器时间:1000


2021/7/2 20:27:30
计时器时间:967


2021/7/2 20:27:31
计时器时间:199


2021/7/2 20:27:31
计时器时间:1000


2021/7/2 20:27:31
计时器时间:785


2021/7/2 20:27:31
计时器时间:749


2021/7/2 20:27:32
计时器时间:362


2021/7/2 20:27:32
计时器时间:1000


2021/7/2 20:27:32
计时器时间:977


2021/7/2 20:27:32
计时器时间:958


2021/7/2 20:27:32
计时器时间:947


2021/7/2 20:27:32
计时器时间:938


2021/7/2 20:27:32
计时器时间:928


2021/7/2 20:27:32
计时器时间:912


2021/7/2 20:27:32
计时器时间:902


2021/7/2 20:27:32
计时器时间:889


2021/7/2 20:27:32
计时器时间:864


2021/7/2 20:27:32
计时器时间:854


2021/7/2 20:27:32
计时器时间:804


2021/7/2 20:27:32
计时器时间:756


2021/7/2 20:27:35
更新数据时间：2619


2021/7/2 20:27:38
加载数据时间：2456


2021/7/2 20:28:10
分析数据时间：31254


2021/7/2 20:28:10
计时器时间:0


2021/7/2 20:28:11
计时器时间:1000


2021/7/2 20:28:12
计时器时间:61


2021/7/2 20:28:12
计时器时间:1000


2021/7/2 20:28:13
计时器时间:332


2021/7/2 20:28:13
计时器时间:1000


2021/7/2 20:28:13
计时器时间:953


2021/7/2 20:28:13
计时器时间:536


2021/7/2 20:28:14
计时器时间:1000


2021/7/2 20:28:14
计时器时间:555


2021/7/2 20:28:14
计时器时间:533


2021/7/2 20:28:14
计时器时间:519


2021/7/2 20:28:14
计时器时间:502


2021/7/2 20:28:15
计时器时间:128


2021/7/2 20:28:15
计时器时间:102


2021/7/2 20:28:15
计时器时间:78


2021/7/2 20:28:15
计时器时间:56


2021/7/2 20:28:15
计时器时间:45


2021/7/2 20:28:15
计时器时间:33


2021/7/2 20:28:15
计时器时间:13


2021/7/2 20:28:15
计时器时间:3


2021/7/2 20:28:15
计时器时间:1000


2021/7/2 20:28:15
计时器时间:993


2021/7/2 20:28:15
计时器时间:980


2021/7/2 20:28:15
计时器时间:970


2021/7/2 20:28:15
计时器时间:959


2021/7/2 20:54:00
更新数据时间：2217


2021/7/2 20:54:36
加载数据时间：35049


2021/7/2 20:55:00
分析数据时间：24296


2021/7/2 20:55:11
更新数据时间：2159


2021/7/2 21:17:57
更新数据时间：3889


2021/7/2 21:18:18
加载数据时间：20837


2021/7/2 21:19:04
分析数据时间：46683


2021/7/2 21:19:25
更新数据时间：17339


2021/7/2 21:19:42
加载数据时间：16348


2021/7/2 21:36:59
更新数据时间：168


2021/7/2 21:37:24
加载数据时间：24854


2021/7/2 21:38:21
分析数据时间：55999


2021/7/2 22:02:20
更新数据时间：185


2021/7/2 22:02:36
加载数据时间：15411


2021/7/2 22:06:40
分析数据时间：243760


2021/7/2 22:06:40
队列链接断开重连


2021/7/2 22:06:45
更新数据时间：129


2021/7/2 22:07:33
加载数据时间：48309


2021/7/2 22:14:14
更新数据时间：160


2021/7/2 22:14:20
加载数据时间：5092


2021/7/2 22:43:38
更新数据时间：165


2021/7/2 22:43:49
加载数据时间：11322


2021/7/2 22:44:03
2021-07-02 22:44:03


2021/7/2 22:44:19
2021-07-02 22:44:19


2021/7/2 22:44:19
2021-07-02 22:44:19


2021/7/2 22:44:25
分析数据时间：35795


2021/7/2 22:44:30
更新数据时间：131


