2021/5/24 10:09:30
10{"iLastestPercent":0,"beginInfo":null,"lastestInfo":null,"iShortWaveCnt":0,"topInfo":null,"lowestInfo":null}


2021/5/24 10:09:35
10{"iLastestPercent":0,"beginInfo":null,"lastestInfo":null,"iShortWaveCnt":0,"topInfo":null,"lowestInfo":null}


2021/5/24 10:09:40
10{"iLastestPercent":0,"beginInfo":null,"lastestInfo":null,"iShortWaveCnt":0,"topInfo":null,"lowestInfo":null}


2021/5/24 10:09:43
10{"iLastestPercent":0,"beginInfo":null,"lastestInfo":null,"iShortWaveCnt":0,"topInfo":null,"lowestInfo":null}


2021/5/24 10:09:46
10{"iLastestPercent":0,"beginInfo":null,"lastestInfo":null,"iShortWaveCnt":0,"topInfo":null,"lowestInfo":null}


2021/5/24 10:09:51
10{"iLastestPercent":0,"beginInfo":null,"lastestInfo":null,"iShortWaveCnt":0,"topInfo":null,"lowestInfo":null}


2021/5/24 10:09:53
10{"iLastestPercent":0,"beginInfo":null,"lastestInfo":null,"iShortWaveCnt":0,"topInfo":null,"lowestInfo":null}


2021/5/24 10:09:56
10{"iLastestPercent":0,"beginInfo":null,"lastestInfo":null,"iShortWaveCnt":0,"topInfo":null,"lowestInfo":null}


2021/5/24 10:10:00
10{"iLastestPercent":0,"beginInfo":null,"lastestInfo":null,"iShortWaveCnt":0,"topInfo":null,"lowestInfo":null}


2021/5/24 10:10:04
10{"iLastestPercent":0,"beginInfo":null,"lastestInfo":null,"iShortWaveCnt":0,"topInfo":null,"lowestInfo":null}


2021/5/24 10:10:06
10{"iLastestPercent":0,"beginInfo":null,"lastestInfo":null,"iShortWaveCnt":0,"topInfo":null,"lowestInfo":null}


2021/5/24 10:10:09
10{"iLastestPercent":0,"beginInfo":null,"lastestInfo":null,"iShortWaveCnt":0,"topInfo":null,"lowestInfo":null}


2021/5/24 10:10:12
10{"iLastestPercent":0,"beginInfo":null,"lastestInfo":null,"iShortWaveCnt":0,"topInfo":null,"lowestInfo":null}


2021/5/24 10:10:15
10{"iLastestPercent":0,"beginInfo":null,"lastestInfo":null,"iShortWaveCnt":0,"topInfo":null,"lowestInfo":null}


2021/5/24 10:10:19
10{"iLastestPercent":0,"beginInfo":null,"lastestInfo":null,"iShortWaveCnt":0,"topInfo":null,"lowestInfo":null}


2021/5/24 10:10:23
10{"iLastestPercent":0,"beginInfo":null,"lastestInfo":null,"iShortWaveCnt":0,"topInfo":null,"lowestInfo":null}


2021/5/24 10:10:26
10{"iLastestPercent":0,"beginInfo":null,"lastestInfo":null,"iShortWaveCnt":0,"topInfo":null,"lowestInfo":null}


2021/5/24 10:10:30
10{"iLastestPercent":0,"beginInfo":null,"lastestInfo":null,"iShortWaveCnt":0,"topInfo":null,"lowestInfo":null}


2021/5/24 10:10:33
10{"iLastestPercent":0,"beginInfo":null,"lastestInfo":null,"iShortWaveCnt":0,"topInfo":null,"lowestInfo":null}


2021/5/24 10:10:36
10{"iLastestPercent":0,"beginInfo":null,"lastestInfo":null,"iShortWaveCnt":0,"topInfo":null,"lowestInfo":null}


2021/5/24 10:10:39
10{"iLastestPercent":0,"beginInfo":null,"lastestInfo":null,"iShortWaveCnt":0,"topInfo":null,"lowestInfo":null}


2021/5/24 10:10:55
10{"iLastestPercent":0,"beginInfo":null,"lastestInfo":null,"iShortWaveCnt":0,"topInfo":null,"lowestInfo":null}


2021/5/24 10:12:03
10{"iLastestPercent":0,"beginInfo":null,"lastestInfo":null,"iShortWaveCnt":0,"topInfo":null,"lowestInfo":null}


2021/5/24 10:12:39
自动买入交易出错
MealTicket_Web_Handler.Model.WebApiException
   在 MealTicket_Web_Handler.Runner.RunnerHelper.TradeAutoBuy() 位置 F:\项目\饭票后端\MealTicket_Web_Handler\Runner\RunnerHelper.cs:行号 1387
   在 MealTicket_Web_APIService.runner.TradeAutoBuyRunner.Execute() 位置 F:\项目\饭票后端\MealTicket_Web_APIService\runner\TradeAutoBuyRunner.cs:行号 46

2021/5/24 10:12:40
10{"iLastestPercent":0,"beginInfo":null,"lastestInfo":null,"iShortWaveCnt":0,"topInfo":null,"lowestInfo":null}


2021/5/24 10:12:43
10{"iLastestPercent":0,"beginInfo":null,"lastestInfo":null,"iShortWaveCnt":0,"topInfo":null,"lowestInfo":null}


2021/5/24 10:12:48
10{"iLastestPercent":0,"beginInfo":null,"lastestInfo":null,"iShortWaveCnt":0,"topInfo":null,"lowestInfo":null}


2021/5/24 10:12:52
10{"iLastestPercent":0,"beginInfo":null,"lastestInfo":null,"iShortWaveCnt":0,"topInfo":null,"lowestInfo":null}


2021/5/24 10:12:54
10{"iLastestPercent":0,"beginInfo":null,"lastestInfo":null,"iShortWaveCnt":0,"topInfo":null,"lowestInfo":null}


2021/5/24 10:12:57
10{"iLastestPercent":0,"beginInfo":null,"lastestInfo":null,"iShortWaveCnt":0,"topInfo":null,"lowestInfo":null}


2021/5/24 10:12:59
10{"iLastestPercent":0,"beginInfo":null,"lastestInfo":null,"iShortWaveCnt":0,"topInfo":null,"lowestInfo":null}


2021/5/24 10:13:03
10{"iLastestPercent":0,"beginInfo":null,"lastestInfo":null,"iShortWaveCnt":0,"topInfo":null,"lowestInfo":null}


2021/5/24 10:13:05
10{"iLastestPercent":0,"beginInfo":null,"lastestInfo":null,"iShortWaveCnt":0,"topInfo":null,"lowestInfo":null}


2021/5/24 10:13:09
10{"iLastestPercent":0,"beginInfo":null,"lastestInfo":null,"iShortWaveCnt":0,"topInfo":null,"lowestInfo":null}


