<<<<<<< HEAD
2022/1/12 1:27:25
监听队列已链接


2022/1/12 1:27:25
监听队列已链接


2022/1/12 1:27:25
监听队列已链接


2022/1/12 1:27:38
1:2022-01-12 01:27:38.225


2022/1/12 1:27:38
11:2022-01-12 01:27:38.548


2022/1/12 1:27:38
12:2022-01-12 01:27:38.550


2022/1/12 1:27:38
13:2022-01-12 01:27:38.551


2022/1/12 1:27:38
14:2022-01-12 01:27:38.585


2022/1/12 1:27:38
15:2022-01-12 01:27:38.586


2022/1/12 1:27:38
16:2022-01-12 01:27:38.587


2022/1/12 1:27:38
17:2022-01-12 01:27:38.590


2022/1/12 1:27:38
18:2022-01-12 01:27:38.593


2022/1/12 1:27:38
19:2022-01-12 01:27:38.595


2022/1/12 1:27:38
110:2022-01-12 01:27:38.596


2022/1/12 1:27:38
2:2022-01-12 01:27:38.597


2022/1/12 1:27:38
21:2022-01-12 01:27:38.674


2022/1/12 1:27:38
22:2022-01-12 01:27:38.718


2022/1/12 1:27:38
23:2022-01-12 01:27:38.719


2022/1/12 1:27:38
24:2022-01-12 01:27:38.719


2022/1/12 1:27:38
25:2022-01-12 01:27:38.738


2022/1/12 1:27:38
3:2022-01-12 01:27:38.738


2022/1/12 1:27:38
31:2022-01-12 01:27:38.741


2022/1/12 1:27:38
33:2022-01-12 01:27:38.757


2022/1/12 1:27:38
34:2022-01-12 01:27:38.886


2022/1/12 1:27:38
35:2022-01-12 01:27:38.897


2022/1/12 1:27:39
36:2022-01-12 01:27:39.875


2022/1/12 1:27:40
4:2022-01-12 01:27:40.101


2022/1/12 1:28:01
5:2022-01-12 01:28:01.981


2022/1/12 1:28:05
1:2022-01-12 01:28:05.779


2022/1/12 1:28:23
1:2022-01-12 01:28:23.180


2022/1/12 1:28:34
1:2022-01-12 01:28:34.991


2022/1/12 1:28:39
1:2022-01-12 01:28:39.882


2022/1/12 1:28:43
1:2022-01-12 01:28:43.241


2022/1/12 1:28:48
1:2022-01-12 01:28:48.518


2022/1/12 1:28:51
1:2022-01-12 01:28:51.858
=======
2022-01-12 0:34:07
监听队列已链接


2022-01-12 0:34:08
监听队列已链接


2022-01-12 0:34:08
监听队列已链接


2022-01-12 0:34:24
1:2022-01-12 00:34:24.443


2022-01-12 0:34:25
11:2022-01-12 00:34:25.204


2022-01-12 0:34:25
12:2022-01-12 00:34:25.206


2022-01-12 0:34:25
13:2022-01-12 00:34:25.271


2022-01-12 0:34:25
14:2022-01-12 00:34:25.649


2022-01-12 0:34:25
15:2022-01-12 00:34:25.681


2022-01-12 0:34:25
16:2022-01-12 00:34:25.684


2022-01-12 0:34:25
17:2022-01-12 00:34:25.850


2022-01-12 0:34:25
18:2022-01-12 00:34:25.883


2022-01-12 0:34:25
19:2022-01-12 00:34:25.885


2022-01-12 0:34:25
110:2022-01-12 00:34:25.887


2022-01-12 0:34:25
2:2022-01-12 00:34:25.891


2022-01-12 0:34:25
21:2022-01-12 00:34:25.896


2022-01-12 0:34:26
22:2022-01-12 00:34:26.031


2022-01-12 0:34:26
23:2022-01-12 00:34:26.053


2022-01-12 0:34:26
24:2022-01-12 00:34:26.054


2022-01-12 0:34:26
25:2022-01-12 00:34:26.057


2022-01-12 0:34:26
3:2022-01-12 00:34:26.058


2022-01-12 0:34:26
31:2022-01-12 00:34:26.196


2022-01-12 0:34:26
33:2022-01-12 00:34:26.197


2022-01-12 0:34:26
34:2022-01-12 00:34:26.198


2022-01-12 0:34:26
35:2022-01-12 00:34:26.198
>>>>>>> 5a1707417dc4d61ff2e73c7dc661ec5d27060817


