2022/1/18 15:24:00
监听队列已链接


2022/1/18 15:24:00
监听队列已链接


2022/1/18 15:24:00
监听队列已链接


2022/1/18 15:27:55
板块龙头计算入库失败
System.Data.SqlClient.SqlException (0x80131904): 不能将值 NULL 插入列 'PushPrice'，表 'meal_ticket.dbo.t_plate_leader_tri_record'；列不允许有 Null 值。INSERT 失败。
语句已终止。
   在 System.Data.SqlClient.SqlConnection.OnError(SqlException exception, Boolean breakConnection, Action`1 wrapCloseInAction)
   在 System.Data.SqlClient.SqlInternalConnection.OnError(SqlException exception, Boolean breakConnection, Action`1 wrapCloseInAction)
   在 System.Data.SqlClient.TdsParser.ThrowExceptionAndWarning(TdsParserStateObject stateObj, Boolean callerHasConnectionLock, Boolean asyncClose)
   在 System.Data.SqlClient.TdsParser.TryRun(RunBehavior runBehavior, SqlCommand cmdHandler, SqlDataReader dataStream, BulkCopySimpleResultSet bulkCopyHandler, TdsParserStateObject stateObj, Boolean& dataReady)
   在 System.Data.SqlClient.SqlCommand.FinishExecuteReader(SqlDataReader ds, RunBehavior runBehavior, String resetOptionsString, Boolean isInternal, Boolean forDescribeParameterEncryption, Boolean shouldCacheForAlwaysEncrypted)
   在 System.Data.SqlClient.SqlCommand.RunExecuteReaderTds(CommandBehavior cmdBehavior, RunBehavior runBehavior, Boolean returnStream, Boolean async, Int32 timeout, Task& task, Boolean asyncWrite, Boolean inRetry, SqlDataReader ds, Boolean describeParameterEncryptionRequest)
   在 System.Data.SqlClient.SqlCommand.RunExecuteReader(CommandBehavior cmdBehavior, RunBehavior runBehavior, Boolean returnStream, String method, TaskCompletionSource`1 completion, Int32 timeout, Task& task, Boolean& usedCache, Boolean asyncWrite, Boolean inRetry)
   在 System.Data.SqlClient.SqlCommand.InternalExecuteNonQuery(TaskCompletionSource`1 completion, String methodName, Boolean sendToPipe, Int32 timeout, Boolean& usedCache, Boolean asyncWrite, Boolean inRetry)
   在 System.Data.SqlClient.SqlCommand.ExecuteNonQuery()
   在 System.Data.Entity.Infrastructure.Interception.DbCommandDispatcher.<>c.<NonQuery>b__4_0(DbCommand t, DbCommandInterceptionContext`1 c)
   在 System.Data.Entity.Infrastructure.Interception.InternalDispatcher`1.Dispatch[TTarget,TInterceptionContext,TResult](TTarget target, Func`3 operation, TInterceptionContext interceptionContext, Action`3 executing, Action`3 executed)
   在 System.Data.Entity.Infrastructure.Interception.DbCommandDispatcher.NonQuery(DbCommand command, DbCommandInterceptionContext interceptionContext)
   在 System.Data.Entity.Internal.InterceptableDbCommand.ExecuteNonQuery()
   在 System.Data.Entity.Core.Objects.ObjectContext.ExecuteStoreCommandInternal(String commandText, Object[] parameters)
   在 System.Data.Entity.Core.Objects.ObjectContext.<>c__DisplayClass174_0.<ExecuteStoreCommand>b__1()
   在 System.Data.Entity.Core.Objects.ObjectContext.ExecuteInTransaction[T](Func`1 func, IDbExecutionStrategy executionStrategy, Boolean startLocalTransaction, Boolean releaseConnectionOnSuccess)
   在 System.Data.Entity.Core.Objects.ObjectContext.<>c__DisplayClass174_0.<ExecuteStoreCommand>b__0()
   在 System.Data.Entity.SqlServer.DefaultSqlExecutionStrategy.Execute[TResult](Func`1 operation)
   在 System.Data.Entity.Core.Objects.ObjectContext.ExecuteStoreCommand(TransactionalBehavior transactionalBehavior, String commandText, Object[] parameters)
   在 System.Data.Entity.Internal.InternalContext.ExecuteSqlCommand(TransactionalBehavior transactionalBehavior, String sql, Object[] parameters)
   在 System.Data.Entity.Database.ExecuteSqlCommand(TransactionalBehavior transactionalBehavior, String sql, Object[] parameters)
   在 System.Data.Entity.Database.ExecuteSqlCommand(String sql, Object[] parameters)
   在 MealTicket_Web_Handler.Runner.PlateLeaderTriHelper._insert_To_Database(List`1 sharesList) 位置 F:\项目\饭票后端\MealTicket_Web_Handler\Runner\PlateLeaderTriHelper.cs:行号 89
ClientConnectionId:f28ab18b-9c6e-4669-b2fc-76a7781dff07
Error Number:515,State:2,Class:16

2022/1/18 15:27:55
板块龙头计算入库失败
System.Data.SqlClient.SqlException (0x80131904): 不能将值 NULL 插入列 'PushPrice'，表 'meal_ticket.dbo.t_plate_leader_tri_record'；列不允许有 Null 值。INSERT 失败。
语句已终止。
   在 System.Data.SqlClient.SqlConnection.OnError(SqlException exception, Boolean breakConnection, Action`1 wrapCloseInAction)
   在 System.Data.SqlClient.SqlInternalConnection.OnError(SqlException exception, Boolean breakConnection, Action`1 wrapCloseInAction)
   在 System.Data.SqlClient.TdsParser.ThrowExceptionAndWarning(TdsParserStateObject stateObj, Boolean callerHasConnectionLock, Boolean asyncClose)
   在 System.Data.SqlClient.TdsParser.TryRun(RunBehavior runBehavior, SqlCommand cmdHandler, SqlDataReader dataStream, BulkCopySimpleResultSet bulkCopyHandler, TdsParserStateObject stateObj, Boolean& dataReady)
   在 System.Data.SqlClient.SqlCommand.FinishExecuteReader(SqlDataReader ds, RunBehavior runBehavior, String resetOptionsString, Boolean isInternal, Boolean forDescribeParameterEncryption, Boolean shouldCacheForAlwaysEncrypted)
   在 System.Data.SqlClient.SqlCommand.RunExecuteReaderTds(CommandBehavior cmdBehavior, RunBehavior runBehavior, Boolean returnStream, Boolean async, Int32 timeout, Task& task, Boolean asyncWrite, Boolean inRetry, SqlDataReader ds, Boolean describeParameterEncryptionRequest)
   在 System.Data.SqlClient.SqlCommand.RunExecuteReader(CommandBehavior cmdBehavior, RunBehavior runBehavior, Boolean returnStream, String method, TaskCompletionSource`1 completion, Int32 timeout, Task& task, Boolean& usedCache, Boolean asyncWrite, Boolean inRetry)
   在 System.Data.SqlClient.SqlCommand.InternalExecuteNonQuery(TaskCompletionSource`1 completion, String methodName, Boolean sendToPipe, Int32 timeout, Boolean& usedCache, Boolean asyncWrite, Boolean inRetry)
   在 System.Data.SqlClient.SqlCommand.ExecuteNonQuery()
   在 System.Data.Entity.Infrastructure.Interception.DbCommandDispatcher.<>c.<NonQuery>b__4_0(DbCommand t, DbCommandInterceptionContext`1 c)
   在 System.Data.Entity.Infrastructure.Interception.InternalDispatcher`1.Dispatch[TTarget,TInterceptionContext,TResult](TTarget target, Func`3 operation, TInterceptionContext interceptionContext, Action`3 executing, Action`3 executed)
   在 System.Data.Entity.Infrastructure.Interception.DbCommandDispatcher.NonQuery(DbCommand command, DbCommandInterceptionContext interceptionContext)
   在 System.Data.Entity.Internal.InterceptableDbCommand.ExecuteNonQuery()
   在 System.Data.Entity.Core.Objects.ObjectContext.ExecuteStoreCommandInternal(String commandText, Object[] parameters)
   在 System.Data.Entity.Core.Objects.ObjectContext.<>c__DisplayClass174_0.<ExecuteStoreCommand>b__1()
   在 System.Data.Entity.Core.Objects.ObjectContext.ExecuteInTransaction[T](Func`1 func, IDbExecutionStrategy executionStrategy, Boolean startLocalTransaction, Boolean releaseConnectionOnSuccess)
   在 System.Data.Entity.Core.Objects.ObjectContext.<>c__DisplayClass174_0.<ExecuteStoreCommand>b__0()
   在 System.Data.Entity.SqlServer.DefaultSqlExecutionStrategy.Execute[TResult](Func`1 operation)
   在 System.Data.Entity.Core.Objects.ObjectContext.ExecuteStoreCommand(TransactionalBehavior transactionalBehavior, String commandText, Object[] parameters)
   在 System.Data.Entity.Internal.InternalContext.ExecuteSqlCommand(TransactionalBehavior transactionalBehavior, String sql, Object[] parameters)
   在 System.Data.Entity.Database.ExecuteSqlCommand(TransactionalBehavior transactionalBehavior, String sql, Object[] parameters)
   在 System.Data.Entity.Database.ExecuteSqlCommand(String sql, Object[] parameters)
   在 MealTicket_Web_Handler.Runner.PlateLeaderTriHelper._insert_To_Database(List`1 sharesList) 位置 F:\项目\饭票后端\MealTicket_Web_Handler\Runner\PlateLeaderTriHelper.cs:行号 89
ClientConnectionId:acdb008d-83f7-4bda-9d51-a416617882f6
Error Number:515,State:2,Class:16

2022/1/18 15:27:55
板块龙头计算入库失败
System.Data.SqlClient.SqlException (0x80131904): 不能将值 NULL 插入列 'PushPrice'，表 'meal_ticket.dbo.t_plate_leader_tri_record'；列不允许有 Null 值。INSERT 失败。
语句已终止。
   在 System.Data.SqlClient.SqlConnection.OnError(SqlException exception, Boolean breakConnection, Action`1 wrapCloseInAction)
   在 System.Data.SqlClient.SqlInternalConnection.OnError(SqlException exception, Boolean breakConnection, Action`1 wrapCloseInAction)
   在 System.Data.SqlClient.TdsParser.ThrowExceptionAndWarning(TdsParserStateObject stateObj, Boolean callerHasConnectionLock, Boolean asyncClose)
   在 System.Data.SqlClient.TdsParser.TryRun(RunBehavior runBehavior, SqlCommand cmdHandler, SqlDataReader dataStream, BulkCopySimpleResultSet bulkCopyHandler, TdsParserStateObject stateObj, Boolean& dataReady)
   在 System.Data.SqlClient.SqlCommand.FinishExecuteReader(SqlDataReader ds, RunBehavior runBehavior, String resetOptionsString, Boolean isInternal, Boolean forDescribeParameterEncryption, Boolean shouldCacheForAlwaysEncrypted)
   在 System.Data.SqlClient.SqlCommand.RunExecuteReaderTds(CommandBehavior cmdBehavior, RunBehavior runBehavior, Boolean returnStream, Boolean async, Int32 timeout, Task& task, Boolean asyncWrite, Boolean inRetry, SqlDataReader ds, Boolean describeParameterEncryptionRequest)
   在 System.Data.SqlClient.SqlCommand.RunExecuteReader(CommandBehavior cmdBehavior, RunBehavior runBehavior, Boolean returnStream, String method, TaskCompletionSource`1 completion, Int32 timeout, Task& task, Boolean& usedCache, Boolean asyncWrite, Boolean inRetry)
   在 System.Data.SqlClient.SqlCommand.InternalExecuteNonQuery(TaskCompletionSource`1 completion, String methodName, Boolean sendToPipe, Int32 timeout, Boolean& usedCache, Boolean asyncWrite, Boolean inRetry)
   在 System.Data.SqlClient.SqlCommand.ExecuteNonQuery()
   在 System.Data.Entity.Infrastructure.Interception.DbCommandDispatcher.<>c.<NonQuery>b__4_0(DbCommand t, DbCommandInterceptionContext`1 c)
   在 System.Data.Entity.Infrastructure.Interception.InternalDispatcher`1.Dispatch[TTarget,TInterceptionContext,TResult](TTarget target, Func`3 operation, TInterceptionContext interceptionContext, Action`3 executing, Action`3 executed)
   在 System.Data.Entity.Infrastructure.Interception.DbCommandDispatcher.NonQuery(DbCommand command, DbCommandInterceptionContext interceptionContext)
   在 System.Data.Entity.Internal.InterceptableDbCommand.ExecuteNonQuery()
   在 System.Data.Entity.Core.Objects.ObjectContext.ExecuteStoreCommandInternal(String commandText, Object[] parameters)
   在 System.Data.Entity.Core.Objects.ObjectContext.<>c__DisplayClass174_0.<ExecuteStoreCommand>b__1()
   在 System.Data.Entity.Core.Objects.ObjectContext.ExecuteInTransaction[T](Func`1 func, IDbExecutionStrategy executionStrategy, Boolean startLocalTransaction, Boolean releaseConnectionOnSuccess)
   在 System.Data.Entity.Core.Objects.ObjectContext.<>c__DisplayClass174_0.<ExecuteStoreCommand>b__0()
   在 System.Data.Entity.SqlServer.DefaultSqlExecutionStrategy.Execute[TResult](Func`1 operation)
   在 System.Data.Entity.Core.Objects.ObjectContext.ExecuteStoreCommand(TransactionalBehavior transactionalBehavior, String commandText, Object[] parameters)
   在 System.Data.Entity.Internal.InternalContext.ExecuteSqlCommand(TransactionalBehavior transactionalBehavior, String sql, Object[] parameters)
   在 System.Data.Entity.Database.ExecuteSqlCommand(TransactionalBehavior transactionalBehavior, String sql, Object[] parameters)
   在 System.Data.Entity.Database.ExecuteSqlCommand(String sql, Object[] parameters)
   在 MealTicket_Web_Handler.Runner.PlateLeaderTriHelper._insert_To_Database(List`1 sharesList) 位置 F:\项目\饭票后端\MealTicket_Web_Handler\Runner\PlateLeaderTriHelper.cs:行号 89
ClientConnectionId:308ddbb5-d004-4c42-ad2b-39f486e9a37a
Error Number:515,State:2,Class:16

2022/1/18 15:27:55
OnGetData出错
System.ArgumentNullException: 值不能为 null。
参数名: connection
   在 System.Data.Entity.Utilities.Check.NotNull[T](T value, String parameterName)
   在 System.Data.Entity.Infrastructure.Interception.DbTransactionInterceptionContext.WithConnection(DbConnection connection)
   在 System.Data.Entity.Infrastructure.Interception.DbTransactionDispatcher.Rollback(DbTransaction transaction, DbInterceptionContext interceptionContext)
   在 System.Data.Entity.Core.EntityClient.EntityTransaction.Rollback()

2022/1/18 15:27:55
OnGetData出错
System.ArgumentNullException: 值不能为 null。
参数名: connection
   在 System.Data.Entity.Utilities.Check.NotNull[T](T value, String parameterName)
   在 System.Data.Entity.Infrastructure.Interception.DbTransactionInterceptionContext.WithConnection(DbConnection connection)
   在 System.Data.Entity.Infrastructure.Interception.DbTransactionDispatcher.Rollback(DbTransaction transaction, DbInterceptionContext interceptionContext)
   在 System.Data.Entity.Core.EntityClient.EntityTransaction.Rollback()

2022/1/18 15:27:55
OnGetData出错
System.ArgumentNullException: 值不能为 null。
参数名: connection
   在 System.Data.Entity.Utilities.Check.NotNull[T](T value, String parameterName)
   在 System.Data.Entity.Infrastructure.Interception.DbTransactionInterceptionContext.WithConnection(DbConnection connection)
   在 System.Data.Entity.Infrastructure.Interception.DbTransactionDispatcher.Rollback(DbTransaction transaction, DbInterceptionContext interceptionContext)
   在 System.Data.Entity.Core.EntityClient.EntityTransaction.Rollback()

2022/1/18 15:27:55
板块龙头计算入库失败
System.Data.SqlClient.SqlException (0x80131904): 不能将值 NULL 插入列 'PushPrice'，表 'meal_ticket.dbo.t_plate_leader_tri_record'；列不允许有 Null 值。INSERT 失败。
语句已终止。
   在 System.Data.SqlClient.SqlConnection.OnError(SqlException exception, Boolean breakConnection, Action`1 wrapCloseInAction)
   在 System.Data.SqlClient.SqlInternalConnection.OnError(SqlException exception, Boolean breakConnection, Action`1 wrapCloseInAction)
   在 System.Data.SqlClient.TdsParser.ThrowExceptionAndWarning(TdsParserStateObject stateObj, Boolean callerHasConnectionLock, Boolean asyncClose)
   在 System.Data.SqlClient.TdsParser.TryRun(RunBehavior runBehavior, SqlCommand cmdHandler, SqlDataReader dataStream, BulkCopySimpleResultSet bulkCopyHandler, TdsParserStateObject stateObj, Boolean& dataReady)
   在 System.Data.SqlClient.SqlCommand.FinishExecuteReader(SqlDataReader ds, RunBehavior runBehavior, String resetOptionsString, Boolean isInternal, Boolean forDescribeParameterEncryption, Boolean shouldCacheForAlwaysEncrypted)
   在 System.Data.SqlClient.SqlCommand.RunExecuteReaderTds(CommandBehavior cmdBehavior, RunBehavior runBehavior, Boolean returnStream, Boolean async, Int32 timeout, Task& task, Boolean asyncWrite, Boolean inRetry, SqlDataReader ds, Boolean describeParameterEncryptionRequest)
   在 System.Data.SqlClient.SqlCommand.RunExecuteReader(CommandBehavior cmdBehavior, RunBehavior runBehavior, Boolean returnStream, String method, TaskCompletionSource`1 completion, Int32 timeout, Task& task, Boolean& usedCache, Boolean asyncWrite, Boolean inRetry)
   在 System.Data.SqlClient.SqlCommand.InternalExecuteNonQuery(TaskCompletionSource`1 completion, String methodName, Boolean sendToPipe, Int32 timeout, Boolean& usedCache, Boolean asyncWrite, Boolean inRetry)
   在 System.Data.SqlClient.SqlCommand.ExecuteNonQuery()
   在 System.Data.Entity.Infrastructure.Interception.DbCommandDispatcher.<>c.<NonQuery>b__4_0(DbCommand t, DbCommandInterceptionContext`1 c)
   在 System.Data.Entity.Infrastructure.Interception.InternalDispatcher`1.Dispatch[TTarget,TInterceptionContext,TResult](TTarget target, Func`3 operation, TInterceptionContext interceptionContext, Action`3 executing, Action`3 executed)
   在 System.Data.Entity.Infrastructure.Interception.DbCommandDispatcher.NonQuery(DbCommand command, DbCommandInterceptionContext interceptionContext)
   在 System.Data.Entity.Internal.InterceptableDbCommand.ExecuteNonQuery()
   在 System.Data.Entity.Core.Objects.ObjectContext.ExecuteStoreCommandInternal(String commandText, Object[] parameters)
   在 System.Data.Entity.Core.Objects.ObjectContext.<>c__DisplayClass174_0.<ExecuteStoreCommand>b__1()
   在 System.Data.Entity.Core.Objects.ObjectContext.ExecuteInTransaction[T](Func`1 func, IDbExecutionStrategy executionStrategy, Boolean startLocalTransaction, Boolean releaseConnectionOnSuccess)
   在 System.Data.Entity.Core.Objects.ObjectContext.<>c__DisplayClass174_0.<ExecuteStoreCommand>b__0()
   在 System.Data.Entity.SqlServer.DefaultSqlExecutionStrategy.Execute[TResult](Func`1 operation)
   在 System.Data.Entity.Core.Objects.ObjectContext.ExecuteStoreCommand(TransactionalBehavior transactionalBehavior, String commandText, Object[] parameters)
   在 System.Data.Entity.Internal.InternalContext.ExecuteSqlCommand(TransactionalBehavior transactionalBehavior, String sql, Object[] parameters)
   在 System.Data.Entity.Database.ExecuteSqlCommand(TransactionalBehavior transactionalBehavior, String sql, Object[] parameters)
   在 System.Data.Entity.Database.ExecuteSqlCommand(String sql, Object[] parameters)
   在 MealTicket_Web_Handler.Runner.PlateLeaderTriHelper._insert_To_Database(List`1 sharesList) 位置 F:\项目\饭票后端\MealTicket_Web_Handler\Runner\PlateLeaderTriHelper.cs:行号 89
ClientConnectionId:f9bed963-b3c7-423f-b917-274745804883
Error Number:515,State:2,Class:16

2022/1/18 15:27:55
OnGetData出错
System.ArgumentNullException: 值不能为 null。
参数名: connection
   在 System.Data.Entity.Utilities.Check.NotNull[T](T value, String parameterName)
   在 System.Data.Entity.Infrastructure.Interception.DbTransactionInterceptionContext.WithConnection(DbConnection connection)
   在 System.Data.Entity.Infrastructure.Interception.DbTransactionDispatcher.Rollback(DbTransaction transaction, DbInterceptionContext interceptionContext)
   在 System.Data.Entity.Core.EntityClient.EntityTransaction.Rollback()

2022/1/18 15:27:55
板块龙头计算入库失败
System.Data.SqlClient.SqlException (0x80131904): 不能将值 NULL 插入列 'PushPrice'，表 'meal_ticket.dbo.t_plate_leader_tri_record'；列不允许有 Null 值。INSERT 失败。
语句已终止。
   在 System.Data.SqlClient.SqlConnection.OnError(SqlException exception, Boolean breakConnection, Action`1 wrapCloseInAction)
   在 System.Data.SqlClient.SqlInternalConnection.OnError(SqlException exception, Boolean breakConnection, Action`1 wrapCloseInAction)
   在 System.Data.SqlClient.TdsParser.ThrowExceptionAndWarning(TdsParserStateObject stateObj, Boolean callerHasConnectionLock, Boolean asyncClose)
   在 System.Data.SqlClient.TdsParser.TryRun(RunBehavior runBehavior, SqlCommand cmdHandler, SqlDataReader dataStream, BulkCopySimpleResultSet bulkCopyHandler, TdsParserStateObject stateObj, Boolean& dataReady)
   在 System.Data.SqlClient.SqlCommand.FinishExecuteReader(SqlDataReader ds, RunBehavior runBehavior, String resetOptionsString, Boolean isInternal, Boolean forDescribeParameterEncryption, Boolean shouldCacheForAlwaysEncrypted)
   在 System.Data.SqlClient.SqlCommand.RunExecuteReaderTds(CommandBehavior cmdBehavior, RunBehavior runBehavior, Boolean returnStream, Boolean async, Int32 timeout, Task& task, Boolean asyncWrite, Boolean inRetry, SqlDataReader ds, Boolean describeParameterEncryptionRequest)
   在 System.Data.SqlClient.SqlCommand.RunExecuteReader(CommandBehavior cmdBehavior, RunBehavior runBehavior, Boolean returnStream, String method, TaskCompletionSource`1 completion, Int32 timeout, Task& task, Boolean& usedCache, Boolean asyncWrite, Boolean inRetry)
   在 System.Data.SqlClient.SqlCommand.InternalExecuteNonQuery(TaskCompletionSource`1 completion, String methodName, Boolean sendToPipe, Int32 timeout, Boolean& usedCache, Boolean asyncWrite, Boolean inRetry)
   在 System.Data.SqlClient.SqlCommand.ExecuteNonQuery()
   在 System.Data.Entity.Infrastructure.Interception.DbCommandDispatcher.<>c.<NonQuery>b__4_0(DbCommand t, DbCommandInterceptionContext`1 c)
   在 System.Data.Entity.Infrastructure.Interception.InternalDispatcher`1.Dispatch[TTarget,TInterceptionContext,TResult](TTarget target, Func`3 operation, TInterceptionContext interceptionContext, Action`3 executing, Action`3 executed)
   在 System.Data.Entity.Infrastructure.Interception.DbCommandDispatcher.NonQuery(DbCommand command, DbCommandInterceptionContext interceptionContext)
   在 System.Data.Entity.Internal.InterceptableDbCommand.ExecuteNonQuery()
   在 System.Data.Entity.Core.Objects.ObjectContext.ExecuteStoreCommandInternal(String commandText, Object[] parameters)
   在 System.Data.Entity.Core.Objects.ObjectContext.<>c__DisplayClass174_0.<ExecuteStoreCommand>b__1()
   在 System.Data.Entity.Core.Objects.ObjectContext.ExecuteInTransaction[T](Func`1 func, IDbExecutionStrategy executionStrategy, Boolean startLocalTransaction, Boolean releaseConnectionOnSuccess)
   在 System.Data.Entity.Core.Objects.ObjectContext.<>c__DisplayClass174_0.<ExecuteStoreCommand>b__0()
   在 System.Data.Entity.SqlServer.DefaultSqlExecutionStrategy.Execute[TResult](Func`1 operation)
   在 System.Data.Entity.Core.Objects.ObjectContext.ExecuteStoreCommand(TransactionalBehavior transactionalBehavior, String commandText, Object[] parameters)
   在 System.Data.Entity.Internal.InternalContext.ExecuteSqlCommand(TransactionalBehavior transactionalBehavior, String sql, Object[] parameters)
   在 System.Data.Entity.Database.ExecuteSqlCommand(TransactionalBehavior transactionalBehavior, String sql, Object[] parameters)
   在 System.Data.Entity.Database.ExecuteSqlCommand(String sql, Object[] parameters)
   在 MealTicket_Web_Handler.Runner.PlateLeaderTriHelper._insert_To_Database(List`1 sharesList) 位置 F:\项目\饭票后端\MealTicket_Web_Handler\Runner\PlateLeaderTriHelper.cs:行号 89
ClientConnectionId:f9bed963-b3c7-423f-b917-274745804883
Error Number:515,State:2,Class:16

2022/1/18 15:27:55
OnGetData出错
System.ArgumentNullException: 值不能为 null。
参数名: connection
   在 System.Data.Entity.Utilities.Check.NotNull[T](T value, String parameterName)
   在 System.Data.Entity.Infrastructure.Interception.DbTransactionInterceptionContext.WithConnection(DbConnection connection)
   在 System.Data.Entity.Infrastructure.Interception.DbTransactionDispatcher.Rollback(DbTransaction transaction, DbInterceptionContext interceptionContext)
   在 System.Data.Entity.Core.EntityClient.EntityTransaction.Rollback()

2022/1/18 15:27:55
板块龙头计算入库失败
System.Data.SqlClient.SqlException (0x80131904): 不能将值 NULL 插入列 'PushPrice'，表 'meal_ticket.dbo.t_plate_leader_tri_record'；列不允许有 Null 值。INSERT 失败。
语句已终止。
   在 System.Data.SqlClient.SqlConnection.OnError(SqlException exception, Boolean breakConnection, Action`1 wrapCloseInAction)
   在 System.Data.SqlClient.SqlInternalConnection.OnError(SqlException exception, Boolean breakConnection, Action`1 wrapCloseInAction)
   在 System.Data.SqlClient.TdsParser.ThrowExceptionAndWarning(TdsParserStateObject stateObj, Boolean callerHasConnectionLock, Boolean asyncClose)
   在 System.Data.SqlClient.TdsParser.TryRun(RunBehavior runBehavior, SqlCommand cmdHandler, SqlDataReader dataStream, BulkCopySimpleResultSet bulkCopyHandler, TdsParserStateObject stateObj, Boolean& dataReady)
   在 System.Data.SqlClient.SqlCommand.FinishExecuteReader(SqlDataReader ds, RunBehavior runBehavior, String resetOptionsString, Boolean isInternal, Boolean forDescribeParameterEncryption, Boolean shouldCacheForAlwaysEncrypted)
   在 System.Data.SqlClient.SqlCommand.RunExecuteReaderTds(CommandBehavior cmdBehavior, RunBehavior runBehavior, Boolean returnStream, Boolean async, Int32 timeout, Task& task, Boolean asyncWrite, Boolean inRetry, SqlDataReader ds, Boolean describeParameterEncryptionRequest)
   在 System.Data.SqlClient.SqlCommand.RunExecuteReader(CommandBehavior cmdBehavior, RunBehavior runBehavior, Boolean returnStream, String method, TaskCompletionSource`1 completion, Int32 timeout, Task& task, Boolean& usedCache, Boolean asyncWrite, Boolean inRetry)
   在 System.Data.SqlClient.SqlCommand.InternalExecuteNonQuery(TaskCompletionSource`1 completion, String methodName, Boolean sendToPipe, Int32 timeout, Boolean& usedCache, Boolean asyncWrite, Boolean inRetry)
   在 System.Data.SqlClient.SqlCommand.ExecuteNonQuery()
   在 System.Data.Entity.Infrastructure.Interception.DbCommandDispatcher.<>c.<NonQuery>b__4_0(DbCommand t, DbCommandInterceptionContext`1 c)
   在 System.Data.Entity.Infrastructure.Interception.InternalDispatcher`1.Dispatch[TTarget,TInterceptionContext,TResult](TTarget target, Func`3 operation, TInterceptionContext interceptionContext, Action`3 executing, Action`3 executed)
   在 System.Data.Entity.Infrastructure.Interception.DbCommandDispatcher.NonQuery(DbCommand command, DbCommandInterceptionContext interceptionContext)
   在 System.Data.Entity.Internal.InterceptableDbCommand.ExecuteNonQuery()
   在 System.Data.Entity.Core.Objects.ObjectContext.ExecuteStoreCommandInternal(String commandText, Object[] parameters)
   在 System.Data.Entity.Core.Objects.ObjectContext.<>c__DisplayClass174_0.<ExecuteStoreCommand>b__1()
   在 System.Data.Entity.Core.Objects.ObjectContext.ExecuteInTransaction[T](Func`1 func, IDbExecutionStrategy executionStrategy, Boolean startLocalTransaction, Boolean releaseConnectionOnSuccess)
   在 System.Data.Entity.Core.Objects.ObjectContext.<>c__DisplayClass174_0.<ExecuteStoreCommand>b__0()
   在 System.Data.Entity.SqlServer.DefaultSqlExecutionStrategy.Execute[TResult](Func`1 operation)
   在 System.Data.Entity.Core.Objects.ObjectContext.ExecuteStoreCommand(TransactionalBehavior transactionalBehavior, String commandText, Object[] parameters)
   在 System.Data.Entity.Internal.InternalContext.ExecuteSqlCommand(TransactionalBehavior transactionalBehavior, String sql, Object[] parameters)
   在 System.Data.Entity.Database.ExecuteSqlCommand(TransactionalBehavior transactionalBehavior, String sql, Object[] parameters)
   在 System.Data.Entity.Database.ExecuteSqlCommand(String sql, Object[] parameters)
   在 MealTicket_Web_Handler.Runner.PlateLeaderTriHelper._insert_To_Database(List`1 sharesList) 位置 F:\项目\饭票后端\MealTicket_Web_Handler\Runner\PlateLeaderTriHelper.cs:行号 89
ClientConnectionId:acdb008d-83f7-4bda-9d51-a416617882f6
Error Number:515,State:2,Class:16

2022/1/18 15:27:55
OnGetData出错
System.ArgumentNullException: 值不能为 null。
参数名: connection
   在 System.Data.Entity.Utilities.Check.NotNull[T](T value, String parameterName)
   在 System.Data.Entity.Infrastructure.Interception.DbTransactionInterceptionContext.WithConnection(DbConnection connection)
   在 System.Data.Entity.Infrastructure.Interception.DbTransactionDispatcher.Rollback(DbTransaction transaction, DbInterceptionContext interceptionContext)
   在 System.Data.Entity.Core.EntityClient.EntityTransaction.Rollback()

2022/1/18 15:27:56
板块龙头计算入库失败
System.Data.SqlClient.SqlException (0x80131904): 不能将值 NULL 插入列 'PushPrice'，表 'meal_ticket.dbo.t_plate_leader_tri_record'；列不允许有 Null 值。INSERT 失败。
语句已终止。
   在 System.Data.SqlClient.SqlConnection.OnError(SqlException exception, Boolean breakConnection, Action`1 wrapCloseInAction)
   在 System.Data.SqlClient.SqlInternalConnection.OnError(SqlException exception, Boolean breakConnection, Action`1 wrapCloseInAction)
   在 System.Data.SqlClient.TdsParser.ThrowExceptionAndWarning(TdsParserStateObject stateObj, Boolean callerHasConnectionLock, Boolean asyncClose)
   在 System.Data.SqlClient.TdsParser.TryRun(RunBehavior runBehavior, SqlCommand cmdHandler, SqlDataReader dataStream, BulkCopySimpleResultSet bulkCopyHandler, TdsParserStateObject stateObj, Boolean& dataReady)
   在 System.Data.SqlClient.SqlCommand.FinishExecuteReader(SqlDataReader ds, RunBehavior runBehavior, String resetOptionsString, Boolean isInternal, Boolean forDescribeParameterEncryption, Boolean shouldCacheForAlwaysEncrypted)
   在 System.Data.SqlClient.SqlCommand.RunExecuteReaderTds(CommandBehavior cmdBehavior, RunBehavior runBehavior, Boolean returnStream, Boolean async, Int32 timeout, Task& task, Boolean asyncWrite, Boolean inRetry, SqlDataReader ds, Boolean describeParameterEncryptionRequest)
   在 System.Data.SqlClient.SqlCommand.RunExecuteReader(CommandBehavior cmdBehavior, RunBehavior runBehavior, Boolean returnStream, String method, TaskCompletionSource`1 completion, Int32 timeout, Task& task, Boolean& usedCache, Boolean asyncWrite, Boolean inRetry)
   在 System.Data.SqlClient.SqlCommand.InternalExecuteNonQuery(TaskCompletionSource`1 completion, String methodName, Boolean sendToPipe, Int32 timeout, Boolean& usedCache, Boolean asyncWrite, Boolean inRetry)
   在 System.Data.SqlClient.SqlCommand.ExecuteNonQuery()
   在 System.Data.Entity.Infrastructure.Interception.DbCommandDispatcher.<>c.<NonQuery>b__4_0(DbCommand t, DbCommandInterceptionContext`1 c)
   在 System.Data.Entity.Infrastructure.Interception.InternalDispatcher`1.Dispatch[TTarget,TInterceptionContext,TResult](TTarget target, Func`3 operation, TInterceptionContext interceptionContext, Action`3 executing, Action`3 executed)
   在 System.Data.Entity.Infrastructure.Interception.DbCommandDispatcher.NonQuery(DbCommand command, DbCommandInterceptionContext interceptionContext)
   在 System.Data.Entity.Internal.InterceptableDbCommand.ExecuteNonQuery()
   在 System.Data.Entity.Core.Objects.ObjectContext.ExecuteStoreCommandInternal(String commandText, Object[] parameters)
   在 System.Data.Entity.Core.Objects.ObjectContext.<>c__DisplayClass174_0.<ExecuteStoreCommand>b__1()
   在 System.Data.Entity.Core.Objects.ObjectContext.ExecuteInTransaction[T](Func`1 func, IDbExecutionStrategy executionStrategy, Boolean startLocalTransaction, Boolean releaseConnectionOnSuccess)
   在 System.Data.Entity.Core.Objects.ObjectContext.<>c__DisplayClass174_0.<ExecuteStoreCommand>b__0()
   在 System.Data.Entity.SqlServer.DefaultSqlExecutionStrategy.Execute[TResult](Func`1 operation)
   在 System.Data.Entity.Core.Objects.ObjectContext.ExecuteStoreCommand(TransactionalBehavior transactionalBehavior, String commandText, Object[] parameters)
   在 System.Data.Entity.Internal.InternalContext.ExecuteSqlCommand(TransactionalBehavior transactionalBehavior, String sql, Object[] parameters)
   在 System.Data.Entity.Database.ExecuteSqlCommand(TransactionalBehavior transactionalBehavior, String sql, Object[] parameters)
   在 System.Data.Entity.Database.ExecuteSqlCommand(String sql, Object[] parameters)
   在 MealTicket_Web_Handler.Runner.PlateLeaderTriHelper._insert_To_Database(List`1 sharesList) 位置 F:\项目\饭票后端\MealTicket_Web_Handler\Runner\PlateLeaderTriHelper.cs:行号 89
ClientConnectionId:acdb008d-83f7-4bda-9d51-a416617882f6
Error Number:515,State:2,Class:16

2022/1/18 15:27:56
OnGetData出错
System.ArgumentNullException: 值不能为 null。
参数名: connection
   在 System.Data.Entity.Utilities.Check.NotNull[T](T value, String parameterName)
   在 System.Data.Entity.Infrastructure.Interception.DbTransactionInterceptionContext.WithConnection(DbConnection connection)
   在 System.Data.Entity.Infrastructure.Interception.DbTransactionDispatcher.Rollback(DbTransaction transaction, DbInterceptionContext interceptionContext)
   在 System.Data.Entity.Core.EntityClient.EntityTransaction.Rollback()

2022/1/18 15:27:56
板块龙头计算入库失败
System.Data.SqlClient.SqlException (0x80131904): 不能将值 NULL 插入列 'PushPrice'，表 'meal_ticket.dbo.t_plate_leader_tri_record'；列不允许有 Null 值。INSERT 失败。
语句已终止。
   在 System.Data.SqlClient.SqlConnection.OnError(SqlException exception, Boolean breakConnection, Action`1 wrapCloseInAction)
   在 System.Data.SqlClient.SqlInternalConnection.OnError(SqlException exception, Boolean breakConnection, Action`1 wrapCloseInAction)
   在 System.Data.SqlClient.TdsParser.ThrowExceptionAndWarning(TdsParserStateObject stateObj, Boolean callerHasConnectionLock, Boolean asyncClose)
   在 System.Data.SqlClient.TdsParser.TryRun(RunBehavior runBehavior, SqlCommand cmdHandler, SqlDataReader dataStream, BulkCopySimpleResultSet bulkCopyHandler, TdsParserStateObject stateObj, Boolean& dataReady)
   在 System.Data.SqlClient.SqlCommand.FinishExecuteReader(SqlDataReader ds, RunBehavior runBehavior, String resetOptionsString, Boolean isInternal, Boolean forDescribeParameterEncryption, Boolean shouldCacheForAlwaysEncrypted)
   在 System.Data.SqlClient.SqlCommand.RunExecuteReaderTds(CommandBehavior cmdBehavior, RunBehavior runBehavior, Boolean returnStream, Boolean async, Int32 timeout, Task& task, Boolean asyncWrite, Boolean inRetry, SqlDataReader ds, Boolean describeParameterEncryptionRequest)
   在 System.Data.SqlClient.SqlCommand.RunExecuteReader(CommandBehavior cmdBehavior, RunBehavior runBehavior, Boolean returnStream, String method, TaskCompletionSource`1 completion, Int32 timeout, Task& task, Boolean& usedCache, Boolean asyncWrite, Boolean inRetry)
   在 System.Data.SqlClient.SqlCommand.InternalExecuteNonQuery(TaskCompletionSource`1 completion, String methodName, Boolean sendToPipe, Int32 timeout, Boolean& usedCache, Boolean asyncWrite, Boolean inRetry)
   在 System.Data.SqlClient.SqlCommand.ExecuteNonQuery()
   在 System.Data.Entity.Infrastructure.Interception.DbCommandDispatcher.<>c.<NonQuery>b__4_0(DbCommand t, DbCommandInterceptionContext`1 c)
   在 System.Data.Entity.Infrastructure.Interception.InternalDispatcher`1.Dispatch[TTarget,TInterceptionContext,TResult](TTarget target, Func`3 operation, TInterceptionContext interceptionContext, Action`3 executing, Action`3 executed)
   在 System.Data.Entity.Infrastructure.Interception.DbCommandDispatcher.NonQuery(DbCommand command, DbCommandInterceptionContext interceptionContext)
   在 System.Data.Entity.Internal.InterceptableDbCommand.ExecuteNonQuery()
   在 System.Data.Entity.Core.Objects.ObjectContext.ExecuteStoreCommandInternal(String commandText, Object[] parameters)
   在 System.Data.Entity.Core.Objects.ObjectContext.<>c__DisplayClass174_0.<ExecuteStoreCommand>b__1()
   在 System.Data.Entity.Core.Objects.ObjectContext.ExecuteInTransaction[T](Func`1 func, IDbExecutionStrategy executionStrategy, Boolean startLocalTransaction, Boolean releaseConnectionOnSuccess)
   在 System.Data.Entity.Core.Objects.ObjectContext.<>c__DisplayClass174_0.<ExecuteStoreCommand>b__0()
   在 System.Data.Entity.SqlServer.DefaultSqlExecutionStrategy.Execute[TResult](Func`1 operation)
   在 System.Data.Entity.Core.Objects.ObjectContext.ExecuteStoreCommand(TransactionalBehavior transactionalBehavior, String commandText, Object[] parameters)
   在 System.Data.Entity.Internal.InternalContext.ExecuteSqlCommand(TransactionalBehavior transactionalBehavior, String sql, Object[] parameters)
   在 System.Data.Entity.Database.ExecuteSqlCommand(TransactionalBehavior transactionalBehavior, String sql, Object[] parameters)
   在 System.Data.Entity.Database.ExecuteSqlCommand(String sql, Object[] parameters)
   在 MealTicket_Web_Handler.Runner.PlateLeaderTriHelper._insert_To_Database(List`1 sharesList) 位置 F:\项目\饭票后端\MealTicket_Web_Handler\Runner\PlateLeaderTriHelper.cs:行号 89
ClientConnectionId:f28ab18b-9c6e-4669-b2fc-76a7781dff07
Error Number:515,State:2,Class:16

2022/1/18 15:27:56
OnGetData出错
System.ArgumentNullException: 值不能为 null。
参数名: connection
   在 System.Data.Entity.Utilities.Check.NotNull[T](T value, String parameterName)
   在 System.Data.Entity.Infrastructure.Interception.DbTransactionInterceptionContext.WithConnection(DbConnection connection)
   在 System.Data.Entity.Infrastructure.Interception.DbTransactionDispatcher.Rollback(DbTransaction transaction, DbInterceptionContext interceptionContext)
   在 System.Data.Entity.Core.EntityClient.EntityTransaction.Rollback()

2022/1/18 15:27:56
板块龙头计算入库失败
System.Data.SqlClient.SqlException (0x80131904): 不能将值 NULL 插入列 'PushPrice'，表 'meal_ticket.dbo.t_plate_leader_tri_record'；列不允许有 Null 值。INSERT 失败。
语句已终止。
   在 System.Data.SqlClient.SqlConnection.OnError(SqlException exception, Boolean breakConnection, Action`1 wrapCloseInAction)
   在 System.Data.SqlClient.SqlInternalConnection.OnError(SqlException exception, Boolean breakConnection, Action`1 wrapCloseInAction)
   在 System.Data.SqlClient.TdsParser.ThrowExceptionAndWarning(TdsParserStateObject stateObj, Boolean callerHasConnectionLock, Boolean asyncClose)
   在 System.Data.SqlClient.TdsParser.TryRun(RunBehavior runBehavior, SqlCommand cmdHandler, SqlDataReader dataStream, BulkCopySimpleResultSet bulkCopyHandler, TdsParserStateObject stateObj, Boolean& dataReady)
   在 System.Data.SqlClient.SqlCommand.FinishExecuteReader(SqlDataReader ds, RunBehavior runBehavior, String resetOptionsString, Boolean isInternal, Boolean forDescribeParameterEncryption, Boolean shouldCacheForAlwaysEncrypted)
   在 System.Data.SqlClient.SqlCommand.RunExecuteReaderTds(CommandBehavior cmdBehavior, RunBehavior runBehavior, Boolean returnStream, Boolean async, Int32 timeout, Task& task, Boolean asyncWrite, Boolean inRetry, SqlDataReader ds, Boolean describeParameterEncryptionRequest)
   在 System.Data.SqlClient.SqlCommand.RunExecuteReader(CommandBehavior cmdBehavior, RunBehavior runBehavior, Boolean returnStream, String method, TaskCompletionSource`1 completion, Int32 timeout, Task& task, Boolean& usedCache, Boolean asyncWrite, Boolean inRetry)
   在 System.Data.SqlClient.SqlCommand.InternalExecuteNonQuery(TaskCompletionSource`1 completion, String methodName, Boolean sendToPipe, Int32 timeout, Boolean& usedCache, Boolean asyncWrite, Boolean inRetry)
   在 System.Data.SqlClient.SqlCommand.ExecuteNonQuery()
   在 System.Data.Entity.Infrastructure.Interception.DbCommandDispatcher.<>c.<NonQuery>b__4_0(DbCommand t, DbCommandInterceptionContext`1 c)
   在 System.Data.Entity.Infrastructure.Interception.InternalDispatcher`1.Dispatch[TTarget,TInterceptionContext,TResult](TTarget target, Func`3 operation, TInterceptionContext interceptionContext, Action`3 executing, Action`3 executed)
   在 System.Data.Entity.Infrastructure.Interception.DbCommandDispatcher.NonQuery(DbCommand command, DbCommandInterceptionContext interceptionContext)
   在 System.Data.Entity.Internal.InterceptableDbCommand.ExecuteNonQuery()
   在 System.Data.Entity.Core.Objects.ObjectContext.ExecuteStoreCommandInternal(String commandText, Object[] parameters)
   在 System.Data.Entity.Core.Objects.ObjectContext.<>c__DisplayClass174_0.<ExecuteStoreCommand>b__1()
   在 System.Data.Entity.Core.Objects.ObjectContext.ExecuteInTransaction[T](Func`1 func, IDbExecutionStrategy executionStrategy, Boolean startLocalTransaction, Boolean releaseConnectionOnSuccess)
   在 System.Data.Entity.Core.Objects.ObjectContext.<>c__DisplayClass174_0.<ExecuteStoreCommand>b__0()
   在 System.Data.Entity.SqlServer.DefaultSqlExecutionStrategy.Execute[TResult](Func`1 operation)
   在 System.Data.Entity.Core.Objects.ObjectContext.ExecuteStoreCommand(TransactionalBehavior transactionalBehavior, String commandText, Object[] parameters)
   在 System.Data.Entity.Internal.InternalContext.ExecuteSqlCommand(TransactionalBehavior transactionalBehavior, String sql, Object[] parameters)
   在 System.Data.Entity.Database.ExecuteSqlCommand(TransactionalBehavior transactionalBehavior, String sql, Object[] parameters)
   在 System.Data.Entity.Database.ExecuteSqlCommand(String sql, Object[] parameters)
   在 MealTicket_Web_Handler.Runner.PlateLeaderTriHelper._insert_To_Database(List`1 sharesList) 位置 F:\项目\饭票后端\MealTicket_Web_Handler\Runner\PlateLeaderTriHelper.cs:行号 89
ClientConnectionId:f9bed963-b3c7-423f-b917-274745804883
Error Number:515,State:2,Class:16

2022/1/18 15:27:56
OnGetData出错
System.ArgumentNullException: 值不能为 null。
参数名: connection
   在 System.Data.Entity.Utilities.Check.NotNull[T](T value, String parameterName)
   在 System.Data.Entity.Infrastructure.Interception.DbTransactionInterceptionContext.WithConnection(DbConnection connection)
   在 System.Data.Entity.Infrastructure.Interception.DbTransactionDispatcher.Rollback(DbTransaction transaction, DbInterceptionContext interceptionContext)
   在 System.Data.Entity.Core.EntityClient.EntityTransaction.Rollback()

2022/1/18 15:27:56
板块龙头计算入库失败
System.Data.SqlClient.SqlException (0x80131904): 不能将值 NULL 插入列 'PushPrice'，表 'meal_ticket.dbo.t_plate_leader_tri_record'；列不允许有 Null 值。INSERT 失败。
语句已终止。
   在 System.Data.SqlClient.SqlConnection.OnError(SqlException exception, Boolean breakConnection, Action`1 wrapCloseInAction)
   在 System.Data.SqlClient.SqlInternalConnection.OnError(SqlException exception, Boolean breakConnection, Action`1 wrapCloseInAction)
   在 System.Data.SqlClient.TdsParser.ThrowExceptionAndWarning(TdsParserStateObject stateObj, Boolean callerHasConnectionLock, Boolean asyncClose)
   在 System.Data.SqlClient.TdsParser.TryRun(RunBehavior runBehavior, SqlCommand cmdHandler, SqlDataReader dataStream, BulkCopySimpleResultSet bulkCopyHandler, TdsParserStateObject stateObj, Boolean& dataReady)
   在 System.Data.SqlClient.SqlCommand.FinishExecuteReader(SqlDataReader ds, RunBehavior runBehavior, String resetOptionsString, Boolean isInternal, Boolean forDescribeParameterEncryption, Boolean shouldCacheForAlwaysEncrypted)
   在 System.Data.SqlClient.SqlCommand.RunExecuteReaderTds(CommandBehavior cmdBehavior, RunBehavior runBehavior, Boolean returnStream, Boolean async, Int32 timeout, Task& task, Boolean asyncWrite, Boolean inRetry, SqlDataReader ds, Boolean describeParameterEncryptionRequest)
   在 System.Data.SqlClient.SqlCommand.RunExecuteReader(CommandBehavior cmdBehavior, RunBehavior runBehavior, Boolean returnStream, String method, TaskCompletionSource`1 completion, Int32 timeout, Task& task, Boolean& usedCache, Boolean asyncWrite, Boolean inRetry)
   在 System.Data.SqlClient.SqlCommand.InternalExecuteNonQuery(TaskCompletionSource`1 completion, String methodName, Boolean sendToPipe, Int32 timeout, Boolean& usedCache, Boolean asyncWrite, Boolean inRetry)
   在 System.Data.SqlClient.SqlCommand.ExecuteNonQuery()
   在 System.Data.Entity.Infrastructure.Interception.DbCommandDispatcher.<>c.<NonQuery>b__4_0(DbCommand t, DbCommandInterceptionContext`1 c)
   在 System.Data.Entity.Infrastructure.Interception.InternalDispatcher`1.Dispatch[TTarget,TInterceptionContext,TResult](TTarget target, Func`3 operation, TInterceptionContext interceptionContext, Action`3 executing, Action`3 executed)
   在 System.Data.Entity.Infrastructure.Interception.DbCommandDispatcher.NonQuery(DbCommand command, DbCommandInterceptionContext interceptionContext)
   在 System.Data.Entity.Internal.InterceptableDbCommand.ExecuteNonQuery()
   在 System.Data.Entity.Core.Objects.ObjectContext.ExecuteStoreCommandInternal(String commandText, Object[] parameters)
   在 System.Data.Entity.Core.Objects.ObjectContext.<>c__DisplayClass174_0.<ExecuteStoreCommand>b__1()
   在 System.Data.Entity.Core.Objects.ObjectContext.ExecuteInTransaction[T](Func`1 func, IDbExecutionStrategy executionStrategy, Boolean startLocalTransaction, Boolean releaseConnectionOnSuccess)
   在 System.Data.Entity.Core.Objects.ObjectContext.<>c__DisplayClass174_0.<ExecuteStoreCommand>b__0()
   在 System.Data.Entity.SqlServer.DefaultSqlExecutionStrategy.Execute[TResult](Func`1 operation)
   在 System.Data.Entity.Core.Objects.ObjectContext.ExecuteStoreCommand(TransactionalBehavior transactionalBehavior, String commandText, Object[] parameters)
   在 System.Data.Entity.Internal.InternalContext.ExecuteSqlCommand(TransactionalBehavior transactionalBehavior, String sql, Object[] parameters)
   在 System.Data.Entity.Database.ExecuteSqlCommand(TransactionalBehavior transactionalBehavior, String sql, Object[] parameters)
   在 System.Data.Entity.Database.ExecuteSqlCommand(String sql, Object[] parameters)
   在 MealTicket_Web_Handler.Runner.PlateLeaderTriHelper._insert_To_Database(List`1 sharesList) 位置 F:\项目\饭票后端\MealTicket_Web_Handler\Runner\PlateLeaderTriHelper.cs:行号 89
ClientConnectionId:308ddbb5-d004-4c42-ad2b-39f486e9a37a
Error Number:515,State:2,Class:16

2022/1/18 15:27:56
OnGetData出错
System.ArgumentNullException: 值不能为 null。
参数名: connection
   在 System.Data.Entity.Utilities.Check.NotNull[T](T value, String parameterName)
   在 System.Data.Entity.Infrastructure.Interception.DbTransactionInterceptionContext.WithConnection(DbConnection connection)
   在 System.Data.Entity.Infrastructure.Interception.DbTransactionDispatcher.Rollback(DbTransaction transaction, DbInterceptionContext interceptionContext)
   在 System.Data.Entity.Core.EntityClient.EntityTransaction.Rollback()

2022/1/18 15:27:56
板块龙头计算入库失败
System.Data.SqlClient.SqlException (0x80131904): 不能将值 NULL 插入列 'PushPrice'，表 'meal_ticket.dbo.t_plate_leader_tri_record'；列不允许有 Null 值。INSERT 失败。
语句已终止。
   在 System.Data.SqlClient.SqlConnection.OnError(SqlException exception, Boolean breakConnection, Action`1 wrapCloseInAction)
   在 System.Data.SqlClient.SqlInternalConnection.OnError(SqlException exception, Boolean breakConnection, Action`1 wrapCloseInAction)
   在 System.Data.SqlClient.TdsParser.ThrowExceptionAndWarning(TdsParserStateObject stateObj, Boolean callerHasConnectionLock, Boolean asyncClose)
   在 System.Data.SqlClient.TdsParser.TryRun(RunBehavior runBehavior, SqlCommand cmdHandler, SqlDataReader dataStream, BulkCopySimpleResultSet bulkCopyHandler, TdsParserStateObject stateObj, Boolean& dataReady)
   在 System.Data.SqlClient.SqlCommand.FinishExecuteReader(SqlDataReader ds, RunBehavior runBehavior, String resetOptionsString, Boolean isInternal, Boolean forDescribeParameterEncryption, Boolean shouldCacheForAlwaysEncrypted)
   在 System.Data.SqlClient.SqlCommand.RunExecuteReaderTds(CommandBehavior cmdBehavior, RunBehavior runBehavior, Boolean returnStream, Boolean async, Int32 timeout, Task& task, Boolean asyncWrite, Boolean inRetry, SqlDataReader ds, Boolean describeParameterEncryptionRequest)
   在 System.Data.SqlClient.SqlCommand.RunExecuteReader(CommandBehavior cmdBehavior, RunBehavior runBehavior, Boolean returnStream, String method, TaskCompletionSource`1 completion, Int32 timeout, Task& task, Boolean& usedCache, Boolean asyncWrite, Boolean inRetry)
   在 System.Data.SqlClient.SqlCommand.InternalExecuteNonQuery(TaskCompletionSource`1 completion, String methodName, Boolean sendToPipe, Int32 timeout, Boolean& usedCache, Boolean asyncWrite, Boolean inRetry)
   在 System.Data.SqlClient.SqlCommand.ExecuteNonQuery()
   在 System.Data.Entity.Infrastructure.Interception.DbCommandDispatcher.<>c.<NonQuery>b__4_0(DbCommand t, DbCommandInterceptionContext`1 c)
   在 System.Data.Entity.Infrastructure.Interception.InternalDispatcher`1.Dispatch[TTarget,TInterceptionContext,TResult](TTarget target, Func`3 operation, TInterceptionContext interceptionContext, Action`3 executing, Action`3 executed)
   在 System.Data.Entity.Infrastructure.Interception.DbCommandDispatcher.NonQuery(DbCommand command, DbCommandInterceptionContext interceptionContext)
   在 System.Data.Entity.Internal.InterceptableDbCommand.ExecuteNonQuery()
   在 System.Data.Entity.Core.Objects.ObjectContext.ExecuteStoreCommandInternal(String commandText, Object[] parameters)
   在 System.Data.Entity.Core.Objects.ObjectContext.<>c__DisplayClass174_0.<ExecuteStoreCommand>b__1()
   在 System.Data.Entity.Core.Objects.ObjectContext.ExecuteInTransaction[T](Func`1 func, IDbExecutionStrategy executionStrategy, Boolean startLocalTransaction, Boolean releaseConnectionOnSuccess)
   在 System.Data.Entity.Core.Objects.ObjectContext.<>c__DisplayClass174_0.<ExecuteStoreCommand>b__0()
   在 System.Data.Entity.SqlServer.DefaultSqlExecutionStrategy.Execute[TResult](Func`1 operation)
   在 System.Data.Entity.Core.Objects.ObjectContext.ExecuteStoreCommand(TransactionalBehavior transactionalBehavior, String commandText, Object[] parameters)
   在 System.Data.Entity.Internal.InternalContext.ExecuteSqlCommand(TransactionalBehavior transactionalBehavior, String sql, Object[] parameters)
   在 System.Data.Entity.Database.ExecuteSqlCommand(TransactionalBehavior transactionalBehavior, String sql, Object[] parameters)
   在 System.Data.Entity.Database.ExecuteSqlCommand(String sql, Object[] parameters)
   在 MealTicket_Web_Handler.Runner.PlateLeaderTriHelper._insert_To_Database(List`1 sharesList) 位置 F:\项目\饭票后端\MealTicket_Web_Handler\Runner\PlateLeaderTriHelper.cs:行号 89
ClientConnectionId:f28ab18b-9c6e-4669-b2fc-76a7781dff07
Error Number:515,State:2,Class:16

2022/1/18 15:27:56
OnGetData出错
System.ArgumentNullException: 值不能为 null。
参数名: connection
   在 System.Data.Entity.Utilities.Check.NotNull[T](T value, String parameterName)
   在 System.Data.Entity.Infrastructure.Interception.DbTransactionInterceptionContext.WithConnection(DbConnection connection)
   在 System.Data.Entity.Infrastructure.Interception.DbTransactionDispatcher.Rollback(DbTransaction transaction, DbInterceptionContext interceptionContext)
   在 System.Data.Entity.Core.EntityClient.EntityTransaction.Rollback()

2022/1/18 15:27:56
监听队列已链接


2022/1/18 15:27:56
监听队列已链接


2022/1/18 15:27:57
监听队列已链接


2022/1/18 15:27:57
板块龙头计算入库失败
System.Data.SqlClient.SqlException (0x80131904): 不能将值 NULL 插入列 'PushPrice'，表 'meal_ticket.dbo.t_plate_leader_tri_record'；列不允许有 Null 值。INSERT 失败。
语句已终止。
   在 System.Data.SqlClient.SqlConnection.OnError(SqlException exception, Boolean breakConnection, Action`1 wrapCloseInAction)
   在 System.Data.SqlClient.SqlInternalConnection.OnError(SqlException exception, Boolean breakConnection, Action`1 wrapCloseInAction)
   在 System.Data.SqlClient.TdsParser.ThrowExceptionAndWarning(TdsParserStateObject stateObj, Boolean callerHasConnectionLock, Boolean asyncClose)
   在 System.Data.SqlClient.TdsParser.TryRun(RunBehavior runBehavior, SqlCommand cmdHandler, SqlDataReader dataStream, BulkCopySimpleResultSet bulkCopyHandler, TdsParserStateObject stateObj, Boolean& dataReady)
   在 System.Data.SqlClient.SqlCommand.FinishExecuteReader(SqlDataReader ds, RunBehavior runBehavior, String resetOptionsString, Boolean isInternal, Boolean forDescribeParameterEncryption, Boolean shouldCacheForAlwaysEncrypted)
   在 System.Data.SqlClient.SqlCommand.RunExecuteReaderTds(CommandBehavior cmdBehavior, RunBehavior runBehavior, Boolean returnStream, Boolean async, Int32 timeout, Task& task, Boolean asyncWrite, Boolean inRetry, SqlDataReader ds, Boolean describeParameterEncryptionRequest)
   在 System.Data.SqlClient.SqlCommand.RunExecuteReader(CommandBehavior cmdBehavior, RunBehavior runBehavior, Boolean returnStream, String method, TaskCompletionSource`1 completion, Int32 timeout, Task& task, Boolean& usedCache, Boolean asyncWrite, Boolean inRetry)
   在 System.Data.SqlClient.SqlCommand.InternalExecuteNonQuery(TaskCompletionSource`1 completion, String methodName, Boolean sendToPipe, Int32 timeout, Boolean& usedCache, Boolean asyncWrite, Boolean inRetry)
   在 System.Data.SqlClient.SqlCommand.ExecuteNonQuery()
   在 System.Data.Entity.Infrastructure.Interception.DbCommandDispatcher.<>c.<NonQuery>b__4_0(DbCommand t, DbCommandInterceptionContext`1 c)
   在 System.Data.Entity.Infrastructure.Interception.InternalDispatcher`1.Dispatch[TTarget,TInterceptionContext,TResult](TTarget target, Func`3 operation, TInterceptionContext interceptionContext, Action`3 executing, Action`3 executed)
   在 System.Data.Entity.Infrastructure.Interception.DbCommandDispatcher.NonQuery(DbCommand command, DbCommandInterceptionContext interceptionContext)
   在 System.Data.Entity.Internal.InterceptableDbCommand.ExecuteNonQuery()
   在 System.Data.Entity.Core.Objects.ObjectContext.ExecuteStoreCommandInternal(String commandText, Object[] parameters)
   在 System.Data.Entity.Core.Objects.ObjectContext.<>c__DisplayClass174_0.<ExecuteStoreCommand>b__1()
   在 System.Data.Entity.Core.Objects.ObjectContext.ExecuteInTransaction[T](Func`1 func, IDbExecutionStrategy executionStrategy, Boolean startLocalTransaction, Boolean releaseConnectionOnSuccess)
   在 System.Data.Entity.Core.Objects.ObjectContext.<>c__DisplayClass174_0.<ExecuteStoreCommand>b__0()
   在 System.Data.Entity.SqlServer.DefaultSqlExecutionStrategy.Execute[TResult](Func`1 operation)
   在 System.Data.Entity.Core.Objects.ObjectContext.ExecuteStoreCommand(TransactionalBehavior transactionalBehavior, String commandText, Object[] parameters)
   在 System.Data.Entity.Internal.InternalContext.ExecuteSqlCommand(TransactionalBehavior transactionalBehavior, String sql, Object[] parameters)
   在 System.Data.Entity.Database.ExecuteSqlCommand(TransactionalBehavior transactionalBehavior, String sql, Object[] parameters)
   在 System.Data.Entity.Database.ExecuteSqlCommand(String sql, Object[] parameters)
   在 MealTicket_Web_Handler.Runner.PlateLeaderTriHelper._insert_To_Database(List`1 sharesList) 位置 F:\项目\饭票后端\MealTicket_Web_Handler\Runner\PlateLeaderTriHelper.cs:行号 89
ClientConnectionId:308ddbb5-d004-4c42-ad2b-39f486e9a37a
Error Number:515,State:2,Class:16

2022/1/18 15:27:57
OnGetData出错
System.ArgumentNullException: 值不能为 null。
参数名: connection
   在 System.Data.Entity.Utilities.Check.NotNull[T](T value, String parameterName)
   在 System.Data.Entity.Infrastructure.Interception.DbTransactionInterceptionContext.WithConnection(DbConnection connection)
   在 System.Data.Entity.Infrastructure.Interception.DbTransactionDispatcher.Rollback(DbTransaction transaction, DbInterceptionContext interceptionContext)
   在 System.Data.Entity.Core.EntityClient.EntityTransaction.Rollback()

2022/1/18 15:27:58
板块龙头计算入库失败
System.Data.SqlClient.SqlException (0x80131904): 不能将值 NULL 插入列 'PushPrice'，表 'meal_ticket.dbo.t_plate_leader_tri_record'；列不允许有 Null 值。INSERT 失败。
语句已终止。
   在 System.Data.SqlClient.SqlConnection.OnError(SqlException exception, Boolean breakConnection, Action`1 wrapCloseInAction)
   在 System.Data.SqlClient.SqlInternalConnection.OnError(SqlException exception, Boolean breakConnection, Action`1 wrapCloseInAction)
   在 System.Data.SqlClient.TdsParser.ThrowExceptionAndWarning(TdsParserStateObject stateObj, Boolean callerHasConnectionLock, Boolean asyncClose)
   在 System.Data.SqlClient.TdsParser.TryRun(RunBehavior runBehavior, SqlCommand cmdHandler, SqlDataReader dataStream, BulkCopySimpleResultSet bulkCopyHandler, TdsParserStateObject stateObj, Boolean& dataReady)
   在 System.Data.SqlClient.SqlCommand.FinishExecuteReader(SqlDataReader ds, RunBehavior runBehavior, String resetOptionsString, Boolean isInternal, Boolean forDescribeParameterEncryption, Boolean shouldCacheForAlwaysEncrypted)
   在 System.Data.SqlClient.SqlCommand.RunExecuteReaderTds(CommandBehavior cmdBehavior, RunBehavior runBehavior, Boolean returnStream, Boolean async, Int32 timeout, Task& task, Boolean asyncWrite, Boolean inRetry, SqlDataReader ds, Boolean describeParameterEncryptionRequest)
   在 System.Data.SqlClient.SqlCommand.RunExecuteReader(CommandBehavior cmdBehavior, RunBehavior runBehavior, Boolean returnStream, String method, TaskCompletionSource`1 completion, Int32 timeout, Task& task, Boolean& usedCache, Boolean asyncWrite, Boolean inRetry)
   在 System.Data.SqlClient.SqlCommand.InternalExecuteNonQuery(TaskCompletionSource`1 completion, String methodName, Boolean sendToPipe, Int32 timeout, Boolean& usedCache, Boolean asyncWrite, Boolean inRetry)
   在 System.Data.SqlClient.SqlCommand.ExecuteNonQuery()
   在 System.Data.Entity.Infrastructure.Interception.DbCommandDispatcher.<>c.<NonQuery>b__4_0(DbCommand t, DbCommandInterceptionContext`1 c)
   在 System.Data.Entity.Infrastructure.Interception.InternalDispatcher`1.Dispatch[TTarget,TInterceptionContext,TResult](TTarget target, Func`3 operation, TInterceptionContext interceptionContext, Action`3 executing, Action`3 executed)
   在 System.Data.Entity.Infrastructure.Interception.DbCommandDispatcher.NonQuery(DbCommand command, DbCommandInterceptionContext interceptionContext)
   在 System.Data.Entity.Internal.InterceptableDbCommand.ExecuteNonQuery()
   在 System.Data.Entity.Core.Objects.ObjectContext.ExecuteStoreCommandInternal(String commandText, Object[] parameters)
   在 System.Data.Entity.Core.Objects.ObjectContext.<>c__DisplayClass174_0.<ExecuteStoreCommand>b__1()
   在 System.Data.Entity.Core.Objects.ObjectContext.ExecuteInTransaction[T](Func`1 func, IDbExecutionStrategy executionStrategy, Boolean startLocalTransaction, Boolean releaseConnectionOnSuccess)
   在 System.Data.Entity.Core.Objects.ObjectContext.<>c__DisplayClass174_0.<ExecuteStoreCommand>b__0()
   在 System.Data.Entity.SqlServer.DefaultSqlExecutionStrategy.Execute[TResult](Func`1 operation)
   在 System.Data.Entity.Core.Objects.ObjectContext.ExecuteStoreCommand(TransactionalBehavior transactionalBehavior, String commandText, Object[] parameters)
   在 System.Data.Entity.Internal.InternalContext.ExecuteSqlCommand(TransactionalBehavior transactionalBehavior, String sql, Object[] parameters)
   在 System.Data.Entity.Database.ExecuteSqlCommand(TransactionalBehavior transactionalBehavior, String sql, Object[] parameters)
   在 System.Data.Entity.Database.ExecuteSqlCommand(String sql, Object[] parameters)
   在 MealTicket_Web_Handler.Runner.PlateLeaderTriHelper._insert_To_Database(List`1 sharesList) 位置 F:\项目\饭票后端\MealTicket_Web_Handler\Runner\PlateLeaderTriHelper.cs:行号 89
ClientConnectionId:f28ab18b-9c6e-4669-b2fc-76a7781dff07
Error Number:515,State:2,Class:16

2022/1/18 15:27:58
OnGetData出错
System.ArgumentNullException: 值不能为 null。
参数名: connection
   在 System.Data.Entity.Utilities.Check.NotNull[T](T value, String parameterName)
   在 System.Data.Entity.Infrastructure.Interception.DbTransactionInterceptionContext.WithConnection(DbConnection connection)
   在 System.Data.Entity.Infrastructure.Interception.DbTransactionDispatcher.Rollback(DbTransaction transaction, DbInterceptionContext interceptionContext)
   在 System.Data.Entity.Core.EntityClient.EntityTransaction.Rollback()

2022/1/18 15:27:59
板块龙头计算入库失败
System.Data.SqlClient.SqlException (0x80131904): 不能将值 NULL 插入列 'PushPrice'，表 'meal_ticket.dbo.t_plate_leader_tri_record'；列不允许有 Null 值。INSERT 失败。
语句已终止。
   在 System.Data.SqlClient.SqlConnection.OnError(SqlException exception, Boolean breakConnection, Action`1 wrapCloseInAction)
   在 System.Data.SqlClient.SqlInternalConnection.OnError(SqlException exception, Boolean breakConnection, Action`1 wrapCloseInAction)
   在 System.Data.SqlClient.TdsParser.ThrowExceptionAndWarning(TdsParserStateObject stateObj, Boolean callerHasConnectionLock, Boolean asyncClose)
   在 System.Data.SqlClient.TdsParser.TryRun(RunBehavior runBehavior, SqlCommand cmdHandler, SqlDataReader dataStream, BulkCopySimpleResultSet bulkCopyHandler, TdsParserStateObject stateObj, Boolean& dataReady)
   在 System.Data.SqlClient.SqlCommand.FinishExecuteReader(SqlDataReader ds, RunBehavior runBehavior, String resetOptionsString, Boolean isInternal, Boolean forDescribeParameterEncryption, Boolean shouldCacheForAlwaysEncrypted)
   在 System.Data.SqlClient.SqlCommand.RunExecuteReaderTds(CommandBehavior cmdBehavior, RunBehavior runBehavior, Boolean returnStream, Boolean async, Int32 timeout, Task& task, Boolean asyncWrite, Boolean inRetry, SqlDataReader ds, Boolean describeParameterEncryptionRequest)
   在 System.Data.SqlClient.SqlCommand.RunExecuteReader(CommandBehavior cmdBehavior, RunBehavior runBehavior, Boolean returnStream, String method, TaskCompletionSource`1 completion, Int32 timeout, Task& task, Boolean& usedCache, Boolean asyncWrite, Boolean inRetry)
   在 System.Data.SqlClient.SqlCommand.InternalExecuteNonQuery(TaskCompletionSource`1 completion, String methodName, Boolean sendToPipe, Int32 timeout, Boolean& usedCache, Boolean asyncWrite, Boolean inRetry)
   在 System.Data.SqlClient.SqlCommand.ExecuteNonQuery()
   在 System.Data.Entity.Infrastructure.Interception.DbCommandDispatcher.<>c.<NonQuery>b__4_0(DbCommand t, DbCommandInterceptionContext`1 c)
   在 System.Data.Entity.Infrastructure.Interception.InternalDispatcher`1.Dispatch[TTarget,TInterceptionContext,TResult](TTarget target, Func`3 operation, TInterceptionContext interceptionContext, Action`3 executing, Action`3 executed)
   在 System.Data.Entity.Infrastructure.Interception.DbCommandDispatcher.NonQuery(DbCommand command, DbCommandInterceptionContext interceptionContext)
   在 System.Data.Entity.Internal.InterceptableDbCommand.ExecuteNonQuery()
   在 System.Data.Entity.Core.Objects.ObjectContext.ExecuteStoreCommandInternal(String commandText, Object[] parameters)
   在 System.Data.Entity.Core.Objects.ObjectContext.<>c__DisplayClass174_0.<ExecuteStoreCommand>b__1()
   在 System.Data.Entity.Core.Objects.ObjectContext.ExecuteInTransaction[T](Func`1 func, IDbExecutionStrategy executionStrategy, Boolean startLocalTransaction, Boolean releaseConnectionOnSuccess)
   在 System.Data.Entity.Core.Objects.ObjectContext.<>c__DisplayClass174_0.<ExecuteStoreCommand>b__0()
   在 System.Data.Entity.SqlServer.DefaultSqlExecutionStrategy.Execute[TResult](Func`1 operation)
   在 System.Data.Entity.Core.Objects.ObjectContext.ExecuteStoreCommand(TransactionalBehavior transactionalBehavior, String commandText, Object[] parameters)
   在 System.Data.Entity.Internal.InternalContext.ExecuteSqlCommand(TransactionalBehavior transactionalBehavior, String sql, Object[] parameters)
   在 System.Data.Entity.Database.ExecuteSqlCommand(TransactionalBehavior transactionalBehavior, String sql, Object[] parameters)
   在 System.Data.Entity.Database.ExecuteSqlCommand(String sql, Object[] parameters)
   在 MealTicket_Web_Handler.Runner.PlateLeaderTriHelper._insert_To_Database(List`1 sharesList) 位置 F:\项目\饭票后端\MealTicket_Web_Handler\Runner\PlateLeaderTriHelper.cs:行号 89
ClientConnectionId:308ddbb5-d004-4c42-ad2b-39f486e9a37a
Error Number:515,State:2,Class:16

2022/1/18 15:27:59
OnGetData出错
System.ArgumentNullException: 值不能为 null。
参数名: connection
   在 System.Data.Entity.Utilities.Check.NotNull[T](T value, String parameterName)
   在 System.Data.Entity.Infrastructure.Interception.DbTransactionInterceptionContext.WithConnection(DbConnection connection)
   在 System.Data.Entity.Infrastructure.Interception.DbTransactionDispatcher.Rollback(DbTransaction transaction, DbInterceptionContext interceptionContext)
   在 System.Data.Entity.Core.EntityClient.EntityTransaction.Rollback()

2022/1/18 15:28:00
板块龙头计算入库失败
System.Data.SqlClient.SqlException (0x80131904): 不能将值 NULL 插入列 'PushPrice'，表 'meal_ticket.dbo.t_plate_leader_tri_record'；列不允许有 Null 值。INSERT 失败。
语句已终止。
   在 System.Data.SqlClient.SqlConnection.OnError(SqlException exception, Boolean breakConnection, Action`1 wrapCloseInAction)
   在 System.Data.SqlClient.SqlInternalConnection.OnError(SqlException exception, Boolean breakConnection, Action`1 wrapCloseInAction)
   在 System.Data.SqlClient.TdsParser.ThrowExceptionAndWarning(TdsParserStateObject stateObj, Boolean callerHasConnectionLock, Boolean asyncClose)
   在 System.Data.SqlClient.TdsParser.TryRun(RunBehavior runBehavior, SqlCommand cmdHandler, SqlDataReader dataStream, BulkCopySimpleResultSet bulkCopyHandler, TdsParserStateObject stateObj, Boolean& dataReady)
   在 System.Data.SqlClient.SqlCommand.FinishExecuteReader(SqlDataReader ds, RunBehavior runBehavior, String resetOptionsString, Boolean isInternal, Boolean forDescribeParameterEncryption, Boolean shouldCacheForAlwaysEncrypted)
   在 System.Data.SqlClient.SqlCommand.RunExecuteReaderTds(CommandBehavior cmdBehavior, RunBehavior runBehavior, Boolean returnStream, Boolean async, Int32 timeout, Task& task, Boolean asyncWrite, Boolean inRetry, SqlDataReader ds, Boolean describeParameterEncryptionRequest)
   在 System.Data.SqlClient.SqlCommand.RunExecuteReader(CommandBehavior cmdBehavior, RunBehavior runBehavior, Boolean returnStream, String method, TaskCompletionSource`1 completion, Int32 timeout, Task& task, Boolean& usedCache, Boolean asyncWrite, Boolean inRetry)
   在 System.Data.SqlClient.SqlCommand.InternalExecuteNonQuery(TaskCompletionSource`1 completion, String methodName, Boolean sendToPipe, Int32 timeout, Boolean& usedCache, Boolean asyncWrite, Boolean inRetry)
   在 System.Data.SqlClient.SqlCommand.ExecuteNonQuery()
   在 System.Data.Entity.Infrastructure.Interception.DbCommandDispatcher.<>c.<NonQuery>b__4_0(DbCommand t, DbCommandInterceptionContext`1 c)
   在 System.Data.Entity.Infrastructure.Interception.InternalDispatcher`1.Dispatch[TTarget,TInterceptionContext,TResult](TTarget target, Func`3 operation, TInterceptionContext interceptionContext, Action`3 executing, Action`3 executed)
   在 System.Data.Entity.Infrastructure.Interception.DbCommandDispatcher.NonQuery(DbCommand command, DbCommandInterceptionContext interceptionContext)
   在 System.Data.Entity.Internal.InterceptableDbCommand.ExecuteNonQuery()
   在 System.Data.Entity.Core.Objects.ObjectContext.ExecuteStoreCommandInternal(String commandText, Object[] parameters)
   在 System.Data.Entity.Core.Objects.ObjectContext.<>c__DisplayClass174_0.<ExecuteStoreCommand>b__1()
   在 System.Data.Entity.Core.Objects.ObjectContext.ExecuteInTransaction[T](Func`1 func, IDbExecutionStrategy executionStrategy, Boolean startLocalTransaction, Boolean releaseConnectionOnSuccess)
   在 System.Data.Entity.Core.Objects.ObjectContext.<>c__DisplayClass174_0.<ExecuteStoreCommand>b__0()
   在 System.Data.Entity.SqlServer.DefaultSqlExecutionStrategy.Execute[TResult](Func`1 operation)
   在 System.Data.Entity.Core.Objects.ObjectContext.ExecuteStoreCommand(TransactionalBehavior transactionalBehavior, String commandText, Object[] parameters)
   在 System.Data.Entity.Internal.InternalContext.ExecuteSqlCommand(TransactionalBehavior transactionalBehavior, String sql, Object[] parameters)
   在 System.Data.Entity.Database.ExecuteSqlCommand(TransactionalBehavior transactionalBehavior, String sql, Object[] parameters)
   在 System.Data.Entity.Database.ExecuteSqlCommand(String sql, Object[] parameters)
   在 MealTicket_Web_Handler.Runner.PlateLeaderTriHelper._insert_To_Database(List`1 sharesList) 位置 F:\项目\饭票后端\MealTicket_Web_Handler\Runner\PlateLeaderTriHelper.cs:行号 89
ClientConnectionId:787075fb-2767-4a73-927e-56770bcb930d
Error Number:515,State:2,Class:16

2022/1/18 15:28:00
OnGetData出错
System.ArgumentNullException: 值不能为 null。
参数名: connection
   在 System.Data.Entity.Utilities.Check.NotNull[T](T value, String parameterName)
   在 System.Data.Entity.Infrastructure.Interception.DbTransactionInterceptionContext.WithConnection(DbConnection connection)
   在 System.Data.Entity.Infrastructure.Interception.DbTransactionDispatcher.Rollback(DbTransaction transaction, DbInterceptionContext interceptionContext)
   在 System.Data.Entity.Core.EntityClient.EntityTransaction.Rollback()

2022/1/18 15:28:03
板块龙头计算入库失败
System.Data.SqlClient.SqlException (0x80131904): 不能将值 NULL 插入列 'PushPrice'，表 'meal_ticket.dbo.t_plate_leader_tri_record'；列不允许有 Null 值。INSERT 失败。
语句已终止。
   在 System.Data.SqlClient.SqlConnection.OnError(SqlException exception, Boolean breakConnection, Action`1 wrapCloseInAction)
   在 System.Data.SqlClient.SqlInternalConnection.OnError(SqlException exception, Boolean breakConnection, Action`1 wrapCloseInAction)
   在 System.Data.SqlClient.TdsParser.ThrowExceptionAndWarning(TdsParserStateObject stateObj, Boolean callerHasConnectionLock, Boolean asyncClose)
   在 System.Data.SqlClient.TdsParser.TryRun(RunBehavior runBehavior, SqlCommand cmdHandler, SqlDataReader dataStream, BulkCopySimpleResultSet bulkCopyHandler, TdsParserStateObject stateObj, Boolean& dataReady)
   在 System.Data.SqlClient.SqlCommand.FinishExecuteReader(SqlDataReader ds, RunBehavior runBehavior, String resetOptionsString, Boolean isInternal, Boolean forDescribeParameterEncryption, Boolean shouldCacheForAlwaysEncrypted)
   在 System.Data.SqlClient.SqlCommand.RunExecuteReaderTds(CommandBehavior cmdBehavior, RunBehavior runBehavior, Boolean returnStream, Boolean async, Int32 timeout, Task& task, Boolean asyncWrite, Boolean inRetry, SqlDataReader ds, Boolean describeParameterEncryptionRequest)
   在 System.Data.SqlClient.SqlCommand.RunExecuteReader(CommandBehavior cmdBehavior, RunBehavior runBehavior, Boolean returnStream, String method, TaskCompletionSource`1 completion, Int32 timeout, Task& task, Boolean& usedCache, Boolean asyncWrite, Boolean inRetry)
   在 System.Data.SqlClient.SqlCommand.InternalExecuteNonQuery(TaskCompletionSource`1 completion, String methodName, Boolean sendToPipe, Int32 timeout, Boolean& usedCache, Boolean asyncWrite, Boolean inRetry)
   在 System.Data.SqlClient.SqlCommand.ExecuteNonQuery()
   在 System.Data.Entity.Infrastructure.Interception.DbCommandDispatcher.<>c.<NonQuery>b__4_0(DbCommand t, DbCommandInterceptionContext`1 c)
   在 System.Data.Entity.Infrastructure.Interception.InternalDispatcher`1.Dispatch[TTarget,TInterceptionContext,TResult](TTarget target, Func`3 operation, TInterceptionContext interceptionContext, Action`3 executing, Action`3 executed)
   在 System.Data.Entity.Infrastructure.Interception.DbCommandDispatcher.NonQuery(DbCommand command, DbCommandInterceptionContext interceptionContext)
   在 System.Data.Entity.Internal.InterceptableDbCommand.ExecuteNonQuery()
   在 System.Data.Entity.Core.Objects.ObjectContext.ExecuteStoreCommandInternal(String commandText, Object[] parameters)
   在 System.Data.Entity.Core.Objects.ObjectContext.<>c__DisplayClass174_0.<ExecuteStoreCommand>b__1()
   在 System.Data.Entity.Core.Objects.ObjectContext.ExecuteInTransaction[T](Func`1 func, IDbExecutionStrategy executionStrategy, Boolean startLocalTransaction, Boolean releaseConnectionOnSuccess)
   在 System.Data.Entity.Core.Objects.ObjectContext.<>c__DisplayClass174_0.<ExecuteStoreCommand>b__0()
   在 System.Data.Entity.SqlServer.DefaultSqlExecutionStrategy.Execute[TResult](Func`1 operation)
   在 System.Data.Entity.Core.Objects.ObjectContext.ExecuteStoreCommand(TransactionalBehavior transactionalBehavior, String commandText, Object[] parameters)
   在 System.Data.Entity.Internal.InternalContext.ExecuteSqlCommand(TransactionalBehavior transactionalBehavior, String sql, Object[] parameters)
   在 System.Data.Entity.Database.ExecuteSqlCommand(TransactionalBehavior transactionalBehavior, String sql, Object[] parameters)
   在 System.Data.Entity.Database.ExecuteSqlCommand(String sql, Object[] parameters)
   在 MealTicket_Web_Handler.Runner.PlateLeaderTriHelper._insert_To_Database(List`1 sharesList) 位置 F:\项目\饭票后端\MealTicket_Web_Handler\Runner\PlateLeaderTriHelper.cs:行号 89
ClientConnectionId:787075fb-2767-4a73-927e-56770bcb930d
Error Number:515,State:2,Class:16

2022/1/18 15:28:03
OnGetData出错
System.ArgumentNullException: 值不能为 null。
参数名: connection
   在 System.Data.Entity.Utilities.Check.NotNull[T](T value, String parameterName)
   在 System.Data.Entity.Infrastructure.Interception.DbTransactionInterceptionContext.WithConnection(DbConnection connection)
   在 System.Data.Entity.Infrastructure.Interception.DbTransactionDispatcher.Rollback(DbTransaction transaction, DbInterceptionContext interceptionContext)
   在 System.Data.Entity.Core.EntityClient.EntityTransaction.Rollback()

2022/1/18 15:31:09
监听队列已链接


2022/1/18 15:31:10
监听队列已链接


2022/1/18 15:31:10
监听队列已链接


