==============2021-05-20 18:16:20==============
股票：601995板块涨跌幅判断-额外参数：
	分组名称：1
	走势名称：发
	结果：未满足，返回code：-1
股票：601995快速拉升判断-额外参数：
	分组名称：1
	走势名称：快速拉升
	结果：未满足,返回code：0
股票：601995指定时间段判断-额外参数：
	分组名称：1
	走势名称：时间段
	结果：未满足
额外条件未满足


===============================================

==============2021-05-20 18:17:30==============
股票：601995板块涨跌幅判断-额外参数：
	分组名称：1
	走势名称：发
	结果：未满足，返回code：-1
股票：601995快速拉升判断-额外参数：
	分组名称：1
	走势名称：快速拉升
	结果：未满足,返回code：0
股票：601995指定时间段判断-额外参数：
	分组名称：1
	走势名称：时间段
	结果：未满足
额外条件未满足


===============================================

