==============2021-05-24 10:09:33==============
股票：601995板块涨跌幅判断-额外参数：
	分组名称：1
	走势名称：发
	结果：未满足，返回code：-1
股票：601995快速拉升判断-额外参数：
	分组名称：1
	走势名称：快速拉升
	结果：未满足,返回code：0
股票：601995指定时间段判断-额外参数：
	分组名称：1
	走势名称：时间段
		额外关系-板块涨跌幅未满足条件
	结果：未满足
额外条件未满足


===============================================

==============2021-05-24 10:09:36==============
股票：601995板块涨跌幅判断-额外参数：
	分组名称：1
	走势名称：发
	结果：未满足，返回code：-1
股票：601995快速拉升判断-额外参数：
	分组名称：1
	走势名称：快速拉升
	结果：未满足,返回code：0
股票：601995指定时间段判断-额外参数：
	分组名称：1
	走势名称：时间段
		额外关系-板块涨跌幅未满足条件
	结果：未满足
额外条件未满足


===============================================

==============2021-05-24 10:09:41==============
股票：601995板块涨跌幅判断-额外参数：
	分组名称：1
	走势名称：发
	结果：未满足，返回code：-1
股票：601995快速拉升判断-额外参数：
	分组名称：1
	走势名称：快速拉升
	结果：未满足,返回code：0
股票：601995指定时间段判断-额外参数：
	分组名称：1
	走势名称：时间段
		额外关系-板块涨跌幅未满足条件
	结果：未满足
额外条件未满足


===============================================

==============2021-05-24 10:09:44==============
股票：601995板块涨跌幅判断-额外参数：
	分组名称：1
	走势名称：发
	结果：未满足，返回code：-1
股票：601995快速拉升判断-额外参数：
	分组名称：1
	走势名称：快速拉升
	结果：未满足,返回code：0
股票：601995指定时间段判断-额外参数：
	分组名称：1
	走势名称：时间段
		额外关系-板块涨跌幅未满足条件
	结果：未满足
额外条件未满足


===============================================

==============2021-05-24 10:09:47==============
股票：601995板块涨跌幅判断-额外参数：
	分组名称：1
	走势名称：发
	结果：未满足，返回code：-1
股票：601995快速拉升判断-额外参数：
	分组名称：1
	走势名称：快速拉升
	结果：未满足,返回code：0
股票：601995指定时间段判断-额外参数：
	分组名称：1
	走势名称：时间段
		额外关系-板块涨跌幅未满足条件
	结果：未满足
额外条件未满足


===============================================

==============2021-05-24 10:09:52==============
股票：601995板块涨跌幅判断-额外参数：
	分组名称：1
	走势名称：发
	结果：未满足，返回code：-1
股票：601995快速拉升判断-额外参数：
	分组名称：1
	走势名称：快速拉升
	结果：未满足,返回code：0
股票：601995指定时间段判断-额外参数：
	分组名称：1
	走势名称：时间段
		额外关系-板块涨跌幅未满足条件
	结果：未满足
额外条件未满足


===============================================

==============2021-05-24 10:09:54==============
股票：601995板块涨跌幅判断-额外参数：
	分组名称：1
	走势名称：发
	结果：未满足，返回code：-1
股票：601995快速拉升判断-额外参数：
	分组名称：1
	走势名称：快速拉升
	结果：未满足,返回code：0
股票：601995指定时间段判断-额外参数：
	分组名称：1
	走势名称：时间段
		额外关系-板块涨跌幅未满足条件
	结果：未满足
额外条件未满足


===============================================

==============2021-05-24 10:09:58==============
股票：601995板块涨跌幅判断-额外参数：
	分组名称：1
	走势名称：发
	结果：未满足，返回code：-1
股票：601995快速拉升判断-额外参数：
	分组名称：1
	走势名称：快速拉升
	结果：未满足,返回code：0
股票：601995指定时间段判断-额外参数：
	分组名称：1
	走势名称：时间段
		额外关系-板块涨跌幅未满足条件
	结果：未满足
额外条件未满足


===============================================

==============2021-05-24 10:10:01==============
股票：601995板块涨跌幅判断-额外参数：
	分组名称：1
	走势名称：发
	结果：未满足，返回code：-1
股票：601995快速拉升判断-额外参数：
	分组名称：1
	走势名称：快速拉升
	结果：未满足,返回code：0
股票：601995指定时间段判断-额外参数：
	分组名称：1
	走势名称：时间段
		额外关系-板块涨跌幅未满足条件
	结果：未满足
额外条件未满足


===============================================

==============2021-05-24 10:10:05==============
股票：601995板块涨跌幅判断-额外参数：
	分组名称：1
	走势名称：发
	结果：未满足，返回code：-1
股票：601995快速拉升判断-额外参数：
	分组名称：1
	走势名称：快速拉升
	结果：未满足,返回code：0
股票：601995指定时间段判断-额外参数：
	分组名称：1
	走势名称：时间段
		额外关系-板块涨跌幅未满足条件
	结果：未满足
额外条件未满足


===============================================

==============2021-05-24 10:10:07==============
股票：601995板块涨跌幅判断-额外参数：
	分组名称：1
	走势名称：发
	结果：未满足，返回code：-1
股票：601995快速拉升判断-额外参数：
	分组名称：1
	走势名称：快速拉升
	结果：未满足,返回code：0
股票：601995指定时间段判断-额外参数：
	分组名称：1
	走势名称：时间段
		额外关系-板块涨跌幅未满足条件
	结果：未满足
额外条件未满足


===============================================

==============2021-05-24 10:10:10==============
股票：601995板块涨跌幅判断-额外参数：
	分组名称：1
	走势名称：发
	结果：未满足，返回code：-1
股票：601995快速拉升判断-额外参数：
	分组名称：1
	走势名称：快速拉升
	结果：未满足,返回code：0
股票：601995指定时间段判断-额外参数：
	分组名称：1
	走势名称：时间段
		额外关系-板块涨跌幅未满足条件
	结果：未满足
额外条件未满足


===============================================

==============2021-05-24 10:10:13==============
股票：601995板块涨跌幅判断-额外参数：
	分组名称：1
	走势名称：发
	结果：未满足，返回code：-1
股票：601995快速拉升判断-额外参数：
	分组名称：1
	走势名称：快速拉升
	结果：未满足,返回code：0
股票：601995指定时间段判断-额外参数：
	分组名称：1
	走势名称：时间段
		额外关系-板块涨跌幅未满足条件
	结果：未满足
额外条件未满足


===============================================

==============2021-05-24 10:10:16==============
股票：601995板块涨跌幅判断-额外参数：
	分组名称：1
	走势名称：发
	结果：未满足，返回code：-1
股票：601995快速拉升判断-额外参数：
	分组名称：1
	走势名称：快速拉升
	结果：未满足,返回code：0
股票：601995指定时间段判断-额外参数：
	分组名称：1
	走势名称：时间段
		额外关系-板块涨跌幅未满足条件
	结果：未满足
额外条件未满足


===============================================

==============2021-05-24 10:10:21==============
股票：601995板块涨跌幅判断-额外参数：
	分组名称：1
	走势名称：发
	结果：未满足，返回code：-1
股票：601995快速拉升判断-额外参数：
	分组名称：1
	走势名称：快速拉升
	结果：未满足,返回code：0
股票：601995指定时间段判断-额外参数：
	分组名称：1
	走势名称：时间段
		额外关系-板块涨跌幅未满足条件
	结果：未满足
额外条件未满足


===============================================

==============2021-05-24 10:10:24==============
股票：601995板块涨跌幅判断-额外参数：
	分组名称：1
	走势名称：发
	结果：未满足，返回code：-1
股票：601995快速拉升判断-额外参数：
	分组名称：1
	走势名称：快速拉升
	结果：未满足,返回code：0
股票：601995指定时间段判断-额外参数：
	分组名称：1
	走势名称：时间段
		额外关系-板块涨跌幅未满足条件
	结果：未满足
额外条件未满足


===============================================

==============2021-05-24 10:10:27==============
股票：601995板块涨跌幅判断-额外参数：
	分组名称：1
	走势名称：发
	结果：未满足，返回code：-1
股票：601995快速拉升判断-额外参数：
	分组名称：1
	走势名称：快速拉升
	结果：未满足,返回code：0
股票：601995指定时间段判断-额外参数：
	分组名称：1
	走势名称：时间段
		额外关系-板块涨跌幅未满足条件
	结果：未满足
额外条件未满足


===============================================

==============2021-05-24 10:10:31==============
股票：601995板块涨跌幅判断-额外参数：
	分组名称：1
	走势名称：发
	结果：未满足，返回code：-1
股票：601995快速拉升判断-额外参数：
	分组名称：1
	走势名称：快速拉升
	结果：未满足,返回code：0
股票：601995指定时间段判断-额外参数：
	分组名称：1
	走势名称：时间段
		额外关系-板块涨跌幅未满足条件
	结果：未满足
额外条件未满足


===============================================

==============2021-05-24 10:10:34==============
股票：601995板块涨跌幅判断-额外参数：
	分组名称：1
	走势名称：发
	结果：未满足，返回code：-1
股票：601995快速拉升判断-额外参数：
	分组名称：1
	走势名称：快速拉升
	结果：未满足,返回code：0
股票：601995指定时间段判断-额外参数：
	分组名称：1
	走势名称：时间段
		额外关系-板块涨跌幅未满足条件
	结果：未满足
额外条件未满足


===============================================

==============2021-05-24 10:10:36==============
股票：601995板块涨跌幅判断-额外参数：
	分组名称：1
	走势名称：发
	结果：未满足，返回code：-1
股票：601995快速拉升判断-额外参数：
	分组名称：1
	走势名称：快速拉升
	结果：未满足,返回code：0
股票：601995指定时间段判断-额外参数：
	分组名称：1
	走势名称：时间段
		额外关系-板块涨跌幅未满足条件
	结果：未满足
额外条件未满足


===============================================

==============2021-05-24 10:10:40==============
股票：601995板块涨跌幅判断-额外参数：
	分组名称：1
	走势名称：发
	结果：未满足，返回code：-1
股票：601995快速拉升判断-额外参数：
	分组名称：1
	走势名称：快速拉升
	结果：未满足,返回code：0
股票：601995指定时间段判断-额外参数：
	分组名称：1
	走势名称：时间段
		额外关系-板块涨跌幅未满足条件
	结果：未满足
额外条件未满足


===============================================

==============2021-05-24 10:10:56==============
股票：601995板块涨跌幅判断-额外参数：
	分组名称：1
	走势名称：发
	结果：未满足，返回code：-1
股票：601995快速拉升判断-额外参数：
	分组名称：1
	走势名称：快速拉升
	结果：未满足,返回code：0
股票：601995指定时间段判断-额外参数：
	分组名称：1
	走势名称：时间段
		额外关系-板块涨跌幅未满足条件
	结果：未满足
额外条件未满足


===============================================

==============2021-05-24 10:12:04==============
股票：601995板块涨跌幅判断-额外参数：
	分组名称：1
	走势名称：发
	结果：未满足，返回code：-1
股票：601995快速拉升判断-额外参数：
	分组名称：1
	走势名称：快速拉升
	结果：未满足,返回code：0
股票：601995指定时间段判断-额外参数：
	分组名称：1
	走势名称：时间段
		额外关系-板块涨跌幅未满足条件
	结果：未满足
额外条件未满足


===============================================

==============2021-05-24 10:12:41==============
股票：601995板块涨跌幅判断-额外参数：
	分组名称：1
	走势名称：发
	结果：未满足，返回code：-1
股票：601995快速拉升判断-额外参数：
	分组名称：1
	走势名称：快速拉升
	结果：未满足,返回code：0
股票：601995指定时间段判断-额外参数：
	分组名称：1
	走势名称：时间段
		额外关系-板块涨跌幅未满足条件
	结果：未满足
额外条件未满足


===============================================

==============2021-05-24 10:12:44==============
股票：601995板块涨跌幅判断-额外参数：
	分组名称：1
	走势名称：发
	结果：未满足，返回code：-1
股票：601995快速拉升判断-额外参数：
	分组名称：1
	走势名称：快速拉升
	结果：未满足,返回code：0
股票：601995指定时间段判断-额外参数：
	分组名称：1
	走势名称：时间段
		额外关系-板块涨跌幅未满足条件
	结果：未满足
额外条件未满足


===============================================

==============2021-05-24 10:12:49==============
股票：601995板块涨跌幅判断-额外参数：
	分组名称：1
	走势名称：发
	结果：未满足，返回code：-1
股票：601995快速拉升判断-额外参数：
	分组名称：1
	走势名称：快速拉升
	结果：未满足,返回code：0
股票：601995指定时间段判断-额外参数：
	分组名称：1
	走势名称：时间段
		额外关系-板块涨跌幅未满足条件
	结果：未满足
额外条件未满足


===============================================

==============2021-05-24 10:12:52==============
股票：601995板块涨跌幅判断-额外参数：
	分组名称：1
	走势名称：发
	结果：未满足，返回code：-1
股票：601995快速拉升判断-额外参数：
	分组名称：1
	走势名称：快速拉升
	结果：未满足,返回code：0
股票：601995指定时间段判断-额外参数：
	分组名称：1
	走势名称：时间段
		额外关系-板块涨跌幅未满足条件
	结果：未满足
额外条件未满足


===============================================

==============2021-05-24 10:12:55==============
股票：601995板块涨跌幅判断-额外参数：
	分组名称：1
	走势名称：发
	结果：未满足，返回code：-1
股票：601995快速拉升判断-额外参数：
	分组名称：1
	走势名称：快速拉升
	结果：未满足,返回code：0
股票：601995指定时间段判断-额外参数：
	分组名称：1
	走势名称：时间段
		额外关系-板块涨跌幅未满足条件
	结果：未满足
额外条件未满足


===============================================

==============2021-05-24 10:12:58==============
股票：601995板块涨跌幅判断-额外参数：
	分组名称：1
	走势名称：发
	结果：未满足，返回code：-1
股票：601995快速拉升判断-额外参数：
	分组名称：1
	走势名称：快速拉升
	结果：未满足,返回code：0
股票：601995指定时间段判断-额外参数：
	分组名称：1
	走势名称：时间段
		额外关系-板块涨跌幅未满足条件
	结果：未满足
额外条件未满足


===============================================

==============2021-05-24 10:13:00==============
股票：601995板块涨跌幅判断-额外参数：
	分组名称：1
	走势名称：发
	结果：未满足，返回code：-1
股票：601995快速拉升判断-额外参数：
	分组名称：1
	走势名称：快速拉升
	结果：未满足,返回code：0
股票：601995指定时间段判断-额外参数：
	分组名称：1
	走势名称：时间段
		额外关系-板块涨跌幅未满足条件
	结果：未满足
额外条件未满足


===============================================

==============2021-05-24 10:13:04==============
股票：601995板块涨跌幅判断-额外参数：
	分组名称：1
	走势名称：发
	结果：未满足，返回code：-1
股票：601995快速拉升判断-额外参数：
	分组名称：1
	走势名称：快速拉升
	结果：未满足,返回code：0
股票：601995指定时间段判断-额外参数：
	分组名称：1
	走势名称：时间段
		额外关系-板块涨跌幅未满足条件
	结果：未满足
额外条件未满足


===============================================

==============2021-05-24 10:13:06==============
股票：601995板块涨跌幅判断-额外参数：
	分组名称：1
	走势名称：发
	结果：未满足，返回code：-1
股票：601995快速拉升判断-额外参数：
	分组名称：1
	走势名称：快速拉升
	结果：未满足,返回code：0
股票：601995指定时间段判断-额外参数：
	分组名称：1
	走势名称：时间段
		额外关系-板块涨跌幅未满足条件
	结果：未满足
额外条件未满足


===============================================

==============2021-05-24 10:13:10==============
股票：601995板块涨跌幅判断-额外参数：
	分组名称：1
	走势名称：发
	结果：未满足，返回code：-1
股票：601995快速拉升判断-额外参数：
	分组名称：1
	走势名称：快速拉升
	结果：未满足,返回code：0
股票：601995指定时间段判断-额外参数：
	分组名称：1
	走势名称：时间段
		额外关系-板块涨跌幅未满足条件
	结果：未满足
额外条件未满足


===============================================

==============2021-05-24 18:30:50==============
===定时器进入时间2021-05-24 18:29:28.066===
===开始判断价格条件2021-05-24 18:30:48.726===
===开始判断额外/转自动条件2021-05-24 18:30:49.277===
===2021-05-24 18:30:49.526===
股票：601995板块涨跌幅判断-额外参数：
	分组名称：1
	走势名称：发
	结果：未满足，返回code：-1
===2021-05-24 18:30:50.110===
===2021-05-24 18:30:50.401===
股票：601995快速拉升判断-额外参数：
	分组名称：1
	走势名称：快速拉升
	结果：未满足,返回code：0
===2021-05-24 18:30:50.456===
===2021-05-24 18:30:50.475===
股票：601995指定时间段判断-额外参数：
	分组名称：1
	走势名称：时间段
	结果：未满足
===2021-05-24 18:30:50.477===
额外条件未满足


===============================================

==============2021-05-24 18:32:16==============
===定时器进入时间2021-05-24 18:31:48.380===
===开始判断价格条件2021-05-24 18:32:16.133===
===开始判断额外/转自动条件2021-05-24 18:32:16.175===
===2021-05-24 18:32:16.220===
股票：601995板块涨跌幅判断-额外参数：
	分组名称：1
	走势名称：发
	结果：未满足，返回code：-1
===2021-05-24 18:32:16.388===
===2021-05-24 18:32:16.408===
股票：601995快速拉升判断-额外参数：
	分组名称：1
	走势名称：快速拉升
	结果：未满足,返回code：0
===2021-05-24 18:32:16.408===
===2021-05-24 18:32:16.426===
股票：601995指定时间段判断-额外参数：
	分组名称：1
	走势名称：时间段
	结果：未满足
===2021-05-24 18:32:16.426===
额外条件未满足


===============================================

==============2021-05-24 18:36:12==============
===定时器进入时间2021-05-24 18:35:33.360===
===开始判断价格条件2021-05-24 18:36:11.526===
===开始判断额外/转自动条件2021-05-24 18:36:11.792===
===2021-05-24 18:36:11.867===
股票：601995板块涨跌幅判断-额外参数：
	分组名称：1
	走势名称：发
	结果：未满足，返回code：-1
===2021-05-24 18:36:12.111===
===2021-05-24 18:36:12.125===
股票：601995快速拉升判断-额外参数：
	分组名称：1
	走势名称：快速拉升
	结果：未满足,返回code：0
===2021-05-24 18:36:12.138===
===2021-05-24 18:36:12.154===
股票：601995指定时间段判断-额外参数：
	分组名称：1
	走势名称：时间段
	结果：未满足
===2021-05-24 18:36:12.156===
额外条件未满足


===============================================

