==============2021-11-11 11:29:19==============
===6开始执行条件2021-11-11 11:29:17.790===
===开始判断价格条件2021-11-11 11:29:17.790===
===开始判断额外/转自动条件2021-11-11 11:29:18.391===
===2021-11-11 11:29:18.587===
股票：002141指定时间段判断-额外参数：
	分组名称：1
	走势名称：时间段
		条件成立(当前时间：2021-11-11 11:29:17.790,条件时段：09:30:00-13:00:00)
	结果：达到要求
===2021-11-11 11:29:18.814===
===2021-11-11 11:29:19.230===
股票：002141多头向上判断-转自动参数：
	分组名称：2
	走势名称：多头向上
	结果：未满足，返回code：0
===2021-11-11 11:29:19.251===
满足所有条件，可以触发


===============================================

==============2021-11-11 11:29:51==============
===6开始执行条件2021-11-11 11:29:50.421===
===开始判断价格条件2021-11-11 11:29:50.421===
===开始判断额外/转自动条件2021-11-11 11:29:50.942===
===2021-11-11 11:29:51.362===
股票：002141指定时间段判断-额外参数：
	分组名称：1
	走势名称：时间段
		条件成立(当前时间：2021-11-11 11:29:50.421,条件时段：09:30:00-13:00:00)
	结果：达到要求
===2021-11-11 11:29:51.569===
===2021-11-11 11:29:51.768===
股票：002141多头向上判断-转自动参数：
	分组名称：2
	走势名称：多头向上
	结果：未满足，返回code：0
===2021-11-11 11:29:51.768===
满足所有条件，可以触发


===============================================

==============2021-11-11 11:30:29==============
===6开始执行条件2021-11-11 11:30:29.135===
===开始判断价格条件2021-11-11 11:30:29.135===
===开始判断额外/转自动条件2021-11-11 11:30:29.290===
===2021-11-11 11:30:29.338===
股票：002141指定时间段判断-额外参数：
	分组名称：1
	走势名称：时间段
		条件成立(当前时间：2021-11-11 11:30:29.135,条件时段：09:30:00-13:00:00)
	结果：达到要求
===2021-11-11 11:30:29.387===
===2021-11-11 11:30:29.464===
股票：002141多头向上判断-转自动参数：
	分组名称：2
	走势名称：多头向上
	结果：未满足，返回code：0
===2021-11-11 11:30:29.464===
满足所有条件，可以触发


===============================================

==============2021-11-11 11:31:12==============
===6开始执行条件2021-11-11 11:31:11.672===
===开始判断价格条件2021-11-11 11:31:11.672===
===开始判断额外/转自动条件2021-11-11 11:31:12.212===
===2021-11-11 11:31:12.251===
股票：002141指定时间段判断-额外参数：
	分组名称：1
	走势名称：时间段
		条件成立(当前时间：2021-11-11 11:31:11.672,条件时段：09:30:00-13:00:00)
	结果：达到要求
===2021-11-11 11:31:12.293===
===2021-11-11 11:31:12.361===
股票：002141多头向上判断-转自动参数：
	分组名称：2
	走势名称：多头向上
	结果：未满足，返回code：0
===2021-11-11 11:31:12.361===
满足所有条件，可以触发


===============================================

==============2021-11-11 11:31:57==============
===6开始执行条件2021-11-11 11:31:56.889===
===开始判断价格条件2021-11-11 11:31:56.889===
===开始判断额外/转自动条件2021-11-11 11:31:56.975===
===2021-11-11 11:31:57.035===
股票：002141指定时间段判断-额外参数：
	分组名称：1
	走势名称：时间段
		条件成立(当前时间：2021-11-11 11:31:56.889,条件时段：09:30:00-13:00:00)
	结果：达到要求
===2021-11-11 11:31:57.250===
===2021-11-11 11:31:57.370===
股票：002141多头向上判断-转自动参数：
	分组名称：2
	走势名称：多头向上
	结果：未满足，返回code：0
===2021-11-11 11:31:57.370===
满足所有条件，可以触发


===============================================

==============2021-11-11 11:32:39==============
===6开始执行条件2021-11-11 11:32:38.828===
===开始判断价格条件2021-11-11 11:32:38.828===
===开始判断额外/转自动条件2021-11-11 11:32:38.956===
===2021-11-11 11:32:39.134===
股票：002141指定时间段判断-额外参数：
	分组名称：1
	走势名称：时间段
		条件成立(当前时间：2021-11-11 11:32:38.828,条件时段：09:30:00-13:00:00)
	结果：达到要求
===2021-11-11 11:32:39.279===
===2021-11-11 11:32:39.405===
股票：002141多头向上判断-转自动参数：
	分组名称：2
	走势名称：多头向上
	结果：未满足，返回code：0
===2021-11-11 11:32:39.405===
满足所有条件，可以触发


===============================================

==============2021-11-11 11:33:17==============
===6开始执行条件2021-11-11 11:33:16.476===
===开始判断价格条件2021-11-11 11:33:16.476===
===开始判断额外/转自动条件2021-11-11 11:33:17.074===
===2021-11-11 11:33:17.147===
股票：002141指定时间段判断-额外参数：
	分组名称：1
	走势名称：时间段
		条件成立(当前时间：2021-11-11 11:33:16.476,条件时段：09:30:00-13:00:00)
	结果：达到要求
===2021-11-11 11:33:17.193===
===2021-11-11 11:33:17.596===
股票：002141多头向上判断-转自动参数：
	分组名称：2
	走势名称：多头向上
	结果：未满足，返回code：0
===2021-11-11 11:33:17.596===
满足所有条件，可以触发


===============================================

==============2021-11-11 11:33:58==============
===6开始执行条件2021-11-11 11:33:56.673===
===开始判断价格条件2021-11-11 11:33:56.673===
===开始判断额外/转自动条件2021-11-11 11:33:57.172===
===2021-11-11 11:33:57.422===
股票：002141指定时间段判断-额外参数：
	分组名称：1
	走势名称：时间段
		条件成立(当前时间：2021-11-11 11:33:56.673,条件时段：09:30:00-13:00:00)
	结果：达到要求
===2021-11-11 11:33:57.673===
===2021-11-11 11:33:58.542===
股票：002141多头向上判断-转自动参数：
	分组名称：2
	走势名称：多头向上
	结果：未满足，返回code：0
===2021-11-11 11:33:58.551===
满足所有条件，可以触发


===============================================

==============2021-11-11 11:34:38==============
===6开始执行条件2021-11-11 11:34:37.969===
===开始判断价格条件2021-11-11 11:34:37.969===
===开始判断额外/转自动条件2021-11-11 11:34:38.188===
===2021-11-11 11:34:38.233===
股票：002141指定时间段判断-额外参数：
	分组名称：1
	走势名称：时间段
		条件成立(当前时间：2021-11-11 11:34:37.968,条件时段：09:30:00-13:00:00)
	结果：达到要求
===2021-11-11 11:34:38.400===
===2021-11-11 11:34:38.621===
股票：002141多头向上判断-转自动参数：
	分组名称：2
	走势名称：多头向上
	结果：未满足，返回code：0
===2021-11-11 11:34:38.621===
满足所有条件，可以触发


===============================================

==============2021-11-11 11:35:09==============
===6开始执行条件2021-11-11 11:35:08.995===
===开始判断价格条件2021-11-11 11:35:08.995===
===开始判断额外/转自动条件2021-11-11 11:35:09.085===
===2021-11-11 11:35:09.417===
股票：002141指定时间段判断-额外参数：
	分组名称：1
	走势名称：时间段
		条件成立(当前时间：2021-11-11 11:35:08.995,条件时段：09:30:00-13:00:00)
	结果：达到要求
===2021-11-11 11:35:09.458===
===2021-11-11 11:35:09.520===
股票：002141多头向上判断-转自动参数：
	分组名称：2
	走势名称：多头向上
	结果：未满足，返回code：0
===2021-11-11 11:35:09.520===
满足所有条件，可以触发


===============================================

==============2021-11-11 11:35:54==============
===6开始执行条件2021-11-11 11:35:53.284===
===开始判断价格条件2021-11-11 11:35:53.284===
===开始判断额外/转自动条件2021-11-11 11:35:53.431===
===2021-11-11 11:35:53.532===
股票：002141指定时间段判断-额外参数：
	分组名称：1
	走势名称：时间段
		条件成立(当前时间：2021-11-11 11:35:53.284,条件时段：09:30:00-13:00:00)
	结果：达到要求
===2021-11-11 11:35:53.711===
===2021-11-11 11:35:54.341===
股票：002141多头向上判断-转自动参数：
	分组名称：2
	走势名称：多头向上
	结果：未满足，返回code：0
===2021-11-11 11:35:54.341===
满足所有条件，可以触发


===============================================

==============2021-11-11 11:37:11==============
===6开始执行条件2021-11-11 11:37:10.732===
===开始判断价格条件2021-11-11 11:37:10.732===
===开始判断额外/转自动条件2021-11-11 11:37:10.856===
===2021-11-11 11:37:10.897===
股票：002141指定时间段判断-额外参数：
	分组名称：1
	走势名称：时间段
		条件成立(当前时间：2021-11-11 11:37:10.732,条件时段：09:30:00-13:00:00)
	结果：达到要求
===2021-11-11 11:37:10.973===
===2021-11-11 11:37:11.057===
股票：002141多头向上判断-转自动参数：
	分组名称：2
	走势名称：多头向上
	结果：未满足，返回code：0
===2021-11-11 11:37:11.057===
满足所有条件，可以触发


===============================================

==============2021-11-11 11:37:53==============
===6开始执行条件2021-11-11 11:37:53.690===
===开始判断价格条件2021-11-11 11:37:53.690===
===开始判断额外/转自动条件2021-11-11 11:37:53.789===
===2021-11-11 11:37:53.829===
股票：002141指定时间段判断-额外参数：
	分组名称：1
	走势名称：时间段
		条件成立(当前时间：2021-11-11 11:37:53.689,条件时段：09:30:00-13:00:00)
	结果：达到要求
===2021-11-11 11:37:53.882===
===2021-11-11 11:37:53.939===
股票：002141多头向上判断-转自动参数：
	分组名称：2
	走势名称：多头向上
	结果：未满足，返回code：0
===2021-11-11 11:37:53.940===
满足所有条件，可以触发


===============================================

==============2021-11-11 11:38:39==============
===6开始执行条件2021-11-11 11:38:38.795===
===开始判断价格条件2021-11-11 11:38:38.795===
===开始判断额外/转自动条件2021-11-11 11:38:39.139===
===2021-11-11 11:38:39.491===
股票：002141指定时间段判断-额外参数：
	分组名称：1
	走势名称：时间段
		条件成立(当前时间：2021-11-11 11:38:38.795,条件时段：09:30:00-13:00:00)
	结果：达到要求
===2021-11-11 11:38:39.545===
===2021-11-11 11:38:39.615===
股票：002141多头向上判断-转自动参数：
	分组名称：2
	走势名称：多头向上
	结果：未满足，返回code：0
===2021-11-11 11:38:39.615===
满足所有条件，可以触发


===============================================

==============2021-11-11 11:44:09==============
===6开始执行条件2021-11-11 11:44:08.991===
===开始判断价格条件2021-11-11 11:44:08.991===
===开始判断额外/转自动条件2021-11-11 11:44:09.138===
===2021-11-11 11:44:09.261===
股票：002141指定时间段判断-额外参数：
	分组名称：1
	走势名称：时间段
		条件成立(当前时间：2021-11-11 11:44:08.837,条件时段：09:30:00-13:00:00)
	结果：达到要求
===2021-11-11 11:44:09.338===
===2021-11-11 11:44:09.409===
股票：002141多头向上判断-转自动参数：
	分组名称：2
	走势名称：多头向上
	结果：未满足，返回code：0
===2021-11-11 11:44:09.426===
满足所有条件，可以触发


===============================================

==============2021-11-11 11:46:04==============
===6开始执行条件2021-11-11 11:46:02.871===
===开始判断价格条件2021-11-11 11:46:02.871===
===开始判断额外/转自动条件2021-11-11 11:46:03.306===
===2021-11-11 11:46:03.517===
股票：002141指定时间段判断-额外参数：
	分组名称：1
	走势名称：时间段
		条件成立(当前时间：2021-11-11 11:46:02.871,条件时段：09:30:00-13:00:00)
	结果：达到要求
===2021-11-11 11:46:03.785===
===2021-11-11 11:46:03.990===
股票：002141多头向上判断-转自动参数：
	分组名称：2
	走势名称：多头向上
	结果：未满足，返回code：0
===2021-11-11 11:46:04.074===
满足所有条件，可以触发


===============================================

==============2021-11-11 11:46:52==============
===6开始执行条件2021-11-11 11:46:51.932===
===开始判断价格条件2021-11-11 11:46:51.932===
===开始判断额外/转自动条件2021-11-11 11:46:52.003===
===2021-11-11 11:46:52.052===
股票：002141指定时间段判断-额外参数：
	分组名称：1
	走势名称：时间段
		条件成立(当前时间：2021-11-11 11:46:51.932,条件时段：09:30:00-13:00:00)
	结果：达到要求
===2021-11-11 11:46:52.085===
===2021-11-11 11:46:52.143===
股票：002141多头向上判断-转自动参数：
	分组名称：2
	走势名称：多头向上
	结果：未满足，返回code：0
===2021-11-11 11:46:52.144===
满足所有条件，可以触发


===============================================

==============2021-11-11 11:47:33==============
===6开始执行条件2021-11-11 11:47:32.763===
===开始判断价格条件2021-11-11 11:47:32.763===
===开始判断额外/转自动条件2021-11-11 11:47:32.866===
===2021-11-11 11:47:32.956===
股票：002141指定时间段判断-额外参数：
	分组名称：1
	走势名称：时间段
		条件成立(当前时间：2021-11-11 11:47:32.763,条件时段：09:30:00-13:00:00)
	结果：达到要求
===2021-11-11 11:47:33.012===
===2021-11-11 11:47:33.126===
股票：002141多头向上判断-转自动参数：
	分组名称：2
	走势名称：多头向上
	结果：未满足，返回code：0
===2021-11-11 11:47:33.126===
满足所有条件，可以触发


===============================================

==============2021-11-11 11:48:21==============
===6开始执行条件2021-11-11 11:48:21.084===
===开始判断价格条件2021-11-11 11:48:21.084===
===开始判断额外/转自动条件2021-11-11 11:48:21.169===
===2021-11-11 11:48:21.210===
股票：002141指定时间段判断-额外参数：
	分组名称：1
	走势名称：时间段
		条件成立(当前时间：2021-11-11 11:48:21.084,条件时段：09:30:00-13:00:00)
	结果：达到要求
===2021-11-11 11:48:21.389===
===2021-11-11 11:48:21.614===
股票：002141多头向上判断-转自动参数：
	分组名称：2
	走势名称：多头向上
	结果：未满足，返回code：0
===2021-11-11 11:48:21.614===
满足所有条件，可以触发


===============================================

==============2021-11-11 11:48:58==============
===6开始执行条件2021-11-11 11:48:57.597===
===开始判断价格条件2021-11-11 11:48:57.597===
===开始判断额外/转自动条件2021-11-11 11:48:57.714===
===2021-11-11 11:48:57.765===
股票：002141指定时间段判断-额外参数：
	分组名称：1
	走势名称：时间段
		条件成立(当前时间：2021-11-11 11:48:57.596,条件时段：09:30:00-13:00:00)
	结果：达到要求
===2021-11-11 11:48:58.204===
===2021-11-11 11:48:58.270===
股票：002141多头向上判断-转自动参数：
	分组名称：2
	走势名称：多头向上
	结果：未满足，返回code：0
===2021-11-11 11:48:58.271===
满足所有条件，可以触发


===============================================

==============2021-11-11 11:49:39==============
===6开始执行条件2021-11-11 11:49:39.371===
===开始判断价格条件2021-11-11 11:49:39.371===
===开始判断额外/转自动条件2021-11-11 11:49:39.584===
===2021-11-11 11:49:39.647===
股票：002141指定时间段判断-额外参数：
	分组名称：1
	走势名称：时间段
		条件成立(当前时间：2021-11-11 11:49:39.371,条件时段：09:30:00-13:00:00)
	结果：达到要求
===2021-11-11 11:49:39.701===
===2021-11-11 11:49:39.767===
股票：002141多头向上判断-转自动参数：
	分组名称：2
	走势名称：多头向上
	结果：未满足，返回code：0
===2021-11-11 11:49:39.767===
满足所有条件，可以触发


===============================================

==============2021-11-11 11:50:14==============
===6开始执行条件2021-11-11 11:50:14.195===
===开始判断价格条件2021-11-11 11:50:14.195===
===开始判断额外/转自动条件2021-11-11 11:50:14.645===
===2021-11-11 11:50:14.732===
股票：002141指定时间段判断-额外参数：
	分组名称：1
	走势名称：时间段
		条件成立(当前时间：2021-11-11 11:50:14.194,条件时段：09:30:00-13:00:00)
	结果：达到要求
===2021-11-11 11:50:14.843===
===2021-11-11 11:50:14.975===
股票：002141多头向上判断-转自动参数：
	分组名称：2
	走势名称：多头向上
	结果：未满足，返回code：0
===2021-11-11 11:50:14.975===
满足所有条件，可以触发


===============================================

==============2021-11-11 11:50:51==============
===6开始执行条件2021-11-11 11:50:51.085===
===开始判断价格条件2021-11-11 11:50:51.085===
===开始判断额外/转自动条件2021-11-11 11:50:51.157===
===2021-11-11 11:50:51.195===
股票：002141指定时间段判断-额外参数：
	分组名称：1
	走势名称：时间段
		条件成立(当前时间：2021-11-11 11:50:51.085,条件时段：09:30:00-13:00:00)
	结果：达到要求
===2021-11-11 11:50:51.231===
===2021-11-11 11:50:51.597===
股票：002141多头向上判断-转自动参数：
	分组名称：2
	走势名称：多头向上
	结果：未满足，返回code：0
===2021-11-11 11:50:51.597===
满足所有条件，可以触发


===============================================

==============2021-11-11 11:51:23==============
===6开始执行条件2021-11-11 11:51:23.197===
===开始判断价格条件2021-11-11 11:51:23.197===
===开始判断额外/转自动条件2021-11-11 11:51:23.504===
===2021-11-11 11:51:23.568===
股票：002141指定时间段判断-额外参数：
	分组名称：1
	走势名称：时间段
		条件成立(当前时间：2021-11-11 11:51:23.197,条件时段：09:30:00-13:00:00)
	结果：达到要求
===2021-11-11 11:51:23.609===
===2021-11-11 11:51:23.681===
股票：002141多头向上判断-转自动参数：
	分组名称：2
	走势名称：多头向上
	结果：未满足，返回code：0
===2021-11-11 11:51:23.681===
满足所有条件，可以触发


===============================================

