==============2021-10-27 15:57:11==============
===6开始执行条件2021-10-27 15:57:10.226===
===开始判断价格条件2021-10-27 15:57:10.226===
===开始判断额外/转自动条件2021-10-27 15:57:10.626===
===2021-10-27 15:57:10.711===
股票：002141指定时间段判断-额外参数：
	分组名称：1
	走势名称：时间段
		条件不成立(当前时间：2021-10-27 15:57:10.226,条件时段：09:30:00-13:00:00)
	结果：未满足
===2021-10-27 15:57:10.715===
===2021-10-27 15:57:10.736===
股票：002141板块涨跌幅判断-额外参数：
	分组名称：1
	走势名称：发
		条件不成立(不符合板块涨跌幅条件)
	结果：未满足，返回code：-1
===2021-10-27 15:57:11.254===
额外条件未满足


===============================================

==============2021-10-27 15:57:11==============
===6开始执行条件2021-10-27 15:57:11.469===
===开始判断价格条件2021-10-27 15:57:11.469===
===开始判断额外/转自动条件2021-10-27 15:57:11.593===
===2021-10-27 15:57:11.649===
股票：002141指定时间段判断-额外参数：
	分组名称：1
	走势名称：时间段
		条件不成立(当前时间：2021-10-27 15:57:11.469,条件时段：09:30:00-13:00:00)
	结果：未满足
===2021-10-27 15:57:11.649===
===2021-10-27 15:57:11.692===
股票：002141板块涨跌幅判断-额外参数：
	分组名称：1
	走势名称：发
		条件不成立(不符合板块涨跌幅条件)
	结果：未满足，返回code：-1
===2021-10-27 15:57:11.876===
额外条件未满足


===============================================

==============2021-10-27 15:57:14==============
===6开始执行条件2021-10-27 15:57:14.226===
===开始判断价格条件2021-10-27 15:57:14.226===
===开始判断额外/转自动条件2021-10-27 15:57:14.344===
===2021-10-27 15:57:14.406===
股票：002141指定时间段判断-额外参数：
	分组名称：1
	走势名称：时间段
		条件不成立(当前时间：2021-10-27 15:57:14.226,条件时段：09:30:00-13:00:00)
	结果：未满足
===2021-10-27 15:57:14.406===
===2021-10-27 15:57:14.459===
股票：002141板块涨跌幅判断-额外参数：
	分组名称：1
	走势名称：发
		条件不成立(不符合板块涨跌幅条件)
	结果：未满足，返回code：-1
===2021-10-27 15:57:14.734===
额外条件未满足


===============================================

==============2021-10-27 15:57:18==============
===6开始执行条件2021-10-27 15:57:18.066===
===开始判断价格条件2021-10-27 15:57:18.066===
===开始判断额外/转自动条件2021-10-27 15:57:18.236===
===2021-10-27 15:57:18.296===
股票：002141指定时间段判断-额外参数：
	分组名称：1
	走势名称：时间段
		条件不成立(当前时间：2021-10-27 15:57:18.066,条件时段：09:30:00-13:00:00)
	结果：未满足
===2021-10-27 15:57:18.296===
===2021-10-27 15:57:18.333===
股票：002141板块涨跌幅判断-额外参数：
	分组名称：1
	走势名称：发
		条件不成立(不符合板块涨跌幅条件)
	结果：未满足，返回code：-1
===2021-10-27 15:57:18.575===
额外条件未满足


===============================================

==============2021-10-27 15:57:22==============
===6开始执行条件2021-10-27 15:57:21.604===
===开始判断价格条件2021-10-27 15:57:21.604===
===开始判断额外/转自动条件2021-10-27 15:57:21.794===
===2021-10-27 15:57:22.021===
股票：002141指定时间段判断-额外参数：
	分组名称：1
	走势名称：时间段
		条件不成立(当前时间：2021-10-27 15:57:21.604,条件时段：09:30:00-13:00:00)
	结果：未满足
===2021-10-27 15:57:22.021===
===2021-10-27 15:57:22.045===
股票：002141板块涨跌幅判断-额外参数：
	分组名称：1
	走势名称：发
		条件不成立(不符合板块涨跌幅条件)
	结果：未满足，返回code：-1
===2021-10-27 15:57:22.342===
额外条件未满足


===============================================

==============2021-10-27 15:57:25==============
===6开始执行条件2021-10-27 15:57:24.562===
===开始判断价格条件2021-10-27 15:57:24.562===
===开始判断额外/转自动条件2021-10-27 15:57:24.685===
===2021-10-27 15:57:24.764===
股票：002141指定时间段判断-额外参数：
	分组名称：1
	走势名称：时间段
		条件不成立(当前时间：2021-10-27 15:57:24.562,条件时段：09:30:00-13:00:00)
	结果：未满足
===2021-10-27 15:57:24.764===
===2021-10-27 15:57:24.785===
股票：002141板块涨跌幅判断-额外参数：
	分组名称：1
	走势名称：发
		条件不成立(不符合板块涨跌幅条件)
	结果：未满足，返回code：-1
===2021-10-27 15:57:25.042===
额外条件未满足


===============================================

==============2021-10-27 15:57:29==============
===6开始执行条件2021-10-27 15:57:29.037===
===开始判断价格条件2021-10-27 15:57:29.037===
===开始判断额外/转自动条件2021-10-27 15:57:29.135===
===2021-10-27 15:57:29.207===
股票：002141指定时间段判断-额外参数：
	分组名称：1
	走势名称：时间段
		条件不成立(当前时间：2021-10-27 15:57:29.037,条件时段：09:30:00-13:00:00)
	结果：未满足
===2021-10-27 15:57:29.207===
===2021-10-27 15:57:29.257===
股票：002141板块涨跌幅判断-额外参数：
	分组名称：1
	走势名称：发
		条件不成立(不符合板块涨跌幅条件)
	结果：未满足，返回code：-1
===2021-10-27 15:57:29.564===
额外条件未满足


===============================================

==============2021-10-27 15:57:33==============
===6开始执行条件2021-10-27 15:57:32.787===
===开始判断价格条件2021-10-27 15:57:32.787===
===开始判断额外/转自动条件2021-10-27 15:57:32.910===
===2021-10-27 15:57:32.982===
股票：002141指定时间段判断-额外参数：
	分组名称：1
	走势名称：时间段
		条件不成立(当前时间：2021-10-27 15:57:32.786,条件时段：09:30:00-13:00:00)
	结果：未满足
===2021-10-27 15:57:32.983===
===2021-10-27 15:57:33.003===
股票：002141板块涨跌幅判断-额外参数：
	分组名称：1
	走势名称：发
		条件不成立(不符合板块涨跌幅条件)
	结果：未满足，返回code：-1
===2021-10-27 15:57:33.343===
额外条件未满足


===============================================

==============2021-10-27 15:57:51==============
===6开始执行条件2021-10-27 15:57:39.584===
===开始判断价格条件2021-10-27 15:57:39.584===
===开始判断额外/转自动条件2021-10-27 15:57:39.725===
===2021-10-27 15:57:44.176===
股票：002141指定时间段判断-额外参数：
	分组名称：1
	走势名称：时间段
		条件不成立(当前时间：2021-10-27 15:57:39.584,条件时段：09:30:00-13:00:00)
	结果：未满足
===2021-10-27 15:57:44.177===
===2021-10-27 15:57:44.374===
股票：002141板块涨跌幅判断-额外参数：
	分组名称：1
	走势名称：发
		条件不成立(不符合板块涨跌幅条件)
	结果：未满足，返回code：-1
===2021-10-27 15:57:51.959===
额外条件未满足


===============================================

==============2021-10-27 15:57:53==============
===6开始执行条件2021-10-27 15:57:52.495===
===开始判断价格条件2021-10-27 15:57:52.495===
===开始判断额外/转自动条件2021-10-27 15:57:52.639===
===2021-10-27 15:57:52.869===
股票：002141指定时间段判断-额外参数：
	分组名称：1
	走势名称：时间段
		条件不成立(当前时间：2021-10-27 15:57:52.495,条件时段：09:30:00-13:00:00)
	结果：未满足
===2021-10-27 15:57:52.869===
===2021-10-27 15:57:52.905===
股票：002141板块涨跌幅判断-额外参数：
	分组名称：1
	走势名称：发
		条件不成立(不符合板块涨跌幅条件)
	结果：未满足，返回code：-1
===2021-10-27 15:57:53.250===
额外条件未满足


===============================================

==============2021-10-27 15:57:54==============
===6开始执行条件2021-10-27 15:57:53.753===
===开始判断价格条件2021-10-27 15:57:53.753===
===开始判断额外/转自动条件2021-10-27 15:57:53.834===
===2021-10-27 15:57:53.878===
股票：002141指定时间段判断-额外参数：
	分组名称：1
	走势名称：时间段
		条件不成立(当前时间：2021-10-27 15:57:53.753,条件时段：09:30:00-13:00:00)
	结果：未满足
===2021-10-27 15:57:53.878===
===2021-10-27 15:57:53.901===
股票：002141板块涨跌幅判断-额外参数：
	分组名称：1
	走势名称：发
		条件不成立(不符合板块涨跌幅条件)
	结果：未满足，返回code：-1
===2021-10-27 15:57:54.148===
额外条件未满足


===============================================

==============2021-10-27 15:59:42==============
===6开始执行条件2021-10-27 15:59:41.586===
===开始判断价格条件2021-10-27 15:59:41.586===
===开始判断额外/转自动条件2021-10-27 15:59:42.107===
===2021-10-27 15:59:42.213===
股票：002141指定时间段判断-额外参数：
	分组名称：1
	走势名称：时间段
		条件不成立(当前时间：2021-10-27 15:59:41.586,条件时段：09:30:00-13:00:00)
	结果：未满足
===2021-10-27 15:59:42.217===
===2021-10-27 15:59:42.276===
股票：002141板块涨跌幅判断-额外参数：
	分组名称：1
	走势名称：发
		条件不成立(不符合板块涨跌幅条件)
	结果：未满足，返回code：-1
===2021-10-27 15:59:42.704===
额外条件未满足


===============================================

==============2021-10-27 15:59:43==============
===6开始执行条件2021-10-27 15:59:42.951===
===开始判断价格条件2021-10-27 15:59:42.951===
===开始判断额外/转自动条件2021-10-27 15:59:43.027===
===2021-10-27 15:59:43.064===
股票：002141指定时间段判断-额外参数：
	分组名称：1
	走势名称：时间段
		条件不成立(当前时间：2021-10-27 15:59:42.950,条件时段：09:30:00-13:00:00)
	结果：未满足
===2021-10-27 15:59:43.064===
===2021-10-27 15:59:43.086===
股票：002141板块涨跌幅判断-额外参数：
	分组名称：1
	走势名称：发
		条件不成立(不符合板块涨跌幅条件)
	结果：未满足，返回code：-1
===2021-10-27 15:59:43.353===
额外条件未满足


===============================================

==============2021-10-27 15:59:44==============
===6开始执行条件2021-10-27 15:59:43.589===
===开始判断价格条件2021-10-27 15:59:43.589===
===开始判断额外/转自动条件2021-10-27 15:59:43.684===
===2021-10-27 15:59:43.761===
股票：002141指定时间段判断-额外参数：
	分组名称：1
	走势名称：时间段
		条件不成立(当前时间：2021-10-27 15:59:43.589,条件时段：09:30:00-13:00:00)
	结果：未满足
===2021-10-27 15:59:43.761===
===2021-10-27 15:59:43.779===
股票：002141板块涨跌幅判断-额外参数：
	分组名称：1
	走势名称：发
		条件不成立(不符合板块涨跌幅条件)
	结果：未满足，返回code：-1
===2021-10-27 15:59:44.020===
额外条件未满足


===============================================

==============2021-10-27 15:59:44==============
===6开始执行条件2021-10-27 15:59:44.341===
===开始判断价格条件2021-10-27 15:59:44.341===
===开始判断额外/转自动条件2021-10-27 15:59:44.458===
===2021-10-27 15:59:44.525===
股票：002141指定时间段判断-额外参数：
	分组名称：1
	走势名称：时间段
		条件不成立(当前时间：2021-10-27 15:59:44.341,条件时段：09:30:00-13:00:00)
	结果：未满足
===2021-10-27 15:59:44.525===
===2021-10-27 15:59:44.546===
股票：002141板块涨跌幅判断-额外参数：
	分组名称：1
	走势名称：发
		条件不成立(不符合板块涨跌幅条件)
	结果：未满足，返回code：-1
===2021-10-27 15:59:44.796===
额外条件未满足


===============================================

==============2021-10-27 15:59:47==============
===6开始执行条件2021-10-27 15:59:46.741===
===开始判断价格条件2021-10-27 15:59:46.741===
===开始判断额外/转自动条件2021-10-27 15:59:46.830===
===2021-10-27 15:59:47.029===
股票：002141指定时间段判断-额外参数：
	分组名称：1
	走势名称：时间段
		条件不成立(当前时间：2021-10-27 15:59:46.741,条件时段：09:30:00-13:00:00)
	结果：未满足
===2021-10-27 15:59:47.029===
===2021-10-27 15:59:47.049===
股票：002141板块涨跌幅判断-额外参数：
	分组名称：1
	走势名称：发
		条件不成立(不符合板块涨跌幅条件)
	结果：未满足，返回code：-1
===2021-10-27 15:59:47.260===
额外条件未满足


===============================================

==============2021-10-27 15:59:50==============
===6开始执行条件2021-10-27 15:59:50.040===
===开始判断价格条件2021-10-27 15:59:50.040===
===开始判断额外/转自动条件2021-10-27 15:59:50.208===
===2021-10-27 15:59:50.290===
股票：002141指定时间段判断-额外参数：
	分组名称：1
	走势名称：时间段
		条件不成立(当前时间：2021-10-27 15:59:50.040,条件时段：09:30:00-13:00:00)
	结果：未满足
===2021-10-27 15:59:50.290===
===2021-10-27 15:59:50.342===
股票：002141板块涨跌幅判断-额外参数：
	分组名称：1
	走势名称：发
		条件不成立(不符合板块涨跌幅条件)
	结果：未满足，返回code：-1
===2021-10-27 15:59:50.624===
额外条件未满足


===============================================

==============2021-10-27 15:59:54==============
===6开始执行条件2021-10-27 15:59:53.444===
===开始判断价格条件2021-10-27 15:59:53.444===
===开始判断额外/转自动条件2021-10-27 15:59:53.756===
===2021-10-27 15:59:53.839===
股票：002141指定时间段判断-额外参数：
	分组名称：1
	走势名称：时间段
		条件不成立(当前时间：2021-10-27 15:59:53.444,条件时段：09:30:00-13:00:00)
	结果：未满足
===2021-10-27 15:59:53.839===
===2021-10-27 15:59:53.856===
股票：002141板块涨跌幅判断-额外参数：
	分组名称：1
	走势名称：发
		条件不成立(不符合板块涨跌幅条件)
	结果：未满足，返回code：-1
===2021-10-27 15:59:54.134===
额外条件未满足


===============================================

==============2021-10-27 15:59:57==============
===6开始执行条件2021-10-27 15:59:57.208===
===开始判断价格条件2021-10-27 15:59:57.208===
===开始判断额外/转自动条件2021-10-27 15:59:57.374===
===2021-10-27 15:59:57.449===
股票：002141指定时间段判断-额外参数：
	分组名称：1
	走势名称：时间段
		条件不成立(当前时间：2021-10-27 15:59:57.178,条件时段：09:30:00-13:00:00)
	结果：未满足
===2021-10-27 15:59:57.449===
===2021-10-27 15:59:57.476===
股票：002141板块涨跌幅判断-额外参数：
	分组名称：1
	走势名称：发
		条件不成立(不符合板块涨跌幅条件)
	结果：未满足，返回code：-1
===2021-10-27 15:59:57.785===
额外条件未满足


===============================================

==============2021-10-27 16:00:01==============
===6开始执行条件2021-10-27 16:00:01.139===
===开始判断价格条件2021-10-27 16:00:01.139===
===开始判断额外/转自动条件2021-10-27 16:00:01.335===
===2021-10-27 16:00:01.384===
股票：002141指定时间段判断-额外参数：
	分组名称：1
	走势名称：时间段
		条件不成立(当前时间：2021-10-27 16:00:01.139,条件时段：09:30:00-13:00:00)
	结果：未满足
===2021-10-27 16:00:01.384===
===2021-10-27 16:00:01.405===
股票：002141板块涨跌幅判断-额外参数：
	分组名称：1
	走势名称：发
		条件不成立(不符合板块涨跌幅条件)
	结果：未满足，返回code：-1
===2021-10-27 16:00:01.682===
额外条件未满足


===============================================

==============2021-10-27 16:00:05==============
===6开始执行条件2021-10-27 16:00:04.349===
===开始判断价格条件2021-10-27 16:00:04.349===
===开始判断额外/转自动条件2021-10-27 16:00:04.570===
===2021-10-27 16:00:04.719===
股票：002141指定时间段判断-额外参数：
	分组名称：1
	走势名称：时间段
		条件不成立(当前时间：2021-10-27 16:00:04.349,条件时段：09:30:00-13:00:00)
	结果：未满足
===2021-10-27 16:00:04.719===
===2021-10-27 16:00:04.765===
股票：002141板块涨跌幅判断-额外参数：
	分组名称：1
	走势名称：发
		条件不成立(不符合板块涨跌幅条件)
	结果：未满足，返回code：-1
===2021-10-27 16:00:05.134===
额外条件未满足


===============================================

==============2021-10-27 16:00:08==============
===6开始执行条件2021-10-27 16:00:08.021===
===开始判断价格条件2021-10-27 16:00:08.021===
===开始判断额外/转自动条件2021-10-27 16:00:08.177===
===2021-10-27 16:00:08.257===
股票：002141指定时间段判断-额外参数：
	分组名称：1
	走势名称：时间段
		条件不成立(当前时间：2021-10-27 16:00:08.020,条件时段：09:30:00-13:00:00)
	结果：未满足
===2021-10-27 16:00:08.257===
===2021-10-27 16:00:08.276===
股票：002141板块涨跌幅判断-额外参数：
	分组名称：1
	走势名称：发
		条件不成立(不符合板块涨跌幅条件)
	结果：未满足，返回code：-1
===2021-10-27 16:00:08.561===
额外条件未满足


===============================================

==============2021-10-27 16:00:11==============
===6开始执行条件2021-10-27 16:00:11.555===
===开始判断价格条件2021-10-27 16:00:11.555===
===开始判断额外/转自动条件2021-10-27 16:00:11.631===
===2021-10-27 16:00:11.693===
股票：002141指定时间段判断-额外参数：
	分组名称：1
	走势名称：时间段
		条件不成立(当前时间：2021-10-27 16:00:11.554,条件时段：09:30:00-13:00:00)
	结果：未满足
===2021-10-27 16:00:11.693===
===2021-10-27 16:00:11.734===
股票：002141板块涨跌幅判断-额外参数：
	分组名称：1
	走势名称：发
		条件不成立(不符合板块涨跌幅条件)
	结果：未满足，返回code：-1
===2021-10-27 16:00:11.991===
额外条件未满足


===============================================

==============2021-10-27 16:00:21==============
===6开始执行条件2021-10-27 16:00:19.420===
===开始判断价格条件2021-10-27 16:00:19.420===
===开始判断额外/转自动条件2021-10-27 16:00:19.752===
===2021-10-27 16:00:20.473===
股票：002141指定时间段判断-额外参数：
	分组名称：1
	走势名称：时间段
		条件不成立(当前时间：2021-10-27 16:00:19.419,条件时段：09:30:00-13:00:00)
	结果：未满足
===2021-10-27 16:00:20.473===
===2021-10-27 16:00:20.524===
股票：002141板块涨跌幅判断-额外参数：
	分组名称：1
	走势名称：发
		条件不成立(不符合板块涨跌幅条件)
	结果：未满足，返回code：-1
===2021-10-27 16:00:21.074===
额外条件未满足


===============================================

==============2021-10-27 16:00:23==============
===6开始执行条件2021-10-27 16:00:22.818===
===开始判断价格条件2021-10-27 16:00:22.818===
===开始判断额外/转自动条件2021-10-27 16:00:22.927===
===2021-10-27 16:00:23.002===
股票：002141指定时间段判断-额外参数：
	分组名称：1
	走势名称：时间段
		条件不成立(当前时间：2021-10-27 16:00:22.817,条件时段：09:30:00-13:00:00)
	结果：未满足
===2021-10-27 16:00:23.002===
===2021-10-27 16:00:23.034===
股票：002141板块涨跌幅判断-额外参数：
	分组名称：1
	走势名称：发
		条件不成立(不符合板块涨跌幅条件)
	结果：未满足，返回code：-1
===2021-10-27 16:00:23.443===
额外条件未满足


===============================================

==============2021-10-27 16:00:24==============
===6开始执行条件2021-10-27 16:00:23.615===
===开始判断价格条件2021-10-27 16:00:23.615===
===开始判断额外/转自动条件2021-10-27 16:00:23.807===
===2021-10-27 16:00:24.047===
股票：002141指定时间段判断-额外参数：
	分组名称：1
	走势名称：时间段
		条件不成立(当前时间：2021-10-27 16:00:23.614,条件时段：09:30:00-13:00:00)
	结果：未满足
===2021-10-27 16:00:24.047===
===2021-10-27 16:00:24.085===
股票：002141板块涨跌幅判断-额外参数：
	分组名称：1
	走势名称：发
		条件不成立(不符合板块涨跌幅条件)
	结果：未满足，返回code：-1
===2021-10-27 16:00:24.370===
额外条件未满足


===============================================

==============2021-10-27 16:01:34==============
===6开始执行条件2021-10-27 16:01:34.141===
===开始判断价格条件2021-10-27 16:01:34.141===
===开始判断额外/转自动条件2021-10-27 16:01:34.374===
===2021-10-27 16:01:34.417===
股票：002141指定时间段判断-额外参数：
	分组名称：1
	走势名称：时间段
		条件不成立(当前时间：2021-10-27 16:01:34.021,条件时段：09:30:00-13:00:00)
	结果：未满足
===2021-10-27 16:01:34.420===
===2021-10-27 16:01:34.452===
股票：002141板块涨跌幅判断-额外参数：
	分组名称：1
	走势名称：发
		条件不成立(不符合板块涨跌幅条件)
	结果：未满足，返回code：-1
===2021-10-27 16:01:34.859===
额外条件未满足


===============================================

==============2021-10-27 16:01:35==============
===6开始执行条件2021-10-27 16:01:34.983===
===开始判断价格条件2021-10-27 16:01:34.983===
===开始判断额外/转自动条件2021-10-27 16:01:35.164===
===2021-10-27 16:01:35.352===
股票：002141指定时间段判断-额外参数：
	分组名称：1
	走势名称：时间段
		条件不成立(当前时间：2021-10-27 16:01:34.974,条件时段：09:30:00-13:00:00)
	结果：未满足
===2021-10-27 16:01:35.352===
===2021-10-27 16:01:35.387===
股票：002141板块涨跌幅判断-额外参数：
	分组名称：1
	走势名称：发
		条件不成立(不符合板块涨跌幅条件)
	结果：未满足，返回code：-1
===2021-10-27 16:01:35.679===
额外条件未满足


===============================================

==============2021-10-27 16:01:39==============
===6开始执行条件2021-10-27 16:01:38.940===
===开始判断价格条件2021-10-27 16:01:38.940===
===开始判断额外/转自动条件2021-10-27 16:01:39.065===
===2021-10-27 16:01:39.394===
股票：002141指定时间段判断-额外参数：
	分组名称：1
	走势名称：时间段
		条件不成立(当前时间：2021-10-27 16:01:38.940,条件时段：09:30:00-13:00:00)
	结果：未满足
===2021-10-27 16:01:39.394===
===2021-10-27 16:01:39.468===
股票：002141板块涨跌幅判断-额外参数：
	分组名称：1
	走势名称：发
		条件不成立(不符合板块涨跌幅条件)
	结果：未满足，返回code：-1
===2021-10-27 16:01:39.838===
额外条件未满足


===============================================

==============2021-10-27 16:01:42==============
===6开始执行条件2021-10-27 16:01:41.614===
===开始判断价格条件2021-10-27 16:01:41.614===
===开始判断额外/转自动条件2021-10-27 16:01:41.737===
===2021-10-27 16:01:41.814===
股票：002141指定时间段判断-额外参数：
	分组名称：1
	走势名称：时间段
		条件不成立(当前时间：2021-10-27 16:01:41.614,条件时段：09:30:00-13:00:00)
	结果：未满足
===2021-10-27 16:01:41.814===
===2021-10-27 16:01:41.978===
股票：002141板块涨跌幅判断-额外参数：
	分组名称：1
	走势名称：发
		条件不成立(不符合板块涨跌幅条件)
	结果：未满足，返回code：-1
===2021-10-27 16:01:42.370===
额外条件未满足


===============================================

==============2021-10-27 16:01:45==============
===6开始执行条件2021-10-27 16:01:45.279===
===开始判断价格条件2021-10-27 16:01:45.279===
===开始判断额外/转自动条件2021-10-27 16:01:45.373===
===2021-10-27 16:01:45.439===
股票：002141指定时间段判断-额外参数：
	分组名称：1
	走势名称：时间段
		条件不成立(当前时间：2021-10-27 16:01:45.279,条件时段：09:30:00-13:00:00)
	结果：未满足
===2021-10-27 16:01:45.439===
===2021-10-27 16:01:45.478===
股票：002141板块涨跌幅判断-额外参数：
	分组名称：1
	走势名称：发
		条件不成立(不符合板块涨跌幅条件)
	结果：未满足，返回code：-1
===2021-10-27 16:01:45.961===
额外条件未满足


===============================================

==============2021-10-27 16:01:50==============
===6开始执行条件2021-10-27 16:01:49.600===
===开始判断价格条件2021-10-27 16:01:49.600===
===开始判断额外/转自动条件2021-10-27 16:01:49.689===
===2021-10-27 16:01:49.734===
股票：002141指定时间段判断-额外参数：
	分组名称：1
	走势名称：时间段
		条件不成立(当前时间：2021-10-27 16:01:49.599,条件时段：09:30:00-13:00:00)
	结果：未满足
===2021-10-27 16:01:49.734===
===2021-10-27 16:01:49.751===
股票：002141板块涨跌幅判断-额外参数：
	分组名称：1
	走势名称：发
		条件不成立(不符合板块涨跌幅条件)
	结果：未满足，返回code：-1
===2021-10-27 16:01:50.008===
额外条件未满足


===============================================

==============2021-10-27 16:01:54==============
===6开始执行条件2021-10-27 16:01:53.319===
===开始判断价格条件2021-10-27 16:01:53.319===
===开始判断额外/转自动条件2021-10-27 16:01:53.776===
===2021-10-27 16:01:53.822===
股票：002141指定时间段判断-额外参数：
	分组名称：1
	走势名称：时间段
		条件不成立(当前时间：2021-10-27 16:01:53.319,条件时段：09:30:00-13:00:00)
	结果：未满足
===2021-10-27 16:01:53.822===
===2021-10-27 16:01:53.850===
股票：002141板块涨跌幅判断-额外参数：
	分组名称：1
	走势名称：发
		条件不成立(不符合板块涨跌幅条件)
	结果：未满足，返回code：-1
===2021-10-27 16:01:54.179===
额外条件未满足


===============================================

==============2021-10-27 16:01:57==============
===6开始执行条件2021-10-27 16:01:57.092===
===开始判断价格条件2021-10-27 16:01:57.092===
===开始判断额外/转自动条件2021-10-27 16:01:57.244===
===2021-10-27 16:01:57.321===
股票：002141指定时间段判断-额外参数：
	分组名称：1
	走势名称：时间段
		条件不成立(当前时间：2021-10-27 16:01:57.092,条件时段：09:30:00-13:00:00)
	结果：未满足
===2021-10-27 16:01:57.321===
===2021-10-27 16:01:57.350===
股票：002141板块涨跌幅判断-额外参数：
	分组名称：1
	走势名称：发
		条件不成立(不符合板块涨跌幅条件)
	结果：未满足，返回code：-1
===2021-10-27 16:01:57.672===
额外条件未满足


===============================================

==============2021-10-27 16:02:01==============
===6开始执行条件2021-10-27 16:02:00.699===
===开始判断价格条件2021-10-27 16:02:00.699===
===开始判断额外/转自动条件2021-10-27 16:02:01.036===
===2021-10-27 16:02:01.076===
股票：002141指定时间段判断-额外参数：
	分组名称：1
	走势名称：时间段
		条件不成立(当前时间：2021-10-27 16:02:00.699,条件时段：09:30:00-13:00:00)
	结果：未满足
===2021-10-27 16:02:01.076===
===2021-10-27 16:02:01.093===
股票：002141板块涨跌幅判断-额外参数：
	分组名称：1
	走势名称：发
		条件不成立(不符合板块涨跌幅条件)
	结果：未满足，返回code：-1
===2021-10-27 16:02:01.333===
额外条件未满足


===============================================

==============2021-10-27 16:02:04==============
===6开始执行条件2021-10-27 16:02:04.239===
===开始判断价格条件2021-10-27 16:02:04.239===
===开始判断额外/转自动条件2021-10-27 16:02:04.403===
===2021-10-27 16:02:04.448===
股票：002141指定时间段判断-额外参数：
	分组名称：1
	走势名称：时间段
		条件不成立(当前时间：2021-10-27 16:02:04.238,条件时段：09:30:00-13:00:00)
	结果：未满足
===2021-10-27 16:02:04.448===
===2021-10-27 16:02:04.474===
股票：002141板块涨跌幅判断-额外参数：
	分组名称：1
	走势名称：发
		条件不成立(不符合板块涨跌幅条件)
	结果：未满足，返回code：-1
===2021-10-27 16:02:04.680===
额外条件未满足


===============================================

==============2021-10-27 16:02:08==============
===6开始执行条件2021-10-27 16:02:07.441===
===开始判断价格条件2021-10-27 16:02:07.441===
===开始判断额外/转自动条件2021-10-27 16:02:07.557===
===2021-10-27 16:02:07.675===
股票：002141指定时间段判断-额外参数：
	分组名称：1
	走势名称：时间段
		条件不成立(当前时间：2021-10-27 16:02:07.441,条件时段：09:30:00-13:00:00)
	结果：未满足
===2021-10-27 16:02:07.675===
===2021-10-27 16:02:07.722===
股票：002141板块涨跌幅判断-额外参数：
	分组名称：1
	走势名称：发
		条件不成立(不符合板块涨跌幅条件)
	结果：未满足，返回code：-1
===2021-10-27 16:02:08.431===
额外条件未满足


===============================================

==============2021-10-27 16:02:11==============
===6开始执行条件2021-10-27 16:02:10.517===
===开始判断价格条件2021-10-27 16:02:10.517===
===开始判断额外/转自动条件2021-10-27 16:02:10.873===
===2021-10-27 16:02:10.918===
股票：002141指定时间段判断-额外参数：
	分组名称：1
	走势名称：时间段
		条件不成立(当前时间：2021-10-27 16:02:10.516,条件时段：09:30:00-13:00:00)
	结果：未满足
===2021-10-27 16:02:10.918===
===2021-10-27 16:02:10.988===
股票：002141板块涨跌幅判断-额外参数：
	分组名称：1
	走势名称：发
		条件不成立(不符合板块涨跌幅条件)
	结果：未满足，返回code：-1
===2021-10-27 16:02:11.484===
额外条件未满足


===============================================

==============2021-10-27 16:02:15==============
===6开始执行条件2021-10-27 16:02:14.556===
===开始判断价格条件2021-10-27 16:02:14.556===
===开始判断额外/转自动条件2021-10-27 16:02:14.828===
===2021-10-27 16:02:14.890===
股票：002141指定时间段判断-额外参数：
	分组名称：1
	走势名称：时间段
		条件不成立(当前时间：2021-10-27 16:02:14.551,条件时段：09:30:00-13:00:00)
	结果：未满足
===2021-10-27 16:02:14.890===
===2021-10-27 16:02:14.908===
股票：002141板块涨跌幅判断-额外参数：
	分组名称：1
	走势名称：发
		条件不成立(不符合板块涨跌幅条件)
	结果：未满足，返回code：-1
===2021-10-27 16:02:15.221===
额外条件未满足


===============================================

