==============2021-11-10 13:07:10==============
===6开始执行条件2021-11-10 13:07:07.681===
===开始判断价格条件2021-11-10 13:07:07.681===
===开始判断额外/转自动条件2021-11-10 13:07:08.656===
===2021-11-10 13:07:08.780===
股票：002141指定时间段判断-额外参数：
	分组名称：1
	走势名称：时间段
		条件不成立(当前时间：2021-11-10 13:07:07.680,条件时段：09:30:00-13:00:00)
	结果：未满足
===2021-11-10 13:07:08.786===
===2021-11-10 13:07:08.949===
股票：002141板块涨跌幅判断-额外参数：
	分组名称：1
	走势名称：发
		条件不成立(不符合板块涨跌幅条件)
	结果：未满足，返回code：-1
===2021-11-10 13:07:10.148===
额外条件未满足


===============================================

==============2021-11-10 13:07:50==============
===6开始执行条件2021-11-10 13:07:49.572===
===开始判断价格条件2021-11-10 13:07:49.572===
===开始判断额外/转自动条件2021-11-10 13:07:50.139===
===2021-11-10 13:07:50.194===
股票：002141指定时间段判断-额外参数：
	分组名称：1
	走势名称：时间段
		条件不成立(当前时间：2021-11-10 13:07:49.571,条件时段：09:30:00-13:00:00)
	结果：未满足
===2021-11-10 13:07:50.194===
===2021-11-10 13:07:50.526===
股票：002141板块涨跌幅判断-额外参数：
	分组名称：1
	走势名称：发
		条件不成立(不符合板块涨跌幅条件)
	结果：未满足，返回code：-1
===2021-11-10 13:07:50.748===
额外条件未满足


===============================================

==============2021-11-10 13:08:25==============
===6开始执行条件2021-11-10 13:08:24.894===
===开始判断价格条件2021-11-10 13:08:24.894===
===开始判断额外/转自动条件2021-11-10 13:08:25.090===
===2021-11-10 13:08:25.149===
股票：002141指定时间段判断-额外参数：
	分组名称：1
	走势名称：时间段
		条件不成立(当前时间：2021-11-10 13:08:24.893,条件时段：09:30:00-13:00:00)
	结果：未满足
===2021-11-10 13:08:25.149===
===2021-11-10 13:08:25.173===
股票：002141板块涨跌幅判断-额外参数：
	分组名称：1
	走势名称：发
		条件不成立(不符合板块涨跌幅条件)
	结果：未满足，返回code：-1
===2021-11-10 13:08:25.693===
额外条件未满足


===============================================

==============2021-11-10 13:09:10==============
===6开始执行条件2021-11-10 13:09:10.498===
===开始判断价格条件2021-11-10 13:09:10.498===
===开始判断额外/转自动条件2021-11-10 13:09:10.580===
===2021-11-10 13:09:10.624===
股票：002141指定时间段判断-额外参数：
	分组名称：1
	走势名称：时间段
		条件不成立(当前时间：2021-11-10 13:09:10.498,条件时段：09:30:00-13:00:00)
	结果：未满足
===2021-11-10 13:09:10.624===
===2021-11-10 13:09:10.646===
股票：002141板块涨跌幅判断-额外参数：
	分组名称：1
	走势名称：发
		条件不成立(不符合板块涨跌幅条件)
	结果：未满足，返回code：-1
===2021-11-10 13:09:10.846===
额外条件未满足


===============================================

==============2021-11-10 13:09:49==============
===6开始执行条件2021-11-10 13:09:49.342===
===开始判断价格条件2021-11-10 13:09:49.342===
===开始判断额外/转自动条件2021-11-10 13:09:49.452===
===2021-11-10 13:09:49.504===
股票：002141指定时间段判断-额外参数：
	分组名称：1
	走势名称：时间段
		条件不成立(当前时间：2021-11-10 13:09:49.341,条件时段：09:30:00-13:00:00)
	结果：未满足
===2021-11-10 13:09:49.504===
===2021-11-10 13:09:49.529===
股票：002141板块涨跌幅判断-额外参数：
	分组名称：1
	走势名称：发
		条件不成立(不符合板块涨跌幅条件)
	结果：未满足，返回code：-1
===2021-11-10 13:09:49.936===
额外条件未满足


===============================================

==============2021-11-10 13:10:38==============
===6开始执行条件2021-11-10 13:10:38.043===
===开始判断价格条件2021-11-10 13:10:38.043===
===开始判断额外/转自动条件2021-11-10 13:10:38.394===
===2021-11-10 13:10:38.457===
股票：002141指定时间段判断-额外参数：
	分组名称：1
	走势名称：时间段
		条件不成立(当前时间：2021-11-10 13:10:38.043,条件时段：09:30:00-13:00:00)
	结果：未满足
===2021-11-10 13:10:38.457===
===2021-11-10 13:10:38.505===
股票：002141板块涨跌幅判断-额外参数：
	分组名称：1
	走势名称：发
		条件不成立(不符合板块涨跌幅条件)
	结果：未满足，返回code：-1
===2021-11-10 13:10:38.764===
额外条件未满足


===============================================

==============2021-11-10 13:11:26==============
===6开始执行条件2021-11-10 13:11:25.828===
===开始判断价格条件2021-11-10 13:11:25.828===
===开始判断额外/转自动条件2021-11-10 13:11:26.192===
===2021-11-10 13:11:26.274===
股票：002141指定时间段判断-额外参数：
	分组名称：1
	走势名称：时间段
		条件不成立(当前时间：2021-11-10 13:11:25.827,条件时段：09:30:00-13:00:00)
	结果：未满足
===2021-11-10 13:11:26.274===
===2021-11-10 13:11:26.309===
股票：002141板块涨跌幅判断-额外参数：
	分组名称：1
	走势名称：发
		条件不成立(不符合板块涨跌幅条件)
	结果：未满足，返回code：-1
===2021-11-10 13:11:26.891===
额外条件未满足


===============================================

==============2021-11-10 13:12:06==============
===6开始执行条件2021-11-10 13:12:06.135===
===开始判断价格条件2021-11-10 13:12:06.135===
===开始判断额外/转自动条件2021-11-10 13:12:06.217===
===2021-11-10 13:12:06.256===
股票：002141指定时间段判断-额外参数：
	分组名称：1
	走势名称：时间段
		条件不成立(当前时间：2021-11-10 13:12:06.135,条件时段：09:30:00-13:00:00)
	结果：未满足
===2021-11-10 13:12:06.256===
===2021-11-10 13:12:06.272===
股票：002141板块涨跌幅判断-额外参数：
	分组名称：1
	走势名称：发
		条件不成立(不符合板块涨跌幅条件)
	结果：未满足，返回code：-1
===2021-11-10 13:12:06.453===
额外条件未满足


===============================================

==============2021-11-10 13:12:52==============
===6开始执行条件2021-11-10 13:12:50.911===
===开始判断价格条件2021-11-10 13:12:50.911===
===开始判断额外/转自动条件2021-11-10 13:12:51.652===
===2021-11-10 13:12:51.938===
股票：002141指定时间段判断-额外参数：
	分组名称：1
	走势名称：时间段
		条件不成立(当前时间：2021-11-10 13:12:50.911,条件时段：09:30:00-13:00:00)
	结果：未满足
===2021-11-10 13:12:51.938===
===2021-11-10 13:12:51.998===
股票：002141板块涨跌幅判断-额外参数：
	分组名称：1
	走势名称：发
		条件不成立(不符合板块涨跌幅条件)
	结果：未满足，返回code：-1
===2021-11-10 13:12:52.677===
额外条件未满足


===============================================

==============2021-11-10 13:13:44==============
===6开始执行条件2021-11-10 13:13:43.502===
===开始判断价格条件2021-11-10 13:13:43.502===
===开始判断额外/转自动条件2021-11-10 13:13:43.685===
===2021-11-10 13:13:43.920===
股票：002141指定时间段判断-额外参数：
	分组名称：1
	走势名称：时间段
		条件不成立(当前时间：2021-11-10 13:13:43.502,条件时段：09:30:00-13:00:00)
	结果：未满足
===2021-11-10 13:13:43.920===
===2021-11-10 13:13:44.020===
股票：002141板块涨跌幅判断-额外参数：
	分组名称：1
	走势名称：发
		条件不成立(不符合板块涨跌幅条件)
	结果：未满足，返回code：-1
===2021-11-10 13:13:44.503===
额外条件未满足


===============================================

