==============2021-05-11 10:47:20==============
更新前可卖数量：32600
当前卖出数量：0
更新后卖出数量：32600


===============================================

==============2021-05-11 10:48:47==============
更新前可卖数量：32600
当前卖出数量：0
更新后卖出数量：32600


===============================================

==============2021-05-11 10:49:38==============
更新前可卖数量：32600
当前卖出数量：0
更新后卖出数量：32600


===============================================

==============2021-05-11 10:50:22==============
更新前可卖数量：32600
当前卖出数量：0
更新后卖出数量：32600


===============================================

==============2021-05-11 10:51:31==============
更新前可卖数量：32600
当前卖出数量：0
更新后卖出数量：32600


===============================================

==============2021-05-11 11:05:55==============
更新前可卖数量：281100
当前卖出数量：52800
更新后卖出数量：228300


===============================================

