==============2021-08-09 10:11:07==============
===6开始执行条件2021-08-09 10:11:07.333===
===开始判断价格条件2021-08-09 10:11:07.333===
===开始判断额外/转自动条件2021-08-09 10:11:07.436===
===2021-08-09 10:11:07.480===
股票：002080指定时间段判断-额外参数：
	分组名称：1
	走势名称：时间段
		条件成立(当前时间：2021-08-09 10:11:07.332,条件时段：09:30:00-13:00:00)
	结果：达到要求
===2021-08-09 10:11:07.538===
===2021-08-09 10:11:07.642===
股票：002080多头向上判断-转自动参数：
	分组名称：2
	走势名称：多头向上
	结果：未满足，返回code：0
===2021-08-09 10:11:07.642===
满足所有条件，可以触发


===============================================

==============2021-08-09 10:11:29==============
===6开始执行条件2021-08-09 10:11:26.287===
===开始判断价格条件2021-08-09 10:11:26.287===
===开始判断额外/转自动条件2021-08-09 10:11:26.868===
===2021-08-09 10:11:27.193===
股票：002080指定时间段判断-额外参数：
	分组名称：1
	走势名称：时间段
		条件成立(当前时间：2021-08-09 10:11:26.221,条件时段：09:30:00-13:00:00)
	结果：达到要求
===2021-08-09 10:11:28.821===
===2021-08-09 10:11:29.434===
股票：002080多头向上判断-转自动参数：
	分组名称：2
	走势名称：多头向上
	结果：未满足，返回code：0
===2021-08-09 10:11:29.434===
满足所有条件，可以触发


===============================================

==============2021-08-09 11:02:53==============
===6开始执行条件2021-08-09 11:02:52.788===
===开始判断价格条件2021-08-09 11:02:52.788===
===开始判断额外/转自动条件2021-08-09 11:02:52.913===
===2021-08-09 11:02:52.967===
股票：002080指定时间段判断-额外参数：
	分组名称：1
	走势名称：时间段
		条件成立(当前时间：2021-08-09 11:02:52.788,条件时段：09:30:00-13:00:00)
	结果：达到要求
===2021-08-09 11:02:53.005===
===2021-08-09 11:02:53.081===
股票：002080多头向上判断-转自动参数：
	分组名称：2
	走势名称：多头向上
	结果：未满足，返回code：0
===2021-08-09 11:02:53.081===
满足所有条件，可以触发


===============================================

==============2021-08-09 11:03:17==============
===6开始执行条件2021-08-09 11:03:16.831===
===开始判断价格条件2021-08-09 11:03:16.831===
===开始判断额外/转自动条件2021-08-09 11:03:17.093===
===2021-08-09 11:03:17.262===
股票：002080指定时间段判断-额外参数：
	分组名称：1
	走势名称：时间段
		条件成立(当前时间：2021-08-09 11:03:16.830,条件时段：09:30:00-13:00:00)
	结果：达到要求
===2021-08-09 11:03:17.389===
===2021-08-09 11:03:17.717===
股票：002080多头向上判断-转自动参数：
	分组名称：2
	走势名称：多头向上
	结果：未满足，返回code：0
===2021-08-09 11:03:17.717===
满足所有条件，可以触发


===============================================

==============2021-08-09 11:03:33==============
===6开始执行条件2021-08-09 11:03:31.743===
===开始判断价格条件2021-08-09 11:03:31.743===
===开始判断额外/转自动条件2021-08-09 11:03:32.504===
===2021-08-09 11:03:32.642===
股票：002080指定时间段判断-额外参数：
	分组名称：1
	走势名称：时间段
		条件成立(当前时间：2021-08-09 11:03:31.739,条件时段：09:30:00-13:00:00)
	结果：达到要求
===2021-08-09 11:03:33.091===
===2021-08-09 11:03:33.256===
股票：002080多头向上判断-转自动参数：
	分组名称：2
	走势名称：多头向上
	结果：未满足，返回code：0
===2021-08-09 11:03:33.257===
满足所有条件，可以触发


===============================================

