==============2021-08-06 15:14:15==============
===6开始执行条件2021-08-06 15:14:13.299===
===开始判断价格条件2021-08-06 15:14:13.299===
===开始判断额外/转自动条件2021-08-06 15:14:13.858===
===2021-08-06 15:14:14.350===
股票：002080指定时间段判断-额外参数：
	分组名称：1
	走势名称：时间段
		条件不成立(当前时间：2021-08-06 15:14:13.299,条件时段：09:30:00-13:00:00)
	结果：未满足
===2021-08-06 15:14:14.351===
===2021-08-06 15:14:14.493===
股票：002080板块涨跌幅判断-额外参数：
	分组名称：1
	走势名称：发
		条件不成立(不符合板块涨跌幅条件)
	结果：未满足，返回code：-1
===2021-08-06 15:14:15.738===
额外条件未满足


===============================================

==============2021-08-06 15:32:47==============
===6开始执行条件2021-08-06 15:32:46.488===
===开始判断价格条件2021-08-06 15:32:46.488===
===开始判断额外/转自动条件2021-08-06 15:32:46.821===
===2021-08-06 15:32:47.102===
股票：002080指定时间段判断-额外参数：
	分组名称：1
	走势名称：时间段
		条件不成立(当前时间：2021-08-06 15:32:46.487,条件时段：09:30:00-13:00:00)
	结果：未满足
===2021-08-06 15:32:47.102===
===2021-08-06 15:32:47.123===
股票：002080板块涨跌幅判断-额外参数：
	分组名称：1
	走势名称：发
		条件不成立(不符合板块涨跌幅条件)
	结果：未满足，返回code：-1
===2021-08-06 15:32:47.306===
额外条件未满足


===============================================

