==============2021-08-10 17:41:23==============
===6开始执行条件2021-08-10 17:41:23.268===
===开始判断价格条件2021-08-10 17:41:23.268===
===开始判断额外/转自动条件2021-08-10 17:41:23.406===
===2021-08-10 17:41:23.477===
股票：002080指定时间段判断-额外参数：
	分组名称：1
	走势名称：时间段
		条件不成立(当前时间：2021-08-10 17:41:23.268,条件时段：09:30:00-13:00:00)
	结果：未满足
===2021-08-10 17:41:23.477===
===2021-08-10 17:41:23.507===
股票：002080板块涨跌幅判断-额外参数：
	分组名称：1
	走势名称：发
		条件不成立(不符合板块涨跌幅条件)
	结果：未满足，返回code：-1
===2021-08-10 17:41:23.909===
额外条件未满足


===============================================

==============2021-08-10 17:41:30==============
===6开始执行条件2021-08-10 17:41:29.149===
===开始判断价格条件2021-08-10 17:41:29.149===
===开始判断额外/转自动条件2021-08-10 17:41:29.313===
===2021-08-10 17:41:29.404===
股票：002080指定时间段判断-额外参数：
	分组名称：1
	走势名称：时间段
		条件不成立(当前时间：2021-08-10 17:41:29.149,条件时段：09:30:00-13:00:00)
	结果：未满足
===2021-08-10 17:41:29.404===
===2021-08-10 17:41:29.425===
股票：002080板块涨跌幅判断-额外参数：
	分组名称：1
	走势名称：发
		条件不成立(不符合板块涨跌幅条件)
	结果：未满足，返回code：-1
===2021-08-10 17:41:30.435===
额外条件未满足


===============================================

==============2021-08-10 17:44:15==============
===6开始执行条件2021-08-10 17:44:14.865===
===开始判断价格条件2021-08-10 17:44:14.865===
===开始判断额外/转自动条件2021-08-10 17:44:15.030===
===2021-08-10 17:44:15.341===
股票：002080指定时间段判断-额外参数：
	分组名称：1
	走势名称：时间段
		条件不成立(当前时间：2021-08-10 17:44:14.865,条件时段：09:30:00-13:00:00)
	结果：未满足
===2021-08-10 17:44:15.342===
===2021-08-10 17:44:15.429===
股票：002080板块涨跌幅判断-额外参数：
	分组名称：1
	走势名称：发
		条件不成立(不符合板块涨跌幅条件)
	结果：未满足，返回code：-1
===2021-08-10 17:44:15.716===
额外条件未满足


===============================================

==============2021-08-10 17:50:16==============
===6开始执行条件2021-08-10 17:50:15.236===
===开始判断价格条件2021-08-10 17:50:15.236===
===开始判断额外/转自动条件2021-08-10 17:50:15.666===
===2021-08-10 17:50:15.991===
股票：002080指定时间段判断-额外参数：
	分组名称：1
	走势名称：时间段
		条件不成立(当前时间：2021-08-10 17:50:15.236,条件时段：09:30:00-13:00:00)
	结果：未满足
===2021-08-10 17:50:15.991===
===2021-08-10 17:50:16.356===
股票：002080板块涨跌幅判断-额外参数：
	分组名称：1
	走势名称：发
		条件不成立(不符合板块涨跌幅条件)
	结果：未满足，返回code：-1
===2021-08-10 17:50:16.879===
额外条件未满足


===============================================

==============2021-08-10 17:53:22==============
===6开始执行条件2021-08-10 17:53:20.269===
===开始判断价格条件2021-08-10 17:53:20.269===
===开始判断额外/转自动条件2021-08-10 17:53:20.604===
===2021-08-10 17:53:20.806===
股票：002080指定时间段判断-额外参数：
	分组名称：1
	走势名称：时间段
		条件不成立(当前时间：2021-08-10 17:53:20.268,条件时段：09:30:00-13:00:00)
	结果：未满足
===2021-08-10 17:53:20.806===
===2021-08-10 17:53:20.881===
股票：002080板块涨跌幅判断-额外参数：
	分组名称：1
	走势名称：发
		条件不成立(不符合板块涨跌幅条件)
	结果：未满足，返回code：-1
===2021-08-10 17:53:22.063===
额外条件未满足


===============================================

==============2021-08-10 17:53:54==============
===6开始执行条件2021-08-10 17:53:50.956===
===开始判断价格条件2021-08-10 17:53:50.956===
===开始判断额外/转自动条件2021-08-10 17:53:51.522===
===2021-08-10 17:53:51.671===
股票：002080指定时间段判断-额外参数：
	分组名称：1
	走势名称：时间段
		条件不成立(当前时间：2021-08-10 17:53:50.955,条件时段：09:30:00-13:00:00)
	结果：未满足
===2021-08-10 17:53:51.671===
===2021-08-10 17:53:51.718===
股票：002080板块涨跌幅判断-额外参数：
	分组名称：1
	走势名称：发
		条件不成立(不符合板块涨跌幅条件)
	结果：未满足，返回code：-1
===2021-08-10 17:53:54.354===
额外条件未满足


===============================================

==============2021-08-10 17:54:07==============
===6开始执行条件2021-08-10 17:54:06.583===
===开始判断价格条件2021-08-10 17:54:06.583===
===开始判断额外/转自动条件2021-08-10 17:54:06.699===
===2021-08-10 17:54:06.823===
股票：002080指定时间段判断-额外参数：
	分组名称：1
	走势名称：时间段
		条件不成立(当前时间：2021-08-10 17:54:06.575,条件时段：09:30:00-13:00:00)
	结果：未满足
===2021-08-10 17:54:06.823===
===2021-08-10 17:54:06.910===
股票：002080板块涨跌幅判断-额外参数：
	分组名称：1
	走势名称：发
		条件不成立(不符合板块涨跌幅条件)
	结果：未满足，返回code：-1
===2021-08-10 17:54:07.822===
额外条件未满足


===============================================

==============2021-08-10 17:54:24==============
===6开始执行条件2021-08-10 17:54:23.102===
===开始判断价格条件2021-08-10 17:54:23.102===
===开始判断额外/转自动条件2021-08-10 17:54:23.249===
===2021-08-10 17:54:23.510===
股票：002080指定时间段判断-额外参数：
	分组名称：1
	走势名称：时间段
		条件不成立(当前时间：2021-08-10 17:54:23.101,条件时段：09:30:00-13:00:00)
	结果：未满足
===2021-08-10 17:54:23.510===
===2021-08-10 17:54:23.597===
股票：002080板块涨跌幅判断-额外参数：
	分组名称：1
	走势名称：发
		条件不成立(不符合板块涨跌幅条件)
	结果：未满足，返回code：-1
===2021-08-10 17:54:24.131===
额外条件未满足


===============================================

