==============2021-08-11 10:28:38==============
===6开始执行条件2021-08-11 10:28:38.077===
===开始判断价格条件2021-08-11 10:28:38.077===
===开始判断额外/转自动条件2021-08-11 10:28:38.279===
===2021-08-11 10:28:38.458===
股票：002080指定时间段判断-额外参数：
	分组名称：1
	走势名称：时间段
		条件成立(当前时间：2021-08-11 10:28:38.077,条件时段：09:30:00-13:00:00)
	结果：达到要求
===2021-08-11 10:28:38.540===
===2021-08-11 10:28:38.716===
股票：002080多头向上判断-转自动参数：
	分组名称：2
	走势名称：多头向上
	结果：未满足，返回code：0
===2021-08-11 10:28:38.716===
满足所有条件，可以触发


===============================================

==============2021-08-11 10:28:53==============
===6开始执行条件2021-08-11 10:28:52.732===
===开始判断价格条件2021-08-11 10:28:52.732===
===开始判断额外/转自动条件2021-08-11 10:28:52.891===
===2021-08-11 10:28:53.137===
股票：002080指定时间段判断-额外参数：
	分组名称：1
	走势名称：时间段
		条件成立(当前时间：2021-08-11 10:28:52.732,条件时段：09:30:00-13:00:00)
	结果：达到要求
===2021-08-11 10:28:53.635===
===2021-08-11 10:28:53.983===
股票：002080多头向上判断-转自动参数：
	分组名称：2
	走势名称：多头向上
	结果：未满足，返回code：0
===2021-08-11 10:28:53.983===
满足所有条件，可以触发


===============================================

==============2021-08-11 10:29:04==============
===6开始执行条件2021-08-11 10:29:01.949===
===开始判断价格条件2021-08-11 10:29:01.949===
===开始判断额外/转自动条件2021-08-11 10:29:02.159===
===2021-08-11 10:29:02.301===
股票：002080指定时间段判断-额外参数：
	分组名称：1
	走势名称：时间段
		条件成立(当前时间：2021-08-11 10:29:01.948,条件时段：09:30:00-13:00:00)
	结果：达到要求
===2021-08-11 10:29:02.954===
===2021-08-11 10:29:04.528===
股票：002080多头向上判断-转自动参数：
	分组名称：2
	走势名称：多头向上
	结果：未满足，返回code：0
===2021-08-11 10:29:04.528===
满足所有条件，可以触发


===============================================

==============2021-08-11 10:29:46==============
===6开始执行条件2021-08-11 10:29:45.870===
===开始判断价格条件2021-08-11 10:29:45.870===
===开始判断额外/转自动条件2021-08-11 10:29:45.959===
===2021-08-11 10:29:46.115===
股票：002080指定时间段判断-额外参数：
	分组名称：1
	走势名称：时间段
		条件成立(当前时间：2021-08-11 10:29:45.869,条件时段：09:30:00-13:00:00)
	结果：达到要求
===2021-08-11 10:29:46.224===
===2021-08-11 10:29:46.308===
股票：002080多头向上判断-转自动参数：
	分组名称：2
	走势名称：多头向上
	结果：未满足，返回code：0
===2021-08-11 10:29:46.308===
满足所有条件，可以触发


===============================================

==============2021-08-11 10:30:00==============
===6开始执行条件2021-08-11 10:29:57.449===
===开始判断价格条件2021-08-11 10:29:57.449===
===开始判断额外/转自动条件2021-08-11 10:29:58.444===
===2021-08-11 10:29:58.944===
股票：002080指定时间段判断-额外参数：
	分组名称：1
	走势名称：时间段
		条件成立(当前时间：2021-08-11 10:29:57.448,条件时段：09:30:00-13:00:00)
	结果：达到要求
===2021-08-11 10:29:59.653===
===2021-08-11 10:30:00.113===
股票：002080多头向上判断-转自动参数：
	分组名称：2
	走势名称：多头向上
	结果：未满足，返回code：0
===2021-08-11 10:30:00.113===
满足所有条件，可以触发


===============================================

==============2021-08-11 10:30:16==============
===6开始执行条件2021-08-11 10:30:16.089===
===开始判断价格条件2021-08-11 10:30:16.089===
===开始判断额外/转自动条件2021-08-11 10:30:16.290===
===2021-08-11 10:30:16.419===
股票：002080指定时间段判断-额外参数：
	分组名称：1
	走势名称：时间段
		条件成立(当前时间：2021-08-11 10:30:16.089,条件时段：09:30:00-13:00:00)
	结果：达到要求
===2021-08-11 10:30:16.501===
===2021-08-11 10:30:16.721===
股票：002080多头向上判断-转自动参数：
	分组名称：2
	走势名称：多头向上
	结果：未满足，返回code：0
===2021-08-11 10:30:16.721===
满足所有条件，可以触发


===============================================

==============2021-08-11 10:30:32==============
===6开始执行条件2021-08-11 10:30:31.913===
===开始判断价格条件2021-08-11 10:30:31.913===
===开始判断额外/转自动条件2021-08-11 10:30:31.969===
===2021-08-11 10:30:32.047===
股票：002080指定时间段判断-额外参数：
	分组名称：1
	走势名称：时间段
		条件成立(当前时间：2021-08-11 10:30:31.913,条件时段：09:30:00-13:00:00)
	结果：达到要求
===2021-08-11 10:30:32.125===
===2021-08-11 10:30:32.274===
股票：002080多头向上判断-转自动参数：
	分组名称：2
	走势名称：多头向上
	结果：未满足，返回code：0
===2021-08-11 10:30:32.274===
满足所有条件，可以触发


===============================================

==============2021-08-11 10:30:44==============
===6开始执行条件2021-08-11 10:30:43.448===
===开始判断价格条件2021-08-11 10:30:43.448===
===开始判断额外/转自动条件2021-08-11 10:30:43.654===
===2021-08-11 10:30:43.884===
股票：002080指定时间段判断-额外参数：
	分组名称：1
	走势名称：时间段
		条件成立(当前时间：2021-08-11 10:30:43.445,条件时段：09:30:00-13:00:00)
	结果：达到要求
===2021-08-11 10:30:44.034===
===2021-08-11 10:30:44.267===
股票：002080多头向上判断-转自动参数：
	分组名称：2
	走势名称：多头向上
	结果：未满足，返回code：0
===2021-08-11 10:30:44.267===
满足所有条件，可以触发


===============================================

==============2021-08-11 10:31:00==============
===6开始执行条件2021-08-11 10:31:00.148===
===开始判断价格条件2021-08-11 10:31:00.148===
===开始判断额外/转自动条件2021-08-11 10:31:00.227===
===2021-08-11 10:31:00.339===
股票：002080指定时间段判断-额外参数：
	分组名称：1
	走势名称：时间段
		条件成立(当前时间：2021-08-11 10:31:00.141,条件时段：09:30:00-13:00:00)
	结果：达到要求
===2021-08-11 10:31:00.458===
===2021-08-11 10:31:00.739===
股票：002080多头向上判断-转自动参数：
	分组名称：2
	走势名称：多头向上
	结果：未满足，返回code：0
===2021-08-11 10:31:00.739===
满足所有条件，可以触发


===============================================

==============2021-08-11 10:31:19==============
===6开始执行条件2021-08-11 10:31:18.511===
===开始判断价格条件2021-08-11 10:31:18.511===
===开始判断额外/转自动条件2021-08-11 10:31:18.720===
===2021-08-11 10:31:18.812===
股票：002080指定时间段判断-额外参数：
	分组名称：1
	走势名称：时间段
		条件成立(当前时间：2021-08-11 10:31:18.510,条件时段：09:30:00-13:00:00)
	结果：达到要求
===2021-08-11 10:31:18.971===
===2021-08-11 10:31:19.141===
股票：002080多头向上判断-转自动参数：
	分组名称：2
	走势名称：多头向上
	结果：未满足，返回code：0
===2021-08-11 10:31:19.143===
满足所有条件，可以触发


===============================================

==============2021-08-11 10:31:25==============
===6开始执行条件2021-08-11 10:31:24.645===
===开始判断价格条件2021-08-11 10:31:24.645===
===开始判断额外/转自动条件2021-08-11 10:31:24.788===
===2021-08-11 10:31:24.906===
股票：002080指定时间段判断-额外参数：
	分组名称：1
	走势名称：时间段
		条件成立(当前时间：2021-08-11 10:31:24.610,条件时段：09:30:00-13:00:00)
	结果：达到要求
===2021-08-11 10:31:25.042===
===2021-08-11 10:31:25.281===
股票：002080多头向上判断-转自动参数：
	分组名称：2
	走势名称：多头向上
	结果：未满足，返回code：0
===2021-08-11 10:31:25.281===
满足所有条件，可以触发


===============================================

==============2021-08-11 10:31:33==============
===6开始执行条件2021-08-11 10:31:32.558===
===开始判断价格条件2021-08-11 10:31:32.558===
===开始判断额外/转自动条件2021-08-11 10:31:32.854===
===2021-08-11 10:31:32.905===
股票：002080指定时间段判断-额外参数：
	分组名称：1
	走势名称：时间段
		条件成立(当前时间：2021-08-11 10:31:32.558,条件时段：09:30:00-13:00:00)
	结果：达到要求
===2021-08-11 10:31:32.953===
===2021-08-11 10:31:33.048===
股票：002080多头向上判断-转自动参数：
	分组名称：2
	走势名称：多头向上
	结果：未满足，返回code：0
===2021-08-11 10:31:33.048===
满足所有条件，可以触发


===============================================

==============2021-08-11 10:31:48==============
===6开始执行条件2021-08-11 10:31:45.915===
===开始判断价格条件2021-08-11 10:31:45.915===
===开始判断额外/转自动条件2021-08-11 10:31:46.806===
===2021-08-11 10:31:47.097===
股票：002080指定时间段判断-额外参数：
	分组名称：1
	走势名称：时间段
		条件成立(当前时间：2021-08-11 10:31:45.915,条件时段：09:30:00-13:00:00)
	结果：达到要求
===2021-08-11 10:31:47.682===
===2021-08-11 10:31:48.905===
股票：002080多头向上判断-转自动参数：
	分组名称：2
	走势名称：多头向上
	结果：未满足，返回code：0
===2021-08-11 10:31:48.905===
满足所有条件，可以触发


===============================================

==============2021-08-11 10:32:06==============
===6开始执行条件2021-08-11 10:32:00.479===
===开始判断价格条件2021-08-11 10:32:00.479===
===开始判断额外/转自动条件2021-08-11 10:32:02.129===
===2021-08-11 10:32:04.154===
股票：002080指定时间段判断-额外参数：
	分组名称：1
	走势名称：时间段
		条件成立(当前时间：2021-08-11 10:32:00.478,条件时段：09:30:00-13:00:00)
	结果：达到要求
===2021-08-11 10:32:05.305===
===2021-08-11 10:32:06.254===
股票：002080多头向上判断-转自动参数：
	分组名称：2
	走势名称：多头向上
	结果：未满足，返回code：0
===2021-08-11 10:32:06.254===
满足所有条件，可以触发


===============================================

==============2021-08-11 10:32:21==============
===6开始执行条件2021-08-11 10:32:19.410===
===开始判断价格条件2021-08-11 10:32:19.410===
===开始判断额外/转自动条件2021-08-11 10:32:19.974===
===2021-08-11 10:32:20.120===
股票：002080指定时间段判断-额外参数：
	分组名称：1
	走势名称：时间段
		条件成立(当前时间：2021-08-11 10:32:19.409,条件时段：09:30:00-13:00:00)
	结果：达到要求
===2021-08-11 10:32:20.392===
===2021-08-11 10:32:21.056===
股票：002080多头向上判断-转自动参数：
	分组名称：2
	走势名称：多头向上
	结果：未满足，返回code：0
===2021-08-11 10:32:21.057===
满足所有条件，可以触发


===============================================

==============2021-08-11 10:32:46==============
===6开始执行条件2021-08-11 10:32:45.767===
===开始判断价格条件2021-08-11 10:32:45.767===
===开始判断额外/转自动条件2021-08-11 10:32:45.937===
===2021-08-11 10:32:46.021===
股票：002080指定时间段判断-额外参数：
	分组名称：1
	走势名称：时间段
		条件成立(当前时间：2021-08-11 10:32:45.766,条件时段：09:30:00-13:00:00)
	结果：达到要求
===2021-08-11 10:32:46.237===
===2021-08-11 10:32:46.569===
股票：002080多头向上判断-转自动参数：
	分组名称：2
	走势名称：多头向上
	结果：未满足，返回code：0
===2021-08-11 10:32:46.569===
满足所有条件，可以触发


===============================================

==============2021-08-11 10:32:59==============
===6开始执行条件2021-08-11 10:32:58.589===
===开始判断价格条件2021-08-11 10:32:58.589===
===开始判断额外/转自动条件2021-08-11 10:32:58.728===
===2021-08-11 10:32:58.774===
股票：002080指定时间段判断-额外参数：
	分组名称：1
	走势名称：时间段
		条件成立(当前时间：2021-08-11 10:32:58.579,条件时段：09:30:00-13:00:00)
	结果：达到要求
===2021-08-11 10:32:59.148===
===2021-08-11 10:32:59.386===
股票：002080多头向上判断-转自动参数：
	分组名称：2
	走势名称：多头向上
	结果：未满足，返回code：0
===2021-08-11 10:32:59.386===
满足所有条件，可以触发


===============================================

==============2021-08-11 10:33:08==============
===6开始执行条件2021-08-11 10:33:07.508===
===开始判断价格条件2021-08-11 10:33:07.508===
===开始判断额外/转自动条件2021-08-11 10:33:07.594===
===2021-08-11 10:33:07.652===
股票：002080指定时间段判断-额外参数：
	分组名称：1
	走势名称：时间段
		条件成立(当前时间：2021-08-11 10:33:07.508,条件时段：09:30:00-13:00:00)
	结果：达到要求
===2021-08-11 10:33:07.710===
===2021-08-11 10:33:08.114===
股票：002080多头向上判断-转自动参数：
	分组名称：2
	走势名称：多头向上
	结果：未满足，返回code：0
===2021-08-11 10:33:08.114===
满足所有条件，可以触发


===============================================

==============2021-08-11 10:33:28==============
===6开始执行条件2021-08-11 10:33:26.643===
===开始判断价格条件2021-08-11 10:33:26.643===
===开始判断额外/转自动条件2021-08-11 10:33:27.213===
===2021-08-11 10:33:27.537===
股票：002080指定时间段判断-额外参数：
	分组名称：1
	走势名称：时间段
		条件成立(当前时间：2021-08-11 10:33:26.642,条件时段：09:30:00-13:00:00)
	结果：达到要求
===2021-08-11 10:33:28.113===
===2021-08-11 10:33:28.948===
股票：002080多头向上判断-转自动参数：
	分组名称：2
	走势名称：多头向上
	结果：未满足，返回code：0
===2021-08-11 10:33:28.948===
满足所有条件，可以触发


===============================================

==============2021-08-11 10:34:59==============
===6开始执行条件2021-08-11 10:34:59.276===
===开始判断价格条件2021-08-11 10:34:59.276===
===开始判断额外/转自动条件2021-08-11 10:34:59.513===
===2021-08-11 10:34:59.674===
股票：002080指定时间段判断-额外参数：
	分组名称：1
	走势名称：时间段
		条件成立(当前时间：2021-08-11 10:34:59.275,条件时段：09:30:00-13:00:00)
	结果：达到要求
===2021-08-11 10:34:59.727===
===2021-08-11 10:34:59.890===
股票：002080多头向上判断-转自动参数：
	分组名称：2
	走势名称：多头向上
	结果：未满足，返回code：0
===2021-08-11 10:34:59.890===
满足所有条件，可以触发


===============================================

==============2021-08-11 10:35:08==============
===6开始执行条件2021-08-11 10:35:07.962===
===开始判断价格条件2021-08-11 10:35:07.962===
===开始判断额外/转自动条件2021-08-11 10:35:08.144===
===2021-08-11 10:35:08.213===
股票：002080指定时间段判断-额外参数：
	分组名称：1
	走势名称：时间段
		条件成立(当前时间：2021-08-11 10:35:07.962,条件时段：09:30:00-13:00:00)
	结果：达到要求
===2021-08-11 10:35:08.474===
===2021-08-11 10:35:08.683===
股票：002080多头向上判断-转自动参数：
	分组名称：2
	走势名称：多头向上
	结果：未满足，返回code：0
===2021-08-11 10:35:08.683===
满足所有条件，可以触发


===============================================

==============2021-08-11 10:35:21==============
===6开始执行条件2021-08-11 10:35:19.753===
===开始判断价格条件2021-08-11 10:35:19.753===
===开始判断额外/转自动条件2021-08-11 10:35:20.342===
===2021-08-11 10:35:20.989===
股票：002080指定时间段判断-额外参数：
	分组名称：1
	走势名称：时间段
		条件成立(当前时间：2021-08-11 10:35:19.753,条件时段：09:30:00-13:00:00)
	结果：达到要求
===2021-08-11 10:35:21.132===
===2021-08-11 10:35:21.325===
股票：002080多头向上判断-转自动参数：
	分组名称：2
	走势名称：多头向上
	结果：未满足，返回code：0
===2021-08-11 10:35:21.325===
满足所有条件，可以触发


===============================================

==============2021-08-11 10:35:34==============
===6开始执行条件2021-08-11 10:35:32.919===
===开始判断价格条件2021-08-11 10:35:32.919===
===开始判断额外/转自动条件2021-08-11 10:35:33.337===
===2021-08-11 10:35:33.592===
股票：002080指定时间段判断-额外参数：
	分组名称：1
	走势名称：时间段
		条件成立(当前时间：2021-08-11 10:35:32.918,条件时段：09:30:00-13:00:00)
	结果：达到要求
===2021-08-11 10:35:33.709===
===2021-08-11 10:35:34.173===
股票：002080多头向上判断-转自动参数：
	分组名称：2
	走势名称：多头向上
	结果：未满足，返回code：0
===2021-08-11 10:35:34.173===
满足所有条件，可以触发


===============================================

==============2021-08-11 10:36:32==============
===6开始执行条件2021-08-11 10:36:30.522===
===开始判断价格条件2021-08-11 10:36:30.522===
===开始判断额外/转自动条件2021-08-11 10:36:31.242===
===2021-08-11 10:36:31.533===
股票：002080指定时间段判断-额外参数：
	分组名称：1
	走势名称：时间段
		条件成立(当前时间：2021-08-11 10:36:30.521,条件时段：09:30:00-13:00:00)
	结果：达到要求
===2021-08-11 10:36:31.924===
===2021-08-11 10:36:32.512===
股票：002080多头向上判断-转自动参数：
	分组名称：2
	走势名称：多头向上
	结果：未满足，返回code：0
===2021-08-11 10:36:32.512===
满足所有条件，可以触发


===============================================

==============2021-08-11 10:37:10==============
===6开始执行条件2021-08-11 10:37:06.492===
===开始判断价格条件2021-08-11 10:37:06.492===
===开始判断额外/转自动条件2021-08-11 10:37:07.680===
===2021-08-11 10:37:08.542===
股票：002080指定时间段判断-额外参数：
	分组名称：1
	走势名称：时间段
		条件成立(当前时间：2021-08-11 10:37:06.492,条件时段：09:30:00-13:00:00)
	结果：达到要求
===2021-08-11 10:37:09.023===
===2021-08-11 10:37:10.261===
股票：002080多头向上判断-转自动参数：
	分组名称：2
	走势名称：多头向上
	结果：未满足，返回code：0
===2021-08-11 10:37:10.261===
满足所有条件，可以触发


===============================================

