==============2021-08-11 10:28:22==============
===6开始执行条件2021-08-11 10:28:21.915===
===开始判断价格条件2021-08-11 10:28:21.915===
===开始判断额外/转自动条件2021-08-11 10:28:22.154===
===2021-08-11 10:28:22.249===
股票：002312指定时间段判断-额外参数：
	分组名称：1
	走势名称：时间段
		条件成立(当前时间：2021-08-11 10:28:21.915,条件时段：09:30:00-13:00:00)
	结果：达到要求
===2021-08-11 10:28:22.371===
===2021-08-11 10:28:22.689===
股票：002312多头向上判断-转自动参数：
	分组名称：2
	走势名称：多头向上
	结果：未满足，返回code：0
===2021-08-11 10:28:22.689===
满足所有条件，可以触发


===============================================

==============2021-08-11 10:28:30==============
===6开始执行条件2021-08-11 10:28:29.326===
===开始判断价格条件2021-08-11 10:28:29.326===
===开始判断额外/转自动条件2021-08-11 10:28:29.693===
===2021-08-11 10:28:30.016===
股票：002312指定时间段判断-额外参数：
	分组名称：1
	走势名称：时间段
		条件成立(当前时间：2021-08-11 10:28:29.326,条件时段：09:30:00-13:00:00)
	结果：达到要求
===2021-08-11 10:28:30.602===
===2021-08-11 10:28:30.908===
股票：002312多头向上判断-转自动参数：
	分组名称：2
	走势名称：多头向上
	结果：未满足，返回code：0
===2021-08-11 10:28:30.908===
满足所有条件，可以触发


===============================================

==============2021-08-11 10:28:49==============
===6开始执行条件2021-08-11 10:28:49.543===
===开始判断价格条件2021-08-11 10:28:49.543===
===开始判断额外/转自动条件2021-08-11 10:28:49.695===
===2021-08-11 10:28:49.768===
股票：002312指定时间段判断-额外参数：
	分组名称：1
	走势名称：时间段
		条件成立(当前时间：2021-08-11 10:28:49.543,条件时段：09:30:00-13:00:00)
	结果：达到要求
===2021-08-11 10:28:49.807===
===2021-08-11 10:28:49.878===
股票：002312多头向上判断-转自动参数：
	分组名称：2
	走势名称：多头向上
	结果：未满足，返回code：0
===2021-08-11 10:28:49.878===
满足所有条件，可以触发


===============================================

==============2021-08-11 10:28:59==============
===6开始执行条件2021-08-11 10:28:58.624===
===开始判断价格条件2021-08-11 10:28:58.624===
===开始判断额外/转自动条件2021-08-11 10:28:58.794===
===2021-08-11 10:28:58.933===
股票：002312指定时间段判断-额外参数：
	分组名称：1
	走势名称：时间段
		条件成立(当前时间：2021-08-11 10:28:58.624,条件时段：09:30:00-13:00:00)
	结果：达到要求
===2021-08-11 10:28:59.025===
===2021-08-11 10:28:59.316===
股票：002312多头向上判断-转自动参数：
	分组名称：2
	走势名称：多头向上
	结果：未满足，返回code：0
===2021-08-11 10:28:59.316===
满足所有条件，可以触发


===============================================

==============2021-08-11 10:29:41==============
===6开始执行条件2021-08-11 10:29:40.898===
===开始判断价格条件2021-08-11 10:29:40.898===
===开始判断额外/转自动条件2021-08-11 10:29:41.220===
===2021-08-11 10:29:41.375===
股票：002312指定时间段判断-额外参数：
	分组名称：1
	走势名称：时间段
		条件成立(当前时间：2021-08-11 10:29:40.898,条件时段：09:30:00-13:00:00)
	结果：达到要求
===2021-08-11 10:29:41.496===
===2021-08-11 10:29:41.748===
股票：002312多头向上判断-转自动参数：
	分组名称：2
	走势名称：多头向上
	结果：未满足，返回code：0
===2021-08-11 10:29:41.748===
满足所有条件，可以触发


===============================================

==============2021-08-11 10:29:53==============
===6开始执行条件2021-08-11 10:29:50.260===
===开始判断价格条件2021-08-11 10:29:50.260===
===开始判断额外/转自动条件2021-08-11 10:29:51.592===
===2021-08-11 10:29:52.264===
股票：002312指定时间段判断-额外参数：
	分组名称：1
	走势名称：时间段
		条件成立(当前时间：2021-08-11 10:29:50.260,条件时段：09:30:00-13:00:00)
	结果：达到要求
===2021-08-11 10:29:52.738===
===2021-08-11 10:29:53.322===
股票：002312多头向上判断-转自动参数：
	分组名称：2
	走势名称：多头向上
	结果：未满足，返回code：0
===2021-08-11 10:29:53.322===
满足所有条件，可以触发


===============================================

==============2021-08-11 10:30:06==============
===6开始执行条件2021-08-11 10:30:06.119===
===开始判断价格条件2021-08-11 10:30:06.119===
===开始判断额外/转自动条件2021-08-11 10:30:06.288===
===2021-08-11 10:30:06.432===
股票：002312指定时间段判断-额外参数：
	分组名称：1
	走势名称：时间段
		条件成立(当前时间：2021-08-11 10:30:06.119,条件时段：09:30:00-13:00:00)
	结果：达到要求
===2021-08-11 10:30:06.539===
===2021-08-11 10:30:06.661===
股票：002312多头向上判断-转自动参数：
	分组名称：2
	走势名称：多头向上
	结果：未满足，返回code：0
===2021-08-11 10:30:06.661===
满足所有条件，可以触发


===============================================

==============2021-08-11 10:30:12==============
===6开始执行条件2021-08-11 10:30:12.396===
===开始判断价格条件2021-08-11 10:30:12.396===
===开始判断额外/转自动条件2021-08-11 10:30:12.615===
===2021-08-11 10:30:12.710===
股票：002312指定时间段判断-额外参数：
	分组名称：1
	走势名称：时间段
		条件成立(当前时间：2021-08-11 10:30:12.395,条件时段：09:30:00-13:00:00)
	结果：达到要求
===2021-08-11 10:30:12.801===
===2021-08-11 10:30:12.884===
股票：002312多头向上判断-转自动参数：
	分组名称：2
	走势名称：多头向上
	结果：未满足，返回code：0
===2021-08-11 10:30:12.884===
满足所有条件，可以触发


===============================================

==============2021-08-11 10:30:29==============
===6开始执行条件2021-08-11 10:30:28.426===
===开始判断价格条件2021-08-11 10:30:28.426===
===开始判断额外/转自动条件2021-08-11 10:30:28.545===
===2021-08-11 10:30:28.590===
股票：002312指定时间段判断-额外参数：
	分组名称：1
	走势名称：时间段
		条件成立(当前时间：2021-08-11 10:30:28.418,条件时段：09:30:00-13:00:00)
	结果：达到要求
===2021-08-11 10:30:28.984===
===2021-08-11 10:30:29.057===
股票：002312多头向上判断-转自动参数：
	分组名称：2
	走势名称：多头向上
	结果：未满足，返回code：0
===2021-08-11 10:30:29.057===
满足所有条件，可以触发


===============================================

==============2021-08-11 10:30:37==============
===6开始执行条件2021-08-11 10:30:36.744===
===开始判断价格条件2021-08-11 10:30:36.744===
===开始判断额外/转自动条件2021-08-11 10:30:36.813===
===2021-08-11 10:30:36.878===
股票：002312指定时间段判断-额外参数：
	分组名称：1
	走势名称：时间段
		条件成立(当前时间：2021-08-11 10:30:36.744,条件时段：09:30:00-13:00:00)
	结果：达到要求
===2021-08-11 10:30:36.965===
===2021-08-11 10:30:37.044===
股票：002312多头向上判断-转自动参数：
	分组名称：2
	走势名称：多头向上
	结果：未满足，返回code：0
===2021-08-11 10:30:37.044===
满足所有条件，可以触发


===============================================

==============2021-08-11 10:30:40==============
===6开始执行条件2021-08-11 10:30:40.262===
===开始判断价格条件2021-08-11 10:30:40.262===
===开始判断额外/转自动条件2021-08-11 10:30:40.365===
===2021-08-11 10:30:40.411===
股票：002312指定时间段判断-额外参数：
	分组名称：1
	走势名称：时间段
		条件成立(当前时间：2021-08-11 10:30:40.255,条件时段：09:30:00-13:00:00)
	结果：达到要求
===2021-08-11 10:30:40.471===
===2021-08-11 10:30:40.566===
股票：002312多头向上判断-转自动参数：
	分组名称：2
	走势名称：多头向上
	结果：未满足，返回code：0
===2021-08-11 10:30:40.566===
满足所有条件，可以触发


===============================================

==============2021-08-11 10:30:50==============
===6开始执行条件2021-08-11 10:30:49.755===
===开始判断价格条件2021-08-11 10:30:49.755===
===开始判断额外/转自动条件2021-08-11 10:30:49.857===
===2021-08-11 10:30:49.959===
股票：002312指定时间段判断-额外参数：
	分组名称：1
	走势名称：时间段
		条件成立(当前时间：2021-08-11 10:30:49.755,条件时段：09:30:00-13:00:00)
	结果：达到要求
===2021-08-11 10:30:50.058===
===2021-08-11 10:30:50.179===
股票：002312多头向上判断-转自动参数：
	分组名称：2
	走势名称：多头向上
	结果：未满足，返回code：0
===2021-08-11 10:30:50.179===
满足所有条件，可以触发


===============================================

==============2021-08-11 10:30:56==============
===6开始执行条件2021-08-11 10:30:56.696===
===开始判断价格条件2021-08-11 10:30:56.696===
===开始判断额外/转自动条件2021-08-11 10:30:56.769===
===2021-08-11 10:30:56.830===
股票：002312指定时间段判断-额外参数：
	分组名称：1
	走势名称：时间段
		条件成立(当前时间：2021-08-11 10:30:56.696,条件时段：09:30:00-13:00:00)
	结果：达到要求
===2021-08-11 10:30:56.874===
===2021-08-11 10:30:56.942===
股票：002312多头向上判断-转自动参数：
	分组名称：2
	走势名称：多头向上
	结果：未满足，返回code：0
===2021-08-11 10:30:56.942===
满足所有条件，可以触发


===============================================

==============2021-08-11 10:31:15==============
===6开始执行条件2021-08-11 10:31:15.345===
===开始判断价格条件2021-08-11 10:31:15.345===
===开始判断额外/转自动条件2021-08-11 10:31:15.436===
===2021-08-11 10:31:15.510===
股票：002312指定时间段判断-额外参数：
	分组名称：1
	走势名称：时间段
		条件成立(当前时间：2021-08-11 10:31:15.345,条件时段：09:30:00-13:00:00)
	结果：达到要求
===2021-08-11 10:31:15.581===
===2021-08-11 10:31:15.965===
股票：002312多头向上判断-转自动参数：
	分组名称：2
	走势名称：多头向上
	结果：未满足，返回code：0
===2021-08-11 10:31:15.965===
满足所有条件，可以触发


===============================================

==============2021-08-11 10:31:21==============
===6开始执行条件2021-08-11 10:31:21.477===
===开始判断价格条件2021-08-11 10:31:21.477===
===开始判断额外/转自动条件2021-08-11 10:31:21.603===
===2021-08-11 10:31:21.731===
股票：002312指定时间段判断-额外参数：
	分组名称：1
	走势名称：时间段
		条件成立(当前时间：2021-08-11 10:31:21.468,条件时段：09:30:00-13:00:00)
	结果：达到要求
===2021-08-11 10:31:21.788===
===2021-08-11 10:31:21.908===
股票：002312多头向上判断-转自动参数：
	分组名称：2
	走势名称：多头向上
	结果：未满足，返回code：0
===2021-08-11 10:31:21.908===
满足所有条件，可以触发


===============================================

==============2021-08-11 10:31:29==============
===6开始执行条件2021-08-11 10:31:29.187===
===开始判断价格条件2021-08-11 10:31:29.187===
===开始判断额外/转自动条件2021-08-11 10:31:29.290===
===2021-08-11 10:31:29.369===
股票：002312指定时间段判断-额外参数：
	分组名称：1
	走势名称：时间段
		条件成立(当前时间：2021-08-11 10:31:29.179,条件时段：09:30:00-13:00:00)
	结果：达到要求
===2021-08-11 10:31:29.423===
===2021-08-11 10:31:29.545===
股票：002312多头向上判断-转自动参数：
	分组名称：2
	走势名称：多头向上
	结果：未满足，返回code：0
===2021-08-11 10:31:29.545===
满足所有条件，可以触发


===============================================

==============2021-08-11 10:31:38==============
===6开始执行条件2021-08-11 10:31:36.898===
===开始判断价格条件2021-08-11 10:31:36.898===
===开始判断额外/转自动条件2021-08-11 10:31:37.491===
===2021-08-11 10:31:37.971===
股票：002312指定时间段判断-额外参数：
	分组名称：1
	走势名称：时间段
		条件成立(当前时间：2021-08-11 10:31:36.898,条件时段：09:30:00-13:00:00)
	结果：达到要求
===2021-08-11 10:31:38.477===
===2021-08-11 10:31:38.960===
股票：002312多头向上判断-转自动参数：
	分组名称：2
	走势名称：多头向上
	结果：未满足，返回code：0
===2021-08-11 10:31:38.960===
满足所有条件，可以触发


===============================================

==============2021-08-11 10:31:55==============
===6开始执行条件2021-08-11 10:31:54.259===
===开始判断价格条件2021-08-11 10:31:54.259===
===开始判断额外/转自动条件2021-08-11 10:31:54.781===
===2021-08-11 10:31:54.942===
股票：002312指定时间段判断-额外参数：
	分组名称：1
	走势名称：时间段
		条件成立(当前时间：2021-08-11 10:31:54.259,条件时段：09:30:00-13:00:00)
	结果：达到要求
===2021-08-11 10:31:55.152===
===2021-08-11 10:31:55.555===
股票：002312多头向上判断-转自动参数：
	分组名称：2
	走势名称：多头向上
	结果：未满足，返回code：0
===2021-08-11 10:31:55.555===
满足所有条件，可以触发


===============================================

==============2021-08-11 10:32:16==============
===6开始执行条件2021-08-11 10:32:10.664===
===开始判断价格条件2021-08-11 10:32:10.664===
===开始判断额外/转自动条件2021-08-11 10:32:11.741===
===2021-08-11 10:32:13.044===
股票：002312指定时间段判断-额外参数：
	分组名称：1
	走势名称：时间段
		条件成立(当前时间：2021-08-11 10:32:10.654,条件时段：09:30:00-13:00:00)
	结果：达到要求
===2021-08-11 10:32:13.675===
===2021-08-11 10:32:16.517===
股票：002312多头向上判断-转自动参数：
	分组名称：2
	走势名称：多头向上
	结果：未满足，返回code：0
===2021-08-11 10:32:16.561===
满足所有条件，可以触发


===============================================

==============2021-08-11 10:32:42==============
===6开始执行条件2021-08-11 10:32:42.216===
===开始判断价格条件2021-08-11 10:32:42.216===
===开始判断额外/转自动条件2021-08-11 10:32:42.569===
===2021-08-11 10:32:42.661===
股票：002312指定时间段判断-额外参数：
	分组名称：1
	走势名称：时间段
		条件成立(当前时间：2021-08-11 10:32:42.215,条件时段：09:30:00-13:00:00)
	结果：达到要求
===2021-08-11 10:32:42.707===
===2021-08-11 10:32:42.829===
股票：002312多头向上判断-转自动参数：
	分组名称：2
	走势名称：多头向上
	结果：未满足，返回code：0
===2021-08-11 10:32:42.829===
满足所有条件，可以触发


===============================================

==============2021-08-11 10:32:55==============
===6开始执行条件2021-08-11 10:32:55.077===
===开始判断价格条件2021-08-11 10:32:55.077===
===开始判断额外/转自动条件2021-08-11 10:32:55.263===
===2021-08-11 10:32:55.312===
股票：002312指定时间段判断-额外参数：
	分组名称：1
	走势名称：时间段
		条件成立(当前时间：2021-08-11 10:32:55.077,条件时段：09:30:00-13:00:00)
	结果：达到要求
===2021-08-11 10:32:55.396===
===2021-08-11 10:32:55.493===
股票：002312多头向上判断-转自动参数：
	分组名称：2
	走势名称：多头向上
	结果：未满足，返回code：0
===2021-08-11 10:32:55.493===
满足所有条件，可以触发


===============================================

==============2021-08-11 10:33:04==============
===6开始执行条件2021-08-11 10:33:03.439===
===开始判断价格条件2021-08-11 10:33:03.439===
===开始判断额外/转自动条件2021-08-11 10:33:03.779===
===2021-08-11 10:33:03.838===
股票：002312指定时间段判断-额外参数：
	分组名称：1
	走势名称：时间段
		条件成立(当前时间：2021-08-11 10:33:03.439,条件时段：09:30:00-13:00:00)
	结果：达到要求
===2021-08-11 10:33:03.969===
===2021-08-11 10:33:04.077===
股票：002312多头向上判断-转自动参数：
	分组名称：2
	走势名称：多头向上
	结果：未满足，返回code：0
===2021-08-11 10:33:04.078===
满足所有条件，可以触发


===============================================

==============2021-08-11 10:33:14==============
===6开始执行条件2021-08-11 10:33:13.359===
===开始判断价格条件2021-08-11 10:33:13.359===
===开始判断额外/转自动条件2021-08-11 10:33:13.779===
===2021-08-11 10:33:13.927===
股票：002312指定时间段判断-额外参数：
	分组名称：1
	走势名称：时间段
		条件成立(当前时间：2021-08-11 10:33:13.359,条件时段：09:30:00-13:00:00)
	结果：达到要求
===2021-08-11 10:33:14.122===
===2021-08-11 10:33:14.508===
股票：002312多头向上判断-转自动参数：
	分组名称：2
	走势名称：多头向上
	结果：未满足，返回code：0
===2021-08-11 10:33:14.508===
满足所有条件，可以触发


===============================================

==============2021-08-11 10:33:22==============
===6开始执行条件2021-08-11 10:33:21.240===
===开始判断价格条件2021-08-11 10:33:21.240===
===开始判断额外/转自动条件2021-08-11 10:33:21.617===
===2021-08-11 10:33:22.022===
股票：002312指定时间段判断-额外参数：
	分组名称：1
	走势名称：时间段
		条件成立(当前时间：2021-08-11 10:33:21.240,条件时段：09:30:00-13:00:00)
	结果：达到要求
===2021-08-11 10:33:22.551===
===2021-08-11 10:33:22.805===
股票：002312多头向上判断-转自动参数：
	分组名称：2
	走势名称：多头向上
	结果：未满足，返回code：0
===2021-08-11 10:33:22.805===
满足所有条件，可以触发


===============================================

==============2021-08-11 10:34:56==============
===6开始执行条件2021-08-11 10:34:55.638===
===开始判断价格条件2021-08-11 10:34:55.638===
===开始判断额外/转自动条件2021-08-11 10:34:55.786===
===2021-08-11 10:34:55.987===
股票：002312指定时间段判断-额外参数：
	分组名称：1
	走势名称：时间段
		条件成立(当前时间：2021-08-11 10:34:55.638,条件时段：09:30:00-13:00:00)
	结果：达到要求
===2021-08-11 10:34:56.176===
===2021-08-11 10:34:56.261===
股票：002312多头向上判断-转自动参数：
	分组名称：2
	走势名称：多头向上
	结果：未满足，返回code：0
===2021-08-11 10:34:56.261===
满足所有条件，可以触发


===============================================

==============2021-08-11 10:35:04==============
===6开始执行条件2021-08-11 10:35:04.300===
===开始判断价格条件2021-08-11 10:35:04.300===
===开始判断额外/转自动条件2021-08-11 10:35:04.436===
===2021-08-11 10:35:04.513===
股票：002312指定时间段判断-额外参数：
	分组名称：1
	走势名称：时间段
		条件成立(当前时间：2021-08-11 10:35:04.298,条件时段：09:30:00-13:00:00)
	结果：达到要求
===2021-08-11 10:35:04.720===
===2021-08-11 10:35:04.942===
股票：002312多头向上判断-转自动参数：
	分组名称：2
	走势名称：多头向上
	结果：未满足，返回code：0
===2021-08-11 10:35:04.942===
满足所有条件，可以触发


===============================================

==============2021-08-11 10:35:12==============
===6开始执行条件2021-08-11 10:35:11.744===
===开始判断价格条件2021-08-11 10:35:11.744===
===开始判断额外/转自动条件2021-08-11 10:35:11.939===
===2021-08-11 10:35:12.018===
股票：002312指定时间段判断-额外参数：
	分组名称：1
	走势名称：时间段
		条件成立(当前时间：2021-08-11 10:35:11.744,条件时段：09:30:00-13:00:00)
	结果：达到要求
===2021-08-11 10:35:12.112===
===2021-08-11 10:35:12.360===
股票：002312多头向上判断-转自动参数：
	分组名称：2
	走势名称：多头向上
	结果：未满足，返回code：0
===2021-08-11 10:35:12.360===
满足所有条件，可以触发


===============================================

==============2021-08-11 10:35:28==============
===6开始执行条件2021-08-11 10:35:26.512===
===开始判断价格条件2021-08-11 10:35:26.512===
===开始判断额外/转自动条件2021-08-11 10:35:27.077===
===2021-08-11 10:35:28.082===
股票：002312指定时间段判断-额外参数：
	分组名称：1
	走势名称：时间段
		条件成立(当前时间：2021-08-11 10:35:26.512,条件时段：09:30:00-13:00:00)
	结果：达到要求
===2021-08-11 10:35:28.401===
===2021-08-11 10:35:28.869===
股票：002312多头向上判断-转自动参数：
	分组名称：2
	走势名称：多头向上
	结果：未满足，返回code：0
===2021-08-11 10:35:28.869===
满足所有条件，可以触发


===============================================

==============2021-08-11 10:35:54==============
===6开始执行条件2021-08-11 10:35:52.202===
===开始判断价格条件2021-08-11 10:35:52.202===
===开始判断额外/转自动条件2021-08-11 10:35:52.722===
===2021-08-11 10:35:53.247===
股票：002312指定时间段判断-额外参数：
	分组名称：1
	走势名称：时间段
		条件成立(当前时间：2021-08-11 10:35:52.202,条件时段：09:30:00-13:00:00)
	结果：达到要求
===2021-08-11 10:35:53.708===
===2021-08-11 10:35:54.064===
股票：002312多头向上判断-转自动参数：
	分组名称：2
	走势名称：多头向上
	结果：未满足，返回code：0
===2021-08-11 10:35:54.064===
满足所有条件，可以触发


===============================================

==============2021-08-11 10:36:26==============
===6开始执行条件2021-08-11 10:36:22.271===
===开始判断价格条件2021-08-11 10:36:22.271===
===开始判断额外/转自动条件2021-08-11 10:36:23.566===
===2021-08-11 10:36:24.301===
股票：002312指定时间段判断-额外参数：
	分组名称：1
	走势名称：时间段
		条件成立(当前时间：2021-08-11 10:36:22.270,条件时段：09:30:00-13:00:00)
	结果：达到要求
===2021-08-11 10:36:25.056===
===2021-08-11 10:36:26.908===
股票：002312多头向上判断-转自动参数：
	分组名称：2
	走势名称：多头向上
	结果：未满足，返回code：0
===2021-08-11 10:36:26.908===
满足所有条件，可以触发


===============================================

==============2021-08-11 10:36:59==============
===6开始执行条件2021-08-11 10:36:57.763===
===开始判断价格条件2021-08-11 10:36:57.763===
===开始判断额外/转自动条件2021-08-11 10:36:58.464===
===2021-08-11 10:36:58.899===
股票：002312指定时间段判断-额外参数：
	分组名称：1
	走势名称：时间段
		条件成立(当前时间：2021-08-11 10:36:57.763,条件时段：09:30:00-13:00:00)
	结果：达到要求
===2021-08-11 10:36:59.178===
===2021-08-11 10:36:59.803===
股票：002312多头向上判断-转自动参数：
	分组名称：2
	走势名称：多头向上
	结果：未满足，返回code：0
===2021-08-11 10:36:59.803===
满足所有条件，可以触发


===============================================

==============2021-08-11 10:37:46==============
===6开始执行条件2021-08-11 10:37:15.995===
===开始判断价格条件2021-08-11 10:37:15.995===
===开始判断额外/转自动条件2021-08-11 10:37:21.640===
===2021-08-11 10:37:44.915===
股票：002312指定时间段判断-额外参数：
	分组名称：1
	走势名称：时间段
		条件成立(当前时间：2021-08-11 10:37:15.995,条件时段：09:30:00-13:00:00)
	结果：达到要求
===2021-08-11 10:37:45.495===
===2021-08-11 10:37:46.320===
股票：002312多头向上判断-转自动参数：
	分组名称：2
	走势名称：多头向上
	结果：未满足，返回code：0
===2021-08-11 10:37:46.320===
满足所有条件，可以触发


===============================================

==============2021-08-11 10:37:57==============
===6开始执行条件2021-08-11 10:37:55.069===
===开始判断价格条件2021-08-11 10:37:55.069===
===开始判断额外/转自动条件2021-08-11 10:37:56.025===
===2021-08-11 10:37:56.717===
股票：002312指定时间段判断-额外参数：
	分组名称：1
	走势名称：时间段
		条件成立(当前时间：2021-08-11 10:37:55.069,条件时段：09:30:00-13:00:00)
	结果：达到要求
===2021-08-11 10:37:57.074===
===2021-08-11 10:37:57.363===
股票：002312多头向上判断-转自动参数：
	分组名称：2
	走势名称：多头向上
	结果：未满足，返回code：0
===2021-08-11 10:37:57.363===
满足所有条件，可以触发


===============================================

