==============2021-08-09 10:08:52==============
===6开始执行条件2021-08-09 10:08:48.002===
===开始判断价格条件2021-08-09 10:08:48.002===
===开始判断额外/转自动条件2021-08-09 10:08:48.784===
===2021-08-09 10:08:50.313===
股票：002312指定时间段判断-额外参数：
	分组名称：1
	走势名称：时间段
		条件成立(当前时间：2021-08-09 10:08:48.002,条件时段：09:30:00-13:00:00)
	结果：达到要求
===2021-08-09 10:08:51.202===
===2021-08-09 10:08:52.421===
股票：002312多头向上判断-转自动参数：
	分组名称：2
	走势名称：多头向上
	结果：未满足，返回code：0
===2021-08-09 10:08:52.422===
满足所有条件，可以触发


===============================================

==============2021-08-09 10:09:15==============
===6开始执行条件2021-08-09 10:09:09.090===
===开始判断价格条件2021-08-09 10:09:09.090===
===开始判断额外/转自动条件2021-08-09 10:09:09.996===
===2021-08-09 10:09:10.487===
股票：002312指定时间段判断-额外参数：
	分组名称：1
	走势名称：时间段
		条件成立(当前时间：2021-08-09 10:09:09.089,条件时段：09:30:00-13:00:00)
	结果：达到要求
===2021-08-09 10:09:12.156===
===2021-08-09 10:09:15.024===
股票：002312多头向上判断-转自动参数：
	分组名称：2
	走势名称：多头向上
	结果：未满足，返回code：0
===2021-08-09 10:09:15.024===
满足所有条件，可以触发


===============================================

==============2021-08-09 10:09:32==============
===6开始执行条件2021-08-09 10:09:28.285===
===开始判断价格条件2021-08-09 10:09:28.285===
===开始判断额外/转自动条件2021-08-09 10:09:29.895===
===2021-08-09 10:09:30.934===
股票：002312指定时间段判断-额外参数：
	分组名称：1
	走势名称：时间段
		条件成立(当前时间：2021-08-09 10:09:28.285,条件时段：09:30:00-13:00:00)
	结果：达到要求
===2021-08-09 10:09:31.207===
===2021-08-09 10:09:32.213===
股票：002312多头向上判断-转自动参数：
	分组名称：2
	走势名称：多头向上
	结果：未满足，返回code：0
===2021-08-09 10:09:32.213===
满足所有条件，可以触发


===============================================

==============2021-08-09 10:10:37==============
===6开始执行条件2021-08-09 10:10:35.445===
===开始判断价格条件2021-08-09 10:10:35.445===
===开始判断额外/转自动条件2021-08-09 10:10:36.101===
===2021-08-09 10:10:36.402===
股票：002312指定时间段判断-额外参数：
	分组名称：1
	走势名称：时间段
		条件成立(当前时间：2021-08-09 10:10:35.444,条件时段：09:30:00-13:00:00)
	结果：达到要求
===2021-08-09 10:10:36.656===
===2021-08-09 10:10:37.451===
股票：002312多头向上判断-转自动参数：
	分组名称：2
	走势名称：多头向上
	结果：未满足，返回code：0
===2021-08-09 10:10:37.451===
满足所有条件，可以触发


===============================================

==============2021-08-09 10:10:51==============
===6开始执行条件2021-08-09 10:10:50.559===
===开始判断价格条件2021-08-09 10:10:50.559===
===开始判断额外/转自动条件2021-08-09 10:10:51.138===
===2021-08-09 10:10:51.304===
股票：002312指定时间段判断-额外参数：
	分组名称：1
	走势名称：时间段
		条件成立(当前时间：2021-08-09 10:10:50.559,条件时段：09:30:00-13:00:00)
	结果：达到要求
===2021-08-09 10:10:51.390===
===2021-08-09 10:10:51.479===
股票：002312多头向上判断-转自动参数：
	分组名称：2
	走势名称：多头向上
	结果：未满足，返回code：0
===2021-08-09 10:10:51.479===
满足所有条件，可以触发


===============================================

==============2021-08-09 10:11:03==============
===6开始执行条件2021-08-09 10:11:03.026===
===开始判断价格条件2021-08-09 10:11:03.026===
===开始判断额外/转自动条件2021-08-09 10:11:03.091===
===2021-08-09 10:11:03.433===
股票：002312指定时间段判断-额外参数：
	分组名称：1
	走势名称：时间段
		条件成立(当前时间：2021-08-09 10:11:03.024,条件时段：09:30:00-13:00:00)
	结果：达到要求
===2021-08-09 10:11:03.509===
===2021-08-09 10:11:03.598===
股票：002312多头向上判断-转自动参数：
	分组名称：2
	走势名称：多头向上
	结果：未满足，返回code：0
===2021-08-09 10:11:03.598===
满足所有条件，可以触发


===============================================

==============2021-08-09 10:11:23==============
===6开始执行条件2021-08-09 10:11:19.473===
===开始判断价格条件2021-08-09 10:11:19.473===
===开始判断额外/转自动条件2021-08-09 10:11:21.368===
===2021-08-09 10:11:22.049===
股票：002312指定时间段判断-额外参数：
	分组名称：1
	走势名称：时间段
		条件成立(当前时间：2021-08-09 10:11:19.473,条件时段：09:30:00-13:00:00)
	结果：达到要求
===2021-08-09 10:11:22.369===
===2021-08-09 10:11:23.076===
股票：002312多头向上判断-转自动参数：
	分组名称：2
	走势名称：多头向上
	结果：未满足，返回code：0
===2021-08-09 10:11:23.076===
满足所有条件，可以触发


===============================================

==============2021-08-09 11:02:41==============
===6开始执行条件2021-08-09 11:02:41.260===
===开始判断价格条件2021-08-09 11:02:41.260===
===开始判断额外/转自动条件2021-08-09 11:02:41.336===
===2021-08-09 11:02:41.405===
股票：002312指定时间段判断-额外参数：
	分组名称：1
	走势名称：时间段
		条件成立(当前时间：2021-08-09 11:02:41.260,条件时段：09:30:00-13:00:00)
	结果：达到要求
===2021-08-09 11:02:41.489===
===2021-08-09 11:02:41.717===
股票：002312多头向上判断-转自动参数：
	分组名称：2
	走势名称：多头向上
	结果：未满足，返回code：0
===2021-08-09 11:02:41.717===
满足所有条件，可以触发


===============================================

==============2021-08-09 11:02:51==============
===6开始执行条件2021-08-09 11:02:50.488===
===开始判断价格条件2021-08-09 11:02:50.488===
===开始判断额外/转自动条件2021-08-09 11:02:50.726===
===2021-08-09 11:02:50.816===
股票：002312指定时间段判断-额外参数：
	分组名称：1
	走势名称：时间段
		条件成立(当前时间：2021-08-09 11:02:50.487,条件时段：09:30:00-13:00:00)
	结果：达到要求
===2021-08-09 11:02:50.909===
===2021-08-09 11:02:51.060===
股票：002312多头向上判断-转自动参数：
	分组名称：2
	走势名称：多头向上
	结果：未满足，返回code：0
===2021-08-09 11:02:51.060===
满足所有条件，可以触发


===============================================

==============2021-08-09 11:03:14==============
===6开始执行条件2021-08-09 11:03:14.254===
===开始判断价格条件2021-08-09 11:03:14.254===
===开始判断额外/转自动条件2021-08-09 11:03:14.375===
===2021-08-09 11:03:14.477===
股票：002312指定时间段判断-额外参数：
	分组名称：1
	走势名称：时间段
		条件成立(当前时间：2021-08-09 11:03:14.254,条件时段：09:30:00-13:00:00)
	结果：达到要求
===2021-08-09 11:03:14.630===
===2021-08-09 11:03:14.745===
股票：002312多头向上判断-转自动参数：
	分组名称：2
	走势名称：多头向上
	结果：未满足，返回code：0
===2021-08-09 11:03:14.745===
满足所有条件，可以触发


===============================================

==============2021-08-09 11:03:54==============
===6开始执行条件2021-08-09 11:03:52.523===
===开始判断价格条件2021-08-09 11:03:52.523===
===开始判断额外/转自动条件2021-08-09 11:03:53.195===
===2021-08-09 11:03:53.532===
股票：002312指定时间段判断-额外参数：
	分组名称：1
	走势名称：时间段
		条件成立(当前时间：2021-08-09 11:03:52.522,条件时段：09:30:00-13:00:00)
	结果：达到要求
===2021-08-09 11:03:53.727===
===2021-08-09 11:03:54.081===
股票：002312多头向上判断-转自动参数：
	分组名称：2
	走势名称：多头向上
	结果：未满足，返回code：0
===2021-08-09 11:03:54.081===
满足所有条件，可以触发


===============================================

