==============2021-08-06 14:25:57==============
===6开始执行条件2021-08-06 14:25:55.033===
===开始判断价格条件2021-08-06 14:25:55.033===
===开始判断额外/转自动条件2021-08-06 14:25:55.509===
===2021-08-06 14:25:56.214===
股票：002312指定时间段判断-额外参数：
	分组名称：1
	走势名称：时间段
		条件不成立(当前时间：2021-08-06 14:25:55.033,条件时段：09:30:00-13:00:00)
	结果：未满足
===2021-08-06 14:25:56.214===
===2021-08-06 14:25:56.466===
股票：002312板块涨跌幅判断-额外参数：
	分组名称：1
	走势名称：发
		条件不成立(不符合板块涨跌幅条件)
	结果：未满足，返回code：-1
===2021-08-06 14:25:57.160===
额外条件未满足


===============================================

==============2021-08-06 14:26:14==============
===6开始执行条件2021-08-06 14:26:09.036===
===开始判断价格条件2021-08-06 14:26:09.036===
===开始判断额外/转自动条件2021-08-06 14:26:10.106===
===2021-08-06 14:26:11.242===
股票：002312指定时间段判断-额外参数：
	分组名称：1
	走势名称：时间段
		条件不成立(当前时间：2021-08-06 14:26:09.036,条件时段：09:30:00-13:00:00)
	结果：未满足
===2021-08-06 14:26:11.267===
===2021-08-06 14:26:11.960===
股票：002312板块涨跌幅判断-额外参数：
	分组名称：1
	走势名称：发
		条件不成立(不符合板块涨跌幅条件)
	结果：未满足，返回code：-1
===2021-08-06 14:26:14.990===
额外条件未满足


===============================================

==============2021-08-06 14:26:40==============
===6开始执行条件2021-08-06 14:26:37.159===
===开始判断价格条件2021-08-06 14:26:37.159===
===开始判断额外/转自动条件2021-08-06 14:26:37.593===
===2021-08-06 14:26:37.901===
股票：002312指定时间段判断-额外参数：
	分组名称：1
	走势名称：时间段
		条件不成立(当前时间：2021-08-06 14:26:37.159,条件时段：09:30:00-13:00:00)
	结果：未满足
===2021-08-06 14:26:37.902===
===2021-08-06 14:26:37.999===
股票：002312板块涨跌幅判断-额外参数：
	分组名称：1
	走势名称：发
		条件不成立(不符合板块涨跌幅条件)
	结果：未满足，返回code：-1
===2021-08-06 14:26:40.042===
额外条件未满足


===============================================

==============2021-08-06 14:26:55==============
===6开始执行条件2021-08-06 14:26:51.407===
===开始判断价格条件2021-08-06 14:26:51.407===
===开始判断额外/转自动条件2021-08-06 14:26:52.262===
===2021-08-06 14:26:52.588===
股票：002312指定时间段判断-额外参数：
	分组名称：1
	走势名称：时间段
		条件不成立(当前时间：2021-08-06 14:26:51.407,条件时段：09:30:00-13:00:00)
	结果：未满足
===2021-08-06 14:26:52.588===
===2021-08-06 14:26:53.055===
股票：002312板块涨跌幅判断-额外参数：
	分组名称：1
	走势名称：发
		条件不成立(不符合板块涨跌幅条件)
	结果：未满足，返回code：-1
===2021-08-06 14:26:55.241===
额外条件未满足


===============================================

==============2021-08-06 14:29:17==============
===6开始执行条件2021-08-06 14:29:15.197===
===开始判断价格条件2021-08-06 14:29:15.197===
===开始判断额外/转自动条件2021-08-06 14:29:15.844===
===2021-08-06 14:29:16.761===
股票：002312指定时间段判断-额外参数：
	分组名称：1
	走势名称：时间段
		条件不成立(当前时间：2021-08-06 14:29:15.197,条件时段：09:30:00-13:00:00)
	结果：未满足
===2021-08-06 14:29:16.894===
===2021-08-06 14:29:16.994===
股票：002312板块涨跌幅判断-额外参数：
	分组名称：1
	走势名称：发
		条件不成立(不符合板块涨跌幅条件)
	结果：未满足，返回code：-1
===2021-08-06 14:29:17.926===
额外条件未满足


===============================================

==============2021-08-06 14:34:35==============
===6开始执行条件2021-08-06 14:34:34.705===
===开始判断价格条件2021-08-06 14:34:34.705===
===开始判断额外/转自动条件2021-08-06 14:34:34.904===
===2021-08-06 14:34:35.038===
股票：002312指定时间段判断-额外参数：
	分组名称：1
	走势名称：时间段
		条件不成立(当前时间：2021-08-06 14:34:34.704,条件时段：09:30:00-13:00:00)
	结果：未满足
===2021-08-06 14:34:35.039===
===2021-08-06 14:34:35.121===
股票：002312板块涨跌幅判断-额外参数：
	分组名称：1
	走势名称：发
		条件不成立(不符合板块涨跌幅条件)
	结果：未满足，返回code：-1
===2021-08-06 14:34:35.801===
额外条件未满足


===============================================

==============2021-08-06 14:41:06==============
===6开始执行条件2021-08-06 14:41:05.641===
===开始判断价格条件2021-08-06 14:41:05.641===
===开始判断额外/转自动条件2021-08-06 14:41:05.731===
===2021-08-06 14:41:05.874===
股票：002312指定时间段判断-额外参数：
	分组名称：1
	走势名称：时间段
		条件不成立(当前时间：2021-08-06 14:41:05.641,条件时段：09:30:00-13:00:00)
	结果：未满足
===2021-08-06 14:41:05.874===
===2021-08-06 14:41:05.939===
股票：002312板块涨跌幅判断-额外参数：
	分组名称：1
	走势名称：发
		条件不成立(不符合板块涨跌幅条件)
	结果：未满足，返回code：-1
===2021-08-06 14:41:06.441===
额外条件未满足


===============================================

==============2021-08-06 14:41:18==============
===6开始执行条件2021-08-06 14:41:17.185===
===开始判断价格条件2021-08-06 14:41:17.185===
===开始判断额外/转自动条件2021-08-06 14:41:17.454===
===2021-08-06 14:41:17.504===
股票：002312指定时间段判断-额外参数：
	分组名称：1
	走势名称：时间段
		条件不成立(当前时间：2021-08-06 14:41:17.179,条件时段：09:30:00-13:00:00)
	结果：未满足
===2021-08-06 14:41:17.504===
===2021-08-06 14:41:17.596===
股票：002312板块涨跌幅判断-额外参数：
	分组名称：1
	走势名称：发
		条件不成立(不符合板块涨跌幅条件)
	结果：未满足，返回code：-1
===2021-08-06 14:41:18.202===
额外条件未满足


===============================================

==============2021-08-06 14:41:47==============
===6开始执行条件2021-08-06 14:41:42.841===
===开始判断价格条件2021-08-06 14:41:42.841===
===开始判断额外/转自动条件2021-08-06 14:41:44.503===
===2021-08-06 14:41:45.431===
股票：002312指定时间段判断-额外参数：
	分组名称：1
	走势名称：时间段
		条件不成立(当前时间：2021-08-06 14:41:42.841,条件时段：09:30:00-13:00:00)
	结果：未满足
===2021-08-06 14:41:45.431===
===2021-08-06 14:41:45.756===
股票：002312板块涨跌幅判断-额外参数：
	分组名称：1
	走势名称：发
		条件不成立(不符合板块涨跌幅条件)
	结果：未满足，返回code：-1
===2021-08-06 14:41:47.582===
额外条件未满足


===============================================

==============2021-08-06 14:42:36==============
===6开始执行条件2021-08-06 14:42:33.589===
===开始判断价格条件2021-08-06 14:42:33.589===
===开始判断额外/转自动条件2021-08-06 14:42:34.342===
===2021-08-06 14:42:34.934===
股票：002312指定时间段判断-额外参数：
	分组名称：1
	走势名称：时间段
		条件不成立(当前时间：2021-08-06 14:42:33.589,条件时段：09:30:00-13:00:00)
	结果：未满足
===2021-08-06 14:42:34.934===
===2021-08-06 14:42:35.349===
股票：002312板块涨跌幅判断-额外参数：
	分组名称：1
	走势名称：发
		条件不成立(不符合板块涨跌幅条件)
	结果：未满足，返回code：-1
===2021-08-06 14:42:36.987===
额外条件未满足


===============================================

==============2021-08-06 14:43:00==============
===6开始执行条件2021-08-06 14:42:55.992===
===开始判断价格条件2021-08-06 14:42:55.992===
===开始判断额外/转自动条件2021-08-06 14:42:57.352===
===2021-08-06 14:42:57.627===
股票：002312指定时间段判断-额外参数：
	分组名称：1
	走势名称：时间段
		条件不成立(当前时间：2021-08-06 14:42:55.992,条件时段：09:30:00-13:00:00)
	结果：未满足
===2021-08-06 14:42:57.627===
===2021-08-06 14:42:57.652===
股票：002312板块涨跌幅判断-额外参数：
	分组名称：1
	走势名称：发
		条件不成立(不符合板块涨跌幅条件)
	结果：未满足，返回code：-1
===2021-08-06 14:43:00.505===
额外条件未满足


===============================================

==============2021-08-06 14:43:11==============
===6开始执行条件2021-08-06 14:43:09.672===
===开始判断价格条件2021-08-06 14:43:09.672===
===开始判断额外/转自动条件2021-08-06 14:43:10.194===
===2021-08-06 14:43:10.497===
股票：002312指定时间段判断-额外参数：
	分组名称：1
	走势名称：时间段
		条件不成立(当前时间：2021-08-06 14:43:09.672,条件时段：09:30:00-13:00:00)
	结果：未满足
===2021-08-06 14:43:10.497===
===2021-08-06 14:43:10.984===
股票：002312板块涨跌幅判断-额外参数：
	分组名称：1
	走势名称：发
		条件不成立(不符合板块涨跌幅条件)
	结果：未满足，返回code：-1
===2021-08-06 14:43:11.215===
额外条件未满足


===============================================

==============2021-08-06 15:03:31==============
===6开始执行条件2021-08-06 15:03:26.968===
===开始判断价格条件2021-08-06 15:03:26.968===
===开始判断额外/转自动条件2021-08-06 15:03:28.027===
===2021-08-06 15:03:28.393===
股票：002312指定时间段判断-额外参数：
	分组名称：1
	走势名称：时间段
		条件不成立(当前时间：2021-08-06 15:03:26.968,条件时段：09:30:00-13:00:00)
	结果：未满足
===2021-08-06 15:03:28.393===
===2021-08-06 15:03:28.433===
股票：002312板块涨跌幅判断-额外参数：
	分组名称：1
	走势名称：发
		条件不成立(不符合板块涨跌幅条件)
	结果：未满足，返回code：-1
===2021-08-06 15:03:31.001===
额外条件未满足


===============================================

==============2021-08-06 15:05:37==============
===6开始执行条件2021-08-06 15:05:16.828===
===开始判断价格条件2021-08-06 15:05:16.828===
===开始判断额外/转自动条件2021-08-06 15:05:23.418===
===2021-08-06 15:05:24.662===
股票：002312指定时间段判断-额外参数：
	分组名称：1
	走势名称：时间段
		条件不成立(当前时间：2021-08-06 15:05:16.813,条件时段：09:30:00-13:00:00)
	结果：未满足
===2021-08-06 15:05:24.662===
===2021-08-06 15:05:24.868===
股票：002312板块涨跌幅判断-额外参数：
	分组名称：1
	走势名称：发
		条件不成立(不符合板块涨跌幅条件)
	结果：未满足，返回code：-1
===2021-08-06 15:05:37.594===
额外条件未满足


===============================================

==============2021-08-06 15:06:19==============
===6开始执行条件2021-08-06 15:06:09.947===
===开始判断价格条件2021-08-06 15:06:09.947===
===开始判断额外/转自动条件2021-08-06 15:06:11.516===
===2021-08-06 15:06:12.797===
股票：002312指定时间段判断-额外参数：
	分组名称：1
	走势名称：时间段
		条件不成立(当前时间：2021-08-06 15:06:09.947,条件时段：09:30:00-13:00:00)
	结果：未满足
===2021-08-06 15:06:12.797===
===2021-08-06 15:06:13.105===
股票：002312板块涨跌幅判断-额外参数：
	分组名称：1
	走势名称：发
		条件不成立(不符合板块涨跌幅条件)
	结果：未满足，返回code：-1
===2021-08-06 15:06:19.136===
额外条件未满足


===============================================

==============2021-08-06 15:06:33==============
===6开始执行条件2021-08-06 15:06:28.350===
===开始判断价格条件2021-08-06 15:06:28.350===
===开始判断额外/转自动条件2021-08-06 15:06:29.092===
===2021-08-06 15:06:29.941===
股票：002312指定时间段判断-额外参数：
	分组名称：1
	走势名称：时间段
		条件不成立(当前时间：2021-08-06 15:06:28.350,条件时段：09:30:00-13:00:00)
	结果：未满足
===2021-08-06 15:06:29.941===
===2021-08-06 15:06:30.255===
股票：002312板块涨跌幅判断-额外参数：
	分组名称：1
	走势名称：发
		条件不成立(不符合板块涨跌幅条件)
	结果：未满足，返回code：-1
===2021-08-06 15:06:33.947===
额外条件未满足


===============================================

==============2021-08-06 15:07:45==============
===6开始执行条件2021-08-06 15:06:48.832===
===开始判断价格条件2021-08-06 15:06:48.832===
===开始判断额外/转自动条件2021-08-06 15:06:50.571===
===2021-08-06 15:07:16.646===
股票：002312指定时间段判断-额外参数：
	分组名称：1
	走势名称：时间段
		条件不成立(当前时间：2021-08-06 15:06:48.832,条件时段：09:30:00-13:00:00)
	结果：未满足
===2021-08-06 15:07:16.647===
===2021-08-06 15:07:16.849===
股票：002312板块涨跌幅判断-额外参数：
	分组名称：1
	走势名称：发
		条件不成立(不符合板块涨跌幅条件)
	结果：未满足，返回code：-1
===2021-08-06 15:07:45.571===
额外条件未满足


===============================================

==============2021-08-06 15:12:15==============
===6开始执行条件2021-08-06 15:12:10.839===
===开始判断价格条件2021-08-06 15:12:10.839===
===开始判断额外/转自动条件2021-08-06 15:12:11.405===
===2021-08-06 15:12:12.361===
股票：002312指定时间段判断-额外参数：
	分组名称：1
	走势名称：时间段
		条件不成立(当前时间：2021-08-06 15:12:10.839,条件时段：09:30:00-13:00:00)
	结果：未满足
===2021-08-06 15:12:12.361===
===2021-08-06 15:12:12.693===
股票：002312板块涨跌幅判断-额外参数：
	分组名称：1
	走势名称：发
		条件不成立(不符合板块涨跌幅条件)
	结果：未满足，返回code：-1
===2021-08-06 15:12:15.924===
额外条件未满足


===============================================

==============2021-08-06 15:12:47==============
===6开始执行条件2021-08-06 15:12:45.839===
===开始判断价格条件2021-08-06 15:12:45.839===
===开始判断额外/转自动条件2021-08-06 15:12:46.351===
===2021-08-06 15:12:46.573===
股票：002312指定时间段判断-额外参数：
	分组名称：1
	走势名称：时间段
		条件不成立(当前时间：2021-08-06 15:12:45.838,条件时段：09:30:00-13:00:00)
	结果：未满足
===2021-08-06 15:12:46.573===
===2021-08-06 15:12:46.808===
股票：002312板块涨跌幅判断-额外参数：
	分组名称：1
	走势名称：发
		条件不成立(不符合板块涨跌幅条件)
	结果：未满足，返回code：-1
===2021-08-06 15:12:47.769===
额外条件未满足


===============================================

==============2021-08-06 15:13:55==============
===6开始执行条件2021-08-06 15:13:52.146===
===开始判断价格条件2021-08-06 15:13:52.146===
===开始判断额外/转自动条件2021-08-06 15:13:52.621===
===2021-08-06 15:13:53.500===
股票：002312指定时间段判断-额外参数：
	分组名称：1
	走势名称：时间段
		条件不成立(当前时间：2021-08-06 15:13:52.146,条件时段：09:30:00-13:00:00)
	结果：未满足
===2021-08-06 15:13:53.500===
===2021-08-06 15:13:53.664===
股票：002312板块涨跌幅判断-额外参数：
	分组名称：1
	走势名称：发
		条件不成立(不符合板块涨跌幅条件)
	结果：未满足，返回code：-1
===2021-08-06 15:13:55.669===
额外条件未满足


===============================================

==============2021-08-06 15:14:08==============
===6开始执行条件2021-08-06 15:14:05.988===
===开始判断价格条件2021-08-06 15:14:05.988===
===开始判断额外/转自动条件2021-08-06 15:14:06.093===
===2021-08-06 15:14:06.188===
股票：002312指定时间段判断-额外参数：
	分组名称：1
	走势名称：时间段
		条件不成立(当前时间：2021-08-06 15:14:05.988,条件时段：09:30:00-13:00:00)
	结果：未满足
===2021-08-06 15:14:06.188===
===2021-08-06 15:14:06.228===
股票：002312板块涨跌幅判断-额外参数：
	分组名称：1
	走势名称：发
		条件不成立(不符合板块涨跌幅条件)
	结果：未满足，返回code：-1
===2021-08-06 15:14:08.118===
额外条件未满足


===============================================

==============2021-08-06 15:26:54==============
===6开始执行条件2021-08-06 15:26:53.805===
===开始判断价格条件2021-08-06 15:26:53.805===
===开始判断额外/转自动条件2021-08-06 15:26:53.952===
===2021-08-06 15:26:54.047===
股票：002312指定时间段判断-额外参数：
	分组名称：1
	走势名称：时间段
		条件不成立(当前时间：2021-08-06 15:26:53.805,条件时段：09:30:00-13:00:00)
	结果：未满足
===2021-08-06 15:26:54.047===
===2021-08-06 15:26:54.094===
股票：002312板块涨跌幅判断-额外参数：
	分组名称：1
	走势名称：发
		条件不成立(不符合板块涨跌幅条件)
	结果：未满足，返回code：-1
===2021-08-06 15:26:54.486===
额外条件未满足


===============================================

==============2021-08-06 15:28:00==============
===6开始执行条件2021-08-06 15:27:57.388===
===开始判断价格条件2021-08-06 15:27:57.388===
===开始判断额外/转自动条件2021-08-06 15:27:58.151===
===2021-08-06 15:27:58.261===
股票：002312指定时间段判断-额外参数：
	分组名称：1
	走势名称：时间段
		条件不成立(当前时间：2021-08-06 15:27:57.388,条件时段：09:30:00-13:00:00)
	结果：未满足
===2021-08-06 15:27:58.261===
===2021-08-06 15:27:58.468===
股票：002312板块涨跌幅判断-额外参数：
	分组名称：1
	走势名称：发
		条件不成立(不符合板块涨跌幅条件)
	结果：未满足，返回code：-1
===2021-08-06 15:28:00.091===
额外条件未满足


===============================================

==============2021-08-06 15:28:36==============
===6开始执行条件2021-08-06 15:28:29.679===
===开始判断价格条件2021-08-06 15:28:29.679===
===开始判断额外/转自动条件2021-08-06 15:28:30.407===
===2021-08-06 15:28:31.124===
股票：002312指定时间段判断-额外参数：
	分组名称：1
	走势名称：时间段
		条件不成立(当前时间：2021-08-06 15:28:29.679,条件时段：09:30:00-13:00:00)
	结果：未满足
===2021-08-06 15:28:31.124===
===2021-08-06 15:28:31.377===
股票：002312板块涨跌幅判断-额外参数：
	分组名称：1
	走势名称：发
		条件不成立(不符合板块涨跌幅条件)
	结果：未满足，返回code：-1
===2021-08-06 15:28:36.440===
额外条件未满足


===============================================

==============2021-08-06 15:28:53==============
===6开始执行条件2021-08-06 15:28:48.168===
===开始判断价格条件2021-08-06 15:28:48.168===
===开始判断额外/转自动条件2021-08-06 15:28:49.592===
===2021-08-06 15:28:50.003===
股票：002312指定时间段判断-额外参数：
	分组名称：1
	走势名称：时间段
		条件不成立(当前时间：2021-08-06 15:28:48.168,条件时段：09:30:00-13:00:00)
	结果：未满足
===2021-08-06 15:28:50.003===
===2021-08-06 15:28:50.206===
股票：002312板块涨跌幅判断-额外参数：
	分组名称：1
	走势名称：发
		条件不成立(不符合板块涨跌幅条件)
	结果：未满足，返回code：-1
===2021-08-06 15:28:53.500===
额外条件未满足


===============================================

==============2021-08-06 15:30:00==============
===6开始执行条件2021-08-06 15:30:00.139===
===开始判断价格条件2021-08-06 15:30:00.139===
===开始判断额外/转自动条件2021-08-06 15:30:00.262===
===2021-08-06 15:30:00.371===
股票：002312指定时间段判断-额外参数：
	分组名称：1
	走势名称：时间段
		条件不成立(当前时间：2021-08-06 15:30:00.138,条件时段：09:30:00-13:00:00)
	结果：未满足
===2021-08-06 15:30:00.372===
===2021-08-06 15:30:00.388===
股票：002312板块涨跌幅判断-额外参数：
	分组名称：1
	走势名称：发
		条件不成立(不符合板块涨跌幅条件)
	结果：未满足，返回code：-1
===2021-08-06 15:30:00.545===
额外条件未满足


===============================================

==============2021-08-06 15:30:19==============
===6开始执行条件2021-08-06 15:30:16.717===
===开始判断价格条件2021-08-06 15:30:16.717===
===开始判断额外/转自动条件2021-08-06 15:30:17.351===
===2021-08-06 15:30:17.673===
股票：002312指定时间段判断-额外参数：
	分组名称：1
	走势名称：时间段
		条件不成立(当前时间：2021-08-06 15:30:16.716,条件时段：09:30:00-13:00:00)
	结果：未满足
===2021-08-06 15:30:17.673===
===2021-08-06 15:30:17.828===
股票：002312板块涨跌幅判断-额外参数：
	分组名称：1
	走势名称：发
		条件不成立(不符合板块涨跌幅条件)
	结果：未满足，返回code：-1
===2021-08-06 15:30:19.563===
额外条件未满足


===============================================

==============2021-08-06 15:30:39==============
===6开始执行条件2021-08-06 15:30:38.293===
===开始判断价格条件2021-08-06 15:30:38.293===
===开始判断额外/转自动条件2021-08-06 15:30:38.401===
===2021-08-06 15:30:38.739===
股票：002312指定时间段判断-额外参数：
	分组名称：1
	走势名称：时间段
		条件不成立(当前时间：2021-08-06 15:30:38.293,条件时段：09:30:00-13:00:00)
	结果：未满足
===2021-08-06 15:30:38.739===
===2021-08-06 15:30:38.758===
股票：002312板块涨跌幅判断-额外参数：
	分组名称：1
	走势名称：发
		条件不成立(不符合板块涨跌幅条件)
	结果：未满足，返回code：-1
===2021-08-06 15:30:39.198===
额外条件未满足


===============================================

==============2021-08-06 15:30:58==============
===6开始执行条件2021-08-06 15:30:55.486===
===开始判断价格条件2021-08-06 15:30:55.486===
===开始判断额外/转自动条件2021-08-06 15:30:56.109===
===2021-08-06 15:30:56.563===
股票：002312指定时间段判断-额外参数：
	分组名称：1
	走势名称：时间段
		条件不成立(当前时间：2021-08-06 15:30:55.485,条件时段：09:30:00-13:00:00)
	结果：未满足
===2021-08-06 15:30:56.563===
===2021-08-06 15:30:56.846===
股票：002312板块涨跌幅判断-额外参数：
	分组名称：1
	走势名称：发
		条件不成立(不符合板块涨跌幅条件)
	结果：未满足，返回code：-1
===2021-08-06 15:30:58.907===
额外条件未满足


===============================================

==============2021-08-06 15:31:14==============
===6开始执行条件2021-08-06 15:31:14.479===
===开始判断价格条件2021-08-06 15:31:14.479===
===开始判断额外/转自动条件2021-08-06 15:31:14.537===
===2021-08-06 15:31:14.627===
股票：002312指定时间段判断-额外参数：
	分组名称：1
	走势名称：时间段
		条件不成立(当前时间：2021-08-06 15:31:14.472,条件时段：09:30:00-13:00:00)
	结果：未满足
===2021-08-06 15:31:14.627===
===2021-08-06 15:31:14.695===
股票：002312板块涨跌幅判断-额外参数：
	分组名称：1
	走势名称：发
		条件不成立(不符合板块涨跌幅条件)
	结果：未满足，返回code：-1
===2021-08-06 15:31:14.947===
额外条件未满足


===============================================

==============2021-08-06 15:31:34==============
===6开始执行条件2021-08-06 15:31:31.315===
===开始判断价格条件2021-08-06 15:31:31.315===
===开始判断额外/转自动条件2021-08-06 15:31:32.296===
===2021-08-06 15:31:32.887===
股票：002312指定时间段判断-额外参数：
	分组名称：1
	走势名称：时间段
		条件不成立(当前时间：2021-08-06 15:31:31.315,条件时段：09:30:00-13:00:00)
	结果：未满足
===2021-08-06 15:31:32.887===
===2021-08-06 15:31:32.988===
股票：002312板块涨跌幅判断-额外参数：
	分组名称：1
	走势名称：发
		条件不成立(不符合板块涨跌幅条件)
	结果：未满足，返回code：-1
===2021-08-06 15:31:34.987===
额外条件未满足


===============================================

==============2021-08-06 15:31:54==============
===6开始执行条件2021-08-06 15:31:50.130===
===开始判断价格条件2021-08-06 15:31:50.130===
===开始判断额外/转自动条件2021-08-06 15:31:51.449===
===2021-08-06 15:31:52.090===
股票：002312指定时间段判断-额外参数：
	分组名称：1
	走势名称：时间段
		条件不成立(当前时间：2021-08-06 15:31:50.130,条件时段：09:30:00-13:00:00)
	结果：未满足
===2021-08-06 15:31:52.090===
===2021-08-06 15:31:52.199===
股票：002312板块涨跌幅判断-额外参数：
	分组名称：1
	走势名称：发
		条件不成立(不符合板块涨跌幅条件)
	结果：未满足，返回code：-1
===2021-08-06 15:31:54.289===
额外条件未满足


===============================================

==============2021-08-06 15:32:16==============
===6开始执行条件2021-08-06 15:32:11.830===
===开始判断价格条件2021-08-06 15:32:11.830===
===开始判断额外/转自动条件2021-08-06 15:32:13.166===
===2021-08-06 15:32:13.744===
股票：002312指定时间段判断-额外参数：
	分组名称：1
	走势名称：时间段
		条件不成立(当前时间：2021-08-06 15:32:11.830,条件时段：09:30:00-13:00:00)
	结果：未满足
===2021-08-06 15:32:13.782===
===2021-08-06 15:32:13.915===
股票：002312板块涨跌幅判断-额外参数：
	分组名称：1
	走势名称：发
		条件不成立(不符合板块涨跌幅条件)
	结果：未满足，返回code：-1
===2021-08-06 15:32:16.109===
额外条件未满足


===============================================

==============2021-08-06 15:32:33==============
===6开始执行条件2021-08-06 15:32:30.336===
===开始判断价格条件2021-08-06 15:32:30.337===
===开始判断额外/转自动条件2021-08-06 15:32:31.488===
===2021-08-06 15:32:32.018===
股票：002312指定时间段判断-额外参数：
	分组名称：1
	走势名称：时间段
		条件不成立(当前时间：2021-08-06 15:32:30.335,条件时段：09:30:00-13:00:00)
	结果：未满足
===2021-08-06 15:32:32.018===
===2021-08-06 15:32:32.131===
股票：002312板块涨跌幅判断-额外参数：
	分组名称：1
	走势名称：发
		条件不成立(不符合板块涨跌幅条件)
	结果：未满足，返回code：-1
===2021-08-06 15:32:33.540===
额外条件未满足


===============================================

==============2021-08-06 15:32:40==============
===6开始执行条件2021-08-06 15:32:39.951===
===开始判断价格条件2021-08-06 15:32:39.952===
===开始判断额外/转自动条件2021-08-06 15:32:39.995===
===2021-08-06 15:32:40.102===
股票：002312指定时间段判断-额外参数：
	分组名称：1
	走势名称：时间段
		条件不成立(当前时间：2021-08-06 15:32:39.951,条件时段：09:30:00-13:00:00)
	结果：未满足
===2021-08-06 15:32:40.102===
===2021-08-06 15:32:40.143===
股票：002312板块涨跌幅判断-额外参数：
	分组名称：1
	走势名称：发
		条件不成立(不符合板块涨跌幅条件)
	结果：未满足，返回code：-1
===2021-08-06 15:32:40.334===
额外条件未满足


===============================================

==============2021-08-06 15:33:10==============
===6开始执行条件2021-08-06 15:33:05.909===
===开始判断价格条件2021-08-06 15:33:05.909===
===开始判断额外/转自动条件2021-08-06 15:33:07.096===
===2021-08-06 15:33:07.668===
股票：002312指定时间段判断-额外参数：
	分组名称：1
	走势名称：时间段
		条件不成立(当前时间：2021-08-06 15:33:05.909,条件时段：09:30:00-13:00:00)
	结果：未满足
===2021-08-06 15:33:07.668===
===2021-08-06 15:33:07.818===
股票：002312板块涨跌幅判断-额外参数：
	分组名称：1
	走势名称：发
		条件不成立(不符合板块涨跌幅条件)
	结果：未满足，返回code：-1
===2021-08-06 15:33:10.434===
额外条件未满足


===============================================

==============2021-08-06 15:38:13==============
===6开始执行条件2021-08-06 15:38:09.611===
===开始判断价格条件2021-08-06 15:38:09.611===
===开始判断额外/转自动条件2021-08-06 15:38:10.387===
===2021-08-06 15:38:10.943===
股票：002312指定时间段判断-额外参数：
	分组名称：1
	走势名称：时间段
		条件不成立(当前时间：2021-08-06 15:38:09.611,条件时段：09:30:00-13:00:00)
	结果：未满足
===2021-08-06 15:38:10.943===
===2021-08-06 15:38:11.454===
股票：002312板块涨跌幅判断-额外参数：
	分组名称：1
	走势名称：发
		条件不成立(不符合板块涨跌幅条件)
	结果：未满足，返回code：-1
===2021-08-06 15:38:13.276===
额外条件未满足


===============================================

==============2021-08-06 15:38:31==============
===6开始执行条件2021-08-06 15:38:30.924===
===开始判断价格条件2021-08-06 15:38:30.924===
===开始判断额外/转自动条件2021-08-06 15:38:31.377===
===2021-08-06 15:38:31.576===
股票：002312指定时间段判断-额外参数：
	分组名称：1
	走势名称：时间段
		条件不成立(当前时间：2021-08-06 15:38:30.924,条件时段：09:30:00-13:00:00)
	结果：未满足
===2021-08-06 15:38:31.576===
===2021-08-06 15:38:31.604===
股票：002312板块涨跌幅判断-额外参数：
	分组名称：1
	走势名称：发
		条件不成立(不符合板块涨跌幅条件)
	结果：未满足，返回code：-1
===2021-08-06 15:38:31.894===
额外条件未满足


===============================================

