==============2021-08-10 17:41:05==============
===6开始执行条件2021-08-10 17:41:04.317===
===开始判断价格条件2021-08-10 17:41:04.317===
===开始判断额外/转自动条件2021-08-10 17:41:04.624===
===2021-08-10 17:41:04.777===
股票：002312指定时间段判断-额外参数：
	分组名称：1
	走势名称：时间段
		条件不成立(当前时间：2021-08-10 17:41:04.316,条件时段：09:30:00-13:00:00)
	结果：未满足
===2021-08-10 17:41:04.778===
===2021-08-10 17:41:04.816===
股票：002312板块涨跌幅判断-额外参数：
	分组名称：1
	走势名称：发
		条件不成立(不符合板块涨跌幅条件)
	结果：未满足，返回code：-1
===2021-08-10 17:41:05.470===
额外条件未满足


===============================================

==============2021-08-10 17:41:16==============
===6开始执行条件2021-08-10 17:41:15.676===
===开始判断价格条件2021-08-10 17:41:15.676===
===开始判断额外/转自动条件2021-08-10 17:41:15.882===
===2021-08-10 17:41:15.950===
股票：002312指定时间段判断-额外参数：
	分组名称：1
	走势名称：时间段
		条件不成立(当前时间：2021-08-10 17:41:15.676,条件时段：09:30:00-13:00:00)
	结果：未满足
===2021-08-10 17:41:15.950===
===2021-08-10 17:41:15.986===
股票：002312板块涨跌幅判断-额外参数：
	分组名称：1
	走势名称：发
		条件不成立(不符合板块涨跌幅条件)
	结果：未满足，返回code：-1
===2021-08-10 17:41:16.703===
额外条件未满足


===============================================

==============2021-08-10 17:41:56==============
===6开始执行条件2021-08-10 17:41:50.559===
===开始判断价格条件2021-08-10 17:41:50.559===
===开始判断额外/转自动条件2021-08-10 17:41:52.740===
===2021-08-10 17:41:53.081===
股票：002312指定时间段判断-额外参数：
	分组名称：1
	走势名称：时间段
		条件不成立(当前时间：2021-08-10 17:41:50.559,条件时段：09:30:00-13:00:00)
	结果：未满足
===2021-08-10 17:41:53.081===
===2021-08-10 17:41:53.237===
股票：002312板块涨跌幅判断-额外参数：
	分组名称：1
	走势名称：发
		条件不成立(不符合板块涨跌幅条件)
	结果：未满足，返回code：-1
===2021-08-10 17:41:56.379===
额外条件未满足


===============================================

==============2021-08-10 17:42:14==============
===6开始执行条件2021-08-10 17:42:10.131===
===开始判断价格条件2021-08-10 17:42:10.131===
===开始判断额外/转自动条件2021-08-10 17:42:11.753===
===2021-08-10 17:42:12.859===
股票：002312指定时间段判断-额外参数：
	分组名称：1
	走势名称：时间段
		条件不成立(当前时间：2021-08-10 17:42:10.131,条件时段：09:30:00-13:00:00)
	结果：未满足
===2021-08-10 17:42:12.859===
===2021-08-10 17:42:13.015===
股票：002312板块涨跌幅判断-额外参数：
	分组名称：1
	走势名称：发
		条件不成立(不符合板块涨跌幅条件)
	结果：未满足，返回code：-1
===2021-08-10 17:42:14.549===
额外条件未满足


===============================================

==============2021-08-10 17:44:06==============
===6开始执行条件2021-08-10 17:44:05.707===
===开始判断价格条件2021-08-10 17:44:05.707===
===开始判断额外/转自动条件2021-08-10 17:44:05.921===
===2021-08-10 17:44:06.078===
股票：002312指定时间段判断-额外参数：
	分组名称：1
	走势名称：时间段
		条件不成立(当前时间：2021-08-10 17:44:05.707,条件时段：09:30:00-13:00:00)
	结果：未满足
===2021-08-10 17:44:06.078===
===2021-08-10 17:44:06.101===
股票：002312板块涨跌幅判断-额外参数：
	分组名称：1
	走势名称：发
		条件不成立(不符合板块涨跌幅条件)
	结果：未满足，返回code：-1
===2021-08-10 17:44:06.689===
额外条件未满足


===============================================

==============2021-08-10 17:47:34==============
===6开始执行条件2021-08-10 17:47:31.608===
===开始判断价格条件2021-08-10 17:47:31.608===
===开始判断额外/转自动条件2021-08-10 17:47:32.019===
===2021-08-10 17:47:32.420===
股票：002312指定时间段判断-额外参数：
	分组名称：1
	走势名称：时间段
		条件不成立(当前时间：2021-08-10 17:47:31.608,条件时段：09:30:00-13:00:00)
	结果：未满足
===2021-08-10 17:47:32.420===
===2021-08-10 17:47:32.520===
股票：002312板块涨跌幅判断-额外参数：
	分组名称：1
	走势名称：发
		条件不成立(不符合板块涨跌幅条件)
	结果：未满足，返回code：-1
===2021-08-10 17:47:34.144===
额外条件未满足


===============================================

==============2021-08-10 17:47:51==============
===6开始执行条件2021-08-10 17:47:48.483===
===开始判断价格条件2021-08-10 17:47:48.483===
===开始判断额外/转自动条件2021-08-10 17:47:49.459===
===2021-08-10 17:47:49.687===
股票：002312指定时间段判断-额外参数：
	分组名称：1
	走势名称：时间段
		条件不成立(当前时间：2021-08-10 17:47:48.483,条件时段：09:30:00-13:00:00)
	结果：未满足
===2021-08-10 17:47:49.687===
===2021-08-10 17:47:49.773===
股票：002312板块涨跌幅判断-额外参数：
	分组名称：1
	走势名称：发
		条件不成立(不符合板块涨跌幅条件)
	结果：未满足，返回code：-1
===2021-08-10 17:47:51.859===
额外条件未满足


===============================================

==============2021-08-10 17:49:01==============
===6开始执行条件2021-08-10 17:49:01.165===
===开始判断价格条件2021-08-10 17:49:01.165===
===开始判断额外/转自动条件2021-08-10 17:49:01.377===
===2021-08-10 17:49:01.466===
股票：002312指定时间段判断-额外参数：
	分组名称：1
	走势名称：时间段
		条件不成立(当前时间：2021-08-10 17:49:01.165,条件时段：09:30:00-13:00:00)
	结果：未满足
===2021-08-10 17:49:01.466===
===2021-08-10 17:49:01.494===
股票：002312板块涨跌幅判断-额外参数：
	分组名称：1
	走势名称：发
		条件不成立(不符合板块涨跌幅条件)
	结果：未满足，返回code：-1
===2021-08-10 17:49:01.683===
额外条件未满足


===============================================

==============2021-08-10 17:49:20==============
===6开始执行条件2021-08-10 17:49:16.430===
===开始判断价格条件2021-08-10 17:49:16.430===
===开始判断额外/转自动条件2021-08-10 17:49:17.755===
===2021-08-10 17:49:18.173===
股票：002312指定时间段判断-额外参数：
	分组名称：1
	走势名称：时间段
		条件不成立(当前时间：2021-08-10 17:49:16.430,条件时段：09:30:00-13:00:00)
	结果：未满足
===2021-08-10 17:49:18.173===
===2021-08-10 17:49:18.284===
股票：002312板块涨跌幅判断-额外参数：
	分组名称：1
	走势名称：发
		条件不成立(不符合板块涨跌幅条件)
	结果：未满足，返回code：-1
===2021-08-10 17:49:20.450===
额外条件未满足


===============================================

==============2021-08-10 17:50:01==============
===6开始执行条件2021-08-10 17:49:53.452===
===开始判断价格条件2021-08-10 17:49:53.452===
===开始判断额外/转自动条件2021-08-10 17:49:55.796===
===2021-08-10 17:49:56.693===
股票：002312指定时间段判断-额外参数：
	分组名称：1
	走势名称：时间段
		条件不成立(当前时间：2021-08-10 17:49:53.452,条件时段：09:30:00-13:00:00)
	结果：未满足
===2021-08-10 17:49:56.693===
===2021-08-10 17:49:56.887===
股票：002312板块涨跌幅判断-额外参数：
	分组名称：1
	走势名称：发
		条件不成立(不符合板块涨跌幅条件)
	结果：未满足，返回code：-1
===2021-08-10 17:50:01.504===
额外条件未满足


===============================================

==============2021-08-10 17:50:08==============
===6开始执行条件2021-08-10 17:50:08.153===
===开始判断价格条件2021-08-10 17:50:08.153===
===开始判断额外/转自动条件2021-08-10 17:50:08.360===
===2021-08-10 17:50:08.439===
股票：002312指定时间段判断-额外参数：
	分组名称：1
	走势名称：时间段
		条件不成立(当前时间：2021-08-10 17:50:08.153,条件时段：09:30:00-13:00:00)
	结果：未满足
===2021-08-10 17:50:08.439===
===2021-08-10 17:50:08.477===
股票：002312板块涨跌幅判断-额外参数：
	分组名称：1
	走势名称：发
		条件不成立(不符合板块涨跌幅条件)
	结果：未满足，返回code：-1
===2021-08-10 17:50:08.984===
额外条件未满足


===============================================

==============2021-08-10 17:50:49==============
===6开始执行条件2021-08-10 17:50:41.657===
===开始判断价格条件2021-08-10 17:50:41.657===
===开始判断额外/转自动条件2021-08-10 17:50:43.857===
===2021-08-10 17:50:45.106===
股票：002312指定时间段判断-额外参数：
	分组名称：1
	走势名称：时间段
		条件不成立(当前时间：2021-08-10 17:50:41.657,条件时段：09:30:00-13:00:00)
	结果：未满足
===2021-08-10 17:50:45.106===
===2021-08-10 17:50:45.536===
股票：002312板块涨跌幅判断-额外参数：
	分组名称：1
	走势名称：发
		条件不成立(不符合板块涨跌幅条件)
	结果：未满足，返回code：-1
===2021-08-10 17:50:49.220===
额外条件未满足


===============================================

==============2021-08-10 17:51:08==============
===6开始执行条件2021-08-10 17:51:03.155===
===开始判断价格条件2021-08-10 17:51:03.155===
===开始判断额外/转自动条件2021-08-10 17:51:04.070===
===2021-08-10 17:51:04.591===
股票：002312指定时间段判断-额外参数：
	分组名称：1
	走势名称：时间段
		条件不成立(当前时间：2021-08-10 17:51:03.155,条件时段：09:30:00-13:00:00)
	结果：未满足
===2021-08-10 17:51:04.591===
===2021-08-10 17:51:04.809===
股票：002312板块涨跌幅判断-额外参数：
	分组名称：1
	走势名称：发
		条件不成立(不符合板块涨跌幅条件)
	结果：未满足，返回code：-1
===2021-08-10 17:51:08.847===
额外条件未满足


===============================================

==============2021-08-10 17:51:21==============
===6开始执行条件2021-08-10 17:51:15.111===
===开始判断价格条件2021-08-10 17:51:15.111===
===开始判断额外/转自动条件2021-08-10 17:51:16.428===
===2021-08-10 17:51:17.346===
股票：002312指定时间段判断-额外参数：
	分组名称：1
	走势名称：时间段
		条件不成立(当前时间：2021-08-10 17:51:15.111,条件时段：09:30:00-13:00:00)
	结果：未满足
===2021-08-10 17:51:17.346===
===2021-08-10 17:51:17.574===
股票：002312板块涨跌幅判断-额外参数：
	分组名称：1
	走势名称：发
		条件不成立(不符合板块涨跌幅条件)
	结果：未满足，返回code：-1
===2021-08-10 17:51:21.157===
额外条件未满足


===============================================

==============2021-08-10 17:51:57==============
===6开始执行条件2021-08-10 17:51:56.750===
===开始判断价格条件2021-08-10 17:51:56.750===
===开始判断额外/转自动条件2021-08-10 17:51:56.834===
===2021-08-10 17:51:57.186===
股票：002312指定时间段判断-额外参数：
	分组名称：1
	走势名称：时间段
		条件不成立(当前时间：2021-08-10 17:51:56.750,条件时段：09:30:00-13:00:00)
	结果：未满足
===2021-08-10 17:51:57.186===
===2021-08-10 17:51:57.452===
股票：002312板块涨跌幅判断-额外参数：
	分组名称：1
	走势名称：发
		条件不成立(不符合板块涨跌幅条件)
	结果：未满足，返回code：-1
===2021-08-10 17:51:57.940===
额外条件未满足


===============================================

==============2021-08-10 17:52:07==============
===6开始执行条件2021-08-10 17:52:03.472===
===开始判断价格条件2021-08-10 17:52:03.472===
===开始判断额外/转自动条件2021-08-10 17:52:03.971===
===2021-08-10 17:52:04.484===
股票：002312指定时间段判断-额外参数：
	分组名称：1
	走势名称：时间段
		条件不成立(当前时间：2021-08-10 17:52:03.472,条件时段：09:30:00-13:00:00)
	结果：未满足
===2021-08-10 17:52:04.485===
===2021-08-10 17:52:04.753===
股票：002312板块涨跌幅判断-额外参数：
	分组名称：1
	走势名称：发
		条件不成立(不符合板块涨跌幅条件)
	结果：未满足，返回code：-1
===2021-08-10 17:52:07.720===
额外条件未满足


===============================================

==============2021-08-10 17:52:24==============
===6开始执行条件2021-08-10 17:52:19.214===
===开始判断价格条件2021-08-10 17:52:19.214===
===开始判断额外/转自动条件2021-08-10 17:52:20.365===
===2021-08-10 17:52:20.683===
股票：002312指定时间段判断-额外参数：
	分组名称：1
	走势名称：时间段
		条件不成立(当前时间：2021-08-10 17:52:19.214,条件时段：09:30:00-13:00:00)
	结果：未满足
===2021-08-10 17:52:20.683===
===2021-08-10 17:52:20.940===
股票：002312板块涨跌幅判断-额外参数：
	分组名称：1
	走势名称：发
		条件不成立(不符合板块涨跌幅条件)
	结果：未满足，返回code：-1
===2021-08-10 17:52:24.165===
额外条件未满足


===============================================

==============2021-08-10 17:52:44==============
===6开始执行条件2021-08-10 17:52:40.517===
===开始判断价格条件2021-08-10 17:52:40.517===
===开始判断额外/转自动条件2021-08-10 17:52:40.963===
===2021-08-10 17:52:41.376===
股票：002312指定时间段判断-额外参数：
	分组名称：1
	走势名称：时间段
		条件不成立(当前时间：2021-08-10 17:52:40.395,条件时段：09:30:00-13:00:00)
	结果：未满足
===2021-08-10 17:52:41.376===
===2021-08-10 17:52:41.512===
股票：002312板块涨跌幅判断-额外参数：
	分组名称：1
	走势名称：发
		条件不成立(不符合板块涨跌幅条件)
	结果：未满足，返回code：-1
===2021-08-10 17:52:44.901===
额外条件未满足


===============================================

==============2021-08-10 17:52:59==============
===6开始执行条件2021-08-10 17:52:54.287===
===开始判断价格条件2021-08-10 17:52:54.287===
===开始判断额外/转自动条件2021-08-10 17:52:55.570===
===2021-08-10 17:52:56.212===
股票：002312指定时间段判断-额外参数：
	分组名称：1
	走势名称：时间段
		条件不成立(当前时间：2021-08-10 17:52:54.286,条件时段：09:30:00-13:00:00)
	结果：未满足
===2021-08-10 17:52:56.212===
===2021-08-10 17:52:56.826===
股票：002312板块涨跌幅判断-额外参数：
	分组名称：1
	走势名称：发
		条件不成立(不符合板块涨跌幅条件)
	结果：未满足，返回code：-1
===2021-08-10 17:52:59.130===
额外条件未满足


===============================================

==============2021-08-10 17:53:12==============
===6开始执行条件2021-08-10 17:53:11.245===
===开始判断价格条件2021-08-10 17:53:11.245===
===开始判断额外/转自动条件2021-08-10 17:53:11.544===
===2021-08-10 17:53:11.764===
股票：002312指定时间段判断-额外参数：
	分组名称：1
	走势名称：时间段
		条件不成立(当前时间：2021-08-10 17:53:11.244,条件时段：09:30:00-13:00:00)
	结果：未满足
===2021-08-10 17:53:11.764===
===2021-08-10 17:53:11.860===
股票：002312板块涨跌幅判断-额外参数：
	分组名称：1
	走势名称：发
		条件不成立(不符合板块涨跌幅条件)
	结果：未满足，返回code：-1
===2021-08-10 17:53:12.146===
额外条件未满足


===============================================

==============2021-08-10 17:53:33==============
===6开始执行条件2021-08-10 17:53:28.832===
===开始判断价格条件2021-08-10 17:53:28.832===
===开始判断额外/转自动条件2021-08-10 17:53:30.807===
===2021-08-10 17:53:31.778===
股票：002312指定时间段判断-额外参数：
	分组名称：1
	走势名称：时间段
		条件不成立(当前时间：2021-08-10 17:53:28.832,条件时段：09:30:00-13:00:00)
	结果：未满足
===2021-08-10 17:53:31.778===
===2021-08-10 17:53:31.858===
股票：002312板块涨跌幅判断-额外参数：
	分组名称：1
	走势名称：发
		条件不成立(不符合板块涨跌幅条件)
	结果：未满足，返回code：-1
===2021-08-10 17:53:33.238===
额外条件未满足


===============================================

==============2021-08-10 17:53:43==============
===6开始执行条件2021-08-10 17:53:40.663===
===开始判断价格条件2021-08-10 17:53:40.663===
===开始判断额外/转自动条件2021-08-10 17:53:41.128===
===2021-08-10 17:53:41.248===
股票：002312指定时间段判断-额外参数：
	分组名称：1
	走势名称：时间段
		条件不成立(当前时间：2021-08-10 17:53:40.663,条件时段：09:30:00-13:00:00)
	结果：未满足
===2021-08-10 17:53:41.248===
===2021-08-10 17:53:41.406===
股票：002312板块涨跌幅判断-额外参数：
	分组名称：1
	走势名称：发
		条件不成立(不符合板块涨跌幅条件)
	结果：未满足，返回code：-1
===2021-08-10 17:53:43.529===
额外条件未满足


===============================================

==============2021-08-10 17:54:00==============
===6开始执行条件2021-08-10 17:53:59.410===
===开始判断价格条件2021-08-10 17:53:59.410===
===开始判断额外/转自动条件2021-08-10 17:53:59.537===
===2021-08-10 17:53:59.579===
股票：002312指定时间段判断-额外参数：
	分组名称：1
	走势名称：时间段
		条件不成立(当前时间：2021-08-10 17:53:59.410,条件时段：09:30:00-13:00:00)
	结果：未满足
===2021-08-10 17:53:59.579===
===2021-08-10 17:53:59.603===
股票：002312板块涨跌幅判断-额外参数：
	分组名称：1
	走势名称：发
		条件不成立(不符合板块涨跌幅条件)
	结果：未满足，返回code：-1
===2021-08-10 17:54:00.218===
额外条件未满足


===============================================

==============2021-08-10 17:54:15==============
===6开始执行条件2021-08-10 17:54:14.956===
===开始判断价格条件2021-08-10 17:54:14.956===
===开始判断额外/转自动条件2021-08-10 17:54:15.221===
===2021-08-10 17:54:15.416===
股票：002312指定时间段判断-额外参数：
	分组名称：1
	走势名称：时间段
		条件不成立(当前时间：2021-08-10 17:54:14.956,条件时段：09:30:00-13:00:00)
	结果：未满足
===2021-08-10 17:54:15.424===
===2021-08-10 17:54:15.479===
股票：002312板块涨跌幅判断-额外参数：
	分组名称：1
	走势名称：发
		条件不成立(不符合板块涨跌幅条件)
	结果：未满足，返回code：-1
===2021-08-10 17:54:15.764===
额外条件未满足


===============================================

