==============2021-05-24 18:31:27==============
===定时器进入时间2021-05-24 18:29:28.066===
===开始判断价格条件2021-05-24 18:31:26.171===
===开始判断额外/转自动条件2021-05-24 18:31:27.313===
===2021-05-24 18:31:27.383===
股票：002676历史涨跌幅判断-额外参数：
	分组名称：1
	走势名称：历史涨跌幅1
	结果：未满足，返回code：-1
===2021-05-24 18:31:27.458===
额外条件未满足


===============================================

==============2021-05-24 18:32:16==============
===定时器进入时间2021-05-24 18:31:48.380===
===开始判断价格条件2021-05-24 18:32:16.833===
===开始判断额外/转自动条件2021-05-24 18:32:16.889===
===2021-05-24 18:32:16.933===
股票：002676历史涨跌幅判断-额外参数：
	分组名称：1
	走势名称：历史涨跌幅1
	结果：未满足，返回code：-1
===2021-05-24 18:32:16.977===
额外条件未满足


===============================================

