==============2021-08-10 17:41:21==============
===6开始执行条件2021-08-10 17:41:20.486===
===开始判断价格条件2021-08-10 17:41:20.486===
===开始判断额外/转自动条件2021-08-10 17:41:21.030===
===2021-08-10 17:41:21.300===
股票：605299指定时间段判断-额外参数：
	分组名称：1
	走势名称：时间段
		条件不成立(当前时间：2021-08-10 17:41:20.477,条件时段：09:30:00-13:00:00)
	结果：未满足
===2021-08-10 17:41:21.301===
===2021-08-10 17:41:21.332===
股票：605299板块涨跌幅判断-额外参数：
	分组名称：1
	走势名称：发
		条件不成立(不符合板块涨跌幅条件)
	结果：未满足，返回code：-1
===2021-08-10 17:41:21.794===
额外条件未满足


===============================================

==============2021-08-10 17:44:13==============
===6开始执行条件2021-08-10 17:44:10.976===
===开始判断价格条件2021-08-10 17:44:10.976===
===开始判断额外/转自动条件2021-08-10 17:44:11.547===
===2021-08-10 17:44:11.649===
股票：605299指定时间段判断-额外参数：
	分组名称：1
	走势名称：时间段
		条件不成立(当前时间：2021-08-10 17:44:10.976,条件时段：09:30:00-13:00:00)
	结果：未满足
===2021-08-10 17:44:11.649===
===2021-08-10 17:44:11.798===
股票：605299板块涨跌幅判断-额外参数：
	分组名称：1
	走势名称：发
		条件不成立(不符合板块涨跌幅条件)
	结果：未满足，返回code：-1
===2021-08-10 17:44:13.264===
额外条件未满足


===============================================

==============2021-08-10 17:47:41==============
===6开始执行条件2021-08-10 17:47:38.573===
===开始判断价格条件2021-08-10 17:47:38.573===
===开始判断额外/转自动条件2021-08-10 17:47:39.072===
===2021-08-10 17:47:39.713===
股票：605299指定时间段判断-额外参数：
	分组名称：1
	走势名称：时间段
		条件不成立(当前时间：2021-08-10 17:47:38.573,条件时段：09:30:00-13:00:00)
	结果：未满足
===2021-08-10 17:47:39.766===
===2021-08-10 17:47:40.005===
股票：605299板块涨跌幅判断-额外参数：
	分组名称：1
	走势名称：发
		条件不成立(不符合板块涨跌幅条件)
	结果：未满足，返回code：-1
===2021-08-10 17:47:41.416===
额外条件未满足


===============================================

==============2021-08-10 17:47:57==============
===6开始执行条件2021-08-10 17:47:55.418===
===开始判断价格条件2021-08-10 17:47:55.418===
===开始判断额外/转自动条件2021-08-10 17:47:56.629===
===2021-08-10 17:47:56.965===
股票：605299指定时间段判断-额外参数：
	分组名称：1
	走势名称：时间段
		条件不成立(当前时间：2021-08-10 17:47:55.417,条件时段：09:30:00-13:00:00)
	结果：未满足
===2021-08-10 17:47:56.965===
===2021-08-10 17:47:57.043===
股票：605299板块涨跌幅判断-额外参数：
	分组名称：1
	走势名称：发
		条件不成立(不符合板块涨跌幅条件)
	结果：未满足，返回code：-1
===2021-08-10 17:47:57.825===
额外条件未满足


===============================================

==============2021-08-10 17:49:06==============
===6开始执行条件2021-08-10 17:49:05.504===
===开始判断价格条件2021-08-10 17:49:05.504===
===开始判断额外/转自动条件2021-08-10 17:49:05.592===
===2021-08-10 17:49:05.663===
股票：605299指定时间段判断-额外参数：
	分组名称：1
	走势名称：时间段
		条件不成立(当前时间：2021-08-10 17:49:05.501,条件时段：09:30:00-13:00:00)
	结果：未满足
===2021-08-10 17:49:05.663===
===2021-08-10 17:49:05.697===
股票：605299板块涨跌幅判断-额外参数：
	分组名称：1
	走势名称：发
		条件不成立(不符合板块涨跌幅条件)
	结果：未满足，返回code：-1
===2021-08-10 17:49:06.282===
额外条件未满足


===============================================

==============2021-08-10 17:49:25==============
===6开始执行条件2021-08-10 17:49:22.991===
===开始判断价格条件2021-08-10 17:49:22.991===
===开始判断额外/转自动条件2021-08-10 17:49:23.672===
===2021-08-10 17:49:23.982===
股票：605299指定时间段判断-额外参数：
	分组名称：1
	走势名称：时间段
		条件不成立(当前时间：2021-08-10 17:49:22.991,条件时段：09:30:00-13:00:00)
	结果：未满足
===2021-08-10 17:49:23.982===
===2021-08-10 17:49:24.156===
股票：605299板块涨跌幅判断-额外参数：
	分组名称：1
	走势名称：发
		条件不成立(不符合板块涨跌幅条件)
	结果：未满足，返回code：-1
===2021-08-10 17:49:25.133===
额外条件未满足


===============================================

==============2021-08-10 17:50:14==============
===6开始执行条件2021-08-10 17:50:13.300===
===开始判断价格条件2021-08-10 17:50:13.300===
===开始判断额外/转自动条件2021-08-10 17:50:13.387===
===2021-08-10 17:50:13.628===
股票：605299指定时间段判断-额外参数：
	分组名称：1
	走势名称：时间段
		条件不成立(当前时间：2021-08-10 17:50:13.299,条件时段：09:30:00-13:00:00)
	结果：未满足
===2021-08-10 17:50:13.628===
===2021-08-10 17:50:13.696===
股票：605299板块涨跌幅判断-额外参数：
	分组名称：1
	走势名称：发
		条件不成立(不符合板块涨跌幅条件)
	结果：未满足，返回code：-1
===2021-08-10 17:50:14.254===
额外条件未满足


===============================================

==============2021-08-10 17:52:14==============
===6开始执行条件2021-08-10 17:52:11.204===
===开始判断价格条件2021-08-10 17:52:11.204===
===开始判断额外/转自动条件2021-08-10 17:52:12.314===
===2021-08-10 17:52:12.795===
股票：605299指定时间段判断-额外参数：
	分组名称：1
	走势名称：时间段
		条件不成立(当前时间：2021-08-10 17:52:11.204,条件时段：09:30:00-13:00:00)
	结果：未满足
===2021-08-10 17:52:12.795===
===2021-08-10 17:52:12.952===
股票：605299板块涨跌幅判断-额外参数：
	分组名称：1
	走势名称：发
		条件不成立(不符合板块涨跌幅条件)
	结果：未满足，返回code：-1
===2021-08-10 17:52:14.291===
额外条件未满足


===============================================

==============2021-08-10 17:52:50==============
===6开始执行条件2021-08-10 17:52:47.910===
===开始判断价格条件2021-08-10 17:52:47.910===
===开始判断额外/转自动条件2021-08-10 17:52:48.799===
===2021-08-10 17:52:49.758===
股票：605299指定时间段判断-额外参数：
	分组名称：1
	走势名称：时间段
		条件不成立(当前时间：2021-08-10 17:52:47.910,条件时段：09:30:00-13:00:00)
	结果：未满足
===2021-08-10 17:52:49.758===
===2021-08-10 17:52:49.916===
股票：605299板块涨跌幅判断-额外参数：
	分组名称：1
	走势名称：发
		条件不成立(不符合板块涨跌幅条件)
	结果：未满足，返回code：-1
===2021-08-10 17:52:50.953===
额外条件未满足


===============================================

==============2021-08-10 17:53:18==============
===6开始执行条件2021-08-10 17:53:16.332===
===开始判断价格条件2021-08-10 17:53:16.332===
===开始判断额外/转自动条件2021-08-10 17:53:16.760===
===2021-08-10 17:53:17.049===
股票：605299指定时间段判断-额外参数：
	分组名称：1
	走势名称：时间段
		条件不成立(当前时间：2021-08-10 17:53:16.331,条件时段：09:30:00-13:00:00)
	结果：未满足
===2021-08-10 17:53:17.050===
===2021-08-10 17:53:17.114===
股票：605299板块涨跌幅判断-额外参数：
	分组名称：1
	走势名称：发
		条件不成立(不符合板块涨跌幅条件)
	结果：未满足，返回code：-1
===2021-08-10 17:53:18.456===
额外条件未满足


===============================================

==============2021-08-10 17:53:50==============
===6开始执行条件2021-08-10 17:53:47.869===
===开始判断价格条件2021-08-10 17:53:47.869===
===开始判断额外/转自动条件2021-08-10 17:53:49.443===
===2021-08-10 17:53:49.631===
股票：605299指定时间段判断-额外参数：
	分组名称：1
	走势名称：时间段
		条件不成立(当前时间：2021-08-10 17:53:47.868,条件时段：09:30:00-13:00:00)
	结果：未满足
===2021-08-10 17:53:49.631===
===2021-08-10 17:53:49.671===
股票：605299板块涨跌幅判断-额外参数：
	分组名称：1
	走势名称：发
		条件不成立(不符合板块涨跌幅条件)
	结果：未满足，返回code：-1
===2021-08-10 17:53:50.951===
额外条件未满足


===============================================

==============2021-08-10 17:54:04==============
===6开始执行条件2021-08-10 17:54:03.939===
===开始判断价格条件2021-08-10 17:54:03.939===
===开始判断额外/转自动条件2021-08-10 17:54:04.058===
===2021-08-10 17:54:04.179===
股票：605299指定时间段判断-额外参数：
	分组名称：1
	走势名称：时间段
		条件不成立(当前时间：2021-08-10 17:54:03.939,条件时段：09:30:00-13:00:00)
	结果：未满足
===2021-08-10 17:54:04.179===
===2021-08-10 17:54:04.236===
股票：605299板块涨跌幅判断-额外参数：
	分组名称：1
	走势名称：发
		条件不成立(不符合板块涨跌幅条件)
	结果：未满足，返回code：-1
===2021-08-10 17:54:04.794===
额外条件未满足


===============================================

==============2021-08-10 17:54:21==============
===6开始执行条件2021-08-10 17:54:19.895===
===开始判断价格条件2021-08-10 17:54:19.895===
===开始判断额外/转自动条件2021-08-10 17:54:20.676===
===2021-08-10 17:54:21.171===
股票：605299指定时间段判断-额外参数：
	分组名称：1
	走势名称：时间段
		条件不成立(当前时间：2021-08-10 17:54:19.894,条件时段：09:30:00-13:00:00)
	结果：未满足
===2021-08-10 17:54:21.171===
===2021-08-10 17:54:21.214===
股票：605299板块涨跌幅判断-额外参数：
	分组名称：1
	走势名称：发
		条件不成立(不符合板块涨跌幅条件)
	结果：未满足，返回code：-1
===2021-08-10 17:54:21.747===
额外条件未满足


===============================================

