==============2021-08-06 14:27:00==============
===6开始执行条件2021-08-06 14:26:57.722===
===开始判断价格条件2021-08-06 14:26:57.722===
===开始判断额外/转自动条件2021-08-06 14:26:58.632===
===2021-08-06 14:26:59.082===
股票：605299指定时间段判断-额外参数：
	分组名称：1
	走势名称：时间段
		条件不成立(当前时间：2021-08-06 14:26:57.721,条件时段：09:30:00-13:00:00)
	结果：未满足
===2021-08-06 14:26:59.082===
===2021-08-06 14:26:59.286===
股票：605299板块涨跌幅判断-额外参数：
	分组名称：1
	走势名称：发
		条件不成立(不符合板块涨跌幅条件)
	结果：未满足，返回code：-1
===2021-08-06 14:27:00.281===
额外条件未满足


===============================================

==============2021-08-06 14:41:24==============
===6开始执行条件2021-08-06 14:41:22.055===
===开始判断价格条件2021-08-06 14:41:22.055===
===开始判断额外/转自动条件2021-08-06 14:41:22.824===
===2021-08-06 14:41:23.238===
股票：605299指定时间段判断-额外参数：
	分组名称：1
	走势名称：时间段
		条件不成立(当前时间：2021-08-06 14:41:22.054,条件时段：09:30:00-13:00:00)
	结果：未满足
===2021-08-06 14:41:23.238===
===2021-08-06 14:41:23.287===
股票：605299板块涨跌幅判断-额外参数：
	分组名称：1
	走势名称：发
		条件不成立(不符合板块涨跌幅条件)
	结果：未满足，返回code：-1
===2021-08-06 14:41:24.417===
额外条件未满足


===============================================

==============2021-08-06 14:42:50==============
===6开始执行条件2021-08-06 14:42:39.275===
===开始判断价格条件2021-08-06 14:42:39.275===
===开始判断额外/转自动条件2021-08-06 14:42:43.630===
===2021-08-06 14:42:45.213===
股票：605299指定时间段判断-额外参数：
	分组名称：1
	走势名称：时间段
		条件不成立(当前时间：2021-08-06 14:42:39.275,条件时段：09:30:00-13:00:00)
	结果：未满足
===2021-08-06 14:42:45.214===
===2021-08-06 14:42:45.578===
股票：605299板块涨跌幅判断-额外参数：
	分组名称：1
	走势名称：发
		条件不成立(不符合板块涨跌幅条件)
	结果：未满足，返回code：-1
===2021-08-06 14:42:50.668===
额外条件未满足


===============================================

==============2021-08-06 15:12:52==============
===6开始执行条件2021-08-06 15:12:51.001===
===开始判断价格条件2021-08-06 15:12:51.001===
===开始判断额外/转自动条件2021-08-06 15:12:51.151===
===2021-08-06 15:12:51.496===
股票：605299指定时间段判断-额外参数：
	分组名称：1
	走势名称：时间段
		条件不成立(当前时间：2021-08-06 15:12:51.000,条件时段：09:30:00-13:00:00)
	结果：未满足
===2021-08-06 15:12:51.496===
===2021-08-06 15:12:51.628===
股票：605299板块涨跌幅判断-额外参数：
	分组名称：1
	走势名称：发
		条件不成立(不符合板块涨跌幅条件)
	结果：未满足，返回code：-1
===2021-08-06 15:12:52.115===
额外条件未满足


===============================================

==============2021-08-06 15:14:11==============
===6开始执行条件2021-08-06 15:14:10.268===
===开始判断价格条件2021-08-06 15:14:10.268===
===开始判断额外/转自动条件2021-08-06 15:14:10.614===
===2021-08-06 15:14:10.816===
股票：605299指定时间段判断-额外参数：
	分组名称：1
	走势名称：时间段
		条件不成立(当前时间：2021-08-06 15:14:10.109,条件时段：09:30:00-13:00:00)
	结果：未满足
===2021-08-06 15:14:10.816===
===2021-08-06 15:14:10.864===
股票：605299板块涨跌幅判断-额外参数：
	分组名称：1
	走势名称：发
		条件不成立(不符合板块涨跌幅条件)
	结果：未满足，返回code：-1
===2021-08-06 15:14:11.343===
额外条件未满足


===============================================

==============2021-08-06 15:30:05==============
===6开始执行条件2021-08-06 15:30:04.800===
===开始判断价格条件2021-08-06 15:30:04.800===
===开始判断额外/转自动条件2021-08-06 15:30:04.945===
===2021-08-06 15:30:05.017===
股票：605299指定时间段判断-额外参数：
	分组名称：1
	走势名称：时间段
		条件不成立(当前时间：2021-08-06 15:30:04.800,条件时段：09:30:00-13:00:00)
	结果：未满足
===2021-08-06 15:30:05.017===
===2021-08-06 15:30:05.040===
股票：605299板块涨跌幅判断-额外参数：
	分组名称：1
	走势名称：发
		条件不成立(不符合板块涨跌幅条件)
	结果：未满足，返回code：-1
===2021-08-06 15:30:05.479===
额外条件未满足


===============================================

==============2021-08-06 15:30:26==============
===6开始执行条件2021-08-06 15:30:23.400===
===开始判断价格条件2021-08-06 15:30:23.400===
===开始判断额外/转自动条件2021-08-06 15:30:23.859===
===2021-08-06 15:30:24.243===
股票：605299指定时间段判断-额外参数：
	分组名称：1
	走势名称：时间段
		条件不成立(当前时间：2021-08-06 15:30:23.396,条件时段：09:30:00-13:00:00)
	结果：未满足
===2021-08-06 15:30:24.244===
===2021-08-06 15:30:24.413===
股票：605299板块涨跌幅判断-额外参数：
	分组名称：1
	走势名称：发
		条件不成立(不符合板块涨跌幅条件)
	结果：未满足，返回code：-1
===2021-08-06 15:30:26.891===
额外条件未满足


===============================================

==============2021-08-06 15:30:44==============
===6开始执行条件2021-08-06 15:30:43.530===
===开始判断价格条件2021-08-06 15:30:43.530===
===开始判断额外/转自动条件2021-08-06 15:30:43.940===
===2021-08-06 15:30:44.070===
股票：605299指定时间段判断-额外参数：
	分组名称：1
	走势名称：时间段
		条件不成立(当前时间：2021-08-06 15:30:43.530,条件时段：09:30:00-13:00:00)
	结果：未满足
===2021-08-06 15:30:44.071===
===2021-08-06 15:30:44.092===
股票：605299板块涨跌幅判断-额外参数：
	分组名称：1
	走势名称：发
		条件不成立(不符合板块涨跌幅条件)
	结果：未满足，返回code：-1
===2021-08-06 15:30:44.612===
额外条件未满足


===============================================

==============2021-08-06 15:31:04==============
===6开始执行条件2021-08-06 15:31:01.698===
===开始判断价格条件2021-08-06 15:31:01.698===
===开始判断额外/转自动条件2021-08-06 15:31:02.110===
===2021-08-06 15:31:02.351===
股票：605299指定时间段判断-额外参数：
	分组名称：1
	走势名称：时间段
		条件不成立(当前时间：2021-08-06 15:31:01.697,条件时段：09:30:00-13:00:00)
	结果：未满足
===2021-08-06 15:31:02.351===
===2021-08-06 15:31:02.392===
股票：605299板块涨跌幅判断-额外参数：
	分组名称：1
	走势名称：发
		条件不成立(不符合板块涨跌幅条件)
	结果：未满足，返回code：-1
===2021-08-06 15:31:04.474===
额外条件未满足


===============================================

==============2021-08-06 15:31:20==============
===6开始执行条件2021-08-06 15:31:19.155===
===开始判断价格条件2021-08-06 15:31:19.155===
===开始判断额外/转自动条件2021-08-06 15:31:19.575===
===2021-08-06 15:31:19.694===
股票：605299指定时间段判断-额外参数：
	分组名称：1
	走势名称：时间段
		条件不成立(当前时间：2021-08-06 15:31:19.154,条件时段：09:30:00-13:00:00)
	结果：未满足
===2021-08-06 15:31:19.694===
===2021-08-06 15:31:19.793===
股票：605299板块涨跌幅判断-额外参数：
	分组名称：1
	走势名称：发
		条件不成立(不符合板块涨跌幅条件)
	结果：未满足，返回code：-1
===2021-08-06 15:31:20.256===
额外条件未满足


===============================================

==============2021-08-06 15:32:33==============
===6开始执行条件2021-08-06 15:32:31.956===
===开始判断价格条件2021-08-06 15:32:31.956===
===开始判断额外/转自动条件2021-08-06 15:32:32.215===
===2021-08-06 15:32:32.657===
股票：605299指定时间段判断-额外参数：
	分组名称：1
	走势名称：时间段
		条件不成立(当前时间：2021-08-06 15:32:31.956,条件时段：09:30:00-13:00:00)
	结果：未满足
===2021-08-06 15:32:32.657===
===2021-08-06 15:32:32.879===
股票：605299板块涨跌幅判断-额外参数：
	分组名称：1
	走势名称：发
		条件不成立(不符合板块涨跌幅条件)
	结果：未满足，返回code：-1
===2021-08-06 15:32:33.628===
额外条件未满足


===============================================

==============2021-08-06 15:32:45==============
===6开始执行条件2021-08-06 15:32:44.337===
===开始判断价格条件2021-08-06 15:32:44.337===
===开始判断额外/转自动条件2021-08-06 15:32:44.499===
===2021-08-06 15:32:44.558===
股票：605299指定时间段判断-额外参数：
	分组名称：1
	走势名称：时间段
		条件不成立(当前时间：2021-08-06 15:32:44.336,条件时段：09:30:00-13:00:00)
	结果：未满足
===2021-08-06 15:32:44.558===
===2021-08-06 15:32:44.881===
股票：605299板块涨跌幅判断-额外参数：
	分组名称：1
	走势名称：发
		条件不成立(不符合板块涨跌幅条件)
	结果：未满足，返回code：-1
===2021-08-06 15:32:45.456===
额外条件未满足


===============================================

==============2021-08-06 17:04:55==============
===6开始执行条件2021-08-06 17:04:53.182===
===开始判断价格条件2021-08-06 17:04:53.182===
===开始判断额外/转自动条件2021-08-06 17:04:53.843===
===2021-08-06 17:04:53.988===
股票：605299指定时间段判断-额外参数：
	分组名称：1
	走势名称：时间段
		条件不成立(当前时间：2021-08-06 17:04:53.181,条件时段：09:30:00-13:00:00)
	结果：未满足
===2021-08-06 17:04:53.988===
===2021-08-06 17:04:54.057===
股票：605299板块涨跌幅判断-额外参数：
	分组名称：1
	走势名称：发
		条件不成立(不符合板块涨跌幅条件)
	结果：未满足，返回code：-1
===2021-08-06 17:04:55.116===
额外条件未满足


===============================================

==============2021-08-06 17:05:18==============
===6开始执行条件2021-08-06 17:05:17.155===
===开始判断价格条件2021-08-06 17:05:17.155===
===开始判断额外/转自动条件2021-08-06 17:05:17.526===
===2021-08-06 17:05:17.632===
股票：605299指定时间段判断-额外参数：
	分组名称：1
	走势名称：时间段
		条件不成立(当前时间：2021-08-06 17:05:17.155,条件时段：09:30:00-13:00:00)
	结果：未满足
===2021-08-06 17:05:17.632===
===2021-08-06 17:05:17.756===
股票：605299板块涨跌幅判断-额外参数：
	分组名称：1
	走势名称：发
		条件不成立(不符合板块涨跌幅条件)
	结果：未满足，返回code：-1
===2021-08-06 17:05:18.884===
额外条件未满足


===============================================

==============2021-08-06 17:05:33==============
===6开始执行条件2021-08-06 17:05:32.575===
===开始判断价格条件2021-08-06 17:05:32.575===
===开始判断额外/转自动条件2021-08-06 17:05:32.888===
===2021-08-06 17:05:32.961===
股票：605299指定时间段判断-额外参数：
	分组名称：1
	走势名称：时间段
		条件不成立(当前时间：2021-08-06 17:05:32.574,条件时段：09:30:00-13:00:00)
	结果：未满足
===2021-08-06 17:05:32.961===
===2021-08-06 17:05:32.976===
股票：605299板块涨跌幅判断-额外参数：
	分组名称：1
	走势名称：发
		条件不成立(不符合板块涨跌幅条件)
	结果：未满足，返回code：-1
===2021-08-06 17:05:33.387===
额外条件未满足


===============================================

==============2021-08-06 17:05:56==============
===6开始执行条件2021-08-06 17:05:53.953===
===开始判断价格条件2021-08-06 17:05:53.953===
===开始判断额外/转自动条件2021-08-06 17:05:54.428===
===2021-08-06 17:05:54.688===
股票：605299指定时间段判断-额外参数：
	分组名称：1
	走势名称：时间段
		条件不成立(当前时间：2021-08-06 17:05:53.953,条件时段：09:30:00-13:00:00)
	结果：未满足
===2021-08-06 17:05:54.688===
===2021-08-06 17:05:54.863===
股票：605299板块涨跌幅判断-额外参数：
	分组名称：1
	走势名称：发
		条件不成立(不符合板块涨跌幅条件)
	结果：未满足，返回code：-1
===2021-08-06 17:05:56.392===
额外条件未满足


===============================================

==============2021-08-06 17:06:25==============
===6开始执行条件2021-08-06 17:06:21.637===
===开始判断价格条件2021-08-06 17:06:21.637===
===开始判断额外/转自动条件2021-08-06 17:06:23.110===
===2021-08-06 17:06:23.981===
股票：605299指定时间段判断-额外参数：
	分组名称：1
	走势名称：时间段
		条件不成立(当前时间：2021-08-06 17:06:21.637,条件时段：09:30:00-13:00:00)
	结果：未满足
===2021-08-06 17:06:23.981===
===2021-08-06 17:06:24.099===
股票：605299板块涨跌幅判断-额外参数：
	分组名称：1
	走势名称：发
		条件不成立(不符合板块涨跌幅条件)
	结果：未满足，返回code：-1
===2021-08-06 17:06:25.726===
额外条件未满足


===============================================

==============2021-08-06 17:06:48==============
===6开始执行条件2021-08-06 17:06:40.648===
===开始判断价格条件2021-08-06 17:06:40.648===
===开始判断额外/转自动条件2021-08-06 17:06:41.527===
===2021-08-06 17:06:42.323===
股票：605299指定时间段判断-额外参数：
	分组名称：1
	走势名称：时间段
		条件不成立(当前时间：2021-08-06 17:06:40.647,条件时段：09:30:00-13:00:00)
	结果：未满足
===2021-08-06 17:06:42.323===
===2021-08-06 17:06:42.585===
股票：605299板块涨跌幅判断-额外参数：
	分组名称：1
	走势名称：发
		条件不成立(不符合板块涨跌幅条件)
	结果：未满足，返回code：-1
===2021-08-06 17:06:48.193===
额外条件未满足


===============================================

==============2021-08-06 17:07:05==============
===6开始执行条件2021-08-06 17:07:02.279===
===开始判断价格条件2021-08-06 17:07:02.279===
===开始判断额外/转自动条件2021-08-06 17:07:02.567===
===2021-08-06 17:07:03.457===
股票：605299指定时间段判断-额外参数：
	分组名称：1
	走势名称：时间段
		条件不成立(当前时间：2021-08-06 17:07:02.278,条件时段：09:30:00-13:00:00)
	结果：未满足
===2021-08-06 17:07:03.457===
===2021-08-06 17:07:03.523===
股票：605299板块涨跌幅判断-额外参数：
	分组名称：1
	走势名称：发
		条件不成立(不符合板块涨跌幅条件)
	结果：未满足，返回code：-1
===2021-08-06 17:07:05.701===
额外条件未满足


===============================================

==============2021-08-06 17:07:26==============
===6开始执行条件2021-08-06 17:07:24.223===
===开始判断价格条件2021-08-06 17:07:24.223===
===开始判断额外/转自动条件2021-08-06 17:07:25.192===
===2021-08-06 17:07:25.665===
股票：605299指定时间段判断-额外参数：
	分组名称：1
	走势名称：时间段
		条件不成立(当前时间：2021-08-06 17:07:24.222,条件时段：09:30:00-13:00:00)
	结果：未满足
===2021-08-06 17:07:25.665===
===2021-08-06 17:07:25.764===
股票：605299板块涨跌幅判断-额外参数：
	分组名称：1
	走势名称：发
		条件不成立(不符合板块涨跌幅条件)
	结果：未满足，返回code：-1
===2021-08-06 17:07:26.726===
额外条件未满足


===============================================

==============2021-08-06 17:07:51==============
===6开始执行条件2021-08-06 17:07:46.773===
===开始判断价格条件2021-08-06 17:07:46.773===
===开始判断额外/转自动条件2021-08-06 17:07:48.140===
===2021-08-06 17:07:48.861===
股票：605299指定时间段判断-额外参数：
	分组名称：1
	走势名称：时间段
		条件不成立(当前时间：2021-08-06 17:07:46.772,条件时段：09:30:00-13:00:00)
	结果：未满足
===2021-08-06 17:07:48.861===
===2021-08-06 17:07:49.276===
股票：605299板块涨跌幅判断-额外参数：
	分组名称：1
	走势名称：发
		条件不成立(不符合板块涨跌幅条件)
	结果：未满足，返回code：-1
===2021-08-06 17:07:51.796===
额外条件未满足


===============================================

==============2021-08-06 17:08:16==============
===6开始执行条件2021-08-06 17:08:11.835===
===开始判断价格条件2021-08-06 17:08:11.835===
===开始判断额外/转自动条件2021-08-06 17:08:12.982===
===2021-08-06 17:08:13.856===
股票：605299指定时间段判断-额外参数：
	分组名称：1
	走势名称：时间段
		条件不成立(当前时间：2021-08-06 17:08:11.835,条件时段：09:30:00-13:00:00)
	结果：未满足
===2021-08-06 17:08:13.856===
===2021-08-06 17:08:14.119===
股票：605299板块涨跌幅判断-额外参数：
	分组名称：1
	走势名称：发
		条件不成立(不符合板块涨跌幅条件)
	结果：未满足，返回code：-1
===2021-08-06 17:08:16.634===
额外条件未满足


===============================================

==============2021-08-06 17:08:38==============
===6开始执行条件2021-08-06 17:08:33.764===
===开始判断价格条件2021-08-06 17:08:33.764===
===开始判断额外/转自动条件2021-08-06 17:08:35.140===
===2021-08-06 17:08:35.900===
股票：605299指定时间段判断-额外参数：
	分组名称：1
	走势名称：时间段
		条件不成立(当前时间：2021-08-06 17:08:33.764,条件时段：09:30:00-13:00:00)
	结果：未满足
===2021-08-06 17:08:35.925===
===2021-08-06 17:08:36.124===
股票：605299板块涨跌幅判断-额外参数：
	分组名称：1
	走势名称：发
		条件不成立(不符合板块涨跌幅条件)
	结果：未满足，返回code：-1
===2021-08-06 17:08:38.863===
额外条件未满足


===============================================

==============2021-08-06 17:10:19==============
===6开始执行条件2021-08-06 17:10:18.169===
===开始判断价格条件2021-08-06 17:10:18.169===
===开始判断额外/转自动条件2021-08-06 17:10:18.373===
===2021-08-06 17:10:18.499===
股票：605299指定时间段判断-额外参数：
	分组名称：1
	走势名称：时间段
		条件不成立(当前时间：2021-08-06 17:10:18.168,条件时段：09:30:00-13:00:00)
	结果：未满足
===2021-08-06 17:10:18.499===
===2021-08-06 17:10:18.558===
股票：605299板块涨跌幅判断-额外参数：
	分组名称：1
	走势名称：发
		条件不成立(不符合板块涨跌幅条件)
	结果：未满足，返回code：-1
===2021-08-06 17:10:19.101===
额外条件未满足


===============================================

==============2021-08-06 17:10:38==============
===6开始执行条件2021-08-06 17:10:36.542===
===开始判断价格条件2021-08-06 17:10:36.542===
===开始判断额外/转自动条件2021-08-06 17:10:36.830===
===2021-08-06 17:10:36.954===
股票：605299指定时间段判断-额外参数：
	分组名称：1
	走势名称：时间段
		条件不成立(当前时间：2021-08-06 17:10:36.538,条件时段：09:30:00-13:00:00)
	结果：未满足
===2021-08-06 17:10:36.954===
===2021-08-06 17:10:36.997===
股票：605299板块涨跌幅判断-额外参数：
	分组名称：1
	走势名称：发
		条件不成立(不符合板块涨跌幅条件)
	结果：未满足，返回code：-1
===2021-08-06 17:10:38.195===
额外条件未满足


===============================================

==============2021-08-06 17:10:58==============
===6开始执行条件2021-08-06 17:10:55.936===
===开始判断价格条件2021-08-06 17:10:55.936===
===开始判断额外/转自动条件2021-08-06 17:10:56.330===
===2021-08-06 17:10:56.416===
股票：605299指定时间段判断-额外参数：
	分组名称：1
	走势名称：时间段
		条件不成立(当前时间：2021-08-06 17:10:55.936,条件时段：09:30:00-13:00:00)
	结果：未满足
===2021-08-06 17:10:56.416===
===2021-08-06 17:10:56.582===
股票：605299板块涨跌幅判断-额外参数：
	分组名称：1
	走势名称：发
		条件不成立(不符合板块涨跌幅条件)
	结果：未满足，返回code：-1
===2021-08-06 17:10:58.196===
额外条件未满足


===============================================

==============2021-08-06 17:11:23==============
===6开始执行条件2021-08-06 17:11:17.865===
===开始判断价格条件2021-08-06 17:11:17.865===
===开始判断额外/转自动条件2021-08-06 17:11:19.487===
===2021-08-06 17:11:20.325===
股票：605299指定时间段判断-额外参数：
	分组名称：1
	走势名称：时间段
		条件不成立(当前时间：2021-08-06 17:11:17.864,条件时段：09:30:00-13:00:00)
	结果：未满足
===2021-08-06 17:11:20.325===
===2021-08-06 17:11:20.566===
股票：605299板块涨跌幅判断-额外参数：
	分组名称：1
	走势名称：发
		条件不成立(不符合板块涨跌幅条件)
	结果：未满足，返回code：-1
===2021-08-06 17:11:23.263===
额外条件未满足


===============================================

==============2021-08-06 17:11:44==============
===6开始执行条件2021-08-06 17:11:39.162===
===开始判断价格条件2021-08-06 17:11:39.163===
===开始判断额外/转自动条件2021-08-06 17:11:40.394===
===2021-08-06 17:11:41.182===
股票：605299指定时间段判断-额外参数：
	分组名称：1
	走势名称：时间段
		条件不成立(当前时间：2021-08-06 17:11:39.162,条件时段：09:30:00-13:00:00)
	结果：未满足
===2021-08-06 17:11:41.182===
===2021-08-06 17:11:41.338===
股票：605299板块涨跌幅判断-额外参数：
	分组名称：1
	走势名称：发
		条件不成立(不符合板块涨跌幅条件)
	结果：未满足，返回code：-1
===2021-08-06 17:11:44.768===
额外条件未满足


===============================================

==============2021-08-06 17:12:04==============
===6开始执行条件2021-08-06 17:12:01.566===
===开始判断价格条件2021-08-06 17:12:01.566===
===开始判断额外/转自动条件2021-08-06 17:12:02.192===
===2021-08-06 17:12:02.488===
股票：605299指定时间段判断-额外参数：
	分组名称：1
	走势名称：时间段
		条件不成立(当前时间：2021-08-06 17:12:01.566,条件时段：09:30:00-13:00:00)
	结果：未满足
===2021-08-06 17:12:02.488===
===2021-08-06 17:12:02.655===
股票：605299板块涨跌幅判断-额外参数：
	分组名称：1
	走势名称：发
		条件不成立(不符合板块涨跌幅条件)
	结果：未满足，返回code：-1
===2021-08-06 17:12:04.099===
额外条件未满足


===============================================

==============2021-08-06 17:12:26==============
===6开始执行条件2021-08-06 17:12:23.250===
===开始判断价格条件2021-08-06 17:12:23.250===
===开始判断额外/转自动条件2021-08-06 17:12:23.824===
===2021-08-06 17:12:24.575===
股票：605299指定时间段判断-额外参数：
	分组名称：1
	走势名称：时间段
		条件不成立(当前时间：2021-08-06 17:12:23.249,条件时段：09:30:00-13:00:00)
	结果：未满足
===2021-08-06 17:12:24.575===
===2021-08-06 17:12:24.914===
股票：605299板块涨跌幅判断-额外参数：
	分组名称：1
	走势名称：发
		条件不成立(不符合板块涨跌幅条件)
	结果：未满足，返回code：-1
===2021-08-06 17:12:26.838===
额外条件未满足


===============================================

