==============2021-08-09 10:11:07==============
===6开始执行条件2021-08-09 10:11:06.671===
===开始判断价格条件2021-08-09 10:11:06.671===
===开始判断额外/转自动条件2021-08-09 10:11:06.731===
===2021-08-09 10:11:06.767===
股票：605299指定时间段判断-额外参数：
	分组名称：1
	走势名称：时间段
		条件成立(当前时间：2021-08-09 10:11:06.670,条件时段：09:30:00-13:00:00)
	结果：达到要求
===2021-08-09 10:11:06.799===
===2021-08-09 10:11:07.184===
股票：605299多头向上判断-转自动参数：
	分组名称：2
	走势名称：多头向上
	结果：未满足，返回code：0
===2021-08-09 10:11:07.184===
满足所有条件，可以触发


===============================================

==============2021-08-09 10:11:25==============
===6开始执行条件2021-08-09 10:11:23.358===
===开始判断价格条件2021-08-09 10:11:23.358===
===开始判断额外/转自动条件2021-08-09 10:11:23.932===
===2021-08-09 10:11:24.314===
股票：605299指定时间段判断-额外参数：
	分组名称：1
	走势名称：时间段
		条件成立(当前时间：2021-08-09 10:11:23.358,条件时段：09:30:00-13:00:00)
	结果：达到要求
===2021-08-09 10:11:24.650===
===2021-08-09 10:11:25.417===
股票：605299多头向上判断-转自动参数：
	分组名称：2
	走势名称：多头向上
	结果：未满足，返回code：0
===2021-08-09 10:11:25.417===
满足所有条件，可以触发


===============================================

==============2021-08-09 11:03:16==============
===6开始执行条件2021-08-09 11:03:15.940===
===开始判断价格条件2021-08-09 11:03:15.940===
===开始判断额外/转自动条件2021-08-09 11:03:16.100===
===2021-08-09 11:03:16.270===
股票：605299指定时间段判断-额外参数：
	分组名称：1
	走势名称：时间段
		条件成立(当前时间：2021-08-09 11:03:15.940,条件时段：09:30:00-13:00:00)
	结果：达到要求
===2021-08-09 11:03:16.360===
===2021-08-09 11:03:16.544===
股票：605299多头向上判断-转自动参数：
	分组名称：2
	走势名称：多头向上
	结果：未满足，返回code：0
===2021-08-09 11:03:16.544===
满足所有条件，可以触发


===============================================

==============2021-08-09 11:03:31==============
===6开始执行条件2021-08-09 11:03:30.604===
===开始判断价格条件2021-08-09 11:03:30.604===
===开始判断额外/转自动条件2021-08-09 11:03:30.876===
===2021-08-09 11:03:31.077===
股票：605299指定时间段判断-额外参数：
	分组名称：1
	走势名称：时间段
		条件成立(当前时间：2021-08-09 11:03:30.603,条件时段：09:30:00-13:00:00)
	结果：达到要求
===2021-08-09 11:03:31.185===
===2021-08-09 11:03:31.468===
股票：605299多头向上判断-转自动参数：
	分组名称：2
	走势名称：多头向上
	结果：未满足，返回code：0
===2021-08-09 11:03:31.468===
满足所有条件，可以触发


===============================================

