==============2021-08-11 10:28:35==============
===6开始执行条件2021-08-11 10:28:33.967===
===开始判断价格条件2021-08-11 10:28:33.967===
===开始判断额外/转自动条件2021-08-11 10:28:34.297===
===2021-08-11 10:28:34.638===
股票：605299指定时间段判断-额外参数：
	分组名称：1
	走势名称：时间段
		条件成立(当前时间：2021-08-11 10:28:33.966,条件时段：09:30:00-13:00:00)
	结果：达到要求
===2021-08-11 10:28:34.756===
===2021-08-11 10:28:35.013===
股票：605299多头向上判断-转自动参数：
	分组名称：2
	走势名称：多头向上
	结果：未满足，返回code：0
===2021-08-11 10:28:35.013===
满足所有条件，可以触发


===============================================

==============2021-08-11 10:28:52==============
===6开始执行条件2021-08-11 10:28:51.608===
===开始判断价格条件2021-08-11 10:28:51.608===
===开始判断额外/转自动条件2021-08-11 10:28:51.822===
===2021-08-11 10:28:51.887===
股票：605299指定时间段判断-额外参数：
	分组名称：1
	走势名称：时间段
		条件成立(当前时间：2021-08-11 10:28:51.590,条件时段：09:30:00-13:00:00)
	结果：达到要求
===2021-08-11 10:28:51.978===
===2021-08-11 10:28:52.094===
股票：605299多头向上判断-转自动参数：
	分组名称：2
	走势名称：多头向上
	结果：未满足，返回code：0
===2021-08-11 10:28:52.095===
满足所有条件，可以触发


===============================================

==============2021-08-11 10:29:02==============
===6开始执行条件2021-08-11 10:29:00.976===
===开始判断价格条件2021-08-11 10:29:00.976===
===开始判断额外/转自动条件2021-08-11 10:29:01.025===
===2021-08-11 10:29:01.075===
股票：605299指定时间段判断-额外参数：
	分组名称：1
	走势名称：时间段
		条件成立(当前时间：2021-08-11 10:29:00.976,条件时段：09:30:00-13:00:00)
	结果：达到要求
===2021-08-11 10:29:02.053===
===2021-08-11 10:29:02.203===
股票：605299多头向上判断-转自动参数：
	分组名称：2
	走势名称：多头向上
	结果：未满足，返回code：0
===2021-08-11 10:29:02.203===
满足所有条件，可以触发


===============================================

==============2021-08-11 10:29:45==============
===6开始执行条件2021-08-11 10:29:44.373===
===开始判断价格条件2021-08-11 10:29:44.374===
===开始判断额外/转自动条件2021-08-11 10:29:44.567===
===2021-08-11 10:29:44.744===
股票：605299指定时间段判断-额外参数：
	分组名称：1
	走势名称：时间段
		条件成立(当前时间：2021-08-11 10:29:44.373,条件时段：09:30:00-13:00:00)
	结果：达到要求
===2021-08-11 10:29:44.874===
===2021-08-11 10:29:45.191===
股票：605299多头向上判断-转自动参数：
	分组名称：2
	走势名称：多头向上
	结果：未满足，返回code：0
===2021-08-11 10:29:45.191===
满足所有条件，可以触发


===============================================

==============2021-08-11 10:29:57==============
===6开始执行条件2021-08-11 10:29:55.400===
===开始判断价格条件2021-08-11 10:29:55.400===
===开始判断额外/转自动条件2021-08-11 10:29:56.279===
===2021-08-11 10:29:56.662===
股票：605299指定时间段判断-额外参数：
	分组名称：1
	走势名称：时间段
		条件成立(当前时间：2021-08-11 10:29:55.400,条件时段：09:30:00-13:00:00)
	结果：达到要求
===2021-08-11 10:29:57.210===
===2021-08-11 10:29:57.842===
股票：605299多头向上判断-转自动参数：
	分组名称：2
	走势名称：多头向上
	结果：未满足，返回code：0
===2021-08-11 10:29:57.896===
满足所有条件，可以触发


===============================================

==============2021-08-11 10:30:15==============
===6开始执行条件2021-08-11 10:30:14.547===
===开始判断价格条件2021-08-11 10:30:14.547===
===开始判断额外/转自动条件2021-08-11 10:30:14.917===
===2021-08-11 10:30:15.030===
股票：605299指定时间段判断-额外参数：
	分组名称：1
	走势名称：时间段
		条件成立(当前时间：2021-08-11 10:30:14.546,条件时段：09:30:00-13:00:00)
	结果：达到要求
===2021-08-11 10:30:15.123===
===2021-08-11 10:30:15.373===
股票：605299多头向上判断-转自动参数：
	分组名称：2
	走势名称：多头向上
	结果：未满足，返回code：0
===2021-08-11 10:30:15.373===
满足所有条件，可以触发


===============================================

==============2021-08-11 10:30:31==============
===6开始执行条件2021-08-11 10:30:30.792===
===开始判断价格条件2021-08-11 10:30:30.792===
===开始判断额外/转自动条件2021-08-11 10:30:31.018===
===2021-08-11 10:30:31.213===
股票：605299指定时间段判断-额外参数：
	分组名称：1
	走势名称：时间段
		条件成立(当前时间：2021-08-11 10:30:30.792,条件时段：09:30:00-13:00:00)
	结果：达到要求
===2021-08-11 10:30:31.389===
===2021-08-11 10:30:31.787===
股票：605299多头向上判断-转自动参数：
	分组名称：2
	走势名称：多头向上
	结果：未满足，返回code：0
===2021-08-11 10:30:31.787===
满足所有条件，可以触发


===============================================

==============2021-08-11 10:30:42==============
===6开始执行条件2021-08-11 10:30:42.214===
===开始判断价格条件2021-08-11 10:30:42.214===
===开始判断额外/转自动条件2021-08-11 10:30:42.370===
===2021-08-11 10:30:42.432===
股票：605299指定时间段判断-额外参数：
	分组名称：1
	走势名称：时间段
		条件成立(当前时间：2021-08-11 10:30:42.213,条件时段：09:30:00-13:00:00)
	结果：达到要求
===2021-08-11 10:30:42.495===
===2021-08-11 10:30:42.637===
股票：605299多头向上判断-转自动参数：
	分组名称：2
	走势名称：多头向上
	结果：未满足，返回code：0
===2021-08-11 10:30:42.637===
满足所有条件，可以触发


===============================================

==============2021-08-11 10:30:59==============
===6开始执行条件2021-08-11 10:30:58.934===
===开始判断价格条件2021-08-11 10:30:58.934===
===开始判断额外/转自动条件2021-08-11 10:30:59.093===
===2021-08-11 10:30:59.138===
股票：605299指定时间段判断-额外参数：
	分组名称：1
	走势名称：时间段
		条件成立(当前时间：2021-08-11 10:30:58.929,条件时段：09:30:00-13:00:00)
	结果：达到要求
===2021-08-11 10:30:59.201===
===2021-08-11 10:30:59.288===
股票：605299多头向上判断-转自动参数：
	分组名称：2
	走势名称：多头向上
	结果：未满足，返回code：0
===2021-08-11 10:30:59.288===
满足所有条件，可以触发


===============================================

==============2021-08-11 10:31:18==============
===6开始执行条件2021-08-11 10:31:17.473===
===开始判断价格条件2021-08-11 10:31:17.473===
===开始判断额外/转自动条件2021-08-11 10:31:17.652===
===2021-08-11 10:31:17.827===
股票：605299指定时间段判断-额外参数：
	分组名称：1
	走势名称：时间段
		条件成立(当前时间：2021-08-11 10:31:17.469,条件时段：09:30:00-13:00:00)
	结果：达到要求
===2021-08-11 10:31:17.932===
===2021-08-11 10:31:18.060===
股票：605299多头向上判断-转自动参数：
	分组名称：2
	走势名称：多头向上
	结果：未满足，返回code：0
===2021-08-11 10:31:18.060===
满足所有条件，可以触发


===============================================

==============2021-08-11 10:31:24==============
===6开始执行条件2021-08-11 10:31:23.491===
===开始判断价格条件2021-08-11 10:31:23.491===
===开始判断额外/转自动条件2021-08-11 10:31:23.690===
===2021-08-11 10:31:23.850===
股票：605299指定时间段判断-额外参数：
	分组名称：1
	走势名称：时间段
		条件成立(当前时间：2021-08-11 10:31:23.490,条件时段：09:30:00-13:00:00)
	结果：达到要求
===2021-08-11 10:31:24.229===
===2021-08-11 10:31:24.375===
股票：605299多头向上判断-转自动参数：
	分组名称：2
	走势名称：多头向上
	结果：未满足，返回code：0
===2021-08-11 10:31:24.375===
满足所有条件，可以触发


===============================================

==============2021-08-11 10:31:31==============
===6开始执行条件2021-08-11 10:31:31.222===
===开始判断价格条件2021-08-11 10:31:31.222===
===开始判断额外/转自动条件2021-08-11 10:31:31.284===
===2021-08-11 10:31:31.320===
股票：605299指定时间段判断-额外参数：
	分组名称：1
	走势名称：时间段
		条件成立(当前时间：2021-08-11 10:31:31.222,条件时段：09:30:00-13:00:00)
	结果：达到要求
===2021-08-11 10:31:31.412===
===2021-08-11 10:31:31.471===
股票：605299多头向上判断-转自动参数：
	分组名称：2
	走势名称：多头向上
	结果：未满足，返回code：0
===2021-08-11 10:31:31.471===
满足所有条件，可以触发


===============================================

==============2021-08-11 10:31:45==============
===6开始执行条件2021-08-11 10:31:41.306===
===开始判断价格条件2021-08-11 10:31:41.306===
===开始判断额外/转自动条件2021-08-11 10:31:42.826===
===2021-08-11 10:31:44.020===
股票：605299指定时间段判断-额外参数：
	分组名称：1
	走势名称：时间段
		条件成立(当前时间：2021-08-11 10:31:41.305,条件时段：09:30:00-13:00:00)
	结果：达到要求
===2021-08-11 10:31:44.716===
===2021-08-11 10:31:45.414===
股票：605299多头向上判断-转自动参数：
	分组名称：2
	走势名称：多头向上
	结果：未满足，返回code：0
===2021-08-11 10:31:45.414===
满足所有条件，可以触发


===============================================

==============2021-08-11 10:32:00==============
===6开始执行条件2021-08-11 10:31:58.163===
===开始判断价格条件2021-08-11 10:31:58.163===
===开始判断额外/转自动条件2021-08-11 10:31:58.775===
===2021-08-11 10:31:59.382===
股票：605299指定时间段判断-额外参数：
	分组名称：1
	走势名称：时间段
		条件成立(当前时间：2021-08-11 10:31:58.162,条件时段：09:30:00-13:00:00)
	结果：达到要求
===2021-08-11 10:32:00.108===
===2021-08-11 10:32:00.917===
股票：605299多头向上判断-转自动参数：
	分组名称：2
	走势名称：多头向上
	结果：未满足，返回code：0
===2021-08-11 10:32:00.917===
满足所有条件，可以触发


===============================================

==============2021-08-11 10:32:19==============
===6开始执行条件2021-08-11 10:32:17.220===
===开始判断价格条件2021-08-11 10:32:17.220===
===开始判断额外/转自动条件2021-08-11 10:32:18.050===
===2021-08-11 10:32:18.429===
股票：605299指定时间段判断-额外参数：
	分组名称：1
	走势名称：时间段
		条件成立(当前时间：2021-08-11 10:32:17.219,条件时段：09:30:00-13:00:00)
	结果：达到要求
===2021-08-11 10:32:18.934===
===2021-08-11 10:32:19.903===
股票：605299多头向上判断-转自动参数：
	分组名称：2
	走势名称：多头向上
	结果：未满足，返回code：0
===2021-08-11 10:32:19.903===
满足所有条件，可以触发


===============================================

==============2021-08-11 10:32:45==============
===6开始执行条件2021-08-11 10:32:44.408===
===开始判断价格条件2021-08-11 10:32:44.408===
===开始判断额外/转自动条件2021-08-11 10:32:44.584===
===2021-08-11 10:32:44.803===
股票：605299指定时间段判断-额外参数：
	分组名称：1
	走势名称：时间段
		条件成立(当前时间：2021-08-11 10:32:44.400,条件时段：09:30:00-13:00:00)
	结果：达到要求
===2021-08-11 10:32:45.028===
===2021-08-11 10:32:45.233===
股票：605299多头向上判断-转自动参数：
	分组名称：2
	走势名称：多头向上
	结果：未满足，返回code：0
===2021-08-11 10:32:45.233===
满足所有条件，可以触发


===============================================

==============2021-08-11 10:32:57==============
===6开始执行条件2021-08-11 10:32:57.185===
===开始判断价格条件2021-08-11 10:32:57.185===
===开始判断额外/转自动条件2021-08-11 10:32:57.289===
===2021-08-11 10:32:57.343===
股票：605299指定时间段判断-额外参数：
	分组名称：1
	走势名称：时间段
		条件成立(当前时间：2021-08-11 10:32:57.184,条件时段：09:30:00-13:00:00)
	结果：达到要求
===2021-08-11 10:32:57.386===
===2021-08-11 10:32:57.464===
股票：605299多头向上判断-转自动参数：
	分组名称：2
	走势名称：多头向上
	结果：未满足，返回code：0
===2021-08-11 10:32:57.464===
满足所有条件，可以触发


===============================================

==============2021-08-11 10:33:06==============
===6开始执行条件2021-08-11 10:33:05.952===
===开始判断价格条件2021-08-11 10:33:05.952===
===开始判断额外/转自动条件2021-08-11 10:33:06.081===
===2021-08-11 10:33:06.169===
股票：605299指定时间段判断-额外参数：
	分组名称：1
	走势名称：时间段
		条件成立(当前时间：2021-08-11 10:33:05.951,条件时段：09:30:00-13:00:00)
	结果：达到要求
===2021-08-11 10:33:06.239===
===2021-08-11 10:33:06.333===
股票：605299多头向上判断-转自动参数：
	分组名称：2
	走势名称：多头向上
	结果：未满足，返回code：0
===2021-08-11 10:33:06.333===
满足所有条件，可以触发


===============================================

==============2021-08-11 10:33:25==============
===6开始执行条件2021-08-11 10:33:24.131===
===开始判断价格条件2021-08-11 10:33:24.131===
===开始判断额外/转自动条件2021-08-11 10:33:24.481===
===2021-08-11 10:33:24.943===
股票：605299指定时间段判断-额外参数：
	分组名称：1
	走势名称：时间段
		条件成立(当前时间：2021-08-11 10:33:24.131,条件时段：09:30:00-13:00:00)
	结果：达到要求
===2021-08-11 10:33:25.321===
===2021-08-11 10:33:25.986===
股票：605299多头向上判断-转自动参数：
	分组名称：2
	走势名称：多头向上
	结果：未满足，返回code：0
===2021-08-11 10:33:25.986===
满足所有条件，可以触发


===============================================

==============2021-08-11 10:34:58==============
===6开始执行条件2021-08-11 10:34:57.991===
===开始判断价格条件2021-08-11 10:34:57.991===
===开始判断额外/转自动条件2021-08-11 10:34:58.158===
===2021-08-11 10:34:58.237===
股票：605299指定时间段判断-额外参数：
	分组名称：1
	走势名称：时间段
		条件成立(当前时间：2021-08-11 10:34:57.990,条件时段：09:30:00-13:00:00)
	结果：达到要求
===2021-08-11 10:34:58.468===
===2021-08-11 10:34:58.680===
股票：605299多头向上判断-转自动参数：
	分组名称：2
	走势名称：多头向上
	结果：未满足，返回code：0
===2021-08-11 10:34:58.680===
满足所有条件，可以触发


===============================================

==============2021-08-11 10:35:07==============
===6开始执行条件2021-08-11 10:35:06.421===
===开始判断价格条件2021-08-11 10:35:06.421===
===开始判断额外/转自动条件2021-08-11 10:35:06.603===
===2021-08-11 10:35:06.713===
股票：605299指定时间段判断-额外参数：
	分组名称：1
	走势名称：时间段
		条件成立(当前时间：2021-08-11 10:35:06.412,条件时段：09:30:00-13:00:00)
	结果：达到要求
===2021-08-11 10:35:06.805===
===2021-08-11 10:35:07.070===
股票：605299多头向上判断-转自动参数：
	分组名称：2
	走势名称：多头向上
	结果：未满足，返回code：0
===2021-08-11 10:35:07.070===
满足所有条件，可以触发


===============================================

==============2021-08-11 10:35:17==============
===6开始执行条件2021-08-11 10:35:17.246===
===开始判断价格条件2021-08-11 10:35:17.246===
===开始判断额外/转自动条件2021-08-11 10:35:17.498===
===2021-08-11 10:35:17.716===
股票：605299指定时间段判断-额外参数：
	分组名称：1
	走势名称：时间段
		条件成立(当前时间：2021-08-11 10:35:17.245,条件时段：09:30:00-13:00:00)
	结果：达到要求
===2021-08-11 10:35:17.848===
===2021-08-11 10:35:17.996===
股票：605299多头向上判断-转自动参数：
	分组名称：2
	走势名称：多头向上
	结果：未满足，返回code：0
===2021-08-11 10:35:17.996===
满足所有条件，可以触发


===============================================

==============2021-08-11 10:35:32==============
===6开始执行条件2021-08-11 10:35:30.286===
===开始判断价格条件2021-08-11 10:35:30.286===
===开始判断额外/转自动条件2021-08-11 10:35:30.933===
===2021-08-11 10:35:31.277===
股票：605299指定时间段判断-额外参数：
	分组名称：1
	走势名称：时间段
		条件成立(当前时间：2021-08-11 10:35:30.286,条件时段：09:30:00-13:00:00)
	结果：达到要求
===2021-08-11 10:35:31.701===
===2021-08-11 10:35:32.043===
股票：605299多头向上判断-转自动参数：
	分组名称：2
	走势名称：多头向上
	结果：未满足，返回code：0
===2021-08-11 10:35:32.043===
满足所有条件，可以触发


===============================================

==============2021-08-11 10:36:10==============
===6开始执行条件2021-08-11 10:35:58.135===
===开始判断价格条件2021-08-11 10:35:58.135===
===开始判断额外/转自动条件2021-08-11 10:36:03.949===
===2021-08-11 10:36:09.000===
股票：605299指定时间段判断-额外参数：
	分组名称：1
	走势名称：时间段
		条件成立(当前时间：2021-08-11 10:35:58.135,条件时段：09:30:00-13:00:00)
	结果：达到要求
===2021-08-11 10:36:09.823===
===2021-08-11 10:36:10.823===
股票：605299多头向上判断-转自动参数：
	分组名称：2
	走势名称：多头向上
	结果：未满足，返回code：0
===2021-08-11 10:36:10.823===
满足所有条件，可以触发


===============================================

==============2021-08-11 10:36:29==============
===6开始执行条件2021-08-11 10:36:26.977===
===开始判断价格条件2021-08-11 10:36:26.977===
===开始判断额外/转自动条件2021-08-11 10:36:27.588===
===2021-08-11 10:36:28.191===
股票：605299指定时间段判断-额外参数：
	分组名称：1
	走势名称：时间段
		条件成立(当前时间：2021-08-11 10:36:26.976,条件时段：09:30:00-13:00:00)
	结果：达到要求
===2021-08-11 10:36:29.198===
===2021-08-11 10:36:29.887===
股票：605299多头向上判断-转自动参数：
	分组名称：2
	走势名称：多头向上
	结果：未满足，返回code：0
===2021-08-11 10:36:29.887===
满足所有条件，可以触发


===============================================

==============2021-08-11 10:37:05==============
===6开始执行条件2021-08-11 10:37:03.101===
===开始判断价格条件2021-08-11 10:37:03.101===
===开始判断额外/转自动条件2021-08-11 10:37:03.701===
===2021-08-11 10:37:03.841===
股票：605299指定时间段判断-额外参数：
	分组名称：1
	走势名称：时间段
		条件成立(当前时间：2021-08-11 10:37:03.100,条件时段：09:30:00-13:00:00)
	结果：达到要求
===2021-08-11 10:37:04.275===
===2021-08-11 10:37:05.553===
股票：605299多头向上判断-转自动参数：
	分组名称：2
	走势名称：多头向上
	结果：未满足，返回code：0
===2021-08-11 10:37:05.553===
满足所有条件，可以触发


===============================================

