==============2021-05-27 11:05:27==============
===开始判断价格条件2021-05-27 11:05:26.322===
===开始判断额外/转自动条件2021-05-27 11:05:26.350===
===2021-05-27 11:05:27.052===
股票：000722板块涨跌幅判断-额外参数：
	分组名称：11
	走势名称：发
	结果：未满足，返回code：-1
===2021-05-27 11:05:27.259===
额外条件未满足


===============================================

==============2021-05-27 11:05:28==============
===开始判断价格条件2021-05-27 11:05:28.404===
===开始判断额外/转自动条件2021-05-27 11:05:28.427===
===2021-05-27 11:05:28.470===
股票：000722板块涨跌幅判断-额外参数：
	分组名称：11
	走势名称：发
	结果：未满足，返回code：-1
===2021-05-27 11:05:28.663===
额外条件未满足


===============================================

==============2021-05-27 11:05:31==============
===开始判断价格条件2021-05-27 11:05:31.247===
===开始判断额外/转自动条件2021-05-27 11:05:31.268===
===2021-05-27 11:05:31.305===
股票：000722板块涨跌幅判断-额外参数：
	分组名称：11
	走势名称：发
	结果：未满足，返回code：-1
===2021-05-27 11:05:31.467===
额外条件未满足


===============================================

==============2021-05-27 11:05:34==============
===开始判断价格条件2021-05-27 11:05:33.895===
===开始判断额外/转自动条件2021-05-27 11:05:34.233===
===2021-05-27 11:05:34.514===
股票：000722板块涨跌幅判断-额外参数：
	分组名称：11
	走势名称：发
	结果：未满足，返回code：-1
===2021-05-27 11:05:34.999===
额外条件未满足


===============================================

==============2021-05-27 11:05:36==============
===开始判断价格条件2021-05-27 11:05:36.148===
===开始判断额外/转自动条件2021-05-27 11:05:36.174===
===2021-05-27 11:05:36.224===
股票：000722板块涨跌幅判断-额外参数：
	分组名称：11
	走势名称：发
	结果：未满足，返回code：-1
===2021-05-27 11:05:36.431===
额外条件未满足


===============================================

==============2021-05-27 11:05:38==============
===开始判断价格条件2021-05-27 11:05:37.599===
===开始判断额外/转自动条件2021-05-27 11:05:37.622===
===2021-05-27 11:05:38.020===
股票：000722板块涨跌幅判断-额外参数：
	分组名称：11
	走势名称：发
	结果：未满足，返回code：-1
===2021-05-27 11:05:38.723===
额外条件未满足


===============================================

==============2021-05-27 11:05:40==============
===开始判断价格条件2021-05-27 11:05:40.374===
===开始判断额外/转自动条件2021-05-27 11:05:40.396===
===2021-05-27 11:05:40.443===
股票：000722板块涨跌幅判断-额外参数：
	分组名称：11
	走势名称：发
	结果：未满足，返回code：-1
===2021-05-27 11:05:40.615===
额外条件未满足


===============================================

==============2021-05-27 11:05:42==============
===开始判断价格条件2021-05-27 11:05:42.376===
===开始判断额外/转自动条件2021-05-27 11:05:42.605===
===2021-05-27 11:05:42.681===
股票：000722板块涨跌幅判断-额外参数：
	分组名称：11
	走势名称：发
	结果：未满足，返回code：-1
===2021-05-27 11:05:42.854===
额外条件未满足


===============================================

==============2021-05-27 11:05:44==============
===开始判断价格条件2021-05-27 11:05:44.002===
===开始判断额外/转自动条件2021-05-27 11:05:44.026===
===2021-05-27 11:05:44.071===
股票：000722板块涨跌幅判断-额外参数：
	分组名称：11
	走势名称：发
	结果：未满足，返回code：-1
===2021-05-27 11:05:44.279===
额外条件未满足


===============================================

==============2021-05-27 11:05:47==============
===开始判断价格条件2021-05-27 11:05:46.943===
===开始判断额外/转自动条件2021-05-27 11:05:46.963===
===2021-05-27 11:05:47.009===
股票：000722板块涨跌幅判断-额外参数：
	分组名称：11
	走势名称：发
	结果：未满足，返回code：-1
===2021-05-27 11:05:47.595===
额外条件未满足


===============================================

==============2021-05-27 11:05:49==============
===开始判断价格条件2021-05-27 11:05:49.094===
===开始判断额外/转自动条件2021-05-27 11:05:49.115===
===2021-05-27 11:05:49.165===
股票：000722板块涨跌幅判断-额外参数：
	分组名称：11
	走势名称：发
	结果：未满足，返回code：-1
===2021-05-27 11:05:49.373===
额外条件未满足


===============================================

==============2021-05-27 11:05:52==============
===开始判断价格条件2021-05-27 11:05:50.926===
===开始判断额外/转自动条件2021-05-27 11:05:50.948===
===2021-05-27 11:05:50.989===
股票：000722板块涨跌幅判断-额外参数：
	分组名称：11
	走势名称：发
	结果：未满足，返回code：-1
===2021-05-27 11:05:52.781===
额外条件未满足


===============================================

==============2021-05-27 11:05:55==============
===开始判断价格条件2021-05-27 11:05:54.911===
===开始判断额外/转自动条件2021-05-27 11:05:54.933===
===2021-05-27 11:05:54.974===
股票：000722板块涨跌幅判断-额外参数：
	分组名称：11
	走势名称：发
	结果：未满足，返回code：-1
===2021-05-27 11:05:55.147===
额外条件未满足


===============================================

==============2021-05-27 11:05:56==============
===开始判断价格条件2021-05-27 11:05:56.337===
===开始判断额外/转自动条件2021-05-27 11:05:56.356===
===2021-05-27 11:05:56.398===
股票：000722板块涨跌幅判断-额外参数：
	分组名称：11
	走势名称：发
	结果：未满足，返回code：-1
===2021-05-27 11:05:56.589===
额外条件未满足


===============================================

==============2021-05-27 11:05:59==============
===开始判断价格条件2021-05-27 11:05:59.092===
===开始判断额外/转自动条件2021-05-27 11:05:59.113===
===2021-05-27 11:05:59.154===
股票：000722板块涨跌幅判断-额外参数：
	分组名称：11
	走势名称：发
	结果：未满足，返回code：-1
===2021-05-27 11:05:59.707===
额外条件未满足


===============================================

==============2021-05-27 11:06:01==============
===开始判断价格条件2021-05-27 11:06:01.001===
===开始判断额外/转自动条件2021-05-27 11:06:01.021===
===2021-05-27 11:06:01.066===
股票：000722板块涨跌幅判断-额外参数：
	分组名称：11
	走势名称：发
	结果：未满足，返回code：-1
===2021-05-27 11:06:01.266===
额外条件未满足


===============================================

==============2021-05-27 11:06:04==============
===开始判断价格条件2021-05-27 11:06:03.405===
===开始判断额外/转自动条件2021-05-27 11:06:04.327===
===2021-05-27 11:06:04.423===
股票：000722板块涨跌幅判断-额外参数：
	分组名称：11
	走势名称：发
	结果：未满足，返回code：-1
===2021-05-27 11:06:04.617===
额外条件未满足


===============================================

==============2021-05-27 11:06:07==============
===开始判断价格条件2021-05-27 11:06:07.490===
===开始判断额外/转自动条件2021-05-27 11:06:07.514===
===2021-05-27 11:06:07.557===
股票：000722板块涨跌幅判断-额外参数：
	分组名称：11
	走势名称：发
	结果：未满足，返回code：-1
===2021-05-27 11:06:07.742===
额外条件未满足


===============================================

