==============2021-05-24 18:31:11==============
===定时器进入时间2021-05-24 18:29:28.066===
===开始判断价格条件2021-05-24 18:31:10.256===
===开始判断额外/转自动条件2021-05-24 18:31:11.457===
===2021-05-24 18:31:11.502===
股票：601881板块涨跌幅判断-额外参数：
	分组名称：1
	走势名称：发
	结果：未满足，返回code：-1
===2021-05-24 18:31:11.701===
额外条件未满足


===============================================

==============2021-05-24 18:31:26==============
===定时器进入时间2021-05-24 18:29:28.066===
===开始判断价格条件2021-05-24 18:31:14.665===
===开始判断额外/转自动条件2021-05-24 18:31:26.047===
===2021-05-24 18:31:26.119===
股票：601881历史涨跌幅判断-额外参数：
	分组名称：1
	走势名称：历史涨跌幅1
	结果：未满足，返回code：-1
===2021-05-24 18:31:26.167===
额外条件未满足


===============================================

==============2021-05-24 18:32:16==============
===定时器进入时间2021-05-24 18:31:48.380===
===开始判断价格条件2021-05-24 18:32:16.427===
===开始判断额外/转自动条件2021-05-24 18:32:16.477===
===2021-05-24 18:32:16.517===
股票：601881板块涨跌幅判断-额外参数：
	分组名称：1
	走势名称：发
	结果：未满足，返回code：-1
===2021-05-24 18:32:16.731===
额外条件未满足


===============================================

==============2021-05-24 18:32:16==============
===定时器进入时间2021-05-24 18:31:48.380===
===开始判断价格条件2021-05-24 18:32:16.732===
===开始判断额外/转自动条件2021-05-24 18:32:16.766===
===2021-05-24 18:32:16.800===
股票：601881历史涨跌幅判断-额外参数：
	分组名称：1
	走势名称：历史涨跌幅1
	结果：未满足，返回code：-1
===2021-05-24 18:32:16.833===
额外条件未满足


===============================================

==============2021-05-24 18:36:12==============
===定时器进入时间2021-05-24 18:35:33.360===
===开始判断价格条件2021-05-24 18:36:12.156===
===开始判断额外/转自动条件2021-05-24 18:36:12.184===
===2021-05-24 18:36:12.214===
股票：601881板块涨跌幅判断-额外参数：
	分组名称：1
	走势名称：发
	结果：未满足，返回code：-1
===2021-05-24 18:36:12.404===
额外条件未满足


===============================================

==============2021-05-24 18:36:12==============
===定时器进入时间2021-05-24 18:35:33.360===
===开始判断价格条件2021-05-24 18:36:12.405===
===开始判断额外/转自动条件2021-05-24 18:36:12.623===
===2021-05-24 18:36:12.659===
股票：601881历史涨跌幅判断-额外参数：
	分组名称：1
	走势名称：历史涨跌幅1
	结果：未满足，返回code：-1
===2021-05-24 18:36:12.691===
额外条件未满足


===============================================

