==============2021-06-03 09:53:24==============
===开始判断价格条件2021-06-03 09:52:52.237===
===开始判断额外/转自动条件2021-06-03 09:52:52.398===
===2021-06-03 09:52:52.467===
股票：605499当前涨跌幅判断-额外参数：
	分组名称：涨停速度
	走势名称：当天涨停次数>=1
		额外关系-五档变化速度未满足条件
	结果：未满足
===2021-06-03 09:53:14.951===
===2021-06-03 09:53:14.993===
股票：605499当前涨跌幅判断-额外参数：
	分组名称：涨停速度
	走势名称：当天开盘涨跌幅>=3%
		额外关系-五档变化速度未满足条件
	结果：未满足
===2021-06-03 09:53:24.487===
额外条件未满足


===============================================

==============2021-06-03 09:53:26==============
===开始判断价格条件2021-06-03 09:53:25.842===
===开始判断额外/转自动条件2021-06-03 09:53:25.891===
===2021-06-03 09:53:25.931===
股票：605499当前涨跌幅判断-额外参数：
	分组名称：涨停速度
	走势名称：当天涨停次数>=1
		额外关系-五档变化速度未满足条件
	结果：未满足
===2021-06-03 09:53:26.059===
===2021-06-03 09:53:26.079===
股票：605499当前涨跌幅判断-额外参数：
	分组名称：涨停速度
	走势名称：当天开盘涨跌幅>=3%
		额外关系-五档变化速度未满足条件
	结果：未满足
===2021-06-03 09:53:26.188===
额外条件未满足


===============================================

==============2021-06-03 09:53:29==============
===开始判断价格条件2021-06-03 09:53:28.843===
===开始判断额外/转自动条件2021-06-03 09:53:29.081===
===2021-06-03 09:53:29.220===
股票：605499当前涨跌幅判断-额外参数：
	分组名称：涨停速度
	走势名称：当天涨停次数>=1
		额外关系-五档变化速度未满足条件
	结果：未满足
===2021-06-03 09:53:29.763===
===2021-06-03 09:53:29.786===
股票：605499当前涨跌幅判断-额外参数：
	分组名称：涨停速度
	走势名称：当天开盘涨跌幅>=3%
		额外关系-五档变化速度未满足条件
	结果：未满足
===2021-06-03 09:53:29.918===
额外条件未满足


===============================================

==============2021-06-03 09:53:31==============
===开始判断价格条件2021-06-03 09:53:31.240===
===开始判断额外/转自动条件2021-06-03 09:53:31.258===
===2021-06-03 09:53:31.297===
股票：605499当前涨跌幅判断-额外参数：
	分组名称：涨停速度
	走势名称：当天涨停次数>=1
		额外关系-五档变化速度未满足条件
	结果：未满足
===2021-06-03 09:53:31.471===
===2021-06-03 09:53:31.489===
股票：605499当前涨跌幅判断-额外参数：
	分组名称：涨停速度
	走势名称：当天开盘涨跌幅>=3%
		额外关系-五档变化速度未满足条件
	结果：未满足
===2021-06-03 09:53:31.579===
额外条件未满足


===============================================

==============2021-06-03 09:53:40==============
===开始判断价格条件2021-06-03 09:53:33.651===
===开始判断额外/转自动条件2021-06-03 09:53:33.673===
===2021-06-03 09:53:33.712===
股票：605499当前涨跌幅判断-额外参数：
	分组名称：涨停速度
	走势名称：当天涨停次数>=1
		额外关系-五档变化速度未满足条件
	结果：未满足
===2021-06-03 09:53:40.270===
===2021-06-03 09:53:40.287===
股票：605499当前涨跌幅判断-额外参数：
	分组名称：涨停速度
	走势名称：当天开盘涨跌幅>=3%
		额外关系-五档变化速度未满足条件
	结果：未满足
===2021-06-03 09:53:40.398===
额外条件未满足


===============================================

==============2021-06-03 09:53:42==============
===开始判断价格条件2021-06-03 09:53:41.753===
===开始判断额外/转自动条件2021-06-03 09:53:41.771===
===2021-06-03 09:53:41.810===
股票：605499当前涨跌幅判断-额外参数：
	分组名称：涨停速度
	走势名称：当天涨停次数>=1
		额外关系-五档变化速度未满足条件
	结果：未满足
===2021-06-03 09:53:41.915===
===2021-06-03 09:53:41.932===
股票：605499当前涨跌幅判断-额外参数：
	分组名称：涨停速度
	走势名称：当天开盘涨跌幅>=3%
		额外关系-五档变化速度未满足条件
	结果：未满足
===2021-06-03 09:53:42.030===
额外条件未满足


===============================================

