==============2021-08-06 15:32:48==============
===6开始执行条件2021-08-06 15:32:47.789===
===开始判断价格条件2021-08-06 15:32:47.789===
===开始判断额外/转自动条件2021-08-06 15:32:47.873===
===2021-08-06 15:32:48.006===
股票：002895指定时间段判断-额外参数：
	分组名称：1
	走势名称：时间段
		条件不成立(当前时间：2021-08-06 15:32:47.787,条件时段：09:30:00-13:00:00)
	结果：未满足
===2021-08-06 15:32:48.006===
===2021-08-06 15:32:48.044===
股票：002895板块涨跌幅判断-额外参数：
	分组名称：1
	走势名称：发
		条件不成立(不符合板块涨跌幅条件)
	结果：未满足，返回code：-1
===2021-08-06 15:32:48.513===
额外条件未满足


===============================================

