==============2021-08-09 10:11:44==============
===6开始执行条件2021-08-09 10:11:29.653===
===开始判断价格条件2021-08-09 10:11:29.653===
===开始判断额外/转自动条件2021-08-09 10:11:30.845===
===2021-08-09 10:11:34.610===
股票：002895指定时间段判断-额外参数：
	分组名称：1
	走势名称：时间段
		条件成立(当前时间：2021-08-09 10:11:29.653,条件时段：09:30:00-13:00:00)
	结果：达到要求
===2021-08-09 10:11:42.072===
===2021-08-09 10:11:44.785===
股票：002895多头向上判断-转自动参数：
	分组名称：2
	走势名称：多头向上
	结果：未满足，返回code：0
===2021-08-09 10:11:44.785===
满足所有条件，可以触发


===============================================

==============2021-08-09 11:02:53==============
===6开始执行条件2021-08-09 11:02:53.297===
===开始判断价格条件2021-08-09 11:02:53.297===
===开始判断额外/转自动条件2021-08-09 11:02:53.360===
===2021-08-09 11:02:53.439===
股票：002895指定时间段判断-额外参数：
	分组名称：1
	走势名称：时间段
		条件成立(当前时间：2021-08-09 11:02:53.297,条件时段：09:30:00-13:00:00)
	结果：达到要求
===2021-08-09 11:02:53.555===
===2021-08-09 11:02:53.990===
股票：002895多头向上判断-转自动参数：
	分组名称：2
	走势名称：多头向上
	结果：未满足，返回code：0
===2021-08-09 11:02:53.990===
满足所有条件，可以触发


===============================================

==============2021-08-09 11:03:34==============
===6开始执行条件2021-08-09 11:03:33.143===
===开始判断价格条件2021-08-09 11:03:33.143===
===开始判断额外/转自动条件2021-08-09 11:03:33.300===
===2021-08-09 11:03:33.595===
股票：002895指定时间段判断-额外参数：
	分组名称：1
	走势名称：时间段
		条件成立(当前时间：2021-08-09 11:03:33.143,条件时段：09:30:00-13:00:00)
	结果：达到要求
===2021-08-09 11:03:33.784===
===2021-08-09 11:03:34.241===
股票：002895多头向上判断-转自动参数：
	分组名称：2
	走势名称：多头向上
	结果：未满足，返回code：0
===2021-08-09 11:03:34.241===
满足所有条件，可以触发


===============================================

