==============2021-08-11 10:28:54==============
===6开始执行条件2021-08-11 10:28:53.551===
===开始判断价格条件2021-08-11 10:28:53.551===
===开始判断额外/转自动条件2021-08-11 10:28:53.788===
===2021-08-11 10:28:53.843===
股票：002895指定时间段判断-额外参数：
	分组名称：1
	走势名称：时间段
		条件成立(当前时间：2021-08-11 10:28:53.551,条件时段：09:30:00-13:00:00)
	结果：达到要求
===2021-08-11 10:28:54.049===
===2021-08-11 10:28:54.236===
股票：002895多头向上判断-转自动参数：
	分组名称：2
	走势名称：多头向上
	结果：未满足，返回code：0
===2021-08-11 10:28:54.236===
满足所有条件，可以触发


===============================================

==============2021-08-11 10:29:47==============
===6开始执行条件2021-08-11 10:29:46.374===
===开始判断价格条件2021-08-11 10:29:46.374===
===开始判断额外/转自动条件2021-08-11 10:29:46.771===
===2021-08-11 10:29:46.915===
股票：002895指定时间段判断-额外参数：
	分组名称：1
	走势名称：时间段
		条件成立(当前时间：2021-08-11 10:29:46.374,条件时段：09:30:00-13:00:00)
	结果：达到要求
===2021-08-11 10:29:47.060===
===2021-08-11 10:29:47.411===
股票：002895多头向上判断-转自动参数：
	分组名称：2
	走势名称：多头向上
	结果：未满足，返回code：0
===2021-08-11 10:29:47.411===
满足所有条件，可以触发


===============================================

==============2021-08-11 10:30:00==============
===6开始执行条件2021-08-11 10:29:58.523===
===开始判断价格条件2021-08-11 10:29:58.523===
===开始判断额外/转自动条件2021-08-11 10:29:59.354===
===2021-08-11 10:29:59.896===
股票：002895指定时间段判断-额外参数：
	分组名称：1
	走势名称：时间段
		条件成立(当前时间：2021-08-11 10:29:58.523,条件时段：09:30:00-13:00:00)
	结果：达到要求
===2021-08-11 10:30:00.346===
===2021-08-11 10:30:00.820===
股票：002895多头向上判断-转自动参数：
	分组名称：2
	走势名称：多头向上
	结果：未满足，返回code：0
===2021-08-11 10:30:00.820===
满足所有条件，可以触发


===============================================

==============2021-08-11 10:30:17==============
===6开始执行条件2021-08-11 10:30:16.567===
===开始判断价格条件2021-08-11 10:30:16.567===
===开始判断额外/转自动条件2021-08-11 10:30:16.838===
===2021-08-11 10:30:17.306===
股票：002895指定时间段判断-额外参数：
	分组名称：1
	走势名称：时间段
		条件成立(当前时间：2021-08-11 10:30:16.567,条件时段：09:30:00-13:00:00)
	结果：达到要求
===2021-08-11 10:30:17.481===
===2021-08-11 10:30:17.672===
股票：002895多头向上判断-转自动参数：
	分组名称：2
	走势名称：多头向上
	结果：未满足，返回code：0
===2021-08-11 10:30:17.672===
满足所有条件，可以触发


===============================================

==============2021-08-11 10:30:33==============
===6开始执行条件2021-08-11 10:30:32.555===
===开始判断价格条件2021-08-11 10:30:32.555===
===开始判断额外/转自动条件2021-08-11 10:30:32.667===
===2021-08-11 10:30:32.841===
股票：002895指定时间段判断-额外参数：
	分组名称：1
	走势名称：时间段
		条件成立(当前时间：2021-08-11 10:30:32.554,条件时段：09:30:00-13:00:00)
	结果：达到要求
===2021-08-11 10:30:33.029===
===2021-08-11 10:30:33.281===
股票：002895多头向上判断-转自动参数：
	分组名称：2
	走势名称：多头向上
	结果：未满足，返回code：0
===2021-08-11 10:30:33.281===
满足所有条件，可以触发


===============================================

==============2021-08-11 10:30:45==============
===6开始执行条件2021-08-11 10:30:44.363===
===开始判断价格条件2021-08-11 10:30:44.363===
===开始判断额外/转自动条件2021-08-11 10:30:44.824===
===2021-08-11 10:30:45.007===
股票：002895指定时间段判断-额外参数：
	分组名称：1
	走势名称：时间段
		条件成立(当前时间：2021-08-11 10:30:44.363,条件时段：09:30:00-13:00:00)
	结果：达到要求
===2021-08-11 10:30:45.112===
===2021-08-11 10:30:45.536===
股票：002895多头向上判断-转自动参数：
	分组名称：2
	走势名称：多头向上
	结果：未满足，返回code：0
===2021-08-11 10:30:45.536===
满足所有条件，可以触发


===============================================

==============2021-08-11 10:31:01==============
===6开始执行条件2021-08-11 10:31:00.831===
===开始判断价格条件2021-08-11 10:31:00.831===
===开始判断额外/转自动条件2021-08-11 10:31:01.023===
===2021-08-11 10:31:01.198===
股票：002895指定时间段判断-额外参数：
	分组名称：1
	走势名称：时间段
		条件成立(当前时间：2021-08-11 10:31:00.831,条件时段：09:30:00-13:00:00)
	结果：达到要求
===2021-08-11 10:31:01.314===
===2021-08-11 10:31:01.485===
股票：002895多头向上判断-转自动参数：
	分组名称：2
	走势名称：多头向上
	结果：未满足，返回code：0
===2021-08-11 10:31:01.485===
满足所有条件，可以触发


===============================================

==============2021-08-11 10:31:19==============
===6开始执行条件2021-08-11 10:31:19.341===
===开始判断价格条件2021-08-11 10:31:19.341===
===开始判断额外/转自动条件2021-08-11 10:31:19.519===
===2021-08-11 10:31:19.653===
股票：002895指定时间段判断-额外参数：
	分组名称：1
	走势名称：时间段
		条件成立(当前时间：2021-08-11 10:31:19.341,条件时段：09:30:00-13:00:00)
	结果：达到要求
===2021-08-11 10:31:19.693===
===2021-08-11 10:31:19.907===
股票：002895多头向上判断-转自动参数：
	分组名称：2
	走势名称：多头向上
	结果：未满足，返回code：0
===2021-08-11 10:31:19.907===
满足所有条件，可以触发


===============================================

==============2021-08-11 10:31:26==============
===6开始执行条件2021-08-11 10:31:25.651===
===开始判断价格条件2021-08-11 10:31:25.651===
===开始判断额外/转自动条件2021-08-11 10:31:25.890===
===2021-08-11 10:31:26.003===
股票：002895指定时间段判断-额外参数：
	分组名称：1
	走势名称：时间段
		条件成立(当前时间：2021-08-11 10:31:25.651,条件时段：09:30:00-13:00:00)
	结果：达到要求
===2021-08-11 10:31:26.148===
===2021-08-11 10:31:26.410===
股票：002895多头向上判断-转自动参数：
	分组名称：2
	走势名称：多头向上
	结果：未满足，返回code：0
===2021-08-11 10:31:26.410===
满足所有条件，可以触发


===============================================

==============2021-08-11 10:31:33==============
===6开始执行条件2021-08-11 10:31:33.101===
===开始判断价格条件2021-08-11 10:31:33.101===
===开始判断额外/转自动条件2021-08-11 10:31:33.168===
===2021-08-11 10:31:33.257===
股票：002895指定时间段判断-额外参数：
	分组名称：1
	走势名称：时间段
		条件成立(当前时间：2021-08-11 10:31:33.101,条件时段：09:30:00-13:00:00)
	结果：达到要求
===2021-08-11 10:31:33.354===
===2021-08-11 10:31:33.435===
股票：002895多头向上判断-转自动参数：
	分组名称：2
	走势名称：多头向上
	结果：未满足，返回code：0
===2021-08-11 10:31:33.435===
满足所有条件，可以触发


===============================================

==============2021-08-11 10:31:49==============
===6开始执行条件2021-08-11 10:31:46.920===
===开始判断价格条件2021-08-11 10:31:46.920===
===开始判断额外/转自动条件2021-08-11 10:31:47.904===
===2021-08-11 10:31:48.172===
股票：002895指定时间段判断-额外参数：
	分组名称：1
	走势名称：时间段
		条件成立(当前时间：2021-08-11 10:31:46.920,条件时段：09:30:00-13:00:00)
	结果：达到要求
===2021-08-11 10:31:49.107===
===2021-08-11 10:31:49.656===
股票：002895多头向上判断-转自动参数：
	分组名称：2
	走势名称：多头向上
	结果：未满足，返回code：0
===2021-08-11 10:31:49.656===
满足所有条件，可以触发


===============================================

==============2021-08-11 10:32:07==============
===6开始执行条件2021-08-11 10:32:05.632===
===开始判断价格条件2021-08-11 10:32:05.632===
===开始判断额外/转自动条件2021-08-11 10:32:06.028===
===2021-08-11 10:32:06.251===
股票：002895指定时间段判断-额外参数：
	分组名称：1
	走势名称：时间段
		条件成立(当前时间：2021-08-11 10:32:05.632,条件时段：09:30:00-13:00:00)
	结果：达到要求
===2021-08-11 10:32:06.515===
===2021-08-11 10:32:07.282===
股票：002895多头向上判断-转自动参数：
	分组名称：2
	走势名称：多头向上
	结果：未满足，返回code：0
===2021-08-11 10:32:07.282===
满足所有条件，可以触发


===============================================

==============2021-08-11 10:32:22==============
===6开始执行条件2021-08-11 10:32:20.505===
===开始判断价格条件2021-08-11 10:32:20.505===
===开始判断额外/转自动条件2021-08-11 10:32:21.078===
===2021-08-11 10:32:21.351===
股票：002895指定时间段判断-额外参数：
	分组名称：1
	走势名称：时间段
		条件成立(当前时间：2021-08-11 10:32:20.505,条件时段：09:30:00-13:00:00)
	结果：达到要求
===2021-08-11 10:32:21.866===
===2021-08-11 10:32:22.715===
股票：002895多头向上判断-转自动参数：
	分组名称：2
	走势名称：多头向上
	结果：未满足，返回code：0
===2021-08-11 10:32:22.715===
满足所有条件，可以触发


===============================================

==============2021-08-11 10:32:48==============
===6开始执行条件2021-08-11 10:32:46.725===
===开始判断价格条件2021-08-11 10:32:46.725===
===开始判断额外/转自动条件2021-08-11 10:32:46.934===
===2021-08-11 10:32:46.995===
股票：002895指定时间段判断-额外参数：
	分组名称：1
	走势名称：时间段
		条件成立(当前时间：2021-08-11 10:32:46.716,条件时段：09:30:00-13:00:00)
	结果：达到要求
===2021-08-11 10:32:48.271===
===2021-08-11 10:32:48.397===
股票：002895多头向上判断-转自动参数：
	分组名称：2
	走势名称：多头向上
	结果：未满足，返回code：0
===2021-08-11 10:32:48.397===
满足所有条件，可以触发


===============================================

==============2021-08-11 10:32:59==============
===6开始执行条件2021-08-11 10:32:58.975===
===开始判断价格条件2021-08-11 10:32:58.975===
===开始判断额外/转自动条件2021-08-11 10:32:59.146===
===2021-08-11 10:32:59.332===
股票：002895指定时间段判断-额外参数：
	分组名称：1
	走势名称：时间段
		条件成立(当前时间：2021-08-11 10:32:58.975,条件时段：09:30:00-13:00:00)
	结果：达到要求
===2021-08-11 10:32:59.407===
===2021-08-11 10:32:59.585===
股票：002895多头向上判断-转自动参数：
	分组名称：2
	走势名称：多头向上
	结果：未满足，返回code：0
===2021-08-11 10:32:59.586===
满足所有条件，可以触发


===============================================

==============2021-08-11 10:33:09==============
===6开始执行条件2021-08-11 10:33:08.257===
===开始判断价格条件2021-08-11 10:33:08.257===
===开始判断额外/转自动条件2021-08-11 10:33:08.428===
===2021-08-11 10:33:08.578===
股票：002895指定时间段判断-额外参数：
	分组名称：1
	走势名称：时间段
		条件成立(当前时间：2021-08-11 10:33:08.256,条件时段：09:30:00-13:00:00)
	结果：达到要求
===2021-08-11 10:33:08.971===
===2021-08-11 10:33:09.057===
股票：002895多头向上判断-转自动参数：
	分组名称：2
	走势名称：多头向上
	结果：未满足，返回code：0
===2021-08-11 10:33:09.057===
满足所有条件，可以触发


===============================================

==============2021-08-11 10:33:30==============
===6开始执行条件2021-08-11 10:33:28.061===
===开始判断价格条件2021-08-11 10:33:28.061===
===开始判断额外/转自动条件2021-08-11 10:33:29.187===
===2021-08-11 10:33:29.451===
股票：002895指定时间段判断-额外参数：
	分组名称：1
	走势名称：时间段
		条件成立(当前时间：2021-08-11 10:33:28.061,条件时段：09:30:00-13:00:00)
	结果：达到要求
===2021-08-11 10:33:29.661===
===2021-08-11 10:33:30.269===
股票：002895多头向上判断-转自动参数：
	分组名称：2
	走势名称：多头向上
	结果：未满足，返回code：0
===2021-08-11 10:33:30.270===
满足所有条件，可以触发


===============================================

==============2021-08-11 10:35:01==============
===6开始执行条件2021-08-11 10:35:00.346===
===开始判断价格条件2021-08-11 10:35:00.346===
===开始判断额外/转自动条件2021-08-11 10:35:00.518===
===2021-08-11 10:35:00.813===
股票：002895指定时间段判断-额外参数：
	分组名称：1
	走势名称：时间段
		条件成立(当前时间：2021-08-11 10:35:00.345,条件时段：09:30:00-13:00:00)
	结果：达到要求
===2021-08-11 10:35:00.895===
===2021-08-11 10:35:01.036===
股票：002895多头向上判断-转自动参数：
	分组名称：2
	走势名称：多头向上
	结果：未满足，返回code：0
===2021-08-11 10:35:01.036===
满足所有条件，可以触发


===============================================

==============2021-08-11 10:35:09==============
===6开始执行条件2021-08-11 10:35:08.815===
===开始判断价格条件2021-08-11 10:35:08.815===
===开始判断额外/转自动条件2021-08-11 10:35:08.972===
===2021-08-11 10:35:09.092===
股票：002895指定时间段判断-额外参数：
	分组名称：1
	走势名称：时间段
		条件成立(当前时间：2021-08-11 10:35:08.814,条件时段：09:30:00-13:00:00)
	结果：达到要求
===2021-08-11 10:35:09.240===
===2021-08-11 10:35:09.401===
股票：002895多头向上判断-转自动参数：
	分组名称：2
	走势名称：多头向上
	结果：未满足，返回code：0
===2021-08-11 10:35:09.401===
满足所有条件，可以触发


===============================================

==============2021-08-11 10:35:22==============
===6开始执行条件2021-08-11 10:35:21.489===
===开始判断价格条件2021-08-11 10:35:21.489===
===开始判断额外/转自动条件2021-08-11 10:35:21.682===
===2021-08-11 10:35:21.793===
股票：002895指定时间段判断-额外参数：
	分组名称：1
	走势名称：时间段
		条件成立(当前时间：2021-08-11 10:35:21.489,条件时段：09:30:00-13:00:00)
	结果：达到要求
===2021-08-11 10:35:21.946===
===2021-08-11 10:35:22.162===
股票：002895多头向上判断-转自动参数：
	分组名称：2
	走势名称：多头向上
	结果：未满足，返回code：0
===2021-08-11 10:35:22.162===
满足所有条件，可以触发


===============================================

==============2021-08-11 10:35:36==============
===6开始执行条件2021-08-11 10:35:34.125===
===开始判断价格条件2021-08-11 10:35:34.125===
===开始判断额外/转自动条件2021-08-11 10:35:34.679===
===2021-08-11 10:35:34.953===
股票：002895指定时间段判断-额外参数：
	分组名称：1
	走势名称：时间段
		条件成立(当前时间：2021-08-11 10:35:34.125,条件时段：09:30:00-13:00:00)
	结果：达到要求
===2021-08-11 10:35:35.374===
===2021-08-11 10:35:36.657===
股票：002895多头向上判断-转自动参数：
	分组名称：2
	走势名称：多头向上
	结果：未满足，返回code：0
===2021-08-11 10:35:36.657===
满足所有条件，可以触发


===============================================

==============2021-08-11 10:36:39==============
===6开始执行条件2021-08-11 10:36:35.628===
===开始判断价格条件2021-08-11 10:36:35.628===
===开始判断额外/转自动条件2021-08-11 10:36:37.064===
===2021-08-11 10:36:37.969===
股票：002895指定时间段判断-额外参数：
	分组名称：1
	走势名称：时间段
		条件成立(当前时间：2021-08-11 10:36:35.628,条件时段：09:30:00-13:00:00)
	结果：达到要求
===2021-08-11 10:36:38.271===
===2021-08-11 10:36:39.173===
股票：002895多头向上判断-转自动参数：
	分组名称：2
	走势名称：多头向上
	结果：未满足，返回code：0
===2021-08-11 10:36:39.173===
满足所有条件，可以触发


===============================================

==============2021-08-11 10:37:10==============
===6开始执行条件2021-08-11 10:37:07.261===
===开始判断价格条件2021-08-11 10:37:07.261===
===开始判断额外/转自动条件2021-08-11 10:37:08.465===
===2021-08-11 10:37:08.695===
股票：002895指定时间段判断-额外参数：
	分组名称：1
	走势名称：时间段
		条件成立(当前时间：2021-08-11 10:37:07.261,条件时段：09:30:00-13:00:00)
	结果：达到要求
===2021-08-11 10:37:09.565===
===2021-08-11 10:37:10.401===
股票：002895多头向上判断-转自动参数：
	分组名称：2
	走势名称：多头向上
	结果：未满足，返回code：0
===2021-08-11 10:37:10.401===
满足所有条件，可以触发


===============================================

