==============2021-08-10 17:41:21==============
===6开始执行条件2021-08-10 17:41:19.812===
===开始判断价格条件2021-08-10 17:41:19.812===
===开始判断额外/转自动条件2021-08-10 17:41:20.131===
===2021-08-10 17:41:20.335===
股票：002850指定时间段判断-额外参数：
	分组名称：1
	走势名称：时间段
		条件不成立(当前时间：2021-08-10 17:41:19.806,条件时段：09:30:00-13:00:00)
	结果：未满足
===2021-08-10 17:41:20.335===
===2021-08-10 17:41:20.452===
股票：002850板块涨跌幅判断-额外参数：
	分组名称：1
	走势名称：发
		条件不成立(不符合板块涨跌幅条件)
	结果：未满足，返回code：-1
===2021-08-10 17:41:21.086===
额外条件未满足


===============================================

==============2021-08-10 17:42:02==============
===6开始执行条件2021-08-10 17:41:59.273===
===开始判断价格条件2021-08-10 17:41:59.273===
===开始判断额外/转自动条件2021-08-10 17:42:00.349===
===2021-08-10 17:42:01.365===
股票：002850指定时间段判断-额外参数：
	分组名称：1
	走势名称：时间段
		条件不成立(当前时间：2021-08-10 17:41:59.273,条件时段：09:30:00-13:00:00)
	结果：未满足
===2021-08-10 17:42:01.365===
===2021-08-10 17:42:01.779===
股票：002850板块涨跌幅判断-额外参数：
	分组名称：1
	走势名称：发
		条件不成立(不符合板块涨跌幅条件)
	结果：未满足，返回code：-1
===2021-08-10 17:42:02.284===
额外条件未满足


===============================================

==============2021-08-10 17:43:12==============
===6开始执行条件2021-08-10 17:43:09.531===
===开始判断价格条件2021-08-10 17:43:09.531===
===开始判断额外/转自动条件2021-08-10 17:43:09.975===
===2021-08-10 17:43:10.339===
股票：002850指定时间段判断-额外参数：
	分组名称：1
	走势名称：时间段
		条件不成立(当前时间：2021-08-10 17:43:09.531,条件时段：09:30:00-13:00:00)
	结果：未满足
===2021-08-10 17:43:10.339===
===2021-08-10 17:43:10.365===
股票：002850板块涨跌幅判断-额外参数：
	分组名称：1
	走势名称：发
		条件不成立(不符合板块涨跌幅条件)
	结果：未满足，返回code：-1
===2021-08-10 17:43:12.330===
额外条件未满足


===============================================

==============2021-08-10 17:44:10==============
===6开始执行条件2021-08-10 17:44:09.617===
===开始判断价格条件2021-08-10 17:44:09.617===
===开始判断额外/转自动条件2021-08-10 17:44:09.728===
===2021-08-10 17:44:09.949===
股票：002850指定时间段判断-额外参数：
	分组名称：1
	走势名称：时间段
		条件不成立(当前时间：2021-08-10 17:44:09.617,条件时段：09:30:00-13:00:00)
	结果：未满足
===2021-08-10 17:44:09.949===
===2021-08-10 17:44:09.996===
股票：002850板块涨跌幅判断-额外参数：
	分组名称：1
	走势名称：发
		条件不成立(不符合板块涨跌幅条件)
	结果：未满足，返回code：-1
===2021-08-10 17:44:10.960===
额外条件未满足


===============================================

==============2021-08-10 17:47:39==============
===6开始执行条件2021-08-10 17:47:36.634===
===开始判断价格条件2021-08-10 17:47:36.634===
===开始判断额外/转自动条件2021-08-10 17:47:37.360===
===2021-08-10 17:47:37.735===
股票：002850指定时间段判断-额外参数：
	分组名称：1
	走势名称：时间段
		条件不成立(当前时间：2021-08-10 17:47:36.634,条件时段：09:30:00-13:00:00)
	结果：未满足
===2021-08-10 17:47:37.735===
===2021-08-10 17:47:37.875===
股票：002850板块涨跌幅判断-额外参数：
	分组名称：1
	走势名称：发
		条件不成立(不符合板块涨跌幅条件)
	结果：未满足，返回code：-1
===2021-08-10 17:47:39.672===
额外条件未满足


===============================================

==============2021-08-10 17:47:57==============
===6开始执行条件2021-08-10 17:47:53.859===
===开始判断价格条件2021-08-10 17:47:53.859===
===开始判断额外/转自动条件2021-08-10 17:47:54.130===
===2021-08-10 17:47:54.538===
股票：002850指定时间段判断-额外参数：
	分组名称：1
	走势名称：时间段
		条件不成立(当前时间：2021-08-10 17:47:53.859,条件时段：09:30:00-13:00:00)
	结果：未满足
===2021-08-10 17:47:54.538===
===2021-08-10 17:47:55.155===
股票：002850板块涨跌幅判断-额外参数：
	分组名称：1
	走势名称：发
		条件不成立(不符合板块涨跌幅条件)
	结果：未满足，返回code：-1
===2021-08-10 17:47:57.145===
额外条件未满足


===============================================

==============2021-08-10 17:49:05==============
===6开始执行条件2021-08-10 17:49:04.680===
===开始判断价格条件2021-08-10 17:49:04.680===
===开始判断额外/转自动条件2021-08-10 17:49:04.782===
===2021-08-10 17:49:04.915===
股票：002850指定时间段判断-额外参数：
	分组名称：1
	走势名称：时间段
		条件不成立(当前时间：2021-08-10 17:49:04.680,条件时段：09:30:00-13:00:00)
	结果：未满足
===2021-08-10 17:49:04.915===
===2021-08-10 17:49:04.971===
股票：002850板块涨跌幅判断-额外参数：
	分组名称：1
	走势名称：发
		条件不成立(不符合板块涨跌幅条件)
	结果：未满足，返回code：-1
===2021-08-10 17:49:05.501===
额外条件未满足


===============================================

==============2021-08-10 17:49:25==============
===6开始执行条件2021-08-10 17:49:22.105===
===开始判断价格条件2021-08-10 17:49:22.105===
===开始判断额外/转自动条件2021-08-10 17:49:22.751===
===2021-08-10 17:49:23.220===
股票：002850指定时间段判断-额外参数：
	分组名称：1
	走势名称：时间段
		条件不成立(当前时间：2021-08-10 17:49:22.104,条件时段：09:30:00-13:00:00)
	结果：未满足
===2021-08-10 17:49:23.220===
===2021-08-10 17:49:23.307===
股票：002850板块涨跌幅判断-额外参数：
	分组名称：1
	走势名称：发
		条件不成立(不符合板块涨跌幅条件)
	结果：未满足，返回code：-1
===2021-08-10 17:49:25.239===
额外条件未满足


===============================================

==============2021-08-10 17:50:13==============
===6开始执行条件2021-08-10 17:50:12.484===
===开始判断价格条件2021-08-10 17:50:12.484===
===开始判断额外/转自动条件2021-08-10 17:50:12.560===
===2021-08-10 17:50:12.980===
股票：002850指定时间段判断-额外参数：
	分组名称：1
	走势名称：时间段
		条件不成立(当前时间：2021-08-10 17:50:12.475,条件时段：09:30:00-13:00:00)
	结果：未满足
===2021-08-10 17:50:12.980===
===2021-08-10 17:50:13.023===
股票：002850板块涨跌幅判断-额外参数：
	分组名称：1
	走势名称：发
		条件不成立(不符合板块涨跌幅条件)
	结果：未满足，返回code：-1
===2021-08-10 17:50:13.299===
额外条件未满足


===============================================

==============2021-08-10 17:51:01==============
===6开始执行条件2021-08-10 17:50:47.615===
===开始判断价格条件2021-08-10 17:50:47.616===
===开始判断额外/转自动条件2021-08-10 17:50:48.826===
===2021-08-10 17:50:50.205===
股票：002850指定时间段判断-额外参数：
	分组名称：1
	走势名称：时间段
		条件不成立(当前时间：2021-08-10 17:50:47.615,条件时段：09:30:00-13:00:00)
	结果：未满足
===2021-08-10 17:50:50.205===
===2021-08-10 17:50:50.331===
股票：002850板块涨跌幅判断-额外参数：
	分组名称：1
	走势名称：发
		条件不成立(不符合板块涨跌幅条件)
	结果：未满足，返回code：-1
===2021-08-10 17:51:01.858===
额外条件未满足


===============================================

==============2021-08-10 17:52:13==============
===6开始执行条件2021-08-10 17:52:09.901===
===开始判断价格条件2021-08-10 17:52:09.901===
===开始判断额外/转自动条件2021-08-10 17:52:10.819===
===2021-08-10 17:52:11.700===
股票：002850指定时间段判断-额外参数：
	分组名称：1
	走势名称：时间段
		条件不成立(当前时间：2021-08-10 17:52:09.900,条件时段：09:30:00-13:00:00)
	结果：未满足
===2021-08-10 17:52:11.700===
===2021-08-10 17:52:11.878===
股票：002850板块涨跌幅判断-额外参数：
	分组名称：1
	走势名称：发
		条件不成立(不符合板块涨跌幅条件)
	结果：未满足，返回code：-1
===2021-08-10 17:52:13.582===
额外条件未满足


===============================================

==============2021-08-10 17:52:49==============
===6开始执行条件2021-08-10 17:52:45.926===
===开始判断价格条件2021-08-10 17:52:45.926===
===开始判断额外/转自动条件2021-08-10 17:52:46.455===
===2021-08-10 17:52:47.109===
股票：002850指定时间段判断-额外参数：
	分组名称：1
	走势名称：时间段
		条件不成立(当前时间：2021-08-10 17:52:45.925,条件时段：09:30:00-13:00:00)
	结果：未满足
===2021-08-10 17:52:47.109===
===2021-08-10 17:52:47.259===
股票：002850板块涨跌幅判断-额外参数：
	分组名称：1
	走势名称：发
		条件不成立(不符合板块涨跌幅条件)
	结果：未满足，返回code：-1
===2021-08-10 17:52:49.211===
额外条件未满足


===============================================

==============2021-08-10 17:53:03==============
===6开始执行条件2021-08-10 17:53:01.176===
===开始判断价格条件2021-08-10 17:53:01.176===
===开始判断额外/转自动条件2021-08-10 17:53:01.516===
===2021-08-10 17:53:01.750===
股票：002850指定时间段判断-额外参数：
	分组名称：1
	走势名称：时间段
		条件不成立(当前时间：2021-08-10 17:53:01.176,条件时段：09:30:00-13:00:00)
	结果：未满足
===2021-08-10 17:53:01.750===
===2021-08-10 17:53:01.880===
股票：002850板块涨跌幅判断-额外参数：
	分组名称：1
	走势名称：发
		条件不成立(不符合板块涨跌幅条件)
	结果：未满足，返回code：-1
===2021-08-10 17:53:03.758===
额外条件未满足


===============================================

==============2021-08-10 17:53:17==============
===6开始执行条件2021-08-10 17:53:15.423===
===开始判断价格条件2021-08-10 17:53:15.423===
===开始判断额外/转自动条件2021-08-10 17:53:15.741===
===2021-08-10 17:53:15.952===
股票：002850指定时间段判断-额外参数：
	分组名称：1
	走势名称：时间段
		条件不成立(当前时间：2021-08-10 17:53:15.422,条件时段：09:30:00-13:00:00)
	结果：未满足
===2021-08-10 17:53:15.952===
===2021-08-10 17:53:16.056===
股票：002850板块涨跌幅判断-额外参数：
	分组名称：1
	走势名称：发
		条件不成立(不符合板块涨跌幅条件)
	结果：未满足，返回code：-1
===2021-08-10 17:53:17.223===
额外条件未满足


===============================================

==============2021-08-10 17:53:49==============
===6开始执行条件2021-08-10 17:53:46.079===
===开始判断价格条件2021-08-10 17:53:46.079===
===开始判断额外/转自动条件2021-08-10 17:53:47.230===
===2021-08-10 17:53:48.195===
股票：002850指定时间段判断-额外参数：
	分组名称：1
	走势名称：时间段
		条件不成立(当前时间：2021-08-10 17:53:46.079,条件时段：09:30:00-13:00:00)
	结果：未满足
===2021-08-10 17:53:48.195===
===2021-08-10 17:53:48.429===
股票：002850板块涨跌幅判断-额外参数：
	分组名称：1
	走势名称：发
		条件不成立(不符合板块涨跌幅条件)
	结果：未满足，返回code：-1
===2021-08-10 17:53:49.639===
额外条件未满足


===============================================

==============2021-08-10 17:54:03==============
===6开始执行条件2021-08-10 17:54:03.155===
===开始判断价格条件2021-08-10 17:54:03.155===
===开始判断额外/转自动条件2021-08-10 17:54:03.310===
===2021-08-10 17:54:03.481===
股票：002850指定时间段判断-额外参数：
	分组名称：1
	走势名称：时间段
		条件不成立(当前时间：2021-08-10 17:54:03.153,条件时段：09:30:00-13:00:00)
	结果：未满足
===2021-08-10 17:54:03.481===
===2021-08-10 17:54:03.534===
股票：002850板块涨跌幅判断-额外参数：
	分组名称：1
	走势名称：发
		条件不成立(不符合板块涨跌幅条件)
	结果：未满足，返回code：-1
===2021-08-10 17:54:03.920===
额外条件未满足


===============================================

==============2021-08-10 17:54:20==============
===6开始执行条件2021-08-10 17:54:18.823===
===开始判断价格条件2021-08-10 17:54:18.823===
===开始判断额外/转自动条件2021-08-10 17:54:19.118===
===2021-08-10 17:54:19.328===
股票：002850指定时间段判断-额外参数：
	分组名称：1
	走势名称：时间段
		条件不成立(当前时间：2021-08-10 17:54:18.823,条件时段：09:30:00-13:00:00)
	结果：未满足
===2021-08-10 17:54:19.328===
===2021-08-10 17:54:19.499===
股票：002850板块涨跌幅判断-额外参数：
	分组名称：1
	走势名称：发
		条件不成立(不符合板块涨跌幅条件)
	结果：未满足，返回code：-1
===2021-08-10 17:54:20.259===
额外条件未满足


===============================================

