==============2021-08-06 14:26:01==============
===6开始执行条件2021-08-06 14:26:00.172===
===开始判断价格条件2021-08-06 14:26:00.172===
===开始判断额外/转自动条件2021-08-06 14:26:00.252===
===2021-08-06 14:26:00.303===
股票：002850指定时间段判断-额外参数：
	分组名称：1
	走势名称：时间段
		条件不成立(当前时间：2021-08-06 14:26:00.172,条件时段：09:30:00-13:00:00)
	结果：未满足
===2021-08-06 14:26:00.303===
===2021-08-06 14:26:00.319===
股票：002850板块涨跌幅判断-额外参数：
	分组名称：1
	走势名称：发
		条件不成立(不符合板块涨跌幅条件)
	结果：未满足，返回code：-1
===2021-08-06 14:26:01.396===
额外条件未满足


===============================================

==============2021-08-06 14:26:19==============
===6开始执行条件2021-08-06 14:26:15.001===
===开始判断价格条件2021-08-06 14:26:15.001===
===开始判断额外/转自动条件2021-08-06 14:26:16.354===
===2021-08-06 14:26:16.835===
股票：002850指定时间段判断-额外参数：
	分组名称：1
	走势名称：时间段
		条件不成立(当前时间：2021-08-06 14:26:15.001,条件时段：09:30:00-13:00:00)
	结果：未满足
===2021-08-06 14:26:16.835===
===2021-08-06 14:26:17.031===
股票：002850板块涨跌幅判断-额外参数：
	分组名称：1
	走势名称：发
		条件不成立(不符合板块涨跌幅条件)
	结果：未满足，返回code：-1
===2021-08-06 14:26:19.860===
额外条件未满足


===============================================

==============2021-08-06 14:26:59==============
===6开始执行条件2021-08-06 14:26:56.851===
===开始判断价格条件2021-08-06 14:26:56.851===
===开始判断额外/转自动条件2021-08-06 14:26:57.431===
===2021-08-06 14:26:58.489===
股票：002850指定时间段判断-额外参数：
	分组名称：1
	走势名称：时间段
		条件不成立(当前时间：2021-08-06 14:26:56.851,条件时段：09:30:00-13:00:00)
	结果：未满足
===2021-08-06 14:26:58.489===
===2021-08-06 14:26:58.697===
股票：002850板块涨跌幅判断-额外参数：
	分组名称：1
	走势名称：发
		条件不成立(不符合板块涨跌幅条件)
	结果：未满足，返回code：-1
===2021-08-06 14:26:59.966===
额外条件未满足


===============================================

==============2021-08-06 14:29:22==============
===6开始执行条件2021-08-06 14:29:20.477===
===开始判断价格条件2021-08-06 14:29:20.477===
===开始判断额外/转自动条件2021-08-06 14:29:20.994===
===2021-08-06 14:29:21.115===
股票：002850指定时间段判断-额外参数：
	分组名称：1
	走势名称：时间段
		条件不成立(当前时间：2021-08-06 14:29:20.477,条件时段：09:30:00-13:00:00)
	结果：未满足
===2021-08-06 14:29:21.115===
===2021-08-06 14:29:21.236===
股票：002850板块涨跌幅判断-额外参数：
	分组名称：1
	走势名称：发
		条件不成立(不符合板块涨跌幅条件)
	结果：未满足，返回code：-1
===2021-08-06 14:29:22.257===
额外条件未满足


===============================================

==============2021-08-06 14:41:22==============
===6开始执行条件2021-08-06 14:41:21.184===
===开始判断价格条件2021-08-06 14:41:21.184===
===开始判断额外/转自动条件2021-08-06 14:41:21.437===
===2021-08-06 14:41:21.729===
股票：002850指定时间段判断-额外参数：
	分组名称：1
	走势名称：时间段
		条件不成立(当前时间：2021-08-06 14:41:21.184,条件时段：09:30:00-13:00:00)
	结果：未满足
===2021-08-06 14:41:21.729===
===2021-08-06 14:41:21.822===
股票：002850板块涨跌幅判断-额外参数：
	分组名称：1
	走势名称：发
		条件不成立(不符合板块涨跌幅条件)
	结果：未满足，返回code：-1
===2021-08-06 14:41:22.364===
额外条件未满足


===============================================

==============2021-08-06 14:42:50==============
===6开始执行条件2021-08-06 14:42:39.204===
===开始判断价格条件2021-08-06 14:42:39.204===
===开始判断额外/转自动条件2021-08-06 14:42:40.260===
===2021-08-06 14:42:44.296===
股票：002850指定时间段判断-额外参数：
	分组名称：1
	走势名称：时间段
		条件不成立(当前时间：2021-08-06 14:42:39.204,条件时段：09:30:00-13:00:00)
	结果：未满足
===2021-08-06 14:42:44.296===
===2021-08-06 14:42:45.549===
股票：002850板块涨跌幅判断-额外参数：
	分组名称：1
	走势名称：发
		条件不成立(不符合板块涨跌幅条件)
	结果：未满足，返回code：-1
===2021-08-06 14:42:50.323===
额外条件未满足


===============================================

==============2021-08-06 14:43:21==============
===6开始执行条件2021-08-06 14:43:17.412===
===开始判断价格条件2021-08-06 14:43:17.412===
===开始判断额外/转自动条件2021-08-06 14:43:18.060===
===2021-08-06 14:43:18.454===
股票：002850指定时间段判断-额外参数：
	分组名称：1
	走势名称：时间段
		条件不成立(当前时间：2021-08-06 14:43:17.412,条件时段：09:30:00-13:00:00)
	结果：未满足
===2021-08-06 14:43:18.454===
===2021-08-06 14:43:18.768===
股票：002850板块涨跌幅判断-额外参数：
	分组名称：1
	走势名称：发
		条件不成立(不符合板块涨跌幅条件)
	结果：未满足，返回code：-1
===2021-08-06 14:43:21.330===
额外条件未满足


===============================================

==============2021-08-06 15:12:51==============
===6开始执行条件2021-08-06 15:12:50.274===
===开始判断价格条件2021-08-06 15:12:50.274===
===开始判断额外/转自动条件2021-08-06 15:12:50.438===
===2021-08-06 15:12:50.659===
股票：002850指定时间段判断-额外参数：
	分组名称：1
	走势名称：时间段
		条件不成立(当前时间：2021-08-06 15:12:50.273,条件时段：09:30:00-13:00:00)
	结果：未满足
===2021-08-06 15:12:50.659===
===2021-08-06 15:12:50.691===
股票：002850板块涨跌幅判断-额外参数：
	分组名称：1
	走势名称：发
		条件不成立(不符合板块涨跌幅条件)
	结果：未满足，返回code：-1
===2021-08-06 15:12:51.108===
额外条件未满足


===============================================

==============2021-08-06 15:14:10==============
===6开始执行条件2021-08-06 15:14:09.164===
===开始判断价格条件2021-08-06 15:14:09.164===
===开始判断额外/转自动条件2021-08-06 15:14:09.447===
===2021-08-06 15:14:09.579===
股票：002850指定时间段判断-额外参数：
	分组名称：1
	走势名称：时间段
		条件不成立(当前时间：2021-08-06 15:14:09.164,条件时段：09:30:00-13:00:00)
	结果：未满足
===2021-08-06 15:14:09.579===
===2021-08-06 15:14:09.613===
股票：002850板块涨跌幅判断-额外参数：
	分组名称：1
	走势名称：发
		条件不成立(不符合板块涨跌幅条件)
	结果：未满足，返回code：-1
===2021-08-06 15:14:10.214===
额外条件未满足


===============================================

==============2021-08-06 15:28:38==============
===6开始执行条件2021-08-06 15:28:36.143===
===开始判断价格条件2021-08-06 15:28:36.143===
===开始判断额外/转自动条件2021-08-06 15:28:38.042===
===2021-08-06 15:28:38.278===
股票：002850指定时间段判断-额外参数：
	分组名称：1
	走势名称：时间段
		条件不成立(当前时间：2021-08-06 15:28:36.143,条件时段：09:30:00-13:00:00)
	结果：未满足
===2021-08-06 15:28:38.278===
===2021-08-06 15:28:38.364===
股票：002850板块涨跌幅判断-额外参数：
	分组名称：1
	走势名称：发
		条件不成立(不符合板块涨跌幅条件)
	结果：未满足，返回code：-1
===2021-08-06 15:28:38.804===
额外条件未满足


===============================================

==============2021-08-06 15:30:04==============
===6开始执行条件2021-08-06 15:30:03.806===
===开始判断价格条件2021-08-06 15:30:03.806===
===开始判断额外/转自动条件2021-08-06 15:30:03.910===
===2021-08-06 15:30:03.967===
股票：002850指定时间段判断-额外参数：
	分组名称：1
	走势名称：时间段
		条件不成立(当前时间：2021-08-06 15:30:03.766,条件时段：09:30:00-13:00:00)
	结果：未满足
===2021-08-06 15:30:03.967===
===2021-08-06 15:30:03.989===
股票：002850板块涨跌幅判断-额外参数：
	分组名称：1
	走势名称：发
		条件不成立(不符合板块涨跌幅条件)
	结果：未满足，返回code：-1
===2021-08-06 15:30:04.799===
额外条件未满足


===============================================

==============2021-08-06 15:30:25==============
===6开始执行条件2021-08-06 15:30:22.927===
===开始判断价格条件2021-08-06 15:30:22.927===
===开始判断额外/转自动条件2021-08-06 15:30:23.741===
===2021-08-06 15:30:23.818===
股票：002850指定时间段判断-额外参数：
	分组名称：1
	走势名称：时间段
		条件不成立(当前时间：2021-08-06 15:30:22.927,条件时段：09:30:00-13:00:00)
	结果：未满足
===2021-08-06 15:30:23.818===
===2021-08-06 15:30:23.874===
股票：002850板块涨跌幅判断-额外参数：
	分组名称：1
	走势名称：发
		条件不成立(不符合板块涨跌幅条件)
	结果：未满足，返回code：-1
===2021-08-06 15:30:25.676===
额外条件未满足


===============================================

==============2021-08-06 15:30:43==============
===6开始执行条件2021-08-06 15:30:42.837===
===开始判断价格条件2021-08-06 15:30:42.837===
===开始判断额外/转自动条件2021-08-06 15:30:43.132===
===2021-08-06 15:30:43.217===
股票：002850指定时间段判断-额外参数：
	分组名称：1
	走势名称：时间段
		条件不成立(当前时间：2021-08-06 15:30:42.827,条件时段：09:30:00-13:00:00)
	结果：未满足
===2021-08-06 15:30:43.217===
===2021-08-06 15:30:43.233===
股票：002850板块涨跌幅判断-额外参数：
	分组名称：1
	走势名称：发
		条件不成立(不符合板块涨跌幅条件)
	结果：未满足，返回code：-1
===2021-08-06 15:30:43.576===
额外条件未满足


===============================================

==============2021-08-06 15:31:04==============
===6开始执行条件2021-08-06 15:31:01.274===
===开始判断价格条件2021-08-06 15:31:01.274===
===开始判断额外/转自动条件2021-08-06 15:31:02.111===
===2021-08-06 15:31:02.449===
股票：002850指定时间段判断-额外参数：
	分组名称：1
	走势名称：时间段
		条件不成立(当前时间：2021-08-06 15:31:01.274,条件时段：09:30:00-13:00:00)
	结果：未满足
===2021-08-06 15:31:02.449===
===2021-08-06 15:31:02.491===
股票：002850板块涨跌幅判断-额外参数：
	分组名称：1
	走势名称：发
		条件不成立(不符合板块涨跌幅条件)
	结果：未满足，返回code：-1
===2021-08-06 15:31:04.757===
额外条件未满足


===============================================

==============2021-08-06 15:31:19==============
===6开始执行条件2021-08-06 15:31:18.437===
===开始判断价格条件2021-08-06 15:31:18.437===
===开始判断额外/转自动条件2021-08-06 15:31:18.863===
===2021-08-06 15:31:18.934===
股票：002850指定时间段判断-额外参数：
	分组名称：1
	走势名称：时间段
		条件不成立(当前时间：2021-08-06 15:31:18.437,条件时段：09:30:00-13:00:00)
	结果：未满足
===2021-08-06 15:31:18.934===
===2021-08-06 15:31:18.984===
股票：002850板块涨跌幅判断-额外参数：
	分组名称：1
	走势名称：发
		条件不成立(不符合板块涨跌幅条件)
	结果：未满足，返回code：-1
===2021-08-06 15:31:19.542===
额外条件未满足


===============================================

==============2021-08-06 15:31:41==============
===6开始执行条件2021-08-06 15:31:37.580===
===开始判断价格条件2021-08-06 15:31:37.580===
===开始判断额外/转自动条件2021-08-06 15:31:38.324===
===2021-08-06 15:31:38.436===
股票：002850指定时间段判断-额外参数：
	分组名称：1
	走势名称：时间段
		条件不成立(当前时间：2021-08-06 15:31:37.580,条件时段：09:30:00-13:00:00)
	结果：未满足
===2021-08-06 15:31:38.436===
===2021-08-06 15:31:38.634===
股票：002850板块涨跌幅判断-额外参数：
	分组名称：1
	走势名称：发
		条件不成立(不符合板块涨跌幅条件)
	结果：未满足，返回code：-1
===2021-08-06 15:31:41.114===
额外条件未满足


===============================================

==============2021-08-06 15:31:59==============
===6开始执行条件2021-08-06 15:31:56.525===
===开始判断价格条件2021-08-06 15:31:56.525===
===开始判断额外/转自动条件2021-08-06 15:31:56.902===
===2021-08-06 15:31:57.448===
股票：002850指定时间段判断-额外参数：
	分组名称：1
	走势名称：时间段
		条件不成立(当前时间：2021-08-06 15:31:56.525,条件时段：09:30:00-13:00:00)
	结果：未满足
===2021-08-06 15:31:57.448===
===2021-08-06 15:31:57.876===
股票：002850板块涨跌幅判断-额外参数：
	分组名称：1
	走势名称：发
		条件不成立(不符合板块涨跌幅条件)
	结果：未满足，返回code：-1
===2021-08-06 15:31:59.800===
额外条件未满足


===============================================

==============2021-08-06 15:32:44==============
===6开始执行条件2021-08-06 15:32:43.313===
===开始判断价格条件2021-08-06 15:32:43.313===
===开始判断额外/转自动条件2021-08-06 15:32:43.767===
===2021-08-06 15:32:43.813===
股票：002850指定时间段判断-额外参数：
	分组名称：1
	走势名称：时间段
		条件不成立(当前时间：2021-08-06 15:32:43.303,条件时段：09:30:00-13:00:00)
	结果：未满足
===2021-08-06 15:32:43.813===
===2021-08-06 15:32:43.863===
股票：002850板块涨跌幅判断-额外参数：
	分组名称：1
	走势名称：发
		条件不成立(不符合板块涨跌幅条件)
	结果：未满足，返回code：-1
===2021-08-06 15:32:44.435===
额外条件未满足


===============================================

==============2021-08-06 15:38:36==============
===6开始执行条件2021-08-06 15:38:35.558===
===开始判断价格条件2021-08-06 15:38:35.558===
===开始判断额外/转自动条件2021-08-06 15:38:35.645===
===2021-08-06 15:38:35.756===
股票：002850指定时间段判断-额外参数：
	分组名称：1
	走势名称：时间段
		条件不成立(当前时间：2021-08-06 15:38:35.557,条件时段：09:30:00-13:00:00)
	结果：未满足
===2021-08-06 15:38:35.756===
===2021-08-06 15:38:35.858===
股票：002850板块涨跌幅判断-额外参数：
	分组名称：1
	走势名称：发
		条件不成立(不符合板块涨跌幅条件)
	结果：未满足，返回code：-1
===2021-08-06 15:38:36.676===
额外条件未满足


===============================================

==============2021-08-06 17:04:53==============
===6开始执行条件2021-08-06 17:04:52.460===
===开始判断价格条件2021-08-06 17:04:52.460===
===开始判断额外/转自动条件2021-08-06 17:04:52.693===
===2021-08-06 17:04:52.757===
股票：002850指定时间段判断-额外参数：
	分组名称：1
	走势名称：时间段
		条件不成立(当前时间：2021-08-06 17:04:52.460,条件时段：09:30:00-13:00:00)
	结果：未满足
===2021-08-06 17:04:52.757===
===2021-08-06 17:04:52.795===
股票：002850板块涨跌幅判断-额外参数：
	分组名称：1
	走势名称：发
		条件不成立(不符合板块涨跌幅条件)
	结果：未满足，返回code：-1
===2021-08-06 17:04:53.333===
额外条件未满足


===============================================

==============2021-08-06 17:05:18==============
===6开始执行条件2021-08-06 17:05:16.240===
===开始判断价格条件2021-08-06 17:05:16.240===
===开始判断额外/转自动条件2021-08-06 17:05:16.860===
===2021-08-06 17:05:17.294===
股票：002850指定时间段判断-额外参数：
	分组名称：1
	走势名称：时间段
		条件不成立(当前时间：2021-08-06 17:05:16.240,条件时段：09:30:00-13:00:00)
	结果：未满足
===2021-08-06 17:05:17.294===
===2021-08-06 17:05:17.352===
股票：002850板块涨跌幅判断-额外参数：
	分组名称：1
	走势名称：发
		条件不成立(不符合板块涨跌幅条件)
	结果：未满足，返回code：-1
===2021-08-06 17:05:18.268===
额外条件未满足


===============================================

==============2021-08-06 17:05:33==============
===6开始执行条件2021-08-06 17:05:32.210===
===开始判断价格条件2021-08-06 17:05:32.210===
===开始判断额外/转自动条件2021-08-06 17:05:32.783===
===2021-08-06 17:05:32.910===
股票：002850指定时间段判断-额外参数：
	分组名称：1
	走势名称：时间段
		条件不成立(当前时间：2021-08-06 17:05:32.206,条件时段：09:30:00-13:00:00)
	结果：未满足
===2021-08-06 17:05:32.913===
===2021-08-06 17:05:32.943===
股票：002850板块涨跌幅判断-额外参数：
	分组名称：1
	走势名称：发
		条件不成立(不符合板块涨跌幅条件)
	结果：未满足，返回code：-1
===2021-08-06 17:05:33.174===
额外条件未满足


===============================================

==============2021-08-06 17:05:54==============
===6开始执行条件2021-08-06 17:05:52.592===
===开始判断价格条件2021-08-06 17:05:52.592===
===开始判断额外/转自动条件2021-08-06 17:05:52.965===
===2021-08-06 17:05:53.229===
股票：002850指定时间段判断-额外参数：
	分组名称：1
	走势名称：时间段
		条件不成立(当前时间：2021-08-06 17:05:52.580,条件时段：09:30:00-13:00:00)
	结果：未满足
===2021-08-06 17:05:53.229===
===2021-08-06 17:05:53.258===
股票：002850板块涨跌幅判断-额外参数：
	分组名称：1
	走势名称：发
		条件不成立(不符合板块涨跌幅条件)
	结果：未满足，返回code：-1
===2021-08-06 17:05:54.381===
额外条件未满足


===============================================

==============2021-08-06 17:06:25==============
===6开始执行条件2021-08-06 17:06:19.309===
===开始判断价格条件2021-08-06 17:06:19.309===
===开始判断额外/转自动条件2021-08-06 17:06:21.967===
===2021-08-06 17:06:22.690===
股票：002850指定时间段判断-额外参数：
	分组名称：1
	走势名称：时间段
		条件不成立(当前时间：2021-08-06 17:06:19.302,条件时段：09:30:00-13:00:00)
	结果：未满足
===2021-08-06 17:06:22.690===
===2021-08-06 17:06:23.026===
股票：002850板块涨跌幅判断-额外参数：
	分组名称：1
	走势名称：发
		条件不成立(不符合板块涨跌幅条件)
	结果：未满足，返回code：-1
===2021-08-06 17:06:25.533===
额外条件未满足


===============================================

==============2021-08-06 17:06:44==============
===6开始执行条件2021-08-06 17:06:39.190===
===开始判断价格条件2021-08-06 17:06:39.190===
===开始判断额外/转自动条件2021-08-06 17:06:40.647===
===2021-08-06 17:06:41.353===
股票：002850指定时间段判断-额外参数：
	分组名称：1
	走势名称：时间段
		条件不成立(当前时间：2021-08-06 17:06:39.189,条件时段：09:30:00-13:00:00)
	结果：未满足
===2021-08-06 17:06:41.353===
===2021-08-06 17:06:41.535===
股票：002850板块涨跌幅判断-额外参数：
	分组名称：1
	走势名称：发
		条件不成立(不符合板块涨跌幅条件)
	结果：未满足，返回code：-1
===2021-08-06 17:06:44.103===
额外条件未满足


===============================================

==============2021-08-06 17:07:04==============
===6开始执行条件2021-08-06 17:07:00.896===
===开始判断价格条件2021-08-06 17:07:00.896===
===开始判断额外/转自动条件2021-08-06 17:07:01.715===
===2021-08-06 17:07:02.395===
股票：002850指定时间段判断-额外参数：
	分组名称：1
	走势名称：时间段
		条件不成立(当前时间：2021-08-06 17:07:00.895,条件时段：09:30:00-13:00:00)
	结果：未满足
===2021-08-06 17:07:02.395===
===2021-08-06 17:07:02.606===
股票：002850板块涨跌幅判断-额外参数：
	分组名称：1
	走势名称：发
		条件不成立(不符合板块涨跌幅条件)
	结果：未满足，返回code：-1
===2021-08-06 17:07:04.711===
额外条件未满足


===============================================

==============2021-08-06 17:07:25==============
===6开始执行条件2021-08-06 17:07:22.471===
===开始判断价格条件2021-08-06 17:07:22.471===
===开始判断额外/转自动条件2021-08-06 17:07:22.741===
===2021-08-06 17:07:22.973===
股票：002850指定时间段判断-额外参数：
	分组名称：1
	走势名称：时间段
		条件不成立(当前时间：2021-08-06 17:07:22.471,条件时段：09:30:00-13:00:00)
	结果：未满足
===2021-08-06 17:07:22.973===
===2021-08-06 17:07:23.156===
股票：002850板块涨跌幅判断-额外参数：
	分组名称：1
	走势名称：发
		条件不成立(不符合板块涨跌幅条件)
	结果：未满足，返回code：-1
===2021-08-06 17:07:25.029===
额外条件未满足


===============================================

==============2021-08-06 17:07:50==============
===6开始执行条件2021-08-06 17:07:45.120===
===开始判断价格条件2021-08-06 17:07:45.120===
===开始判断额外/转自动条件2021-08-06 17:07:46.472===
===2021-08-06 17:07:47.250===
股票：002850指定时间段判断-额外参数：
	分组名称：1
	走势名称：时间段
		条件不成立(当前时间：2021-08-06 17:07:45.120,条件时段：09:30:00-13:00:00)
	结果：未满足
===2021-08-06 17:07:47.250===
===2021-08-06 17:07:47.601===
股票：002850板块涨跌幅判断-额外参数：
	分组名称：1
	走势名称：发
		条件不成立(不符合板块涨跌幅条件)
	结果：未满足，返回code：-1
===2021-08-06 17:07:50.218===
额外条件未满足


===============================================

==============2021-08-06 17:08:14==============
===6开始执行条件2021-08-06 17:08:09.317===
===开始判断价格条件2021-08-06 17:08:09.317===
===开始判断额外/转自动条件2021-08-06 17:08:11.033===
===2021-08-06 17:08:12.010===
股票：002850指定时间段判断-额外参数：
	分组名称：1
	走势名称：时间段
		条件不成立(当前时间：2021-08-06 17:08:09.304,条件时段：09:30:00-13:00:00)
	结果：未满足
===2021-08-06 17:08:12.010===
===2021-08-06 17:08:12.436===
股票：002850板块涨跌幅判断-额外参数：
	分组名称：1
	走势名称：发
		条件不成立(不符合板块涨跌幅条件)
	结果：未满足，返回code：-1
===2021-08-06 17:08:14.759===
额外条件未满足


===============================================

==============2021-08-06 17:08:37==============
===6开始执行条件2021-08-06 17:08:32.483===
===开始判断价格条件2021-08-06 17:08:32.483===
===开始判断额外/转自动条件2021-08-06 17:08:33.377===
===2021-08-06 17:08:33.873===
股票：002850指定时间段判断-额外参数：
	分组名称：1
	走势名称：时间段
		条件不成立(当前时间：2021-08-06 17:08:32.482,条件时段：09:30:00-13:00:00)
	结果：未满足
===2021-08-06 17:08:33.873===
===2021-08-06 17:08:33.979===
股票：002850板块涨跌幅判断-额外参数：
	分组名称：1
	走势名称：发
		条件不成立(不符合板块涨跌幅条件)
	结果：未满足，返回code：-1
===2021-08-06 17:08:37.060===
额外条件未满足


===============================================

==============2021-08-06 17:10:19==============
===6开始执行条件2021-08-06 17:10:17.935===
===开始判断价格条件2021-08-06 17:10:17.935===
===开始判断额外/转自动条件2021-08-06 17:10:18.373===
===2021-08-06 17:10:18.515===
股票：002850指定时间段判断-额外参数：
	分组名称：1
	走势名称：时间段
		条件不成立(当前时间：2021-08-06 17:10:17.935,条件时段：09:30:00-13:00:00)
	结果：未满足
===2021-08-06 17:10:18.515===
===2021-08-06 17:10:18.568===
股票：002850板块涨跌幅判断-额外参数：
	分组名称：1
	走势名称：发
		条件不成立(不符合板块涨跌幅条件)
	结果：未满足，返回code：-1
===2021-08-06 17:10:19.440===
额外条件未满足


===============================================

==============2021-08-06 17:10:36==============
===6开始执行条件2021-08-06 17:10:35.670===
===开始判断价格条件2021-08-06 17:10:35.670===
===开始判断额外/转自动条件2021-08-06 17:10:35.850===
===2021-08-06 17:10:36.013===
股票：002850指定时间段判断-额外参数：
	分组名称：1
	走势名称：时间段
		条件不成立(当前时间：2021-08-06 17:10:35.669,条件时段：09:30:00-13:00:00)
	结果：未满足
===2021-08-06 17:10:36.013===
===2021-08-06 17:10:36.081===
股票：002850板块涨跌幅判断-额外参数：
	分组名称：1
	走势名称：发
		条件不成立(不符合板块涨跌幅条件)
	结果：未满足，返回code：-1
===2021-08-06 17:10:36.765===
额外条件未满足


===============================================

==============2021-08-06 17:10:57==============
===6开始执行条件2021-08-06 17:10:55.387===
===开始判断价格条件2021-08-06 17:10:55.387===
===开始判断额外/转自动条件2021-08-06 17:10:55.943===
===2021-08-06 17:10:56.250===
股票：002850指定时间段判断-额外参数：
	分组名称：1
	走势名称：时间段
		条件不成立(当前时间：2021-08-06 17:10:55.384,条件时段：09:30:00-13:00:00)
	结果：未满足
===2021-08-06 17:10:56.251===
===2021-08-06 17:10:56.415===
股票：002850板块涨跌幅判断-额外参数：
	分组名称：1
	走势名称：发
		条件不成立(不符合板块涨跌幅条件)
	结果：未满足，返回code：-1
===2021-08-06 17:10:57.438===
额外条件未满足


===============================================

==============2021-08-06 17:11:21==============
===6开始执行条件2021-08-06 17:11:16.162===
===开始判断价格条件2021-08-06 17:11:16.162===
===开始判断额外/转自动条件2021-08-06 17:11:17.778===
===2021-08-06 17:11:18.756===
股票：002850指定时间段判断-额外参数：
	分组名称：1
	走势名称：时间段
		条件不成立(当前时间：2021-08-06 17:11:16.162,条件时段：09:30:00-13:00:00)
	结果：未满足
===2021-08-06 17:11:18.756===
===2021-08-06 17:11:18.903===
股票：002850板块涨跌幅判断-额外参数：
	分组名称：1
	走势名称：发
		条件不成立(不符合板块涨跌幅条件)
	结果：未满足，返回code：-1
===2021-08-06 17:11:21.842===
额外条件未满足


===============================================

==============2021-08-06 17:11:42==============
===6开始执行条件2021-08-06 17:11:37.890===
===开始判断价格条件2021-08-06 17:11:37.890===
===开始判断额外/转自动条件2021-08-06 17:11:38.855===
===2021-08-06 17:11:39.658===
股票：002850指定时间段判断-额外参数：
	分组名称：1
	走势名称：时间段
		条件不成立(当前时间：2021-08-06 17:11:37.890,条件时段：09:30:00-13:00:00)
	结果：未满足
===2021-08-06 17:11:39.658===
===2021-08-06 17:11:40.034===
股票：002850板块涨跌幅判断-额外参数：
	分组名称：1
	走势名称：发
		条件不成立(不符合板块涨跌幅条件)
	结果：未满足，返回code：-1
===2021-08-06 17:11:42.033===
额外条件未满足


===============================================

==============2021-08-06 17:12:02==============
===6开始执行条件2021-08-06 17:12:00.200===
===开始判断价格条件2021-08-06 17:12:00.200===
===开始判断额外/转自动条件2021-08-06 17:12:00.500===
===2021-08-06 17:12:00.753===
股票：002850指定时间段判断-额外参数：
	分组名称：1
	走势名称：时间段
		条件不成立(当前时间：2021-08-06 17:12:00.200,条件时段：09:30:00-13:00:00)
	结果：未满足
===2021-08-06 17:12:00.753===
===2021-08-06 17:12:01.178===
股票：002850板块涨跌幅判断-额外参数：
	分组名称：1
	走势名称：发
		条件不成立(不符合板块涨跌幅条件)
	结果：未满足，返回code：-1
===2021-08-06 17:12:02.114===
额外条件未满足


===============================================

==============2021-08-06 17:12:26==============
===6开始执行条件2021-08-06 17:12:22.117===
===开始判断价格条件2021-08-06 17:12:22.117===
===开始判断额外/转自动条件2021-08-06 17:12:23.249===
===2021-08-06 17:12:24.440===
股票：002850指定时间段判断-额外参数：
	分组名称：1
	走势名称：时间段
		条件不成立(当前时间：2021-08-06 17:12:22.117,条件时段：09:30:00-13:00:00)
	结果：未满足
===2021-08-06 17:12:24.441===
===2021-08-06 17:12:24.573===
股票：002850板块涨跌幅判断-额外参数：
	分组名称：1
	走势名称：发
		条件不成立(不符合板块涨跌幅条件)
	结果：未满足，返回code：-1
===2021-08-06 17:12:26.875===
额外条件未满足


===============================================

