==============2021-08-09 10:08:59==============
===6开始执行条件2021-08-09 10:08:56.249===
===开始判断价格条件2021-08-09 10:08:56.249===
===开始判断额外/转自动条件2021-08-09 10:08:57.951===
===2021-08-09 10:08:58.481===
股票：300340指定时间段判断-额外参数：
	分组名称：1
	走势名称：时间段
		条件成立(当前时间：2021-08-09 10:08:56.249,条件时段：09:30:00-13:00:00)
	结果：达到要求
===2021-08-09 10:08:58.736===
===2021-08-09 10:08:59.924===
股票：300340多头向上判断-转自动参数：
	分组名称：2
	走势名称：多头向上
	结果：未满足，返回code：0
===2021-08-09 10:08:59.924===
满足所有条件，可以触发


===============================================

==============2021-08-09 10:10:44==============
===6开始执行条件2021-08-09 10:10:40.898===
===开始判断价格条件2021-08-09 10:10:40.898===
===开始判断额外/转自动条件2021-08-09 10:10:43.130===
===2021-08-09 10:10:43.907===
股票：300340指定时间段判断-额外参数：
	分组名称：1
	走势名称：时间段
		条件成立(当前时间：2021-08-09 10:10:40.897,条件时段：09:30:00-13:00:00)
	结果：达到要求
===2021-08-09 10:10:44.137===
===2021-08-09 10:10:44.812===
股票：300340多头向上判断-转自动参数：
	分组名称：2
	走势名称：多头向上
	结果：未满足，返回code：0
===2021-08-09 10:10:44.812===
满足所有条件，可以触发


===============================================

==============2021-08-09 10:11:07==============
===6开始执行条件2021-08-09 10:11:06.966===
===开始判断价格条件2021-08-09 10:11:06.966===
===开始判断额外/转自动条件2021-08-09 10:11:07.053===
===2021-08-09 10:11:07.408===
股票：300340指定时间段判断-额外参数：
	分组名称：1
	走势名称：时间段
		条件成立(当前时间：2021-08-09 10:11:06.966,条件时段：09:30:00-13:00:00)
	结果：达到要求
===2021-08-09 10:11:07.518===
===2021-08-09 10:11:07.671===
股票：300340多头向上判断-转自动参数：
	分组名称：2
	走势名称：多头向上
	结果：未满足，返回code：0
===2021-08-09 10:11:07.671===
满足所有条件，可以触发


===============================================

==============2021-08-09 10:11:27==============
===6开始执行条件2021-08-09 10:11:24.221===
===开始判断价格条件2021-08-09 10:11:24.221===
===开始判断额外/转自动条件2021-08-09 10:11:25.650===
===2021-08-09 10:11:26.441===
股票：300340指定时间段判断-额外参数：
	分组名称：1
	走势名称：时间段
		条件成立(当前时间：2021-08-09 10:11:24.221,条件时段：09:30:00-13:00:00)
	结果：达到要求
===2021-08-09 10:11:27.430===
===2021-08-09 10:11:27.978===
股票：300340多头向上判断-转自动参数：
	分组名称：2
	走势名称：多头向上
	结果：未满足，返回code：0
===2021-08-09 10:11:27.978===
满足所有条件，可以触发


===============================================

==============2021-08-09 11:02:52==============
===6开始执行条件2021-08-09 11:02:52.272===
===开始判断价格条件2021-08-09 11:02:52.272===
===开始判断额外/转自动条件2021-08-09 11:02:52.366===
===2021-08-09 11:02:52.515===
股票：300340指定时间段判断-额外参数：
	分组名称：1
	走势名称：时间段
		条件成立(当前时间：2021-08-09 11:02:52.272,条件时段：09:30:00-13:00:00)
	结果：达到要求
===2021-08-09 11:02:52.565===
===2021-08-09 11:02:52.672===
股票：300340多头向上判断-转自动参数：
	分组名称：2
	走势名称：多头向上
	结果：未满足，返回code：0
===2021-08-09 11:02:52.672===
满足所有条件，可以触发


===============================================

==============2021-08-09 11:03:32==============
===6开始执行条件2021-08-09 11:03:31.471===
===开始判断价格条件2021-08-09 11:03:31.471===
===开始判断额外/转自动条件2021-08-09 11:03:31.739===
===2021-08-09 11:03:31.992===
股票：300340指定时间段判断-额外参数：
	分组名称：1
	走势名称：时间段
		条件成立(当前时间：2021-08-09 11:03:31.470,条件时段：09:30:00-13:00:00)
	结果：达到要求
===2021-08-09 11:03:32.131===
===2021-08-09 11:03:32.265===
股票：300340多头向上判断-转自动参数：
	分组名称：2
	走势名称：多头向上
	结果：未满足，返回code：0
===2021-08-09 11:03:32.265===
满足所有条件，可以触发


===============================================

==============2021-08-09 11:03:54==============
===6开始执行条件2021-08-09 11:03:53.473===
===开始判断价格条件2021-08-09 11:03:53.473===
===开始判断额外/转自动条件2021-08-09 11:03:53.835===
===2021-08-09 11:03:54.130===
股票：300340指定时间段判断-额外参数：
	分组名称：1
	走势名称：时间段
		条件成立(当前时间：2021-08-09 11:03:53.473,条件时段：09:30:00-13:00:00)
	结果：达到要求
===2021-08-09 11:03:54.352===
===2021-08-09 11:03:54.737===
股票：300340多头向上判断-转自动参数：
	分组名称：2
	走势名称：多头向上
	结果：未满足，返回code：0
===2021-08-09 11:03:54.737===
满足所有条件，可以触发


===============================================

