==============2021-08-06 15:12:53==============
===6开始执行条件2021-08-06 15:12:52.378===
===开始判断价格条件2021-08-06 15:12:52.378===
===开始判断额外/转自动条件2021-08-06 15:12:52.462===
===2021-08-06 15:12:52.605===
股票：300340指定时间段判断-额外参数：
	分组名称：1
	走势名称：时间段
		条件不成立(当前时间：2021-08-06 15:12:52.378,条件时段：09:30:00-13:00:00)
	结果：未满足
===2021-08-06 15:12:52.605===
===2021-08-06 15:12:52.701===
股票：300340板块涨跌幅判断-额外参数：
	分组名称：1
	走势名称：发
		条件不成立(不符合板块涨跌幅条件)
	结果：未满足，返回code：-1
===2021-08-06 15:12:53.859===
额外条件未满足


===============================================

==============2021-08-06 15:14:14==============
===6开始执行条件2021-08-06 15:14:11.704===
===开始判断价格条件2021-08-06 15:14:11.704===
===开始判断额外/转自动条件2021-08-06 15:14:12.437===
===2021-08-06 15:14:12.845===
股票：300340指定时间段判断-额外参数：
	分组名称：1
	走势名称：时间段
		条件不成立(当前时间：2021-08-06 15:14:11.703,条件时段：09:30:00-13:00:00)
	结果：未满足
===2021-08-06 15:14:12.845===
===2021-08-06 15:14:13.034===
股票：300340板块涨跌幅判断-额外参数：
	分组名称：1
	走势名称：发
		条件不成立(不符合板块涨跌幅条件)
	结果：未满足，返回code：-1
===2021-08-06 15:14:14.362===
额外条件未满足


===============================================

==============2021-08-06 15:31:21==============
===6开始执行条件2021-08-06 15:31:20.402===
===开始判断价格条件2021-08-06 15:31:20.402===
===开始判断额外/转自动条件2021-08-06 15:31:20.714===
===2021-08-06 15:31:21.048===
股票：300340指定时间段判断-额外参数：
	分组名称：1
	走势名称：时间段
		条件不成立(当前时间：2021-08-06 15:31:20.402,条件时段：09:30:00-13:00:00)
	结果：未满足
===2021-08-06 15:31:21.048===
===2021-08-06 15:31:21.092===
股票：300340板块涨跌幅判断-额外参数：
	分组名称：1
	走势名称：发
		条件不成立(不符合板块涨跌幅条件)
	结果：未满足，返回code：-1
===2021-08-06 15:31:21.973===
额外条件未满足


===============================================

==============2021-08-06 15:32:00==============
===6开始执行条件2021-08-06 15:31:57.149===
===开始判断价格条件2021-08-06 15:31:57.149===
===开始判断额外/转自动条件2021-08-06 15:31:57.875===
===2021-08-06 15:31:58.418===
股票：300340指定时间段判断-额外参数：
	分组名称：1
	走势名称：时间段
		条件不成立(当前时间：2021-08-06 15:31:57.148,条件时段：09:30:00-13:00:00)
	结果：未满足
===2021-08-06 15:31:58.418===
===2021-08-06 15:31:58.624===
股票：300340板块涨跌幅判断-额外参数：
	分组名称：1
	走势名称：发
		条件不成立(不符合板块涨跌幅条件)
	结果：未满足，返回code：-1
===2021-08-06 15:32:00.389===
额外条件未满足


===============================================

==============2021-08-06 15:32:46==============
===6开始执行条件2021-08-06 15:32:45.529===
===开始判断价格条件2021-08-06 15:32:45.529===
===开始判断额外/转自动条件2021-08-06 15:32:45.910===
===2021-08-06 15:32:46.081===
股票：300340指定时间段判断-额外参数：
	分组名称：1
	走势名称：时间段
		条件不成立(当前时间：2021-08-06 15:32:45.529,条件时段：09:30:00-13:00:00)
	结果：未满足
===2021-08-06 15:32:46.081===
===2021-08-06 15:32:46.109===
股票：300340板块涨跌幅判断-额外参数：
	分组名称：1
	走势名称：发
		条件不成立(不符合板块涨跌幅条件)
	结果：未满足，返回code：-1
===2021-08-06 15:32:46.732===
额外条件未满足


===============================================

==============2021-08-06 15:32:53==============
===6开始执行条件2021-08-06 15:32:52.334===
===开始判断价格条件2021-08-06 15:32:52.334===
===开始判断额外/转自动条件2021-08-06 15:32:52.445===
===2021-08-06 15:32:52.561===
股票：300340指定时间段判断-额外参数：
	分组名称：1
	走势名称：时间段
		条件不成立(当前时间：2021-08-06 15:32:52.328,条件时段：09:30:00-13:00:00)
	结果：未满足
===2021-08-06 15:32:52.562===
===2021-08-06 15:32:52.969===
股票：300340板块涨跌幅判断-额外参数：
	分组名称：1
	走势名称：发
		条件不成立(不符合板块涨跌幅条件)
	结果：未满足，返回code：-1
===2021-08-06 15:32:53.478===
额外条件未满足


===============================================

==============2021-08-06 15:33:11==============
===6开始执行条件2021-08-06 15:33:08.275===
===开始判断价格条件2021-08-06 15:33:08.275===
===开始判断额外/转自动条件2021-08-06 15:33:09.466===
===2021-08-06 15:33:10.734===
股票：300340指定时间段判断-额外参数：
	分组名称：1
	走势名称：时间段
		条件不成立(当前时间：2021-08-06 15:33:08.275,条件时段：09:30:00-13:00:00)
	结果：未满足
===2021-08-06 15:33:10.735===
===2021-08-06 15:33:10.884===
股票：300340板块涨跌幅判断-额外参数：
	分组名称：1
	走势名称：发
		条件不成立(不符合板块涨跌幅条件)
	结果：未满足，返回code：-1
===2021-08-06 15:33:11.885===
额外条件未满足


===============================================

==============2021-08-06 17:04:56==============
===6开始执行条件2021-08-06 17:04:55.125===
===开始判断价格条件2021-08-06 17:04:55.125===
===开始判断额外/转自动条件2021-08-06 17:04:55.481===
===2021-08-06 17:04:55.723===
股票：300340指定时间段判断-额外参数：
	分组名称：1
	走势名称：时间段
		条件不成立(当前时间：2021-08-06 17:04:55.125,条件时段：09:30:00-13:00:00)
	结果：未满足
===2021-08-06 17:04:55.723===
===2021-08-06 17:04:55.780===
股票：300340板块涨跌幅判断-额外参数：
	分组名称：1
	走势名称：发
		条件不成立(不符合板块涨跌幅条件)
	结果：未满足，返回code：-1
===2021-08-06 17:04:56.344===
额外条件未满足


===============================================

==============2021-08-06 17:05:21==============
===6开始执行条件2021-08-06 17:05:19.839===
===开始判断价格条件2021-08-06 17:05:19.839===
===开始判断额外/转自动条件2021-08-06 17:05:20.395===
===2021-08-06 17:05:20.807===
股票：300340指定时间段判断-额外参数：
	分组名称：1
	走势名称：时间段
		条件不成立(当前时间：2021-08-06 17:05:19.839,条件时段：09:30:00-13:00:00)
	结果：未满足
===2021-08-06 17:05:20.807===
===2021-08-06 17:05:20.962===
股票：300340板块涨跌幅判断-额外参数：
	分组名称：1
	走势名称：发
		条件不成立(不符合板块涨跌幅条件)
	结果：未满足，返回code：-1
===2021-08-06 17:05:21.761===
额外条件未满足


===============================================

==============2021-08-06 17:05:35==============
===6开始执行条件2021-08-06 17:05:34.065===
===开始判断价格条件2021-08-06 17:05:34.065===
===开始判断额外/转自动条件2021-08-06 17:05:34.488===
===2021-08-06 17:05:34.742===
股票：300340指定时间段判断-额外参数：
	分组名称：1
	走势名称：时间段
		条件不成立(当前时间：2021-08-06 17:05:34.065,条件时段：09:30:00-13:00:00)
	结果：未满足
===2021-08-06 17:05:34.742===
===2021-08-06 17:05:34.907===
股票：300340板块涨跌幅判断-额外参数：
	分组名称：1
	走势名称：发
		条件不成立(不符合板块涨跌幅条件)
	结果：未满足，返回code：-1
===2021-08-06 17:05:35.588===
额外条件未满足


===============================================

==============2021-08-06 17:05:58==============
===6开始执行条件2021-08-06 17:05:56.393===
===开始判断价格条件2021-08-06 17:05:56.393===
===开始判断额外/转自动条件2021-08-06 17:05:57.010===
===2021-08-06 17:05:57.120===
股票：300340指定时间段判断-额外参数：
	分组名称：1
	走势名称：时间段
		条件不成立(当前时间：2021-08-06 17:05:56.393,条件时段：09:30:00-13:00:00)
	结果：未满足
===2021-08-06 17:05:57.120===
===2021-08-06 17:05:57.224===
股票：300340板块涨跌幅判断-额外参数：
	分组名称：1
	走势名称：发
		条件不成立(不符合板块涨跌幅条件)
	结果：未满足，返回code：-1
===2021-08-06 17:05:58.888===
额外条件未满足


===============================================

==============2021-08-06 17:07:08==============
===6开始执行条件2021-08-06 17:07:05.449===
===开始判断价格条件2021-08-06 17:07:05.449===
===开始判断额外/转自动条件2021-08-06 17:07:06.250===
===2021-08-06 17:07:06.793===
股票：300340指定时间段判断-额外参数：
	分组名称：1
	走势名称：时间段
		条件不成立(当前时间：2021-08-06 17:07:05.449,条件时段：09:30:00-13:00:00)
	结果：未满足
===2021-08-06 17:07:06.793===
===2021-08-06 17:07:06.875===
股票：300340板块涨跌幅判断-额外参数：
	分组名称：1
	走势名称：发
		条件不成立(不符合板块涨跌幅条件)
	结果：未满足，返回code：-1
===2021-08-06 17:07:08.297===
额外条件未满足


===============================================

==============2021-08-06 17:07:27==============
===6开始执行条件2021-08-06 17:07:26.749===
===开始判断价格条件2021-08-06 17:07:26.749===
===开始判断额外/转自动条件2021-08-06 17:07:27.081===
===2021-08-06 17:07:27.347===
股票：300340指定时间段判断-额外参数：
	分组名称：1
	走势名称：时间段
		条件不成立(当前时间：2021-08-06 17:07:26.749,条件时段：09:30:00-13:00:00)
	结果：未满足
===2021-08-06 17:07:27.347===
===2021-08-06 17:07:27.373===
股票：300340板块涨跌幅判断-额外参数：
	分组名称：1
	走势名称：发
		条件不成立(不符合板块涨跌幅条件)
	结果：未满足，返回code：-1
===2021-08-06 17:07:27.864===
额外条件未满足


===============================================

==============2021-08-06 17:07:54==============
===6开始执行条件2021-08-06 17:07:49.577===
===开始判断价格条件2021-08-06 17:07:49.577===
===开始判断额外/转自动条件2021-08-06 17:07:51.112===
===2021-08-06 17:07:51.551===
股票：300340指定时间段判断-额外参数：
	分组名称：1
	走势名称：时间段
		条件不成立(当前时间：2021-08-06 17:07:49.577,条件时段：09:30:00-13:00:00)
	结果：未满足
===2021-08-06 17:07:51.551===
===2021-08-06 17:07:51.859===
股票：300340板块涨跌幅判断-额外参数：
	分组名称：1
	走势名称：发
		条件不成立(不符合板块涨跌幅条件)
	结果：未满足，返回code：-1
===2021-08-06 17:07:54.610===
额外条件未满足


===============================================

==============2021-08-06 17:08:41==============
===6开始执行条件2021-08-06 17:08:37.221===
===开始判断价格条件2021-08-06 17:08:37.221===
===开始判断额外/转自动条件2021-08-06 17:08:39.050===
===2021-08-06 17:08:39.848===
股票：300340指定时间段判断-额外参数：
	分组名称：1
	走势名称：时间段
		条件不成立(当前时间：2021-08-06 17:08:37.221,条件时段：09:30:00-13:00:00)
	结果：未满足
===2021-08-06 17:08:39.923===
===2021-08-06 17:08:40.421===
股票：300340板块涨跌幅判断-额外参数：
	分组名称：1
	走势名称：发
		条件不成立(不符合板块涨跌幅条件)
	结果：未满足，返回code：-1
===2021-08-06 17:08:41.925===
额外条件未满足


===============================================

==============2021-08-06 17:10:21==============
===6开始执行条件2021-08-06 17:10:19.582===
===开始判断价格条件2021-08-06 17:10:19.582===
===开始判断额外/转自动条件2021-08-06 17:10:19.873===
===2021-08-06 17:10:19.972===
股票：300340指定时间段判断-额外参数：
	分组名称：1
	走势名称：时间段
		条件不成立(当前时间：2021-08-06 17:10:19.582,条件时段：09:30:00-13:00:00)
	结果：未满足
===2021-08-06 17:10:19.972===
===2021-08-06 17:10:20.060===
股票：300340板块涨跌幅判断-额外参数：
	分组名称：1
	走势名称：发
		条件不成立(不符合板块涨跌幅条件)
	结果：未满足，返回code：-1
===2021-08-06 17:10:21.073===
额外条件未满足


===============================================

==============2021-08-06 17:10:39==============
===6开始执行条件2021-08-06 17:10:37.908===
===开始判断价格条件2021-08-06 17:10:37.908===
===开始判断额外/转自动条件2021-08-06 17:10:38.082===
===2021-08-06 17:10:38.248===
股票：300340指定时间段判断-额外参数：
	分组名称：1
	走势名称：时间段
		条件不成立(当前时间：2021-08-06 17:10:37.908,条件时段：09:30:00-13:00:00)
	结果：未满足
===2021-08-06 17:10:38.248===
===2021-08-06 17:10:38.298===
股票：300340板块涨跌幅判断-额外参数：
	分组名称：1
	走势名称：发
		条件不成立(不符合板块涨跌幅条件)
	结果：未满足，返回code：-1
===2021-08-06 17:10:39.014===
额外条件未满足


===============================================

==============2021-08-06 17:10:59==============
===6开始执行条件2021-08-06 17:10:58.198===
===开始判断价格条件2021-08-06 17:10:58.198===
===开始判断额外/转自动条件2021-08-06 17:10:58.631===
===2021-08-06 17:10:58.792===
股票：300340指定时间段判断-额外参数：
	分组名称：1
	走势名称：时间段
		条件不成立(当前时间：2021-08-06 17:10:58.198,条件时段：09:30:00-13:00:00)
	结果：未满足
===2021-08-06 17:10:58.792===
===2021-08-06 17:10:58.971===
股票：300340板块涨跌幅判断-额外参数：
	分组名称：1
	走势名称：发
		条件不成立(不符合板块涨跌幅条件)
	结果：未满足，返回code：-1
===2021-08-06 17:10:59.800===
额外条件未满足


===============================================

==============2021-08-06 17:11:25==============
===6开始执行条件2021-08-06 17:11:20.652===
===开始判断价格条件2021-08-06 17:11:20.652===
===开始判断额外/转自动条件2021-08-06 17:11:21.888===
===2021-08-06 17:11:22.646===
股票：300340指定时间段判断-额外参数：
	分组名称：1
	走势名称：时间段
		条件不成立(当前时间：2021-08-06 17:11:20.652,条件时段：09:30:00-13:00:00)
	结果：未满足
===2021-08-06 17:11:22.646===
===2021-08-06 17:11:23.024===
股票：300340板块涨跌幅判断-额外参数：
	分组名称：1
	走势名称：发
		条件不成立(不符合板块涨跌幅条件)
	结果：未满足，返回code：-1
===2021-08-06 17:11:25.495===
额外条件未满足


===============================================

==============2021-08-06 17:11:46==============
===6开始执行条件2021-08-06 17:11:42.199===
===开始判断价格条件2021-08-06 17:11:42.199===
===开始判断额外/转自动条件2021-08-06 17:11:43.129===
===2021-08-06 17:11:43.615===
股票：300340指定时间段判断-额外参数：
	分组名称：1
	走势名称：时间段
		条件不成立(当前时间：2021-08-06 17:11:42.199,条件时段：09:30:00-13:00:00)
	结果：未满足
===2021-08-06 17:11:43.615===
===2021-08-06 17:11:43.740===
股票：300340板块涨跌幅判断-额外参数：
	分组名称：1
	走势名称：发
		条件不成立(不符合板块涨跌幅条件)
	结果：未满足，返回code：-1
===2021-08-06 17:11:46.381===
额外条件未满足


===============================================

==============2021-08-06 17:12:05==============
===6开始执行条件2021-08-06 17:12:03.343===
===开始判断价格条件2021-08-06 17:12:03.343===
===开始判断额外/转自动条件2021-08-06 17:12:04.109===
===2021-08-06 17:12:04.500===
股票：300340指定时间段判断-额外参数：
	分组名称：1
	走势名称：时间段
		条件不成立(当前时间：2021-08-06 17:12:03.343,条件时段：09:30:00-13:00:00)
	结果：未满足
===2021-08-06 17:12:04.500===
===2021-08-06 17:12:04.525===
股票：300340板块涨跌幅判断-额外参数：
	分组名称：1
	走势名称：发
		条件不成立(不符合板块涨跌幅条件)
	结果：未满足，返回code：-1
===2021-08-06 17:12:05.600===
额外条件未满足


===============================================

==============2021-08-06 17:12:30==============
===6开始执行条件2021-08-06 17:12:26.839===
===开始判断价格条件2021-08-06 17:12:26.839===
===开始判断额外/转自动条件2021-08-06 17:12:27.370===
===2021-08-06 17:12:28.012===
股票：300340指定时间段判断-额外参数：
	分组名称：1
	走势名称：时间段
		条件不成立(当前时间：2021-08-06 17:12:26.839,条件时段：09:30:00-13:00:00)
	结果：未满足
===2021-08-06 17:12:28.012===
===2021-08-06 17:12:28.149===
股票：300340板块涨跌幅判断-额外参数：
	分组名称：1
	走势名称：发
		条件不成立(不符合板块涨跌幅条件)
	结果：未满足，返回code：-1
===2021-08-06 17:12:30.333===
额外条件未满足


===============================================

