==============2021-08-11 10:28:37==============
===6开始执行条件2021-08-11 10:28:36.443===
===开始判断价格条件2021-08-11 10:28:36.443===
===开始判断额外/转自动条件2021-08-11 10:28:36.738===
===2021-08-11 10:28:36.930===
股票：300340指定时间段判断-额外参数：
	分组名称：1
	走势名称：时间段
		条件成立(当前时间：2021-08-11 10:28:36.442,条件时段：09:30:00-13:00:00)
	结果：达到要求
===2021-08-11 10:28:37.075===
===2021-08-11 10:28:37.798===
股票：300340多头向上判断-转自动参数：
	分组名称：2
	走势名称：多头向上
	结果：未满足，返回code：0
===2021-08-11 10:28:37.798===
满足所有条件，可以触发


===============================================

==============2021-08-11 10:28:52==============
===6开始执行条件2021-08-11 10:28:52.540===
===开始判断价格条件2021-08-11 10:28:52.540===
===开始判断额外/转自动条件2021-08-11 10:28:52.619===
===2021-08-11 10:28:52.665===
股票：300340指定时间段判断-额外参数：
	分组名称：1
	走势名称：时间段
		条件成立(当前时间：2021-08-11 10:28:52.540,条件时段：09:30:00-13:00:00)
	结果：达到要求
===2021-08-11 10:28:52.724===
===2021-08-11 10:28:52.894===
股票：300340多头向上判断-转自动参数：
	分组名称：2
	走势名称：多头向上
	结果：未满足，返回code：0
===2021-08-11 10:28:52.894===
满足所有条件，可以触发


===============================================

==============2021-08-11 10:29:46==============
===6开始执行条件2021-08-11 10:29:45.262===
===开始判断价格条件2021-08-11 10:29:45.262===
===开始判断额外/转自动条件2021-08-11 10:29:45.504===
===2021-08-11 10:29:45.701===
股票：300340指定时间段判断-额外参数：
	分组名称：1
	走势名称：时间段
		条件成立(当前时间：2021-08-11 10:29:45.262,条件时段：09:30:00-13:00:00)
	结果：达到要求
===2021-08-11 10:29:45.803===
===2021-08-11 10:29:46.324===
股票：300340多头向上判断-转自动参数：
	分组名称：2
	走势名称：多头向上
	结果：未满足，返回code：0
===2021-08-11 10:29:46.324===
满足所有条件，可以触发


===============================================

==============2021-08-11 10:29:59==============
===6开始执行条件2021-08-11 10:29:56.742===
===开始判断价格条件2021-08-11 10:29:56.742===
===开始判断额外/转自动条件2021-08-11 10:29:57.448===
===2021-08-11 10:29:58.138===
股票：300340指定时间段判断-额外参数：
	分组名称：1
	走势名称：时间段
		条件成立(当前时间：2021-08-11 10:29:56.742,条件时段：09:30:00-13:00:00)
	结果：达到要求
===2021-08-11 10:29:58.799===
===2021-08-11 10:29:59.825===
股票：300340多头向上判断-转自动参数：
	分组名称：2
	走势名称：多头向上
	结果：未满足，返回code：0
===2021-08-11 10:29:59.825===
满足所有条件，可以触发


===============================================

==============2021-08-11 10:30:32==============
===6开始执行条件2021-08-11 10:30:31.621===
===开始判断价格条件2021-08-11 10:30:31.621===
===开始判断额外/转自动条件2021-08-11 10:30:31.692===
===2021-08-11 10:30:31.746===
股票：300340指定时间段判断-额外参数：
	分组名称：1
	走势名称：时间段
		条件成立(当前时间：2021-08-11 10:30:31.620,条件时段：09:30:00-13:00:00)
	结果：达到要求
===2021-08-11 10:30:32.171===
===2021-08-11 10:30:32.696===
股票：300340多头向上判断-转自动参数：
	分组名称：2
	走势名称：多头向上
	结果：未满足，返回code：0
===2021-08-11 10:30:32.696===
满足所有条件，可以触发


===============================================

==============2021-08-11 10:30:44==============
===6开始执行条件2021-08-11 10:30:43.080===
===开始判断价格条件2021-08-11 10:30:43.080===
===开始判断额外/转自动条件2021-08-11 10:30:43.136===
===2021-08-11 10:30:43.537===
股票：300340指定时间段判断-额外参数：
	分组名称：1
	走势名称：时间段
		条件成立(当前时间：2021-08-11 10:30:43.080,条件时段：09:30:00-13:00:00)
	结果：达到要求
===2021-08-11 10:30:43.831===
===2021-08-11 10:30:44.077===
股票：300340多头向上判断-转自动参数：
	分组名称：2
	走势名称：多头向上
	结果：未满足，返回code：0
===2021-08-11 10:30:44.077===
满足所有条件，可以触发


===============================================

==============2021-08-11 10:30:59==============
===6开始执行条件2021-08-11 10:30:59.596===
===开始判断价格条件2021-08-11 10:30:59.596===
===开始判断额外/转自动条件2021-08-11 10:30:59.678===
===2021-08-11 10:30:59.726===
股票：300340指定时间段判断-额外参数：
	分组名称：1
	走势名称：时间段
		条件成立(当前时间：2021-08-11 10:30:59.596,条件时段：09:30:00-13:00:00)
	结果：达到要求
===2021-08-11 10:30:59.785===
===2021-08-11 10:30:59.838===
股票：300340多头向上判断-转自动参数：
	分组名称：2
	走势名称：多头向上
	结果：未满足，返回code：0
===2021-08-11 10:30:59.838===
满足所有条件，可以触发


===============================================

==============2021-08-11 10:31:18==============
===6开始执行条件2021-08-11 10:31:18.181===
===开始判断价格条件2021-08-11 10:31:18.181===
===开始判断额外/转自动条件2021-08-11 10:31:18.353===
===2021-08-11 10:31:18.462===
股票：300340指定时间段判断-额外参数：
	分组名称：1
	走势名称：时间段
		条件成立(当前时间：2021-08-11 10:31:18.181,条件时段：09:30:00-13:00:00)
	结果：达到要求
===2021-08-11 10:31:18.537===
===2021-08-11 10:31:18.733===
股票：300340多头向上判断-转自动参数：
	分组名称：2
	走势名称：多头向上
	结果：未满足，返回code：0
===2021-08-11 10:31:18.733===
满足所有条件，可以触发


===============================================

==============2021-08-11 10:31:26==============
===6开始执行条件2021-08-11 10:31:24.541===
===开始判断价格条件2021-08-11 10:31:24.541===
===开始判断额外/转自动条件2021-08-11 10:31:25.346===
===2021-08-11 10:31:25.786===
股票：300340指定时间段判断-额外参数：
	分组名称：1
	走势名称：时间段
		条件成立(当前时间：2021-08-11 10:31:24.541,条件时段：09:30:00-13:00:00)
	结果：达到要求
===2021-08-11 10:31:26.097===
===2021-08-11 10:31:26.304===
股票：300340多头向上判断-转自动参数：
	分组名称：2
	走势名称：多头向上
	结果：未满足，返回code：0
===2021-08-11 10:31:26.304===
满足所有条件，可以触发


===============================================

==============2021-08-11 10:31:32==============
===6开始执行条件2021-08-11 10:31:31.962===
===开始判断价格条件2021-08-11 10:31:31.962===
===开始判断额外/转自动条件2021-08-11 10:31:32.084===
===2021-08-11 10:31:32.180===
股票：300340指定时间段判断-额外参数：
	分组名称：1
	走势名称：时间段
		条件成立(当前时间：2021-08-11 10:31:31.961,条件时段：09:30:00-13:00:00)
	结果：达到要求
===2021-08-11 10:31:32.275===
===2021-08-11 10:31:32.441===
股票：300340多头向上判断-转自动参数：
	分组名称：2
	走势名称：多头向上
	结果：未满足，返回code：0
===2021-08-11 10:31:32.441===
满足所有条件，可以触发


===============================================

==============2021-08-11 10:31:46==============
===6开始执行条件2021-08-11 10:31:44.308===
===开始判断价格条件2021-08-11 10:31:44.308===
===开始判断额外/转自动条件2021-08-11 10:31:44.716===
===2021-08-11 10:31:45.048===
股票：300340指定时间段判断-额外参数：
	分组名称：1
	走势名称：时间段
		条件成立(当前时间：2021-08-11 10:31:44.308,条件时段：09:30:00-13:00:00)
	结果：达到要求
===2021-08-11 10:31:45.653===
===2021-08-11 10:31:46.021===
股票：300340多头向上判断-转自动参数：
	分组名称：2
	走势名称：多头向上
	结果：未满足，返回code：0
===2021-08-11 10:31:46.021===
满足所有条件，可以触发


===============================================

==============2021-08-11 10:32:06==============
===6开始执行条件2021-08-11 10:31:59.686===
===开始判断价格条件2021-08-11 10:31:59.686===
===开始判断额外/转自动条件2021-08-11 10:32:00.399===
===2021-08-11 10:32:02.266===
股票：300340指定时间段判断-额外参数：
	分组名称：1
	走势名称：时间段
		条件成立(当前时间：2021-08-11 10:31:59.685,条件时段：09:30:00-13:00:00)
	结果：达到要求
===2021-08-11 10:32:04.969===
===2021-08-11 10:32:06.192===
股票：300340多头向上判断-转自动参数：
	分组名称：2
	走势名称：多头向上
	结果：未满足，返回code：0
===2021-08-11 10:32:06.192===
满足所有条件，可以触发


===============================================

==============2021-08-11 10:32:20==============
===6开始执行条件2021-08-11 10:32:18.328===
===开始判断价格条件2021-08-11 10:32:18.328===
===开始判断额外/转自动条件2021-08-11 10:32:18.810===
===2021-08-11 10:32:19.732===
股票：300340指定时间段判断-额外参数：
	分组名称：1
	走势名称：时间段
		条件成立(当前时间：2021-08-11 10:32:18.328,条件时段：09:30:00-13:00:00)
	结果：达到要求
===2021-08-11 10:32:20.216===
===2021-08-11 10:32:20.570===
股票：300340多头向上判断-转自动参数：
	分组名称：2
	走势名称：多头向上
	结果：未满足，返回code：0
===2021-08-11 10:32:20.570===
满足所有条件，可以触发


===============================================

==============2021-08-11 10:32:46==============
===6开始执行条件2021-08-11 10:32:45.413===
===开始判断价格条件2021-08-11 10:32:45.413===
===开始判断额外/转自动条件2021-08-11 10:32:45.535===
===2021-08-11 10:32:46.045===
股票：300340指定时间段判断-额外参数：
	分组名称：1
	走势名称：时间段
		条件成立(当前时间：2021-08-11 10:32:45.413,条件时段：09:30:00-13:00:00)
	结果：达到要求
===2021-08-11 10:32:46.216===
===2021-08-11 10:32:46.651===
股票：300340多头向上判断-转自动参数：
	分组名称：2
	走势名称：多头向上
	结果：未满足，返回code：0
===2021-08-11 10:32:46.651===
满足所有条件，可以触发


===============================================

==============2021-08-11 10:32:58==============
===6开始执行条件2021-08-11 10:32:58.193===
===开始判断价格条件2021-08-11 10:32:58.193===
===开始判断额外/转自动条件2021-08-11 10:32:58.280===
===2021-08-11 10:32:58.341===
股票：300340指定时间段判断-额外参数：
	分组名称：1
	走势名称：时间段
		条件成立(当前时间：2021-08-11 10:32:58.193,条件时段：09:30:00-13:00:00)
	结果：达到要求
===2021-08-11 10:32:58.402===
===2021-08-11 10:32:58.502===
股票：300340多头向上判断-转自动参数：
	分组名称：2
	走势名称：多头向上
	结果：未满足，返回code：0
===2021-08-11 10:32:58.502===
满足所有条件，可以触发


===============================================

==============2021-08-11 10:33:07==============
===6开始执行条件2021-08-11 10:33:06.801===
===开始判断价格条件2021-08-11 10:33:06.801===
===开始判断额外/转自动条件2021-08-11 10:33:07.099===
===2021-08-11 10:33:07.163===
股票：300340指定时间段判断-额外参数：
	分组名称：1
	走势名称：时间段
		条件成立(当前时间：2021-08-11 10:33:06.801,条件时段：09:30:00-13:00:00)
	结果：达到要求
===2021-08-11 10:33:07.217===
===2021-08-11 10:33:07.452===
股票：300340多头向上判断-转自动参数：
	分组名称：2
	走势名称：多头向上
	结果：未满足，返回code：0
===2021-08-11 10:33:07.452===
满足所有条件，可以触发


===============================================

==============2021-08-11 10:33:27==============
===6开始执行条件2021-08-11 10:33:25.870===
===开始判断价格条件2021-08-11 10:33:25.870===
===开始判断额外/转自动条件2021-08-11 10:33:26.641===
===2021-08-11 10:33:27.010===
股票：300340指定时间段判断-额外参数：
	分组名称：1
	走势名称：时间段
		条件成立(当前时间：2021-08-11 10:33:25.869,条件时段：09:30:00-13:00:00)
	结果：达到要求
===2021-08-11 10:33:27.238===
===2021-08-11 10:33:27.743===
股票：300340多头向上判断-转自动参数：
	分组名称：2
	走势名称：多头向上
	结果：未满足，返回code：0
===2021-08-11 10:33:27.743===
满足所有条件，可以触发


===============================================

==============2021-08-11 10:35:00==============
===6开始执行条件2021-08-11 10:34:58.774===
===开始判断价格条件2021-08-11 10:34:58.774===
===开始判断额外/转自动条件2021-08-11 10:34:59.045===
===2021-08-11 10:34:59.322===
股票：300340指定时间段判断-额外参数：
	分组名称：1
	走势名称：时间段
		条件成立(当前时间：2021-08-11 10:34:58.773,条件时段：09:30:00-13:00:00)
	结果：达到要求
===2021-08-11 10:34:59.599===
===2021-08-11 10:35:00.043===
股票：300340多头向上判断-转自动参数：
	分组名称：2
	走势名称：多头向上
	结果：未满足，返回code：0
===2021-08-11 10:35:00.043===
满足所有条件，可以触发


===============================================

==============2021-08-11 10:35:08==============
===6开始执行条件2021-08-11 10:35:07.227===
===开始判断价格条件2021-08-11 10:35:07.227===
===开始判断额外/转自动条件2021-08-11 10:35:07.659===
===2021-08-11 10:35:07.782===
股票：300340指定时间段判断-额外参数：
	分组名称：1
	走势名称：时间段
		条件成立(当前时间：2021-08-11 10:35:07.226,条件时段：09:30:00-13:00:00)
	结果：达到要求
===2021-08-11 10:35:07.857===
===2021-08-11 10:35:08.048===
股票：300340多头向上判断-转自动参数：
	分组名称：2
	走势名称：多头向上
	结果：未满足，返回code：0
===2021-08-11 10:35:08.048===
满足所有条件，可以触发


===============================================

==============2021-08-11 10:35:21==============
===6开始执行条件2021-08-11 10:35:18.753===
===开始判断价格条件2021-08-11 10:35:18.753===
===开始判断额外/转自动条件2021-08-11 10:35:19.588===
===2021-08-11 10:35:19.881===
股票：300340指定时间段判断-额外参数：
	分组名称：1
	走势名称：时间段
		条件成立(当前时间：2021-08-11 10:35:18.750,条件时段：09:30:00-13:00:00)
	结果：达到要求
===2021-08-11 10:35:20.784===
===2021-08-11 10:35:21.105===
股票：300340多头向上判断-转自动参数：
	分组名称：2
	走势名称：多头向上
	结果：未满足，返回code：0
===2021-08-11 10:35:21.105===
满足所有条件，可以触发


===============================================

==============2021-08-11 10:35:33==============
===6开始执行条件2021-08-11 10:35:32.056===
===开始判断价格条件2021-08-11 10:35:32.056===
===开始判断额外/转自动条件2021-08-11 10:35:32.506===
===2021-08-11 10:35:32.974===
股票：300340指定时间段判断-额外参数：
	分组名称：1
	走势名称：时间段
		条件成立(当前时间：2021-08-11 10:35:32.056,条件时段：09:30:00-13:00:00)
	结果：达到要求
===2021-08-11 10:35:33.307===
===2021-08-11 10:35:33.570===
股票：300340多头向上判断-转自动参数：
	分组名称：2
	走势名称：多头向上
	结果：未满足，返回code：0
===2021-08-11 10:35:33.570===
满足所有条件，可以触发


===============================================

==============2021-08-11 10:36:32==============
===6开始执行条件2021-08-11 10:36:29.451===
===开始判断价格条件2021-08-11 10:36:29.451===
===开始判断额外/转自动条件2021-08-11 10:36:29.962===
===2021-08-11 10:36:30.692===
股票：300340指定时间段判断-额外参数：
	分组名称：1
	走势名称：时间段
		条件成立(当前时间：2021-08-11 10:36:29.451,条件时段：09:30:00-13:00:00)
	结果：达到要求
===2021-08-11 10:36:31.087===
===2021-08-11 10:36:32.083===
股票：300340多头向上判断-转自动参数：
	分组名称：2
	走势名称：多头向上
	结果：未满足，返回code：0
===2021-08-11 10:36:32.083===
满足所有条件，可以触发


===============================================

==============2021-08-11 10:37:06==============
===6开始执行条件2021-08-11 10:37:04.586===
===开始判断价格条件2021-08-11 10:37:04.586===
===开始判断额外/转自动条件2021-08-11 10:37:05.242===
===2021-08-11 10:37:05.440===
股票：300340指定时间段判断-额外参数：
	分组名称：1
	走势名称：时间段
		条件成立(当前时间：2021-08-11 10:37:04.585,条件时段：09:30:00-13:00:00)
	结果：达到要求
===2021-08-11 10:37:05.536===
===2021-08-11 10:37:06.184===
股票：300340多头向上判断-转自动参数：
	分组名称：2
	走势名称：多头向上
	结果：未满足，返回code：0
===2021-08-11 10:37:06.184===
满足所有条件，可以触发


===============================================

