==============2021-08-10 17:41:23==============
===6开始执行条件2021-08-10 17:41:22.031===
===开始判断价格条件2021-08-10 17:41:22.031===
===开始判断额外/转自动条件2021-08-10 17:41:22.282===
===2021-08-10 17:41:22.504===
股票：300340指定时间段判断-额外参数：
	分组名称：1
	走势名称：时间段
		条件不成立(当前时间：2021-08-10 17:41:22.025,条件时段：09:30:00-13:00:00)
	结果：未满足
===2021-08-10 17:41:22.504===
===2021-08-10 17:41:22.558===
股票：300340板块涨跌幅判断-额外参数：
	分组名称：1
	走势名称：发
		条件不成立(不符合板块涨跌幅条件)
	结果：未满足，返回code：-1
===2021-08-10 17:41:23.266===
额外条件未满足


===============================================

==============2021-08-10 17:44:14==============
===6开始执行条件2021-08-10 17:44:13.512===
===开始判断价格条件2021-08-10 17:44:13.512===
===开始判断额外/转自动条件2021-08-10 17:44:13.673===
===2021-08-10 17:44:14.206===
股票：300340指定时间段判断-额外参数：
	分组名称：1
	走势名称：时间段
		条件不成立(当前时间：2021-08-10 17:44:13.511,条件时段：09:30:00-13:00:00)
	结果：未满足
===2021-08-10 17:44:14.206===
===2021-08-10 17:44:14.257===
股票：300340板块涨跌幅判断-额外参数：
	分组名称：1
	走势名称：发
		条件不成立(不符合板块涨跌幅条件)
	结果：未满足，返回code：-1
===2021-08-10 17:44:14.609===
额外条件未满足


===============================================

==============2021-08-10 17:47:42==============
===6开始执行条件2021-08-10 17:47:39.813===
===开始判断价格条件2021-08-10 17:47:39.813===
===开始判断额外/转自动条件2021-08-10 17:47:40.604===
===2021-08-10 17:47:41.229===
股票：300340指定时间段判断-额外参数：
	分组名称：1
	走势名称：时间段
		条件不成立(当前时间：2021-08-10 17:47:39.813,条件时段：09:30:00-13:00:00)
	结果：未满足
===2021-08-10 17:47:41.229===
===2021-08-10 17:47:41.408===
股票：300340板块涨跌幅判断-额外参数：
	分组名称：1
	走势名称：发
		条件不成立(不符合板块涨跌幅条件)
	结果：未满足，返回code：-1
===2021-08-10 17:47:42.915===
额外条件未满足


===============================================

==============2021-08-10 17:52:50==============
===6开始执行条件2021-08-10 17:52:48.208===
===开始判断价格条件2021-08-10 17:52:48.208===
===开始判断额外/转自动条件2021-08-10 17:52:49.116===
===2021-08-10 17:52:49.627===
股票：300340指定时间段判断-额外参数：
	分组名称：1
	走势名称：时间段
		条件不成立(当前时间：2021-08-10 17:52:48.208,条件时段：09:30:00-13:00:00)
	结果：未满足
===2021-08-10 17:52:49.627===
===2021-08-10 17:52:49.699===
股票：300340板块涨跌幅判断-额外参数：
	分组名称：1
	走势名称：发
		条件不成立(不符合板块涨跌幅条件)
	结果：未满足，返回code：-1
===2021-08-10 17:52:50.922===
额外条件未满足


===============================================

==============2021-08-10 17:53:21==============
===6开始执行条件2021-08-10 17:53:18.644===
===开始判断价格条件2021-08-10 17:53:18.644===
===开始判断额外/转自动条件2021-08-10 17:53:19.259===
===2021-08-10 17:53:19.909===
股票：300340指定时间段判断-额外参数：
	分组名称：1
	走势名称：时间段
		条件不成立(当前时间：2021-08-10 17:53:18.644,条件时段：09:30:00-13:00:00)
	结果：未满足
===2021-08-10 17:53:19.909===
===2021-08-10 17:53:19.977===
股票：300340板块涨跌幅判断-额外参数：
	分组名称：1
	走势名称：发
		条件不成立(不符合板块涨跌幅条件)
	结果：未满足，返回code：-1
===2021-08-10 17:53:21.251===
额外条件未满足


===============================================

==============2021-08-10 17:53:54==============
===6开始执行条件2021-08-10 17:53:50.262===
===开始判断价格条件2021-08-10 17:53:50.262===
===开始判断额外/转自动条件2021-08-10 17:53:51.304===
===2021-08-10 17:53:51.495===
股票：300340指定时间段判断-额外参数：
	分组名称：1
	走势名称：时间段
		条件不成立(当前时间：2021-08-10 17:53:50.261,条件时段：09:30:00-13:00:00)
	结果：未满足
===2021-08-10 17:53:51.495===
===2021-08-10 17:53:51.579===
股票：300340板块涨跌幅判断-额外参数：
	分组名称：1
	走势名称：发
		条件不成立(不符合板块涨跌幅条件)
	结果：未满足，返回code：-1
===2021-08-10 17:53:54.054===
额外条件未满足


===============================================

==============2021-08-10 17:54:06==============
===6开始执行条件2021-08-10 17:54:05.302===
===开始判断价格条件2021-08-10 17:54:05.302===
===开始判断额外/转自动条件2021-08-10 17:54:05.533===
===2021-08-10 17:54:05.584===
股票：300340指定时间段判断-额外参数：
	分组名称：1
	走势名称：时间段
		条件不成立(当前时间：2021-08-10 17:54:05.290,条件时段：09:30:00-13:00:00)
	结果：未满足
===2021-08-10 17:54:05.584===
===2021-08-10 17:54:05.615===
股票：300340板块涨跌幅判断-额外参数：
	分组名称：1
	走势名称：发
		条件不成立(不符合板块涨跌幅条件)
	结果：未满足，返回code：-1
===2021-08-10 17:54:06.190===
额外条件未满足


===============================================

==============2021-08-10 17:54:23==============
===6开始执行条件2021-08-10 17:54:21.742===
===开始判断价格条件2021-08-10 17:54:21.742===
===开始判断额外/转自动条件2021-08-10 17:54:22.546===
===2021-08-10 17:54:22.657===
股票：300340指定时间段判断-额外参数：
	分组名称：1
	走势名称：时间段
		条件不成立(当前时间：2021-08-10 17:54:21.741,条件时段：09:30:00-13:00:00)
	结果：未满足
===2021-08-10 17:54:22.658===
===2021-08-10 17:54:22.743===
股票：300340板块涨跌幅判断-额外参数：
	分组名称：1
	走势名称：发
		条件不成立(不符合板块涨跌幅条件)
	结果：未满足，返回code：-1
===2021-08-10 17:54:23.473===
额外条件未满足


===============================================

