==============2021-08-09 10:11:08==============
===6开始执行条件2021-08-09 10:11:07.680===
===开始判断价格条件2021-08-09 10:11:07.680===
===开始判断额外/转自动条件2021-08-09 10:11:07.793===
===2021-08-09 10:11:07.851===
股票：000550指定时间段判断-额外参数：
	分组名称：1
	走势名称：时间段
		条件成立(当前时间：2021-08-09 10:11:07.680,条件时段：09:30:00-13:00:00)
	结果：达到要求
===2021-08-09 10:11:07.924===
===2021-08-09 10:11:08.067===
股票：000550多头向上判断-转自动参数：
	分组名称：2
	走势名称：多头向上
	结果：未满足，返回code：0
===2021-08-09 10:11:08.068===
满足所有条件，可以触发


===============================================

==============2021-08-09 10:11:29==============
===6开始执行条件2021-08-09 10:11:26.309===
===开始判断价格条件2021-08-09 10:11:26.309===
===开始判断额外/转自动条件2021-08-09 10:11:27.207===
===2021-08-09 10:11:27.447===
股票：000550指定时间段判断-额外参数：
	分组名称：1
	走势名称：时间段
		条件成立(当前时间：2021-08-09 10:11:26.308,条件时段：09:30:00-13:00:00)
	结果：达到要求
===2021-08-09 10:11:27.787===
===2021-08-09 10:11:29.206===
股票：000550多头向上判断-转自动参数：
	分组名称：2
	走势名称：多头向上
	结果：未满足，返回code：0
===2021-08-09 10:11:29.206===
满足所有条件，可以触发


===============================================

==============2021-08-09 11:02:53==============
===6开始执行条件2021-08-09 11:02:52.976===
===开始判断价格条件2021-08-09 11:02:52.976===
===开始判断额外/转自动条件2021-08-09 11:02:53.043===
===2021-08-09 11:02:53.094===
股票：000550指定时间段判断-额外参数：
	分组名称：1
	走势名称：时间段
		条件成立(当前时间：2021-08-09 11:02:52.976,条件时段：09:30:00-13:00:00)
	结果：达到要求
===2021-08-09 11:02:53.139===
===2021-08-09 11:02:53.220===
股票：000550多头向上判断-转自动参数：
	分组名称：2
	走势名称：多头向上
	结果：未满足，返回code：0
===2021-08-09 11:02:53.220===
满足所有条件，可以触发


===============================================

==============2021-08-09 11:03:19==============
===6开始执行条件2021-08-09 11:03:16.976===
===开始判断价格条件2021-08-09 11:03:16.976===
===开始判断额外/转自动条件2021-08-09 11:03:18.370===
===2021-08-09 11:03:18.557===
股票：000550指定时间段判断-额外参数：
	分组名称：1
	走势名称：时间段
		条件成立(当前时间：2021-08-09 11:03:16.969,条件时段：09:30:00-13:00:00)
	结果：达到要求
===2021-08-09 11:03:18.804===
===2021-08-09 11:03:19.215===
股票：000550多头向上判断-转自动参数：
	分组名称：2
	走势名称：多头向上
	结果：未满足，返回code：0
===2021-08-09 11:03:19.215===
满足所有条件，可以触发


===============================================

==============2021-08-09 11:03:33==============
===6开始执行条件2021-08-09 11:03:32.317===
===开始判断价格条件2021-08-09 11:03:32.317===
===开始判断额外/转自动条件2021-08-09 11:03:32.608===
===2021-08-09 11:03:32.988===
股票：000550指定时间段判断-额外参数：
	分组名称：1
	走势名称：时间段
		条件成立(当前时间：2021-08-09 11:03:32.317,条件时段：09:30:00-13:00:00)
	结果：达到要求
===2021-08-09 11:03:33.159===
===2021-08-09 11:03:33.499===
股票：000550多头向上判断-转自动参数：
	分组名称：2
	走势名称：多头向上
	结果：未满足，返回code：0
===2021-08-09 11:03:33.499===
满足所有条件，可以触发


===============================================

