==============2021-08-11 10:28:38==============
===6开始执行条件2021-08-11 10:28:38.160===
===开始判断价格条件2021-08-11 10:28:38.160===
===开始判断额外/转自动条件2021-08-11 10:28:38.400===
===2021-08-11 10:28:38.460===
股票：000550指定时间段判断-额外参数：
	分组名称：1
	走势名称：时间段
		条件成立(当前时间：2021-08-11 10:28:38.160,条件时段：09:30:00-13:00:00)
	结果：达到要求
===2021-08-11 10:28:38.568===
===2021-08-11 10:28:38.751===
股票：000550多头向上判断-转自动参数：
	分组名称：2
	走势名称：多头向上
	结果：未满足，返回code：0
===2021-08-11 10:28:38.752===
满足所有条件，可以触发


===============================================

==============2021-08-11 10:28:53==============
===6开始执行条件2021-08-11 10:28:52.891===
===开始判断价格条件2021-08-11 10:28:52.891===
===开始判断额外/转自动条件2021-08-11 10:28:53.067===
===2021-08-11 10:28:53.186===
股票：000550指定时间段判断-额外参数：
	分组名称：1
	走势名称：时间段
		条件成立(当前时间：2021-08-11 10:28:52.891,条件时段：09:30:00-13:00:00)
	结果：达到要求
===2021-08-11 10:28:53.340===
===2021-08-11 10:28:53.455===
股票：000550多头向上判断-转自动参数：
	分组名称：2
	走势名称：多头向上
	结果：未满足，返回code：0
===2021-08-11 10:28:53.455===
满足所有条件，可以触发


===============================================

==============2021-08-11 10:29:03==============
===6开始执行条件2021-08-11 10:29:02.015===
===开始判断价格条件2021-08-11 10:29:02.015===
===开始判断额外/转自动条件2021-08-11 10:29:02.336===
===2021-08-11 10:29:02.572===
股票：000550指定时间段判断-额外参数：
	分组名称：1
	走势名称：时间段
		条件成立(当前时间：2021-08-11 10:29:02.015,条件时段：09:30:00-13:00:00)
	结果：达到要求
===2021-08-11 10:29:02.897===
===2021-08-11 10:29:03.626===
股票：000550多头向上判断-转自动参数：
	分组名称：2
	走势名称：多头向上
	结果：未满足，返回code：0
===2021-08-11 10:29:03.626===
满足所有条件，可以触发


===============================================

==============2021-08-11 10:29:46==============
===6开始执行条件2021-08-11 10:29:46.054===
===开始判断价格条件2021-08-11 10:29:46.054===
===开始判断额外/转自动条件2021-08-11 10:29:46.491===
===2021-08-11 10:29:46.545===
股票：000550指定时间段判断-额外参数：
	分组名称：1
	走势名称：时间段
		条件成立(当前时间：2021-08-11 10:29:46.053,条件时段：09:30:00-13:00:00)
	结果：达到要求
===2021-08-11 10:29:46.669===
===2021-08-11 10:29:46.782===
股票：000550多头向上判断-转自动参数：
	分组名称：2
	走势名称：多头向上
	结果：未满足，返回code：0
===2021-08-11 10:29:46.782===
满足所有条件，可以触发


===============================================

==============2021-08-11 10:29:59==============
===6开始执行条件2021-08-11 10:29:57.499===
===开始判断价格条件2021-08-11 10:29:57.499===
===开始判断额外/转自动条件2021-08-11 10:29:58.161===
===2021-08-11 10:29:58.733===
股票：000550指定时间段判断-额外参数：
	分组名称：1
	走势名称：时间段
		条件成立(当前时间：2021-08-11 10:29:57.499,条件时段：09:30:00-13:00:00)
	结果：达到要求
===2021-08-11 10:29:59.419===
===2021-08-11 10:29:59.840===
股票：000550多头向上判断-转自动参数：
	分组名称：2
	走势名称：多头向上
	结果：未满足，返回code：0
===2021-08-11 10:29:59.840===
满足所有条件，可以触发


===============================================

==============2021-08-11 10:30:17==============
===6开始执行条件2021-08-11 10:30:16.272===
===开始判断价格条件2021-08-11 10:30:16.272===
===开始判断额外/转自动条件2021-08-11 10:30:16.415===
===2021-08-11 10:30:16.498===
股票：000550指定时间段判断-额外参数：
	分组名称：1
	走势名称：时间段
		条件成立(当前时间：2021-08-11 10:30:16.271,条件时段：09:30:00-13:00:00)
	结果：达到要求
===2021-08-11 10:30:16.598===
===2021-08-11 10:30:17.090===
股票：000550多头向上判断-转自动参数：
	分组名称：2
	走势名称：多头向上
	结果：未满足，返回code：0
===2021-08-11 10:30:17.090===
满足所有条件，可以触发


===============================================

==============2021-08-11 10:30:32==============
===6开始执行条件2021-08-11 10:30:31.956===
===开始判断价格条件2021-08-11 10:30:31.956===
===开始判断额外/转自动条件2021-08-11 10:30:32.023===
===2021-08-11 10:30:32.093===
股票：000550指定时间段判断-额外参数：
	分组名称：1
	走势名称：时间段
		条件成立(当前时间：2021-08-11 10:30:31.956,条件时段：09:30:00-13:00:00)
	结果：达到要求
===2021-08-11 10:30:32.232===
===2021-08-11 10:30:32.466===
股票：000550多头向上判断-转自动参数：
	分组名称：2
	走势名称：多头向上
	结果：未满足，返回code：0
===2021-08-11 10:30:32.466===
满足所有条件，可以触发


===============================================

==============2021-08-11 10:30:44==============
===6开始执行条件2021-08-11 10:30:43.595===
===开始判断价格条件2021-08-11 10:30:43.595===
===开始判断额外/转自动条件2021-08-11 10:30:43.810===
===2021-08-11 10:30:43.958===
股票：000550指定时间段判断-额外参数：
	分组名称：1
	走势名称：时间段
		条件成立(当前时间：2021-08-11 10:30:43.595,条件时段：09:30:00-13:00:00)
	结果：达到要求
===2021-08-11 10:30:44.034===
===2021-08-11 10:30:44.341===
股票：000550多头向上判断-转自动参数：
	分组名称：2
	走势名称：多头向上
	结果：未满足，返回code：0
===2021-08-11 10:30:44.341===
满足所有条件，可以触发


===============================================

==============2021-08-11 10:31:00==============
===6开始执行条件2021-08-11 10:31:00.216===
===开始判断价格条件2021-08-11 10:31:00.216===
===开始判断额外/转自动条件2021-08-11 10:31:00.359===
===2021-08-11 10:31:00.468===
股票：000550指定时间段判断-额外参数：
	分组名称：1
	走势名称：时间段
		条件成立(当前时间：2021-08-11 10:31:00.216,条件时段：09:30:00-13:00:00)
	结果：达到要求
===2021-08-11 10:31:00.594===
===2021-08-11 10:31:00.765===
股票：000550多头向上判断-转自动参数：
	分组名称：2
	走势名称：多头向上
	结果：未满足，返回code：0
===2021-08-11 10:31:00.765===
满足所有条件，可以触发


===============================================

==============2021-08-11 10:31:19==============
===6开始执行条件2021-08-11 10:31:18.787===
===开始判断价格条件2021-08-11 10:31:18.787===
===开始判断额外/转自动条件2021-08-11 10:31:18.967===
===2021-08-11 10:31:19.093===
股票：000550指定时间段判断-额外参数：
	分组名称：1
	走势名称：时间段
		条件成立(当前时间：2021-08-11 10:31:18.786,条件时段：09:30:00-13:00:00)
	结果：达到要求
===2021-08-11 10:31:19.192===
===2021-08-11 10:31:19.350===
股票：000550多头向上判断-转自动参数：
	分组名称：2
	走势名称：多头向上
	结果：未满足，返回code：0
===2021-08-11 10:31:19.350===
满足所有条件，可以触发


===============================================

==============2021-08-11 10:31:25==============
===6开始执行条件2021-08-11 10:31:24.925===
===开始判断价格条件2021-08-11 10:31:24.925===
===开始判断额外/转自动条件2021-08-11 10:31:25.197===
===2021-08-11 10:31:25.370===
股票：000550指定时间段判断-额外参数：
	分组名称：1
	走势名称：时间段
		条件成立(当前时间：2021-08-11 10:31:24.924,条件时段：09:30:00-13:00:00)
	结果：达到要求
===2021-08-11 10:31:25.454===
===2021-08-11 10:31:25.572===
股票：000550多头向上判断-转自动参数：
	分组名称：2
	走势名称：多头向上
	结果：未满足，返回code：0
===2021-08-11 10:31:25.572===
满足所有条件，可以触发


===============================================

==============2021-08-11 10:31:33==============
===6开始执行条件2021-08-11 10:31:32.585===
===开始判断价格条件2021-08-11 10:31:32.585===
===开始判断额外/转自动条件2021-08-11 10:31:32.724===
===2021-08-11 10:31:33.133===
股票：000550指定时间段判断-额外参数：
	分组名称：1
	走势名称：时间段
		条件成立(当前时间：2021-08-11 10:31:32.585,条件时段：09:30:00-13:00:00)
	结果：达到要求
===2021-08-11 10:31:33.181===
===2021-08-11 10:31:33.330===
股票：000550多头向上判断-转自动参数：
	分组名称：2
	走势名称：多头向上
	结果：未满足，返回code：0
===2021-08-11 10:31:33.330===
满足所有条件，可以触发


===============================================

==============2021-08-11 10:31:49==============
===6开始执行条件2021-08-11 10:31:45.941===
===开始判断价格条件2021-08-11 10:31:45.941===
===开始判断额外/转自动条件2021-08-11 10:31:47.423===
===2021-08-11 10:31:47.890===
股票：000550指定时间段判断-额外参数：
	分组名称：1
	走势名称：时间段
		条件成立(当前时间：2021-08-11 10:31:45.941,条件时段：09:30:00-13:00:00)
	结果：达到要求
===2021-08-11 10:31:48.337===
===2021-08-11 10:31:49.190===
股票：000550多头向上判断-转自动参数：
	分组名称：2
	走势名称：多头向上
	结果：未满足，返回code：0
===2021-08-11 10:31:49.190===
满足所有条件，可以触发


===============================================

==============2021-08-11 10:32:06==============
===6开始执行条件2021-08-11 10:32:00.597===
===开始判断价格条件2021-08-11 10:32:00.597===
===开始判断额外/转自动条件2021-08-11 10:32:02.124===
===2021-08-11 10:32:04.647===
股票：000550指定时间段判断-额外参数：
	分组名称：1
	走势名称：时间段
		条件成立(当前时间：2021-08-11 10:32:00.597,条件时段：09:30:00-13:00:00)
	结果：达到要求
===2021-08-11 10:32:05.424===
===2021-08-11 10:32:06.145===
股票：000550多头向上判断-转自动参数：
	分组名称：2
	走势名称：多头向上
	结果：未满足，返回code：0
===2021-08-11 10:32:06.145===
满足所有条件，可以触发


===============================================

==============2021-08-11 10:32:20==============
===6开始执行条件2021-08-11 10:32:19.637===
===开始判断价格条件2021-08-11 10:32:19.637===
===开始判断额外/转自动条件2021-08-11 10:32:19.960===
===2021-08-11 10:32:20.301===
股票：000550指定时间段判断-额外参数：
	分组名称：1
	走势名称：时间段
		条件成立(当前时间：2021-08-11 10:32:19.637,条件时段：09:30:00-13:00:00)
	结果：达到要求
===2021-08-11 10:32:20.439===
===2021-08-11 10:32:20.778===
股票：000550多头向上判断-转自动参数：
	分组名称：2
	走势名称：多头向上
	结果：未满足，返回code：0
===2021-08-11 10:32:20.778===
满足所有条件，可以触发


===============================================

==============2021-08-11 10:32:46==============
===6开始执行条件2021-08-11 10:32:45.939===
===开始判断价格条件2021-08-11 10:32:45.939===
===开始判断额外/转自动条件2021-08-11 10:32:46.060===
===2021-08-11 10:32:46.182===
股票：000550指定时间段判断-额外参数：
	分组名称：1
	走势名称：时间段
		条件成立(当前时间：2021-08-11 10:32:45.938,条件时段：09:30:00-13:00:00)
	结果：达到要求
===2021-08-11 10:32:46.334===
===2021-08-11 10:32:46.637===
股票：000550多头向上判断-转自动参数：
	分组名称：2
	走势名称：多头向上
	结果：未满足，返回code：0
===2021-08-11 10:32:46.637===
满足所有条件，可以触发


===============================================

==============2021-08-11 10:32:59==============
===6开始执行条件2021-08-11 10:32:58.730===
===开始判断价格条件2021-08-11 10:32:58.730===
===开始判断额外/转自动条件2021-08-11 10:32:58.838===
===2021-08-11 10:32:58.885===
股票：000550指定时间段判断-额外参数：
	分组名称：1
	走势名称：时间段
		条件成立(当前时间：2021-08-11 10:32:58.729,条件时段：09:30:00-13:00:00)
	结果：达到要求
===2021-08-11 10:32:58.930===
===2021-08-11 10:32:59.448===
股票：000550多头向上判断-转自动参数：
	分组名称：2
	走势名称：多头向上
	结果：未满足，返回code：0
===2021-08-11 10:32:59.448===
满足所有条件，可以触发


===============================================

==============2021-08-11 10:33:08==============
===6开始执行条件2021-08-11 10:33:07.520===
===开始判断价格条件2021-08-11 10:33:07.520===
===开始判断额外/转自动条件2021-08-11 10:33:07.609===
===2021-08-11 10:33:07.659===
股票：000550指定时间段判断-额外参数：
	分组名称：1
	走势名称：时间段
		条件成立(当前时间：2021-08-11 10:33:07.520,条件时段：09:30:00-13:00:00)
	结果：达到要求
===2021-08-11 10:33:08.049===
===2021-08-11 10:33:08.140===
股票：000550多头向上判断-转自动参数：
	分组名称：2
	走势名称：多头向上
	结果：未满足，返回code：0
===2021-08-11 10:33:08.140===
满足所有条件，可以触发


===============================================

==============2021-08-11 10:33:28==============
===6开始执行条件2021-08-11 10:33:26.786===
===开始判断价格条件2021-08-11 10:33:26.786===
===开始判断额外/转自动条件2021-08-11 10:33:27.081===
===2021-08-11 10:33:27.382===
股票：000550指定时间段判断-额外参数：
	分组名称：1
	走势名称：时间段
		条件成立(当前时间：2021-08-11 10:33:26.786,条件时段：09:30:00-13:00:00)
	结果：达到要求
===2021-08-11 10:33:27.575===
===2021-08-11 10:33:28.015===
股票：000550多头向上判断-转自动参数：
	分组名称：2
	走势名称：多头向上
	结果：未满足，返回code：0
===2021-08-11 10:33:28.016===
满足所有条件，可以触发


===============================================

==============2021-08-11 10:35:00==============
===6开始执行条件2021-08-11 10:34:59.790===
===开始判断价格条件2021-08-11 10:34:59.790===
===开始判断额外/转自动条件2021-08-11 10:34:59.898===
===2021-08-11 10:34:59.966===
股票：000550指定时间段判断-额外参数：
	分组名称：1
	走势名称：时间段
		条件成立(当前时间：2021-08-11 10:34:59.789,条件时段：09:30:00-13:00:00)
	结果：达到要求
===2021-08-11 10:35:00.105===
===2021-08-11 10:35:00.365===
股票：000550多头向上判断-转自动参数：
	分组名称：2
	走势名称：多头向上
	结果：未满足，返回code：0
===2021-08-11 10:35:00.365===
满足所有条件，可以触发


===============================================

==============2021-08-11 10:35:08==============
===6开始执行条件2021-08-11 10:35:08.133===
===开始判断价格条件2021-08-11 10:35:08.134===
===开始判断额外/转自动条件2021-08-11 10:35:08.433===
===2021-08-11 10:35:08.628===
股票：000550指定时间段判断-额外参数：
	分组名称：1
	走势名称：时间段
		条件成立(当前时间：2021-08-11 10:35:08.133,条件时段：09:30:00-13:00:00)
	结果：达到要求
===2021-08-11 10:35:08.788===
===2021-08-11 10:35:08.990===
股票：000550多头向上判断-转自动参数：
	分组名称：2
	走势名称：多头向上
	结果：未满足，返回code：0
===2021-08-11 10:35:08.990===
满足所有条件，可以触发


===============================================

==============2021-08-11 10:35:21==============
===6开始执行条件2021-08-11 10:35:20.038===
===开始判断价格条件2021-08-11 10:35:20.038===
===开始判断额外/转自动条件2021-08-11 10:35:20.775===
===2021-08-11 10:35:21.062===
股票：000550指定时间段判断-额外参数：
	分组名称：1
	走势名称：时间段
		条件成立(当前时间：2021-08-11 10:35:20.038,条件时段：09:30:00-13:00:00)
	结果：达到要求
===2021-08-11 10:35:21.286===
===2021-08-11 10:35:21.437===
股票：000550多头向上判断-转自动参数：
	分组名称：2
	走势名称：多头向上
	结果：未满足，返回code：0
===2021-08-11 10:35:21.487===
满足所有条件，可以触发


===============================================

==============2021-08-11 10:35:34==============
===6开始执行条件2021-08-11 10:35:33.234===
===开始判断价格条件2021-08-11 10:35:33.234===
===开始判断额外/转自动条件2021-08-11 10:35:33.633===
===2021-08-11 10:35:33.821===
股票：000550指定时间段判断-额外参数：
	分组名称：1
	走势名称：时间段
		条件成立(当前时间：2021-08-11 10:35:33.234,条件时段：09:30:00-13:00:00)
	结果：达到要求
===2021-08-11 10:35:34.017===
===2021-08-11 10:35:34.340===
股票：000550多头向上判断-转自动参数：
	分组名称：2
	走势名称：多头向上
	结果：未满足，返回code：0
===2021-08-11 10:35:34.340===
满足所有条件，可以触发


===============================================

==============2021-08-11 10:36:37==============
===6开始执行条件2021-08-11 10:36:30.637===
===开始判断价格条件2021-08-11 10:36:30.637===
===开始判断额外/转自动条件2021-08-11 10:36:31.005===
===2021-08-11 10:36:32.011===
股票：000550指定时间段判断-额外参数：
	分组名称：1
	走势名称：时间段
		条件成立(当前时间：2021-08-11 10:36:30.637,条件时段：09:30:00-13:00:00)
	结果：达到要求
===2021-08-11 10:36:35.634===
===2021-08-11 10:36:37.002===
股票：000550多头向上判断-转自动参数：
	分组名称：2
	走势名称：多头向上
	结果：未满足，返回code：0
===2021-08-11 10:36:37.002===
满足所有条件，可以触发


===============================================

==============2021-08-11 10:37:09==============
===6开始执行条件2021-08-11 10:37:06.607===
===开始判断价格条件2021-08-11 10:37:06.607===
===开始判断额外/转自动条件2021-08-11 10:37:07.659===
===2021-08-11 10:37:08.158===
股票：000550指定时间段判断-额外参数：
	分组名称：1
	走势名称：时间段
		条件成立(当前时间：2021-08-11 10:37:06.606,条件时段：09:30:00-13:00:00)
	结果：达到要求
===2021-08-11 10:37:08.399===
===2021-08-11 10:37:09.033===
股票：000550多头向上判断-转自动参数：
	分组名称：2
	走势名称：多头向上
	结果：未满足，返回code：0
===2021-08-11 10:37:09.033===
满足所有条件，可以触发


===============================================

