==============2021-08-06 15:14:14==============
===6开始执行条件2021-08-06 15:14:13.322===
===开始判断价格条件2021-08-06 15:14:13.322===
===开始判断额外/转自动条件2021-08-06 15:14:13.760===
===2021-08-06 15:14:14.080===
股票：000550指定时间段判断-额外参数：
	分组名称：1
	走势名称：时间段
		条件不成立(当前时间：2021-08-06 15:14:13.322,条件时段：09:30:00-13:00:00)
	结果：未满足
===2021-08-06 15:14:14.080===
===2021-08-06 15:14:14.183===
股票：000550板块涨跌幅判断-额外参数：
	分组名称：1
	走势名称：发
		条件不成立(不符合板块涨跌幅条件)
	结果：未满足，返回code：-1
===2021-08-06 15:14:14.949===
额外条件未满足


===============================================

==============2021-08-06 15:32:47==============
===6开始执行条件2021-08-06 15:32:46.769===
===开始判断价格条件2021-08-06 15:32:46.769===
===开始判断额外/转自动条件2021-08-06 15:32:47.451===
===2021-08-06 15:32:47.561===
股票：000550指定时间段判断-额外参数：
	分组名称：1
	走势名称：时间段
		条件不成立(当前时间：2021-08-06 15:32:46.768,条件时段：09:30:00-13:00:00)
	结果：未满足
===2021-08-06 15:32:47.561===
===2021-08-06 15:32:47.587===
股票：000550板块涨跌幅判断-额外参数：
	分组名称：1
	走势名称：发
		条件不成立(不符合板块涨跌幅条件)
	结果：未满足，返回code：-1
===2021-08-06 15:32:47.787===
额外条件未满足


===============================================

