==============2021-08-10 17:41:24==============
===6开始执行条件2021-08-10 17:41:23.269===
===开始判断价格条件2021-08-10 17:41:23.269===
===开始判断额外/转自动条件2021-08-10 17:41:23.457===
===2021-08-10 17:41:23.945===
股票：000550指定时间段判断-额外参数：
	分组名称：1
	走势名称：时间段
		条件不成立(当前时间：2021-08-10 17:41:23.269,条件时段：09:30:00-13:00:00)
	结果：未满足
===2021-08-10 17:41:23.945===
===2021-08-10 17:41:24.042===
股票：000550板块涨跌幅判断-额外参数：
	分组名称：1
	走势名称：发
		条件不成立(不符合板块涨跌幅条件)
	结果：未满足，返回code：-1
===2021-08-10 17:41:24.564===
额外条件未满足


===============================================

==============2021-08-10 17:41:30==============
===6开始执行条件2021-08-10 17:41:29.619===
===开始判断价格条件2021-08-10 17:41:29.619===
===开始判断额外/转自动条件2021-08-10 17:41:30.023===
===2021-08-10 17:41:30.187===
股票：000550指定时间段判断-额外参数：
	分组名称：1
	走势名称：时间段
		条件不成立(当前时间：2021-08-10 17:41:29.619,条件时段：09:30:00-13:00:00)
	结果：未满足
===2021-08-10 17:41:30.187===
===2021-08-10 17:41:30.283===
股票：000550板块涨跌幅判断-额外参数：
	分组名称：1
	走势名称：发
		条件不成立(不符合板块涨跌幅条件)
	结果：未满足，返回code：-1
===2021-08-10 17:41:30.700===
额外条件未满足


===============================================

==============2021-08-10 17:44:16==============
===6开始执行条件2021-08-10 17:44:15.461===
===开始判断价格条件2021-08-10 17:44:15.461===
===开始判断额外/转自动条件2021-08-10 17:44:15.543===
===2021-08-10 17:44:15.737===
股票：000550指定时间段判断-额外参数：
	分组名称：1
	走势名称：时间段
		条件不成立(当前时间：2021-08-10 17:44:15.460,条件时段：09:30:00-13:00:00)
	结果：未满足
===2021-08-10 17:44:15.737===
===2021-08-10 17:44:15.772===
股票：000550板块涨跌幅判断-额外参数：
	分组名称：1
	走势名称：发
		条件不成立(不符合板块涨跌幅条件)
	结果：未满足，返回code：-1
===2021-08-10 17:44:16.403===
额外条件未满足


===============================================

==============2021-08-10 17:53:22==============
===6开始执行条件2021-08-10 17:53:20.628===
===开始判断价格条件2021-08-10 17:53:20.628===
===开始判断额外/转自动条件2021-08-10 17:53:21.212===
===2021-08-10 17:53:21.517===
股票：000550指定时间段判断-额外参数：
	分组名称：1
	走势名称：时间段
		条件不成立(当前时间：2021-08-10 17:53:20.574,条件时段：09:30:00-13:00:00)
	结果：未满足
===2021-08-10 17:53:21.517===
===2021-08-10 17:53:21.986===
股票：000550板块涨跌幅判断-额外参数：
	分组名称：1
	走势名称：发
		条件不成立(不符合板块涨跌幅条件)
	结果：未满足，返回code：-1
===2021-08-10 17:53:22.551===
额外条件未满足


===============================================

==============2021-08-10 17:54:08==============
===6开始执行条件2021-08-10 17:54:07.386===
===开始判断价格条件2021-08-10 17:54:07.386===
===开始判断额外/转自动条件2021-08-10 17:54:07.717===
===2021-08-10 17:54:07.810===
股票：000550指定时间段判断-额外参数：
	分组名称：1
	走势名称：时间段
		条件不成立(当前时间：2021-08-10 17:54:07.386,条件时段：09:30:00-13:00:00)
	结果：未满足
===2021-08-10 17:54:07.810===
===2021-08-10 17:54:07.863===
股票：000550板块涨跌幅判断-额外参数：
	分组名称：1
	走势名称：发
		条件不成立(不符合板块涨跌幅条件)
	结果：未满足，返回code：-1
===2021-08-10 17:54:08.422===
额外条件未满足


===============================================

==============2021-08-10 17:54:25==============
===6开始执行条件2021-08-10 17:54:23.357===
===开始判断价格条件2021-08-10 17:54:23.358===
===开始判断额外/转自动条件2021-08-10 17:54:23.688===
===2021-08-10 17:54:24.454===
股票：000550指定时间段判断-额外参数：
	分组名称：1
	走势名称：时间段
		条件不成立(当前时间：2021-08-10 17:54:23.349,条件时段：09:30:00-13:00:00)
	结果：未满足
===2021-08-10 17:54:24.454===
===2021-08-10 17:54:24.483===
股票：000550板块涨跌幅判断-额外参数：
	分组名称：1
	走势名称：发
		条件不成立(不符合板块涨跌幅条件)
	结果：未满足，返回code：-1
===2021-08-10 17:54:25.275===
额外条件未满足


===============================================

