==============2021-08-06 15:14:14==============
===6开始执行条件2021-08-06 15:14:11.814===
===开始判断价格条件2021-08-06 15:14:11.814===
===开始判断额外/转自动条件2021-08-06 15:14:11.894===
===2021-08-06 15:14:11.985===
股票：600392指定时间段判断-额外参数：
	分组名称：1
	走势名称：时间段
		条件不成立(当前时间：2021-08-06 15:14:11.813,条件时段：09:30:00-13:00:00)
	结果：未满足
===2021-08-06 15:14:11.986===
===2021-08-06 15:14:12.055===
股票：600392板块涨跌幅判断-额外参数：
	分组名称：1
	走势名称：发
		条件不成立(不符合板块涨跌幅条件)
	结果：未满足，返回code：-1
===2021-08-06 15:14:14.243===
额外条件未满足


===============================================

==============2021-08-06 15:31:22==============
===6开始执行条件2021-08-06 15:31:21.082===
===开始判断价格条件2021-08-06 15:31:21.082===
===开始判断额外/转自动条件2021-08-06 15:31:21.659===
===2021-08-06 15:31:21.950===
股票：600392指定时间段判断-额外参数：
	分组名称：1
	走势名称：时间段
		条件不成立(当前时间：2021-08-06 15:31:21.082,条件时段：09:30:00-13:00:00)
	结果：未满足
===2021-08-06 15:31:21.956===
===2021-08-06 15:31:22.063===
股票：600392板块涨跌幅判断-额外参数：
	分组名称：1
	走势名称：发
		条件不成立(不符合板块涨跌幅条件)
	结果：未满足，返回code：-1
===2021-08-06 15:31:22.259===
额外条件未满足


===============================================

==============2021-08-06 15:32:47==============
===6开始执行条件2021-08-06 15:32:46.083===
===开始判断价格条件2021-08-06 15:32:46.083===
===开始判断额外/转自动条件2021-08-06 15:32:46.185===
===2021-08-06 15:32:46.298===
股票：600392指定时间段判断-额外参数：
	分组名称：1
	走势名称：时间段
		条件不成立(当前时间：2021-08-06 15:32:46.082,条件时段：09:30:00-13:00:00)
	结果：未满足
===2021-08-06 15:32:46.299===
===2021-08-06 15:32:46.405===
股票：600392板块涨跌幅判断-额外参数：
	分组名称：1
	走势名称：发
		条件不成立(不符合板块涨跌幅条件)
	结果：未满足，返回code：-1
===2021-08-06 15:32:47.006===
额外条件未满足


===============================================

==============2021-08-06 17:04:56==============
===6开始执行条件2021-08-06 17:04:55.677===
===开始判断价格条件2021-08-06 17:04:55.677===
===开始判断额外/转自动条件2021-08-06 17:04:56.227===
===2021-08-06 17:04:56.584===
股票：600392指定时间段判断-额外参数：
	分组名称：1
	走势名称：时间段
		条件不成立(当前时间：2021-08-06 17:04:55.677,条件时段：09:30:00-13:00:00)
	结果：未满足
===2021-08-06 17:04:56.584===
===2021-08-06 17:04:56.618===
股票：600392板块涨跌幅判断-额外参数：
	分组名称：1
	走势名称：发
		条件不成立(不符合板块涨跌幅条件)
	结果：未满足，返回code：-1
===2021-08-06 17:04:56.931===
额外条件未满足


===============================================

==============2021-08-06 17:05:36==============
===6开始执行条件2021-08-06 17:05:35.033===
===开始判断价格条件2021-08-06 17:05:35.033===
===开始判断额外/转自动条件2021-08-06 17:05:35.147===
===2021-08-06 17:05:35.500===
股票：600392指定时间段判断-额外参数：
	分组名称：1
	走势名称：时间段
		条件不成立(当前时间：2021-08-06 17:05:35.032,条件时段：09:30:00-13:00:00)
	结果：未满足
===2021-08-06 17:05:35.500===
===2021-08-06 17:05:35.590===
股票：600392板块涨跌幅判断-额外参数：
	分组名称：1
	走势名称：发
		条件不成立(不符合板块涨跌幅条件)
	结果：未满足，返回code：-1
===2021-08-06 17:05:36.180===
额外条件未满足


===============================================

==============2021-08-06 17:05:59==============
===6开始执行条件2021-08-06 17:05:56.895===
===开始判断价格条件2021-08-06 17:05:56.895===
===开始判断额外/转自动条件2021-08-06 17:05:57.822===
===2021-08-06 17:05:58.377===
股票：600392指定时间段判断-额外参数：
	分组名称：1
	走势名称：时间段
		条件不成立(当前时间：2021-08-06 17:05:56.895,条件时段：09:30:00-13:00:00)
	结果：未满足
===2021-08-06 17:05:58.377===
===2021-08-06 17:05:58.477===
股票：600392板块涨跌幅判断-额外参数：
	分组名称：1
	走势名称：发
		条件不成立(不符合板块涨跌幅条件)
	结果：未满足，返回code：-1
===2021-08-06 17:05:59.703===
额外条件未满足


===============================================

==============2021-08-06 17:07:08==============
===6开始执行条件2021-08-06 17:07:05.809===
===开始判断价格条件2021-08-06 17:07:05.809===
===开始判断额外/转自动条件2021-08-06 17:07:06.169===
===2021-08-06 17:07:06.425===
股票：600392指定时间段判断-额外参数：
	分组名称：1
	走势名称：时间段
		条件不成立(当前时间：2021-08-06 17:07:05.809,条件时段：09:30:00-13:00:00)
	结果：未满足
===2021-08-06 17:07:06.627===
===2021-08-06 17:07:06.855===
股票：600392板块涨跌幅判断-额外参数：
	分组名称：1
	走势名称：发
		条件不成立(不符合板块涨跌幅条件)
	结果：未满足，返回code：-1
===2021-08-06 17:07:08.410===
额外条件未满足


===============================================

==============2021-08-06 17:07:29==============
===6开始执行条件2021-08-06 17:07:27.780===
===开始判断价格条件2021-08-06 17:07:27.780===
===开始判断额外/转自动条件2021-08-06 17:07:28.626===
===2021-08-06 17:07:28.861===
股票：600392指定时间段判断-额外参数：
	分组名称：1
	走势名称：时间段
		条件不成立(当前时间：2021-08-06 17:07:27.779,条件时段：09:30:00-13:00:00)
	结果：未满足
===2021-08-06 17:07:28.861===
===2021-08-06 17:07:28.939===
股票：600392板块涨跌幅判断-额外参数：
	分组名称：1
	走势名称：发
		条件不成立(不符合板块涨跌幅条件)
	结果：未满足，返回code：-1
===2021-08-06 17:07:29.596===
额外条件未满足


===============================================

==============2021-08-06 17:07:55==============
===6开始执行条件2021-08-06 17:07:50.273===
===开始判断价格条件2021-08-06 17:07:50.273===
===开始判断额外/转自动条件2021-08-06 17:07:51.531===
===2021-08-06 17:07:52.426===
股票：600392指定时间段判断-额外参数：
	分组名称：1
	走势名称：时间段
		条件不成立(当前时间：2021-08-06 17:07:50.272,条件时段：09:30:00-13:00:00)
	结果：未满足
===2021-08-06 17:07:52.426===
===2021-08-06 17:07:52.637===
股票：600392板块涨跌幅判断-额外参数：
	分组名称：1
	走势名称：发
		条件不成立(不符合板块涨跌幅条件)
	结果：未满足，返回code：-1
===2021-08-06 17:07:55.042===
额外条件未满足


===============================================

==============2021-08-06 17:08:44==============
===6开始执行条件2021-08-06 17:08:38.864===
===开始判断价格条件2021-08-06 17:08:38.864===
===开始判断额外/转自动条件2021-08-06 17:08:40.906===
===2021-08-06 17:08:41.925===
股票：600392指定时间段判断-额外参数：
	分组名称：1
	走势名称：时间段
		条件不成立(当前时间：2021-08-06 17:08:38.864,条件时段：09:30:00-13:00:00)
	结果：未满足
===2021-08-06 17:08:41.925===
===2021-08-06 17:08:42.085===
股票：600392板块涨跌幅判断-额外参数：
	分组名称：1
	走势名称：发
		条件不成立(不符合板块涨跌幅条件)
	结果：未满足，返回code：-1
===2021-08-06 17:08:44.285===
额外条件未满足


===============================================

==============2021-08-06 17:10:23==============
===6开始执行条件2021-08-06 17:10:20.903===
===开始判断价格条件2021-08-06 17:10:20.903===
===开始判断额外/转自动条件2021-08-06 17:10:21.548===
===2021-08-06 17:10:22.201===
股票：600392指定时间段判断-额外参数：
	分组名称：1
	走势名称：时间段
		条件不成立(当前时间：2021-08-06 17:10:20.903,条件时段：09:30:00-13:00:00)
	结果：未满足
===2021-08-06 17:10:22.201===
===2021-08-06 17:10:22.525===
股票：600392板块涨跌幅判断-额外参数：
	分组名称：1
	走势名称：发
		条件不成立(不符合板块涨跌幅条件)
	结果：未满足，返回code：-1
===2021-08-06 17:10:23.001===
额外条件未满足


===============================================

==============2021-08-06 17:10:39==============
===6开始执行条件2021-08-06 17:10:38.207===
===开始判断价格条件2021-08-06 17:10:38.207===
===开始判断额外/转自动条件2021-08-06 17:10:38.540===
===2021-08-06 17:10:38.639===
股票：600392指定时间段判断-额外参数：
	分组名称：1
	走势名称：时间段
		条件不成立(当前时间：2021-08-06 17:10:38.206,条件时段：09:30:00-13:00:00)
	结果：未满足
===2021-08-06 17:10:38.639===
===2021-08-06 17:10:38.742===
股票：600392板块涨跌幅判断-额外参数：
	分组名称：1
	走势名称：发
		条件不成立(不符合板块涨跌幅条件)
	结果：未满足，返回code：-1
===2021-08-06 17:10:39.985===
额外条件未满足


===============================================

==============2021-08-06 17:11:03==============
===6开始执行条件2021-08-06 17:10:59.327===
===开始判断价格条件2021-08-06 17:10:59.327===
===开始判断额外/转自动条件2021-08-06 17:11:00.693===
===2021-08-06 17:11:01.445===
股票：600392指定时间段判断-额外参数：
	分组名称：1
	走势名称：时间段
		条件不成立(当前时间：2021-08-06 17:10:59.326,条件时段：09:30:00-13:00:00)
	结果：未满足
===2021-08-06 17:11:01.445===
===2021-08-06 17:11:01.464===
股票：600392板块涨跌幅判断-额外参数：
	分组名称：1
	走势名称：发
		条件不成立(不符合板块涨跌幅条件)
	结果：未满足，返回code：-1
===2021-08-06 17:11:03.075===
额外条件未满足


===============================================

==============2021-08-06 17:11:25==============
===6开始执行条件2021-08-06 17:11:22.451===
===开始判断价格条件2021-08-06 17:11:22.451===
===开始判断额外/转自动条件2021-08-06 17:11:23.502===
===2021-08-06 17:11:24.121===
股票：600392指定时间段判断-额外参数：
	分组名称：1
	走势名称：时间段
		条件不成立(当前时间：2021-08-06 17:11:22.451,条件时段：09:30:00-13:00:00)
	结果：未满足
===2021-08-06 17:11:24.121===
===2021-08-06 17:11:24.408===
股票：600392板块涨跌幅判断-额外参数：
	分组名称：1
	走势名称：发
		条件不成立(不符合板块涨跌幅条件)
	结果：未满足，返回code：-1
===2021-08-06 17:11:25.778===
额外条件未满足


===============================================

==============2021-08-06 17:11:49==============
===6开始执行条件2021-08-06 17:11:44.770===
===开始判断价格条件2021-08-06 17:11:44.770===
===开始判断额外/转自动条件2021-08-06 17:11:46.203===
===2021-08-06 17:11:46.883===
股票：600392指定时间段判断-额外参数：
	分组名称：1
	走势名称：时间段
		条件不成立(当前时间：2021-08-06 17:11:44.770,条件时段：09:30:00-13:00:00)
	结果：未满足
===2021-08-06 17:11:46.883===
===2021-08-06 17:11:46.954===
股票：600392板块涨跌幅判断-额外参数：
	分组名称：1
	走势名称：发
		条件不成立(不符合板块涨跌幅条件)
	结果：未满足，返回code：-1
===2021-08-06 17:11:49.080===
额外条件未满足


===============================================

==============2021-08-06 17:12:07==============
===6开始执行条件2021-08-06 17:12:04.101===
===开始判断价格条件2021-08-06 17:12:04.101===
===开始判断额外/转自动条件2021-08-06 17:12:04.585===
===2021-08-06 17:12:04.897===
股票：600392指定时间段判断-额外参数：
	分组名称：1
	走势名称：时间段
		条件不成立(当前时间：2021-08-06 17:12:04.100,条件时段：09:30:00-13:00:00)
	结果：未满足
===2021-08-06 17:12:04.897===
===2021-08-06 17:12:05.060===
股票：600392板块涨跌幅判断-额外参数：
	分组名称：1
	走势名称：发
		条件不成立(不符合板块涨跌幅条件)
	结果：未满足，返回code：-1
===2021-08-06 17:12:07.427===
额外条件未满足


===============================================

==============2021-08-06 17:12:31==============
===6开始执行条件2021-08-06 17:12:28.327===
===开始判断价格条件2021-08-06 17:12:28.327===
===开始判断额外/转自动条件2021-08-06 17:12:28.829===
===2021-08-06 17:12:29.546===
股票：600392指定时间段判断-额外参数：
	分组名称：1
	走势名称：时间段
		条件不成立(当前时间：2021-08-06 17:12:28.327,条件时段：09:30:00-13:00:00)
	结果：未满足
===2021-08-06 17:12:29.546===
===2021-08-06 17:12:29.979===
股票：600392板块涨跌幅判断-额外参数：
	分组名称：1
	走势名称：发
		条件不成立(不符合板块涨跌幅条件)
	结果：未满足，返回code：-1
===2021-08-06 17:12:31.405===
额外条件未满足


===============================================

