==============2021-08-09 10:08:52==============
===6开始执行条件2021-08-09 10:08:50.691===
===开始判断价格条件2021-08-09 10:08:50.691===
===开始判断额外/转自动条件2021-08-09 10:08:51.511===
===2021-08-09 10:08:52.022===
股票：300679指定时间段判断-额外参数：
	分组名称：1
	走势名称：时间段
		条件成立(当前时间：2021-08-09 10:08:50.690,条件时段：09:30:00-13:00:00)
	结果：达到要求
===2021-08-09 10:08:52.186===
===2021-08-09 10:08:52.622===
股票：300679多头向上判断-转自动参数：
	分组名称：2
	走势名称：多头向上
	结果：未满足，返回code：0
===2021-08-09 10:08:52.622===
满足所有条件，可以触发


===============================================

==============2021-08-09 10:10:43==============
===6开始执行条件2021-08-09 10:10:37.638===
===开始判断价格条件2021-08-09 10:10:37.638===
===开始判断额外/转自动条件2021-08-09 10:10:38.968===
===2021-08-09 10:10:39.467===
股票：300679指定时间段判断-额外参数：
	分组名称：1
	走势名称：时间段
		条件成立(当前时间：2021-08-09 10:10:37.638,条件时段：09:30:00-13:00:00)
	结果：达到要求
===2021-08-09 10:10:40.307===
===2021-08-09 10:10:43.374===
股票：300679多头向上判断-转自动参数：
	分组名称：2
	走势名称：多头向上
	结果：未满足，返回code：0
===2021-08-09 10:10:43.374===
满足所有条件，可以触发


===============================================

==============2021-08-09 10:11:04==============
===6开始执行条件2021-08-09 10:11:04.257===
===开始判断价格条件2021-08-09 10:11:04.257===
===开始判断额外/转自动条件2021-08-09 10:11:04.512===
===2021-08-09 10:11:04.664===
股票：300679指定时间段判断-额外参数：
	分组名称：1
	走势名称：时间段
		条件成立(当前时间：2021-08-09 10:11:04.239,条件时段：09:30:00-13:00:00)
	结果：达到要求
===2021-08-09 10:11:04.756===
===2021-08-09 10:11:04.980===
股票：300679多头向上判断-转自动参数：
	分组名称：2
	走势名称：多头向上
	结果：未满足，返回code：0
===2021-08-09 10:11:04.981===
满足所有条件，可以触发


===============================================

