==============2021-08-06 14:26:01==============
===6开始执行条件2021-08-06 14:25:58.571===
===开始判断价格条件2021-08-06 14:25:58.571===
===开始判断额外/转自动条件2021-08-06 14:25:58.866===
===2021-08-06 14:25:58.990===
股票：300679指定时间段判断-额外参数：
	分组名称：1
	走势名称：时间段
		条件不成立(当前时间：2021-08-06 14:25:58.570,条件时段：09:30:00-13:00:00)
	结果：未满足
===2021-08-06 14:25:58.990===
===2021-08-06 14:25:59.031===
股票：300679板块涨跌幅判断-额外参数：
	分组名称：1
	走势名称：发
		条件不成立(不符合板块涨跌幅条件)
	结果：未满足，返回code：-1
===2021-08-06 14:26:01.839===
额外条件未满足


===============================================

==============2021-08-06 14:26:42==============
===6开始执行条件2021-08-06 14:26:39.916===
===开始判断价格条件2021-08-06 14:26:39.916===
===开始判断额外/转自动条件2021-08-06 14:26:40.151===
===2021-08-06 14:26:40.287===
股票：300679指定时间段判断-额外参数：
	分组名称：1
	走势名称：时间段
		条件不成立(当前时间：2021-08-06 14:26:39.916,条件时段：09:30:00-13:00:00)
	结果：未满足
===2021-08-06 14:26:40.287===
===2021-08-06 14:26:40.315===
股票：300679板块涨跌幅判断-额外参数：
	分组名称：1
	走势名称：发
		条件不成立(不符合板块涨跌幅条件)
	结果：未满足，返回code：-1
===2021-08-06 14:26:42.377===
额外条件未满足


===============================================

==============2021-08-06 14:29:20==============
===6开始执行条件2021-08-06 14:29:17.927===
===开始判断价格条件2021-08-06 14:29:17.927===
===开始判断额外/转自动条件2021-08-06 14:29:18.548===
===2021-08-06 14:29:18.791===
股票：300679指定时间段判断-额外参数：
	分组名称：1
	走势名称：时间段
		条件不成立(当前时间：2021-08-06 14:29:17.926,条件时段：09:30:00-13:00:00)
	结果：未满足
===2021-08-06 14:29:18.791===
===2021-08-06 14:29:18.871===
股票：300679板块涨跌幅判断-额外参数：
	分组名称：1
	走势名称：发
		条件不成立(不符合板块涨跌幅条件)
	结果：未满足，返回code：-1
===2021-08-06 14:29:20.360===
额外条件未满足


===============================================

==============2021-08-06 14:41:47==============
===6开始执行条件2021-08-06 14:41:43.995===
===开始判断价格条件2021-08-06 14:41:43.995===
===开始判断额外/转自动条件2021-08-06 14:41:45.085===
===2021-08-06 14:41:45.764===
股票：300679指定时间段判断-额外参数：
	分组名称：1
	走势名称：时间段
		条件不成立(当前时间：2021-08-06 14:41:43.995,条件时段：09:30:00-13:00:00)
	结果：未满足
===2021-08-06 14:41:45.764===
===2021-08-06 14:41:46.046===
股票：300679板块涨跌幅判断-额外参数：
	分组名称：1
	走势名称：发
		条件不成立(不符合板块涨跌幅条件)
	结果：未满足，返回code：-1
===2021-08-06 14:41:47.512===
额外条件未满足


===============================================

==============2021-08-06 14:42:43==============
===6开始执行条件2021-08-06 14:42:36.981===
===开始判断价格条件2021-08-06 14:42:36.981===
===开始判断额外/转自动条件2021-08-06 14:42:37.786===
===2021-08-06 14:42:38.651===
股票：300679指定时间段判断-额外参数：
	分组名称：1
	走势名称：时间段
		条件不成立(当前时间：2021-08-06 14:42:36.978,条件时段：09:30:00-13:00:00)
	结果：未满足
===2021-08-06 14:42:38.651===
===2021-08-06 14:42:38.826===
股票：300679板块涨跌幅判断-额外参数：
	分组名称：1
	走势名称：发
		条件不成立(不符合板块涨跌幅条件)
	结果：未满足，返回code：-1
===2021-08-06 14:42:43.909===
额外条件未满足


===============================================

==============2021-08-06 14:43:13==============
===6开始执行条件2021-08-06 14:43:12.603===
===开始判断价格条件2021-08-06 14:43:12.603===
===开始判断额外/转自动条件2021-08-06 14:43:12.741===
===2021-08-06 14:43:12.873===
股票：300679指定时间段判断-额外参数：
	分组名称：1
	走势名称：时间段
		条件不成立(当前时间：2021-08-06 14:43:12.602,条件时段：09:30:00-13:00:00)
	结果：未满足
===2021-08-06 14:43:12.873===
===2021-08-06 14:43:13.005===
股票：300679板块涨跌幅判断-额外参数：
	分组名称：1
	走势名称：发
		条件不成立(不符合板块涨跌幅条件)
	结果：未满足，返回code：-1
===2021-08-06 14:43:13.836===
额外条件未满足


===============================================

==============2021-08-06 15:06:20==============
===6开始执行条件2021-08-06 15:06:14.289===
===开始判断价格条件2021-08-06 15:06:14.289===
===开始判断额外/转自动条件2021-08-06 15:06:16.552===
===2021-08-06 15:06:18.534===
股票：300679指定时间段判断-额外参数：
	分组名称：1
	走势名称：时间段
		条件不成立(当前时间：2021-08-06 15:06:14.289,条件时段：09:30:00-13:00:00)
	结果：未满足
===2021-08-06 15:06:18.534===
===2021-08-06 15:06:18.789===
股票：300679板块涨跌幅判断-额外参数：
	分组名称：1
	走势名称：发
		条件不成立(不符合板块涨跌幅条件)
	结果：未满足，返回code：-1
===2021-08-06 15:06:20.398===
额外条件未满足


===============================================

==============2021-08-06 15:07:46==============
===6开始执行条件2021-08-06 15:06:49.747===
===开始判断价格条件2021-08-06 15:06:49.747===
===开始判断额外/转自动条件2021-08-06 15:07:17.675===
===2021-08-06 15:07:29.732===
股票：300679指定时间段判断-额外参数：
	分组名称：1
	走势名称：时间段
		条件不成立(当前时间：2021-08-06 15:06:49.746,条件时段：09:30:00-13:00:00)
	结果：未满足
===2021-08-06 15:07:29.732===
===2021-08-06 15:07:41.605===
股票：300679板块涨跌幅判断-额外参数：
	分组名称：1
	走势名称：发
		条件不成立(不符合板块涨跌幅条件)
	结果：未满足，返回code：-1
===2021-08-06 15:07:46.850===
额外条件未满足


===============================================

==============2021-08-06 15:12:49==============
===6开始执行条件2021-08-06 15:12:48.070===
===开始判断价格条件2021-08-06 15:12:48.070===
===开始判断额外/转自动条件2021-08-06 15:12:48.237===
===2021-08-06 15:12:48.481===
股票：300679指定时间段判断-额外参数：
	分组名称：1
	走势名称：时间段
		条件不成立(当前时间：2021-08-06 15:12:48.069,条件时段：09:30:00-13:00:00)
	结果：未满足
===2021-08-06 15:12:48.481===
===2021-08-06 15:12:48.576===
股票：300679板块涨跌幅判断-额外参数：
	分组名称：1
	走势名称：发
		条件不成立(不符合板块涨跌幅条件)
	结果：未满足，返回code：-1
===2021-08-06 15:12:49.369===
额外条件未满足


===============================================

==============2021-08-06 15:14:07==============
===6开始执行条件2021-08-06 15:14:07.311===
===开始判断价格条件2021-08-06 15:14:07.311===
===开始判断额外/转自动条件2021-08-06 15:14:07.380===
===2021-08-06 15:14:07.462===
股票：300679指定时间段判断-额外参数：
	分组名称：1
	走势名称：时间段
		条件不成立(当前时间：2021-08-06 15:14:07.303,条件时段：09:30:00-13:00:00)
	结果：未满足
===2021-08-06 15:14:07.462===
===2021-08-06 15:14:07.527===
股票：300679板块涨跌幅判断-额外参数：
	分组名称：1
	走势名称：发
		条件不成立(不符合板块涨跌幅条件)
	结果：未满足，返回code：-1
===2021-08-06 15:14:07.842===
额外条件未满足


===============================================

==============2021-08-06 15:28:36==============
===6开始执行条件2021-08-06 15:28:32.628===
===开始判断价格条件2021-08-06 15:28:32.628===
===开始判断额外/转自动条件2021-08-06 15:28:33.470===
===2021-08-06 15:28:34.084===
股票：300679指定时间段判断-额外参数：
	分组名称：1
	走势名称：时间段
		条件不成立(当前时间：2021-08-06 15:28:32.627,条件时段：09:30:00-13:00:00)
	结果：未满足
===2021-08-06 15:28:34.084===
===2021-08-06 15:28:34.165===
股票：300679板块涨跌幅判断-额外参数：
	分组名称：1
	走势名称：发
		条件不成立(不符合板块涨跌幅条件)
	结果：未满足，返回code：-1
===2021-08-06 15:28:36.201===
额外条件未满足


===============================================

==============2021-08-06 15:28:54==============
===6开始执行条件2021-08-06 15:28:51.116===
===开始判断价格条件2021-08-06 15:28:51.116===
===开始判断额外/转自动条件2021-08-06 15:28:52.097===
===2021-08-06 15:28:52.401===
股票：300679指定时间段判断-额外参数：
	分组名称：1
	走势名称：时间段
		条件不成立(当前时间：2021-08-06 15:28:51.115,条件时段：09:30:00-13:00:00)
	结果：未满足
===2021-08-06 15:28:52.401===
===2021-08-06 15:28:52.553===
股票：300679板块涨跌幅判断-额外参数：
	分组名称：1
	走势名称：发
		条件不成立(不符合板块涨跌幅条件)
	结果：未满足，返回code：-1
===2021-08-06 15:28:54.609===
额外条件未满足


===============================================

==============2021-08-06 15:30:02==============
===6开始执行条件2021-08-06 15:30:01.923===
===开始判断价格条件2021-08-06 15:30:01.923===
===开始判断额外/转自动条件2021-08-06 15:30:02.033===
===2021-08-06 15:30:02.075===
股票：300679指定时间段判断-额外参数：
	分组名称：1
	走势名称：时间段
		条件不成立(当前时间：2021-08-06 15:30:01.923,条件时段：09:30:00-13:00:00)
	结果：未满足
===2021-08-06 15:30:02.075===
===2021-08-06 15:30:02.095===
股票：300679板块涨跌幅判断-额外参数：
	分组名称：1
	走势名称：发
		条件不成立(不符合板块涨跌幅条件)
	结果：未满足，返回code：-1
===2021-08-06 15:30:02.656===
额外条件未满足


===============================================

==============2021-08-06 15:30:23==============
===6开始执行条件2021-08-06 15:30:19.560===
===开始判断价格条件2021-08-06 15:30:19.560===
===开始判断额外/转自动条件2021-08-06 15:30:20.108===
===2021-08-06 15:30:20.707===
股票：300679指定时间段判断-额外参数：
	分组名称：1
	走势名称：时间段
		条件不成立(当前时间：2021-08-06 15:30:19.560,条件时段：09:30:00-13:00:00)
	结果：未满足
===2021-08-06 15:30:20.707===
===2021-08-06 15:30:20.764===
股票：300679板块涨跌幅判断-额外参数：
	分组名称：1
	走势名称：发
		条件不成立(不符合板块涨跌幅条件)
	结果：未满足，返回code：-1
===2021-08-06 15:30:23.393===
额外条件未满足


===============================================

==============2021-08-06 15:30:40==============
===6开始执行条件2021-08-06 15:30:40.175===
===开始判断价格条件2021-08-06 15:30:40.175===
===开始判断额外/转自动条件2021-08-06 15:30:40.449===
===2021-08-06 15:30:40.490===
股票：300679指定时间段判断-额外参数：
	分组名称：1
	走势名称：时间段
		条件不成立(当前时间：2021-08-06 15:30:40.172,条件时段：09:30:00-13:00:00)
	结果：未满足
===2021-08-06 15:30:40.490===
===2021-08-06 15:30:40.508===
股票：300679板块涨跌幅判断-额外参数：
	分组名称：1
	走势名称：发
		条件不成立(不符合板块涨跌幅条件)
	结果：未满足，返回code：-1
===2021-08-06 15:30:40.705===
额外条件未满足


===============================================

==============2021-08-06 15:31:01==============
===6开始执行条件2021-08-06 15:30:58.197===
===开始判断价格条件2021-08-06 15:30:58.197===
===开始判断额外/转自动条件2021-08-06 15:30:59.114===
===2021-08-06 15:30:59.932===
股票：300679指定时间段判断-额外参数：
	分组名称：1
	走势名称：时间段
		条件不成立(当前时间：2021-08-06 15:30:58.196,条件时段：09:30:00-13:00:00)
	结果：未满足
===2021-08-06 15:30:59.932===
===2021-08-06 15:31:00.126===
股票：300679板块涨跌幅判断-额外参数：
	分组名称：1
	走势名称：发
		条件不成立(不符合板块涨跌幅条件)
	结果：未满足，返回code：-1
===2021-08-06 15:31:01.696===
额外条件未满足


===============================================

==============2021-08-06 15:31:17==============
===6开始执行条件2021-08-06 15:31:16.399===
===开始判断价格条件2021-08-06 15:31:16.399===
===开始判断额外/转自动条件2021-08-06 15:31:16.493===
===2021-08-06 15:31:16.554===
股票：300679指定时间段判断-额外参数：
	分组名称：1
	走势名称：时间段
		条件不成立(当前时间：2021-08-06 15:31:16.398,条件时段：09:30:00-13:00:00)
	结果：未满足
===2021-08-06 15:31:16.554===
===2021-08-06 15:31:16.632===
股票：300679板块涨跌幅判断-额外参数：
	分组名称：1
	走势名称：发
		条件不成立(不符合板块涨跌幅条件)
	结果：未满足，返回code：-1
===2021-08-06 15:31:17.172===
额外条件未满足


===============================================

==============2021-08-06 15:31:40==============
===6开始执行条件2021-08-06 15:31:33.972===
===开始判断价格条件2021-08-06 15:31:33.972===
===开始判断额外/转自动条件2021-08-06 15:31:35.581===
===2021-08-06 15:31:36.990===
股票：300679指定时间段判断-额外参数：
	分组名称：1
	走势名称：时间段
		条件不成立(当前时间：2021-08-06 15:31:33.972,条件时段：09:30:00-13:00:00)
	结果：未满足
===2021-08-06 15:31:36.990===
===2021-08-06 15:31:37.203===
股票：300679板块涨跌幅判断-额外参数：
	分组名称：1
	走势名称：发
		条件不成立(不符合板块涨跌幅条件)
	结果：未满足，返回code：-1
===2021-08-06 15:31:40.320===
额外条件未满足


===============================================

==============2021-08-06 15:31:57==============
===6开始执行条件2021-08-06 15:31:53.978===
===开始判断价格条件2021-08-06 15:31:53.978===
===开始判断额外/转自动条件2021-08-06 15:31:55.151===
===2021-08-06 15:31:56.162===
股票：300679指定时间段判断-额外参数：
	分组名称：1
	走势名称：时间段
		条件不成立(当前时间：2021-08-06 15:31:53.977,条件时段：09:30:00-13:00:00)
	结果：未满足
===2021-08-06 15:31:56.162===
===2021-08-06 15:31:56.264===
股票：300679板块涨跌幅判断-额外参数：
	分组名称：1
	走势名称：发
		条件不成立(不符合板块涨跌幅条件)
	结果：未满足，返回code：-1
===2021-08-06 15:31:57.923===
额外条件未满足


===============================================

==============2021-08-06 15:32:42==============
===6开始执行条件2021-08-06 15:32:41.296===
===开始判断价格条件2021-08-06 15:32:41.296===
===开始判断额外/转自动条件2021-08-06 15:32:41.453===
===2021-08-06 15:32:41.551===
股票：300679指定时间段判断-额外参数：
	分组名称：1
	走势名称：时间段
		条件不成立(当前时间：2021-08-06 15:32:41.295,条件时段：09:30:00-13:00:00)
	结果：未满足
===2021-08-06 15:32:41.551===
===2021-08-06 15:32:41.623===
股票：300679板块涨跌幅判断-额外参数：
	分组名称：1
	走势名称：发
		条件不成立(不符合板块涨跌幅条件)
	结果：未满足，返回code：-1
===2021-08-06 15:32:42.413===
额外条件未满足


===============================================

==============2021-08-06 15:32:52==============
===6开始执行条件2021-08-06 15:32:52.261===
===开始判断价格条件2021-08-06 15:32:52.261===
===开始判断额外/转自动条件2021-08-06 15:32:52.458===
===2021-08-06 15:32:52.535===
股票：300679指定时间段判断-额外参数：
	分组名称：1
	走势名称：时间段
		条件不成立(当前时间：2021-08-06 15:32:52.261,条件时段：09:30:00-13:00:00)
	结果：未满足
===2021-08-06 15:32:52.535===
===2021-08-06 15:32:52.679===
股票：300679板块涨跌幅判断-额外参数：
	分组名称：1
	走势名称：发
		条件不成立(不符合板块涨跌幅条件)
	结果：未满足，返回code：-1
===2021-08-06 15:32:52.934===
额外条件未满足


===============================================

==============2021-08-06 15:33:11==============
===6开始执行条件2021-08-06 15:33:08.214===
===开始判断价格条件2021-08-06 15:33:08.214===
===开始判断额外/转自动条件2021-08-06 15:33:09.233===
===2021-08-06 15:33:10.352===
股票：300679指定时间段判断-额外参数：
	分组名称：1
	走势名称：时间段
		条件不成立(当前时间：2021-08-06 15:33:08.214,条件时段：09:30:00-13:00:00)
	结果：未满足
===2021-08-06 15:33:10.352===
===2021-08-06 15:33:10.626===
股票：300679板块涨跌幅判断-额外参数：
	分组名称：1
	走势名称：发
		条件不成立(不符合板块涨跌幅条件)
	结果：未满足，返回code：-1
===2021-08-06 15:33:11.712===
额外条件未满足


===============================================

==============2021-08-06 15:38:16==============
===6开始执行条件2021-08-06 15:38:13.016===
===开始判断价格条件2021-08-06 15:38:13.016===
===开始判断额外/转自动条件2021-08-06 15:38:14.045===
===2021-08-06 15:38:14.397===
股票：300679指定时间段判断-额外参数：
	分组名称：1
	走势名称：时间段
		条件不成立(当前时间：2021-08-06 15:38:13.015,条件时段：09:30:00-13:00:00)
	结果：未满足
===2021-08-06 15:38:14.465===
===2021-08-06 15:38:14.568===
股票：300679板块涨跌幅判断-额外参数：
	分组名称：1
	走势名称：发
		条件不成立(不符合板块涨跌幅条件)
	结果：未满足，返回code：-1
===2021-08-06 15:38:16.749===
额外条件未满足


===============================================

==============2021-08-06 15:38:34==============
===6开始执行条件2021-08-06 15:38:33.666===
===开始判断价格条件2021-08-06 15:38:33.666===
===开始判断额外/转自动条件2021-08-06 15:38:33.793===
===2021-08-06 15:38:34.041===
股票：300679指定时间段判断-额外参数：
	分组名称：1
	走势名称：时间段
		条件不成立(当前时间：2021-08-06 15:38:33.666,条件时段：09:30:00-13:00:00)
	结果：未满足
===2021-08-06 15:38:34.041===
===2021-08-06 15:38:34.103===
股票：300679板块涨跌幅判断-额外参数：
	分组名称：1
	走势名称：发
		条件不成立(不符合板块涨跌幅条件)
	结果：未满足，返回code：-1
===2021-08-06 15:38:34.646===
额外条件未满足


===============================================

==============2021-08-06 17:04:41==============
===6开始执行条件2021-08-06 17:04:39.460===
===开始判断价格条件2021-08-06 17:04:39.460===
===开始判断额外/转自动条件2021-08-06 17:04:39.665===
===2021-08-06 17:04:40.003===
股票：300679指定时间段判断-额外参数：
	分组名称：1
	走势名称：时间段
		条件不成立(当前时间：2021-08-06 17:04:39.455,条件时段：09:30:00-13:00:00)
	结果：未满足
===2021-08-06 17:04:40.003===
===2021-08-06 17:04:40.113===
股票：300679板块涨跌幅判断-额外参数：
	分组名称：1
	走势名称：发
		条件不成立(不符合板块涨跌幅条件)
	结果：未满足，返回code：-1
===2021-08-06 17:04:41.768===
额外条件未满足


===============================================

==============2021-08-06 17:04:51==============
===6开始执行条件2021-08-06 17:04:49.660===
===开始判断价格条件2021-08-06 17:04:49.660===
===开始判断额外/转自动条件2021-08-06 17:04:50.178===
===2021-08-06 17:04:50.787===
股票：300679指定时间段判断-额外参数：
	分组名称：1
	走势名称：时间段
		条件不成立(当前时间：2021-08-06 17:04:49.660,条件时段：09:30:00-13:00:00)
	结果：未满足
===2021-08-06 17:04:50.787===
===2021-08-06 17:04:50.861===
股票：300679板块涨跌幅判断-额外参数：
	分组名称：1
	走势名称：发
		条件不成立(不符合板块涨跌幅条件)
	结果：未满足，返回code：-1
===2021-08-06 17:04:51.695===
额外条件未满足


===============================================

==============2021-08-06 17:05:14==============
===6开始执行条件2021-08-06 17:05:12.457===
===开始判断价格条件2021-08-06 17:05:12.457===
===开始判断额外/转自动条件2021-08-06 17:05:13.037===
===2021-08-06 17:05:13.215===
股票：300679指定时间段判断-额外参数：
	分组名称：1
	走势名称：时间段
		条件不成立(当前时间：2021-08-06 17:05:12.456,条件时段：09:30:00-13:00:00)
	结果：未满足
===2021-08-06 17:05:13.227===
===2021-08-06 17:05:13.352===
股票：300679板块涨跌幅判断-额外参数：
	分组名称：1
	走势名称：发
		条件不成立(不符合板块涨跌幅条件)
	结果：未满足，返回code：-1
===2021-08-06 17:05:14.068===
额外条件未满足


===============================================

==============2021-08-06 17:05:30==============
===6开始执行条件2021-08-06 17:05:28.900===
===开始判断价格条件2021-08-06 17:05:28.900===
===开始判断额外/转自动条件2021-08-06 17:05:29.401===
===2021-08-06 17:05:29.449===
股票：300679指定时间段判断-额外参数：
	分组名称：1
	走势名称：时间段
		条件不成立(当前时间：2021-08-06 17:05:28.899,条件时段：09:30:00-13:00:00)
	结果：未满足
===2021-08-06 17:05:29.449===
===2021-08-06 17:05:29.502===
股票：300679板块涨跌幅判断-额外参数：
	分组名称：1
	走势名称：发
		条件不成立(不符合板块涨跌幅条件)
	结果：未满足，返回code：-1
===2021-08-06 17:05:30.921===
额外条件未满足


===============================================

==============2021-08-06 17:05:52==============
===6开始执行条件2021-08-06 17:05:49.859===
===开始判断价格条件2021-08-06 17:05:49.859===
===开始判断额外/转自动条件2021-08-06 17:05:50.596===
===2021-08-06 17:05:51.081===
股票：300679指定时间段判断-额外参数：
	分组名称：1
	走势名称：时间段
		条件不成立(当前时间：2021-08-06 17:05:49.859,条件时段：09:30:00-13:00:00)
	结果：未满足
===2021-08-06 17:05:51.081===
===2021-08-06 17:05:51.117===
股票：300679板块涨跌幅判断-额外参数：
	分组名称：1
	走势名称：发
		条件不成立(不符合板块涨跌幅条件)
	结果：未满足，返回code：-1
===2021-08-06 17:05:52.318===
额外条件未满足


===============================================

==============2021-08-06 17:06:21==============
===6开始执行条件2021-08-06 17:06:15.323===
===开始判断价格条件2021-08-06 17:06:15.323===
===开始判断额外/转自动条件2021-08-06 17:06:17.089===
===2021-08-06 17:06:18.192===
股票：300679指定时间段判断-额外参数：
	分组名称：1
	走势名称：时间段
		条件不成立(当前时间：2021-08-06 17:06:15.323,条件时段：09:30:00-13:00:00)
	结果：未满足
===2021-08-06 17:06:18.192===
===2021-08-06 17:06:18.720===
股票：300679板块涨跌幅判断-额外参数：
	分组名称：1
	走势名称：发
		条件不成立(不符合板块涨跌幅条件)
	结果：未满足，返回code：-1
===2021-08-06 17:06:21.636===
额外条件未满足


===============================================

==============2021-08-06 17:06:40==============
===6开始执行条件2021-08-06 17:06:35.558===
===开始判断价格条件2021-08-06 17:06:35.558===
===开始判断额外/转自动条件2021-08-06 17:06:36.005===
===2021-08-06 17:06:36.832===
股票：300679指定时间段判断-额外参数：
	分组名称：1
	走势名称：时间段
		条件不成立(当前时间：2021-08-06 17:06:35.558,条件时段：09:30:00-13:00:00)
	结果：未满足
===2021-08-06 17:06:36.832===
===2021-08-06 17:06:36.968===
股票：300679板块涨跌幅判断-额外参数：
	分组名称：1
	走势名称：发
		条件不成立(不符合板块涨跌幅条件)
	结果：未满足，返回code：-1
===2021-08-06 17:06:40.034===
额外条件未满足


===============================================

==============2021-08-06 17:06:59==============
===6开始执行条件2021-08-06 17:06:57.211===
===开始判断价格条件2021-08-06 17:06:57.211===
===开始判断额外/转自动条件2021-08-06 17:06:57.621===
===2021-08-06 17:06:57.761===
股票：300679指定时间段判断-额外参数：
	分组名称：1
	走势名称：时间段
		条件不成立(当前时间：2021-08-06 17:06:57.211,条件时段：09:30:00-13:00:00)
	结果：未满足
===2021-08-06 17:06:57.761===
===2021-08-06 17:06:57.794===
股票：300679板块涨跌幅判断-额外参数：
	分组名称：1
	走势名称：发
		条件不成立(不符合板块涨跌幅条件)
	结果：未满足，返回code：-1
===2021-08-06 17:06:59.713===
额外条件未满足


===============================================

==============2021-08-06 17:07:21==============
===6开始执行条件2021-08-06 17:07:16.699===
===开始判断价格条件2021-08-06 17:07:16.699===
===开始判断额外/转自动条件2021-08-06 17:07:17.892===
===2021-08-06 17:07:19.155===
股票：300679指定时间段判断-额外参数：
	分组名称：1
	走势名称：时间段
		条件不成立(当前时间：2021-08-06 17:07:16.698,条件时段：09:30:00-13:00:00)
	结果：未满足
===2021-08-06 17:07:19.155===
===2021-08-06 17:07:19.395===
股票：300679板块涨跌幅判断-额外参数：
	分组名称：1
	走势名称：发
		条件不成立(不符合板块涨跌幅条件)
	结果：未满足，返回code：-1
===2021-08-06 17:07:21.308===
额外条件未满足


===============================================

==============2021-08-06 17:07:45==============
===6开始执行条件2021-08-06 17:07:40.789===
===开始判断价格条件2021-08-06 17:07:40.789===
===开始判断额外/转自动条件2021-08-06 17:07:42.064===
===2021-08-06 17:07:43.167===
股票：300679指定时间段判断-额外参数：
	分组名称：1
	走势名称：时间段
		条件不成立(当前时间：2021-08-06 17:07:40.788,条件时段：09:30:00-13:00:00)
	结果：未满足
===2021-08-06 17:07:43.167===
===2021-08-06 17:07:43.400===
股票：300679板块涨跌幅判断-额外参数：
	分组名称：1
	走势名称：发
		条件不成立(不符合板块涨跌幅条件)
	结果：未满足，返回code：-1
===2021-08-06 17:07:45.785===
额外条件未满足


===============================================

==============2021-08-06 17:08:10==============
===6开始执行条件2021-08-06 17:08:03.565===
===开始判断价格条件2021-08-06 17:08:03.565===
===开始判断额外/转自动条件2021-08-06 17:08:04.587===
===2021-08-06 17:08:05.488===
股票：300679指定时间段判断-额外参数：
	分组名称：1
	走势名称：时间段
		条件不成立(当前时间：2021-08-06 17:08:03.564,条件时段：09:30:00-13:00:00)
	结果：未满足
===2021-08-06 17:08:05.720===
===2021-08-06 17:08:06.010===
股票：300679板块涨跌幅判断-额外参数：
	分组名称：1
	走势名称：发
		条件不成立(不符合板块涨跌幅条件)
	结果：未满足，返回code：-1
===2021-08-06 17:08:10.382===
额外条件未满足


===============================================

==============2021-08-06 17:08:33==============
===6开始执行条件2021-08-06 17:08:27.043===
===开始判断价格条件2021-08-06 17:08:27.043===
===开始判断额外/转自动条件2021-08-06 17:08:28.763===
===2021-08-06 17:08:29.543===
股票：300679指定时间段判断-额外参数：
	分组名称：1
	走势名称：时间段
		条件不成立(当前时间：2021-08-06 17:08:27.043,条件时段：09:30:00-13:00:00)
	结果：未满足
===2021-08-06 17:08:29.543===
===2021-08-06 17:08:29.799===
股票：300679板块涨跌幅判断-额外参数：
	分组名称：1
	走势名称：发
		条件不成立(不符合板块涨跌幅条件)
	结果：未满足，返回code：-1
===2021-08-06 17:08:33.737===
额外条件未满足


===============================================

==============2021-08-06 17:10:17==============
===6开始执行条件2021-08-06 17:10:15.760===
===开始判断价格条件2021-08-06 17:10:15.760===
===开始判断额外/转自动条件2021-08-06 17:10:16.188===
===2021-08-06 17:10:16.250===
股票：300679指定时间段判断-额外参数：
	分组名称：1
	走势名称：时间段
		条件不成立(当前时间：2021-08-06 17:10:15.760,条件时段：09:30:00-13:00:00)
	结果：未满足
===2021-08-06 17:10:16.250===
===2021-08-06 17:10:16.307===
股票：300679板块涨跌幅判断-额外参数：
	分组名称：1
	走势名称：发
		条件不成立(不符合板块涨跌幅条件)
	结果：未满足，返回code：-1
===2021-08-06 17:10:17.084===
额外条件未满足


===============================================

==============2021-08-06 17:10:33==============
===6开始执行条件2021-08-06 17:10:32.647===
===开始判断价格条件2021-08-06 17:10:32.647===
===开始判断额外/转自动条件2021-08-06 17:10:32.770===
===2021-08-06 17:10:32.825===
股票：300679指定时间段判断-额外参数：
	分组名称：1
	走势名称：时间段
		条件不成立(当前时间：2021-08-06 17:10:32.646,条件时段：09:30:00-13:00:00)
	结果：未满足
===2021-08-06 17:10:32.825===
===2021-08-06 17:10:32.863===
股票：300679板块涨跌幅判断-额外参数：
	分组名称：1
	走势名称：发
		条件不成立(不符合板块涨跌幅条件)
	结果：未满足，返回code：-1
===2021-08-06 17:10:33.246===
额外条件未满足


===============================================

==============2021-08-06 17:10:54==============
===6开始执行条件2021-08-06 17:10:52.345===
===开始判断价格条件2021-08-06 17:10:52.345===
===开始判断额外/转自动条件2021-08-06 17:10:53.136===
===2021-08-06 17:10:53.584===
股票：300679指定时间段判断-额外参数：
	分组名称：1
	走势名称：时间段
		条件不成立(当前时间：2021-08-06 17:10:52.345,条件时段：09:30:00-13:00:00)
	结果：未满足
===2021-08-06 17:10:53.584===
===2021-08-06 17:10:53.672===
股票：300679板块涨跌幅判断-额外参数：
	分组名称：1
	走势名称：发
		条件不成立(不符合板块涨跌幅条件)
	结果：未满足，返回code：-1
===2021-08-06 17:10:54.475===
额外条件未满足


===============================================

==============2021-08-06 17:11:17==============
===6开始执行条件2021-08-06 17:11:12.804===
===开始判断价格条件2021-08-06 17:11:12.804===
===开始判断额外/转自动条件2021-08-06 17:11:13.776===
===2021-08-06 17:11:14.430===
股票：300679指定时间段判断-额外参数：
	分组名称：1
	走势名称：时间段
		条件不成立(当前时间：2021-08-06 17:11:12.803,条件时段：09:30:00-13:00:00)
	结果：未满足
===2021-08-06 17:11:14.481===
===2021-08-06 17:11:14.573===
股票：300679板块涨跌幅判断-额外参数：
	分组名称：1
	走势名称：发
		条件不成立(不符合板块涨跌幅条件)
	结果：未满足，返回code：-1
===2021-08-06 17:11:17.501===
额外条件未满足


===============================================

==============2021-08-06 17:11:39==============
===6开始执行条件2021-08-06 17:11:35.129===
===开始判断价格条件2021-08-06 17:11:35.129===
===开始判断额外/转自动条件2021-08-06 17:11:36.281===
===2021-08-06 17:11:36.548===
股票：300679指定时间段判断-额外参数：
	分组名称：1
	走势名称：时间段
		条件不成立(当前时间：2021-08-06 17:11:35.121,条件时段：09:30:00-13:00:00)
	结果：未满足
===2021-08-06 17:11:36.548===
===2021-08-06 17:11:36.767===
股票：300679板块涨跌幅判断-额外参数：
	分组名称：1
	走势名称：发
		条件不成立(不符合板块涨跌幅条件)
	结果：未满足，返回code：-1
===2021-08-06 17:11:39.162===
额外条件未满足


===============================================

==============2021-08-06 17:11:59==============
===6开始执行条件2021-08-06 17:11:57.571===
===开始判断价格条件2021-08-06 17:11:57.571===
===开始判断额外/转自动条件2021-08-06 17:11:58.097===
===2021-08-06 17:11:58.392===
股票：300679指定时间段判断-额外参数：
	分组名称：1
	走势名称：时间段
		条件不成立(当前时间：2021-08-06 17:11:57.570,条件时段：09:30:00-13:00:00)
	结果：未满足
===2021-08-06 17:11:58.392===
===2021-08-06 17:11:58.477===
股票：300679板块涨跌幅判断-额外参数：
	分组名称：1
	走势名称：发
		条件不成立(不符合板块涨跌幅条件)
	结果：未满足，返回code：-1
===2021-08-06 17:11:59.922===
额外条件未满足


===============================================

==============2021-08-06 17:12:23==============
===6开始执行条件2021-08-06 17:12:18.620===
===开始判断价格条件2021-08-06 17:12:18.620===
===开始判断额外/转自动条件2021-08-06 17:12:19.668===
===2021-08-06 17:12:20.315===
股票：300679指定时间段判断-额外参数：
	分组名称：1
	走势名称：时间段
		条件不成立(当前时间：2021-08-06 17:12:18.618,条件时段：09:30:00-13:00:00)
	结果：未满足
===2021-08-06 17:12:20.315===
===2021-08-06 17:12:20.591===
股票：300679板块涨跌幅判断-额外参数：
	分组名称：1
	走势名称：发
		条件不成立(不符合板块涨跌幅条件)
	结果：未满足，返回code：-1
===2021-08-06 17:12:23.433===
额外条件未满足


===============================================

