==============2021-08-11 10:28:33==============
===6开始执行条件2021-08-11 10:28:31.932===
===开始判断价格条件2021-08-11 10:28:31.932===
===开始判断额外/转自动条件2021-08-11 10:28:32.186===
===2021-08-11 10:28:32.287===
股票：601139指定时间段判断-额外参数：
	分组名称：1
	走势名称：时间段
		条件成立(当前时间：2021-08-11 10:28:31.932,条件时段：09:30:00-13:00:00)
	结果：达到要求
===2021-08-11 10:28:32.787===
===2021-08-11 10:28:33.642===
股票：601139多头向上判断-转自动参数：
	分组名称：2
	走势名称：多头向上
	结果：未满足，返回code：0
===2021-08-11 10:28:33.642===
满足所有条件，可以触发


===============================================

==============2021-08-11 10:28:51==============
===6开始执行条件2021-08-11 10:28:51.080===
===开始判断价格条件2021-08-11 10:28:51.080===
===开始判断额外/转自动条件2021-08-11 10:28:51.149===
===2021-08-11 10:28:51.196===
股票：601139指定时间段判断-额外参数：
	分组名称：1
	走势名称：时间段
		条件成立(当前时间：2021-08-11 10:28:51.079,条件时段：09:30:00-13:00:00)
	结果：达到要求
===2021-08-11 10:28:51.279===
===2021-08-11 10:28:51.470===
股票：601139多头向上判断-转自动参数：
	分组名称：2
	走势名称：多头向上
	结果：未满足，返回code：0
===2021-08-11 10:28:51.470===
满足所有条件，可以触发


===============================================

==============2021-08-11 10:29:01==============
===6开始执行条件2021-08-11 10:29:00.368===
===开始判断价格条件2021-08-11 10:29:00.368===
===开始判断额外/转自动条件2021-08-11 10:29:00.556===
===2021-08-11 10:29:00.676===
股票：601139指定时间段判断-额外参数：
	分组名称：1
	走势名称：时间段
		条件成立(当前时间：2021-08-11 10:29:00.367,条件时段：09:30:00-13:00:00)
	结果：达到要求
===2021-08-11 10:29:01.075===
===2021-08-11 10:29:01.154===
股票：601139多头向上判断-转自动参数：
	分组名称：2
	走势名称：多头向上
	结果：未满足，返回code：0
===2021-08-11 10:29:01.154===
满足所有条件，可以触发


===============================================

==============2021-08-11 10:29:44==============
===6开始执行条件2021-08-11 10:29:42.962===
===开始判断价格条件2021-08-11 10:29:42.962===
===开始判断额外/转自动条件2021-08-11 10:29:43.286===
===2021-08-11 10:29:43.511===
股票：601139指定时间段判断-额外参数：
	分组名称：1
	走势名称：时间段
		条件成立(当前时间：2021-08-11 10:29:42.962,条件时段：09:30:00-13:00:00)
	结果：达到要求
===2021-08-11 10:29:44.121===
===2021-08-11 10:29:44.485===
股票：601139多头向上判断-转自动参数：
	分组名称：2
	走势名称：多头向上
	结果：未满足，返回code：0
===2021-08-11 10:29:44.485===
满足所有条件，可以触发


===============================================

==============2021-08-11 10:29:56==============
===6开始执行条件2021-08-11 10:29:54.239===
===开始判断价格条件2021-08-11 10:29:54.239===
===开始判断额外/转自动条件2021-08-11 10:29:55.291===
===2021-08-11 10:29:55.499===
股票：601139指定时间段判断-额外参数：
	分组名称：1
	走势名称：时间段
		条件成立(当前时间：2021-08-11 10:29:54.239,条件时段：09:30:00-13:00:00)
	结果：达到要求
===2021-08-11 10:29:55.765===
===2021-08-11 10:29:56.278===
股票：601139多头向上判断-转自动参数：
	分组名称：2
	走势名称：多头向上
	结果：未满足，返回code：0
===2021-08-11 10:29:56.278===
满足所有条件，可以触发


===============================================

==============2021-08-11 10:30:08==============
===6开始执行条件2021-08-11 10:30:07.485===
===开始判断价格条件2021-08-11 10:30:07.485===
===开始判断额外/转自动条件2021-08-11 10:30:07.732===
===2021-08-11 10:30:07.837===
股票：601139指定时间段判断-额外参数：
	分组名称：1
	走势名称：时间段
		条件成立(当前时间：2021-08-11 10:30:07.485,条件时段：09:30:00-13:00:00)
	结果：达到要求
===2021-08-11 10:30:07.962===
===2021-08-11 10:30:08.245===
股票：601139多头向上判断-转自动参数：
	分组名称：2
	走势名称：多头向上
	结果：未满足，返回code：0
===2021-08-11 10:30:08.245===
满足所有条件，可以触发


===============================================

==============2021-08-11 10:30:14==============
===6开始执行条件2021-08-11 10:30:14.177===
===开始判断价格条件2021-08-11 10:30:14.177===
===开始判断额外/转自动条件2021-08-11 10:30:14.501===
===2021-08-11 10:30:14.547===
股票：601139指定时间段判断-额外参数：
	分组名称：1
	走势名称：时间段
		条件成立(当前时间：2021-08-11 10:30:14.177,条件时段：09:30:00-13:00:00)
	结果：达到要求
===2021-08-11 10:30:14.745===
===2021-08-11 10:30:14.950===
股票：601139多头向上判断-转自动参数：
	分组名称：2
	走势名称：多头向上
	结果：未满足，返回code：0
===2021-08-11 10:30:14.950===
满足所有条件，可以触发


===============================================

==============2021-08-11 10:30:30==============
===6开始执行条件2021-08-11 10:30:30.274===
===开始判断价格条件2021-08-11 10:30:30.274===
===开始判断额外/转自动条件2021-08-11 10:30:30.454===
===2021-08-11 10:30:30.574===
股票：601139指定时间段判断-额外参数：
	分组名称：1
	走势名称：时间段
		条件成立(当前时间：2021-08-11 10:30:30.273,条件时段：09:30:00-13:00:00)
	结果：达到要求
===2021-08-11 10:30:30.642===
===2021-08-11 10:30:30.718===
股票：601139多头向上判断-转自动参数：
	分组名称：2
	走势名称：多头向上
	结果：未满足，返回code：0
===2021-08-11 10:30:30.718===
满足所有条件，可以触发


===============================================

==============2021-08-11 10:30:42==============
===6开始执行条件2021-08-11 10:30:41.738===
===开始判断价格条件2021-08-11 10:30:41.738===
===开始判断额外/转自动条件2021-08-11 10:30:41.920===
===2021-08-11 10:30:42.025===
股票：601139指定时间段判断-额外参数：
	分组名称：1
	走势名称：时间段
		条件成立(当前时间：2021-08-11 10:30:41.738,条件时段：09:30:00-13:00:00)
	结果：达到要求
===2021-08-11 10:30:42.177===
===2021-08-11 10:30:42.615===
股票：601139多头向上判断-转自动参数：
	分组名称：2
	走势名称：多头向上
	结果：未满足，返回code：0
===2021-08-11 10:30:42.615===
满足所有条件，可以触发


===============================================

==============2021-08-11 10:30:51==============
===6开始执行条件2021-08-11 10:30:51.004===
===开始判断价格条件2021-08-11 10:30:51.004===
===开始判断额外/转自动条件2021-08-11 10:30:51.094===
===2021-08-11 10:30:51.163===
股票：601139指定时间段判断-额外参数：
	分组名称：1
	走势名称：时间段
		条件成立(当前时间：2021-08-11 10:30:51.004,条件时段：09:30:00-13:00:00)
	结果：达到要求
===2021-08-11 10:30:51.535===
===2021-08-11 10:30:51.603===
股票：601139多头向上判断-转自动参数：
	分组名称：2
	走势名称：多头向上
	结果：未满足，返回code：0
===2021-08-11 10:30:51.603===
满足所有条件，可以触发


===============================================

==============2021-08-11 10:30:58==============
===6开始执行条件2021-08-11 10:30:58.000===
===开始判断价格条件2021-08-11 10:30:58.000===
===开始判断额外/转自动条件2021-08-11 10:30:58.072===
===2021-08-11 10:30:58.120===
股票：601139指定时间段判断-额外参数：
	分组名称：1
	走势名称：时间段
		条件成立(当前时间：2021-08-11 10:30:58.000,条件时段：09:30:00-13:00:00)
	结果：达到要求
===2021-08-11 10:30:58.161===
===2021-08-11 10:30:58.225===
股票：601139多头向上判断-转自动参数：
	分组名称：2
	走势名称：多头向上
	结果：未满足，返回code：0
===2021-08-11 10:30:58.225===
满足所有条件，可以触发


===============================================

==============2021-08-11 10:31:17==============
===6开始执行条件2021-08-11 10:31:16.649===
===开始判断价格条件2021-08-11 10:31:16.649===
===开始判断额外/转自动条件2021-08-11 10:31:16.815===
===2021-08-11 10:31:16.935===
股票：601139指定时间段判断-额外参数：
	分组名称：1
	走势名称：时间段
		条件成立(当前时间：2021-08-11 10:31:16.649,条件时段：09:30:00-13:00:00)
	结果：达到要求
===2021-08-11 10:31:17.185===
===2021-08-11 10:31:17.376===
股票：601139多头向上判断-转自动参数：
	分组名称：2
	走势名称：多头向上
	结果：未满足，返回code：0
===2021-08-11 10:31:17.376===
满足所有条件，可以触发


===============================================

==============2021-08-11 10:31:23==============
===6开始执行条件2021-08-11 10:31:22.958===
===开始判断价格条件2021-08-11 10:31:22.958===
===开始判断额外/转自动条件2021-08-11 10:31:23.091===
===2021-08-11 10:31:23.139===
股票：601139指定时间段判断-额外参数：
	分组名称：1
	走势名称：时间段
		条件成立(当前时间：2021-08-11 10:31:22.956,条件时段：09:30:00-13:00:00)
	结果：达到要求
===2021-08-11 10:31:23.274===
===2021-08-11 10:31:23.503===
股票：601139多头向上判断-转自动参数：
	分组名称：2
	走势名称：多头向上
	结果：未满足，返回code：0
===2021-08-11 10:31:23.503===
满足所有条件，可以触发


===============================================

==============2021-08-11 10:31:31==============
===6开始执行条件2021-08-11 10:31:30.696===
===开始判断价格条件2021-08-11 10:31:30.696===
===开始判断额外/转自动条件2021-08-11 10:31:30.819===
===2021-08-11 10:31:30.852===
股票：601139指定时间段判断-额外参数：
	分组名称：1
	走势名称：时间段
		条件成立(当前时间：2021-08-11 10:31:30.695,条件时段：09:30:00-13:00:00)
	结果：达到要求
===2021-08-11 10:31:30.964===
===2021-08-11 10:31:31.118===
股票：601139多头向上判断-转自动参数：
	分组名称：2
	走势名称：多头向上
	结果：未满足，返回code：0
===2021-08-11 10:31:31.118===
满足所有条件，可以触发


===============================================

==============2021-08-11 10:31:46==============
===6开始执行条件2021-08-11 10:31:40.871===
===开始判断价格条件2021-08-11 10:31:40.871===
===开始判断额外/转自动条件2021-08-11 10:31:42.007===
===2021-08-11 10:31:42.822===
股票：601139指定时间段判断-额外参数：
	分组名称：1
	走势名称：时间段
		条件成立(当前时间：2021-08-11 10:31:40.871,条件时段：09:30:00-13:00:00)
	结果：达到要求
===2021-08-11 10:31:44.080===
===2021-08-11 10:31:46.189===
股票：601139多头向上判断-转自动参数：
	分组名称：2
	走势名称：多头向上
	结果：未满足，返回code：0
===2021-08-11 10:31:46.189===
满足所有条件，可以触发


===============================================

==============2021-08-11 10:31:59==============
===6开始执行条件2021-08-11 10:31:57.229===
===开始判断价格条件2021-08-11 10:31:57.229===
===开始判断额外/转自动条件2021-08-11 10:31:57.651===
===2021-08-11 10:31:57.979===
股票：601139指定时间段判断-额外参数：
	分组名称：1
	走势名称：时间段
		条件成立(当前时间：2021-08-11 10:31:57.228,条件时段：09:30:00-13:00:00)
	结果：达到要求
===2021-08-11 10:31:58.578===
===2021-08-11 10:31:59.068===
股票：601139多头向上判断-转自动参数：
	分组名称：2
	走势名称：多头向上
	结果：未满足，返回code：0
===2021-08-11 10:31:59.068===
满足所有条件，可以触发


===============================================

==============2021-08-11 10:32:17==============
===6开始执行条件2021-08-11 10:32:16.126===
===开始判断价格条件2021-08-11 10:32:16.126===
===开始判断额外/转自动条件2021-08-11 10:32:16.453===
===2021-08-11 10:32:16.693===
股票：601139指定时间段判断-额外参数：
	分组名称：1
	走势名称：时间段
		条件成立(当前时间：2021-08-11 10:32:16.124,条件时段：09:30:00-13:00:00)
	结果：达到要求
===2021-08-11 10:32:16.854===
===2021-08-11 10:32:17.494===
股票：601139多头向上判断-转自动参数：
	分组名称：2
	走势名称：多头向上
	结果：未满足，返回code：0
===2021-08-11 10:32:17.494===
满足所有条件，可以触发


===============================================

==============2021-08-11 10:32:44==============
===6开始执行条件2021-08-11 10:32:43.620===
===开始判断价格条件2021-08-11 10:32:43.620===
===开始判断额外/转自动条件2021-08-11 10:32:43.854===
===2021-08-11 10:32:43.963===
股票：601139指定时间段判断-额外参数：
	分组名称：1
	走势名称：时间段
		条件成立(当前时间：2021-08-11 10:32:43.618,条件时段：09:30:00-13:00:00)
	结果：达到要求
===2021-08-11 10:32:44.200===
===2021-08-11 10:32:44.400===
股票：601139多头向上判断-转自动参数：
	分组名称：2
	走势名称：多头向上
	结果：未满足，返回code：0
===2021-08-11 10:32:44.400===
满足所有条件，可以触发


===============================================

==============2021-08-11 10:32:57==============
===6开始执行条件2021-08-11 10:32:56.822===
===开始判断价格条件2021-08-11 10:32:56.822===
===开始判断额外/转自动条件2021-08-11 10:32:56.988===
===2021-08-11 10:32:57.074===
股票：601139指定时间段判断-额外参数：
	分组名称：1
	走势名称：时间段
		条件成立(当前时间：2021-08-11 10:32:56.822,条件时段：09:30:00-13:00:00)
	结果：达到要求
===2021-08-11 10:32:57.124===
===2021-08-11 10:32:57.261===
股票：601139多头向上判断-转自动参数：
	分组名称：2
	走势名称：多头向上
	结果：未满足，返回code：0
===2021-08-11 10:32:57.262===
满足所有条件，可以触发


===============================================

==============2021-08-11 10:33:05==============
===6开始执行条件2021-08-11 10:33:05.465===
===开始判断价格条件2021-08-11 10:33:05.465===
===开始判断额外/转自动条件2021-08-11 10:33:05.534===
===2021-08-11 10:33:05.571===
股票：601139指定时间段判断-额外参数：
	分组名称：1
	走势名称：时间段
		条件成立(当前时间：2021-08-11 10:33:05.464,条件时段：09:30:00-13:00:00)
	结果：达到要求
===2021-08-11 10:33:05.622===
===2021-08-11 10:33:05.869===
股票：601139多头向上判断-转自动参数：
	分组名称：2
	走势名称：多头向上
	结果：未满足，返回code：0
===2021-08-11 10:33:05.869===
满足所有条件，可以触发


===============================================

==============2021-08-11 10:33:16==============
===6开始执行条件2021-08-11 10:33:15.481===
===开始判断价格条件2021-08-11 10:33:15.482===
===开始判断额外/转自动条件2021-08-11 10:33:15.676===
===2021-08-11 10:33:15.982===
股票：601139指定时间段判断-额外参数：
	分组名称：1
	走势名称：时间段
		条件成立(当前时间：2021-08-11 10:33:15.480,条件时段：09:30:00-13:00:00)
	结果：达到要求
===2021-08-11 10:33:16.165===
===2021-08-11 10:33:16.588===
股票：601139多头向上判断-转自动参数：
	分组名称：2
	走势名称：多头向上
	结果：未满足，返回code：0
===2021-08-11 10:33:16.588===
满足所有条件，可以触发


===============================================

==============2021-08-11 10:33:25==============
===6开始执行条件2021-08-11 10:33:24.009===
===开始判断价格条件2021-08-11 10:33:24.009===
===开始判断额外/转自动条件2021-08-11 10:33:24.266===
===2021-08-11 10:33:24.513===
股票：601139指定时间段判断-额外参数：
	分组名称：1
	走势名称：时间段
		条件成立(当前时间：2021-08-11 10:33:24.008,条件时段：09:30:00-13:00:00)
	结果：达到要求
===2021-08-11 10:33:24.722===
===2021-08-11 10:33:25.098===
股票：601139多头向上判断-转自动参数：
	分组名称：2
	走势名称：多头向上
	结果：未满足，返回code：0
===2021-08-11 10:33:25.098===
满足所有条件，可以触发


===============================================

==============2021-08-11 10:34:58==============
===6开始执行条件2021-08-11 10:34:57.420===
===开始判断价格条件2021-08-11 10:34:57.420===
===开始判断额外/转自动条件2021-08-11 10:34:57.605===
===2021-08-11 10:34:57.739===
股票：601139指定时间段判断-额外参数：
	分组名称：1
	走势名称：时间段
		条件成立(当前时间：2021-08-11 10:34:57.420,条件时段：09:30:00-13:00:00)
	结果：达到要求
===2021-08-11 10:34:57.854===
===2021-08-11 10:34:58.025===
股票：601139多头向上判断-转自动参数：
	分组名称：2
	走势名称：多头向上
	结果：未满足，返回code：0
===2021-08-11 10:34:58.033===
满足所有条件，可以触发


===============================================

==============2021-08-11 10:35:06==============
===6开始执行条件2021-08-11 10:35:06.044===
===开始判断价格条件2021-08-11 10:35:06.044===
===开始判断额外/转自动条件2021-08-11 10:35:06.187===
===2021-08-11 10:35:06.372===
股票：601139指定时间段判断-额外参数：
	分组名称：1
	走势名称：时间段
		条件成立(当前时间：2021-08-11 10:35:06.043,条件时段：09:30:00-13:00:00)
	结果：达到要求
===2021-08-11 10:35:06.537===
===2021-08-11 10:35:06.698===
股票：601139多头向上判断-转自动参数：
	分组名称：2
	走势名称：多头向上
	结果：未满足，返回code：0
===2021-08-11 10:35:06.698===
满足所有条件，可以触发


===============================================

==============2021-08-11 10:35:17==============
===6开始执行条件2021-08-11 10:35:16.321===
===开始判断价格条件2021-08-11 10:35:16.321===
===开始判断额外/转自动条件2021-08-11 10:35:16.518===
===2021-08-11 10:35:16.755===
股票：601139指定时间段判断-额外参数：
	分组名称：1
	走势名称：时间段
		条件成立(当前时间：2021-08-11 10:35:16.321,条件时段：09:30:00-13:00:00)
	结果：达到要求
===2021-08-11 10:35:17.071===
===2021-08-11 10:35:17.760===
股票：601139多头向上判断-转自动参数：
	分组名称：2
	走势名称：多头向上
	结果：未满足，返回code：0
===2021-08-11 10:35:17.789===
满足所有条件，可以触发


===============================================

==============2021-08-11 10:35:31==============
===6开始执行条件2021-08-11 10:35:29.187===
===开始判断价格条件2021-08-11 10:35:29.187===
===开始判断额外/转自动条件2021-08-11 10:35:30.023===
===2021-08-11 10:35:30.332===
股票：601139指定时间段判断-额外参数：
	分组名称：1
	走势名称：时间段
		条件成立(当前时间：2021-08-11 10:35:29.186,条件时段：09:30:00-13:00:00)
	结果：达到要求
===2021-08-11 10:35:30.685===
===2021-08-11 10:35:31.454===
股票：601139多头向上判断-转自动参数：
	分组名称：2
	走势名称：多头向上
	结果：未满足，返回code：0
===2021-08-11 10:35:31.454===
满足所有条件，可以触发


===============================================

==============2021-08-11 10:36:10==============
===6开始执行条件2021-08-11 10:35:54.656===
===开始判断价格条件2021-08-11 10:35:54.656===
===开始判断额外/转自动条件2021-08-11 10:36:03.820===
===2021-08-11 10:36:09.385===
股票：601139指定时间段判断-额外参数：
	分组名称：1
	走势名称：时间段
		条件成立(当前时间：2021-08-11 10:35:54.656,条件时段：09:30:00-13:00:00)
	结果：达到要求
===2021-08-11 10:36:10.400===
===2021-08-11 10:36:10.901===
股票：601139多头向上判断-转自动参数：
	分组名称：2
	走势名称：多头向上
	结果：未满足，返回code：0
===2021-08-11 10:36:10.901===
满足所有条件，可以触发


===============================================

==============2021-08-11 10:36:29==============
===6开始执行条件2021-08-11 10:36:25.560===
===开始判断价格条件2021-08-11 10:36:25.560===
===开始判断额外/转自动条件2021-08-11 10:36:26.906===
===2021-08-11 10:36:27.573===
股票：601139指定时间段判断-额外参数：
	分组名称：1
	走势名称：时间段
		条件成立(当前时间：2021-08-11 10:36:25.560,条件时段：09:30:00-13:00:00)
	结果：达到要求
===2021-08-11 10:36:28.080===
===2021-08-11 10:36:29.121===
股票：601139多头向上判断-转自动参数：
	分组名称：2
	走势名称：多头向上
	结果：未满足，返回code：0
===2021-08-11 10:36:29.121===
满足所有条件，可以触发


===============================================

==============2021-08-11 10:37:03==============
===6开始执行条件2021-08-11 10:37:01.804===
===开始判断价格条件2021-08-11 10:37:01.804===
===开始判断额外/转自动条件2021-08-11 10:37:02.788===
===2021-08-11 10:37:03.252===
股票：601139指定时间段判断-额外参数：
	分组名称：1
	走势名称：时间段
		条件成立(当前时间：2021-08-11 10:37:01.804,条件时段：09:30:00-13:00:00)
	结果：达到要求
===2021-08-11 10:37:03.452===
===2021-08-11 10:37:03.767===
股票：601139多头向上判断-转自动参数：
	分组名称：2
	走势名称：多头向上
	结果：未满足，返回code：0
===2021-08-11 10:37:03.767===
满足所有条件，可以触发


===============================================

