==============2021-08-10 17:41:19==============
===6开始执行条件2021-08-10 17:41:18.861===
===开始判断价格条件2021-08-10 17:41:18.861===
===开始判断额外/转自动条件2021-08-10 17:41:18.942===
===2021-08-10 17:41:19.278===
股票：601139指定时间段判断-额外参数：
	分组名称：1
	走势名称：时间段
		条件不成立(当前时间：2021-08-10 17:41:18.861,条件时段：09:30:00-13:00:00)
	结果：未满足
===2021-08-10 17:41:19.278===
===2021-08-10 17:41:19.374===
股票：601139板块涨跌幅判断-额外参数：
	分组名称：1
	走势名称：发
		条件不成立(不符合板块涨跌幅条件)
	结果：未满足，返回code：-1
===2021-08-10 17:41:19.846===
额外条件未满足


===============================================

==============2021-08-10 17:42:02==============
===6开始执行条件2021-08-10 17:41:57.629===
===开始判断价格条件2021-08-10 17:41:57.629===
===开始判断额外/转自动条件2021-08-10 17:41:59.111===
===2021-08-10 17:42:00.258===
股票：601139指定时间段判断-额外参数：
	分组名称：1
	走势名称：时间段
		条件不成立(当前时间：2021-08-10 17:41:57.628,条件时段：09:30:00-13:00:00)
	结果：未满足
===2021-08-10 17:42:00.258===
===2021-08-10 17:42:00.451===
股票：601139板块涨跌幅判断-额外参数：
	分组名称：1
	走势名称：发
		条件不成立(不符合板块涨跌幅条件)
	结果：未满足，返回code：-1
===2021-08-10 17:42:02.039===
额外条件未满足


===============================================

==============2021-08-10 17:44:10==============
===6开始执行条件2021-08-10 17:44:09.125===
===开始判断价格条件2021-08-10 17:44:09.125===
===开始判断额外/转自动条件2021-08-10 17:44:09.373===
===2021-08-10 17:44:09.421===
股票：601139指定时间段判断-额外参数：
	分组名称：1
	走势名称：时间段
		条件不成立(当前时间：2021-08-10 17:44:09.125,条件时段：09:30:00-13:00:00)
	结果：未满足
===2021-08-10 17:44:09.421===
===2021-08-10 17:44:09.495===
股票：601139板块涨跌幅判断-额外参数：
	分组名称：1
	走势名称：发
		条件不成立(不符合板块涨跌幅条件)
	结果：未满足，返回code：-1
===2021-08-10 17:44:10.130===
额外条件未满足


===============================================

==============2021-08-10 17:47:24==============
===6开始执行条件2021-08-10 17:47:24.038===
===开始判断价格条件2021-08-10 17:47:24.038===
===开始判断额外/转自动条件2021-08-10 17:47:24.226===
===2021-08-10 17:47:24.371===
股票：601139指定时间段判断-额外参数：
	分组名称：1
	走势名称：时间段
		条件不成立(当前时间：2021-08-10 17:47:24.038,条件时段：09:30:00-13:00:00)
	结果：未满足
===2021-08-10 17:47:24.372===
===2021-08-10 17:47:24.564===
股票：601139板块涨跌幅判断-额外参数：
	分组名称：1
	走势名称：发
		条件不成立(不符合板块涨跌幅条件)
	结果：未满足，返回code：-1
===2021-08-10 17:47:24.941===
额外条件未满足


===============================================

==============2021-08-10 17:47:39==============
===6开始执行条件2021-08-10 17:47:35.610===
===开始判断价格条件2021-08-10 17:47:35.610===
===开始判断额外/转自动条件2021-08-10 17:47:36.450===
===2021-08-10 17:47:37.098===
股票：601139指定时间段判断-额外参数：
	分组名称：1
	走势名称：时间段
		条件不成立(当前时间：2021-08-10 17:47:35.610,条件时段：09:30:00-13:00:00)
	结果：未满足
===2021-08-10 17:47:37.099===
===2021-08-10 17:47:37.280===
股票：601139板块涨跌幅判断-额外参数：
	分组名称：1
	走势名称：发
		条件不成立(不符合板块涨跌幅条件)
	结果：未满足，返回code：-1
===2021-08-10 17:47:39.798===
额外条件未满足


===============================================

==============2021-08-10 17:47:57==============
===6开始执行条件2021-08-10 17:47:52.627===
===开始判断价格条件2021-08-10 17:47:52.627===
===开始判断额外/转自动条件2021-08-10 17:47:53.996===
===2021-08-10 17:47:54.566===
股票：601139指定时间段判断-额外参数：
	分组名称：1
	走势名称：时间段
		条件不成立(当前时间：2021-08-10 17:47:52.627,条件时段：09:30:00-13:00:00)
	结果：未满足
===2021-08-10 17:47:54.566===
===2021-08-10 17:47:55.160===
股票：601139板块涨跌幅判断-额外参数：
	分组名称：1
	走势名称：发
		条件不成立(不符合板块涨跌幅条件)
	结果：未满足，返回code：-1
===2021-08-10 17:47:57.233===
额外条件未满足


===============================================

==============2021-08-10 17:49:04==============
===6开始执行条件2021-08-10 17:49:04.163===
===开始判断价格条件2021-08-10 17:49:04.163===
===开始判断额外/转自动条件2021-08-10 17:49:04.250===
===2021-08-10 17:49:04.300===
股票：601139指定时间段判断-额外参数：
	分组名称：1
	走势名称：时间段
		条件不成立(当前时间：2021-08-10 17:49:04.163,条件时段：09:30:00-13:00:00)
	结果：未满足
===2021-08-10 17:49:04.300===
===2021-08-10 17:49:04.363===
股票：601139板块涨跌幅判断-额外参数：
	分组名称：1
	走势名称：发
		条件不成立(不符合板块涨跌幅条件)
	结果：未满足，返回code：-1
===2021-08-10 17:49:04.679===
额外条件未满足


===============================================

==============2021-08-10 17:49:24==============
===6开始执行条件2021-08-10 17:49:20.516===
===开始判断价格条件2021-08-10 17:49:20.516===
===开始判断额外/转自动条件2021-08-10 17:49:21.237===
===2021-08-10 17:49:22.089===
股票：601139指定时间段判断-额外参数：
	分组名称：1
	走势名称：时间段
		条件不成立(当前时间：2021-08-10 17:49:20.516,条件时段：09:30:00-13:00:00)
	结果：未满足
===2021-08-10 17:49:22.089===
===2021-08-10 17:49:22.269===
股票：601139板块涨跌幅判断-额外参数：
	分组名称：1
	走势名称：发
		条件不成立(不符合板块涨跌幅条件)
	结果：未满足，返回code：-1
===2021-08-10 17:49:24.204===
额外条件未满足


===============================================

==============2021-08-10 17:50:12==============
===6开始执行条件2021-08-10 17:50:12.353===
===开始判断价格条件2021-08-10 17:50:12.353===
===开始判断额外/转自动条件2021-08-10 17:50:12.553===
===2021-08-10 17:50:12.615===
股票：601139指定时间段判断-额外参数：
	分组名称：1
	走势名称：时间段
		条件不成立(当前时间：2021-08-10 17:50:12.353,条件时段：09:30:00-13:00:00)
	结果：未满足
===2021-08-10 17:50:12.615===
===2021-08-10 17:50:12.638===
股票：601139板块涨跌幅判断-额外参数：
	分组名称：1
	走势名称：发
		条件不成立(不符合板块涨跌幅条件)
	结果：未满足，返回code：-1
===2021-08-10 17:50:12.980===
额外条件未满足


===============================================

==============2021-08-10 17:51:25==============
===6开始执行条件2021-08-10 17:51:21.158===
===开始判断价格条件2021-08-10 17:51:21.158===
===开始判断额外/转自动条件2021-08-10 17:51:22.907===
===2021-08-10 17:51:23.298===
股票：601139指定时间段判断-额外参数：
	分组名称：1
	走势名称：时间段
		条件不成立(当前时间：2021-08-10 17:51:21.157,条件时段：09:30:00-13:00:00)
	结果：未满足
===2021-08-10 17:51:23.298===
===2021-08-10 17:51:23.639===
股票：601139板块涨跌幅判断-额外参数：
	分组名称：1
	走势名称：发
		条件不成立(不符合板块涨跌幅条件)
	结果：未满足，返回code：-1
===2021-08-10 17:51:25.331===
额外条件未满足


===============================================

==============2021-08-10 17:52:13==============
===6开始执行条件2021-08-10 17:52:08.670===
===开始判断价格条件2021-08-10 17:52:08.670===
===开始判断额外/转自动条件2021-08-10 17:52:09.564===
===2021-08-10 17:52:09.954===
股票：601139指定时间段判断-额外参数：
	分组名称：1
	走势名称：时间段
		条件不成立(当前时间：2021-08-10 17:52:08.665,条件时段：09:30:00-13:00:00)
	结果：未满足
===2021-08-10 17:52:09.954===
===2021-08-10 17:52:10.081===
股票：601139板块涨跌幅判断-额外参数：
	分组名称：1
	走势名称：发
		条件不成立(不符合板块涨跌幅条件)
	结果：未满足，返回code：-1
===2021-08-10 17:52:13.329===
额外条件未满足


===============================================

==============2021-08-10 17:52:33==============
===6开始执行条件2021-08-10 17:52:27.392===
===开始判断价格条件2021-08-10 17:52:27.392===
===开始判断额外/转自动条件2021-08-10 17:52:29.186===
===2021-08-10 17:52:32.806===
股票：601139指定时间段判断-额外参数：
	分组名称：1
	走势名称：时间段
		条件不成立(当前时间：2021-08-10 17:52:27.392,条件时段：09:30:00-13:00:00)
	结果：未满足
===2021-08-10 17:52:32.806===
===2021-08-10 17:52:33.124===
股票：601139板块涨跌幅判断-额外参数：
	分组名称：1
	走势名称：发
		条件不成立(不符合板块涨跌幅条件)
	结果：未满足，返回code：-1
===2021-08-10 17:52:33.765===
额外条件未满足


===============================================

==============2021-08-10 17:52:48==============
===6开始执行条件2021-08-10 17:52:45.675===
===开始判断价格条件2021-08-10 17:52:45.675===
===开始判断额外/转自动条件2021-08-10 17:52:46.566===
===2021-08-10 17:52:46.680===
股票：601139指定时间段判断-额外参数：
	分组名称：1
	走势名称：时间段
		条件不成立(当前时间：2021-08-10 17:52:45.675,条件时段：09:30:00-13:00:00)
	结果：未满足
===2021-08-10 17:52:46.680===
===2021-08-10 17:52:46.857===
股票：601139板块涨跌幅判断-额外参数：
	分组名称：1
	走势名称：发
		条件不成立(不符合板块涨跌幅条件)
	结果：未满足，返回code：-1
===2021-08-10 17:52:48.944===
额外条件未满足


===============================================

==============2021-08-10 17:53:17==============
===6开始执行条件2021-08-10 17:53:15.068===
===开始判断价格条件2021-08-10 17:53:15.068===
===开始判断额外/转自动条件2021-08-10 17:53:15.883===
===2021-08-10 17:53:16.147===
股票：601139指定时间段判断-额外参数：
	分组名称：1
	走势名称：时间段
		条件不成立(当前时间：2021-08-10 17:53:15.067,条件时段：09:30:00-13:00:00)
	结果：未满足
===2021-08-10 17:53:16.147===
===2021-08-10 17:53:16.331===
股票：601139板块涨跌幅判断-额外参数：
	分组名称：1
	走势名称：发
		条件不成立(不符合板块涨跌幅条件)
	结果：未满足，返回code：-1
===2021-08-10 17:53:17.692===
额外条件未满足


===============================================

==============2021-08-10 17:53:35==============
===6开始执行条件2021-08-10 17:53:33.243===
===开始判断价格条件2021-08-10 17:53:33.243===
===开始判断额外/转自动条件2021-08-10 17:53:34.279===
===2021-08-10 17:53:34.714===
股票：601139指定时间段判断-额外参数：
	分组名称：1
	走势名称：时间段
		条件不成立(当前时间：2021-08-10 17:53:33.243,条件时段：09:30:00-13:00:00)
	结果：未满足
===2021-08-10 17:53:34.714===
===2021-08-10 17:53:34.740===
股票：601139板块涨跌幅判断-额外参数：
	分组名称：1
	走势名称：发
		条件不成立(不符合板块涨跌幅条件)
	结果：未满足，返回code：-1
===2021-08-10 17:53:35.190===
额外条件未满足


===============================================

==============2021-08-10 17:53:48==============
===6开始执行条件2021-08-10 17:53:45.401===
===开始判断价格条件2021-08-10 17:53:45.401===
===开始判断额外/转自动条件2021-08-10 17:53:46.109===
===2021-08-10 17:53:46.968===
股票：601139指定时间段判断-额外参数：
	分组名称：1
	走势名称：时间段
		条件不成立(当前时间：2021-08-10 17:53:45.400,条件时段：09:30:00-13:00:00)
	结果：未满足
===2021-08-10 17:53:46.968===
===2021-08-10 17:53:47.108===
股票：601139板块涨跌幅判断-额外参数：
	分组名称：1
	走势名称：发
		条件不成立(不符合板块涨跌幅条件)
	结果：未满足，返回code：-1
===2021-08-10 17:53:48.821===
额外条件未满足


===============================================

==============2021-08-10 17:54:03==============
===6开始执行条件2021-08-10 17:54:02.305===
===开始判断价格条件2021-08-10 17:54:02.305===
===开始判断额外/转自动条件2021-08-10 17:54:02.378===
===2021-08-10 17:54:02.430===
股票：601139指定时间段判断-额外参数：
	分组名称：1
	走势名称：时间段
		条件不成立(当前时间：2021-08-10 17:54:02.305,条件时段：09:30:00-13:00:00)
	结果：未满足
===2021-08-10 17:54:02.430===
===2021-08-10 17:54:02.497===
股票：601139板块涨跌幅判断-额外参数：
	分组名称：1
	走势名称：发
		条件不成立(不符合板块涨跌幅条件)
	结果：未满足，返回code：-1
===2021-08-10 17:54:03.145===
额外条件未满足


===============================================

==============2021-08-10 17:54:19==============
===6开始执行条件2021-08-10 17:54:18.461===
===开始判断价格条件2021-08-10 17:54:18.461===
===开始判断额外/转自动条件2021-08-10 17:54:18.713===
===2021-08-10 17:54:18.856===
股票：601139指定时间段判断-额外参数：
	分组名称：1
	走势名称：时间段
		条件不成立(当前时间：2021-08-10 17:54:18.460,条件时段：09:30:00-13:00:00)
	结果：未满足
===2021-08-10 17:54:18.856===
===2021-08-10 17:54:18.904===
股票：601139板块涨跌幅判断-额外参数：
	分组名称：1
	走势名称：发
		条件不成立(不符合板块涨跌幅条件)
	结果：未满足，返回code：-1
===2021-08-10 17:54:19.733===
额外条件未满足


===============================================

