==============2021-08-06 14:26:45==============
===6开始执行条件2021-08-06 14:26:42.378===
===开始判断价格条件2021-08-06 14:26:42.378===
===开始判断额外/转自动条件2021-08-06 14:26:42.546===
===2021-08-06 14:26:42.698===
股票：601139指定时间段判断-额外参数：
	分组名称：1
	走势名称：时间段
		条件不成立(当前时间：2021-08-06 14:26:42.378,条件时段：09:30:00-13:00:00)
	结果：未满足
===2021-08-06 14:26:42.698===
===2021-08-06 14:26:43.009===
股票：601139板块涨跌幅判断-额外参数：
	分组名称：1
	走势名称：发
		条件不成立(不符合板块涨跌幅条件)
	结果：未满足，返回code：-1
===2021-08-06 14:26:45.232===
额外条件未满足


===============================================

==============2021-08-06 14:26:59==============
===6开始执行条件2021-08-06 14:26:55.445===
===开始判断价格条件2021-08-06 14:26:55.445===
===开始判断额外/转自动条件2021-08-06 14:26:56.179===
===2021-08-06 14:26:56.616===
股票：601139指定时间段判断-额外参数：
	分组名称：1
	走势名称：时间段
		条件不成立(当前时间：2021-08-06 14:26:55.445,条件时段：09:30:00-13:00:00)
	结果：未满足
===2021-08-06 14:26:56.616===
===2021-08-06 14:26:57.016===
股票：601139板块涨跌幅判断-额外参数：
	分组名称：1
	走势名称：发
		条件不成立(不符合板块涨跌幅条件)
	结果：未满足，返回code：-1
===2021-08-06 14:26:59.496===
额外条件未满足


===============================================

==============2021-08-06 14:29:23==============
===6开始执行条件2021-08-06 14:29:20.361===
===开始判断价格条件2021-08-06 14:29:20.361===
===开始判断额外/转自动条件2021-08-06 14:29:21.018===
===2021-08-06 14:29:21.481===
股票：601139指定时间段判断-额外参数：
	分组名称：1
	走势名称：时间段
		条件不成立(当前时间：2021-08-06 14:29:20.361,条件时段：09:30:00-13:00:00)
	结果：未满足
===2021-08-06 14:29:21.481===
===2021-08-06 14:29:21.531===
股票：601139板块涨跌幅判断-额外参数：
	分组名称：1
	走势名称：发
		条件不成立(不符合板块涨跌幅条件)
	结果：未满足，返回code：-1
===2021-08-06 14:29:23.038===
额外条件未满足


===============================================

==============2021-08-06 14:41:21==============
===6开始执行条件2021-08-06 14:41:20.466===
===开始判断价格条件2021-08-06 14:41:20.466===
===开始判断额外/转自动条件2021-08-06 14:41:20.601===
===2021-08-06 14:41:20.984===
股票：601139指定时间段判断-额外参数：
	分组名称：1
	走势名称：时间段
		条件不成立(当前时间：2021-08-06 14:41:20.465,条件时段：09:30:00-13:00:00)
	结果：未满足
===2021-08-06 14:41:20.984===
===2021-08-06 14:41:21.097===
股票：601139板块涨跌幅判断-额外参数：
	分组名称：1
	走势名称：发
		条件不成立(不符合板块涨跌幅条件)
	结果：未满足，返回code：-1
===2021-08-06 14:41:21.618===
额外条件未满足


===============================================

==============2021-08-06 14:43:19==============
===6开始执行条件2021-08-06 14:43:15.099===
===开始判断价格条件2021-08-06 14:43:15.099===
===开始判断额外/转自动条件2021-08-06 14:43:16.240===
===2021-08-06 14:43:16.894===
股票：601139指定时间段判断-额外参数：
	分组名称：1
	走势名称：时间段
		条件不成立(当前时间：2021-08-06 14:43:15.075,条件时段：09:30:00-13:00:00)
	结果：未满足
===2021-08-06 14:43:16.894===
===2021-08-06 14:43:17.072===
股票：601139板块涨跌幅判断-额外参数：
	分组名称：1
	走势名称：发
		条件不成立(不符合板块涨跌幅条件)
	结果：未满足，返回code：-1
===2021-08-06 14:43:19.806===
额外条件未满足


===============================================

==============2021-08-06 15:12:50==============
===6开始执行条件2021-08-06 15:12:49.903===
===开始判断价格条件2021-08-06 15:12:49.903===
===开始判断额外/转自动条件2021-08-06 15:12:50.062===
===2021-08-06 15:12:50.451===
股票：601139指定时间段判断-额外参数：
	分组名称：1
	走势名称：时间段
		条件不成立(当前时间：2021-08-06 15:12:49.855,条件时段：09:30:00-13:00:00)
	结果：未满足
===2021-08-06 15:12:50.452===
===2021-08-06 15:12:50.512===
股票：601139板块涨跌幅判断-额外参数：
	分组名称：1
	走势名称：发
		条件不成立(不符合板块涨跌幅条件)
	结果：未满足，返回code：-1
===2021-08-06 15:12:50.988===
额外条件未满足


===============================================

==============2021-08-06 15:14:10==============
===6开始执行条件2021-08-06 15:14:08.358===
===开始判断价格条件2021-08-06 15:14:08.358===
===开始判断额外/转自动条件2021-08-06 15:14:08.637===
===2021-08-06 15:14:08.687===
股票：601139指定时间段判断-额外参数：
	分组名称：1
	走势名称：时间段
		条件不成立(当前时间：2021-08-06 15:14:08.342,条件时段：09:30:00-13:00:00)
	结果：未满足
===2021-08-06 15:14:08.693===
===2021-08-06 15:14:08.713===
股票：601139板块涨跌幅判断-额外参数：
	分组名称：1
	走势名称：发
		条件不成立(不符合板块涨跌幅条件)
	结果：未满足，返回code：-1
===2021-08-06 15:14:10.109===
额外条件未满足


===============================================

==============2021-08-06 15:28:38==============
===6开始执行条件2021-08-06 15:28:34.385===
===开始判断价格条件2021-08-06 15:28:34.385===
===开始判断额外/转自动条件2021-08-06 15:28:35.168===
===2021-08-06 15:28:35.827===
股票：601139指定时间段判断-额外参数：
	分组名称：1
	走势名称：时间段
		条件不成立(当前时间：2021-08-06 15:28:34.384,条件时段：09:30:00-13:00:00)
	结果：未满足
===2021-08-06 15:28:35.827===
===2021-08-06 15:28:36.038===
股票：601139板块涨跌幅判断-额外参数：
	分组名称：1
	走势名称：发
		条件不成立(不符合板块涨跌幅条件)
	结果：未满足，返回code：-1
===2021-08-06 15:28:38.214===
额外条件未满足


===============================================

==============2021-08-06 15:28:56==============
===6开始执行条件2021-08-06 15:28:53.501===
===开始判断价格条件2021-08-06 15:28:53.501===
===开始判断额外/转自动条件2021-08-06 15:28:54.532===
===2021-08-06 15:28:55.173===
股票：601139指定时间段判断-额外参数：
	分组名称：1
	走势名称：时间段
		条件不成立(当前时间：2021-08-06 15:28:53.501,条件时段：09:30:00-13:00:00)
	结果：未满足
===2021-08-06 15:28:55.218===
===2021-08-06 15:28:55.425===
股票：601139板块涨跌幅判断-额外参数：
	分组名称：1
	走势名称：发
		条件不成立(不符合板块涨跌幅条件)
	结果：未满足，返回code：-1
===2021-08-06 15:28:56.100===
额外条件未满足


===============================================

==============2021-08-06 15:30:04==============
===6开始执行条件2021-08-06 15:30:03.611===
===开始判断价格条件2021-08-06 15:30:03.611===
===开始判断额外/转自动条件2021-08-06 15:30:03.831===
===2021-08-06 15:30:03.902===
股票：601139指定时间段判断-额外参数：
	分组名称：1
	走势名称：时间段
		条件不成立(当前时间：2021-08-06 15:30:03.610,条件时段：09:30:00-13:00:00)
	结果：未满足
===2021-08-06 15:30:03.902===
===2021-08-06 15:30:03.918===
股票：601139板块涨跌幅判断-额外参数：
	分组名称：1
	走势名称：发
		条件不成立(不符合板块涨跌幅条件)
	结果：未满足，返回code：-1
===2021-08-06 15:30:04.449===
额外条件未满足


===============================================

==============2021-08-06 15:30:25==============
===6开始执行条件2021-08-06 15:30:21.919===
===开始判断价格条件2021-08-06 15:30:21.919===
===开始判断额外/转自动条件2021-08-06 15:30:22.870===
===2021-08-06 15:30:23.439===
股票：601139指定时间段判断-额外参数：
	分组名称：1
	走势名称：时间段
		条件不成立(当前时间：2021-08-06 15:30:21.918,条件时段：09:30:00-13:00:00)
	结果：未满足
===2021-08-06 15:30:23.439===
===2021-08-06 15:30:23.910===
股票：601139板块涨跌幅判断-额外参数：
	分组名称：1
	走势名称：发
		条件不成立(不符合板块涨跌幅条件)
	结果：未满足，返回code：-1
===2021-08-06 15:30:25.980===
额外条件未满足


===============================================

==============2021-08-06 15:30:42==============
===6开始执行条件2021-08-06 15:30:42.118===
===开始判断价格条件2021-08-06 15:30:42.118===
===开始判断额外/转自动条件2021-08-06 15:30:42.191===
===2021-08-06 15:30:42.232===
股票：601139指定时间段判断-额外参数：
	分组名称：1
	走势名称：时间段
		条件不成立(当前时间：2021-08-06 15:30:42.117,条件时段：09:30:00-13:00:00)
	结果：未满足
===2021-08-06 15:30:42.232===
===2021-08-06 15:30:42.250===
股票：601139板块涨跌幅判断-额外参数：
	分组名称：1
	走势名称：发
		条件不成立(不符合板块涨跌幅条件)
	结果：未满足，返回code：-1
===2021-08-06 15:30:42.510===
额外条件未满足


===============================================

==============2021-08-06 15:31:04==============
===6开始执行条件2021-08-06 15:31:00.634===
===开始判断价格条件2021-08-06 15:31:00.634===
===开始判断额外/转自动条件2021-08-06 15:31:01.675===
===2021-08-06 15:31:03.246===
股票：601139指定时间段判断-额外参数：
	分组名称：1
	走势名称：时间段
		条件不成立(当前时间：2021-08-06 15:31:00.634,条件时段：09:30:00-13:00:00)
	结果：未满足
===2021-08-06 15:31:03.246===
===2021-08-06 15:31:03.562===
股票：601139板块涨跌幅判断-额外参数：
	分组名称：1
	走势名称：发
		条件不成立(不符合板块涨跌幅条件)
	结果：未满足，返回code：-1
===2021-08-06 15:31:04.983===
额外条件未满足


===============================================

==============2021-08-06 15:31:18==============
===6开始执行条件2021-08-06 15:31:17.935===
===开始判断价格条件2021-08-06 15:31:17.935===
===开始判断额外/转自动条件2021-08-06 15:31:18.001===
===2021-08-06 15:31:18.041===
股票：601139指定时间段判断-额外参数：
	分组名称：1
	走势名称：时间段
		条件不成立(当前时间：2021-08-06 15:31:17.935,条件时段：09:30:00-13:00:00)
	结果：未满足
===2021-08-06 15:31:18.041===
===2021-08-06 15:31:18.061===
股票：601139板块涨跌幅判断-额外参数：
	分组名称：1
	走势名称：发
		条件不成立(不符合板块涨跌幅条件)
	结果：未满足，返回code：-1
===2021-08-06 15:31:18.680===
额外条件未满足


===============================================

==============2021-08-06 15:31:40==============
===6开始执行条件2021-08-06 15:31:37.391===
===开始判断价格条件2021-08-06 15:31:37.391===
===开始判断额外/转自动条件2021-08-06 15:31:38.155===
===2021-08-06 15:31:38.300===
股票：601139指定时间段判断-额外参数：
	分组名称：1
	走势名称：时间段
		条件不成立(当前时间：2021-08-06 15:31:37.391,条件时段：09:30:00-13:00:00)
	结果：未满足
===2021-08-06 15:31:38.300===
===2021-08-06 15:31:38.373===
股票：601139板块涨跌幅判断-额外参数：
	分组名称：1
	走势名称：发
		条件不成立(不符合板块涨跌幅条件)
	结果：未满足，返回code：-1
===2021-08-06 15:31:40.790===
额外条件未满足


===============================================

==============2021-08-06 15:32:00==============
===6开始执行条件2021-08-06 15:31:55.770===
===开始判断价格条件2021-08-06 15:31:55.770===
===开始判断额外/转自动条件2021-08-06 15:31:56.814===
===2021-08-06 15:31:57.500===
股票：601139指定时间段判断-额外参数：
	分组名称：1
	走势名称：时间段
		条件不成立(当前时间：2021-08-06 15:31:55.770,条件时段：09:30:00-13:00:00)
	结果：未满足
===2021-08-06 15:31:57.500===
===2021-08-06 15:31:58.282===
股票：601139板块涨跌幅判断-额外参数：
	分组名称：1
	走势名称：发
		条件不成立(不符合板块涨跌幅条件)
	结果：未满足，返回code：-1
===2021-08-06 15:32:00.236===
额外条件未满足


===============================================

==============2021-08-06 15:32:43==============
===6开始执行条件2021-08-06 15:32:42.703===
===开始判断价格条件2021-08-06 15:32:42.703===
===开始判断额外/转自动条件2021-08-06 15:32:42.768===
===2021-08-06 15:32:42.810===
股票：601139指定时间段判断-额外参数：
	分组名称：1
	走势名称：时间段
		条件不成立(当前时间：2021-08-06 15:32:42.702,条件时段：09:30:00-13:00:00)
	结果：未满足
===2021-08-06 15:32:42.810===
===2021-08-06 15:32:42.830===
股票：601139板块涨跌幅判断-额外参数：
	分组名称：1
	走势名称：发
		条件不成立(不符合板块涨跌幅条件)
	结果：未满足，返回code：-1
===2021-08-06 15:32:43.303===
额外条件未满足


===============================================

==============2021-08-06 15:38:36==============
===6开始执行条件2021-08-06 15:38:34.875===
===开始判断价格条件2021-08-06 15:38:34.875===
===开始判断额外/转自动条件2021-08-06 15:38:35.047===
===2021-08-06 15:38:35.359===
股票：601139指定时间段判断-额外参数：
	分组名称：1
	走势名称：时间段
		条件不成立(当前时间：2021-08-06 15:38:34.874,条件时段：09:30:00-13:00:00)
	结果：未满足
===2021-08-06 15:38:35.359===
===2021-08-06 15:38:35.426===
股票：601139板块涨跌幅判断-额外参数：
	分组名称：1
	走势名称：发
		条件不成立(不符合板块涨跌幅条件)
	结果：未满足，返回code：-1
===2021-08-06 15:38:36.283===
额外条件未满足


===============================================

==============2021-08-06 17:04:53==============
===6开始执行条件2021-08-06 17:04:51.706===
===开始判断价格条件2021-08-06 17:04:51.706===
===开始判断额外/转自动条件2021-08-06 17:04:52.334===
===2021-08-06 17:04:52.574===
股票：601139指定时间段判断-额外参数：
	分组名称：1
	走势名称：时间段
		条件不成立(当前时间：2021-08-06 17:04:51.706,条件时段：09:30:00-13:00:00)
	结果：未满足
===2021-08-06 17:04:52.574===
===2021-08-06 17:04:52.613===
股票：601139板块涨跌幅判断-额外参数：
	分组名称：1
	走势名称：发
		条件不成立(不符合板块涨跌幅条件)
	结果：未满足，返回code：-1
===2021-08-06 17:04:53.125===
额外条件未满足


===============================================

==============2021-08-06 17:05:17==============
===6开始执行条件2021-08-06 17:05:14.942===
===开始判断价格条件2021-08-06 17:05:14.942===
===开始判断额外/转自动条件2021-08-06 17:05:15.336===
===2021-08-06 17:05:15.568===
股票：601139指定时间段判断-额外参数：
	分组名称：1
	走势名称：时间段
		条件不成立(当前时间：2021-08-06 17:05:14.941,条件时段：09:30:00-13:00:00)
	结果：未满足
===2021-08-06 17:05:15.568===
===2021-08-06 17:05:15.672===
股票：601139板块涨跌幅判断-额外参数：
	分组名称：1
	走势名称：发
		条件不成立(不符合板块涨跌幅条件)
	结果：未满足，返回code：-1
===2021-08-06 17:05:17.153===
额外条件未满足


===============================================

==============2021-08-06 17:05:32==============
===6开始执行条件2021-08-06 17:05:30.925===
===开始判断价格条件2021-08-06 17:05:30.925===
===开始判断额外/转自动条件2021-08-06 17:05:31.062===
===2021-08-06 17:05:31.360===
股票：601139指定时间段判断-额外参数：
	分组名称：1
	走势名称：时间段
		条件不成立(当前时间：2021-08-06 17:05:30.922,条件时段：09:30:00-13:00:00)
	结果：未满足
===2021-08-06 17:05:31.360===
===2021-08-06 17:05:31.744===
股票：601139板块涨跌幅判断-额外参数：
	分组名称：1
	走势名称：发
		条件不成立(不符合板块涨跌幅条件)
	结果：未满足，返回code：-1
===2021-08-06 17:05:32.635===
额外条件未满足


===============================================

==============2021-08-06 17:05:54==============
===6开始执行条件2021-08-06 17:05:52.462===
===开始判断价格条件2021-08-06 17:05:52.462===
===开始判断额外/转自动条件2021-08-06 17:05:52.893===
===2021-08-06 17:05:53.189===
股票：601139指定时间段判断-额外参数：
	分组名称：1
	走势名称：时间段
		条件不成立(当前时间：2021-08-06 17:05:52.462,条件时段：09:30:00-13:00:00)
	结果：未满足
===2021-08-06 17:05:53.189===
===2021-08-06 17:05:53.257===
股票：601139板块涨跌幅判断-额外参数：
	分组名称：1
	走势名称：发
		条件不成立(不符合板块涨跌幅条件)
	结果：未满足，返回code：-1
===2021-08-06 17:05:54.262===
额外条件未满足


===============================================

==============2021-08-06 17:06:24==============
===6开始执行条件2021-08-06 17:06:18.217===
===开始判断价格条件2021-08-06 17:06:18.217===
===开始判断额外/转自动条件2021-08-06 17:06:19.450===
===2021-08-06 17:06:20.544===
股票：601139指定时间段判断-额外参数：
	分组名称：1
	走势名称：时间段
		条件不成立(当前时间：2021-08-06 17:06:18.217,条件时段：09:30:00-13:00:00)
	结果：未满足
===2021-08-06 17:06:20.544===
===2021-08-06 17:06:21.637===
股票：601139板块涨跌幅判断-额外参数：
	分组名称：1
	走势名称：发
		条件不成立(不符合板块涨跌幅条件)
	结果：未满足，返回code：-1
===2021-08-06 17:06:24.833===
额外条件未满足


===============================================

==============2021-08-06 17:06:45==============
===6开始执行条件2021-08-06 17:06:38.851===
===开始判断价格条件2021-08-06 17:06:38.851===
===开始判断额外/转自动条件2021-08-06 17:06:40.990===
===2021-08-06 17:06:42.151===
股票：601139指定时间段判断-额外参数：
	分组名称：1
	走势名称：时间段
		条件不成立(当前时间：2021-08-06 17:06:38.851,条件时段：09:30:00-13:00:00)
	结果：未满足
===2021-08-06 17:06:42.151===
===2021-08-06 17:06:42.360===
股票：601139板块涨跌幅判断-额外参数：
	分组名称：1
	走势名称：发
		条件不成立(不符合板块涨跌幅条件)
	结果：未满足，返回code：-1
===2021-08-06 17:06:45.362===
额外条件未满足


===============================================

==============2021-08-06 17:07:02==============
===6开始执行条件2021-08-06 17:07:00.015===
===开始判断价格条件2021-08-06 17:07:00.015===
===开始判断额外/转自动条件2021-08-06 17:07:00.501===
===2021-08-06 17:07:00.743===
股票：601139指定时间段判断-额外参数：
	分组名称：1
	走势名称：时间段
		条件不成立(当前时间：2021-08-06 17:07:00.015,条件时段：09:30:00-13:00:00)
	结果：未满足
===2021-08-06 17:07:00.744===
===2021-08-06 17:07:00.798===
股票：601139板块涨跌幅判断-额外参数：
	分组名称：1
	走势名称：发
		条件不成立(不符合板块涨跌幅条件)
	结果：未满足，返回code：-1
===2021-08-06 17:07:02.079===
额外条件未满足


===============================================

==============2021-08-06 17:07:24==============
===6开始执行条件2021-08-06 17:07:22.283===
===开始判断价格条件2021-08-06 17:07:22.284===
===开始判断额外/转自动条件2021-08-06 17:07:22.818===
===2021-08-06 17:07:22.961===
股票：601139指定时间段判断-额外参数：
	分组名称：1
	走势名称：时间段
		条件不成立(当前时间：2021-08-06 17:07:22.283,条件时段：09:30:00-13:00:00)
	结果：未满足
===2021-08-06 17:07:22.962===
===2021-08-06 17:07:23.003===
股票：601139板块涨跌幅判断-额外参数：
	分组名称：1
	走势名称：发
		条件不成立(不符合板块涨跌幅条件)
	结果：未满足，返回code：-1
===2021-08-06 17:07:24.894===
额外条件未满足


===============================================

==============2021-08-06 17:07:48==============
===6开始执行条件2021-08-06 17:07:44.205===
===开始判断价格条件2021-08-06 17:07:44.205===
===开始判断额外/转自动条件2021-08-06 17:07:45.815===
===2021-08-06 17:07:46.350===
股票：601139指定时间段判断-额外参数：
	分组名称：1
	走势名称：时间段
		条件不成立(当前时间：2021-08-06 17:07:44.205,条件时段：09:30:00-13:00:00)
	结果：未满足
===2021-08-06 17:07:46.350===
===2021-08-06 17:07:46.560===
股票：601139板块涨跌幅判断-额外参数：
	分组名称：1
	走势名称：发
		条件不成立(不符合板块涨跌幅条件)
	结果：未满足，返回code：-1
===2021-08-06 17:07:48.958===
额外条件未满足


===============================================

==============2021-08-06 17:08:12==============
===6开始执行条件2021-08-06 17:08:07.246===
===开始判断价格条件2021-08-06 17:08:07.246===
===开始判断额外/转自动条件2021-08-06 17:08:08.713===
===2021-08-06 17:08:09.304===
股票：601139指定时间段判断-额外参数：
	分组名称：1
	走势名称：时间段
		条件不成立(当前时间：2021-08-06 17:08:07.246,条件时段：09:30:00-13:00:00)
	结果：未满足
===2021-08-06 17:08:09.304===
===2021-08-06 17:08:09.516===
股票：601139板块涨跌幅判断-额外参数：
	分组名称：1
	走势名称：发
		条件不成立(不符合板块涨跌幅条件)
	结果：未满足，返回code：-1
===2021-08-06 17:08:12.187===
额外条件未满足


===============================================

==============2021-08-06 17:08:38==============
===6开始执行条件2021-08-06 17:08:31.731===
===开始判断价格条件2021-08-06 17:08:31.731===
===开始判断额外/转自动条件2021-08-06 17:08:33.611===
===2021-08-06 17:08:34.234===
股票：601139指定时间段判断-额外参数：
	分组名称：1
	走势名称：时间段
		条件不成立(当前时间：2021-08-06 17:08:31.731,条件时段：09:30:00-13:00:00)
	结果：未满足
===2021-08-06 17:08:34.729===
===2021-08-06 17:08:35.133===
股票：601139板块涨跌幅判断-额外参数：
	分组名称：1
	走势名称：发
		条件不成立(不符合板块涨跌幅条件)
	结果：未满足，返回code：-1
===2021-08-06 17:08:38.325===
额外条件未满足


===============================================

==============2021-08-06 17:10:18==============
===6开始执行条件2021-08-06 17:10:17.203===
===开始判断价格条件2021-08-06 17:10:17.203===
===开始判断额外/转自动条件2021-08-06 17:10:17.386===
===2021-08-06 17:10:17.460===
股票：601139指定时间段判断-额外参数：
	分组名称：1
	走势名称：时间段
		条件不成立(当前时间：2021-08-06 17:10:17.203,条件时段：09:30:00-13:00:00)
	结果：未满足
===2021-08-06 17:10:17.460===
===2021-08-06 17:10:17.481===
股票：601139板块涨跌幅判断-额外参数：
	分组名称：1
	走势名称：发
		条件不成立(不符合板块涨跌幅条件)
	结果：未满足，返回code：-1
===2021-08-06 17:10:18.167===
额外条件未满足


===============================================

==============2021-08-06 17:10:36==============
===6开始执行条件2021-08-06 17:10:35.077===
===开始判断价格条件2021-08-06 17:10:35.077===
===开始判断额外/转自动条件2021-08-06 17:10:35.504===
===2021-08-06 17:10:35.867===
股票：601139指定时间段判断-额外参数：
	分组名称：1
	走势名称：时间段
		条件不成立(当前时间：2021-08-06 17:10:35.070,条件时段：09:30:00-13:00:00)
	结果：未满足
===2021-08-06 17:10:35.867===
===2021-08-06 17:10:35.898===
股票：601139板块涨跌幅判断-额外参数：
	分组名称：1
	走势名称：发
		条件不成立(不符合板块涨跌幅条件)
	结果：未满足，返回code：-1
===2021-08-06 17:10:36.537===
额外条件未满足


===============================================

==============2021-08-06 17:10:55==============
===6开始执行条件2021-08-06 17:10:54.476===
===开始判断价格条件2021-08-06 17:10:54.476===
===开始判断额外/转自动条件2021-08-06 17:10:54.632===
===2021-08-06 17:10:55.040===
股票：601139指定时间段判断-额外参数：
	分组名称：1
	走势名称：时间段
		条件不成立(当前时间：2021-08-06 17:10:54.475,条件时段：09:30:00-13:00:00)
	结果：未满足
===2021-08-06 17:10:55.040===
===2021-08-06 17:10:55.090===
股票：601139板块涨跌幅判断-额外参数：
	分组名称：1
	走势名称：发
		条件不成立(不符合板块涨跌幅条件)
	结果：未满足，返回code：-1
===2021-08-06 17:10:55.822===
额外条件未满足


===============================================

==============2021-08-06 17:11:19==============
===6开始执行条件2021-08-06 17:11:15.941===
===开始判断价格条件2021-08-06 17:11:15.941===
===开始判断额外/转自动条件2021-08-06 17:11:16.595===
===2021-08-06 17:11:17.374===
股票：601139指定时间段判断-额外参数：
	分组名称：1
	走势名称：时间段
		条件不成立(当前时间：2021-08-06 17:11:15.941,条件时段：09:30:00-13:00:00)
	结果：未满足
===2021-08-06 17:11:17.374===
===2021-08-06 17:11:17.521===
股票：601139板块涨跌幅判断-额外参数：
	分组名称：1
	走势名称：发
		条件不成立(不符合板块涨跌幅条件)
	结果：未满足，返回code：-1
===2021-08-06 17:11:19.168===
额外条件未满足


===============================================

==============2021-08-06 17:11:41==============
===6开始执行条件2021-08-06 17:11:35.805===
===开始判断价格条件2021-08-06 17:11:35.805===
===开始判断额外/转自动条件2021-08-06 17:11:36.923===
===2021-08-06 17:11:38.053===
股票：601139指定时间段判断-额外参数：
	分组名称：1
	走势名称：时间段
		条件不成立(当前时间：2021-08-06 17:11:35.799,条件时段：09:30:00-13:00:00)
	结果：未满足
===2021-08-06 17:11:38.153===
===2021-08-06 17:11:38.394===
股票：601139板块涨跌幅判断-额外参数：
	分组名称：1
	走势名称：发
		条件不成立(不符合板块涨跌幅条件)
	结果：未满足，返回code：-1
===2021-08-06 17:11:41.340===
额外条件未满足


===============================================

==============2021-08-06 17:12:01==============
===6开始执行条件2021-08-06 17:11:59.427===
===开始判断价格条件2021-08-06 17:11:59.427===
===开始判断额外/转自动条件2021-08-06 17:12:00.244===
===2021-08-06 17:12:00.423===
股票：601139指定时间段判断-额外参数：
	分组名称：1
	走势名称：时间段
		条件不成立(当前时间：2021-08-06 17:11:59.427,条件时段：09:30:00-13:00:00)
	结果：未满足
===2021-08-06 17:12:00.423===
===2021-08-06 17:12:00.452===
股票：601139板块涨跌幅判断-额外参数：
	分组名称：1
	走势名称：发
		条件不成立(不符合板块涨跌幅条件)
	结果：未满足，返回code：-1
===2021-08-06 17:12:01.690===
额外条件未满足


===============================================

==============2021-08-06 17:12:26==============
===6开始执行条件2021-08-06 17:12:19.849===
===开始判断价格条件2021-08-06 17:12:19.849===
===开始判断额外/转自动条件2021-08-06 17:12:21.199===
===2021-08-06 17:12:22.615===
股票：601139指定时间段判断-额外参数：
	分组名称：1
	走势名称：时间段
		条件不成立(当前时间：2021-08-06 17:12:19.849,条件时段：09:30:00-13:00:00)
	结果：未满足
===2021-08-06 17:12:22.615===
===2021-08-06 17:12:22.858===
股票：601139板块涨跌幅判断-额外参数：
	分组名称：1
	走势名称：发
		条件不成立(不符合板块涨跌幅条件)
	结果：未满足，返回code：-1
===2021-08-06 17:12:26.097===
额外条件未满足


===============================================

