==============2021-08-09 10:09:00==============
===6开始执行条件2021-08-09 10:08:54.125===
===开始判断价格条件2021-08-09 10:08:54.125===
===开始判断额外/转自动条件2021-08-09 10:08:56.584===
===2021-08-09 10:08:58.372===
股票：601139指定时间段判断-额外参数：
	分组名称：1
	走势名称：时间段
		条件成立(当前时间：2021-08-09 10:08:54.125,条件时段：09:30:00-13:00:00)
	结果：达到要求
===2021-08-09 10:08:59.631===
===2021-08-09 10:09:00.388===
股票：601139多头向上判断-转自动参数：
	分组名称：2
	走势名称：多头向上
	结果：未满足，返回code：0
===2021-08-09 10:09:00.388===
满足所有条件，可以触发


===============================================

==============2021-08-09 10:10:44==============
===6开始执行条件2021-08-09 10:10:40.167===
===开始判断价格条件2021-08-09 10:10:40.167===
===开始判断额外/转自动条件2021-08-09 10:10:43.688===
===2021-08-09 10:10:44.460===
股票：601139指定时间段判断-额外参数：
	分组名称：1
	走势名称：时间段
		条件成立(当前时间：2021-08-09 10:10:40.167,条件时段：09:30:00-13:00:00)
	结果：达到要求
===2021-08-09 10:10:44.621===
===2021-08-09 10:10:44.718===
股票：601139多头向上判断-转自动参数：
	分组名称：2
	走势名称：多头向上
	结果：未满足，返回code：0
===2021-08-09 10:10:44.718===
满足所有条件，可以触发


===============================================

==============2021-08-09 10:10:55==============
===6开始执行条件2021-08-09 10:10:54.684===
===开始判断价格条件2021-08-09 10:10:54.684===
===开始判断额外/转自动条件2021-08-09 10:10:54.968===
===2021-08-09 10:10:55.275===
股票：601139指定时间段判断-额外参数：
	分组名称：1
	走势名称：时间段
		条件成立(当前时间：2021-08-09 10:10:54.666,条件时段：09:30:00-13:00:00)
	结果：达到要求
===2021-08-09 10:10:55.481===
===2021-08-09 10:10:55.583===
股票：601139多头向上判断-转自动参数：
	分组名称：2
	走势名称：多头向上
	结果：未满足，返回code：0
===2021-08-09 10:10:55.583===
满足所有条件，可以触发


===============================================

==============2021-08-09 10:11:06==============
===6开始执行条件2021-08-09 10:11:05.970===
===开始判断价格条件2021-08-09 10:11:05.970===
===开始判断额外/转自动条件2021-08-09 10:11:06.040===
===2021-08-09 10:11:06.094===
股票：601139指定时间段判断-额外参数：
	分组名称：1
	走势名称：时间段
		条件成立(当前时间：2021-08-09 10:11:05.969,条件时段：09:30:00-13:00:00)
	结果：达到要求
===2021-08-09 10:11:06.145===
===2021-08-09 10:11:06.235===
股票：601139多头向上判断-转自动参数：
	分组名称：2
	走势名称：多头向上
	结果：未满足，返回code：0
===2021-08-09 10:11:06.235===
满足所有条件，可以触发


===============================================

==============2021-08-09 10:11:24==============
===6开始执行条件2021-08-09 10:11:21.787===
===开始判断价格条件2021-08-09 10:11:21.787===
===开始判断额外/转自动条件2021-08-09 10:11:22.746===
===2021-08-09 10:11:22.931===
股票：601139指定时间段判断-额外参数：
	分组名称：1
	走势名称：时间段
		条件成立(当前时间：2021-08-09 10:11:21.786,条件时段：09:30:00-13:00:00)
	结果：达到要求
===2021-08-09 10:11:23.497===
===2021-08-09 10:11:24.329===
股票：601139多头向上判断-转自动参数：
	分组名称：2
	走势名称：多头向上
	结果：未满足，返回code：0
===2021-08-09 10:11:24.329===
满足所有条件，可以触发


===============================================

==============2021-08-09 11:02:43==============
===6开始执行条件2021-08-09 11:02:42.637===
===开始判断价格条件2021-08-09 11:02:42.637===
===开始判断额外/转自动条件2021-08-09 11:02:42.818===
===2021-08-09 11:02:42.952===
股票：601139指定时间段判断-额外参数：
	分组名称：1
	走势名称：时间段
		条件成立(当前时间：2021-08-09 11:02:42.637,条件时段：09:30:00-13:00:00)
	结果：达到要求
===2021-08-09 11:02:43.181===
===2021-08-09 11:02:43.269===
股票：601139多头向上判断-转自动参数：
	分组名称：2
	走势名称：多头向上
	结果：未满足，返回code：0
===2021-08-09 11:02:43.270===
满足所有条件，可以触发


===============================================

==============2021-08-09 11:03:16==============
===6开始执行条件2021-08-09 11:03:15.332===
===开始判断价格条件2021-08-09 11:03:15.332===
===开始判断额外/转自动条件2021-08-09 11:03:15.556===
===2021-08-09 11:03:15.656===
股票：601139指定时间段判断-额外参数：
	分组名称：1
	走势名称：时间段
		条件成立(当前时间：2021-08-09 11:03:15.331,条件时段：09:30:00-13:00:00)
	结果：达到要求
===2021-08-09 11:03:15.730===
===2021-08-09 11:03:16.531===
股票：601139多头向上判断-转自动参数：
	分组名称：2
	走势名称：多头向上
	结果：未满足，返回code：0
===2021-08-09 11:03:16.532===
满足所有条件，可以触发


===============================================

==============2021-08-09 11:03:30==============
===6开始执行条件2021-08-09 11:03:30.048===
===开始判断价格条件2021-08-09 11:03:30.048===
===开始判断额外/转自动条件2021-08-09 11:03:30.208===
===2021-08-09 11:03:30.345===
股票：601139指定时间段判断-额外参数：
	分组名称：1
	走势名称：时间段
		条件成立(当前时间：2021-08-09 11:03:30.048,条件时段：09:30:00-13:00:00)
	结果：达到要求
===2021-08-09 11:03:30.626===
===2021-08-09 11:03:30.817===
股票：601139多头向上判断-转自动参数：
	分组名称：2
	走势名称：多头向上
	结果：未满足，返回code：0
===2021-08-09 11:03:30.817===
满足所有条件，可以触发


===============================================

