==============2021-06-18 13:29:05==============
===开始判断价格条件2021-06-18 13:26:57.156===
===开始判断额外/转自动条件2021-06-18 13:26:57.448===
===2021-06-18 13:26:58.106===
股票：002174板块涨跌幅判断-额外参数：
	分组名称：123
	走势名称：发
	结果：未满足，返回code：-1
===2021-06-18 13:29:05.817===
额外条件未满足


===============================================

==============2021-06-18 13:29:28==============
===开始判断价格条件2021-06-18 13:29:07.514===
===开始判断额外/转自动条件2021-06-18 13:29:07.571===
===2021-06-18 13:29:07.621===
股票：002174板块涨跌幅判断-额外参数：
	分组名称：123
	走势名称：发
	结果：未满足，返回code：-1
===2021-06-18 13:29:28.376===
额外条件未满足


===============================================

==============2021-06-18 13:29:47==============
===开始判断价格条件2021-06-18 13:29:31.613===
===开始判断额外/转自动条件2021-06-18 13:29:31.666===
===2021-06-18 13:29:31.705===
股票：002174板块涨跌幅判断-额外参数：
	分组名称：123
	走势名称：发
	结果：未满足，返回code：-1
===2021-06-18 13:29:47.068===
额外条件未满足


===============================================

==============2021-06-18 13:30:46==============
===开始判断价格条件2021-06-18 13:29:49.383===
===开始判断额外/转自动条件2021-06-18 13:29:49.447===
===2021-06-18 13:29:49.488===
股票：002174板块涨跌幅判断-额外参数：
	分组名称：123
	走势名称：发
	结果：未满足，返回code：-1
===2021-06-18 13:30:46.327===
额外条件未满足


===============================================

==============2021-06-18 13:31:00==============
===开始判断价格条件2021-06-18 13:30:49.174===
===开始判断额外/转自动条件2021-06-18 13:30:49.221===
===2021-06-18 13:30:49.263===
股票：002174板块涨跌幅判断-额外参数：
	分组名称：123
	走势名称：发
	结果：未满足，返回code：-1
===2021-06-18 13:31:00.539===
额外条件未满足


===============================================

==============2021-06-18 13:32:04==============
===开始判断价格条件2021-06-18 13:31:56.290===
===开始判断额外/转自动条件2021-06-18 13:31:56.464===
===2021-06-18 13:31:56.873===
股票：002174板块涨跌幅判断-额外参数：
	分组名称：123
	走势名称：发
	结果：未满足，返回code：-1
===2021-06-18 13:32:04.528===
额外条件未满足


===============================================

==============2021-06-18 13:32:12==============
===开始判断价格条件2021-06-18 13:32:07.563===
===开始判断额外/转自动条件2021-06-18 13:32:07.635===
===2021-06-18 13:32:07.738===
股票：002174板块涨跌幅判断-额外参数：
	分组名称：123
	走势名称：发
	结果：未满足，返回code：-1
===2021-06-18 13:32:12.052===
额外条件未满足


===============================================

==============2021-06-18 13:32:20==============
===开始判断价格条件2021-06-18 13:32:14.515===
===开始判断额外/转自动条件2021-06-18 13:32:14.601===
===2021-06-18 13:32:14.675===
股票：002174板块涨跌幅判断-额外参数：
	分组名称：123
	走势名称：发
	结果：未满足，返回code：-1
===2021-06-18 13:32:20.339===
额外条件未满足


===============================================

