==============2021-08-11 10:28:22==============
===6开始执行条件2021-08-11 10:28:21.756===
===开始判断价格条件2021-08-11 10:28:21.756===
===开始判断额外/转自动条件2021-08-11 10:28:21.940===
===2021-08-11 10:28:22.371===
股票：300183指定时间段判断-额外参数：
	分组名称：1
	走势名称：时间段
		条件成立(当前时间：2021-08-11 10:28:21.756,条件时段：09:30:00-13:00:00)
	结果：达到要求
===2021-08-11 10:28:22.490===
===2021-08-11 10:28:22.807===
股票：300183多头向上判断-转自动参数：
	分组名称：2
	走势名称：多头向上
	结果：未满足，返回code：0
===2021-08-11 10:28:22.807===
满足所有条件，可以触发


===============================================

==============2021-08-11 10:28:30==============
===6开始执行条件2021-08-11 10:28:28.894===
===开始判断价格条件2021-08-11 10:28:28.894===
===开始判断额外/转自动条件2021-08-11 10:28:29.324===
===2021-08-11 10:28:29.435===
股票：300183指定时间段判断-额外参数：
	分组名称：1
	走势名称：时间段
		条件成立(当前时间：2021-08-11 10:28:28.894,条件时段：09:30:00-13:00:00)
	结果：达到要求
===2021-08-11 10:28:29.770===
===2021-08-11 10:28:30.038===
股票：300183多头向上判断-转自动参数：
	分组名称：2
	走势名称：多头向上
	结果：未满足，返回code：0
===2021-08-11 10:28:30.038===
满足所有条件，可以触发


===============================================

==============2021-08-11 10:28:50==============
===6开始执行条件2021-08-11 10:28:49.508===
===开始判断价格条件2021-08-11 10:28:49.508===
===开始判断额外/转自动条件2021-08-11 10:28:49.620===
===2021-08-11 10:28:49.695===
股票：300183指定时间段判断-额外参数：
	分组名称：1
	走势名称：时间段
		条件成立(当前时间：2021-08-11 10:28:49.508,条件时段：09:30:00-13:00:00)
	结果：达到要求
===2021-08-11 10:28:50.037===
===2021-08-11 10:28:50.203===
股票：300183多头向上判断-转自动参数：
	分组名称：2
	走势名称：多头向上
	结果：未满足，返回code：0
===2021-08-11 10:28:50.203===
满足所有条件，可以触发


===============================================

==============2021-08-11 10:29:41==============
===6开始执行条件2021-08-11 10:29:40.791===
===开始判断价格条件2021-08-11 10:29:40.791===
===开始判断额外/转自动条件2021-08-11 10:29:41.167===
===2021-08-11 10:29:41.252===
股票：300183指定时间段判断-额外参数：
	分组名称：1
	走势名称：时间段
		条件成立(当前时间：2021-08-11 10:29:40.786,条件时段：09:30:00-13:00:00)
	结果：达到要求
===2021-08-11 10:29:41.476===
===2021-08-11 10:29:41.664===
股票：300183多头向上判断-转自动参数：
	分组名称：2
	走势名称：多头向上
	结果：未满足，返回code：0
===2021-08-11 10:29:41.664===
满足所有条件，可以触发


===============================================

==============2021-08-11 10:29:52==============
===6开始执行条件2021-08-11 10:29:49.864===
===开始判断价格条件2021-08-11 10:29:49.864===
===开始判断额外/转自动条件2021-08-11 10:29:50.473===
===2021-08-11 10:29:50.926===
股票：300183指定时间段判断-额外参数：
	分组名称：1
	走势名称：时间段
		条件成立(当前时间：2021-08-11 10:29:49.858,条件时段：09:30:00-13:00:00)
	结果：达到要求
===2021-08-11 10:29:51.590===
===2021-08-11 10:29:52.269===
股票：300183多头向上判断-转自动参数：
	分组名称：2
	走势名称：多头向上
	结果：未满足，返回code：0
===2021-08-11 10:29:52.307===
满足所有条件，可以触发


===============================================

==============2021-08-11 10:30:06==============
===6开始执行条件2021-08-11 10:30:05.746===
===开始判断价格条件2021-08-11 10:30:05.746===
===开始判断额外/转自动条件2021-08-11 10:30:05.896===
===2021-08-11 10:30:06.075===
股票：300183指定时间段判断-额外参数：
	分组名称：1
	走势名称：时间段
		条件成立(当前时间：2021-08-11 10:30:05.739,条件时段：09:30:00-13:00:00)
	结果：达到要求
===2021-08-11 10:30:06.210===
===2021-08-11 10:30:06.429===
股票：300183多头向上判断-转自动参数：
	分组名称：2
	走势名称：多头向上
	结果：未满足，返回code：0
===2021-08-11 10:30:06.430===
满足所有条件，可以触发


===============================================

==============2021-08-11 10:30:29==============
===6开始执行条件2021-08-11 10:30:28.417===
===开始判断价格条件2021-08-11 10:30:28.417===
===开始判断额外/转自动条件2021-08-11 10:30:28.849===
===2021-08-11 10:30:28.904===
股票：300183指定时间段判断-额外参数：
	分组名称：1
	走势名称：时间段
		条件成立(当前时间：2021-08-11 10:30:28.416,条件时段：09:30:00-13:00:00)
	结果：达到要求
===2021-08-11 10:30:28.974===
===2021-08-11 10:30:29.049===
股票：300183多头向上判断-转自动参数：
	分组名称：2
	走势名称：多头向上
	结果：未满足，返回code：0
===2021-08-11 10:30:29.049===
满足所有条件，可以触发


===============================================

==============2021-08-11 10:30:36==============
===6开始执行条件2021-08-11 10:30:36.462===
===开始判断价格条件2021-08-11 10:30:36.462===
===开始判断额外/转自动条件2021-08-11 10:30:36.542===
===2021-08-11 10:30:36.609===
股票：300183指定时间段判断-额外参数：
	分组名称：1
	走势名称：时间段
		条件成立(当前时间：2021-08-11 10:30:36.461,条件时段：09:30:00-13:00:00)
	结果：达到要求
===2021-08-11 10:30:36.660===
===2021-08-11 10:30:36.719===
股票：300183多头向上判断-转自动参数：
	分组名称：2
	走势名称：多头向上
	结果：未满足，返回code：0
===2021-08-11 10:30:36.719===
满足所有条件，可以触发


===============================================

==============2021-08-11 10:30:40==============
===6开始执行条件2021-08-11 10:30:40.237===
===开始判断价格条件2021-08-11 10:30:40.237===
===开始判断额外/转自动条件2021-08-11 10:30:40.319===
===2021-08-11 10:30:40.397===
股票：300183指定时间段判断-额外参数：
	分组名称：1
	走势名称：时间段
		条件成立(当前时间：2021-08-11 10:30:40.237,条件时段：09:30:00-13:00:00)
	结果：达到要求
===2021-08-11 10:30:40.461===
===2021-08-11 10:30:40.562===
股票：300183多头向上判断-转自动参数：
	分组名称：2
	走势名称：多头向上
	结果：未满足，返回code：0
===2021-08-11 10:30:40.562===
满足所有条件，可以触发


===============================================

==============2021-08-11 10:30:50==============
===6开始执行条件2021-08-11 10:30:49.683===
===开始判断价格条件2021-08-11 10:30:49.683===
===开始判断额外/转自动条件2021-08-11 10:30:49.815===
===2021-08-11 10:30:49.918===
股票：300183指定时间段判断-额外参数：
	分组名称：1
	走势名称：时间段
		条件成立(当前时间：2021-08-11 10:30:49.683,条件时段：09:30:00-13:00:00)
	结果：达到要求
===2021-08-11 10:30:49.969===
===2021-08-11 10:30:50.076===
股票：300183多头向上判断-转自动参数：
	分组名称：2
	走势名称：多头向上
	结果：未满足，返回code：0
===2021-08-11 10:30:50.076===
满足所有条件，可以触发


===============================================

==============2021-08-11 10:30:56==============
===6开始执行条件2021-08-11 10:30:56.406===
===开始判断价格条件2021-08-11 10:30:56.406===
===开始判断额外/转自动条件2021-08-11 10:30:56.459===
===2021-08-11 10:30:56.491===
股票：300183指定时间段判断-额外参数：
	分组名称：1
	走势名称：时间段
		条件成立(当前时间：2021-08-11 10:30:56.406,条件时段：09:30:00-13:00:00)
	结果：达到要求
===2021-08-11 10:30:56.527===
===2021-08-11 10:30:56.583===
股票：300183多头向上判断-转自动参数：
	分组名称：2
	走势名称：多头向上
	结果：未满足，返回code：0
===2021-08-11 10:30:56.583===
满足所有条件，可以触发


===============================================

==============2021-08-11 10:31:15==============
===6开始执行条件2021-08-11 10:31:15.317===
===开始判断价格条件2021-08-11 10:31:15.317===
===开始判断额外/转自动条件2021-08-11 10:31:15.386===
===2021-08-11 10:31:15.448===
股票：300183指定时间段判断-额外参数：
	分组名称：1
	走势名称：时间段
		条件成立(当前时间：2021-08-11 10:31:15.316,条件时段：09:30:00-13:00:00)
	结果：达到要求
===2021-08-11 10:31:15.510===
===2021-08-11 10:31:15.589===
股票：300183多头向上判断-转自动参数：
	分组名称：2
	走势名称：多头向上
	结果：未满足，返回code：0
===2021-08-11 10:31:15.593===
满足所有条件，可以触发


===============================================

==============2021-08-11 10:31:22==============
===6开始执行条件2021-08-11 10:31:21.467===
===开始判断价格条件2021-08-11 10:31:21.467===
===开始判断额外/转自动条件2021-08-11 10:31:21.639===
===2021-08-11 10:31:22.008===
股票：300183指定时间段判断-额外参数：
	分组名称：1
	走势名称：时间段
		条件成立(当前时间：2021-08-11 10:31:21.466,条件时段：09:30:00-13:00:00)
	结果：达到要求
===2021-08-11 10:31:22.070===
===2021-08-11 10:31:22.161===
股票：300183多头向上判断-转自动参数：
	分组名称：2
	走势名称：多头向上
	结果：未满足，返回code：0
===2021-08-11 10:31:22.161===
满足所有条件，可以触发


===============================================

==============2021-08-11 10:31:29==============
===6开始执行条件2021-08-11 10:31:28.997===
===开始判断价格条件2021-08-11 10:31:28.997===
===开始判断额外/转自动条件2021-08-11 10:31:29.070===
===2021-08-11 10:31:29.114===
股票：300183指定时间段判断-额外参数：
	分组名称：1
	走势名称：时间段
		条件成立(当前时间：2021-08-11 10:31:28.996,条件时段：09:30:00-13:00:00)
	结果：达到要求
===2021-08-11 10:31:29.151===
===2021-08-11 10:31:29.263===
股票：300183多头向上判断-转自动参数：
	分组名称：2
	走势名称：多头向上
	结果：未满足，返回code：0
===2021-08-11 10:31:29.270===
满足所有条件，可以触发


===============================================

==============2021-08-11 10:31:38==============
===6开始执行条件2021-08-11 10:31:36.895===
===开始判断价格条件2021-08-11 10:31:36.895===
===开始判断额外/转自动条件2021-08-11 10:31:37.496===
===2021-08-11 10:31:37.729===
股票：300183指定时间段判断-额外参数：
	分组名称：1
	走势名称：时间段
		条件成立(当前时间：2021-08-11 10:31:36.895,条件时段：09:30:00-13:00:00)
	结果：达到要求
===2021-08-11 10:31:37.847===
===2021-08-11 10:31:38.149===
股票：300183多头向上判断-转自动参数：
	分组名称：2
	走势名称：多头向上
	结果：未满足，返回code：0
===2021-08-11 10:31:38.149===
满足所有条件，可以触发


===============================================

==============2021-08-11 10:31:56==============
===6开始执行条件2021-08-11 10:31:54.259===
===开始判断价格条件2021-08-11 10:31:54.259===
===开始判断额外/转自动条件2021-08-11 10:31:54.841===
===2021-08-11 10:31:55.223===
股票：300183指定时间段判断-额外参数：
	分组名称：1
	走势名称：时间段
		条件成立(当前时间：2021-08-11 10:31:54.258,条件时段：09:30:00-13:00:00)
	结果：达到要求
===2021-08-11 10:31:55.437===
===2021-08-11 10:31:56.152===
股票：300183多头向上判断-转自动参数：
	分组名称：2
	走势名称：多头向上
	结果：未满足，返回code：0
===2021-08-11 10:31:56.152===
满足所有条件，可以触发


===============================================

==============2021-08-11 10:32:12==============
===6开始执行条件2021-08-11 10:32:10.628===
===开始判断价格条件2021-08-11 10:32:10.628===
===开始判断额外/转自动条件2021-08-11 10:32:10.921===
===2021-08-11 10:32:11.208===
股票：300183指定时间段判断-额外参数：
	分组名称：1
	走势名称：时间段
		条件成立(当前时间：2021-08-11 10:32:10.628,条件时段：09:30:00-13:00:00)
	结果：达到要求
===2021-08-11 10:32:11.551===
===2021-08-11 10:32:12.185===
股票：300183多头向上判断-转自动参数：
	分组名称：2
	走势名称：多头向上
	结果：未满足，返回code：0
===2021-08-11 10:32:12.185===
满足所有条件，可以触发


===============================================

==============2021-08-11 10:32:42==============
===6开始执行条件2021-08-11 10:32:42.037===
===开始判断价格条件2021-08-11 10:32:42.037===
===开始判断额外/转自动条件2021-08-11 10:32:42.198===
===2021-08-11 10:32:42.352===
股票：300183指定时间段判断-额外参数：
	分组名称：1
	走势名称：时间段
		条件成立(当前时间：2021-08-11 10:32:42.036,条件时段：09:30:00-13:00:00)
	结果：达到要求
===2021-08-11 10:32:42.438===
===2021-08-11 10:32:42.649===
股票：300183多头向上判断-转自动参数：
	分组名称：2
	走势名称：多头向上
	结果：未满足，返回code：0
===2021-08-11 10:32:42.649===
满足所有条件，可以触发


===============================================

==============2021-08-11 10:33:04==============
===6开始执行条件2021-08-11 10:33:03.157===
===开始判断价格条件2021-08-11 10:33:03.157===
===开始判断额外/转自动条件2021-08-11 10:33:03.481===
===2021-08-11 10:33:04.031===
股票：300183指定时间段判断-额外参数：
	分组名称：1
	走势名称：时间段
		条件成立(当前时间：2021-08-11 10:33:03.154,条件时段：09:30:00-13:00:00)
	结果：达到要求
===2021-08-11 10:33:04.166===
===2021-08-11 10:33:04.289===
股票：300183多头向上判断-转自动参数：
	分组名称：2
	走势名称：多头向上
	结果：未满足，返回code：0
===2021-08-11 10:33:04.289===
满足所有条件，可以触发


===============================================

==============2021-08-11 10:33:15==============
===6开始执行条件2021-08-11 10:33:11.803===
===开始判断价格条件2021-08-11 10:33:11.803===
===开始判断额外/转自动条件2021-08-11 10:33:12.645===
===2021-08-11 10:33:13.357===
股票：300183指定时间段判断-额外参数：
	分组名称：1
	走势名称：时间段
		条件成立(当前时间：2021-08-11 10:33:11.802,条件时段：09:30:00-13:00:00)
	结果：达到要求
===2021-08-11 10:33:13.847===
===2021-08-11 10:33:15.217===
股票：300183多头向上判断-转自动参数：
	分组名称：2
	走势名称：多头向上
	结果：未满足，返回code：0
===2021-08-11 10:33:15.217===
满足所有条件，可以触发


===============================================

==============2021-08-11 10:33:22==============
===6开始执行条件2021-08-11 10:33:21.044===
===开始判断价格条件2021-08-11 10:33:21.044===
===开始判断额外/转自动条件2021-08-11 10:33:21.308===
===2021-08-11 10:33:21.583===
股票：300183指定时间段判断-额外参数：
	分组名称：1
	走势名称：时间段
		条件成立(当前时间：2021-08-11 10:33:21.044,条件时段：09:30:00-13:00:00)
	结果：达到要求
===2021-08-11 10:33:21.959===
===2021-08-11 10:33:22.391===
股票：300183多头向上判断-转自动参数：
	分组名称：2
	走势名称：多头向上
	结果：未满足，返回code：0
===2021-08-11 10:33:22.391===
满足所有条件，可以触发


===============================================

==============2021-08-11 10:34:56==============
===6开始执行条件2021-08-11 10:34:55.515===
===开始判断价格条件2021-08-11 10:34:55.515===
===开始判断额外/转自动条件2021-08-11 10:34:55.646===
===2021-08-11 10:34:55.794===
股票：300183指定时间段判断-额外参数：
	分组名称：1
	走势名称：时间段
		条件成立(当前时间：2021-08-11 10:34:55.514,条件时段：09:30:00-13:00:00)
	结果：达到要求
===2021-08-11 10:34:56.186===
===2021-08-11 10:34:56.274===
股票：300183多头向上判断-转自动参数：
	分组名称：2
	走势名称：多头向上
	结果：未满足，返回code：0
===2021-08-11 10:34:56.274===
满足所有条件，可以触发


===============================================

==============2021-08-11 10:35:05==============
===6开始执行条件2021-08-11 10:35:04.246===
===开始判断价格条件2021-08-11 10:35:04.246===
===开始判断额外/转自动条件2021-08-11 10:35:04.667===
===2021-08-11 10:35:04.775===
股票：300183指定时间段判断-额外参数：
	分组名称：1
	走势名称：时间段
		条件成立(当前时间：2021-08-11 10:35:04.244,条件时段：09:30:00-13:00:00)
	结果：达到要求
===2021-08-11 10:35:04.844===
===2021-08-11 10:35:05.029===
股票：300183多头向上判断-转自动参数：
	分组名称：2
	走势名称：多头向上
	结果：未满足，返回code：0
===2021-08-11 10:35:05.029===
满足所有条件，可以触发


===============================================

==============2021-08-11 10:35:15==============
===6开始执行条件2021-08-11 10:35:11.617===
===开始判断价格条件2021-08-11 10:35:11.617===
===开始判断额外/转自动条件2021-08-11 10:35:12.095===
===2021-08-11 10:35:12.381===
股票：300183指定时间段判断-额外参数：
	分组名称：1
	走势名称：时间段
		条件成立(当前时间：2021-08-11 10:35:11.616,条件时段：09:30:00-13:00:00)
	结果：达到要求
===2021-08-11 10:35:15.046===
===2021-08-11 10:35:15.817===
股票：300183多头向上判断-转自动参数：
	分组名称：2
	走势名称：多头向上
	结果：未满足，返回code：0
===2021-08-11 10:35:15.817===
满足所有条件，可以触发


===============================================

==============2021-08-11 10:35:28==============
===6开始执行条件2021-08-11 10:35:26.491===
===开始判断价格条件2021-08-11 10:35:26.491===
===开始判断额外/转自动条件2021-08-11 10:35:27.039===
===2021-08-11 10:35:27.318===
股票：300183指定时间段判断-额外参数：
	分组名称：1
	走势名称：时间段
		条件成立(当前时间：2021-08-11 10:35:26.490,条件时段：09:30:00-13:00:00)
	结果：达到要求
===2021-08-11 10:35:27.438===
===2021-08-11 10:35:28.106===
股票：300183多头向上判断-转自动参数：
	分组名称：2
	走势名称：多头向上
	结果：未满足，返回code：0
===2021-08-11 10:35:28.106===
满足所有条件，可以触发


===============================================

==============2021-08-11 10:35:53==============
===6开始执行条件2021-08-11 10:35:52.173===
===开始判断价格条件2021-08-11 10:35:52.173===
===开始判断额外/转自动条件2021-08-11 10:35:52.476===
===2021-08-11 10:35:52.597===
股票：300183指定时间段判断-额外参数：
	分组名称：1
	走势名称：时间段
		条件成立(当前时间：2021-08-11 10:35:52.172,条件时段：09:30:00-13:00:00)
	结果：达到要求
===2021-08-11 10:35:52.721===
===2021-08-11 10:35:53.078===
股票：300183多头向上判断-转自动参数：
	分组名称：2
	走势名称：多头向上
	结果：未满足，返回code：0
===2021-08-11 10:35:53.078===
满足所有条件，可以触发


===============================================

==============2021-08-11 10:36:23==============
===6开始执行条件2021-08-11 10:36:21.590===
===开始判断价格条件2021-08-11 10:36:21.591===
===开始判断额外/转自动条件2021-08-11 10:36:22.372===
===2021-08-11 10:36:22.725===
股票：300183指定时间段判断-额外参数：
	分组名称：1
	走势名称：时间段
		条件成立(当前时间：2021-08-11 10:36:21.590,条件时段：09:30:00-13:00:00)
	结果：达到要求
===2021-08-11 10:36:22.992===
===2021-08-11 10:36:23.611===
股票：300183多头向上判断-转自动参数：
	分组名称：2
	走势名称：多头向上
	结果：未满足，返回code：0
===2021-08-11 10:36:23.611===
满足所有条件，可以触发


===============================================

==============2021-08-11 10:36:59==============
===6开始执行条件2021-08-11 10:36:57.760===
===开始判断价格条件2021-08-11 10:36:57.760===
===开始判断额外/转自动条件2021-08-11 10:36:58.173===
===2021-08-11 10:36:58.400===
股票：300183指定时间段判断-额外参数：
	分组名称：1
	走势名称：时间段
		条件成立(当前时间：2021-08-11 10:36:57.760,条件时段：09:30:00-13:00:00)
	结果：达到要求
===2021-08-11 10:36:58.881===
===2021-08-11 10:36:59.602===
股票：300183多头向上判断-转自动参数：
	分组名称：2
	走势名称：多头向上
	结果：未满足，返回code：0
===2021-08-11 10:36:59.602===
满足所有条件，可以触发


===============================================

==============2021-08-11 10:37:45==============
===6开始执行条件2021-08-11 10:37:15.833===
===开始判断价格条件2021-08-11 10:37:15.833===
===开始判断额外/转自动条件2021-08-11 10:37:16.368===
===2021-08-11 10:37:24.310===
股票：300183指定时间段判断-额外参数：
	分组名称：1
	走势名称：时间段
		条件成立(当前时间：2021-08-11 10:37:15.832,条件时段：09:30:00-13:00:00)
	结果：达到要求
===2021-08-11 10:37:44.924===
===2021-08-11 10:37:45.932===
股票：300183多头向上判断-转自动参数：
	分组名称：2
	走势名称：多头向上
	结果：未满足，返回code：0
===2021-08-11 10:37:45.932===
满足所有条件，可以触发


===============================================

==============2021-08-11 10:37:57==============
===6开始执行条件2021-08-11 10:37:54.371===
===开始判断价格条件2021-08-11 10:37:54.371===
===开始判断额外/转自动条件2021-08-11 10:37:55.481===
===2021-08-11 10:37:55.930===
股票：300183指定时间段判断-额外参数：
	分组名称：1
	走势名称：时间段
		条件成立(当前时间：2021-08-11 10:37:54.371,条件时段：09:30:00-13:00:00)
	结果：达到要求
===2021-08-11 10:37:56.670===
===2021-08-11 10:37:57.314===
股票：300183多头向上判断-转自动参数：
	分组名称：2
	走势名称：多头向上
	结果：未满足，返回code：0
===2021-08-11 10:37:57.314===
满足所有条件，可以触发


===============================================

