==============2021-08-10 17:37:13==============
===6开始执行条件2021-08-10 17:37:12.464===
===开始判断价格条件2021-08-10 17:37:12.464===
===开始判断额外/转自动条件2021-08-10 17:37:12.692===
===2021-08-10 17:37:12.923===
股票：300183指定时间段判断-额外参数：
	分组名称：1
	走势名称：时间段
		条件不成立(当前时间：2021-08-10 17:37:12.464,条件时段：09:30:00-13:00:00)
	结果：未满足
===2021-08-10 17:37:12.923===
===2021-08-10 17:37:12.957===
股票：300183板块涨跌幅判断-额外参数：
	分组名称：1
	走势名称：发
		条件不成立(不符合板块涨跌幅条件)
	结果：未满足，返回code：-1
===2021-08-10 17:37:13.274===
额外条件未满足


===============================================

==============2021-08-10 17:41:04==============
===6开始执行条件2021-08-10 17:41:03.145===
===开始判断价格条件2021-08-10 17:41:03.145===
===开始判断额外/转自动条件2021-08-10 17:41:03.499===
===2021-08-10 17:41:03.669===
股票：300183指定时间段判断-额外参数：
	分组名称：1
	走势名称：时间段
		条件不成立(当前时间：2021-08-10 17:41:03.144,条件时段：09:30:00-13:00:00)
	结果：未满足
===2021-08-10 17:41:03.669===
===2021-08-10 17:41:03.693===
股票：300183板块涨跌幅判断-额外参数：
	分组名称：1
	走势名称：发
		条件不成立(不符合板块涨跌幅条件)
	结果：未满足，返回code：-1
===2021-08-10 17:41:04.683===
额外条件未满足


===============================================

==============2021-08-10 17:41:16==============
===6开始执行条件2021-08-10 17:41:15.079===
===开始判断价格条件2021-08-10 17:41:15.079===
===开始判断额外/转自动条件2021-08-10 17:41:15.632===
===2021-08-10 17:41:15.820===
股票：300183指定时间段判断-额外参数：
	分组名称：1
	走势名称：时间段
		条件不成立(当前时间：2021-08-10 17:41:15.079,条件时段：09:30:00-13:00:00)
	结果：未满足
===2021-08-10 17:41:15.820===
===2021-08-10 17:41:15.948===
股票：300183板块涨跌幅判断-额外参数：
	分组名称：1
	走势名称：发
		条件不成立(不符合板块涨跌幅条件)
	结果：未满足，返回code：-1
===2021-08-10 17:41:16.887===
额外条件未满足


===============================================

==============2021-08-10 17:41:44==============
===6开始执行条件2021-08-10 17:41:43.653===
===开始判断价格条件2021-08-10 17:41:43.653===
===开始判断额外/转自动条件2021-08-10 17:41:43.953===
===2021-08-10 17:41:44.293===
股票：300183指定时间段判断-额外参数：
	分组名称：1
	走势名称：时间段
		条件不成立(当前时间：2021-08-10 17:41:43.653,条件时段：09:30:00-13:00:00)
	结果：未满足
===2021-08-10 17:41:44.293===
===2021-08-10 17:41:44.353===
股票：300183板块涨跌幅判断-额外参数：
	分组名称：1
	走势名称：发
		条件不成立(不符合板块涨跌幅条件)
	结果：未满足，返回code：-1
===2021-08-10 17:41:44.610===
额外条件未满足


===============================================

==============2021-08-10 17:41:54==============
===6开始执行条件2021-08-10 17:41:49.028===
===开始判断价格条件2021-08-10 17:41:49.028===
===开始判断额外/转自动条件2021-08-10 17:41:50.457===
===2021-08-10 17:41:51.340===
股票：300183指定时间段判断-额外参数：
	分组名称：1
	走势名称：时间段
		条件不成立(当前时间：2021-08-10 17:41:49.027,条件时段：09:30:00-13:00:00)
	结果：未满足
===2021-08-10 17:41:51.340===
===2021-08-10 17:41:52.072===
股票：300183板块涨跌幅判断-额外参数：
	分组名称：1
	走势名称：发
		条件不成立(不符合板块涨跌幅条件)
	结果：未满足，返回code：-1
===2021-08-10 17:41:54.937===
额外条件未满足


===============================================

==============2021-08-10 17:42:13==============
===6开始执行条件2021-08-10 17:42:08.790===
===开始判断价格条件2021-08-10 17:42:08.790===
===开始判断额外/转自动条件2021-08-10 17:42:09.627===
===2021-08-10 17:42:10.612===
股票：300183指定时间段判断-额外参数：
	分组名称：1
	走势名称：时间段
		条件不成立(当前时间：2021-08-10 17:42:08.789,条件时段：09:30:00-13:00:00)
	结果：未满足
===2021-08-10 17:42:10.612===
===2021-08-10 17:42:10.908===
股票：300183板块涨跌幅判断-额外参数：
	分组名称：1
	走势名称：发
		条件不成立(不符合板块涨跌幅条件)
	结果：未满足，返回code：-1
===2021-08-10 17:42:13.613===
额外条件未满足


===============================================

==============2021-08-10 17:43:52==============
===6开始执行条件2021-08-10 17:43:50.295===
===开始判断价格条件2021-08-10 17:43:50.295===
===开始判断额外/转自动条件2021-08-10 17:43:50.526===
===2021-08-10 17:43:50.604===
股票：300183指定时间段判断-额外参数：
	分组名称：1
	走势名称：时间段
		条件不成立(当前时间：2021-08-10 17:43:50.294,条件时段：09:30:00-13:00:00)
	结果：未满足
===2021-08-10 17:43:50.604===
===2021-08-10 17:43:50.629===
股票：300183板块涨跌幅判断-额外参数：
	分组名称：1
	走势名称：发
		条件不成立(不符合板块涨跌幅条件)
	结果：未满足，返回code：-1
===2021-08-10 17:43:52.272===
额外条件未满足


===============================================

==============2021-08-10 17:44:05==============
===6开始执行条件2021-08-10 17:44:05.031===
===开始判断价格条件2021-08-10 17:44:05.031===
===开始判断额外/转自动条件2021-08-10 17:44:05.168===
===2021-08-10 17:44:05.245===
股票：300183指定时间段判断-额外参数：
	分组名称：1
	走势名称：时间段
		条件不成立(当前时间：2021-08-10 17:44:05.030,条件时段：09:30:00-13:00:00)
	结果：未满足
===2021-08-10 17:44:05.245===
===2021-08-10 17:44:05.272===
股票：300183板块涨跌幅判断-额外参数：
	分组名称：1
	走势名称：发
		条件不成立(不符合板块涨跌幅条件)
	结果：未满足，返回code：-1
===2021-08-10 17:44:05.429===
额外条件未满足


===============================================

==============2021-08-10 17:47:34==============
===6开始执行条件2021-08-10 17:47:31.374===
===开始判断价格条件2021-08-10 17:47:31.374===
===开始判断额外/转自动条件2021-08-10 17:47:31.867===
===2021-08-10 17:47:32.153===
股票：300183指定时间段判断-额外参数：
	分组名称：1
	走势名称：时间段
		条件不成立(当前时间：2021-08-10 17:47:31.374,条件时段：09:30:00-13:00:00)
	结果：未满足
===2021-08-10 17:47:32.153===
===2021-08-10 17:47:32.764===
股票：300183板块涨跌幅判断-额外参数：
	分组名称：1
	走势名称：发
		条件不成立(不符合板块涨跌幅条件)
	结果：未满足，返回code：-1
===2021-08-10 17:47:34.573===
额外条件未满足


===============================================

==============2021-08-10 17:47:50==============
===6开始执行条件2021-08-10 17:47:47.540===
===开始判断价格条件2021-08-10 17:47:47.540===
===开始判断额外/转自动条件2021-08-10 17:47:48.143===
===2021-08-10 17:47:48.634===
股票：300183指定时间段判断-额外参数：
	分组名称：1
	走势名称：时间段
		条件不成立(当前时间：2021-08-10 17:47:47.540,条件时段：09:30:00-13:00:00)
	结果：未满足
===2021-08-10 17:47:48.634===
===2021-08-10 17:47:48.761===
股票：300183板块涨跌幅判断-额外参数：
	分组名称：1
	走势名称：发
		条件不成立(不符合板块涨跌幅条件)
	结果：未满足，返回code：-1
===2021-08-10 17:47:50.592===
额外条件未满足


===============================================

==============2021-08-10 17:49:01==============
===6开始执行条件2021-08-10 17:49:00.475===
===开始判断价格条件2021-08-10 17:49:00.475===
===开始判断额外/转自动条件2021-08-10 17:49:00.723===
===2021-08-10 17:49:00.797===
股票：300183指定时间段判断-额外参数：
	分组名称：1
	走势名称：时间段
		条件不成立(当前时间：2021-08-10 17:49:00.464,条件时段：09:30:00-13:00:00)
	结果：未满足
===2021-08-10 17:49:00.797===
===2021-08-10 17:49:00.832===
股票：300183板块涨跌幅判断-额外参数：
	分组名称：1
	走势名称：发
		条件不成立(不符合板块涨跌幅条件)
	结果：未满足，返回code：-1
===2021-08-10 17:49:01.407===
额外条件未满足


===============================================

==============2021-08-10 17:49:19==============
===6开始执行条件2021-08-10 17:49:15.597===
===开始判断价格条件2021-08-10 17:49:15.597===
===开始判断额外/转自动条件2021-08-10 17:49:16.436===
===2021-08-10 17:49:17.312===
股票：300183指定时间段判断-额外参数：
	分组名称：1
	走势名称：时间段
		条件不成立(当前时间：2021-08-10 17:49:15.597,条件时段：09:30:00-13:00:00)
	结果：未满足
===2021-08-10 17:49:17.312===
===2021-08-10 17:49:17.520===
股票：300183板块涨跌幅判断-额外参数：
	分组名称：1
	走势名称：发
		条件不成立(不符合板块涨跌幅条件)
	结果：未满足，返回code：-1
===2021-08-10 17:49:19.184===
额外条件未满足


===============================================

==============2021-08-10 17:49:56==============
===6开始执行条件2021-08-10 17:49:52.058===
===开始判断价格条件2021-08-10 17:49:52.058===
===开始判断额外/转自动条件2021-08-10 17:49:52.679===
===2021-08-10 17:49:53.971===
股票：300183指定时间段判断-额外参数：
	分组名称：1
	走势名称：时间段
		条件不成立(当前时间：2021-08-10 17:49:52.056,条件时段：09:30:00-13:00:00)
	结果：未满足
===2021-08-10 17:49:53.971===
===2021-08-10 17:49:54.260===
股票：300183板块涨跌幅判断-额外参数：
	分组名称：1
	走势名称：发
		条件不成立(不符合板块涨跌幅条件)
	结果：未满足，返回code：-1
===2021-08-10 17:49:56.316===
额外条件未满足


===============================================

==============2021-08-10 17:50:09==============
===6开始执行条件2021-08-10 17:50:07.083===
===开始判断价格条件2021-08-10 17:50:07.083===
===开始判断额外/转自动条件2021-08-10 17:50:08.091===
===2021-08-10 17:50:08.587===
股票：300183指定时间段判断-额外参数：
	分组名称：1
	走势名称：时间段
		条件不成立(当前时间：2021-08-10 17:50:07.082,条件时段：09:30:00-13:00:00)
	结果：未满足
===2021-08-10 17:50:08.587===
===2021-08-10 17:50:08.985===
股票：300183板块涨跌幅判断-额外参数：
	分组名称：1
	走势名称：发
		条件不成立(不符合板块涨跌幅条件)
	结果：未满足，返回code：-1
===2021-08-10 17:50:09.392===
额外条件未满足


===============================================

==============2021-08-10 17:50:34==============
===6开始执行条件2021-08-10 17:50:29.468===
===开始判断价格条件2021-08-10 17:50:29.468===
===开始判断额外/转自动条件2021-08-10 17:50:29.899===
===2021-08-10 17:50:30.562===
股票：300183指定时间段判断-额外参数：
	分组名称：1
	走势名称：时间段
		条件不成立(当前时间：2021-08-10 17:50:29.467,条件时段：09:30:00-13:00:00)
	结果：未满足
===2021-08-10 17:50:30.562===
===2021-08-10 17:50:30.834===
股票：300183板块涨跌幅判断-额外参数：
	分组名称：1
	走势名称：发
		条件不成立(不符合板块涨跌幅条件)
	结果：未满足，返回code：-1
===2021-08-10 17:50:34.221===
额外条件未满足


===============================================

==============2021-08-10 17:50:44==============
===6开始执行条件2021-08-10 17:50:39.575===
===开始判断价格条件2021-08-10 17:50:39.575===
===开始判断额外/转自动条件2021-08-10 17:50:40.911===
===2021-08-10 17:50:41.822===
股票：300183指定时间段判断-额外参数：
	分组名称：1
	走势名称：时间段
		条件不成立(当前时间：2021-08-10 17:50:39.575,条件时段：09:30:00-13:00:00)
	结果：未满足
===2021-08-10 17:50:41.822===
===2021-08-10 17:50:41.933===
股票：300183板块涨跌幅判断-额外参数：
	分组名称：1
	走势名称：发
		条件不成立(不符合板块涨跌幅条件)
	结果：未满足，返回code：-1
===2021-08-10 17:50:44.565===
额外条件未满足


===============================================

==============2021-08-10 17:51:06==============
===6开始执行条件2021-08-10 17:51:03.094===
===开始判断价格条件2021-08-10 17:51:03.094===
===开始判断额外/转自动条件2021-08-10 17:51:03.543===
===2021-08-10 17:51:03.946===
股票：300183指定时间段判断-额外参数：
	分组名称：1
	走势名称：时间段
		条件不成立(当前时间：2021-08-10 17:51:03.093,条件时段：09:30:00-13:00:00)
	结果：未满足
===2021-08-10 17:51:03.946===
===2021-08-10 17:51:04.097===
股票：300183板块涨跌幅判断-额外参数：
	分组名称：1
	走势名称：发
		条件不成立(不符合板块涨跌幅条件)
	结果：未满足，返回code：-1
===2021-08-10 17:51:06.298===
额外条件未满足


===============================================

==============2021-08-10 17:51:18==============
===6开始执行条件2021-08-10 17:51:14.026===
===开始判断价格条件2021-08-10 17:51:14.026===
===开始判断额外/转自动条件2021-08-10 17:51:14.945===
===2021-08-10 17:51:15.435===
股票：300183指定时间段判断-额外参数：
	分组名称：1
	走势名称：时间段
		条件不成立(当前时间：2021-08-10 17:51:14.025,条件时段：09:30:00-13:00:00)
	结果：未满足
===2021-08-10 17:51:15.435===
===2021-08-10 17:51:15.765===
股票：300183板块涨跌幅判断-额外参数：
	分组名称：1
	走势名称：发
		条件不成立(不符合板块涨跌幅条件)
	结果：未满足，返回code：-1
===2021-08-10 17:51:18.264===
额外条件未满足


===============================================

==============2021-08-10 17:51:57==============
===6开始执行条件2021-08-10 17:51:56.185===
===开始判断价格条件2021-08-10 17:51:56.185===
===开始判断额外/转自动条件2021-08-10 17:51:56.428===
===2021-08-10 17:51:56.656===
股票：300183指定时间段判断-额外参数：
	分组名称：1
	走势名称：时间段
		条件不成立(当前时间：2021-08-10 17:51:56.185,条件时段：09:30:00-13:00:00)
	结果：未满足
===2021-08-10 17:51:56.656===
===2021-08-10 17:51:56.748===
股票：300183板块涨跌幅判断-额外参数：
	分组名称：1
	走势名称：发
		条件不成立(不符合板块涨跌幅条件)
	结果：未满足，返回code：-1
===2021-08-10 17:51:57.427===
额外条件未满足


===============================================

==============2021-08-10 17:52:07==============
===6开始执行条件2021-08-10 17:52:02.953===
===开始判断价格条件2021-08-10 17:52:02.953===
===开始判断额外/转自动条件2021-08-10 17:52:03.886===
===2021-08-10 17:52:04.369===
股票：300183指定时间段判断-额外参数：
	分组名称：1
	走势名称：时间段
		条件不成立(当前时间：2021-08-10 17:52:02.953,条件时段：09:30:00-13:00:00)
	结果：未满足
===2021-08-10 17:52:04.369===
===2021-08-10 17:52:04.411===
股票：300183板块涨跌幅判断-额外参数：
	分组名称：1
	走势名称：发
		条件不成立(不符合板块涨跌幅条件)
	结果：未满足，返回code：-1
===2021-08-10 17:52:07.048===
额外条件未满足


===============================================

==============2021-08-10 17:52:22==============
===6开始执行条件2021-08-10 17:52:18.436===
===开始判断价格条件2021-08-10 17:52:18.436===
===开始判断额外/转自动条件2021-08-10 17:52:19.280===
===2021-08-10 17:52:20.274===
股票：300183指定时间段判断-额外参数：
	分组名称：1
	走势名称：时间段
		条件不成立(当前时间：2021-08-10 17:52:18.436,条件时段：09:30:00-13:00:00)
	结果：未满足
===2021-08-10 17:52:20.275===
===2021-08-10 17:52:20.741===
股票：300183板块涨跌幅判断-额外参数：
	分组名称：1
	走势名称：发
		条件不成立(不符合板块涨跌幅条件)
	结果：未满足，返回code：-1
===2021-08-10 17:52:22.598===
额外条件未满足


===============================================

==============2021-08-10 17:52:42==============
===6开始执行条件2021-08-10 17:52:39.953===
===开始判断价格条件2021-08-10 17:52:39.953===
===开始判断额外/转自动条件2021-08-10 17:52:40.647===
===2021-08-10 17:52:40.920===
股票：300183指定时间段判断-额外参数：
	分组名称：1
	走势名称：时间段
		条件不成立(当前时间：2021-08-10 17:52:39.952,条件时段：09:30:00-13:00:00)
	结果：未满足
===2021-08-10 17:52:40.920===
===2021-08-10 17:52:40.986===
股票：300183板块涨跌幅判断-额外参数：
	分组名称：1
	走势名称：发
		条件不成立(不符合板块涨跌幅条件)
	结果：未满足，返回code：-1
===2021-08-10 17:52:42.447===
额外条件未满足


===============================================

==============2021-08-10 17:52:59==============
===6开始执行条件2021-08-10 17:52:54.069===
===开始判断价格条件2021-08-10 17:52:54.069===
===开始判断额外/转自动条件2021-08-10 17:52:55.612===
===2021-08-10 17:52:56.394===
股票：300183指定时间段判断-额外参数：
	分组名称：1
	走势名称：时间段
		条件不成立(当前时间：2021-08-10 17:52:54.069,条件时段：09:30:00-13:00:00)
	结果：未满足
===2021-08-10 17:52:56.394===
===2021-08-10 17:52:57.018===
股票：300183板块涨跌幅判断-额外参数：
	分组名称：1
	走势名称：发
		条件不成立(不符合板块涨跌幅条件)
	结果：未满足，返回code：-1
===2021-08-10 17:52:59.311===
额外条件未满足


===============================================

==============2021-08-10 17:53:11==============
===6开始执行条件2021-08-10 17:53:10.667===
===开始判断价格条件2021-08-10 17:53:10.667===
===开始判断额外/转自动条件2021-08-10 17:53:10.850===
===2021-08-10 17:53:10.897===
股票：300183指定时间段判断-额外参数：
	分组名称：1
	走势名称：时间段
		条件不成立(当前时间：2021-08-10 17:53:10.667,条件时段：09:30:00-13:00:00)
	结果：未满足
===2021-08-10 17:53:10.897===
===2021-08-10 17:53:11.007===
股票：300183板块涨跌幅判断-额外参数：
	分组名称：1
	走势名称：发
		条件不成立(不符合板块涨跌幅条件)
	结果：未满足，返回code：-1
===2021-08-10 17:53:11.767===
额外条件未满足


===============================================

==============2021-08-10 17:53:30==============
===6开始执行条件2021-08-10 17:53:27.782===
===开始判断价格条件2021-08-10 17:53:27.782===
===开始判断额外/转自动条件2021-08-10 17:53:28.149===
===2021-08-10 17:53:28.414===
股票：300183指定时间段判断-额外参数：
	分组名称：1
	走势名称：时间段
		条件不成立(当前时间：2021-08-10 17:53:27.782,条件时段：09:30:00-13:00:00)
	结果：未满足
===2021-08-10 17:53:28.414===
===2021-08-10 17:53:28.862===
股票：300183板块涨跌幅判断-额外参数：
	分组名称：1
	走势名称：发
		条件不成立(不符合板块涨跌幅条件)
	结果：未满足，返回code：-1
===2021-08-10 17:53:30.015===
额外条件未满足


===============================================

==============2021-08-10 17:53:42==============
===6开始执行条件2021-08-10 17:53:39.585===
===开始判断价格条件2021-08-10 17:53:39.585===
===开始判断额外/转自动条件2021-08-10 17:53:40.024===
===2021-08-10 17:53:40.666===
股票：300183指定时间段判断-额外参数：
	分组名称：1
	走势名称：时间段
		条件不成立(当前时间：2021-08-10 17:53:39.584,条件时段：09:30:00-13:00:00)
	结果：未满足
===2021-08-10 17:53:40.666===
===2021-08-10 17:53:40.793===
股票：300183板块涨跌幅判断-额外参数：
	分组名称：1
	走势名称：发
		条件不成立(不符合板块涨跌幅条件)
	结果：未满足，返回code：-1
===2021-08-10 17:53:42.460===
额外条件未满足


===============================================

==============2021-08-10 17:53:59==============
===6开始执行条件2021-08-10 17:53:58.707===
===开始判断价格条件2021-08-10 17:53:58.707===
===开始判断额外/转自动条件2021-08-10 17:53:58.776===
===2021-08-10 17:53:58.956===
股票：300183指定时间段判断-额外参数：
	分组名称：1
	走势名称：时间段
		条件不成立(当前时间：2021-08-10 17:53:58.706,条件时段：09:30:00-13:00:00)
	结果：未满足
===2021-08-10 17:53:58.956===
===2021-08-10 17:53:59.002===
股票：300183板块涨跌幅判断-额外参数：
	分组名称：1
	走势名称：发
		条件不成立(不符合板块涨跌幅条件)
	结果：未满足，返回code：-1
===2021-08-10 17:53:59.375===
额外条件未满足


===============================================

==============2021-08-10 17:54:15==============
===6开始执行条件2021-08-10 17:54:14.188===
===开始判断价格条件2021-08-10 17:54:14.188===
===开始判断额外/转自动条件2021-08-10 17:54:14.387===
===2021-08-10 17:54:14.523===
股票：300183指定时间段判断-额外参数：
	分组名称：1
	走势名称：时间段
		条件不成立(当前时间：2021-08-10 17:54:14.188,条件时段：09:30:00-13:00:00)
	结果：未满足
===2021-08-10 17:54:14.523===
===2021-08-10 17:54:14.548===
股票：300183板块涨跌幅判断-额外参数：
	分组名称：1
	走势名称：发
		条件不成立(不符合板块涨跌幅条件)
	结果：未满足，返回code：-1
===2021-08-10 17:54:15.377===
额外条件未满足


===============================================

