==============2021-08-06 14:25:56==============
===6开始执行条件2021-08-06 14:25:55.032===
===开始判断价格条件2021-08-06 14:25:55.032===
===开始判断额外/转自动条件2021-08-06 14:25:55.154===
===2021-08-06 14:25:55.196===
股票：300183指定时间段判断-额外参数：
	分组名称：1
	走势名称：时间段
		条件不成立(当前时间：2021-08-06 14:25:55.032,条件时段：09:30:00-13:00:00)
	结果：未满足
===2021-08-06 14:25:55.196===
===2021-08-06 14:25:55.223===
股票：300183板块涨跌幅判断-额外参数：
	分组名称：1
	走势名称：发
		条件不成立(不符合板块涨跌幅条件)
	结果：未满足，返回code：-1
===2021-08-06 14:25:56.514===
额外条件未满足


===============================================

==============2021-08-06 14:26:10==============
===6开始执行条件2021-08-06 14:26:08.907===
===开始判断价格条件2021-08-06 14:26:08.907===
===开始判断额外/转自动条件2021-08-06 14:26:09.104===
===2021-08-06 14:26:09.175===
股票：300183指定时间段判断-额外参数：
	分组名称：1
	走势名称：时间段
		条件不成立(当前时间：2021-08-06 14:26:08.907,条件时段：09:30:00-13:00:00)
	结果：未满足
===2021-08-06 14:26:09.175===
===2021-08-06 14:26:09.263===
股票：300183板块涨跌幅判断-额外参数：
	分组名称：1
	走势名称：发
		条件不成立(不符合板块涨跌幅条件)
	结果：未满足，返回code：-1
===2021-08-06 14:26:10.388===
额外条件未满足


===============================================

==============2021-08-06 14:26:39==============
===6开始执行条件2021-08-06 14:26:36.562===
===开始判断价格条件2021-08-06 14:26:36.562===
===开始判断额外/转自动条件2021-08-06 14:26:37.085===
===2021-08-06 14:26:37.553===
股票：300183指定时间段判断-额外参数：
	分组名称：1
	走势名称：时间段
		条件不成立(当前时间：2021-08-06 14:26:36.561,条件时段：09:30:00-13:00:00)
	结果：未满足
===2021-08-06 14:26:37.553===
===2021-08-06 14:26:37.572===
股票：300183板块涨跌幅判断-额外参数：
	分组名称：1
	走势名称：发
		条件不成立(不符合板块涨跌幅条件)
	结果：未满足，返回code：-1
===2021-08-06 14:26:39.589===
额外条件未满足


===============================================

==============2021-08-06 14:29:17==============
===6开始执行条件2021-08-06 14:29:14.908===
===开始判断价格条件2021-08-06 14:29:14.908===
===开始判断额外/转自动条件2021-08-06 14:29:15.282===
===2021-08-06 14:29:15.644===
股票：300183指定时间段判断-额外参数：
	分组名称：1
	走势名称：时间段
		条件不成立(当前时间：2021-08-06 14:29:14.908,条件时段：09:30:00-13:00:00)
	结果：未满足
===2021-08-06 14:29:15.644===
===2021-08-06 14:29:15.756===
股票：300183板块涨跌幅判断-额外参数：
	分组名称：1
	走势名称：发
		条件不成立(不符合板块涨跌幅条件)
	结果：未满足，返回code：-1
===2021-08-06 14:29:17.190===
额外条件未满足


===============================================

==============2021-08-06 14:34:35==============
===6开始执行条件2021-08-06 14:34:34.252===
===开始判断价格条件2021-08-06 14:34:34.252===
===开始判断额外/转自动条件2021-08-06 14:34:34.624===
===2021-08-06 14:34:34.729===
股票：300183指定时间段判断-额外参数：
	分组名称：1
	走势名称：时间段
		条件不成立(当前时间：2021-08-06 14:34:34.251,条件时段：09:30:00-13:00:00)
	结果：未满足
===2021-08-06 14:34:34.729===
===2021-08-06 14:34:34.779===
股票：300183板块涨跌幅判断-额外参数：
	分组名称：1
	走势名称：发
		条件不成立(不符合板块涨跌幅条件)
	结果：未满足，返回code：-1
===2021-08-06 14:34:35.159===
额外条件未满足


===============================================

==============2021-08-06 14:41:06==============
===6开始执行条件2021-08-06 14:41:05.368===
===开始判断价格条件2021-08-06 14:41:05.368===
===开始判断额外/转自动条件2021-08-06 14:41:05.450===
===2021-08-06 14:41:05.686===
股票：300183指定时间段判断-额外参数：
	分组名称：1
	走势名称：时间段
		条件不成立(当前时间：2021-08-06 14:41:05.367,条件时段：09:30:00-13:00:00)
	结果：未满足
===2021-08-06 14:41:05.686===
===2021-08-06 14:41:05.704===
股票：300183板块涨跌幅判断-额外参数：
	分组名称：1
	走势名称：发
		条件不成立(不符合板块涨跌幅条件)
	结果：未满足，返回code：-1
===2021-08-06 14:41:06.124===
额外条件未满足


===============================================

==============2021-08-06 14:41:18==============
===6开始执行条件2021-08-06 14:41:17.086===
===开始判断价格条件2021-08-06 14:41:17.086===
===开始判断额外/转自动条件2021-08-06 14:41:17.386===
===2021-08-06 14:41:17.435===
股票：300183指定时间段判断-额外参数：
	分组名称：1
	走势名称：时间段
		条件不成立(当前时间：2021-08-06 14:41:17.086,条件时段：09:30:00-13:00:00)
	结果：未满足
===2021-08-06 14:41:17.435===
===2021-08-06 14:41:17.469===
股票：300183板块涨跌幅判断-额外参数：
	分组名称：1
	走势名称：发
		条件不成立(不符合板块涨跌幅条件)
	结果：未满足，返回code：-1
===2021-08-06 14:41:18.044===
额外条件未满足


===============================================

==============2021-08-06 14:41:47==============
===6开始执行条件2021-08-06 14:41:42.246===
===开始判断价格条件2021-08-06 14:41:42.246===
===开始判断额外/转自动条件2021-08-06 14:41:43.676===
===2021-08-06 14:41:44.621===
股票：300183指定时间段判断-额外参数：
	分组名称：1
	走势名称：时间段
		条件不成立(当前时间：2021-08-06 14:41:42.246,条件时段：09:30:00-13:00:00)
	结果：未满足
===2021-08-06 14:41:44.621===
===2021-08-06 14:41:44.804===
股票：300183板块涨跌幅判断-额外参数：
	分组名称：1
	走势名称：发
		条件不成立(不符合板块涨跌幅条件)
	结果：未满足，返回code：-1
===2021-08-06 14:41:47.034===
额外条件未满足


===============================================

==============2021-08-06 14:42:37==============
===6开始执行条件2021-08-06 14:42:33.537===
===开始判断价格条件2021-08-06 14:42:33.537===
===开始判断额外/转自动条件2021-08-06 14:42:34.373===
===2021-08-06 14:42:34.846===
股票：300183指定时间段判断-额外参数：
	分组名称：1
	走势名称：时间段
		条件不成立(当前时间：2021-08-06 14:42:33.530,条件时段：09:30:00-13:00:00)
	结果：未满足
===2021-08-06 14:42:34.846===
===2021-08-06 14:42:35.349===
股票：300183板块涨跌幅判断-额外参数：
	分组名称：1
	走势名称：发
		条件不成立(不符合板块涨跌幅条件)
	结果：未满足，返回code：-1
===2021-08-06 14:42:37.343===
额外条件未满足


===============================================

==============2021-08-06 14:43:01==============
===6开始执行条件2021-08-06 14:42:55.312===
===开始判断价格条件2021-08-06 14:42:55.312===
===开始判断额外/转自动条件2021-08-06 14:42:56.578===
===2021-08-06 14:42:57.941===
股票：300183指定时间段判断-额外参数：
	分组名称：1
	走势名称：时间段
		条件不成立(当前时间：2021-08-06 14:42:55.311,条件时段：09:30:00-13:00:00)
	结果：未满足
===2021-08-06 14:42:57.941===
===2021-08-06 14:42:58.093===
股票：300183板块涨跌幅判断-额外参数：
	分组名称：1
	走势名称：发
		条件不成立(不符合板块涨跌幅条件)
	结果：未满足，返回code：-1
===2021-08-06 14:43:01.472===
额外条件未满足


===============================================

==============2021-08-06 15:05:33==============
===6开始执行条件2021-08-06 15:05:15.948===
===开始判断价格条件2021-08-06 15:05:15.948===
===开始判断额外/转自动条件2021-08-06 15:05:22.707===
===2021-08-06 15:05:23.418===
股票：300183指定时间段判断-额外参数：
	分组名称：1
	走势名称：时间段
		条件不成立(当前时间：2021-08-06 15:05:15.941,条件时段：09:30:00-13:00:00)
	结果：未满足
===2021-08-06 15:05:23.419===
===2021-08-06 15:05:23.857===
股票：300183板块涨跌幅判断-额外参数：
	分组名称：1
	走势名称：发
		条件不成立(不符合板块涨跌幅条件)
	结果：未满足，返回code：-1
===2021-08-06 15:05:33.526===
额外条件未满足


===============================================

==============2021-08-06 15:06:16==============
===6开始执行条件2021-08-06 15:06:09.587===
===开始判断价格条件2021-08-06 15:06:09.587===
===开始判断额外/转自动条件2021-08-06 15:06:10.968===
===2021-08-06 15:06:11.455===
股票：300183指定时间段判断-额外参数：
	分组名称：1
	走势名称：时间段
		条件不成立(当前时间：2021-08-06 15:06:09.586,条件时段：09:30:00-13:00:00)
	结果：未满足
===2021-08-06 15:06:11.455===
===2021-08-06 15:06:11.594===
股票：300183板块涨跌幅判断-额外参数：
	分组名称：1
	走势名称：发
		条件不成立(不符合板块涨跌幅条件)
	结果：未满足，返回code：-1
===2021-08-06 15:06:16.197===
额外条件未满足


===============================================

==============2021-08-06 15:06:33==============
===6开始执行条件2021-08-06 15:06:27.910===
===开始判断价格条件2021-08-06 15:06:27.910===
===开始判断额外/转自动条件2021-08-06 15:06:29.089===
===2021-08-06 15:06:30.085===
股票：300183指定时间段判断-额外参数：
	分组名称：1
	走势名称：时间段
		条件不成立(当前时间：2021-08-06 15:06:27.910,条件时段：09:30:00-13:00:00)
	结果：未满足
===2021-08-06 15:06:30.086===
===2021-08-06 15:06:30.610===
股票：300183板块涨跌幅判断-额外参数：
	分组名称：1
	走势名称：发
		条件不成立(不符合板块涨跌幅条件)
	结果：未满足，返回code：-1
===2021-08-06 15:06:33.947===
额外条件未满足


===============================================

==============2021-08-06 15:07:45==============
===6开始执行条件2021-08-06 15:06:47.743===
===开始判断价格条件2021-08-06 15:06:47.743===
===开始判断额外/转自动条件2021-08-06 15:06:50.149===
===2021-08-06 15:06:50.866===
股票：300183指定时间段判断-额外参数：
	分组名称：1
	走势名称：时间段
		条件不成立(当前时间：2021-08-06 15:06:47.740,条件时段：09:30:00-13:00:00)
	结果：未满足
===2021-08-06 15:06:50.866===
===2021-08-06 15:06:51.327===
股票：300183板块涨跌幅判断-额外参数：
	分组名称：1
	走势名称：发
		条件不成立(不符合板块涨跌幅条件)
	结果：未满足，返回code：-1
===2021-08-06 15:07:45.475===
额外条件未满足


===============================================

==============2021-08-06 15:12:14==============
===6开始执行条件2021-08-06 15:12:10.714===
===开始判断价格条件2021-08-06 15:12:10.714===
===开始判断额外/转自动条件2021-08-06 15:12:11.677===
===2021-08-06 15:12:12.383===
股票：300183指定时间段判断-额外参数：
	分组名称：1
	走势名称：时间段
		条件不成立(当前时间：2021-08-06 15:12:10.714,条件时段：09:30:00-13:00:00)
	结果：未满足
===2021-08-06 15:12:12.384===
===2021-08-06 15:12:12.574===
股票：300183板块涨跌幅判断-额外参数：
	分组名称：1
	走势名称：发
		条件不成立(不符合板块涨跌幅条件)
	结果：未满足，返回code：-1
===2021-08-06 15:12:14.850===
额外条件未满足


===============================================

==============2021-08-06 15:12:47==============
===6开始执行条件2021-08-06 15:12:45.362===
===开始判断价格条件2021-08-06 15:12:45.362===
===开始判断额外/转自动条件2021-08-06 15:12:45.496===
===2021-08-06 15:12:45.949===
股票：300183指定时间段判断-额外参数：
	分组名称：1
	走势名称：时间段
		条件不成立(当前时间：2021-08-06 15:12:45.356,条件时段：09:30:00-13:00:00)
	结果：未满足
===2021-08-06 15:12:45.949===
===2021-08-06 15:12:45.966===
股票：300183板块涨跌幅判断-额外参数：
	分组名称：1
	走势名称：发
		条件不成立(不符合板块涨跌幅条件)
	结果：未满足，返回code：-1
===2021-08-06 15:12:47.504===
额外条件未满足


===============================================

==============2021-08-06 15:14:06==============
===6开始执行条件2021-08-06 15:14:05.691===
===开始判断价格条件2021-08-06 15:14:05.691===
===开始判断额外/转自动条件2021-08-06 15:14:05.895===
===2021-08-06 15:14:06.026===
股票：300183指定时间段判断-额外参数：
	分组名称：1
	走势名称：时间段
		条件不成立(当前时间：2021-08-06 15:14:05.691,条件时段：09:30:00-13:00:00)
	结果：未满足
===2021-08-06 15:14:06.026===
===2021-08-06 15:14:06.045===
股票：300183板块涨跌幅判断-额外参数：
	分组名称：1
	走势名称：发
		条件不成立(不符合板块涨跌幅条件)
	结果：未满足，返回code：-1
===2021-08-06 15:14:06.457===
额外条件未满足


===============================================

==============2021-08-06 15:26:54==============
===6开始执行条件2021-08-06 15:26:53.452===
===开始判断价格条件2021-08-06 15:26:53.452===
===开始判断额外/转自动条件2021-08-06 15:26:53.594===
===2021-08-06 15:26:53.771===
股票：300183指定时间段判断-额外参数：
	分组名称：1
	走势名称：时间段
		条件不成立(当前时间：2021-08-06 15:26:53.444,条件时段：09:30:00-13:00:00)
	结果：未满足
===2021-08-06 15:26:53.771===
===2021-08-06 15:26:53.845===
股票：300183板块涨跌幅判断-额外参数：
	分组名称：1
	走势名称：发
		条件不成立(不符合板块涨跌幅条件)
	结果：未满足，返回code：-1
===2021-08-06 15:26:54.316===
额外条件未满足


===============================================

==============2021-08-06 15:28:00==============
===6开始执行条件2021-08-06 15:27:56.871===
===开始判断价格条件2021-08-06 15:27:56.871===
===开始判断额外/转自动条件2021-08-06 15:27:57.771===
===2021-08-06 15:27:58.341===
股票：300183指定时间段判断-额外参数：
	分组名称：1
	走势名称：时间段
		条件不成立(当前时间：2021-08-06 15:27:56.871,条件时段：09:30:00-13:00:00)
	结果：未满足
===2021-08-06 15:27:58.341===
===2021-08-06 15:27:58.691===
股票：300183板块涨跌幅判断-额外参数：
	分组名称：1
	走势名称：发
		条件不成立(不符合板块涨跌幅条件)
	结果：未满足，返回code：-1
===2021-08-06 15:28:00.269===
额外条件未满足


===============================================

==============2021-08-06 15:28:33==============
===6开始执行条件2021-08-06 15:28:29.675===
===开始判断价格条件2021-08-06 15:28:29.675===
===开始判断额外/转自动条件2021-08-06 15:28:30.143===
===2021-08-06 15:28:30.558===
股票：300183指定时间段判断-额外参数：
	分组名称：1
	走势名称：时间段
		条件不成立(当前时间：2021-08-06 15:28:29.672,条件时段：09:30:00-13:00:00)
	结果：未满足
===2021-08-06 15:28:30.558===
===2021-08-06 15:28:30.720===
股票：300183板块涨跌幅判断-额外参数：
	分组名称：1
	走势名称：发
		条件不成立(不符合板块涨跌幅条件)
	结果：未满足，返回code：-1
===2021-08-06 15:28:33.914===
额外条件未满足


===============================================

==============2021-08-06 15:28:51==============
===6开始执行条件2021-08-06 15:28:48.163===
===开始判断价格条件2021-08-06 15:28:48.163===
===开始判断额外/转自动条件2021-08-06 15:28:48.936===
===2021-08-06 15:28:49.460===
股票：300183指定时间段判断-额外参数：
	分组名称：1
	走势名称：时间段
		条件不成立(当前时间：2021-08-06 15:28:48.163,条件时段：09:30:00-13:00:00)
	结果：未满足
===2021-08-06 15:28:49.460===
===2021-08-06 15:28:49.612===
股票：300183板块涨跌幅判断-额外参数：
	分组名称：1
	走势名称：发
		条件不成立(不符合板块涨跌幅条件)
	结果：未满足，返回code：-1
===2021-08-06 15:28:51.114===
额外条件未满足


===============================================

==============2021-08-06 15:30:00==============
===6开始执行条件2021-08-06 15:29:59.906===
===开始判断价格条件2021-08-06 15:29:59.906===
===开始判断额外/转自动条件2021-08-06 15:30:00.059===
===2021-08-06 15:30:00.165===
股票：300183指定时间段判断-额外参数：
	分组名称：1
	走势名称：时间段
		条件不成立(当前时间：2021-08-06 15:29:59.905,条件时段：09:30:00-13:00:00)
	结果：未满足
===2021-08-06 15:30:00.165===
===2021-08-06 15:30:00.184===
股票：300183板块涨跌幅判断-额外参数：
	分组名称：1
	走势名称：发
		条件不成立(不符合板块涨跌幅条件)
	结果：未满足，返回code：-1
===2021-08-06 15:30:00.777===
额外条件未满足


===============================================

==============2021-08-06 15:30:19==============
===6开始执行条件2021-08-06 15:30:16.590===
===开始判断价格条件2021-08-06 15:30:16.590===
===开始判断额外/转自动条件2021-08-06 15:30:17.124===
===2021-08-06 15:30:17.351===
股票：300183指定时间段判断-额外参数：
	分组名称：1
	走势名称：时间段
		条件不成立(当前时间：2021-08-06 15:30:16.590,条件时段：09:30:00-13:00:00)
	结果：未满足
===2021-08-06 15:30:17.351===
===2021-08-06 15:30:17.518===
股票：300183板块涨跌幅判断-额外参数：
	分组名称：1
	走势名称：发
		条件不成立(不符合板块涨跌幅条件)
	结果：未满足，返回code：-1
===2021-08-06 15:30:19.560===
额外条件未满足


===============================================

==============2021-08-06 15:30:39==============
===6开始执行条件2021-08-06 15:30:37.946===
===开始判断价格条件2021-08-06 15:30:37.946===
===开始判断额外/转自动条件2021-08-06 15:30:38.076===
===2021-08-06 15:30:38.367===
股票：300183指定时间段判断-额外参数：
	分组名称：1
	走势名称：时间段
		条件不成立(当前时间：2021-08-06 15:30:37.946,条件时段：09:30:00-13:00:00)
	结果：未满足
===2021-08-06 15:30:38.367===
===2021-08-06 15:30:39.289===
股票：300183板块涨跌幅判断-额外参数：
	分组名称：1
	走势名称：发
		条件不成立(不符合板块涨跌幅条件)
	结果：未满足，返回code：-1
===2021-08-06 15:30:39.496===
额外条件未满足


===============================================

==============2021-08-06 15:30:58==============
===6开始执行条件2021-08-06 15:30:55.055===
===开始判断价格条件2021-08-06 15:30:55.055===
===开始判断额外/转自动条件2021-08-06 15:30:55.651===
===2021-08-06 15:30:56.058===
股票：300183指定时间段判断-额外参数：
	分组名称：1
	走势名称：时间段
		条件不成立(当前时间：2021-08-06 15:30:55.055,条件时段：09:30:00-13:00:00)
	结果：未满足
===2021-08-06 15:30:56.058===
===2021-08-06 15:30:56.172===
股票：300183板块涨跌幅判断-额外参数：
	分组名称：1
	走势名称：发
		条件不成立(不符合板块涨跌幅条件)
	结果：未满足，返回code：-1
===2021-08-06 15:30:58.296===
额外条件未满足


===============================================

==============2021-08-06 15:31:14==============
===6开始执行条件2021-08-06 15:31:13.974===
===开始判断价格条件2021-08-06 15:31:13.974===
===开始判断额外/转自动条件2021-08-06 15:31:14.045===
===2021-08-06 15:31:14.092===
股票：300183指定时间段判断-额外参数：
	分组名称：1
	走势名称：时间段
		条件不成立(当前时间：2021-08-06 15:31:13.974,条件时段：09:30:00-13:00:00)
	结果：未满足
===2021-08-06 15:31:14.092===
===2021-08-06 15:31:14.252===
股票：300183板块涨跌幅判断-额外参数：
	分组名称：1
	走势名称：发
		条件不成立(不符合板块涨跌幅条件)
	结果：未满足，返回code：-1
===2021-08-06 15:31:14.470===
额外条件未满足


===============================================

==============2021-08-06 15:31:53==============
===6开始执行条件2021-08-06 15:31:49.411===
===开始判断价格条件2021-08-06 15:31:49.411===
===开始判断额外/转自动条件2021-08-06 15:31:50.564===
===2021-08-06 15:31:51.352===
股票：300183指定时间段判断-额外参数：
	分组名称：1
	走势名称：时间段
		条件不成立(当前时间：2021-08-06 15:31:49.411,条件时段：09:30:00-13:00:00)
	结果：未满足
===2021-08-06 15:31:51.352===
===2021-08-06 15:31:51.580===
股票：300183板块涨跌幅判断-额外参数：
	分组名称：1
	走势名称：发
		条件不成立(不符合板块涨跌幅条件)
	结果：未满足，返回code：-1
===2021-08-06 15:31:53.977===
额外条件未满足


===============================================

==============2021-08-06 15:32:15==============
===6开始执行条件2021-08-06 15:32:11.490===
===开始判断价格条件2021-08-06 15:32:11.490===
===开始判断额外/转自动条件2021-08-06 15:32:12.238===
===2021-08-06 15:32:12.755===
股票：300183指定时间段判断-额外参数：
	分组名称：1
	走势名称：时间段
		条件不成立(当前时间：2021-08-06 15:32:11.472,条件时段：09:30:00-13:00:00)
	结果：未满足
===2021-08-06 15:32:12.755===
===2021-08-06 15:32:13.276===
股票：300183板块涨跌幅判断-额外参数：
	分组名称：1
	走势名称：发
		条件不成立(不符合板块涨跌幅条件)
	结果：未满足，返回code：-1
===2021-08-06 15:32:15.734===
额外条件未满足


===============================================

==============2021-08-06 15:32:32==============
===6开始执行条件2021-08-06 15:32:30.331===
===开始判断价格条件2021-08-06 15:32:30.331===
===开始判断额外/转自动条件2021-08-06 15:32:30.821===
===2021-08-06 15:32:31.457===
股票：300183指定时间段判断-额外参数：
	分组名称：1
	走势名称：时间段
		条件不成立(当前时间：2021-08-06 15:32:30.187,条件时段：09:30:00-13:00:00)
	结果：未满足
===2021-08-06 15:32:31.458===
===2021-08-06 15:32:31.610===
股票：300183板块涨跌幅判断-额外参数：
	分组名称：1
	走势名称：发
		条件不成立(不符合板块涨跌幅条件)
	结果：未满足，返回code：-1
===2021-08-06 15:32:32.979===
额外条件未满足


===============================================

==============2021-08-06 15:38:31==============
===6开始执行条件2021-08-06 15:38:30.509===
===开始判断价格条件2021-08-06 15:38:30.509===
===开始判断额外/转自动条件2021-08-06 15:38:30.621===
===2021-08-06 15:38:30.813===
股票：300183指定时间段判断-额外参数：
	分组名称：1
	走势名称：时间段
		条件不成立(当前时间：2021-08-06 15:38:30.508,条件时段：09:30:00-13:00:00)
	结果：未满足
===2021-08-06 15:38:30.813===
===2021-08-06 15:38:30.903===
股票：300183板块涨跌幅判断-额外参数：
	分组名称：1
	走势名称：发
		条件不成立(不符合板块涨跌幅条件)
	结果：未满足，返回code：-1
===2021-08-06 15:38:31.517===
额外条件未满足


===============================================

==============2021-08-06 17:04:38==============
===6开始执行条件2021-08-06 17:04:34.791===
===开始判断价格条件2021-08-06 17:04:34.791===
===开始判断额外/转自动条件2021-08-06 17:04:35.321===
===2021-08-06 17:04:35.635===
股票：300183指定时间段判断-额外参数：
	分组名称：1
	走势名称：时间段
		条件不成立(当前时间：2021-08-06 17:04:34.791,条件时段：09:30:00-13:00:00)
	结果：未满足
===2021-08-06 17:04:35.635===
===2021-08-06 17:04:35.896===
股票：300183板块涨跌幅判断-额外参数：
	分组名称：1
	走势名称：发
		条件不成立(不符合板块涨跌幅条件)
	结果：未满足，返回code：-1
===2021-08-06 17:04:38.768===
额外条件未满足


===============================================

==============2021-08-06 17:04:48==============
===6开始执行条件2021-08-06 17:04:47.092===
===开始判断价格条件2021-08-06 17:04:47.092===
===开始判断额外/转自动条件2021-08-06 17:04:47.227===
===2021-08-06 17:04:47.356===
股票：300183指定时间段判断-额外参数：
	分组名称：1
	走势名称：时间段
		条件不成立(当前时间：2021-08-06 17:04:47.092,条件时段：09:30:00-13:00:00)
	结果：未满足
===2021-08-06 17:04:47.356===
===2021-08-06 17:04:47.416===
股票：300183板块涨跌幅判断-额外参数：
	分组名称：1
	走势名称：发
		条件不成立(不符合板块涨跌幅条件)
	结果：未满足，返回code：-1
===2021-08-06 17:04:48.002===
额外条件未满足


===============================================

==============2021-08-06 17:05:09==============
===6开始执行条件2021-08-06 17:05:08.025===
===开始判断价格条件2021-08-06 17:05:08.025===
===开始判断额外/转自动条件2021-08-06 17:05:08.279===
===2021-08-06 17:05:08.402===
股票：300183指定时间段判断-额外参数：
	分组名称：1
	走势名称：时间段
		条件不成立(当前时间：2021-08-06 17:05:08.016,条件时段：09:30:00-13:00:00)
	结果：未满足
===2021-08-06 17:05:08.402===
===2021-08-06 17:05:08.447===
股票：300183板块涨跌幅判断-额外参数：
	分组名称：1
	走势名称：发
		条件不成立(不符合板块涨跌幅条件)
	结果：未满足，返回code：-1
===2021-08-06 17:05:09.627===
额外条件未满足


===============================================

==============2021-08-06 17:05:27==============
===6开始执行条件2021-08-06 17:05:25.720===
===开始判断价格条件2021-08-06 17:05:25.720===
===开始判断额外/转自动条件2021-08-06 17:05:26.151===
===2021-08-06 17:05:26.640===
股票：300183指定时间段判断-额外参数：
	分组名称：1
	走势名称：时间段
		条件不成立(当前时间：2021-08-06 17:05:25.720,条件时段：09:30:00-13:00:00)
	结果：未满足
===2021-08-06 17:05:26.644===
===2021-08-06 17:05:26.825===
股票：300183板块涨跌幅判断-额外参数：
	分组名称：1
	走势名称：发
		条件不成立(不符合板块涨跌幅条件)
	结果：未满足，返回code：-1
===2021-08-06 17:05:27.467===
额外条件未满足


===============================================

==============2021-08-06 17:05:48==============
===6开始执行条件2021-08-06 17:05:46.111===
===开始判断价格条件2021-08-06 17:05:46.111===
===开始判断额外/转自动条件2021-08-06 17:05:46.555===
===2021-08-06 17:05:46.736===
股票：300183指定时间段判断-额外参数：
	分组名称：1
	走势名称：时间段
		条件不成立(当前时间：2021-08-06 17:05:46.110,条件时段：09:30:00-13:00:00)
	结果：未满足
===2021-08-06 17:05:46.736===
===2021-08-06 17:05:46.797===
股票：300183板块涨跌幅判断-额外参数：
	分组名称：1
	走势名称：发
		条件不成立(不符合板块涨跌幅条件)
	结果：未满足，返回code：-1
===2021-08-06 17:05:48.165===
额外条件未满足


===============================================

==============2021-08-06 17:06:15==============
===6开始执行条件2021-08-06 17:06:08.978===
===开始判断价格条件2021-08-06 17:06:08.978===
===开始判断额外/转自动条件2021-08-06 17:06:10.155===
===2021-08-06 17:06:11.509===
股票：300183指定时间段判断-额外参数：
	分组名称：1
	走势名称：时间段
		条件不成立(当前时间：2021-08-06 17:06:08.977,条件时段：09:30:00-13:00:00)
	结果：未满足
===2021-08-06 17:06:11.509===
===2021-08-06 17:06:11.798===
股票：300183板块涨跌幅判断-额外参数：
	分组名称：1
	走势名称：发
		条件不成立(不符合板块涨跌幅条件)
	结果：未满足，返回code：-1
===2021-08-06 17:06:15.322===
额外条件未满足


===============================================

==============2021-08-06 17:06:35==============
===6开始执行条件2021-08-06 17:06:31.808===
===开始判断价格条件2021-08-06 17:06:31.808===
===开始判断额外/转自动条件2021-08-06 17:06:32.779===
===2021-08-06 17:06:33.227===
股票：300183指定时间段判断-额外参数：
	分组名称：1
	走势名称：时间段
		条件不成立(当前时间：2021-08-06 17:06:31.808,条件时段：09:30:00-13:00:00)
	结果：未满足
===2021-08-06 17:06:33.227===
===2021-08-06 17:06:33.385===
股票：300183板块涨跌幅判断-额外参数：
	分组名称：1
	走势名称：发
		条件不成立(不符合板块涨跌幅条件)
	结果：未满足，返回code：-1
===2021-08-06 17:06:35.551===
额外条件未满足


===============================================

==============2021-08-06 17:06:56==============
===6开始执行条件2021-08-06 17:06:53.720===
===开始判断价格条件2021-08-06 17:06:53.720===
===开始判断额外/转自动条件2021-08-06 17:06:54.628===
===2021-08-06 17:06:55.121===
股票：300183指定时间段判断-额外参数：
	分组名称：1
	走势名称：时间段
		条件不成立(当前时间：2021-08-06 17:06:53.717,条件时段：09:30:00-13:00:00)
	结果：未满足
===2021-08-06 17:06:55.121===
===2021-08-06 17:06:55.202===
股票：300183板块涨跌幅判断-额外参数：
	分组名称：1
	走势名称：发
		条件不成立(不符合板块涨跌幅条件)
	结果：未满足，返回code：-1
===2021-08-06 17:06:56.372===
额外条件未满足


===============================================

==============2021-08-06 17:07:14==============
===6开始执行条件2021-08-06 17:07:13.675===
===开始判断价格条件2021-08-06 17:07:13.675===
===开始判断额外/转自动条件2021-08-06 17:07:13.970===
===2021-08-06 17:07:14.190===
股票：300183指定时间段判断-额外参数：
	分组名称：1
	走势名称：时间段
		条件不成立(当前时间：2021-08-06 17:07:13.675,条件时段：09:30:00-13:00:00)
	结果：未满足
===2021-08-06 17:07:14.191===
===2021-08-06 17:07:14.279===
股票：300183板块涨跌幅判断-额外参数：
	分组名称：1
	走势名称：发
		条件不成立(不符合板块涨跌幅条件)
	结果：未满足，返回code：-1
===2021-08-06 17:07:14.978===
额外条件未满足


===============================================

==============2021-08-06 17:07:42==============
===6开始执行条件2021-08-06 17:07:35.552===
===开始判断价格条件2021-08-06 17:07:35.552===
===开始判断额外/转自动条件2021-08-06 17:07:37.079===
===2021-08-06 17:07:38.432===
股票：300183指定时间段判断-额外参数：
	分组名称：1
	走势名称：时间段
		条件不成立(当前时间：2021-08-06 17:07:35.552,条件时段：09:30:00-13:00:00)
	结果：未满足
===2021-08-06 17:07:38.432===
===2021-08-06 17:07:38.742===
股票：300183板块涨跌幅判断-额外参数：
	分组名称：1
	走势名称：发
		条件不成立(不符合板块涨跌幅条件)
	结果：未满足，返回code：-1
===2021-08-06 17:07:42.987===
额外条件未满足


===============================================

==============2021-08-06 17:08:05==============
===6开始执行条件2021-08-06 17:08:00.675===
===开始判断价格条件2021-08-06 17:08:00.675===
===开始判断额外/转自动条件2021-08-06 17:08:01.727===
===2021-08-06 17:08:02.656===
股票：300183指定时间段判断-额外参数：
	分组名称：1
	走势名称：时间段
		条件不成立(当前时间：2021-08-06 17:08:00.675,条件时段：09:30:00-13:00:00)
	结果：未满足
===2021-08-06 17:08:02.656===
===2021-08-06 17:08:02.891===
股票：300183板块涨跌幅判断-额外参数：
	分组名称：1
	走势名称：发
		条件不成立(不符合板块涨跌幅条件)
	结果：未满足，返回code：-1
===2021-08-06 17:08:05.589===
额外条件未满足


===============================================

==============2021-08-06 17:08:27==============
===6开始执行条件2021-08-06 17:08:22.563===
===开始判断价格条件2021-08-06 17:08:22.563===
===开始判断额外/转自动条件2021-08-06 17:08:23.426===
===2021-08-06 17:08:23.582===
股票：300183指定时间段判断-额外参数：
	分组名称：1
	走势名称：时间段
		条件不成立(当前时间：2021-08-06 17:08:22.562,条件时段：09:30:00-13:00:00)
	结果：未满足
===2021-08-06 17:08:23.582===
===2021-08-06 17:08:23.841===
股票：300183板块涨跌幅判断-额外参数：
	分组名称：1
	走势名称：发
		条件不成立(不符合板块涨跌幅条件)
	结果：未满足，返回code：-1
===2021-08-06 17:08:27.067===
额外条件未满足


===============================================

==============2021-08-06 17:10:14==============
===6开始执行条件2021-08-06 17:10:13.527===
===开始判断价格条件2021-08-06 17:10:13.527===
===开始判断额外/转自动条件2021-08-06 17:10:13.681===
===2021-08-06 17:10:13.752===
股票：300183指定时间段判断-额外参数：
	分组名称：1
	走势名称：时间段
		条件不成立(当前时间：2021-08-06 17:10:13.519,条件时段：09:30:00-13:00:00)
	结果：未满足
===2021-08-06 17:10:13.752===
===2021-08-06 17:10:13.787===
股票：300183板块涨跌幅判断-额外参数：
	分组名称：1
	走势名称：发
		条件不成立(不符合板块涨跌幅条件)
	结果：未满足，返回code：-1
===2021-08-06 17:10:14.385===
额外条件未满足


===============================================

==============2021-08-06 17:10:31==============
===6开始执行条件2021-08-06 17:10:30.539===
===开始判断价格条件2021-08-06 17:10:30.539===
===开始判断额外/转自动条件2021-08-06 17:10:30.862===
===2021-08-06 17:10:30.905===
股票：300183指定时间段判断-额外参数：
	分组名称：1
	走势名称：时间段
		条件不成立(当前时间：2021-08-06 17:10:30.539,条件时段：09:30:00-13:00:00)
	结果：未满足
===2021-08-06 17:10:30.905===
===2021-08-06 17:10:30.937===
股票：300183板块涨跌幅判断-额外参数：
	分组名称：1
	走势名称：发
		条件不成立(不符合板块涨跌幅条件)
	结果：未满足，返回code：-1
===2021-08-06 17:10:31.725===
额外条件未满足


===============================================

==============2021-08-06 17:10:50==============
===6开始执行条件2021-08-06 17:10:49.107===
===开始判断价格条件2021-08-06 17:10:49.107===
===开始判断额外/转自动条件2021-08-06 17:10:49.457===
===2021-08-06 17:10:49.703===
股票：300183指定时间段判断-额外参数：
	分组名称：1
	走势名称：时间段
		条件不成立(当前时间：2021-08-06 17:10:49.106,条件时段：09:30:00-13:00:00)
	结果：未满足
===2021-08-06 17:10:49.704===
===2021-08-06 17:10:49.792===
股票：300183板块涨跌幅判断-额外参数：
	分组名称：1
	走势名称：发
		条件不成立(不符合板块涨跌幅条件)
	结果：未满足，返回code：-1
===2021-08-06 17:10:50.916===
额外条件未满足


===============================================

==============2021-08-06 17:11:14==============
===6开始执行条件2021-08-06 17:11:09.957===
===开始判断价格条件2021-08-06 17:11:09.957===
===开始判断额外/转自动条件2021-08-06 17:11:11.517===
===2021-08-06 17:11:12.472===
股票：300183指定时间段判断-额外参数：
	分组名称：1
	走势名称：时间段
		条件不成立(当前时间：2021-08-06 17:11:09.956,条件时段：09:30:00-13:00:00)
	结果：未满足
===2021-08-06 17:11:12.472===
===2021-08-06 17:11:13.186===
股票：300183板块涨跌幅判断-额外参数：
	分组名称：1
	走势名称：发
		条件不成立(不符合板块涨跌幅条件)
	结果：未满足，返回code：-1
===2021-08-06 17:11:14.827===
额外条件未满足


===============================================

==============2021-08-06 17:11:35==============
===6开始执行条件2021-08-06 17:11:31.309===
===开始判断价格条件2021-08-06 17:11:31.309===
===开始判断额外/转自动条件2021-08-06 17:11:32.870===
===2021-08-06 17:11:33.017===
股票：300183指定时间段判断-额外参数：
	分组名称：1
	走势名称：时间段
		条件不成立(当前时间：2021-08-06 17:11:31.309,条件时段：09:30:00-13:00:00)
	结果：未满足
===2021-08-06 17:11:33.017===
===2021-08-06 17:11:33.180===
股票：300183板块涨跌幅判断-额外参数：
	分组名称：1
	走势名称：发
		条件不成立(不符合板块涨跌幅条件)
	结果：未满足，返回code：-1
===2021-08-06 17:11:35.777===
额外条件未满足


===============================================

==============2021-08-06 17:11:56==============
===6开始执行条件2021-08-06 17:11:54.475===
===开始判断价格条件2021-08-06 17:11:54.475===
===开始判断额外/转自动条件2021-08-06 17:11:54.803===
===2021-08-06 17:11:54.904===
股票：300183指定时间段判断-额外参数：
	分组名称：1
	走势名称：时间段
		条件不成立(当前时间：2021-08-06 17:11:54.474,条件时段：09:30:00-13:00:00)
	结果：未满足
===2021-08-06 17:11:54.904===
===2021-08-06 17:11:54.930===
股票：300183板块涨跌幅判断-额外参数：
	分组名称：1
	走势名称：发
		条件不成立(不符合板块涨跌幅条件)
	结果：未满足，返回code：-1
===2021-08-06 17:11:56.081===
额外条件未满足


===============================================

==============2021-08-06 17:12:16==============
===6开始执行条件2021-08-06 17:12:13.674===
===开始判断价格条件2021-08-06 17:12:13.674===
===开始判断额外/转自动条件2021-08-06 17:12:14.097===
===2021-08-06 17:12:14.420===
股票：300183指定时间段判断-额外参数：
	分组名称：1
	走势名称：时间段
		条件不成立(当前时间：2021-08-06 17:12:13.673,条件时段：09:30:00-13:00:00)
	结果：未满足
===2021-08-06 17:12:14.420===
===2021-08-06 17:12:14.797===
股票：300183板块涨跌幅判断-额外参数：
	分组名称：1
	走势名称：发
		条件不成立(不符合板块涨跌幅条件)
	结果：未满足，返回code：-1
===2021-08-06 17:12:16.039===
额外条件未满足


===============================================

