==============2021-08-09 10:08:50==============
===6开始执行条件2021-08-09 10:08:46.694===
===开始判断价格条件2021-08-09 10:08:46.694===
===开始判断额外/转自动条件2021-08-09 10:08:48.323===
===2021-08-09 10:08:48.784===
股票：300183指定时间段判断-额外参数：
	分组名称：1
	走势名称：时间段
		条件成立(当前时间：2021-08-09 10:08:46.694,条件时段：09:30:00-13:00:00)
	结果：达到要求
===2021-08-09 10:08:49.417===
===2021-08-09 10:08:50.151===
股票：300183多头向上判断-转自动参数：
	分组名称：2
	走势名称：多头向上
	结果：未满足，返回code：0
===2021-08-09 10:08:50.151===
满足所有条件，可以触发


===============================================

==============2021-08-09 10:09:15==============
===6开始执行条件2021-08-09 10:09:08.603===
===开始判断价格条件2021-08-09 10:09:08.603===
===开始判断额外/转自动条件2021-08-09 10:09:11.073===
===2021-08-09 10:09:13.395===
股票：300183指定时间段判断-额外参数：
	分组名称：1
	走势名称：时间段
		条件成立(当前时间：2021-08-09 10:09:08.603,条件时段：09:30:00-13:00:00)
	结果：达到要求
===2021-08-09 10:09:15.194===
===2021-08-09 10:09:15.724===
股票：300183多头向上判断-转自动参数：
	分组名称：2
	走势名称：多头向上
	结果：未满足，返回code：0
===2021-08-09 10:09:15.724===
满足所有条件，可以触发


===============================================

==============2021-08-09 10:09:32==============
===6开始执行条件2021-08-09 10:09:25.185===
===开始判断价格条件2021-08-09 10:09:25.185===
===开始判断额外/转自动条件2021-08-09 10:09:28.236===
===2021-08-09 10:09:29.028===
股票：300183指定时间段判断-额外参数：
	分组名称：1
	走势名称：时间段
		条件成立(当前时间：2021-08-09 10:09:25.185,条件时段：09:30:00-13:00:00)
	结果：达到要求
===2021-08-09 10:09:30.272===
===2021-08-09 10:09:32.137===
股票：300183多头向上判断-转自动参数：
	分组名称：2
	走势名称：多头向上
	结果：未满足，返回code：0
===2021-08-09 10:09:32.138===
满足所有条件，可以触发


===============================================

==============2021-08-09 10:10:37==============
===6开始执行条件2021-08-09 10:10:35.264===
===开始判断价格条件2021-08-09 10:10:35.264===
===开始判断额外/转自动条件2021-08-09 10:10:35.706===
===2021-08-09 10:10:36.049===
股票：300183指定时间段判断-额外参数：
	分组名称：1
	走势名称：时间段
		条件成立(当前时间：2021-08-09 10:10:35.264,条件时段：09:30:00-13:00:00)
	结果：达到要求
===2021-08-09 10:10:36.401===
===2021-08-09 10:10:37.054===
股票：300183多头向上判断-转自动参数：
	分组名称：2
	走势名称：多头向上
	结果：未满足，返回code：0
===2021-08-09 10:10:37.054===
满足所有条件，可以触发


===============================================

==============2021-08-09 10:10:50==============
===6开始执行条件2021-08-09 10:10:49.533===
===开始判断价格条件2021-08-09 10:10:49.533===
===开始判断额外/转自动条件2021-08-09 10:10:49.627===
===2021-08-09 10:10:49.725===
股票：300183指定时间段判断-额外参数：
	分组名称：1
	走势名称：时间段
		条件成立(当前时间：2021-08-09 10:10:49.533,条件时段：09:30:00-13:00:00)
	结果：达到要求
===2021-08-09 10:10:50.394===
===2021-08-09 10:10:50.809===
股票：300183多头向上判断-转自动参数：
	分组名称：2
	走势名称：多头向上
	结果：未满足，返回code：0
===2021-08-09 10:10:50.809===
满足所有条件，可以触发


===============================================

==============2021-08-09 10:11:03==============
===6开始执行条件2021-08-09 10:11:02.675===
===开始判断价格条件2021-08-09 10:11:02.675===
===开始判断额外/转自动条件2021-08-09 10:11:02.790===
===2021-08-09 10:11:02.835===
股票：300183指定时间段判断-额外参数：
	分组名称：1
	走势名称：时间段
		条件成立(当前时间：2021-08-09 10:11:02.670,条件时段：09:30:00-13:00:00)
	结果：达到要求
===2021-08-09 10:11:02.869===
===2021-08-09 10:11:03.297===
股票：300183多头向上判断-转自动参数：
	分组名称：2
	走势名称：多头向上
	结果：未满足，返回code：0
===2021-08-09 10:11:03.297===
满足所有条件，可以触发


===============================================

==============2021-08-09 11:02:41==============
===6开始执行条件2021-08-09 11:02:40.996===
===开始判断价格条件2021-08-09 11:02:40.996===
===开始判断额外/转自动条件2021-08-09 11:02:41.385===
===2021-08-09 11:02:41.486===
股票：300183指定时间段判断-额外参数：
	分组名称：1
	走势名称：时间段
		条件成立(当前时间：2021-08-09 11:02:40.996,条件时段：09:30:00-13:00:00)
	结果：达到要求
===2021-08-09 11:02:41.584===
===2021-08-09 11:02:41.750===
股票：300183多头向上判断-转自动参数：
	分组名称：2
	走势名称：多头向上
	结果：未满足，返回code：0
===2021-08-09 11:02:41.750===
满足所有条件，可以触发


===============================================

==============2021-08-09 11:02:50==============
===6开始执行条件2021-08-09 11:02:49.941===
===开始判断价格条件2021-08-09 11:02:49.941===
===开始判断额外/转自动条件2021-08-09 11:02:50.033===
===2021-08-09 11:02:50.089===
股票：300183指定时间段判断-额外参数：
	分组名称：1
	走势名称：时间段
		条件成立(当前时间：2021-08-09 11:02:49.940,条件时段：09:30:00-13:00:00)
	结果：达到要求
===2021-08-09 11:02:50.234===
===2021-08-09 11:02:50.729===
股票：300183多头向上判断-转自动参数：
	分组名称：2
	走势名称：多头向上
	结果：未满足，返回code：0
===2021-08-09 11:02:50.729===
满足所有条件，可以触发


===============================================

==============2021-08-09 11:03:28==============
===6开始执行条件2021-08-09 11:03:28.471===
===开始判断价格条件2021-08-09 11:03:28.471===
===开始判断额外/转自动条件2021-08-09 11:03:28.642===
===2021-08-09 11:03:28.754===
股票：300183指定时间段判断-额外参数：
	分组名称：1
	走势名称：时间段
		条件成立(当前时间：2021-08-09 11:03:28.471,条件时段：09:30:00-13:00:00)
	结果：达到要求
===2021-08-09 11:03:28.853===
===2021-08-09 11:03:28.993===
股票：300183多头向上判断-转自动参数：
	分组名称：2
	走势名称：多头向上
	结果：未满足，返回code：0
===2021-08-09 11:03:28.993===
满足所有条件，可以触发


===============================================

==============2021-08-09 11:03:52==============
===6开始执行条件2021-08-09 11:03:51.338===
===开始判断价格条件2021-08-09 11:03:51.338===
===开始判断额外/转自动条件2021-08-09 11:03:51.764===
===2021-08-09 11:03:52.150===
股票：300183指定时间段判断-额外参数：
	分组名称：1
	走势名称：时间段
		条件成立(当前时间：2021-08-09 11:03:51.337,条件时段：09:30:00-13:00:00)
	结果：达到要求
===2021-08-09 11:03:52.435===
===2021-08-09 11:03:52.932===
股票：300183多头向上判断-转自动参数：
	分组名称：2
	走势名称：多头向上
	结果：未满足，返回code：0
===2021-08-09 11:03:52.932===
满足所有条件，可以触发


===============================================

