==============2021-08-11 10:28:36==============
===6开始执行条件2021-08-11 10:28:35.086===
===开始判断价格条件2021-08-11 10:28:35.086===
===开始判断额外/转自动条件2021-08-11 10:28:35.474===
===2021-08-11 10:28:36.000===
股票：600210指定时间段判断-额外参数：
	分组名称：1
	走势名称：时间段
		条件成立(当前时间：2021-08-11 10:28:35.085,条件时段：09:30:00-13:00:00)
	结果：达到要求
===2021-08-11 10:28:36.342===
===2021-08-11 10:28:36.993===
股票：600210多头向上判断-转自动参数：
	分组名称：2
	走势名称：多头向上
	结果：未满足，返回code：0
===2021-08-11 10:28:36.993===
满足所有条件，可以触发


===============================================

==============2021-08-11 10:28:52==============
===6开始执行条件2021-08-11 10:28:52.087===
===开始判断价格条件2021-08-11 10:28:52.087===
===开始判断额外/转自动条件2021-08-11 10:28:52.197===
===2021-08-11 10:28:52.318===
股票：600210指定时间段判断-额外参数：
	分组名称：1
	走势名称：时间段
		条件成立(当前时间：2021-08-11 10:28:52.086,条件时段：09:30:00-13:00:00)
	结果：达到要求
===2021-08-11 10:28:52.409===
===2021-08-11 10:28:52.481===
股票：600210多头向上判断-转自动参数：
	分组名称：2
	走势名称：多头向上
	结果：未满足，返回code：0
===2021-08-11 10:28:52.481===
满足所有条件，可以触发


===============================================

==============2021-08-11 10:29:02==============
===6开始执行条件2021-08-11 10:29:01.317===
===开始判断价格条件2021-08-11 10:29:01.318===
===开始判断额外/转自动条件2021-08-11 10:29:01.663===
===2021-08-11 10:29:01.758===
股票：600210指定时间段判断-额外参数：
	分组名称：1
	走势名称：时间段
		条件成立(当前时间：2021-08-11 10:29:01.316,条件时段：09:30:00-13:00:00)
	结果：达到要求
===2021-08-11 10:29:01.950===
===2021-08-11 10:29:02.441===
股票：600210多头向上判断-转自动参数：
	分组名称：2
	走势名称：多头向上
	结果：未满足，返回code：0
===2021-08-11 10:29:02.441===
满足所有条件，可以触发


===============================================

==============2021-08-11 10:29:57==============
===6开始执行条件2021-08-11 10:29:56.395===
===开始判断价格条件2021-08-11 10:29:56.395===
===开始判断额外/转自动条件2021-08-11 10:29:56.716===
===2021-08-11 10:29:56.864===
股票：600210指定时间段判断-额外参数：
	分组名称：1
	走势名称：时间段
		条件成立(当前时间：2021-08-11 10:29:56.395,条件时段：09:30:00-13:00:00)
	结果：达到要求
===2021-08-11 10:29:57.114===
===2021-08-11 10:29:57.957===
股票：600210多头向上判断-转自动参数：
	分组名称：2
	走势名称：多头向上
	结果：未满足，返回code：0
===2021-08-11 10:29:57.957===
满足所有条件，可以触发


===============================================

==============2021-08-11 10:30:15==============
===6开始执行条件2021-08-11 10:30:15.483===
===开始判断价格条件2021-08-11 10:30:15.483===
===开始判断额外/转自动条件2021-08-11 10:30:15.567===
===2021-08-11 10:30:15.698===
股票：600210指定时间段判断-额外参数：
	分组名称：1
	走势名称：时间段
		条件成立(当前时间：2021-08-11 10:30:15.482,条件时段：09:30:00-13:00:00)
	结果：达到要求
===2021-08-11 10:30:15.822===
===2021-08-11 10:30:15.962===
股票：600210多头向上判断-转自动参数：
	分组名称：2
	走势名称：多头向上
	结果：未满足，返回code：0
===2021-08-11 10:30:15.962===
满足所有条件，可以触发


===============================================

==============2021-08-11 10:32:45==============
===6开始执行条件2021-08-11 10:32:44.804===
===开始判断价格条件2021-08-11 10:32:44.804===
===开始判断额外/转自动条件2021-08-11 10:32:45.068===
===2021-08-11 10:32:45.346===
股票：600210指定时间段判断-额外参数：
	分组名称：1
	走势名称：时间段
		条件成立(当前时间：2021-08-11 10:32:44.803,条件时段：09:30:00-13:00:00)
	结果：达到要求
===2021-08-11 10:32:45.480===
===2021-08-11 10:32:45.670===
股票：600210多头向上判断-转自动参数：
	分组名称：2
	走势名称：多头向上
	结果：未满足，返回code：0
===2021-08-11 10:32:45.670===
满足所有条件，可以触发


===============================================

