==============2021-08-06 15:12:52==============
===6开始执行条件2021-08-06 15:12:51.874===
===开始判断价格条件2021-08-06 15:12:51.874===
===开始判断额外/转自动条件2021-08-06 15:12:52.047===
===2021-08-06 15:12:52.129===
股票：600210指定时间段判断-额外参数：
	分组名称：1
	走势名称：时间段
		条件不成立(当前时间：2021-08-06 15:12:51.860,条件时段：09:30:00-13:00:00)
	结果：未满足
===2021-08-06 15:12:52.129===
===2021-08-06 15:12:52.152===
股票：600210板块涨跌幅判断-额外参数：
	分组名称：1
	走势名称：发
		条件不成立(不符合板块涨跌幅条件)
	结果：未满足，返回code：-1
===2021-08-06 15:12:52.937===
额外条件未满足


===============================================

==============2021-08-06 15:14:11==============
===6开始执行条件2021-08-06 15:14:10.709===
===开始判断价格条件2021-08-06 15:14:10.709===
===开始判断额外/转自动条件2021-08-06 15:14:10.882===
===2021-08-06 15:14:10.929===
股票：600210指定时间段判断-额外参数：
	分组名称：1
	走势名称：时间段
		条件不成立(当前时间：2021-08-06 15:14:10.709,条件时段：09:30:00-13:00:00)
	结果：未满足
===2021-08-06 15:14:10.930===
===2021-08-06 15:14:10.955===
股票：600210板块涨跌幅判断-额外参数：
	分组名称：1
	走势名称：发
		条件不成立(不符合板块涨跌幅条件)
	结果：未满足，返回code：-1
===2021-08-06 15:14:11.755===
额外条件未满足


===============================================

==============2021-08-06 15:30:07==============
===6开始执行条件2021-08-06 15:30:05.583===
===开始判断价格条件2021-08-06 15:30:05.583===
===开始判断额外/转自动条件2021-08-06 15:30:06.034===
===2021-08-06 15:30:06.551===
股票：600210指定时间段判断-额外参数：
	分组名称：1
	走势名称：时间段
		条件不成立(当前时间：2021-08-06 15:30:05.579,条件时段：09:30:00-13:00:00)
	结果：未满足
===2021-08-06 15:30:06.551===
===2021-08-06 15:30:06.940===
股票：600210板块涨跌幅判断-额外参数：
	分组名称：1
	走势名称：发
		条件不成立(不符合板块涨跌幅条件)
	结果：未满足，返回code：-1
===2021-08-06 15:30:07.193===
额外条件未满足


===============================================

==============2021-08-06 15:30:44==============
===6开始执行条件2021-08-06 15:30:43.596===
===开始判断价格条件2021-08-06 15:30:43.596===
===开始判断额外/转自动条件2021-08-06 15:30:43.988===
===2021-08-06 15:30:44.070===
股票：600210指定时间段判断-额外参数：
	分组名称：1
	走势名称：时间段
		条件不成立(当前时间：2021-08-06 15:30:43.596,条件时段：09:30:00-13:00:00)
	结果：未满足
===2021-08-06 15:30:44.071===
===2021-08-06 15:30:44.092===
股票：600210板块涨跌幅判断-额外参数：
	分组名称：1
	走势名称：发
		条件不成立(不符合板块涨跌幅条件)
	结果：未满足，返回code：-1
===2021-08-06 15:30:44.300===
额外条件未满足


===============================================

==============2021-08-06 15:31:21==============
===6开始执行条件2021-08-06 15:31:19.920===
===开始判断价格条件2021-08-06 15:31:19.920===
===开始判断额外/转自动条件2021-08-06 15:31:20.048===
===2021-08-06 15:31:20.384===
股票：600210指定时间段判断-额外参数：
	分组名称：1
	走势名称：时间段
		条件不成立(当前时间：2021-08-06 15:31:19.920,条件时段：09:30:00-13:00:00)
	结果：未满足
===2021-08-06 15:31:20.384===
===2021-08-06 15:31:20.402===
股票：600210板块涨跌幅判断-额外参数：
	分组名称：1
	走势名称：发
		条件不成立(不符合板块涨跌幅条件)
	结果：未满足，返回code：-1
===2021-08-06 15:31:21.116===
额外条件未满足


===============================================

==============2021-08-06 15:32:45==============
===6开始执行条件2021-08-06 15:32:45.167===
===开始判断价格条件2021-08-06 15:32:45.167===
===开始判断额外/转自动条件2021-08-06 15:32:45.413===
===2021-08-06 15:32:45.521===
股票：600210指定时间段判断-额外参数：
	分组名称：1
	走势名称：时间段
		条件不成立(当前时间：2021-08-06 15:32:45.166,条件时段：09:30:00-13:00:00)
	结果：未满足
===2021-08-06 15:32:45.521===
===2021-08-06 15:32:45.570===
股票：600210板块涨跌幅判断-额外参数：
	分组名称：1
	走势名称：发
		条件不成立(不符合板块涨跌幅条件)
	结果：未满足，返回code：-1
===2021-08-06 15:32:45.752===
额外条件未满足


===============================================

