==============2021-08-06 15:14:16==============
===6开始执行条件2021-08-06 15:14:14.340===
===开始判断价格条件2021-08-06 15:14:14.340===
===开始判断额外/转自动条件2021-08-06 15:14:14.462===
===2021-08-06 15:14:14.644===
股票：603026指定时间段判断-额外参数：
	分组名称：1
	走势名称：时间段
		条件不成立(当前时间：2021-08-06 15:14:14.340,条件时段：09:30:00-13:00:00)
	结果：未满足
===2021-08-06 15:14:14.658===
===2021-08-06 15:14:14.885===
股票：603026板块涨跌幅判断-额外参数：
	分组名称：1
	走势名称：发
		条件不成立(不符合板块涨跌幅条件)
	结果：未满足，返回code：-1
===2021-08-06 15:14:16.137===
额外条件未满足


===============================================

==============2021-08-06 15:32:49==============
===6开始执行条件2021-08-06 15:32:48.551===
===开始判断价格条件2021-08-06 15:32:48.551===
===开始判断额外/转自动条件2021-08-06 15:32:48.864===
===2021-08-06 15:32:49.125===
股票：603026指定时间段判断-额外参数：
	分组名称：1
	走势名称：时间段
		条件不成立(当前时间：2021-08-06 15:32:48.545,条件时段：09:30:00-13:00:00)
	结果：未满足
===2021-08-06 15:32:49.125===
===2021-08-06 15:32:49.211===
股票：603026板块涨跌幅判断-额外参数：
	分组名称：1
	走势名称：发
		条件不成立(不符合板块涨跌幅条件)
	结果：未满足，返回code：-1
===2021-08-06 15:32:49.903===
额外条件未满足


===============================================

