==============2021-09-27 10:00:02==============
===6开始执行条件2021-09-27 10:00:01.486===
===开始判断价格条件2021-09-27 10:00:01.486===
===开始判断额外/转自动条件2021-09-27 10:00:01.905===
额外条件未满足


===============================================

==============2021-09-27 10:01:27==============
===6开始执行条件2021-09-27 10:01:27.137===
===开始判断价格条件2021-09-27 10:01:27.137===
===开始判断额外/转自动条件2021-09-27 10:01:27.520===
额外条件未满足


===============================================

==============2021-09-27 10:04:39==============
===6开始执行条件2021-09-27 10:04:38.850===
===开始判断价格条件2021-09-27 10:04:38.850===
===开始判断额外/转自动条件2021-09-27 10:04:39.121===
额外条件未满足


===============================================

==============2021-09-27 10:05:32==============
===6开始执行条件2021-09-27 10:05:32.176===
===开始判断价格条件2021-09-27 10:05:32.176===
===开始判断额外/转自动条件2021-09-27 10:05:32.446===
额外条件未满足


===============================================

==============2021-09-27 10:07:06==============
===6开始执行条件2021-09-27 10:07:06.219===
===开始判断价格条件2021-09-27 10:07:06.219===
===开始判断额外/转自动条件2021-09-27 10:07:06.813===
额外条件未满足


===============================================

==============2021-09-27 10:10:00==============
===6开始执行条件2021-09-27 10:10:00.040===
===开始判断价格条件2021-09-27 10:10:00.040===
===开始判断额外/转自动条件2021-09-27 10:10:00.336===
额外条件未满足


===============================================

==============2021-09-27 10:14:54==============
===6开始执行条件2021-09-27 10:14:54.254===
===开始判断价格条件2021-09-27 10:14:54.254===
===开始判断额外/转自动条件2021-09-27 10:14:54.595===
额外条件未满足


===============================================

==============2021-09-27 10:20:24==============
===6开始执行条件2021-09-27 10:20:24.118===
===开始判断价格条件2021-09-27 10:20:24.118===
===开始判断额外/转自动条件2021-09-27 10:20:24.504===
额外条件未满足


===============================================

==============2021-09-27 10:24:10==============
===6开始执行条件2021-09-27 10:24:09.475===
===开始判断价格条件2021-09-27 10:24:09.475===
===开始判断额外/转自动条件2021-09-27 10:24:10.465===
额外条件未满足


===============================================

==============2021-09-27 10:24:57==============
===6开始执行条件2021-09-27 10:24:56.890===
===开始判断价格条件2021-09-27 10:24:56.890===
===开始判断额外/转自动条件2021-09-27 10:24:56.969===
额外条件未满足


===============================================

