==============2021-10-27 15:57:10==============
===6开始执行条件2021-10-27 15:57:10.226===
===开始判断价格条件2021-10-27 15:57:10.226===
===开始判断额外/转自动条件2021-10-27 15:57:10.621===
额外条件未满足


===============================================

==============2021-10-27 15:57:11==============
===6开始执行条件2021-10-27 15:57:11.469===
===开始判断价格条件2021-10-27 15:57:11.469===
===开始判断额外/转自动条件2021-10-27 15:57:11.604===
额外条件未满足


===============================================

==============2021-10-27 15:57:14==============
===6开始执行条件2021-10-27 15:57:14.226===
===开始判断价格条件2021-10-27 15:57:14.226===
===开始判断额外/转自动条件2021-10-27 15:57:14.326===
额外条件未满足


===============================================

==============2021-10-27 15:57:18==============
===6开始执行条件2021-10-27 15:57:18.066===
===开始判断价格条件2021-10-27 15:57:18.066===
===开始判断额外/转自动条件2021-10-27 15:57:18.282===
额外条件未满足


===============================================

==============2021-10-27 15:57:21==============
===6开始执行条件2021-10-27 15:57:21.604===
===开始判断价格条件2021-10-27 15:57:21.604===
===开始判断额外/转自动条件2021-10-27 15:57:21.746===
额外条件未满足


===============================================

==============2021-10-27 15:57:24==============
===6开始执行条件2021-10-27 15:57:24.562===
===开始判断价格条件2021-10-27 15:57:24.562===
===开始判断额外/转自动条件2021-10-27 15:57:24.644===
额外条件未满足


===============================================

==============2021-10-27 15:57:29==============
===6开始执行条件2021-10-27 15:57:29.037===
===开始判断价格条件2021-10-27 15:57:29.037===
===开始判断额外/转自动条件2021-10-27 15:57:29.199===
额外条件未满足


===============================================

==============2021-10-27 15:57:32==============
===6开始执行条件2021-10-27 15:57:32.787===
===开始判断价格条件2021-10-27 15:57:32.787===
===开始判断额外/转自动条件2021-10-27 15:57:32.952===
额外条件未满足


===============================================

==============2021-10-27 15:57:39==============
===6开始执行条件2021-10-27 15:57:39.584===
===开始判断价格条件2021-10-27 15:57:39.584===
===开始判断额外/转自动条件2021-10-27 15:57:39.696===
额外条件未满足


===============================================

==============2021-10-27 15:57:52==============
===6开始执行条件2021-10-27 15:57:52.495===
===开始判断价格条件2021-10-27 15:57:52.495===
===开始判断额外/转自动条件2021-10-27 15:57:52.629===
额外条件未满足


===============================================

==============2021-10-27 15:57:53==============
===6开始执行条件2021-10-27 15:57:53.753===
===开始判断价格条件2021-10-27 15:57:53.753===
===开始判断额外/转自动条件2021-10-27 15:57:53.845===
额外条件未满足


===============================================

==============2021-10-27 15:59:42==============
===6开始执行条件2021-10-27 15:59:41.586===
===开始判断价格条件2021-10-27 15:59:41.586===
===开始判断额外/转自动条件2021-10-27 15:59:42.107===
额外条件未满足


===============================================

==============2021-10-27 15:59:43==============
===6开始执行条件2021-10-27 15:59:42.951===
===开始判断价格条件2021-10-27 15:59:42.951===
===开始判断额外/转自动条件2021-10-27 15:59:43.036===
额外条件未满足


===============================================

==============2021-10-27 15:59:43==============
===6开始执行条件2021-10-27 15:59:43.595===
===开始判断价格条件2021-10-27 15:59:43.595===
===开始判断额外/转自动条件2021-10-27 15:59:43.666===
额外条件未满足


===============================================

==============2021-10-27 15:59:44==============
===6开始执行条件2021-10-27 15:59:44.341===
===开始判断价格条件2021-10-27 15:59:44.341===
===开始判断额外/转自动条件2021-10-27 15:59:44.441===
额外条件未满足


===============================================

==============2021-10-27 15:59:47==============
===6开始执行条件2021-10-27 15:59:46.741===
===开始判断价格条件2021-10-27 15:59:46.741===
===开始判断额外/转自动条件2021-10-27 15:59:46.820===
额外条件未满足


===============================================

==============2021-10-27 15:59:50==============
===6开始执行条件2021-10-27 15:59:50.040===
===开始判断价格条件2021-10-27 15:59:50.040===
===开始判断额外/转自动条件2021-10-27 15:59:50.209===
额外条件未满足


===============================================

==============2021-10-27 15:59:54==============
===6开始执行条件2021-10-27 15:59:53.444===
===开始判断价格条件2021-10-27 15:59:53.444===
===开始判断额外/转自动条件2021-10-27 15:59:53.940===
额外条件未满足


===============================================

==============2021-10-27 15:59:57==============
===6开始执行条件2021-10-27 15:59:57.178===
===开始判断价格条件2021-10-27 15:59:57.178===
===开始判断额外/转自动条件2021-10-27 15:59:57.375===
额外条件未满足


===============================================

==============2021-10-27 16:00:01==============
===6开始执行条件2021-10-27 16:00:01.139===
===开始判断价格条件2021-10-27 16:00:01.139===
===开始判断额外/转自动条件2021-10-27 16:00:01.275===
额外条件未满足


===============================================

==============2021-10-27 16:00:04==============
===6开始执行条件2021-10-27 16:00:04.349===
===开始判断价格条件2021-10-27 16:00:04.349===
===开始判断额外/转自动条件2021-10-27 16:00:04.584===
额外条件未满足


===============================================

==============2021-10-27 16:00:08==============
===6开始执行条件2021-10-27 16:00:08.021===
===开始判断价格条件2021-10-27 16:00:08.021===
===开始判断额外/转自动条件2021-10-27 16:00:08.230===
额外条件未满足


===============================================

==============2021-10-27 16:00:11==============
===6开始执行条件2021-10-27 16:00:11.555===
===开始判断价格条件2021-10-27 16:00:11.555===
===开始判断额外/转自动条件2021-10-27 16:00:11.640===
额外条件未满足


===============================================

==============2021-10-27 16:00:20==============
===6开始执行条件2021-10-27 16:00:19.420===
===开始判断价格条件2021-10-27 16:00:19.420===
===开始判断额外/转自动条件2021-10-27 16:00:19.763===
额外条件未满足


===============================================

==============2021-10-27 16:00:23==============
===6开始执行条件2021-10-27 16:00:22.818===
===开始判断价格条件2021-10-27 16:00:22.818===
===开始判断额外/转自动条件2021-10-27 16:00:22.948===
额外条件未满足


===============================================

==============2021-10-27 16:00:23==============
===6开始执行条件2021-10-27 16:00:23.615===
===开始判断价格条件2021-10-27 16:00:23.615===
===开始判断额外/转自动条件2021-10-27 16:00:23.800===
额外条件未满足


===============================================

==============2021-10-27 16:01:34==============
===6开始执行条件2021-10-27 16:01:34.018===
===开始判断价格条件2021-10-27 16:01:34.018===
===开始判断额外/转自动条件2021-10-27 16:01:34.332===
额外条件未满足


===============================================

==============2021-10-27 16:01:35==============
===6开始执行条件2021-10-27 16:01:34.974===
===开始判断价格条件2021-10-27 16:01:34.974===
===开始判断额外/转自动条件2021-10-27 16:01:35.124===
额外条件未满足


===============================================

==============2021-10-27 16:01:39==============
===6开始执行条件2021-10-27 16:01:38.941===
===开始判断价格条件2021-10-27 16:01:38.941===
===开始判断额外/转自动条件2021-10-27 16:01:39.240===
额外条件未满足


===============================================

==============2021-10-27 16:01:41==============
===6开始执行条件2021-10-27 16:01:41.614===
===开始判断价格条件2021-10-27 16:01:41.614===
===开始判断额外/转自动条件2021-10-27 16:01:41.708===
额外条件未满足


===============================================

==============2021-10-27 16:01:45==============
===6开始执行条件2021-10-27 16:01:45.279===
===开始判断价格条件2021-10-27 16:01:45.279===
===开始判断额外/转自动条件2021-10-27 16:01:45.419===
额外条件未满足


===============================================

==============2021-10-27 16:01:49==============
===6开始执行条件2021-10-27 16:01:49.599===
===开始判断价格条件2021-10-27 16:01:49.600===
===开始判断额外/转自动条件2021-10-27 16:01:49.678===
额外条件未满足


===============================================

==============2021-10-27 16:01:53==============
===6开始执行条件2021-10-27 16:01:53.319===
===开始判断价格条件2021-10-27 16:01:53.319===
===开始判断额外/转自动条件2021-10-27 16:01:53.662===
额外条件未满足


===============================================

==============2021-10-27 16:01:57==============
===6开始执行条件2021-10-27 16:01:57.092===
===开始判断价格条件2021-10-27 16:01:57.092===
===开始判断额外/转自动条件2021-10-27 16:01:57.267===
额外条件未满足


===============================================

==============2021-10-27 16:02:01==============
===6开始执行条件2021-10-27 16:02:00.699===
===开始判断价格条件2021-10-27 16:02:00.699===
===开始判断额外/转自动条件2021-10-27 16:02:01.013===
额外条件未满足


===============================================

==============2021-10-27 16:02:04==============
===6开始执行条件2021-10-27 16:02:04.239===
===开始判断价格条件2021-10-27 16:02:04.239===
===开始判断额外/转自动条件2021-10-27 16:02:04.392===
额外条件未满足


===============================================

==============2021-10-27 16:02:07==============
===6开始执行条件2021-10-27 16:02:07.441===
===开始判断价格条件2021-10-27 16:02:07.441===
===开始判断额外/转自动条件2021-10-27 16:02:07.612===
额外条件未满足


===============================================

==============2021-10-27 16:02:10==============
===6开始执行条件2021-10-27 16:02:10.517===
===开始判断价格条件2021-10-27 16:02:10.517===
===开始判断额外/转自动条件2021-10-27 16:02:10.770===
额外条件未满足


===============================================

==============2021-10-27 16:02:14==============
===6开始执行条件2021-10-27 16:02:14.557===
===开始判断价格条件2021-10-27 16:02:14.557===
===开始判断额外/转自动条件2021-10-27 16:02:14.754===
额外条件未满足


===============================================

