==============2021-11-11 11:29:18==============
===6开始执行条件2021-11-11 11:29:17.970===
===开始判断价格条件2021-11-11 11:29:17.970===
===开始判断额外/转自动条件2021-11-11 11:29:18.420===
额外条件未满足


===============================================

==============2021-11-11 11:29:51==============
===6开始执行条件2021-11-11 11:29:50.421===
===开始判断价格条件2021-11-11 11:29:50.421===
===开始判断额外/转自动条件2021-11-11 11:29:50.946===
额外条件未满足


===============================================

==============2021-11-11 11:30:29==============
===6开始执行条件2021-11-11 11:30:29.135===
===开始判断价格条件2021-11-11 11:30:29.135===
===开始判断额外/转自动条件2021-11-11 11:30:29.205===
额外条件未满足


===============================================

==============2021-11-11 11:31:13==============
===6开始执行条件2021-11-11 11:31:11.672===
===开始判断价格条件2021-11-11 11:31:11.672===
===开始判断额外/转自动条件2021-11-11 11:31:12.397===
额外条件未满足


===============================================

==============2021-11-11 11:31:57==============
===6开始执行条件2021-11-11 11:31:56.889===
===开始判断价格条件2021-11-11 11:31:56.889===
===开始判断额外/转自动条件2021-11-11 11:31:57.228===
额外条件未满足


===============================================

==============2021-11-11 11:32:39==============
===6开始执行条件2021-11-11 11:32:38.828===
===开始判断价格条件2021-11-11 11:32:38.828===
===开始判断额外/转自动条件2021-11-11 11:32:39.089===
额外条件未满足


===============================================

==============2021-11-11 11:33:17==============
===6开始执行条件2021-11-11 11:33:16.550===
===开始判断价格条件2021-11-11 11:33:16.550===
===开始判断额外/转自动条件2021-11-11 11:33:16.954===
额外条件未满足


===============================================

==============2021-11-11 11:33:57==============
===6开始执行条件2021-11-11 11:33:56.673===
===开始判断价格条件2021-11-11 11:33:56.673===
===开始判断额外/转自动条件2021-11-11 11:33:57.171===
额外条件未满足


===============================================

==============2021-11-11 11:34:38==============
===6开始执行条件2021-11-11 11:34:37.969===
===开始判断价格条件2021-11-11 11:34:37.969===
===开始判断额外/转自动条件2021-11-11 11:34:38.178===
额外条件未满足


===============================================

==============2021-11-11 11:35:09==============
===6开始执行条件2021-11-11 11:35:08.995===
===开始判断价格条件2021-11-11 11:35:08.995===
===开始判断额外/转自动条件2021-11-11 11:35:09.075===
额外条件未满足


===============================================

==============2021-11-11 11:35:53==============
===6开始执行条件2021-11-11 11:35:53.284===
===开始判断价格条件2021-11-11 11:35:53.284===
===开始判断额外/转自动条件2021-11-11 11:35:53.398===
额外条件未满足


===============================================

==============2021-11-11 11:37:11==============
===6开始执行条件2021-11-11 11:37:10.745===
===开始判断价格条件2021-11-11 11:37:10.745===
===开始判断额外/转自动条件2021-11-11 11:37:10.838===
额外条件未满足


===============================================

==============2021-11-11 11:37:54==============
===6开始执行条件2021-11-11 11:37:53.998===
===开始判断价格条件2021-11-11 11:37:53.998===
===开始判断额外/转自动条件2021-11-11 11:37:54.118===
额外条件未满足


===============================================

==============2021-11-11 11:38:39==============
===6开始执行条件2021-11-11 11:38:39.386===
===开始判断价格条件2021-11-11 11:38:39.386===
===开始判断额外/转自动条件2021-11-11 11:38:39.579===
额外条件未满足


===============================================

==============2021-11-11 11:44:09==============
===6开始执行条件2021-11-11 11:44:08.832===
===开始判断价格条件2021-11-11 11:44:08.832===
===开始判断额外/转自动条件2021-11-11 11:44:09.192===
额外条件未满足


===============================================

==============2021-11-11 11:46:03==============
===6开始执行条件2021-11-11 11:46:03.025===
===开始判断价格条件2021-11-11 11:46:03.025===
===开始判断额外/转自动条件2021-11-11 11:46:03.306===
额外条件未满足


===============================================

==============2021-11-11 11:46:52==============
===6开始执行条件2021-11-11 11:46:51.932===
===开始判断价格条件2021-11-11 11:46:51.932===
===开始判断额外/转自动条件2021-11-11 11:46:52.025===
额外条件未满足


===============================================

==============2021-11-11 11:47:32==============
===6开始执行条件2021-11-11 11:47:32.763===
===开始判断价格条件2021-11-11 11:47:32.763===
===开始判断额外/转自动条件2021-11-11 11:47:32.866===
额外条件未满足


===============================================

==============2021-11-11 11:48:21==============
===6开始执行条件2021-11-11 11:48:21.084===
===开始判断价格条件2021-11-11 11:48:21.084===
===开始判断额外/转自动条件2021-11-11 11:48:21.179===
额外条件未满足


===============================================

==============2021-11-11 11:48:57==============
===6开始执行条件2021-11-11 11:48:57.597===
===开始判断价格条件2021-11-11 11:48:57.597===
===开始判断额外/转自动条件2021-11-11 11:48:57.730===
额外条件未满足


===============================================

==============2021-11-11 11:49:39==============
===6开始执行条件2021-11-11 11:49:39.372===
===开始判断价格条件2021-11-11 11:49:39.372===
===开始判断额外/转自动条件2021-11-11 11:49:39.584===
额外条件未满足


===============================================

==============2021-11-11 11:50:14==============
===6开始执行条件2021-11-11 11:50:14.195===
===开始判断价格条件2021-11-11 11:50:14.195===
===开始判断额外/转自动条件2021-11-11 11:50:14.660===
额外条件未满足


===============================================

==============2021-11-11 11:50:51==============
===6开始执行条件2021-11-11 11:50:51.085===
===开始判断价格条件2021-11-11 11:50:51.085===
===开始判断额外/转自动条件2021-11-11 11:50:51.166===
额外条件未满足


===============================================

==============2021-11-11 11:51:23==============
===6开始执行条件2021-11-11 11:51:23.197===
===开始判断价格条件2021-11-11 11:51:23.197===
===开始判断额外/转自动条件2021-11-11 11:51:23.474===
额外条件未满足


===============================================

