==============2021-11-10 13:07:09==============
===6开始执行条件2021-11-10 13:07:07.868===
===开始判断价格条件2021-11-10 13:07:07.868===
===开始判断额外/转自动条件2021-11-10 13:07:08.772===
额外条件未满足


===============================================

==============2021-11-10 13:07:49==============
===6开始执行条件2021-11-10 13:07:49.572===
===开始判断价格条件2021-11-10 13:07:49.572===
===开始判断额外/转自动条件2021-11-10 13:07:49.802===
额外条件未满足


===============================================

==============2021-11-10 13:08:24==============
===6开始执行条件2021-11-10 13:08:24.894===
===开始判断价格条件2021-11-10 13:08:24.894===
===开始判断额外/转自动条件2021-11-10 13:08:24.964===
额外条件未满足


===============================================

==============2021-11-10 13:09:10==============
===6开始执行条件2021-11-10 13:09:10.498===
===开始判断价格条件2021-11-10 13:09:10.498===
===开始判断额外/转自动条件2021-11-10 13:09:10.590===
额外条件未满足


===============================================

==============2021-11-10 13:09:49==============
===6开始执行条件2021-11-10 13:09:49.342===
===开始判断价格条件2021-11-10 13:09:49.342===
===开始判断额外/转自动条件2021-11-10 13:09:49.469===
额外条件未满足


===============================================

==============2021-11-10 13:10:38==============
===6开始执行条件2021-11-10 13:10:38.044===
===开始判断价格条件2021-11-10 13:10:38.044===
===开始判断额外/转自动条件2021-11-10 13:10:38.546===
额外条件未满足


===============================================

==============2021-11-10 13:11:26==============
===6开始执行条件2021-11-10 13:11:25.858===
===开始判断价格条件2021-11-10 13:11:25.858===
===开始判断额外/转自动条件2021-11-10 13:11:26.172===
额外条件未满足


===============================================

==============2021-11-10 13:12:06==============
===6开始执行条件2021-11-10 13:12:06.135===
===开始判断价格条件2021-11-10 13:12:06.135===
===开始判断额外/转自动条件2021-11-10 13:12:06.246===
额外条件未满足


===============================================

==============2021-11-10 13:12:51==============
===6开始执行条件2021-11-10 13:12:50.911===
===开始判断价格条件2021-11-10 13:12:50.911===
===开始判断额外/转自动条件2021-11-10 13:12:51.426===
额外条件未满足


===============================================

==============2021-11-10 13:13:43==============
===6开始执行条件2021-11-10 13:13:43.502===
===开始判断价格条件2021-11-10 13:13:43.502===
===开始判断额外/转自动条件2021-11-10 13:13:43.685===
额外条件未满足


===============================================

