==============2021-08-11 10:28:21==============
===6开始执行条件2021-08-11 10:28:20.542===
===开始判断价格条件2021-08-11 10:28:20.542===
===开始判断额外/转自动条件2021-08-11 10:28:20.842===
===2021-08-11 10:28:21.075===
股票：600992指定时间段判断-额外参数：
	分组名称：1
	走势名称：时间段
		条件成立(当前时间：2021-08-11 10:28:20.542,条件时段：09:30:00-13:00:00)
	结果：达到要求
===2021-08-11 10:28:21.471===
===2021-08-11 10:28:21.613===
股票：600992多头向上判断-转自动参数：
	分组名称：2
	走势名称：多头向上
	结果：未满足，返回code：0
===2021-08-11 10:28:21.613===
满足所有条件，可以触发


===============================================

==============2021-08-11 10:28:28==============
===6开始执行条件2021-08-11 10:28:27.209===
===开始判断价格条件2021-08-11 10:28:27.209===
===开始判断额外/转自动条件2021-08-11 10:28:27.670===
===2021-08-11 10:28:28.007===
股票：600992指定时间段判断-额外参数：
	分组名称：1
	走势名称：时间段
		条件成立(当前时间：2021-08-11 10:28:27.208,条件时段：09:30:00-13:00:00)
	结果：达到要求
===2021-08-11 10:28:28.224===
===2021-08-11 10:28:28.684===
股票：600992多头向上判断-转自动参数：
	分组名称：2
	走势名称：多头向上
	结果：未满足，返回code：0
===2021-08-11 10:28:28.684===
满足所有条件，可以触发


===============================================

==============2021-08-11 10:28:49==============
===6开始执行条件2021-08-11 10:28:48.718===
===开始判断价格条件2021-08-11 10:28:48.718===
===开始判断额外/转自动条件2021-08-11 10:28:48.847===
===2021-08-11 10:28:49.065===
股票：600992指定时间段判断-额外参数：
	分组名称：1
	走势名称：时间段
		条件成立(当前时间：2021-08-11 10:28:48.717,条件时段：09:30:00-13:00:00)
	结果：达到要求
===2021-08-11 10:28:49.145===
===2021-08-11 10:28:49.210===
股票：600992多头向上判断-转自动参数：
	分组名称：2
	走势名称：多头向上
	结果：未满足，返回code：0
===2021-08-11 10:28:49.210===
满足所有条件，可以触发


===============================================

==============2021-08-11 10:28:58==============
===6开始执行条件2021-08-11 10:28:57.503===
===开始判断价格条件2021-08-11 10:28:57.503===
===开始判断额外/转自动条件2021-08-11 10:28:57.685===
===2021-08-11 10:28:57.830===
股票：600992指定时间段判断-额外参数：
	分组名称：1
	走势名称：时间段
		条件成立(当前时间：2021-08-11 10:28:57.502,条件时段：09:30:00-13:00:00)
	结果：达到要求
===2021-08-11 10:28:57.970===
===2021-08-11 10:28:58.179===
股票：600992多头向上判断-转自动参数：
	分组名称：2
	走势名称：多头向上
	结果：未满足，返回code：0
===2021-08-11 10:28:58.179===
满足所有条件，可以触发


===============================================

==============2021-08-11 10:29:41==============
===6开始执行条件2021-08-11 10:29:40.522===
===开始判断价格条件2021-08-11 10:29:40.522===
===开始判断额外/转自动条件2021-08-11 10:29:40.683===
===2021-08-11 10:29:40.859===
股票：600992指定时间段判断-额外参数：
	分组名称：1
	走势名称：时间段
		条件成立(当前时间：2021-08-11 10:29:40.522,条件时段：09:30:00-13:00:00)
	结果：达到要求
===2021-08-11 10:29:40.958===
===2021-08-11 10:29:41.099===
股票：600992多头向上判断-转自动参数：
	分组名称：2
	走势名称：多头向上
	结果：未满足，返回code：0
===2021-08-11 10:29:41.099===
满足所有条件，可以触发


===============================================

==============2021-08-11 10:29:51==============
===6开始执行条件2021-08-11 10:29:49.839===
===开始判断价格条件2021-08-11 10:29:49.839===
===开始判断额外/转自动条件2021-08-11 10:29:50.267===
===2021-08-11 10:29:50.542===
股票：600992指定时间段判断-额外参数：
	分组名称：1
	走势名称：时间段
		条件成立(当前时间：2021-08-11 10:29:49.839,条件时段：09:30:00-13:00:00)
	结果：达到要求
===2021-08-11 10:29:51.103===
===2021-08-11 10:29:51.961===
股票：600992多头向上判断-转自动参数：
	分组名称：2
	走势名称：多头向上
	结果：未满足，返回code：0
===2021-08-11 10:29:51.962===
满足所有条件，可以触发


===============================================

==============2021-08-11 10:30:06==============
===6开始执行条件2021-08-11 10:30:05.688===
===开始判断价格条件2021-08-11 10:30:05.688===
===开始判断额外/转自动条件2021-08-11 10:30:05.814===
===2021-08-11 10:30:05.896===
股票：600992指定时间段判断-额外参数：
	分组名称：1
	走势名称：时间段
		条件成立(当前时间：2021-08-11 10:30:05.687,条件时段：09:30:00-13:00:00)
	结果：达到要求
===2021-08-11 10:30:05.932===
===2021-08-11 10:30:06.085===
股票：600992多头向上判断-转自动参数：
	分组名称：2
	走势名称：多头向上
	结果：未满足，返回code：0
===2021-08-11 10:30:06.085===
满足所有条件，可以触发


===============================================

==============2021-08-11 10:30:12==============
===6开始执行条件2021-08-11 10:30:12.288===
===开始判断价格条件2021-08-11 10:30:12.288===
===开始判断额外/转自动条件2021-08-11 10:30:12.452===
===2021-08-11 10:30:12.573===
股票：600992指定时间段判断-额外参数：
	分组名称：1
	走势名称：时间段
		条件成立(当前时间：2021-08-11 10:30:12.285,条件时段：09:30:00-13:00:00)
	结果：达到要求
===2021-08-11 10:30:12.710===
===2021-08-11 10:30:12.792===
股票：600992多头向上判断-转自动参数：
	分组名称：2
	走势名称：多头向上
	结果：未满足，返回code：0
===2021-08-11 10:30:12.792===
满足所有条件，可以触发


===============================================

==============2021-08-11 10:30:28==============
===6开始执行条件2021-08-11 10:30:28.121===
===开始判断价格条件2021-08-11 10:30:28.121===
===开始判断额外/转自动条件2021-08-11 10:30:28.582===
===2021-08-11 10:30:28.639===
股票：600992指定时间段判断-额外参数：
	分组名称：1
	走势名称：时间段
		条件成立(当前时间：2021-08-11 10:30:28.121,条件时段：09:30:00-13:00:00)
	结果：达到要求
===2021-08-11 10:30:28.741===
===2021-08-11 10:30:28.830===
股票：600992多头向上判断-转自动参数：
	分组名称：2
	走势名称：多头向上
	结果：未满足，返回code：0
===2021-08-11 10:30:28.830===
满足所有条件，可以触发


===============================================

==============2021-08-11 10:30:37==============
===6开始执行条件2021-08-11 10:30:36.394===
===开始判断价格条件2021-08-11 10:30:36.394===
===开始判断额外/转自动条件2021-08-11 10:30:36.468===
===2021-08-11 10:30:36.822===
股票：600992指定时间段判断-额外参数：
	分组名称：1
	走势名称：时间段
		条件成立(当前时间：2021-08-11 10:30:36.363,条件时段：09:30:00-13:00:00)
	结果：达到要求
===2021-08-11 10:30:36.878===
===2021-08-11 10:30:37.003===
股票：600992多头向上判断-转自动参数：
	分组名称：2
	走势名称：多头向上
	结果：未满足，返回code：0
===2021-08-11 10:30:37.003===
满足所有条件，可以触发


===============================================

==============2021-08-11 10:30:40==============
===6开始执行条件2021-08-11 10:30:39.846===
===开始判断价格条件2021-08-11 10:30:39.846===
===开始判断额外/转自动条件2021-08-11 10:30:39.911===
===2021-08-11 10:30:39.967===
股票：600992指定时间段判断-额外参数：
	分组名称：1
	走势名称：时间段
		条件成立(当前时间：2021-08-11 10:30:39.846,条件时段：09:30:00-13:00:00)
	结果：达到要求
===2021-08-11 10:30:40.026===
===2021-08-11 10:30:40.190===
股票：600992多头向上判断-转自动参数：
	分组名称：2
	走势名称：多头向上
	结果：未满足，返回code：0
===2021-08-11 10:30:40.190===
满足所有条件，可以触发


===============================================

==============2021-08-11 10:30:49==============
===6开始执行条件2021-08-11 10:30:48.793===
===开始判断价格条件2021-08-11 10:30:48.793===
===开始判断额外/转自动条件2021-08-11 10:30:48.842===
===2021-08-11 10:30:48.876===
股票：600992指定时间段判断-额外参数：
	分组名称：1
	走势名称：时间段
		条件成立(当前时间：2021-08-11 10:30:48.793,条件时段：09:30:00-13:00:00)
	结果：达到要求
===2021-08-11 10:30:48.909===
===2021-08-11 10:30:49.261===
股票：600992多头向上判断-转自动参数：
	分组名称：2
	走势名称：多头向上
	结果：未满足，返回code：0
===2021-08-11 10:30:49.261===
满足所有条件，可以触发


===============================================

==============2021-08-11 10:30:56==============
===6开始执行条件2021-08-11 10:30:56.124===
===开始判断价格条件2021-08-11 10:30:56.124===
===开始判断额外/转自动条件2021-08-11 10:30:56.520===
===2021-08-11 10:30:56.556===
股票：600992指定时间段判断-额外参数：
	分组名称：1
	走势名称：时间段
		条件成立(当前时间：2021-08-11 10:30:56.123,条件时段：09:30:00-13:00:00)
	结果：达到要求
===2021-08-11 10:30:56.601===
===2021-08-11 10:30:56.656===
股票：600992多头向上判断-转自动参数：
	分组名称：2
	走势名称：多头向上
	结果：未满足，返回code：0
===2021-08-11 10:30:56.656===
满足所有条件，可以触发


===============================================

==============2021-08-11 10:31:15==============
===6开始执行条件2021-08-11 10:31:14.825===
===开始判断价格条件2021-08-11 10:31:14.825===
===开始判断额外/转自动条件2021-08-11 10:31:14.867===
===2021-08-11 10:31:14.897===
股票：600992指定时间段判断-额外参数：
	分组名称：1
	走势名称：时间段
		条件成立(当前时间：2021-08-11 10:31:14.824,条件时段：09:30:00-13:00:00)
	结果：达到要求
===2021-08-11 10:31:14.936===
===2021-08-11 10:31:15.297===
股票：600992多头向上判断-转自动参数：
	分组名称：2
	走势名称：多头向上
	结果：未满足，返回code：0
===2021-08-11 10:31:15.297===
满足所有条件，可以触发


===============================================

==============2021-08-11 10:31:22==============
===6开始执行条件2021-08-11 10:31:21.374===
===开始判断价格条件2021-08-11 10:31:21.374===
===开始判断额外/转自动条件2021-08-11 10:31:21.446===
===2021-08-11 10:31:21.544===
股票：600992指定时间段判断-额外参数：
	分组名称：1
	走势名称：时间段
		条件成立(当前时间：2021-08-11 10:31:21.374,条件时段：09:30:00-13:00:00)
	结果：达到要求
===2021-08-11 10:31:21.654===
===2021-08-11 10:31:22.968===
股票：600992多头向上判断-转自动参数：
	分组名称：2
	走势名称：多头向上
	结果：未满足，返回code：0
===2021-08-11 10:31:22.968===
满足所有条件，可以触发


===============================================

==============2021-08-11 10:31:29==============
===6开始执行条件2021-08-11 10:31:28.743===
===开始判断价格条件2021-08-11 10:31:28.743===
===开始判断额外/转自动条件2021-08-11 10:31:28.832===
===2021-08-11 10:31:29.187===
股票：600992指定时间段判断-额外参数：
	分组名称：1
	走势名称：时间段
		条件成立(当前时间：2021-08-11 10:31:28.742,条件时段：09:30:00-13:00:00)
	结果：达到要求
===2021-08-11 10:31:29.334===
===2021-08-11 10:31:29.410===
股票：600992多头向上判断-转自动参数：
	分组名称：2
	走势名称：多头向上
	结果：未满足，返回code：0
===2021-08-11 10:31:29.410===
满足所有条件，可以触发


===============================================

==============2021-08-11 10:31:38==============
===6开始执行条件2021-08-11 10:31:36.799===
===开始判断价格条件2021-08-11 10:31:36.799===
===开始判断额外/转自动条件2021-08-11 10:31:37.371===
===2021-08-11 10:31:37.746===
股票：600992指定时间段判断-额外参数：
	分组名称：1
	走势名称：时间段
		条件成立(当前时间：2021-08-11 10:31:36.799,条件时段：09:30:00-13:00:00)
	结果：达到要求
===2021-08-11 10:31:37.899===
===2021-08-11 10:31:38.242===
股票：600992多头向上判断-转自动参数：
	分组名称：2
	走势名称：多头向上
	结果：未满足，返回code：0
===2021-08-11 10:31:38.242===
满足所有条件，可以触发


===============================================

==============2021-08-11 10:31:56==============
===6开始执行条件2021-08-11 10:31:54.255===
===开始判断价格条件2021-08-11 10:31:54.255===
===开始判断额外/转自动条件2021-08-11 10:31:55.223===
===2021-08-11 10:31:55.458===
股票：600992指定时间段判断-额外参数：
	分组名称：1
	走势名称：时间段
		条件成立(当前时间：2021-08-11 10:31:54.254,条件时段：09:30:00-13:00:00)
	结果：达到要求
===2021-08-11 10:31:56.222===
===2021-08-11 10:31:56.739===
股票：600992多头向上判断-转自动参数：
	分组名称：2
	走势名称：多头向上
	结果：未满足，返回code：0
===2021-08-11 10:31:56.739===
满足所有条件，可以触发


===============================================

==============2021-08-11 10:32:13==============
===6开始执行条件2021-08-11 10:32:10.624===
===开始判断价格条件2021-08-11 10:32:10.624===
===开始判断额外/转自动条件2021-08-11 10:32:11.262===
===2021-08-11 10:32:11.867===
股票：600992指定时间段判断-额外参数：
	分组名称：1
	走势名称：时间段
		条件成立(当前时间：2021-08-11 10:32:10.623,条件时段：09:30:00-13:00:00)
	结果：达到要求
===2021-08-11 10:32:12.281===
===2021-08-11 10:32:13.512===
股票：600992多头向上判断-转自动参数：
	分组名称：2
	走势名称：多头向上
	结果：未满足，返回code：0
===2021-08-11 10:32:13.512===
满足所有条件，可以触发


===============================================

==============2021-08-11 10:32:42==============
===6开始执行条件2021-08-11 10:32:41.786===
===开始判断价格条件2021-08-11 10:32:41.786===
===开始判断额外/转自动条件2021-08-11 10:32:42.310===
===2021-08-11 10:32:42.420===
股票：600992指定时间段判断-额外参数：
	分组名称：1
	走势名称：时间段
		条件成立(当前时间：2021-08-11 10:32:41.785,条件时段：09:30:00-13:00:00)
	结果：达到要求
===2021-08-11 10:32:42.790===
===2021-08-11 10:32:42.858===
股票：600992多头向上判断-转自动参数：
	分组名称：2
	走势名称：多头向上
	结果：未满足，返回code：0
===2021-08-11 10:32:42.858===
满足所有条件，可以触发


===============================================

==============2021-08-11 10:32:55==============
===6开始执行条件2021-08-11 10:32:54.963===
===开始判断价格条件2021-08-11 10:32:54.963===
===开始判断额外/转自动条件2021-08-11 10:32:55.374===
===2021-08-11 10:32:55.415===
股票：600992指定时间段判断-额外参数：
	分组名称：1
	走势名称：时间段
		条件成立(当前时间：2021-08-11 10:32:54.956,条件时段：09:30:00-13:00:00)
	结果：达到要求
===2021-08-11 10:32:55.482===
===2021-08-11 10:32:55.588===
股票：600992多头向上判断-转自动参数：
	分组名称：2
	走势名称：多头向上
	结果：未满足，返回code：0
===2021-08-11 10:32:55.588===
满足所有条件，可以触发


===============================================

==============2021-08-11 10:33:03==============
===6开始执行条件2021-08-11 10:33:02.931===
===开始判断价格条件2021-08-11 10:33:02.931===
===开始判断额外/转自动条件2021-08-11 10:33:03.042===
===2021-08-11 10:33:03.154===
股票：600992指定时间段判断-额外参数：
	分组名称：1
	走势名称：时间段
		条件成立(当前时间：2021-08-11 10:33:02.930,条件时段：09:30:00-13:00:00)
	结果：达到要求
===2021-08-11 10:33:03.255===
===2021-08-11 10:33:03.520===
股票：600992多头向上判断-转自动参数：
	分组名称：2
	走势名称：多头向上
	结果：未满足，返回code：0
===2021-08-11 10:33:03.520===
满足所有条件，可以触发


===============================================

==============2021-08-11 10:33:12==============
===6开始执行条件2021-08-11 10:33:11.315===
===开始判断价格条件2021-08-11 10:33:11.315===
===开始判断额外/转自动条件2021-08-11 10:33:11.967===
===2021-08-11 10:33:12.257===
股票：600992指定时间段判断-额外参数：
	分组名称：1
	走势名称：时间段
		条件成立(当前时间：2021-08-11 10:33:11.315,条件时段：09:30:00-13:00:00)
	结果：达到要求
===2021-08-11 10:33:12.606===
===2021-08-11 10:33:12.858===
股票：600992多头向上判断-转自动参数：
	分组名称：2
	走势名称：多头向上
	结果：未满足，返回code：0
===2021-08-11 10:33:12.858===
满足所有条件，可以触发


===============================================

==============2021-08-11 10:33:21==============
===6开始执行条件2021-08-11 10:33:19.543===
===开始判断价格条件2021-08-11 10:33:19.543===
===开始判断额外/转自动条件2021-08-11 10:33:20.354===
===2021-08-11 10:33:20.628===
股票：600992指定时间段判断-额外参数：
	分组名称：1
	走势名称：时间段
		条件成立(当前时间：2021-08-11 10:33:19.534,条件时段：09:30:00-13:00:00)
	结果：达到要求
===2021-08-11 10:33:21.122===
===2021-08-11 10:33:21.356===
股票：600992多头向上判断-转自动参数：
	分组名称：2
	走势名称：多头向上
	结果：未满足，返回code：0
===2021-08-11 10:33:21.356===
满足所有条件，可以触发


===============================================

==============2021-08-11 10:34:56==============
===6开始执行条件2021-08-11 10:34:55.403===
===开始判断价格条件2021-08-11 10:34:55.403===
===开始判断额外/转自动条件2021-08-11 10:34:55.531===
===2021-08-11 10:34:55.662===
股票：600992指定时间段判断-额外参数：
	分组名称：1
	走势名称：时间段
		条件成立(当前时间：2021-08-11 10:34:55.403,条件时段：09:30:00-13:00:00)
	结果：达到要求
===2021-08-11 10:34:55.777===
===2021-08-11 10:34:56.099===
股票：600992多头向上判断-转自动参数：
	分组名称：2
	走势名称：多头向上
	结果：未满足，返回code：0
===2021-08-11 10:34:56.099===
满足所有条件，可以触发


===============================================

==============2021-08-11 10:35:05==============
===6开始执行条件2021-08-11 10:35:04.186===
===开始判断价格条件2021-08-11 10:35:04.186===
===开始判断额外/转自动条件2021-08-11 10:35:04.380===
===2021-08-11 10:35:04.513===
股票：600992指定时间段判断-额外参数：
	分组名称：1
	走势名称：时间段
		条件成立(当前时间：2021-08-11 10:35:04.185,条件时段：09:30:00-13:00:00)
	结果：达到要求
===2021-08-11 10:35:04.667===
===2021-08-11 10:35:05.143===
股票：600992多头向上判断-转自动参数：
	分组名称：2
	走势名称：多头向上
	结果：未满足，返回code：0
===2021-08-11 10:35:05.143===
满足所有条件，可以触发


===============================================

==============2021-08-11 10:35:12==============
===6开始执行条件2021-08-11 10:35:11.447===
===开始判断价格条件2021-08-11 10:35:11.447===
===开始判断额外/转自动条件2021-08-11 10:35:11.646===
===2021-08-11 10:35:11.825===
股票：600992指定时间段判断-额外参数：
	分组名称：1
	走势名称：时间段
		条件成立(当前时间：2021-08-11 10:35:11.446,条件时段：09:30:00-13:00:00)
	结果：达到要求
===2021-08-11 10:35:12.018===
===2021-08-11 10:35:12.341===
股票：600992多头向上判断-转自动参数：
	分组名称：2
	走势名称：多头向上
	结果：未满足，返回code：0
===2021-08-11 10:35:12.342===
满足所有条件，可以触发


===============================================

==============2021-08-11 10:35:26==============
===6开始执行条件2021-08-11 10:35:23.722===
===开始判断价格条件2021-08-11 10:35:23.722===
===开始判断额外/转自动条件2021-08-11 10:35:24.368===
===2021-08-11 10:35:25.057===
股票：600992指定时间段判断-额外参数：
	分组名称：1
	走势名称：时间段
		条件成立(当前时间：2021-08-11 10:35:23.721,条件时段：09:30:00-13:00:00)
	结果：达到要求
===2021-08-11 10:35:25.720===
===2021-08-11 10:35:26.218===
股票：600992多头向上判断-转自动参数：
	分组名称：2
	走势名称：多头向上
	结果：未满足，返回code：0
===2021-08-11 10:35:26.233===
满足所有条件，可以触发


===============================================

==============2021-08-11 10:35:52==============
===6开始执行条件2021-08-11 10:35:51.958===
===开始判断价格条件2021-08-11 10:35:51.958===
===开始判断额外/转自动条件2021-08-11 10:35:52.134===
===2021-08-11 10:35:52.376===
股票：600992指定时间段判断-额外参数：
	分组名称：1
	走势名称：时间段
		条件成立(当前时间：2021-08-11 10:35:51.957,条件时段：09:30:00-13:00:00)
	结果：达到要求
===2021-08-11 10:35:52.534===
===2021-08-11 10:35:52.779===
股票：600992多头向上判断-转自动参数：
	分组名称：2
	走势名称：多头向上
	结果：未满足，返回code：0
===2021-08-11 10:35:52.780===
满足所有条件，可以触发


===============================================

==============2021-08-11 10:36:22==============
===6开始执行条件2021-08-11 10:36:18.760===
===开始判断价格条件2021-08-11 10:36:18.760===
===开始判断额外/转自动条件2021-08-11 10:36:19.944===
===2021-08-11 10:36:20.899===
股票：600992指定时间段判断-额外参数：
	分组名称：1
	走势名称：时间段
		条件成立(当前时间：2021-08-11 10:36:18.760,条件时段：09:30:00-13:00:00)
	结果：达到要求
===2021-08-11 10:36:21.430===
===2021-08-11 10:36:22.576===
股票：600992多头向上判断-转自动参数：
	分组名称：2
	走势名称：多头向上
	结果：未满足，返回code：0
===2021-08-11 10:36:22.576===
满足所有条件，可以触发


===============================================

==============2021-08-11 10:36:58==============
===6开始执行条件2021-08-11 10:36:56.006===
===开始判断价格条件2021-08-11 10:36:56.006===
===开始判断额外/转自动条件2021-08-11 10:36:56.951===
===2021-08-11 10:36:57.090===
股票：600992指定时间段判断-额外参数：
	分组名称：1
	走势名称：时间段
		条件成立(当前时间：2021-08-11 10:36:56.006,条件时段：09:30:00-13:00:00)
	结果：达到要求
===2021-08-11 10:36:57.567===
===2021-08-11 10:36:58.525===
股票：600992多头向上判断-转自动参数：
	分组名称：2
	走势名称：多头向上
	结果：未满足，返回code：0
===2021-08-11 10:36:58.525===
满足所有条件，可以触发


===============================================

==============2021-08-11 10:37:15==============
===6开始执行条件2021-08-11 10:37:13.786===
===开始判断价格条件2021-08-11 10:37:13.786===
===开始判断额外/转自动条件2021-08-11 10:37:14.204===
===2021-08-11 10:37:14.650===
股票：600992指定时间段判断-额外参数：
	分组名称：1
	走势名称：时间段
		条件成立(当前时间：2021-08-11 10:37:13.785,条件时段：09:30:00-13:00:00)
	结果：达到要求
===2021-08-11 10:37:14.871===
===2021-08-11 10:37:15.814===
股票：600992多头向上判断-转自动参数：
	分组名称：2
	走势名称：多头向上
	结果：未满足，返回code：0
===2021-08-11 10:37:15.814===
满足所有条件，可以触发


===============================================

==============2021-08-11 10:37:53==============
===6开始执行条件2021-08-11 10:37:51.999===
===开始判断价格条件2021-08-11 10:37:51.999===
===开始判断额外/转自动条件2021-08-11 10:37:52.285===
===2021-08-11 10:37:52.723===
股票：600992指定时间段判断-额外参数：
	分组名称：1
	走势名称：时间段
		条件成立(当前时间：2021-08-11 10:37:51.998,条件时段：09:30:00-13:00:00)
	结果：达到要求
===2021-08-11 10:37:52.985===
===2021-08-11 10:37:53.870===
股票：600992多头向上判断-转自动参数：
	分组名称：2
	走势名称：多头向上
	结果：未满足，返回code：0
===2021-08-11 10:37:53.870===
满足所有条件，可以触发


===============================================

