==============2021-04-30 15:17:35==============
股票：601127历史涨跌幅判断-额外参数：
	分组名称：历史涨停
	走势名称：历史涨跌幅
	结果：达到要求
股票：601127当前涨跌幅判断-额外参数：
	分组名称：当日涨跌幅
	走势名称：当日涨跌幅奥术大师多
	结果：未满足
股票：601127当前涨跌幅判断-额外参数：
	分组名称：当日涨跌幅
	走势名称：当日涨跌幅奥术大师多
	结果：达到要求
满足所有条件，可以触发


===============================================

==============2021-04-30 15:18:48==============
股票：601127历史涨跌幅判断-额外参数：
	分组名称：历史涨停
	走势名称：历史涨跌幅
	结果：达到要求
股票：601127当前涨跌幅判断-额外参数：
	分组名称：当日涨跌幅
	走势名称：当日涨跌幅奥术大师多
	结果：未满足
股票：601127当前涨跌幅判断-额外参数：
	分组名称：当日涨跌幅
	走势名称：当日涨跌幅奥术大师多
	结果：达到要求
满足所有条件，可以触发


===============================================

