==============2021-08-09 10:11:08==============
===6开始执行条件2021-08-09 10:11:08.167===
===开始判断价格条件2021-08-09 10:11:08.167===
===开始判断额外/转自动条件2021-08-09 10:11:08.264===
===2021-08-09 10:11:08.328===
股票：300631指定时间段判断-额外参数：
	分组名称：1
	走势名称：时间段
		条件成立(当前时间：2021-08-09 10:11:08.167,条件时段：09:30:00-13:00:00)
	结果：达到要求
===2021-08-09 10:11:08.375===
===2021-08-09 10:11:08.695===
股票：300631多头向上判断-转自动参数：
	分组名称：2
	走势名称：多头向上
	结果：未满足，返回code：0
===2021-08-09 10:11:08.695===
满足所有条件，可以触发


===============================================

==============2021-08-09 10:11:45==============
===6开始执行条件2021-08-09 10:11:29.312===
===开始判断价格条件2021-08-09 10:11:29.312===
===开始判断额外/转自动条件2021-08-09 10:11:31.001===
===2021-08-09 10:11:34.610===
股票：300631指定时间段判断-额外参数：
	分组名称：1
	走势名称：时间段
		条件成立(当前时间：2021-08-09 10:11:29.310,条件时段：09:30:00-13:00:00)
	结果：达到要求
===2021-08-09 10:11:42.514===
===2021-08-09 10:11:45.670===
股票：300631多头向上判断-转自动参数：
	分组名称：2
	走势名称：多头向上
	结果：未满足，返回code：0
===2021-08-09 10:11:45.670===
满足所有条件，可以触发


===============================================

==============2021-08-09 11:02:53==============
===6开始执行条件2021-08-09 11:02:53.277===
===开始判断价格条件2021-08-09 11:02:53.277===
===开始判断额外/转自动条件2021-08-09 11:02:53.453===
===2021-08-09 11:02:53.610===
股票：300631指定时间段判断-额外参数：
	分组名称：1
	走势名称：时间段
		条件成立(当前时间：2021-08-09 11:02:53.277,条件时段：09:30:00-13:00:00)
	结果：达到要求
===2021-08-09 11:02:53.718===
===2021-08-09 11:02:53.891===
股票：300631多头向上判断-转自动参数：
	分组名称：2
	走势名称：多头向上
	结果：未满足，返回code：0
===2021-08-09 11:02:53.891===
满足所有条件，可以触发


===============================================

==============2021-08-09 11:03:18==============
===6开始执行条件2021-08-09 11:03:17.978===
===开始判断价格条件2021-08-09 11:03:17.978===
===开始判断额外/转自动条件2021-08-09 11:03:18.250===
===2021-08-09 11:03:18.450===
股票：300631指定时间段判断-额外参数：
	分组名称：1
	走势名称：时间段
		条件成立(当前时间：2021-08-09 11:03:17.977,条件时段：09:30:00-13:00:00)
	结果：达到要求
===2021-08-09 11:03:18.629===
===2021-08-09 11:03:18.955===
股票：300631多头向上判断-转自动参数：
	分组名称：2
	走势名称：多头向上
	结果：未满足，返回code：0
===2021-08-09 11:03:18.955===
满足所有条件，可以触发


===============================================

==============2021-08-09 11:03:34==============
===6开始执行条件2021-08-09 11:03:33.041===
===开始判断价格条件2021-08-09 11:03:33.041===
===开始判断额外/转自动条件2021-08-09 11:03:33.202===
===2021-08-09 11:03:33.300===
股票：300631指定时间段判断-额外参数：
	分组名称：1
	走势名称：时间段
		条件成立(当前时间：2021-08-09 11:03:33.041,条件时段：09:30:00-13:00:00)
	结果：达到要求
===2021-08-09 11:03:33.595===
===2021-08-09 11:03:34.176===
股票：300631多头向上判断-转自动参数：
	分组名称：2
	走势名称：多头向上
	结果：未满足，返回code：0
===2021-08-09 11:03:34.177===
满足所有条件，可以触发


===============================================

