==============2021-08-06 15:12:53==============
===6开始执行条件2021-08-06 15:12:52.969===
===开始判断价格条件2021-08-06 15:12:52.969===
===开始判断额外/转自动条件2021-08-06 15:12:53.283===
===2021-08-06 15:12:53.348===
股票：300631指定时间段判断-额外参数：
	分组名称：1
	走势名称：时间段
		条件不成立(当前时间：2021-08-06 15:12:52.969,条件时段：09:30:00-13:00:00)
	结果：未满足
===2021-08-06 15:12:53.348===
===2021-08-06 15:12:53.381===
股票：300631板块涨跌幅判断-额外参数：
	分组名称：1
	走势名称：发
		条件不成立(不符合板块涨跌幅条件)
	结果：未满足，返回code：-1
===2021-08-06 15:12:53.692===
额外条件未满足


===============================================

==============2021-08-06 15:28:38==============
===6开始执行条件2021-08-06 15:28:36.636===
===开始判断价格条件2021-08-06 15:28:36.636===
===开始判断额外/转自动条件2021-08-06 15:28:37.925===
===2021-08-06 15:28:38.246===
股票：300631指定时间段判断-额外参数：
	分组名称：1
	走势名称：时间段
		条件不成立(当前时间：2021-08-06 15:28:36.636,条件时段：09:30:00-13:00:00)
	结果：未满足
===2021-08-06 15:28:38.246===
===2021-08-06 15:28:38.278===
股票：300631板块涨跌幅判断-额外参数：
	分组名称：1
	走势名称：发
		条件不成立(不符合板块涨跌幅条件)
	结果：未满足，返回code：-1
===2021-08-06 15:28:38.876===
额外条件未满足


===============================================

==============2021-08-06 15:32:48==============
===6开始执行条件2021-08-06 15:32:47.522===
===开始判断价格条件2021-08-06 15:32:47.522===
===开始判断额外/转自动条件2021-08-06 15:32:47.599===
===2021-08-06 15:32:47.642===
股票：300631指定时间段判断-额外参数：
	分组名称：1
	走势名称：时间段
		条件不成立(当前时间：2021-08-06 15:32:47.521,条件时段：09:30:00-13:00:00)
	结果：未满足
===2021-08-06 15:32:47.643===
===2021-08-06 15:32:47.728===
股票：300631板块涨跌幅判断-额外参数：
	分组名称：1
	走势名称：发
		条件不成立(不符合板块涨跌幅条件)
	结果：未满足，返回code：-1
===2021-08-06 15:32:48.013===
额外条件未满足


===============================================

==============2021-08-06 17:04:59==============
===6开始执行条件2021-08-06 17:04:57.794===
===开始判断价格条件2021-08-06 17:04:57.794===
===开始判断额外/转自动条件2021-08-06 17:04:58.529===
===2021-08-06 17:04:58.644===
股票：300631指定时间段判断-额外参数：
	分组名称：1
	走势名称：时间段
		条件不成立(当前时间：2021-08-06 17:04:57.794,条件时段：09:30:00-13:00:00)
	结果：未满足
===2021-08-06 17:04:58.644===
===2021-08-06 17:04:58.725===
股票：300631板块涨跌幅判断-额外参数：
	分组名称：1
	走势名称：发
		条件不成立(不符合板块涨跌幅条件)
	结果：未满足，返回code：-1
===2021-08-06 17:04:59.724===
额外条件未满足


===============================================

==============2021-08-06 17:05:38==============
===6开始执行条件2021-08-06 17:05:37.025===
===开始判断价格条件2021-08-06 17:05:37.025===
===开始判断额外/转自动条件2021-08-06 17:05:37.445===
===2021-08-06 17:05:37.747===
股票：300631指定时间段判断-额外参数：
	分组名称：1
	走势名称：时间段
		条件不成立(当前时间：2021-08-06 17:05:37.025,条件时段：09:30:00-13:00:00)
	结果：未满足
===2021-08-06 17:05:37.747===
===2021-08-06 17:05:37.907===
股票：300631板块涨跌幅判断-额外参数：
	分组名称：1
	走势名称：发
		条件不成立(不符合板块涨跌幅条件)
	结果：未满足，返回code：-1
===2021-08-06 17:05:38.681===
额外条件未满足


===============================================

==============2021-08-06 17:10:24==============
===6开始执行条件2021-08-06 17:10:23.001===
===开始判断价格条件2021-08-06 17:10:23.001===
===开始判断额外/转自动条件2021-08-06 17:10:23.222===
===2021-08-06 17:10:23.293===
股票：300631指定时间段判断-额外参数：
	分组名称：1
	走势名称：时间段
		条件不成立(当前时间：2021-08-06 17:10:22.976,条件时段：09:30:00-13:00:00)
	结果：未满足
===2021-08-06 17:10:23.293===
===2021-08-06 17:10:23.379===
股票：300631板块涨跌幅判断-额外参数：
	分组名称：1
	走势名称：发
		条件不成立(不符合板块涨跌幅条件)
	结果：未满足，返回code：-1
===2021-08-06 17:10:24.118===
额外条件未满足


===============================================

==============2021-08-06 17:10:41==============
===6开始执行条件2021-08-06 17:10:40.697===
===开始判断价格条件2021-08-06 17:10:40.697===
===开始判断额外/转自动条件2021-08-06 17:10:40.903===
===2021-08-06 17:10:41.286===
股票：300631指定时间段判断-额外参数：
	分组名称：1
	走势名称：时间段
		条件不成立(当前时间：2021-08-06 17:10:40.697,条件时段：09:30:00-13:00:00)
	结果：未满足
===2021-08-06 17:10:41.286===
===2021-08-06 17:10:41.394===
股票：300631板块涨跌幅判断-额外参数：
	分组名称：1
	走势名称：发
		条件不成立(不符合板块涨跌幅条件)
	结果：未满足，返回code：-1
===2021-08-06 17:10:41.912===
额外条件未满足


===============================================

==============2021-08-06 17:12:10==============
===6开始执行条件2021-08-06 17:12:07.444===
===开始判断价格条件2021-08-06 17:12:07.444===
===开始判断额外/转自动条件2021-08-06 17:12:07.830===
===2021-08-06 17:12:08.108===
股票：300631指定时间段判断-额外参数：
	分组名称：1
	走势名称：时间段
		条件不成立(当前时间：2021-08-06 17:12:07.444,条件时段：09:30:00-13:00:00)
	结果：未满足
===2021-08-06 17:12:08.108===
===2021-08-06 17:12:08.180===
股票：300631板块涨跌幅判断-额外参数：
	分组名称：1
	走势名称：发
		条件不成立(不符合板块涨跌幅条件)
	结果：未满足，返回code：-1
===2021-08-06 17:12:10.091===
额外条件未满足


===============================================

