==============2021-08-10 17:37:13==============
===6开始执行条件2021-08-10 17:37:12.961===
===开始判断价格条件2021-08-10 17:37:12.961===
===开始判断额外/转自动条件2021-08-10 17:37:13.348===
===2021-08-10 17:37:13.431===
股票：300631指定时间段判断-额外参数：
	分组名称：1
	走势名称：时间段
		条件不成立(当前时间：2021-08-10 17:37:12.961,条件时段：09:30:00-13:00:00)
	结果：未满足
===2021-08-10 17:37:13.431===
===2021-08-10 17:37:13.476===
股票：300631板块涨跌幅判断-额外参数：
	分组名称：1
	走势名称：发
		条件不成立(不符合板块涨跌幅条件)
	结果：未满足，返回code：-1
===2021-08-10 17:37:13.679===
额外条件未满足


===============================================

==============2021-08-10 17:41:25==============
===6开始执行条件2021-08-10 17:41:24.311===
===开始判断价格条件2021-08-10 17:41:24.311===
===开始判断额外/转自动条件2021-08-10 17:41:24.546===
===2021-08-10 17:41:24.668===
股票：300631指定时间段判断-额外参数：
	分组名称：1
	走势名称：时间段
		条件不成立(当前时间：2021-08-10 17:41:24.311,条件时段：09:30:00-13:00:00)
	结果：未满足
===2021-08-10 17:41:24.668===
===2021-08-10 17:41:24.726===
股票：300631板块涨跌幅判断-额外参数：
	分组名称：1
	走势名称：发
		条件不成立(不符合板块涨跌幅条件)
	结果：未满足，返回code：-1
===2021-08-10 17:41:25.276===
额外条件未满足


===============================================

==============2021-08-10 17:44:18==============
===6开始执行条件2021-08-10 17:44:16.459===
===开始判断价格条件2021-08-10 17:44:16.459===
===开始判断额外/转自动条件2021-08-10 17:44:16.627===
===2021-08-10 17:44:16.683===
股票：300631指定时间段判断-额外参数：
	分组名称：1
	走势名称：时间段
		条件不成立(当前时间：2021-08-10 17:44:16.458,条件时段：09:30:00-13:00:00)
	结果：未满足
===2021-08-10 17:44:16.683===
===2021-08-10 17:44:16.715===
股票：300631板块涨跌幅判断-额外参数：
	分组名称：1
	走势名称：发
		条件不成立(不符合板块涨跌幅条件)
	结果：未满足，返回code：-1
===2021-08-10 17:44:18.237===
额外条件未满足


===============================================

==============2021-08-10 17:54:25==============
===6开始执行条件2021-08-10 17:54:24.413===
===开始判断价格条件2021-08-10 17:54:24.413===
===开始判断额外/转自动条件2021-08-10 17:54:24.635===
===2021-08-10 17:54:25.091===
股票：300631指定时间段判断-额外参数：
	分组名称：1
	走势名称：时间段
		条件不成立(当前时间：2021-08-10 17:54:24.413,条件时段：09:30:00-13:00:00)
	结果：未满足
===2021-08-10 17:54:25.091===
===2021-08-10 17:54:25.315===
股票：300631板块涨跌幅判断-额外参数：
	分组名称：1
	走势名称：发
		条件不成立(不符合板块涨跌幅条件)
	结果：未满足，返回code：-1
===2021-08-10 17:54:25.564===
额外条件未满足


===============================================

