==============2021-08-06 15:32:49==============
===6开始执行条件2021-08-06 15:32:48.576===
===开始判断价格条件2021-08-06 15:32:48.576===
===开始判断额外/转自动条件2021-08-06 15:32:48.867===
===2021-08-06 15:32:49.293===
股票：603995指定时间段判断-额外参数：
	分组名称：1
	走势名称：时间段
		条件不成立(当前时间：2021-08-06 15:32:48.575,条件时段：09:30:00-13:00:00)
	结果：未满足
===2021-08-06 15:32:49.293===
===2021-08-06 15:32:49.409===
股票：603995板块涨跌幅判断-额外参数：
	分组名称：1
	走势名称：发
		条件不成立(不符合板块涨跌幅条件)
	结果：未满足，返回code：-1
===2021-08-06 15:32:49.949===
额外条件未满足


===============================================

==============2021-08-06 17:05:01==============
===6开始执行条件2021-08-06 17:04:59.858===
===开始判断价格条件2021-08-06 17:04:59.858===
===开始判断额外/转自动条件2021-08-06 17:05:00.333===
===2021-08-06 17:05:00.622===
股票：603995指定时间段判断-额外参数：
	分组名称：1
	走势名称：时间段
		条件不成立(当前时间：2021-08-06 17:04:59.858,条件时段：09:30:00-13:00:00)
	结果：未满足
===2021-08-06 17:05:00.622===
===2021-08-06 17:05:00.811===
股票：603995板块涨跌幅判断-额外参数：
	分组名称：1
	走势名称：发
		条件不成立(不符合板块涨跌幅条件)
	结果：未满足，返回code：-1
===2021-08-06 17:05:01.830===
额外条件未满足


===============================================

==============2021-08-06 17:05:40==============
===6开始执行条件2021-08-06 17:05:38.683===
===开始判断价格条件2021-08-06 17:05:38.683===
===开始判断额外/转自动条件2021-08-06 17:05:39.260===
===2021-08-06 17:05:39.598===
股票：603995指定时间段判断-额外参数：
	分组名称：1
	走势名称：时间段
		条件不成立(当前时间：2021-08-06 17:05:38.682,条件时段：09:30:00-13:00:00)
	结果：未满足
===2021-08-06 17:05:39.598===
===2021-08-06 17:05:39.743===
股票：603995板块涨跌幅判断-额外参数：
	分组名称：1
	走势名称：发
		条件不成立(不符合板块涨跌幅条件)
	结果：未满足，返回code：-1
===2021-08-06 17:05:40.569===
额外条件未满足


===============================================

==============2021-08-06 17:10:26==============
===6开始执行条件2021-08-06 17:10:24.126===
===开始判断价格条件2021-08-06 17:10:24.126===
===开始判断额外/转自动条件2021-08-06 17:10:24.419===
===2021-08-06 17:10:24.637===
股票：603995指定时间段判断-额外参数：
	分组名称：1
	走势名称：时间段
		条件不成立(当前时间：2021-08-06 17:10:24.126,条件时段：09:30:00-13:00:00)
	结果：未满足
===2021-08-06 17:10:24.637===
===2021-08-06 17:10:24.790===
股票：603995板块涨跌幅判断-额外参数：
	分组名称：1
	走势名称：发
		条件不成立(不符合板块涨跌幅条件)
	结果：未满足，返回code：-1
===2021-08-06 17:10:26.488===
额外条件未满足


===============================================

==============2021-08-06 17:10:43==============
===6开始执行条件2021-08-06 17:10:41.541===
===开始判断价格条件2021-08-06 17:10:41.541===
===开始判断额外/转自动条件2021-08-06 17:10:41.925===
===2021-08-06 17:10:42.033===
股票：603995指定时间段判断-额外参数：
	分组名称：1
	走势名称：时间段
		条件不成立(当前时间：2021-08-06 17:10:41.540,条件时段：09:30:00-13:00:00)
	结果：未满足
===2021-08-06 17:10:42.033===
===2021-08-06 17:10:42.163===
股票：603995板块涨跌幅判断-额外参数：
	分组名称：1
	走势名称：发
		条件不成立(不符合板块涨跌幅条件)
	结果：未满足，返回code：-1
===2021-08-06 17:10:43.189===
额外条件未满足


===============================================

