==============2021-08-11 10:28:54==============
===6开始执行条件2021-08-11 10:28:53.810===
===开始判断价格条件2021-08-11 10:28:53.810===
===开始判断额外/转自动条件2021-08-11 10:28:54.064===
===2021-08-11 10:28:54.269===
股票：603995指定时间段判断-额外参数：
	分组名称：1
	走势名称：时间段
		条件成立(当前时间：2021-08-11 10:28:53.809,条件时段：09:30:00-13:00:00)
	结果：达到要求
===2021-08-11 10:28:54.404===
===2021-08-11 10:28:54.866===
股票：603995多头向上判断-转自动参数：
	分组名称：2
	走势名称：多头向上
	结果：未满足，返回code：0
===2021-08-11 10:28:54.866===
满足所有条件，可以触发


===============================================

==============2021-08-11 10:29:05==============
===6开始执行条件2021-08-11 10:29:02.708===
===开始判断价格条件2021-08-11 10:29:02.708===
===开始判断额外/转自动条件2021-08-11 10:29:03.105===
===2021-08-11 10:29:03.505===
股票：603995指定时间段判断-额外参数：
	分组名称：1
	走势名称：时间段
		条件成立(当前时间：2021-08-11 10:29:02.705,条件时段：09:30:00-13:00:00)
	结果：达到要求
===2021-08-11 10:29:03.803===
===2021-08-11 10:29:05.315===
股票：603995多头向上判断-转自动参数：
	分组名称：2
	走势名称：多头向上
	结果：未满足，返回code：0
===2021-08-11 10:29:05.315===
满足所有条件，可以触发


===============================================

==============2021-08-11 10:29:47==============
===6开始执行条件2021-08-11 10:29:46.785===
===开始判断价格条件2021-08-11 10:29:46.785===
===开始判断额外/转自动条件2021-08-11 10:29:47.234===
===2021-08-11 10:29:47.387===
股票：603995指定时间段判断-额外参数：
	分组名称：1
	走势名称：时间段
		条件成立(当前时间：2021-08-11 10:29:46.784,条件时段：09:30:00-13:00:00)
	结果：达到要求
===2021-08-11 10:29:47.861===
===2021-08-11 10:29:47.951===
股票：603995多头向上判断-转自动参数：
	分组名称：2
	走势名称：多头向上
	结果：未满足，返回code：0
===2021-08-11 10:29:47.951===
满足所有条件，可以触发


===============================================

==============2021-08-11 10:30:02==============
===6开始执行条件2021-08-11 10:29:59.770===
===开始判断价格条件2021-08-11 10:29:59.770===
===开始判断额外/转自动条件2021-08-11 10:30:00.347===
===2021-08-11 10:30:00.724===
股票：603995指定时间段判断-额外参数：
	分组名称：1
	走势名称：时间段
		条件成立(当前时间：2021-08-11 10:29:59.770,条件时段：09:30:00-13:00:00)
	结果：达到要求
===2021-08-11 10:30:02.817===
===2021-08-11 10:30:02.915===
股票：603995多头向上判断-转自动参数：
	分组名称：2
	走势名称：多头向上
	结果：未满足，返回code：0
===2021-08-11 10:30:02.915===
满足所有条件，可以触发


===============================================

==============2021-08-11 10:30:17==============
===6开始执行条件2021-08-11 10:30:16.932===
===开始判断价格条件2021-08-11 10:30:16.932===
===开始判断额外/转自动条件2021-08-11 10:30:17.205===
===2021-08-11 10:30:17.293===
股票：603995指定时间段判断-额外参数：
	分组名称：1
	走势名称：时间段
		条件成立(当前时间：2021-08-11 10:30:16.924,条件时段：09:30:00-13:00:00)
	结果：达到要求
===2021-08-11 10:30:17.459===
===2021-08-11 10:30:17.781===
股票：603995多头向上判断-转自动参数：
	分组名称：2
	走势名称：多头向上
	结果：未满足，返回code：0
===2021-08-11 10:30:17.781===
满足所有条件，可以触发


===============================================

==============2021-08-11 10:30:33==============
===6开始执行条件2021-08-11 10:30:32.752===
===开始判断价格条件2021-08-11 10:30:32.752===
===开始判断额外/转自动条件2021-08-11 10:30:33.036===
===2021-08-11 10:30:33.197===
股票：603995指定时间段判断-额外参数：
	分组名称：1
	走势名称：时间段
		条件成立(当前时间：2021-08-11 10:30:32.752,条件时段：09:30:00-13:00:00)
	结果：达到要求
===2021-08-11 10:30:33.263===
===2021-08-11 10:30:33.443===
股票：603995多头向上判断-转自动参数：
	分组名称：2
	走势名称：多头向上
	结果：未满足，返回code：0
===2021-08-11 10:30:33.443===
满足所有条件，可以触发


===============================================

==============2021-08-11 10:30:45==============
===6开始执行条件2021-08-11 10:30:44.588===
===开始判断价格条件2021-08-11 10:30:44.588===
===开始判断额外/转自动条件2021-08-11 10:30:44.890===
===2021-08-11 10:30:45.009===
股票：603995指定时间段判断-额外参数：
	分组名称：1
	走势名称：时间段
		条件成立(当前时间：2021-08-11 10:30:44.587,条件时段：09:30:00-13:00:00)
	结果：达到要求
===2021-08-11 10:30:45.112===
===2021-08-11 10:30:45.536===
股票：603995多头向上判断-转自动参数：
	分组名称：2
	走势名称：多头向上
	结果：未满足，返回code：0
===2021-08-11 10:30:45.536===
满足所有条件，可以触发


===============================================

==============2021-08-11 10:31:01==============
===6开始执行条件2021-08-11 10:31:01.271===
===开始判断价格条件2021-08-11 10:31:01.271===
===开始判断额外/转自动条件2021-08-11 10:31:01.469===
===2021-08-11 10:31:01.538===
股票：603995指定时间段判断-额外参数：
	分组名称：1
	走势名称：时间段
		条件成立(当前时间：2021-08-11 10:31:01.270,条件时段：09:30:00-13:00:00)
	结果：达到要求
===2021-08-11 10:31:01.599===
===2021-08-11 10:31:01.683===
股票：603995多头向上判断-转自动参数：
	分组名称：2
	走势名称：多头向上
	结果：未满足，返回code：0
===2021-08-11 10:31:01.683===
满足所有条件，可以触发


===============================================

==============2021-08-11 10:31:20==============
===6开始执行条件2021-08-11 10:31:19.726===
===开始判断价格条件2021-08-11 10:31:19.726===
===开始判断额外/转自动条件2021-08-11 10:31:19.907===
===2021-08-11 10:31:20.075===
股票：603995指定时间段判断-额外参数：
	分组名称：1
	走势名称：时间段
		条件成立(当前时间：2021-08-11 10:31:19.725,条件时段：09:30:00-13:00:00)
	结果：达到要求
===2021-08-11 10:31:20.144===
===2021-08-11 10:31:20.212===
股票：603995多头向上判断-转自动参数：
	分组名称：2
	走势名称：多头向上
	结果：未满足，返回code：0
===2021-08-11 10:31:20.212===
满足所有条件，可以触发


===============================================

==============2021-08-11 10:31:26==============
===6开始执行条件2021-08-11 10:31:25.934===
===开始判断价格条件2021-08-11 10:31:25.934===
===开始判断额外/转自动条件2021-08-11 10:31:26.101===
===2021-08-11 10:31:26.261===
股票：603995指定时间段判断-额外参数：
	分组名称：1
	走势名称：时间段
		条件成立(当前时间：2021-08-11 10:31:25.933,条件时段：09:30:00-13:00:00)
	结果：达到要求
===2021-08-11 10:31:26.338===
===2021-08-11 10:31:26.477===
股票：603995多头向上判断-转自动参数：
	分组名称：2
	走势名称：多头向上
	结果：未满足，返回code：0
===2021-08-11 10:31:26.477===
满足所有条件，可以触发


===============================================

==============2021-08-11 10:31:33==============
===6开始执行条件2021-08-11 10:31:33.488===
===开始判断价格条件2021-08-11 10:31:33.488===
===开始判断额外/转自动条件2021-08-11 10:31:33.571===
===2021-08-11 10:31:33.726===
股票：603995指定时间段判断-额外参数：
	分组名称：1
	走势名称：时间段
		条件成立(当前时间：2021-08-11 10:31:33.488,条件时段：09:30:00-13:00:00)
	结果：达到要求
===2021-08-11 10:31:33.849===
===2021-08-11 10:31:33.980===
股票：603995多头向上判断-转自动参数：
	分组名称：2
	走势名称：多头向上
	结果：未满足，返回code：0
===2021-08-11 10:31:33.980===
满足所有条件，可以触发


===============================================

==============2021-08-11 10:31:50==============
===6开始执行条件2021-08-11 10:31:48.907===
===开始判断价格条件2021-08-11 10:31:48.907===
===开始判断额外/转自动条件2021-08-11 10:31:49.614===
===2021-08-11 10:31:49.859===
股票：603995指定时间段判断-额外参数：
	分组名称：1
	走势名称：时间段
		条件成立(当前时间：2021-08-11 10:31:48.904,条件时段：09:30:00-13:00:00)
	结果：达到要求
===2021-08-11 10:31:50.042===
===2021-08-11 10:31:50.229===
股票：603995多头向上判断-转自动参数：
	分组名称：2
	走势名称：多头向上
	结果：未满足，返回code：0
===2021-08-11 10:31:50.229===
满足所有条件，可以触发


===============================================

==============2021-08-11 10:32:08==============
===6开始执行条件2021-08-11 10:32:06.239===
===开始判断价格条件2021-08-11 10:32:06.240===
===开始判断额外/转自动条件2021-08-11 10:32:07.219===
===2021-08-11 10:32:07.390===
股票：603995指定时间段判断-额外参数：
	分组名称：1
	走势名称：时间段
		条件成立(当前时间：2021-08-11 10:32:06.239,条件时段：09:30:00-13:00:00)
	结果：达到要求
===2021-08-11 10:32:07.688===
===2021-08-11 10:32:08.037===
股票：603995多头向上判断-转自动参数：
	分组名称：2
	走势名称：多头向上
	结果：未满足，返回code：0
===2021-08-11 10:32:08.037===
满足所有条件，可以触发


===============================================

==============2021-08-11 10:32:22==============
===6开始执行条件2021-08-11 10:32:21.194===
===开始判断价格条件2021-08-11 10:32:21.194===
===开始判断额外/转自动条件2021-08-11 10:32:21.895===
===2021-08-11 10:32:22.066===
股票：603995指定时间段判断-额外参数：
	分组名称：1
	走势名称：时间段
		条件成立(当前时间：2021-08-11 10:32:21.194,条件时段：09:30:00-13:00:00)
	结果：达到要求
===2021-08-11 10:32:22.131===
===2021-08-11 10:32:22.202===
股票：603995多头向上判断-转自动参数：
	分组名称：2
	走势名称：多头向上
	结果：未满足，返回code：0
===2021-08-11 10:32:22.202===
满足所有条件，可以触发


===============================================

==============2021-08-11 10:32:48==============
===6开始执行条件2021-08-11 10:32:47.116===
===开始判断价格条件2021-08-11 10:32:47.116===
===开始判断额外/转自动条件2021-08-11 10:32:47.295===
===2021-08-11 10:32:47.687===
股票：603995指定时间段判断-额外参数：
	分组名称：1
	走势名称：时间段
		条件成立(当前时间：2021-08-11 10:32:47.115,条件时段：09:30:00-13:00:00)
	结果：达到要求
===2021-08-11 10:32:48.261===
===2021-08-11 10:32:48.386===
股票：603995多头向上判断-转自动参数：
	分组名称：2
	走势名称：多头向上
	结果：未满足，返回code：0
===2021-08-11 10:32:48.386===
满足所有条件，可以触发


===============================================

==============2021-08-11 10:33:00==============
===6开始执行条件2021-08-11 10:32:59.586===
===开始判断价格条件2021-08-11 10:32:59.586===
===开始判断额外/转自动条件2021-08-11 10:32:59.719===
===2021-08-11 10:32:59.837===
股票：603995指定时间段判断-额外参数：
	分组名称：1
	走势名称：时间段
		条件成立(当前时间：2021-08-11 10:32:59.585,条件时段：09:30:00-13:00:00)
	结果：达到要求
===2021-08-11 10:33:00.183===
===2021-08-11 10:33:00.248===
股票：603995多头向上判断-转自动参数：
	分组名称：2
	走势名称：多头向上
	结果：未满足，返回code：0
===2021-08-11 10:33:00.248===
满足所有条件，可以触发


===============================================

==============2021-08-11 10:33:10==============
===6开始执行条件2021-08-11 10:33:09.347===
===开始判断价格条件2021-08-11 10:33:09.347===
===开始判断额外/转自动条件2021-08-11 10:33:09.866===
===2021-08-11 10:33:09.915===
股票：603995指定时间段判断-额外参数：
	分组名称：1
	走势名称：时间段
		条件成立(当前时间：2021-08-11 10:33:09.344,条件时段：09:30:00-13:00:00)
	结果：达到要求
===2021-08-11 10:33:09.960===
===2021-08-11 10:33:10.067===
股票：603995多头向上判断-转自动参数：
	分组名称：2
	走势名称：多头向上
	结果：未满足，返回code：0
===2021-08-11 10:33:10.067===
满足所有条件，可以触发


===============================================

==============2021-08-11 10:33:31==============
===6开始执行条件2021-08-11 10:33:28.242===
===开始判断价格条件2021-08-11 10:33:28.242===
===开始判断额外/转自动条件2021-08-11 10:33:29.904===
===2021-08-11 10:33:30.886===
股票：603995指定时间段判断-额外参数：
	分组名称：1
	走势名称：时间段
		条件成立(当前时间：2021-08-11 10:33:28.241,条件时段：09:30:00-13:00:00)
	结果：达到要求
===2021-08-11 10:33:31.375===
===2021-08-11 10:33:31.748===
股票：603995多头向上判断-转自动参数：
	分组名称：2
	走势名称：多头向上
	结果：未满足，返回code：0
===2021-08-11 10:33:31.748===
满足所有条件，可以触发


===============================================

==============2021-08-11 10:35:01==============
===6开始执行条件2021-08-11 10:35:00.537===
===开始判断价格条件2021-08-11 10:35:00.537===
===开始判断额外/转自动条件2021-08-11 10:35:00.649===
===2021-08-11 10:35:00.905===
股票：603995指定时间段判断-额外参数：
	分组名称：1
	走势名称：时间段
		条件成立(当前时间：2021-08-11 10:35:00.536,条件时段：09:30:00-13:00:00)
	结果：达到要求
===2021-08-11 10:35:01.017===
===2021-08-11 10:35:01.169===
股票：603995多头向上判断-转自动参数：
	分组名称：2
	走势名称：多头向上
	结果：未满足，返回code：0
===2021-08-11 10:35:01.171===
满足所有条件，可以触发


===============================================

==============2021-08-11 10:35:09==============
===6开始执行条件2021-08-11 10:35:09.310===
===开始判断价格条件2021-08-11 10:35:09.310===
===开始判断额外/转自动条件2021-08-11 10:35:09.498===
===2021-08-11 10:35:09.594===
股票：603995指定时间段判断-额外参数：
	分组名称：1
	走势名称：时间段
		条件成立(当前时间：2021-08-11 10:35:09.309,条件时段：09:30:00-13:00:00)
	结果：达到要求
===2021-08-11 10:35:09.719===
===2021-08-11 10:35:09.836===
股票：603995多头向上判断-转自动参数：
	分组名称：2
	走势名称：多头向上
	结果：未满足，返回code：0
===2021-08-11 10:35:09.836===
满足所有条件，可以触发


===============================================

==============2021-08-11 10:35:23==============
===6开始执行条件2021-08-11 10:35:21.781===
===开始判断价格条件2021-08-11 10:35:21.781===
===开始判断额外/转自动条件2021-08-11 10:35:22.121===
===2021-08-11 10:35:22.436===
股票：603995指定时间段判断-额外参数：
	分组名称：1
	走势名称：时间段
		条件成立(当前时间：2021-08-11 10:35:21.780,条件时段：09:30:00-13:00:00)
	结果：达到要求
===2021-08-11 10:35:22.744===
===2021-08-11 10:35:23.086===
股票：603995多头向上判断-转自动参数：
	分组名称：2
	走势名称：多头向上
	结果：未满足，返回code：0
===2021-08-11 10:35:23.086===
满足所有条件，可以触发


===============================================

==============2021-08-11 10:35:36==============
===6开始执行条件2021-08-11 10:35:34.554===
===开始判断价格条件2021-08-11 10:35:34.554===
===开始判断额外/转自动条件2021-08-11 10:35:35.115===
===2021-08-11 10:35:35.336===
股票：603995指定时间段判断-额外参数：
	分组名称：1
	走势名称：时间段
		条件成立(当前时间：2021-08-11 10:35:34.554,条件时段：09:30:00-13:00:00)
	结果：达到要求
===2021-08-11 10:35:35.818===
===2021-08-11 10:35:36.420===
股票：603995多头向上判断-转自动参数：
	分组名称：2
	走势名称：多头向上
	结果：未满足，返回code：0
===2021-08-11 10:35:36.420===
满足所有条件，可以触发


===============================================

==============2021-08-11 10:36:54==============
===6开始执行条件2021-08-11 10:36:36.494===
===开始判断价格条件2021-08-11 10:36:36.494===
===开始判断额外/转自动条件2021-08-11 10:36:38.496===
===2021-08-11 10:36:38.943===
股票：603995指定时间段判断-额外参数：
	分组名称：1
	走势名称：时间段
		条件成立(当前时间：2021-08-11 10:36:36.493,条件时段：09:30:00-13:00:00)
	结果：达到要求
===2021-08-11 10:36:39.525===
===2021-08-11 10:36:54.631===
股票：603995多头向上判断-转自动参数：
	分组名称：2
	走势名称：多头向上
	结果：未满足，返回code：0
===2021-08-11 10:36:54.631===
满足所有条件，可以触发


===============================================

==============2021-08-11 10:37:11==============
===6开始执行条件2021-08-11 10:37:09.797===
===开始判断价格条件2021-08-11 10:37:09.797===
===开始判断额外/转自动条件2021-08-11 10:37:10.343===
===2021-08-11 10:37:10.897===
股票：603995指定时间段判断-额外参数：
	分组名称：1
	走势名称：时间段
		条件成立(当前时间：2021-08-11 10:37:09.797,条件时段：09:30:00-13:00:00)
	结果：达到要求
===2021-08-11 10:37:11.264===
===2021-08-11 10:37:11.807===
股票：603995多头向上判断-转自动参数：
	分组名称：2
	走势名称：多头向上
	结果：未满足，返回code：0
===2021-08-11 10:37:11.807===
满足所有条件，可以触发


===============================================

