2020/12/3 20:30:38
行情缓存更新成功,日期:20201203,条数:0


2020/12/3 20:30:42
行情缓存更新成功,日期:20201203,条数:0


2020/12/3 20:30:45
行情缓存更新成功,日期:20201203,条数:0


2020/12/3 20:30:46
监听队列已链接


2020/12/3 20:30:49
行情缓存更新成功,日期:20201203,条数:0


2020/12/3 20:30:50
获取K线未匹配到缓存，日期:20211203,缓存日期：20201203,股票:0-300523


2020/12/3 20:30:50
获取K线未匹配到缓存，日期:20211203,缓存日期：20201203,股票:0-300525


2020/12/3 20:30:50
获取K线未匹配到缓存，日期:20211203,缓存日期：20201203,股票:0-002806


2020/12/3 20:30:50
获取K线未匹配到缓存，日期:20211203,缓存日期：20201203,股票:0-300526


2020/12/3 20:30:50
获取K线未匹配到缓存，日期:20211203,缓存日期：20201203,股票:1-600977


2020/12/3 20:30:50
获取K线未匹配到缓存，日期:20211203,缓存日期：20201203,股票:1-601997


2020/12/3 20:30:51
获取K线未匹配到缓存，日期:20211203,缓存日期：20201203,股票:0-300535


2020/12/3 20:30:51
获取K线未匹配到缓存，日期:20211203,缓存日期：20201203,股票:1-603069


2020/12/3 20:30:51
获取K线未匹配到缓存，日期:20211203,缓存日期：20201203,股票:0-002803


2020/12/3 20:30:51
获取K线未匹配到缓存，日期:20211203,缓存日期：20201203,股票:1-600936


2020/12/3 20:30:51
获取K线未匹配到缓存，日期:20211203,缓存日期：20201203,股票:0-300528


2020/12/3 20:30:51
获取K线未匹配到缓存，日期:20211203,缓存日期：20201203,股票:0-300529


2020/12/3 20:30:51
获取K线未匹配到缓存，日期:20211203,缓存日期：20201203,股票:0-300531


2020/12/3 20:30:51
获取K线未匹配到缓存，日期:20211203,缓存日期：20201203,股票:1-600919


2020/12/3 20:30:51
获取K线未匹配到缓存，日期:20211203,缓存日期：20201203,股票:0-300517


2020/12/3 20:30:51
获取K线未匹配到缓存，日期:20211203,缓存日期：20201203,股票:0-300530


2020/12/3 20:30:51
获取K线未匹配到缓存，日期:20211203,缓存日期：20201203,股票:1-601811


2020/12/3 20:30:51
获取K线未匹配到缓存，日期:20211203,缓存日期：20201203,股票:1-603569


2020/12/3 20:30:52
获取K线数据出错
System.ArgumentOutOfRangeException: 索引超出范围。必须为非负值并小于集合大小。
参数名: index
   在 System.ThrowHelper.ThrowArgumentOutOfRangeException(ExceptionArgument argument, ExceptionResource resource)
   在 System.Collections.Generic.List`1.get_Item(Int32 index)
   在 SecurityBarsDataUpdate.ThreadTask._doTask(Int32 hqClient, StringBuilder sResult, StringBuilder sErrInfo, TaskDataInfo tempData) 位置 F:\项目\饭票后端\SecurityBarsDataUpdate\线程池\ThreadTask.cs:行号 129

2020/12/3 20:30:53
获取K线数据出错
System.ArgumentOutOfRangeException: 索引超出范围。必须为非负值并小于集合大小。
参数名: index
   在 System.ThrowHelper.ThrowArgumentOutOfRangeException(ExceptionArgument argument, ExceptionResource resource)
   在 System.Collections.Generic.List`1.get_Item(Int32 index)
   在 SecurityBarsDataUpdate.ThreadTask._doTask(Int32 hqClient, StringBuilder sResult, StringBuilder sErrInfo, TaskDataInfo tempData) 位置 F:\项目\饭票后端\SecurityBarsDataUpdate\线程池\ThreadTask.cs:行号 129

2020/12/3 20:30:53
获取K线数据出错
System.ArgumentOutOfRangeException: 索引超出范围。必须为非负值并小于集合大小。
参数名: index
   在 System.ThrowHelper.ThrowArgumentOutOfRangeException(ExceptionArgument argument, ExceptionResource resource)
   在 System.Collections.Generic.List`1.get_Item(Int32 index)
   在 SecurityBarsDataUpdate.ThreadTask._doTask(Int32 hqClient, StringBuilder sResult, StringBuilder sErrInfo, TaskDataInfo tempData) 位置 F:\项目\饭票后端\SecurityBarsDataUpdate\线程池\ThreadTask.cs:行号 129

2020/12/3 20:30:54
获取K线数据出错
System.ArgumentOutOfRangeException: 索引超出范围。必须为非负值并小于集合大小。
参数名: index
   在 System.ThrowHelper.ThrowArgumentOutOfRangeException(ExceptionArgument argument, ExceptionResource resource)
   在 System.Collections.Generic.List`1.get_Item(Int32 index)
   在 SecurityBarsDataUpdate.ThreadTask._doTask(Int32 hqClient, StringBuilder sResult, StringBuilder sErrInfo, TaskDataInfo tempData) 位置 F:\项目\饭票后端\SecurityBarsDataUpdate\线程池\ThreadTask.cs:行号 129

2020/12/3 20:30:54
获取K线数据出错
System.ArgumentOutOfRangeException: 索引超出范围。必须为非负值并小于集合大小。
参数名: index
   在 System.ThrowHelper.ThrowArgumentOutOfRangeException(ExceptionArgument argument, ExceptionResource resource)
   在 System.Collections.Generic.List`1.get_Item(Int32 index)
   在 SecurityBarsDataUpdate.ThreadTask._doTask(Int32 hqClient, StringBuilder sResult, StringBuilder sErrInfo, TaskDataInfo tempData) 位置 F:\项目\饭票后端\SecurityBarsDataUpdate\线程池\ThreadTask.cs:行号 129

2020/12/3 20:30:54
获取K线数据出错
System.ArgumentOutOfRangeException: 索引超出范围。必须为非负值并小于集合大小。
参数名: index
   在 System.ThrowHelper.ThrowArgumentOutOfRangeException(ExceptionArgument argument, ExceptionResource resource)
   在 System.Collections.Generic.List`1.get_Item(Int32 index)
   在 SecurityBarsDataUpdate.ThreadTask._doTask(Int32 hqClient, StringBuilder sResult, StringBuilder sErrInfo, TaskDataInfo tempData) 位置 F:\项目\饭票后端\SecurityBarsDataUpdate\线程池\ThreadTask.cs:行号 129

2020/12/3 20:30:54
获取K线数据出错
System.ArgumentOutOfRangeException: 索引超出范围。必须为非负值并小于集合大小。
参数名: index
   在 System.ThrowHelper.ThrowArgumentOutOfRangeException(ExceptionArgument argument, ExceptionResource resource)
   在 System.Collections.Generic.List`1.get_Item(Int32 index)
   在 SecurityBarsDataUpdate.ThreadTask._doTask(Int32 hqClient, StringBuilder sResult, StringBuilder sErrInfo, TaskDataInfo tempData) 位置 F:\项目\饭票后端\SecurityBarsDataUpdate\线程池\ThreadTask.cs:行号 129

2020/12/3 20:30:54
获取K线数据出错
System.ArgumentOutOfRangeException: 索引超出范围。必须为非负值并小于集合大小。
参数名: index
   在 System.ThrowHelper.ThrowArgumentOutOfRangeException(ExceptionArgument argument, ExceptionResource resource)
   在 System.Collections.Generic.List`1.get_Item(Int32 index)
   在 SecurityBarsDataUpdate.ThreadTask._doTask(Int32 hqClient, StringBuilder sResult, StringBuilder sErrInfo, TaskDataInfo tempData) 位置 F:\项目\饭票后端\SecurityBarsDataUpdate\线程池\ThreadTask.cs:行号 129

2020/12/3 20:30:54
获取K线数据出错
System.ArgumentOutOfRangeException: 索引超出范围。必须为非负值并小于集合大小。
参数名: index
   在 System.ThrowHelper.ThrowArgumentOutOfRangeException(ExceptionArgument argument, ExceptionResource resource)
   在 System.Collections.Generic.List`1.get_Item(Int32 index)
   在 SecurityBarsDataUpdate.ThreadTask._doTask(Int32 hqClient, StringBuilder sResult, StringBuilder sErrInfo, TaskDataInfo tempData) 位置 F:\项目\饭票后端\SecurityBarsDataUpdate\线程池\ThreadTask.cs:行号 129

2020/12/3 20:30:54
获取K线数据出错
System.ArgumentOutOfRangeException: 索引超出范围。必须为非负值并小于集合大小。
参数名: index
   在 System.ThrowHelper.ThrowArgumentOutOfRangeException(ExceptionArgument argument, ExceptionResource resource)
   在 System.Collections.Generic.List`1.get_Item(Int32 index)
   在 SecurityBarsDataUpdate.ThreadTask._doTask(Int32 hqClient, StringBuilder sResult, StringBuilder sErrInfo, TaskDataInfo tempData) 位置 F:\项目\饭票后端\SecurityBarsDataUpdate\线程池\ThreadTask.cs:行号 129

2020/12/3 20:30:54
获取K线数据出错
System.ArgumentOutOfRangeException: 索引超出范围。必须为非负值并小于集合大小。
参数名: index
   在 System.ThrowHelper.ThrowArgumentOutOfRangeException(ExceptionArgument argument, ExceptionResource resource)
   在 System.Collections.Generic.List`1.get_Item(Int32 index)
   在 SecurityBarsDataUpdate.ThreadTask._doTask(Int32 hqClient, StringBuilder sResult, StringBuilder sErrInfo, TaskDataInfo tempData) 位置 F:\项目\饭票后端\SecurityBarsDataUpdate\线程池\ThreadTask.cs:行号 129

2020/12/3 20:30:55
获取K线数据出错
System.ArgumentOutOfRangeException: 索引超出范围。必须为非负值并小于集合大小。
参数名: index
   在 System.ThrowHelper.ThrowArgumentOutOfRangeException(ExceptionArgument argument, ExceptionResource resource)
   在 System.Collections.Generic.List`1.get_Item(Int32 index)
   在 SecurityBarsDataUpdate.ThreadTask._doTask(Int32 hqClient, StringBuilder sResult, StringBuilder sErrInfo, TaskDataInfo tempData) 位置 F:\项目\饭票后端\SecurityBarsDataUpdate\线程池\ThreadTask.cs:行号 129

2020/12/3 20:30:55
获取K线数据出错
System.ArgumentOutOfRangeException: 索引超出范围。必须为非负值并小于集合大小。
参数名: index
   在 System.ThrowHelper.ThrowArgumentOutOfRangeException(ExceptionArgument argument, ExceptionResource resource)
   在 System.Collections.Generic.List`1.get_Item(Int32 index)
   在 SecurityBarsDataUpdate.ThreadTask._doTask(Int32 hqClient, StringBuilder sResult, StringBuilder sErrInfo, TaskDataInfo tempData) 位置 F:\项目\饭票后端\SecurityBarsDataUpdate\线程池\ThreadTask.cs:行号 129

2020/12/3 20:30:55
获取K线数据出错
System.ArgumentOutOfRangeException: 索引超出范围。必须为非负值并小于集合大小。
参数名: index
   在 System.ThrowHelper.ThrowArgumentOutOfRangeException(ExceptionArgument argument, ExceptionResource resource)
   在 System.Collections.Generic.List`1.get_Item(Int32 index)
   在 SecurityBarsDataUpdate.ThreadTask._doTask(Int32 hqClient, StringBuilder sResult, StringBuilder sErrInfo, TaskDataInfo tempData) 位置 F:\项目\饭票后端\SecurityBarsDataUpdate\线程池\ThreadTask.cs:行号 129

2020/12/3 20:30:55
获取K线数据出错
System.ArgumentOutOfRangeException: 索引超出范围。必须为非负值并小于集合大小。
参数名: index
   在 System.ThrowHelper.ThrowArgumentOutOfRangeException(ExceptionArgument argument, ExceptionResource resource)
   在 System.Collections.Generic.List`1.get_Item(Int32 index)
   在 SecurityBarsDataUpdate.ThreadTask._doTask(Int32 hqClient, StringBuilder sResult, StringBuilder sErrInfo, TaskDataInfo tempData) 位置 F:\项目\饭票后端\SecurityBarsDataUpdate\线程池\ThreadTask.cs:行号 129

2020/12/3 20:30:55
获取K线数据出错
System.ArgumentOutOfRangeException: 索引超出范围。必须为非负值并小于集合大小。
参数名: index
   在 System.ThrowHelper.ThrowArgumentOutOfRangeException(ExceptionArgument argument, ExceptionResource resource)
   在 System.Collections.Generic.List`1.get_Item(Int32 index)
   在 SecurityBarsDataUpdate.ThreadTask._doTask(Int32 hqClient, StringBuilder sResult, StringBuilder sErrInfo, TaskDataInfo tempData) 位置 F:\项目\饭票后端\SecurityBarsDataUpdate\线程池\ThreadTask.cs:行号 129

2020/12/3 20:30:56
获取K线数据出错
System.ArgumentOutOfRangeException: 索引超出范围。必须为非负值并小于集合大小。
参数名: index
   在 System.ThrowHelper.ThrowArgumentOutOfRangeException(ExceptionArgument argument, ExceptionResource resource)
   在 System.Collections.Generic.List`1.get_Item(Int32 index)
   在 SecurityBarsDataUpdate.ThreadTask._doTask(Int32 hqClient, StringBuilder sResult, StringBuilder sErrInfo, TaskDataInfo tempData) 位置 F:\项目\饭票后端\SecurityBarsDataUpdate\线程池\ThreadTask.cs:行号 129

2020/12/3 20:30:56
行情缓存更新成功,日期:20201203,条数:0


2020/12/3 20:30:56
获取K线未匹配到缓存，日期:20211203,缓存日期：20201203,股票:0-002805


2020/12/3 20:30:56
获取K线未匹配到缓存，日期:20211203,缓存日期：20201203,股票:0-300520


2020/12/3 20:30:56
获取K线未匹配到缓存，日期:20211203,缓存日期：20201203,股票:1-603663


2020/12/3 20:30:56
获取K线未匹配到缓存，日期:20211203,缓存日期：20201203,股票:1-603031


2020/12/3 20:30:56
获取K线未匹配到缓存，日期:20211203,缓存日期：20201203,股票:1-603322


2020/12/3 20:30:56
获取K线未匹配到缓存，日期:20211203,缓存日期：20201203,股票:0-300527


2020/12/3 20:30:56
获取K线未匹配到缓存，日期:20211203,缓存日期：20201203,股票:1-603159


2020/12/3 20:30:56
获取K线未匹配到缓存，日期:20211203,缓存日期：20201203,股票:0-002808


2020/12/3 20:30:56
获取K线未匹配到缓存，日期:20211203,缓存日期：20201203,股票:1-601595


2020/12/3 20:30:56
获取K线未匹配到缓存，日期:20211203,缓存日期：20201203,股票:1-603986


2020/12/3 20:30:56
获取K线未匹配到缓存，日期:20211203,缓存日期：20201203,股票:0-300533


2020/12/3 20:30:56
获取K线未匹配到缓存，日期:20211203,缓存日期：20201203,股票:0-300532


2020/12/3 20:30:56
获取K线未匹配到缓存，日期:20211203,缓存日期：20201203,股票:1-603515


2020/12/3 20:30:57
获取K线数据出错
System.ArgumentOutOfRangeException: 索引超出范围。必须为非负值并小于集合大小。
参数名: index
   在 System.ThrowHelper.ThrowArgumentOutOfRangeException(ExceptionArgument argument, ExceptionResource resource)
   在 System.Collections.Generic.List`1.get_Item(Int32 index)
   在 SecurityBarsDataUpdate.ThreadTask._doTask(Int32 hqClient, StringBuilder sResult, StringBuilder sErrInfo, TaskDataInfo tempData) 位置 F:\项目\饭票后端\SecurityBarsDataUpdate\线程池\ThreadTask.cs:行号 129

2020/12/3 20:30:57
获取K线数据出错
System.ArgumentOutOfRangeException: 索引超出范围。必须为非负值并小于集合大小。
参数名: index
   在 System.ThrowHelper.ThrowArgumentOutOfRangeException(ExceptionArgument argument, ExceptionResource resource)
   在 System.Collections.Generic.List`1.get_Item(Int32 index)
   在 SecurityBarsDataUpdate.ThreadTask._doTask(Int32 hqClient, StringBuilder sResult, StringBuilder sErrInfo, TaskDataInfo tempData) 位置 F:\项目\饭票后端\SecurityBarsDataUpdate\线程池\ThreadTask.cs:行号 129

2020/12/3 20:30:57
获取K线未匹配到缓存，日期:20211203,缓存日期：20201203,股票:0-300522


2020/12/3 20:30:57
获取K线未匹配到缓存，日期:20211203,缓存日期：20201203,股票:1-603909


2020/12/3 20:30:56
获取K线未匹配到缓存，日期:20211203,缓存日期：20201203,股票:0-300540


2020/12/3 20:30:59
获取K线数据出错
System.ArgumentOutOfRangeException: 索引超出范围。必须为非负值并小于集合大小。
参数名: index
   在 System.ThrowHelper.ThrowArgumentOutOfRangeException(ExceptionArgument argument, ExceptionResource resource)
   在 System.Collections.Generic.List`1.get_Item(Int32 index)
   在 SecurityBarsDataUpdate.ThreadTask._doTask(Int32 hqClient, StringBuilder sResult, StringBuilder sErrInfo, TaskDataInfo tempData) 位置 F:\项目\饭票后端\SecurityBarsDataUpdate\线程池\ThreadTask.cs:行号 129

2020/12/3 20:30:58
获取K线数据出错
System.ArgumentOutOfRangeException: 索引超出范围。必须为非负值并小于集合大小。
参数名: index
   在 System.ThrowHelper.ThrowArgumentOutOfRangeException(ExceptionArgument argument, ExceptionResource resource)
   在 System.Collections.Generic.List`1.get_Item(Int32 index)
   在 SecurityBarsDataUpdate.ThreadTask._doTask(Int32 hqClient, StringBuilder sResult, StringBuilder sErrInfo, TaskDataInfo tempData) 位置 F:\项目\饭票后端\SecurityBarsDataUpdate\线程池\ThreadTask.cs:行号 129

2020/12/3 20:30:59
获取K线数据出错
System.ArgumentOutOfRangeException: 索引超出范围。必须为非负值并小于集合大小。
参数名: index
   在 System.ThrowHelper.ThrowArgumentOutOfRangeException(ExceptionArgument argument, ExceptionResource resource)
   在 System.Collections.Generic.List`1.get_Item(Int32 index)
   在 SecurityBarsDataUpdate.ThreadTask._doTask(Int32 hqClient, StringBuilder sResult, StringBuilder sErrInfo, TaskDataInfo tempData) 位置 F:\项目\饭票后端\SecurityBarsDataUpdate\线程池\ThreadTask.cs:行号 129

2020/12/3 20:30:59
获取K线数据出错
System.ArgumentOutOfRangeException: 索引超出范围。必须为非负值并小于集合大小。
参数名: index
   在 System.ThrowHelper.ThrowArgumentOutOfRangeException(ExceptionArgument argument, ExceptionResource resource)
   在 System.Collections.Generic.List`1.get_Item(Int32 index)
   在 SecurityBarsDataUpdate.ThreadTask._doTask(Int32 hqClient, StringBuilder sResult, StringBuilder sErrInfo, TaskDataInfo tempData) 位置 F:\项目\饭票后端\SecurityBarsDataUpdate\线程池\ThreadTask.cs:行号 129

2020/12/3 20:30:59
获取K线数据出错
System.ArgumentOutOfRangeException: 索引超出范围。必须为非负值并小于集合大小。
参数名: index
   在 System.ThrowHelper.ThrowArgumentOutOfRangeException(ExceptionArgument argument, ExceptionResource resource)
   在 System.Collections.Generic.List`1.get_Item(Int32 index)
   在 SecurityBarsDataUpdate.ThreadTask._doTask(Int32 hqClient, StringBuilder sResult, StringBuilder sErrInfo, TaskDataInfo tempData) 位置 F:\项目\饭票后端\SecurityBarsDataUpdate\线程池\ThreadTask.cs:行号 129

2020/12/3 20:31:00
获取K线数据出错
System.ArgumentOutOfRangeException: 索引超出范围。必须为非负值并小于集合大小。
参数名: index
   在 System.ThrowHelper.ThrowArgumentOutOfRangeException(ExceptionArgument argument, ExceptionResource resource)
   在 System.Collections.Generic.List`1.get_Item(Int32 index)
   在 SecurityBarsDataUpdate.ThreadTask._doTask(Int32 hqClient, StringBuilder sResult, StringBuilder sErrInfo, TaskDataInfo tempData) 位置 F:\项目\饭票后端\SecurityBarsDataUpdate\线程池\ThreadTask.cs:行号 129

2020/12/3 20:31:00
获取K线数据出错
System.ArgumentOutOfRangeException: 索引超出范围。必须为非负值并小于集合大小。
参数名: index
   在 System.ThrowHelper.ThrowArgumentOutOfRangeException(ExceptionArgument argument, ExceptionResource resource)
   在 System.Collections.Generic.List`1.get_Item(Int32 index)
   在 SecurityBarsDataUpdate.ThreadTask._doTask(Int32 hqClient, StringBuilder sResult, StringBuilder sErrInfo, TaskDataInfo tempData) 位置 F:\项目\饭票后端\SecurityBarsDataUpdate\线程池\ThreadTask.cs:行号 129

2020/12/3 20:31:00
获取K线数据出错
System.ArgumentOutOfRangeException: 索引超出范围。必须为非负值并小于集合大小。
参数名: index
   在 System.ThrowHelper.ThrowArgumentOutOfRangeException(ExceptionArgument argument, ExceptionResource resource)
   在 System.Collections.Generic.List`1.get_Item(Int32 index)
   在 SecurityBarsDataUpdate.ThreadTask._doTask(Int32 hqClient, StringBuilder sResult, StringBuilder sErrInfo, TaskDataInfo tempData) 位置 F:\项目\饭票后端\SecurityBarsDataUpdate\线程池\ThreadTask.cs:行号 129

2020/12/3 20:31:01
获取K线数据出错
System.ArgumentOutOfRangeException: 索引超出范围。必须为非负值并小于集合大小。
参数名: index
   在 System.ThrowHelper.ThrowArgumentOutOfRangeException(ExceptionArgument argument, ExceptionResource resource)
   在 System.Collections.Generic.List`1.get_Item(Int32 index)
   在 SecurityBarsDataUpdate.ThreadTask._doTask(Int32 hqClient, StringBuilder sResult, StringBuilder sErrInfo, TaskDataInfo tempData) 位置 F:\项目\饭票后端\SecurityBarsDataUpdate\线程池\ThreadTask.cs:行号 129

2020/12/3 20:31:01
获取K线数据出错
System.ArgumentOutOfRangeException: 索引超出范围。必须为非负值并小于集合大小。
参数名: index
   在 System.ThrowHelper.ThrowArgumentOutOfRangeException(ExceptionArgument argument, ExceptionResource resource)
   在 System.Collections.Generic.List`1.get_Item(Int32 index)
   在 SecurityBarsDataUpdate.ThreadTask._doTask(Int32 hqClient, StringBuilder sResult, StringBuilder sErrInfo, TaskDataInfo tempData) 位置 F:\项目\饭票后端\SecurityBarsDataUpdate\线程池\ThreadTask.cs:行号 129

2020/12/3 20:31:01
获取K线数据出错
System.ArgumentOutOfRangeException: 索引超出范围。必须为非负值并小于集合大小。
参数名: index
   在 System.ThrowHelper.ThrowArgumentOutOfRangeException(ExceptionArgument argument, ExceptionResource resource)
   在 System.Collections.Generic.List`1.get_Item(Int32 index)
   在 SecurityBarsDataUpdate.ThreadTask._doTask(Int32 hqClient, StringBuilder sResult, StringBuilder sErrInfo, TaskDataInfo tempData) 位置 F:\项目\饭票后端\SecurityBarsDataUpdate\线程池\ThreadTask.cs:行号 129

2020/12/3 20:31:01
获取K线数据出错
System.ArgumentOutOfRangeException: 索引超出范围。必须为非负值并小于集合大小。
参数名: index
   在 System.ThrowHelper.ThrowArgumentOutOfRangeException(ExceptionArgument argument, ExceptionResource resource)
   在 System.Collections.Generic.List`1.get_Item(Int32 index)
   在 SecurityBarsDataUpdate.ThreadTask._doTask(Int32 hqClient, StringBuilder sResult, StringBuilder sErrInfo, TaskDataInfo tempData) 位置 F:\项目\饭票后端\SecurityBarsDataUpdate\线程池\ThreadTask.cs:行号 129

2020/12/3 20:31:02
获取K线数据出错
System.ArgumentOutOfRangeException: 索引超出范围。必须为非负值并小于集合大小。
参数名: index
   在 System.ThrowHelper.ThrowArgumentOutOfRangeException(ExceptionArgument argument, ExceptionResource resource)
   在 System.Collections.Generic.List`1.get_Item(Int32 index)
   在 SecurityBarsDataUpdate.ThreadTask._doTask(Int32 hqClient, StringBuilder sResult, StringBuilder sErrInfo, TaskDataInfo tempData) 位置 F:\项目\饭票后端\SecurityBarsDataUpdate\线程池\ThreadTask.cs:行号 129

2020/12/3 20:31:02
获取K线数据出错
System.ArgumentOutOfRangeException: 索引超出范围。必须为非负值并小于集合大小。
参数名: index
   在 System.ThrowHelper.ThrowArgumentOutOfRangeException(ExceptionArgument argument, ExceptionResource resource)
   在 System.Collections.Generic.List`1.get_Item(Int32 index)
   在 SecurityBarsDataUpdate.ThreadTask._doTask(Int32 hqClient, StringBuilder sResult, StringBuilder sErrInfo, TaskDataInfo tempData) 位置 F:\项目\饭票后端\SecurityBarsDataUpdate\线程池\ThreadTask.cs:行号 129

2020/12/3 20:31:02
获取K线数据出错
System.ArgumentOutOfRangeException: 索引超出范围。必须为非负值并小于集合大小。
参数名: index
   在 System.ThrowHelper.ThrowArgumentOutOfRangeException(ExceptionArgument argument, ExceptionResource resource)
   在 System.Collections.Generic.List`1.get_Item(Int32 index)
   在 SecurityBarsDataUpdate.ThreadTask._doTask(Int32 hqClient, StringBuilder sResult, StringBuilder sErrInfo, TaskDataInfo tempData) 位置 F:\项目\饭票后端\SecurityBarsDataUpdate\线程池\ThreadTask.cs:行号 129

2020/12/3 20:31:03
行情缓存更新成功,日期:20201203,条数:0


2020/12/3 20:31:03
获取K线未匹配到缓存，日期:20211203,缓存日期：20201203,股票:1-603958


2020/12/3 20:31:03
获取K线未匹配到缓存，日期:20211203,缓存日期：20201203,股票:0-300519


2020/12/3 20:31:03
获取K线未匹配到缓存，日期:20211203,缓存日期：20201203,股票:0-300518


2020/12/3 20:31:03
获取K线数据出错
System.ArgumentOutOfRangeException: 索引超出范围。必须为非负值并小于集合大小。
参数名: index
   在 System.ThrowHelper.ThrowArgumentOutOfRangeException(ExceptionArgument argument, ExceptionResource resource)
   在 System.Collections.Generic.List`1.get_Item(Int32 index)
   在 SecurityBarsDataUpdate.ThreadTask._doTask(Int32 hqClient, StringBuilder sResult, StringBuilder sErrInfo, TaskDataInfo tempData) 位置 F:\项目\饭票后端\SecurityBarsDataUpdate\线程池\ThreadTask.cs:行号 129

2020/12/3 20:31:03
获取K线数据出错
System.ArgumentOutOfRangeException: 索引超出范围。必须为非负值并小于集合大小。
参数名: index
   在 System.ThrowHelper.ThrowArgumentOutOfRangeException(ExceptionArgument argument, ExceptionResource resource)
   在 System.Collections.Generic.List`1.get_Item(Int32 index)
   在 SecurityBarsDataUpdate.ThreadTask._doTask(Int32 hqClient, StringBuilder sResult, StringBuilder sErrInfo, TaskDataInfo tempData) 位置 F:\项目\饭票后端\SecurityBarsDataUpdate\线程池\ThreadTask.cs:行号 129

2020/12/3 20:31:03
获取K线数据出错
System.ArgumentOutOfRangeException: 索引超出范围。必须为非负值并小于集合大小。
参数名: index
   在 System.ThrowHelper.ThrowArgumentOutOfRangeException(ExceptionArgument argument, ExceptionResource resource)
   在 System.Collections.Generic.List`1.get_Item(Int32 index)
   在 SecurityBarsDataUpdate.ThreadTask._doTask(Int32 hqClient, StringBuilder sResult, StringBuilder sErrInfo, TaskDataInfo tempData) 位置 F:\项目\饭票后端\SecurityBarsDataUpdate\线程池\ThreadTask.cs:行号 129

2020/12/3 20:31:04
获取K线未匹配到缓存，日期:20211203,缓存日期：20201203,股票:0-300515


2020/12/3 20:31:04
获取K线数据出错
System.ArgumentOutOfRangeException: 索引超出范围。必须为非负值并小于集合大小。
参数名: index
   在 System.ThrowHelper.ThrowArgumentOutOfRangeException(ExceptionArgument argument, ExceptionResource resource)
   在 System.Collections.Generic.List`1.get_Item(Int32 index)
   在 SecurityBarsDataUpdate.ThreadTask._doTask(Int32 hqClient, StringBuilder sResult, StringBuilder sErrInfo, TaskDataInfo tempData) 位置 F:\项目\饭票后端\SecurityBarsDataUpdate\线程池\ThreadTask.cs:行号 129

2020/12/3 20:31:04
获取K线未匹配到缓存，日期:20211203,缓存日期：20201203,股票:0-300510


2020/12/3 20:31:04
获取K线数据出错
System.ArgumentOutOfRangeException: 索引超出范围。必须为非负值并小于集合大小。
参数名: index
   在 System.ThrowHelper.ThrowArgumentOutOfRangeException(ExceptionArgument argument, ExceptionResource resource)
   在 System.Collections.Generic.List`1.get_Item(Int32 index)
   在 SecurityBarsDataUpdate.ThreadTask._doTask(Int32 hqClient, StringBuilder sResult, StringBuilder sErrInfo, TaskDataInfo tempData) 位置 F:\项目\饭票后端\SecurityBarsDataUpdate\线程池\ThreadTask.cs:行号 129

2020/12/3 20:31:04
获取K线未匹配到缓存，日期:20211203,缓存日期：20201203,股票:1-603528


2020/12/3 20:31:05
获取K线数据出错
System.ArgumentOutOfRangeException: 索引超出范围。必须为非负值并小于集合大小。
参数名: index
   在 System.ThrowHelper.ThrowArgumentOutOfRangeException(ExceptionArgument argument, ExceptionResource resource)
   在 System.Collections.Generic.List`1.get_Item(Int32 index)
   在 SecurityBarsDataUpdate.ThreadTask._doTask(Int32 hqClient, StringBuilder sResult, StringBuilder sErrInfo, TaskDataInfo tempData) 位置 F:\项目\饭票后端\SecurityBarsDataUpdate\线程池\ThreadTask.cs:行号 129

2020/12/3 20:31:05
获取K线未匹配到缓存，日期:20211203,缓存日期：20201203,股票:0-002796


2020/12/3 20:31:05
获取K线未匹配到缓存，日期:20211203,缓存日期：20201203,股票:1-603822


2020/12/3 20:31:06
获取K线数据出错
System.ArgumentOutOfRangeException: 索引超出范围。必须为非负值并小于集合大小。
参数名: index
   在 System.ThrowHelper.ThrowArgumentOutOfRangeException(ExceptionArgument argument, ExceptionResource resource)
   在 System.Collections.Generic.List`1.get_Item(Int32 index)
   在 SecurityBarsDataUpdate.ThreadTask._doTask(Int32 hqClient, StringBuilder sResult, StringBuilder sErrInfo, TaskDataInfo tempData) 位置 F:\项目\饭票后端\SecurityBarsDataUpdate\线程池\ThreadTask.cs:行号 129

2020/12/3 20:31:06
获取K线数据出错
System.ArgumentOutOfRangeException: 索引超出范围。必须为非负值并小于集合大小。
参数名: index
   在 System.ThrowHelper.ThrowArgumentOutOfRangeException(ExceptionArgument argument, ExceptionResource resource)
   在 System.Collections.Generic.List`1.get_Item(Int32 index)
   在 SecurityBarsDataUpdate.ThreadTask._doTask(Int32 hqClient, StringBuilder sResult, StringBuilder sErrInfo, TaskDataInfo tempData) 位置 F:\项目\饭票后端\SecurityBarsDataUpdate\线程池\ThreadTask.cs:行号 129

2020/12/3 20:31:06
行情缓存更新成功,日期:20201203,条数:0


2020/12/3 20:31:06
获取K线未匹配到缓存，日期:20211203,缓存日期：20201203,股票:0-002795


2020/12/3 20:31:06
获取K线未匹配到缓存，日期:20211203,缓存日期：20201203,股票:0-002797


2020/12/3 20:31:06
获取K线未匹配到缓存，日期:20211203,缓存日期：20201203,股票:1-603779


2020/12/3 20:31:06
获取K线数据出错
System.ArgumentOutOfRangeException: 索引超出范围。必须为非负值并小于集合大小。
参数名: index
   在 System.ThrowHelper.ThrowArgumentOutOfRangeException(ExceptionArgument argument, ExceptionResource resource)
   在 System.Collections.Generic.List`1.get_Item(Int32 index)
   在 SecurityBarsDataUpdate.ThreadTask._doTask(Int32 hqClient, StringBuilder sResult, StringBuilder sErrInfo, TaskDataInfo tempData) 位置 F:\项目\饭票后端\SecurityBarsDataUpdate\线程池\ThreadTask.cs:行号 129

2020/12/3 20:31:07
获取K线数据出错
System.ArgumentOutOfRangeException: 索引超出范围。必须为非负值并小于集合大小。
参数名: index
   在 System.ThrowHelper.ThrowArgumentOutOfRangeException(ExceptionArgument argument, ExceptionResource resource)
   在 System.Collections.Generic.List`1.get_Item(Int32 index)
   在 SecurityBarsDataUpdate.ThreadTask._doTask(Int32 hqClient, StringBuilder sResult, StringBuilder sErrInfo, TaskDataInfo tempData) 位置 F:\项目\饭票后端\SecurityBarsDataUpdate\线程池\ThreadTask.cs:行号 129

2020/12/3 20:31:07
获取K线数据出错
System.ArgumentOutOfRangeException: 索引超出范围。必须为非负值并小于集合大小。
参数名: index
   在 System.ThrowHelper.ThrowArgumentOutOfRangeException(ExceptionArgument argument, ExceptionResource resource)
   在 System.Collections.Generic.List`1.get_Item(Int32 index)
   在 SecurityBarsDataUpdate.ThreadTask._doTask(Int32 hqClient, StringBuilder sResult, StringBuilder sErrInfo, TaskDataInfo tempData) 位置 F:\项目\饭票后端\SecurityBarsDataUpdate\线程池\ThreadTask.cs:行号 129

2020/12/3 20:31:07
获取K线未匹配到缓存，日期:20211203,缓存日期：20201203,股票:0-300508


2020/12/3 20:31:07
获取K线数据出错
System.ArgumentOutOfRangeException: 索引超出范围。必须为非负值并小于集合大小。
参数名: index
   在 System.ThrowHelper.ThrowArgumentOutOfRangeException(ExceptionArgument argument, ExceptionResource resource)
   在 System.Collections.Generic.List`1.get_Item(Int32 index)
   在 SecurityBarsDataUpdate.ThreadTask._doTask(Int32 hqClient, StringBuilder sResult, StringBuilder sErrInfo, TaskDataInfo tempData) 位置 F:\项目\饭票后端\SecurityBarsDataUpdate\线程池\ThreadTask.cs:行号 129

2020/12/3 20:31:07
获取K线未匹配到缓存，日期:20211203,缓存日期：20201203,股票:0-300511


2020/12/3 20:31:07
获取K线未匹配到缓存，日期:20211203,缓存日期：20201203,股票:0-300509


2020/12/3 20:31:08
获取K线数据出错
System.ArgumentOutOfRangeException: 索引超出范围。必须为非负值并小于集合大小。
参数名: index
   在 System.ThrowHelper.ThrowArgumentOutOfRangeException(ExceptionArgument argument, ExceptionResource resource)
   在 System.Collections.Generic.List`1.get_Item(Int32 index)
   在 SecurityBarsDataUpdate.ThreadTask._doTask(Int32 hqClient, StringBuilder sResult, StringBuilder sErrInfo, TaskDataInfo tempData) 位置 F:\项目\饭票后端\SecurityBarsDataUpdate\线程池\ThreadTask.cs:行号 129

2020/12/3 20:31:08
获取K线未匹配到缓存，日期:20211203,缓存日期：20201203,股票:1-603959


2020/12/3 20:31:08
获取K线数据出错
System.ArgumentOutOfRangeException: 索引超出范围。必须为非负值并小于集合大小。
参数名: index
   在 System.ThrowHelper.ThrowArgumentOutOfRangeException(ExceptionArgument argument, ExceptionResource resource)
   在 System.Collections.Generic.List`1.get_Item(Int32 index)
   在 SecurityBarsDataUpdate.ThreadTask._doTask(Int32 hqClient, StringBuilder sResult, StringBuilder sErrInfo, TaskDataInfo tempData) 位置 F:\项目\饭票后端\SecurityBarsDataUpdate\线程池\ThreadTask.cs:行号 129

2020/12/3 20:31:09
获取K线未匹配到缓存，日期:20211203,缓存日期：20201203,股票:1-603726


2020/12/3 20:31:09
获取K线数据出错
System.ArgumentOutOfRangeException: 索引超出范围。必须为非负值并小于集合大小。
参数名: index
   在 System.ThrowHelper.ThrowArgumentOutOfRangeException(ExceptionArgument argument, ExceptionResource resource)
   在 System.Collections.Generic.List`1.get_Item(Int32 index)
   在 SecurityBarsDataUpdate.ThreadTask._doTask(Int32 hqClient, StringBuilder sResult, StringBuilder sErrInfo, TaskDataInfo tempData) 位置 F:\项目\饭票后端\SecurityBarsDataUpdate\线程池\ThreadTask.cs:行号 129

2020/12/3 20:41:20
行情缓存更新成功,日期:20201203,条数:0


2020/12/3 20:41:23
行情缓存更新成功,日期:20201203,条数:0


2020/12/3 20:41:27
行情缓存更新成功,日期:20201203,条数:0


