2021/8/20 20:15:07
监听队列已链接


2021/8/20 20:19:11
监听队列已链接


2021/8/20 20:20:46
2019-12-31 15:00


2021/8/20 20:20:46
获取K线数据出错
System.Exception: 时间格式有误
   在 SecurityBarsDataUpdate.DataHelper.TdxHq_GetSecurityBarsData_byShares(Int32 hqClient, SecurityBarsDataInfo sharesData, TRANSACTION_DATA_STRING result_info, Boolean& isReconnectClient) 位置 F:\项目\饭票后端\SecurityBarsDataUpdate\DataHelper.cs:行号 160

2021/8/20 20:23:24
2019-12-31 15:00


2021/8/20 20:23:24
获取K线数据出错
System.Exception: 时间格式有误
   在 SecurityBarsDataUpdate.DataHelper.TdxHq_GetSecurityBarsData_byShares(Int32 hqClient, SecurityBarsDataInfo sharesData, TRANSACTION_DATA_STRING result_info, Boolean& isReconnectClient) 位置 F:\项目\饭票后端\SecurityBarsDataUpdate\DataHelper.cs:行号 160

2021/8/20 20:24:49
2019-04-26 15:00


2021/8/20 20:24:49
获取K线数据出错
System.Exception: 时间格式有误
   在 SecurityBarsDataUpdate.DataHelper.TdxHq_GetSecurityBarsData_byShares(Int32 hqClient, SecurityBarsDataInfo sharesData, TRANSACTION_DATA_STRING result_info, Boolean& isReconnectClient) 位置 F:\项目\饭票后端\SecurityBarsDataUpdate\DataHelper.cs:行号 160

2021/8/20 20:48:51
监听队列已链接


