2021/8/16 16:23:21
获取K线数据出错
System.Exception: 时间格式有误
   在 SecurityBarsDataUpdate.DataHelper.TdxHq_GetSecurityBarsData_byShares(Int32 hqClient, SecurityBarsDataInfo sharesData, TRANSACTION_DATA_STRING result_info, Boolean& isReconnectClient) 位置 F:\项目\饭票后端\SecurityBarsDataUpdate\DataHelper.cs:行号 159

2021/8/16 16:23:36
获取K线数据出错
System.Exception: 时间格式有误
   在 SecurityBarsDataUpdate.DataHelper.TdxHq_GetSecurityBarsData_byShares(Int32 hqClient, SecurityBarsDataInfo sharesData, TRANSACTION_DATA_STRING result_info, Boolean& isReconnectClient) 位置 F:\项目\饭票后端\SecurityBarsDataUpdate\DataHelper.cs:行号 159

2021/8/16 16:23:43
获取K线数据出错
System.Exception: 时间格式有误
   在 SecurityBarsDataUpdate.DataHelper.TdxHq_GetSecurityBarsData_byShares(Int32 hqClient, SecurityBarsDataInfo sharesData, TRANSACTION_DATA_STRING result_info, Boolean& isReconnectClient) 位置 F:\项目\饭票后端\SecurityBarsDataUpdate\DataHelper.cs:行号 159

2021/8/16 16:23:53
获取K线数据出错
System.Exception: 时间格式有误
   在 SecurityBarsDataUpdate.DataHelper.TdxHq_GetSecurityBarsData_byShares(Int32 hqClient, SecurityBarsDataInfo sharesData, TRANSACTION_DATA_STRING result_info, Boolean& isReconnectClient) 位置 F:\项目\饭票后端\SecurityBarsDataUpdate\DataHelper.cs:行号 159

2021/8/16 16:27:55
监听队列已链接


2021/8/16 16:28:00
监听队列已链接


2021/8/16 16:28:04
监听队列已链接


2021/8/16 16:28:04
获取K线数据出错
System.Exception: 时间格式有误
   在 SecurityBarsDataUpdate.DataHelper.TdxHq_GetSecurityBarsData_byShares(Int32 hqClient, SecurityBarsDataInfo sharesData, TRANSACTION_DATA_STRING result_info, Boolean& isReconnectClient) 位置 F:\项目\饭票后端\SecurityBarsDataUpdate\DataHelper.cs:行号 159

2021/8/16 16:28:06
获取K线数据出错
System.Exception: 时间格式有误
   在 SecurityBarsDataUpdate.DataHelper.TdxHq_GetSecurityBarsData_byShares(Int32 hqClient, SecurityBarsDataInfo sharesData, TRANSACTION_DATA_STRING result_info, Boolean& isReconnectClient) 位置 F:\项目\饭票后端\SecurityBarsDataUpdate\DataHelper.cs:行号 159

2021/8/16 16:28:07
监听队列已链接


2021/8/16 16:28:16
获取K线数据出错
System.Exception: 时间格式有误
   在 SecurityBarsDataUpdate.DataHelper.TdxHq_GetSecurityBarsData_byShares(Int32 hqClient, SecurityBarsDataInfo sharesData, TRANSACTION_DATA_STRING result_info, Boolean& isReconnectClient) 位置 F:\项目\饭票后端\SecurityBarsDataUpdate\DataHelper.cs:行号 159

2021/8/16 16:28:18
获取K线数据出错
System.Exception: 时间格式有误
   在 SecurityBarsDataUpdate.DataHelper.TdxHq_GetSecurityBarsData_byShares(Int32 hqClient, SecurityBarsDataInfo sharesData, TRANSACTION_DATA_STRING result_info, Boolean& isReconnectClient) 位置 F:\项目\饭票后端\SecurityBarsDataUpdate\DataHelper.cs:行号 159

2021/8/16 16:28:26
获取K线数据出错
System.Exception: 时间格式有误
   在 SecurityBarsDataUpdate.DataHelper.TdxHq_GetSecurityBarsData_byShares(Int32 hqClient, SecurityBarsDataInfo sharesData, TRANSACTION_DATA_STRING result_info, Boolean& isReconnectClient) 位置 F:\项目\饭票后端\SecurityBarsDataUpdate\DataHelper.cs:行号 159

2021/8/16 16:28:26
获取K线数据出错
System.Exception: 时间格式有误
   在 SecurityBarsDataUpdate.DataHelper.TdxHq_GetSecurityBarsData_byShares(Int32 hqClient, SecurityBarsDataInfo sharesData, TRANSACTION_DATA_STRING result_info, Boolean& isReconnectClient) 位置 F:\项目\饭票后端\SecurityBarsDataUpdate\DataHelper.cs:行号 159

2021/8/16 16:28:26
获取K线数据出错
System.Exception: 时间格式有误
   在 SecurityBarsDataUpdate.DataHelper.TdxHq_GetSecurityBarsData_byShares(Int32 hqClient, SecurityBarsDataInfo sharesData, TRANSACTION_DATA_STRING result_info, Boolean& isReconnectClient) 位置 F:\项目\饭票后端\SecurityBarsDataUpdate\DataHelper.cs:行号 159

2021/8/16 16:28:26
获取K线数据出错
System.Exception: 时间格式有误
   在 SecurityBarsDataUpdate.DataHelper.TdxHq_GetSecurityBarsData_byShares(Int32 hqClient, SecurityBarsDataInfo sharesData, TRANSACTION_DATA_STRING result_info, Boolean& isReconnectClient) 位置 F:\项目\饭票后端\SecurityBarsDataUpdate\DataHelper.cs:行号 159

2021/8/16 16:28:26
获取K线数据出错
System.Exception: 时间格式有误
   在 SecurityBarsDataUpdate.DataHelper.TdxHq_GetSecurityBarsData_byShares(Int32 hqClient, SecurityBarsDataInfo sharesData, TRANSACTION_DATA_STRING result_info, Boolean& isReconnectClient) 位置 F:\项目\饭票后端\SecurityBarsDataUpdate\DataHelper.cs:行号 159

2021/8/16 16:28:26
获取K线数据出错
System.Exception: 时间格式有误
   在 SecurityBarsDataUpdate.DataHelper.TdxHq_GetSecurityBarsData_byShares(Int32 hqClient, SecurityBarsDataInfo sharesData, TRANSACTION_DATA_STRING result_info, Boolean& isReconnectClient) 位置 F:\项目\饭票后端\SecurityBarsDataUpdate\DataHelper.cs:行号 159

2021/8/16 16:28:26
获取K线数据出错
System.Exception: 时间格式有误
   在 SecurityBarsDataUpdate.DataHelper.TdxHq_GetSecurityBarsData_byShares(Int32 hqClient, SecurityBarsDataInfo sharesData, TRANSACTION_DATA_STRING result_info, Boolean& isReconnectClient) 位置 F:\项目\饭票后端\SecurityBarsDataUpdate\DataHelper.cs:行号 159

2021/8/16 16:28:26
获取K线数据出错
System.Exception: 时间格式有误
   在 SecurityBarsDataUpdate.DataHelper.TdxHq_GetSecurityBarsData_byShares(Int32 hqClient, SecurityBarsDataInfo sharesData, TRANSACTION_DATA_STRING result_info, Boolean& isReconnectClient) 位置 F:\项目\饭票后端\SecurityBarsDataUpdate\DataHelper.cs:行号 159

2021/8/16 16:28:33
获取K线数据出错
System.Exception: 时间格式有误
   在 SecurityBarsDataUpdate.DataHelper.TdxHq_GetSecurityBarsData_byShares(Int32 hqClient, SecurityBarsDataInfo sharesData, TRANSACTION_DATA_STRING result_info, Boolean& isReconnectClient) 位置 F:\项目\饭票后端\SecurityBarsDataUpdate\DataHelper.cs:行号 159

2021/8/16 16:28:36
获取K线数据出错
System.Exception: 时间格式有误
   在 SecurityBarsDataUpdate.DataHelper.TdxHq_GetSecurityBarsData_byShares(Int32 hqClient, SecurityBarsDataInfo sharesData, TRANSACTION_DATA_STRING result_info, Boolean& isReconnectClient) 位置 F:\项目\饭票后端\SecurityBarsDataUpdate\DataHelper.cs:行号 159

2021/8/16 16:28:43
获取K线数据出错
System.Exception: 时间格式有误
   在 SecurityBarsDataUpdate.DataHelper.TdxHq_GetSecurityBarsData_byShares(Int32 hqClient, SecurityBarsDataInfo sharesData, TRANSACTION_DATA_STRING result_info, Boolean& isReconnectClient) 位置 F:\项目\饭票后端\SecurityBarsDataUpdate\DataHelper.cs:行号 159

2021/8/16 16:28:43
获取K线数据出错
System.Exception: 时间格式有误
   在 SecurityBarsDataUpdate.DataHelper.TdxHq_GetSecurityBarsData_byShares(Int32 hqClient, SecurityBarsDataInfo sharesData, TRANSACTION_DATA_STRING result_info, Boolean& isReconnectClient) 位置 F:\项目\饭票后端\SecurityBarsDataUpdate\DataHelper.cs:行号 159

2021/8/16 16:28:43
获取K线数据出错
System.Exception: 时间格式有误
   在 SecurityBarsDataUpdate.DataHelper.TdxHq_GetSecurityBarsData_byShares(Int32 hqClient, SecurityBarsDataInfo sharesData, TRANSACTION_DATA_STRING result_info, Boolean& isReconnectClient) 位置 F:\项目\饭票后端\SecurityBarsDataUpdate\DataHelper.cs:行号 159

2021/8/16 16:28:43
获取K线数据出错
System.Exception: 时间格式有误
   在 SecurityBarsDataUpdate.DataHelper.TdxHq_GetSecurityBarsData_byShares(Int32 hqClient, SecurityBarsDataInfo sharesData, TRANSACTION_DATA_STRING result_info, Boolean& isReconnectClient) 位置 F:\项目\饭票后端\SecurityBarsDataUpdate\DataHelper.cs:行号 159

2021/8/16 16:28:43
获取K线数据出错
System.Exception: 时间格式有误
   在 SecurityBarsDataUpdate.DataHelper.TdxHq_GetSecurityBarsData_byShares(Int32 hqClient, SecurityBarsDataInfo sharesData, TRANSACTION_DATA_STRING result_info, Boolean& isReconnectClient) 位置 F:\项目\饭票后端\SecurityBarsDataUpdate\DataHelper.cs:行号 159

2021/8/16 16:28:43
获取K线数据出错
System.Exception: 时间格式有误
   在 SecurityBarsDataUpdate.DataHelper.TdxHq_GetSecurityBarsData_byShares(Int32 hqClient, SecurityBarsDataInfo sharesData, TRANSACTION_DATA_STRING result_info, Boolean& isReconnectClient) 位置 F:\项目\饭票后端\SecurityBarsDataUpdate\DataHelper.cs:行号 159

2021/8/16 16:28:43
获取K线数据出错
System.Exception: 时间格式有误
   在 SecurityBarsDataUpdate.DataHelper.TdxHq_GetSecurityBarsData_byShares(Int32 hqClient, SecurityBarsDataInfo sharesData, TRANSACTION_DATA_STRING result_info, Boolean& isReconnectClient) 位置 F:\项目\饭票后端\SecurityBarsDataUpdate\DataHelper.cs:行号 159

2021/8/16 16:28:43
获取K线数据出错
System.Exception: 时间格式有误
   在 SecurityBarsDataUpdate.DataHelper.TdxHq_GetSecurityBarsData_byShares(Int32 hqClient, SecurityBarsDataInfo sharesData, TRANSACTION_DATA_STRING result_info, Boolean& isReconnectClient) 位置 F:\项目\饭票后端\SecurityBarsDataUpdate\DataHelper.cs:行号 159

2021/8/16 16:28:49
获取K线数据出错
System.Exception: 时间格式有误
   在 SecurityBarsDataUpdate.DataHelper.TdxHq_GetSecurityBarsData_byShares(Int32 hqClient, SecurityBarsDataInfo sharesData, TRANSACTION_DATA_STRING result_info, Boolean& isReconnectClient) 位置 F:\项目\饭票后端\SecurityBarsDataUpdate\DataHelper.cs:行号 159

2021/8/16 16:28:52
获取K线数据出错
System.Exception: 时间格式有误
   在 SecurityBarsDataUpdate.DataHelper.TdxHq_GetSecurityBarsData_byShares(Int32 hqClient, SecurityBarsDataInfo sharesData, TRANSACTION_DATA_STRING result_info, Boolean& isReconnectClient) 位置 F:\项目\饭票后端\SecurityBarsDataUpdate\DataHelper.cs:行号 159

