2021/8/24 13:28:47
监听队列已链接


2021/8/24 13:30:21
获取K线数据出错
System.Exception: 时间格式有误，时间:2019-12-31 15:00,股票:000670，市场0
   在 SecurityBarsDataUpdate.DataHelper.TdxHq_GetSecurityBarsData_byShares(Int32 hqClient, SecurityBarsDataInfo sharesData, TRANSACTION_DATA_STRING result_info, Boolean& isReconnectClient, StringBuilder& sb) 位置 F:\项目\饭票后端\SecurityBarsDataUpdate\DataHelper.cs:行号 172

2021/8/24 13:31:28
获取K线数据出错
System.Exception: 时间格式有误，时间:2019-12-31 15:00,股票:000670，市场0
   在 SecurityBarsDataUpdate.DataHelper.TdxHq_GetSecurityBarsData_byShares(Int32 hqClient, SecurityBarsDataInfo sharesData, TRANSACTION_DATA_STRING result_info, Boolean& isReconnectClient, StringBuilder& sb) 位置 F:\项目\饭票后端\SecurityBarsDataUpdate\DataHelper.cs:行号 172

2021/8/24 13:32:03
获取K线数据出错
System.Exception: 时间格式有误，时间:2019-04-26 15:00,股票:002260，市场0
   在 SecurityBarsDataUpdate.DataHelper.TdxHq_GetSecurityBarsData_byShares(Int32 hqClient, SecurityBarsDataInfo sharesData, TRANSACTION_DATA_STRING result_info, Boolean& isReconnectClient, StringBuilder& sb) 位置 F:\项目\饭票后端\SecurityBarsDataUpdate\DataHelper.cs:行号 172

2021/8/24 13:32:39
k线配置
Newtonsoft.Json.JsonReaderException: Unexpected character encountered while parsing value: S. Path '', line 0, position 0.
   在 Newtonsoft.Json.JsonTextReader.ParseValue()
   在 Newtonsoft.Json.JsonTextReader.Read()
   在 Newtonsoft.Json.JsonReader.ReadForType(JsonContract contract, Boolean hasConverter)
   在 Newtonsoft.Json.Serialization.JsonSerializerInternalReader.Deserialize(JsonReader reader, Type objectType, Boolean checkAdditionalContent)
   在 Newtonsoft.Json.JsonSerializer.DeserializeInternal(JsonReader reader, Type objectType)
   在 Newtonsoft.Json.JsonConvert.DeserializeObject(String value, Type type, JsonSerializerSettings settings)
   在 Newtonsoft.Json.JsonConvert.DeserializeObject[T](String value, JsonSerializerSettings settings)
   在 Newtonsoft.Json.JsonConvert.DeserializeObject[T](String value)
   在 SecurityBarsDataUpdate.Singleton.SysparUpdate() 位置 F:\项目\饭票后端\SecurityBarsDataUpdate\Singleton.cs:行号 352

2021/8/24 13:33:24
监听队列已链接


2021/8/24 13:39:32
k线配置
Newtonsoft.Json.JsonReaderException: Unexpected character encountered while parsing value: S. Path '', line 0, position 0.
   在 Newtonsoft.Json.JsonTextReader.ParseValue()
   在 Newtonsoft.Json.JsonTextReader.Read()
   在 Newtonsoft.Json.JsonReader.ReadForType(JsonContract contract, Boolean hasConverter)
   在 Newtonsoft.Json.Serialization.JsonSerializerInternalReader.Deserialize(JsonReader reader, Type objectType, Boolean checkAdditionalContent)
   在 Newtonsoft.Json.JsonSerializer.DeserializeInternal(JsonReader reader, Type objectType)
   在 Newtonsoft.Json.JsonConvert.DeserializeObject(String value, Type type, JsonSerializerSettings settings)
   在 Newtonsoft.Json.JsonConvert.DeserializeObject[T](String value, JsonSerializerSettings settings)
   在 Newtonsoft.Json.JsonConvert.DeserializeObject[T](String value)
   在 SecurityBarsDataUpdate.Singleton.SysparUpdate() 位置 F:\项目\饭票后端\SecurityBarsDataUpdate\Singleton.cs:行号 352

2021/8/24 13:39:49
监听队列已链接


2021/8/24 13:46:10
k线配置
Newtonsoft.Json.JsonReaderException: Unexpected character encountered while parsing value: S. Path '', line 0, position 0.
   在 Newtonsoft.Json.JsonTextReader.ParseValue()
   在 Newtonsoft.Json.JsonTextReader.Read()
   在 Newtonsoft.Json.JsonReader.ReadForType(JsonContract contract, Boolean hasConverter)
   在 Newtonsoft.Json.Serialization.JsonSerializerInternalReader.Deserialize(JsonReader reader, Type objectType, Boolean checkAdditionalContent)
   在 Newtonsoft.Json.JsonSerializer.DeserializeInternal(JsonReader reader, Type objectType)
   在 Newtonsoft.Json.JsonConvert.DeserializeObject(String value, Type type, JsonSerializerSettings settings)
   在 Newtonsoft.Json.JsonConvert.DeserializeObject[T](String value, JsonSerializerSettings settings)
   在 Newtonsoft.Json.JsonConvert.DeserializeObject[T](String value)
   在 SecurityBarsDataUpdate.Singleton.SysparUpdate() 位置 F:\项目\饭票后端\SecurityBarsDataUpdate\Singleton.cs:行号 352

2021/8/24 13:46:53
监听队列已链接


2021/8/24 13:47:31
k线配置
Newtonsoft.Json.JsonReaderException: Unexpected character encountered while parsing value: S. Path '', line 0, position 0.
   在 Newtonsoft.Json.JsonTextReader.ParseValue()
   在 Newtonsoft.Json.JsonTextReader.Read()
   在 Newtonsoft.Json.JsonReader.ReadForType(JsonContract contract, Boolean hasConverter)
   在 Newtonsoft.Json.Serialization.JsonSerializerInternalReader.Deserialize(JsonReader reader, Type objectType, Boolean checkAdditionalContent)
   在 Newtonsoft.Json.JsonSerializer.DeserializeInternal(JsonReader reader, Type objectType)
   在 Newtonsoft.Json.JsonConvert.DeserializeObject(String value, Type type, JsonSerializerSettings settings)
   在 Newtonsoft.Json.JsonConvert.DeserializeObject[T](String value, JsonSerializerSettings settings)
   在 Newtonsoft.Json.JsonConvert.DeserializeObject[T](String value)
   在 SecurityBarsDataUpdate.Singleton.SysparUpdate() 位置 F:\项目\饭票后端\SecurityBarsDataUpdate\Singleton.cs:行号 352

2021/8/24 13:47:46
监听队列已链接


2021/8/24 14:08:58
监听队列已链接


2021/8/24 14:14:35
监听队列已链接


2021/8/24 14:14:47
获取K线数据出错
System.Exception: 时间有误，时间:1990--12--24 14:15,股票:000004，市场0
   在 SecurityBarsDataUpdate.DataHelper.TdxHq_GetSecurityBarsData_byShares(Int32 hqClient, SecurityBarsDataInfo sharesData, TRANSACTION_DATA_STRING result_info, Boolean& isReconnectClient) 位置 F:\项目\饭票后端\SecurityBarsDataUpdate\DataHelper.cs:行号 178

2021/8/24 14:14:47
获取K线数据出错
System.Exception: 时间有误，时间:1990--12--24 14:15,股票:000005，市场0
   在 SecurityBarsDataUpdate.DataHelper.TdxHq_GetSecurityBarsData_byShares(Int32 hqClient, SecurityBarsDataInfo sharesData, TRANSACTION_DATA_STRING result_info, Boolean& isReconnectClient) 位置 F:\项目\饭票后端\SecurityBarsDataUpdate\DataHelper.cs:行号 178

2021/8/24 14:14:47
获取K线数据出错
System.Exception: 时间有误，时间:1990--12--24 14:15,股票:000006，市场0
   在 SecurityBarsDataUpdate.DataHelper.TdxHq_GetSecurityBarsData_byShares(Int32 hqClient, SecurityBarsDataInfo sharesData, TRANSACTION_DATA_STRING result_info, Boolean& isReconnectClient) 位置 F:\项目\饭票后端\SecurityBarsDataUpdate\DataHelper.cs:行号 178

2021/8/24 14:14:47
获取K线数据出错
System.Exception: 时间有误，时间:1990--12--24 14:15,股票:000011，市场0
   在 SecurityBarsDataUpdate.DataHelper.TdxHq_GetSecurityBarsData_byShares(Int32 hqClient, SecurityBarsDataInfo sharesData, TRANSACTION_DATA_STRING result_info, Boolean& isReconnectClient) 位置 F:\项目\饭票后端\SecurityBarsDataUpdate\DataHelper.cs:行号 178

2021/8/24 14:14:47
获取K线数据出错
System.Exception: 时间有误，时间:1990--12--24 14:15,股票:000009，市场0
   在 SecurityBarsDataUpdate.DataHelper.TdxHq_GetSecurityBarsData_byShares(Int32 hqClient, SecurityBarsDataInfo sharesData, TRANSACTION_DATA_STRING result_info, Boolean& isReconnectClient) 位置 F:\项目\饭票后端\SecurityBarsDataUpdate\DataHelper.cs:行号 178

2021/8/24 14:14:47
获取K线数据出错
System.Exception: 时间有误，时间:1990--12--24 14:15,股票:000010，市场0
   在 SecurityBarsDataUpdate.DataHelper.TdxHq_GetSecurityBarsData_byShares(Int32 hqClient, SecurityBarsDataInfo sharesData, TRANSACTION_DATA_STRING result_info, Boolean& isReconnectClient) 位置 F:\项目\饭票后端\SecurityBarsDataUpdate\DataHelper.cs:行号 178

2021/8/24 14:14:47
获取K线数据出错
System.Exception: 时间有误，时间:1990--12--24 14:15,股票:000002，市场0
   在 SecurityBarsDataUpdate.DataHelper.TdxHq_GetSecurityBarsData_byShares(Int32 hqClient, SecurityBarsDataInfo sharesData, TRANSACTION_DATA_STRING result_info, Boolean& isReconnectClient) 位置 F:\项目\饭票后端\SecurityBarsDataUpdate\DataHelper.cs:行号 178

2021/8/24 14:14:47
获取K线数据出错
System.Exception: 时间有误，时间:1990--12--24 14:15,股票:000008，市场0
   在 SecurityBarsDataUpdate.DataHelper.TdxHq_GetSecurityBarsData_byShares(Int32 hqClient, SecurityBarsDataInfo sharesData, TRANSACTION_DATA_STRING result_info, Boolean& isReconnectClient) 位置 F:\项目\饭票后端\SecurityBarsDataUpdate\DataHelper.cs:行号 178

2021/8/24 14:14:47
获取K线数据出错
System.Exception: 时间有误，时间:1990--12--24 14:15,股票:000017，市场0
   在 SecurityBarsDataUpdate.DataHelper.TdxHq_GetSecurityBarsData_byShares(Int32 hqClient, SecurityBarsDataInfo sharesData, TRANSACTION_DATA_STRING result_info, Boolean& isReconnectClient) 位置 F:\项目\饭票后端\SecurityBarsDataUpdate\DataHelper.cs:行号 178

2021/8/24 14:14:47
获取K线数据出错
System.Exception: 时间有误，时间:1990--12--24 14:15,股票:000016，市场0
   在 SecurityBarsDataUpdate.DataHelper.TdxHq_GetSecurityBarsData_byShares(Int32 hqClient, SecurityBarsDataInfo sharesData, TRANSACTION_DATA_STRING result_info, Boolean& isReconnectClient) 位置 F:\项目\饭票后端\SecurityBarsDataUpdate\DataHelper.cs:行号 178

2021/8/24 14:14:47
获取K线数据出错
System.Exception: 时间有误，时间:1990--12--24 14:15,股票:000001，市场0
   在 SecurityBarsDataUpdate.DataHelper.TdxHq_GetSecurityBarsData_byShares(Int32 hqClient, SecurityBarsDataInfo sharesData, TRANSACTION_DATA_STRING result_info, Boolean& isReconnectClient) 位置 F:\项目\饭票后端\SecurityBarsDataUpdate\DataHelper.cs:行号 178

2021/8/24 14:14:47
获取K线数据出错
System.Exception: 时间有误，时间:1990--12--24 14:15,股票:000007，市场0
   在 SecurityBarsDataUpdate.DataHelper.TdxHq_GetSecurityBarsData_byShares(Int32 hqClient, SecurityBarsDataInfo sharesData, TRANSACTION_DATA_STRING result_info, Boolean& isReconnectClient) 位置 F:\项目\饭票后端\SecurityBarsDataUpdate\DataHelper.cs:行号 178

2021/8/24 14:14:47
获取K线数据出错
System.Exception: 时间有误，时间:1990--12--24 14:15,股票:000014，市场0
   在 SecurityBarsDataUpdate.DataHelper.TdxHq_GetSecurityBarsData_byShares(Int32 hqClient, SecurityBarsDataInfo sharesData, TRANSACTION_DATA_STRING result_info, Boolean& isReconnectClient) 位置 F:\项目\饭票后端\SecurityBarsDataUpdate\DataHelper.cs:行号 178

2021/8/24 14:14:47
获取K线数据出错
System.Exception: 时间有误，时间:1990--12--24 14:15,股票:000020，市场0
   在 SecurityBarsDataUpdate.DataHelper.TdxHq_GetSecurityBarsData_byShares(Int32 hqClient, SecurityBarsDataInfo sharesData, TRANSACTION_DATA_STRING result_info, Boolean& isReconnectClient) 位置 F:\项目\饭票后端\SecurityBarsDataUpdate\DataHelper.cs:行号 178

2021/8/24 14:14:47
获取K线数据出错
System.Exception: 时间有误，时间:1990--12--24 14:15,股票:000026，市场0
   在 SecurityBarsDataUpdate.DataHelper.TdxHq_GetSecurityBarsData_byShares(Int32 hqClient, SecurityBarsDataInfo sharesData, TRANSACTION_DATA_STRING result_info, Boolean& isReconnectClient) 位置 F:\项目\饭票后端\SecurityBarsDataUpdate\DataHelper.cs:行号 178

2021/8/24 14:14:47
获取K线数据出错
System.Exception: 时间有误，时间:1990--12--24 14:15,股票:000023，市场0
   在 SecurityBarsDataUpdate.DataHelper.TdxHq_GetSecurityBarsData_byShares(Int32 hqClient, SecurityBarsDataInfo sharesData, TRANSACTION_DATA_STRING result_info, Boolean& isReconnectClient) 位置 F:\项目\饭票后端\SecurityBarsDataUpdate\DataHelper.cs:行号 178

2021/8/24 14:14:48
获取K线数据出错
System.Exception: 时间有误，时间:1990--12--24 14:15,股票:000012，市场0
   在 SecurityBarsDataUpdate.DataHelper.TdxHq_GetSecurityBarsData_byShares(Int32 hqClient, SecurityBarsDataInfo sharesData, TRANSACTION_DATA_STRING result_info, Boolean& isReconnectClient) 位置 F:\项目\饭票后端\SecurityBarsDataUpdate\DataHelper.cs:行号 178

2021/8/24 14:14:48
获取K线数据出错
System.Exception: 时间有误，时间:1990--12--24 14:15,股票:000021，市场0
   在 SecurityBarsDataUpdate.DataHelper.TdxHq_GetSecurityBarsData_byShares(Int32 hqClient, SecurityBarsDataInfo sharesData, TRANSACTION_DATA_STRING result_info, Boolean& isReconnectClient) 位置 F:\项目\饭票后端\SecurityBarsDataUpdate\DataHelper.cs:行号 178

2021/8/24 14:14:48
获取K线数据出错
System.Exception: 时间有误，时间:1990--12--24 14:15,股票:000019，市场0
   在 SecurityBarsDataUpdate.DataHelper.TdxHq_GetSecurityBarsData_byShares(Int32 hqClient, SecurityBarsDataInfo sharesData, TRANSACTION_DATA_STRING result_info, Boolean& isReconnectClient) 位置 F:\项目\饭票后端\SecurityBarsDataUpdate\DataHelper.cs:行号 178

2021/8/24 14:14:48
获取K线数据出错
System.Exception: 时间有误，时间:1990--12--24 14:15,股票:000025，市场0
   在 SecurityBarsDataUpdate.DataHelper.TdxHq_GetSecurityBarsData_byShares(Int32 hqClient, SecurityBarsDataInfo sharesData, TRANSACTION_DATA_STRING result_info, Boolean& isReconnectClient) 位置 F:\项目\饭票后端\SecurityBarsDataUpdate\DataHelper.cs:行号 178

2021/8/24 14:14:48
获取K线数据出错
System.Exception: 时间有误，时间:1990--12--24 14:15,股票:000001，市场0
   在 SecurityBarsDataUpdate.DataHelper.TdxHq_GetSecurityBarsData_byShares(Int32 hqClient, SecurityBarsDataInfo sharesData, TRANSACTION_DATA_STRING result_info, Boolean& isReconnectClient) 位置 F:\项目\饭票后端\SecurityBarsDataUpdate\DataHelper.cs:行号 178

2021/8/24 14:14:48
获取K线数据出错
System.Exception: 时间有误，时间:1990--12--24 14:15,股票:000002，市场0
   在 SecurityBarsDataUpdate.DataHelper.TdxHq_GetSecurityBarsData_byShares(Int32 hqClient, SecurityBarsDataInfo sharesData, TRANSACTION_DATA_STRING result_info, Boolean& isReconnectClient) 位置 F:\项目\饭票后端\SecurityBarsDataUpdate\DataHelper.cs:行号 178

2021/8/24 14:14:48
获取K线数据出错
System.Exception: 时间有误，时间:1990--12--24 14:15,股票:000006，市场0
   在 SecurityBarsDataUpdate.DataHelper.TdxHq_GetSecurityBarsData_byShares(Int32 hqClient, SecurityBarsDataInfo sharesData, TRANSACTION_DATA_STRING result_info, Boolean& isReconnectClient) 位置 F:\项目\饭票后端\SecurityBarsDataUpdate\DataHelper.cs:行号 178

2021/8/24 14:14:48
获取K线数据出错
System.Exception: 时间有误，时间:1990--12--24 14:15,股票:000007，市场0
   在 SecurityBarsDataUpdate.DataHelper.TdxHq_GetSecurityBarsData_byShares(Int32 hqClient, SecurityBarsDataInfo sharesData, TRANSACTION_DATA_STRING result_info, Boolean& isReconnectClient) 位置 F:\项目\饭票后端\SecurityBarsDataUpdate\DataHelper.cs:行号 178

2021/8/24 14:14:48
获取K线数据出错
System.Exception: 时间有误，时间:1990--12--24 14:15,股票:000004，市场0
   在 SecurityBarsDataUpdate.DataHelper.TdxHq_GetSecurityBarsData_byShares(Int32 hqClient, SecurityBarsDataInfo sharesData, TRANSACTION_DATA_STRING result_info, Boolean& isReconnectClient) 位置 F:\项目\饭票后端\SecurityBarsDataUpdate\DataHelper.cs:行号 178

2021/8/24 14:14:48
获取K线数据出错
System.Exception: 时间有误，时间:1990--12--24 14:15,股票:000005，市场0
   在 SecurityBarsDataUpdate.DataHelper.TdxHq_GetSecurityBarsData_byShares(Int32 hqClient, SecurityBarsDataInfo sharesData, TRANSACTION_DATA_STRING result_info, Boolean& isReconnectClient) 位置 F:\项目\饭票后端\SecurityBarsDataUpdate\DataHelper.cs:行号 178

2021/8/24 14:14:48
获取K线数据出错
System.Exception: 时间有误，时间:1990--12--24 14:15,股票:000008，市场0
   在 SecurityBarsDataUpdate.DataHelper.TdxHq_GetSecurityBarsData_byShares(Int32 hqClient, SecurityBarsDataInfo sharesData, TRANSACTION_DATA_STRING result_info, Boolean& isReconnectClient) 位置 F:\项目\饭票后端\SecurityBarsDataUpdate\DataHelper.cs:行号 178

2021/8/24 14:14:49
获取K线数据出错
System.Exception: 时间有误，时间:1990--12--24 14:15,股票:000010，市场0
   在 SecurityBarsDataUpdate.DataHelper.TdxHq_GetSecurityBarsData_byShares(Int32 hqClient, SecurityBarsDataInfo sharesData, TRANSACTION_DATA_STRING result_info, Boolean& isReconnectClient) 位置 F:\项目\饭票后端\SecurityBarsDataUpdate\DataHelper.cs:行号 178

2021/8/24 14:14:49
获取K线数据出错
System.Exception: 时间有误，时间:1990--12--24 14:15,股票:000009，市场0
   在 SecurityBarsDataUpdate.DataHelper.TdxHq_GetSecurityBarsData_byShares(Int32 hqClient, SecurityBarsDataInfo sharesData, TRANSACTION_DATA_STRING result_info, Boolean& isReconnectClient) 位置 F:\项目\饭票后端\SecurityBarsDataUpdate\DataHelper.cs:行号 178

2021/8/24 14:14:49
获取K线数据出错
System.Exception: 时间有误，时间:1990--12--24 14:15,股票:000012，市场0
   在 SecurityBarsDataUpdate.DataHelper.TdxHq_GetSecurityBarsData_byShares(Int32 hqClient, SecurityBarsDataInfo sharesData, TRANSACTION_DATA_STRING result_info, Boolean& isReconnectClient) 位置 F:\项目\饭票后端\SecurityBarsDataUpdate\DataHelper.cs:行号 178

2021/8/24 14:14:49
获取K线数据出错
System.Exception: 时间有误，时间:1990--12--24 14:15,股票:000019，市场0
   在 SecurityBarsDataUpdate.DataHelper.TdxHq_GetSecurityBarsData_byShares(Int32 hqClient, SecurityBarsDataInfo sharesData, TRANSACTION_DATA_STRING result_info, Boolean& isReconnectClient) 位置 F:\项目\饭票后端\SecurityBarsDataUpdate\DataHelper.cs:行号 178

2021/8/24 14:14:49
获取K线数据出错
System.Exception: 时间有误，时间:1990--12--24 14:15,股票:000011，市场0
   在 SecurityBarsDataUpdate.DataHelper.TdxHq_GetSecurityBarsData_byShares(Int32 hqClient, SecurityBarsDataInfo sharesData, TRANSACTION_DATA_STRING result_info, Boolean& isReconnectClient) 位置 F:\项目\饭票后端\SecurityBarsDataUpdate\DataHelper.cs:行号 178

2021/8/24 14:14:49
获取K线数据出错
System.Exception: 时间有误，时间:1990--12--24 14:15,股票:000016，市场0
   在 SecurityBarsDataUpdate.DataHelper.TdxHq_GetSecurityBarsData_byShares(Int32 hqClient, SecurityBarsDataInfo sharesData, TRANSACTION_DATA_STRING result_info, Boolean& isReconnectClient) 位置 F:\项目\饭票后端\SecurityBarsDataUpdate\DataHelper.cs:行号 178

2021/8/24 14:14:49
获取K线数据出错
System.Exception: 时间有误，时间:1990--12--24 14:15,股票:000017，市场0
   在 SecurityBarsDataUpdate.DataHelper.TdxHq_GetSecurityBarsData_byShares(Int32 hqClient, SecurityBarsDataInfo sharesData, TRANSACTION_DATA_STRING result_info, Boolean& isReconnectClient) 位置 F:\项目\饭票后端\SecurityBarsDataUpdate\DataHelper.cs:行号 178

2021/8/24 14:14:49
获取K线数据出错
System.Exception: 时间有误，时间:1990--12--24 14:15,股票:000020，市场0
   在 SecurityBarsDataUpdate.DataHelper.TdxHq_GetSecurityBarsData_byShares(Int32 hqClient, SecurityBarsDataInfo sharesData, TRANSACTION_DATA_STRING result_info, Boolean& isReconnectClient) 位置 F:\项目\饭票后端\SecurityBarsDataUpdate\DataHelper.cs:行号 178

2021/8/24 14:14:49
获取K线数据出错
System.Exception: 时间有误，时间:1990--12--24 14:15,股票:000014，市场0
   在 SecurityBarsDataUpdate.DataHelper.TdxHq_GetSecurityBarsData_byShares(Int32 hqClient, SecurityBarsDataInfo sharesData, TRANSACTION_DATA_STRING result_info, Boolean& isReconnectClient) 位置 F:\项目\饭票后端\SecurityBarsDataUpdate\DataHelper.cs:行号 178

2021/8/24 14:14:49
获取K线数据出错
System.Exception: 时间有误，时间:1990--12--24 14:15,股票:000021，市场0
   在 SecurityBarsDataUpdate.DataHelper.TdxHq_GetSecurityBarsData_byShares(Int32 hqClient, SecurityBarsDataInfo sharesData, TRANSACTION_DATA_STRING result_info, Boolean& isReconnectClient) 位置 F:\项目\饭票后端\SecurityBarsDataUpdate\DataHelper.cs:行号 178

2021/8/24 14:14:49
获取K线数据出错
System.Exception: 时间有误，时间:1990--12--24 14:15,股票:000026，市场0
   在 SecurityBarsDataUpdate.DataHelper.TdxHq_GetSecurityBarsData_byShares(Int32 hqClient, SecurityBarsDataInfo sharesData, TRANSACTION_DATA_STRING result_info, Boolean& isReconnectClient) 位置 F:\项目\饭票后端\SecurityBarsDataUpdate\DataHelper.cs:行号 178

2021/8/24 14:14:49
获取K线数据出错
System.Exception: 时间有误，时间:1990--12--24 14:15,股票:000025，市场0
   在 SecurityBarsDataUpdate.DataHelper.TdxHq_GetSecurityBarsData_byShares(Int32 hqClient, SecurityBarsDataInfo sharesData, TRANSACTION_DATA_STRING result_info, Boolean& isReconnectClient) 位置 F:\项目\饭票后端\SecurityBarsDataUpdate\DataHelper.cs:行号 178

2021/8/24 14:14:49
获取K线数据出错
System.Exception: 时间有误，时间:1990--12--24 14:15,股票:000023，市场0
   在 SecurityBarsDataUpdate.DataHelper.TdxHq_GetSecurityBarsData_byShares(Int32 hqClient, SecurityBarsDataInfo sharesData, TRANSACTION_DATA_STRING result_info, Boolean& isReconnectClient) 位置 F:\项目\饭票后端\SecurityBarsDataUpdate\DataHelper.cs:行号 178

