==============2021-02-26 16:16:13==============
{"BuyId":222276,"BuyCount":100,"BuyTime":"2021-02-26"}

===============================================

==============2021-02-26 16:36:05==============
{"type":1,"data":[{"BuyId":222291,"BuyCount":500,"BuyTime":"2021-02-26"},{"BuyId":222292,"BuyCount":200,"BuyTime":"2021-02-26"}]}

===============================================

==============2021-02-26 17:22:55==============
{"type":1,"data":[{"BuyId":222293,"BuyCount":800,"BuyTime":"2021-02-26"},{"BuyId":222294,"BuyCount":400,"BuyTime":"2021-02-26"}]}

===============================================

==============2021-02-26 17:36:17==============
{"type":1,"data":[{"BuyId":222295,"BuyCount":800,"BuyTime":"2021-02-26"}]}

===============================================

==============2021-02-26 17:36:25==============
{"BuyId":222296,"BuyCount":23300,"BuyTime":"2021-02-26"}

===============================================

==============2021-02-26 18:40:25==============
{"type":1,"data":[{"BuyId":222306,"BuyCount":900,"BuyTime":"2021-02-26"}]}

===============================================

==============2021-02-26 18:41:23==============
{"type":1,"data":[{"BuyId":222307,"BuyCount":1700,"BuyTime":"2021-02-26"},{"BuyId":222308,"BuyCount":400,"BuyTime":"2021-02-26"}]}

===============================================

==============2021-02-26 18:46:04==============
{"type":1,"data":[{"BuyId":222309,"BuyCount":800,"BuyTime":"2021-02-26"},{"BuyId":222310,"BuyCount":100,"BuyTime":"2021-02-26"}]}

===============================================

