==============2021-08-06 14:27:01==============
===6开始执行条件2021-08-06 14:26:59.504===
===开始判断价格条件2021-08-06 14:26:59.504===
===开始判断额外/转自动条件2021-08-06 14:27:00.076===
===2021-08-06 14:27:00.324===
股票：002407指定时间段判断-额外参数：
	分组名称：1
	走势名称：时间段
		条件不成立(当前时间：2021-08-06 14:26:59.503,条件时段：09:30:00-13:00:00)
	结果：未满足
===2021-08-06 14:27:00.509===
===2021-08-06 14:27:00.567===
股票：002407板块涨跌幅判断-额外参数：
	分组名称：1
	走势名称：发
		条件不成立(不符合板块涨跌幅条件)
	结果：未满足，返回code：-1
===2021-08-06 14:27:01.367===
额外条件未满足


===============================================

==============2021-08-06 15:13:56==============
===6开始执行条件2021-08-06 15:13:54.658===
===开始判断价格条件2021-08-06 15:13:54.658===
===开始判断额外/转自动条件2021-08-06 15:13:55.326===
===2021-08-06 15:13:55.849===
股票：002407指定时间段判断-额外参数：
	分组名称：1
	走势名称：时间段
		条件不成立(当前时间：2021-08-06 15:13:54.658,条件时段：09:30:00-13:00:00)
	结果：未满足
===2021-08-06 15:13:55.849===
===2021-08-06 15:13:55.968===
股票：002407板块涨跌幅判断-额外参数：
	分组名称：1
	走势名称：发
		条件不成立(不符合板块涨跌幅条件)
	结果：未满足，返回code：-1
===2021-08-06 15:13:56.406===
额外条件未满足


===============================================

==============2021-08-06 15:32:49==============
===6开始执行条件2021-08-06 15:32:48.014===
===开始判断价格条件2021-08-06 15:32:48.014===
===开始判断额外/转自动条件2021-08-06 15:32:48.087===
===2021-08-06 15:32:48.248===
股票：002407指定时间段判断-额外参数：
	分组名称：1
	走势名称：时间段
		条件不成立(当前时间：2021-08-06 15:32:48.013,条件时段：09:30:00-13:00:00)
	结果：未满足
===2021-08-06 15:32:48.248===
===2021-08-06 15:32:48.297===
股票：002407板块涨跌幅判断-额外参数：
	分组名称：1
	走势名称：发
		条件不成立(不符合板块涨跌幅条件)
	结果：未满足，返回code：-1
===2021-08-06 15:32:49.082===
额外条件未满足


===============================================

==============2021-08-06 15:38:18==============
===6开始执行条件2021-08-06 15:38:16.196===
===开始判断价格条件2021-08-06 15:38:16.196===
===开始判断额外/转自动条件2021-08-06 15:38:16.717===
===2021-08-06 15:38:17.358===
股票：002407指定时间段判断-额外参数：
	分组名称：1
	走势名称：时间段
		条件不成立(当前时间：2021-08-06 15:38:16.195,条件时段：09:30:00-13:00:00)
	结果：未满足
===2021-08-06 15:38:17.359===
===2021-08-06 15:38:17.437===
股票：002407板块涨跌幅判断-额外参数：
	分组名称：1
	走势名称：发
		条件不成立(不符合板块涨跌幅条件)
	结果：未满足，返回code：-1
===2021-08-06 15:38:18.296===
额外条件未满足


===============================================

