==============2021-08-10 17:37:12==============
===6开始执行条件2021-08-10 17:37:11.967===
===开始判断价格条件2021-08-10 17:37:11.967===
===开始判断额外/转自动条件2021-08-10 17:37:12.182===
===2021-08-10 17:37:12.251===
股票：300998指定时间段判断-额外参数：
	分组名称：1
	走势名称：时间段
		条件不成立(当前时间：2021-08-10 17:37:11.966,条件时段：09:30:00-13:00:00)
	结果：未满足
===2021-08-10 17:37:12.251===
===2021-08-10 17:37:12.269===
股票：300998板块涨跌幅判断-额外参数：
	分组名称：1
	走势名称：发
		条件不成立(不符合板块涨跌幅条件)
	结果：未满足，返回code：-1
===2021-08-10 17:37:12.705===
额外条件未满足


===============================================

==============2021-08-10 17:41:04==============
===6开始执行条件2021-08-10 17:41:03.144===
===开始判断价格条件2021-08-10 17:41:03.144===
===开始判断额外/转自动条件2021-08-10 17:41:03.489===
===2021-08-10 17:41:03.596===
股票：300998指定时间段判断-额外参数：
	分组名称：1
	走势名称：时间段
		条件不成立(当前时间：2021-08-10 17:41:03.143,条件时段：09:30:00-13:00:00)
	结果：未满足
===2021-08-10 17:41:03.596===
===2021-08-10 17:41:03.636===
股票：300998板块涨跌幅判断-额外参数：
	分组名称：1
	走势名称：发
		条件不成立(不符合板块涨跌幅条件)
	结果：未满足，返回code：-1
===2021-08-10 17:41:04.439===
额外条件未满足


===============================================

==============2021-08-10 17:41:15==============
===6开始执行条件2021-08-10 17:41:14.658===
===开始判断价格条件2021-08-10 17:41:14.658===
===开始判断额外/转自动条件2021-08-10 17:41:14.763===
===2021-08-10 17:41:15.045===
股票：300998指定时间段判断-额外参数：
	分组名称：1
	走势名称：时间段
		条件不成立(当前时间：2021-08-10 17:41:14.658,条件时段：09:30:00-13:00:00)
	结果：未满足
===2021-08-10 17:41:15.045===
===2021-08-10 17:41:15.078===
股票：300998板块涨跌幅判断-额外参数：
	分组名称：1
	走势名称：发
		条件不成立(不符合板块涨跌幅条件)
	结果：未满足，返回code：-1
===2021-08-10 17:41:15.674===
额外条件未满足


===============================================

==============2021-08-10 17:41:53==============
===6开始执行条件2021-08-10 17:41:45.708===
===开始判断价格条件2021-08-10 17:41:45.708===
===开始判断额外/转自动条件2021-08-10 17:41:46.441===
===2021-08-10 17:41:46.944===
股票：300998指定时间段判断-额外参数：
	分组名称：1
	走势名称：时间段
		条件不成立(当前时间：2021-08-10 17:41:45.708,条件时段：09:30:00-13:00:00)
	结果：未满足
===2021-08-10 17:41:46.944===
===2021-08-10 17:41:47.364===
股票：300998板块涨跌幅判断-额外参数：
	分组名称：1
	走势名称：发
		条件不成立(不符合板块涨跌幅条件)
	结果：未满足，返回code：-1
===2021-08-10 17:41:53.329===
额外条件未满足


===============================================

==============2021-08-10 17:42:12==============
===6开始执行条件2021-08-10 17:42:06.846===
===开始判断价格条件2021-08-10 17:42:06.846===
===开始判断额外/转自动条件2021-08-10 17:42:07.267===
===2021-08-10 17:42:08.729===
股票：300998指定时间段判断-额外参数：
	分组名称：1
	走势名称：时间段
		条件不成立(当前时间：2021-08-10 17:42:06.845,条件时段：09:30:00-13:00:00)
	结果：未满足
===2021-08-10 17:42:08.729===
===2021-08-10 17:42:08.829===
股票：300998板块涨跌幅判断-额外参数：
	分组名称：1
	走势名称：发
		条件不成立(不符合板块涨跌幅条件)
	结果：未满足，返回code：-1
===2021-08-10 17:42:12.593===
额外条件未满足


===============================================

==============2021-08-10 17:44:00==============
===6开始执行条件2021-08-10 17:43:50.102===
===开始判断价格条件2021-08-10 17:43:50.102===
===开始判断额外/转自动条件2021-08-10 17:43:51.074===
===2021-08-10 17:43:51.483===
股票：300998指定时间段判断-额外参数：
	分组名称：1
	走势名称：时间段
		条件不成立(当前时间：2021-08-10 17:43:50.102,条件时段：09:30:00-13:00:00)
	结果：未满足
===2021-08-10 17:43:51.483===
===2021-08-10 17:43:52.051===
股票：300998板块涨跌幅判断-额外参数：
	分组名称：1
	走势名称：发
		条件不成立(不符合板块涨跌幅条件)
	结果：未满足，返回code：-1
===2021-08-10 17:44:00.310===
额外条件未满足


===============================================

==============2021-08-10 17:44:06==============
===6开始执行条件2021-08-10 17:44:04.961===
===开始判断价格条件2021-08-10 17:44:04.961===
===开始判断额外/转自动条件2021-08-10 17:44:05.195===
===2021-08-10 17:44:05.257===
股票：300998指定时间段判断-额外参数：
	分组名称：1
	走势名称：时间段
		条件不成立(当前时间：2021-08-10 17:44:04.961,条件时段：09:30:00-13:00:00)
	结果：未满足
===2021-08-10 17:44:05.257===
===2021-08-10 17:44:05.572===
股票：300998板块涨跌幅判断-额外参数：
	分组名称：1
	走势名称：发
		条件不成立(不符合板块涨跌幅条件)
	结果：未满足，返回code：-1
===2021-08-10 17:44:06.002===
额外条件未满足


===============================================

==============2021-08-10 17:47:34==============
===6开始执行条件2021-08-10 17:47:30.830===
===开始判断价格条件2021-08-10 17:47:30.830===
===开始判断额外/转自动条件2021-08-10 17:47:31.922===
===2021-08-10 17:47:32.154===
股票：300998指定时间段判断-额外参数：
	分组名称：1
	走势名称：时间段
		条件不成立(当前时间：2021-08-10 17:47:30.830,条件时段：09:30:00-13:00:00)
	结果：未满足
===2021-08-10 17:47:32.154===
===2021-08-10 17:47:32.693===
股票：300998板块涨跌幅判断-额外参数：
	分组名称：1
	走势名称：发
		条件不成立(不符合板块涨跌幅条件)
	结果：未满足，返回code：-1
===2021-08-10 17:47:34.714===
额外条件未满足


===============================================

==============2021-08-10 17:47:50==============
===6开始执行条件2021-08-10 17:47:47.316===
===开始判断价格条件2021-08-10 17:47:47.316===
===开始判断额外/转自动条件2021-08-10 17:47:48.298===
===2021-08-10 17:47:48.844===
股票：300998指定时间段判断-额外参数：
	分组名称：1
	走势名称：时间段
		条件不成立(当前时间：2021-08-10 17:47:47.315,条件时段：09:30:00-13:00:00)
	结果：未满足
===2021-08-10 17:47:48.874===
===2021-08-10 17:47:49.020===
股票：300998板块涨跌幅判断-额外参数：
	分组名称：1
	走势名称：发
		条件不成立(不符合板块涨跌幅条件)
	结果：未满足，返回code：-1
===2021-08-10 17:47:50.160===
额外条件未满足


===============================================

==============2021-08-10 17:49:01==============
===6开始执行条件2021-08-10 17:49:00.346===
===开始判断价格条件2021-08-10 17:49:00.346===
===开始判断额外/转自动条件2021-08-10 17:49:00.646===
===2021-08-10 17:49:00.751===
股票：300998指定时间段判断-额外参数：
	分组名称：1
	走势名称：时间段
		条件不成立(当前时间：2021-08-10 17:49:00.345,条件时段：09:30:00-13:00:00)
	结果：未满足
===2021-08-10 17:49:00.751===
===2021-08-10 17:49:00.786===
股票：300998板块涨跌幅判断-额外参数：
	分组名称：1
	走势名称：发
		条件不成立(不符合板块涨跌幅条件)
	结果：未满足，返回code：-1
===2021-08-10 17:49:01.160===
额外条件未满足


===============================================

==============2021-08-10 17:49:16==============
===6开始执行条件2021-08-10 17:49:13.806===
===开始判断价格条件2021-08-10 17:49:13.806===
===开始判断额外/转自动条件2021-08-10 17:49:14.311===
===2021-08-10 17:49:14.440===
股票：300998指定时间段判断-额外参数：
	分组名称：1
	走势名称：时间段
		条件不成立(当前时间：2021-08-10 17:49:13.806,条件时段：09:30:00-13:00:00)
	结果：未满足
===2021-08-10 17:49:14.440===
===2021-08-10 17:49:14.502===
股票：300998板块涨跌幅判断-额外参数：
	分组名称：1
	走势名称：发
		条件不成立(不符合板块涨跌幅条件)
	结果：未满足，返回code：-1
===2021-08-10 17:49:16.958===
额外条件未满足


===============================================

==============2021-08-10 17:49:54==============
===6开始执行条件2021-08-10 17:49:50.194===
===开始判断价格条件2021-08-10 17:49:50.194===
===开始判断额外/转自动条件2021-08-10 17:49:50.736===
===2021-08-10 17:49:51.517===
股票：300998指定时间段判断-额外参数：
	分组名称：1
	走势名称：时间段
		条件不成立(当前时间：2021-08-10 17:49:50.194,条件时段：09:30:00-13:00:00)
	结果：未满足
===2021-08-10 17:49:51.517===
===2021-08-10 17:49:51.732===
股票：300998板块涨跌幅判断-额外参数：
	分组名称：1
	走势名称：发
		条件不成立(不符合板块涨跌幅条件)
	结果：未满足，返回code：-1
===2021-08-10 17:49:54.861===
额外条件未满足


===============================================

==============2021-08-10 17:50:10==============
===6开始执行条件2021-08-10 17:50:07.080===
===开始判断价格条件2021-08-10 17:50:07.080===
===开始判断额外/转自动条件2021-08-10 17:50:08.260===
===2021-08-10 17:50:08.387===
股票：300998指定时间段判断-额外参数：
	分组名称：1
	走势名称：时间段
		条件不成立(当前时间：2021-08-10 17:50:07.080,条件时段：09:30:00-13:00:00)
	结果：未满足
===2021-08-10 17:50:08.419===
===2021-08-10 17:50:08.456===
股票：300998板块涨跌幅判断-额外参数：
	分组名称：1
	走势名称：发
		条件不成立(不符合板块涨跌幅条件)
	结果：未满足，返回code：-1
===2021-08-10 17:50:10.062===
额外条件未满足


===============================================

==============2021-08-10 17:50:34==============
===6开始执行条件2021-08-10 17:50:29.368===
===开始判断价格条件2021-08-10 17:50:29.368===
===开始判断额外/转自动条件2021-08-10 17:50:30.290===
===2021-08-10 17:50:30.946===
股票：300998指定时间段判断-额外参数：
	分组名称：1
	走势名称：时间段
		条件不成立(当前时间：2021-08-10 17:50:29.368,条件时段：09:30:00-13:00:00)
	结果：未满足
===2021-08-10 17:50:30.946===
===2021-08-10 17:50:31.087===
股票：300998板块涨跌幅判断-额外参数：
	分组名称：1
	走势名称：发
		条件不成立(不符合板块涨跌幅条件)
	结果：未满足，返回code：-1
===2021-08-10 17:50:34.908===
额外条件未满足


===============================================

==============2021-08-10 17:50:44==============
===6开始执行条件2021-08-10 17:50:37.228===
===开始判断价格条件2021-08-10 17:50:37.228===
===开始判断额外/转自动条件2021-08-10 17:50:37.721===
===2021-08-10 17:50:38.834===
股票：300998指定时间段判断-额外参数：
	分组名称：1
	走势名称：时间段
		条件不成立(当前时间：2021-08-10 17:50:37.228,条件时段：09:30:00-13:00:00)
	结果：未满足
===2021-08-10 17:50:38.834===
===2021-08-10 17:50:39.212===
股票：300998板块涨跌幅判断-额外参数：
	分组名称：1
	走势名称：发
		条件不成立(不符合板块涨跌幅条件)
	结果：未满足，返回code：-1
===2021-08-10 17:50:44.847===
额外条件未满足


===============================================

==============2021-08-10 17:51:07==============
===6开始执行条件2021-08-10 17:51:03.094===
===开始判断价格条件2021-08-10 17:51:03.094===
===开始判断额外/转自动条件2021-08-10 17:51:03.647===
===2021-08-10 17:51:04.097===
股票：300998指定时间段判断-额外参数：
	分组名称：1
	走势名称：时间段
		条件不成立(当前时间：2021-08-10 17:51:03.093,条件时段：09:30:00-13:00:00)
	结果：未满足
===2021-08-10 17:51:04.097===
===2021-08-10 17:51:04.252===
股票：300998板块涨跌幅判断-额外参数：
	分组名称：1
	走势名称：发
		条件不成立(不符合板块涨跌幅条件)
	结果：未满足，返回code：-1
===2021-08-10 17:51:07.310===
额外条件未满足


===============================================

==============2021-08-10 17:51:14==============
===6开始执行条件2021-08-10 17:51:12.194===
===开始判断价格条件2021-08-10 17:51:12.194===
===开始判断额外/转自动条件2021-08-10 17:51:12.598===
===2021-08-10 17:51:12.735===
股票：300998指定时间段判断-额外参数：
	分组名称：1
	走势名称：时间段
		条件不成立(当前时间：2021-08-10 17:51:12.194,条件时段：09:30:00-13:00:00)
	结果：未满足
===2021-08-10 17:51:12.735===
===2021-08-10 17:51:12.826===
股票：300998板块涨跌幅判断-额外参数：
	分组名称：1
	走势名称：发
		条件不成立(不符合板块涨跌幅条件)
	结果：未满足，返回code：-1
===2021-08-10 17:51:14.025===
额外条件未满足


===============================================

==============2021-08-10 17:52:06==============
===6开始执行条件2021-08-10 17:52:00.999===
===开始判断价格条件2021-08-10 17:52:00.999===
===开始判断额外/转自动条件2021-08-10 17:52:01.926===
===2021-08-10 17:52:02.771===
股票：300998指定时间段判断-额外参数：
	分组名称：1
	走势名称：时间段
		条件不成立(当前时间：2021-08-10 17:52:00.999,条件时段：09:30:00-13:00:00)
	结果：未满足
===2021-08-10 17:52:02.771===
===2021-08-10 17:52:03.281===
股票：300998板块涨跌幅判断-额外参数：
	分组名称：1
	走势名称：发
		条件不成立(不符合板块涨跌幅条件)
	结果：未满足，返回code：-1
===2021-08-10 17:52:06.618===
额外条件未满足


===============================================

==============2021-08-10 17:52:22==============
===6开始执行条件2021-08-10 17:52:18.105===
===开始判断价格条件2021-08-10 17:52:18.105===
===开始判断额外/转自动条件2021-08-10 17:52:18.965===
===2021-08-10 17:52:19.417===
股票：300998指定时间段判断-额外参数：
	分组名称：1
	走势名称：时间段
		条件不成立(当前时间：2021-08-10 17:52:18.105,条件时段：09:30:00-13:00:00)
	结果：未满足
===2021-08-10 17:52:19.417===
===2021-08-10 17:52:19.510===
股票：300998板块涨跌幅判断-额外参数：
	分组名称：1
	走势名称：发
		条件不成立(不符合板块涨跌幅条件)
	结果：未满足，返回code：-1
===2021-08-10 17:52:22.201===
额外条件未满足


===============================================

==============2021-08-10 17:52:42==============
===6开始执行条件2021-08-10 17:52:38.184===
===开始判断价格条件2021-08-10 17:52:38.184===
===开始判断额外/转自动条件2021-08-10 17:52:40.196===
===2021-08-10 17:52:40.745===
股票：300998指定时间段判断-额外参数：
	分组名称：1
	走势名称：时间段
		条件不成立(当前时间：2021-08-10 17:52:38.183,条件时段：09:30:00-13:00:00)
	结果：未满足
===2021-08-10 17:52:40.745===
===2021-08-10 17:52:40.873===
股票：300998板块涨跌幅判断-额外参数：
	分组名称：1
	走势名称：发
		条件不成立(不符合板块涨跌幅条件)
	结果：未满足，返回code：-1
===2021-08-10 17:52:42.611===
额外条件未满足


===============================================

==============2021-08-10 17:53:10==============
===6开始执行条件2021-08-10 17:53:10.334===
===开始判断价格条件2021-08-10 17:53:10.334===
===开始判断额外/转自动条件2021-08-10 17:53:10.432===
===2021-08-10 17:53:10.481===
股票：300998指定时间段判断-额外参数：
	分组名称：1
	走势名称：时间段
		条件不成立(当前时间：2021-08-10 17:53:10.324,条件时段：09:30:00-13:00:00)
	结果：未满足
===2021-08-10 17:53:10.481===
===2021-08-10 17:53:10.552===
股票：300998板块涨跌幅判断-额外参数：
	分组名称：1
	走势名称：发
		条件不成立(不符合板块涨跌幅条件)
	结果：未满足，返回code：-1
===2021-08-10 17:53:10.850===
额外条件未满足


===============================================

==============2021-08-10 17:53:29==============
===6开始执行条件2021-08-10 17:53:27.188===
===开始判断价格条件2021-08-10 17:53:27.188===
===开始判断额外/转自动条件2021-08-10 17:53:27.451===
===2021-08-10 17:53:27.977===
股票：300998指定时间段判断-额外参数：
	分组名称：1
	走势名称：时间段
		条件不成立(当前时间：2021-08-10 17:53:27.187,条件时段：09:30:00-13:00:00)
	结果：未满足
===2021-08-10 17:53:27.977===
===2021-08-10 17:53:28.147===
股票：300998板块涨跌幅判断-额外参数：
	分组名称：1
	走势名称：发
		条件不成立(不符合板块涨跌幅条件)
	结果：未满足，返回code：-1
===2021-08-10 17:53:29.446===
额外条件未满足


===============================================

==============2021-08-10 17:53:41==============
===6开始执行条件2021-08-10 17:53:39.365===
===开始判断价格条件2021-08-10 17:53:39.365===
===开始判断额外/转自动条件2021-08-10 17:53:39.800===
===2021-08-10 17:53:40.355===
股票：300998指定时间段判断-额外参数：
	分组名称：1
	走势名称：时间段
		条件不成立(当前时间：2021-08-10 17:53:39.365,条件时段：09:30:00-13:00:00)
	结果：未满足
===2021-08-10 17:53:40.355===
===2021-08-10 17:53:40.901===
股票：300998板块涨跌幅判断-额外参数：
	分组名称：1
	走势名称：发
		条件不成立(不符合板块涨跌幅条件)
	结果：未满足，返回code：-1
===2021-08-10 17:53:41.993===
额外条件未满足


===============================================

==============2021-08-10 17:53:59==============
===6开始执行条件2021-08-10 17:53:58.576===
===开始判断价格条件2021-08-10 17:53:58.576===
===开始判断额外/转自动条件2021-08-10 17:53:58.766===
===2021-08-10 17:53:58.956===
股票：300998指定时间段判断-额外参数：
	分组名称：1
	走势名称：时间段
		条件不成立(当前时间：2021-08-10 17:53:58.574,条件时段：09:30:00-13:00:00)
	结果：未满足
===2021-08-10 17:53:58.956===
===2021-08-10 17:53:59.014===
股票：300998板块涨跌幅判断-额外参数：
	分组名称：1
	走势名称：发
		条件不成立(不符合板块涨跌幅条件)
	结果：未满足，返回code：-1
===2021-08-10 17:53:59.430===
额外条件未满足


===============================================

==============2021-08-10 17:54:15==============
===6开始执行条件2021-08-10 17:54:14.087===
===开始判断价格条件2021-08-10 17:54:14.087===
===开始判断额外/转自动条件2021-08-10 17:54:14.684===
===2021-08-10 17:54:14.725===
股票：300998指定时间段判断-额外参数：
	分组名称：1
	走势名称：时间段
		条件不成立(当前时间：2021-08-10 17:54:14.087,条件时段：09:30:00-13:00:00)
	结果：未满足
===2021-08-10 17:54:14.725===
===2021-08-10 17:54:14.750===
股票：300998板块涨跌幅判断-额外参数：
	分组名称：1
	走势名称：发
		条件不成立(不符合板块涨跌幅条件)
	结果：未满足，返回code：-1
===2021-08-10 17:54:15.194===
额外条件未满足


===============================================

