==============2021-08-06 14:25:56==============
===6开始执行条件2021-08-06 14:25:53.894===
===开始判断价格条件2021-08-06 14:25:53.894===
===开始判断额外/转自动条件2021-08-06 14:25:55.136===
===2021-08-06 14:25:55.206===
股票：300998指定时间段判断-额外参数：
	分组名称：1
	走势名称：时间段
		条件不成立(当前时间：2021-08-06 14:25:53.894,条件时段：09:30:00-13:00:00)
	结果：未满足
===2021-08-06 14:25:55.206===
===2021-08-06 14:25:55.282===
股票：300998板块涨跌幅判断-额外参数：
	分组名称：1
	走势名称：发
		条件不成立(不符合板块涨跌幅条件)
	结果：未满足，返回code：-1
===2021-08-06 14:25:56.231===
额外条件未满足


===============================================

==============2021-08-06 14:26:09==============
===6开始执行条件2021-08-06 14:26:07.876===
===开始判断价格条件2021-08-06 14:26:07.876===
===开始判断额外/转自动条件2021-08-06 14:26:08.245===
===2021-08-06 14:26:08.866===
股票：300998指定时间段判断-额外参数：
	分组名称：1
	走势名称：时间段
		条件不成立(当前时间：2021-08-06 14:26:07.875,条件时段：09:30:00-13:00:00)
	结果：未满足
===2021-08-06 14:26:08.866===
===2021-08-06 14:26:09.037===
股票：300998板块涨跌幅判断-额外参数：
	分组名称：1
	走势名称：发
		条件不成立(不符合板块涨跌幅条件)
	结果：未满足，返回code：-1
===2021-08-06 14:26:09.499===
额外条件未满足


===============================================

==============2021-08-06 14:26:38==============
===6开始执行条件2021-08-06 14:26:36.108===
===开始判断价格条件2021-08-06 14:26:36.108===
===开始判断额外/转自动条件2021-08-06 14:26:37.156===
===2021-08-06 14:26:37.317===
股票：300998指定时间段判断-额外参数：
	分组名称：1
	走势名称：时间段
		条件不成立(当前时间：2021-08-06 14:26:36.107,条件时段：09:30:00-13:00:00)
	结果：未满足
===2021-08-06 14:26:37.320===
===2021-08-06 14:26:37.532===
股票：300998板块涨跌幅判断-额外参数：
	分组名称：1
	走势名称：发
		条件不成立(不符合板块涨跌幅条件)
	结果：未满足，返回code：-1
===2021-08-06 14:26:38.472===
额外条件未满足


===============================================

==============2021-08-06 14:26:53==============
===6开始执行条件2021-08-06 14:26:50.817===
===开始判断价格条件2021-08-06 14:26:50.817===
===开始判断额外/转自动条件2021-08-06 14:26:51.810===
===2021-08-06 14:26:52.038===
股票：300998指定时间段判断-额外参数：
	分组名称：1
	走势名称：时间段
		条件不成立(当前时间：2021-08-06 14:26:50.816,条件时段：09:30:00-13:00:00)
	结果：未满足
===2021-08-06 14:26:52.038===
===2021-08-06 14:26:52.207===
股票：300998板块涨跌幅判断-额外参数：
	分组名称：1
	走势名称：发
		条件不成立(不符合板块涨跌幅条件)
	结果：未满足，返回code：-1
===2021-08-06 14:26:53.869===
额外条件未满足


===============================================

==============2021-08-06 14:29:17==============
===6开始执行条件2021-08-06 14:29:14.854===
===开始判断价格条件2021-08-06 14:29:14.854===
===开始判断额外/转自动条件2021-08-06 14:29:15.250===
===2021-08-06 14:29:15.710===
股票：300998指定时间段判断-额外参数：
	分组名称：1
	走势名称：时间段
		条件不成立(当前时间：2021-08-06 14:29:14.854,条件时段：09:30:00-13:00:00)
	结果：未满足
===2021-08-06 14:29:15.710===
===2021-08-06 14:29:15.833===
股票：300998板块涨跌幅判断-额外参数：
	分组名称：1
	走势名称：发
		条件不成立(不符合板块涨跌幅条件)
	结果：未满足，返回code：-1
===2021-08-06 14:29:17.088===
额外条件未满足


===============================================

==============2021-08-06 14:34:34==============
===6开始执行条件2021-08-06 14:34:33.956===
===开始判断价格条件2021-08-06 14:34:33.956===
===开始判断额外/转自动条件2021-08-06 14:34:34.007===
===2021-08-06 14:34:34.094===
股票：300998指定时间段判断-额外参数：
	分组名称：1
	走势名称：时间段
		条件不成立(当前时间：2021-08-06 14:34:33.950,条件时段：09:30:00-13:00:00)
	结果：未满足
===2021-08-06 14:34:34.094===
===2021-08-06 14:34:34.192===
股票：300998板块涨跌幅判断-额外参数：
	分组名称：1
	走势名称：发
		条件不成立(不符合板块涨跌幅条件)
	结果：未满足，返回code：-1
===2021-08-06 14:34:34.656===
额外条件未满足


===============================================

==============2021-08-06 14:41:06==============
===6开始执行条件2021-08-06 14:41:05.077===
===开始判断价格条件2021-08-06 14:41:05.077===
===开始判断额外/转自动条件2021-08-06 14:41:05.388===
===2021-08-06 14:41:05.444===
股票：300998指定时间段判断-额外参数：
	分组名称：1
	走势名称：时间段
		条件不成立(当前时间：2021-08-06 14:41:05.077,条件时段：09:30:00-13:00:00)
	结果：未满足
===2021-08-06 14:41:05.444===
===2021-08-06 14:41:05.484===
股票：300998板块涨跌幅判断-额外参数：
	分组名称：1
	走势名称：发
		条件不成立(不符合板块涨跌幅条件)
	结果：未满足，返回code：-1
===2021-08-06 14:41:06.046===
额外条件未满足


===============================================

==============2021-08-06 14:41:17==============
===6开始执行条件2021-08-06 14:41:16.793===
===开始判断价格条件2021-08-06 14:41:16.793===
===开始判断额外/转自动条件2021-08-06 14:41:17.180===
===2021-08-06 14:41:17.395===
股票：300998指定时间段判断-额外参数：
	分组名称：1
	走势名称：时间段
		条件不成立(当前时间：2021-08-06 14:41:16.793,条件时段：09:30:00-13:00:00)
	结果：未满足
===2021-08-06 14:41:17.395===
===2021-08-06 14:41:17.433===
股票：300998板块涨跌幅判断-额外参数：
	分组名称：1
	走势名称：发
		条件不成立(不符合板块涨跌幅条件)
	结果：未满足，返回code：-1
===2021-08-06 14:41:17.688===
额外条件未满足


===============================================

==============2021-08-06 14:41:45==============
===6开始执行条件2021-08-06 14:41:41.531===
===开始判断价格条件2021-08-06 14:41:41.531===
===开始判断额外/转自动条件2021-08-06 14:41:42.392===
===2021-08-06 14:41:43.196===
股票：300998指定时间段判断-额外参数：
	分组名称：1
	走势名称：时间段
		条件不成立(当前时间：2021-08-06 14:41:41.530,条件时段：09:30:00-13:00:00)
	结果：未满足
===2021-08-06 14:41:43.196===
===2021-08-06 14:41:43.470===
股票：300998板块涨跌幅判断-额外参数：
	分组名称：1
	走势名称：发
		条件不成立(不符合板块涨跌幅条件)
	结果：未满足，返回code：-1
===2021-08-06 14:41:45.197===
额外条件未满足


===============================================

==============2021-08-06 14:42:36==============
===6开始执行条件2021-08-06 14:42:33.518===
===开始判断价格条件2021-08-06 14:42:33.518===
===开始判断额外/转自动条件2021-08-06 14:42:34.244===
===2021-08-06 14:42:34.505===
股票：300998指定时间段判断-额外参数：
	分组名称：1
	走势名称：时间段
		条件不成立(当前时间：2021-08-06 14:42:33.518,条件时段：09:30:00-13:00:00)
	结果：未满足
===2021-08-06 14:42:34.505===
===2021-08-06 14:42:34.634===
股票：300998板块涨跌幅判断-额外参数：
	分组名称：1
	走势名称：发
		条件不成立(不符合板块涨跌幅条件)
	结果：未满足，返回code：-1
===2021-08-06 14:42:36.326===
额外条件未满足


===============================================

==============2021-08-06 14:42:59==============
===6开始执行条件2021-08-06 14:42:55.266===
===开始判断价格条件2021-08-06 14:42:55.266===
===开始判断额外/转自动条件2021-08-06 14:42:56.554===
===2021-08-06 14:42:57.350===
股票：300998指定时间段判断-额外参数：
	分组名称：1
	走势名称：时间段
		条件不成立(当前时间：2021-08-06 14:42:55.266,条件时段：09:30:00-13:00:00)
	结果：未满足
===2021-08-06 14:42:57.350===
===2021-08-06 14:42:57.460===
股票：300998板块涨跌幅判断-额外参数：
	分组名称：1
	走势名称：发
		条件不成立(不符合板块涨跌幅条件)
	结果：未满足，返回code：-1
===2021-08-06 14:42:59.878===
额外条件未满足


===============================================

==============2021-08-06 14:43:10==============
===6开始执行条件2021-08-06 14:43:09.108===
===开始判断价格条件2021-08-06 14:43:09.108===
===开始判断额外/转自动条件2021-08-06 14:43:09.883===
===2021-08-06 14:43:09.970===
股票：300998指定时间段判断-额外参数：
	分组名称：1
	走势名称：时间段
		条件不成立(当前时间：2021-08-06 14:43:09.107,条件时段：09:30:00-13:00:00)
	结果：未满足
===2021-08-06 14:43:09.970===
===2021-08-06 14:43:10.300===
股票：300998板块涨跌幅判断-额外参数：
	分组名称：1
	走势名称：发
		条件不成立(不符合板块涨跌幅条件)
	结果：未满足，返回code：-1
===2021-08-06 14:43:10.984===
额外条件未满足


===============================================

==============2021-08-06 15:03:29==============
===6开始执行条件2021-08-06 15:03:25.782===
===开始判断价格条件2021-08-06 15:03:25.782===
===开始判断额外/转自动条件2021-08-06 15:03:26.578===
===2021-08-06 15:03:26.820===
股票：300998指定时间段判断-额外参数：
	分组名称：1
	走势名称：时间段
		条件不成立(当前时间：2021-08-06 15:03:25.781,条件时段：09:30:00-13:00:00)
	结果：未满足
===2021-08-06 15:03:26.958===
===2021-08-06 15:03:27.253===
股票：300998板块涨跌幅判断-额外参数：
	分组名称：1
	走势名称：发
		条件不成立(不符合板块涨跌幅条件)
	结果：未满足，返回code：-1
===2021-08-06 15:03:29.027===
额外条件未满足


===============================================

==============2021-08-06 15:05:02==============
===6开始执行条件2021-08-06 15:04:59.888===
===开始判断价格条件2021-08-06 15:04:59.888===
===开始判断额外/转自动条件2021-08-06 15:05:00.320===
===2021-08-06 15:05:00.868===
股票：300998指定时间段判断-额外参数：
	分组名称：1
	走势名称：时间段
		条件不成立(当前时间：2021-08-06 15:04:59.887,条件时段：09:30:00-13:00:00)
	结果：未满足
===2021-08-06 15:05:00.868===
===2021-08-06 15:05:01.394===
股票：300998板块涨跌幅判断-额外参数：
	分组名称：1
	走势名称：发
		条件不成立(不符合板块涨跌幅条件)
	结果：未满足，返回code：-1
===2021-08-06 15:05:02.395===
额外条件未满足


===============================================

==============2021-08-06 15:05:29==============
===6开始执行条件2021-08-06 15:05:15.231===
===开始判断价格条件2021-08-06 15:05:15.231===
===开始判断额外/转自动条件2021-08-06 15:05:16.399===
===2021-08-06 15:05:17.274===
股票：300998指定时间段判断-额外参数：
	分组名称：1
	走势名称：时间段
		条件不成立(当前时间：2021-08-06 15:05:15.231,条件时段：09:30:00-13:00:00)
	结果：未满足
===2021-08-06 15:05:17.274===
===2021-08-06 15:05:22.501===
股票：300998板块涨跌幅判断-额外参数：
	分组名称：1
	走势名称：发
		条件不成立(不符合板块涨跌幅条件)
	结果：未满足，返回code：-1
===2021-08-06 15:05:29.981===
额外条件未满足


===============================================

==============2021-08-06 15:06:15==============
===6开始执行条件2021-08-06 15:06:09.448===
===开始判断价格条件2021-08-06 15:06:09.448===
===开始判断额外/转自动条件2021-08-06 15:06:10.800===
===2021-08-06 15:06:11.343===
股票：300998指定时间段判断-额外参数：
	分组名称：1
	走势名称：时间段
		条件不成立(当前时间：2021-08-06 15:06:09.447,条件时段：09:30:00-13:00:00)
	结果：未满足
===2021-08-06 15:06:11.343===
===2021-08-06 15:06:11.509===
股票：300998板块涨跌幅判断-额外参数：
	分组名称：1
	走势名称：发
		条件不成立(不符合板块涨跌幅条件)
	结果：未满足，返回code：-1
===2021-08-06 15:06:15.208===
额外条件未满足


===============================================

==============2021-08-06 15:06:33==============
===6开始执行条件2021-08-06 15:06:27.705===
===开始判断价格条件2021-08-06 15:06:27.705===
===开始判断额外/转自动条件2021-08-06 15:06:28.849===
===2021-08-06 15:06:29.941===
股票：300998指定时间段判断-额外参数：
	分组名称：1
	走势名称：时间段
		条件不成立(当前时间：2021-08-06 15:06:27.705,条件时段：09:30:00-13:00:00)
	结果：未满足
===2021-08-06 15:06:29.941===
===2021-08-06 15:06:30.251===
股票：300998板块涨跌幅判断-额外参数：
	分组名称：1
	走势名称：发
		条件不成立(不符合板块涨跌幅条件)
	结果：未满足，返回code：-1
===2021-08-06 15:06:33.665===
额外条件未满足


===============================================

==============2021-08-06 15:07:45==============
===6开始执行条件2021-08-06 15:06:47.063===
===开始判断价格条件2021-08-06 15:06:47.063===
===开始判断额外/转自动条件2021-08-06 15:06:49.213===
===2021-08-06 15:06:50.261===
股票：300998指定时间段判断-额外参数：
	分组名称：1
	走势名称：时间段
		条件不成立(当前时间：2021-08-06 15:06:47.062,条件时段：09:30:00-13:00:00)
	结果：未满足
===2021-08-06 15:06:50.268===
===2021-08-06 15:06:50.751===
股票：300998板块涨跌幅判断-额外参数：
	分组名称：1
	走势名称：发
		条件不成立(不符合板块涨跌幅条件)
	结果：未满足，返回code：-1
===2021-08-06 15:07:45.475===
额外条件未满足


===============================================

==============2021-08-06 15:08:03==============
===6开始执行条件2021-08-06 15:08:02.735===
===开始判断价格条件2021-08-06 15:08:02.735===
===开始判断额外/转自动条件2021-08-06 15:08:02.886===
===2021-08-06 15:08:03.204===
股票：300998指定时间段判断-额外参数：
	分组名称：1
	走势名称：时间段
		条件不成立(当前时间：2021-08-06 15:08:02.732,条件时段：09:30:00-13:00:00)
	结果：未满足
===2021-08-06 15:08:03.204===
===2021-08-06 15:08:03.304===
股票：300998板块涨跌幅判断-额外参数：
	分组名称：1
	走势名称：发
		条件不成立(不符合板块涨跌幅条件)
	结果：未满足，返回code：-1
===2021-08-06 15:08:03.968===
额外条件未满足


===============================================

==============2021-08-06 15:12:15==============
===6开始执行条件2021-08-06 15:12:10.637===
===开始判断价格条件2021-08-06 15:12:10.637===
===开始判断额外/转自动条件2021-08-06 15:12:11.633===
===2021-08-06 15:12:12.301===
股票：300998指定时间段判断-额外参数：
	分组名称：1
	走势名称：时间段
		条件不成立(当前时间：2021-08-06 15:12:10.637,条件时段：09:30:00-13:00:00)
	结果：未满足
===2021-08-06 15:12:12.301===
===2021-08-06 15:12:12.497===
股票：300998板块涨跌幅判断-额外参数：
	分组名称：1
	走势名称：发
		条件不成立(不符合板块涨跌幅条件)
	结果：未满足，返回code：-1
===2021-08-06 15:12:15.763===
额外条件未满足


===============================================

==============2021-08-06 15:12:46==============
===6开始执行条件2021-08-06 15:12:45.309===
===开始判断价格条件2021-08-06 15:12:45.309===
===开始判断额外/转自动条件2021-08-06 15:12:45.485===
===2021-08-06 15:12:45.708===
股票：300998指定时间段判断-额外参数：
	分组名称：1
	走势名称：时间段
		条件不成立(当前时间：2021-08-06 15:12:45.308,条件时段：09:30:00-13:00:00)
	结果：未满足
===2021-08-06 15:12:45.708===
===2021-08-06 15:12:45.957===
股票：300998板块涨跌幅判断-额外参数：
	分组名称：1
	走势名称：发
		条件不成立(不符合板块涨跌幅条件)
	结果：未满足，返回code：-1
===2021-08-06 15:12:46.738===
额外条件未满足


===============================================

==============2021-08-06 15:13:55==============
===6开始执行条件2021-08-06 15:13:52.037===
===开始判断价格条件2021-08-06 15:13:52.037===
===开始判断额外/转自动条件2021-08-06 15:13:52.684===
===2021-08-06 15:13:53.278===
股票：300998指定时间段判断-额外参数：
	分组名称：1
	走势名称：时间段
		条件不成立(当前时间：2021-08-06 15:13:52.036,条件时段：09:30:00-13:00:00)
	结果：未满足
===2021-08-06 15:13:53.279===
===2021-08-06 15:13:53.524===
股票：300998板块涨跌幅判断-额外参数：
	分组名称：1
	走势名称：发
		条件不成立(不符合板块涨跌幅条件)
	结果：未满足，返回code：-1
===2021-08-06 15:13:55.940===
额外条件未满足


===============================================

==============2021-08-06 15:14:06==============
===6开始执行条件2021-08-06 15:14:05.368===
===开始判断价格条件2021-08-06 15:14:05.368===
===开始判断额外/转自动条件2021-08-06 15:14:05.816===
===2021-08-06 15:14:06.366===
股票：300998指定时间段判断-额外参数：
	分组名称：1
	走势名称：时间段
		条件不成立(当前时间：2021-08-06 15:14:05.367,条件时段：09:30:00-13:00:00)
	结果：未满足
===2021-08-06 15:14:06.366===
===2021-08-06 15:14:06.445===
股票：300998板块涨跌幅判断-额外参数：
	分组名称：1
	走势名称：发
		条件不成立(不符合板块涨跌幅条件)
	结果：未满足，返回code：-1
===2021-08-06 15:14:06.739===
额外条件未满足


===============================================

==============2021-08-06 15:26:54==============
===6开始执行条件2021-08-06 15:26:53.252===
===开始判断价格条件2021-08-06 15:26:53.252===
===开始判断额外/转自动条件2021-08-06 15:26:53.443===
===2021-08-06 15:26:53.511===
股票：300998指定时间段判断-额外参数：
	分组名称：1
	走势名称：时间段
		条件不成立(当前时间：2021-08-06 15:26:53.252,条件时段：09:30:00-13:00:00)
	结果：未满足
===2021-08-06 15:26:53.511===
===2021-08-06 15:26:53.546===
股票：300998板块涨跌幅判断-额外参数：
	分组名称：1
	走势名称：发
		条件不成立(不符合板块涨跌幅条件)
	结果：未满足，返回code：-1
===2021-08-06 15:26:54.087===
额外条件未满足


===============================================

==============2021-08-06 15:27:59==============
===6开始执行条件2021-08-06 15:27:56.868===
===开始判断价格条件2021-08-06 15:27:56.868===
===开始判断额外/转自动条件2021-08-06 15:27:57.649===
===2021-08-06 15:27:57.973===
股票：300998指定时间段判断-额外参数：
	分组名称：1
	走势名称：时间段
		条件不成立(当前时间：2021-08-06 15:27:56.868,条件时段：09:30:00-13:00:00)
	结果：未满足
===2021-08-06 15:27:57.973===
===2021-08-06 15:27:58.053===
股票：300998板块涨跌幅判断-额外参数：
	分组名称：1
	走势名称：发
		条件不成立(不符合板块涨跌幅条件)
	结果：未满足，返回code：-1
===2021-08-06 15:27:59.544===
额外条件未满足


===============================================

==============2021-08-06 15:28:32==============
===6开始执行条件2021-08-06 15:28:29.166===
===开始判断价格条件2021-08-06 15:28:29.166===
===开始判断额外/转自动条件2021-08-06 15:28:30.384===
===2021-08-06 15:28:30.843===
股票：300998指定时间段判断-额外参数：
	分组名称：1
	走势名称：时间段
		条件不成立(当前时间：2021-08-06 15:28:29.166,条件时段：09:30:00-13:00:00)
	结果：未满足
===2021-08-06 15:28:30.843===
===2021-08-06 15:28:30.897===
股票：300998板块涨跌幅判断-额外参数：
	分组名称：1
	走势名称：发
		条件不成立(不符合板块涨跌幅条件)
	结果：未满足，返回code：-1
===2021-08-06 15:28:32.678===
额外条件未满足


===============================================

==============2021-08-06 15:28:50==============
===6开始执行条件2021-08-06 15:28:47.897===
===开始判断价格条件2021-08-06 15:28:47.897===
===开始判断额外/转自动条件2021-08-06 15:28:48.394===
===2021-08-06 15:28:48.938===
股票：300998指定时间段判断-额外参数：
	分组名称：1
	走势名称：时间段
		条件不成立(当前时间：2021-08-06 15:28:47.897,条件时段：09:30:00-13:00:00)
	结果：未满足
===2021-08-06 15:28:48.938===
===2021-08-06 15:28:48.971===
股票：300998板块涨跌幅判断-额外参数：
	分组名称：1
	走势名称：发
		条件不成立(不符合板块涨跌幅条件)
	结果：未满足，返回code：-1
===2021-08-06 15:28:50.782===
额外条件未满足


===============================================

==============2021-08-06 15:30:00==============
===6开始执行条件2021-08-06 15:29:59.472===
===开始判断价格条件2021-08-06 15:29:59.472===
===开始判断额外/转自动条件2021-08-06 15:29:59.852===
===2021-08-06 15:29:59.962===
股票：300998指定时间段判断-额外参数：
	分组名称：1
	走势名称：时间段
		条件不成立(当前时间：2021-08-06 15:29:59.472,条件时段：09:30:00-13:00:00)
	结果：未满足
===2021-08-06 15:29:59.962===
===2021-08-06 15:30:00.029===
股票：300998板块涨跌幅判断-额外参数：
	分组名称：1
	走势名称：发
		条件不成立(不符合板块涨跌幅条件)
	结果：未满足，返回code：-1
===2021-08-06 15:30:00.329===
额外条件未满足


===============================================

==============2021-08-06 15:30:20==============
===6开始执行条件2021-08-06 15:30:16.301===
===开始判断价格条件2021-08-06 15:30:16.301===
===开始判断额外/转自动条件2021-08-06 15:30:17.150===
===2021-08-06 15:30:17.570===
股票：300998指定时间段判断-额外参数：
	分组名称：1
	走势名称：时间段
		条件不成立(当前时间：2021-08-06 15:30:16.295,条件时段：09:30:00-13:00:00)
	结果：未满足
===2021-08-06 15:30:17.570===
===2021-08-06 15:30:17.828===
股票：300998板块涨跌幅判断-额外参数：
	分组名称：1
	走势名称：发
		条件不成立(不符合板块涨跌幅条件)
	结果：未满足，返回code：-1
===2021-08-06 15:30:20.181===
额外条件未满足


===============================================

==============2021-08-06 15:30:38==============
===6开始执行条件2021-08-06 15:30:37.609===
===开始判断价格条件2021-08-06 15:30:37.609===
===开始判断额外/转自动条件2021-08-06 15:30:37.685===
===2021-08-06 15:30:37.866===
股票：300998指定时间段判断-额外参数：
	分组名称：1
	走势名称：时间段
		条件不成立(当前时间：2021-08-06 15:30:37.601,条件时段：09:30:00-13:00:00)
	结果：未满足
===2021-08-06 15:30:37.866===
===2021-08-06 15:30:37.926===
股票：300998板块涨跌幅判断-额外参数：
	分组名称：1
	走势名称：发
		条件不成立(不符合板块涨跌幅条件)
	结果：未满足，返回code：-1
===2021-08-06 15:30:38.381===
额外条件未满足


===============================================

==============2021-08-06 15:30:57==============
===6开始执行条件2021-08-06 15:30:54.270===
===开始判断价格条件2021-08-06 15:30:54.271===
===开始判断额外/转自动条件2021-08-06 15:30:55.405===
===2021-08-06 15:30:55.951===
股票：300998指定时间段判断-额外参数：
	分组名称：1
	走势名称：时间段
		条件不成立(当前时间：2021-08-06 15:30:54.270,条件时段：09:30:00-13:00:00)
	结果：未满足
===2021-08-06 15:30:55.951===
===2021-08-06 15:30:56.025===
股票：300998板块涨跌幅判断-额外参数：
	分组名称：1
	走势名称：发
		条件不成立(不符合板块涨跌幅条件)
	结果：未满足，返回code：-1
===2021-08-06 15:30:57.742===
额外条件未满足


===============================================

==============2021-08-06 15:31:14==============
===6开始执行条件2021-08-06 15:31:13.736===
===开始判断价格条件2021-08-06 15:31:13.736===
===开始判断额外/转自动条件2021-08-06 15:31:13.939===
===2021-08-06 15:31:14.027===
股票：300998指定时间段判断-额外参数：
	分组名称：1
	走势名称：时间段
		条件不成立(当前时间：2021-08-06 15:31:13.736,条件时段：09:30:00-13:00:00)
	结果：未满足
===2021-08-06 15:31:14.027===
===2021-08-06 15:31:14.055===
股票：300998板块涨跌幅判断-额外参数：
	分组名称：1
	走势名称：发
		条件不成立(不符合板块涨跌幅条件)
	结果：未满足，返回code：-1
===2021-08-06 15:31:14.675===
额外条件未满足


===============================================

==============2021-08-06 15:31:37==============
===6开始执行条件2021-08-06 15:31:31.213===
===开始判断价格条件2021-08-06 15:31:31.213===
===开始判断额外/转自动条件2021-08-06 15:31:32.804===
===2021-08-06 15:31:33.604===
股票：300998指定时间段判断-额外参数：
	分组名称：1
	走势名称：时间段
		条件不成立(当前时间：2021-08-06 15:31:31.213,条件时段：09:30:00-13:00:00)
	结果：未满足
===2021-08-06 15:31:33.604===
===2021-08-06 15:31:33.982===
股票：300998板块涨跌幅判断-额外参数：
	分组名称：1
	走势名称：发
		条件不成立(不符合板块涨跌幅条件)
	结果：未满足，返回code：-1
===2021-08-06 15:31:37.203===
额外条件未满足


===============================================

==============2021-08-06 15:31:52==============
===6开始执行条件2021-08-06 15:31:49.117===
===开始判断价格条件2021-08-06 15:31:49.117===
===开始判断额外/转自动条件2021-08-06 15:31:50.235===
===2021-08-06 15:31:50.867===
股票：300998指定时间段判断-额外参数：
	分组名称：1
	走势名称：时间段
		条件不成立(当前时间：2021-08-06 15:31:49.117,条件时段：09:30:00-13:00:00)
	结果：未满足
===2021-08-06 15:31:50.867===
===2021-08-06 15:31:51.441===
股票：300998板块涨跌幅判断-额外参数：
	分组名称：1
	走势名称：发
		条件不成立(不符合板块涨跌幅条件)
	结果：未满足，返回code：-1
===2021-08-06 15:31:52.772===
额外条件未满足


===============================================

==============2021-08-06 15:32:13==============
===6开始执行条件2021-08-06 15:32:11.465===
===开始判断价格条件2021-08-06 15:32:11.465===
===开始判断额外/转自动条件2021-08-06 15:32:12.046===
===2021-08-06 15:32:12.401===
股票：300998指定时间段判断-额外参数：
	分组名称：1
	走势名称：时间段
		条件不成立(当前时间：2021-08-06 15:32:11.162,条件时段：09:30:00-13:00:00)
	结果：未满足
===2021-08-06 15:32:12.401===
===2021-08-06 15:32:12.549===
股票：300998板块涨跌幅判断-额外参数：
	分组名称：1
	走势名称：发
		条件不成立(不符合板块涨跌幅条件)
	结果：未满足，返回code：-1
===2021-08-06 15:32:13.788===
额外条件未满足


===============================================

==============2021-08-06 15:32:31==============
===6开始执行条件2021-08-06 15:32:28.962===
===开始判断价格条件2021-08-06 15:32:28.962===
===开始判断额外/转自动条件2021-08-06 15:32:29.352===
===2021-08-06 15:32:29.809===
股票：300998指定时间段判断-额外参数：
	分组名称：1
	走势名称：时间段
		条件不成立(当前时间：2021-08-06 15:32:28.961,条件时段：09:30:00-13:00:00)
	结果：未满足
===2021-08-06 15:32:29.809===
===2021-08-06 15:32:29.946===
股票：300998板块涨跌幅判断-额外参数：
	分组名称：1
	走势名称：发
		条件不成立(不符合板块涨跌幅条件)
	结果：未满足，返回code：-1
===2021-08-06 15:32:31.933===
额外条件未满足


===============================================

==============2021-08-06 15:32:40==============
===6开始执行条件2021-08-06 15:32:39.770===
===开始判断价格条件2021-08-06 15:32:39.770===
===开始判断额外/转自动条件2021-08-06 15:32:39.876===
===2021-08-06 15:32:39.918===
股票：300998指定时间段判断-额外参数：
	分组名称：1
	走势名称：时间段
		条件不成立(当前时间：2021-08-06 15:32:39.770,条件时段：09:30:00-13:00:00)
	结果：未满足
===2021-08-06 15:32:39.918===
===2021-08-06 15:32:39.938===
股票：300998板块涨跌幅判断-额外参数：
	分组名称：1
	走势名称：发
		条件不成立(不符合板块涨跌幅条件)
	结果：未满足，返回code：-1
===2021-08-06 15:32:40.113===
额外条件未满足


===============================================

==============2021-08-06 15:33:10==============
===6开始执行条件2021-08-06 15:33:05.349===
===开始判断价格条件2021-08-06 15:33:05.349===
===开始判断额外/转自动条件2021-08-06 15:33:06.500===
===2021-08-06 15:33:07.609===
股票：300998指定时间段判断-额外参数：
	分组名称：1
	走势名称：时间段
		条件不成立(当前时间：2021-08-06 15:33:05.349,条件时段：09:30:00-13:00:00)
	结果：未满足
===2021-08-06 15:33:07.609===
===2021-08-06 15:33:07.740===
股票：300998板块涨跌幅判断-额外参数：
	分组名称：1
	走势名称：发
		条件不成立(不符合板块涨跌幅条件)
	结果：未满足，返回code：-1
===2021-08-06 15:33:10.704===
额外条件未满足


===============================================

==============2021-08-06 15:38:12==============
===6开始执行条件2021-08-06 15:38:09.404===
===开始判断价格条件2021-08-06 15:38:09.404===
===开始判断额外/转自动条件2021-08-06 15:38:10.032===
===2021-08-06 15:38:10.699===
股票：300998指定时间段判断-额外参数：
	分组名称：1
	走势名称：时间段
		条件不成立(当前时间：2021-08-06 15:38:09.404,条件时段：09:30:00-13:00:00)
	结果：未满足
===2021-08-06 15:38:10.699===
===2021-08-06 15:38:10.845===
股票：300998板块涨跌幅判断-额外参数：
	分组名称：1
	走势名称：发
		条件不成立(不符合板块涨跌幅条件)
	结果：未满足，返回code：-1
===2021-08-06 15:38:12.970===
额外条件未满足


===============================================

==============2021-08-06 15:38:31==============
===6开始执行条件2021-08-06 15:38:30.288===
===开始判断价格条件2021-08-06 15:38:30.288===
===开始判断额外/转自动条件2021-08-06 15:38:30.371===
===2021-08-06 15:38:30.549===
股票：300998指定时间段判断-额外参数：
	分组名称：1
	走势名称：时间段
		条件不成立(当前时间：2021-08-06 15:38:30.279,条件时段：09:30:00-13:00:00)
	结果：未满足
===2021-08-06 15:38:30.549===
===2021-08-06 15:38:30.621===
股票：300998板块涨跌幅判断-额外参数：
	分组名称：1
	走势名称：发
		条件不成立(不符合板块涨跌幅条件)
	结果：未满足，返回code：-1
===2021-08-06 15:38:31.450===
额外条件未满足


===============================================

