==============2021-08-11 10:28:21==============
===6开始执行条件2021-08-11 10:28:20.767===
===开始判断价格条件2021-08-11 10:28:20.767===
===开始判断额外/转自动条件2021-08-11 10:28:21.491===
===2021-08-11 10:28:21.602===
股票：300998指定时间段判断-额外参数：
	分组名称：1
	走势名称：时间段
		条件成立(当前时间：2021-08-11 10:28:20.767,条件时段：09:30:00-13:00:00)
	结果：达到要求
===2021-08-11 10:28:21.675===
===2021-08-11 10:28:21.908===
股票：300998多头向上判断-转自动参数：
	分组名称：2
	走势名称：多头向上
	结果：未满足，返回code：0
===2021-08-11 10:28:21.914===
满足所有条件，可以触发


===============================================

==============2021-08-11 10:28:28==============
===6开始执行条件2021-08-11 10:28:28.040===
===开始判断价格条件2021-08-11 10:28:28.040===
===开始判断额外/转自动条件2021-08-11 10:28:28.276===
===2021-08-11 10:28:28.497===
股票：300998指定时间段判断-额外参数：
	分组名称：1
	走势名称：时间段
		条件成立(当前时间：2021-08-11 10:28:28.040,条件时段：09:30:00-13:00:00)
	结果：达到要求
===2021-08-11 10:28:28.691===
===2021-08-11 10:28:28.899===
股票：300998多头向上判断-转自动参数：
	分组名称：2
	走势名称：多头向上
	结果：未满足，返回code：0
===2021-08-11 10:28:28.899===
满足所有条件，可以触发


===============================================

==============2021-08-11 10:28:49==============
===6开始执行条件2021-08-11 10:28:49.247===
===开始判断价格条件2021-08-11 10:28:49.247===
===开始判断额外/转自动条件2021-08-11 10:28:49.668===
===2021-08-11 10:28:49.733===
股票：300998指定时间段判断-额外参数：
	分组名称：1
	走势名称：时间段
		条件成立(当前时间：2021-08-11 10:28:49.247,条件时段：09:30:00-13:00:00)
	结果：达到要求
===2021-08-11 10:28:49.780===
===2021-08-11 10:28:49.868===
股票：300998多头向上判断-转自动参数：
	分组名称：2
	走势名称：多头向上
	结果：未满足，返回code：0
===2021-08-11 10:28:49.868===
满足所有条件，可以触发


===============================================

==============2021-08-11 10:28:59==============
===6开始执行条件2021-08-11 10:28:58.427===
===开始判断价格条件2021-08-11 10:28:58.427===
===开始判断额外/转自动条件2021-08-11 10:28:58.651===
===2021-08-11 10:28:58.867===
股票：300998指定时间段判断-额外参数：
	分组名称：1
	走势名称：时间段
		条件成立(当前时间：2021-08-11 10:28:58.427,条件时段：09:30:00-13:00:00)
	结果：达到要求
===2021-08-11 10:28:59.073===
===2021-08-11 10:28:59.255===
股票：300998多头向上判断-转自动参数：
	分组名称：2
	走势名称：多头向上
	结果：未满足，返回code：0
===2021-08-11 10:28:59.255===
满足所有条件，可以触发


===============================================

==============2021-08-11 10:29:41==============
===6开始执行条件2021-08-11 10:29:40.724===
===开始判断价格条件2021-08-11 10:29:40.724===
===开始判断额外/转自动条件2021-08-11 10:29:40.897===
===2021-08-11 10:29:41.115===
股票：300998指定时间段判断-额外参数：
	分组名称：1
	走势名称：时间段
		条件成立(当前时间：2021-08-11 10:29:40.720,条件时段：09:30:00-13:00:00)
	结果：达到要求
===2021-08-11 10:29:41.211===
===2021-08-11 10:29:41.395===
股票：300998多头向上判断-转自动参数：
	分组名称：2
	走势名称：多头向上
	结果：未满足，返回code：0
===2021-08-11 10:29:41.395===
满足所有条件，可以触发


===============================================

==============2021-08-11 10:29:51==============
===6开始执行条件2021-08-11 10:29:49.841===
===开始判断价格条件2021-08-11 10:29:49.841===
===开始判断额外/转自动条件2021-08-11 10:29:50.365===
===2021-08-11 10:29:50.635===
股票：300998指定时间段判断-额外参数：
	分组名称：1
	走势名称：时间段
		条件成立(当前时间：2021-08-11 10:29:49.841,条件时段：09:30:00-13:00:00)
	结果：达到要求
===2021-08-11 10:29:51.122===
===2021-08-11 10:29:51.934===
股票：300998多头向上判断-转自动参数：
	分组名称：2
	走势名称：多头向上
	结果：未满足，返回code：0
===2021-08-11 10:29:51.934===
满足所有条件，可以触发


===============================================

==============2021-08-11 10:30:06==============
===6开始执行条件2021-08-11 10:30:05.739===
===开始判断价格条件2021-08-11 10:30:05.739===
===开始判断额外/转自动条件2021-08-11 10:30:05.887===
===2021-08-11 10:30:05.985===
股票：300998指定时间段判断-额外参数：
	分组名称：1
	走势名称：时间段
		条件成立(当前时间：2021-08-11 10:30:05.739,条件时段：09:30:00-13:00:00)
	结果：达到要求
===2021-08-11 10:30:06.037===
===2021-08-11 10:30:06.137===
股票：300998多头向上判断-转自动参数：
	分组名称：2
	走势名称：多头向上
	结果：未满足，返回code：0
===2021-08-11 10:30:06.137===
满足所有条件，可以触发


===============================================

==============2021-08-11 10:30:12==============
===6开始执行条件2021-08-11 10:30:12.341===
===开始判断价格条件2021-08-11 10:30:12.341===
===开始判断额外/转自动条件2021-08-11 10:30:12.515===
===2021-08-11 10:30:12.604===
股票：300998指定时间段判断-额外参数：
	分组名称：1
	走势名称：时间段
		条件成立(当前时间：2021-08-11 10:30:12.341,条件时段：09:30:00-13:00:00)
	结果：达到要求
===2021-08-11 10:30:12.661===
===2021-08-11 10:30:12.767===
股票：300998多头向上判断-转自动参数：
	分组名称：2
	走势名称：多头向上
	结果：未满足，返回code：0
===2021-08-11 10:30:12.767===
满足所有条件，可以触发


===============================================

==============2021-08-11 10:30:20==============
===6开始执行条件2021-08-11 10:30:20.474===
===开始判断价格条件2021-08-11 10:30:20.474===
===开始判断额外/转自动条件2021-08-11 10:30:20.525===
===2021-08-11 10:30:20.570===
股票：300998指定时间段判断-额外参数：
	分组名称：1
	走势名称：时间段
		条件成立(当前时间：2021-08-11 10:30:20.474,条件时段：09:30:00-13:00:00)
	结果：达到要求
===2021-08-11 10:30:20.613===
===2021-08-11 10:30:20.676===
股票：300998多头向上判断-转自动参数：
	分组名称：2
	走势名称：多头向上
	结果：未满足，返回code：0
===2021-08-11 10:30:20.676===
满足所有条件，可以触发


===============================================

==============2021-08-11 10:30:28==============
===6开始执行条件2021-08-11 10:30:28.170===
===开始判断价格条件2021-08-11 10:30:28.170===
===开始判断额外/转自动条件2021-08-11 10:30:28.416===
===2021-08-11 10:30:28.496===
股票：300998指定时间段判断-额外参数：
	分组名称：1
	走势名称：时间段
		条件成立(当前时间：2021-08-11 10:30:28.170,条件时段：09:30:00-13:00:00)
	结果：达到要求
===2021-08-11 10:30:28.561===
===2021-08-11 10:30:28.657===
股票：300998多头向上判断-转自动参数：
	分组名称：2
	走势名称：多头向上
	结果：未满足，返回code：0
===2021-08-11 10:30:28.657===
满足所有条件，可以触发


===============================================

==============2021-08-11 10:30:36==============
===6开始执行条件2021-08-11 10:30:36.436===
===开始判断价格条件2021-08-11 10:30:36.436===
===开始判断额外/转自动条件2021-08-11 10:30:36.509===
===2021-08-11 10:30:36.555===
股票：300998指定时间段判断-额外参数：
	分组名称：1
	走势名称：时间段
		条件成立(当前时间：2021-08-11 10:30:36.436,条件时段：09:30:00-13:00:00)
	结果：达到要求
===2021-08-11 10:30:36.625===
===2021-08-11 10:30:36.695===
股票：300998多头向上判断-转自动参数：
	分组名称：2
	走势名称：多头向上
	结果：未满足，返回code：0
===2021-08-11 10:30:36.695===
满足所有条件，可以触发


===============================================

==============2021-08-11 10:30:41==============
===6开始执行条件2021-08-11 10:30:40.229===
===开始判断价格条件2021-08-11 10:30:40.229===
===开始判断额外/转自动条件2021-08-11 10:30:40.309===
===2021-08-11 10:30:41.289===
股票：300998指定时间段判断-额外参数：
	分组名称：1
	走势名称：时间段
		条件成立(当前时间：2021-08-11 10:30:40.229,条件时段：09:30:00-13:00:00)
	结果：达到要求
===2021-08-11 10:30:41.337===
===2021-08-11 10:30:41.430===
股票：300998多头向上判断-转自动参数：
	分组名称：2
	走势名称：多头向上
	结果：未满足，返回code：0
===2021-08-11 10:30:41.430===
满足所有条件，可以触发


===============================================

==============2021-08-11 10:30:50==============
===6开始执行条件2021-08-11 10:30:49.538===
===开始判断价格条件2021-08-11 10:30:49.538===
===开始判断额外/转自动条件2021-08-11 10:30:49.754===
===2021-08-11 10:30:49.815===
股票：300998指定时间段判断-额外参数：
	分组名称：1
	走势名称：时间段
		条件成立(当前时间：2021-08-11 10:30:49.535,条件时段：09:30:00-13:00:00)
	结果：达到要求
===2021-08-11 10:30:49.959===
===2021-08-11 10:30:50.179===
股票：300998多头向上判断-转自动参数：
	分组名称：2
	走势名称：多头向上
	结果：未满足，返回code：0
===2021-08-11 10:30:50.179===
满足所有条件，可以触发


===============================================

==============2021-08-11 10:30:56==============
===6开始执行条件2021-08-11 10:30:56.294===
===开始判断价格条件2021-08-11 10:30:56.294===
===开始判断额外/转自动条件2021-08-11 10:30:56.358===
===2021-08-11 10:30:56.416===
股票：300998指定时间段判断-额外参数：
	分组名称：1
	走势名称：时间段
		条件成立(当前时间：2021-08-11 10:30:56.294,条件时段：09:30:00-13:00:00)
	结果：达到要求
===2021-08-11 10:30:56.758===
===2021-08-11 10:30:56.844===
股票：300998多头向上判断-转自动参数：
	分组名称：2
	走势名称：多头向上
	结果：未满足，返回code：0
===2021-08-11 10:30:56.844===
满足所有条件，可以触发


===============================================

==============2021-08-11 10:31:15==============
===6开始执行条件2021-08-11 10:31:15.098===
===开始判断价格条件2021-08-11 10:31:15.098===
===开始判断额外/转自动条件2021-08-11 10:31:15.147===
===2021-08-11 10:31:15.187===
股票：300998指定时间段判断-额外参数：
	分组名称：1
	走势名称：时间段
		条件成立(当前时间：2021-08-11 10:31:15.098,条件时段：09:30:00-13:00:00)
	结果：达到要求
===2021-08-11 10:31:15.224===
===2021-08-11 10:31:15.279===
股票：300998多头向上判断-转自动参数：
	分组名称：2
	走势名称：多头向上
	结果：未满足，返回code：0
===2021-08-11 10:31:15.279===
满足所有条件，可以触发


===============================================

==============2021-08-11 10:31:21==============
===6开始执行条件2021-08-11 10:31:21.459===
===开始判断价格条件2021-08-11 10:31:21.459===
===开始判断额外/转自动条件2021-08-11 10:31:21.561===
===2021-08-11 10:31:21.745===
股票：300998指定时间段判断-额外参数：
	分组名称：1
	走势名称：时间段
		条件成立(当前时间：2021-08-11 10:31:21.458,条件时段：09:30:00-13:00:00)
	结果：达到要求
===2021-08-11 10:31:21.802===
===2021-08-11 10:31:21.886===
股票：300998多头向上判断-转自动参数：
	分组名称：2
	走势名称：多头向上
	结果：未满足，返回code：0
===2021-08-11 10:31:21.886===
满足所有条件，可以触发


===============================================

==============2021-08-11 10:31:29==============
===6开始执行条件2021-08-11 10:31:28.929===
===开始判断价格条件2021-08-11 10:31:28.929===
===开始判断额外/转自动条件2021-08-11 10:31:28.996===
===2021-08-11 10:31:29.040===
股票：300998指定时间段判断-额外参数：
	分组名称：1
	走势名称：时间段
		条件成立(当前时间：2021-08-11 10:31:28.929,条件时段：09:30:00-13:00:00)
	结果：达到要求
===2021-08-11 10:31:29.081===
===2021-08-11 10:31:29.139===
股票：300998多头向上判断-转自动参数：
	分组名称：2
	走势名称：多头向上
	结果：未满足，返回code：0
===2021-08-11 10:31:29.139===
满足所有条件，可以触发


===============================================

==============2021-08-11 10:31:38==============
===6开始执行条件2021-08-11 10:31:36.812===
===开始判断价格条件2021-08-11 10:31:36.812===
===开始判断额外/转自动条件2021-08-11 10:31:37.384===
===2021-08-11 10:31:37.729===
股票：300998指定时间段判断-额外参数：
	分组名称：1
	走势名称：时间段
		条件成立(当前时间：2021-08-11 10:31:36.811,条件时段：09:30:00-13:00:00)
	结果：达到要求
===2021-08-11 10:31:37.957===
===2021-08-11 10:31:38.327===
股票：300998多头向上判断-转自动参数：
	分组名称：2
	走势名称：多头向上
	结果：未满足，返回code：0
===2021-08-11 10:31:38.327===
满足所有条件，可以触发


===============================================

==============2021-08-11 10:31:55==============
===6开始执行条件2021-08-11 10:31:54.258===
===开始判断价格条件2021-08-11 10:31:54.258===
===开始判断额外/转自动条件2021-08-11 10:31:54.760===
===2021-08-11 10:31:55.191===
股票：300998指定时间段判断-额外参数：
	分组名称：1
	走势名称：时间段
		条件成立(当前时间：2021-08-11 10:31:54.258,条件时段：09:30:00-13:00:00)
	结果：达到要求
===2021-08-11 10:31:55.545===
===2021-08-11 10:31:55.910===
股票：300998多头向上判断-转自动参数：
	分组名称：2
	走势名称：多头向上
	结果：未满足，返回code：0
===2021-08-11 10:31:55.910===
满足所有条件，可以触发


===============================================

==============2021-08-11 10:32:12==============
===6开始执行条件2021-08-11 10:32:10.628===
===开始判断价格条件2021-08-11 10:32:10.628===
===开始判断额外/转自动条件2021-08-11 10:32:10.984===
===2021-08-11 10:32:11.207===
股票：300998指定时间段判断-额外参数：
	分组名称：1
	走势名称：时间段
		条件成立(当前时间：2021-08-11 10:32:10.628,条件时段：09:30:00-13:00:00)
	结果：达到要求
===2021-08-11 10:32:11.586===
===2021-08-11 10:32:12.127===
股票：300998多头向上判断-转自动参数：
	分组名称：2
	走势名称：多头向上
	结果：未满足，返回code：0
===2021-08-11 10:32:12.127===
满足所有条件，可以触发


===============================================

==============2021-08-11 10:32:42==============
===6开始执行条件2021-08-11 10:32:41.907===
===开始判断价格条件2021-08-11 10:32:41.907===
===开始判断额外/转自动条件2021-08-11 10:32:42.162===
===2021-08-11 10:32:42.245===
股票：300998指定时间段判断-额外参数：
	分组名称：1
	走势名称：时间段
		条件成立(当前时间：2021-08-11 10:32:41.907,条件时段：09:30:00-13:00:00)
	结果：达到要求
===2021-08-11 10:32:42.370===
===2021-08-11 10:32:42.964===
股票：300998多头向上判断-转自动参数：
	分组名称：2
	走势名称：多头向上
	结果：未满足，返回code：0
===2021-08-11 10:32:42.964===
满足所有条件，可以触发


===============================================

==============2021-08-11 10:32:55==============
===6开始执行条件2021-08-11 10:32:55.013===
===开始判断价格条件2021-08-11 10:32:55.013===
===开始判断额外/转自动条件2021-08-11 10:32:55.089===
===2021-08-11 10:32:55.183===
股票：300998指定时间段判断-额外参数：
	分组名称：1
	走势名称：时间段
		条件成立(当前时间：2021-08-11 10:32:55.013,条件时段：09:30:00-13:00:00)
	结果：达到要求
===2021-08-11 10:32:55.243===
===2021-08-11 10:32:55.651===
股票：300998多头向上判断-转自动参数：
	分组名称：2
	走势名称：多头向上
	结果：未满足，返回code：0
===2021-08-11 10:32:55.651===
满足所有条件，可以触发


===============================================

==============2021-08-11 10:33:03==============
===6开始执行条件2021-08-11 10:33:03.118===
===开始判断价格条件2021-08-11 10:33:03.118===
===开始判断额外/转自动条件2021-08-11 10:33:03.440===
===2021-08-11 10:33:03.552===
股票：300998指定时间段判断-额外参数：
	分组名称：1
	走势名称：时间段
		条件成立(当前时间：2021-08-11 10:33:03.118,条件时段：09:30:00-13:00:00)
	结果：达到要求
===2021-08-11 10:33:03.794===
===2021-08-11 10:33:03.937===
股票：300998多头向上判断-转自动参数：
	分组名称：2
	走势名称：多头向上
	结果：未满足，返回code：0
===2021-08-11 10:33:03.937===
满足所有条件，可以触发


===============================================

==============2021-08-11 10:33:13==============
===6开始执行条件2021-08-11 10:33:11.318===
===开始判断价格条件2021-08-11 10:33:11.318===
===开始判断额外/转自动条件2021-08-11 10:33:12.244===
===2021-08-11 10:33:12.350===
股票：300998指定时间段判断-额外参数：
	分组名称：1
	走势名称：时间段
		条件成立(当前时间：2021-08-11 10:33:11.318,条件时段：09:30:00-13:00:00)
	结果：达到要求
===2021-08-11 10:33:12.705===
===2021-08-11 10:33:13.127===
股票：300998多头向上判断-转自动参数：
	分组名称：2
	走势名称：多头向上
	结果：未满足，返回code：0
===2021-08-11 10:33:13.128===
满足所有条件，可以触发


===============================================

==============2021-08-11 10:33:21==============
===6开始执行条件2021-08-11 10:33:19.540===
===开始判断价格条件2021-08-11 10:33:19.540===
===开始判断额外/转自动条件2021-08-11 10:33:19.886===
===2021-08-11 10:33:20.332===
股票：300998指定时间段判断-额外参数：
	分组名称：1
	走势名称：时间段
		条件成立(当前时间：2021-08-11 10:33:19.540,条件时段：09:30:00-13:00:00)
	结果：达到要求
===2021-08-11 10:33:20.547===
===2021-08-11 10:33:21.180===
股票：300998多头向上判断-转自动参数：
	分组名称：2
	走势名称：多头向上
	结果：未满足，返回code：0
===2021-08-11 10:33:21.180===
满足所有条件，可以触发


===============================================

==============2021-08-11 10:34:56==============
===6开始执行条件2021-08-11 10:34:55.432===
===开始判断价格条件2021-08-11 10:34:55.432===
===开始判断额外/转自动条件2021-08-11 10:34:55.540===
===2021-08-11 10:34:55.624===
股票：300998指定时间段判断-额外参数：
	分组名称：1
	走势名称：时间段
		条件成立(当前时间：2021-08-11 10:34:55.432,条件时段：09:30:00-13:00:00)
	结果：达到要求
===2021-08-11 10:34:55.987===
===2021-08-11 10:34:56.211===
股票：300998多头向上判断-转自动参数：
	分组名称：2
	走势名称：多头向上
	结果：未满足，返回code：0
===2021-08-11 10:34:56.211===
满足所有条件，可以触发


===============================================

==============2021-08-11 10:35:04==============
===6开始执行条件2021-08-11 10:35:04.226===
===开始判断价格条件2021-08-11 10:35:04.226===
===开始判断额外/转自动条件2021-08-11 10:35:04.365===
===2021-08-11 10:35:04.528===
股票：300998指定时间段判断-额外参数：
	分组名称：1
	走势名称：时间段
		条件成立(当前时间：2021-08-11 10:35:04.225,条件时段：09:30:00-13:00:00)
	结果：达到要求
===2021-08-11 10:35:04.655===
===2021-08-11 10:35:04.742===
股票：300998多头向上判断-转自动参数：
	分组名称：2
	走势名称：多头向上
	结果：未满足，返回code：0
===2021-08-11 10:35:04.742===
满足所有条件，可以触发


===============================================

==============2021-08-11 10:35:12==============
===6开始执行条件2021-08-11 10:35:11.613===
===开始判断价格条件2021-08-11 10:35:11.613===
===开始判断额外/转自动条件2021-08-11 10:35:11.824===
===2021-08-11 10:35:11.930===
股票：300998指定时间段判断-额外参数：
	分组名称：1
	走势名称：时间段
		条件成立(当前时间：2021-08-11 10:35:11.613,条件时段：09:30:00-13:00:00)
	结果：达到要求
===2021-08-11 10:35:12.061===
===2021-08-11 10:35:12.327===
股票：300998多头向上判断-转自动参数：
	分组名称：2
	走势名称：多头向上
	结果：未满足，返回code：0
===2021-08-11 10:35:12.327===
满足所有条件，可以触发


===============================================

==============2021-08-11 10:35:27==============
===6开始执行条件2021-08-11 10:35:25.718===
===开始判断价格条件2021-08-11 10:35:25.718===
===开始判断额外/转自动条件2021-08-11 10:35:26.420===
===2021-08-11 10:35:26.762===
股票：300998指定时间段判断-额外参数：
	分组名称：1
	走势名称：时间段
		条件成立(当前时间：2021-08-11 10:35:25.718,条件时段：09:30:00-13:00:00)
	结果：达到要求
===2021-08-11 10:35:26.928===
===2021-08-11 10:35:27.052===
股票：300998多头向上判断-转自动参数：
	分组名称：2
	走势名称：多头向上
	结果：未满足，返回code：0
===2021-08-11 10:35:27.052===
满足所有条件，可以触发


===============================================

==============2021-08-11 10:35:53==============
===6开始执行条件2021-08-11 10:35:52.007===
===开始判断价格条件2021-08-11 10:35:52.007===
===开始判断额外/转自动条件2021-08-11 10:35:52.504===
===2021-08-11 10:35:52.887===
股票：300998指定时间段判断-额外参数：
	分组名称：1
	走势名称：时间段
		条件成立(当前时间：2021-08-11 10:35:52.006,条件时段：09:30:00-13:00:00)
	结果：达到要求
===2021-08-11 10:35:53.460===
===2021-08-11 10:35:53.924===
股票：300998多头向上判断-转自动参数：
	分组名称：2
	走势名称：多头向上
	结果：未满足，返回code：0
===2021-08-11 10:35:53.924===
满足所有条件，可以触发


===============================================

==============2021-08-11 10:36:22==============
===6开始执行条件2021-08-11 10:36:21.073===
===开始判断价格条件2021-08-11 10:36:21.074===
===开始判断额外/转自动条件2021-08-11 10:36:21.516===
===2021-08-11 10:36:22.196===
股票：300998指定时间段判断-额外参数：
	分组名称：1
	走势名称：时间段
		条件成立(当前时间：2021-08-11 10:36:21.073,条件时段：09:30:00-13:00:00)
	结果：达到要求
===2021-08-11 10:36:22.534===
===2021-08-11 10:36:22.974===
股票：300998多头向上判断-转自动参数：
	分组名称：2
	走势名称：多头向上
	结果：未满足，返回code：0
===2021-08-11 10:36:22.974===
满足所有条件，可以触发


===============================================

==============2021-08-11 10:36:59==============
===6开始执行条件2021-08-11 10:36:57.616===
===开始判断价格条件2021-08-11 10:36:57.616===
===开始判断额外/转自动条件2021-08-11 10:36:57.972===
===2021-08-11 10:36:58.284===
股票：300998指定时间段判断-额外参数：
	分组名称：1
	走势名称：时间段
		条件成立(当前时间：2021-08-11 10:36:57.616,条件时段：09:30:00-13:00:00)
	结果：达到要求
===2021-08-11 10:36:58.791===
===2021-08-11 10:36:59.246===
股票：300998多头向上判断-转自动参数：
	分组名称：2
	走势名称：多头向上
	结果：未满足，返回code：0
===2021-08-11 10:36:59.246===
满足所有条件，可以触发


===============================================

==============2021-08-11 10:37:15==============
===6开始执行条件2021-08-11 10:37:13.796===
===开始判断价格条件2021-08-11 10:37:13.796===
===开始判断额外/转自动条件2021-08-11 10:37:14.121===
===2021-08-11 10:37:14.366===
股票：300998指定时间段判断-额外参数：
	分组名称：1
	走势名称：时间段
		条件成立(当前时间：2021-08-11 10:37:13.795,条件时段：09:30:00-13:00:00)
	结果：达到要求
===2021-08-11 10:37:14.599===
===2021-08-11 10:37:15.299===
股票：300998多头向上判断-转自动参数：
	分组名称：2
	走势名称：多头向上
	结果：未满足，返回code：0
===2021-08-11 10:37:15.299===
满足所有条件，可以触发


===============================================

==============2021-08-11 10:37:57==============
===6开始执行条件2021-08-11 10:37:52.542===
===开始判断价格条件2021-08-11 10:37:52.542===
===开始判断额外/转自动条件2021-08-11 10:37:53.670===
===2021-08-11 10:37:54.819===
股票：300998指定时间段判断-额外参数：
	分组名称：1
	走势名称：时间段
		条件成立(当前时间：2021-08-11 10:37:52.542,条件时段：09:30:00-13:00:00)
	结果：达到要求
===2021-08-11 10:37:56.019===
===2021-08-11 10:37:57.225===
股票：300998多头向上判断-转自动参数：
	分组名称：2
	走势名称：多头向上
	结果：未满足，返回code：0
===2021-08-11 10:37:57.225===
满足所有条件，可以触发


===============================================

