==============2021-08-09 10:08:48==============
===6开始执行条件2021-08-09 10:08:46.130===
===开始判断价格条件2021-08-09 10:08:46.130===
===开始判断额外/转自动条件2021-08-09 10:08:46.777===
===2021-08-09 10:08:47.483===
股票：300998指定时间段判断-额外参数：
	分组名称：1
	走势名称：时间段
		条件成立(当前时间：2021-08-09 10:08:46.129,条件时段：09:30:00-13:00:00)
	结果：达到要求
===2021-08-09 10:08:48.309===
===2021-08-09 10:08:48.824===
股票：300998多头向上判断-转自动参数：
	分组名称：2
	走势名称：多头向上
	结果：未满足，返回code：0
===2021-08-09 10:08:48.824===
满足所有条件，可以触发


===============================================

==============2021-08-09 10:09:10==============
===6开始执行条件2021-08-09 10:09:08.377===
===开始判断价格条件2021-08-09 10:09:08.377===
===开始判断额外/转自动条件2021-08-09 10:09:09.198===
===2021-08-09 10:09:09.573===
股票：300998指定时间段判断-额外参数：
	分组名称：1
	走势名称：时间段
		条件成立(当前时间：2021-08-09 10:09:08.377,条件时段：09:30:00-13:00:00)
	结果：达到要求
===2021-08-09 10:09:09.862===
===2021-08-09 10:09:10.404===
股票：300998多头向上判断-转自动参数：
	分组名称：2
	走势名称：多头向上
	结果：未满足，返回code：0
===2021-08-09 10:09:10.404===
满足所有条件，可以触发


===============================================

==============2021-08-09 10:09:30==============
===6开始执行条件2021-08-09 10:09:25.184===
===开始判断价格条件2021-08-09 10:09:25.184===
===开始判断额外/转自动条件2021-08-09 10:09:26.715===
===2021-08-09 10:09:28.418===
股票：300998指定时间段判断-额外参数：
	分组名称：1
	走势名称：时间段
		条件成立(当前时间：2021-08-09 10:09:25.183,条件时段：09:30:00-13:00:00)
	结果：达到要求
===2021-08-09 10:09:29.090===
===2021-08-09 10:09:30.647===
股票：300998多头向上判断-转自动参数：
	分组名称：2
	走势名称：多头向上
	结果：未满足，返回code：0
===2021-08-09 10:09:30.647===
满足所有条件，可以触发


===============================================

==============2021-08-09 10:10:19==============
===6开始执行条件2021-08-09 10:09:47.612===
===开始判断价格条件2021-08-09 10:09:47.612===
===开始判断额外/转自动条件2021-08-09 10:09:50.969===
===2021-08-09 10:09:57.054===
股票：300998指定时间段判断-额外参数：
	分组名称：1
	走势名称：时间段
		条件成立(当前时间：2021-08-09 10:09:47.612,条件时段：09:30:00-13:00:00)
	结果：达到要求
===2021-08-09 10:10:16.017===
===2021-08-09 10:10:18.972===
股票：300998多头向上判断-转自动参数：
	分组名称：2
	走势名称：多头向上
	结果：未满足，返回code：0
===2021-08-09 10:10:19.185===
满足所有条件，可以触发


===============================================

==============2021-08-09 10:10:36==============
===6开始执行条件2021-08-09 10:10:31.821===
===开始判断价格条件2021-08-09 10:10:31.821===
===开始判断额外/转自动条件2021-08-09 10:10:32.645===
===2021-08-09 10:10:33.872===
股票：300998指定时间段判断-额外参数：
	分组名称：1
	走势名称：时间段
		条件成立(当前时间：2021-08-09 10:10:31.821,条件时段：09:30:00-13:00:00)
	结果：达到要求
===2021-08-09 10:10:35.518===
===2021-08-09 10:10:36.832===
股票：300998多头向上判断-转自动参数：
	分组名称：2
	走势名称：多头向上
	结果：未满足，返回code：0
===2021-08-09 10:10:36.832===
满足所有条件，可以触发


===============================================

==============2021-08-09 10:10:49==============
===6开始执行条件2021-08-09 10:10:49.277===
===开始判断价格条件2021-08-09 10:10:49.277===
===开始判断额外/转自动条件2021-08-09 10:10:49.511===
===2021-08-09 10:10:49.581===
股票：300998指定时间段判断-额外参数：
	分组名称：1
	走势名称：时间段
		条件成立(当前时间：2021-08-09 10:10:49.277,条件时段：09:30:00-13:00:00)
	结果：达到要求
===2021-08-09 10:10:49.661===
===2021-08-09 10:10:49.921===
股票：300998多头向上判断-转自动参数：
	分组名称：2
	走势名称：多头向上
	结果：未满足，返回code：0
===2021-08-09 10:10:49.921===
满足所有条件，可以触发


===============================================

==============2021-08-09 10:11:02==============
===6开始执行条件2021-08-09 10:11:01.467===
===开始判断价格条件2021-08-09 10:11:01.467===
===开始判断额外/转自动条件2021-08-09 10:11:01.871===
===2021-08-09 10:11:02.075===
股票：300998指定时间段判断-额外参数：
	分组名称：1
	走势名称：时间段
		条件成立(当前时间：2021-08-09 10:11:01.467,条件时段：09:30:00-13:00:00)
	结果：达到要求
===2021-08-09 10:11:02.268===
===2021-08-09 10:11:02.600===
股票：300998多头向上判断-转自动参数：
	分组名称：2
	走势名称：多头向上
	结果：未满足，返回code：0
===2021-08-09 10:11:02.600===
满足所有条件，可以触发


===============================================

==============2021-08-09 10:11:14==============
===6开始执行条件2021-08-09 10:11:11.770===
===开始判断价格条件2021-08-09 10:11:11.770===
===开始判断额外/转自动条件2021-08-09 10:11:12.496===
===2021-08-09 10:11:13.083===
股票：300998指定时间段判断-额外参数：
	分组名称：1
	走势名称：时间段
		条件成立(当前时间：2021-08-09 10:11:11.770,条件时段：09:30:00-13:00:00)
	结果：达到要求
===2021-08-09 10:11:13.574===
===2021-08-09 10:11:14.027===
股票：300998多头向上判断-转自动参数：
	分组名称：2
	走势名称：多头向上
	结果：未满足，返回code：0
===2021-08-09 10:11:14.027===
满足所有条件，可以触发


===============================================

==============2021-08-09 10:11:19==============
===6开始执行条件2021-08-09 10:11:17.713===
===开始判断价格条件2021-08-09 10:11:17.713===
===开始判断额外/转自动条件2021-08-09 10:11:18.426===
===2021-08-09 10:11:18.973===
股票：300998指定时间段判断-额外参数：
	分组名称：1
	走势名称：时间段
		条件成立(当前时间：2021-08-09 10:11:17.713,条件时段：09:30:00-13:00:00)
	结果：达到要求
===2021-08-09 10:11:19.552===
===2021-08-09 10:11:19.957===
股票：300998多头向上判断-转自动参数：
	分组名称：2
	走势名称：多头向上
	结果：未满足，返回code：0
===2021-08-09 10:11:19.957===
满足所有条件，可以触发


===============================================

==============2021-08-09 11:02:40==============
===6开始执行条件2021-08-09 11:02:40.762===
===开始判断价格条件2021-08-09 11:02:40.762===
===开始判断额外/转自动条件2021-08-09 11:02:40.834===
===2021-08-09 11:02:40.871===
股票：300998指定时间段判断-额外参数：
	分组名称：1
	走势名称：时间段
		条件成立(当前时间：2021-08-09 11:02:40.761,条件时段：09:30:00-13:00:00)
	结果：达到要求
===2021-08-09 11:02:40.916===
===2021-08-09 11:02:40.998===
股票：300998多头向上判断-转自动参数：
	分组名称：2
	走势名称：多头向上
	结果：未满足，返回code：0
===2021-08-09 11:02:40.998===
满足所有条件，可以触发


===============================================

==============2021-08-09 11:03:14==============
===6开始执行条件2021-08-09 11:03:13.830===
===开始判断价格条件2021-08-09 11:03:13.830===
===开始判断额外/转自动条件2021-08-09 11:03:14.221===
===2021-08-09 11:03:14.318===
股票：300998指定时间段判断-额外参数：
	分组名称：1
	走势名称：时间段
		条件成立(当前时间：2021-08-09 11:03:13.830,条件时段：09:30:00-13:00:00)
	结果：达到要求
===2021-08-09 11:03:14.360===
===2021-08-09 11:03:14.457===
股票：300998多头向上判断-转自动参数：
	分组名称：2
	走势名称：多头向上
	结果：未满足，返回code：0
===2021-08-09 11:03:14.457===
满足所有条件，可以触发


===============================================

==============2021-08-09 11:03:28==============
===6开始执行条件2021-08-09 11:03:28.394===
===开始判断价格条件2021-08-09 11:03:28.394===
===开始判断额外/转自动条件2021-08-09 11:03:28.511===
===2021-08-09 11:03:28.593===
股票：300998指定时间段判断-额外参数：
	分组名称：1
	走势名称：时间段
		条件成立(当前时间：2021-08-09 11:03:28.394,条件时段：09:30:00-13:00:00)
	结果：达到要求
===2021-08-09 11:03:28.701===
===2021-08-09 11:03:28.843===
股票：300998多头向上判断-转自动参数：
	分组名称：2
	走势名称：多头向上
	结果：未满足，返回code：0
===2021-08-09 11:03:28.843===
满足所有条件，可以触发


===============================================

==============2021-08-09 11:03:52==============
===6开始执行条件2021-08-09 11:03:51.061===
===开始判断价格条件2021-08-09 11:03:51.061===
===开始判断额外/转自动条件2021-08-09 11:03:51.389===
===2021-08-09 11:03:51.639===
股票：300998指定时间段判断-额外参数：
	分组名称：1
	走势名称：时间段
		条件成立(当前时间：2021-08-09 11:03:51.061,条件时段：09:30:00-13:00:00)
	结果：达到要求
===2021-08-09 11:03:51.922===
===2021-08-09 11:03:52.513===
股票：300998多头向上判断-转自动参数：
	分组名称：2
	走势名称：多头向上
	结果：未满足，返回code：0
===2021-08-09 11:03:52.513===
满足所有条件，可以触发


===============================================

