==============2021-06-03 09:53:24==============
===开始判断价格条件2021-06-03 09:52:52.232===
===开始判断额外/转自动条件2021-06-03 09:52:52.365===
===2021-06-03 09:52:52.470===
股票：600032当前涨跌幅判断-额外参数：
	分组名称：涨停速度
	走势名称：当天涨停次数>=1
		额外关系-五档变化速度未满足条件
	结果：未满足
===2021-06-03 09:53:14.980===
===2021-06-03 09:53:21.091===
股票：600032当前涨跌幅判断-额外参数：
	分组名称：涨停速度
	走势名称：当天开盘涨跌幅>=3%
		额外关系-五档变化速度未满足条件
	结果：未满足
===2021-06-03 09:53:24.501===
额外条件未满足


===============================================

==============2021-06-03 09:53:26==============
===开始判断价格条件2021-06-03 09:53:25.832===
===开始判断额外/转自动条件2021-06-03 09:53:25.855===
===2021-06-03 09:53:25.916===
股票：600032当前涨跌幅判断-额外参数：
	分组名称：涨停速度
	走势名称：当天涨停次数>=1
		额外关系-五档变化速度未满足条件
	结果：未满足
===2021-06-03 09:53:26.048===
===2021-06-03 09:53:26.066===
股票：600032当前涨跌幅判断-额外参数：
	分组名称：涨停速度
	走势名称：当天开盘涨跌幅>=3%
		额外关系-五档变化速度未满足条件
	结果：未满足
===2021-06-03 09:53:26.176===
额外条件未满足


===============================================

==============2021-06-03 09:53:29==============
===开始判断价格条件2021-06-03 09:53:28.840===
===开始判断额外/转自动条件2021-06-03 09:53:28.979===
===2021-06-03 09:53:29.234===
股票：600032当前涨跌幅判断-额外参数：
	分组名称：涨停速度
	走势名称：当天涨停次数>=1
		额外关系-五档变化速度未满足条件
	结果：未满足
===2021-06-03 09:53:29.786===
===2021-06-03 09:53:29.807===
股票：600032当前涨跌幅判断-额外参数：
	分组名称：涨停速度
	走势名称：当天开盘涨跌幅>=3%
		额外关系-五档变化速度未满足条件
	结果：未满足
===2021-06-03 09:53:29.959===
额外条件未满足


===============================================

==============2021-06-03 09:53:31==============
===开始判断价格条件2021-06-03 09:53:31.234===
===开始判断额外/转自动条件2021-06-03 09:53:31.273===
===2021-06-03 09:53:31.317===
股票：600032当前涨跌幅判断-额外参数：
	分组名称：涨停速度
	走势名称：当天涨停次数>=1
		额外关系-五档变化速度未满足条件
	结果：未满足
===2021-06-03 09:53:31.499===
===2021-06-03 09:53:31.516===
股票：600032当前涨跌幅判断-额外参数：
	分组名称：涨停速度
	走势名称：当天开盘涨跌幅>=3%
		额外关系-五档变化速度未满足条件
	结果：未满足
===2021-06-03 09:53:31.609===
额外条件未满足


===============================================

==============2021-06-03 09:53:40==============
===开始判断价格条件2021-06-03 09:53:33.643===
===开始判断额外/转自动条件2021-06-03 09:53:33.662===
===2021-06-03 09:53:33.699===
股票：600032当前涨跌幅判断-额外参数：
	分组名称：涨停速度
	走势名称：当天涨停次数>=1
		额外关系-五档变化速度未满足条件
	结果：未满足
===2021-06-03 09:53:40.277===
===2021-06-03 09:53:40.299===
股票：600032当前涨跌幅判断-额外参数：
	分组名称：涨停速度
	走势名称：当天开盘涨跌幅>=3%
		额外关系-五档变化速度未满足条件
	结果：未满足
===2021-06-03 09:53:40.407===
额外条件未满足


===============================================

==============2021-06-03 09:53:42==============
===开始判断价格条件2021-06-03 09:53:41.744===
===开始判断额外/转自动条件2021-06-03 09:53:41.763===
===2021-06-03 09:53:41.799===
股票：600032当前涨跌幅判断-额外参数：
	分组名称：涨停速度
	走势名称：当天涨停次数>=1
		额外关系-五档变化速度未满足条件
	结果：未满足
===2021-06-03 09:53:41.908===
===2021-06-03 09:53:41.925===
股票：600032当前涨跌幅判断-额外参数：
	分组名称：涨停速度
	走势名称：当天开盘涨跌幅>=3%
		额外关系-五档变化速度未满足条件
	结果：未满足
===2021-06-03 09:53:42.025===
额外条件未满足


===============================================

