==============2021-08-10 17:41:24==============
===6开始执行条件2021-08-10 17:41:22.771===
===开始判断价格条件2021-08-10 17:41:22.771===
===开始判断额外/转自动条件2021-08-10 17:41:23.146===
===2021-08-10 17:41:23.315===
股票：002472指定时间段判断-额外参数：
	分组名称：1
	走势名称：时间段
		条件不成立(当前时间：2021-08-10 17:41:22.770,条件时段：09:30:00-13:00:00)
	结果：未满足
===2021-08-10 17:41:23.315===
===2021-08-10 17:41:23.425===
股票：002472板块涨跌幅判断-额外参数：
	分组名称：1
	走势名称：发
		条件不成立(不符合板块涨跌幅条件)
	结果：未满足，返回code：-1
===2021-08-10 17:41:24.114===
额外条件未满足


===============================================

==============2021-08-10 17:44:14==============
===6开始执行条件2021-08-10 17:44:14.193===
===开始判断价格条件2021-08-10 17:44:14.193===
===开始判断额外/转自动条件2021-08-10 17:44:14.298===
===2021-08-10 17:44:14.397===
股票：002472指定时间段判断-额外参数：
	分组名称：1
	走势名称：时间段
		条件不成立(当前时间：2021-08-10 17:44:14.193,条件时段：09:30:00-13:00:00)
	结果：未满足
===2021-08-10 17:44:14.397===
===2021-08-10 17:44:14.464===
股票：002472板块涨跌幅判断-额外参数：
	分组名称：1
	走势名称：发
		条件不成立(不符合板块涨跌幅条件)
	结果：未满足，返回code：-1
===2021-08-10 17:44:14.848===
额外条件未满足


===============================================

==============2021-08-10 17:53:22==============
===6开始执行条件2021-08-10 17:53:19.728===
===开始判断价格条件2021-08-10 17:53:19.728===
===开始判断额外/转自动条件2021-08-10 17:53:20.290===
===2021-08-10 17:53:20.556===
股票：002472指定时间段判断-额外参数：
	分组名称：1
	走势名称：时间段
		条件不成立(当前时间：2021-08-10 17:53:19.728,条件时段：09:30:00-13:00:00)
	结果：未满足
===2021-08-10 17:53:20.556===
===2021-08-10 17:53:20.616===
股票：002472板块涨跌幅判断-额外参数：
	分组名称：1
	走势名称：发
		条件不成立(不符合板块涨跌幅条件)
	结果：未满足，返回code：-1
===2021-08-10 17:53:22.079===
额外条件未满足


===============================================

==============2021-08-10 17:53:54==============
===6开始执行条件2021-08-10 17:53:50.951===
===开始判断价格条件2021-08-10 17:53:50.951===
===开始判断额外/转自动条件2021-08-10 17:53:51.211===
===2021-08-10 17:53:51.412===
股票：002472指定时间段判断-额外参数：
	分组名称：1
	走势名称：时间段
		条件不成立(当前时间：2021-08-10 17:53:50.950,条件时段：09:30:00-13:00:00)
	结果：未满足
===2021-08-10 17:53:51.413===
===2021-08-10 17:53:51.460===
股票：002472板块涨跌幅判断-额外参数：
	分组名称：1
	走势名称：发
		条件不成立(不符合板块涨跌幅条件)
	结果：未满足，返回code：-1
===2021-08-10 17:53:54.205===
额外条件未满足


===============================================

==============2021-08-10 17:54:07==============
===6开始执行条件2021-08-10 17:54:06.191===
===开始判断价格条件2021-08-10 17:54:06.191===
===开始判断额外/转自动条件2021-08-10 17:54:06.409===
===2021-08-10 17:54:06.525===
股票：002472指定时间段判断-额外参数：
	分组名称：1
	走势名称：时间段
		条件不成立(当前时间：2021-08-10 17:54:06.190,条件时段：09:30:00-13:00:00)
	结果：未满足
===2021-08-10 17:54:06.525===
===2021-08-10 17:54:06.631===
股票：002472板块涨跌幅判断-额外参数：
	分组名称：1
	走势名称：发
		条件不成立(不符合板块涨跌幅条件)
	结果：未满足，返回code：-1
===2021-08-10 17:54:07.428===
额外条件未满足


===============================================

==============2021-08-10 17:54:23==============
===6开始执行条件2021-08-10 17:54:21.940===
===开始判断价格条件2021-08-10 17:54:21.940===
===开始判断额外/转自动条件2021-08-10 17:54:22.087===
===2021-08-10 17:54:22.362===
股票：002472指定时间段判断-额外参数：
	分组名称：1
	走势名称：时间段
		条件不成立(当前时间：2021-08-10 17:54:21.940,条件时段：09:30:00-13:00:00)
	结果：未满足
===2021-08-10 17:54:22.363===
===2021-08-10 17:54:22.492===
股票：002472板块涨跌幅判断-额外参数：
	分组名称：1
	走势名称：发
		条件不成立(不符合板块涨跌幅条件)
	结果：未满足，返回code：-1
===2021-08-10 17:54:23.101===
额外条件未满足


===============================================

