==============2021-08-09 10:11:07==============
===6开始执行条件2021-08-09 10:11:07.240===
===开始判断价格条件2021-08-09 10:11:07.240===
===开始判断额外/转自动条件2021-08-09 10:11:07.293===
===2021-08-09 10:11:07.395===
股票：002472指定时间段判断-额外参数：
	分组名称：1
	走势名称：时间段
		条件成立(当前时间：2021-08-09 10:11:07.240,条件时段：09:30:00-13:00:00)
	结果：达到要求
===2021-08-09 10:11:07.471===
===2021-08-09 10:11:07.622===
股票：002472多头向上判断-转自动参数：
	分组名称：2
	走势名称：多头向上
	结果：未满足，返回code：0
===2021-08-09 10:11:07.622===
满足所有条件，可以触发


===============================================

==============2021-08-09 10:11:29==============
===6开始执行条件2021-08-09 10:11:24.814===
===开始判断价格条件2021-08-09 10:11:24.814===
===开始判断额外/转自动条件2021-08-09 10:11:26.700===
===2021-08-09 10:11:27.577===
股票：002472指定时间段判断-额外参数：
	分组名称：1
	走势名称：时间段
		条件成立(当前时间：2021-08-09 10:11:24.814,条件时段：09:30:00-13:00:00)
	结果：达到要求
===2021-08-09 10:11:27.905===
===2021-08-09 10:11:29.657===
股票：002472多头向上判断-转自动参数：
	分组名称：2
	走势名称：多头向上
	结果：未满足，返回code：0
===2021-08-09 10:11:29.657===
满足所有条件，可以触发


===============================================

==============2021-08-09 11:02:52==============
===6开始执行条件2021-08-09 11:02:52.503===
===开始判断价格条件2021-08-09 11:02:52.503===
===开始判断额外/转自动条件2021-08-09 11:02:52.595===
===2021-08-09 11:02:52.686===
股票：002472指定时间段判断-额外参数：
	分组名称：1
	走势名称：时间段
		条件成立(当前时间：2021-08-09 11:02:52.503,条件时段：09:30:00-13:00:00)
	结果：达到要求
===2021-08-09 11:02:52.741===
===2021-08-09 11:02:52.888===
股票：002472多头向上判断-转自动参数：
	分组名称：2
	走势名称：多头向上
	结果：未满足，返回code：0
===2021-08-09 11:02:52.888===
满足所有条件，可以触发


===============================================

==============2021-08-09 11:03:17==============
===6开始执行条件2021-08-09 11:03:16.696===
===开始判断价格条件2021-08-09 11:03:16.696===
===开始判断额外/转自动条件2021-08-09 11:03:16.781===
===2021-08-09 11:03:16.855===
股票：002472指定时间段判断-额外参数：
	分组名称：1
	走势名称：时间段
		条件成立(当前时间：2021-08-09 11:03:16.696,条件时段：09:30:00-13:00:00)
	结果：达到要求
===2021-08-09 11:03:16.995===
===2021-08-09 11:03:17.230===
股票：002472多头向上判断-转自动参数：
	分组名称：2
	走势名称：多头向上
	结果：未满足，返回code：0
===2021-08-09 11:03:17.230===
满足所有条件，可以触发


===============================================

==============2021-08-09 11:03:32==============
===6开始执行条件2021-08-09 11:03:31.604===
===开始判断价格条件2021-08-09 11:03:31.604===
===开始判断额外/转自动条件2021-08-09 11:03:31.959===
===2021-08-09 11:03:32.102===
股票：002472指定时间段判断-额外参数：
	分组名称：1
	走势名称：时间段
		条件成立(当前时间：2021-08-09 11:03:31.604,条件时段：09:30:00-13:00:00)
	结果：达到要求
===2021-08-09 11:03:32.413===
===2021-08-09 11:03:32.666===
股票：002472多头向上判断-转自动参数：
	分组名称：2
	走势名称：多头向上
	结果：未满足，返回code：0
===2021-08-09 11:03:32.666===
满足所有条件，可以触发


===============================================

