==============2021-08-06 15:14:13==============
===6开始执行条件2021-08-06 15:14:11.756===
===开始判断价格条件2021-08-06 15:14:11.756===
===开始判断额外/转自动条件2021-08-06 15:14:11.912===
===2021-08-06 15:14:12.019===
股票：002472指定时间段判断-额外参数：
	分组名称：1
	走势名称：时间段
		条件不成立(当前时间：2021-08-06 15:14:11.755,条件时段：09:30:00-13:00:00)
	结果：未满足
===2021-08-06 15:14:12.020===
===2021-08-06 15:14:12.055===
股票：002472板块涨跌幅判断-额外参数：
	分组名称：1
	走势名称：发
		条件不成立(不符合板块涨跌幅条件)
	结果：未满足，返回code：-1
===2021-08-06 15:14:13.472===
额外条件未满足


===============================================

==============2021-08-06 15:31:21==============
===6开始执行条件2021-08-06 15:31:20.863===
===开始判断价格条件2021-08-06 15:31:20.863===
===开始判断额外/转自动条件2021-08-06 15:31:21.105===
===2021-08-06 15:31:21.231===
股票：002472指定时间段判断-额外参数：
	分组名称：1
	走势名称：时间段
		条件不成立(当前时间：2021-08-06 15:31:20.863,条件时段：09:30:00-13:00:00)
	结果：未满足
===2021-08-06 15:31:21.231===
===2021-08-06 15:31:21.296===
股票：002472板块涨跌幅判断-额外参数：
	分组名称：1
	走势名称：发
		条件不成立(不符合板块涨跌幅条件)
	结果：未满足，返回code：-1
===2021-08-06 15:31:21.610===
额外条件未满足


===============================================

==============2021-08-06 15:32:46==============
===6开始执行条件2021-08-06 15:32:45.962===
===开始判断价格条件2021-08-06 15:32:45.970===
===开始判断额外/转自动条件2021-08-06 15:32:46.185===
===2021-08-06 15:32:46.217===
股票：002472指定时间段判断-额外参数：
	分组名称：1
	走势名称：时间段
		条件不成立(当前时间：2021-08-06 15:32:45.961,条件时段：09:30:00-13:00:00)
	结果：未满足
===2021-08-06 15:32:46.217===
===2021-08-06 15:32:46.262===
股票：002472板块涨跌幅判断-额外参数：
	分组名称：1
	走势名称：发
		条件不成立(不符合板块涨跌幅条件)
	结果：未满足，返回code：-1
===2021-08-06 15:32:46.768===
额外条件未满足


===============================================

==============2021-08-06 17:04:56==============
===6开始执行条件2021-08-06 17:04:55.509===
===开始判断价格条件2021-08-06 17:04:55.509===
===开始判断额外/转自动条件2021-08-06 17:04:55.737===
===2021-08-06 17:04:55.789===
股票：002472指定时间段判断-额外参数：
	分组名称：1
	走势名称：时间段
		条件不成立(当前时间：2021-08-06 17:04:55.509,条件时段：09:30:00-13:00:00)
	结果：未满足
===2021-08-06 17:04:55.789===
===2021-08-06 17:04:55.815===
股票：002472板块涨跌幅判断-额外参数：
	分组名称：1
	走势名称：发
		条件不成立(不符合板块涨跌幅条件)
	结果：未满足，返回code：-1
===2021-08-06 17:04:56.169===
额外条件未满足


===============================================

==============2021-08-06 17:05:21==============
===6开始执行条件2021-08-06 17:05:20.074===
===开始判断价格条件2021-08-06 17:05:20.074===
===开始判断额外/转自动条件2021-08-06 17:05:20.404===
===2021-08-06 17:05:20.604===
股票：002472指定时间段判断-额外参数：
	分组名称：1
	走势名称：时间段
		条件不成立(当前时间：2021-08-06 17:05:20.074,条件时段：09:30:00-13:00:00)
	结果：未满足
===2021-08-06 17:05:20.604===
===2021-08-06 17:05:20.764===
股票：002472板块涨跌幅判断-额外参数：
	分组名称：1
	走势名称：发
		条件不成立(不符合板块涨跌幅条件)
	结果：未满足，返回code：-1
===2021-08-06 17:05:21.647===
额外条件未满足


===============================================

==============2021-08-06 17:05:36==============
===6开始执行条件2021-08-06 17:05:34.983===
===开始判断价格条件2021-08-06 17:05:34.983===
===开始判断额外/转自动条件2021-08-06 17:05:35.336===
===2021-08-06 17:05:35.547===
股票：002472指定时间段判断-额外参数：
	分组名称：1
	走势名称：时间段
		条件不成立(当前时间：2021-08-06 17:05:34.983,条件时段：09:30:00-13:00:00)
	结果：未满足
===2021-08-06 17:05:35.547===
===2021-08-06 17:05:35.653===
股票：002472板块涨跌幅判断-额外参数：
	分组名称：1
	走势名称：发
		条件不成立(不符合板块涨跌幅条件)
	结果：未满足，返回code：-1
===2021-08-06 17:05:36.472===
额外条件未满足


===============================================

==============2021-08-06 17:05:58==============
===6开始执行条件2021-08-06 17:05:56.398===
===开始判断价格条件2021-08-06 17:05:56.398===
===开始判断额外/转自动条件2021-08-06 17:05:56.997===
===2021-08-06 17:05:57.147===
股票：002472指定时间段判断-额外参数：
	分组名称：1
	走势名称：时间段
		条件不成立(当前时间：2021-08-06 17:05:56.398,条件时段：09:30:00-13:00:00)
	结果：未满足
===2021-08-06 17:05:57.147===
===2021-08-06 17:05:57.224===
股票：002472板块涨跌幅判断-额外参数：
	分组名称：1
	走势名称：发
		条件不成立(不符合板块涨跌幅条件)
	结果：未满足，返回code：-1
===2021-08-06 17:05:58.217===
额外条件未满足


===============================================

==============2021-08-06 17:07:09==============
===6开始执行条件2021-08-06 17:07:05.702===
===开始判断价格条件2021-08-06 17:07:05.702===
===开始判断额外/转自动条件2021-08-06 17:07:06.358===
===2021-08-06 17:07:06.981===
股票：002472指定时间段判断-额外参数：
	分组名称：1
	走势名称：时间段
		条件不成立(当前时间：2021-08-06 17:07:05.702,条件时段：09:30:00-13:00:00)
	结果：未满足
===2021-08-06 17:07:06.981===
===2021-08-06 17:07:07.111===
股票：002472板块涨跌幅判断-额外参数：
	分组名称：1
	走势名称：发
		条件不成立(不符合板块涨跌幅条件)
	结果：未满足，返回code：-1
===2021-08-06 17:07:09.055===
额外条件未满足


===============================================

==============2021-08-06 17:07:28==============
===6开始执行条件2021-08-06 17:07:27.213===
===开始判断价格条件2021-08-06 17:07:27.213===
===开始判断额外/转自动条件2021-08-06 17:07:27.364===
===2021-08-06 17:07:27.455===
股票：002472指定时间段判断-额外参数：
	分组名称：1
	走势名称：时间段
		条件不成立(当前时间：2021-08-06 17:07:27.212,条件时段：09:30:00-13:00:00)
	结果：未满足
===2021-08-06 17:07:27.455===
===2021-08-06 17:07:27.514===
股票：002472板块涨跌幅判断-额外参数：
	分组名称：1
	走势名称：发
		条件不成立(不符合板块涨跌幅条件)
	结果：未满足，返回code：-1
===2021-08-06 17:07:28.785===
额外条件未满足


===============================================

==============2021-08-06 17:07:54==============
===6开始执行条件2021-08-06 17:07:50.218===
===开始判断价格条件2021-08-06 17:07:50.218===
===开始判断额外/转自动条件2021-08-06 17:07:51.437===
===2021-08-06 17:07:52.028===
股票：002472指定时间段判断-额外参数：
	分组名称：1
	走势名称：时间段
		条件不成立(当前时间：2021-08-06 17:07:50.218,条件时段：09:30:00-13:00:00)
	结果：未满足
===2021-08-06 17:07:52.029===
===2021-08-06 17:07:52.871===
股票：002472板块涨跌幅判断-额外参数：
	分组名称：1
	走势名称：发
		条件不成立(不符合板块涨跌幅条件)
	结果：未满足，返回code：-1
===2021-08-06 17:07:54.672===
额外条件未满足


===============================================

==============2021-08-06 17:08:43==============
===6开始执行条件2021-08-06 17:08:38.353===
===开始判断价格条件2021-08-06 17:08:38.353===
===开始判断额外/转自动条件2021-08-06 17:08:39.524===
===2021-08-06 17:08:40.969===
股票：002472指定时间段判断-额外参数：
	分组名称：1
	走势名称：时间段
		条件不成立(当前时间：2021-08-06 17:08:38.353,条件时段：09:30:00-13:00:00)
	结果：未满足
===2021-08-06 17:08:40.969===
===2021-08-06 17:08:41.102===
股票：002472板块涨跌幅判断-额外参数：
	分组名称：1
	走势名称：发
		条件不成立(不符合板块涨跌幅条件)
	结果：未满足，返回code：-1
===2021-08-06 17:08:43.377===
额外条件未满足


===============================================

==============2021-08-06 17:10:21==============
===6开始执行条件2021-08-06 17:10:20.313===
===开始判断价格条件2021-08-06 17:10:20.313===
===开始判断额外/转自动条件2021-08-06 17:10:20.634===
===2021-08-06 17:10:21.266===
股票：002472指定时间段判断-额外参数：
	分组名称：1
	走势名称：时间段
		条件不成立(当前时间：2021-08-06 17:10:20.306,条件时段：09:30:00-13:00:00)
	结果：未满足
===2021-08-06 17:10:21.266===
===2021-08-06 17:10:21.471===
股票：002472板块涨跌幅判断-额外参数：
	分组名称：1
	走势名称：发
		条件不成立(不符合板块涨跌幅条件)
	结果：未满足，返回code：-1
===2021-08-06 17:10:21.956===
额外条件未满足


===============================================

==============2021-08-06 17:10:40==============
===6开始执行条件2021-08-06 17:10:38.195===
===开始判断价格条件2021-08-06 17:10:38.195===
===开始判断额外/转自动条件2021-08-06 17:10:38.702===
===2021-08-06 17:10:39.180===
股票：002472指定时间段判断-额外参数：
	分组名称：1
	走势名称：时间段
		条件不成立(当前时间：2021-08-06 17:10:38.195,条件时段：09:30:00-13:00:00)
	结果：未满足
===2021-08-06 17:10:39.180===
===2021-08-06 17:10:39.304===
股票：002472板块涨跌幅判断-额外参数：
	分组名称：1
	走势名称：发
		条件不成立(不符合板块涨跌幅条件)
	结果：未满足，返回code：-1
===2021-08-06 17:10:40.757===
额外条件未满足


===============================================

==============2021-08-06 17:11:01==============
===6开始执行条件2021-08-06 17:10:58.679===
===开始判断价格条件2021-08-06 17:10:58.679===
===开始判断额外/转自动条件2021-08-06 17:10:58.960===
===2021-08-06 17:10:59.804===
股票：002472指定时间段判断-额外参数：
	分组名称：1
	走势名称：时间段
		条件不成立(当前时间：2021-08-06 17:10:58.678,条件时段：09:30:00-13:00:00)
	结果：未满足
===2021-08-06 17:10:59.804===
===2021-08-06 17:11:00.237===
股票：002472板块涨跌幅判断-额外参数：
	分组名称：1
	走势名称：发
		条件不成立(不符合板块涨跌幅条件)
	结果：未满足，返回code：-1
===2021-08-06 17:11:01.429===
额外条件未满足


===============================================

==============2021-08-06 17:11:25==============
===6开始执行条件2021-08-06 17:11:21.870===
===开始判断价格条件2021-08-06 17:11:21.870===
===开始判断额外/转自动条件2021-08-06 17:11:23.022===
===2021-08-06 17:11:23.880===
股票：002472指定时间段判断-额外参数：
	分组名称：1
	走势名称：时间段
		条件不成立(当前时间：2021-08-06 17:11:21.870,条件时段：09:30:00-13:00:00)
	结果：未满足
===2021-08-06 17:11:23.880===
===2021-08-06 17:11:24.156===
股票：002472板块涨跌幅判断-额外参数：
	分组名称：1
	走势名称：发
		条件不成立(不符合板块涨跌幅条件)
	结果：未满足，返回code：-1
===2021-08-06 17:11:25.776===
额外条件未满足


===============================================

==============2021-08-06 17:11:49==============
===6开始执行条件2021-08-06 17:11:43.538===
===开始判断价格条件2021-08-06 17:11:43.538===
===开始判断额外/转自动条件2021-08-06 17:11:45.174===
===2021-08-06 17:11:46.129===
股票：002472指定时间段判断-额外参数：
	分组名称：1
	走势名称：时间段
		条件不成立(当前时间：2021-08-06 17:11:43.537,条件时段：09:30:00-13:00:00)
	结果：未满足
===2021-08-06 17:11:46.129===
===2021-08-06 17:11:46.640===
股票：002472板块涨跌幅判断-额外参数：
	分组名称：1
	走势名称：发
		条件不成立(不符合板块涨跌幅条件)
	结果：未满足，返回code：-1
===2021-08-06 17:11:49.887===
额外条件未满足


===============================================

==============2021-08-06 17:12:06==============
===6开始执行条件2021-08-06 17:12:03.509===
===开始判断价格条件2021-08-06 17:12:03.509===
===开始判断额外/转自动条件2021-08-06 17:12:04.120===
===2021-08-06 17:12:04.556===
股票：002472指定时间段判断-额外参数：
	分组名称：1
	走势名称：时间段
		条件不成立(当前时间：2021-08-06 17:12:03.509,条件时段：09:30:00-13:00:00)
	结果：未满足
===2021-08-06 17:12:04.556===
===2021-08-06 17:12:04.592===
股票：002472板块涨跌幅判断-额外参数：
	分组名称：1
	走势名称：发
		条件不成立(不符合板块涨跌幅条件)
	结果：未满足，返回code：-1
===2021-08-06 17:12:06.726===
额外条件未满足


===============================================

==============2021-08-06 17:12:30==============
===6开始执行条件2021-08-06 17:12:26.910===
===开始判断价格条件2021-08-06 17:12:26.910===
===开始判断额外/转自动条件2021-08-06 17:12:27.858===
===2021-08-06 17:12:28.076===
股票：002472指定时间段判断-额外参数：
	分组名称：1
	走势名称：时间段
		条件不成立(当前时间：2021-08-06 17:12:26.909,条件时段：09:30:00-13:00:00)
	结果：未满足
===2021-08-06 17:12:28.076===
===2021-08-06 17:12:28.395===
股票：002472板块涨跌幅判断-额外参数：
	分组名称：1
	走势名称：发
		条件不成立(不符合板块涨跌幅条件)
	结果：未满足，返回code：-1
===2021-08-06 17:12:30.503===
额外条件未满足


===============================================

