==============2021-08-11 10:28:39==============
===6开始执行条件2021-08-11 10:28:37.023===
===开始判断价格条件2021-08-11 10:28:37.023===
===开始判断额外/转自动条件2021-08-11 10:28:37.402===
===2021-08-11 10:28:37.700===
股票：002472指定时间段判断-额外参数：
	分组名称：1
	走势名称：时间段
		条件成立(当前时间：2021-08-11 10:28:37.022,条件时段：09:30:00-13:00:00)
	结果：达到要求
===2021-08-11 10:28:38.036===
===2021-08-11 10:28:39.119===
股票：002472多头向上判断-转自动参数：
	分组名称：2
	走势名称：多头向上
	结果：未满足，返回code：0
===2021-08-11 10:28:39.119===
满足所有条件，可以触发


===============================================

==============2021-08-11 10:28:53==============
===6开始执行条件2021-08-11 10:28:52.560===
===开始判断价格条件2021-08-11 10:28:52.560===
===开始判断额外/转自动条件2021-08-11 10:28:52.933===
===2021-08-11 10:28:53.109===
股票：002472指定时间段判断-额外参数：
	分组名称：1
	走势名称：时间段
		条件成立(当前时间：2021-08-11 10:28:52.559,条件时段：09:30:00-13:00:00)
	结果：达到要求
===2021-08-11 10:28:53.238===
===2021-08-11 10:28:53.568===
股票：002472多头向上判断-转自动参数：
	分组名称：2
	走势名称：多头向上
	结果：未满足，返回code：0
===2021-08-11 10:28:53.569===
满足所有条件，可以触发


===============================================

==============2021-08-11 10:29:02==============
===6开始执行条件2021-08-11 10:29:01.642===
===开始判断价格条件2021-08-11 10:29:01.642===
===开始判断额外/转自动条件2021-08-11 10:29:01.800===
===2021-08-11 10:29:02.200===
股票：002472指定时间段判断-额外参数：
	分组名称：1
	走势名称：时间段
		条件成立(当前时间：2021-08-11 10:29:01.642,条件时段：09:30:00-13:00:00)
	结果：达到要求
===2021-08-11 10:29:02.335===
===2021-08-11 10:29:02.517===
股票：002472多头向上判断-转自动参数：
	分组名称：2
	走势名称：多头向上
	结果：未满足，返回code：0
===2021-08-11 10:29:02.517===
满足所有条件，可以触发


===============================================

==============2021-08-11 10:29:45==============
===6开始执行条件2021-08-11 10:29:45.323===
===开始判断价格条件2021-08-11 10:29:45.323===
===开始判断额外/转自动条件2021-08-11 10:29:45.466===
===2021-08-11 10:29:45.676===
股票：002472指定时间段判断-额外参数：
	分组名称：1
	走势名称：时间段
		条件成立(当前时间：2021-08-11 10:29:45.323,条件时段：09:30:00-13:00:00)
	结果：达到要求
===2021-08-11 10:29:45.863===
===2021-08-11 10:29:45.971===
股票：002472多头向上判断-转自动参数：
	分组名称：2
	走势名称：多头向上
	结果：未满足，返回code：0
===2021-08-11 10:29:45.971===
满足所有条件，可以触发


===============================================

==============2021-08-11 10:30:02==============
===6开始执行条件2021-08-11 10:29:57.214===
===开始判断价格条件2021-08-11 10:29:57.214===
===开始判断额外/转自动条件2021-08-11 10:29:58.231===
===2021-08-11 10:29:58.814===
股票：002472指定时间段判断-额外参数：
	分组名称：1
	走势名称：时间段
		条件成立(当前时间：2021-08-11 10:29:57.214,条件时段：09:30:00-13:00:00)
	结果：达到要求
===2021-08-11 10:30:00.123===
===2021-08-11 10:30:02.802===
股票：002472多头向上判断-转自动参数：
	分组名称：2
	走势名称：多头向上
	结果：未满足，返回code：0
===2021-08-11 10:30:02.802===
满足所有条件，可以触发


===============================================

==============2021-08-11 10:30:16==============
===6开始执行条件2021-08-11 10:30:15.780===
===开始判断价格条件2021-08-11 10:30:15.780===
===开始判断额外/转自动条件2021-08-11 10:30:15.994===
===2021-08-11 10:30:16.089===
股票：002472指定时间段判断-额外参数：
	分组名称：1
	走势名称：时间段
		条件成立(当前时间：2021-08-11 10:30:15.779,条件时段：09:30:00-13:00:00)
	结果：达到要求
===2021-08-11 10:30:16.172===
===2021-08-11 10:30:16.305===
股票：002472多头向上判断-转自动参数：
	分组名称：2
	走势名称：多头向上
	结果：未满足，返回code：0
===2021-08-11 10:30:16.305===
满足所有条件，可以触发


===============================================

==============2021-08-11 10:30:32==============
===6开始执行条件2021-08-11 10:30:31.683===
===开始判断价格条件2021-08-11 10:30:31.683===
===开始判断额外/转自动条件2021-08-11 10:30:32.124===
===2021-08-11 10:30:32.203===
股票：002472指定时间段判断-额外参数：
	分组名称：1
	走势名称：时间段
		条件成立(当前时间：2021-08-11 10:30:31.683,条件时段：09:30:00-13:00:00)
	结果：达到要求
===2021-08-11 10:30:32.330===
===2021-08-11 10:30:32.490===
股票：002472多头向上判断-转自动参数：
	分组名称：2
	走势名称：多头向上
	结果：未满足，返回code：0
===2021-08-11 10:30:32.490===
满足所有条件，可以触发


===============================================

==============2021-08-11 10:30:43==============
===6开始执行条件2021-08-11 10:30:43.199===
===开始判断价格条件2021-08-11 10:30:43.199===
===开始判断额外/转自动条件2021-08-11 10:30:43.254===
===2021-08-11 10:30:43.314===
股票：002472指定时间段判断-额外参数：
	分组名称：1
	走势名称：时间段
		条件成立(当前时间：2021-08-11 10:30:43.199,条件时段：09:30:00-13:00:00)
	结果：达到要求
===2021-08-11 10:30:43.733===
===2021-08-11 10:30:43.907===
股票：002472多头向上判断-转自动参数：
	分组名称：2
	走势名称：多头向上
	结果：未满足，返回code：0
===2021-08-11 10:30:43.907===
满足所有条件，可以触发


===============================================

==============2021-08-11 10:31:00==============
===6开始执行条件2021-08-11 10:30:59.879===
===开始判断价格条件2021-08-11 10:30:59.879===
===开始判断额外/转自动条件2021-08-11 10:30:59.929===
===2021-08-11 10:30:59.967===
股票：002472指定时间段判断-额外参数：
	分组名称：1
	走势名称：时间段
		条件成立(当前时间：2021-08-11 10:30:59.878,条件时段：09:30:00-13:00:00)
	结果：达到要求
===2021-08-11 10:31:00.022===
===2021-08-11 10:31:00.139===
股票：002472多头向上判断-转自动参数：
	分组名称：2
	走势名称：多头向上
	结果：未满足，返回code：0
===2021-08-11 10:31:00.140===
满足所有条件，可以触发


===============================================

==============2021-08-11 10:31:19==============
===6开始执行条件2021-08-11 10:31:18.232===
===开始判断价格条件2021-08-11 10:31:18.232===
===开始判断额外/转自动条件2021-08-11 10:31:18.673===
===2021-08-11 10:31:18.754===
股票：002472指定时间段判断-额外参数：
	分组名称：1
	走势名称：时间段
		条件成立(当前时间：2021-08-11 10:31:18.232,条件时段：09:30:00-13:00:00)
	结果：达到要求
===2021-08-11 10:31:18.825===
===2021-08-11 10:31:19.050===
股票：002472多头向上判断-转自动参数：
	分组名称：2
	走势名称：多头向上
	结果：未满足，返回code：0
===2021-08-11 10:31:19.051===
满足所有条件，可以触发


===============================================

==============2021-08-11 10:31:25==============
===6开始执行条件2021-08-11 10:31:24.548===
===开始判断价格条件2021-08-11 10:31:24.548===
===开始判断额外/转自动条件2021-08-11 10:31:24.870===
===2021-08-11 10:31:24.984===
股票：002472指定时间段判断-额外参数：
	分组名称：1
	走势名称：时间段
		条件成立(当前时间：2021-08-11 10:31:24.541,条件时段：09:30:00-13:00:00)
	结果：达到要求
===2021-08-11 10:31:25.183===
===2021-08-11 10:31:25.370===
股票：002472多头向上判断-转自动参数：
	分组名称：2
	走势名称：多头向上
	结果：未满足，返回code：0
===2021-08-11 10:31:25.370===
满足所有条件，可以触发


===============================================

==============2021-08-11 10:31:32==============
===6开始执行条件2021-08-11 10:31:32.049===
===开始判断价格条件2021-08-11 10:31:32.049===
===开始判断额外/转自动条件2021-08-11 10:31:32.146===
===2021-08-11 10:31:32.233===
股票：002472指定时间段判断-额外参数：
	分组名称：1
	走势名称：时间段
		条件成立(当前时间：2021-08-11 10:31:32.049,条件时段：09:30:00-13:00:00)
	结果：达到要求
===2021-08-11 10:31:32.345===
===2021-08-11 10:31:32.443===
股票：002472多头向上判断-转自动参数：
	分组名称：2
	走势名称：多头向上
	结果：未满足，返回code：0
===2021-08-11 10:31:32.443===
满足所有条件，可以触发


===============================================

==============2021-08-11 10:31:47==============
===6开始执行条件2021-08-11 10:31:44.488===
===开始判断价格条件2021-08-11 10:31:44.488===
===开始判断额外/转自动条件2021-08-11 10:31:45.832===
===2021-08-11 10:31:46.394===
股票：002472指定时间段判断-额外参数：
	分组名称：1
	走势名称：时间段
		条件成立(当前时间：2021-08-11 10:31:44.488,条件时段：09:30:00-13:00:00)
	结果：达到要求
===2021-08-11 10:31:47.089===
===2021-08-11 10:31:47.764===
股票：002472多头向上判断-转自动参数：
	分组名称：2
	走势名称：多头向上
	结果：未满足，返回code：0
===2021-08-11 10:31:47.764===
满足所有条件，可以触发


===============================================

==============2021-08-11 10:32:04==============
===6开始执行条件2021-08-11 10:31:59.888===
===开始判断价格条件2021-08-11 10:31:59.888===
===开始判断额外/转自动条件2021-08-11 10:32:00.340===
===2021-08-11 10:32:00.729===
股票：002472指定时间段判断-额外参数：
	分组名称：1
	走势名称：时间段
		条件成立(当前时间：2021-08-11 10:31:59.888,条件时段：09:30:00-13:00:00)
	结果：达到要求
===2021-08-11 10:32:01.777===
===2021-08-11 10:32:04.811===
股票：002472多头向上判断-转自动参数：
	分组名称：2
	走势名称：多头向上
	结果：未满足，返回code：0
===2021-08-11 10:32:04.811===
满足所有条件，可以触发


===============================================

==============2021-08-11 10:32:20==============
===6开始执行条件2021-08-11 10:32:18.422===
===开始判断价格条件2021-08-11 10:32:18.422===
===开始判断额外/转自动条件2021-08-11 10:32:18.928===
===2021-08-11 10:32:19.837===
股票：002472指定时间段判断-额外参数：
	分组名称：1
	走势名称：时间段
		条件成立(当前时间：2021-08-11 10:32:18.421,条件时段：09:30:00-13:00:00)
	结果：达到要求
===2021-08-11 10:32:20.353===
===2021-08-11 10:32:20.830===
股票：002472多头向上判断-转自动参数：
	分组名称：2
	走势名称：多头向上
	结果：未满足，返回code：0
===2021-08-11 10:32:20.831===
满足所有条件，可以触发


===============================================

==============2021-08-11 10:32:46==============
===6开始执行条件2021-08-11 10:32:45.645===
===开始判断价格条件2021-08-11 10:32:45.645===
===开始判断额外/转自动条件2021-08-11 10:32:45.850===
===2021-08-11 10:32:45.937===
股票：002472指定时间段判断-额外参数：
	分组名称：1
	走势名称：时间段
		条件成立(当前时间：2021-08-11 10:32:45.644,条件时段：09:30:00-13:00:00)
	结果：达到要求
===2021-08-11 10:32:46.087===
===2021-08-11 10:32:46.353===
股票：002472多头向上判断-转自动参数：
	分组名称：2
	走势名称：多头向上
	结果：未满足，返回code：0
===2021-08-11 10:32:46.353===
满足所有条件，可以触发


===============================================

==============2021-08-11 10:32:58==============
===6开始执行条件2021-08-11 10:32:58.217===
===开始判断价格条件2021-08-11 10:32:58.217===
===开始判断额外/转自动条件2021-08-11 10:32:58.305===
===2021-08-11 10:32:58.359===
股票：002472指定时间段判断-额外参数：
	分组名称：1
	走势名称：时间段
		条件成立(当前时间：2021-08-11 10:32:58.213,条件时段：09:30:00-13:00:00)
	结果：达到要求
===2021-08-11 10:32:58.461===
===2021-08-11 10:32:58.566===
股票：002472多头向上判断-转自动参数：
	分组名称：2
	走势名称：多头向上
	结果：未满足，返回code：0
===2021-08-11 10:32:58.566===
满足所有条件，可以触发


===============================================

==============2021-08-11 10:33:08==============
===6开始执行条件2021-08-11 10:33:06.834===
===开始判断价格条件2021-08-11 10:33:06.835===
===开始判断额外/转自动条件2021-08-11 10:33:07.341===
===2021-08-11 10:33:08.340===
股票：002472指定时间段判断-额外参数：
	分组名称：1
	走势名称：时间段
		条件成立(当前时间：2021-08-11 10:33:06.834,条件时段：09:30:00-13:00:00)
	结果：达到要求
===2021-08-11 10:33:08.416===
===2021-08-11 10:33:08.586===
股票：002472多头向上判断-转自动参数：
	分组名称：2
	走势名称：多头向上
	结果：未满足，返回code：0
===2021-08-11 10:33:08.587===
满足所有条件，可以触发


===============================================

==============2021-08-11 10:33:27==============
===6开始执行条件2021-08-11 10:33:26.086===
===开始判断价格条件2021-08-11 10:33:26.086===
===开始判断额外/转自动条件2021-08-11 10:33:26.658===
===2021-08-11 10:33:26.982===
股票：002472指定时间段判断-额外参数：
	分组名称：1
	走势名称：时间段
		条件成立(当前时间：2021-08-11 10:33:26.085,条件时段：09:30:00-13:00:00)
	结果：达到要求
===2021-08-11 10:33:27.155===
===2021-08-11 10:33:27.523===
股票：002472多头向上判断-转自动参数：
	分组名称：2
	走势名称：多头向上
	结果：未满足，返回code：0
===2021-08-11 10:33:27.523===
满足所有条件，可以触发


===============================================

==============2021-08-11 10:34:59==============
===6开始执行条件2021-08-11 10:34:59.000===
===开始判断价格条件2021-08-11 10:34:59.000===
===开始判断额外/转自动条件2021-08-11 10:34:59.275===
===2021-08-11 10:34:59.383===
股票：002472指定时间段判断-额外参数：
	分组名称：1
	走势名称：时间段
		条件成立(当前时间：2021-08-11 10:34:59.000,条件时段：09:30:00-13:00:00)
	结果：达到要求
===2021-08-11 10:34:59.657===
===2021-08-11 10:34:59.822===
股票：002472多头向上判断-转自动参数：
	分组名称：2
	走势名称：多头向上
	结果：未满足，返回code：0
===2021-08-11 10:34:59.822===
满足所有条件，可以触发


===============================================

==============2021-08-11 10:35:08==============
===6开始执行条件2021-08-11 10:35:07.737===
===开始判断价格条件2021-08-11 10:35:07.737===
===开始判断额外/转自动条件2021-08-11 10:35:07.936===
===2021-08-11 10:35:08.066===
股票：002472指定时间段判断-额外参数：
	分组名称：1
	走势名称：时间段
		条件成立(当前时间：2021-08-11 10:35:07.715,条件时段：09:30:00-13:00:00)
	结果：达到要求
===2021-08-11 10:35:08.180===
===2021-08-11 10:35:08.507===
股票：002472多头向上判断-转自动参数：
	分组名称：2
	走势名称：多头向上
	结果：未满足，返回code：0
===2021-08-11 10:35:08.507===
满足所有条件，可以触发


===============================================

==============2021-08-11 10:35:21==============
===6开始执行条件2021-08-11 10:35:18.899===
===开始判断价格条件2021-08-11 10:35:18.899===
===开始判断额外/转自动条件2021-08-11 10:35:19.268===
===2021-08-11 10:35:19.809===
股票：002472指定时间段判断-额外参数：
	分组名称：1
	走势名称：时间段
		条件成立(当前时间：2021-08-11 10:35:18.898,条件时段：09:30:00-13:00:00)
	结果：达到要求
===2021-08-11 10:35:20.048===
===2021-08-11 10:35:21.105===
股票：002472多头向上判断-转自动参数：
	分组名称：2
	走势名称：多头向上
	结果：未满足，返回code：0
===2021-08-11 10:35:21.105===
满足所有条件，可以触发


===============================================

==============2021-08-11 10:35:33==============
===6开始执行条件2021-08-11 10:35:32.160===
===开始判断价格条件2021-08-11 10:35:32.160===
===开始判断额外/转自动条件2021-08-11 10:35:32.585===
===2021-08-11 10:35:32.974===
股票：002472指定时间段判断-额外参数：
	分组名称：1
	走势名称：时间段
		条件成立(当前时间：2021-08-11 10:35:32.160,条件时段：09:30:00-13:00:00)
	结果：达到要求
===2021-08-11 10:35:33.345===
===2021-08-11 10:35:33.869===
股票：002472多头向上判断-转自动参数：
	分组名称：2
	走势名称：多头向上
	结果：未满足，返回code：0
===2021-08-11 10:35:33.869===
满足所有条件，可以触发


===============================================

==============2021-08-11 10:36:32==============
===6开始执行条件2021-08-11 10:36:29.683===
===开始判断价格条件2021-08-11 10:36:29.683===
===开始判断额外/转自动条件2021-08-11 10:36:30.223===
===2021-08-11 10:36:30.785===
股票：002472指定时间段判断-额外参数：
	分组名称：1
	走势名称：时间段
		条件成立(当前时间：2021-08-11 10:36:29.682,条件时段：09:30:00-13:00:00)
	结果：达到要求
===2021-08-11 10:36:31.241===
===2021-08-11 10:36:32.144===
股票：002472多头向上判断-转自动参数：
	分组名称：2
	走势名称：多头向上
	结果：未满足，返回code：0
===2021-08-11 10:36:32.144===
满足所有条件，可以触发


===============================================

==============2021-08-11 10:37:09==============
===6开始执行条件2021-08-11 10:37:05.375===
===开始判断价格条件2021-08-11 10:37:05.375===
===开始判断额外/转自动条件2021-08-11 10:37:05.860===
===2021-08-11 10:37:06.604===
股票：002472指定时间段判断-额外参数：
	分组名称：1
	走势名称：时间段
		条件成立(当前时间：2021-08-11 10:37:05.374,条件时段：09:30:00-13:00:00)
	结果：达到要求
===2021-08-11 10:37:07.680===
===2021-08-11 10:37:09.084===
股票：002472多头向上判断-转自动参数：
	分组名称：2
	走势名称：多头向上
	结果：未满足，返回code：0
===2021-08-11 10:37:09.084===
满足所有条件，可以触发


===============================================

