==============2021-08-09 10:10:57==============
===6开始执行条件2021-08-09 10:10:56.924===
===开始判断价格条件2021-08-09 10:10:56.924===
===开始判断额外/转自动条件2021-08-09 10:10:57.061===
===2021-08-09 10:10:57.138===
股票：002335指定时间段判断-额外参数：
	分组名称：1
	走势名称：时间段
		条件成立(当前时间：2021-08-09 10:10:56.924,条件时段：09:30:00-13:00:00)
	结果：达到要求
===2021-08-09 10:10:57.267===
===2021-08-09 10:10:57.378===
股票：002335多头向上判断-转自动参数：
	分组名称：2
	走势名称：多头向上
	结果：未满足，返回code：0
===2021-08-09 10:10:57.378===
满足所有条件，可以触发


===============================================

==============2021-08-09 10:11:07==============
===6开始执行条件2021-08-09 10:11:06.896===
===开始判断价格条件2021-08-09 10:11:06.896===
===开始判断额外/转自动条件2021-08-09 10:11:06.976===
===2021-08-09 10:11:07.036===
股票：002335指定时间段判断-额外参数：
	分组名称：1
	走势名称：时间段
		条件成立(当前时间：2021-08-09 10:11:06.896,条件时段：09:30:00-13:00:00)
	结果：达到要求
===2021-08-09 10:11:07.107===
===2021-08-09 10:11:07.200===
股票：002335多头向上判断-转自动参数：
	分组名称：2
	走势名称：多头向上
	结果：未满足，返回code：0
===2021-08-09 10:11:07.200===
满足所有条件，可以触发


===============================================

==============2021-08-09 10:11:26==============
===6开始执行条件2021-08-09 10:11:24.027===
===开始判断价格条件2021-08-09 10:11:24.027===
===开始判断额外/转自动条件2021-08-09 10:11:24.418===
===2021-08-09 10:11:24.800===
股票：002335指定时间段判断-额外参数：
	分组名称：1
	走势名称：时间段
		条件成立(当前时间：2021-08-09 10:11:24.027,条件时段：09:30:00-13:00:00)
	结果：达到要求
===2021-08-09 10:11:25.453===
===2021-08-09 10:11:26.464===
股票：002335多头向上判断-转自动参数：
	分组名称：2
	走势名称：多头向上
	结果：未满足，返回code：0
===2021-08-09 10:11:26.464===
满足所有条件，可以触发


===============================================

==============2021-08-09 11:02:52==============
===6开始执行条件2021-08-09 11:02:52.229===
===开始判断价格条件2021-08-09 11:02:52.229===
===开始判断额外/转自动条件2021-08-09 11:02:52.613===
===2021-08-09 11:02:52.740===
股票：002335指定时间段判断-额外参数：
	分组名称：1
	走势名称：时间段
		条件成立(当前时间：2021-08-09 11:02:52.229,条件时段：09:30:00-13:00:00)
	结果：达到要求
===2021-08-09 11:02:52.807===
===2021-08-09 11:02:52.935===
股票：002335多头向上判断-转自动参数：
	分组名称：2
	走势名称：多头向上
	结果：未满足，返回code：0
===2021-08-09 11:02:52.935===
满足所有条件，可以触发


===============================================

==============2021-08-09 11:03:16==============
===6开始执行条件2021-08-09 11:03:16.101===
===开始判断价格条件2021-08-09 11:03:16.101===
===开始判断额外/转自动条件2021-08-09 11:03:16.610===
===2021-08-09 11:03:16.688===
股票：002335指定时间段判断-额外参数：
	分组名称：1
	走势名称：时间段
		条件成立(当前时间：2021-08-09 11:03:16.101,条件时段：09:30:00-13:00:00)
	结果：达到要求
===2021-08-09 11:03:16.754===
===2021-08-09 11:03:16.936===
股票：002335多头向上判断-转自动参数：
	分组名称：2
	走势名称：多头向上
	结果：未满足，返回code：0
===2021-08-09 11:03:16.936===
满足所有条件，可以触发


===============================================

