==============2021-08-10 17:41:22==============
===6开始执行条件2021-08-10 17:41:21.160===
===开始判断价格条件2021-08-10 17:41:21.160===
===开始判断额外/转自动条件2021-08-10 17:41:21.340===
===2021-08-10 17:41:21.440===
股票：002335指定时间段判断-额外参数：
	分组名称：1
	走势名称：时间段
		条件不成立(当前时间：2021-08-10 17:41:21.159,条件时段：09:30:00-13:00:00)
	结果：未满足
===2021-08-10 17:41:21.440===
===2021-08-10 17:41:21.468===
股票：002335板块涨跌幅判断-额外参数：
	分组名称：1
	走势名称：发
		条件不成立(不符合板块涨跌幅条件)
	结果：未满足，返回code：-1
===2021-08-10 17:41:22.012===
额外条件未满足


===============================================

==============2021-08-10 17:41:30==============
===6开始执行条件2021-08-10 17:41:29.099===
===开始判断价格条件2021-08-10 17:41:29.099===
===开始判断额外/转自动条件2021-08-10 17:41:29.293===
===2021-08-10 17:41:29.354===
股票：002335指定时间段判断-额外参数：
	分组名称：1
	走势名称：时间段
		条件不成立(当前时间：2021-08-10 17:41:29.099,条件时段：09:30:00-13:00:00)
	结果：未满足
===2021-08-10 17:41:29.354===
===2021-08-10 17:41:29.425===
股票：002335板块涨跌幅判断-额外参数：
	分组名称：1
	走势名称：发
		条件不成立(不符合板块涨跌幅条件)
	结果：未满足，返回code：-1
===2021-08-10 17:41:30.020===
额外条件未满足


===============================================

==============2021-08-10 17:44:14==============
===6开始执行条件2021-08-10 17:44:13.265===
===开始判断价格条件2021-08-10 17:44:13.265===
===开始判断额外/转自动条件2021-08-10 17:44:13.599===
===2021-08-10 17:44:13.691===
股票：002335指定时间段判断-额外参数：
	分组名称：1
	走势名称：时间段
		条件不成立(当前时间：2021-08-10 17:44:13.265,条件时段：09:30:00-13:00:00)
	结果：未满足
===2021-08-10 17:44:13.692===
===2021-08-10 17:44:13.739===
股票：002335板块涨跌幅判断-额外参数：
	分组名称：1
	走势名称：发
		条件不成立(不符合板块涨跌幅条件)
	结果：未满足，返回code：-1
===2021-08-10 17:44:14.083===
额外条件未满足


===============================================

==============2021-08-10 17:47:42==============
===6开始执行条件2021-08-10 17:47:39.343===
===开始判断价格条件2021-08-10 17:47:39.343===
===开始判断额外/转自动条件2021-08-10 17:47:39.946===
===2021-08-10 17:47:40.244===
股票：002335指定时间段判断-额外参数：
	分组名称：1
	走势名称：时间段
		条件不成立(当前时间：2021-08-10 17:47:39.342,条件时段：09:30:00-13:00:00)
	结果：未满足
===2021-08-10 17:47:40.244===
===2021-08-10 17:47:40.817===
股票：002335板块涨跌幅判断-额外参数：
	分组名称：1
	走势名称：发
		条件不成立(不符合板块涨跌幅条件)
	结果：未满足，返回code：-1
===2021-08-10 17:47:42.849===
额外条件未满足


===============================================

==============2021-08-10 17:49:07==============
===6开始执行条件2021-08-10 17:49:06.409===
===开始判断价格条件2021-08-10 17:49:06.409===
===开始判断额外/转自动条件2021-08-10 17:49:06.514===
===2021-08-10 17:49:06.829===
股票：002335指定时间段判断-额外参数：
	分组名称：1
	走势名称：时间段
		条件不成立(当前时间：2021-08-10 17:49:06.408,条件时段：09:30:00-13:00:00)
	结果：未满足
===2021-08-10 17:49:06.829===
===2021-08-10 17:49:06.899===
股票：002335板块涨跌幅判断-额外参数：
	分组名称：1
	走势名称：发
		条件不成立(不符合板块涨跌幅条件)
	结果：未满足，返回code：-1
===2021-08-10 17:49:07.249===
额外条件未满足


===============================================

==============2021-08-10 17:50:15==============
===6开始执行条件2021-08-10 17:50:14.260===
===开始判断价格条件2021-08-10 17:50:14.260===
===开始判断额外/转自动条件2021-08-10 17:50:14.427===
===2021-08-10 17:50:14.703===
股票：002335指定时间段判断-额外参数：
	分组名称：1
	走势名称：时间段
		条件不成立(当前时间：2021-08-10 17:50:14.260,条件时段：09:30:00-13:00:00)
	结果：未满足
===2021-08-10 17:50:14.703===
===2021-08-10 17:50:14.760===
股票：002335板块涨跌幅判断-额外参数：
	分组名称：1
	走势名称：发
		条件不成立(不符合板块涨跌幅条件)
	结果：未满足，返回code：-1
===2021-08-10 17:50:15.640===
额外条件未满足


===============================================

==============2021-08-10 17:53:19==============
===6开始执行条件2021-08-10 17:53:17.711===
===开始判断价格条件2021-08-10 17:53:17.711===
===开始判断额外/转自动条件2021-08-10 17:53:18.490===
===2021-08-10 17:53:18.775===
股票：002335指定时间段判断-额外参数：
	分组名称：1
	走势名称：时间段
		条件不成立(当前时间：2021-08-10 17:53:17.710,条件时段：09:30:00-13:00:00)
	结果：未满足
===2021-08-10 17:53:18.775===
===2021-08-10 17:53:18.850===
股票：002335板块涨跌幅判断-额外参数：
	分组名称：1
	走势名称：发
		条件不成立(不符合板块涨跌幅条件)
	结果：未满足，返回code：-1
===2021-08-10 17:53:19.870===
额外条件未满足


===============================================

==============2021-08-10 17:53:50==============
===6开始执行条件2021-08-10 17:53:48.879===
===开始判断价格条件2021-08-10 17:53:48.879===
===开始判断额外/转自动条件2021-08-10 17:53:49.410===
===2021-08-10 17:53:49.576===
股票：002335指定时间段判断-额外参数：
	分组名称：1
	走势名称：时间段
		条件不成立(当前时间：2021-08-10 17:53:48.878,条件时段：09:30:00-13:00:00)
	结果：未满足
===2021-08-10 17:53:49.576===
===2021-08-10 17:53:49.639===
股票：002335板块涨跌幅判断-额外参数：
	分组名称：1
	走势名称：发
		条件不成立(不符合板块涨跌幅条件)
	结果：未满足，返回code：-1
===2021-08-10 17:53:50.950===
额外条件未满足


===============================================

==============2021-08-10 17:54:05==============
===6开始执行条件2021-08-10 17:54:04.796===
===开始判断价格条件2021-08-10 17:54:04.796===
===开始判断额外/转自动条件2021-08-10 17:54:05.001===
===2021-08-10 17:54:05.433===
股票：002335指定时间段判断-额外参数：
	分组名称：1
	走势名称：时间段
		条件不成立(当前时间：2021-08-10 17:54:04.796,条件时段：09:30:00-13:00:00)
	结果：未满足
===2021-08-10 17:54:05.434===
===2021-08-10 17:54:05.522===
股票：002335板块涨跌幅判断-额外参数：
	分组名称：1
	走势名称：发
		条件不成立(不符合板块涨跌幅条件)
	结果：未满足，返回code：-1
===2021-08-10 17:54:05.863===
额外条件未满足


===============================================

==============2021-08-10 17:54:21==============
===6开始执行条件2021-08-10 17:54:20.892===
===开始判断价格条件2021-08-10 17:54:20.892===
===开始判断额外/转自动条件2021-08-10 17:54:21.185===
===2021-08-10 17:54:21.310===
股票：002335指定时间段判断-额外参数：
	分组名称：1
	走势名称：时间段
		条件不成立(当前时间：2021-08-10 17:54:20.892,条件时段：09:30:00-13:00:00)
	结果：未满足
===2021-08-10 17:54:21.310===
===2021-08-10 17:54:21.357===
股票：002335板块涨跌幅判断-额外参数：
	分组名称：1
	走势名称：发
		条件不成立(不符合板块涨跌幅条件)
	结果：未满足，返回code：-1
===2021-08-10 17:54:21.940===
额外条件未满足


===============================================

