==============2021-08-06 14:41:25==============
===6开始执行条件2021-08-06 14:41:23.559===
===开始判断价格条件2021-08-06 14:41:23.559===
===开始判断额外/转自动条件2021-08-06 14:41:24.113===
===2021-08-06 14:41:24.534===
股票：002335指定时间段判断-额外参数：
	分组名称：1
	走势名称：时间段
		条件不成立(当前时间：2021-08-06 14:41:23.559,条件时段：09:30:00-13:00:00)
	结果：未满足
===2021-08-06 14:41:24.534===
===2021-08-06 14:41:24.924===
股票：002335板块涨跌幅判断-额外参数：
	分组名称：1
	走势名称：发
		条件不成立(不符合板块涨跌幅条件)
	结果：未满足，返回code：-1
===2021-08-06 14:41:25.113===
额外条件未满足


===============================================

==============2021-08-06 15:12:53==============
===6开始执行条件2021-08-06 15:12:52.137===
===开始判断价格条件2021-08-06 15:12:52.137===
===开始判断额外/转自动条件2021-08-06 15:12:52.216===
===2021-08-06 15:12:52.345===
股票：002335指定时间段判断-额外参数：
	分组名称：1
	走势名称：时间段
		条件不成立(当前时间：2021-08-06 15:12:52.130,条件时段：09:30:00-13:00:00)
	结果：未满足
===2021-08-06 15:12:52.345===
===2021-08-06 15:12:52.385===
股票：002335板块涨跌幅判断-额外参数：
	分组名称：1
	走势名称：发
		条件不成立(不符合板块涨跌幅条件)
	结果：未满足，返回code：-1
===2021-08-06 15:12:53.257===
额外条件未满足


===============================================

==============2021-08-06 15:14:13==============
===6开始执行条件2021-08-06 15:14:11.360===
===开始判断价格条件2021-08-06 15:14:11.360===
===开始判断额外/转自动条件2021-08-06 15:14:11.845===
===2021-08-06 15:14:11.943===
股票：002335指定时间段判断-额外参数：
	分组名称：1
	走势名称：时间段
		条件不成立(当前时间：2021-08-06 15:14:11.343,条件时段：09:30:00-13:00:00)
	结果：未满足
===2021-08-06 15:14:11.943===
===2021-08-06 15:14:12.013===
股票：002335板块涨跌幅判断-额外参数：
	分组名称：1
	走势名称：发
		条件不成立(不符合板块涨跌幅条件)
	结果：未满足，返回code：-1
===2021-08-06 15:14:13.063===
额外条件未满足


===============================================

==============2021-08-06 15:30:06==============
===6开始执行条件2021-08-06 15:30:05.810===
===开始判断价格条件2021-08-06 15:30:05.810===
===开始判断额外/转自动条件2021-08-06 15:30:05.879===
===2021-08-06 15:30:05.915===
股票：002335指定时间段判断-额外参数：
	分组名称：1
	走势名称：时间段
		条件不成立(当前时间：2021-08-06 15:30:05.809,条件时段：09:30:00-13:00:00)
	结果：未满足
===2021-08-06 15:30:05.915===
===2021-08-06 15:30:05.930===
股票：002335板块涨跌幅判断-额外参数：
	分组名称：1
	走势名称：发
		条件不成立(不符合板块涨跌幅条件)
	结果：未满足，返回code：-1
===2021-08-06 15:30:06.540===
额外条件未满足


===============================================

==============2021-08-06 15:31:21==============
===6开始执行条件2021-08-06 15:31:20.256===
===开始判断价格条件2021-08-06 15:31:20.256===
===开始判断额外/转自动条件2021-08-06 15:31:20.450===
===2021-08-06 15:31:20.681===
股票：002335指定时间段判断-额外参数：
	分组名称：1
	走势名称：时间段
		条件不成立(当前时间：2021-08-06 15:31:20.256,条件时段：09:30:00-13:00:00)
	结果：未满足
===2021-08-06 15:31:20.681===
===2021-08-06 15:31:21.080===
股票：002335板块涨跌幅判断-额外参数：
	分组名称：1
	走势名称：发
		条件不成立(不符合板块涨跌幅条件)
	结果：未满足，返回code：-1
===2021-08-06 15:31:21.386===
额外条件未满足


===============================================

==============2021-08-06 15:32:45==============
===6开始执行条件2021-08-06 15:32:45.457===
===开始判断价格条件2021-08-06 15:32:45.457===
===开始判断额外/转自动条件2021-08-06 15:32:45.593===
===2021-08-06 15:32:45.631===
股票：002335指定时间段判断-额外参数：
	分组名称：1
	走势名称：时间段
		条件不成立(当前时间：2021-08-06 15:32:45.457,条件时段：09:30:00-13:00:00)
	结果：未满足
===2021-08-06 15:32:45.631===
===2021-08-06 15:32:45.649===
股票：002335板块涨跌幅判断-额外参数：
	分组名称：1
	走势名称：发
		条件不成立(不符合板块涨跌幅条件)
	结果：未满足，返回code：-1
===2021-08-06 15:32:45.955===
额外条件未满足


===============================================

==============2021-08-06 17:04:55==============
===6开始执行条件2021-08-06 17:04:54.610===
===开始判断价格条件2021-08-06 17:04:54.610===
===开始判断额外/转自动条件2021-08-06 17:04:54.833===
===2021-08-06 17:04:55.131===
股票：002335指定时间段判断-额外参数：
	分组名称：1
	走势名称：时间段
		条件不成立(当前时间：2021-08-06 17:04:54.609,条件时段：09:30:00-13:00:00)
	结果：未满足
===2021-08-06 17:04:55.131===
===2021-08-06 17:04:55.180===
股票：002335板块涨跌幅判断-额外参数：
	分组名称：1
	走势名称：发
		条件不成立(不符合板块涨跌幅条件)
	结果：未满足，返回code：-1
===2021-08-06 17:04:55.644===
额外条件未满足


===============================================

==============2021-08-06 17:05:21==============
===6开始执行条件2021-08-06 17:05:18.886===
===开始判断价格条件2021-08-06 17:05:18.886===
===开始判断额外/转自动条件2021-08-06 17:05:19.077===
===2021-08-06 17:05:19.411===
股票：002335指定时间段判断-额外参数：
	分组名称：1
	走势名称：时间段
		条件不成立(当前时间：2021-08-06 17:05:18.886,条件时段：09:30:00-13:00:00)
	结果：未满足
===2021-08-06 17:05:19.411===
===2021-08-06 17:05:19.601===
股票：002335板块涨跌幅判断-额外参数：
	分组名称：1
	走势名称：发
		条件不成立(不符合板块涨跌幅条件)
	结果：未满足，返回code：-1
===2021-08-06 17:05:21.076===
额外条件未满足


===============================================

==============2021-08-06 17:05:35==============
===6开始执行条件2021-08-06 17:05:33.848===
===开始判断价格条件2021-08-06 17:05:33.848===
===开始判断额外/转自动条件2021-08-06 17:05:34.098===
===2021-08-06 17:05:34.247===
股票：002335指定时间段判断-额外参数：
	分组名称：1
	走势名称：时间段
		条件不成立(当前时间：2021-08-06 17:05:33.847,条件时段：09:30:00-13:00:00)
	结果：未满足
===2021-08-06 17:05:34.247===
===2021-08-06 17:05:34.390===
股票：002335板块涨跌幅判断-额外参数：
	分组名称：1
	走势名称：发
		条件不成立(不符合板块涨跌幅条件)
	结果：未满足，返回code：-1
===2021-08-06 17:05:35.032===
额外条件未满足


===============================================

==============2021-08-06 17:05:59==============
===6开始执行条件2021-08-06 17:05:55.825===
===开始判断价格条件2021-08-06 17:05:55.825===
===开始判断额外/转自动条件2021-08-06 17:05:56.490===
===2021-08-06 17:05:56.997===
股票：002335指定时间段判断-额外参数：
	分组名称：1
	走势名称：时间段
		条件不成立(当前时间：2021-08-06 17:05:55.825,条件时段：09:30:00-13:00:00)
	结果：未满足
===2021-08-06 17:05:56.997===
===2021-08-06 17:05:57.284===
股票：002335板块涨跌幅判断-额外参数：
	分组名称：1
	走势名称：发
		条件不成立(不符合板块涨跌幅条件)
	结果：未满足，返回code：-1
===2021-08-06 17:05:59.143===
额外条件未满足


===============================================

==============2021-08-06 17:06:45==============
===6开始执行条件2021-08-06 17:06:44.104===
===开始判断价格条件2021-08-06 17:06:44.104===
===开始判断额外/转自动条件2021-08-06 17:06:44.803===
===2021-08-06 17:06:44.936===
股票：002335指定时间段判断-额外参数：
	分组名称：1
	走势名称：时间段
		条件不成立(当前时间：2021-08-06 17:06:44.104,条件时段：09:30:00-13:00:00)
	结果：未满足
===2021-08-06 17:06:44.936===
===2021-08-06 17:06:45.008===
股票：002335板块涨跌幅判断-额外参数：
	分组名称：1
	走势名称：发
		条件不成立(不符合板块涨跌幅条件)
	结果：未满足，返回code：-1
===2021-08-06 17:06:45.774===
额外条件未满足


===============================================

==============2021-08-06 17:07:07==============
===6开始执行条件2021-08-06 17:07:04.896===
===开始判断价格条件2021-08-06 17:07:04.896===
===开始判断额外/转自动条件2021-08-06 17:07:05.714===
===2021-08-06 17:07:06.142===
股票：002335指定时间段判断-额外参数：
	分组名称：1
	走势名称：时间段
		条件不成立(当前时间：2021-08-06 17:07:04.896,条件时段：09:30:00-13:00:00)
	结果：未满足
===2021-08-06 17:07:06.142===
===2021-08-06 17:07:06.230===
股票：002335板块涨跌幅判断-额外参数：
	分组名称：1
	走势名称：发
		条件不成立(不符合板块涨跌幅条件)
	结果：未满足，返回code：-1
===2021-08-06 17:07:07.645===
额外条件未满足


===============================================

==============2021-08-06 17:07:27==============
===6开始执行条件2021-08-06 17:07:26.744===
===开始判断价格条件2021-08-06 17:07:26.744===
===开始判断额外/转自动条件2021-08-06 17:07:26.944===
===2021-08-06 17:07:27.099===
股票：002335指定时间段判断-额外参数：
	分组名称：1
	走势名称：时间段
		条件不成立(当前时间：2021-08-06 17:07:26.734,条件时段：09:30:00-13:00:00)
	结果：未满足
===2021-08-06 17:07:27.099===
===2021-08-06 17:07:27.278===
股票：002335板块涨跌幅判断-额外参数：
	分组名称：1
	走势名称：发
		条件不成立(不符合板块涨跌幅条件)
	结果：未满足，返回code：-1
===2021-08-06 17:07:27.770===
额外条件未满足


===============================================

==============2021-08-06 17:07:54==============
===6开始执行条件2021-08-06 17:07:49.577===
===开始判断价格条件2021-08-06 17:07:49.577===
===开始判断额外/转自动条件2021-08-06 17:07:51.460===
===2021-08-06 17:07:52.110===
股票：002335指定时间段判断-额外参数：
	分组名称：1
	走势名称：时间段
		条件不成立(当前时间：2021-08-06 17:07:49.576,条件时段：09:30:00-13:00:00)
	结果：未满足
===2021-08-06 17:07:52.200===
===2021-08-06 17:07:52.436===
股票：002335板块涨跌幅判断-额外参数：
	分组名称：1
	走势名称：发
		条件不成立(不符合板块涨跌幅条件)
	结果：未满足，返回code：-1
===2021-08-06 17:07:54.780===
额外条件未满足


===============================================

==============2021-08-06 17:08:17==============
===6开始执行条件2021-08-06 17:08:13.931===
===开始判断价格条件2021-08-06 17:08:13.931===
===开始判断额外/转自动条件2021-08-06 17:08:15.114===
===2021-08-06 17:08:16.189===
股票：002335指定时间段判断-额外参数：
	分组名称：1
	走势名称：时间段
		条件不成立(当前时间：2021-08-06 17:08:13.930,条件时段：09:30:00-13:00:00)
	结果：未满足
===2021-08-06 17:08:16.189===
===2021-08-06 17:08:16.885===
股票：002335板块涨跌幅判断-额外参数：
	分组名称：1
	走势名称：发
		条件不成立(不符合板块涨跌幅条件)
	结果：未满足，返回code：-1
===2021-08-06 17:08:17.704===
额外条件未满足


===============================================

==============2021-08-06 17:08:42==============
===6开始执行条件2021-08-06 17:08:35.930===
===开始判断价格条件2021-08-06 17:08:35.930===
===开始判断额外/转自动条件2021-08-06 17:08:38.323===
===2021-08-06 17:08:39.504===
股票：002335指定时间段判断-额外参数：
	分组名称：1
	走势名称：时间段
		条件不成立(当前时间：2021-08-06 17:08:35.930,条件时段：09:30:00-13:00:00)
	结果：未满足
===2021-08-06 17:08:39.504===
===2021-08-06 17:08:39.784===
股票：002335板块涨跌幅判断-额外参数：
	分组名称：1
	走势名称：发
		条件不成立(不符合板块涨跌幅条件)
	结果：未满足，返回code：-1
===2021-08-06 17:08:42.042===
额外条件未满足


===============================================

==============2021-08-06 17:10:20==============
===6开始执行条件2021-08-06 17:10:19.441===
===开始判断价格条件2021-08-06 17:10:19.441===
===开始判断额外/转自动条件2021-08-06 17:10:19.683===
===2021-08-06 17:10:19.826===
股票：002335指定时间段判断-额外参数：
	分组名称：1
	走势名称：时间段
		条件不成立(当前时间：2021-08-06 17:10:19.440,条件时段：09:30:00-13:00:00)
	结果：未满足
===2021-08-06 17:10:19.826===
===2021-08-06 17:10:19.887===
股票：002335板块涨跌幅判断-额外参数：
	分组名称：1
	走势名称：发
		条件不成立(不符合板块涨跌幅条件)
	结果：未满足，返回code：-1
===2021-08-06 17:10:20.888===
额外条件未满足


===============================================

==============2021-08-06 17:10:39==============
===6开始执行条件2021-08-06 17:10:37.694===
===开始判断价格条件2021-08-06 17:10:37.694===
===开始判断额外/转自动条件2021-08-06 17:10:38.075===
===2021-08-06 17:10:38.259===
股票：002335指定时间段判断-额外参数：
	分组名称：1
	走势名称：时间段
		条件不成立(当前时间：2021-08-06 17:10:37.694,条件时段：09:30:00-13:00:00)
	结果：未满足
===2021-08-06 17:10:38.259===
===2021-08-06 17:10:38.311===
股票：002335板块涨跌幅判断-额外参数：
	分组名称：1
	走势名称：发
		条件不成立(不符合板块涨跌幅条件)
	结果：未满足，返回code：-1
===2021-08-06 17:10:39.186===
额外条件未满足


===============================================

==============2021-08-06 17:11:00==============
===6开始执行条件2021-08-06 17:10:57.888===
===开始判断价格条件2021-08-06 17:10:57.888===
===开始判断额外/转自动条件2021-08-06 17:10:58.473===
===2021-08-06 17:10:59.100===
股票：002335指定时间段判断-额外参数：
	分组名称：1
	走势名称：时间段
		条件不成立(当前时间：2021-08-06 17:10:57.888,条件时段：09:30:00-13:00:00)
	结果：未满足
===2021-08-06 17:10:59.100===
===2021-08-06 17:10:59.387===
股票：002335板块涨跌幅判断-额外参数：
	分组名称：1
	走势名称：发
		条件不成立(不符合板块涨跌幅条件)
	结果：未满足，返回code：-1
===2021-08-06 17:11:00.729===
额外条件未满足


===============================================

==============2021-08-06 17:11:24==============
===6开始执行条件2021-08-06 17:11:20.530===
===开始判断价格条件2021-08-06 17:11:20.530===
===开始判断额外/转自动条件2021-08-06 17:11:20.940===
===2021-08-06 17:11:21.753===
股票：002335指定时间段判断-额外参数：
	分组名称：1
	走势名称：时间段
		条件不成立(当前时间：2021-08-06 17:11:20.530,条件时段：09:30:00-13:00:00)
	结果：未满足
===2021-08-06 17:11:21.753===
===2021-08-06 17:11:21.935===
股票：002335板块涨跌幅判断-额外参数：
	分组名称：1
	走势名称：发
		条件不成立(不符合板块涨跌幅条件)
	结果：未满足，返回code：-1
===2021-08-06 17:11:24.650===
额外条件未满足


===============================================

==============2021-08-06 17:11:46==============
===6开始执行条件2021-08-06 17:11:41.341===
===开始判断价格条件2021-08-06 17:11:41.341===
===开始判断额外/转自动条件2021-08-06 17:11:42.998===
===2021-08-06 17:11:43.727===
股票：002335指定时间段判断-额外参数：
	分组名称：1
	走势名称：时间段
		条件不成立(当前时间：2021-08-06 17:11:41.341,条件时段：09:30:00-13:00:00)
	结果：未满足
===2021-08-06 17:11:43.727===
===2021-08-06 17:11:44.017===
股票：002335板块涨跌幅判断-额外参数：
	分组名称：1
	走势名称：发
		条件不成立(不符合板块涨跌幅条件)
	结果：未满足，返回code：-1
===2021-08-06 17:11:46.732===
额外条件未满足


===============================================

==============2021-08-06 17:12:07==============
===6开始执行条件2021-08-06 17:12:03.339===
===开始判断价格条件2021-08-06 17:12:03.339===
===开始判断额外/转自动条件2021-08-06 17:12:04.517===
===2021-08-06 17:12:04.900===
股票：002335指定时间段判断-额外参数：
	分组名称：1
	走势名称：时间段
		条件不成立(当前时间：2021-08-06 17:12:03.337,条件时段：09:30:00-13:00:00)
	结果：未满足
===2021-08-06 17:12:04.900===
===2021-08-06 17:12:05.104===
股票：002335板块涨跌幅判断-额外参数：
	分组名称：1
	走势名称：发
		条件不成立(不符合板块涨跌幅条件)
	结果：未满足，返回code：-1
===2021-08-06 17:12:07.443===
额外条件未满足


===============================================

==============2021-08-06 17:12:30==============
===6开始执行条件2021-08-06 17:12:26.708===
===开始判断价格条件2021-08-06 17:12:26.708===
===开始判断额外/转自动条件2021-08-06 17:12:27.665===
===2021-08-06 17:12:28.352===
股票：002335指定时间段判断-额外参数：
	分组名称：1
	走势名称：时间段
		条件不成立(当前时间：2021-08-06 17:12:26.708,条件时段：09:30:00-13:00:00)
	结果：未满足
===2021-08-06 17:12:28.352===
===2021-08-06 17:12:28.611===
股票：002335板块涨跌幅判断-额外参数：
	分组名称：1
	走势名称：发
		条件不成立(不符合板块涨跌幅条件)
	结果：未满足，返回code：-1
===2021-08-06 17:12:30.636===
额外条件未满足


===============================================

