==============2021-08-11 10:28:36==============
===6开始执行条件2021-08-11 10:28:35.215===
===开始判断价格条件2021-08-11 10:28:35.215===
===开始判断额外/转自动条件2021-08-11 10:28:35.627===
===2021-08-11 10:28:36.259===
股票：002335指定时间段判断-额外参数：
	分组名称：1
	走势名称：时间段
		条件成立(当前时间：2021-08-11 10:28:35.208,条件时段：09:30:00-13:00:00)
	结果：达到要求
===2021-08-11 10:28:36.460===
===2021-08-11 10:28:36.915===
股票：002335多头向上判断-转自动参数：
	分组名称：2
	走势名称：多头向上
	结果：未满足，返回code：0
===2021-08-11 10:28:36.915===
满足所有条件，可以触发


===============================================

==============2021-08-11 10:28:52==============
===6开始执行条件2021-08-11 10:28:52.155===
===开始判断价格条件2021-08-11 10:28:52.155===
===开始判断额外/转自动条件2021-08-11 10:28:52.282===
===2021-08-11 10:28:52.346===
股票：002335指定时间段判断-额外参数：
	分组名称：1
	走势名称：时间段
		条件成立(当前时间：2021-08-11 10:28:52.155,条件时段：09:30:00-13:00:00)
	结果：达到要求
===2021-08-11 10:28:52.718===
===2021-08-11 10:28:52.865===
股票：002335多头向上判断-转自动参数：
	分组名称：2
	走势名称：多头向上
	结果：未满足，返回code：0
===2021-08-11 10:28:52.865===
满足所有条件，可以触发


===============================================

==============2021-08-11 10:29:02==============
===6开始执行条件2021-08-11 10:29:01.564===
===开始判断价格条件2021-08-11 10:29:01.564===
===开始判断额外/转自动条件2021-08-11 10:29:01.958===
===2021-08-11 10:29:02.070===
股票：002335指定时间段判断-额外参数：
	分组名称：1
	走势名称：时间段
		条件成立(当前时间：2021-08-11 10:29:01.564,条件时段：09:30:00-13:00:00)
	结果：达到要求
===2021-08-11 10:29:02.201===
===2021-08-11 10:29:02.532===
股票：002335多头向上判断-转自动参数：
	分组名称：2
	走势名称：多头向上
	结果：未满足，返回code：0
===2021-08-11 10:29:02.532===
满足所有条件，可以触发


===============================================

==============2021-08-11 10:29:46==============
===6开始执行条件2021-08-11 10:29:45.074===
===开始判断价格条件2021-08-11 10:29:45.074===
===开始判断额外/转自动条件2021-08-11 10:29:45.323===
===2021-08-11 10:29:45.466===
股票：002335指定时间段判断-额外参数：
	分组名称：1
	走势名称：时间段
		条件成立(当前时间：2021-08-11 10:29:45.073,条件时段：09:30:00-13:00:00)
	结果：达到要求
===2021-08-11 10:29:45.566===
===2021-08-11 10:29:46.073===
股票：002335多头向上判断-转自动参数：
	分组名称：2
	走势名称：多头向上
	结果：未满足，返回code：0
===2021-08-11 10:29:46.073===
满足所有条件，可以触发


===============================================

==============2021-08-11 10:29:59==============
===6开始执行条件2021-08-11 10:29:56.662===
===开始判断价格条件2021-08-11 10:29:56.662===
===开始判断额外/转自动条件2021-08-11 10:29:57.037===
===2021-08-11 10:29:57.699===
股票：002335指定时间段判断-额外参数：
	分组名称：1
	走势名称：时间段
		条件成立(当前时间：2021-08-11 10:29:56.662,条件时段：09:30:00-13:00:00)
	结果：达到要求
===2021-08-11 10:29:58.021===
===2021-08-11 10:29:59.207===
股票：002335多头向上判断-转自动参数：
	分组名称：2
	走势名称：多头向上
	结果：未满足，返回code：0
===2021-08-11 10:29:59.207===
满足所有条件，可以触发


===============================================

==============2021-08-11 10:30:16==============
===6开始执行条件2021-08-11 10:30:15.556===
===开始判断价格条件2021-08-11 10:30:15.556===
===开始判断额外/转自动条件2021-08-11 10:30:15.720===
===2021-08-11 10:30:16.040===
股票：002335指定时间段判断-额外参数：
	分组名称：1
	走势名称：时间段
		条件成立(当前时间：2021-08-11 10:30:15.555,条件时段：09:30:00-13:00:00)
	结果：达到要求
===2021-08-11 10:30:16.155===
===2021-08-11 10:30:16.395===
股票：002335多头向上判断-转自动参数：
	分组名称：2
	走势名称：多头向上
	结果：未满足，返回code：0
===2021-08-11 10:30:16.396===
满足所有条件，可以触发


===============================================

==============2021-08-11 10:30:32==============
===6开始执行条件2021-08-11 10:30:31.483===
===开始判断价格条件2021-08-11 10:30:31.483===
===开始判断额外/转自动条件2021-08-11 10:30:31.682===
===2021-08-11 10:30:32.093===
股票：002335指定时间段判断-额外参数：
	分组名称：1
	走势名称：时间段
		条件成立(当前时间：2021-08-11 10:30:31.483,条件时段：09:30:00-13:00:00)
	结果：达到要求
===2021-08-11 10:30:32.171===
===2021-08-11 10:30:32.350===
股票：002335多头向上判断-转自动参数：
	分组名称：2
	走势名称：多头向上
	结果：未满足，返回code：0
===2021-08-11 10:30:32.350===
满足所有条件，可以触发


===============================================

==============2021-08-11 10:30:43==============
===6开始执行条件2021-08-11 10:30:42.749===
===开始判断价格条件2021-08-11 10:30:42.749===
===开始判断额外/转自动条件2021-08-11 10:30:42.856===
===2021-08-11 10:30:43.222===
股票：002335指定时间段判断-额外参数：
	分组名称：1
	走势名称：时间段
		条件成立(当前时间：2021-08-11 10:30:42.742,条件时段：09:30:00-13:00:00)
	结果：达到要求
===2021-08-11 10:30:43.269===
===2021-08-11 10:30:43.445===
股票：002335多头向上判断-转自动参数：
	分组名称：2
	走势名称：多头向上
	结果：未满足，返回code：0
===2021-08-11 10:30:43.445===
满足所有条件，可以触发


===============================================

==============2021-08-11 10:31:00==============
===6开始执行条件2021-08-11 10:30:59.469===
===开始判断价格条件2021-08-11 10:30:59.469===
===开始判断额外/转自动条件2021-08-11 10:30:59.558===
===2021-08-11 10:30:59.639===
股票：002335指定时间段判断-额外参数：
	分组名称：1
	走势名称：时间段
		条件成立(当前时间：2021-08-11 10:30:59.469,条件时段：09:30:00-13:00:00)
	结果：达到要求
===2021-08-11 10:30:59.688===
===2021-08-11 10:31:00.082===
股票：002335多头向上判断-转自动参数：
	分组名称：2
	走势名称：多头向上
	结果：未满足，返回code：0
===2021-08-11 10:31:00.082===
满足所有条件，可以触发


===============================================

==============2021-08-11 10:31:18==============
===6开始执行条件2021-08-11 10:31:17.977===
===开始判断价格条件2021-08-11 10:31:17.977===
===开始判断额外/转自动条件2021-08-11 10:31:18.101===
===2021-08-11 10:31:18.207===
股票：002335指定时间段判断-额外参数：
	分组名称：1
	走势名称：时间段
		条件成立(当前时间：2021-08-11 10:31:17.977,条件时段：09:30:00-13:00:00)
	结果：达到要求
===2021-08-11 10:31:18.309===
===2021-08-11 10:31:18.478===
股票：002335多头向上判断-转自动参数：
	分组名称：2
	走势名称：多头向上
	结果：未满足，返回code：0
===2021-08-11 10:31:18.478===
满足所有条件，可以触发


===============================================

==============2021-08-11 10:31:24==============
===6开始执行条件2021-08-11 10:31:24.042===
===开始判断价格条件2021-08-11 10:31:24.042===
===开始判断额外/转自动条件2021-08-11 10:31:24.126===
===2021-08-11 10:31:24.187===
股票：002335指定时间段判断-额外参数：
	分组名称：1
	走势名称：时间段
		条件成立(当前时间：2021-08-11 10:31:24.041,条件时段：09:30:00-13:00:00)
	结果：达到要求
===2021-08-11 10:31:24.285===
===2021-08-11 10:31:24.465===
股票：002335多头向上判断-转自动参数：
	分组名称：2
	走势名称：多头向上
	结果：未满足，返回code：0
===2021-08-11 10:31:24.465===
满足所有条件，可以触发


===============================================

==============2021-08-11 10:31:33==============
===6开始执行条件2021-08-11 10:31:31.848===
===开始判断价格条件2021-08-11 10:31:31.848===
===开始判断额外/转自动条件2021-08-11 10:31:31.962===
===2021-08-11 10:31:32.334===
股票：002335指定时间段判断-额外参数：
	分组名称：1
	走势名称：时间段
		条件成立(当前时间：2021-08-11 10:31:31.848,条件时段：09:30:00-13:00:00)
	结果：达到要求
===2021-08-11 10:31:32.556===
===2021-08-11 10:31:33.664===
股票：002335多头向上判断-转自动参数：
	分组名称：2
	走势名称：多头向上
	结果：未满足，返回code：0
===2021-08-11 10:31:33.664===
满足所有条件，可以触发


===============================================

==============2021-08-11 10:31:48==============
===6开始执行条件2021-08-11 10:31:43.013===
===开始判断价格条件2021-08-11 10:31:43.013===
===开始判断额外/转自动条件2021-08-11 10:31:44.931===
===2021-08-11 10:31:46.417===
股票：002335指定时间段判断-额外参数：
	分组名称：1
	走势名称：时间段
		条件成立(当前时间：2021-08-11 10:31:43.013,条件时段：09:30:00-13:00:00)
	结果：达到要求
===2021-08-11 10:31:47.174===
===2021-08-11 10:31:48.145===
股票：002335多头向上判断-转自动参数：
	分组名称：2
	走势名称：多头向上
	结果：未满足，返回code：0
===2021-08-11 10:31:48.145===
满足所有条件，可以触发


===============================================

==============2021-08-11 10:32:05==============
===6开始执行条件2021-08-11 10:31:59.592===
===开始判断价格条件2021-08-11 10:31:59.592===
===开始判断额外/转自动条件2021-08-11 10:32:00.128===
===2021-08-11 10:32:00.371===
股票：002335指定时间段判断-额外参数：
	分组名称：1
	走势名称：时间段
		条件成立(当前时间：2021-08-11 10:31:59.592,条件时段：09:30:00-13:00:00)
	结果：达到要求
===2021-08-11 10:32:02.125===
===2021-08-11 10:32:05.301===
股票：002335多头向上判断-转自动参数：
	分组名称：2
	走势名称：多头向上
	结果：未满足，返回code：0
===2021-08-11 10:32:05.301===
满足所有条件，可以触发


===============================================

==============2021-08-11 10:32:20==============
===6开始执行条件2021-08-11 10:32:17.901===
===开始判断价格条件2021-08-11 10:32:17.901===
===开始判断额外/转自动条件2021-08-11 10:32:18.647===
===2021-08-11 10:32:19.152===
股票：002335指定时间段判断-额外参数：
	分组名称：1
	走势名称：时间段
		条件成立(当前时间：2021-08-11 10:32:17.900,条件时段：09:30:00-13:00:00)
	结果：达到要求
===2021-08-11 10:32:19.840===
===2021-08-11 10:32:20.303===
股票：002335多头向上判断-转自动参数：
	分组名称：2
	走势名称：多头向上
	结果：未满足，返回code：0
===2021-08-11 10:32:20.304===
满足所有条件，可以触发


===============================================

==============2021-08-11 10:32:45==============
===6开始执行条件2021-08-11 10:32:45.165===
===开始判断价格条件2021-08-11 10:32:45.165===
===开始判断额外/转自动条件2021-08-11 10:32:45.480===
===2021-08-11 10:32:45.622===
股票：002335指定时间段判断-额外参数：
	分组名称：1
	走势名称：时间段
		条件成立(当前时间：2021-08-11 10:32:45.165,条件时段：09:30:00-13:00:00)
	结果：达到要求
===2021-08-11 10:32:45.698===
===2021-08-11 10:32:45.832===
股票：002335多头向上判断-转自动参数：
	分组名称：2
	走势名称：多头向上
	结果：未满足，返回code：0
===2021-08-11 10:32:45.832===
满足所有条件，可以触发


===============================================

==============2021-08-11 10:32:58==============
===6开始执行条件2021-08-11 10:32:57.820===
===开始判断价格条件2021-08-11 10:32:57.820===
===开始判断额外/转自动条件2021-08-11 10:32:57.897===
===2021-08-11 10:32:57.964===
股票：002335指定时间段判断-额外参数：
	分组名称：1
	走势名称：时间段
		条件成立(当前时间：2021-08-11 10:32:57.820,条件时段：09:30:00-13:00:00)
	结果：达到要求
===2021-08-11 10:32:58.043===
===2021-08-11 10:32:58.124===
股票：002335多头向上判断-转自动参数：
	分组名称：2
	走势名称：多头向上
	结果：未满足，返回code：0
===2021-08-11 10:32:58.124===
满足所有条件，可以触发


===============================================

==============2021-08-11 10:33:06==============
===6开始执行条件2021-08-11 10:33:06.418===
===开始判断价格条件2021-08-11 10:33:06.418===
===开始判断额外/转自动条件2021-08-11 10:33:06.525===
===2021-08-11 10:33:06.619===
股票：002335指定时间段判断-额外参数：
	分组名称：1
	走势名称：时间段
		条件成立(当前时间：2021-08-11 10:33:06.418,条件时段：09:30:00-13:00:00)
	结果：达到要求
===2021-08-11 10:33:06.700===
===2021-08-11 10:33:06.774===
股票：002335多头向上判断-转自动参数：
	分组名称：2
	走势名称：多头向上
	结果：未满足，返回code：0
===2021-08-11 10:33:06.774===
满足所有条件，可以触发


===============================================

==============2021-08-11 10:33:27==============
===6开始执行条件2021-08-11 10:33:25.731===
===开始判断价格条件2021-08-11 10:33:25.731===
===开始判断额外/转自动条件2021-08-11 10:33:26.224===
===2021-08-11 10:33:26.652===
股票：002335指定时间段判断-额外参数：
	分组名称：1
	走势名称：时间段
		条件成立(当前时间：2021-08-11 10:33:25.731,条件时段：09:30:00-13:00:00)
	结果：达到要求
===2021-08-11 10:33:27.033===
===2021-08-11 10:33:27.515===
股票：002335多头向上判断-转自动参数：
	分组名称：2
	走势名称：多头向上
	结果：未满足，返回code：0
===2021-08-11 10:33:27.515===
满足所有条件，可以触发


===============================================

==============2021-08-11 10:34:58==============
===6开始执行条件2021-08-11 10:34:58.537===
===开始判断价格条件2021-08-11 10:34:58.537===
===开始判断额外/转自动条件2021-08-11 10:34:58.647===
===2021-08-11 10:34:58.705===
股票：002335指定时间段判断-额外参数：
	分组名称：1
	走势名称：时间段
		条件成立(当前时间：2021-08-11 10:34:58.523,条件时段：09:30:00-13:00:00)
	结果：达到要求
===2021-08-11 10:34:58.782===
===2021-08-11 10:34:58.978===
股票：002335多头向上判断-转自动参数：
	分组名称：2
	走势名称：多头向上
	结果：未满足，返回code：0
===2021-08-11 10:34:58.978===
满足所有条件，可以触发


===============================================

==============2021-08-11 10:35:08==============
===6开始执行条件2021-08-11 10:35:07.193===
===开始判断价格条件2021-08-11 10:35:07.193===
===开始判断额外/转自动条件2021-08-11 10:35:07.406===
===2021-08-11 10:35:07.705===
股票：002335指定时间段判断-额外参数：
	分组名称：1
	走势名称：时间段
		条件成立(当前时间：2021-08-11 10:35:07.192,条件时段：09:30:00-13:00:00)
	结果：达到要求
===2021-08-11 10:35:07.968===
===2021-08-11 10:35:08.385===
股票：002335多头向上判断-转自动参数：
	分组名称：2
	走势名称：多头向上
	结果：未满足，返回code：0
===2021-08-11 10:35:08.385===
满足所有条件，可以触发


===============================================

==============2021-08-11 10:35:19==============
===6开始执行条件2021-08-11 10:35:18.196===
===开始判断价格条件2021-08-11 10:35:18.196===
===开始判断额外/转自动条件2021-08-11 10:35:18.575===
===2021-08-11 10:35:18.701===
股票：002335指定时间段判断-额外参数：
	分组名称：1
	走势名称：时间段
		条件成立(当前时间：2021-08-11 10:35:18.195,条件时段：09:30:00-13:00:00)
	结果：达到要求
===2021-08-11 10:35:18.994===
===2021-08-11 10:35:19.389===
股票：002335多头向上判断-转自动参数：
	分组名称：2
	走势名称：多头向上
	结果：未满足，返回code：0
===2021-08-11 10:35:19.389===
满足所有条件，可以触发


===============================================

==============2021-08-11 10:35:32==============
===6开始执行条件2021-08-11 10:35:31.803===
===开始判断价格条件2021-08-11 10:35:31.803===
===开始判断额外/转自动条件2021-08-11 10:35:32.082===
===2021-08-11 10:35:32.318===
股票：002335指定时间段判断-额外参数：
	分组名称：1
	走势名称：时间段
		条件成立(当前时间：2021-08-11 10:35:31.803,条件时段：09:30:00-13:00:00)
	结果：达到要求
===2021-08-11 10:35:32.528===
===2021-08-11 10:35:32.787===
股票：002335多头向上判断-转自动参数：
	分组名称：2
	走势名称：多头向上
	结果：未满足，返回code：0
===2021-08-11 10:35:32.787===
满足所有条件，可以触发


===============================================

==============2021-08-11 10:36:32==============
===6开始执行条件2021-08-11 10:36:28.189===
===开始判断价格条件2021-08-11 10:36:28.189===
===开始判断额外/转自动条件2021-08-11 10:36:29.739===
===2021-08-11 10:36:30.267===
股票：002335指定时间段判断-额外参数：
	分组名称：1
	走势名称：时间段
		条件成立(当前时间：2021-08-11 10:36:28.189,条件时段：09:30:00-13:00:00)
	结果：达到要求
===2021-08-11 10:36:31.393===
===2021-08-11 10:36:32.322===
股票：002335多头向上判断-转自动参数：
	分组名称：2
	走势名称：多头向上
	结果：未满足，返回code：0
===2021-08-11 10:36:32.322===
满足所有条件，可以触发


===============================================

==============2021-08-11 10:37:06==============
===6开始执行条件2021-08-11 10:37:03.852===
===开始判断价格条件2021-08-11 10:37:03.852===
===开始判断额外/转自动条件2021-08-11 10:37:04.393===
===2021-08-11 10:37:04.942===
股票：002335指定时间段判断-额外参数：
	分组名称：1
	走势名称：时间段
		条件成立(当前时间：2021-08-11 10:37:03.851,条件时段：09:30:00-13:00:00)
	结果：达到要求
===2021-08-11 10:37:05.587===
===2021-08-11 10:37:06.494===
股票：002335多头向上判断-转自动参数：
	分组名称：2
	走势名称：多头向上
	结果：未满足，返回code：0
===2021-08-11 10:37:06.494===
满足所有条件，可以触发


===============================================

