==============2021-08-06 14:25:49==============
===6开始执行条件2021-08-06 14:25:45.703===
===开始判断价格条件2021-08-06 14:25:45.703===
===开始判断额外/转自动条件2021-08-06 14:25:47.432===
===2021-08-06 14:25:48.052===
股票：600438指定时间段判断-额外参数：
	分组名称：1
	走势名称：时间段
		条件不成立(当前时间：2021-08-06 14:25:45.703,条件时段：09:30:00-13:00:00)
	结果：未满足
===2021-08-06 14:25:48.241===
===2021-08-06 14:25:48.297===
股票：600438板块涨跌幅判断-额外参数：
	分组名称：1
	走势名称：发
		条件不成立(不符合板块涨跌幅条件)
	结果：未满足，返回code：-1
===2021-08-06 14:25:49.998===
额外条件未满足


===============================================

==============2021-08-06 14:26:07==============
===6开始执行条件2021-08-06 14:26:03.776===
===开始判断价格条件2021-08-06 14:26:03.776===
===开始判断额外/转自动条件2021-08-06 14:26:03.953===
===2021-08-06 14:26:04.107===
股票：600438指定时间段判断-额外参数：
	分组名称：1
	走势名称：时间段
		条件不成立(当前时间：2021-08-06 14:26:03.774,条件时段：09:30:00-13:00:00)
	结果：未满足
===2021-08-06 14:26:04.107===
===2021-08-06 14:26:04.164===
股票：600438板块涨跌幅判断-额外参数：
	分组名称：1
	走势名称：发
		条件不成立(不符合板块涨跌幅条件)
	结果：未满足，返回code：-1
===2021-08-06 14:26:07.250===
额外条件未满足


===============================================

==============2021-08-06 14:26:31==============
===6开始执行条件2021-08-06 14:26:25.526===
===开始判断价格条件2021-08-06 14:26:25.526===
===开始判断额外/转自动条件2021-08-06 14:26:27.477===
===2021-08-06 14:26:30.561===
股票：600438指定时间段判断-额外参数：
	分组名称：1
	走势名称：时间段
		条件不成立(当前时间：2021-08-06 14:26:25.526,条件时段：09:30:00-13:00:00)
	结果：未满足
===2021-08-06 14:26:30.561===
===2021-08-06 14:26:30.693===
股票：600438板块涨跌幅判断-额外参数：
	分组名称：1
	走势名称：发
		条件不成立(不符合板块涨跌幅条件)
	结果：未满足，返回code：-1
===2021-08-06 14:26:31.606===
额外条件未满足


===============================================

==============2021-08-06 14:26:33==============
===6开始执行条件2021-08-06 14:26:32.392===
===开始判断价格条件2021-08-06 14:26:32.392===
===开始判断额外/转自动条件2021-08-06 14:26:32.547===
===2021-08-06 14:26:32.693===
股票：600438指定时间段判断-额外参数：
	分组名称：1
	走势名称：时间段
		条件不成立(当前时间：2021-08-06 14:26:32.392,条件时段：09:30:00-13:00:00)
	结果：未满足
===2021-08-06 14:26:32.693===
===2021-08-06 14:26:32.791===
股票：600438板块涨跌幅判断-额外参数：
	分组名称：1
	走势名称：发
		条件不成立(不符合板块涨跌幅条件)
	结果：未满足，返回code：-1
===2021-08-06 14:26:33.762===
额外条件未满足


===============================================

==============2021-08-06 14:26:49==============
===6开始执行条件2021-08-06 14:26:47.673===
===开始判断价格条件2021-08-06 14:26:47.673===
===开始判断额外/转自动条件2021-08-06 14:26:48.007===
===2021-08-06 14:26:48.203===
股票：600438指定时间段判断-额外参数：
	分组名称：1
	走势名称：时间段
		条件不成立(当前时间：2021-08-06 14:26:47.673,条件时段：09:30:00-13:00:00)
	结果：未满足
===2021-08-06 14:26:48.203===
===2021-08-06 14:26:48.297===
股票：600438板块涨跌幅判断-额外参数：
	分组名称：1
	走势名称：发
		条件不成立(不符合板块涨跌幅条件)
	结果：未满足，返回code：-1
===2021-08-06 14:26:49.836===
额外条件未满足


===============================================

==============2021-08-06 14:29:13==============
===6开始执行条件2021-08-06 14:29:11.622===
===开始判断价格条件2021-08-06 14:29:11.622===
===开始判断额外/转自动条件2021-08-06 14:29:11.956===
===2021-08-06 14:29:12.040===
股票：600438指定时间段判断-额外参数：
	分组名称：1
	走势名称：时间段
		条件不成立(当前时间：2021-08-06 14:29:11.622,条件时段：09:30:00-13:00:00)
	结果：未满足
===2021-08-06 14:29:12.056===
===2021-08-06 14:29:12.088===
股票：600438板块涨跌幅判断-额外参数：
	分组名称：1
	走势名称：发
		条件不成立(不符合板块涨跌幅条件)
	结果：未满足，返回code：-1
===2021-08-06 14:29:13.161===
额外条件未满足


===============================================

==============2021-08-06 14:34:31==============
===6开始执行条件2021-08-06 14:34:30.809===
===开始判断价格条件2021-08-06 14:34:30.809===
===开始判断额外/转自动条件2021-08-06 14:34:31.112===
===2021-08-06 14:34:31.296===
股票：600438指定时间段判断-额外参数：
	分组名称：1
	走势名称：时间段
		条件不成立(当前时间：2021-08-06 14:34:30.809,条件时段：09:30:00-13:00:00)
	结果：未满足
===2021-08-06 14:34:31.296===
===2021-08-06 14:34:31.314===
股票：600438板块涨跌幅判断-额外参数：
	分组名称：1
	走势名称：发
		条件不成立(不符合板块涨跌幅条件)
	结果：未满足，返回code：-1
===2021-08-06 14:34:31.909===
额外条件未满足


===============================================

==============2021-08-06 14:41:03==============
===6开始执行条件2021-08-06 14:41:02.731===
===开始判断价格条件2021-08-06 14:41:02.731===
===开始判断额外/转自动条件2021-08-06 14:41:02.829===
===2021-08-06 14:41:02.931===
股票：600438指定时间段判断-额外参数：
	分组名称：1
	走势名称：时间段
		条件不成立(当前时间：2021-08-06 14:41:02.731,条件时段：09:30:00-13:00:00)
	结果：未满足
===2021-08-06 14:41:02.931===
===2021-08-06 14:41:02.977===
股票：600438板块涨跌幅判断-额外参数：
	分组名称：1
	走势名称：发
		条件不成立(不符合板块涨跌幅条件)
	结果：未满足，返回code：-1
===2021-08-06 14:41:03.433===
额外条件未满足


===============================================

==============2021-08-06 14:41:18==============
===6开始执行条件2021-08-06 14:41:14.508===
===开始判断价格条件2021-08-06 14:41:14.508===
===开始判断额外/转自动条件2021-08-06 14:41:14.686===
===2021-08-06 14:41:15.707===
股票：600438指定时间段判断-额外参数：
	分组名称：1
	走势名称：时间段
		条件不成立(当前时间：2021-08-06 14:41:14.507,条件时段：09:30:00-13:00:00)
	结果：未满足
===2021-08-06 14:41:15.707===
===2021-08-06 14:41:18.424===
股票：600438板块涨跌幅判断-额外参数：
	分组名称：1
	走势名称：发
		条件不成立(不符合板块涨跌幅条件)
	结果：未满足，返回code：-1
===2021-08-06 14:41:18.785===
额外条件未满足


===============================================

==============2021-08-06 14:41:43==============
===6开始执行条件2021-08-06 14:41:38.223===
===开始判断价格条件2021-08-06 14:41:38.223===
===开始判断额外/转自动条件2021-08-06 14:41:38.996===
===2021-08-06 14:41:39.169===
股票：600438指定时间段判断-额外参数：
	分组名称：1
	走势名称：时间段
		条件不成立(当前时间：2021-08-06 14:41:38.223,条件时段：09:30:00-13:00:00)
	结果：未满足
===2021-08-06 14:41:39.169===
===2021-08-06 14:41:39.373===
股票：600438板块涨跌幅判断-额外参数：
	分组名称：1
	走势名称：发
		条件不成立(不符合板块涨跌幅条件)
	结果：未满足，返回code：-1
===2021-08-06 14:41:42.907===
额外条件未满足


===============================================

==============2021-08-06 14:42:33==============
===6开始执行条件2021-08-06 14:42:30.131===
===开始判断价格条件2021-08-06 14:42:30.131===
===开始判断额外/转自动条件2021-08-06 14:42:30.529===
===2021-08-06 14:42:30.686===
股票：600438指定时间段判断-额外参数：
	分组名称：1
	走势名称：时间段
		条件不成立(当前时间：2021-08-06 14:42:30.130,条件时段：09:30:00-13:00:00)
	结果：未满足
===2021-08-06 14:42:30.686===
===2021-08-06 14:42:30.791===
股票：600438板块涨跌幅判断-额外参数：
	分组名称：1
	走势名称：发
		条件不成立(不符合板块涨跌幅条件)
	结果：未满足，返回code：-1
===2021-08-06 14:42:33.529===
额外条件未满足


===============================================

==============2021-08-06 14:42:54==============
===6开始执行条件2021-08-06 14:42:51.301===
===开始判断价格条件2021-08-06 14:42:51.301===
===开始判断额外/转自动条件2021-08-06 14:42:52.063===
===2021-08-06 14:42:52.639===
股票：600438指定时间段判断-额外参数：
	分组名称：1
	走势名称：时间段
		条件不成立(当前时间：2021-08-06 14:42:51.301,条件时段：09:30:00-13:00:00)
	结果：未满足
===2021-08-06 14:42:52.639===
===2021-08-06 14:42:52.798===
股票：600438板块涨跌幅判断-额外参数：
	分组名称：1
	走势名称：发
		条件不成立(不符合板块涨跌幅条件)
	结果：未满足，返回code：-1
===2021-08-06 14:42:54.634===
额外条件未满足


===============================================

==============2021-08-06 14:43:07==============
===6开始执行条件2021-08-06 14:43:06.474===
===开始判断价格条件2021-08-06 14:43:06.474===
===开始判断额外/转自动条件2021-08-06 14:43:06.570===
===2021-08-06 14:43:06.757===
股票：600438指定时间段判断-额外参数：
	分组名称：1
	走势名称：时间段
		条件不成立(当前时间：2021-08-06 14:43:06.474,条件时段：09:30:00-13:00:00)
	结果：未满足
===2021-08-06 14:43:06.757===
===2021-08-06 14:43:06.837===
股票：600438板块涨跌幅判断-额外参数：
	分组名称：1
	走势名称：发
		条件不成立(不符合板块涨跌幅条件)
	结果：未满足，返回code：-1
===2021-08-06 14:43:07.150===
额外条件未满足


===============================================

==============2021-08-06 14:43:45==============
===6开始执行条件2021-08-06 14:43:26.484===
===开始判断价格条件2021-08-06 14:43:26.484===
===开始判断额外/转自动条件2021-08-06 14:43:30.938===
===2021-08-06 14:43:33.395===
股票：600438指定时间段判断-额外参数：
	分组名称：1
	走势名称：时间段
		条件不成立(当前时间：2021-08-06 14:43:26.483,条件时段：09:30:00-13:00:00)
	结果：未满足
===2021-08-06 14:43:33.395===
===2021-08-06 14:43:34.628===
股票：600438板块涨跌幅判断-额外参数：
	分组名称：1
	走势名称：发
		条件不成立(不符合板块涨跌幅条件)
	结果：未满足，返回code：-1
===2021-08-06 14:43:45.148===
额外条件未满足


===============================================

==============2021-08-06 15:02:53==============
===6开始执行条件2021-08-06 14:44:07.579===
===开始判断价格条件2021-08-06 14:44:07.579===
===开始判断额外/转自动条件2021-08-06 14:44:12.251===
===2021-08-06 15:02:40.024===
股票：600438指定时间段判断-额外参数：
	分组名称：1
	走势名称：时间段
		条件不成立(当前时间：2021-08-06 14:44:07.578,条件时段：09:30:00-13:00:00)
	结果：未满足
===2021-08-06 15:02:40.024===
===2021-08-06 15:02:43.567===
股票：600438板块涨跌幅判断-额外参数：
	分组名称：1
	走势名称：发
		条件不成立(不符合板块涨跌幅条件)
	结果：未满足，返回code：-1
===2021-08-06 15:02:53.360===
额外条件未满足


===============================================

==============2021-08-06 15:03:10==============
===6开始执行条件2021-08-06 15:03:06.282===
===开始判断价格条件2021-08-06 15:03:06.282===
===开始判断额外/转自动条件2021-08-06 15:03:07.901===
===2021-08-06 15:03:08.354===
股票：600438指定时间段判断-额外参数：
	分组名称：1
	走势名称：时间段
		条件不成立(当前时间：2021-08-06 15:03:06.282,条件时段：09:30:00-13:00:00)
	结果：未满足
===2021-08-06 15:03:08.354===
===2021-08-06 15:03:08.622===
股票：600438板块涨跌幅判断-额外参数：
	分组名称：1
	走势名称：发
		条件不成立(不符合板块涨跌幅条件)
	结果：未满足，返回code：-1
===2021-08-06 15:03:10.616===
额外条件未满足


===============================================

==============2021-08-06 15:03:22==============
===6开始执行条件2021-08-06 15:03:20.540===
===开始判断价格条件2021-08-06 15:03:20.540===
===开始判断额外/转自动条件2021-08-06 15:03:20.956===
===2021-08-06 15:03:21.151===
股票：600438指定时间段判断-额外参数：
	分组名称：1
	走势名称：时间段
		条件不成立(当前时间：2021-08-06 15:03:20.540,条件时段：09:30:00-13:00:00)
	结果：未满足
===2021-08-06 15:03:21.151===
===2021-08-06 15:03:21.236===
股票：600438板块涨跌幅判断-额外参数：
	分组名称：1
	走势名称：发
		条件不成立(不符合板块涨跌幅条件)
	结果：未满足，返回code：-1
===2021-08-06 15:03:22.376===
额外条件未满足


===============================================

==============2021-08-06 15:03:41==============
===6开始执行条件2021-08-06 15:03:40.127===
===开始判断价格条件2021-08-06 15:03:40.127===
===开始判断额外/转自动条件2021-08-06 15:03:40.610===
===2021-08-06 15:03:40.905===
股票：600438指定时间段判断-额外参数：
	分组名称：1
	走势名称：时间段
		条件不成立(当前时间：2021-08-06 15:03:40.126,条件时段：09:30:00-13:00:00)
	结果：未满足
===2021-08-06 15:03:40.906===
===2021-08-06 15:03:40.990===
股票：600438板块涨跌幅判断-额外参数：
	分组名称：1
	走势名称：发
		条件不成立(不符合板块涨跌幅条件)
	结果：未满足，返回code：-1
===2021-08-06 15:03:41.758===
额外条件未满足


===============================================

==============2021-08-06 15:04:55==============
===6开始执行条件2021-08-06 15:04:54.078===
===开始判断价格条件2021-08-06 15:04:54.078===
===开始判断额外/转自动条件2021-08-06 15:04:54.631===
===2021-08-06 15:04:54.793===
股票：600438指定时间段判断-额外参数：
	分组名称：1
	走势名称：时间段
		条件不成立(当前时间：2021-08-06 15:04:54.074,条件时段：09:30:00-13:00:00)
	结果：未满足
===2021-08-06 15:04:54.793===
===2021-08-06 15:04:54.837===
股票：600438板块涨跌幅判断-额外参数：
	分组名称：1
	走势名称：发
		条件不成立(不符合板块涨跌幅条件)
	结果：未满足，返回code：-1
===2021-08-06 15:04:55.586===
额外条件未满足


===============================================

==============2021-08-06 15:05:16==============
===6开始执行条件2021-08-06 15:05:10.515===
===开始判断价格条件2021-08-06 15:05:10.515===
===开始判断额外/转自动条件2021-08-06 15:05:11.628===
===2021-08-06 15:05:12.396===
股票：600438指定时间段判断-额外参数：
	分组名称：1
	走势名称：时间段
		条件不成立(当前时间：2021-08-06 15:05:10.515,条件时段：09:30:00-13:00:00)
	结果：未满足
===2021-08-06 15:05:12.397===
===2021-08-06 15:05:12.640===
股票：600438板块涨跌幅判断-额外参数：
	分组名称：1
	走势名称：发
		条件不成立(不符合板块涨跌幅条件)
	结果：未满足，返回code：-1
===2021-08-06 15:05:16.459===
额外条件未满足


===============================================

==============2021-08-06 15:06:09==============
===6开始执行条件2021-08-06 15:06:03.696===
===开始判断价格条件2021-08-06 15:06:03.696===
===开始判断额外/转自动条件2021-08-06 15:06:04.781===
===2021-08-06 15:06:05.291===
股票：600438指定时间段判断-额外参数：
	分组名称：1
	走势名称：时间段
		条件不成立(当前时间：2021-08-06 15:06:03.696,条件时段：09:30:00-13:00:00)
	结果：未满足
===2021-08-06 15:06:05.291===
===2021-08-06 15:06:05.372===
股票：600438板块涨跌幅判断-额外参数：
	分组名称：1
	走势名称：发
		条件不成立(不符合板块涨跌幅条件)
	结果：未满足，返回code：-1
===2021-08-06 15:06:09.941===
额外条件未满足


===============================================

==============2021-08-06 15:06:28==============
===6开始执行条件2021-08-06 15:06:23.108===
===开始判断价格条件2021-08-06 15:06:23.108===
===开始判断额外/转自动条件2021-08-06 15:06:23.709===
===2021-08-06 15:06:24.169===
股票：600438指定时间段判断-额外参数：
	分组名称：1
	走势名称：时间段
		条件不成立(当前时间：2021-08-06 15:06:23.108,条件时段：09:30:00-13:00:00)
	结果：未满足
===2021-08-06 15:06:24.169===
===2021-08-06 15:06:24.292===
股票：600438板块涨跌幅判断-额外参数：
	分组名称：1
	走势名称：发
		条件不成立(不符合板块涨跌幅条件)
	结果：未满足，返回code：-1
===2021-08-06 15:06:28.163===
额外条件未满足


===============================================

==============2021-08-06 15:06:49==============
===6开始执行条件2021-08-06 15:06:43.020===
===开始判断价格条件2021-08-06 15:06:43.020===
===开始判断额外/转自动条件2021-08-06 15:06:44.094===
===2021-08-06 15:06:44.605===
股票：600438指定时间段判断-额外参数：
	分组名称：1
	走势名称：时间段
		条件不成立(当前时间：2021-08-06 15:06:43.020,条件时段：09:30:00-13:00:00)
	结果：未满足
===2021-08-06 15:06:44.605===
===2021-08-06 15:06:44.703===
股票：600438板块涨跌幅判断-额外参数：
	分组名称：1
	走势名称：发
		条件不成立(不符合板块涨跌幅条件)
	结果：未满足，返回code：-1
===2021-08-06 15:06:49.745===
额外条件未满足


===============================================

==============2021-08-06 15:07:58==============
===6开始执行条件2021-08-06 15:07:57.764===
===开始判断价格条件2021-08-06 15:07:57.764===
===开始判断额外/转自动条件2021-08-06 15:07:58.016===
===2021-08-06 15:07:58.275===
股票：600438指定时间段判断-额外参数：
	分组名称：1
	走势名称：时间段
		条件不成立(当前时间：2021-08-06 15:07:57.764,条件时段：09:30:00-13:00:00)
	结果：未满足
===2021-08-06 15:07:58.275===
===2021-08-06 15:07:58.314===
股票：600438板块涨跌幅判断-额外参数：
	分组名称：1
	走势名称：发
		条件不成立(不符合板块涨跌幅条件)
	结果：未满足，返回code：-1
===2021-08-06 15:07:58.756===
额外条件未满足


===============================================

==============2021-08-06 15:11:34==============
===6开始执行条件2021-08-06 15:11:30.759===
===开始判断价格条件2021-08-06 15:11:30.759===
===开始判断额外/转自动条件2021-08-06 15:11:31.951===
===2021-08-06 15:11:32.317===
股票：600438指定时间段判断-额外参数：
	分组名称：1
	走势名称：时间段
		条件不成立(当前时间：2021-08-06 15:11:30.759,条件时段：09:30:00-13:00:00)
	结果：未满足
===2021-08-06 15:11:32.350===
===2021-08-06 15:11:32.454===
股票：600438板块涨跌幅判断-额外参数：
	分组名称：1
	走势名称：发
		条件不成立(不符合板块涨跌幅条件)
	结果：未满足，返回code：-1
===2021-08-06 15:11:34.604===
额外条件未满足


===============================================

==============2021-08-06 15:11:51==============
===6开始执行条件2021-08-06 15:11:48.291===
===开始判断价格条件2021-08-06 15:11:48.291===
===开始判断额外/转自动条件2021-08-06 15:11:48.591===
===2021-08-06 15:11:49.390===
股票：600438指定时间段判断-额外参数：
	分组名称：1
	走势名称：时间段
		条件不成立(当前时间：2021-08-06 15:11:48.291,条件时段：09:30:00-13:00:00)
	结果：未满足
===2021-08-06 15:11:49.390===
===2021-08-06 15:11:49.572===
股票：600438板块涨跌幅判断-额外参数：
	分组名称：1
	走势名称：发
		条件不成立(不符合板块涨跌幅条件)
	结果：未满足，返回code：-1
===2021-08-06 15:11:51.379===
额外条件未满足


===============================================

==============2021-08-06 15:12:10==============
===6开始执行条件2021-08-06 15:12:07.356===
===开始判断价格条件2021-08-06 15:12:07.356===
===开始判断额外/转自动条件2021-08-06 15:12:07.712===
===2021-08-06 15:12:07.982===
股票：600438指定时间段判断-额外参数：
	分组名称：1
	走势名称：时间段
		条件不成立(当前时间：2021-08-06 15:12:07.356,条件时段：09:30:00-13:00:00)
	结果：未满足
===2021-08-06 15:12:07.982===
===2021-08-06 15:12:08.026===
股票：600438板块涨跌幅判断-额外参数：
	分组名称：1
	走势名称：发
		条件不成立(不符合板块涨跌幅条件)
	结果：未满足，返回code：-1
===2021-08-06 15:12:10.708===
额外条件未满足


===============================================

==============2021-08-06 15:12:43==============
===6开始执行条件2021-08-06 15:12:42.865===
===开始判断价格条件2021-08-06 15:12:42.865===
===开始判断额外/转自动条件2021-08-06 15:12:43.058===
===2021-08-06 15:12:43.178===
股票：600438指定时间段判断-额外参数：
	分组名称：1
	走势名称：时间段
		条件不成立(当前时间：2021-08-06 15:12:42.865,条件时段：09:30:00-13:00:00)
	结果：未满足
===2021-08-06 15:12:43.178===
===2021-08-06 15:12:43.204===
股票：600438板块涨跌幅判断-额外参数：
	分组名称：1
	走势名称：发
		条件不成立(不符合板块涨跌幅条件)
	结果：未满足，返回code：-1
===2021-08-06 15:12:43.758===
额外条件未满足


===============================================

==============2021-08-06 15:13:52==============
===6开始执行条件2021-08-06 15:13:49.711===
===开始判断价格条件2021-08-06 15:13:49.711===
===开始判断额外/转自动条件2021-08-06 15:13:50.230===
===2021-08-06 15:13:50.448===
股票：600438指定时间段判断-额外参数：
	分组名称：1
	走势名称：时间段
		条件不成立(当前时间：2021-08-06 15:13:49.711,条件时段：09:30:00-13:00:00)
	结果：未满足
===2021-08-06 15:13:50.448===
===2021-08-06 15:13:50.536===
股票：600438板块涨跌幅判断-额外参数：
	分组名称：1
	走势名称：发
		条件不成立(不符合板块涨跌幅条件)
	结果：未满足，返回code：-1
===2021-08-06 15:13:52.859===
额外条件未满足


===============================================

==============2021-08-06 15:14:03==============
===6开始执行条件2021-08-06 15:14:03.228===
===开始判断价格条件2021-08-06 15:14:03.228===
===开始判断额外/转自动条件2021-08-06 15:14:03.356===
===2021-08-06 15:14:03.394===
股票：600438指定时间段判断-额外参数：
	分组名称：1
	走势名称：时间段
		条件不成立(当前时间：2021-08-06 15:14:03.226,条件时段：09:30:00-13:00:00)
	结果：未满足
===2021-08-06 15:14:03.394===
===2021-08-06 15:14:03.413===
股票：600438板块涨跌幅判断-额外参数：
	分组名称：1
	走势名称：发
		条件不成立(不符合板块涨跌幅条件)
	结果：未满足，返回code：-1
===2021-08-06 15:14:03.768===
额外条件未满足


===============================================

==============2021-08-06 15:26:51==============
===6开始执行条件2021-08-06 15:26:49.798===
===开始判断价格条件2021-08-06 15:26:49.798===
===开始判断额外/转自动条件2021-08-06 15:26:50.047===
===2021-08-06 15:26:50.200===
股票：600438指定时间段判断-额外参数：
	分组名称：1
	走势名称：时间段
		条件不成立(当前时间：2021-08-06 15:26:49.798,条件时段：09:30:00-13:00:00)
	结果：未满足
===2021-08-06 15:26:50.200===
===2021-08-06 15:26:50.222===
股票：600438板块涨跌幅判断-额外参数：
	分组名称：1
	走势名称：发
		条件不成立(不符合板块涨跌幅条件)
	结果：未满足，返回code：-1
===2021-08-06 15:26:51.172===
额外条件未满足


===============================================

==============2021-08-06 15:27:58==============
===6开始执行条件2021-08-06 15:27:54.426===
===开始判断价格条件2021-08-06 15:27:54.426===
===开始判断额外/转自动条件2021-08-06 15:27:54.994===
===2021-08-06 15:27:55.319===
股票：600438指定时间段判断-额外参数：
	分组名称：1
	走势名称：时间段
		条件不成立(当前时间：2021-08-06 15:27:54.413,条件时段：09:30:00-13:00:00)
	结果：未满足
===2021-08-06 15:27:55.319===
===2021-08-06 15:27:55.816===
股票：600438板块涨跌幅判断-额外参数：
	分组名称：1
	走势名称：发
		条件不成立(不符合板块涨跌幅条件)
	结果：未满足，返回code：-1
===2021-08-06 15:27:58.967===
额外条件未满足


===============================================

==============2021-08-06 15:28:30==============
===6开始执行条件2021-08-06 15:28:26.322===
===开始判断价格条件2021-08-06 15:28:26.322===
===开始判断额外/转自动条件2021-08-06 15:28:26.745===
===2021-08-06 15:28:26.973===
股票：600438指定时间段判断-额外参数：
	分组名称：1
	走势名称：时间段
		条件不成立(当前时间：2021-08-06 15:28:26.322,条件时段：09:30:00-13:00:00)
	结果：未满足
===2021-08-06 15:28:26.973===
===2021-08-06 15:28:27.149===
股票：600438板块涨跌幅判断-额外参数：
	分组名称：1
	走势名称：发
		条件不成立(不符合板块涨跌幅条件)
	结果：未满足，返回code：-1
===2021-08-06 15:28:30.133===
额外条件未满足


===============================================

==============2021-08-06 15:28:47==============
===6开始执行条件2021-08-06 15:28:45.308===
===开始判断价格条件2021-08-06 15:28:45.308===
===开始判断额外/转自动条件2021-08-06 15:28:45.569===
===2021-08-06 15:28:45.761===
股票：600438指定时间段判断-额外参数：
	分组名称：1
	走势名称：时间段
		条件不成立(当前时间：2021-08-06 15:28:45.308,条件时段：09:30:00-13:00:00)
	结果：未满足
===2021-08-06 15:28:45.761===
===2021-08-06 15:28:45.841===
股票：600438板块涨跌幅判断-额外参数：
	分组名称：1
	走势名称：发
		条件不成立(不符合板块涨跌幅条件)
	结果：未满足，返回code：-1
===2021-08-06 15:28:47.894===
额外条件未满足


===============================================

==============2021-08-06 15:29:57==============
===6开始执行条件2021-08-06 15:29:56.893===
===开始判断价格条件2021-08-06 15:29:56.893===
===开始判断额外/转自动条件2021-08-06 15:29:56.959===
===2021-08-06 15:29:57.015===
股票：600438指定时间段判断-额外参数：
	分组名称：1
	走势名称：时间段
		条件不成立(当前时间：2021-08-06 15:29:56.892,条件时段：09:30:00-13:00:00)
	结果：未满足
===2021-08-06 15:29:57.015===
===2021-08-06 15:29:57.030===
股票：600438板块涨跌幅判断-额外参数：
	分组名称：1
	走势名称：发
		条件不成立(不符合板块涨跌幅条件)
	结果：未满足，返回code：-1
===2021-08-06 15:29:57.593===
额外条件未满足


===============================================

==============2021-08-06 15:30:18==============
===6开始执行条件2021-08-06 15:30:13.496===
===开始判断价格条件2021-08-06 15:30:13.496===
===开始判断额外/转自动条件2021-08-06 15:30:14.035===
===2021-08-06 15:30:14.406===
股票：600438指定时间段判断-额外参数：
	分组名称：1
	走势名称：时间段
		条件不成立(当前时间：2021-08-06 15:30:13.496,条件时段：09:30:00-13:00:00)
	结果：未满足
===2021-08-06 15:30:14.406===
===2021-08-06 15:30:14.610===
股票：600438板块涨跌幅判断-额外参数：
	分组名称：1
	走势名称：发
		条件不成立(不符合板块涨跌幅条件)
	结果：未满足，返回code：-1
===2021-08-06 15:30:18.237===
额外条件未满足


===============================================

==============2021-08-06 15:30:35==============
===6开始执行条件2021-08-06 15:30:35.478===
===开始判断价格条件2021-08-06 15:30:35.478===
===开始判断额外/转自动条件2021-08-06 15:30:35.540===
===2021-08-06 15:30:35.596===
股票：600438指定时间段判断-额外参数：
	分组名称：1
	走势名称：时间段
		条件不成立(当前时间：2021-08-06 15:30:35.478,条件时段：09:30:00-13:00:00)
	结果：未满足
===2021-08-06 15:30:35.596===
===2021-08-06 15:30:35.618===
股票：600438板块涨跌幅判断-额外参数：
	分组名称：1
	走势名称：发
		条件不成立(不符合板块涨跌幅条件)
	结果：未满足，返回code：-1
===2021-08-06 15:30:35.828===
额外条件未满足


===============================================

==============2021-08-06 15:30:55==============
===6开始执行条件2021-08-06 15:30:52.632===
===开始判断价格条件2021-08-06 15:30:52.632===
===开始判断额外/转自动条件2021-08-06 15:30:53.094===
===2021-08-06 15:30:53.320===
股票：600438指定时间段判断-额外参数：
	分组名称：1
	走势名称：时间段
		条件不成立(当前时间：2021-08-06 15:30:52.632,条件时段：09:30:00-13:00:00)
	结果：未满足
===2021-08-06 15:30:53.320===
===2021-08-06 15:30:53.392===
股票：600438板块涨跌幅判断-额外参数：
	分组名称：1
	走势名称：发
		条件不成立(不符合板块涨跌幅条件)
	结果：未满足，返回code：-1
===2021-08-06 15:30:55.483===
额外条件未满足


===============================================

==============2021-08-06 15:31:11==============
===6开始执行条件2021-08-06 15:31:10.701===
===开始判断价格条件2021-08-06 15:31:10.701===
===开始判断额外/转自动条件2021-08-06 15:31:10.780===
===2021-08-06 15:31:10.839===
股票：600438指定时间段判断-额外参数：
	分组名称：1
	走势名称：时间段
		条件不成立(当前时间：2021-08-06 15:31:10.700,条件时段：09:30:00-13:00:00)
	结果：未满足
===2021-08-06 15:31:10.839===
===2021-08-06 15:31:10.926===
股票：600438板块涨跌幅判断-额外参数：
	分组名称：1
	走势名称：发
		条件不成立(不符合板块涨跌幅条件)
	结果：未满足，返回code：-1
===2021-08-06 15:31:11.250===
额外条件未满足


===============================================

==============2021-08-06 15:31:32==============
===6开始执行条件2021-08-06 15:31:28.641===
===开始判断价格条件2021-08-06 15:31:28.641===
===开始判断额外/转自动条件2021-08-06 15:31:28.889===
===2021-08-06 15:31:29.301===
股票：600438指定时间段判断-额外参数：
	分组名称：1
	走势名称：时间段
		条件不成立(当前时间：2021-08-06 15:31:28.640,条件时段：09:30:00-13:00:00)
	结果：未满足
===2021-08-06 15:31:29.301===
===2021-08-06 15:31:29.446===
股票：600438板块涨跌幅判断-额外参数：
	分组名称：1
	走势名称：发
		条件不成立(不符合板块涨跌幅条件)
	结果：未满足，返回code：-1
===2021-08-06 15:31:32.303===
额外条件未满足


===============================================

==============2021-08-06 15:31:50==============
===6开始执行条件2021-08-06 15:31:46.441===
===开始判断价格条件2021-08-06 15:31:46.441===
===开始判断额外/转自动条件2021-08-06 15:31:46.879===
===2021-08-06 15:31:47.145===
股票：600438指定时间段判断-额外参数：
	分组名称：1
	走势名称：时间段
		条件不成立(当前时间：2021-08-06 15:31:46.440,条件时段：09:30:00-13:00:00)
	结果：未满足
===2021-08-06 15:31:47.145===
===2021-08-06 15:31:47.226===
股票：600438板块涨跌幅判断-额外参数：
	分组名称：1
	走势名称：发
		条件不成立(不符合板块涨跌幅条件)
	结果：未满足，返回code：-1
===2021-08-06 15:31:50.127===
额外条件未满足


===============================================

==============2021-08-06 15:32:11==============
===6开始执行条件2021-08-06 15:32:08.402===
===开始判断价格条件2021-08-06 15:32:08.402===
===开始判断额外/转自动条件2021-08-06 15:32:08.790===
===2021-08-06 15:32:09.111===
股票：600438指定时间段判断-额外参数：
	分组名称：1
	走势名称：时间段
		条件不成立(当前时间：2021-08-06 15:32:08.401,条件时段：09:30:00-13:00:00)
	结果：未满足
===2021-08-06 15:32:09.111===
===2021-08-06 15:32:09.262===
股票：600438板块涨跌幅判断-额外参数：
	分组名称：1
	走势名称：发
		条件不成立(不符合板块涨跌幅条件)
	结果：未满足，返回code：-1
===2021-08-06 15:32:11.870===
额外条件未满足


===============================================

==============2021-08-06 15:32:28==============
===6开始执行条件2021-08-06 15:32:27.163===
===开始判断价格条件2021-08-06 15:32:27.163===
===开始判断额外/转自动条件2021-08-06 15:32:27.317===
===2021-08-06 15:32:27.437===
股票：600438指定时间段判断-额外参数：
	分组名称：1
	走势名称：时间段
		条件不成立(当前时间：2021-08-06 15:32:27.163,条件时段：09:30:00-13:00:00)
	结果：未满足
===2021-08-06 15:32:27.438===
===2021-08-06 15:32:27.514===
股票：600438板块涨跌幅判断-额外参数：
	分组名称：1
	走势名称：发
		条件不成立(不符合板块涨跌幅条件)
	结果：未满足，返回code：-1
===2021-08-06 15:32:28.509===
额外条件未满足


===============================================

==============2021-08-06 15:32:38==============
===6开始执行条件2021-08-06 15:32:37.517===
===开始判断价格条件2021-08-06 15:32:37.517===
===开始判断额外/转自动条件2021-08-06 15:32:37.682===
===2021-08-06 15:32:37.821===
股票：600438指定时间段判断-额外参数：
	分组名称：1
	走势名称：时间段
		条件不成立(当前时间：2021-08-06 15:32:37.517,条件时段：09:30:00-13:00:00)
	结果：未满足
===2021-08-06 15:32:37.821===
===2021-08-06 15:32:37.848===
股票：600438板块涨跌幅判断-额外参数：
	分组名称：1
	走势名称：发
		条件不成立(不符合板块涨跌幅条件)
	结果：未满足，返回code：-1
===2021-08-06 15:32:38.106===
额外条件未满足


===============================================

==============2021-08-06 15:32:51==============
===6开始执行条件2021-08-06 15:32:51.172===
===开始判断价格条件2021-08-06 15:32:51.172===
===开始判断额外/转自动条件2021-08-06 15:32:51.253===
===2021-08-06 15:32:51.296===
股票：600438指定时间段判断-额外参数：
	分组名称：1
	走势名称：时间段
		条件不成立(当前时间：2021-08-06 15:32:51.171,条件时段：09:30:00-13:00:00)
	结果：未满足
===2021-08-06 15:32:51.296===
===2021-08-06 15:32:51.322===
股票：600438板块涨跌幅判断-额外参数：
	分组名称：1
	走势名称：发
		条件不成立(不符合板块涨跌幅条件)
	结果：未满足，返回code：-1
===2021-08-06 15:32:51.668===
额外条件未满足


===============================================

==============2021-08-06 15:33:04==============
===6开始执行条件2021-08-06 15:33:02.591===
===开始判断价格条件2021-08-06 15:33:02.591===
===开始判断额外/转自动条件2021-08-06 15:33:02.911===
===2021-08-06 15:33:03.086===
股票：600438指定时间段判断-额外参数：
	分组名称：1
	走势名称：时间段
		条件不成立(当前时间：2021-08-06 15:33:02.591,条件时段：09:30:00-13:00:00)
	结果：未满足
===2021-08-06 15:33:03.086===
===2021-08-06 15:33:03.160===
股票：600438板块涨跌幅判断-额外参数：
	分组名称：1
	走势名称：发
		条件不成立(不符合板块涨跌幅条件)
	结果：未满足，返回code：-1
===2021-08-06 15:33:04.726===
额外条件未满足


===============================================

==============2021-08-06 15:36:52==============
===6开始执行条件2021-08-06 15:33:20.503===
===开始判断价格条件2021-08-06 15:33:20.503===
===开始判断额外/转自动条件2021-08-06 15:35:42.777===
===2021-08-06 15:35:55.718===
股票：600438指定时间段判断-额外参数：
	分组名称：1
	走势名称：时间段
		条件不成立(当前时间：2021-08-06 15:33:20.502,条件时段：09:30:00-13:00:00)
	结果：未满足
===2021-08-06 15:35:55.718===
===2021-08-06 15:36:07.913===
股票：600438板块涨跌幅判断-额外参数：
	分组名称：1
	走势名称：发
		条件不成立(不符合板块涨跌幅条件)
	结果：未满足，返回code：-1
===2021-08-06 15:36:51.256===
额外条件未满足


===============================================

==============2021-08-06 15:38:07==============
===6开始执行条件2021-08-06 15:38:06.437===
===开始判断价格条件2021-08-06 15:38:06.437===
===开始判断额外/转自动条件2021-08-06 15:38:06.561===
===2021-08-06 15:38:06.773===
股票：600438指定时间段判断-额外参数：
	分组名称：1
	走势名称：时间段
		条件不成立(当前时间：2021-08-06 15:38:06.437,条件时段：09:30:00-13:00:00)
	结果：未满足
===2021-08-06 15:38:06.774===
===2021-08-06 15:38:06.933===
股票：600438板块涨跌幅判断-额外参数：
	分组名称：1
	走势名称：发
		条件不成立(不符合板块涨跌幅条件)
	结果：未满足，返回code：-1
===2021-08-06 15:38:07.320===
额外条件未满足


===============================================

==============2021-08-06 15:38:28==============
===6开始执行条件2021-08-06 15:38:27.756===
===开始判断价格条件2021-08-06 15:38:27.756===
===开始判断额外/转自动条件2021-08-06 15:38:27.933===
===2021-08-06 15:38:27.993===
股票：600438指定时间段判断-额外参数：
	分组名称：1
	走势名称：时间段
		条件不成立(当前时间：2021-08-06 15:38:27.723,条件时段：09:30:00-13:00:00)
	结果：未满足
===2021-08-06 15:38:27.994===
===2021-08-06 15:38:28.013===
股票：600438板块涨跌幅判断-额外参数：
	分组名称：1
	走势名称：发
		条件不成立(不符合板块涨跌幅条件)
	结果：未满足，返回code：-1
===2021-08-06 15:38:28.182===
额外条件未满足


===============================================

==============2021-08-06 15:40:26==============
===6开始执行条件2021-08-06 15:40:18.102===
===开始判断价格条件2021-08-06 15:40:18.102===
===开始判断额外/转自动条件2021-08-06 15:40:19.745===
===2021-08-06 15:40:20.335===
股票：600438指定时间段判断-额外参数：
	分组名称：1
	走势名称：时间段
		条件不成立(当前时间：2021-08-06 15:40:18.102,条件时段：09:30:00-13:00:00)
	结果：未满足
===2021-08-06 15:40:20.335===
===2021-08-06 15:40:20.811===
股票：600438板块涨跌幅判断-额外参数：
	分组名称：1
	走势名称：发
		条件不成立(不符合板块涨跌幅条件)
	结果：未满足，返回code：-1
===2021-08-06 15:40:26.050===
额外条件未满足


===============================================

