==============2021-08-09 10:11:08==============
===6开始执行条件2021-08-09 10:11:08.123===
===开始判断价格条件2021-08-09 10:11:08.123===
===开始判断额外/转自动条件2021-08-09 10:11:08.201===
===2021-08-09 10:11:08.263===
股票：000572指定时间段判断-额外参数：
	分组名称：1
	走势名称：时间段
		条件成立(当前时间：2021-08-09 10:11:08.123,条件时段：09:30:00-13:00:00)
	结果：达到要求
===2021-08-09 10:11:08.314===
===2021-08-09 10:11:08.416===
股票：000572多头向上判断-转自动参数：
	分组名称：2
	走势名称：多头向上
	结果：未满足，返回code：0
===2021-08-09 10:11:08.416===
满足所有条件，可以触发


===============================================

==============2021-08-09 10:11:45==============
===6开始执行条件2021-08-09 10:11:29.044===
===开始判断价格条件2021-08-09 10:11:29.044===
===开始判断额外/转自动条件2021-08-09 10:11:30.249===
===2021-08-09 10:11:31.130===
股票：000572指定时间段判断-额外参数：
	分组名称：1
	走势名称：时间段
		条件成立(当前时间：2021-08-09 10:11:29.044,条件时段：09:30:00-13:00:00)
	结果：达到要求
===2021-08-09 10:11:37.738===
===2021-08-09 10:11:45.757===
股票：000572多头向上判断-转自动参数：
	分组名称：2
	走势名称：多头向上
	结果：未满足，返回code：0
===2021-08-09 10:11:45.757===
满足所有条件，可以触发


===============================================

==============2021-08-09 11:02:53==============
===6开始执行条件2021-08-09 11:02:53.277===
===开始判断价格条件2021-08-09 11:02:53.277===
===开始判断额外/转自动条件2021-08-09 11:02:53.346===
===2021-08-09 11:02:53.440===
股票：000572指定时间段判断-额外参数：
	分组名称：1
	走势名称：时间段
		条件成立(当前时间：2021-08-09 11:02:53.277,条件时段：09:30:00-13:00:00)
	结果：达到要求
===2021-08-09 11:02:53.610===
===2021-08-09 11:02:53.746===
股票：000572多头向上判断-转自动参数：
	分组名称：2
	走势名称：多头向上
	结果：未满足，返回code：0
===2021-08-09 11:02:53.746===
满足所有条件，可以触发


===============================================

==============2021-08-09 11:03:18==============
===6开始执行条件2021-08-09 11:03:17.579===
===开始判断价格条件2021-08-09 11:03:17.579===
===开始判断额外/转自动条件2021-08-09 11:03:17.698===
===2021-08-09 11:03:17.863===
股票：000572指定时间段判断-额外参数：
	分组名称：1
	走势名称：时间段
		条件成立(当前时间：2021-08-09 11:03:17.579,条件时段：09:30:00-13:00:00)
	结果：达到要求
===2021-08-09 11:03:18.024===
===2021-08-09 11:03:18.438===
股票：000572多头向上判断-转自动参数：
	分组名称：2
	走势名称：多头向上
	结果：未满足，返回code：0
===2021-08-09 11:03:18.438===
满足所有条件，可以触发


===============================================

==============2021-08-09 11:03:34==============
===6开始执行条件2021-08-09 11:03:32.778===
===开始判断价格条件2021-08-09 11:03:32.778===
===开始判断额外/转自动条件2021-08-09 11:03:32.941===
===2021-08-09 11:03:33.595===
股票：000572指定时间段判断-额外参数：
	分组名称：1
	走势名称：时间段
		条件成立(当前时间：2021-08-09 11:03:32.777,条件时段：09:30:00-13:00:00)
	结果：达到要求
===2021-08-09 11:03:33.824===
===2021-08-09 11:03:34.357===
股票：000572多头向上判断-转自动参数：
	分组名称：2
	走势名称：多头向上
	结果：未满足，返回code：0
===2021-08-09 11:03:34.357===
满足所有条件，可以触发


===============================================

