==============2021-08-06 15:32:49==============
===6开始执行条件2021-08-06 15:32:48.341===
===开始判断价格条件2021-08-06 15:32:48.341===
===开始判断额外/转自动条件2021-08-06 15:32:48.735===
===2021-08-06 15:32:48.936===
股票：600338指定时间段判断-额外参数：
	分组名称：1
	走势名称：时间段
		条件不成立(当前时间：2021-08-06 15:32:48.340,条件时段：09:30:00-13:00:00)
	结果：未满足
===2021-08-06 15:32:48.936===
===2021-08-06 15:32:49.082===
股票：600338板块涨跌幅判断-额外参数：
	分组名称：1
	走势名称：发
		条件不成立(不符合板块涨跌幅条件)
	结果：未满足，返回code：-1
===2021-08-06 15:32:49.711===
额外条件未满足


===============================================

==============2021-08-06 17:04:59==============
===6开始执行条件2021-08-06 17:04:58.383===
===开始判断价格条件2021-08-06 17:04:58.383===
===开始判断额外/转自动条件2021-08-06 17:04:58.726===
===2021-08-06 17:04:58.792===
股票：600338指定时间段判断-额外参数：
	分组名称：1
	走势名称：时间段
		条件不成立(当前时间：2021-08-06 17:04:58.382,条件时段：09:30:00-13:00:00)
	结果：未满足
===2021-08-06 17:04:58.792===
===2021-08-06 17:04:58.827===
股票：600338板块涨跌幅判断-额外参数：
	分组名称：1
	走势名称：发
		条件不成立(不符合板块涨跌幅条件)
	结果：未满足，返回code：-1
===2021-08-06 17:04:59.832===
额外条件未满足


===============================================

==============2021-08-06 17:05:39==============
===6开始执行条件2021-08-06 17:05:37.819===
===开始判断价格条件2021-08-06 17:05:37.819===
===开始判断额外/转自动条件2021-08-06 17:05:38.051===
===2021-08-06 17:05:38.338===
股票：600338指定时间段判断-额外参数：
	分组名称：1
	走势名称：时间段
		条件不成立(当前时间：2021-08-06 17:05:37.819,条件时段：09:30:00-13:00:00)
	结果：未满足
===2021-08-06 17:05:38.338===
===2021-08-06 17:05:38.501===
股票：600338板块涨跌幅判断-额外参数：
	分组名称：1
	走势名称：发
		条件不成立(不符合板块涨跌幅条件)
	结果：未满足，返回code：-1
===2021-08-06 17:05:39.530===
额外条件未满足


===============================================

==============2021-08-06 17:10:25==============
===6开始执行条件2021-08-06 17:10:23.447===
===开始判断价格条件2021-08-06 17:10:23.447===
===开始判断额外/转自动条件2021-08-06 17:10:23.939===
===2021-08-06 17:10:24.269===
股票：600338指定时间段判断-额外参数：
	分组名称：1
	走势名称：时间段
		条件不成立(当前时间：2021-08-06 17:10:23.447,条件时段：09:30:00-13:00:00)
	结果：未满足
===2021-08-06 17:10:24.270===
===2021-08-06 17:10:24.337===
股票：600338板块涨跌幅判断-额外参数：
	分组名称：1
	走势名称：发
		条件不成立(不符合板块涨跌幅条件)
	结果：未满足，返回code：-1
===2021-08-06 17:10:25.239===
额外条件未满足


===============================================

==============2021-08-06 17:10:42==============
===6开始执行条件2021-08-06 17:10:41.316===
===开始判断价格条件2021-08-06 17:10:41.316===
===开始判断额外/转自动条件2021-08-06 17:10:41.477===
===2021-08-06 17:10:41.731===
股票：600338指定时间段判断-额外参数：
	分组名称：1
	走势名称：时间段
		条件不成立(当前时间：2021-08-06 17:10:41.315,条件时段：09:30:00-13:00:00)
	结果：未满足
===2021-08-06 17:10:41.731===
===2021-08-06 17:10:41.822===
股票：600338板块涨跌幅判断-额外参数：
	分组名称：1
	走势名称：发
		条件不成立(不符合板块涨跌幅条件)
	结果：未满足，返回code：-1
===2021-08-06 17:10:42.327===
额外条件未满足


===============================================

==============2021-08-06 17:12:10==============
===6开始执行条件2021-08-06 17:12:08.242===
===开始判断价格条件2021-08-06 17:12:08.242===
===开始判断额外/转自动条件2021-08-06 17:12:08.370===
===2021-08-06 17:12:08.645===
股票：600338指定时间段判断-额外参数：
	分组名称：1
	走势名称：时间段
		条件不成立(当前时间：2021-08-06 17:12:08.242,条件时段：09:30:00-13:00:00)
	结果：未满足
===2021-08-06 17:12:08.646===
===2021-08-06 17:12:08.771===
股票：600338板块涨跌幅判断-额外参数：
	分组名称：1
	走势名称：发
		条件不成立(不符合板块涨跌幅条件)
	结果：未满足，返回code：-1
===2021-08-06 17:12:10.640===
额外条件未满足


===============================================

