==============2021-08-10 17:53:54==============
===6开始执行条件2021-08-10 17:53:51.986===
===开始判断价格条件2021-08-10 17:53:51.986===
===开始判断额外/转自动条件2021-08-10 17:53:53.344===
===2021-08-10 17:53:53.976===
股票：600338指定时间段判断-额外参数：
	分组名称：1
	走势名称：时间段
		条件不成立(当前时间：2021-08-10 17:53:51.986,条件时段：09:30:00-13:00:00)
	结果：未满足
===2021-08-10 17:53:53.976===
===2021-08-10 17:53:54.205===
股票：600338板块涨跌幅判断-额外参数：
	分组名称：1
	走势名称：发
		条件不成立(不符合板块涨跌幅条件)
	结果：未满足，返回code：-1
===2021-08-10 17:53:54.716===
额外条件未满足


===============================================

