==============2021-08-11 10:28:54==============
===6开始执行条件2021-08-11 10:28:53.662===
===开始判断价格条件2021-08-11 10:28:53.662===
===开始判断额外/转自动条件2021-08-11 10:28:54.014===
===2021-08-11 10:28:54.281===
股票：600338指定时间段判断-额外参数：
	分组名称：1
	走势名称：时间段
		条件成立(当前时间：2021-08-11 10:28:53.662,条件时段：09:30:00-13:00:00)
	结果：达到要求
===2021-08-11 10:28:54.445===
===2021-08-11 10:28:54.568===
股票：600338多头向上判断-转自动参数：
	分组名称：2
	走势名称：多头向上
	结果：未满足，返回code：0
===2021-08-11 10:28:54.568===
满足所有条件，可以触发


===============================================

==============2021-08-11 10:29:03==============
===6开始执行条件2021-08-11 10:29:02.583===
===开始判断价格条件2021-08-11 10:29:02.583===
===开始判断额外/转自动条件2021-08-11 10:29:02.835===
===2021-08-11 10:29:02.956===
股票：600338指定时间段判断-额外参数：
	分组名称：1
	走势名称：时间段
		条件成立(当前时间：2021-08-11 10:29:02.583,条件时段：09:30:00-13:00:00)
	结果：达到要求
===2021-08-11 10:29:03.374===
===2021-08-11 10:29:03.660===
股票：600338多头向上判断-转自动参数：
	分组名称：2
	走势名称：多头向上
	结果：未满足，返回code：0
===2021-08-11 10:29:03.660===
满足所有条件，可以触发


===============================================

==============2021-08-11 10:29:46==============
===6开始执行条件2021-08-11 10:29:46.375===
===开始判断价格条件2021-08-11 10:29:46.375===
===开始判断额外/转自动条件2021-08-11 10:29:46.492===
===2021-08-11 10:29:46.583===
股票：600338指定时间段判断-额外参数：
	分组名称：1
	走势名称：时间段
		条件成立(当前时间：2021-08-11 10:29:46.375,条件时段：09:30:00-13:00:00)
	结果：达到要求
===2021-08-11 10:29:46.668===
===2021-08-11 10:29:46.803===
股票：600338多头向上判断-转自动参数：
	分组名称：2
	走势名称：多头向上
	结果：未满足，返回code：0
===2021-08-11 10:29:46.803===
满足所有条件，可以触发


===============================================

==============2021-08-11 10:30:00==============
===6开始执行条件2021-08-11 10:29:58.644===
===开始判断价格条件2021-08-11 10:29:58.644===
===开始判断额外/转自动条件2021-08-11 10:29:59.086===
===2021-08-11 10:29:59.689===
股票：600338指定时间段判断-额外参数：
	分组名称：1
	走势名称：时间段
		条件成立(当前时间：2021-08-11 10:29:58.644,条件时段：09:30:00-13:00:00)
	结果：达到要求
===2021-08-11 10:29:59.904===
===2021-08-11 10:30:00.275===
股票：600338多头向上判断-转自动参数：
	分组名称：2
	走势名称：多头向上
	结果：未满足，返回code：0
===2021-08-11 10:30:00.276===
满足所有条件，可以触发


===============================================

==============2021-08-11 10:30:17==============
===6开始执行条件2021-08-11 10:30:16.581===
===开始判断价格条件2021-08-11 10:30:16.581===
===开始判断额外/转自动条件2021-08-11 10:30:16.881===
===2021-08-11 10:30:17.182===
股票：600338指定时间段判断-额外参数：
	分组名称：1
	走势名称：时间段
		条件成立(当前时间：2021-08-11 10:30:16.580,条件时段：09:30:00-13:00:00)
	结果：达到要求
===2021-08-11 10:30:17.502===
===2021-08-11 10:30:17.854===
股票：600338多头向上判断-转自动参数：
	分组名称：2
	走势名称：多头向上
	结果：未满足，返回code：0
===2021-08-11 10:30:17.854===
满足所有条件，可以触发


===============================================

==============2021-08-11 10:30:33==============
===6开始执行条件2021-08-11 10:30:32.598===
===开始判断价格条件2021-08-11 10:30:32.598===
===开始判断额外/转自动条件2021-08-11 10:30:32.819===
===2021-08-11 10:30:33.159===
股票：600338指定时间段判断-额外参数：
	分组名称：1
	走势名称：时间段
		条件成立(当前时间：2021-08-11 10:30:32.589,条件时段：09:30:00-13:00:00)
	结果：达到要求
===2021-08-11 10:30:33.337===
===2021-08-11 10:30:33.483===
股票：600338多头向上判断-转自动参数：
	分组名称：2
	走势名称：多头向上
	结果：未满足，返回code：0
===2021-08-11 10:30:33.483===
满足所有条件，可以触发


===============================================

==============2021-08-11 10:30:45==============
===6开始执行条件2021-08-11 10:30:44.414===
===开始判断价格条件2021-08-11 10:30:44.414===
===开始判断额外/转自动条件2021-08-11 10:30:44.893===
===2021-08-11 10:30:45.047===
股票：600338指定时间段判断-额外参数：
	分组名称：1
	走势名称：时间段
		条件成立(当前时间：2021-08-11 10:30:44.414,条件时段：09:30:00-13:00:00)
	结果：达到要求
===2021-08-11 10:30:45.163===
===2021-08-11 10:30:45.670===
股票：600338多头向上判断-转自动参数：
	分组名称：2
	走势名称：多头向上
	结果：未满足，返回code：0
===2021-08-11 10:30:45.670===
满足所有条件，可以触发


===============================================

==============2021-08-11 10:31:01==============
===6开始执行条件2021-08-11 10:31:00.972===
===开始判断价格条件2021-08-11 10:31:00.972===
===开始判断额外/转自动条件2021-08-11 10:31:01.189===
===2021-08-11 10:31:01.249===
股票：600338指定时间段判断-额外参数：
	分组名称：1
	走势名称：时间段
		条件成立(当前时间：2021-08-11 10:31:00.965,条件时段：09:30:00-13:00:00)
	结果：达到要求
===2021-08-11 10:31:01.337===
===2021-08-11 10:31:01.510===
股票：600338多头向上判断-转自动参数：
	分组名称：2
	走势名称：多头向上
	结果：未满足，返回code：0
===2021-08-11 10:31:01.510===
满足所有条件，可以触发


===============================================

==============2021-08-11 10:31:20==============
===6开始执行条件2021-08-11 10:31:19.441===
===开始判断价格条件2021-08-11 10:31:19.441===
===开始判断额外/转自动条件2021-08-11 10:31:19.616===
===2021-08-11 10:31:19.761===
股票：600338指定时间段判断-额外参数：
	分组名称：1
	走势名称：时间段
		条件成立(当前时间：2021-08-11 10:31:19.441,条件时段：09:30:00-13:00:00)
	结果：达到要求
===2021-08-11 10:31:19.918===
===2021-08-11 10:31:20.075===
股票：600338多头向上判断-转自动参数：
	分组名称：2
	走势名称：多头向上
	结果：未满足，返回code：0
===2021-08-11 10:31:20.075===
满足所有条件，可以触发


===============================================

==============2021-08-11 10:31:26==============
===6开始执行条件2021-08-11 10:31:25.681===
===开始判断价格条件2021-08-11 10:31:25.681===
===开始判断额外/转自动条件2021-08-11 10:31:25.953===
===2021-08-11 10:31:26.411===
股票：600338指定时间段判断-额外参数：
	分组名称：1
	走势名称：时间段
		条件成立(当前时间：2021-08-11 10:31:25.681,条件时段：09:30:00-13:00:00)
	结果：达到要求
===2021-08-11 10:31:26.541===
===2021-08-11 10:31:26.618===
股票：600338多头向上判断-转自动参数：
	分组名称：2
	走势名称：多头向上
	结果：未满足，返回code：0
===2021-08-11 10:31:26.619===
满足所有条件，可以触发


===============================================

==============2021-08-11 10:31:33==============
===6开始执行条件2021-08-11 10:31:33.119===
===开始判断价格条件2021-08-11 10:31:33.119===
===开始判断额外/转自动条件2021-08-11 10:31:33.278===
===2021-08-11 10:31:33.371===
股票：600338指定时间段判断-额外参数：
	分组名称：1
	走势名称：时间段
		条件成立(当前时间：2021-08-11 10:31:33.118,条件时段：09:30:00-13:00:00)
	结果：达到要求
===2021-08-11 10:31:33.411===
===2021-08-11 10:31:33.495===
股票：600338多头向上判断-转自动参数：
	分组名称：2
	走势名称：多头向上
	结果：未满足，返回code：0
===2021-08-11 10:31:33.495===
满足所有条件，可以触发


===============================================

==============2021-08-11 10:31:50==============
===6开始执行条件2021-08-11 10:31:47.482===
===开始判断价格条件2021-08-11 10:31:47.482===
===开始判断额外/转自动条件2021-08-11 10:31:49.574===
===2021-08-11 10:31:49.839===
股票：600338指定时间段判断-额外参数：
	分组名称：1
	走势名称：时间段
		条件成立(当前时间：2021-08-11 10:31:47.482,条件时段：09:30:00-13:00:00)
	结果：达到要求
===2021-08-11 10:31:50.037===
===2021-08-11 10:31:50.219===
股票：600338多头向上判断-转自动参数：
	分组名称：2
	走势名称：多头向上
	结果：未满足，返回code：0
===2021-08-11 10:31:50.219===
满足所有条件，可以触发


===============================================

==============2021-08-11 10:32:08==============
===6开始执行条件2021-08-11 10:32:05.910===
===开始判断价格条件2021-08-11 10:32:05.910===
===开始判断额外/转自动条件2021-08-11 10:32:06.274===
===2021-08-11 10:32:06.849===
股票：600338指定时间段判断-额外参数：
	分组名称：1
	走势名称：时间段
		条件成立(当前时间：2021-08-11 10:32:05.910,条件时段：09:30:00-13:00:00)
	结果：达到要求
===2021-08-11 10:32:07.165===
===2021-08-11 10:32:08.012===
股票：600338多头向上判断-转自动参数：
	分组名称：2
	走势名称：多头向上
	结果：未满足，返回code：0
===2021-08-11 10:32:08.013===
满足所有条件，可以触发


===============================================

==============2021-08-11 10:32:22==============
===6开始执行条件2021-08-11 10:32:21.102===
===开始判断价格条件2021-08-11 10:32:21.102===
===开始判断额外/转自动条件2021-08-11 10:32:21.578===
===2021-08-11 10:32:21.703===
股票：600338指定时间段判断-额外参数：
	分组名称：1
	走势名称：时间段
		条件成立(当前时间：2021-08-11 10:32:21.102,条件时段：09:30:00-13:00:00)
	结果：达到要求
===2021-08-11 10:32:22.001===
===2021-08-11 10:32:22.126===
股票：600338多头向上判断-转自动参数：
	分组名称：2
	走势名称：多头向上
	结果：未满足，返回code：0
===2021-08-11 10:32:22.126===
满足所有条件，可以触发


===============================================

==============2021-08-11 10:32:47==============
===6开始执行条件2021-08-11 10:32:46.727===
===开始判断价格条件2021-08-11 10:32:46.727===
===开始判断额外/转自动条件2021-08-11 10:32:46.909===
===2021-08-11 10:32:46.959===
股票：600338指定时间段判断-额外参数：
	分组名称：1
	走势名称：时间段
		条件成立(当前时间：2021-08-11 10:32:46.727,条件时段：09:30:00-13:00:00)
	结果：达到要求
===2021-08-11 10:32:47.014===
===2021-08-11 10:32:47.129===
股票：600338多头向上判断-转自动参数：
	分组名称：2
	走势名称：多头向上
	结果：未满足，返回code：0
===2021-08-11 10:32:47.129===
满足所有条件，可以触发


===============================================

==============2021-08-11 10:33:00==============
===6开始执行条件2021-08-11 10:32:59.502===
===开始判断价格条件2021-08-11 10:32:59.502===
===开始判断额外/转自动条件2021-08-11 10:32:59.754===
===2021-08-11 10:32:59.853===
股票：600338指定时间段判断-额外参数：
	分组名称：1
	走势名称：时间段
		条件成立(当前时间：2021-08-11 10:32:59.502,条件时段：09:30:00-13:00:00)
	结果：达到要求
===2021-08-11 10:32:59.920===
===2021-08-11 10:33:00.338===
股票：600338多头向上判断-转自动参数：
	分组名称：2
	走势名称：多头向上
	结果：未满足，返回code：0
===2021-08-11 10:33:00.338===
满足所有条件，可以触发


===============================================

==============2021-08-11 10:33:09==============
===6开始执行条件2021-08-11 10:33:08.891===
===开始判断价格条件2021-08-11 10:33:08.891===
===开始判断额外/转自动条件2021-08-11 10:33:09.077===
===2021-08-11 10:33:09.182===
股票：600338指定时间段判断-额外参数：
	分组名称：1
	走势名称：时间段
		条件成立(当前时间：2021-08-11 10:33:08.890,条件时段：09:30:00-13:00:00)
	结果：达到要求
===2021-08-11 10:33:09.345===
===2021-08-11 10:33:09.534===
股票：600338多头向上判断-转自动参数：
	分组名称：2
	走势名称：多头向上
	结果：未满足，返回code：0
===2021-08-11 10:33:09.535===
满足所有条件，可以触发


===============================================

==============2021-08-11 10:33:31==============
===6开始执行条件2021-08-11 10:33:28.106===
===开始判断价格条件2021-08-11 10:33:28.106===
===开始判断额外/转自动条件2021-08-11 10:33:29.319===
===2021-08-11 10:33:29.658===
股票：600338指定时间段判断-额外参数：
	分组名称：1
	走势名称：时间段
		条件成立(当前时间：2021-08-11 10:33:28.106,条件时段：09:30:00-13:00:00)
	结果：达到要求
===2021-08-11 10:33:30.461===
===2021-08-11 10:33:31.597===
股票：600338多头向上判断-转自动参数：
	分组名称：2
	走势名称：多头向上
	结果：未满足，返回code：0
===2021-08-11 10:33:31.597===
满足所有条件，可以触发


===============================================

==============2021-08-11 10:35:02==============
===6开始执行条件2021-08-11 10:35:00.451===
===开始判断价格条件2021-08-11 10:35:00.451===
===开始判断额外/转自动条件2021-08-11 10:35:00.825===
===2021-08-11 10:35:02.204===
股票：600338指定时间段判断-额外参数：
	分组名称：1
	走势名称：时间段
		条件成立(当前时间：2021-08-11 10:35:00.451,条件时段：09:30:00-13:00:00)
	结果：达到要求
===2021-08-11 10:35:02.272===
===2021-08-11 10:35:02.343===
股票：600338多头向上判断-转自动参数：
	分组名称：2
	走势名称：多头向上
	结果：未满足，返回code：0
===2021-08-11 10:35:02.343===
满足所有条件，可以触发


===============================================

==============2021-08-11 10:35:09==============
===6开始执行条件2021-08-11 10:35:09.025===
===开始判断价格条件2021-08-11 10:35:09.025===
===开始判断额外/转自动条件2021-08-11 10:35:09.185===
===2021-08-11 10:35:09.282===
股票：600338指定时间段判断-额外参数：
	分组名称：1
	走势名称：时间段
		条件成立(当前时间：2021-08-11 10:35:09.025,条件时段：09:30:00-13:00:00)
	结果：达到要求
===2021-08-11 10:35:09.385===
===2021-08-11 10:35:09.508===
股票：600338多头向上判断-转自动参数：
	分组名称：2
	走势名称：多头向上
	结果：未满足，返回code：0
===2021-08-11 10:35:09.508===
满足所有条件，可以触发


===============================================

==============2021-08-11 10:35:22==============
===6开始执行条件2021-08-11 10:35:21.495===
===开始判断价格条件2021-08-11 10:35:21.495===
===开始判断额外/转自动条件2021-08-11 10:35:21.834===
===2021-08-11 10:35:22.004===
股票：600338指定时间段判断-额外参数：
	分组名称：1
	走势名称：时间段
		条件成立(当前时间：2021-08-11 10:35:21.495,条件时段：09:30:00-13:00:00)
	结果：达到要求
===2021-08-11 10:35:22.161===
===2021-08-11 10:35:22.542===
股票：600338多头向上判断-转自动参数：
	分组名称：2
	走势名称：多头向上
	结果：未满足，返回code：0
===2021-08-11 10:35:22.542===
满足所有条件，可以触发


===============================================

==============2021-08-11 10:35:36==============
===6开始执行条件2021-08-11 10:35:34.185===
===开始判断价格条件2021-08-11 10:35:34.185===
===开始判断额外/转自动条件2021-08-11 10:35:34.439===
===2021-08-11 10:35:34.761===
股票：600338指定时间段判断-额外参数：
	分组名称：1
	走势名称：时间段
		条件成立(当前时间：2021-08-11 10:35:34.185,条件时段：09:30:00-13:00:00)
	结果：达到要求
===2021-08-11 10:35:35.463===
===2021-08-11 10:35:36.014===
股票：600338多头向上判断-转自动参数：
	分组名称：2
	走势名称：多头向上
	结果：未满足，返回code：0
===2021-08-11 10:35:36.014===
满足所有条件，可以触发


===============================================

==============2021-08-11 10:36:38==============
===6开始执行条件2021-08-11 10:36:35.628===
===开始判断价格条件2021-08-11 10:36:35.628===
===开始判断额外/转自动条件2021-08-11 10:36:36.773===
===2021-08-11 10:36:37.170===
股票：600338指定时间段判断-额外参数：
	分组名称：1
	走势名称：时间段
		条件成立(当前时间：2021-08-11 10:36:35.628,条件时段：09:30:00-13:00:00)
	结果：达到要求
===2021-08-11 10:36:37.529===
===2021-08-11 10:36:38.142===
股票：600338多头向上判断-转自动参数：
	分组名称：2
	走势名称：多头向上
	结果：未满足，返回code：0
===2021-08-11 10:36:38.142===
满足所有条件，可以触发


===============================================

==============2021-08-11 10:37:12==============
===6开始执行条件2021-08-11 10:37:08.270===
===开始判断价格条件2021-08-11 10:37:08.270===
===开始判断额外/转自动条件2021-08-11 10:37:10.085===
===2021-08-11 10:37:10.510===
股票：600338指定时间段判断-额外参数：
	分组名称：1
	走势名称：时间段
		条件成立(当前时间：2021-08-11 10:37:08.270,条件时段：09:30:00-13:00:00)
	结果：达到要求
===2021-08-11 10:37:11.481===
===2021-08-11 10:37:12.004===
股票：600338多头向上判断-转自动参数：
	分组名称：2
	走势名称：多头向上
	结果：未满足，返回code：0
===2021-08-11 10:37:12.004===
满足所有条件，可以触发


===============================================

