==============2021-08-09 10:11:08==============
===6开始执行条件2021-08-09 10:11:08.192===
===开始判断价格条件2021-08-09 10:11:08.192===
===开始判断额外/转自动条件2021-08-09 10:11:08.270===
===2021-08-09 10:11:08.337===
股票：600338指定时间段判断-额外参数：
	分组名称：1
	走势名称：时间段
		条件成立(当前时间：2021-08-09 10:11:08.192,条件时段：09:30:00-13:00:00)
	结果：达到要求
===2021-08-09 10:11:08.401===
===2021-08-09 10:11:08.755===
股票：600338多头向上判断-转自动参数：
	分组名称：2
	走势名称：多头向上
	结果：未满足，返回code：0
===2021-08-09 10:11:08.756===
满足所有条件，可以触发


===============================================

==============2021-08-09 10:11:39==============
===6开始执行条件2021-08-09 10:11:29.818===
===开始判断价格条件2021-08-09 10:11:29.818===
===开始判断额外/转自动条件2021-08-09 10:11:30.350===
===2021-08-09 10:11:31.001===
股票：600338指定时间段判断-额外参数：
	分组名称：1
	走势名称：时间段
		条件成立(当前时间：2021-08-09 10:11:29.818,条件时段：09:30:00-13:00:00)
	结果：达到要求
===2021-08-09 10:11:31.139===
===2021-08-09 10:11:39.671===
股票：600338多头向上判断-转自动参数：
	分组名称：2
	走势名称：多头向上
	结果：未满足，返回code：0
===2021-08-09 10:11:39.671===
满足所有条件，可以触发


===============================================

==============2021-08-09 11:03:18==============
===6开始执行条件2021-08-09 11:03:17.983===
===开始判断价格条件2021-08-09 11:03:17.983===
===开始判断额外/转自动条件2021-08-09 11:03:18.370===
===2021-08-09 11:03:18.525===
股票：600338指定时间段判断-额外参数：
	分组名称：1
	走势名称：时间段
		条件成立(当前时间：2021-08-09 11:03:17.983,条件时段：09:30:00-13:00:00)
	结果：达到要求
===2021-08-09 11:03:18.661===
===2021-08-09 11:03:18.907===
股票：600338多头向上判断-转自动参数：
	分组名称：2
	走势名称：多头向上
	结果：未满足，返回code：0
===2021-08-09 11:03:18.907===
满足所有条件，可以触发


===============================================

==============2021-08-09 11:03:34==============
===6开始执行条件2021-08-09 11:03:33.172===
===开始判断价格条件2021-08-09 11:03:33.172===
===开始判断额外/转自动条件2021-08-09 11:03:33.290===
===2021-08-09 11:03:33.538===
股票：600338指定时间段判断-额外参数：
	分组名称：1
	走势名称：时间段
		条件成立(当前时间：2021-08-09 11:03:33.172,条件时段：09:30:00-13:00:00)
	结果：达到要求
===2021-08-09 11:03:33.759===
===2021-08-09 11:03:34.224===
股票：600338多头向上判断-转自动参数：
	分组名称：2
	走势名称：多头向上
	结果：未满足，返回code：0
===2021-08-09 11:03:34.224===
满足所有条件，可以触发


===============================================

