==============2021-08-11 10:28:19==============
===6开始执行条件2021-08-11 10:28:17.815===
===开始判断价格条件2021-08-11 10:28:17.815===
===开始判断额外/转自动条件2021-08-11 10:28:18.687===
===2021-08-11 10:28:18.837===
股票：002108指定时间段判断-额外参数：
	分组名称：1
	走势名称：时间段
		条件成立(当前时间：2021-08-11 10:28:17.788,条件时段：09:30:00-13:00:00)
	结果：达到要求
===2021-08-11 10:28:19.050===
===2021-08-11 10:28:19.544===
股票：002108多头向上判断-转自动参数：
	分组名称：2
	走势名称：多头向上
	结果：未满足，返回code：0
===2021-08-11 10:28:19.544===
满足所有条件，可以触发


===============================================

==============2021-08-11 10:28:27==============
===6开始执行条件2021-08-11 10:28:26.088===
===开始判断价格条件2021-08-11 10:28:26.088===
===开始判断额外/转自动条件2021-08-11 10:28:26.689===
===2021-08-11 10:28:26.890===
股票：002108指定时间段判断-额外参数：
	分组名称：1
	走势名称：时间段
		条件成立(当前时间：2021-08-11 10:28:26.087,条件时段：09:30:00-13:00:00)
	结果：达到要求
===2021-08-11 10:28:26.968===
===2021-08-11 10:28:27.162===
股票：002108多头向上判断-转自动参数：
	分组名称：2
	走势名称：多头向上
	结果：未满足，返回code：0
===2021-08-11 10:28:27.162===
满足所有条件，可以触发


===============================================

==============2021-08-11 10:28:48==============
===6开始执行条件2021-08-11 10:28:48.153===
===开始判断价格条件2021-08-11 10:28:48.153===
===开始判断额外/转自动条件2021-08-11 10:28:48.335===
===2021-08-11 10:28:48.413===
股票：002108指定时间段判断-额外参数：
	分组名称：1
	走势名称：时间段
		条件成立(当前时间：2021-08-11 10:28:48.153,条件时段：09:30:00-13:00:00)
	结果：达到要求
===2021-08-11 10:28:48.507===
===2021-08-11 10:28:48.663===
股票：002108多头向上判断-转自动参数：
	分组名称：2
	走势名称：多头向上
	结果：未满足，返回code：0
===2021-08-11 10:28:48.663===
满足所有条件，可以触发


===============================================

==============2021-08-11 10:28:58==============
===6开始执行条件2021-08-11 10:28:57.495===
===开始判断价格条件2021-08-11 10:28:57.495===
===开始判断额外/转自动条件2021-08-11 10:28:57.726===
===2021-08-11 10:28:57.831===
股票：002108指定时间段判断-额外参数：
	分组名称：1
	走势名称：时间段
		条件成立(当前时间：2021-08-11 10:28:57.495,条件时段：09:30:00-13:00:00)
	结果：达到要求
===2021-08-11 10:28:57.957===
===2021-08-11 10:28:58.202===
股票：002108多头向上判断-转自动参数：
	分组名称：2
	走势名称：多头向上
	结果：未满足，返回code：0
===2021-08-11 10:28:58.202===
满足所有条件，可以触发


===============================================

==============2021-08-11 10:29:40==============
===6开始执行条件2021-08-11 10:29:39.938===
===开始判断价格条件2021-08-11 10:29:39.938===
===开始判断额外/转自动条件2021-08-11 10:29:40.099===
===2021-08-11 10:29:40.196===
股票：002108指定时间段判断-额外参数：
	分组名称：1
	走势名称：时间段
		条件成立(当前时间：2021-08-11 10:29:39.938,条件时段：09:30:00-13:00:00)
	结果：达到要求
===2021-08-11 10:29:40.333===
===2021-08-11 10:29:40.510===
股票：002108多头向上判断-转自动参数：
	分组名称：2
	走势名称：多头向上
	结果：未满足，返回code：0
===2021-08-11 10:29:40.511===
满足所有条件，可以触发


===============================================

==============2021-08-11 10:29:51==============
===6开始执行条件2021-08-11 10:29:49.836===
===开始判断价格条件2021-08-11 10:29:49.836===
===开始判断额外/转自动条件2021-08-11 10:29:50.090===
===2021-08-11 10:29:50.323===
股票：002108指定时间段判断-额外参数：
	分组名称：1
	走势名称：时间段
		条件成立(当前时间：2021-08-11 10:29:49.836,条件时段：09:30:00-13:00:00)
	结果：达到要求
===2021-08-11 10:29:50.564===
===2021-08-11 10:29:51.260===
股票：002108多头向上判断-转自动参数：
	分组名称：2
	走势名称：多头向上
	结果：未满足，返回code：0
===2021-08-11 10:29:51.260===
满足所有条件，可以触发


===============================================

==============2021-08-11 10:30:06==============
===6开始执行条件2021-08-11 10:30:05.085===
===开始判断价格条件2021-08-11 10:30:05.085===
===开始判断额外/转自动条件2021-08-11 10:30:05.295===
===2021-08-11 10:30:05.689===
股票：002108指定时间段判断-额外参数：
	分组名称：1
	走势名称：时间段
		条件成立(当前时间：2021-08-11 10:30:05.084,条件时段：09:30:00-13:00:00)
	结果：达到要求
===2021-08-11 10:30:05.871===
===2021-08-11 10:30:06.031===
股票：002108多头向上判断-转自动参数：
	分组名称：2
	走势名称：多头向上
	结果：未满足，返回code：0
===2021-08-11 10:30:06.031===
满足所有条件，可以触发


===============================================

==============2021-08-11 10:30:12==============
===6开始执行条件2021-08-11 10:30:11.692===
===开始判断价格条件2021-08-11 10:30:11.692===
===开始判断额外/转自动条件2021-08-11 10:30:11.913===
===2021-08-11 10:30:11.992===
股票：002108指定时间段判断-额外参数：
	分组名称：1
	走势名称：时间段
		条件成立(当前时间：2021-08-11 10:30:11.692,条件时段：09:30:00-13:00:00)
	结果：达到要求
===2021-08-11 10:30:12.061===
===2021-08-11 10:30:12.638===
股票：002108多头向上判断-转自动参数：
	分组名称：2
	走势名称：多头向上
	结果：未满足，返回code：0
===2021-08-11 10:30:12.638===
满足所有条件，可以触发


===============================================

==============2021-08-11 10:30:20==============
===6开始执行条件2021-08-11 10:30:19.961===
===开始判断价格条件2021-08-11 10:30:19.961===
===开始判断额外/转自动条件2021-08-11 10:30:20.023===
===2021-08-11 10:30:20.076===
股票：002108指定时间段判断-额外参数：
	分组名称：1
	走势名称：时间段
		条件成立(当前时间：2021-08-11 10:30:19.961,条件时段：09:30:00-13:00:00)
	结果：达到要求
===2021-08-11 10:30:20.120===
===2021-08-11 10:30:20.185===
股票：002108多头向上判断-转自动参数：
	分组名称：2
	走势名称：多头向上
	结果：未满足，返回code：0
===2021-08-11 10:30:20.185===
满足所有条件，可以触发


===============================================

==============2021-08-11 10:30:28==============
===6开始执行条件2021-08-11 10:30:27.458===
===开始判断价格条件2021-08-11 10:30:27.458===
===开始判断额外/转自动条件2021-08-11 10:30:27.619===
===2021-08-11 10:30:28.083===
股票：002108指定时间段判断-额外参数：
	分组名称：1
	走势名称：时间段
		条件成立(当前时间：2021-08-11 10:30:27.458,条件时段：09:30:00-13:00:00)
	结果：达到要求
===2021-08-11 10:30:28.157===
===2021-08-11 10:30:28.315===
股票：002108多头向上判断-转自动参数：
	分组名称：2
	走势名称：多头向上
	结果：未满足，返回code：0
===2021-08-11 10:30:28.315===
满足所有条件，可以触发


===============================================

==============2021-08-11 10:30:35==============
===6开始执行条件2021-08-11 10:30:35.581===
===开始判断价格条件2021-08-11 10:30:35.581===
===开始判断额外/转自动条件2021-08-11 10:30:35.670===
===2021-08-11 10:30:35.756===
股票：002108指定时间段判断-额外参数：
	分组名称：1
	走势名称：时间段
		条件成立(当前时间：2021-08-11 10:30:35.581,条件时段：09:30:00-13:00:00)
	结果：达到要求
===2021-08-11 10:30:35.821===
===2021-08-11 10:30:35.890===
股票：002108多头向上判断-转自动参数：
	分组名称：2
	走势名称：多头向上
	结果：未满足，返回code：0
===2021-08-11 10:30:35.890===
满足所有条件，可以触发


===============================================

==============2021-08-11 10:30:39==============
===6开始执行条件2021-08-11 10:30:39.381===
===开始判断价格条件2021-08-11 10:30:39.381===
===开始判断额外/转自动条件2021-08-11 10:30:39.508===
===2021-08-11 10:30:39.552===
股票：002108指定时间段判断-额外参数：
	分组名称：1
	走势名称：时间段
		条件成立(当前时间：2021-08-11 10:30:39.380,条件时段：09:30:00-13:00:00)
	结果：达到要求
===2021-08-11 10:30:39.619===
===2021-08-11 10:30:39.776===
股票：002108多头向上判断-转自动参数：
	分组名称：2
	走势名称：多头向上
	结果：未满足，返回code：0
===2021-08-11 10:30:39.776===
满足所有条件，可以触发


===============================================

==============2021-08-11 10:30:49==============
===6开始执行条件2021-08-11 10:30:48.090===
===开始判断价格条件2021-08-11 10:30:48.090===
===开始判断额外/转自动条件2021-08-11 10:30:49.405===
===2021-08-11 10:30:49.449===
股票：002108指定时间段判断-额外参数：
	分组名称：1
	走势名称：时间段
		条件成立(当前时间：2021-08-11 10:30:48.089,条件时段：09:30:00-13:00:00)
	结果：达到要求
===2021-08-11 10:30:49.525===
===2021-08-11 10:30:49.661===
股票：002108多头向上判断-转自动参数：
	分组名称：2
	走势名称：多头向上
	结果：未满足，返回code：0
===2021-08-11 10:30:49.661===
满足所有条件，可以触发


===============================================

==============2021-08-11 10:30:55==============
===6开始执行条件2021-08-11 10:30:55.456===
===开始判断价格条件2021-08-11 10:30:55.456===
===开始判断额外/转自动条件2021-08-11 10:30:55.527===
===2021-08-11 10:30:55.572===
股票：002108指定时间段判断-额外参数：
	分组名称：1
	走势名称：时间段
		条件成立(当前时间：2021-08-11 10:30:55.455,条件时段：09:30:00-13:00:00)
	结果：达到要求
===2021-08-11 10:30:55.618===
===2021-08-11 10:30:55.690===
股票：002108多头向上判断-转自动参数：
	分组名称：2
	走势名称：多头向上
	结果：未满足，返回code：0
===2021-08-11 10:30:55.690===
满足所有条件，可以触发


===============================================

==============2021-08-11 10:31:14==============
===6开始执行条件2021-08-11 10:31:13.903===
===开始判断价格条件2021-08-11 10:31:13.903===
===开始判断额外/转自动条件2021-08-11 10:31:14.000===
===2021-08-11 10:31:14.068===
股票：002108指定时间段判断-额外参数：
	分组名称：1
	走势名称：时间段
		条件成立(当前时间：2021-08-11 10:31:13.902,条件时段：09:30:00-13:00:00)
	结果：达到要求
===2021-08-11 10:31:14.125===
===2021-08-11 10:31:14.510===
股票：002108多头向上判断-转自动参数：
	分组名称：2
	走势名称：多头向上
	结果：未满足，返回code：0
===2021-08-11 10:31:14.510===
满足所有条件，可以触发


===============================================

==============2021-08-11 10:31:21==============
===6开始执行条件2021-08-11 10:31:20.848===
===开始判断价格条件2021-08-11 10:31:20.848===
===开始判断额外/转自动条件2021-08-11 10:31:20.997===
===2021-08-11 10:31:21.067===
股票：002108指定时间段判断-额外参数：
	分组名称：1
	走势名称：时间段
		条件成立(当前时间：2021-08-11 10:31:20.848,条件时段：09:30:00-13:00:00)
	结果：达到要求
===2021-08-11 10:31:21.161===
===2021-08-11 10:31:21.269===
股票：002108多头向上判断-转自动参数：
	分组名称：2
	走势名称：多头向上
	结果：未满足，返回code：0
===2021-08-11 10:31:21.269===
满足所有条件，可以触发


===============================================

==============2021-08-11 10:31:28==============
===6开始执行条件2021-08-11 10:31:28.068===
===开始判断价格条件2021-08-11 10:31:28.068===
===开始判断额外/转自动条件2021-08-11 10:31:28.250===
===2021-08-11 10:31:28.720===
股票：002108指定时间段判断-额外参数：
	分组名称：1
	走势名称：时间段
		条件成立(当前时间：2021-08-11 10:31:28.068,条件时段：09:30:00-13:00:00)
	结果：达到要求
===2021-08-11 10:31:28.761===
===2021-08-11 10:31:28.841===
股票：002108多头向上判断-转自动参数：
	分组名称：2
	走势名称：多头向上
	结果：未满足，返回code：0
===2021-08-11 10:31:28.842===
满足所有条件，可以触发


===============================================

==============2021-08-11 10:31:39==============
===6开始执行条件2021-08-11 10:31:36.810===
===开始判断价格条件2021-08-11 10:31:36.810===
===开始判断额外/转自动条件2021-08-11 10:31:37.791===
===2021-08-11 10:31:38.335===
股票：002108指定时间段判断-额外参数：
	分组名称：1
	走势名称：时间段
		条件成立(当前时间：2021-08-11 10:31:36.795,条件时段：09:30:00-13:00:00)
	结果：达到要求
===2021-08-11 10:31:39.175===
===2021-08-11 10:31:39.899===
股票：002108多头向上判断-转自动参数：
	分组名称：2
	走势名称：多头向上
	结果：未满足，返回code：0
===2021-08-11 10:31:39.899===
满足所有条件，可以触发


===============================================

==============2021-08-11 10:31:55==============
===6开始执行条件2021-08-11 10:31:54.253===
===开始判断价格条件2021-08-11 10:31:54.253===
===开始判断额外/转自动条件2021-08-11 10:31:54.760===
===2021-08-11 10:31:54.977===
股票：002108指定时间段判断-额外参数：
	分组名称：1
	走势名称：时间段
		条件成立(当前时间：2021-08-11 10:31:54.253,条件时段：09:30:00-13:00:00)
	结果：达到要求
===2021-08-11 10:31:55.169===
===2021-08-11 10:31:55.718===
股票：002108多头向上判断-转自动参数：
	分组名称：2
	走势名称：多头向上
	结果：未满足，返回code：0
===2021-08-11 10:31:55.718===
满足所有条件，可以触发


===============================================

==============2021-08-11 10:32:15==============
===6开始执行条件2021-08-11 10:32:10.626===
===开始判断价格条件2021-08-11 10:32:10.626===
===开始判断额外/转自动条件2021-08-11 10:32:11.727===
===2021-08-11 10:32:12.461===
股票：002108指定时间段判断-额外参数：
	分组名称：1
	走势名称：时间段
		条件成立(当前时间：2021-08-11 10:32:10.622,条件时段：09:30:00-13:00:00)
	结果：达到要求
===2021-08-11 10:32:13.470===
===2021-08-11 10:32:15.370===
股票：002108多头向上判断-转自动参数：
	分组名称：2
	走势名称：多头向上
	结果：未满足，返回code：0
===2021-08-11 10:32:15.370===
满足所有条件，可以触发


===============================================

==============2021-08-11 10:32:42==============
===6开始执行条件2021-08-11 10:32:41.153===
===开始判断价格条件2021-08-11 10:32:41.153===
===开始判断额外/转自动条件2021-08-11 10:32:41.337===
===2021-08-11 10:32:41.431===
股票：002108指定时间段判断-额外参数：
	分组名称：1
	走势名称：时间段
		条件成立(当前时间：2021-08-11 10:32:41.153,条件时段：09:30:00-13:00:00)
	结果：达到要求
===2021-08-11 10:32:41.700===
===2021-08-11 10:32:42.320===
股票：002108多头向上判断-转自动参数：
	分组名称：2
	走势名称：多头向上
	结果：未满足，返回code：0
===2021-08-11 10:32:42.320===
满足所有条件，可以触发


===============================================

==============2021-08-11 10:32:54==============
===6开始执行条件2021-08-11 10:32:53.903===
===开始判断价格条件2021-08-11 10:32:53.903===
===开始判断额外/转自动条件2021-08-11 10:32:53.989===
===2021-08-11 10:32:54.042===
股票：002108指定时间段判断-额外参数：
	分组名称：1
	走势名称：时间段
		条件成立(当前时间：2021-08-11 10:32:53.891,条件时段：09:30:00-13:00:00)
	结果：达到要求
===2021-08-11 10:32:54.094===
===2021-08-11 10:32:54.184===
股票：002108多头向上判断-转自动参数：
	分组名称：2
	走势名称：多头向上
	结果：未满足，返回code：0
===2021-08-11 10:32:54.184===
满足所有条件，可以触发


===============================================

==============2021-08-11 10:33:02==============
===6开始执行条件2021-08-11 10:33:01.970===
===开始判断价格条件2021-08-11 10:33:01.970===
===开始判断额外/转自动条件2021-08-11 10:33:02.053===
===2021-08-11 10:33:02.406===
股票：002108指定时间段判断-额外参数：
	分组名称：1
	走势名称：时间段
		条件成立(当前时间：2021-08-11 10:33:01.969,条件时段：09:30:00-13:00:00)
	结果：达到要求
===2021-08-11 10:33:02.455===
===2021-08-11 10:33:02.542===
股票：002108多头向上判断-转自动参数：
	分组名称：2
	走势名称：多头向上
	结果：未满足，返回code：0
===2021-08-11 10:33:02.542===
满足所有条件，可以触发


===============================================

==============2021-08-11 10:33:12==============
===6开始执行条件2021-08-11 10:33:11.255===
===开始判断价格条件2021-08-11 10:33:11.255===
===开始判断额外/转自动条件2021-08-11 10:33:12.125===
===2021-08-11 10:33:12.258===
股票：002108指定时间段判断-额外参数：
	分组名称：1
	走势名称：时间段
		条件成立(当前时间：2021-08-11 10:33:11.255,条件时段：09:30:00-13:00:00)
	结果：达到要求
===2021-08-11 10:33:12.634===
===2021-08-11 10:33:12.793===
股票：002108多头向上判断-转自动参数：
	分组名称：2
	走势名称：多头向上
	结果：未满足，返回code：0
===2021-08-11 10:33:12.793===
满足所有条件，可以触发


===============================================

==============2021-08-11 10:33:20==============
===6开始执行条件2021-08-11 10:33:19.522===
===开始判断价格条件2021-08-11 10:33:19.522===
===开始判断额外/转自动条件2021-08-11 10:33:19.726===
===2021-08-11 10:33:19.955===
股票：002108指定时间段判断-额外参数：
	分组名称：1
	走势名称：时间段
		条件成立(当前时间：2021-08-11 10:33:19.522,条件时段：09:30:00-13:00:00)
	结果：达到要求
===2021-08-11 10:33:20.367===
===2021-08-11 10:33:20.887===
股票：002108多头向上判断-转自动参数：
	分组名称：2
	走势名称：多头向上
	结果：未满足，返回code：0
===2021-08-11 10:33:20.887===
满足所有条件，可以触发


===============================================

==============2021-08-11 10:34:55==============
===6开始执行条件2021-08-11 10:34:54.898===
===开始判断价格条件2021-08-11 10:34:54.898===
===开始判断额外/转自动条件2021-08-11 10:34:55.090===
===2021-08-11 10:34:55.152===
股票：002108指定时间段判断-额外参数：
	分组名称：1
	走势名称：时间段
		条件成立(当前时间：2021-08-11 10:34:54.898,条件时段：09:30:00-13:00:00)
	结果：达到要求
===2021-08-11 10:34:55.246===
===2021-08-11 10:34:55.403===
股票：002108多头向上判断-转自动参数：
	分组名称：2
	走势名称：多头向上
	结果：未满足，返回code：0
===2021-08-11 10:34:55.403===
满足所有条件，可以触发


===============================================

==============2021-08-11 10:35:04==============
===6开始执行条件2021-08-11 10:35:03.543===
===开始判断价格条件2021-08-11 10:35:03.543===
===开始判断额外/转自动条件2021-08-11 10:35:03.763===
===2021-08-11 10:35:03.948===
股票：002108指定时间段判断-额外参数：
	分组名称：1
	走势名称：时间段
		条件成立(当前时间：2021-08-11 10:35:03.542,条件时段：09:30:00-13:00:00)
	结果：达到要求
===2021-08-11 10:35:04.082===
===2021-08-11 10:35:04.211===
股票：002108多头向上判断-转自动参数：
	分组名称：2
	走势名称：多头向上
	结果：未满足，返回code：0
===2021-08-11 10:35:04.211===
满足所有条件，可以触发


===============================================

==============2021-08-11 10:35:11==============
===6开始执行条件2021-08-11 10:35:10.737===
===开始判断价格条件2021-08-11 10:35:10.737===
===开始判断额外/转自动条件2021-08-11 10:35:10.842===
===2021-08-11 10:35:11.082===
股票：002108指定时间段判断-额外参数：
	分组名称：1
	走势名称：时间段
		条件成立(当前时间：2021-08-11 10:35:10.736,条件时段：09:30:00-13:00:00)
	结果：达到要求
===2021-08-11 10:35:11.151===
===2021-08-11 10:35:11.295===
股票：002108多头向上判断-转自动参数：
	分组名称：2
	走势名称：多头向上
	结果：未满足，返回code：0
===2021-08-11 10:35:11.295===
满足所有条件，可以触发


===============================================

==============2021-08-11 10:35:26==============
===6开始执行条件2021-08-11 10:35:23.711===
===开始判断价格条件2021-08-11 10:35:23.711===
===开始判断额外/转自动条件2021-08-11 10:35:23.926===
===2021-08-11 10:35:24.950===
股票：002108指定时间段判断-额外参数：
	分组名称：1
	走势名称：时间段
		条件成立(当前时间：2021-08-11 10:35:23.711,条件时段：09:30:00-13:00:00)
	结果：达到要求
===2021-08-11 10:35:25.319===
===2021-08-11 10:35:26.199===
股票：002108多头向上判断-转自动参数：
	分组名称：2
	走势名称：多头向上
	结果：未满足，返回code：0
===2021-08-11 10:35:26.199===
满足所有条件，可以触发


===============================================

==============2021-08-11 10:35:51==============
===6开始执行条件2021-08-11 10:35:45.237===
===开始判断价格条件2021-08-11 10:35:45.237===
===开始判断额外/转自动条件2021-08-11 10:35:45.828===
===2021-08-11 10:35:47.977===
股票：002108指定时间段判断-额外参数：
	分组名称：1
	走势名称：时间段
		条件成立(当前时间：2021-08-11 10:35:45.237,条件时段：09:30:00-13:00:00)
	结果：达到要求
===2021-08-11 10:35:50.749===
===2021-08-11 10:35:51.754===
股票：002108多头向上判断-转自动参数：
	分组名称：2
	走势名称：多头向上
	结果：未满足，返回code：0
===2021-08-11 10:35:51.755===
满足所有条件，可以触发


===============================================

==============2021-08-11 10:36:21==============
===6开始执行条件2021-08-11 10:36:18.757===
===开始判断价格条件2021-08-11 10:36:18.757===
===开始判断额外/转自动条件2021-08-11 10:36:20.102===
===2021-08-11 10:36:20.744===
股票：002108指定时间段判断-额外参数：
	分组名称：1
	走势名称：时间段
		条件成立(当前时间：2021-08-11 10:36:18.757,条件时段：09:30:00-13:00:00)
	结果：达到要求
===2021-08-11 10:36:20.980===
===2021-08-11 10:36:21.631===
股票：002108多头向上判断-转自动参数：
	分组名称：2
	走势名称：多头向上
	结果：未满足，返回code：0
===2021-08-11 10:36:21.631===
满足所有条件，可以触发


===============================================

==============2021-08-11 10:36:58==============
===6开始执行条件2021-08-11 10:36:56.006===
===开始判断价格条件2021-08-11 10:36:56.006===
===开始判断额外/转自动条件2021-08-11 10:36:56.951===
===2021-08-11 10:36:57.262===
股票：002108指定时间段判断-额外参数：
	分组名称：1
	走势名称：时间段
		条件成立(当前时间：2021-08-11 10:36:56.003,条件时段：09:30:00-13:00:00)
	结果：达到要求
===2021-08-11 10:36:57.603===
===2021-08-11 10:36:58.401===
股票：002108多头向上判断-转自动参数：
	分组名称：2
	走势名称：多头向上
	结果：未满足，返回code：0
===2021-08-11 10:36:58.401===
满足所有条件，可以触发


===============================================

==============2021-08-11 10:37:16==============
===6开始执行条件2021-08-11 10:37:13.777===
===开始判断价格条件2021-08-11 10:37:13.777===
===开始判断额外/转自动条件2021-08-11 10:37:14.106===
===2021-08-11 10:37:14.669===
股票：002108指定时间段判断-额外参数：
	分组名称：1
	走势名称：时间段
		条件成立(当前时间：2021-08-11 10:37:13.776,条件时段：09:30:00-13:00:00)
	结果：达到要求
===2021-08-11 10:37:15.181===
===2021-08-11 10:37:16.256===
股票：002108多头向上判断-转自动参数：
	分组名称：2
	走势名称：多头向上
	结果：未满足，返回code：0
===2021-08-11 10:37:16.256===
满足所有条件，可以触发


===============================================

==============2021-08-11 10:37:55==============
===6开始执行条件2021-08-11 10:37:51.998===
===开始判断价格条件2021-08-11 10:37:51.998===
===开始判断额外/转自动条件2021-08-11 10:37:52.370===
===2021-08-11 10:37:53.048===
股票：002108指定时间段判断-额外参数：
	分组名称：1
	走势名称：时间段
		条件成立(当前时间：2021-08-11 10:37:51.998,条件时段：09:30:00-13:00:00)
	结果：达到要求
===2021-08-11 10:37:53.963===
===2021-08-11 10:37:55.242===
股票：002108多头向上判断-转自动参数：
	分组名称：2
	走势名称：多头向上
	结果：未满足，返回code：0
===2021-08-11 10:37:55.242===
满足所有条件，可以触发


===============================================

