==============2021-08-06 14:25:53==============
===6开始执行条件2021-08-06 14:25:50.220===
===开始判断价格条件2021-08-06 14:25:50.220===
===开始判断额外/转自动条件2021-08-06 14:25:50.579===
===2021-08-06 14:25:50.808===
股票：002108指定时间段判断-额外参数：
	分组名称：1
	走势名称：时间段
		条件不成立(当前时间：2021-08-06 14:25:50.220,条件时段：09:30:00-13:00:00)
	结果：未满足
===2021-08-06 14:25:50.808===
===2021-08-06 14:25:50.844===
股票：002108板块涨跌幅判断-额外参数：
	分组名称：1
	走势名称：发
		条件不成立(不符合板块涨跌幅条件)
	结果：未满足，返回code：-1
===2021-08-06 14:25:53.312===
额外条件未满足


===============================================

==============2021-08-06 14:26:06==============
===6开始执行条件2021-08-06 14:26:03.963===
===开始判断价格条件2021-08-06 14:26:03.963===
===开始判断额外/转自动条件2021-08-06 14:26:04.276===
===2021-08-06 14:26:04.495===
股票：002108指定时间段判断-额外参数：
	分组名称：1
	走势名称：时间段
		条件不成立(当前时间：2021-08-06 14:26:03.962,条件时段：09:30:00-13:00:00)
	结果：未满足
===2021-08-06 14:26:04.495===
===2021-08-06 14:26:04.788===
股票：002108板块涨跌幅判断-额外参数：
	分组名称：1
	走势名称：发
		条件不成立(不符合板块涨跌幅条件)
	结果：未满足，返回code：-1
===2021-08-06 14:26:06.976===
额外条件未满足


===============================================

==============2021-08-06 14:26:37==============
===6开始执行条件2021-08-06 14:26:32.394===
===开始判断价格条件2021-08-06 14:26:32.394===
===开始判断额外/转自动条件2021-08-06 14:26:32.767===
===2021-08-06 14:26:34.139===
股票：002108指定时间段判断-额外参数：
	分组名称：1
	走势名称：时间段
		条件不成立(当前时间：2021-08-06 14:26:32.393,条件时段：09:30:00-13:00:00)
	结果：未满足
===2021-08-06 14:26:34.139===
===2021-08-06 14:26:34.480===
股票：002108板块涨跌幅判断-额外参数：
	分组名称：1
	走势名称：发
		条件不成立(不符合板块涨跌幅条件)
	结果：未满足，返回code：-1
===2021-08-06 14:26:37.157===
额外条件未满足


===============================================

==============2021-08-06 14:26:50==============
===6开始执行条件2021-08-06 14:26:47.674===
===开始判断价格条件2021-08-06 14:26:47.674===
===开始判断额外/转自动条件2021-08-06 14:26:47.990===
===2021-08-06 14:26:48.394===
股票：002108指定时间段判断-额外参数：
	分组名称：1
	走势名称：时间段
		条件不成立(当前时间：2021-08-06 14:26:47.673,条件时段：09:30:00-13:00:00)
	结果：未满足
===2021-08-06 14:26:48.394===
===2021-08-06 14:26:48.811===
股票：002108板块涨跌幅判断-额外参数：
	分组名称：1
	走势名称：发
		条件不成立(不符合板块涨跌幅条件)
	结果：未满足，返回code：-1
===2021-08-06 14:26:50.659===
额外条件未满足


===============================================

==============2021-08-06 14:27:07==============
===6开始执行条件2021-08-06 14:27:05.937===
===开始判断价格条件2021-08-06 14:27:05.937===
===开始判断额外/转自动条件2021-08-06 14:27:06.154===
===2021-08-06 14:27:06.432===
股票：002108指定时间段判断-额外参数：
	分组名称：1
	走势名称：时间段
		条件不成立(当前时间：2021-08-06 14:27:05.937,条件时段：09:30:00-13:00:00)
	结果：未满足
===2021-08-06 14:27:06.432===
===2021-08-06 14:27:06.454===
股票：002108板块涨跌幅判断-额外参数：
	分组名称：1
	走势名称：发
		条件不成立(不符合板块涨跌幅条件)
	结果：未满足，返回code：-1
===2021-08-06 14:27:07.991===
额外条件未满足


===============================================

==============2021-08-06 14:29:14==============
===6开始执行条件2021-08-06 14:29:12.877===
===开始判断价格条件2021-08-06 14:29:12.877===
===开始判断额外/转自动条件2021-08-06 14:29:13.190===
===2021-08-06 14:29:14.277===
股票：002108指定时间段判断-额外参数：
	分组名称：1
	走势名称：时间段
		条件不成立(当前时间：2021-08-06 14:29:12.876,条件时段：09:30:00-13:00:00)
	结果：未满足
===2021-08-06 14:29:14.277===
===2021-08-06 14:29:14.344===
股票：002108板块涨跌幅判断-额外参数：
	分组名称：1
	走势名称：发
		条件不成立(不符合板块涨跌幅条件)
	结果：未满足，返回code：-1
===2021-08-06 14:29:14.908===
额外条件未满足


===============================================

==============2021-08-06 14:34:32==============
===6开始执行条件2021-08-06 14:34:31.935===
===开始判断价格条件2021-08-06 14:34:31.935===
===开始判断额外/转自动条件2021-08-06 14:34:32.051===
===2021-08-06 14:34:32.128===
股票：002108指定时间段判断-额外参数：
	分组名称：1
	走势名称：时间段
		条件不成立(当前时间：2021-08-06 14:34:31.935,条件时段：09:30:00-13:00:00)
	结果：未满足
===2021-08-06 14:34:32.128===
===2021-08-06 14:34:32.145===
股票：002108板块涨跌幅判断-额外参数：
	分组名称：1
	走势名称：发
		条件不成立(不符合板块涨跌幅条件)
	结果：未满足，返回code：-1
===2021-08-06 14:34:32.389===
额外条件未满足


===============================================

==============2021-08-06 14:41:04==============
===6开始执行条件2021-08-06 14:41:03.436===
===开始判断价格条件2021-08-06 14:41:03.436===
===开始判断额外/转自动条件2021-08-06 14:41:03.580===
===2021-08-06 14:41:03.724===
股票：002108指定时间段判断-额外参数：
	分组名称：1
	走势名称：时间段
		条件不成立(当前时间：2021-08-06 14:41:03.435,条件时段：09:30:00-13:00:00)
	结果：未满足
===2021-08-06 14:41:03.724===
===2021-08-06 14:41:03.753===
股票：002108板块涨跌幅判断-额外参数：
	分组名称：1
	走势名称：发
		条件不成立(不符合板块涨跌幅条件)
	结果：未满足，返回code：-1
===2021-08-06 14:41:04.011===
额外条件未满足


===============================================

==============2021-08-06 14:41:17==============
===6开始执行条件2021-08-06 14:41:15.126===
===开始判断价格条件2021-08-06 14:41:15.126===
===开始判断额外/转自动条件2021-08-06 14:41:16.535===
===2021-08-06 14:41:16.616===
股票：002108指定时间段判断-额外参数：
	分组名称：1
	走势名称：时间段
		条件不成立(当前时间：2021-08-06 14:41:15.126,条件时段：09:30:00-13:00:00)
	结果：未满足
===2021-08-06 14:41:16.616===
===2021-08-06 14:41:16.653===
股票：002108板块涨跌幅判断-额外参数：
	分组名称：1
	走势名称：发
		条件不成立(不符合板块涨跌幅条件)
	结果：未满足，返回code：-1
===2021-08-06 14:41:17.327===
额外条件未满足


===============================================

==============2021-08-06 14:41:42==============
===6开始执行条件2021-08-06 14:41:38.223===
===开始判断价格条件2021-08-06 14:41:38.223===
===开始判断额外/转自动条件2021-08-06 14:41:38.572===
===2021-08-06 14:41:38.826===
股票：002108指定时间段判断-额外参数：
	分组名称：1
	走势名称：时间段
		条件不成立(当前时间：2021-08-06 14:41:38.223,条件时段：09:30:00-13:00:00)
	结果：未满足
===2021-08-06 14:41:38.826===
===2021-08-06 14:41:38.962===
股票：002108板块涨跌幅判断-额外参数：
	分组名称：1
	走势名称：发
		条件不成立(不符合板块涨跌幅条件)
	结果：未满足，返回code：-1
===2021-08-06 14:41:42.968===
额外条件未满足


===============================================

==============2021-08-06 14:42:32==============
===6开始执行条件2021-08-06 14:42:30.134===
===开始判断价格条件2021-08-06 14:42:30.134===
===开始判断额外/转自动条件2021-08-06 14:42:30.421===
===2021-08-06 14:42:30.584===
股票：002108指定时间段判断-额外参数：
	分组名称：1
	走势名称：时间段
		条件不成立(当前时间：2021-08-06 14:42:30.133,条件时段：09:30:00-13:00:00)
	结果：未满足
===2021-08-06 14:42:30.584===
===2021-08-06 14:42:30.662===
股票：002108板块涨跌幅判断-额外参数：
	分组名称：1
	走势名称：发
		条件不成立(不符合板块涨跌幅条件)
	结果：未满足，返回code：-1
===2021-08-06 14:42:32.504===
额外条件未满足


===============================================

==============2021-08-06 14:42:56==============
===6开始执行条件2021-08-06 14:42:51.302===
===开始判断价格条件2021-08-06 14:42:51.302===
===开始判断额外/转自动条件2021-08-06 14:42:51.951===
===2021-08-06 14:42:52.719===
股票：002108指定时间段判断-额外参数：
	分组名称：1
	走势名称：时间段
		条件不成立(当前时间：2021-08-06 14:42:51.301,条件时段：09:30:00-13:00:00)
	结果：未满足
===2021-08-06 14:42:52.719===
===2021-08-06 14:42:53.191===
股票：002108板块涨跌幅判断-额外参数：
	分组名称：1
	走势名称：发
		条件不成立(不符合板块涨跌幅条件)
	结果：未满足，返回code：-1
===2021-08-06 14:42:56.484===
额外条件未满足


===============================================

==============2021-08-06 14:43:08==============
===6开始执行条件2021-08-06 14:43:07.152===
===开始判断价格条件2021-08-06 14:43:07.152===
===开始判断额外/转自动条件2021-08-06 14:43:07.255===
===2021-08-06 14:43:07.315===
股票：002108指定时间段判断-额外参数：
	分组名称：1
	走势名称：时间段
		条件不成立(当前时间：2021-08-06 14:43:07.151,条件时段：09:30:00-13:00:00)
	结果：未满足
===2021-08-06 14:43:07.315===
===2021-08-06 14:43:07.362===
股票：002108板块涨跌幅判断-额外参数：
	分组名称：1
	走势名称：发
		条件不成立(不符合板块涨跌幅条件)
	结果：未满足，返回code：-1
===2021-08-06 14:43:08.245===
额外条件未满足


===============================================

==============2021-08-06 14:43:43==============
===6开始执行条件2021-08-06 14:43:27.346===
===开始判断价格条件2021-08-06 14:43:27.346===
===开始判断额外/转自动条件2021-08-06 14:43:31.930===
===2021-08-06 14:43:33.036===
股票：002108指定时间段判断-额外参数：
	分组名称：1
	走势名称：时间段
		条件不成立(当前时间：2021-08-06 14:43:27.346,条件时段：09:30:00-13:00:00)
	结果：未满足
===2021-08-06 14:43:33.036===
===2021-08-06 14:43:33.717===
股票：002108板块涨跌幅判断-额外参数：
	分组名称：1
	走势名称：发
		条件不成立(不符合板块涨跌幅条件)
	结果：未满足，返回code：-1
===2021-08-06 14:43:43.781===
额外条件未满足


===============================================

==============2021-08-06 15:02:54==============
===6开始执行条件2021-08-06 14:44:07.581===
===开始判断价格条件2021-08-06 14:44:07.581===
===开始判断额外/转自动条件2021-08-06 14:44:12.530===
===2021-08-06 15:02:37.229===
股票：002108指定时间段判断-额外参数：
	分组名称：1
	走势名称：时间段
		条件不成立(当前时间：2021-08-06 14:44:07.581,条件时段：09:30:00-13:00:00)
	结果：未满足
===2021-08-06 15:02:37.229===
===2021-08-06 15:02:43.562===
股票：002108板块涨跌幅判断-额外参数：
	分组名称：1
	走势名称：发
		条件不成立(不符合板块涨跌幅条件)
	结果：未满足，返回code：-1
===2021-08-06 15:02:54.192===
额外条件未满足


===============================================

==============2021-08-06 15:03:13==============
===6开始执行条件2021-08-06 15:03:06.286===
===开始判断价格条件2021-08-06 15:03:06.286===
===开始判断额外/转自动条件2021-08-06 15:03:08.874===
===2021-08-06 15:03:09.432===
股票：002108指定时间段判断-额外参数：
	分组名称：1
	走势名称：时间段
		条件不成立(当前时间：2021-08-06 15:03:06.286,条件时段：09:30:00-13:00:00)
	结果：未满足
===2021-08-06 15:03:09.432===
===2021-08-06 15:03:09.894===
股票：002108板块涨跌幅判断-额外参数：
	分组名称：1
	走势名称：发
		条件不成立(不符合板块涨跌幅条件)
	结果：未满足，返回code：-1
===2021-08-06 15:03:13.552===
额外条件未满足


===============================================

==============2021-08-06 15:03:28==============
===6开始执行条件2021-08-06 15:03:20.963===
===开始判断价格条件2021-08-06 15:03:20.963===
===开始判断额外/转自动条件2021-08-06 15:03:21.749===
===2021-08-06 15:03:24.066===
股票：002108指定时间段判断-额外参数：
	分组名称：1
	走势名称：时间段
		条件不成立(当前时间：2021-08-06 15:03:20.956,条件时段：09:30:00-13:00:00)
	结果：未满足
===2021-08-06 15:03:24.066===
===2021-08-06 15:03:24.274===
股票：002108板块涨跌幅判断-额外参数：
	分组名称：1
	走势名称：发
		条件不成立(不符合板块涨跌幅条件)
	结果：未满足，返回code：-1
===2021-08-06 15:03:28.393===
额外条件未满足


===============================================

==============2021-08-06 15:03:44==============
===6开始执行条件2021-08-06 15:03:42.836===
===开始判断价格条件2021-08-06 15:03:42.836===
===开始判断额外/转自动条件2021-08-06 15:03:43.252===
===2021-08-06 15:03:43.798===
股票：002108指定时间段判断-额外参数：
	分组名称：1
	走势名称：时间段
		条件不成立(当前时间：2021-08-06 15:03:42.836,条件时段：09:30:00-13:00:00)
	结果：未满足
===2021-08-06 15:03:43.806===
===2021-08-06 15:03:43.892===
股票：002108板块涨跌幅判断-额外参数：
	分组名称：1
	走势名称：发
		条件不成立(不符合板块涨跌幅条件)
	结果：未满足，返回code：-1
===2021-08-06 15:03:44.724===
额外条件未满足


===============================================

==============2021-08-06 15:04:57==============
===6开始执行条件2021-08-06 15:04:55.594===
===开始判断价格条件2021-08-06 15:04:55.594===
===开始判断额外/转自动条件2021-08-06 15:04:55.862===
===2021-08-06 15:04:56.100===
股票：002108指定时间段判断-额外参数：
	分组名称：1
	走势名称：时间段
		条件不成立(当前时间：2021-08-06 15:04:55.593,条件时段：09:30:00-13:00:00)
	结果：未满足
===2021-08-06 15:04:56.100===
===2021-08-06 15:04:56.175===
股票：002108板块涨跌幅判断-额外参数：
	分组名称：1
	走势名称：发
		条件不成立(不符合板块涨跌幅条件)
	结果：未满足，返回code：-1
===2021-08-06 15:04:57.418===
额外条件未满足


===============================================

==============2021-08-06 15:05:15==============
===6开始执行条件2021-08-06 15:05:10.517===
===开始判断价格条件2021-08-06 15:05:10.517===
===开始判断额外/转自动条件2021-08-06 15:05:11.255===
===2021-08-06 15:05:12.120===
股票：002108指定时间段判断-额外参数：
	分组名称：1
	走势名称：时间段
		条件不成立(当前时间：2021-08-06 15:05:10.517,条件时段：09:30:00-13:00:00)
	结果：未满足
===2021-08-06 15:05:12.121===
===2021-08-06 15:05:12.270===
股票：002108板块涨跌幅判断-额外参数：
	分组名称：1
	走势名称：发
		条件不成立(不符合板块涨跌幅条件)
	结果：未满足，返回code：-1
===2021-08-06 15:05:15.115===
额外条件未满足


===============================================

==============2021-08-06 15:06:10==============
===6开始执行条件2021-08-06 15:06:03.699===
===开始判断价格条件2021-08-06 15:06:03.699===
===开始判断额外/转自动条件2021-08-06 15:06:05.268===
===2021-08-06 15:06:05.656===
股票：002108指定时间段判断-额外参数：
	分组名称：1
	走势名称：时间段
		条件不成立(当前时间：2021-08-06 15:06:03.698,条件时段：09:30:00-13:00:00)
	结果：未满足
===2021-08-06 15:06:05.656===
===2021-08-06 15:06:05.796===
股票：002108板块涨跌幅判断-额外参数：
	分组名称：1
	走势名称：发
		条件不成立(不符合板块涨跌幅条件)
	结果：未满足，返回code：-1
===2021-08-06 15:06:10.281===
额外条件未满足


===============================================

==============2021-08-06 15:06:27==============
===6开始执行条件2021-08-06 15:06:23.111===
===开始判断价格条件2021-08-06 15:06:23.111===
===开始判断额外/转自动条件2021-08-06 15:06:23.568===
===2021-08-06 15:06:23.965===
股票：002108指定时间段判断-额外参数：
	分组名称：1
	走势名称：时间段
		条件不成立(当前时间：2021-08-06 15:06:23.108,条件时段：09:30:00-13:00:00)
	结果：未满足
===2021-08-06 15:06:23.965===
===2021-08-06 15:06:24.159===
股票：002108板块涨跌幅判断-额外参数：
	分组名称：1
	走势名称：发
		条件不成立(不符合板块涨跌幅条件)
	结果：未满足，返回code：-1
===2021-08-06 15:06:27.902===
额外条件未满足


===============================================

==============2021-08-06 15:06:47==============
===6开始执行条件2021-08-06 15:06:43.023===
===开始判断价格条件2021-08-06 15:06:43.023===
===开始判断额外/转自动条件2021-08-06 15:06:43.845===
===2021-08-06 15:06:44.182===
股票：002108指定时间段判断-额外参数：
	分组名称：1
	走势名称：时间段
		条件不成立(当前时间：2021-08-06 15:06:43.023,条件时段：09:30:00-13:00:00)
	结果：未满足
===2021-08-06 15:06:44.182===
===2021-08-06 15:06:44.212===
股票：002108板块涨跌幅判断-额外参数：
	分组名称：1
	走势名称：发
		条件不成立(不符合板块涨跌幅条件)
	结果：未满足，返回code：-1
===2021-08-06 15:06:47.740===
额外条件未满足


===============================================

==============2021-08-06 15:08:00==============
===6开始执行条件2021-08-06 15:07:59.460===
===开始判断价格条件2021-08-06 15:07:59.460===
===开始判断额外/转自动条件2021-08-06 15:07:59.687===
===2021-08-06 15:07:59.904===
股票：002108指定时间段判断-额外参数：
	分组名称：1
	走势名称：时间段
		条件不成立(当前时间：2021-08-06 15:07:59.460,条件时段：09:30:00-13:00:00)
	结果：未满足
===2021-08-06 15:07:59.904===
===2021-08-06 15:07:59.937===
股票：002108板块涨跌幅判断-额外参数：
	分组名称：1
	走势名称：发
		条件不成立(不符合板块涨跌幅条件)
	结果：未满足，返回code：-1
===2021-08-06 15:08:00.843===
额外条件未满足


===============================================

==============2021-08-06 15:11:53==============
===6开始执行条件2021-08-06 15:11:51.379===
===开始判断价格条件2021-08-06 15:11:51.379===
===开始判断额外/转自动条件2021-08-06 15:11:51.798===
===2021-08-06 15:11:52.545===
股票：002108指定时间段判断-额外参数：
	分组名称：1
	走势名称：时间段
		条件不成立(当前时间：2021-08-06 15:11:51.379,条件时段：09:30:00-13:00:00)
	结果：未满足
===2021-08-06 15:11:52.545===
===2021-08-06 15:11:52.623===
股票：002108板块涨跌幅判断-额外参数：
	分组名称：1
	走势名称：发
		条件不成立(不符合板块涨跌幅条件)
	结果：未满足，返回code：-1
===2021-08-06 15:11:53.415===
额外条件未满足


===============================================

==============2021-08-06 15:12:09==============
===6开始执行条件2021-08-06 15:12:07.361===
===开始判断价格条件2021-08-06 15:12:07.361===
===开始判断额外/转自动条件2021-08-06 15:12:07.712===
===2021-08-06 15:12:07.980===
股票：002108指定时间段判断-额外参数：
	分组名称：1
	走势名称：时间段
		条件不成立(当前时间：2021-08-06 15:12:07.360,条件时段：09:30:00-13:00:00)
	结果：未满足
===2021-08-06 15:12:07.980===
===2021-08-06 15:12:08.026===
股票：002108板块涨跌幅判断-额外参数：
	分组名称：1
	走势名称：发
		条件不成立(不符合板块涨跌幅条件)
	结果：未满足，返回code：-1
===2021-08-06 15:12:09.032===
额外条件未满足


===============================================

==============2021-08-06 15:12:44==============
===6开始执行条件2021-08-06 15:12:43.795===
===开始判断价格条件2021-08-06 15:12:43.795===
===开始判断额外/转自动条件2021-08-06 15:12:43.954===
===2021-08-06 15:12:44.109===
股票：002108指定时间段判断-额外参数：
	分组名称：1
	走势名称：时间段
		条件不成立(当前时间：2021-08-06 15:12:43.794,条件时段：09:30:00-13:00:00)
	结果：未满足
===2021-08-06 15:12:44.109===
===2021-08-06 15:12:44.175===
股票：002108板块涨跌幅判断-额外参数：
	分组名称：1
	走势名称：发
		条件不成立(不符合板块涨跌幅条件)
	结果：未满足，返回code：-1
===2021-08-06 15:12:44.730===
额外条件未满足


===============================================

==============2021-08-06 15:13:51==============
===6开始执行条件2021-08-06 15:13:49.711===
===开始判断价格条件2021-08-06 15:13:49.711===
===开始判断额外/转自动条件2021-08-06 15:13:49.870===
===2021-08-06 15:13:49.977===
股票：002108指定时间段判断-额外参数：
	分组名称：1
	走势名称：时间段
		条件不成立(当前时间：2021-08-06 15:13:49.710,条件时段：09:30:00-13:00:00)
	结果：未满足
===2021-08-06 15:13:49.977===
===2021-08-06 15:13:50.065===
股票：002108板块涨跌幅判断-额外参数：
	分组名称：1
	走势名称：发
		条件不成立(不符合板块涨跌幅条件)
	结果：未满足，返回code：-1
===2021-08-06 15:13:51.392===
额外条件未满足


===============================================

==============2021-08-06 15:14:04==============
===6开始执行条件2021-08-06 15:14:03.769===
===开始判断价格条件2021-08-06 15:14:03.769===
===开始判断额外/转自动条件2021-08-06 15:14:03.915===
===2021-08-06 15:14:03.973===
股票：002108指定时间段判断-额外参数：
	分组名称：1
	走势名称：时间段
		条件不成立(当前时间：2021-08-06 15:14:03.768,条件时段：09:30:00-13:00:00)
	结果：未满足
===2021-08-06 15:14:03.973===
===2021-08-06 15:14:03.994===
股票：002108板块涨跌幅判断-额外参数：
	分组名称：1
	走势名称：发
		条件不成立(不符合板块涨跌幅条件)
	结果：未满足，返回code：-1
===2021-08-06 15:14:04.201===
额外条件未满足


===============================================

==============2021-08-06 15:26:52==============
===6开始执行条件2021-08-06 15:26:51.173===
===开始判断价格条件2021-08-06 15:26:51.173===
===开始判断额外/转自动条件2021-08-06 15:26:51.579===
===2021-08-06 15:26:51.649===
股票：002108指定时间段判断-额外参数：
	分组名称：1
	走势名称：时间段
		条件不成立(当前时间：2021-08-06 15:26:51.173,条件时段：09:30:00-13:00:00)
	结果：未满足
===2021-08-06 15:26:51.649===
===2021-08-06 15:26:51.667===
股票：002108板块涨跌幅判断-额外参数：
	分组名称：1
	走势名称：发
		条件不成立(不符合板块涨跌幅条件)
	结果：未满足，返回code：-1
===2021-08-06 15:26:52.008===
额外条件未满足


===============================================

==============2021-08-06 15:27:57==============
===6开始执行条件2021-08-06 15:27:54.419===
===开始判断价格条件2021-08-06 15:27:54.419===
===开始判断额外/转自动条件2021-08-06 15:27:54.799===
===2021-08-06 15:27:55.171===
股票：002108指定时间段判断-额外参数：
	分组名称：1
	走势名称：时间段
		条件不成立(当前时间：2021-08-06 15:27:54.419,条件时段：09:30:00-13:00:00)
	结果：未满足
===2021-08-06 15:27:55.171===
===2021-08-06 15:27:55.318===
股票：002108板块涨跌幅判断-额外参数：
	分组名称：1
	走势名称：发
		条件不成立(不符合板块涨跌幅条件)
	结果：未满足，返回code：-1
===2021-08-06 15:27:57.925===
额外条件未满足


===============================================

==============2021-08-06 15:28:29==============
===6开始执行条件2021-08-06 15:28:26.327===
===开始判断价格条件2021-08-06 15:28:26.327===
===开始判断额外/转自动条件2021-08-06 15:28:26.745===
===2021-08-06 15:28:26.881===
股票：002108指定时间段判断-额外参数：
	分组名称：1
	走势名称：时间段
		条件不成立(当前时间：2021-08-06 15:28:26.327,条件时段：09:30:00-13:00:00)
	结果：未满足
===2021-08-06 15:28:26.881===
===2021-08-06 15:28:26.988===
股票：002108板块涨跌幅判断-额外参数：
	分组名称：1
	走势名称：发
		条件不成立(不符合板块涨跌幅条件)
	结果：未满足，返回code：-1
===2021-08-06 15:28:29.165===
额外条件未满足


===============================================

==============2021-08-06 15:28:46==============
===6开始执行条件2021-08-06 15:28:45.309===
===开始判断价格条件2021-08-06 15:28:45.309===
===开始判断额外/转自动条件2021-08-06 15:28:45.721===
===2021-08-06 15:28:45.850===
股票：002108指定时间段判断-额外参数：
	分组名称：1
	走势名称：时间段
		条件不成立(当前时间：2021-08-06 15:28:45.309,条件时段：09:30:00-13:00:00)
	结果：未满足
===2021-08-06 15:28:45.850===
===2021-08-06 15:28:45.901===
股票：002108板块涨跌幅判断-额外参数：
	分组名称：1
	走势名称：发
		条件不成立(不符合板块涨跌幅条件)
	结果：未满足，返回code：-1
===2021-08-06 15:28:46.969===
额外条件未满足


===============================================

==============2021-08-06 15:29:58==============
===6开始执行条件2021-08-06 15:29:57.594===
===开始判断价格条件2021-08-06 15:29:57.594===
===开始判断额外/转自动条件2021-08-06 15:29:57.663===
===2021-08-06 15:29:57.871===
股票：002108指定时间段判断-额外参数：
	分组名称：1
	走势名称：时间段
		条件不成立(当前时间：2021-08-06 15:29:57.593,条件时段：09:30:00-13:00:00)
	结果：未满足
===2021-08-06 15:29:57.871===
===2021-08-06 15:29:57.934===
股票：002108板块涨跌幅判断-额外参数：
	分组名称：1
	走势名称：发
		条件不成立(不符合板块涨跌幅条件)
	结果：未满足，返回code：-1
===2021-08-06 15:29:58.192===
额外条件未满足


===============================================

==============2021-08-06 15:30:17==============
===6开始执行条件2021-08-06 15:30:13.512===
===开始判断价格条件2021-08-06 15:30:13.512===
===开始判断额外/转自动条件2021-08-06 15:30:13.910===
===2021-08-06 15:30:14.292===
股票：002108指定时间段判断-额外参数：
	分组名称：1
	走势名称：时间段
		条件不成立(当前时间：2021-08-06 15:30:13.506,条件时段：09:30:00-13:00:00)
	结果：未满足
===2021-08-06 15:30:14.293===
===2021-08-06 15:30:14.458===
股票：002108板块涨跌幅判断-额外参数：
	分组名称：1
	走势名称：发
		条件不成立(不符合板块涨跌幅条件)
	结果：未满足，返回code：-1
===2021-08-06 15:30:17.029===
额外条件未满足


===============================================

==============2021-08-06 15:30:36==============
===6开始执行条件2021-08-06 15:30:36.077===
===开始判断价格条件2021-08-06 15:30:36.077===
===开始判断额外/转自动条件2021-08-06 15:30:36.145===
===2021-08-06 15:30:36.188===
股票：002108指定时间段判断-额外参数：
	分组名称：1
	走势名称：时间段
		条件不成立(当前时间：2021-08-06 15:30:36.077,条件时段：09:30:00-13:00:00)
	结果：未满足
===2021-08-06 15:30:36.188===
===2021-08-06 15:30:36.231===
股票：002108板块涨跌幅判断-额外参数：
	分组名称：1
	走势名称：发
		条件不成立(不符合板块涨跌幅条件)
	结果：未满足，返回code：-1
===2021-08-06 15:30:36.650===
额外条件未满足


===============================================

==============2021-08-06 15:30:56==============
===6开始执行条件2021-08-06 15:30:52.635===
===开始判断价格条件2021-08-06 15:30:52.635===
===开始判断额外/转自动条件2021-08-06 15:30:53.596===
===2021-08-06 15:30:54.225===
股票：002108指定时间段判断-额外参数：
	分组名称：1
	走势名称：时间段
		条件不成立(当前时间：2021-08-06 15:30:52.632,条件时段：09:30:00-13:00:00)
	结果：未满足
===2021-08-06 15:30:54.276===
===2021-08-06 15:30:54.526===
股票：002108板块涨跌幅判断-额外参数：
	分组名称：1
	走势名称：发
		条件不成立(不符合板块涨跌幅条件)
	结果：未满足，返回code：-1
===2021-08-06 15:30:56.282===
额外条件未满足


===============================================

==============2021-08-06 15:31:11==============
===6开始执行条件2021-08-06 15:31:11.531===
===开始判断价格条件2021-08-06 15:31:11.531===
===开始判断额外/转自动条件2021-08-06 15:31:11.620===
===2021-08-06 15:31:11.668===
股票：002108指定时间段判断-额外参数：
	分组名称：1
	走势名称：时间段
		条件不成立(当前时间：2021-08-06 15:31:11.531,条件时段：09:30:00-13:00:00)
	结果：未满足
===2021-08-06 15:31:11.668===
===2021-08-06 15:31:11.689===
股票：002108板块涨跌幅判断-额外参数：
	分组名称：1
	走势名称：发
		条件不成立(不符合板块涨跌幅条件)
	结果：未满足，返回code：-1
===2021-08-06 15:31:11.945===
额外条件未满足


===============================================

==============2021-08-06 15:31:31==============
===6开始执行条件2021-08-06 15:31:28.642===
===开始判断价格条件2021-08-06 15:31:28.642===
===开始判断额外/转自动条件2021-08-06 15:31:28.992===
===2021-08-06 15:31:29.200===
股票：002108指定时间段判断-额外参数：
	分组名称：1
	走势名称：时间段
		条件不成立(当前时间：2021-08-06 15:31:28.642,条件时段：09:30:00-13:00:00)
	结果：未满足
===2021-08-06 15:31:29.200===
===2021-08-06 15:31:29.290===
股票：002108板块涨跌幅判断-额外参数：
	分组名称：1
	走势名称：发
		条件不成立(不符合板块涨跌幅条件)
	结果：未满足，返回code：-1
===2021-08-06 15:31:31.739===
额外条件未满足


===============================================

==============2021-08-06 15:31:51==============
===6开始执行条件2021-08-06 15:31:46.444===
===开始判断价格条件2021-08-06 15:31:46.444===
===开始判断额外/转自动条件2021-08-06 15:31:46.967===
===2021-08-06 15:31:47.500===
股票：002108指定时间段判断-额外参数：
	分组名称：1
	走势名称：时间段
		条件不成立(当前时间：2021-08-06 15:31:46.441,条件时段：09:30:00-13:00:00)
	结果：未满足
===2021-08-06 15:31:47.500===
===2021-08-06 15:31:47.655===
股票：002108板块涨跌幅判断-额外参数：
	分组名称：1
	走势名称：发
		条件不成立(不符合板块涨跌幅条件)
	结果：未满足，返回code：-1
===2021-08-06 15:31:51.304===
额外条件未满足


===============================================

==============2021-08-06 15:32:12==============
===6开始执行条件2021-08-06 15:32:08.403===
===开始判断价格条件2021-08-06 15:32:08.403===
===开始判断额外/转自动条件2021-08-06 15:32:08.887===
===2021-08-06 15:32:09.521===
股票：002108指定时间段判断-额外参数：
	分组名称：1
	走势名称：时间段
		条件不成立(当前时间：2021-08-06 15:32:08.402,条件时段：09:30:00-13:00:00)
	结果：未满足
===2021-08-06 15:32:09.521===
===2021-08-06 15:32:09.690===
股票：002108板块涨跌幅判断-额外参数：
	分组名称：1
	走势名称：发
		条件不成立(不符合板块涨跌幅条件)
	结果：未满足，返回code：-1
===2021-08-06 15:32:12.045===
额外条件未满足


===============================================

==============2021-08-06 15:32:28==============
===6开始执行条件2021-08-06 15:32:27.164===
===开始判断价格条件2021-08-06 15:32:27.164===
===开始判断额外/转自动条件2021-08-06 15:32:27.324===
===2021-08-06 15:32:27.430===
股票：002108指定时间段判断-额外参数：
	分组名称：1
	走势名称：时间段
		条件不成立(当前时间：2021-08-06 15:32:27.163,条件时段：09:30:00-13:00:00)
	结果：未满足
===2021-08-06 15:32:27.431===
===2021-08-06 15:32:27.507===
股票：002108板块涨跌幅判断-额外参数：
	分组名称：1
	走势名称：发
		条件不成立(不符合板块涨跌幅条件)
	结果：未满足，返回code：-1
===2021-08-06 15:32:28.175===
额外条件未满足


===============================================

==============2021-08-06 15:32:38==============
===6开始执行条件2021-08-06 15:32:38.295===
===开始判断价格条件2021-08-06 15:32:38.295===
===开始判断额外/转自动条件2021-08-06 15:32:38.399===
===2021-08-06 15:32:38.457===
股票：002108指定时间段判断-额外参数：
	分组名称：1
	走势名称：时间段
		条件不成立(当前时间：2021-08-06 15:32:38.294,条件时段：09:30:00-13:00:00)
	结果：未满足
===2021-08-06 15:32:38.457===
===2021-08-06 15:32:38.559===
股票：002108板块涨跌幅判断-额外参数：
	分组名称：1
	走势名称：发
		条件不成立(不符合板块涨跌幅条件)
	结果：未满足，返回code：-1
===2021-08-06 15:32:38.830===
额外条件未满足


===============================================

==============2021-08-06 15:33:08==============
===6开始执行条件2021-08-06 15:33:02.591===
===开始判断价格条件2021-08-06 15:33:02.591===
===开始判断额外/转自动条件2021-08-06 15:33:03.315===
===2021-08-06 15:33:04.338===
股票：002108指定时间段判断-额外参数：
	分组名称：1
	走势名称：时间段
		条件不成立(当前时间：2021-08-06 15:33:02.591,条件时段：09:30:00-13:00:00)
	结果：未满足
===2021-08-06 15:33:04.338===
===2021-08-06 15:33:04.512===
股票：002108板块涨跌幅判断-额外参数：
	分组名称：1
	走势名称：发
		条件不成立(不符合板块涨跌幅条件)
	结果：未满足，返回code：-1
===2021-08-06 15:33:08.193===
额外条件未满足


===============================================

==============2021-08-06 15:36:37==============
===6开始执行条件2021-08-06 15:33:20.506===
===开始判断价格条件2021-08-06 15:33:20.506===
===开始判断额外/转自动条件2021-08-06 15:35:47.336===
===2021-08-06 15:35:55.011===
股票：002108指定时间段判断-额外参数：
	分组名称：1
	走势名称：时间段
		条件不成立(当前时间：2021-08-06 15:33:20.506,条件时段：09:30:00-13:00:00)
	结果：未满足
===2021-08-06 15:35:55.011===
===2021-08-06 15:35:55.460===
股票：002108板块涨跌幅判断-额外参数：
	分组名称：1
	走势名称：发
		条件不成立(不符合板块涨跌幅条件)
	结果：未满足，返回code：-1
===2021-08-06 15:36:37.218===
额外条件未满足


===============================================

==============2021-08-06 15:38:09==============
===6开始执行条件2021-08-06 15:38:06.521===
===开始判断价格条件2021-08-06 15:38:06.521===
===开始判断额外/转自动条件2021-08-06 15:38:06.785===
===2021-08-06 15:38:06.884===
股票：002108指定时间段判断-额外参数：
	分组名称：1
	走势名称：时间段
		条件不成立(当前时间：2021-08-06 15:38:06.520,条件时段：09:30:00-13:00:00)
	结果：未满足
===2021-08-06 15:38:06.884===
===2021-08-06 15:38:07.210===
股票：002108板块涨跌幅判断-额外参数：
	分组名称：1
	走势名称：发
		条件不成立(不符合板块涨跌幅条件)
	结果：未满足，返回code：-1
===2021-08-06 15:38:09.404===
额外条件未满足


===============================================

==============2021-08-06 15:38:29==============
===6开始执行条件2021-08-06 15:38:28.531===
===开始判断价格条件2021-08-06 15:38:28.531===
===开始判断额外/转自动条件2021-08-06 15:38:28.658===
===2021-08-06 15:38:28.718===
股票：002108指定时间段判断-额外参数：
	分组名称：1
	走势名称：时间段
		条件不成立(当前时间：2021-08-06 15:38:28.530,条件时段：09:30:00-13:00:00)
	结果：未满足
===2021-08-06 15:38:28.719===
===2021-08-06 15:38:28.738===
股票：002108板块涨跌幅判断-额外参数：
	分组名称：1
	走势名称：发
		条件不成立(不符合板块涨跌幅条件)
	结果：未满足，返回code：-1
===2021-08-06 15:38:29.080===
额外条件未满足


===============================================

==============2021-08-06 15:40:25==============
===6开始执行条件2021-08-06 15:40:18.246===
===开始判断价格条件2021-08-06 15:40:18.246===
===开始判断额外/转自动条件2021-08-06 15:40:19.345===
===2021-08-06 15:40:19.801===
股票：002108指定时间段判断-额外参数：
	分组名称：1
	走势名称：时间段
		条件不成立(当前时间：2021-08-06 15:40:18.246,条件时段：09:30:00-13:00:00)
	结果：未满足
===2021-08-06 15:40:19.801===
===2021-08-06 15:40:20.031===
股票：002108板块涨跌幅判断-额外参数：
	分组名称：1
	走势名称：发
		条件不成立(不符合板块涨跌幅条件)
	结果：未满足，返回code：-1
===2021-08-06 15:40:25.123===
额外条件未满足


===============================================

