==============2021-08-10 17:37:10==============
===6开始执行条件2021-08-10 17:37:10.204===
===开始判断价格条件2021-08-10 17:37:10.204===
===开始判断额外/转自动条件2021-08-10 17:37:10.303===
===2021-08-10 17:37:10.345===
股票：002108指定时间段判断-额外参数：
	分组名称：1
	走势名称：时间段
		条件不成立(当前时间：2021-08-10 17:37:10.204,条件时段：09:30:00-13:00:00)
	结果：未满足
===2021-08-10 17:37:10.345===
===2021-08-10 17:37:10.369===
股票：002108板块涨跌幅判断-额外参数：
	分组名称：1
	走势名称：发
		条件不成立(不符合板块涨跌幅条件)
	结果：未满足，返回code：-1
===2021-08-10 17:37:10.775===
额外条件未满足


===============================================

==============2021-08-10 17:41:02==============
===6开始执行条件2021-08-10 17:41:00.578===
===开始判断价格条件2021-08-10 17:41:00.578===
===开始判断额外/转自动条件2021-08-10 17:41:00.702===
===2021-08-10 17:41:00.934===
股票：002108指定时间段判断-额外参数：
	分组名称：1
	走势名称：时间段
		条件不成立(当前时间：2021-08-10 17:41:00.578,条件时段：09:30:00-13:00:00)
	结果：未满足
===2021-08-10 17:41:00.934===
===2021-08-10 17:41:01.038===
股票：002108板块涨跌幅判断-额外参数：
	分组名称：1
	走势名称：发
		条件不成立(不符合板块涨跌幅条件)
	结果：未满足，返回code：-1
===2021-08-10 17:41:02.002===
额外条件未满足


===============================================

==============2021-08-10 17:41:14==============
===6开始执行条件2021-08-10 17:41:13.162===
===开始判断价格条件2021-08-10 17:41:13.162===
===开始判断额外/转自动条件2021-08-10 17:41:13.425===
===2021-08-10 17:41:13.569===
股票：002108指定时间段判断-额外参数：
	分组名称：1
	走势名称：时间段
		条件不成立(当前时间：2021-08-10 17:41:13.161,条件时段：09:30:00-13:00:00)
	结果：未满足
===2021-08-10 17:41:13.569===
===2021-08-10 17:41:13.707===
股票：002108板块涨跌幅判断-额外参数：
	分组名称：1
	走势名称：发
		条件不成立(不符合板块涨跌幅条件)
	结果：未满足，返回code：-1
===2021-08-10 17:41:14.654===
额外条件未满足


===============================================

==============2021-08-10 17:41:28==============
===6开始执行条件2021-08-10 17:41:27.420===
===开始判断价格条件2021-08-10 17:41:27.420===
===开始判断额外/转自动条件2021-08-10 17:41:27.564===
===2021-08-10 17:41:27.653===
股票：002108指定时间段判断-额外参数：
	分组名称：1
	走势名称：时间段
		条件不成立(当前时间：2021-08-10 17:41:27.420,条件时段：09:30:00-13:00:00)
	结果：未满足
===2021-08-10 17:41:27.654===
===2021-08-10 17:41:27.719===
股票：002108板块涨跌幅判断-额外参数：
	分组名称：1
	走势名称：发
		条件不成立(不符合板块涨跌幅条件)
	结果：未满足，返回code：-1
===2021-08-10 17:41:28.391===
额外条件未满足


===============================================

==============2021-08-10 17:41:43==============
===6开始执行条件2021-08-10 17:41:42.376===
===开始判断价格条件2021-08-10 17:41:42.376===
===开始判断额外/转自动条件2021-08-10 17:41:42.660===
===2021-08-10 17:41:42.813===
股票：002108指定时间段判断-额外参数：
	分组名称：1
	走势名称：时间段
		条件不成立(当前时间：2021-08-10 17:41:42.375,条件时段：09:30:00-13:00:00)
	结果：未满足
===2021-08-10 17:41:42.813===
===2021-08-10 17:41:42.844===
股票：002108板块涨跌幅判断-额外参数：
	分组名称：1
	走势名称：发
		条件不成立(不符合板块涨跌幅条件)
	结果：未满足，返回code：-1
===2021-08-10 17:41:43.079===
额外条件未满足


===============================================

==============2021-08-10 17:41:49==============
===6开始执行条件2021-08-10 17:41:45.579===
===开始判断价格条件2021-08-10 17:41:45.579===
===开始判断额外/转自动条件2021-08-10 17:41:45.812===
===2021-08-10 17:41:46.196===
股票：002108指定时间段判断-额外参数：
	分组名称：1
	走势名称：时间段
		条件不成立(当前时间：2021-08-10 17:41:45.579,条件时段：09:30:00-13:00:00)
	结果：未满足
===2021-08-10 17:41:46.196===
===2021-08-10 17:41:46.334===
股票：002108板块涨跌幅判断-额外参数：
	分组名称：1
	走势名称：发
		条件不成立(不符合板块涨跌幅条件)
	结果：未满足，返回code：-1
===2021-08-10 17:41:49.982===
额外条件未满足


===============================================

==============2021-08-10 17:42:10==============
===6开始执行条件2021-08-10 17:42:06.843===
===开始判断价格条件2021-08-10 17:42:06.843===
===开始判断额外/转自动条件2021-08-10 17:42:07.250===
===2021-08-10 17:42:07.691===
股票：002108指定时间段判断-额外参数：
	分组名称：1
	走势名称：时间段
		条件不成立(当前时间：2021-08-10 17:42:06.835,条件时段：09:30:00-13:00:00)
	结果：未满足
===2021-08-10 17:42:07.691===
===2021-08-10 17:42:08.251===
股票：002108板块涨跌幅判断-额外参数：
	分组名称：1
	走势名称：发
		条件不成立(不符合板块涨跌幅条件)
	结果：未满足，返回code：-1
===2021-08-10 17:42:10.119===
额外条件未满足


===============================================

==============2021-08-10 17:43:31==============
===6开始执行条件2021-08-10 17:43:24.957===
===开始判断价格条件2021-08-10 17:43:24.957===
===开始判断额外/转自动条件2021-08-10 17:43:26.566===
===2021-08-10 17:43:27.895===
股票：002108指定时间段判断-额外参数：
	分组名称：1
	走势名称：时间段
		条件不成立(当前时间：2021-08-10 17:43:24.956,条件时段：09:30:00-13:00:00)
	结果：未满足
===2021-08-10 17:43:27.895===
===2021-08-10 17:43:28.124===
股票：002108板块涨跌幅判断-额外参数：
	分组名称：1
	走势名称：发
		条件不成立(不符合板块涨跌幅条件)
	结果：未满足，返回code：-1
===2021-08-10 17:43:31.956===
额外条件未满足


===============================================

==============2021-08-10 17:43:40==============
===6开始执行条件2021-08-10 17:43:37.151===
===开始判断价格条件2021-08-10 17:43:37.151===
===开始判断额外/转自动条件2021-08-10 17:43:37.728===
===2021-08-10 17:43:38.157===
股票：002108指定时间段判断-额外参数：
	分组名称：1
	走势名称：时间段
		条件不成立(当前时间：2021-08-10 17:43:37.151,条件时段：09:30:00-13:00:00)
	结果：未满足
===2021-08-10 17:43:38.157===
===2021-08-10 17:43:38.341===
股票：002108板块涨跌幅判断-额外参数：
	分组名称：1
	走势名称：发
		条件不成立(不符合板块涨跌幅条件)
	结果：未满足，返回code：-1
===2021-08-10 17:43:40.432===
额外条件未满足


===============================================

==============2021-08-10 17:43:46==============
===6开始执行条件2021-08-10 17:43:45.284===
===开始判断价格条件2021-08-10 17:43:45.284===
===开始判断额外/转自动条件2021-08-10 17:43:45.393===
===2021-08-10 17:43:45.450===
股票：002108指定时间段判断-额外参数：
	分组名称：1
	走势名称：时间段
		条件不成立(当前时间：2021-08-10 17:43:45.284,条件时段：09:30:00-13:00:00)
	结果：未满足
===2021-08-10 17:43:45.450===
===2021-08-10 17:43:45.503===
股票：002108板块涨跌幅判断-额外参数：
	分组名称：1
	走势名称：发
		条件不成立(不符合板块涨跌幅条件)
	结果：未满足，返回code：-1
===2021-08-10 17:43:46.450===
额外条件未满足


===============================================

==============2021-08-10 17:44:03==============
===6开始执行条件2021-08-10 17:44:02.776===
===开始判断价格条件2021-08-10 17:44:02.776===
===开始判断额外/转自动条件2021-08-10 17:44:02.852===
===2021-08-10 17:44:02.896===
股票：002108指定时间段判断-额外参数：
	分组名称：1
	走势名称：时间段
		条件不成立(当前时间：2021-08-10 17:44:02.776,条件时段：09:30:00-13:00:00)
	结果：未满足
===2021-08-10 17:44:02.896===
===2021-08-10 17:44:03.217===
股票：002108板块涨跌幅判断-额外参数：
	分组名称：1
	走势名称：发
		条件不成立(不符合板块涨跌幅条件)
	结果：未满足，返回code：-1
===2021-08-10 17:44:03.590===
额外条件未满足


===============================================

==============2021-08-10 17:47:32==============
===6开始执行条件2021-08-10 17:47:28.070===
===开始判断价格条件2021-08-10 17:47:28.070===
===开始判断额外/转自动条件2021-08-10 17:47:28.685===
===2021-08-10 17:47:29.243===
股票：002108指定时间段判断-额外参数：
	分组名称：1
	走势名称：时间段
		条件不成立(当前时间：2021-08-10 17:47:28.070,条件时段：09:30:00-13:00:00)
	结果：未满足
===2021-08-10 17:47:29.243===
===2021-08-10 17:47:29.406===
股票：002108板块涨跌幅判断-额外参数：
	分组名称：1
	走势名称：发
		条件不成立(不符合板块涨跌幅条件)
	结果：未满足，返回code：-1
===2021-08-10 17:47:32.081===
额外条件未满足


===============================================

==============2021-08-10 17:47:48==============
===6开始执行条件2021-08-10 17:47:45.383===
===开始判断价格条件2021-08-10 17:47:45.383===
===开始判断额外/转自动条件2021-08-10 17:47:45.603===
===2021-08-10 17:47:45.917===
股票：002108指定时间段判断-额外参数：
	分组名称：1
	走势名称：时间段
		条件不成立(当前时间：2021-08-10 17:47:45.383,条件时段：09:30:00-13:00:00)
	结果：未满足
===2021-08-10 17:47:45.917===
===2021-08-10 17:47:46.330===
股票：002108板块涨跌幅判断-额外参数：
	分组名称：1
	走势名称：发
		条件不成立(不符合板块涨跌幅条件)
	结果：未满足，返回code：-1
===2021-08-10 17:47:48.476===
额外条件未满足


===============================================

==============2021-08-10 17:48:59==============
===6开始执行条件2021-08-10 17:48:58.909===
===开始判断价格条件2021-08-10 17:48:58.909===
===开始判断额外/转自动条件2021-08-10 17:48:59.132===
===2021-08-10 17:48:59.216===
股票：002108指定时间段判断-额外参数：
	分组名称：1
	走势名称：时间段
		条件不成立(当前时间：2021-08-10 17:48:58.909,条件时段：09:30:00-13:00:00)
	结果：未满足
===2021-08-10 17:48:59.216===
===2021-08-10 17:48:59.242===
股票：002108板块涨跌幅判断-额外参数：
	分组名称：1
	走势名称：发
		条件不成立(不符合板块涨跌幅条件)
	结果：未满足，返回code：-1
===2021-08-10 17:48:59.453===
额外条件未满足


===============================================

==============2021-08-10 17:49:17==============
===6开始执行条件2021-08-10 17:49:13.696===
===开始判断价格条件2021-08-10 17:49:13.696===
===开始判断额外/转自动条件2021-08-10 17:49:14.052===
===2021-08-10 17:49:14.400===
股票：002108指定时间段判断-额外参数：
	分组名称：1
	走势名称：时间段
		条件不成立(当前时间：2021-08-10 17:49:13.696,条件时段：09:30:00-13:00:00)
	结果：未满足
===2021-08-10 17:49:14.400===
===2021-08-10 17:49:14.506===
股票：002108板块涨跌幅判断-额外参数：
	分组名称：1
	走势名称：发
		条件不成立(不符合板块涨跌幅条件)
	结果：未满足，返回code：-1
===2021-08-10 17:49:17.189===
额外条件未满足


===============================================

==============2021-08-10 17:49:43==============
===6开始执行条件2021-08-10 17:49:33.977===
===开始判断价格条件2021-08-10 17:49:33.977===
===开始判断额外/转自动条件2021-08-10 17:49:38.488===
===2021-08-10 17:49:40.588===
股票：002108指定时间段判断-额外参数：
	分组名称：1
	走势名称：时间段
		条件不成立(当前时间：2021-08-10 17:49:33.977,条件时段：09:30:00-13:00:00)
	结果：未满足
===2021-08-10 17:49:40.588===
===2021-08-10 17:49:41.093===
股票：002108板块涨跌幅判断-额外参数：
	分组名称：1
	走势名称：发
		条件不成立(不符合板块涨跌幅条件)
	结果：未满足，返回code：-1
===2021-08-10 17:49:43.782===
额外条件未满足


===============================================

==============2021-08-10 17:49:52==============
===6开始执行条件2021-08-10 17:49:50.188===
===开始判断价格条件2021-08-10 17:49:50.188===
===开始判断额外/转自动条件2021-08-10 17:49:50.556===
===2021-08-10 17:49:50.749===
股票：002108指定时间段判断-额外参数：
	分组名称：1
	走势名称：时间段
		条件不成立(当前时间：2021-08-10 17:49:50.188,条件时段：09:30:00-13:00:00)
	结果：未满足
===2021-08-10 17:49:50.749===
===2021-08-10 17:49:50.825===
股票：002108板块涨跌幅判断-额外参数：
	分组名称：1
	走势名称：发
		条件不成立(不符合板块涨跌幅条件)
	结果：未满足，返回code：-1
===2021-08-10 17:49:52.618===
额外条件未满足


===============================================

==============2021-08-10 17:50:07==============
===6开始执行条件2021-08-10 17:50:05.079===
===开始判断价格条件2021-08-10 17:50:05.079===
===开始判断额外/转自动条件2021-08-10 17:50:05.554===
===2021-08-10 17:50:05.799===
股票：002108指定时间段判断-额外参数：
	分组名称：1
	走势名称：时间段
		条件不成立(当前时间：2021-08-10 17:50:05.079,条件时段：09:30:00-13:00:00)
	结果：未满足
===2021-08-10 17:50:05.799===
===2021-08-10 17:50:06.138===
股票：002108板块涨跌幅判断-额外参数：
	分组名称：1
	走势名称：发
		条件不成立(不符合板块涨跌幅条件)
	结果：未满足，返回code：-1
===2021-08-10 17:50:07.054===
额外条件未满足


===============================================

==============2021-08-10 17:50:34==============
===6开始执行条件2021-08-10 17:50:29.120===
===开始判断价格条件2021-08-10 17:50:29.120===
===开始判断额外/转自动条件2021-08-10 17:50:29.415===
===2021-08-10 17:50:29.957===
股票：002108指定时间段判断-额外参数：
	分组名称：1
	走势名称：时间段
		条件不成立(当前时间：2021-08-10 17:50:29.101,条件时段：09:30:00-13:00:00)
	结果：未满足
===2021-08-10 17:50:29.957===
===2021-08-10 17:50:30.145===
股票：002108板块涨跌幅判断-额外参数：
	分组名称：1
	走势名称：发
		条件不成立(不符合板块涨跌幅条件)
	结果：未满足，返回code：-1
===2021-08-10 17:50:34.366===
额外条件未满足


===============================================

==============2021-08-10 17:50:45==============
===6开始执行条件2021-08-10 17:50:37.186===
===开始判断价格条件2021-08-10 17:50:37.186===
===开始判断额外/转自动条件2021-08-10 17:50:38.394===
===2021-08-10 17:50:39.478===
股票：002108指定时间段判断-额外参数：
	分组名称：1
	走势名称：时间段
		条件不成立(当前时间：2021-08-10 17:50:37.182,条件时段：09:30:00-13:00:00)
	结果：未满足
===2021-08-10 17:50:39.544===
===2021-08-10 17:50:40.454===
股票：002108板块涨跌幅判断-额外参数：
	分组名称：1
	走势名称：发
		条件不成立(不符合板块涨跌幅条件)
	结果：未满足，返回code：-1
===2021-08-10 17:50:45.581===
额外条件未满足


===============================================

==============2021-08-10 17:51:08==============
===6开始执行条件2021-08-10 17:51:03.087===
===开始判断价格条件2021-08-10 17:51:03.087===
===开始判断额外/转自动条件2021-08-10 17:51:03.928===
===2021-08-10 17:51:04.112===
股票：002108指定时间段判断-额外参数：
	分组名称：1
	走势名称：时间段
		条件不成立(当前时间：2021-08-10 17:51:03.086,条件时段：09:30:00-13:00:00)
	结果：未满足
===2021-08-10 17:51:04.157===
===2021-08-10 17:51:04.436===
股票：002108板块涨跌幅判断-额外参数：
	分组名称：1
	走势名称：发
		条件不成立(不符合板块涨跌幅条件)
	结果：未满足，返回code：-1
===2021-08-10 17:51:08.164===
额外条件未满足


===============================================

==============2021-08-10 17:51:14==============
===6开始执行条件2021-08-10 17:51:12.189===
===开始判断价格条件2021-08-10 17:51:12.189===
===开始判断额外/转自动条件2021-08-10 17:51:12.690===
===2021-08-10 17:51:13.046===
股票：002108指定时间段判断-额外参数：
	分组名称：1
	走势名称：时间段
		条件不成立(当前时间：2021-08-10 17:51:12.189,条件时段：09:30:00-13:00:00)
	结果：未满足
===2021-08-10 17:51:13.046===
===2021-08-10 17:51:13.122===
股票：002108板块涨跌幅判断-额外参数：
	分组名称：1
	走势名称：发
		条件不成立(不符合板块涨跌幅条件)
	结果：未满足，返回code：-1
===2021-08-10 17:51:14.945===
额外条件未满足


===============================================

==============2021-08-10 17:51:56==============
===6开始执行条件2021-08-10 17:51:55.605===
===开始判断价格条件2021-08-10 17:51:55.605===
===开始判断额外/转自动条件2021-08-10 17:51:55.827===
===2021-08-10 17:51:56.177===
股票：002108指定时间段判断-额外参数：
	分组名称：1
	走势名称：时间段
		条件不成立(当前时间：2021-08-10 17:51:55.604,条件时段：09:30:00-13:00:00)
	结果：未满足
===2021-08-10 17:51:56.177===
===2021-08-10 17:51:56.337===
股票：002108板块涨跌幅判断-额外参数：
	分组名称：1
	走势名称：发
		条件不成立(不符合板块涨跌幅条件)
	结果：未满足，返回code：-1
===2021-08-10 17:51:56.748===
额外条件未满足


===============================================

==============2021-08-10 17:52:04==============
===6开始执行条件2021-08-10 17:52:00.277===
===开始判断价格条件2021-08-10 17:52:00.277===
===开始判断额外/转自动条件2021-08-10 17:52:00.765===
===2021-08-10 17:52:01.131===
股票：002108指定时间段判断-额外参数：
	分组名称：1
	走势名称：时间段
		条件不成立(当前时间：2021-08-10 17:52:00.276,条件时段：09:30:00-13:00:00)
	结果：未满足
===2021-08-10 17:52:01.150===
===2021-08-10 17:52:01.496===
股票：002108板块涨跌幅判断-额外参数：
	分组名称：1
	走势名称：发
		条件不成立(不符合板块涨跌幅条件)
	结果：未满足，返回code：-1
===2021-08-10 17:52:04.819===
额外条件未满足


===============================================

==============2021-08-10 17:52:20==============
===6开始执行条件2021-08-10 17:52:16.109===
===开始判断价格条件2021-08-10 17:52:16.109===
===开始判断额外/转自动条件2021-08-10 17:52:16.714===
===2021-08-10 17:52:17.392===
股票：002108指定时间段判断-额外参数：
	分组名称：1
	走势名称：时间段
		条件不成立(当前时间：2021-08-10 17:52:16.095,条件时段：09:30:00-13:00:00)
	结果：未满足
===2021-08-10 17:52:17.392===
===2021-08-10 17:52:17.602===
股票：002108板块涨跌幅判断-额外参数：
	分组名称：1
	走势名称：发
		条件不成立(不符合板块涨跌幅条件)
	结果：未满足，返回code：-1
===2021-08-10 17:52:20.092===
额外条件未满足


===============================================

==============2021-08-10 17:52:40==============
===6开始执行条件2021-08-10 17:52:35.010===
===开始判断价格条件2021-08-10 17:52:35.010===
===开始判断额外/转自动条件2021-08-10 17:52:35.538===
===2021-08-10 17:52:36.367===
股票：002108指定时间段判断-额外参数：
	分组名称：1
	走势名称：时间段
		条件不成立(当前时间：2021-08-10 17:52:35.010,条件时段：09:30:00-13:00:00)
	结果：未满足
===2021-08-10 17:52:36.367===
===2021-08-10 17:52:36.689===
股票：002108板块涨跌幅判断-额外参数：
	分组名称：1
	走势名称：发
		条件不成立(不符合板块涨跌幅条件)
	结果：未满足，返回code：-1
===2021-08-10 17:52:40.884===
额外条件未满足


===============================================

==============2021-08-10 17:52:53==============
===6开始执行条件2021-08-10 17:52:51.549===
===开始判断价格条件2021-08-10 17:52:51.549===
===开始判断额外/转自动条件2021-08-10 17:52:51.881===
===2021-08-10 17:52:52.026===
股票：002108指定时间段判断-额外参数：
	分组名称：1
	走势名称：时间段
		条件不成立(当前时间：2021-08-10 17:52:51.547,条件时段：09:30:00-13:00:00)
	结果：未满足
===2021-08-10 17:52:52.026===
===2021-08-10 17:52:52.062===
股票：002108板块涨跌幅判断-额外参数：
	分组名称：1
	走势名称：发
		条件不成立(不符合板块涨跌幅条件)
	结果：未满足，返回code：-1
===2021-08-10 17:52:53.796===
额外条件未满足


===============================================

==============2021-08-10 17:53:10==============
===6开始执行条件2021-08-10 17:53:08.938===
===开始判断价格条件2021-08-10 17:53:08.938===
===开始判断额外/转自动条件2021-08-10 17:53:09.025===
===2021-08-10 17:53:09.340===
股票：002108指定时间段判断-额外参数：
	分组名称：1
	走势名称：时间段
		条件不成立(当前时间：2021-08-10 17:53:08.937,条件时段：09:30:00-13:00:00)
	结果：未满足
===2021-08-10 17:53:09.340===
===2021-08-10 17:53:09.697===
股票：002108板块涨跌幅判断-额外参数：
	分组名称：1
	走势名称：发
		条件不成立(不符合板块涨跌幅条件)
	结果：未满足，返回code：-1
===2021-08-10 17:53:10.298===
额外条件未满足


===============================================

==============2021-08-10 17:53:27==============
===6开始执行条件2021-08-10 17:53:25.811===
===开始判断价格条件2021-08-10 17:53:25.811===
===开始判断额外/转自动条件2021-08-10 17:53:26.404===
===2021-08-10 17:53:27.121===
股票：002108指定时间段判断-额外参数：
	分组名称：1
	走势名称：时间段
		条件不成立(当前时间：2021-08-10 17:53:25.810,条件时段：09:30:00-13:00:00)
	结果：未满足
===2021-08-10 17:53:27.121===
===2021-08-10 17:53:27.274===
股票：002108板块涨跌幅判断-额外参数：
	分组名称：1
	走势名称：发
		条件不成立(不符合板块涨跌幅条件)
	结果：未满足，返回code：-1
===2021-08-10 17:53:27.782===
额外条件未满足


===============================================

==============2021-08-10 17:53:38==============
===6开始执行条件2021-08-10 17:53:37.513===
===开始判断价格条件2021-08-10 17:53:37.513===
===开始判断额外/转自动条件2021-08-10 17:53:37.766===
===2021-08-10 17:53:37.878===
股票：002108指定时间段判断-额外参数：
	分组名称：1
	走势名称：时间段
		条件不成立(当前时间：2021-08-10 17:53:37.513,条件时段：09:30:00-13:00:00)
	结果：未满足
===2021-08-10 17:53:37.878===
===2021-08-10 17:53:37.944===
股票：002108板块涨跌幅判断-额外参数：
	分组名称：1
	走势名称：发
		条件不成立(不符合板块涨跌幅条件)
	结果：未满足，返回code：-1
===2021-08-10 17:53:38.746===
额外条件未满足


===============================================

==============2021-08-10 17:53:58==============
===6开始执行条件2021-08-10 17:53:57.372===
===开始判断价格条件2021-08-10 17:53:57.372===
===开始判断额外/转自动条件2021-08-10 17:53:57.528===
===2021-08-10 17:53:57.585===
股票：002108指定时间段判断-额外参数：
	分组名称：1
	走势名称：时间段
		条件不成立(当前时间：2021-08-10 17:53:57.360,条件时段：09:30:00-13:00:00)
	结果：未满足
===2021-08-10 17:53:57.586===
===2021-08-10 17:53:57.622===
股票：002108板块涨跌幅判断-额外参数：
	分组名称：1
	走势名称：发
		条件不成立(不符合板块涨跌幅条件)
	结果：未满足，返回code：-1
===2021-08-10 17:53:58.126===
额外条件未满足


===============================================

==============2021-08-10 17:54:13==============
===6开始执行条件2021-08-10 17:54:12.647===
===开始判断价格条件2021-08-10 17:54:12.647===
===开始判断额外/转自动条件2021-08-10 17:54:13.186===
===2021-08-10 17:54:13.225===
股票：002108指定时间段判断-额外参数：
	分组名称：1
	走势名称：时间段
		条件不成立(当前时间：2021-08-10 17:54:12.647,条件时段：09:30:00-13:00:00)
	结果：未满足
===2021-08-10 17:54:13.225===
===2021-08-10 17:54:13.244===
股票：002108板块涨跌幅判断-额外参数：
	分组名称：1
	走势名称：发
		条件不成立(不符合板块涨跌幅条件)
	结果：未满足，返回code：-1
===2021-08-10 17:54:13.601===
额外条件未满足


===============================================

