==============2021-08-09 10:08:03==============
===6开始执行条件2021-08-09 10:08:01.535===
===开始判断价格条件2021-08-09 10:08:01.535===
===开始判断额外/转自动条件2021-08-09 10:08:01.876===
===2021-08-09 10:08:02.661===
股票：002108指定时间段判断-额外参数：
	分组名称：1
	走势名称：时间段
		条件成立(当前时间：2021-08-09 10:08:01.535,条件时段：09:30:00-13:00:00)
	结果：达到要求
===2021-08-09 10:08:03.425===
===2021-08-09 10:08:03.727===
股票：002108多头向上判断-转自动参数：
	分组名称：2
	走势名称：多头向上
	结果：未满足，返回code：0
===2021-08-09 10:08:03.727===
满足所有条件，可以触发


===============================================

==============2021-08-09 10:08:21==============
===6开始执行条件2021-08-09 10:08:13.017===
===开始判断价格条件2021-08-09 10:08:13.018===
===开始判断额外/转自动条件2021-08-09 10:08:13.764===
===2021-08-09 10:08:14.321===
股票：002108指定时间段判断-额外参数：
	分组名称：1
	走势名称：时间段
		条件成立(当前时间：2021-08-09 10:08:13.011,条件时段：09:30:00-13:00:00)
	结果：达到要求
===2021-08-09 10:08:14.643===
===2021-08-09 10:08:21.360===
股票：002108多头向上判断-转自动参数：
	分组名称：2
	走势名称：多头向上
	结果：未满足，返回code：0
===2021-08-09 10:08:21.360===
满足所有条件，可以触发


===============================================

==============2021-08-09 10:08:39==============
===6开始执行条件2021-08-09 10:08:35.594===
===开始判断价格条件2021-08-09 10:08:35.594===
===开始判断额外/转自动条件2021-08-09 10:08:35.906===
===2021-08-09 10:08:37.261===
股票：002108指定时间段判断-额外参数：
	分组名称：1
	走势名称：时间段
		条件成立(当前时间：2021-08-09 10:08:35.594,条件时段：09:30:00-13:00:00)
	结果：达到要求
===2021-08-09 10:08:38.680===
===2021-08-09 10:08:39.739===
股票：002108多头向上判断-转自动参数：
	分组名称：2
	走势名称：多头向上
	结果：未满足，返回code：0
===2021-08-09 10:08:39.739===
满足所有条件，可以触发


===============================================

==============2021-08-09 10:08:48==============
===6开始执行条件2021-08-09 10:08:43.597===
===开始判断价格条件2021-08-09 10:08:43.597===
===开始判断额外/转自动条件2021-08-09 10:08:45.337===
===2021-08-09 10:08:46.207===
股票：002108指定时间段判断-额外参数：
	分组名称：1
	走势名称：时间段
		条件成立(当前时间：2021-08-09 10:08:43.597,条件时段：09:30:00-13:00:00)
	结果：达到要求
===2021-08-09 10:08:47.265===
===2021-08-09 10:08:48.877===
股票：002108多头向上判断-转自动参数：
	分组名称：2
	走势名称：多头向上
	结果：未满足，返回code：0
===2021-08-09 10:08:48.878===
满足所有条件，可以触发


===============================================

==============2021-08-09 10:09:08==============
===6开始执行条件2021-08-09 10:09:03.176===
===开始判断价格条件2021-08-09 10:09:03.176===
===开始判断额外/转自动条件2021-08-09 10:09:05.699===
===2021-08-09 10:09:06.898===
股票：002108指定时间段判断-额外参数：
	分组名称：1
	走势名称：时间段
		条件成立(当前时间：2021-08-09 10:09:03.175,条件时段：09:30:00-13:00:00)
	结果：达到要求
===2021-08-09 10:09:07.184===
===2021-08-09 10:09:08.401===
股票：002108多头向上判断-转自动参数：
	分组名称：2
	走势名称：多头向上
	结果：未满足，返回code：0
===2021-08-09 10:09:08.401===
满足所有条件，可以触发


===============================================

==============2021-08-09 10:09:24==============
===6开始执行条件2021-08-09 10:09:20.517===
===开始判断价格条件2021-08-09 10:09:20.517===
===开始判断额外/转自动条件2021-08-09 10:09:21.296===
===2021-08-09 10:09:21.825===
股票：002108指定时间段判断-额外参数：
	分组名称：1
	走势名称：时间段
		条件成立(当前时间：2021-08-09 10:09:20.517,条件时段：09:30:00-13:00:00)
	结果：达到要求
===2021-08-09 10:09:22.939===
===2021-08-09 10:09:24.763===
股票：002108多头向上判断-转自动参数：
	分组名称：2
	走势名称：多头向上
	结果：未满足，返回code：0
===2021-08-09 10:09:24.763===
满足所有条件，可以触发


===============================================

==============2021-08-09 10:10:27==============
===6开始执行条件2021-08-09 10:09:46.962===
===开始判断价格条件2021-08-09 10:09:46.962===
===开始判断额外/转自动条件2021-08-09 10:09:54.029===
===2021-08-09 10:10:16.316===
股票：002108指定时间段判断-额外参数：
	分组名称：1
	走势名称：时间段
		条件成立(当前时间：2021-08-09 10:09:46.961,条件时段：09:30:00-13:00:00)
	结果：达到要求
===2021-08-09 10:10:19.208===
===2021-08-09 10:10:27.889===
股票：002108多头向上判断-转自动参数：
	分组名称：2
	走势名称：多头向上
	结果：未满足，返回code：0
===2021-08-09 10:10:27.889===
满足所有条件，可以触发


===============================================

==============2021-08-09 10:10:35==============
===6开始执行条件2021-08-09 10:10:31.797===
===开始判断价格条件2021-08-09 10:10:31.797===
===开始判断额外/转自动条件2021-08-09 10:10:32.335===
===2021-08-09 10:10:33.212===
股票：002108指定时间段判断-额外参数：
	分组名称：1
	走势名称：时间段
		条件成立(当前时间：2021-08-09 10:10:31.796,条件时段：09:30:00-13:00:00)
	结果：达到要求
===2021-08-09 10:10:34.310===
===2021-08-09 10:10:35.822===
股票：002108多头向上判断-转自动参数：
	分组名称：2
	走势名称：多头向上
	结果：未满足，返回code：0
===2021-08-09 10:10:35.822===
满足所有条件，可以触发


===============================================

==============2021-08-09 10:10:48==============
===6开始执行条件2021-08-09 10:10:48.386===
===开始判断价格条件2021-08-09 10:10:48.386===
===开始判断额外/转自动条件2021-08-09 10:10:48.526===
===2021-08-09 10:10:48.644===
股票：002108指定时间段判断-额外参数：
	分组名称：1
	走势名称：时间段
		条件成立(当前时间：2021-08-09 10:10:48.386,条件时段：09:30:00-13:00:00)
	结果：达到要求
===2021-08-09 10:10:48.717===
===2021-08-09 10:10:48.836===
股票：002108多头向上判断-转自动参数：
	分组名称：2
	走势名称：多头向上
	结果：未满足，返回code：0
===2021-08-09 10:10:48.836===
满足所有条件，可以触发


===============================================

==============2021-08-09 10:11:00==============
===6开始执行条件2021-08-09 10:10:59.262===
===开始判断价格条件2021-08-09 10:10:59.262===
===开始判断额外/转自动条件2021-08-09 10:10:59.762===
===2021-08-09 10:10:59.886===
股票：002108指定时间段判断-额外参数：
	分组名称：1
	走势名称：时间段
		条件成立(当前时间：2021-08-09 10:10:59.260,条件时段：09:30:00-13:00:00)
	结果：达到要求
===2021-08-09 10:11:00.358===
===2021-08-09 10:11:00.683===
股票：002108多头向上判断-转自动参数：
	分组名称：2
	走势名称：多头向上
	结果：未满足，返回code：0
===2021-08-09 10:11:00.683===
满足所有条件，可以触发


===============================================

==============2021-08-09 10:11:14==============
===6开始执行条件2021-08-09 10:11:11.615===
===开始判断价格条件2021-08-09 10:11:11.615===
===开始判断额外/转自动条件2021-08-09 10:11:12.296===
===2021-08-09 10:11:12.765===
股票：002108指定时间段判断-额外参数：
	分组名称：1
	走势名称：时间段
		条件成立(当前时间：2021-08-09 10:11:11.614,条件时段：09:30:00-13:00:00)
	结果：达到要求
===2021-08-09 10:11:13.377===
===2021-08-09 10:11:14.038===
股票：002108多头向上判断-转自动参数：
	分组名称：2
	走势名称：多头向上
	结果：未满足，返回code：0
===2021-08-09 10:11:14.038===
满足所有条件，可以触发


===============================================

==============2021-08-09 10:11:19==============
===6开始执行条件2021-08-09 10:11:17.666===
===开始判断价格条件2021-08-09 10:11:17.666===
===开始判断额外/转自动条件2021-08-09 10:11:18.168===
===2021-08-09 10:11:18.357===
股票：002108指定时间段判断-额外参数：
	分组名称：1
	走势名称：时间段
		条件成立(当前时间：2021-08-09 10:11:17.666,条件时段：09:30:00-13:00:00)
	结果：达到要求
===2021-08-09 10:11:18.843===
===2021-08-09 10:11:19.430===
股票：002108多头向上判断-转自动参数：
	分组名称：2
	走势名称：多头向上
	结果：未满足，返回code：0
===2021-08-09 10:11:19.430===
满足所有条件，可以触发


===============================================

==============2021-08-09 11:02:40==============
===6开始执行条件2021-08-09 11:02:39.943===
===开始判断价格条件2021-08-09 11:02:39.943===
===开始判断额外/转自动条件2021-08-09 11:02:39.994===
===2021-08-09 11:02:40.048===
股票：002108指定时间段判断-额外参数：
	分组名称：1
	走势名称：时间段
		条件成立(当前时间：2021-08-09 11:02:39.942,条件时段：09:30:00-13:00:00)
	结果：达到要求
===2021-08-09 11:02:40.110===
===2021-08-09 11:02:40.370===
股票：002108多头向上判断-转自动参数：
	分组名称：2
	走势名称：多头向上
	结果：未满足，返回code：0
===2021-08-09 11:02:40.370===
满足所有条件，可以触发


===============================================

==============2021-08-09 11:02:50==============
===6开始执行条件2021-08-09 11:02:49.405===
===开始判断价格条件2021-08-09 11:02:49.405===
===开始判断额外/转自动条件2021-08-09 11:02:49.515===
===2021-08-09 11:02:49.866===
股票：002108指定时间段判断-额外参数：
	分组名称：1
	走势名称：时间段
		条件成立(当前时间：2021-08-09 11:02:49.405,条件时段：09:30:00-13:00:00)
	结果：达到要求
===2021-08-09 11:02:49.992===
===2021-08-09 11:02:50.081===
股票：002108多头向上判断-转自动参数：
	分组名称：2
	走势名称：多头向上
	结果：未满足，返回code：0
===2021-08-09 11:02:50.081===
满足所有条件，可以触发


===============================================

==============2021-08-09 11:03:13==============
===6开始执行条件2021-08-09 11:03:13.105===
===开始判断价格条件2021-08-09 11:03:13.105===
===开始判断额外/转自动条件2021-08-09 11:03:13.222===
===2021-08-09 11:03:13.296===
股票：002108指定时间段判断-额外参数：
	分组名称：1
	走势名称：时间段
		条件成立(当前时间：2021-08-09 11:03:13.105,条件时段：09:30:00-13:00:00)
	结果：达到要求
===2021-08-09 11:03:13.338===
===2021-08-09 11:03:13.747===
股票：002108多头向上判断-转自动参数：
	分组名称：2
	走势名称：多头向上
	结果：未满足，返回code：0
===2021-08-09 11:03:13.747===
满足所有条件，可以触发


===============================================

==============2021-08-09 11:03:27==============
===6开始执行条件2021-08-09 11:03:27.412===
===开始判断价格条件2021-08-09 11:03:27.412===
===开始判断额外/转自动条件2021-08-09 11:03:27.557===
===2021-08-09 11:03:27.659===
股票：002108指定时间段判断-额外参数：
	分组名称：1
	走势名称：时间段
		条件成立(当前时间：2021-08-09 11:03:27.411,条件时段：09:30:00-13:00:00)
	结果：达到要求
===2021-08-09 11:03:27.739===
===2021-08-09 11:03:27.926===
股票：002108多头向上判断-转自动参数：
	分组名称：2
	走势名称：多头向上
	结果：未满足，返回code：0
===2021-08-09 11:03:27.926===
满足所有条件，可以触发


===============================================

==============2021-08-09 11:03:38==============
===6开始执行条件2021-08-09 11:03:36.572===
===开始判断价格条件2021-08-09 11:03:36.572===
===开始判断额外/转自动条件2021-08-09 11:03:36.822===
===2021-08-09 11:03:37.076===
股票：002108指定时间段判断-额外参数：
	分组名称：1
	走势名称：时间段
		条件成立(当前时间：2021-08-09 11:03:36.566,条件时段：09:30:00-13:00:00)
	结果：达到要求
===2021-08-09 11:03:37.621===
===2021-08-09 11:03:38.049===
股票：002108多头向上判断-转自动参数：
	分组名称：2
	走势名称：多头向上
	结果：未满足，返回code：0
===2021-08-09 11:03:38.049===
满足所有条件，可以触发


===============================================

==============2021-08-09 11:03:50==============
===6开始执行条件2021-08-09 11:03:49.947===
===开始判断价格条件2021-08-09 11:03:49.947===
===开始判断额外/转自动条件2021-08-09 11:03:50.168===
===2021-08-09 11:03:50.275===
股票：002108指定时间段判断-额外参数：
	分组名称：1
	走势名称：时间段
		条件成立(当前时间：2021-08-09 11:03:49.947,条件时段：09:30:00-13:00:00)
	结果：达到要求
===2021-08-09 11:03:50.476===
===2021-08-09 11:03:50.704===
股票：002108多头向上判断-转自动参数：
	分组名称：2
	走势名称：多头向上
	结果：未满足，返回code：0
===2021-08-09 11:03:50.704===
满足所有条件，可以触发


===============================================

