==============2021-08-01 18:15:57==============
===6开始执行条件2021-08-01 18:15:53.708===
===开始判断价格条件2021-08-01 18:15:53.708===
===开始判断额外/转自动条件2021-08-01 18:15:56.497===
满足所有条件，可以触发


===============================================

==============2021-08-01 18:24:16==============
===6开始执行条件2021-08-01 18:24:15.637===
===开始判断价格条件2021-08-01 18:24:15.637===
===开始判断额外/转自动条件2021-08-01 18:24:16.125===
满足所有条件，可以触发


===============================================

==============2021-08-01 18:27:28==============
===6开始执行条件2021-08-01 18:27:27.626===
===开始判断价格条件2021-08-01 18:27:27.626===
===开始判断额外/转自动条件2021-08-01 18:27:28.293===
满足所有条件，可以触发


===============================================

==============2021-08-01 18:36:00==============
===6开始执行条件2021-08-01 18:36:00.379===
===开始判断价格条件2021-08-01 18:36:00.379===
===开始判断额外/转自动条件2021-08-01 18:36:00.899===
满足所有条件，可以触发


===============================================

==============2021-08-01 18:39:00==============
===6开始执行条件2021-08-01 18:39:00.284===
===开始判断价格条件2021-08-01 18:39:00.284===
===开始判断额外/转自动条件2021-08-01 18:39:00.754===
满足所有条件，可以触发


===============================================

==============2021-08-01 18:41:30==============
===6开始执行条件2021-08-01 18:41:30.561===
===开始判断价格条件2021-08-01 18:41:30.561===
===开始判断额外/转自动条件2021-08-01 18:41:30.762===
满足所有条件，可以触发


===============================================

==============2021-08-01 18:58:57==============
===6开始执行条件2021-08-01 18:58:56.911===
===开始判断价格条件2021-08-01 18:58:56.911===
===开始判断额外/转自动条件2021-08-01 18:58:57.713===
满足所有条件，可以触发


===============================================

==============2021-08-01 19:06:50==============
===6开始执行条件2021-08-01 19:06:49.923===
===开始判断价格条件2021-08-01 19:06:49.923===
===开始判断额外/转自动条件2021-08-01 19:06:50.378===
满足所有条件，可以触发


===============================================

