==============2021-08-10 17:37:10==============
===6开始执行条件2021-08-10 17:37:09.812===
===开始判断价格条件2021-08-10 17:37:09.812===
===开始判断额外/转自动条件2021-08-10 17:37:09.951===
===2021-08-10 17:37:10.000===
股票：000829指定时间段判断-额外参数：
	分组名称：1
	走势名称：时间段
		条件不成立(当前时间：2021-08-10 17:37:09.797,条件时段：09:30:00-13:00:00)
	结果：未满足
===2021-08-10 17:37:10.000===
===2021-08-10 17:37:10.020===
股票：000829板块涨跌幅判断-额外参数：
	分组名称：1
	走势名称：发
		条件不成立(不符合板块涨跌幅条件)
	结果：未满足，返回code：-1
===2021-08-10 17:37:10.697===
额外条件未满足


===============================================

==============2021-08-10 17:38:48==============
===6开始执行条件2021-08-10 17:38:00.560===
===开始判断价格条件2021-08-10 17:38:00.560===
===开始判断额外/转自动条件2021-08-10 17:38:00.724===
===2021-08-10 17:38:00.768===
股票：000829指定时间段判断-额外参数：
	分组名称：1
	走势名称：时间段
		条件不成立(当前时间：2021-08-10 17:38:00.559,条件时段：09:30:00-13:00:00)
	结果：未满足
===2021-08-10 17:38:00.768===
===2021-08-10 17:38:02.628===
股票：000829板块涨跌幅判断-额外参数：
	分组名称：1
	走势名称：发
		条件不成立(不符合板块涨跌幅条件)
	结果：未满足，返回code：-1
===2021-08-10 17:38:48.513===
额外条件未满足


===============================================

==============2021-08-10 17:41:01==============
===6开始执行条件2021-08-10 17:41:00.244===
===开始判断价格条件2021-08-10 17:41:00.244===
===开始判断额外/转自动条件2021-08-10 17:41:00.544===
===2021-08-10 17:41:00.628===
股票：000829指定时间段判断-额外参数：
	分组名称：1
	走势名称：时间段
		条件不成立(当前时间：2021-08-10 17:41:00.244,条件时段：09:30:00-13:00:00)
	结果：未满足
===2021-08-10 17:41:00.628===
===2021-08-10 17:41:00.692===
股票：000829板块涨跌幅判断-额外参数：
	分组名称：1
	走势名称：发
		条件不成立(不符合板块涨跌幅条件)
	结果：未满足，返回code：-1
===2021-08-10 17:41:01.678===
额外条件未满足


===============================================

==============2021-08-10 17:41:13==============
===6开始执行条件2021-08-10 17:41:12.711===
===开始判断价格条件2021-08-10 17:41:12.711===
===开始判断额外/转自动条件2021-08-10 17:41:12.799===
===2021-08-10 17:41:13.245===
股票：000829指定时间段判断-额外参数：
	分组名称：1
	走势名称：时间段
		条件不成立(当前时间：2021-08-10 17:41:12.708,条件时段：09:30:00-13:00:00)
	结果：未满足
===2021-08-10 17:41:13.246===
===2021-08-10 17:41:13.382===
股票：000829板块涨跌幅判断-额外参数：
	分组名称：1
	走势名称：发
		条件不成立(不符合板块涨跌幅条件)
	结果：未满足，返回code：-1
===2021-08-10 17:41:13.966===
额外条件未满足


===============================================

==============2021-08-10 17:41:28==============
===6开始执行条件2021-08-10 17:41:27.420===
===开始判断价格条件2021-08-10 17:41:27.420===
===开始判断额外/转自动条件2021-08-10 17:41:27.564===
===2021-08-10 17:41:27.642===
股票：000829指定时间段判断-额外参数：
	分组名称：1
	走势名称：时间段
		条件不成立(当前时间：2021-08-10 17:41:27.419,条件时段：09:30:00-13:00:00)
	结果：未满足
===2021-08-10 17:41:27.642===
===2021-08-10 17:41:27.663===
股票：000829板块涨跌幅判断-额外参数：
	分组名称：1
	走势名称：发
		条件不成立(不符合板块涨跌幅条件)
	结果：未满足，返回code：-1
===2021-08-10 17:41:28.320===
额外条件未满足


===============================================

==============2021-08-10 17:41:43==============
===6开始执行条件2021-08-10 17:41:42.303===
===开始判断价格条件2021-08-10 17:41:42.303===
===开始判断额外/转自动条件2021-08-10 17:41:42.678===
===2021-08-10 17:41:43.106===
股票：000829指定时间段判断-额外参数：
	分组名称：1
	走势名称：时间段
		条件不成立(当前时间：2021-08-10 17:41:42.302,条件时段：09:30:00-13:00:00)
	结果：未满足
===2021-08-10 17:41:43.107===
===2021-08-10 17:41:43.169===
股票：000829板块涨跌幅判断-额外参数：
	分组名称：1
	走势名称：发
		条件不成立(不符合板块涨跌幅条件)
	结果：未满足，返回code：-1
===2021-08-10 17:41:43.649===
额外条件未满足


===============================================

==============2021-08-10 17:41:50==============
===6开始执行条件2021-08-10 17:41:45.563===
===开始判断价格条件2021-08-10 17:41:45.563===
===开始判断额外/转自动条件2021-08-10 17:41:46.335===
===2021-08-10 17:41:46.639===
股票：000829指定时间段判断-额外参数：
	分组名称：1
	走势名称：时间段
		条件不成立(当前时间：2021-08-10 17:41:45.563,条件时段：09:30:00-13:00:00)
	结果：未满足
===2021-08-10 17:41:46.639===
===2021-08-10 17:41:46.814===
股票：000829板块涨跌幅判断-额外参数：
	分组名称：1
	走势名称：发
		条件不成立(不符合板块涨跌幅条件)
	结果：未满足，返回code：-1
===2021-08-10 17:41:50.892===
额外条件未满足


===============================================

==============2021-08-10 17:42:12==============
===6开始执行条件2021-08-10 17:42:06.845===
===开始判断价格条件2021-08-10 17:42:06.845===
===开始判断额外/转自动条件2021-08-10 17:42:07.479===
===2021-08-10 17:42:07.942===
股票：000829指定时间段判断-额外参数：
	分组名称：1
	走势名称：时间段
		条件不成立(当前时间：2021-08-10 17:42:06.835,条件时段：09:30:00-13:00:00)
	结果：未满足
===2021-08-10 17:42:07.942===
===2021-08-10 17:42:08.059===
股票：000829板块涨跌幅判断-额外参数：
	分组名称：1
	走势名称：发
		条件不成立(不符合板块涨跌幅条件)
	结果：未满足，返回code：-1
===2021-08-10 17:42:12.313===
额外条件未满足


===============================================

==============2021-08-10 17:43:31==============
===6开始执行条件2021-08-10 17:43:23.532===
===开始判断价格条件2021-08-10 17:43:23.532===
===开始判断额外/转自动条件2021-08-10 17:43:25.865===
===2021-08-10 17:43:26.569===
股票：000829指定时间段判断-额外参数：
	分组名称：1
	走势名称：时间段
		条件不成立(当前时间：2021-08-10 17:43:23.513,条件时段：09:30:00-13:00:00)
	结果：未满足
===2021-08-10 17:43:26.569===
===2021-08-10 17:43:27.549===
股票：000829板块涨跌幅判断-额外参数：
	分组名称：1
	走势名称：发
		条件不成立(不符合板块涨跌幅条件)
	结果：未满足，返回code：-1
===2021-08-10 17:43:31.012===
额外条件未满足


===============================================

==============2021-08-10 17:43:38==============
===6开始执行条件2021-08-10 17:43:35.710===
===开始判断价格条件2021-08-10 17:43:35.710===
===开始判断额外/转自动条件2021-08-10 17:43:36.753===
===2021-08-10 17:43:37.315===
股票：000829指定时间段判断-额外参数：
	分组名称：1
	走势名称：时间段
		条件不成立(当前时间：2021-08-10 17:43:35.710,条件时段：09:30:00-13:00:00)
	结果：未满足
===2021-08-10 17:43:37.315===
===2021-08-10 17:43:37.483===
股票：000829板块涨跌幅判断-额外参数：
	分组名称：1
	走势名称：发
		条件不成立(不符合板块涨跌幅条件)
	结果：未满足，返回code：-1
===2021-08-10 17:43:38.830===
额外条件未满足


===============================================

==============2021-08-10 17:43:46==============
===6开始执行条件2021-08-10 17:43:44.810===
===开始判断价格条件2021-08-10 17:43:44.810===
===开始判断额外/转自动条件2021-08-10 17:43:44.913===
===2021-08-10 17:43:44.967===
股票：000829指定时间段判断-额外参数：
	分组名称：1
	走势名称：时间段
		条件不成立(当前时间：2021-08-10 17:43:44.809,条件时段：09:30:00-13:00:00)
	结果：未满足
===2021-08-10 17:43:44.967===
===2021-08-10 17:43:45.525===
股票：000829板块涨跌幅判断-额外参数：
	分组名称：1
	走势名称：发
		条件不成立(不符合板块涨跌幅条件)
	结果：未满足，返回code：-1
===2021-08-10 17:43:46.684===
额外条件未满足


===============================================

==============2021-08-10 17:44:03==============
===6开始执行条件2021-08-10 17:44:02.751===
===开始判断价格条件2021-08-10 17:44:02.751===
===开始判断额外/转自动条件2021-08-10 17:44:02.864===
===2021-08-10 17:44:02.904===
股票：000829指定时间段判断-额外参数：
	分组名称：1
	走势名称：时间段
		条件不成立(当前时间：2021-08-10 17:44:02.750,条件时段：09:30:00-13:00:00)
	结果：未满足
===2021-08-10 17:44:02.904===
===2021-08-10 17:44:02.925===
股票：000829板块涨跌幅判断-额外参数：
	分组名称：1
	走势名称：发
		条件不成立(不符合板块涨跌幅条件)
	结果：未满足，返回code：-1
===2021-08-10 17:44:03.138===
额外条件未满足


===============================================

==============2021-08-10 17:47:31==============
===6开始执行条件2021-08-10 17:47:28.066===
===开始判断价格条件2021-08-10 17:47:28.066===
===开始判断额外/转自动条件2021-08-10 17:47:28.697===
===2021-08-10 17:47:28.965===
股票：000829指定时间段判断-额外参数：
	分组名称：1
	走势名称：时间段
		条件不成立(当前时间：2021-08-10 17:47:28.066,条件时段：09:30:00-13:00:00)
	结果：未满足
===2021-08-10 17:47:28.965===
===2021-08-10 17:47:29.322===
股票：000829板块涨跌幅判断-额外参数：
	分组名称：1
	走势名称：发
		条件不成立(不符合板块涨跌幅条件)
	结果：未满足，返回code：-1
===2021-08-10 17:47:31.546===
额外条件未满足


===============================================

==============2021-08-10 17:47:47==============
===6开始执行条件2021-08-10 17:47:45.383===
===开始判断价格条件2021-08-10 17:47:45.383===
===开始判断额外/转自动条件2021-08-10 17:47:45.538===
===2021-08-10 17:47:45.725===
股票：000829指定时间段判断-额外参数：
	分组名称：1
	走势名称：时间段
		条件不成立(当前时间：2021-08-10 17:47:45.383,条件时段：09:30:00-13:00:00)
	结果：未满足
===2021-08-10 17:47:45.734===
===2021-08-10 17:47:45.865===
股票：000829板块涨跌幅判断-额外参数：
	分组名称：1
	走势名称：发
		条件不成立(不符合板块涨跌幅条件)
	结果：未满足，返回code：-1
===2021-08-10 17:47:47.314===
额外条件未满足


===============================================

==============2021-08-10 17:48:58==============
===6开始执行条件2021-08-10 17:48:58.293===
===开始判断价格条件2021-08-10 17:48:58.293===
===开始判断额外/转自动条件2021-08-10 17:48:58.382===
===2021-08-10 17:48:58.429===
股票：000829指定时间段判断-额外参数：
	分组名称：1
	走势名称：时间段
		条件不成立(当前时间：2021-08-10 17:48:58.293,条件时段：09:30:00-13:00:00)
	结果：未满足
===2021-08-10 17:48:58.429===
===2021-08-10 17:48:58.454===
股票：000829板块涨跌幅判断-额外参数：
	分组名称：1
	走势名称：发
		条件不成立(不符合板块涨跌幅条件)
	结果：未满足，返回code：-1
===2021-08-10 17:48:58.908===
额外条件未满足


===============================================

==============2021-08-10 17:49:17==============
===6开始执行条件2021-08-10 17:49:13.696===
===开始判断价格条件2021-08-10 17:49:13.696===
===开始判断额外/转自动条件2021-08-10 17:49:14.288===
===2021-08-10 17:49:14.502===
股票：000829指定时间段判断-额外参数：
	分组名称：1
	走势名称：时间段
		条件不成立(当前时间：2021-08-10 17:49:13.696,条件时段：09:30:00-13:00:00)
	结果：未满足
===2021-08-10 17:49:14.502===
===2021-08-10 17:49:14.637===
股票：000829板块涨跌幅判断-额外参数：
	分组名称：1
	走势名称：发
		条件不成立(不符合板块涨跌幅条件)
	结果：未满足，返回code：-1
===2021-08-10 17:49:17.878===
额外条件未满足


===============================================

==============2021-08-10 17:49:43==============
===6开始执行条件2021-08-10 17:49:33.977===
===开始判断价格条件2021-08-10 17:49:33.977===
===开始判断额外/转自动条件2021-08-10 17:49:36.734===
===2021-08-10 17:49:38.487===
股票：000829指定时间段判断-额外参数：
	分组名称：1
	走势名称：时间段
		条件不成立(当前时间：2021-08-10 17:49:33.977,条件时段：09:30:00-13:00:00)
	结果：未满足
===2021-08-10 17:49:39.791===
===2021-08-10 17:49:40.089===
股票：000829板块涨跌幅判断-额外参数：
	分组名称：1
	走势名称：发
		条件不成立(不符合板块涨跌幅条件)
	结果：未满足，返回code：-1
===2021-08-10 17:49:43.414===
额外条件未满足


===============================================

==============2021-08-10 17:49:55==============
===6开始执行条件2021-08-10 17:49:50.188===
===开始判断价格条件2021-08-10 17:49:50.188===
===开始判断额外/转自动条件2021-08-10 17:49:50.974===
===2021-08-10 17:49:52.061===
股票：000829指定时间段判断-额外参数：
	分组名称：1
	走势名称：时间段
		条件不成立(当前时间：2021-08-10 17:49:50.188,条件时段：09:30:00-13:00:00)
	结果：未满足
===2021-08-10 17:49:52.061===
===2021-08-10 17:49:52.303===
股票：000829板块涨跌幅判断-额外参数：
	分组名称：1
	走势名称：发
		条件不成立(不符合板块涨跌幅条件)
	结果：未满足，返回code：-1
===2021-08-10 17:49:55.754===
额外条件未满足


===============================================

==============2021-08-10 17:50:05==============
===6开始执行条件2021-08-10 17:50:04.326===
===开始判断价格条件2021-08-10 17:50:04.326===
===开始判断额外/转自动条件2021-08-10 17:50:04.491===
===2021-08-10 17:50:04.605===
股票：000829指定时间段判断-额外参数：
	分组名称：1
	走势名称：时间段
		条件不成立(当前时间：2021-08-10 17:50:04.326,条件时段：09:30:00-13:00:00)
	结果：未满足
===2021-08-10 17:50:04.605===
===2021-08-10 17:50:04.647===
股票：000829板块涨跌幅判断-额外参数：
	分组名称：1
	走势名称：发
		条件不成立(不符合板块涨跌幅条件)
	结果：未满足，返回code：-1
===2021-08-10 17:50:05.311===
额外条件未满足


===============================================

==============2021-08-10 17:50:33==============
===6开始执行条件2021-08-10 17:50:28.721===
===开始判断价格条件2021-08-10 17:50:28.721===
===开始判断额外/转自动条件2021-08-10 17:50:29.297===
===2021-08-10 17:50:29.921===
股票：000829指定时间段判断-额外参数：
	分组名称：1
	走势名称：时间段
		条件不成立(当前时间：2021-08-10 17:50:28.721,条件时段：09:30:00-13:00:00)
	结果：未满足
===2021-08-10 17:50:29.922===
===2021-08-10 17:50:30.287===
股票：000829板块涨跌幅判断-额外参数：
	分组名称：1
	走势名称：发
		条件不成立(不符合板块涨跌幅条件)
	结果：未满足，返回code：-1
===2021-08-10 17:50:33.944===
额外条件未满足


===============================================

==============2021-08-10 17:50:44==============
===6开始执行条件2021-08-10 17:50:37.186===
===开始判断价格条件2021-08-10 17:50:37.186===
===开始判断额外/转自动条件2021-08-10 17:50:37.900===
===2021-08-10 17:50:39.027===
股票：000829指定时间段判断-额外参数：
	分组名称：1
	走势名称：时间段
		条件不成立(当前时间：2021-08-10 17:50:37.181,条件时段：09:30:00-13:00:00)
	结果：未满足
===2021-08-10 17:50:39.027===
===2021-08-10 17:50:39.199===
股票：000829板块涨跌幅判断-额外参数：
	分组名称：1
	走势名称：发
		条件不成立(不符合板块涨跌幅条件)
	结果：未满足，返回code：-1
===2021-08-10 17:50:44.634===
额外条件未满足


===============================================

==============2021-08-10 17:51:18==============
===6开始执行条件2021-08-10 17:51:12.191===
===开始判断价格条件2021-08-10 17:51:12.191===
===开始判断额外/转自动条件2021-08-10 17:51:13.562===
===2021-08-10 17:51:14.979===
股票：000829指定时间段判断-额外参数：
	分组名称：1
	走势名称：时间段
		条件不成立(当前时间：2021-08-10 17:51:12.189,条件时段：09:30:00-13:00:00)
	结果：未满足
===2021-08-10 17:51:15.118===
===2021-08-10 17:51:15.500===
股票：000829板块涨跌幅判断-额外参数：
	分组名称：1
	走势名称：发
		条件不成立(不符合板块涨跌幅条件)
	结果：未满足，返回code：-1
===2021-08-10 17:51:18.775===
额外条件未满足


===============================================

==============2021-08-10 17:51:56==============
===6开始执行条件2021-08-10 17:51:55.094===
===开始判断价格条件2021-08-10 17:51:55.094===
===开始判断额外/转自动条件2021-08-10 17:51:55.232===
===2021-08-10 17:51:55.391===
股票：000829指定时间段判断-额外参数：
	分组名称：1
	走势名称：时间段
		条件不成立(当前时间：2021-08-10 17:51:55.093,条件时段：09:30:00-13:00:00)
	结果：未满足
===2021-08-10 17:51:55.391===
===2021-08-10 17:51:55.456===
股票：000829板块涨跌幅判断-额外参数：
	分组名称：1
	走势名称：发
		条件不成立(不符合板块涨跌幅条件)
	结果：未满足，返回code：-1
===2021-08-10 17:51:56.457===
额外条件未满足


===============================================

==============2021-08-10 17:52:04==============
===6开始执行条件2021-08-10 17:52:00.273===
===开始判断价格条件2021-08-10 17:52:00.273===
===开始判断额外/转自动条件2021-08-10 17:52:00.873===
===2021-08-10 17:52:01.364===
股票：000829指定时间段判断-额外参数：
	分组名称：1
	走势名称：时间段
		条件不成立(当前时间：2021-08-10 17:52:00.270,条件时段：09:30:00-13:00:00)
	结果：未满足
===2021-08-10 17:52:01.364===
===2021-08-10 17:52:01.638===
股票：000829板块涨跌幅判断-额外参数：
	分组名称：1
	走势名称：发
		条件不成立(不符合板块涨跌幅条件)
	结果：未满足，返回code：-1
===2021-08-10 17:52:04.767===
额外条件未满足


===============================================

==============2021-08-10 17:52:20==============
===6开始执行条件2021-08-10 17:52:16.112===
===开始判断价格条件2021-08-10 17:52:16.112===
===开始判断额外/转自动条件2021-08-10 17:52:16.995===
===2021-08-10 17:52:17.557===
股票：000829指定时间段判断-额外参数：
	分组名称：1
	走势名称：时间段
		条件不成立(当前时间：2021-08-10 17:52:16.095,条件时段：09:30:00-13:00:00)
	结果：未满足
===2021-08-10 17:52:17.557===
===2021-08-10 17:52:17.680===
股票：000829板块涨跌幅判断-额外参数：
	分组名称：1
	走势名称：发
		条件不成立(不符合板块涨跌幅条件)
	结果：未满足，返回code：-1
===2021-08-10 17:52:20.683===
额外条件未满足


===============================================

==============2021-08-10 17:52:39==============
===6开始执行条件2021-08-10 17:52:35.010===
===开始判断价格条件2021-08-10 17:52:35.010===
===开始判断额外/转自动条件2021-08-10 17:52:35.651===
===2021-08-10 17:52:35.949===
股票：000829指定时间段判断-额外参数：
	分组名称：1
	走势名称：时间段
		条件不成立(当前时间：2021-08-10 17:52:35.009,条件时段：09:30:00-13:00:00)
	结果：未满足
===2021-08-10 17:52:35.949===
===2021-08-10 17:52:36.056===
股票：000829板块涨跌幅判断-额外参数：
	分组名称：1
	走势名称：发
		条件不成立(不符合板块涨跌幅条件)
	结果：未满足，返回code：-1
===2021-08-10 17:52:39.952===
额外条件未满足


===============================================

==============2021-08-10 17:52:54==============
===6开始执行条件2021-08-10 17:52:51.548===
===开始判断价格条件2021-08-10 17:52:51.548===
===开始判断额外/转自动条件2021-08-10 17:52:52.253===
===2021-08-10 17:52:52.518===
股票：000829指定时间段判断-额外参数：
	分组名称：1
	走势名称：时间段
		条件不成立(当前时间：2021-08-10 17:52:51.547,条件时段：09:30:00-13:00:00)
	结果：未满足
===2021-08-10 17:52:52.518===
===2021-08-10 17:52:52.648===
股票：000829板块涨跌幅判断-额外参数：
	分组名称：1
	走势名称：发
		条件不成立(不符合板块涨跌幅条件)
	结果：未满足，返回code：-1
===2021-08-10 17:52:54.472===
额外条件未满足


===============================================

==============2021-08-10 17:53:09==============
===6开始执行条件2021-08-10 17:53:08.711===
===开始判断价格条件2021-08-10 17:53:08.711===
===开始判断额外/转自动条件2021-08-10 17:53:08.783===
===2021-08-10 17:53:08.964===
股票：000829指定时间段判断-额外参数：
	分组名称：1
	走势名称：时间段
		条件不成立(当前时间：2021-08-10 17:53:08.711,条件时段：09:30:00-13:00:00)
	结果：未满足
===2021-08-10 17:53:08.964===
===2021-08-10 17:53:08.994===
股票：000829板块涨跌幅判断-额外参数：
	分组名称：1
	走势名称：发
		条件不成立(不符合板块涨跌幅条件)
	结果：未满足，返回code：-1
===2021-08-10 17:53:09.406===
额外条件未满足


===============================================

==============2021-08-10 17:53:25==============
===6开始执行条件2021-08-10 17:53:25.287===
===开始判断价格条件2021-08-10 17:53:25.287===
===开始判断额外/转自动条件2021-08-10 17:53:25.373===
===2021-08-10 17:53:25.435===
股票：000829指定时间段判断-额外参数：
	分组名称：1
	走势名称：时间段
		条件不成立(当前时间：2021-08-10 17:53:25.281,条件时段：09:30:00-13:00:00)
	结果：未满足
===2021-08-10 17:53:25.435===
===2021-08-10 17:53:25.457===
股票：000829板块涨跌幅判断-额外参数：
	分组名称：1
	走势名称：发
		条件不成立(不符合板块涨跌幅条件)
	结果：未满足，返回code：-1
===2021-08-10 17:53:25.809===
额外条件未满足


===============================================

==============2021-08-10 17:53:40==============
===6开始执行条件2021-08-10 17:53:37.515===
===开始判断价格条件2021-08-10 17:53:37.515===
===开始判断额外/转自动条件2021-08-10 17:53:37.806===
===2021-08-10 17:53:37.941===
股票：000829指定时间段判断-额外参数：
	分组名称：1
	走势名称：时间段
		条件不成立(当前时间：2021-08-10 17:53:37.513,条件时段：09:30:00-13:00:00)
	结果：未满足
===2021-08-10 17:53:37.941===
===2021-08-10 17:53:37.988===
股票：000829板块涨跌幅判断-额外参数：
	分组名称：1
	走势名称：发
		条件不成立(不符合板块涨跌幅条件)
	结果：未满足，返回code：-1
===2021-08-10 17:53:40.358===
额外条件未满足


===============================================

==============2021-08-10 17:53:57==============
===6开始执行条件2021-08-10 17:53:56.778===
===开始判断价格条件2021-08-10 17:53:56.778===
===开始判断额外/转自动条件2021-08-10 17:53:56.857===
===2021-08-10 17:53:56.924===
股票：000829指定时间段判断-额外参数：
	分组名称：1
	走势名称：时间段
		条件不成立(当前时间：2021-08-10 17:53:56.777,条件时段：09:30:00-13:00:00)
	结果：未满足
===2021-08-10 17:53:56.924===
===2021-08-10 17:53:56.955===
股票：000829板块涨跌幅判断-额外参数：
	分组名称：1
	走势名称：发
		条件不成立(不符合板块涨跌幅条件)
	结果：未满足，返回code：-1
===2021-08-10 17:53:57.391===
额外条件未满足


===============================================

==============2021-08-10 17:54:14==============
===6开始执行条件2021-08-10 17:54:12.501===
===开始判断价格条件2021-08-10 17:54:12.501===
===开始判断额外/转自动条件2021-08-10 17:54:12.797===
===2021-08-10 17:54:12.940===
股票：000829指定时间段判断-额外参数：
	分组名称：1
	走势名称：时间段
		条件不成立(当前时间：2021-08-10 17:54:12.500,条件时段：09:30:00-13:00:00)
	结果：未满足
===2021-08-10 17:54:12.940===
===2021-08-10 17:54:13.261===
股票：000829板块涨跌幅判断-额外参数：
	分组名称：1
	走势名称：发
		条件不成立(不符合板块涨跌幅条件)
	结果：未满足，返回code：-1
===2021-08-10 17:54:14.498===
额外条件未满足


===============================================

