==============2021-08-11 10:28:19==============
===6开始执行条件2021-08-11 10:28:17.566===
===开始判断价格条件2021-08-11 10:28:17.566===
===开始判断额外/转自动条件2021-08-11 10:28:18.259===
===2021-08-11 10:28:18.484===
股票：000829指定时间段判断-额外参数：
	分组名称：1
	走势名称：时间段
		条件成立(当前时间：2021-08-11 10:28:17.565,条件时段：09:30:00-13:00:00)
	结果：达到要求
===2021-08-11 10:28:18.642===
===2021-08-11 10:28:19.080===
股票：000829多头向上判断-转自动参数：
	分组名称：2
	走势名称：多头向上
	结果：未满足，返回code：0
===2021-08-11 10:28:19.089===
满足所有条件，可以触发


===============================================

==============2021-08-11 10:28:27==============
===6开始执行条件2021-08-11 10:28:26.088===
===开始判断价格条件2021-08-11 10:28:26.088===
===开始判断额外/转自动条件2021-08-11 10:28:26.434===
===2021-08-11 10:28:26.541===
股票：000829指定时间段判断-额外参数：
	分组名称：1
	走势名称：时间段
		条件成立(当前时间：2021-08-11 10:28:26.087,条件时段：09:30:00-13:00:00)
	结果：达到要求
===2021-08-11 10:28:26.905===
===2021-08-11 10:28:27.037===
股票：000829多头向上判断-转自动参数：
	分组名称：2
	走势名称：多头向上
	结果：未满足，返回code：0
===2021-08-11 10:28:27.037===
满足所有条件，可以触发


===============================================

==============2021-08-11 10:28:48==============
===6开始执行条件2021-08-11 10:28:48.153===
===开始判断价格条件2021-08-11 10:28:48.153===
===开始判断额外/转自动条件2021-08-11 10:28:48.288===
===2021-08-11 10:28:48.334===
股票：000829指定时间段判断-额外参数：
	分组名称：1
	走势名称：时间段
		条件成立(当前时间：2021-08-11 10:28:48.153,条件时段：09:30:00-13:00:00)
	结果：达到要求
===2021-08-11 10:28:48.384===
===2021-08-11 10:28:48.480===
股票：000829多头向上判断-转自动参数：
	分组名称：2
	走势名称：多头向上
	结果：未满足，返回code：0
===2021-08-11 10:28:48.480===
满足所有条件，可以触发


===============================================

==============2021-08-11 10:28:58==============
===6开始执行条件2021-08-11 10:28:57.495===
===开始判断价格条件2021-08-11 10:28:57.495===
===开始判断额外/转自动条件2021-08-11 10:28:57.700===
===2021-08-11 10:28:57.823===
股票：000829指定时间段判断-额外参数：
	分组名称：1
	走势名称：时间段
		条件成立(当前时间：2021-08-11 10:28:57.495,条件时段：09:30:00-13:00:00)
	结果：达到要求
===2021-08-11 10:28:58.077===
===2021-08-11 10:28:58.661===
股票：000829多头向上判断-转自动参数：
	分组名称：2
	走势名称：多头向上
	结果：未满足，返回code：0
===2021-08-11 10:28:58.661===
满足所有条件，可以触发


===============================================

==============2021-08-11 10:29:40==============
===6开始执行条件2021-08-11 10:29:39.953===
===开始判断价格条件2021-08-11 10:29:39.953===
===开始判断额外/转自动条件2021-08-11 10:29:40.089===
===2021-08-11 10:29:40.292===
股票：000829指定时间段判断-额外参数：
	分组名称：1
	走势名称：时间段
		条件成立(当前时间：2021-08-11 10:29:39.938,条件时段：09:30:00-13:00:00)
	结果：达到要求
===2021-08-11 10:29:40.381===
===2021-08-11 10:29:40.719===
股票：000829多头向上判断-转自动参数：
	分组名称：2
	走势名称：多头向上
	结果：未满足，返回code：0
===2021-08-11 10:29:40.719===
满足所有条件，可以触发


===============================================

==============2021-08-11 10:29:52==============
===6开始执行条件2021-08-11 10:29:49.836===
===开始判断价格条件2021-08-11 10:29:49.836===
===开始判断额外/转自动条件2021-08-11 10:29:50.779===
===2021-08-11 10:29:51.880===
股票：000829指定时间段判断-额外参数：
	分组名称：1
	走势名称：时间段
		条件成立(当前时间：2021-08-11 10:29:49.836,条件时段：09:30:00-13:00:00)
	结果：达到要求
===2021-08-11 10:29:52.366===
===2021-08-11 10:29:52.803===
股票：000829多头向上判断-转自动参数：
	分组名称：2
	走势名称：多头向上
	结果：未满足，返回code：0
===2021-08-11 10:29:52.803===
满足所有条件，可以触发


===============================================

==============2021-08-11 10:30:05==============
===6开始执行条件2021-08-11 10:30:05.084===
===开始判断价格条件2021-08-11 10:30:05.084===
===开始判断额外/转自动条件2021-08-11 10:30:05.262===
===2021-08-11 10:30:05.371===
股票：000829指定时间段判断-额外参数：
	分组名称：1
	走势名称：时间段
		条件成立(当前时间：2021-08-11 10:30:05.084,条件时段：09:30:00-13:00:00)
	结果：达到要求
===2021-08-11 10:30:05.424===
===2021-08-11 10:30:05.650===
股票：000829多头向上判断-转自动参数：
	分组名称：2
	走势名称：多头向上
	结果：未满足，返回code：0
===2021-08-11 10:30:05.650===
满足所有条件，可以触发


===============================================

==============2021-08-11 10:30:12==============
===6开始执行条件2021-08-11 10:30:11.702===
===开始判断价格条件2021-08-11 10:30:11.702===
===开始判断额外/转自动条件2021-08-11 10:30:11.804===
===2021-08-11 10:30:11.897===
股票：000829指定时间段判断-额外参数：
	分组名称：1
	走势名称：时间段
		条件成立(当前时间：2021-08-11 10:30:11.691,条件时段：09:30:00-13:00:00)
	结果：达到要求
===2021-08-11 10:30:11.966===
===2021-08-11 10:30:12.211===
股票：000829多头向上判断-转自动参数：
	分组名称：2
	走势名称：多头向上
	结果：未满足，返回code：0
===2021-08-11 10:30:12.211===
满足所有条件，可以触发


===============================================

==============2021-08-11 10:30:20==============
===6开始执行条件2021-08-11 10:30:19.752===
===开始判断价格条件2021-08-11 10:30:19.752===
===开始判断额外/转自动条件2021-08-11 10:30:20.726===
===2021-08-11 10:30:20.824===
股票：000829指定时间段判断-额外参数：
	分组名称：1
	走势名称：时间段
		条件成立(当前时间：2021-08-11 10:30:19.752,条件时段：09:30:00-13:00:00)
	结果：达到要求
===2021-08-11 10:30:20.888===
===2021-08-11 10:30:20.963===
股票：000829多头向上判断-转自动参数：
	分组名称：2
	走势名称：多头向上
	结果：未满足，返回code：0
===2021-08-11 10:30:20.963===
满足所有条件，可以触发


===============================================

==============2021-08-11 10:30:28==============
===6开始执行条件2021-08-11 10:30:27.458===
===开始判断价格条件2021-08-11 10:30:27.458===
===开始判断额外/转自动条件2021-08-11 10:30:27.691===
===2021-08-11 10:30:27.769===
股票：000829指定时间段判断-额外参数：
	分组名称：1
	走势名称：时间段
		条件成立(当前时间：2021-08-11 10:30:27.458,条件时段：09:30:00-13:00:00)
	结果：达到要求
===2021-08-11 10:30:27.854===
===2021-08-11 10:30:28.083===
股票：000829多头向上判断-转自动参数：
	分组名称：2
	走势名称：多头向上
	结果：未满足，返回code：0
===2021-08-11 10:30:28.083===
满足所有条件，可以触发


===============================================

==============2021-08-11 10:30:35==============
===6开始执行条件2021-08-11 10:30:35.580===
===开始判断价格条件2021-08-11 10:30:35.580===
===开始判断额外/转自动条件2021-08-11 10:30:35.652===
===2021-08-11 10:30:35.709===
股票：000829指定时间段判断-额外参数：
	分组名称：1
	走势名称：时间段
		条件成立(当前时间：2021-08-11 10:30:35.579,条件时段：09:30:00-13:00:00)
	结果：达到要求
===2021-08-11 10:30:35.833===
===2021-08-11 10:30:35.901===
股票：000829多头向上判断-转自动参数：
	分组名称：2
	走势名称：多头向上
	结果：未满足，返回code：0
===2021-08-11 10:30:35.901===
满足所有条件，可以触发


===============================================

==============2021-08-11 10:30:39==============
===6开始执行条件2021-08-11 10:30:39.381===
===开始判断价格条件2021-08-11 10:30:39.381===
===开始判断额外/转自动条件2021-08-11 10:30:39.552===
===2021-08-11 10:30:39.608===
股票：000829指定时间段判断-额外参数：
	分组名称：1
	走势名称：时间段
		条件成立(当前时间：2021-08-11 10:30:39.380,条件时段：09:30:00-13:00:00)
	结果：达到要求
===2021-08-11 10:30:39.679===
===2021-08-11 10:30:39.776===
股票：000829多头向上判断-转自动参数：
	分组名称：2
	走势名称：多头向上
	结果：未满足，返回code：0
===2021-08-11 10:30:39.776===
满足所有条件，可以触发


===============================================

==============2021-08-11 10:30:48==============
===6开始执行条件2021-08-11 10:30:47.559===
===开始判断价格条件2021-08-11 10:30:47.559===
===开始判断额外/转自动条件2021-08-11 10:30:47.845===
===2021-08-11 10:30:47.888===
股票：000829指定时间段判断-额外参数：
	分组名称：1
	走势名称：时间段
		条件成立(当前时间：2021-08-11 10:30:47.553,条件时段：09:30:00-13:00:00)
	结果：达到要求
===2021-08-11 10:30:47.950===
===2021-08-11 10:30:48.044===
股票：000829多头向上判断-转自动参数：
	分组名称：2
	走势名称：多头向上
	结果：未满足，返回code：0
===2021-08-11 10:30:48.044===
满足所有条件，可以触发


===============================================

==============2021-08-11 10:30:55==============
===6开始执行条件2021-08-11 10:30:55.232===
===开始判断价格条件2021-08-11 10:30:55.232===
===开始判断额外/转自动条件2021-08-11 10:30:55.299===
===2021-08-11 10:30:55.338===
股票：000829指定时间段判断-额外参数：
	分组名称：1
	走势名称：时间段
		条件成立(当前时间：2021-08-11 10:30:55.232,条件时段：09:30:00-13:00:00)
	结果：达到要求
===2021-08-11 10:30:55.682===
===2021-08-11 10:30:55.766===
股票：000829多头向上判断-转自动参数：
	分组名称：2
	走势名称：多头向上
	结果：未满足，返回code：0
===2021-08-11 10:30:55.766===
满足所有条件，可以触发


===============================================

==============2021-08-11 10:31:14==============
===6开始执行条件2021-08-11 10:31:13.903===
===开始判断价格条件2021-08-11 10:31:13.903===
===开始判断额外/转自动条件2021-08-11 10:31:13.977===
===2021-08-11 10:31:14.049===
股票：000829指定时间段判断-额外参数：
	分组名称：1
	走势名称：时间段
		条件成立(当前时间：2021-08-11 10:31:13.902,条件时段：09:30:00-13:00:00)
	结果：达到要求
===2021-08-11 10:31:14.163===
===2021-08-11 10:31:14.237===
股票：000829多头向上判断-转自动参数：
	分组名称：2
	走势名称：多头向上
	结果：未满足，返回code：0
===2021-08-11 10:31:14.237===
满足所有条件，可以触发


===============================================

==============2021-08-11 10:31:21==============
===6开始执行条件2021-08-11 10:31:20.848===
===开始判断价格条件2021-08-11 10:31:20.848===
===开始判断额外/转自动条件2021-08-11 10:31:20.966===
===2021-08-11 10:31:21.092===
股票：000829指定时间段判断-额外参数：
	分组名称：1
	走势名称：时间段
		条件成立(当前时间：2021-08-11 10:31:20.848,条件时段：09:30:00-13:00:00)
	结果：达到要求
===2021-08-11 10:31:21.198===
===2021-08-11 10:31:21.352===
股票：000829多头向上判断-转自动参数：
	分组名称：2
	走势名称：多头向上
	结果：未满足，返回code：0
===2021-08-11 10:31:21.352===
满足所有条件，可以触发


===============================================

==============2021-08-11 10:31:28==============
===6开始执行条件2021-08-11 10:31:28.068===
===开始判断价格条件2021-08-11 10:31:28.068===
===开始判断额外/转自动条件2021-08-11 10:31:28.216===
===2021-08-11 10:31:28.351===
股票：000829指定时间段判断-额外参数：
	分组名称：1
	走势名称：时间段
		条件成立(当前时间：2021-08-11 10:31:28.068,条件时段：09:30:00-13:00:00)
	结果：达到要求
===2021-08-11 10:31:28.510===
===2021-08-11 10:31:28.940===
股票：000829多头向上判断-转自动参数：
	分组名称：2
	走势名称：多头向上
	结果：未满足，返回code：0
===2021-08-11 10:31:28.940===
满足所有条件，可以触发


===============================================

==============2021-08-11 10:31:38==============
===6开始执行条件2021-08-11 10:31:36.795===
===开始判断价格条件2021-08-11 10:31:36.796===
===开始判断额外/转自动条件2021-08-11 10:31:37.318===
===2021-08-11 10:31:37.939===
股票：000829指定时间段判断-额外参数：
	分组名称：1
	走势名称：时间段
		条件成立(当前时间：2021-08-11 10:31:36.795,条件时段：09:30:00-13:00:00)
	结果：达到要求
===2021-08-11 10:31:38.191===
===2021-08-11 10:31:38.573===
股票：000829多头向上判断-转自动参数：
	分组名称：2
	走势名称：多头向上
	结果：未满足，返回code：0
===2021-08-11 10:31:38.573===
满足所有条件，可以触发


===============================================

==============2021-08-11 10:31:55==============
===6开始执行条件2021-08-11 10:31:54.253===
===开始判断价格条件2021-08-11 10:31:54.253===
===开始判断额外/转自动条件2021-08-11 10:31:54.661===
===2021-08-11 10:31:55.016===
股票：000829指定时间段判断-额外参数：
	分组名称：1
	走势名称：时间段
		条件成立(当前时间：2021-08-11 10:31:54.253,条件时段：09:30:00-13:00:00)
	结果：达到要求
===2021-08-11 10:31:55.555===
===2021-08-11 10:31:55.965===
股票：000829多头向上判断-转自动参数：
	分组名称：2
	走势名称：多头向上
	结果：未满足，返回code：0
===2021-08-11 10:31:55.965===
满足所有条件，可以触发


===============================================

==============2021-08-11 10:32:13==============
===6开始执行条件2021-08-11 10:32:10.622===
===开始判断价格条件2021-08-11 10:32:10.622===
===开始判断额外/转自动条件2021-08-11 10:32:11.275===
===2021-08-11 10:32:11.782===
股票：000829指定时间段判断-额外参数：
	分组名称：1
	走势名称：时间段
		条件成立(当前时间：2021-08-11 10:32:10.622,条件时段：09:30:00-13:00:00)
	结果：达到要求
===2021-08-11 10:32:12.225===
===2021-08-11 10:32:13.229===
股票：000829多头向上判断-转自动参数：
	分组名称：2
	走势名称：多头向上
	结果：未满足，返回code：0
===2021-08-11 10:32:13.229===
满足所有条件，可以触发


===============================================

==============2021-08-11 10:32:41==============
===6开始执行条件2021-08-11 10:32:41.154===
===开始判断价格条件2021-08-11 10:32:41.154===
===开始判断额外/转自动条件2021-08-11 10:32:41.337===
===2021-08-11 10:32:41.429===
股票：000829指定时间段判断-额外参数：
	分组名称：1
	走势名称：时间段
		条件成立(当前时间：2021-08-11 10:32:41.153,条件时段：09:30:00-13:00:00)
	结果：达到要求
===2021-08-11 10:32:41.542===
===2021-08-11 10:32:41.817===
股票：000829多头向上判断-转自动参数：
	分组名称：2
	走势名称：多头向上
	结果：未满足，返回code：0
===2021-08-11 10:32:41.817===
满足所有条件，可以触发


===============================================

==============2021-08-11 10:32:54==============
===6开始执行条件2021-08-11 10:32:53.903===
===开始判断价格条件2021-08-11 10:32:53.903===
===开始判断额外/转自动条件2021-08-11 10:32:53.975===
===2021-08-11 10:32:54.035===
股票：000829指定时间段判断-额外参数：
	分组名称：1
	走势名称：时间段
		条件成立(当前时间：2021-08-11 10:32:53.891,条件时段：09:30:00-13:00:00)
	结果：达到要求
===2021-08-11 10:32:54.086===
===2021-08-11 10:32:54.468===
股票：000829多头向上判断-转自动参数：
	分组名称：2
	走势名称：多头向上
	结果：未满足，返回code：0
===2021-08-11 10:32:54.468===
满足所有条件，可以触发


===============================================

==============2021-08-11 10:33:02==============
===6开始执行条件2021-08-11 10:33:01.682===
===开始判断价格条件2021-08-11 10:33:01.682===
===开始判断额外/转自动条件2021-08-11 10:33:01.969===
===2021-08-11 10:33:02.023===
股票：000829指定时间段判断-额外参数：
	分组名称：1
	走势名称：时间段
		条件成立(当前时间：2021-08-11 10:33:01.681,条件时段：09:30:00-13:00:00)
	结果：达到要求
===2021-08-11 10:33:02.076===
===2021-08-11 10:33:02.149===
股票：000829多头向上判断-转自动参数：
	分组名称：2
	走势名称：多头向上
	结果：未满足，返回code：0
===2021-08-11 10:33:02.149===
满足所有条件，可以触发


===============================================

==============2021-08-11 10:33:13==============
===6开始执行条件2021-08-11 10:33:11.255===
===开始判断价格条件2021-08-11 10:33:11.255===
===开始判断额外/转自动条件2021-08-11 10:33:12.151===
===2021-08-11 10:33:12.617===
股票：000829指定时间段判断-额外参数：
	分组名称：1
	走势名称：时间段
		条件成立(当前时间：2021-08-11 10:33:11.255,条件时段：09:30:00-13:00:00)
	结果：达到要求
===2021-08-11 10:33:12.725===
===2021-08-11 10:33:13.490===
股票：000829多头向上判断-转自动参数：
	分组名称：2
	走势名称：多头向上
	结果：未满足，返回code：0
===2021-08-11 10:33:13.491===
满足所有条件，可以触发


===============================================

==============2021-08-11 10:33:21==============
===6开始执行条件2021-08-11 10:33:19.522===
===开始判断价格条件2021-08-11 10:33:19.522===
===开始判断额外/转自动条件2021-08-11 10:33:19.957===
===2021-08-11 10:33:20.302===
股票：000829指定时间段判断-额外参数：
	分组名称：1
	走势名称：时间段
		条件成立(当前时间：2021-08-11 10:33:19.522,条件时段：09:30:00-13:00:00)
	结果：达到要求
===2021-08-11 10:33:20.506===
===2021-08-11 10:33:21.918===
股票：000829多头向上判断-转自动参数：
	分组名称：2
	走势名称：多头向上
	结果：未满足，返回code：0
===2021-08-11 10:33:21.918===
满足所有条件，可以触发


===============================================

==============2021-08-11 10:34:54==============
===6开始执行条件2021-08-11 10:34:53.983===
===开始判断价格条件2021-08-11 10:34:53.983===
===开始判断额外/转自动条件2021-08-11 10:34:54.247===
===2021-08-11 10:34:54.330===
股票：000829指定时间段判断-额外参数：
	分组名称：1
	走势名称：时间段
		条件成立(当前时间：2021-08-11 10:34:53.895,条件时段：09:30:00-13:00:00)
	结果：达到要求
===2021-08-11 10:34:54.458===
===2021-08-11 10:34:54.699===
股票：000829多头向上判断-转自动参数：
	分组名称：2
	走势名称：多头向上
	结果：未满足，返回code：0
===2021-08-11 10:34:54.744===
满足所有条件，可以触发


===============================================

==============2021-08-11 10:35:04==============
===6开始执行条件2021-08-11 10:35:03.542===
===开始判断价格条件2021-08-11 10:35:03.542===
===开始判断额外/转自动条件2021-08-11 10:35:03.664===
===2021-08-11 10:35:03.888===
股票：000829指定时间段判断-额外参数：
	分组名称：1
	走势名称：时间段
		条件成立(当前时间：2021-08-11 10:35:03.542,条件时段：09:30:00-13:00:00)
	结果：达到要求
===2021-08-11 10:35:03.969===
===2021-08-11 10:35:04.126===
股票：000829多头向上判断-转自动参数：
	分组名称：2
	走势名称：多头向上
	结果：未满足，返回code：0
===2021-08-11 10:35:04.126===
满足所有条件，可以触发


===============================================

==============2021-08-11 10:35:11==============
===6开始执行条件2021-08-11 10:35:10.737===
===开始判断价格条件2021-08-11 10:35:10.737===
===开始判断额外/转自动条件2021-08-11 10:35:10.903===
===2021-08-11 10:35:11.109===
股票：000829指定时间段判断-额外参数：
	分组名称：1
	走势名称：时间段
		条件成立(当前时间：2021-08-11 10:35:10.736,条件时段：09:30:00-13:00:00)
	结果：达到要求
===2021-08-11 10:35:11.246===
===2021-08-11 10:35:11.424===
股票：000829多头向上判断-转自动参数：
	分组名称：2
	走势名称：多头向上
	结果：未满足，返回code：0
===2021-08-11 10:35:11.424===
满足所有条件，可以触发


===============================================

==============2021-08-11 10:35:26==============
===6开始执行条件2021-08-11 10:35:23.711===
===开始判断价格条件2021-08-11 10:35:23.711===
===开始判断额外/转自动条件2021-08-11 10:35:23.952===
===2021-08-11 10:35:24.892===
股票：000829指定时间段判断-额外参数：
	分组名称：1
	走势名称：时间段
		条件成立(当前时间：2021-08-11 10:35:23.711,条件时段：09:30:00-13:00:00)
	结果：达到要求
===2021-08-11 10:35:25.620===
===2021-08-11 10:35:26.738===
股票：000829多头向上判断-转自动参数：
	分组名称：2
	走势名称：多头向上
	结果：未满足，返回code：0
===2021-08-11 10:35:26.800===
满足所有条件，可以触发


===============================================

==============2021-08-11 10:35:50==============
===6开始执行条件2021-08-11 10:35:45.237===
===开始判断价格条件2021-08-11 10:35:45.237===
===开始判断额外/转自动条件2021-08-11 10:35:45.522===
===2021-08-11 10:35:45.827===
股票：000829指定时间段判断-额外参数：
	分组名称：1
	走势名称：时间段
		条件成立(当前时间：2021-08-11 10:35:45.237,条件时段：09:30:00-13:00:00)
	结果：达到要求
===2021-08-11 10:35:46.052===
===2021-08-11 10:35:50.745===
股票：000829多头向上判断-转自动参数：
	分组名称：2
	走势名称：多头向上
	结果：未满足，返回code：0
===2021-08-11 10:35:50.745===
满足所有条件，可以触发


===============================================

==============2021-08-11 10:36:20==============
===6开始执行条件2021-08-11 10:36:18.755===
===开始判断价格条件2021-08-11 10:36:18.755===
===开始判断额外/转自动条件2021-08-11 10:36:19.336===
===2021-08-11 10:36:19.954===
股票：000829指定时间段判断-额外参数：
	分组名称：1
	走势名称：时间段
		条件成立(当前时间：2021-08-11 10:36:18.755,条件时段：09:30:00-13:00:00)
	结果：达到要求
===2021-08-11 10:36:20.160===
===2021-08-11 10:36:20.815===
股票：000829多头向上判断-转自动参数：
	分组名称：2
	走势名称：多头向上
	结果：未满足，返回code：0
===2021-08-11 10:36:20.815===
满足所有条件，可以触发


===============================================

==============2021-08-11 10:36:57==============
===6开始执行条件2021-08-11 10:36:56.002===
===开始判断价格条件2021-08-11 10:36:56.002===
===开始判断额外/转自动条件2021-08-11 10:36:56.350===
===2021-08-11 10:36:56.669===
股票：000829指定时间段判断-额外参数：
	分组名称：1
	走势名称：时间段
		条件成立(当前时间：2021-08-11 10:36:56.002,条件时段：09:30:00-13:00:00)
	结果：达到要求
===2021-08-11 10:36:56.964===
===2021-08-11 10:36:57.359===
股票：000829多头向上判断-转自动参数：
	分组名称：2
	走势名称：多头向上
	结果：未满足，返回code：0
===2021-08-11 10:36:57.359===
满足所有条件，可以触发


===============================================

==============2021-08-11 10:37:44==============
===6开始执行条件2021-08-11 10:37:13.777===
===开始判断价格条件2021-08-11 10:37:13.777===
===开始判断额外/转自动条件2021-08-11 10:37:14.770===
===2021-08-11 10:37:15.689===
股票：000829指定时间段判断-额外参数：
	分组名称：1
	走势名称：时间段
		条件成立(当前时间：2021-08-11 10:37:13.776,条件时段：09:30:00-13:00:00)
	结果：达到要求
===2021-08-11 10:37:16.417===
===2021-08-11 10:37:44.452===
股票：000829多头向上判断-转自动参数：
	分组名称：2
	走势名称：多头向上
	结果：未满足，返回code：0
===2021-08-11 10:37:44.452===
满足所有条件，可以触发


===============================================

==============2021-08-11 10:37:56==============
===6开始执行条件2021-08-11 10:37:51.998===
===开始判断价格条件2021-08-11 10:37:51.998===
===开始判断额外/转自动条件2021-08-11 10:37:52.731===
===2021-08-11 10:37:53.270===
股票：000829指定时间段判断-额外参数：
	分组名称：1
	走势名称：时间段
		条件成立(当前时间：2021-08-11 10:37:51.998,条件时段：09:30:00-13:00:00)
	结果：达到要求
===2021-08-11 10:37:54.568===
===2021-08-11 10:37:56.246===
股票：000829多头向上判断-转自动参数：
	分组名称：2
	走势名称：多头向上
	结果：未满足，返回code：0
===2021-08-11 10:37:56.246===
满足所有条件，可以触发


===============================================

