==============2021-08-06 14:25:51==============
===6开始执行条件2021-08-06 14:25:50.188===
===开始判断价格条件2021-08-06 14:25:50.188===
===开始判断额外/转自动条件2021-08-06 14:25:50.567===
===2021-08-06 14:25:50.743===
股票：000829指定时间段判断-额外参数：
	分组名称：1
	走势名称：时间段
		条件不成立(当前时间：2021-08-06 14:25:50.187,条件时段：09:30:00-13:00:00)
	结果：未满足
===2021-08-06 14:25:50.743===
===2021-08-06 14:25:50.798===
股票：000829板块涨跌幅判断-额外参数：
	分组名称：1
	走势名称：发
		条件不成立(不符合板块涨跌幅条件)
	结果：未满足，返回code：-1
===2021-08-06 14:25:51.522===
额外条件未满足


===============================================

==============2021-08-06 14:26:06==============
===6开始执行条件2021-08-06 14:26:03.782===
===开始判断价格条件2021-08-06 14:26:03.782===
===开始判断额外/转自动条件2021-08-06 14:26:03.904===
===2021-08-06 14:26:04.028===
股票：000829指定时间段判断-额外参数：
	分组名称：1
	走势名称：时间段
		条件不成立(当前时间：2021-08-06 14:26:03.782,条件时段：09:30:00-13:00:00)
	结果：未满足
===2021-08-06 14:26:04.028===
===2021-08-06 14:26:04.085===
股票：000829板块涨跌幅判断-额外参数：
	分组名称：1
	走势名称：发
		条件不成立(不符合板块涨跌幅条件)
	结果：未满足，返回code：-1
===2021-08-06 14:26:06.434===
额外条件未满足


===============================================

==============2021-08-06 14:26:33==============
===6开始执行条件2021-08-06 14:26:32.393===
===开始判断价格条件2021-08-06 14:26:32.393===
===开始判断额外/转自动条件2021-08-06 14:26:32.560===
===2021-08-06 14:26:32.741===
股票：000829指定时间段判断-额外参数：
	分组名称：1
	走势名称：时间段
		条件不成立(当前时间：2021-08-06 14:26:32.392,条件时段：09:30:00-13:00:00)
	结果：未满足
===2021-08-06 14:26:32.741===
===2021-08-06 14:26:32.792===
股票：000829板块涨跌幅判断-额外参数：
	分组名称：1
	走势名称：发
		条件不成立(不符合板块涨跌幅条件)
	结果：未满足，返回code：-1
===2021-08-06 14:26:33.189===
额外条件未满足


===============================================

==============2021-08-06 14:26:50==============
===6开始执行条件2021-08-06 14:26:47.674===
===开始判断价格条件2021-08-06 14:26:47.674===
===开始判断额外/转自动条件2021-08-06 14:26:48.163===
===2021-08-06 14:26:48.434===
股票：000829指定时间段判断-额外参数：
	分组名称：1
	走势名称：时间段
		条件不成立(当前时间：2021-08-06 14:26:47.673,条件时段：09:30:00-13:00:00)
	结果：未满足
===2021-08-06 14:26:48.434===
===2021-08-06 14:26:48.564===
股票：000829板块涨跌幅判断-额外参数：
	分组名称：1
	走势名称：发
		条件不成立(不符合板块涨跌幅条件)
	结果：未满足，返回code：-1
===2021-08-06 14:26:50.207===
额外条件未满足


===============================================

==============2021-08-06 14:29:14==============
===6开始执行条件2021-08-06 14:29:12.829===
===开始判断价格条件2021-08-06 14:29:12.829===
===开始判断额外/转自动条件2021-08-06 14:29:13.271===
===2021-08-06 14:29:13.618===
股票：000829指定时间段判断-额外参数：
	分组名称：1
	走势名称：时间段
		条件不成立(当前时间：2021-08-06 14:29:12.829,条件时段：09:30:00-13:00:00)
	结果：未满足
===2021-08-06 14:29:13.618===
===2021-08-06 14:29:13.642===
股票：000829板块涨跌幅判断-额外参数：
	分组名称：1
	走势名称：发
		条件不成立(不符合板块涨跌幅条件)
	结果：未满足，返回code：-1
===2021-08-06 14:29:14.025===
额外条件未满足


===============================================

==============2021-08-06 14:34:33==============
===6开始执行条件2021-08-06 14:34:31.928===
===开始判断价格条件2021-08-06 14:34:31.928===
===开始判断额外/转自动条件2021-08-06 14:34:32.059===
===2021-08-06 14:34:32.158===
股票：000829指定时间段判断-额外参数：
	分组名称：1
	走势名称：时间段
		条件不成立(当前时间：2021-08-06 14:34:31.918,条件时段：09:30:00-13:00:00)
	结果：未满足
===2021-08-06 14:34:32.158===
===2021-08-06 14:34:32.212===
股票：000829板块涨跌幅判断-额外参数：
	分组名称：1
	走势名称：发
		条件不成立(不符合板块涨跌幅条件)
	结果：未满足，返回code：-1
===2021-08-06 14:34:33.124===
额外条件未满足


===============================================

==============2021-08-06 14:41:03==============
===6开始执行条件2021-08-06 14:41:02.744===
===开始判断价格条件2021-08-06 14:41:02.744===
===开始判断额外/转自动条件2021-08-06 14:41:02.817===
===2021-08-06 14:41:02.968===
股票：000829指定时间段判断-额外参数：
	分组名称：1
	走势名称：时间段
		条件不成立(当前时间：2021-08-06 14:41:02.744,条件时段：09:30:00-13:00:00)
	结果：未满足
===2021-08-06 14:41:02.968===
===2021-08-06 14:41:02.985===
股票：000829板块涨跌幅判断-额外参数：
	分组名称：1
	走势名称：发
		条件不成立(不符合板块涨跌幅条件)
	结果：未满足，返回code：-1
===2021-08-06 14:41:03.466===
额外条件未满足


===============================================

==============2021-08-06 14:41:15==============
===6开始执行条件2021-08-06 14:41:14.507===
===开始判断价格条件2021-08-06 14:41:14.507===
===开始判断额外/转自动条件2021-08-06 14:41:14.646===
===2021-08-06 14:41:14.704===
股票：000829指定时间段判断-额外参数：
	分组名称：1
	走势名称：时间段
		条件不成立(当前时间：2021-08-06 14:41:14.507,条件时段：09:30:00-13:00:00)
	结果：未满足
===2021-08-06 14:41:14.704===
===2021-08-06 14:41:14.755===
股票：000829板块涨跌幅判断-额外参数：
	分组名称：1
	走势名称：发
		条件不成立(不符合板块涨跌幅条件)
	结果：未满足，返回code：-1
===2021-08-06 14:41:15.472===
额外条件未满足


===============================================

==============2021-08-06 14:41:43==============
===6开始执行条件2021-08-06 14:41:38.223===
===开始判断价格条件2021-08-06 14:41:38.223===
===开始判断额外/转自动条件2021-08-06 14:41:38.800===
===2021-08-06 14:41:39.395===
股票：000829指定时间段判断-额外参数：
	分组名称：1
	走势名称：时间段
		条件不成立(当前时间：2021-08-06 14:41:38.223,条件时段：09:30:00-13:00:00)
	结果：未满足
===2021-08-06 14:41:39.395===
===2021-08-06 14:41:39.606===
股票：000829板块涨跌幅判断-额外参数：
	分组名称：1
	走势名称：发
		条件不成立(不符合板块涨跌幅条件)
	结果：未满足，返回code：-1
===2021-08-06 14:41:43.017===
额外条件未满足


===============================================

==============2021-08-06 14:42:32==============
===6开始执行条件2021-08-06 14:42:30.131===
===开始判断价格条件2021-08-06 14:42:30.131===
===开始判断额外/转自动条件2021-08-06 14:42:30.584===
===2021-08-06 14:42:30.679===
股票：000829指定时间段判断-额外参数：
	分组名称：1
	走势名称：时间段
		条件不成立(当前时间：2021-08-06 14:42:30.131,条件时段：09:30:00-13:00:00)
	结果：未满足
===2021-08-06 14:42:30.679===
===2021-08-06 14:42:30.717===
股票：000829板块涨跌幅判断-额外参数：
	分组名称：1
	走势名称：发
		条件不成立(不符合板块涨跌幅条件)
	结果：未满足，返回code：-1
===2021-08-06 14:42:32.898===
额外条件未满足


===============================================

==============2021-08-06 14:42:55==============
===6开始执行条件2021-08-06 14:42:51.304===
===开始判断价格条件2021-08-06 14:42:51.304===
===开始判断额外/转自动条件2021-08-06 14:42:52.203===
===2021-08-06 14:42:52.960===
股票：000829指定时间段判断-额外参数：
	分组名称：1
	走势名称：时间段
		条件不成立(当前时间：2021-08-06 14:42:51.301,条件时段：09:30:00-13:00:00)
	结果：未满足
===2021-08-06 14:42:52.960===
===2021-08-06 14:42:53.071===
股票：000829板块涨跌幅判断-额外参数：
	分组名称：1
	走势名称：发
		条件不成立(不符合板块涨跌幅条件)
	结果：未满足，返回code：-1
===2021-08-06 14:42:55.306===
额外条件未满足


===============================================

==============2021-08-06 14:43:07==============
===6开始执行条件2021-08-06 14:43:06.936===
===开始判断价格条件2021-08-06 14:43:06.936===
===开始判断额外/转自动条件2021-08-06 14:43:07.031===
===2021-08-06 14:43:07.175===
股票：000829指定时间段判断-额外参数：
	分组名称：1
	走势名称：时间段
		条件不成立(当前时间：2021-08-06 14:43:06.936,条件时段：09:30:00-13:00:00)
	结果：未满足
===2021-08-06 14:43:07.175===
===2021-08-06 14:43:07.196===
股票：000829板块涨跌幅判断-额外参数：
	分组名称：1
	走势名称：发
		条件不成立(不符合板块涨跌幅条件)
	结果：未满足，返回code：-1
===2021-08-06 14:43:07.564===
额外条件未满足


===============================================

==============2021-08-06 14:43:44==============
===6开始执行条件2021-08-06 14:43:27.346===
===开始判断价格条件2021-08-06 14:43:27.346===
===开始判断额外/转自动条件2021-08-06 14:43:32.107===
===2021-08-06 14:43:33.234===
股票：000829指定时间段判断-额外参数：
	分组名称：1
	走势名称：时间段
		条件不成立(当前时间：2021-08-06 14:43:27.346,条件时段：09:30:00-13:00:00)
	结果：未满足
===2021-08-06 14:43:33.373===
===2021-08-06 14:43:34.603===
股票：000829板块涨跌幅判断-额外参数：
	分组名称：1
	走势名称：发
		条件不成立(不符合板块涨跌幅条件)
	结果：未满足，返回code：-1
===2021-08-06 14:43:44.304===
额外条件未满足


===============================================

==============2021-08-06 15:02:53==============
===6开始执行条件2021-08-06 14:44:07.581===
===开始判断价格条件2021-08-06 14:44:07.581===
===开始判断额外/转自动条件2021-08-06 14:44:12.531===
===2021-08-06 15:02:43.564===
股票：000829指定时间段判断-额外参数：
	分组名称：1
	走势名称：时间段
		条件不成立(当前时间：2021-08-06 14:44:07.581,条件时段：09:30:00-13:00:00)
	结果：未满足
===2021-08-06 15:02:43.564===
===2021-08-06 15:02:47.549===
股票：000829板块涨跌幅判断-额外参数：
	分组名称：1
	走势名称：发
		条件不成立(不符合板块涨跌幅条件)
	结果：未满足，返回code：-1
===2021-08-06 15:02:53.360===
额外条件未满足


===============================================

==============2021-08-06 15:03:13==============
===6开始执行条件2021-08-06 15:03:06.285===
===开始判断价格条件2021-08-06 15:03:06.285===
===开始判断额外/转自动条件2021-08-06 15:03:08.460===
===2021-08-06 15:03:09.432===
股票：000829指定时间段判断-额外参数：
	分组名称：1
	走势名称：时间段
		条件不成立(当前时间：2021-08-06 15:03:06.284,条件时段：09:30:00-13:00:00)
	结果：未满足
===2021-08-06 15:03:09.432===
===2021-08-06 15:03:09.853===
股票：000829板块涨跌幅判断-额外参数：
	分组名称：1
	走势名称：发
		条件不成立(不符合板块涨跌幅条件)
	结果：未满足，返回code：-1
===2021-08-06 15:03:13.218===
额外条件未满足


===============================================

==============2021-08-06 15:03:22==============
===6开始执行条件2021-08-06 15:03:20.544===
===开始判断价格条件2021-08-06 15:03:20.544===
===开始判断额外/转自动条件2021-08-06 15:03:20.972===
===2021-08-06 15:03:21.078===
股票：000829指定时间段判断-额外参数：
	分组名称：1
	走势名称：时间段
		条件不成立(当前时间：2021-08-06 15:03:20.544,条件时段：09:30:00-13:00:00)
	结果：未满足
===2021-08-06 15:03:21.078===
===2021-08-06 15:03:21.103===
股票：000829板块涨跌幅判断-额外参数：
	分组名称：1
	走势名称：发
		条件不成立(不符合板块涨跌幅条件)
	结果：未满足，返回code：-1
===2021-08-06 15:03:22.831===
额外条件未满足


===============================================

==============2021-08-06 15:03:42==============
===6开始执行条件2021-08-06 15:03:41.759===
===开始判断价格条件2021-08-06 15:03:41.759===
===开始判断额外/转自动条件2021-08-06 15:03:41.935===
===2021-08-06 15:03:42.118===
股票：000829指定时间段判断-额外参数：
	分组名称：1
	走势名称：时间段
		条件不成立(当前时间：2021-08-06 15:03:41.759,条件时段：09:30:00-13:00:00)
	结果：未满足
===2021-08-06 15:03:42.118===
===2021-08-06 15:03:42.159===
股票：000829板块涨跌幅判断-额外参数：
	分组名称：1
	走势名称：发
		条件不成立(不符合板块涨跌幅条件)
	结果：未满足，返回code：-1
===2021-08-06 15:03:42.943===
额外条件未满足


===============================================

==============2021-08-06 15:04:56==============
===6开始执行条件2021-08-06 15:04:54.785===
===开始判断价格条件2021-08-06 15:04:54.785===
===开始判断额外/转自动条件2021-08-06 15:04:55.060===
===2021-08-06 15:04:55.414===
股票：000829指定时间段判断-额外参数：
	分组名称：1
	走势名称：时间段
		条件不成立(当前时间：2021-08-06 15:04:54.784,条件时段：09:30:00-13:00:00)
	结果：未满足
===2021-08-06 15:04:55.414===
===2021-08-06 15:04:55.578===
股票：000829板块涨跌幅判断-额外参数：
	分组名称：1
	走势名称：发
		条件不成立(不符合板块涨跌幅条件)
	结果：未满足，返回code：-1
===2021-08-06 15:04:56.543===
额外条件未满足


===============================================

==============2021-08-06 15:05:15==============
===6开始执行条件2021-08-06 15:05:10.516===
===开始判断价格条件2021-08-06 15:05:10.516===
===开始判断额外/转自动条件2021-08-06 15:05:11.127===
===2021-08-06 15:05:11.746===
股票：000829指定时间段判断-额外参数：
	分组名称：1
	走势名称：时间段
		条件不成立(当前时间：2021-08-06 15:05:10.516,条件时段：09:30:00-13:00:00)
	结果：未满足
===2021-08-06 15:05:11.746===
===2021-08-06 15:05:12.009===
股票：000829板块涨跌幅判断-额外参数：
	分组名称：1
	走势名称：发
		条件不成立(不符合板块涨跌幅条件)
	结果：未满足，返回code：-1
===2021-08-06 15:05:15.218===
额外条件未满足


===============================================

==============2021-08-06 15:06:11==============
===6开始执行条件2021-08-06 15:06:03.697===
===开始判断价格条件2021-08-06 15:06:03.697===
===开始判断额外/转自动条件2021-08-06 15:06:05.311===
===2021-08-06 15:06:05.882===
股票：000829指定时间段判断-额外参数：
	分组名称：1
	走势名称：时间段
		条件不成立(当前时间：2021-08-06 15:06:03.696,条件时段：09:30:00-13:00:00)
	结果：未满足
===2021-08-06 15:06:05.882===
===2021-08-06 15:06:05.965===
股票：000829板块涨跌幅判断-额外参数：
	分组名称：1
	走势名称：发
		条件不成立(不符合板块涨跌幅条件)
	结果：未满足，返回code：-1
===2021-08-06 15:06:11.150===
额外条件未满足


===============================================

==============2021-08-06 15:06:26==============
===6开始执行条件2021-08-06 15:06:23.108===
===开始判断价格条件2021-08-06 15:06:23.108===
===开始判断额外/转自动条件2021-08-06 15:06:23.617===
===2021-08-06 15:06:23.891===
股票：000829指定时间段判断-额外参数：
	分组名称：1
	走势名称：时间段
		条件不成立(当前时间：2021-08-06 15:06:23.108,条件时段：09:30:00-13:00:00)
	结果：未满足
===2021-08-06 15:06:23.891===
===2021-08-06 15:06:23.938===
股票：000829板块涨跌幅判断-额外参数：
	分组名称：1
	走势名称：发
		条件不成立(不符合板块涨跌幅条件)
	结果：未满足，返回code：-1
===2021-08-06 15:06:26.297===
额外条件未满足


===============================================

==============2021-08-06 15:06:46==============
===6开始执行条件2021-08-06 15:06:43.022===
===开始判断价格条件2021-08-06 15:06:43.022===
===开始判断额外/转自动条件2021-08-06 15:06:43.948===
===2021-08-06 15:06:44.222===
股票：000829指定时间段判断-额外参数：
	分组名称：1
	走势名称：时间段
		条件不成立(当前时间：2021-08-06 15:06:43.022,条件时段：09:30:00-13:00:00)
	结果：未满足
===2021-08-06 15:06:44.222===
===2021-08-06 15:06:44.277===
股票：000829板块涨跌幅判断-额外参数：
	分组名称：1
	走势名称：发
		条件不成立(不符合板块涨跌幅条件)
	结果：未满足，返回code：-1
===2021-08-06 15:06:46.741===
额外条件未满足


===============================================

==============2021-08-06 15:08:00==============
===6开始执行条件2021-08-06 15:07:58.797===
===开始判断价格条件2021-08-06 15:07:58.797===
===开始判断额外/转自动条件2021-08-06 15:07:59.583===
===2021-08-06 15:07:59.680===
股票：000829指定时间段判断-额外参数：
	分组名称：1
	走势名称：时间段
		条件不成立(当前时间：2021-08-06 15:07:58.756,条件时段：09:30:00-13:00:00)
	结果：未满足
===2021-08-06 15:07:59.680===
===2021-08-06 15:07:59.781===
股票：000829板块涨跌幅判断-额外参数：
	分组名称：1
	走势名称：发
		条件不成立(不符合板块涨跌幅条件)
	结果：未满足，返回code：-1
===2021-08-06 15:08:00.621===
额外条件未满足


===============================================

==============2021-08-06 15:11:53==============
===6开始执行条件2021-08-06 15:11:50.895===
===开始判断价格条件2021-08-06 15:11:50.895===
===开始判断额外/转自动条件2021-08-06 15:11:51.491===
===2021-08-06 15:11:51.647===
股票：000829指定时间段判断-额外参数：
	分组名称：1
	走势名称：时间段
		条件不成立(当前时间：2021-08-06 15:11:50.895,条件时段：09:30:00-13:00:00)
	结果：未满足
===2021-08-06 15:11:51.647===
===2021-08-06 15:11:51.734===
股票：000829板块涨跌幅判断-额外参数：
	分组名称：1
	走势名称：发
		条件不成立(不符合板块涨跌幅条件)
	结果：未满足，返回code：-1
===2021-08-06 15:11:53.020===
额外条件未满足


===============================================

==============2021-08-06 15:12:10==============
===6开始执行条件2021-08-06 15:12:07.372===
===开始判断价格条件2021-08-06 15:12:07.372===
===开始判断额外/转自动条件2021-08-06 15:12:07.982===
===2021-08-06 15:12:08.099===
股票：000829指定时间段判断-额外参数：
	分组名称：1
	走势名称：时间段
		条件不成立(当前时间：2021-08-06 15:12:07.364,条件时段：09:30:00-13:00:00)
	结果：未满足
===2021-08-06 15:12:08.100===
===2021-08-06 15:12:08.189===
股票：000829板块涨跌幅判断-额外参数：
	分组名称：1
	走势名称：发
		条件不成立(不符合板块涨跌幅条件)
	结果：未满足，返回code：-1
===2021-08-06 15:12:10.110===
额外条件未满足


===============================================

==============2021-08-06 15:12:43==============
===6开始执行条件2021-08-06 15:12:42.894===
===开始判断价格条件2021-08-06 15:12:42.894===
===开始判断额外/转自动条件2021-08-06 15:12:43.000===
===2021-08-06 15:12:43.089===
股票：000829指定时间段判断-额外参数：
	分组名称：1
	走势名称：时间段
		条件不成立(当前时间：2021-08-06 15:12:42.894,条件时段：09:30:00-13:00:00)
	结果：未满足
===2021-08-06 15:12:43.089===
===2021-08-06 15:12:43.178===
股票：000829板块涨跌幅判断-额外参数：
	分组名称：1
	走势名称：发
		条件不成立(不符合板块涨跌幅条件)
	结果：未满足，返回code：-1
===2021-08-06 15:12:43.788===
额外条件未满足


===============================================

==============2021-08-06 15:13:54==============
===6开始执行条件2021-08-06 15:13:49.720===
===开始判断价格条件2021-08-06 15:13:49.720===
===开始判断额外/转自动条件2021-08-06 15:13:50.167===
===2021-08-06 15:13:51.447===
股票：000829指定时间段判断-额外参数：
	分组名称：1
	走势名称：时间段
		条件不成立(当前时间：2021-08-06 15:13:49.710,条件时段：09:30:00-13:00:00)
	结果：未满足
===2021-08-06 15:13:51.545===
===2021-08-06 15:13:51.657===
股票：000829板块涨跌幅判断-额外参数：
	分组名称：1
	走势名称：发
		条件不成立(不符合板块涨跌幅条件)
	结果：未满足，返回code：-1
===2021-08-06 15:13:54.819===
额外条件未满足


===============================================

==============2021-08-06 15:14:04==============
===6开始执行条件2021-08-06 15:14:03.732===
===开始判断价格条件2021-08-06 15:14:03.732===
===开始判断额外/转自动条件2021-08-06 15:14:03.899===
===2021-08-06 15:14:04.261===
股票：000829指定时间段判断-额外参数：
	分组名称：1
	走势名称：时间段
		条件不成立(当前时间：2021-08-06 15:14:03.732,条件时段：09:30:00-13:00:00)
	结果：未满足
===2021-08-06 15:14:04.261===
===2021-08-06 15:14:04.283===
股票：000829板块涨跌幅判断-额外参数：
	分组名称：1
	走势名称：发
		条件不成立(不符合板块涨跌幅条件)
	结果：未满足，返回code：-1
===2021-08-06 15:14:04.581===
额外条件未满足


===============================================

==============2021-08-06 15:26:52==============
===6开始执行条件2021-08-06 15:26:50.873===
===开始判断价格条件2021-08-06 15:26:50.873===
===开始判断额外/转自动条件2021-08-06 15:26:51.434===
===2021-08-06 15:26:51.604===
股票：000829指定时间段判断-额外参数：
	分组名称：1
	走势名称：时间段
		条件不成立(当前时间：2021-08-06 15:26:50.872,条件时段：09:30:00-13:00:00)
	结果：未满足
===2021-08-06 15:26:51.604===
===2021-08-06 15:26:51.694===
股票：000829板块涨跌幅判断-额外参数：
	分组名称：1
	走势名称：发
		条件不成立(不符合板块涨跌幅条件)
	结果：未满足，返回code：-1
===2021-08-06 15:26:52.070===
额外条件未满足


===============================================

==============2021-08-06 15:27:56==============
===6开始执行条件2021-08-06 15:27:54.417===
===开始判断价格条件2021-08-06 15:27:54.417===
===开始判断额外/转自动条件2021-08-06 15:27:54.683===
===2021-08-06 15:27:54.775===
股票：000829指定时间段判断-额外参数：
	分组名称：1
	走势名称：时间段
		条件不成立(当前时间：2021-08-06 15:27:54.417,条件时段：09:30:00-13:00:00)
	结果：未满足
===2021-08-06 15:27:54.775===
===2021-08-06 15:27:54.843===
股票：000829板块涨跌幅判断-额外参数：
	分组名称：1
	走势名称：发
		条件不成立(不符合板块涨跌幅条件)
	结果：未满足，返回code：-1
===2021-08-06 15:27:56.394===
额外条件未满足


===============================================

==============2021-08-06 15:28:29==============
===6开始执行条件2021-08-06 15:28:26.324===
===开始判断价格条件2021-08-06 15:28:26.325===
===开始判断额外/转自动条件2021-08-06 15:28:26.745===
===2021-08-06 15:28:26.923===
股票：000829指定时间段判断-额外参数：
	分组名称：1
	走势名称：时间段
		条件不成立(当前时间：2021-08-06 15:28:26.324,条件时段：09:30:00-13:00:00)
	结果：未满足
===2021-08-06 15:28:26.923===
===2021-08-06 15:28:26.988===
股票：000829板块涨跌幅判断-额外参数：
	分组名称：1
	走势名称：发
		条件不成立(不符合板块涨跌幅条件)
	结果：未满足，返回code：-1
===2021-08-06 15:28:29.678===
额外条件未满足


===============================================

==============2021-08-06 15:28:47==============
===6开始执行条件2021-08-06 15:28:45.309===
===开始判断价格条件2021-08-06 15:28:45.309===
===开始判断额外/转自动条件2021-08-06 15:28:45.651===
===2021-08-06 15:28:45.906===
股票：000829指定时间段判断-额外参数：
	分组名称：1
	走势名称：时间段
		条件不成立(当前时间：2021-08-06 15:28:45.309,条件时段：09:30:00-13:00:00)
	结果：未满足
===2021-08-06 15:28:45.906===
===2021-08-06 15:28:46.008===
股票：000829板块涨跌幅判断-额外参数：
	分组名称：1
	走势名称：发
		条件不成立(不符合板块涨跌幅条件)
	结果：未满足，返回code：-1
===2021-08-06 15:28:47.249===
额外条件未满足


===============================================

==============2021-08-06 15:29:57==============
===6开始执行条件2021-08-06 15:29:57.351===
===开始判断价格条件2021-08-06 15:29:57.351===
===开始判断额外/转自动条件2021-08-06 15:29:57.432===
===2021-08-06 15:29:57.593===
股票：000829指定时间段判断-额外参数：
	分组名称：1
	走势名称：时间段
		条件不成立(当前时间：2021-08-06 15:29:57.351,条件时段：09:30:00-13:00:00)
	结果：未满足
===2021-08-06 15:29:57.593===
===2021-08-06 15:29:57.612===
股票：000829板块涨跌幅判断-额外参数：
	分组名称：1
	走势名称：发
		条件不成立(不符合板块涨跌幅条件)
	结果：未满足，返回code：-1
===2021-08-06 15:29:57.954===
额外条件未满足


===============================================

==============2021-08-06 15:30:17==============
===6开始执行条件2021-08-06 15:30:13.512===
===开始判断价格条件2021-08-06 15:30:13.512===
===开始判断额外/转自动条件2021-08-06 15:30:13.838===
===2021-08-06 15:30:14.063===
股票：000829指定时间段判断-额外参数：
	分组名称：1
	走势名称：时间段
		条件不成立(当前时间：2021-08-06 15:30:13.506,条件时段：09:30:00-13:00:00)
	结果：未满足
===2021-08-06 15:30:14.063===
===2021-08-06 15:30:14.293===
股票：000829板块涨跌幅判断-额外参数：
	分组名称：1
	走势名称：发
		条件不成立(不符合板块涨跌幅条件)
	结果：未满足，返回code：-1
===2021-08-06 15:30:17.002===
额外条件未满足


===============================================

==============2021-08-06 15:30:36==============
===6开始执行条件2021-08-06 15:30:35.828===
===开始判断价格条件2021-08-06 15:30:35.828===
===开始判断额外/转自动条件2021-08-06 15:30:36.188===
===2021-08-06 15:30:36.384===
股票：000829指定时间段判断-额外参数：
	分组名称：1
	走势名称：时间段
		条件不成立(当前时间：2021-08-06 15:30:35.828,条件时段：09:30:00-13:00:00)
	结果：未满足
===2021-08-06 15:30:36.384===
===2021-08-06 15:30:36.406===
股票：000829板块涨跌幅判断-额外参数：
	分组名称：1
	走势名称：发
		条件不成立(不符合板块涨跌幅条件)
	结果：未满足，返回code：-1
===2021-08-06 15:30:36.808===
额外条件未满足


===============================================

==============2021-08-06 15:30:57==============
===6开始执行条件2021-08-06 15:30:52.635===
===开始判断价格条件2021-08-06 15:30:52.635===
===开始判断额外/转自动条件2021-08-06 15:30:53.636===
===2021-08-06 15:30:54.440===
股票：000829指定时间段判断-额外参数：
	分组名称：1
	走势名称：时间段
		条件不成立(当前时间：2021-08-06 15:30:52.632,条件时段：09:30:00-13:00:00)
	结果：未满足
===2021-08-06 15:30:54.440===
===2021-08-06 15:30:54.645===
股票：000829板块涨跌幅判断-额外参数：
	分组名称：1
	走势名称：发
		条件不成立(不符合板块涨跌幅条件)
	结果：未满足，返回code：-1
===2021-08-06 15:30:57.387===
额外条件未满足


===============================================

==============2021-08-06 15:31:12==============
===6开始执行条件2021-08-06 15:31:11.251===
===开始判断价格条件2021-08-06 15:31:11.251===
===开始判断额外/转自动条件2021-08-06 15:31:11.364===
===2021-08-06 15:31:11.709===
股票：000829指定时间段判断-额外参数：
	分组名称：1
	走势名称：时间段
		条件不成立(当前时间：2021-08-06 15:31:11.250,条件时段：09:30:00-13:00:00)
	结果：未满足
===2021-08-06 15:31:11.709===
===2021-08-06 15:31:11.733===
股票：000829板块涨跌幅判断-额外参数：
	分组名称：1
	走势名称：发
		条件不成立(不符合板块涨跌幅条件)
	结果：未满足，返回code：-1
===2021-08-06 15:31:12.188===
额外条件未满足


===============================================

==============2021-08-06 15:31:32==============
===6开始执行条件2021-08-06 15:31:28.643===
===开始判断价格条件2021-08-06 15:31:28.643===
===开始判断额外/转自动条件2021-08-06 15:31:29.211===
===2021-08-06 15:31:29.757===
股票：000829指定时间段判断-额外参数：
	分组名称：1
	走势名称：时间段
		条件不成立(当前时间：2021-08-06 15:31:28.642,条件时段：09:30:00-13:00:00)
	结果：未满足
===2021-08-06 15:31:29.758===
===2021-08-06 15:31:29.993===
股票：000829板块涨跌幅判断-额外参数：
	分组名称：1
	走势名称：发
		条件不成立(不符合板块涨跌幅条件)
	结果：未满足，返回code：-1
===2021-08-06 15:31:32.984===
额外条件未满足


===============================================

==============2021-08-06 15:31:51==============
===6开始执行条件2021-08-06 15:31:46.445===
===开始判断价格条件2021-08-06 15:31:46.445===
===开始判断额外/转自动条件2021-08-06 15:31:47.107===
===2021-08-06 15:31:47.453===
股票：000829指定时间段判断-额外参数：
	分组名称：1
	走势名称：时间段
		条件不成立(当前时间：2021-08-06 15:31:46.441,条件时段：09:30:00-13:00:00)
	结果：未满足
===2021-08-06 15:31:47.453===
===2021-08-06 15:31:47.658===
股票：000829板块涨跌幅判断-额外参数：
	分组名称：1
	走势名称：发
		条件不成立(不符合板块涨跌幅条件)
	结果：未满足，返回code：-1
===2021-08-06 15:31:51.248===
额外条件未满足


===============================================

==============2021-08-06 15:32:12==============
===6开始执行条件2021-08-06 15:32:08.402===
===开始判断价格条件2021-08-06 15:32:08.402===
===开始判断额外/转自动条件2021-08-06 15:32:08.859===
===2021-08-06 15:32:09.234===
股票：000829指定时间段判断-额外参数：
	分组名称：1
	走势名称：时间段
		条件不成立(当前时间：2021-08-06 15:32:08.402,条件时段：09:30:00-13:00:00)
	结果：未满足
===2021-08-06 15:32:09.234===
===2021-08-06 15:32:09.385===
股票：000829板块涨跌幅判断-额外参数：
	分组名称：1
	走势名称：发
		条件不成立(不符合板块涨跌幅条件)
	结果：未满足，返回code：-1
===2021-08-06 15:32:12.544===
额外条件未满足


===============================================

==============2021-08-06 15:32:28==============
===6开始执行条件2021-08-06 15:32:27.164===
===开始判断价格条件2021-08-06 15:32:27.164===
===开始判断额外/转自动条件2021-08-06 15:32:27.430===
===2021-08-06 15:32:27.467===
股票：000829指定时间段判断-额外参数：
	分组名称：1
	走势名称：时间段
		条件不成立(当前时间：2021-08-06 15:32:27.163,条件时段：09:30:00-13:00:00)
	结果：未满足
===2021-08-06 15:32:27.468===
===2021-08-06 15:32:27.522===
股票：000829板块涨跌幅判断-额外参数：
	分组名称：1
	走势名称：发
		条件不成立(不符合板块涨跌幅条件)
	结果：未满足，返回code：-1
===2021-08-06 15:32:28.175===
额外条件未满足


===============================================

==============2021-08-06 15:32:38==============
===6开始执行条件2021-08-06 15:32:38.107===
===开始判断价格条件2021-08-06 15:32:38.107===
===开始判断额外/转自动条件2021-08-06 15:32:38.196===
===2021-08-06 15:32:38.355===
股票：000829指定时间段判断-额外参数：
	分组名称：1
	走势名称：时间段
		条件不成立(当前时间：2021-08-06 15:32:38.106,条件时段：09:30:00-13:00:00)
	结果：未满足
===2021-08-06 15:32:38.355===
===2021-08-06 15:32:38.380===
股票：000829板块涨跌幅判断-额外参数：
	分组名称：1
	走势名称：发
		条件不成立(不符合板块涨跌幅条件)
	结果：未满足，返回code：-1
===2021-08-06 15:32:38.660===
额外条件未满足


===============================================

==============2021-08-06 15:32:52==============
===6开始执行条件2021-08-06 15:32:51.669===
===开始判断价格条件2021-08-06 15:32:51.669===
===开始判断额外/转自动条件2021-08-06 15:32:51.759===
===2021-08-06 15:32:51.833===
股票：000829指定时间段判断-额外参数：
	分组名称：1
	走势名称：时间段
		条件不成立(当前时间：2021-08-06 15:32:51.669,条件时段：09:30:00-13:00:00)
	结果：未满足
===2021-08-06 15:32:51.833===
===2021-08-06 15:32:51.853===
股票：000829板块涨跌幅判断-额外参数：
	分组名称：1
	走势名称：发
		条件不成立(不符合板块涨跌幅条件)
	结果：未满足，返回code：-1
===2021-08-06 15:32:52.307===
额外条件未满足


===============================================

==============2021-08-06 15:33:06==============
===6开始执行条件2021-08-06 15:33:02.591===
===开始判断价格条件2021-08-06 15:33:02.591===
===开始判断额外/转自动条件2021-08-06 15:33:02.934===
===2021-08-06 15:33:03.226===
股票：000829指定时间段判断-额外参数：
	分组名称：1
	走势名称：时间段
		条件不成立(当前时间：2021-08-06 15:33:02.591,条件时段：09:30:00-13:00:00)
	结果：未满足
===2021-08-06 15:33:03.226===
===2021-08-06 15:33:03.328===
股票：000829板块涨跌幅判断-额外参数：
	分组名称：1
	走势名称：发
		条件不成立(不符合板块涨跌幅条件)
	结果：未满足，返回code：-1
===2021-08-06 15:33:06.703===
额外条件未满足


===============================================

==============2021-08-06 15:36:26==============
===6开始执行条件2021-08-06 15:33:20.505===
===开始判断价格条件2021-08-06 15:33:20.505===
===开始判断额外/转自动条件2021-08-06 15:35:36.701===
===2021-08-06 15:35:47.338===
股票：000829指定时间段判断-额外参数：
	分组名称：1
	走势名称：时间段
		条件不成立(当前时间：2021-08-06 15:33:20.505,条件时段：09:30:00-13:00:00)
	结果：未满足
===2021-08-06 15:35:47.338===
===2021-08-06 15:35:54.487===
股票：000829板块涨跌幅判断-额外参数：
	分组名称：1
	走势名称：发
		条件不成立(不符合板块涨跌幅条件)
	结果：未满足，返回code：-1
===2021-08-06 15:36:26.415===
额外条件未满足


===============================================

==============2021-08-06 15:38:10==============
===6开始执行条件2021-08-06 15:38:06.503===
===开始判断价格条件2021-08-06 15:38:06.503===
===开始判断额外/转自动条件2021-08-06 15:38:07.028===
===2021-08-06 15:38:07.461===
股票：000829指定时间段判断-额外参数：
	分组名称：1
	走势名称：时间段
		条件不成立(当前时间：2021-08-06 15:38:06.502,条件时段：09:30:00-13:00:00)
	结果：未满足
===2021-08-06 15:38:07.461===
===2021-08-06 15:38:07.530===
股票：000829板块涨跌幅判断-额外参数：
	分组名称：1
	走势名称：发
		条件不成立(不符合板块涨跌幅条件)
	结果：未满足，返回code：-1
===2021-08-06 15:38:10.334===
额外条件未满足


===============================================

==============2021-08-06 15:38:28==============
===6开始执行条件2021-08-06 15:38:28.182===
===开始判断价格条件2021-08-06 15:38:28.182===
===开始判断额外/转自动条件2021-08-06 15:38:28.576===
===2021-08-06 15:38:28.658===
股票：000829指定时间段判断-额外参数：
	分组名称：1
	走势名称：时间段
		条件不成立(当前时间：2021-08-06 15:38:28.182,条件时段：09:30:00-13:00:00)
	结果：未满足
===2021-08-06 15:38:28.658===
===2021-08-06 15:38:28.679===
股票：000829板块涨跌幅判断-额外参数：
	分组名称：1
	走势名称：发
		条件不成立(不符合板块涨跌幅条件)
	结果：未满足，返回code：-1
===2021-08-06 15:38:28.871===
额外条件未满足


===============================================

==============2021-08-06 15:40:23==============
===6开始执行条件2021-08-06 15:40:18.246===
===开始判断价格条件2021-08-06 15:40:18.246===
===开始判断额外/转自动条件2021-08-06 15:40:18.852===
===2021-08-06 15:40:19.800===
股票：000829指定时间段判断-额外参数：
	分组名称：1
	走势名称：时间段
		条件不成立(当前时间：2021-08-06 15:40:18.246,条件时段：09:30:00-13:00:00)
	结果：未满足
===2021-08-06 15:40:19.800===
===2021-08-06 15:40:19.961===
股票：000829板块涨跌幅判断-额外参数：
	分组名称：1
	走势名称：发
		条件不成立(不符合板块涨跌幅条件)
	结果：未满足，返回code：-1
===2021-08-06 15:40:23.391===
额外条件未满足


===============================================

