==============2021-08-09 10:08:03==============
===6开始执行条件2021-08-09 10:07:51.743===
===开始判断价格条件2021-08-09 10:07:51.743===
===开始判断额外/转自动条件2021-08-09 10:07:59.160===
===2021-08-09 10:08:01.704===
股票：000829指定时间段判断-额外参数：
	分组名称：1
	走势名称：时间段
		条件成立(当前时间：2021-08-09 10:07:51.743,条件时段：09:30:00-13:00:00)
	结果：达到要求
===2021-08-09 10:08:02.594===
===2021-08-09 10:08:03.492===
股票：000829多头向上判断-转自动参数：
	分组名称：2
	走势名称：多头向上
	结果：未满足，返回code：0
===2021-08-09 10:08:03.492===
满足所有条件，可以触发


===============================================

==============2021-08-09 10:08:13==============
===6开始执行条件2021-08-09 10:08:11.483===
===开始判断价格条件2021-08-09 10:08:11.483===
===开始判断额外/转自动条件2021-08-09 10:08:11.699===
===2021-08-09 10:08:11.910===
股票：000829指定时间段判断-额外参数：
	分组名称：1
	走势名称：时间段
		条件成立(当前时间：2021-08-09 10:08:11.482,条件时段：09:30:00-13:00:00)
	结果：达到要求
===2021-08-09 10:08:13.004===
===2021-08-09 10:08:13.367===
股票：000829多头向上判断-转自动参数：
	分组名称：2
	走势名称：多头向上
	结果：未满足，返回code：0
===2021-08-09 10:08:13.367===
满足所有条件，可以触发


===============================================

==============2021-08-09 10:08:40==============
===6开始执行条件2021-08-09 10:08:35.594===
===开始判断价格条件2021-08-09 10:08:35.594===
===开始判断额外/转自动条件2021-08-09 10:08:36.121===
===2021-08-09 10:08:38.143===
股票：000829指定时间段判断-额外参数：
	分组名称：1
	走势名称：时间段
		条件成立(当前时间：2021-08-09 10:08:35.594,条件时段：09:30:00-13:00:00)
	结果：达到要求
===2021-08-09 10:08:39.276===
===2021-08-09 10:08:40.365===
股票：000829多头向上判断-转自动参数：
	分组名称：2
	走势名称：多头向上
	结果：未满足，返回code：0
===2021-08-09 10:08:40.365===
满足所有条件，可以触发


===============================================

==============2021-08-09 10:08:46==============
===6开始执行条件2021-08-09 10:08:43.595===
===开始判断价格条件2021-08-09 10:08:43.595===
===开始判断额外/转自动条件2021-08-09 10:08:44.221===
===2021-08-09 10:08:44.629===
股票：000829指定时间段判断-额外参数：
	分组名称：1
	走势名称：时间段
		条件成立(当前时间：2021-08-09 10:08:43.595,条件时段：09:30:00-13:00:00)
	结果：达到要求
===2021-08-09 10:08:45.587===
===2021-08-09 10:08:46.521===
股票：000829多头向上判断-转自动参数：
	分组名称：2
	走势名称：多头向上
	结果：未满足，返回code：0
===2021-08-09 10:08:46.521===
满足所有条件，可以触发


===============================================

==============2021-08-09 10:09:08==============
===6开始执行条件2021-08-09 10:09:03.173===
===开始判断价格条件2021-08-09 10:09:03.173===
===开始判断额外/转自动条件2021-08-09 10:09:05.587===
===2021-08-09 10:09:06.295===
股票：000829指定时间段判断-额外参数：
	分组名称：1
	走势名称：时间段
		条件成立(当前时间：2021-08-09 10:09:03.173,条件时段：09:30:00-13:00:00)
	结果：达到要求
===2021-08-09 10:09:06.609===
===2021-08-09 10:09:08.702===
股票：000829多头向上判断-转自动参数：
	分组名称：2
	走势名称：多头向上
	结果：未满足，返回code：0
===2021-08-09 10:09:08.702===
满足所有条件，可以触发


===============================================

==============2021-08-09 10:09:23==============
===6开始执行条件2021-08-09 10:09:20.508===
===开始判断价格条件2021-08-09 10:09:20.508===
===开始判断额外/转自动条件2021-08-09 10:09:21.105===
===2021-08-09 10:09:21.564===
股票：000829指定时间段判断-额外参数：
	分组名称：1
	走势名称：时间段
		条件成立(当前时间：2021-08-09 10:09:20.506,条件时段：09:30:00-13:00:00)
	结果：达到要求
===2021-08-09 10:09:21.918===
===2021-08-09 10:09:23.478===
股票：000829多头向上判断-转自动参数：
	分组名称：2
	走势名称：多头向上
	结果：未满足，返回code：0
===2021-08-09 10:09:23.478===
满足所有条件，可以触发


===============================================

==============2021-08-09 10:10:28==============
===6开始执行条件2021-08-09 10:09:46.961===
===开始判断价格条件2021-08-09 10:09:46.961===
===开始判断额外/转自动条件2021-08-09 10:09:54.060===
===2021-08-09 10:10:16.593===
股票：000829指定时间段判断-额外参数：
	分组名称：1
	走势名称：时间段
		条件成立(当前时间：2021-08-09 10:09:46.961,条件时段：09:30:00-13:00:00)
	结果：达到要求
===2021-08-09 10:10:19.236===
===2021-08-09 10:10:28.276===
股票：000829多头向上判断-转自动参数：
	分组名称：2
	走势名称：多头向上
	结果：未满足，返回code：0
===2021-08-09 10:10:28.276===
满足所有条件，可以触发


===============================================

==============2021-08-09 10:10:34==============
===6开始执行条件2021-08-09 10:10:31.790===
===开始判断价格条件2021-08-09 10:10:31.790===
===开始判断额外/转自动条件2021-08-09 10:10:32.400===
===2021-08-09 10:10:32.762===
股票：000829指定时间段判断-额外参数：
	分组名称：1
	走势名称：时间段
		条件成立(当前时间：2021-08-09 10:10:31.785,条件时段：09:30:00-13:00:00)
	结果：达到要求
===2021-08-09 10:10:33.425===
===2021-08-09 10:10:34.534===
股票：000829多头向上判断-转自动参数：
	分组名称：2
	走势名称：多头向上
	结果：未满足，返回code：0
===2021-08-09 10:10:34.719===
满足所有条件，可以触发


===============================================

==============2021-08-09 10:10:48==============
===6开始执行条件2021-08-09 10:10:47.653===
===开始判断价格条件2021-08-09 10:10:47.653===
===开始判断额外/转自动条件2021-08-09 10:10:47.780===
===2021-08-09 10:10:48.148===
股票：000829指定时间段判断-额外参数：
	分组名称：1
	走势名称：时间段
		条件成立(当前时间：2021-08-09 10:10:47.653,条件时段：09:30:00-13:00:00)
	结果：达到要求
===2021-08-09 10:10:48.418===
===2021-08-09 10:10:48.587===
股票：000829多头向上判断-转自动参数：
	分组名称：2
	走势名称：多头向上
	结果：未满足，返回code：0
===2021-08-09 10:10:48.587===
满足所有条件，可以触发


===============================================

==============2021-08-09 10:11:01==============
===6开始执行条件2021-08-09 10:10:59.252===
===开始判断价格条件2021-08-09 10:10:59.252===
===开始判断额外/转自动条件2021-08-09 10:11:00.316===
===2021-08-09 10:11:00.732===
股票：000829指定时间段判断-额外参数：
	分组名称：1
	走势名称：时间段
		条件成立(当前时间：2021-08-09 10:10:59.251,条件时段：09:30:00-13:00:00)
	结果：达到要求
===2021-08-09 10:11:00.857===
===2021-08-09 10:11:01.142===
股票：000829多头向上判断-转自动参数：
	分组名称：2
	走势名称：多头向上
	结果：未满足，返回code：0
===2021-08-09 10:11:01.142===
满足所有条件，可以触发


===============================================

==============2021-08-09 10:11:14==============
===6开始执行条件2021-08-09 10:11:11.499===
===开始判断价格条件2021-08-09 10:11:11.499===
===开始判断额外/转自动条件2021-08-09 10:11:12.277===
===2021-08-09 10:11:13.295===
股票：000829指定时间段判断-额外参数：
	分组名称：1
	走势名称：时间段
		条件成立(当前时间：2021-08-09 10:11:11.499,条件时段：09:30:00-13:00:00)
	结果：达到要求
===2021-08-09 10:11:14.085===
===2021-08-09 10:11:14.340===
股票：000829多头向上判断-转自动参数：
	分组名称：2
	走势名称：多头向上
	结果：未满足，返回code：0
===2021-08-09 10:11:14.340===
满足所有条件，可以触发


===============================================

==============2021-08-09 10:11:21==============
===6开始执行条件2021-08-09 10:11:17.666===
===开始判断价格条件2021-08-09 10:11:17.666===
===开始判断额外/转自动条件2021-08-09 10:11:20.386===
===2021-08-09 10:11:20.619===
股票：000829指定时间段判断-额外参数：
	分组名称：1
	走势名称：时间段
		条件成立(当前时间：2021-08-09 10:11:17.666,条件时段：09:30:00-13:00:00)
	结果：达到要求
===2021-08-09 10:11:20.964===
===2021-08-09 10:11:21.846===
股票：000829多头向上判断-转自动参数：
	分组名称：2
	走势名称：多头向上
	结果：未满足，返回code：0
===2021-08-09 10:11:21.846===
满足所有条件，可以触发


===============================================

==============2021-08-09 11:02:40==============
===6开始执行条件2021-08-09 11:02:39.106===
===开始判断价格条件2021-08-09 11:02:39.106===
===开始判断额外/转自动条件2021-08-09 11:02:39.481===
===2021-08-09 11:02:39.575===
股票：000829指定时间段判断-额外参数：
	分组名称：1
	走势名称：时间段
		条件成立(当前时间：2021-08-09 11:02:39.106,条件时段：09:30:00-13:00:00)
	结果：达到要求
===2021-08-09 11:02:40.013===
===2021-08-09 11:02:40.096===
股票：000829多头向上判断-转自动参数：
	分组名称：2
	走势名称：多头向上
	结果：未满足，返回code：0
===2021-08-09 11:02:40.096===
满足所有条件，可以触发


===============================================

==============2021-08-09 11:02:49==============
===6开始执行条件2021-08-09 11:02:48.975===
===开始判断价格条件2021-08-09 11:02:48.975===
===开始判断额外/转自动条件2021-08-09 11:02:49.111===
===2021-08-09 11:02:49.481===
股票：000829指定时间段判断-额外参数：
	分组名称：1
	走势名称：时间段
		条件成立(当前时间：2021-08-09 11:02:48.975,条件时段：09:30:00-13:00:00)
	结果：达到要求
===2021-08-09 11:02:49.524===
===2021-08-09 11:02:49.602===
股票：000829多头向上判断-转自动参数：
	分组名称：2
	走势名称：多头向上
	结果：未满足，返回code：0
===2021-08-09 11:02:49.602===
满足所有条件，可以触发


===============================================

==============2021-08-09 11:03:13==============
===6开始执行条件2021-08-09 11:03:13.073===
===开始判断价格条件2021-08-09 11:03:13.073===
===开始判断额外/转自动条件2021-08-09 11:03:13.245===
===2021-08-09 11:03:13.288===
股票：000829指定时间段判断-额外参数：
	分组名称：1
	走势名称：时间段
		条件成立(当前时间：2021-08-09 11:03:13.072,条件时段：09:30:00-13:00:00)
	结果：达到要求
===2021-08-09 11:03:13.338===
===2021-08-09 11:03:13.401===
股票：000829多头向上判断-转自动参数：
	分组名称：2
	走势名称：多头向上
	结果：未满足，返回code：0
===2021-08-09 11:03:13.401===
满足所有条件，可以触发


===============================================

==============2021-08-09 11:03:28==============
===6开始执行条件2021-08-09 11:03:27.412===
===开始判断价格条件2021-08-09 11:03:27.412===
===开始判断额外/转自动条件2021-08-09 11:03:27.718===
===2021-08-09 11:03:27.819===
股票：000829指定时间段判断-额外参数：
	分组名称：1
	走势名称：时间段
		条件成立(当前时间：2021-08-09 11:03:27.411,条件时段：09:30:00-13:00:00)
	结果：达到要求
===2021-08-09 11:03:28.140===
===2021-08-09 11:03:28.380===
股票：000829多头向上判断-转自动参数：
	分组名称：2
	走势名称：多头向上
	结果：未满足，返回code：0
===2021-08-09 11:03:28.380===
满足所有条件，可以触发


===============================================

==============2021-08-09 11:03:38==============
===6开始执行条件2021-08-09 11:03:36.572===
===开始判断价格条件2021-08-09 11:03:36.572===
===开始判断额外/转自动条件2021-08-09 11:03:37.324===
===2021-08-09 11:03:37.528===
股票：000829指定时间段判断-额外参数：
	分组名称：1
	走势名称：时间段
		条件成立(当前时间：2021-08-09 11:03:36.566,条件时段：09:30:00-13:00:00)
	结果：达到要求
===2021-08-09 11:03:37.895===
===2021-08-09 11:03:38.161===
股票：000829多头向上判断-转自动参数：
	分组名称：2
	走势名称：多头向上
	结果：未满足，返回code：0
===2021-08-09 11:03:38.161===
满足所有条件，可以触发


===============================================

==============2021-08-09 11:03:50==============
===6开始执行条件2021-08-09 11:03:49.947===
===开始判断价格条件2021-08-09 11:03:49.947===
===开始判断额外/转自动条件2021-08-09 11:03:50.240===
===2021-08-09 11:03:50.344===
股票：000829指定时间段判断-额外参数：
	分组名称：1
	走势名称：时间段
		条件成立(当前时间：2021-08-09 11:03:49.947,条件时段：09:30:00-13:00:00)
	结果：达到要求
===2021-08-09 11:03:50.576===
===2021-08-09 11:03:50.841===
股票：000829多头向上判断-转自动参数：
	分组名称：2
	走势名称：多头向上
	结果：未满足，返回code：0
===2021-08-09 11:03:50.841===
满足所有条件，可以触发


===============================================

