==============2021-08-11 10:28:35==============
===6开始执行条件2021-08-11 10:28:33.820===
===开始判断价格条件2021-08-11 10:28:33.820===
===开始判断额外/转自动条件2021-08-11 10:28:34.013===
===2021-08-11 10:28:34.289===
股票：603396指定时间段判断-额外参数：
	分组名称：1
	走势名称：时间段
		条件成立(当前时间：2021-08-11 10:28:33.819,条件时段：09:30:00-13:00:00)
	结果：达到要求
===2021-08-11 10:28:34.871===
===2021-08-11 10:28:35.075===
股票：603396多头向上判断-转自动参数：
	分组名称：2
	走势名称：多头向上
	结果：未满足，返回code：0
===2021-08-11 10:28:35.077===
满足所有条件，可以触发


===============================================

==============2021-08-11 10:28:52==============
===6开始执行条件2021-08-11 10:28:51.583===
===开始判断价格条件2021-08-11 10:28:51.583===
===开始判断额外/转自动条件2021-08-11 10:28:51.776===
===2021-08-11 10:28:51.863===
股票：603396指定时间段判断-额外参数：
	分组名称：1
	走势名称：时间段
		条件成立(当前时间：2021-08-11 10:28:51.547,条件时段：09:30:00-13:00:00)
	结果：达到要求
===2021-08-11 10:28:51.941===
===2021-08-11 10:28:52.033===
股票：603396多头向上判断-转自动参数：
	分组名称：2
	走势名称：多头向上
	结果：未满足，返回code：0
===2021-08-11 10:28:52.034===
满足所有条件，可以触发


===============================================

==============2021-08-11 10:29:00==============
===6开始执行条件2021-08-11 10:29:00.706===
===开始判断价格条件2021-08-11 10:29:00.706===
===开始判断额外/转自动条件2021-08-11 10:29:00.822===
===2021-08-11 10:29:00.863===
股票：603396指定时间段判断-额外参数：
	分组名称：1
	走势名称：时间段
		条件成立(当前时间：2021-08-11 10:29:00.706,条件时段：09:30:00-13:00:00)
	结果：达到要求
===2021-08-11 10:29:00.896===
===2021-08-11 10:29:00.946===
股票：603396多头向上判断-转自动参数：
	分组名称：2
	走势名称：多头向上
	结果：未满足，返回code：0
===2021-08-11 10:29:00.946===
满足所有条件，可以触发


===============================================

==============2021-08-11 10:29:44==============
===6开始执行条件2021-08-11 10:29:43.582===
===开始判断价格条件2021-08-11 10:29:43.582===
===开始判断额外/转自动条件2021-08-11 10:29:44.268===
===2021-08-11 10:29:44.485===
股票：603396指定时间段判断-额外参数：
	分组名称：1
	走势名称：时间段
		条件成立(当前时间：2021-08-11 10:29:43.581,条件时段：09:30:00-13:00:00)
	结果：达到要求
===2021-08-11 10:29:44.651===
===2021-08-11 10:29:44.805===
股票：603396多头向上判断-转自动参数：
	分组名称：2
	走势名称：多头向上
	结果：未满足，返回code：0
===2021-08-11 10:29:44.805===
满足所有条件，可以触发


===============================================

==============2021-08-11 10:29:56==============
===6开始执行条件2021-08-11 10:29:55.155===
===开始判断价格条件2021-08-11 10:29:55.155===
===开始判断额外/转自动条件2021-08-11 10:29:55.600===
===2021-08-11 10:29:55.881===
股票：603396指定时间段判断-额外参数：
	分组名称：1
	走势名称：时间段
		条件成立(当前时间：2021-08-11 10:29:55.155,条件时段：09:30:00-13:00:00)
	结果：达到要求
===2021-08-11 10:29:56.278===
===2021-08-11 10:29:56.797===
股票：603396多头向上判断-转自动参数：
	分组名称：2
	走势名称：多头向上
	结果：未满足，返回code：0
===2021-08-11 10:29:56.797===
满足所有条件，可以触发


===============================================

==============2021-08-11 10:30:08==============
===6开始执行条件2021-08-11 10:30:07.778===
===开始判断价格条件2021-08-11 10:30:07.778===
===开始判断额外/转自动条件2021-08-11 10:30:08.019===
===2021-08-11 10:30:08.304===
股票：603396指定时间段判断-额外参数：
	分组名称：1
	走势名称：时间段
		条件成立(当前时间：2021-08-11 10:30:07.778,条件时段：09:30:00-13:00:00)
	结果：达到要求
===2021-08-11 10:30:08.417===
===2021-08-11 10:30:08.512===
股票：603396多头向上判断-转自动参数：
	分组名称：2
	走势名称：多头向上
	结果：未满足，返回code：0
===2021-08-11 10:30:08.512===
满足所有条件，可以触发


===============================================

==============2021-08-11 10:30:15==============
===6开始执行条件2021-08-11 10:30:14.546===
===开始判断价格条件2021-08-11 10:30:14.546===
===开始判断额外/转自动条件2021-08-11 10:30:14.678===
===2021-08-11 10:30:14.889===
股票：603396指定时间段判断-额外参数：
	分组名称：1
	走势名称：时间段
		条件成立(当前时间：2021-08-11 10:30:14.541,条件时段：09:30:00-13:00:00)
	结果：达到要求
===2021-08-11 10:30:15.138===
===2021-08-11 10:30:15.393===
股票：603396多头向上判断-转自动参数：
	分组名称：2
	走势名称：多头向上
	结果：未满足，返回code：0
===2021-08-11 10:30:15.393===
满足所有条件，可以触发


===============================================

==============2021-08-11 10:30:31==============
===6开始执行条件2021-08-11 10:30:30.732===
===开始判断价格条件2021-08-11 10:30:30.732===
===开始判断额外/转自动条件2021-08-11 10:30:30.855===
===2021-08-11 10:30:30.978===
股票：603396指定时间段判断-额外参数：
	分组名称：1
	走势名称：时间段
		条件成立(当前时间：2021-08-11 10:30:30.731,条件时段：09:30:00-13:00:00)
	结果：达到要求
===2021-08-11 10:30:31.079===
===2021-08-11 10:30:31.280===
股票：603396多头向上判断-转自动参数：
	分组名称：2
	走势名称：多头向上
	结果：未满足，返回code：0
===2021-08-11 10:30:31.280===
满足所有条件，可以触发


===============================================

==============2021-08-11 10:30:42==============
===6开始执行条件2021-08-11 10:30:42.170===
===开始判断价格条件2021-08-11 10:30:42.170===
===开始判断额外/转自动条件2021-08-11 10:30:42.363===
===2021-08-11 10:30:42.417===
股票：603396指定时间段判断-额外参数：
	分组名称：1
	走势名称：时间段
		条件成立(当前时间：2021-08-11 10:30:42.170,条件时段：09:30:00-13:00:00)
	结果：达到要求
===2021-08-11 10:30:42.550===
===2021-08-11 10:30:42.724===
股票：603396多头向上判断-转自动参数：
	分组名称：2
	走势名称：多头向上
	结果：未满足，返回code：0
===2021-08-11 10:30:42.724===
满足所有条件，可以触发


===============================================

==============2021-08-11 10:30:59==============
===6开始执行条件2021-08-11 10:30:58.633===
===开始判断价格条件2021-08-11 10:30:58.633===
===开始判断额外/转自动条件2021-08-11 10:30:58.828===
===2021-08-11 10:30:58.918===
股票：603396指定时间段判断-额外参数：
	分组名称：1
	走势名称：时间段
		条件成立(当前时间：2021-08-11 10:30:58.633,条件时段：09:30:00-13:00:00)
	结果：达到要求
===2021-08-11 10:30:58.989===
===2021-08-11 10:30:59.082===
股票：603396多头向上判断-转自动参数：
	分组名称：2
	走势名称：多头向上
	结果：未满足，返回code：0
===2021-08-11 10:30:59.082===
满足所有条件，可以触发


===============================================

==============2021-08-11 10:31:17==============
===6开始执行条件2021-08-11 10:31:17.138===
===开始判断价格条件2021-08-11 10:31:17.138===
===开始判断额外/转自动条件2021-08-11 10:31:17.240===
===2021-08-11 10:31:17.353===
股票：603396指定时间段判断-额外参数：
	分组名称：1
	走势名称：时间段
		条件成立(当前时间：2021-08-11 10:31:17.138,条件时段：09:30:00-13:00:00)
	结果：达到要求
===2021-08-11 10:31:17.422===
===2021-08-11 10:31:17.642===
股票：603396多头向上判断-转自动参数：
	分组名称：2
	走势名称：多头向上
	结果：未满足，返回code：0
===2021-08-11 10:31:17.642===
满足所有条件，可以触发


===============================================

==============2021-08-11 10:31:23==============
===6开始执行条件2021-08-11 10:31:23.490===
===开始判断价格条件2021-08-11 10:31:23.490===
===开始判断额外/转自动条件2021-08-11 10:31:23.686===
===2021-08-11 10:31:23.794===
股票：603396指定时间段判断-额外参数：
	分组名称：1
	走势名称：时间段
		条件成立(当前时间：2021-08-11 10:31:23.489,条件时段：09:30:00-13:00:00)
	结果：达到要求
===2021-08-11 10:31:23.870===
===2021-08-11 10:31:23.969===
股票：603396多头向上判断-转自动参数：
	分组名称：2
	走势名称：多头向上
	结果：未满足，返回code：0
===2021-08-11 10:31:23.969===
满足所有条件，可以触发


===============================================

==============2021-08-11 10:31:32==============
===6开始执行条件2021-08-11 10:31:30.965===
===开始判断价格条件2021-08-11 10:31:30.965===
===开始判断额外/转自动条件2021-08-11 10:31:31.202===
===2021-08-11 10:31:31.530===
股票：603396指定时间段判断-额外参数：
	分组名称：1
	走势名称：时间段
		条件成立(当前时间：2021-08-11 10:31:30.963,条件时段：09:30:00-13:00:00)
	结果：达到要求
===2021-08-11 10:31:31.875===
===2021-08-11 10:31:32.009===
股票：603396多头向上判断-转自动参数：
	分组名称：2
	走势名称：多头向上
	结果：未满足，返回code：0
===2021-08-11 10:31:32.009===
满足所有条件，可以触发


===============================================

==============2021-08-11 10:31:45==============
===6开始执行条件2021-08-11 10:31:41.242===
===开始判断价格条件2021-08-11 10:31:41.242===
===开始判断额外/转自动条件2021-08-11 10:31:42.561===
===2021-08-11 10:31:44.020===
股票：603396指定时间段判断-额外参数：
	分组名称：1
	走势名称：时间段
		条件成立(当前时间：2021-08-11 10:31:41.241,条件时段：09:30:00-13:00:00)
	结果：达到要求
===2021-08-11 10:31:44.646===
===2021-08-11 10:31:45.563===
股票：603396多头向上判断-转自动参数：
	分组名称：2
	走势名称：多头向上
	结果：未满足，返回code：0
===2021-08-11 10:31:45.563===
满足所有条件，可以触发


===============================================

==============2021-08-11 10:31:59==============
===6开始执行条件2021-08-11 10:31:58.153===
===开始判断价格条件2021-08-11 10:31:58.153===
===开始判断额外/转自动条件2021-08-11 10:31:58.643===
===2021-08-11 10:31:58.980===
股票：603396指定时间段判断-额外参数：
	分组名称：1
	走势名称：时间段
		条件成立(当前时间：2021-08-11 10:31:58.152,条件时段：09:30:00-13:00:00)
	结果：达到要求
===2021-08-11 10:31:59.229===
===2021-08-11 10:31:59.777===
股票：603396多头向上判断-转自动参数：
	分组名称：2
	走势名称：多头向上
	结果：未满足，返回code：0
===2021-08-11 10:31:59.777===
满足所有条件，可以触发


===============================================

==============2021-08-11 10:32:18==============
===6开始执行条件2021-08-11 10:32:16.817===
===开始判断价格条件2021-08-11 10:32:16.817===
===开始判断额外/转自动条件2021-08-11 10:32:17.546===
===2021-08-11 10:32:17.983===
股票：603396指定时间段判断-额外参数：
	分组名称：1
	走势名称：时间段
		条件成立(当前时间：2021-08-11 10:32:16.817,条件时段：09:30:00-13:00:00)
	结果：达到要求
===2021-08-11 10:32:18.098===
===2021-08-11 10:32:18.931===
股票：603396多头向上判断-转自动参数：
	分组名称：2
	走势名称：多头向上
	结果：未满足，返回code：0
===2021-08-11 10:32:18.932===
满足所有条件，可以触发


===============================================

==============2021-08-11 10:32:45==============
===6开始执行条件2021-08-11 10:32:44.042===
===开始判断价格条件2021-08-11 10:32:44.042===
===开始判断额外/转自动条件2021-08-11 10:32:44.289===
===2021-08-11 10:32:44.440===
股票：603396指定时间段判断-额外参数：
	分组名称：1
	走势名称：时间段
		条件成立(当前时间：2021-08-11 10:32:44.042,条件时段：09:30:00-13:00:00)
	结果：达到要求
===2021-08-11 10:32:44.925===
===2021-08-11 10:32:45.123===
股票：603396多头向上判断-转自动参数：
	分组名称：2
	走势名称：多头向上
	结果：未满足，返回code：0
===2021-08-11 10:32:45.123===
满足所有条件，可以触发


===============================================

==============2021-08-11 10:32:58==============
===6开始执行条件2021-08-11 10:32:57.110===
===开始判断价格条件2021-08-11 10:32:57.110===
===开始判断额外/转自动条件2021-08-11 10:32:57.200===
===2021-08-11 10:32:57.272===
股票：603396指定时间段判断-额外参数：
	分组名称：1
	走势名称：时间段
		条件成立(当前时间：2021-08-11 10:32:57.110,条件时段：09:30:00-13:00:00)
	结果：达到要求
===2021-08-11 10:32:57.651===
===2021-08-11 10:32:58.658===
股票：603396多头向上判断-转自动参数：
	分组名称：2
	走势名称：多头向上
	结果：未满足，返回code：0
===2021-08-11 10:32:58.658===
满足所有条件，可以触发


===============================================

==============2021-08-11 10:33:06==============
===6开始执行条件2021-08-11 10:33:05.915===
===开始判断价格条件2021-08-11 10:33:05.915===
===开始判断额外/转自动条件2021-08-11 10:33:06.013===
===2021-08-11 10:33:06.071===
股票：603396指定时间段判断-额外参数：
	分组名称：1
	走势名称：时间段
		条件成立(当前时间：2021-08-11 10:33:05.914,条件时段：09:30:00-13:00:00)
	结果：达到要求
===2021-08-11 10:33:06.143===
===2021-08-11 10:33:06.266===
股票：603396多头向上判断-转自动参数：
	分组名称：2
	走势名称：多头向上
	结果：未满足，返回code：0
===2021-08-11 10:33:06.266===
满足所有条件，可以触发


===============================================

==============2021-08-11 10:33:18==============
===6开始执行条件2021-08-11 10:33:16.412===
===开始判断价格条件2021-08-11 10:33:16.412===
===开始判断额外/转自动条件2021-08-11 10:33:17.252===
===2021-08-11 10:33:17.635===
股票：603396指定时间段判断-额外参数：
	分组名称：1
	走势名称：时间段
		条件成立(当前时间：2021-08-11 10:33:16.412,条件时段：09:30:00-13:00:00)
	结果：达到要求
===2021-08-11 10:33:17.858===
===2021-08-11 10:33:18.532===
股票：603396多头向上判断-转自动参数：
	分组名称：2
	走势名称：多头向上
	结果：未满足，返回code：0
===2021-08-11 10:33:18.532===
满足所有条件，可以触发


===============================================

==============2021-08-11 10:33:25==============
===6开始执行条件2021-08-11 10:33:24.091===
===开始判断价格条件2021-08-11 10:33:24.091===
===开始判断额外/转自动条件2021-08-11 10:33:24.526===
===2021-08-11 10:33:24.656===
股票：603396指定时间段判断-额外参数：
	分组名称：1
	走势名称：时间段
		条件成立(当前时间：2021-08-11 10:33:24.090,条件时段：09:30:00-13:00:00)
	结果：达到要求
===2021-08-11 10:33:24.770===
===2021-08-11 10:33:25.605===
股票：603396多头向上判断-转自动参数：
	分组名称：2
	走势名称：多头向上
	结果：未满足，返回code：0
===2021-08-11 10:33:25.605===
满足所有条件，可以触发


===============================================

==============2021-08-11 10:34:58==============
===6开始执行条件2021-08-11 10:34:57.975===
===开始判断价格条件2021-08-11 10:34:57.975===
===开始判断额外/转自动条件2021-08-11 10:34:58.068===
===2021-08-11 10:34:58.152===
股票：603396指定时间段判断-额外参数：
	分组名称：1
	走势名称：时间段
		条件成立(当前时间：2021-08-11 10:34:57.975,条件时段：09:30:00-13:00:00)
	结果：达到要求
===2021-08-11 10:34:58.336===
===2021-08-11 10:34:58.428===
股票：603396多头向上判断-转自动参数：
	分组名称：2
	走势名称：多头向上
	结果：未满足，返回code：0
===2021-08-11 10:34:58.428===
满足所有条件，可以触发


===============================================

==============2021-08-11 10:35:07==============
===6开始执行条件2021-08-11 10:35:06.374===
===开始判断价格条件2021-08-11 10:35:06.374===
===开始判断额外/转自动条件2021-08-11 10:35:06.566===
===2021-08-11 10:35:06.727===
股票：603396指定时间段判断-额外参数：
	分组名称：1
	走势名称：时间段
		条件成立(当前时间：2021-08-11 10:35:06.373,条件时段：09:30:00-13:00:00)
	结果：达到要求
===2021-08-11 10:35:06.943===
===2021-08-11 10:35:07.122===
股票：603396多头向上判断-转自动参数：
	分组名称：2
	走势名称：多头向上
	结果：未满足，返回code：0
===2021-08-11 10:35:07.122===
满足所有条件，可以触发


===============================================

==============2021-08-11 10:35:18==============
===6开始执行条件2021-08-11 10:35:17.244===
===开始判断价格条件2021-08-11 10:35:17.244===
===开始判断额外/转自动条件2021-08-11 10:35:17.599===
===2021-08-11 10:35:17.903===
股票：603396指定时间段判断-额外参数：
	分组名称：1
	走势名称：时间段
		条件成立(当前时间：2021-08-11 10:35:17.244,条件时段：09:30:00-13:00:00)
	结果：达到要求
===2021-08-11 10:35:17.996===
===2021-08-11 10:35:18.621===
股票：603396多头向上判断-转自动参数：
	分组名称：2
	走势名称：多头向上
	结果：未满足，返回code：0
===2021-08-11 10:35:18.621===
满足所有条件，可以触发


===============================================

==============2021-08-11 10:35:33==============
===6开始执行条件2021-08-11 10:35:30.277===
===开始判断价格条件2021-08-11 10:35:30.277===
===开始判断额外/转自动条件2021-08-11 10:35:31.259===
===2021-08-11 10:35:31.711===
股票：603396指定时间段判断-额外参数：
	分组名称：1
	走势名称：时间段
		条件成立(当前时间：2021-08-11 10:35:30.277,条件时段：09:30:00-13:00:00)
	结果：达到要求
===2021-08-11 10:35:32.773===
===2021-08-11 10:35:33.633===
股票：603396多头向上判断-转自动参数：
	分组名称：2
	走势名称：多头向上
	结果：未满足，返回code：0
===2021-08-11 10:35:33.634===
满足所有条件，可以触发


===============================================

==============2021-08-11 10:36:10==============
===6开始执行条件2021-08-11 10:35:57.555===
===开始判断价格条件2021-08-11 10:35:57.555===
===开始判断额外/转自动条件2021-08-11 10:36:08.040===
===2021-08-11 10:36:09.311===
股票：603396指定时间段判断-额外参数：
	分组名称：1
	走势名称：时间段
		条件成立(当前时间：2021-08-11 10:35:57.555,条件时段：09:30:00-13:00:00)
	结果：达到要求
===2021-08-11 10:36:09.789===
===2021-08-11 10:36:10.854===
股票：603396多头向上判断-转自动参数：
	分组名称：2
	走势名称：多头向上
	结果：未满足，返回code：0
===2021-08-11 10:36:10.854===
满足所有条件，可以触发


===============================================

==============2021-08-11 10:36:28==============
===6开始执行条件2021-08-11 10:36:26.810===
===开始判断价格条件2021-08-11 10:36:26.810===
===开始判断额外/转自动条件2021-08-11 10:36:27.287===
===2021-08-11 10:36:27.481===
股票：603396指定时间段判断-额外参数：
	分组名称：1
	走势名称：时间段
		条件成立(当前时间：2021-08-11 10:36:26.810,条件时段：09:30:00-13:00:00)
	结果：达到要求
===2021-08-11 10:36:27.860===
===2021-08-11 10:36:28.649===
股票：603396多头向上判断-转自动参数：
	分组名称：2
	走势名称：多头向上
	结果：未满足，返回code：0
===2021-08-11 10:36:28.649===
满足所有条件，可以触发


===============================================

==============2021-08-11 10:37:06==============
===6开始执行条件2021-08-11 10:37:02.823===
===开始判断价格条件2021-08-11 10:37:02.823===
===开始判断额外/转自动条件2021-08-11 10:37:03.561===
===2021-08-11 10:37:04.138===
股票：603396指定时间段判断-额外参数：
	分组名称：1
	走势名称：时间段
		条件成立(当前时间：2021-08-11 10:37:02.822,条件时段：09:30:00-13:00:00)
	结果：达到要求
===2021-08-11 10:37:04.445===
===2021-08-11 10:37:06.059===
股票：603396多头向上判断-转自动参数：
	分组名称：2
	走势名称：多头向上
	结果：未满足，返回code：0
===2021-08-11 10:37:06.093===
满足所有条件，可以触发


===============================================

