==============2021-08-10 17:41:21==============
===6开始执行条件2021-08-10 17:41:19.959===
===开始判断价格条件2021-08-10 17:41:19.959===
===开始判断额外/转自动条件2021-08-10 17:41:20.275===
===2021-08-10 17:41:20.452===
股票：603396指定时间段判断-额外参数：
	分组名称：1
	走势名称：时间段
		条件不成立(当前时间：2021-08-10 17:41:19.959,条件时段：09:30:00-13:00:00)
	结果：未满足
===2021-08-10 17:41:20.452===
===2021-08-10 17:41:20.486===
股票：603396板块涨跌幅判断-额外参数：
	分组名称：1
	走势名称：发
		条件不成立(不符合板块涨跌幅条件)
	结果：未满足，返回code：-1
===2021-08-10 17:41:21.158===
额外条件未满足


===============================================

==============2021-08-10 17:44:11==============
===6开始执行条件2021-08-10 17:44:10.132===
===开始判断价格条件2021-08-10 17:44:10.132===
===开始判断额外/转自动条件2021-08-10 17:44:10.246===
===2021-08-10 17:44:10.409===
股票：603396指定时间段判断-额外参数：
	分组名称：1
	走势名称：时间段
		条件不成立(当前时间：2021-08-10 17:44:10.132,条件时段：09:30:00-13:00:00)
	结果：未满足
===2021-08-10 17:44:10.409===
===2021-08-10 17:44:10.517===
股票：603396板块涨跌幅判断-额外参数：
	分组名称：1
	走势名称：发
		条件不成立(不符合板块涨跌幅条件)
	结果：未满足，返回code：-1
===2021-08-10 17:44:11.379===
额外条件未满足


===============================================

==============2021-08-10 17:47:41==============
===6开始执行条件2021-08-10 17:47:38.056===
===开始判断价格条件2021-08-10 17:47:38.056===
===开始判断额外/转自动条件2021-08-10 17:47:38.944===
===2021-08-10 17:47:39.514===
股票：603396指定时间段判断-额外参数：
	分组名称：1
	走势名称：时间段
		条件不成立(当前时间：2021-08-10 17:47:38.053,条件时段：09:30:00-13:00:00)
	结果：未满足
===2021-08-10 17:47:39.514===
===2021-08-10 17:47:39.941===
股票：603396板块涨跌幅判断-额外参数：
	分组名称：1
	走势名称：发
		条件不成立(不符合板块涨跌幅条件)
	结果：未满足，返回code：-1
===2021-08-10 17:47:41.166===
额外条件未满足


===============================================

==============2021-08-10 17:47:57==============
===6开始执行条件2021-08-10 17:47:54.315===
===开始判断价格条件2021-08-10 17:47:54.315===
===开始判断额外/转自动条件2021-08-10 17:47:55.543===
===2021-08-10 17:47:56.589===
股票：603396指定时间段判断-额外参数：
	分组名称：1
	走势名称：时间段
		条件不成立(当前时间：2021-08-10 17:47:54.315,条件时段：09:30:00-13:00:00)
	结果：未满足
===2021-08-10 17:47:56.589===
===2021-08-10 17:47:56.745===
股票：603396板块涨跌幅判断-额外参数：
	分组名称：1
	走势名称：发
		条件不成立(不符合板块涨跌幅条件)
	结果：未满足，返回code：-1
===2021-08-10 17:47:57.761===
额外条件未满足


===============================================

==============2021-08-10 17:49:06==============
===6开始执行条件2021-08-10 17:49:05.381===
===开始判断价格条件2021-08-10 17:49:05.381===
===开始判断额外/转自动条件2021-08-10 17:49:05.559===
===2021-08-10 17:49:05.651===
股票：603396指定时间段判断-额外参数：
	分组名称：1
	走势名称：时间段
		条件不成立(当前时间：2021-08-10 17:49:05.380,条件时段：09:30:00-13:00:00)
	结果：未满足
===2021-08-10 17:49:05.651===
===2021-08-10 17:49:05.688===
股票：603396板块涨跌幅判断-额外参数：
	分组名称：1
	走势名称：发
		条件不成立(不符合板块涨跌幅条件)
	结果：未满足，返回code：-1
===2021-08-10 17:49:06.407===
额外条件未满足


===============================================

==============2021-08-10 17:49:25==============
===6开始执行条件2021-08-10 17:49:22.546===
===开始判断价格条件2021-08-10 17:49:22.546===
===开始判断额外/转自动条件2021-08-10 17:49:23.606===
===2021-08-10 17:49:24.063===
股票：603396指定时间段判断-额外参数：
	分组名称：1
	走势名称：时间段
		条件不成立(当前时间：2021-08-10 17:49:22.546,条件时段：09:30:00-13:00:00)
	结果：未满足
===2021-08-10 17:49:24.063===
===2021-08-10 17:49:24.271===
股票：603396板块涨跌幅判断-额外参数：
	分组名称：1
	走势名称：发
		条件不成立(不符合板块涨跌幅条件)
	结果：未满足，返回code：-1
===2021-08-10 17:49:25.467===
额外条件未满足


===============================================

==============2021-08-10 17:50:13==============
===6开始执行条件2021-08-10 17:50:13.037===
===开始判断价格条件2021-08-10 17:50:13.037===
===开始判断额外/转自动条件2021-08-10 17:50:13.119===
===2021-08-10 17:50:13.234===
股票：603396指定时间段判断-额外参数：
	分组名称：1
	走势名称：时间段
		条件不成立(当前时间：2021-08-10 17:50:13.037,条件时段：09:30:00-13:00:00)
	结果：未满足
===2021-08-10 17:50:13.234===
===2021-08-10 17:50:13.267===
股票：603396板块涨跌幅判断-额外参数：
	分组名称：1
	走势名称：发
		条件不成立(不符合板块涨跌幅条件)
	结果：未满足，返回code：-1
===2021-08-10 17:50:13.790===
额外条件未满足


===============================================

==============2021-08-10 17:52:14==============
===6开始执行条件2021-08-10 17:52:11.187===
===开始判断价格条件2021-08-10 17:52:11.187===
===开始判断额外/转自动条件2021-08-10 17:52:12.035===
===2021-08-10 17:52:12.657===
股票：603396指定时间段判断-额外参数：
	分组名称：1
	走势名称：时间段
		条件不成立(当前时间：2021-08-10 17:52:11.187,条件时段：09:30:00-13:00:00)
	结果：未满足
===2021-08-10 17:52:12.657===
===2021-08-10 17:52:12.781===
股票：603396板块涨跌幅判断-额外参数：
	分组名称：1
	走势名称：发
		条件不成立(不符合板块涨跌幅条件)
	结果：未满足，返回code：-1
===2021-08-10 17:52:14.083===
额外条件未满足


===============================================

==============2021-08-10 17:52:50==============
===6开始执行条件2021-08-10 17:52:47.902===
===开始判断价格条件2021-08-10 17:52:47.902===
===开始判断额外/转自动条件2021-08-10 17:52:48.560===
===2021-08-10 17:52:49.019===
股票：603396指定时间段判断-额外参数：
	分组名称：1
	走势名称：时间段
		条件不成立(当前时间：2021-08-10 17:52:47.902,条件时段：09:30:00-13:00:00)
	结果：未满足
===2021-08-10 17:52:49.019===
===2021-08-10 17:52:49.456===
股票：603396板块涨跌幅判断-额外参数：
	分组名称：1
	走势名称：发
		条件不成立(不符合板块涨跌幅条件)
	结果：未满足，返回code：-1
===2021-08-10 17:52:50.598===
额外条件未满足


===============================================

==============2021-08-10 17:53:04==============
===6开始执行条件2021-08-10 17:53:02.544===
===开始判断价格条件2021-08-10 17:53:02.544===
===开始判断额外/转自动条件2021-08-10 17:53:03.584===
===2021-08-10 17:53:04.077===
股票：603396指定时间段判断-额外参数：
	分组名称：1
	走势名称：时间段
		条件不成立(当前时间：2021-08-10 17:53:02.544,条件时段：09:30:00-13:00:00)
	结果：未满足
===2021-08-10 17:53:04.077===
===2021-08-10 17:53:04.216===
股票：603396板块涨跌幅判断-额外参数：
	分组名称：1
	走势名称：发
		条件不成立(不符合板块涨跌幅条件)
	结果：未满足，返回code：-1
===2021-08-10 17:53:04.921===
额外条件未满足


===============================================

==============2021-08-10 17:53:18==============
===6开始执行条件2021-08-10 17:53:16.047===
===开始判断价格条件2021-08-10 17:53:16.047===
===开始判断额外/转自动条件2021-08-10 17:53:16.966===
===2021-08-10 17:53:17.357===
股票：603396指定时间段判断-额外参数：
	分组名称：1
	走势名称：时间段
		条件不成立(当前时间：2021-08-10 17:53:16.047,条件时段：09:30:00-13:00:00)
	结果：未满足
===2021-08-10 17:53:17.357===
===2021-08-10 17:53:17.531===
股票：603396板块涨跌幅判断-额外参数：
	分组名称：1
	走势名称：发
		条件不成立(不符合板块涨跌幅条件)
	结果：未满足，返回code：-1
===2021-08-10 17:53:18.643===
额外条件未满足


===============================================

==============2021-08-10 17:53:35==============
===6开始执行条件2021-08-10 17:53:33.466===
===开始判断价格条件2021-08-10 17:53:33.466===
===开始判断额外/转自动条件2021-08-10 17:53:34.155===
===2021-08-10 17:53:34.518===
股票：603396指定时间段判断-额外参数：
	分组名称：1
	走势名称：时间段
		条件不成立(当前时间：2021-08-10 17:53:33.466,条件时段：09:30:00-13:00:00)
	结果：未满足
===2021-08-10 17:53:34.518===
===2021-08-10 17:53:34.712===
股票：603396板块涨跌幅判断-额外参数：
	分组名称：1
	走势名称：发
		条件不成立(不符合板块涨跌幅条件)
	结果：未满足，返回code：-1
===2021-08-10 17:53:35.382===
额外条件未满足


===============================================

==============2021-08-10 17:53:50==============
===6开始执行条件2021-08-10 17:53:47.816===
===开始判断价格条件2021-08-10 17:53:47.816===
===开始判断额外/转自动条件2021-08-10 17:53:48.362===
===2021-08-10 17:53:49.139===
股票：603396指定时间段判断-额外参数：
	分组名称：1
	走势名称：时间段
		条件不成立(当前时间：2021-08-10 17:53:47.815,条件时段：09:30:00-13:00:00)
	结果：未满足
===2021-08-10 17:53:49.139===
===2021-08-10 17:53:49.299===
股票：603396板块涨跌幅判断-额外参数：
	分组名称：1
	走势名称：发
		条件不成立(不符合板块涨跌幅条件)
	结果：未满足，返回code：-1
===2021-08-10 17:53:50.947===
额外条件未满足


===============================================

==============2021-08-10 17:54:04==============
===6开始执行条件2021-08-10 17:54:03.525===
===开始判断价格条件2021-08-10 17:54:03.525===
===开始判断额外/转自动条件2021-08-10 17:54:03.593===
===2021-08-10 17:54:03.791===
股票：603396指定时间段判断-额外参数：
	分组名称：1
	走势名称：时间段
		条件不成立(当前时间：2021-08-10 17:54:03.524,条件时段：09:30:00-13:00:00)
	结果：未满足
===2021-08-10 17:54:03.791===
===2021-08-10 17:54:03.949===
股票：603396板块涨跌幅判断-额外参数：
	分组名称：1
	走势名称：发
		条件不成立(不符合板块涨跌幅条件)
	结果：未满足，返回code：-1
===2021-08-10 17:54:04.254===
额外条件未满足


===============================================

==============2021-08-10 17:54:20==============
===6开始执行条件2021-08-10 17:54:19.790===
===开始判断价格条件2021-08-10 17:54:19.790===
===开始判断额外/转自动条件2021-08-10 17:54:19.961===
===2021-08-10 17:54:20.310===
股票：603396指定时间段判断-额外参数：
	分组名称：1
	走势名称：时间段
		条件不成立(当前时间：2021-08-10 17:54:19.790,条件时段：09:30:00-13:00:00)
	结果：未满足
===2021-08-10 17:54:20.310===
===2021-08-10 17:54:20.369===
股票：603396板块涨跌幅判断-额外参数：
	分组名称：1
	走势名称：发
		条件不成立(不符合板块涨跌幅条件)
	结果：未满足，返回code：-1
===2021-08-10 17:54:20.700===
额外条件未满足


===============================================

