==============2021-08-09 10:10:57==============
===6开始执行条件2021-08-09 10:10:55.721===
===开始判断价格条件2021-08-09 10:10:55.721===
===开始判断额外/转自动条件2021-08-09 10:10:56.058===
===2021-08-09 10:10:56.355===
股票：603396指定时间段判断-额外参数：
	分组名称：1
	走势名称：时间段
		条件成立(当前时间：2021-08-09 10:10:55.721,条件时段：09:30:00-13:00:00)
	结果：达到要求
===2021-08-09 10:10:56.746===
===2021-08-09 10:10:57.246===
股票：603396多头向上判断-转自动参数：
	分组名称：2
	走势名称：多头向上
	结果：未满足，返回code：0
===2021-08-09 10:10:57.246===
满足所有条件，可以触发


===============================================

==============2021-08-09 10:11:06==============
===6开始执行条件2021-08-09 10:11:06.383===
===开始判断价格条件2021-08-09 10:11:06.383===
===开始判断额外/转自动条件2021-08-09 10:11:06.463===
===2021-08-09 10:11:06.507===
股票：603396指定时间段判断-额外参数：
	分组名称：1
	走势名称：时间段
		条件成立(当前时间：2021-08-09 10:11:06.382,条件时段：09:30:00-13:00:00)
	结果：达到要求
===2021-08-09 10:11:06.567===
===2021-08-09 10:11:06.624===
股票：603396多头向上判断-转自动参数：
	分组名称：2
	走势名称：多头向上
	结果：未满足，返回code：0
===2021-08-09 10:11:06.624===
满足所有条件，可以触发


===============================================

==============2021-08-09 10:11:23==============
===6开始执行条件2021-08-09 10:11:22.344===
===开始判断价格条件2021-08-09 10:11:22.344===
===开始判断额外/转自动条件2021-08-09 10:11:22.627===
===2021-08-09 10:11:22.976===
股票：603396指定时间段判断-额外参数：
	分组名称：1
	走势名称：时间段
		条件成立(当前时间：2021-08-09 10:11:22.344,条件时段：09:30:00-13:00:00)
	结果：达到要求
===2021-08-09 10:11:23.386===
===2021-08-09 10:11:23.750===
股票：603396多头向上判断-转自动参数：
	分组名称：2
	走势名称：多头向上
	结果：未满足，返回code：0
===2021-08-09 10:11:23.750===
满足所有条件，可以触发


===============================================

==============2021-08-09 11:03:16==============
===6开始执行条件2021-08-09 11:03:15.804===
===开始判断价格条件2021-08-09 11:03:15.804===
===开始判断额外/转自动条件2021-08-09 11:03:15.901===
===2021-08-09 11:03:16.048===
股票：603396指定时间段判断-额外参数：
	分组名称：1
	走势名称：时间段
		条件成立(当前时间：2021-08-09 11:03:15.804,条件时段：09:30:00-13:00:00)
	结果：达到要求
===2021-08-09 11:03:16.243===
===2021-08-09 11:03:16.379===
股票：603396多头向上判断-转自动参数：
	分组名称：2
	走势名称：多头向上
	结果：未满足，返回code：0
===2021-08-09 11:03:16.379===
满足所有条件，可以触发


===============================================

==============2021-08-09 11:03:31==============
===6开始执行条件2021-08-09 11:03:30.448===
===开始判断价格条件2021-08-09 11:03:30.448===
===开始判断额外/转自动条件2021-08-09 11:03:30.643===
===2021-08-09 11:03:30.736===
股票：603396指定时间段判断-额外参数：
	分组名称：1
	走势名称：时间段
		条件成立(当前时间：2021-08-09 11:03:30.447,条件时段：09:30:00-13:00:00)
	结果：达到要求
===2021-08-09 11:03:30.856===
===2021-08-09 11:03:31.063===
股票：603396多头向上判断-转自动参数：
	分组名称：2
	走势名称：多头向上
	结果：未满足，返回code：0
===2021-08-09 11:03:31.063===
满足所有条件，可以触发


===============================================

