==============2021-08-06 14:27:01==============
===6开始执行条件2021-08-06 14:26:57.514===
===开始判断价格条件2021-08-06 14:26:57.514===
===开始判断额外/转自动条件2021-08-06 14:26:59.433===
===2021-08-06 14:26:59.686===
股票：603396指定时间段判断-额外参数：
	分组名称：1
	走势名称：时间段
		条件不成立(当前时间：2021-08-06 14:26:57.514,条件时段：09:30:00-13:00:00)
	结果：未满足
===2021-08-06 14:26:59.686===
===2021-08-06 14:26:59.862===
股票：603396板块涨跌幅判断-额外参数：
	分组名称：1
	走势名称：发
		条件不成立(不符合板块涨跌幅条件)
	结果：未满足，返回code：-1
===2021-08-06 14:27:01.139===
额外条件未满足


===============================================

==============2021-08-06 14:29:23==============
===6开始执行条件2021-08-06 14:29:21.250===
===开始判断价格条件2021-08-06 14:29:21.250===
===开始判断额外/转自动条件2021-08-06 14:29:21.741===
===2021-08-06 14:29:22.343===
股票：603396指定时间段判断-额外参数：
	分组名称：1
	走势名称：时间段
		条件不成立(当前时间：2021-08-06 14:29:21.250,条件时段：09:30:00-13:00:00)
	结果：未满足
===2021-08-06 14:29:22.344===
===2021-08-06 14:29:22.494===
股票：603396板块涨跌幅判断-额外参数：
	分组名称：1
	走势名称：发
		条件不成立(不符合板块涨跌幅条件)
	结果：未满足，返回code：-1
===2021-08-06 14:29:23.551===
额外条件未满足


===============================================

==============2021-08-06 14:41:23==============
===6开始执行条件2021-08-06 14:41:21.639===
===开始判断价格条件2021-08-06 14:41:21.639===
===开始判断额外/转自动条件2021-08-06 14:41:21.993===
===2021-08-06 14:41:22.297===
股票：603396指定时间段判断-额外参数：
	分组名称：1
	走势名称：时间段
		条件不成立(当前时间：2021-08-06 14:41:21.634,条件时段：09:30:00-13:00:00)
	结果：未满足
===2021-08-06 14:41:22.297===
===2021-08-06 14:41:22.441===
股票：603396板块涨跌幅判断-额外参数：
	分组名称：1
	走势名称：发
		条件不成立(不符合板块涨跌幅条件)
	结果：未满足，返回code：-1
===2021-08-06 14:41:23.173===
额外条件未满足


===============================================

==============2021-08-06 15:12:51==============
===6开始执行条件2021-08-06 15:12:50.598===
===开始判断价格条件2021-08-06 15:12:50.598===
===开始判断额外/转自动条件2021-08-06 15:12:50.753===
===2021-08-06 15:12:50.948===
股票：603396指定时间段判断-额外参数：
	分组名称：1
	走势名称：时间段
		条件不成立(当前时间：2021-08-06 15:12:50.597,条件时段：09:30:00-13:00:00)
	结果：未满足
===2021-08-06 15:12:50.948===
===2021-08-06 15:12:51.076===
股票：603396板块涨跌幅判断-额外参数：
	分组名称：1
	走势名称：发
		条件不成立(不符合板块涨跌幅条件)
	结果：未满足，返回code：-1
===2021-08-06 15:12:51.846===
额外条件未满足


===============================================

==============2021-08-06 15:14:10==============
===6开始执行条件2021-08-06 15:14:09.512===
===开始判断价格条件2021-08-06 15:14:09.512===
===开始判断额外/转自动条件2021-08-06 15:14:09.643===
===2021-08-06 15:14:09.810===
股票：603396指定时间段判断-额外参数：
	分组名称：1
	走势名称：时间段
		条件不成立(当前时间：2021-08-06 15:14:09.512,条件时段：09:30:00-13:00:00)
	结果：未满足
===2021-08-06 15:14:09.810===
===2021-08-06 15:14:09.854===
股票：603396板块涨跌幅判断-额外参数：
	分组名称：1
	走势名称：发
		条件不成立(不符合板块涨跌幅条件)
	结果：未满足，返回code：-1
===2021-08-06 15:14:10.709===
额外条件未满足


===============================================

==============2021-08-06 15:28:38==============
===6开始执行条件2021-08-06 15:28:36.202===
===开始判断价格条件2021-08-06 15:28:36.202===
===开始判断额外/转自动条件2021-08-06 15:28:36.970===
===2021-08-06 15:28:37.801===
股票：603396指定时间段判断-额外参数：
	分组名称：1
	走势名称：时间段
		条件不成立(当前时间：2021-08-06 15:28:36.202,条件时段：09:30:00-13:00:00)
	结果：未满足
===2021-08-06 15:28:37.924===
===2021-08-06 15:28:38.075===
股票：603396板块涨跌幅判断-额外参数：
	分组名称：1
	走势名称：发
		条件不成立(不符合板块涨跌幅条件)
	结果：未满足，返回code：-1
===2021-08-06 15:28:38.488===
额外条件未满足


===============================================

==============2021-08-06 15:30:05==============
===6开始执行条件2021-08-06 15:30:04.450===
===开始判断价格条件2021-08-06 15:30:04.450===
===开始判断额外/转自动条件2021-08-06 15:30:04.829===
===2021-08-06 15:30:04.953===
股票：603396指定时间段判断-额外参数：
	分组名称：1
	走势名称：时间段
		条件不成立(当前时间：2021-08-06 15:30:04.450,条件时段：09:30:00-13:00:00)
	结果：未满足
===2021-08-06 15:30:04.953===
===2021-08-06 15:30:05.031===
股票：603396板块涨跌幅判断-额外参数：
	分组名称：1
	走势名称：发
		条件不成立(不符合板块涨跌幅条件)
	结果：未满足，返回code：-1
===2021-08-06 15:30:05.577===
额外条件未满足


===============================================

==============2021-08-06 15:30:26==============
===6开始执行条件2021-08-06 15:30:23.394===
===开始判断价格条件2021-08-06 15:30:23.394===
===开始判断额外/转自动条件2021-08-06 15:30:24.222===
===2021-08-06 15:30:24.751===
股票：603396指定时间段判断-额外参数：
	分组名称：1
	走势名称：时间段
		条件不成立(当前时间：2021-08-06 15:30:23.394,条件时段：09:30:00-13:00:00)
	结果：未满足
===2021-08-06 15:30:24.751===
===2021-08-06 15:30:25.001===
股票：603396板块涨跌幅判断-额外参数：
	分组名称：1
	走势名称：发
		条件不成立(不符合板块涨跌幅条件)
	结果：未满足，返回code：-1
===2021-08-06 15:30:26.857===
额外条件未满足


===============================================

==============2021-08-06 15:30:44==============
===6开始执行条件2021-08-06 15:30:43.181===
===开始判断价格条件2021-08-06 15:30:43.181===
===开始判断额外/转自动条件2021-08-06 15:30:43.250===
===2021-08-06 15:30:43.306===
股票：603396指定时间段判断-额外参数：
	分组名称：1
	走势名称：时间段
		条件不成立(当前时间：2021-08-06 15:30:43.180,条件时段：09:30:00-13:00:00)
	结果：未满足
===2021-08-06 15:30:43.306===
===2021-08-06 15:30:43.484===
股票：603396板块涨跌幅判断-额外参数：
	分组名称：1
	走势名称：发
		条件不成立(不符合板块涨跌幅条件)
	结果：未满足，返回code：-1
===2021-08-06 15:30:44.018===
额外条件未满足


===============================================

==============2021-08-06 15:31:04==============
===6开始执行条件2021-08-06 15:31:01.581===
===开始判断价格条件2021-08-06 15:31:01.581===
===开始判断额外/转自动条件2021-08-06 15:31:01.981===
===2021-08-06 15:31:02.760===
股票：603396指定时间段判断-额外参数：
	分组名称：1
	走势名称：时间段
		条件不成立(当前时间：2021-08-06 15:31:01.581,条件时段：09:30:00-13:00:00)
	结果：未满足
===2021-08-06 15:31:02.760===
===2021-08-06 15:31:02.792===
股票：603396板块涨跌幅判断-额外参数：
	分组名称：1
	走势名称：发
		条件不成立(不符合板块涨跌幅条件)
	结果：未满足，返回code：-1
===2021-08-06 15:31:04.927===
额外条件未满足


===============================================

==============2021-08-06 15:31:19==============
===6开始执行条件2021-08-06 15:31:18.903===
===开始判断价格条件2021-08-06 15:31:18.903===
===开始判断额外/转自动条件2021-08-06 15:31:19.025===
===2021-08-06 15:31:19.170===
股票：603396指定时间段判断-额外参数：
	分组名称：1
	走势名称：时间段
		条件不成立(当前时间：2021-08-06 15:31:18.903,条件时段：09:30:00-13:00:00)
	结果：未满足
===2021-08-06 15:31:19.170===
===2021-08-06 15:31:19.243===
股票：603396板块涨跌幅判断-额外参数：
	分组名称：1
	走势名称：发
		条件不成立(不符合板块涨跌幅条件)
	结果：未满足，返回code：-1
===2021-08-06 15:31:19.919===
额外条件未满足


===============================================

==============2021-08-06 15:31:40==============
===6开始执行条件2021-08-06 15:31:37.941===
===开始判断价格条件2021-08-06 15:31:37.941===
===开始判断额外/转自动条件2021-08-06 15:31:38.212===
===2021-08-06 15:31:38.361===
股票：603396指定时间段判断-额外参数：
	分组名称：1
	走势名称：时间段
		条件不成立(当前时间：2021-08-06 15:31:37.941,条件时段：09:30:00-13:00:00)
	结果：未满足
===2021-08-06 15:31:38.361===
===2021-08-06 15:31:38.437===
股票：603396板块涨跌幅判断-额外参数：
	分组名称：1
	走势名称：发
		条件不成立(不符合板块涨跌幅条件)
	结果：未满足，返回code：-1
===2021-08-06 15:31:40.719===
额外条件未满足


===============================================

==============2021-08-06 15:32:44==============
===6开始执行条件2021-08-06 15:32:44.074===
===开始判断价格条件2021-08-06 15:32:44.074===
===开始判断额外/转自动条件2021-08-06 15:32:44.258===
===2021-08-06 15:32:44.419===
股票：603396指定时间段判断-额外参数：
	分组名称：1
	走势名称：时间段
		条件不成立(当前时间：2021-08-06 15:32:44.074,条件时段：09:30:00-13:00:00)
	结果：未满足
===2021-08-06 15:32:44.419===
===2021-08-06 15:32:44.767===
股票：603396板块涨跌幅判断-额外参数：
	分组名称：1
	走势名称：发
		条件不成立(不符合板块涨跌幅条件)
	结果：未满足，返回code：-1
===2021-08-06 15:32:44.907===
额外条件未满足


===============================================

==============2021-08-06 15:38:37==============
===6开始执行条件2021-08-06 15:38:36.294===
===开始判断价格条件2021-08-06 15:38:36.294===
===开始判断额外/转自动条件2021-08-06 15:38:36.753===
===2021-08-06 15:38:36.893===
股票：603396指定时间段判断-额外参数：
	分组名称：1
	走势名称：时间段
		条件不成立(当前时间：2021-08-06 15:38:36.294,条件时段：09:30:00-13:00:00)
	结果：未满足
===2021-08-06 15:38:36.893===
===2021-08-06 15:38:36.939===
股票：603396板块涨跌幅判断-额外参数：
	分组名称：1
	走势名称：发
		条件不成立(不符合板块涨跌幅条件)
	结果：未满足，返回code：-1
===2021-08-06 15:38:37.779===
额外条件未满足


===============================================

