2021/1/12 15:29:09
执行队列失败
System.NullReferenceException: 未将对象引用设置到对象的实例。
   在 StockTrendMonitor.Models.StockMonitorCore._TestBoxBreach(DB_TRADE_PRICE_INFO priceInfo, UP_OR_DOWN_INFO upOrDownInfo, Int32 iExceedBoxPercent, Boolean bExceedTopOfDay, Int32 iBreachMinutes)
   在 StockTrendMonitor.Models.StockMonitorCore._AnalysisTrend_BoxBreach1(String strStockCode, TREND_PARAM_BOX_BREACH param, TREND_RESULT_BOX_INFO& ref_boxInfo, UP_OR_DOWN_INFO& ref_upOrDownInfo)
   在 StockTrendMonitor.Models.StockMonitorCore.AnalysisTrend_BoxBreach(List`1 lstBoxBreachParam, List`1& ref_lstBoxBreachResult)
   在 TrendAnalyse.DataHelper.Analysis_Trend3(List`1 list, List`1& resultInfo) 位置 F:\项目\饭票后端\TrendAnalyse\DataHelper.cs:行号 395
   在 TrendAnalyse.DataHelper.ToAnalyse(List`1 sharesList) 位置 F:\项目\饭票后端\TrendAnalyse\DataHelper.cs:行号 190
   在 TrendAnalyse.MQHandler.Consumer_Received(Object sender, BasicDeliverEventArgs e) 位置 F:\项目\饭票后端\TrendAnalyse\MQHandler.cs:行号 200

2021/1/12 15:29:11
执行队列失败
System.NullReferenceException: 未将对象引用设置到对象的实例。
   在 StockTrendMonitor.Models.StockMonitorCore._TestBoxBreach(DB_TRADE_PRICE_INFO priceInfo, UP_OR_DOWN_INFO upOrDownInfo, Int32 iExceedBoxPercent, Boolean bExceedTopOfDay, Int32 iBreachMinutes)
   在 StockTrendMonitor.Models.StockMonitorCore._AnalysisTrend_BoxBreach1(String strStockCode, TREND_PARAM_BOX_BREACH param, TREND_RESULT_BOX_INFO& ref_boxInfo, UP_OR_DOWN_INFO& ref_upOrDownInfo)
   在 StockTrendMonitor.Models.StockMonitorCore.AnalysisTrend_BoxBreach(List`1 lstBoxBreachParam, List`1& ref_lstBoxBreachResult)
   在 TrendAnalyse.DataHelper.Analysis_Trend3(List`1 list, List`1& resultInfo) 位置 F:\项目\饭票后端\TrendAnalyse\DataHelper.cs:行号 395
   在 TrendAnalyse.DataHelper.ToAnalyse(List`1 sharesList) 位置 F:\项目\饭票后端\TrendAnalyse\DataHelper.cs:行号 190
   在 TrendAnalyse.MQHandler.Consumer_Received(Object sender, BasicDeliverEventArgs e) 位置 F:\项目\饭票后端\TrendAnalyse\MQHandler.cs:行号 200

2021/1/12 15:29:18
执行队列失败
System.NullReferenceException: 未将对象引用设置到对象的实例。
   在 StockTrendMonitor.Models.StockMonitorCore._TestBoxBreach(DB_TRADE_PRICE_INFO priceInfo, UP_OR_DOWN_INFO upOrDownInfo, Int32 iExceedBoxPercent, Boolean bExceedTopOfDay, Int32 iBreachMinutes)
   在 StockTrendMonitor.Models.StockMonitorCore._AnalysisTrend_BoxBreach1(String strStockCode, TREND_PARAM_BOX_BREACH param, TREND_RESULT_BOX_INFO& ref_boxInfo, UP_OR_DOWN_INFO& ref_upOrDownInfo)
   在 StockTrendMonitor.Models.StockMonitorCore.AnalysisTrend_BoxBreach(List`1 lstBoxBreachParam, List`1& ref_lstBoxBreachResult)
   在 TrendAnalyse.DataHelper.Analysis_Trend3(List`1 list, List`1& resultInfo) 位置 F:\项目\饭票后端\TrendAnalyse\DataHelper.cs:行号 395
   在 TrendAnalyse.DataHelper.ToAnalyse(List`1 sharesList) 位置 F:\项目\饭票后端\TrendAnalyse\DataHelper.cs:行号 190
   在 TrendAnalyse.MQHandler.Consumer_Received(Object sender, BasicDeliverEventArgs e) 位置 F:\项目\饭票后端\TrendAnalyse\MQHandler.cs:行号 200

2021/1/12 15:29:19
执行队列失败
System.NullReferenceException: 未将对象引用设置到对象的实例。
   在 StockTrendMonitor.Models.StockMonitorCore._TestBoxBreach(DB_TRADE_PRICE_INFO priceInfo, UP_OR_DOWN_INFO upOrDownInfo, Int32 iExceedBoxPercent, Boolean bExceedTopOfDay, Int32 iBreachMinutes)
   在 StockTrendMonitor.Models.StockMonitorCore._AnalysisTrend_BoxBreach1(String strStockCode, TREND_PARAM_BOX_BREACH param, TREND_RESULT_BOX_INFO& ref_boxInfo, UP_OR_DOWN_INFO& ref_upOrDownInfo)
   在 StockTrendMonitor.Models.StockMonitorCore.AnalysisTrend_BoxBreach(List`1 lstBoxBreachParam, List`1& ref_lstBoxBreachResult)
   在 TrendAnalyse.DataHelper.Analysis_Trend3(List`1 list, List`1& resultInfo) 位置 F:\项目\饭票后端\TrendAnalyse\DataHelper.cs:行号 395
   在 TrendAnalyse.DataHelper.ToAnalyse(List`1 sharesList) 位置 F:\项目\饭票后端\TrendAnalyse\DataHelper.cs:行号 190
   在 TrendAnalyse.MQHandler.Consumer_Received(Object sender, BasicDeliverEventArgs e) 位置 F:\项目\饭票后端\TrendAnalyse\MQHandler.cs:行号 200

2021/1/12 15:29:20
执行队列失败
System.Collections.Generic.KeyNotFoundException: 给定关键字不在字典中。
   在 System.ThrowHelper.ThrowKeyNotFoundException()
   在 System.Collections.Generic.Dictionary`2.get_Item(TKey key)
   在 TrendAnalyse.DataHelper.ToAnalyse(List`1 sharesList) 位置 F:\项目\饭票后端\TrendAnalyse\DataHelper.cs:行号 168
   在 TrendAnalyse.MQHandler.Consumer_Received(Object sender, BasicDeliverEventArgs e) 位置 F:\项目\饭票后端\TrendAnalyse\MQHandler.cs:行号 200

2021/1/12 15:29:21
执行队列失败
System.Collections.Generic.KeyNotFoundException: 给定关键字不在字典中。
   在 System.ThrowHelper.ThrowKeyNotFoundException()
   在 System.Collections.Generic.Dictionary`2.get_Item(TKey key)
   在 TrendAnalyse.DataHelper.ToAnalyse(List`1 sharesList) 位置 F:\项目\饭票后端\TrendAnalyse\DataHelper.cs:行号 168
   在 TrendAnalyse.MQHandler.Consumer_Received(Object sender, BasicDeliverEventArgs e) 位置 F:\项目\饭票后端\TrendAnalyse\MQHandler.cs:行号 200

2021/1/12 15:29:23
执行队列失败
System.NullReferenceException: 未将对象引用设置到对象的实例。
   在 StockTrendMonitor.Models.StockMonitorCore._TestBoxBreach(DB_TRADE_PRICE_INFO priceInfo, UP_OR_DOWN_INFO upOrDownInfo, Int32 iExceedBoxPercent, Boolean bExceedTopOfDay, Int32 iBreachMinutes)
   在 StockTrendMonitor.Models.StockMonitorCore._AnalysisTrend_BoxBreach1(String strStockCode, TREND_PARAM_BOX_BREACH param, TREND_RESULT_BOX_INFO& ref_boxInfo, UP_OR_DOWN_INFO& ref_upOrDownInfo)
   在 StockTrendMonitor.Models.StockMonitorCore.AnalysisTrend_BoxBreach(List`1 lstBoxBreachParam, List`1& ref_lstBoxBreachResult)
   在 TrendAnalyse.DataHelper.Analysis_Trend3(List`1 list, List`1& resultInfo) 位置 F:\项目\饭票后端\TrendAnalyse\DataHelper.cs:行号 395
   在 TrendAnalyse.DataHelper.ToAnalyse(List`1 sharesList) 位置 F:\项目\饭票后端\TrendAnalyse\DataHelper.cs:行号 190
   在 TrendAnalyse.MQHandler.Consumer_Received(Object sender, BasicDeliverEventArgs e) 位置 F:\项目\饭票后端\TrendAnalyse\MQHandler.cs:行号 200

2021/1/12 15:29:25
执行队列失败
System.NullReferenceException: 未将对象引用设置到对象的实例。
   在 StockTrendMonitor.Models.StockMonitorCore._TestBoxBreach(DB_TRADE_PRICE_INFO priceInfo, UP_OR_DOWN_INFO upOrDownInfo, Int32 iExceedBoxPercent, Boolean bExceedTopOfDay, Int32 iBreachMinutes)
   在 StockTrendMonitor.Models.StockMonitorCore._AnalysisTrend_BoxBreach1(String strStockCode, TREND_PARAM_BOX_BREACH param, TREND_RESULT_BOX_INFO& ref_boxInfo, UP_OR_DOWN_INFO& ref_upOrDownInfo)
   在 StockTrendMonitor.Models.StockMonitorCore.AnalysisTrend_BoxBreach(List`1 lstBoxBreachParam, List`1& ref_lstBoxBreachResult)
   在 TrendAnalyse.DataHelper.Analysis_Trend3(List`1 list, List`1& resultInfo) 位置 F:\项目\饭票后端\TrendAnalyse\DataHelper.cs:行号 395
   在 TrendAnalyse.DataHelper.ToAnalyse(List`1 sharesList) 位置 F:\项目\饭票后端\TrendAnalyse\DataHelper.cs:行号 190
   在 TrendAnalyse.MQHandler.Consumer_Received(Object sender, BasicDeliverEventArgs e) 位置 F:\项目\饭票后端\TrendAnalyse\MQHandler.cs:行号 200

2021/1/12 15:29:27
执行队列失败
System.NullReferenceException: 未将对象引用设置到对象的实例。
   在 StockTrendMonitor.Models.StockMonitorCore._TestBoxBreach(DB_TRADE_PRICE_INFO priceInfo, UP_OR_DOWN_INFO upOrDownInfo, Int32 iExceedBoxPercent, Boolean bExceedTopOfDay, Int32 iBreachMinutes)
   在 StockTrendMonitor.Models.StockMonitorCore._AnalysisTrend_BoxBreach1(String strStockCode, TREND_PARAM_BOX_BREACH param, TREND_RESULT_BOX_INFO& ref_boxInfo, UP_OR_DOWN_INFO& ref_upOrDownInfo)
   在 StockTrendMonitor.Models.StockMonitorCore.AnalysisTrend_BoxBreach(List`1 lstBoxBreachParam, List`1& ref_lstBoxBreachResult)
   在 TrendAnalyse.DataHelper.Analysis_Trend3(List`1 list, List`1& resultInfo) 位置 F:\项目\饭票后端\TrendAnalyse\DataHelper.cs:行号 395
   在 TrendAnalyse.DataHelper.ToAnalyse(List`1 sharesList) 位置 F:\项目\饭票后端\TrendAnalyse\DataHelper.cs:行号 190
   在 TrendAnalyse.MQHandler.Consumer_Received(Object sender, BasicDeliverEventArgs e) 位置 F:\项目\饭票后端\TrendAnalyse\MQHandler.cs:行号 200

2021/1/12 15:29:28
执行队列失败
System.NullReferenceException: 未将对象引用设置到对象的实例。
   在 StockTrendMonitor.Models.StockMonitorCore._TestBoxBreach(DB_TRADE_PRICE_INFO priceInfo, UP_OR_DOWN_INFO upOrDownInfo, Int32 iExceedBoxPercent, Boolean bExceedTopOfDay, Int32 iBreachMinutes)
   在 StockTrendMonitor.Models.StockMonitorCore._AnalysisTrend_BoxBreach1(String strStockCode, TREND_PARAM_BOX_BREACH param, TREND_RESULT_BOX_INFO& ref_boxInfo, UP_OR_DOWN_INFO& ref_upOrDownInfo)
   在 StockTrendMonitor.Models.StockMonitorCore.AnalysisTrend_BoxBreach(List`1 lstBoxBreachParam, List`1& ref_lstBoxBreachResult)
   在 TrendAnalyse.DataHelper.Analysis_Trend3(List`1 list, List`1& resultInfo) 位置 F:\项目\饭票后端\TrendAnalyse\DataHelper.cs:行号 395
   在 TrendAnalyse.DataHelper.ToAnalyse(List`1 sharesList) 位置 F:\项目\饭票后端\TrendAnalyse\DataHelper.cs:行号 190
   在 TrendAnalyse.MQHandler.Consumer_Received(Object sender, BasicDeliverEventArgs e) 位置 F:\项目\饭票后端\TrendAnalyse\MQHandler.cs:行号 200

2021/1/12 15:29:29
执行队列失败
System.NullReferenceException: 未将对象引用设置到对象的实例。
   在 StockTrendMonitor.Models.StockMonitorCore._TestBoxBreach(DB_TRADE_PRICE_INFO priceInfo, UP_OR_DOWN_INFO upOrDownInfo, Int32 iExceedBoxPercent, Boolean bExceedTopOfDay, Int32 iBreachMinutes)
   在 StockTrendMonitor.Models.StockMonitorCore._AnalysisTrend_BoxBreach1(String strStockCode, TREND_PARAM_BOX_BREACH param, TREND_RESULT_BOX_INFO& ref_boxInfo, UP_OR_DOWN_INFO& ref_upOrDownInfo)
   在 StockTrendMonitor.Models.StockMonitorCore.AnalysisTrend_BoxBreach(List`1 lstBoxBreachParam, List`1& ref_lstBoxBreachResult)
   在 TrendAnalyse.DataHelper.Analysis_Trend3(List`1 list, List`1& resultInfo) 位置 F:\项目\饭票后端\TrendAnalyse\DataHelper.cs:行号 395
   在 TrendAnalyse.DataHelper.ToAnalyse(List`1 sharesList) 位置 F:\项目\饭票后端\TrendAnalyse\DataHelper.cs:行号 190
   在 TrendAnalyse.MQHandler.Consumer_Received(Object sender, BasicDeliverEventArgs e) 位置 F:\项目\饭票后端\TrendAnalyse\MQHandler.cs:行号 200

2021/1/12 15:29:30
执行队列失败
System.NullReferenceException: 未将对象引用设置到对象的实例。
   在 StockTrendMonitor.Models.StockMonitorCore._TestBoxBreach(DB_TRADE_PRICE_INFO priceInfo, UP_OR_DOWN_INFO upOrDownInfo, Int32 iExceedBoxPercent, Boolean bExceedTopOfDay, Int32 iBreachMinutes)
   在 StockTrendMonitor.Models.StockMonitorCore._AnalysisTrend_BoxBreach1(String strStockCode, TREND_PARAM_BOX_BREACH param, TREND_RESULT_BOX_INFO& ref_boxInfo, UP_OR_DOWN_INFO& ref_upOrDownInfo)
   在 StockTrendMonitor.Models.StockMonitorCore.AnalysisTrend_BoxBreach(List`1 lstBoxBreachParam, List`1& ref_lstBoxBreachResult)
   在 TrendAnalyse.DataHelper.Analysis_Trend3(List`1 list, List`1& resultInfo) 位置 F:\项目\饭票后端\TrendAnalyse\DataHelper.cs:行号 395
   在 TrendAnalyse.DataHelper.ToAnalyse(List`1 sharesList) 位置 F:\项目\饭票后端\TrendAnalyse\DataHelper.cs:行号 190
   在 TrendAnalyse.MQHandler.Consumer_Received(Object sender, BasicDeliverEventArgs e) 位置 F:\项目\饭票后端\TrendAnalyse\MQHandler.cs:行号 200

2021/1/12 15:29:34
执行队列失败
System.Collections.Generic.KeyNotFoundException: 给定关键字不在字典中。
   在 System.ThrowHelper.ThrowKeyNotFoundException()
   在 System.Collections.Generic.Dictionary`2.get_Item(TKey key)
   在 TrendAnalyse.DataHelper.ToAnalyse(List`1 sharesList) 位置 F:\项目\饭票后端\TrendAnalyse\DataHelper.cs:行号 168
   在 TrendAnalyse.MQHandler.Consumer_Received(Object sender, BasicDeliverEventArgs e) 位置 F:\项目\饭票后端\TrendAnalyse\MQHandler.cs:行号 200

2021/1/12 15:29:42
执行队列失败
System.Collections.Generic.KeyNotFoundException: 给定关键字不在字典中。
   在 System.ThrowHelper.ThrowKeyNotFoundException()
   在 System.Collections.Generic.Dictionary`2.get_Item(TKey key)
   在 TrendAnalyse.DataHelper.ToAnalyse(List`1 sharesList) 位置 F:\项目\饭票后端\TrendAnalyse\DataHelper.cs:行号 168
   在 TrendAnalyse.MQHandler.Consumer_Received(Object sender, BasicDeliverEventArgs e) 位置 F:\项目\饭票后端\TrendAnalyse\MQHandler.cs:行号 200

2021/1/12 15:29:44
执行队列失败
System.NullReferenceException: 未将对象引用设置到对象的实例。
   在 StockTrendMonitor.Models.StockMonitorCore._TestBoxBreach(DB_TRADE_PRICE_INFO priceInfo, UP_OR_DOWN_INFO upOrDownInfo, Int32 iExceedBoxPercent, Boolean bExceedTopOfDay, Int32 iBreachMinutes)
   在 StockTrendMonitor.Models.StockMonitorCore._AnalysisTrend_BoxBreach1(String strStockCode, TREND_PARAM_BOX_BREACH param, TREND_RESULT_BOX_INFO& ref_boxInfo, UP_OR_DOWN_INFO& ref_upOrDownInfo)
   在 StockTrendMonitor.Models.StockMonitorCore.AnalysisTrend_BoxBreach(List`1 lstBoxBreachParam, List`1& ref_lstBoxBreachResult)
   在 TrendAnalyse.DataHelper.Analysis_Trend3(List`1 list, List`1& resultInfo) 位置 F:\项目\饭票后端\TrendAnalyse\DataHelper.cs:行号 395
   在 TrendAnalyse.DataHelper.ToAnalyse(List`1 sharesList) 位置 F:\项目\饭票后端\TrendAnalyse\DataHelper.cs:行号 190
   在 TrendAnalyse.MQHandler.Consumer_Received(Object sender, BasicDeliverEventArgs e) 位置 F:\项目\饭票后端\TrendAnalyse\MQHandler.cs:行号 200

2021/1/12 15:29:45
执行队列失败
System.Collections.Generic.KeyNotFoundException: 给定关键字不在字典中。
   在 System.ThrowHelper.ThrowKeyNotFoundException()
   在 System.Collections.Generic.Dictionary`2.get_Item(TKey key)
   在 TrendAnalyse.DataHelper.ToAnalyse(List`1 sharesList) 位置 F:\项目\饭票后端\TrendAnalyse\DataHelper.cs:行号 168
   在 TrendAnalyse.MQHandler.Consumer_Received(Object sender, BasicDeliverEventArgs e) 位置 F:\项目\饭票后端\TrendAnalyse\MQHandler.cs:行号 200

2021/1/12 15:29:45
执行队列失败
System.NullReferenceException: 未将对象引用设置到对象的实例。
   在 StockTrendMonitor.Models.StockMonitorCore._TestBoxBreach(DB_TRADE_PRICE_INFO priceInfo, UP_OR_DOWN_INFO upOrDownInfo, Int32 iExceedBoxPercent, Boolean bExceedTopOfDay, Int32 iBreachMinutes)
   在 StockTrendMonitor.Models.StockMonitorCore._AnalysisTrend_BoxBreach1(String strStockCode, TREND_PARAM_BOX_BREACH param, TREND_RESULT_BOX_INFO& ref_boxInfo, UP_OR_DOWN_INFO& ref_upOrDownInfo)
   在 StockTrendMonitor.Models.StockMonitorCore.AnalysisTrend_BoxBreach(List`1 lstBoxBreachParam, List`1& ref_lstBoxBreachResult)
   在 TrendAnalyse.DataHelper.Analysis_Trend3(List`1 list, List`1& resultInfo) 位置 F:\项目\饭票后端\TrendAnalyse\DataHelper.cs:行号 395
   在 TrendAnalyse.DataHelper.ToAnalyse(List`1 sharesList) 位置 F:\项目\饭票后端\TrendAnalyse\DataHelper.cs:行号 190
   在 TrendAnalyse.MQHandler.Consumer_Received(Object sender, BasicDeliverEventArgs e) 位置 F:\项目\饭票后端\TrendAnalyse\MQHandler.cs:行号 200

2021/1/12 15:29:47
执行队列失败
System.NullReferenceException: 未将对象引用设置到对象的实例。
   在 StockTrendMonitor.Models.StockMonitorCore._TestBoxBreach(DB_TRADE_PRICE_INFO priceInfo, UP_OR_DOWN_INFO upOrDownInfo, Int32 iExceedBoxPercent, Boolean bExceedTopOfDay, Int32 iBreachMinutes)
   在 StockTrendMonitor.Models.StockMonitorCore._AnalysisTrend_BoxBreach1(String strStockCode, TREND_PARAM_BOX_BREACH param, TREND_RESULT_BOX_INFO& ref_boxInfo, UP_OR_DOWN_INFO& ref_upOrDownInfo)
   在 StockTrendMonitor.Models.StockMonitorCore.AnalysisTrend_BoxBreach(List`1 lstBoxBreachParam, List`1& ref_lstBoxBreachResult)
   在 TrendAnalyse.DataHelper.Analysis_Trend3(List`1 list, List`1& resultInfo) 位置 F:\项目\饭票后端\TrendAnalyse\DataHelper.cs:行号 395
   在 TrendAnalyse.DataHelper.ToAnalyse(List`1 sharesList) 位置 F:\项目\饭票后端\TrendAnalyse\DataHelper.cs:行号 190
   在 TrendAnalyse.MQHandler.Consumer_Received(Object sender, BasicDeliverEventArgs e) 位置 F:\项目\饭票后端\TrendAnalyse\MQHandler.cs:行号 200

2021/1/12 15:29:51
执行队列失败
System.NullReferenceException: 未将对象引用设置到对象的实例。
   在 StockTrendMonitor.Models.StockMonitorCore._TestBoxBreach(DB_TRADE_PRICE_INFO priceInfo, UP_OR_DOWN_INFO upOrDownInfo, Int32 iExceedBoxPercent, Boolean bExceedTopOfDay, Int32 iBreachMinutes)
   在 StockTrendMonitor.Models.StockMonitorCore._AnalysisTrend_BoxBreach1(String strStockCode, TREND_PARAM_BOX_BREACH param, TREND_RESULT_BOX_INFO& ref_boxInfo, UP_OR_DOWN_INFO& ref_upOrDownInfo)
   在 StockTrendMonitor.Models.StockMonitorCore.AnalysisTrend_BoxBreach(List`1 lstBoxBreachParam, List`1& ref_lstBoxBreachResult)
   在 TrendAnalyse.DataHelper.Analysis_Trend3(List`1 list, List`1& resultInfo) 位置 F:\项目\饭票后端\TrendAnalyse\DataHelper.cs:行号 395
   在 TrendAnalyse.DataHelper.ToAnalyse(List`1 sharesList) 位置 F:\项目\饭票后端\TrendAnalyse\DataHelper.cs:行号 190
   在 TrendAnalyse.MQHandler.Consumer_Received(Object sender, BasicDeliverEventArgs e) 位置 F:\项目\饭票后端\TrendAnalyse\MQHandler.cs:行号 200

2021/1/12 15:29:55
执行队列失败
System.Collections.Generic.KeyNotFoundException: 给定关键字不在字典中。
   在 System.ThrowHelper.ThrowKeyNotFoundException()
   在 System.Collections.Generic.Dictionary`2.get_Item(TKey key)
   在 TrendAnalyse.DataHelper.ToAnalyse(List`1 sharesList) 位置 F:\项目\饭票后端\TrendAnalyse\DataHelper.cs:行号 168
   在 TrendAnalyse.MQHandler.Consumer_Received(Object sender, BasicDeliverEventArgs e) 位置 F:\项目\饭票后端\TrendAnalyse\MQHandler.cs:行号 200

2021/1/12 15:29:57
执行队列失败
System.NullReferenceException: 未将对象引用设置到对象的实例。
   在 StockTrendMonitor.Models.StockMonitorCore._TestBoxBreach(DB_TRADE_PRICE_INFO priceInfo, UP_OR_DOWN_INFO upOrDownInfo, Int32 iExceedBoxPercent, Boolean bExceedTopOfDay, Int32 iBreachMinutes)
   在 StockTrendMonitor.Models.StockMonitorCore._AnalysisTrend_BoxBreach1(String strStockCode, TREND_PARAM_BOX_BREACH param, TREND_RESULT_BOX_INFO& ref_boxInfo, UP_OR_DOWN_INFO& ref_upOrDownInfo)
   在 StockTrendMonitor.Models.StockMonitorCore.AnalysisTrend_BoxBreach(List`1 lstBoxBreachParam, List`1& ref_lstBoxBreachResult)
   在 TrendAnalyse.DataHelper.Analysis_Trend3(List`1 list, List`1& resultInfo) 位置 F:\项目\饭票后端\TrendAnalyse\DataHelper.cs:行号 395
   在 TrendAnalyse.DataHelper.ToAnalyse(List`1 sharesList) 位置 F:\项目\饭票后端\TrendAnalyse\DataHelper.cs:行号 190
   在 TrendAnalyse.MQHandler.Consumer_Received(Object sender, BasicDeliverEventArgs e) 位置 F:\项目\饭票后端\TrendAnalyse\MQHandler.cs:行号 200

2021/1/12 15:30:00
执行队列失败
System.NullReferenceException: 未将对象引用设置到对象的实例。
   在 StockTrendMonitor.Models.StockMonitorCore._TestBoxBreach(DB_TRADE_PRICE_INFO priceInfo, UP_OR_DOWN_INFO upOrDownInfo, Int32 iExceedBoxPercent, Boolean bExceedTopOfDay, Int32 iBreachMinutes)
   在 StockTrendMonitor.Models.StockMonitorCore._AnalysisTrend_BoxBreach1(String strStockCode, TREND_PARAM_BOX_BREACH param, TREND_RESULT_BOX_INFO& ref_boxInfo, UP_OR_DOWN_INFO& ref_upOrDownInfo)
   在 StockTrendMonitor.Models.StockMonitorCore.AnalysisTrend_BoxBreach(List`1 lstBoxBreachParam, List`1& ref_lstBoxBreachResult)
   在 TrendAnalyse.DataHelper.Analysis_Trend3(List`1 list, List`1& resultInfo) 位置 F:\项目\饭票后端\TrendAnalyse\DataHelper.cs:行号 395
   在 TrendAnalyse.DataHelper.ToAnalyse(List`1 sharesList) 位置 F:\项目\饭票后端\TrendAnalyse\DataHelper.cs:行号 190
   在 TrendAnalyse.MQHandler.Consumer_Received(Object sender, BasicDeliverEventArgs e) 位置 F:\项目\饭票后端\TrendAnalyse\MQHandler.cs:行号 200

2021/1/12 15:30:01
执行队列失败
System.NullReferenceException: 未将对象引用设置到对象的实例。
   在 StockTrendMonitor.Models.StockMonitorCore._TestBoxBreach(DB_TRADE_PRICE_INFO priceInfo, UP_OR_DOWN_INFO upOrDownInfo, Int32 iExceedBoxPercent, Boolean bExceedTopOfDay, Int32 iBreachMinutes)
   在 StockTrendMonitor.Models.StockMonitorCore._AnalysisTrend_BoxBreach1(String strStockCode, TREND_PARAM_BOX_BREACH param, TREND_RESULT_BOX_INFO& ref_boxInfo, UP_OR_DOWN_INFO& ref_upOrDownInfo)
   在 StockTrendMonitor.Models.StockMonitorCore.AnalysisTrend_BoxBreach(List`1 lstBoxBreachParam, List`1& ref_lstBoxBreachResult)
   在 TrendAnalyse.DataHelper.Analysis_Trend3(List`1 list, List`1& resultInfo) 位置 F:\项目\饭票后端\TrendAnalyse\DataHelper.cs:行号 395
   在 TrendAnalyse.DataHelper.ToAnalyse(List`1 sharesList) 位置 F:\项目\饭票后端\TrendAnalyse\DataHelper.cs:行号 190
   在 TrendAnalyse.MQHandler.Consumer_Received(Object sender, BasicDeliverEventArgs e) 位置 F:\项目\饭票后端\TrendAnalyse\MQHandler.cs:行号 200

2021/1/12 15:30:02
执行队列失败
System.NullReferenceException: 未将对象引用设置到对象的实例。
   在 StockTrendMonitor.Models.StockMonitorCore._TestBoxBreach(DB_TRADE_PRICE_INFO priceInfo, UP_OR_DOWN_INFO upOrDownInfo, Int32 iExceedBoxPercent, Boolean bExceedTopOfDay, Int32 iBreachMinutes)
   在 StockTrendMonitor.Models.StockMonitorCore._AnalysisTrend_BoxBreach1(String strStockCode, TREND_PARAM_BOX_BREACH param, TREND_RESULT_BOX_INFO& ref_boxInfo, UP_OR_DOWN_INFO& ref_upOrDownInfo)
   在 StockTrendMonitor.Models.StockMonitorCore.AnalysisTrend_BoxBreach(List`1 lstBoxBreachParam, List`1& ref_lstBoxBreachResult)
   在 TrendAnalyse.DataHelper.Analysis_Trend3(List`1 list, List`1& resultInfo) 位置 F:\项目\饭票后端\TrendAnalyse\DataHelper.cs:行号 395
   在 TrendAnalyse.DataHelper.ToAnalyse(List`1 sharesList) 位置 F:\项目\饭票后端\TrendAnalyse\DataHelper.cs:行号 190
   在 TrendAnalyse.MQHandler.Consumer_Received(Object sender, BasicDeliverEventArgs e) 位置 F:\项目\饭票后端\TrendAnalyse\MQHandler.cs:行号 200

2021/1/12 15:30:03
执行队列失败
System.NullReferenceException: 未将对象引用设置到对象的实例。
   在 StockTrendMonitor.Models.StockMonitorCore._TestBoxBreach(DB_TRADE_PRICE_INFO priceInfo, UP_OR_DOWN_INFO upOrDownInfo, Int32 iExceedBoxPercent, Boolean bExceedTopOfDay, Int32 iBreachMinutes)
   在 StockTrendMonitor.Models.StockMonitorCore._AnalysisTrend_BoxBreach1(String strStockCode, TREND_PARAM_BOX_BREACH param, TREND_RESULT_BOX_INFO& ref_boxInfo, UP_OR_DOWN_INFO& ref_upOrDownInfo)
   在 StockTrendMonitor.Models.StockMonitorCore.AnalysisTrend_BoxBreach(List`1 lstBoxBreachParam, List`1& ref_lstBoxBreachResult)
   在 TrendAnalyse.DataHelper.Analysis_Trend3(List`1 list, List`1& resultInfo) 位置 F:\项目\饭票后端\TrendAnalyse\DataHelper.cs:行号 395
   在 TrendAnalyse.DataHelper.ToAnalyse(List`1 sharesList) 位置 F:\项目\饭票后端\TrendAnalyse\DataHelper.cs:行号 190
   在 TrendAnalyse.MQHandler.Consumer_Received(Object sender, BasicDeliverEventArgs e) 位置 F:\项目\饭票后端\TrendAnalyse\MQHandler.cs:行号 200

2021/1/12 15:30:03
执行队列失败
System.Collections.Generic.KeyNotFoundException: 给定关键字不在字典中。
   在 System.ThrowHelper.ThrowKeyNotFoundException()
   在 System.Collections.Generic.Dictionary`2.get_Item(TKey key)
   在 TrendAnalyse.DataHelper.ToAnalyse(List`1 sharesList) 位置 F:\项目\饭票后端\TrendAnalyse\DataHelper.cs:行号 168
   在 TrendAnalyse.MQHandler.Consumer_Received(Object sender, BasicDeliverEventArgs e) 位置 F:\项目\饭票后端\TrendAnalyse\MQHandler.cs:行号 200

2021/1/12 15:30:05
执行队列失败
System.NullReferenceException: 未将对象引用设置到对象的实例。
   在 StockTrendMonitor.Models.StockMonitorCore._TestBoxBreach(DB_TRADE_PRICE_INFO priceInfo, UP_OR_DOWN_INFO upOrDownInfo, Int32 iExceedBoxPercent, Boolean bExceedTopOfDay, Int32 iBreachMinutes)
   在 StockTrendMonitor.Models.StockMonitorCore._AnalysisTrend_BoxBreach1(String strStockCode, TREND_PARAM_BOX_BREACH param, TREND_RESULT_BOX_INFO& ref_boxInfo, UP_OR_DOWN_INFO& ref_upOrDownInfo)
   在 StockTrendMonitor.Models.StockMonitorCore.AnalysisTrend_BoxBreach(List`1 lstBoxBreachParam, List`1& ref_lstBoxBreachResult)
   在 TrendAnalyse.DataHelper.Analysis_Trend3(List`1 list, List`1& resultInfo) 位置 F:\项目\饭票后端\TrendAnalyse\DataHelper.cs:行号 395
   在 TrendAnalyse.DataHelper.ToAnalyse(List`1 sharesList) 位置 F:\项目\饭票后端\TrendAnalyse\DataHelper.cs:行号 190
   在 TrendAnalyse.MQHandler.Consumer_Received(Object sender, BasicDeliverEventArgs e) 位置 F:\项目\饭票后端\TrendAnalyse\MQHandler.cs:行号 200

2021/1/12 15:30:06
执行队列失败
System.NullReferenceException: 未将对象引用设置到对象的实例。
   在 StockTrendMonitor.Models.StockMonitorCore._TestBoxBreach(DB_TRADE_PRICE_INFO priceInfo, UP_OR_DOWN_INFO upOrDownInfo, Int32 iExceedBoxPercent, Boolean bExceedTopOfDay, Int32 iBreachMinutes)
   在 StockTrendMonitor.Models.StockMonitorCore._AnalysisTrend_BoxBreach1(String strStockCode, TREND_PARAM_BOX_BREACH param, TREND_RESULT_BOX_INFO& ref_boxInfo, UP_OR_DOWN_INFO& ref_upOrDownInfo)
   在 StockTrendMonitor.Models.StockMonitorCore.AnalysisTrend_BoxBreach(List`1 lstBoxBreachParam, List`1& ref_lstBoxBreachResult)
   在 TrendAnalyse.DataHelper.Analysis_Trend3(List`1 list, List`1& resultInfo) 位置 F:\项目\饭票后端\TrendAnalyse\DataHelper.cs:行号 395
   在 TrendAnalyse.DataHelper.ToAnalyse(List`1 sharesList) 位置 F:\项目\饭票后端\TrendAnalyse\DataHelper.cs:行号 190
   在 TrendAnalyse.MQHandler.Consumer_Received(Object sender, BasicDeliverEventArgs e) 位置 F:\项目\饭票后端\TrendAnalyse\MQHandler.cs:行号 200

2021/1/12 15:30:07
执行队列失败
System.NullReferenceException: 未将对象引用设置到对象的实例。
   在 StockTrendMonitor.Models.StockMonitorCore._TestBoxBreach(DB_TRADE_PRICE_INFO priceInfo, UP_OR_DOWN_INFO upOrDownInfo, Int32 iExceedBoxPercent, Boolean bExceedTopOfDay, Int32 iBreachMinutes)
   在 StockTrendMonitor.Models.StockMonitorCore._AnalysisTrend_BoxBreach1(String strStockCode, TREND_PARAM_BOX_BREACH param, TREND_RESULT_BOX_INFO& ref_boxInfo, UP_OR_DOWN_INFO& ref_upOrDownInfo)
   在 StockTrendMonitor.Models.StockMonitorCore.AnalysisTrend_BoxBreach(List`1 lstBoxBreachParam, List`1& ref_lstBoxBreachResult)
   在 TrendAnalyse.DataHelper.Analysis_Trend3(List`1 list, List`1& resultInfo) 位置 F:\项目\饭票后端\TrendAnalyse\DataHelper.cs:行号 395
   在 TrendAnalyse.DataHelper.ToAnalyse(List`1 sharesList) 位置 F:\项目\饭票后端\TrendAnalyse\DataHelper.cs:行号 190
   在 TrendAnalyse.MQHandler.Consumer_Received(Object sender, BasicDeliverEventArgs e) 位置 F:\项目\饭票后端\TrendAnalyse\MQHandler.cs:行号 200

2021/1/12 15:30:09
执行队列失败
System.NullReferenceException: 未将对象引用设置到对象的实例。
   在 StockTrendMonitor.Models.StockMonitorCore._TestBoxBreach(DB_TRADE_PRICE_INFO priceInfo, UP_OR_DOWN_INFO upOrDownInfo, Int32 iExceedBoxPercent, Boolean bExceedTopOfDay, Int32 iBreachMinutes)
   在 StockTrendMonitor.Models.StockMonitorCore._AnalysisTrend_BoxBreach1(String strStockCode, TREND_PARAM_BOX_BREACH param, TREND_RESULT_BOX_INFO& ref_boxInfo, UP_OR_DOWN_INFO& ref_upOrDownInfo)
   在 StockTrendMonitor.Models.StockMonitorCore.AnalysisTrend_BoxBreach(List`1 lstBoxBreachParam, List`1& ref_lstBoxBreachResult)
   在 TrendAnalyse.DataHelper.Analysis_Trend3(List`1 list, List`1& resultInfo) 位置 F:\项目\饭票后端\TrendAnalyse\DataHelper.cs:行号 395
   在 TrendAnalyse.DataHelper.ToAnalyse(List`1 sharesList) 位置 F:\项目\饭票后端\TrendAnalyse\DataHelper.cs:行号 190
   在 TrendAnalyse.MQHandler.Consumer_Received(Object sender, BasicDeliverEventArgs e) 位置 F:\项目\饭票后端\TrendAnalyse\MQHandler.cs:行号 200

2021/1/12 15:30:17
执行队列失败
System.NullReferenceException: 未将对象引用设置到对象的实例。
   在 StockTrendMonitor.Models.StockMonitorCore._TestBoxBreach(DB_TRADE_PRICE_INFO priceInfo, UP_OR_DOWN_INFO upOrDownInfo, Int32 iExceedBoxPercent, Boolean bExceedTopOfDay, Int32 iBreachMinutes)
   在 StockTrendMonitor.Models.StockMonitorCore._AnalysisTrend_BoxBreach1(String strStockCode, TREND_PARAM_BOX_BREACH param, TREND_RESULT_BOX_INFO& ref_boxInfo, UP_OR_DOWN_INFO& ref_upOrDownInfo)
   在 StockTrendMonitor.Models.StockMonitorCore.AnalysisTrend_BoxBreach(List`1 lstBoxBreachParam, List`1& ref_lstBoxBreachResult)
   在 TrendAnalyse.DataHelper.Analysis_Trend3(List`1 list, List`1& resultInfo) 位置 F:\项目\饭票后端\TrendAnalyse\DataHelper.cs:行号 395
   在 TrendAnalyse.DataHelper.ToAnalyse(List`1 sharesList) 位置 F:\项目\饭票后端\TrendAnalyse\DataHelper.cs:行号 190
   在 TrendAnalyse.MQHandler.Consumer_Received(Object sender, BasicDeliverEventArgs e) 位置 F:\项目\饭票后端\TrendAnalyse\MQHandler.cs:行号 200

2021/1/12 15:30:21
执行队列失败
System.NullReferenceException: 未将对象引用设置到对象的实例。
   在 StockTrendMonitor.Models.StockMonitorCore._TestBoxBreach(DB_TRADE_PRICE_INFO priceInfo, UP_OR_DOWN_INFO upOrDownInfo, Int32 iExceedBoxPercent, Boolean bExceedTopOfDay, Int32 iBreachMinutes)
   在 StockTrendMonitor.Models.StockMonitorCore._AnalysisTrend_BoxBreach1(String strStockCode, TREND_PARAM_BOX_BREACH param, TREND_RESULT_BOX_INFO& ref_boxInfo, UP_OR_DOWN_INFO& ref_upOrDownInfo)
   在 StockTrendMonitor.Models.StockMonitorCore.AnalysisTrend_BoxBreach(List`1 lstBoxBreachParam, List`1& ref_lstBoxBreachResult)
   在 TrendAnalyse.DataHelper.Analysis_Trend3(List`1 list, List`1& resultInfo) 位置 F:\项目\饭票后端\TrendAnalyse\DataHelper.cs:行号 395
   在 TrendAnalyse.DataHelper.ToAnalyse(List`1 sharesList) 位置 F:\项目\饭票后端\TrendAnalyse\DataHelper.cs:行号 190
   在 TrendAnalyse.MQHandler.Consumer_Received(Object sender, BasicDeliverEventArgs e) 位置 F:\项目\饭票后端\TrendAnalyse\MQHandler.cs:行号 200

2021/1/12 15:30:22
执行队列失败
System.NullReferenceException: 未将对象引用设置到对象的实例。
   在 StockTrendMonitor.Models.StockMonitorCore._TestBoxBreach(DB_TRADE_PRICE_INFO priceInfo, UP_OR_DOWN_INFO upOrDownInfo, Int32 iExceedBoxPercent, Boolean bExceedTopOfDay, Int32 iBreachMinutes)
   在 StockTrendMonitor.Models.StockMonitorCore._AnalysisTrend_BoxBreach1(String strStockCode, TREND_PARAM_BOX_BREACH param, TREND_RESULT_BOX_INFO& ref_boxInfo, UP_OR_DOWN_INFO& ref_upOrDownInfo)
   在 StockTrendMonitor.Models.StockMonitorCore.AnalysisTrend_BoxBreach(List`1 lstBoxBreachParam, List`1& ref_lstBoxBreachResult)
   在 TrendAnalyse.DataHelper.Analysis_Trend3(List`1 list, List`1& resultInfo) 位置 F:\项目\饭票后端\TrendAnalyse\DataHelper.cs:行号 395
   在 TrendAnalyse.DataHelper.ToAnalyse(List`1 sharesList) 位置 F:\项目\饭票后端\TrendAnalyse\DataHelper.cs:行号 190
   在 TrendAnalyse.MQHandler.Consumer_Received(Object sender, BasicDeliverEventArgs e) 位置 F:\项目\饭票后端\TrendAnalyse\MQHandler.cs:行号 200

2021/1/12 15:30:23
执行队列失败
System.Collections.Generic.KeyNotFoundException: 给定关键字不在字典中。
   在 System.ThrowHelper.ThrowKeyNotFoundException()
   在 System.Collections.Generic.Dictionary`2.get_Item(TKey key)
   在 TrendAnalyse.DataHelper.ToAnalyse(List`1 sharesList) 位置 F:\项目\饭票后端\TrendAnalyse\DataHelper.cs:行号 168
   在 TrendAnalyse.MQHandler.Consumer_Received(Object sender, BasicDeliverEventArgs e) 位置 F:\项目\饭票后端\TrendAnalyse\MQHandler.cs:行号 200

2021/1/12 15:30:24
执行队列失败
System.NullReferenceException: 未将对象引用设置到对象的实例。
   在 StockTrendMonitor.Models.StockMonitorCore._TestBoxBreach(DB_TRADE_PRICE_INFO priceInfo, UP_OR_DOWN_INFO upOrDownInfo, Int32 iExceedBoxPercent, Boolean bExceedTopOfDay, Int32 iBreachMinutes)
   在 StockTrendMonitor.Models.StockMonitorCore._AnalysisTrend_BoxBreach1(String strStockCode, TREND_PARAM_BOX_BREACH param, TREND_RESULT_BOX_INFO& ref_boxInfo, UP_OR_DOWN_INFO& ref_upOrDownInfo)
   在 StockTrendMonitor.Models.StockMonitorCore.AnalysisTrend_BoxBreach(List`1 lstBoxBreachParam, List`1& ref_lstBoxBreachResult)
   在 TrendAnalyse.DataHelper.Analysis_Trend3(List`1 list, List`1& resultInfo) 位置 F:\项目\饭票后端\TrendAnalyse\DataHelper.cs:行号 395
   在 TrendAnalyse.DataHelper.ToAnalyse(List`1 sharesList) 位置 F:\项目\饭票后端\TrendAnalyse\DataHelper.cs:行号 190
   在 TrendAnalyse.MQHandler.Consumer_Received(Object sender, BasicDeliverEventArgs e) 位置 F:\项目\饭票后端\TrendAnalyse\MQHandler.cs:行号 200

2021/1/12 15:30:27
执行队列失败
System.NullReferenceException: 未将对象引用设置到对象的实例。
   在 StockTrendMonitor.Models.StockMonitorCore._TestBoxBreach(DB_TRADE_PRICE_INFO priceInfo, UP_OR_DOWN_INFO upOrDownInfo, Int32 iExceedBoxPercent, Boolean bExceedTopOfDay, Int32 iBreachMinutes)
   在 StockTrendMonitor.Models.StockMonitorCore._AnalysisTrend_BoxBreach1(String strStockCode, TREND_PARAM_BOX_BREACH param, TREND_RESULT_BOX_INFO& ref_boxInfo, UP_OR_DOWN_INFO& ref_upOrDownInfo)
   在 StockTrendMonitor.Models.StockMonitorCore.AnalysisTrend_BoxBreach(List`1 lstBoxBreachParam, List`1& ref_lstBoxBreachResult)
   在 TrendAnalyse.DataHelper.Analysis_Trend3(List`1 list, List`1& resultInfo) 位置 F:\项目\饭票后端\TrendAnalyse\DataHelper.cs:行号 395
   在 TrendAnalyse.DataHelper.ToAnalyse(List`1 sharesList) 位置 F:\项目\饭票后端\TrendAnalyse\DataHelper.cs:行号 190
   在 TrendAnalyse.MQHandler.Consumer_Received(Object sender, BasicDeliverEventArgs e) 位置 F:\项目\饭票后端\TrendAnalyse\MQHandler.cs:行号 200

2021/1/12 15:30:27
执行队列失败
System.NullReferenceException: 未将对象引用设置到对象的实例。
   在 StockTrendMonitor.Models.StockMonitorCore._TestBoxBreach(DB_TRADE_PRICE_INFO priceInfo, UP_OR_DOWN_INFO upOrDownInfo, Int32 iExceedBoxPercent, Boolean bExceedTopOfDay, Int32 iBreachMinutes)
   在 StockTrendMonitor.Models.StockMonitorCore._AnalysisTrend_BoxBreach1(String strStockCode, TREND_PARAM_BOX_BREACH param, TREND_RESULT_BOX_INFO& ref_boxInfo, UP_OR_DOWN_INFO& ref_upOrDownInfo)
   在 StockTrendMonitor.Models.StockMonitorCore.AnalysisTrend_BoxBreach(List`1 lstBoxBreachParam, List`1& ref_lstBoxBreachResult)
   在 TrendAnalyse.DataHelper.Analysis_Trend3(List`1 list, List`1& resultInfo) 位置 F:\项目\饭票后端\TrendAnalyse\DataHelper.cs:行号 395
   在 TrendAnalyse.DataHelper.ToAnalyse(List`1 sharesList) 位置 F:\项目\饭票后端\TrendAnalyse\DataHelper.cs:行号 190
   在 TrendAnalyse.MQHandler.Consumer_Received(Object sender, BasicDeliverEventArgs e) 位置 F:\项目\饭票后端\TrendAnalyse\MQHandler.cs:行号 200

2021/1/12 15:30:30
执行队列失败
System.NullReferenceException: 未将对象引用设置到对象的实例。
   在 StockTrendMonitor.Models.StockMonitorCore._TestBoxBreach(DB_TRADE_PRICE_INFO priceInfo, UP_OR_DOWN_INFO upOrDownInfo, Int32 iExceedBoxPercent, Boolean bExceedTopOfDay, Int32 iBreachMinutes)
   在 StockTrendMonitor.Models.StockMonitorCore._AnalysisTrend_BoxBreach1(String strStockCode, TREND_PARAM_BOX_BREACH param, TREND_RESULT_BOX_INFO& ref_boxInfo, UP_OR_DOWN_INFO& ref_upOrDownInfo)
   在 StockTrendMonitor.Models.StockMonitorCore.AnalysisTrend_BoxBreach(List`1 lstBoxBreachParam, List`1& ref_lstBoxBreachResult)
   在 TrendAnalyse.DataHelper.Analysis_Trend3(List`1 list, List`1& resultInfo) 位置 F:\项目\饭票后端\TrendAnalyse\DataHelper.cs:行号 395
   在 TrendAnalyse.DataHelper.ToAnalyse(List`1 sharesList) 位置 F:\项目\饭票后端\TrendAnalyse\DataHelper.cs:行号 190
   在 TrendAnalyse.MQHandler.Consumer_Received(Object sender, BasicDeliverEventArgs e) 位置 F:\项目\饭票后端\TrendAnalyse\MQHandler.cs:行号 200

2021/1/12 15:30:35
执行队列失败
System.NullReferenceException: 未将对象引用设置到对象的实例。
   在 StockTrendMonitor.Models.StockMonitorCore._TestBoxBreach(DB_TRADE_PRICE_INFO priceInfo, UP_OR_DOWN_INFO upOrDownInfo, Int32 iExceedBoxPercent, Boolean bExceedTopOfDay, Int32 iBreachMinutes)
   在 StockTrendMonitor.Models.StockMonitorCore._AnalysisTrend_BoxBreach1(String strStockCode, TREND_PARAM_BOX_BREACH param, TREND_RESULT_BOX_INFO& ref_boxInfo, UP_OR_DOWN_INFO& ref_upOrDownInfo)
   在 StockTrendMonitor.Models.StockMonitorCore.AnalysisTrend_BoxBreach(List`1 lstBoxBreachParam, List`1& ref_lstBoxBreachResult)
   在 TrendAnalyse.DataHelper.Analysis_Trend3(List`1 list, List`1& resultInfo) 位置 F:\项目\饭票后端\TrendAnalyse\DataHelper.cs:行号 395
   在 TrendAnalyse.DataHelper.ToAnalyse(List`1 sharesList) 位置 F:\项目\饭票后端\TrendAnalyse\DataHelper.cs:行号 190
   在 TrendAnalyse.MQHandler.Consumer_Received(Object sender, BasicDeliverEventArgs e) 位置 F:\项目\饭票后端\TrendAnalyse\MQHandler.cs:行号 200

2021/1/12 15:30:52
执行队列失败
System.NullReferenceException: 未将对象引用设置到对象的实例。
   在 StockTrendMonitor.Models.StockMonitorCore._TestBoxBreach(DB_TRADE_PRICE_INFO priceInfo, UP_OR_DOWN_INFO upOrDownInfo, Int32 iExceedBoxPercent, Boolean bExceedTopOfDay, Int32 iBreachMinutes)
   在 StockTrendMonitor.Models.StockMonitorCore._AnalysisTrend_BoxBreach1(String strStockCode, TREND_PARAM_BOX_BREACH param, TREND_RESULT_BOX_INFO& ref_boxInfo, UP_OR_DOWN_INFO& ref_upOrDownInfo)
   在 StockTrendMonitor.Models.StockMonitorCore.AnalysisTrend_BoxBreach(List`1 lstBoxBreachParam, List`1& ref_lstBoxBreachResult)
   在 TrendAnalyse.DataHelper.Analysis_Trend3(List`1 list, List`1& resultInfo) 位置 F:\项目\饭票后端\TrendAnalyse\DataHelper.cs:行号 395
   在 TrendAnalyse.DataHelper.ToAnalyse(List`1 sharesList) 位置 F:\项目\饭票后端\TrendAnalyse\DataHelper.cs:行号 190
   在 TrendAnalyse.MQHandler.Consumer_Received(Object sender, BasicDeliverEventArgs e) 位置 F:\项目\饭票后端\TrendAnalyse\MQHandler.cs:行号 200

2021/1/12 15:30:53
执行队列失败
System.Collections.Generic.KeyNotFoundException: 给定关键字不在字典中。
   在 System.ThrowHelper.ThrowKeyNotFoundException()
   在 System.Collections.Generic.Dictionary`2.get_Item(TKey key)
   在 TrendAnalyse.DataHelper.ToAnalyse(List`1 sharesList) 位置 F:\项目\饭票后端\TrendAnalyse\DataHelper.cs:行号 168
   在 TrendAnalyse.MQHandler.Consumer_Received(Object sender, BasicDeliverEventArgs e) 位置 F:\项目\饭票后端\TrendAnalyse\MQHandler.cs:行号 200

2021/1/12 15:30:55
执行队列失败
System.NullReferenceException: 未将对象引用设置到对象的实例。
   在 StockTrendMonitor.Models.StockMonitorCore._TestBoxBreach(DB_TRADE_PRICE_INFO priceInfo, UP_OR_DOWN_INFO upOrDownInfo, Int32 iExceedBoxPercent, Boolean bExceedTopOfDay, Int32 iBreachMinutes)
   在 StockTrendMonitor.Models.StockMonitorCore._AnalysisTrend_BoxBreach1(String strStockCode, TREND_PARAM_BOX_BREACH param, TREND_RESULT_BOX_INFO& ref_boxInfo, UP_OR_DOWN_INFO& ref_upOrDownInfo)
   在 StockTrendMonitor.Models.StockMonitorCore.AnalysisTrend_BoxBreach(List`1 lstBoxBreachParam, List`1& ref_lstBoxBreachResult)
   在 TrendAnalyse.DataHelper.Analysis_Trend3(List`1 list, List`1& resultInfo) 位置 F:\项目\饭票后端\TrendAnalyse\DataHelper.cs:行号 395
   在 TrendAnalyse.DataHelper.ToAnalyse(List`1 sharesList) 位置 F:\项目\饭票后端\TrendAnalyse\DataHelper.cs:行号 190
   在 TrendAnalyse.MQHandler.Consumer_Received(Object sender, BasicDeliverEventArgs e) 位置 F:\项目\饭票后端\TrendAnalyse\MQHandler.cs:行号 200

2021/1/12 15:31:03
执行队列失败
System.NullReferenceException: 未将对象引用设置到对象的实例。
   在 StockTrendMonitor.Models.StockMonitorCore._TestBoxBreach(DB_TRADE_PRICE_INFO priceInfo, UP_OR_DOWN_INFO upOrDownInfo, Int32 iExceedBoxPercent, Boolean bExceedTopOfDay, Int32 iBreachMinutes)
   在 StockTrendMonitor.Models.StockMonitorCore._AnalysisTrend_BoxBreach1(String strStockCode, TREND_PARAM_BOX_BREACH param, TREND_RESULT_BOX_INFO& ref_boxInfo, UP_OR_DOWN_INFO& ref_upOrDownInfo)
   在 StockTrendMonitor.Models.StockMonitorCore.AnalysisTrend_BoxBreach(List`1 lstBoxBreachParam, List`1& ref_lstBoxBreachResult)
   在 TrendAnalyse.DataHelper.Analysis_Trend3(List`1 list, List`1& resultInfo) 位置 F:\项目\饭票后端\TrendAnalyse\DataHelper.cs:行号 395
   在 TrendAnalyse.DataHelper.ToAnalyse(List`1 sharesList) 位置 F:\项目\饭票后端\TrendAnalyse\DataHelper.cs:行号 190
   在 TrendAnalyse.MQHandler.Consumer_Received(Object sender, BasicDeliverEventArgs e) 位置 F:\项目\饭票后端\TrendAnalyse\MQHandler.cs:行号 200

2021/1/12 15:31:05
执行队列失败
System.Collections.Generic.KeyNotFoundException: 给定关键字不在字典中。
   在 System.ThrowHelper.ThrowKeyNotFoundException()
   在 System.Collections.Generic.Dictionary`2.get_Item(TKey key)
   在 TrendAnalyse.DataHelper.ToAnalyse(List`1 sharesList) 位置 F:\项目\饭票后端\TrendAnalyse\DataHelper.cs:行号 168
   在 TrendAnalyse.MQHandler.Consumer_Received(Object sender, BasicDeliverEventArgs e) 位置 F:\项目\饭票后端\TrendAnalyse\MQHandler.cs:行号 200

2021/1/12 15:31:05
执行队列失败
System.NullReferenceException: 未将对象引用设置到对象的实例。
   在 StockTrendMonitor.Models.StockMonitorCore._TestBoxBreach(DB_TRADE_PRICE_INFO priceInfo, UP_OR_DOWN_INFO upOrDownInfo, Int32 iExceedBoxPercent, Boolean bExceedTopOfDay, Int32 iBreachMinutes)
   在 StockTrendMonitor.Models.StockMonitorCore._AnalysisTrend_BoxBreach1(String strStockCode, TREND_PARAM_BOX_BREACH param, TREND_RESULT_BOX_INFO& ref_boxInfo, UP_OR_DOWN_INFO& ref_upOrDownInfo)
   在 StockTrendMonitor.Models.StockMonitorCore.AnalysisTrend_BoxBreach(List`1 lstBoxBreachParam, List`1& ref_lstBoxBreachResult)
   在 TrendAnalyse.DataHelper.Analysis_Trend3(List`1 list, List`1& resultInfo) 位置 F:\项目\饭票后端\TrendAnalyse\DataHelper.cs:行号 395
   在 TrendAnalyse.DataHelper.ToAnalyse(List`1 sharesList) 位置 F:\项目\饭票后端\TrendAnalyse\DataHelper.cs:行号 190
   在 TrendAnalyse.MQHandler.Consumer_Received(Object sender, BasicDeliverEventArgs e) 位置 F:\项目\饭票后端\TrendAnalyse\MQHandler.cs:行号 200

2021/1/12 15:31:09
执行队列失败
System.Collections.Generic.KeyNotFoundException: 给定关键字不在字典中。
   在 System.ThrowHelper.ThrowKeyNotFoundException()
   在 System.Collections.Generic.Dictionary`2.get_Item(TKey key)
   在 TrendAnalyse.DataHelper.ToAnalyse(List`1 sharesList) 位置 F:\项目\饭票后端\TrendAnalyse\DataHelper.cs:行号 168
   在 TrendAnalyse.MQHandler.Consumer_Received(Object sender, BasicDeliverEventArgs e) 位置 F:\项目\饭票后端\TrendAnalyse\MQHandler.cs:行号 200

2021/1/12 15:31:12
执行队列失败
System.NullReferenceException: 未将对象引用设置到对象的实例。
   在 StockTrendMonitor.Models.StockMonitorCore._TestBoxBreach(DB_TRADE_PRICE_INFO priceInfo, UP_OR_DOWN_INFO upOrDownInfo, Int32 iExceedBoxPercent, Boolean bExceedTopOfDay, Int32 iBreachMinutes)
   在 StockTrendMonitor.Models.StockMonitorCore._AnalysisTrend_BoxBreach1(String strStockCode, TREND_PARAM_BOX_BREACH param, TREND_RESULT_BOX_INFO& ref_boxInfo, UP_OR_DOWN_INFO& ref_upOrDownInfo)
   在 StockTrendMonitor.Models.StockMonitorCore.AnalysisTrend_BoxBreach(List`1 lstBoxBreachParam, List`1& ref_lstBoxBreachResult)
   在 TrendAnalyse.DataHelper.Analysis_Trend3(List`1 list, List`1& resultInfo) 位置 F:\项目\饭票后端\TrendAnalyse\DataHelper.cs:行号 395
   在 TrendAnalyse.DataHelper.ToAnalyse(List`1 sharesList) 位置 F:\项目\饭票后端\TrendAnalyse\DataHelper.cs:行号 190
   在 TrendAnalyse.MQHandler.Consumer_Received(Object sender, BasicDeliverEventArgs e) 位置 F:\项目\饭票后端\TrendAnalyse\MQHandler.cs:行号 200

2021/1/12 15:31:13
执行队列失败
System.NullReferenceException: 未将对象引用设置到对象的实例。
   在 StockTrendMonitor.Models.StockMonitorCore._TestBoxBreach(DB_TRADE_PRICE_INFO priceInfo, UP_OR_DOWN_INFO upOrDownInfo, Int32 iExceedBoxPercent, Boolean bExceedTopOfDay, Int32 iBreachMinutes)
   在 StockTrendMonitor.Models.StockMonitorCore._AnalysisTrend_BoxBreach1(String strStockCode, TREND_PARAM_BOX_BREACH param, TREND_RESULT_BOX_INFO& ref_boxInfo, UP_OR_DOWN_INFO& ref_upOrDownInfo)
   在 StockTrendMonitor.Models.StockMonitorCore.AnalysisTrend_BoxBreach(List`1 lstBoxBreachParam, List`1& ref_lstBoxBreachResult)
   在 TrendAnalyse.DataHelper.Analysis_Trend3(List`1 list, List`1& resultInfo) 位置 F:\项目\饭票后端\TrendAnalyse\DataHelper.cs:行号 395
   在 TrendAnalyse.DataHelper.ToAnalyse(List`1 sharesList) 位置 F:\项目\饭票后端\TrendAnalyse\DataHelper.cs:行号 190
   在 TrendAnalyse.MQHandler.Consumer_Received(Object sender, BasicDeliverEventArgs e) 位置 F:\项目\饭票后端\TrendAnalyse\MQHandler.cs:行号 200

2021/1/12 15:31:17
执行队列失败
System.NullReferenceException: 未将对象引用设置到对象的实例。
   在 StockTrendMonitor.Models.StockMonitorCore._TestBoxBreach(DB_TRADE_PRICE_INFO priceInfo, UP_OR_DOWN_INFO upOrDownInfo, Int32 iExceedBoxPercent, Boolean bExceedTopOfDay, Int32 iBreachMinutes)
   在 StockTrendMonitor.Models.StockMonitorCore._AnalysisTrend_BoxBreach1(String strStockCode, TREND_PARAM_BOX_BREACH param, TREND_RESULT_BOX_INFO& ref_boxInfo, UP_OR_DOWN_INFO& ref_upOrDownInfo)
   在 StockTrendMonitor.Models.StockMonitorCore.AnalysisTrend_BoxBreach(List`1 lstBoxBreachParam, List`1& ref_lstBoxBreachResult)
   在 TrendAnalyse.DataHelper.Analysis_Trend3(List`1 list, List`1& resultInfo) 位置 F:\项目\饭票后端\TrendAnalyse\DataHelper.cs:行号 395
   在 TrendAnalyse.DataHelper.ToAnalyse(List`1 sharesList) 位置 F:\项目\饭票后端\TrendAnalyse\DataHelper.cs:行号 190
   在 TrendAnalyse.MQHandler.Consumer_Received(Object sender, BasicDeliverEventArgs e) 位置 F:\项目\饭票后端\TrendAnalyse\MQHandler.cs:行号 200

2021/1/12 15:31:18
执行队列失败
System.NullReferenceException: 未将对象引用设置到对象的实例。
   在 StockTrendMonitor.Models.StockMonitorCore._TestBoxBreach(DB_TRADE_PRICE_INFO priceInfo, UP_OR_DOWN_INFO upOrDownInfo, Int32 iExceedBoxPercent, Boolean bExceedTopOfDay, Int32 iBreachMinutes)
   在 StockTrendMonitor.Models.StockMonitorCore._AnalysisTrend_BoxBreach1(String strStockCode, TREND_PARAM_BOX_BREACH param, TREND_RESULT_BOX_INFO& ref_boxInfo, UP_OR_DOWN_INFO& ref_upOrDownInfo)
   在 StockTrendMonitor.Models.StockMonitorCore.AnalysisTrend_BoxBreach(List`1 lstBoxBreachParam, List`1& ref_lstBoxBreachResult)
   在 TrendAnalyse.DataHelper.Analysis_Trend3(List`1 list, List`1& resultInfo) 位置 F:\项目\饭票后端\TrendAnalyse\DataHelper.cs:行号 395
   在 TrendAnalyse.DataHelper.ToAnalyse(List`1 sharesList) 位置 F:\项目\饭票后端\TrendAnalyse\DataHelper.cs:行号 190
   在 TrendAnalyse.MQHandler.Consumer_Received(Object sender, BasicDeliverEventArgs e) 位置 F:\项目\饭票后端\TrendAnalyse\MQHandler.cs:行号 200

2021/1/12 15:31:22
执行队列失败
System.NullReferenceException: 未将对象引用设置到对象的实例。
   在 StockTrendMonitor.Models.StockMonitorCore._TestBoxBreach(DB_TRADE_PRICE_INFO priceInfo, UP_OR_DOWN_INFO upOrDownInfo, Int32 iExceedBoxPercent, Boolean bExceedTopOfDay, Int32 iBreachMinutes)
   在 StockTrendMonitor.Models.StockMonitorCore._AnalysisTrend_BoxBreach1(String strStockCode, TREND_PARAM_BOX_BREACH param, TREND_RESULT_BOX_INFO& ref_boxInfo, UP_OR_DOWN_INFO& ref_upOrDownInfo)
   在 StockTrendMonitor.Models.StockMonitorCore.AnalysisTrend_BoxBreach(List`1 lstBoxBreachParam, List`1& ref_lstBoxBreachResult)
   在 TrendAnalyse.DataHelper.Analysis_Trend3(List`1 list, List`1& resultInfo) 位置 F:\项目\饭票后端\TrendAnalyse\DataHelper.cs:行号 395
   在 TrendAnalyse.DataHelper.ToAnalyse(List`1 sharesList) 位置 F:\项目\饭票后端\TrendAnalyse\DataHelper.cs:行号 190
   在 TrendAnalyse.MQHandler.Consumer_Received(Object sender, BasicDeliverEventArgs e) 位置 F:\项目\饭票后端\TrendAnalyse\MQHandler.cs:行号 200

2021/1/12 15:31:26
执行队列失败
System.NullReferenceException: 未将对象引用设置到对象的实例。
   在 StockTrendMonitor.Models.StockMonitorCore._TestBoxBreach(DB_TRADE_PRICE_INFO priceInfo, UP_OR_DOWN_INFO upOrDownInfo, Int32 iExceedBoxPercent, Boolean bExceedTopOfDay, Int32 iBreachMinutes)
   在 StockTrendMonitor.Models.StockMonitorCore._AnalysisTrend_BoxBreach1(String strStockCode, TREND_PARAM_BOX_BREACH param, TREND_RESULT_BOX_INFO& ref_boxInfo, UP_OR_DOWN_INFO& ref_upOrDownInfo)
   在 StockTrendMonitor.Models.StockMonitorCore.AnalysisTrend_BoxBreach(List`1 lstBoxBreachParam, List`1& ref_lstBoxBreachResult)
   在 TrendAnalyse.DataHelper.Analysis_Trend3(List`1 list, List`1& resultInfo) 位置 F:\项目\饭票后端\TrendAnalyse\DataHelper.cs:行号 395
   在 TrendAnalyse.DataHelper.ToAnalyse(List`1 sharesList) 位置 F:\项目\饭票后端\TrendAnalyse\DataHelper.cs:行号 190
   在 TrendAnalyse.MQHandler.Consumer_Received(Object sender, BasicDeliverEventArgs e) 位置 F:\项目\饭票后端\TrendAnalyse\MQHandler.cs:行号 200

2021/1/12 15:31:33
执行队列失败
System.NullReferenceException: 未将对象引用设置到对象的实例。
   在 StockTrendMonitor.Models.StockMonitorCore._TestBoxBreach(DB_TRADE_PRICE_INFO priceInfo, UP_OR_DOWN_INFO upOrDownInfo, Int32 iExceedBoxPercent, Boolean bExceedTopOfDay, Int32 iBreachMinutes)
   在 StockTrendMonitor.Models.StockMonitorCore._AnalysisTrend_BoxBreach1(String strStockCode, TREND_PARAM_BOX_BREACH param, TREND_RESULT_BOX_INFO& ref_boxInfo, UP_OR_DOWN_INFO& ref_upOrDownInfo)
   在 StockTrendMonitor.Models.StockMonitorCore.AnalysisTrend_BoxBreach(List`1 lstBoxBreachParam, List`1& ref_lstBoxBreachResult)
   在 TrendAnalyse.DataHelper.Analysis_Trend3(List`1 list, List`1& resultInfo) 位置 F:\项目\饭票后端\TrendAnalyse\DataHelper.cs:行号 395
   在 TrendAnalyse.DataHelper.ToAnalyse(List`1 sharesList) 位置 F:\项目\饭票后端\TrendAnalyse\DataHelper.cs:行号 190
   在 TrendAnalyse.MQHandler.Consumer_Received(Object sender, BasicDeliverEventArgs e) 位置 F:\项目\饭票后端\TrendAnalyse\MQHandler.cs:行号 200

2021/1/12 15:31:36
执行队列失败
System.Collections.Generic.KeyNotFoundException: 给定关键字不在字典中。
   在 System.ThrowHelper.ThrowKeyNotFoundException()
   在 System.Collections.Generic.Dictionary`2.get_Item(TKey key)
   在 TrendAnalyse.DataHelper.ToAnalyse(List`1 sharesList) 位置 F:\项目\饭票后端\TrendAnalyse\DataHelper.cs:行号 168
   在 TrendAnalyse.MQHandler.Consumer_Received(Object sender, BasicDeliverEventArgs e) 位置 F:\项目\饭票后端\TrendAnalyse\MQHandler.cs:行号 200

2021/1/12 15:31:37
执行队列失败
System.NullReferenceException: 未将对象引用设置到对象的实例。
   在 StockTrendMonitor.Models.StockMonitorCore._TestBoxBreach(DB_TRADE_PRICE_INFO priceInfo, UP_OR_DOWN_INFO upOrDownInfo, Int32 iExceedBoxPercent, Boolean bExceedTopOfDay, Int32 iBreachMinutes)
   在 StockTrendMonitor.Models.StockMonitorCore._AnalysisTrend_BoxBreach1(String strStockCode, TREND_PARAM_BOX_BREACH param, TREND_RESULT_BOX_INFO& ref_boxInfo, UP_OR_DOWN_INFO& ref_upOrDownInfo)
   在 StockTrendMonitor.Models.StockMonitorCore.AnalysisTrend_BoxBreach(List`1 lstBoxBreachParam, List`1& ref_lstBoxBreachResult)
   在 TrendAnalyse.DataHelper.Analysis_Trend3(List`1 list, List`1& resultInfo) 位置 F:\项目\饭票后端\TrendAnalyse\DataHelper.cs:行号 395
   在 TrendAnalyse.DataHelper.ToAnalyse(List`1 sharesList) 位置 F:\项目\饭票后端\TrendAnalyse\DataHelper.cs:行号 190
   在 TrendAnalyse.MQHandler.Consumer_Received(Object sender, BasicDeliverEventArgs e) 位置 F:\项目\饭票后端\TrendAnalyse\MQHandler.cs:行号 200

2021/1/12 15:31:38
执行队列失败
System.NullReferenceException: 未将对象引用设置到对象的实例。
   在 StockTrendMonitor.Models.StockMonitorCore._TestBoxBreach(DB_TRADE_PRICE_INFO priceInfo, UP_OR_DOWN_INFO upOrDownInfo, Int32 iExceedBoxPercent, Boolean bExceedTopOfDay, Int32 iBreachMinutes)
   在 StockTrendMonitor.Models.StockMonitorCore._AnalysisTrend_BoxBreach1(String strStockCode, TREND_PARAM_BOX_BREACH param, TREND_RESULT_BOX_INFO& ref_boxInfo, UP_OR_DOWN_INFO& ref_upOrDownInfo)
   在 StockTrendMonitor.Models.StockMonitorCore.AnalysisTrend_BoxBreach(List`1 lstBoxBreachParam, List`1& ref_lstBoxBreachResult)
   在 TrendAnalyse.DataHelper.Analysis_Trend3(List`1 list, List`1& resultInfo) 位置 F:\项目\饭票后端\TrendAnalyse\DataHelper.cs:行号 395
   在 TrendAnalyse.DataHelper.ToAnalyse(List`1 sharesList) 位置 F:\项目\饭票后端\TrendAnalyse\DataHelper.cs:行号 190
   在 TrendAnalyse.MQHandler.Consumer_Received(Object sender, BasicDeliverEventArgs e) 位置 F:\项目\饭票后端\TrendAnalyse\MQHandler.cs:行号 200

2021/1/12 15:31:40
执行队列失败
System.NullReferenceException: 未将对象引用设置到对象的实例。
   在 StockTrendMonitor.Models.StockMonitorCore._TestBoxBreach(DB_TRADE_PRICE_INFO priceInfo, UP_OR_DOWN_INFO upOrDownInfo, Int32 iExceedBoxPercent, Boolean bExceedTopOfDay, Int32 iBreachMinutes)
   在 StockTrendMonitor.Models.StockMonitorCore._AnalysisTrend_BoxBreach1(String strStockCode, TREND_PARAM_BOX_BREACH param, TREND_RESULT_BOX_INFO& ref_boxInfo, UP_OR_DOWN_INFO& ref_upOrDownInfo)
   在 StockTrendMonitor.Models.StockMonitorCore.AnalysisTrend_BoxBreach(List`1 lstBoxBreachParam, List`1& ref_lstBoxBreachResult)
   在 TrendAnalyse.DataHelper.Analysis_Trend3(List`1 list, List`1& resultInfo) 位置 F:\项目\饭票后端\TrendAnalyse\DataHelper.cs:行号 395
   在 TrendAnalyse.DataHelper.ToAnalyse(List`1 sharesList) 位置 F:\项目\饭票后端\TrendAnalyse\DataHelper.cs:行号 190
   在 TrendAnalyse.MQHandler.Consumer_Received(Object sender, BasicDeliverEventArgs e) 位置 F:\项目\饭票后端\TrendAnalyse\MQHandler.cs:行号 200

2021/1/12 15:31:44
执行队列失败
System.NullReferenceException: 未将对象引用设置到对象的实例。
   在 StockTrendMonitor.Models.StockMonitorCore._TestBoxBreach(DB_TRADE_PRICE_INFO priceInfo, UP_OR_DOWN_INFO upOrDownInfo, Int32 iExceedBoxPercent, Boolean bExceedTopOfDay, Int32 iBreachMinutes)
   在 StockTrendMonitor.Models.StockMonitorCore._AnalysisTrend_BoxBreach1(String strStockCode, TREND_PARAM_BOX_BREACH param, TREND_RESULT_BOX_INFO& ref_boxInfo, UP_OR_DOWN_INFO& ref_upOrDownInfo)
   在 StockTrendMonitor.Models.StockMonitorCore.AnalysisTrend_BoxBreach(List`1 lstBoxBreachParam, List`1& ref_lstBoxBreachResult)
   在 TrendAnalyse.DataHelper.Analysis_Trend3(List`1 list, List`1& resultInfo) 位置 F:\项目\饭票后端\TrendAnalyse\DataHelper.cs:行号 395
   在 TrendAnalyse.DataHelper.ToAnalyse(List`1 sharesList) 位置 F:\项目\饭票后端\TrendAnalyse\DataHelper.cs:行号 190
   在 TrendAnalyse.MQHandler.Consumer_Received(Object sender, BasicDeliverEventArgs e) 位置 F:\项目\饭票后端\TrendAnalyse\MQHandler.cs:行号 200

2021/1/12 15:31:48
执行队列失败
System.NullReferenceException: 未将对象引用设置到对象的实例。
   在 StockTrendMonitor.Models.StockMonitorCore._TestBoxBreach(DB_TRADE_PRICE_INFO priceInfo, UP_OR_DOWN_INFO upOrDownInfo, Int32 iExceedBoxPercent, Boolean bExceedTopOfDay, Int32 iBreachMinutes)
   在 StockTrendMonitor.Models.StockMonitorCore._AnalysisTrend_BoxBreach1(String strStockCode, TREND_PARAM_BOX_BREACH param, TREND_RESULT_BOX_INFO& ref_boxInfo, UP_OR_DOWN_INFO& ref_upOrDownInfo)
   在 StockTrendMonitor.Models.StockMonitorCore.AnalysisTrend_BoxBreach(List`1 lstBoxBreachParam, List`1& ref_lstBoxBreachResult)
   在 TrendAnalyse.DataHelper.Analysis_Trend3(List`1 list, List`1& resultInfo) 位置 F:\项目\饭票后端\TrendAnalyse\DataHelper.cs:行号 395
   在 TrendAnalyse.DataHelper.ToAnalyse(List`1 sharesList) 位置 F:\项目\饭票后端\TrendAnalyse\DataHelper.cs:行号 190
   在 TrendAnalyse.MQHandler.Consumer_Received(Object sender, BasicDeliverEventArgs e) 位置 F:\项目\饭票后端\TrendAnalyse\MQHandler.cs:行号 200

2021/1/12 15:31:51
执行队列失败
System.NullReferenceException: 未将对象引用设置到对象的实例。
   在 StockTrendMonitor.Models.StockMonitorCore._TestBoxBreach(DB_TRADE_PRICE_INFO priceInfo, UP_OR_DOWN_INFO upOrDownInfo, Int32 iExceedBoxPercent, Boolean bExceedTopOfDay, Int32 iBreachMinutes)
   在 StockTrendMonitor.Models.StockMonitorCore._AnalysisTrend_BoxBreach1(String strStockCode, TREND_PARAM_BOX_BREACH param, TREND_RESULT_BOX_INFO& ref_boxInfo, UP_OR_DOWN_INFO& ref_upOrDownInfo)
   在 StockTrendMonitor.Models.StockMonitorCore.AnalysisTrend_BoxBreach(List`1 lstBoxBreachParam, List`1& ref_lstBoxBreachResult)
   在 TrendAnalyse.DataHelper.Analysis_Trend3(List`1 list, List`1& resultInfo) 位置 F:\项目\饭票后端\TrendAnalyse\DataHelper.cs:行号 395
   在 TrendAnalyse.DataHelper.ToAnalyse(List`1 sharesList) 位置 F:\项目\饭票后端\TrendAnalyse\DataHelper.cs:行号 190
   在 TrendAnalyse.MQHandler.Consumer_Received(Object sender, BasicDeliverEventArgs e) 位置 F:\项目\饭票后端\TrendAnalyse\MQHandler.cs:行号 200

2021/1/12 15:31:55
执行队列失败
System.NullReferenceException: 未将对象引用设置到对象的实例。
   在 StockTrendMonitor.Models.StockMonitorCore._TestBoxBreach(DB_TRADE_PRICE_INFO priceInfo, UP_OR_DOWN_INFO upOrDownInfo, Int32 iExceedBoxPercent, Boolean bExceedTopOfDay, Int32 iBreachMinutes)
   在 StockTrendMonitor.Models.StockMonitorCore._AnalysisTrend_BoxBreach1(String strStockCode, TREND_PARAM_BOX_BREACH param, TREND_RESULT_BOX_INFO& ref_boxInfo, UP_OR_DOWN_INFO& ref_upOrDownInfo)
   在 StockTrendMonitor.Models.StockMonitorCore.AnalysisTrend_BoxBreach(List`1 lstBoxBreachParam, List`1& ref_lstBoxBreachResult)
   在 TrendAnalyse.DataHelper.Analysis_Trend3(List`1 list, List`1& resultInfo) 位置 F:\项目\饭票后端\TrendAnalyse\DataHelper.cs:行号 395
   在 TrendAnalyse.DataHelper.ToAnalyse(List`1 sharesList) 位置 F:\项目\饭票后端\TrendAnalyse\DataHelper.cs:行号 190
   在 TrendAnalyse.MQHandler.Consumer_Received(Object sender, BasicDeliverEventArgs e) 位置 F:\项目\饭票后端\TrendAnalyse\MQHandler.cs:行号 200

2021/1/12 15:31:55
执行队列失败
System.Collections.Generic.KeyNotFoundException: 给定关键字不在字典中。
   在 System.ThrowHelper.ThrowKeyNotFoundException()
   在 System.Collections.Generic.Dictionary`2.get_Item(TKey key)
   在 TrendAnalyse.DataHelper.ToAnalyse(List`1 sharesList) 位置 F:\项目\饭票后端\TrendAnalyse\DataHelper.cs:行号 168
   在 TrendAnalyse.MQHandler.Consumer_Received(Object sender, BasicDeliverEventArgs e) 位置 F:\项目\饭票后端\TrendAnalyse\MQHandler.cs:行号 200

2021/1/12 15:32:08
执行队列失败
System.NullReferenceException: 未将对象引用设置到对象的实例。
   在 StockTrendMonitor.Models.StockMonitorCore._TestBoxBreach(DB_TRADE_PRICE_INFO priceInfo, UP_OR_DOWN_INFO upOrDownInfo, Int32 iExceedBoxPercent, Boolean bExceedTopOfDay, Int32 iBreachMinutes)
   在 StockTrendMonitor.Models.StockMonitorCore._AnalysisTrend_BoxBreach1(String strStockCode, TREND_PARAM_BOX_BREACH param, TREND_RESULT_BOX_INFO& ref_boxInfo, UP_OR_DOWN_INFO& ref_upOrDownInfo)
   在 StockTrendMonitor.Models.StockMonitorCore.AnalysisTrend_BoxBreach(List`1 lstBoxBreachParam, List`1& ref_lstBoxBreachResult)
   在 TrendAnalyse.DataHelper.Analysis_Trend3(List`1 list, List`1& resultInfo) 位置 F:\项目\饭票后端\TrendAnalyse\DataHelper.cs:行号 395
   在 TrendAnalyse.DataHelper.ToAnalyse(List`1 sharesList) 位置 F:\项目\饭票后端\TrendAnalyse\DataHelper.cs:行号 190
   在 TrendAnalyse.MQHandler.Consumer_Received(Object sender, BasicDeliverEventArgs e) 位置 F:\项目\饭票后端\TrendAnalyse\MQHandler.cs:行号 200

2021/1/12 15:32:23
执行队列失败
System.NullReferenceException: 未将对象引用设置到对象的实例。
   在 StockTrendMonitor.Models.StockMonitorCore._TestBoxBreach(DB_TRADE_PRICE_INFO priceInfo, UP_OR_DOWN_INFO upOrDownInfo, Int32 iExceedBoxPercent, Boolean bExceedTopOfDay, Int32 iBreachMinutes)
   在 StockTrendMonitor.Models.StockMonitorCore._AnalysisTrend_BoxBreach1(String strStockCode, TREND_PARAM_BOX_BREACH param, TREND_RESULT_BOX_INFO& ref_boxInfo, UP_OR_DOWN_INFO& ref_upOrDownInfo)
   在 StockTrendMonitor.Models.StockMonitorCore.AnalysisTrend_BoxBreach(List`1 lstBoxBreachParam, List`1& ref_lstBoxBreachResult)
   在 TrendAnalyse.DataHelper.Analysis_Trend3(List`1 list, List`1& resultInfo) 位置 F:\项目\饭票后端\TrendAnalyse\DataHelper.cs:行号 395
   在 TrendAnalyse.DataHelper.ToAnalyse(List`1 sharesList) 位置 F:\项目\饭票后端\TrendAnalyse\DataHelper.cs:行号 190
   在 TrendAnalyse.MQHandler.Consumer_Received(Object sender, BasicDeliverEventArgs e) 位置 F:\项目\饭票后端\TrendAnalyse\MQHandler.cs:行号 200

2021/1/12 15:32:24
执行队列失败
System.Collections.Generic.KeyNotFoundException: 给定关键字不在字典中。
   在 System.ThrowHelper.ThrowKeyNotFoundException()
   在 System.Collections.Generic.Dictionary`2.get_Item(TKey key)
   在 TrendAnalyse.DataHelper.ToAnalyse(List`1 sharesList) 位置 F:\项目\饭票后端\TrendAnalyse\DataHelper.cs:行号 168
   在 TrendAnalyse.MQHandler.Consumer_Received(Object sender, BasicDeliverEventArgs e) 位置 F:\项目\饭票后端\TrendAnalyse\MQHandler.cs:行号 200

2021/1/12 15:32:27
执行队列失败
System.NullReferenceException: 未将对象引用设置到对象的实例。
   在 StockTrendMonitor.Models.StockMonitorCore._TestBoxBreach(DB_TRADE_PRICE_INFO priceInfo, UP_OR_DOWN_INFO upOrDownInfo, Int32 iExceedBoxPercent, Boolean bExceedTopOfDay, Int32 iBreachMinutes)
   在 StockTrendMonitor.Models.StockMonitorCore._AnalysisTrend_BoxBreach1(String strStockCode, TREND_PARAM_BOX_BREACH param, TREND_RESULT_BOX_INFO& ref_boxInfo, UP_OR_DOWN_INFO& ref_upOrDownInfo)
   在 StockTrendMonitor.Models.StockMonitorCore.AnalysisTrend_BoxBreach(List`1 lstBoxBreachParam, List`1& ref_lstBoxBreachResult)
   在 TrendAnalyse.DataHelper.Analysis_Trend3(List`1 list, List`1& resultInfo) 位置 F:\项目\饭票后端\TrendAnalyse\DataHelper.cs:行号 395
   在 TrendAnalyse.DataHelper.ToAnalyse(List`1 sharesList) 位置 F:\项目\饭票后端\TrendAnalyse\DataHelper.cs:行号 190
   在 TrendAnalyse.MQHandler.Consumer_Received(Object sender, BasicDeliverEventArgs e) 位置 F:\项目\饭票后端\TrendAnalyse\MQHandler.cs:行号 200

2021/1/12 15:32:30
执行队列失败
System.NullReferenceException: 未将对象引用设置到对象的实例。
   在 StockTrendMonitor.Models.StockMonitorCore._TestBoxBreach(DB_TRADE_PRICE_INFO priceInfo, UP_OR_DOWN_INFO upOrDownInfo, Int32 iExceedBoxPercent, Boolean bExceedTopOfDay, Int32 iBreachMinutes)
   在 StockTrendMonitor.Models.StockMonitorCore._AnalysisTrend_BoxBreach1(String strStockCode, TREND_PARAM_BOX_BREACH param, TREND_RESULT_BOX_INFO& ref_boxInfo, UP_OR_DOWN_INFO& ref_upOrDownInfo)
   在 StockTrendMonitor.Models.StockMonitorCore.AnalysisTrend_BoxBreach(List`1 lstBoxBreachParam, List`1& ref_lstBoxBreachResult)
   在 TrendAnalyse.DataHelper.Analysis_Trend3(List`1 list, List`1& resultInfo) 位置 F:\项目\饭票后端\TrendAnalyse\DataHelper.cs:行号 395
   在 TrendAnalyse.DataHelper.ToAnalyse(List`1 sharesList) 位置 F:\项目\饭票后端\TrendAnalyse\DataHelper.cs:行号 190
   在 TrendAnalyse.MQHandler.Consumer_Received(Object sender, BasicDeliverEventArgs e) 位置 F:\项目\饭票后端\TrendAnalyse\MQHandler.cs:行号 200

2021/1/12 15:32:32
执行队列失败
System.NullReferenceException: 未将对象引用设置到对象的实例。
   在 StockTrendMonitor.Models.StockMonitorCore._TestBoxBreach(DB_TRADE_PRICE_INFO priceInfo, UP_OR_DOWN_INFO upOrDownInfo, Int32 iExceedBoxPercent, Boolean bExceedTopOfDay, Int32 iBreachMinutes)
   在 StockTrendMonitor.Models.StockMonitorCore._AnalysisTrend_BoxBreach1(String strStockCode, TREND_PARAM_BOX_BREACH param, TREND_RESULT_BOX_INFO& ref_boxInfo, UP_OR_DOWN_INFO& ref_upOrDownInfo)
   在 StockTrendMonitor.Models.StockMonitorCore.AnalysisTrend_BoxBreach(List`1 lstBoxBreachParam, List`1& ref_lstBoxBreachResult)
   在 TrendAnalyse.DataHelper.Analysis_Trend3(List`1 list, List`1& resultInfo) 位置 F:\项目\饭票后端\TrendAnalyse\DataHelper.cs:行号 395
   在 TrendAnalyse.DataHelper.ToAnalyse(List`1 sharesList) 位置 F:\项目\饭票后端\TrendAnalyse\DataHelper.cs:行号 190
   在 TrendAnalyse.MQHandler.Consumer_Received(Object sender, BasicDeliverEventArgs e) 位置 F:\项目\饭票后端\TrendAnalyse\MQHandler.cs:行号 200

2021/1/12 15:44:11
执行队列失败
System.NullReferenceException: 未将对象引用设置到对象的实例。
   在 StockTrendMonitor.Models.StockMonitorCore._TestBoxBreach(DB_TRADE_PRICE_INFO priceInfo, UP_OR_DOWN_INFO upOrDownInfo, Int32 iExceedBoxPercent, Boolean bExceedTopOfDay, Int32 iBreachMinutes)
   在 StockTrendMonitor.Models.StockMonitorCore._AnalysisTrend_BoxBreach1(String strStockCode, TREND_PARAM_BOX_BREACH param, TREND_RESULT_BOX_INFO& ref_boxInfo, UP_OR_DOWN_INFO& ref_upOrDownInfo)
   在 StockTrendMonitor.Models.StockMonitorCore.AnalysisTrend_BoxBreach(List`1 lstBoxBreachParam, List`1& ref_lstBoxBreachResult)
   在 TrendAnalyse.DataHelper.Analysis_Trend3(List`1 list, List`1& resultInfo) 位置 F:\项目\饭票后端\TrendAnalyse\DataHelper.cs:行号 395
   在 TrendAnalyse.DataHelper.ToAnalyse(List`1 sharesList) 位置 F:\项目\饭票后端\TrendAnalyse\DataHelper.cs:行号 190
   在 TrendAnalyse.MQHandler.Consumer_Received(Object sender, BasicDeliverEventArgs e) 位置 F:\项目\饭票后端\TrendAnalyse\MQHandler.cs:行号 200

2021/1/12 15:46:22
执行队列失败
System.ComponentModel.Win32Exception (0x80004005): 找不到网络路径。

2021/1/12 16:24:14
执行队列失败
System.Collections.Generic.KeyNotFoundException: 给定关键字不在字典中。
   在 System.ThrowHelper.ThrowKeyNotFoundException()
   在 System.Collections.Generic.Dictionary`2.get_Item(TKey key)
   在 TrendAnalyse.DataHelper.ToAnalyse(List`1 sharesList) 位置 F:\项目\饭票后端\TrendAnalyse\DataHelper.cs:行号 168
   在 TrendAnalyse.MQHandler.Consumer_Received(Object sender, BasicDeliverEventArgs e) 位置 F:\项目\饭票后端\TrendAnalyse\MQHandler.cs:行号 200

2021/1/12 16:26:32
执行队列失败
System.Collections.Generic.KeyNotFoundException: 给定关键字不在字典中。
   在 System.ThrowHelper.ThrowKeyNotFoundException()
   在 System.Collections.Generic.Dictionary`2.get_Item(TKey key)
   在 TrendAnalyse.DataHelper.ToAnalyse(List`1 sharesList) 位置 F:\项目\饭票后端\TrendAnalyse\DataHelper.cs:行号 168
   在 TrendAnalyse.MQHandler.Consumer_Received(Object sender, BasicDeliverEventArgs e) 位置 F:\项目\饭票后端\TrendAnalyse\MQHandler.cs:行号 200

2021/1/12 16:46:59
执行队列失败
System.Collections.Generic.KeyNotFoundException: 给定关键字不在字典中。
   在 System.ThrowHelper.ThrowKeyNotFoundException()
   在 System.Collections.Generic.Dictionary`2.get_Item(TKey key)
   在 TrendAnalyse.DataHelper.ToAnalyse(List`1 sharesList) 位置 F:\项目\饭票后端\TrendAnalyse\DataHelper.cs:行号 168
   在 TrendAnalyse.MQHandler.Consumer_Received(Object sender, BasicDeliverEventArgs e) 位置 F:\项目\饭票后端\TrendAnalyse\MQHandler.cs:行号 200

2021/1/12 16:49:26
执行队列失败
System.Collections.Generic.KeyNotFoundException: 给定关键字不在字典中。
   在 System.ThrowHelper.ThrowKeyNotFoundException()
   在 System.Collections.Generic.Dictionary`2.get_Item(TKey key)
   在 TrendAnalyse.DataHelper.ToAnalyse(List`1 sharesList) 位置 F:\项目\饭票后端\TrendAnalyse\DataHelper.cs:行号 168
   在 TrendAnalyse.MQHandler.Consumer_Received(Object sender, BasicDeliverEventArgs e) 位置 F:\项目\饭票后端\TrendAnalyse\MQHandler.cs:行号 200

