2021/1/15 10:13:26
执行队列失败
System.Collections.Generic.KeyNotFoundException: 给定关键字不在字典中。
   在 System.ThrowHelper.ThrowKeyNotFoundException()
   在 System.Collections.Generic.Dictionary`2.get_Item(TKey key)
   在 TrendAnalyse.DataHelper.ToAnalyse(List`1 sharesList) 位置 F:\项目\饭票后端\TrendAnalyse\DataHelper.cs:行号 168
   在 TrendAnalyse.MQHandler.Consumer_Received(Object sender, BasicDeliverEventArgs e) 位置 F:\项目\饭票后端\TrendAnalyse\MQHandler.cs:行号 200

2021/1/15 10:20:38
执行队列失败
System.Collections.Generic.KeyNotFoundException: 给定关键字不在字典中。
   在 System.ThrowHelper.ThrowKeyNotFoundException()
   在 System.Collections.Generic.Dictionary`2.get_Item(TKey key)
   在 TrendAnalyse.DataHelper.ToAnalyse(List`1 sharesList) 位置 F:\项目\饭票后端\TrendAnalyse\DataHelper.cs:行号 168
   在 TrendAnalyse.MQHandler.Consumer_Received(Object sender, BasicDeliverEventArgs e) 位置 F:\项目\饭票后端\TrendAnalyse\MQHandler.cs:行号 200

2021/1/15 10:29:36
执行队列失败
System.ComponentModel.Win32Exception (0x80004005): 找不到网络路径。

2021/1/15 10:29:36
执行队列失败
System.ComponentModel.Win32Exception (0x80004005): 找不到网络路径。

2021/1/15 10:29:36
执行队列失败
System.ComponentModel.Win32Exception (0x80004005): 找不到网络路径。

2021/1/15 10:29:36
执行队列失败
System.ComponentModel.Win32Exception (0x80004005): 找不到网络路径。

2021/1/15 10:29:36
执行队列失败
System.ComponentModel.Win32Exception (0x80004005): 找不到网络路径。

2021/1/15 10:29:36
执行队列失败
System.ComponentModel.Win32Exception (0x80004005): 找不到网络路径。

2021/1/15 10:29:36
执行队列失败
System.ComponentModel.Win32Exception (0x80004005): 找不到网络路径。

2021/1/15 10:29:36
执行队列失败
System.ComponentModel.Win32Exception (0x80004005): 找不到网络路径。

2021/1/15 10:29:36
执行队列失败
System.ComponentModel.Win32Exception (0x80004005): 找不到网络路径。

2021/1/15 10:29:36
执行队列失败
System.ComponentModel.Win32Exception (0x80004005): 找不到网络路径。

2021/1/15 10:29:36
执行队列失败
System.ComponentModel.Win32Exception (0x80004005): 找不到网络路径。

2021/1/15 10:29:36
执行队列失败
System.ComponentModel.Win32Exception (0x80004005): 找不到网络路径。

2021/1/15 10:29:36
执行队列失败
System.ComponentModel.Win32Exception (0x80004005): 找不到网络路径。

2021/1/15 10:29:36
执行队列失败
System.ComponentModel.Win32Exception (0x80004005): 找不到网络路径。

2021/1/15 10:29:36
执行队列失败
System.ComponentModel.Win32Exception (0x80004005): 找不到网络路径。

2021/1/15 10:29:36
执行队列失败
System.ComponentModel.Win32Exception (0x80004005): 找不到网络路径。

2021/1/15 10:29:36
执行队列失败
System.ComponentModel.Win32Exception (0x80004005): 找不到网络路径。

2021/1/15 10:29:36
执行队列失败
System.ComponentModel.Win32Exception (0x80004005): 找不到网络路径。

2021/1/15 10:29:36
执行队列失败
System.ComponentModel.Win32Exception (0x80004005): 找不到网络路径。

2021/1/15 10:29:36
执行队列失败
System.ComponentModel.Win32Exception (0x80004005): 找不到网络路径。

2021/1/15 10:29:36
执行队列失败
System.ComponentModel.Win32Exception (0x80004005): 找不到网络路径。

2021/1/15 10:29:37
执行队列失败
System.ComponentModel.Win32Exception (0x80004005): 找不到网络路径。

2021/1/15 10:29:37
执行队列失败
System.ComponentModel.Win32Exception (0x80004005): 找不到网络路径。

2021/1/15 10:29:37
执行队列失败
System.ComponentModel.Win32Exception (0x80004005): 找不到网络路径。

2021/1/15 10:29:37
执行队列失败
System.ComponentModel.Win32Exception (0x80004005): 找不到网络路径。

2021/1/15 10:29:37
执行队列失败
System.ComponentModel.Win32Exception (0x80004005): 找不到网络路径。

2021/1/15 10:29:37
执行队列失败
System.ComponentModel.Win32Exception (0x80004005): 找不到网络路径。

2021/1/15 10:29:37
执行队列失败
System.ComponentModel.Win32Exception (0x80004005): 找不到网络路径。

2021/1/15 10:29:37
执行队列失败
System.ComponentModel.Win32Exception (0x80004005): 找不到网络路径。

2021/1/15 10:29:37
执行队列失败
System.ComponentModel.Win32Exception (0x80004005): 找不到网络路径。

2021/1/15 10:29:37
执行队列失败
System.ComponentModel.Win32Exception (0x80004005): 找不到网络路径。

2021/1/15 10:29:37
执行队列失败
System.ComponentModel.Win32Exception (0x80004005): 找不到网络路径。

2021/1/15 10:29:37
执行队列失败
System.ComponentModel.Win32Exception (0x80004005): 找不到网络路径。

2021/1/15 10:29:37
执行队列失败
System.ComponentModel.Win32Exception (0x80004005): 找不到网络路径。

2021/1/15 10:29:37
执行队列失败
System.ComponentModel.Win32Exception (0x80004005): 找不到网络路径。

2021/1/15 10:29:37
执行队列失败
System.ComponentModel.Win32Exception (0x80004005): 找不到网络路径。

2021/1/15 10:29:37
执行队列失败
System.ComponentModel.Win32Exception (0x80004005): 找不到网络路径。

2021/1/15 10:29:37
执行队列失败
System.ComponentModel.Win32Exception (0x80004005): 找不到网络路径。

2021/1/15 10:29:37
执行队列失败
System.ComponentModel.Win32Exception (0x80004005): 找不到网络路径。

2021/1/15 10:29:37
执行队列失败
System.ComponentModel.Win32Exception (0x80004005): 找不到网络路径。

2021/1/15 10:29:37
执行队列失败
System.ComponentModel.Win32Exception (0x80004005): 找不到网络路径。

2021/1/15 10:29:37
执行队列失败
System.ComponentModel.Win32Exception (0x80004005): 找不到网络路径。

2021/1/15 10:29:37
执行队列失败
System.ComponentModel.Win32Exception (0x80004005): 找不到网络路径。

2021/1/15 10:29:37
执行队列失败
System.ComponentModel.Win32Exception (0x80004005): 找不到网络路径。

2021/1/15 10:29:37
执行队列失败
System.ComponentModel.Win32Exception (0x80004005): 找不到网络路径。

2021/1/15 10:29:37
执行队列失败
System.ComponentModel.Win32Exception (0x80004005): 找不到网络路径。

2021/1/15 10:29:37
执行队列失败
System.ComponentModel.Win32Exception (0x80004005): 找不到网络路径。

2021/1/15 10:29:37
执行队列失败
System.ComponentModel.Win32Exception (0x80004005): 找不到网络路径。

2021/1/15 10:29:37
执行队列失败
System.ComponentModel.Win32Exception (0x80004005): 找不到网络路径。

2021/1/15 10:29:37
执行队列失败
System.ComponentModel.Win32Exception (0x80004005): 找不到网络路径。

2021/1/15 10:29:37
执行队列失败
System.ComponentModel.Win32Exception (0x80004005): 找不到网络路径。

2021/1/15 10:29:37
执行队列失败
System.ComponentModel.Win32Exception (0x80004005): 找不到网络路径。

2021/1/15 10:29:37
执行队列失败
System.ComponentModel.Win32Exception (0x80004005): 找不到网络路径。

2021/1/15 10:29:37
执行队列失败
System.ComponentModel.Win32Exception (0x80004005): 找不到网络路径。

2021/1/15 10:29:37
执行队列失败
System.ComponentModel.Win32Exception (0x80004005): 找不到网络路径。

2021/1/15 10:29:37
执行队列失败
System.ComponentModel.Win32Exception (0x80004005): 找不到网络路径。

2021/1/15 10:29:37
执行队列失败
System.ComponentModel.Win32Exception (0x80004005): 找不到网络路径。

2021/1/15 10:29:37
执行队列失败
System.ComponentModel.Win32Exception (0x80004005): 找不到网络路径。

2021/1/15 10:29:37
执行队列失败
System.ComponentModel.Win32Exception (0x80004005): 找不到网络路径。

2021/1/15 10:29:37
执行队列失败
System.ComponentModel.Win32Exception (0x80004005): 找不到网络路径。

2021/1/15 10:29:37
执行队列失败
System.ComponentModel.Win32Exception (0x80004005): 找不到网络路径。

2021/1/15 10:29:37
执行队列失败
System.ComponentModel.Win32Exception (0x80004005): 找不到网络路径。

2021/1/15 10:29:38
执行队列失败
System.ComponentModel.Win32Exception (0x80004005): 找不到网络路径。

2021/1/15 10:29:38
执行队列失败
System.ComponentModel.Win32Exception (0x80004005): 找不到网络路径。

2021/1/15 10:29:38
执行队列失败
System.ComponentModel.Win32Exception (0x80004005): 找不到网络路径。

2021/1/15 10:29:38
执行队列失败
System.ComponentModel.Win32Exception (0x80004005): 找不到网络路径。

