==============2021-08-06 15:32:50==============
===6开始执行条件2021-08-06 15:32:49.741===
===开始判断价格条件2021-08-06 15:32:49.741===
===开始判断额外/转自动条件2021-08-06 15:32:49.968===
===2021-08-06 15:32:50.013===
股票：603993指定时间段判断-额外参数：
	分组名称：1
	走势名称：时间段
		条件不成立(当前时间：2021-08-06 15:32:49.731,条件时段：09:30:00-13:00:00)
	结果：未满足
===2021-08-06 15:32:50.013===
===2021-08-06 15:32:50.065===
股票：603993板块涨跌幅判断-额外参数：
	分组名称：1
	走势名称：发
		条件不成立(不符合板块涨跌幅条件)
	结果：未满足，返回code：-1
===2021-08-06 15:32:50.309===
额外条件未满足


===============================================

==============2021-08-06 17:05:02==============
===6开始执行条件2021-08-06 17:05:00.599===
===开始判断价格条件2021-08-06 17:05:00.599===
===开始判断额外/转自动条件2021-08-06 17:05:00.911===
===2021-08-06 17:05:01.312===
股票：603993指定时间段判断-额外参数：
	分组名称：1
	走势名称：时间段
		条件不成立(当前时间：2021-08-06 17:05:00.598,条件时段：09:30:00-13:00:00)
	结果：未满足
===2021-08-06 17:05:01.313===
===2021-08-06 17:05:01.529===
股票：603993板块涨跌幅判断-额外参数：
	分组名称：1
	走势名称：发
		条件不成立(不符合板块涨跌幅条件)
	结果：未满足，返回code：-1
===2021-08-06 17:05:02.479===
额外条件未满足


===============================================

==============2021-08-06 17:05:41==============
===6开始执行条件2021-08-06 17:05:39.585===
===开始判断价格条件2021-08-06 17:05:39.585===
===开始判断额外/转自动条件2021-08-06 17:05:40.404===
===2021-08-06 17:05:40.497===
股票：603993指定时间段判断-额外参数：
	分组名称：1
	走势名称：时间段
		条件不成立(当前时间：2021-08-06 17:05:39.585,条件时段：09:30:00-13:00:00)
	结果：未满足
===2021-08-06 17:05:40.497===
===2021-08-06 17:05:40.569===
股票：603993板块涨跌幅判断-额外参数：
	分组名称：1
	走势名称：发
		条件不成立(不符合板块涨跌幅条件)
	结果：未满足，返回code：-1
===2021-08-06 17:05:41.370===
额外条件未满足


===============================================

==============2021-08-06 17:10:26==============
===6开始执行条件2021-08-06 17:10:25.060===
===开始判断价格条件2021-08-06 17:10:25.060===
===开始判断额外/转自动条件2021-08-06 17:10:25.452===
===2021-08-06 17:10:25.525===
股票：603993指定时间段判断-额外参数：
	分组名称：1
	走势名称：时间段
		条件不成立(当前时间：2021-08-06 17:10:25.060,条件时段：09:30:00-13:00:00)
	结果：未满足
===2021-08-06 17:10:25.525===
===2021-08-06 17:10:25.677===
股票：603993板块涨跌幅判断-额外参数：
	分组名称：1
	走势名称：发
		条件不成立(不符合板块涨跌幅条件)
	结果：未满足，返回code：-1
===2021-08-06 17:10:26.591===
额外条件未满足


===============================================

==============2021-08-06 17:10:43==============
===6开始执行条件2021-08-06 17:10:42.329===
===开始判断价格条件2021-08-06 17:10:42.329===
===开始判断额外/转自动条件2021-08-06 17:10:42.540===
===2021-08-06 17:10:42.763===
股票：603993指定时间段判断-额外参数：
	分组名称：1
	走势名称：时间段
		条件不成立(当前时间：2021-08-06 17:10:42.329,条件时段：09:30:00-13:00:00)
	结果：未满足
===2021-08-06 17:10:42.763===
===2021-08-06 17:10:42.850===
股票：603993板块涨跌幅判断-额外参数：
	分组名称：1
	走势名称：发
		条件不成立(不符合板块涨跌幅条件)
	结果：未满足，返回code：-1
===2021-08-06 17:10:43.399===
额外条件未满足


===============================================

