==============2021-08-10 17:41:23==============
===6开始执行条件2021-08-10 17:41:22.171===
===开始判断价格条件2021-08-10 17:41:22.171===
===开始判断额外/转自动条件2021-08-10 17:41:22.309===
===2021-08-10 17:41:22.403===
股票：300816指定时间段判断-额外参数：
	分组名称：1
	走势名称：时间段
		条件不成立(当前时间：2021-08-10 17:41:22.170,条件时段：09:30:00-13:00:00)
	结果：未满足
===2021-08-10 17:41:22.403===
===2021-08-10 17:41:22.444===
股票：300816板块涨跌幅判断-额外参数：
	分组名称：1
	走势名称：发
		条件不成立(不符合板块涨跌幅条件)
	结果：未满足，返回code：-1
===2021-08-10 17:41:23.252===
额外条件未满足


===============================================

==============2021-08-10 17:44:15==============
===6开始执行条件2021-08-10 17:44:14.093===
===开始判断价格条件2021-08-10 17:44:14.093===
===开始判断额外/转自动条件2021-08-10 17:44:14.325===
===2021-08-10 17:44:14.523===
股票：300816指定时间段判断-额外参数：
	分组名称：1
	走势名称：时间段
		条件不成立(当前时间：2021-08-10 17:44:14.086,条件时段：09:30:00-13:00:00)
	结果：未满足
===2021-08-10 17:44:14.524===
===2021-08-10 17:44:14.896===
股票：300816板块涨跌幅判断-额外参数：
	分组名称：1
	走势名称：发
		条件不成立(不符合板块涨跌幅条件)
	结果：未满足，返回code：-1
===2021-08-10 17:44:15.429===
额外条件未满足


===============================================

==============2021-08-10 17:49:45==============
===6开始执行条件2021-08-10 17:49:41.645===
===开始判断价格条件2021-08-10 17:49:41.645===
===开始判断额外/转自动条件2021-08-10 17:49:43.498===
===2021-08-10 17:49:44.607===
股票：300816指定时间段判断-额外参数：
	分组名称：1
	走势名称：时间段
		条件不成立(当前时间：2021-08-10 17:49:41.645,条件时段：09:30:00-13:00:00)
	结果：未满足
===2021-08-10 17:49:44.607===
===2021-08-10 17:49:44.755===
股票：300816板块涨跌幅判断-额外参数：
	分组名称：1
	走势名称：发
		条件不成立(不符合板块涨跌幅条件)
	结果：未满足，返回code：-1
===2021-08-10 17:49:45.934===
额外条件未满足


===============================================

==============2021-08-10 17:50:03==============
===6开始执行条件2021-08-10 17:49:59.220===
===开始判断价格条件2021-08-10 17:49:59.220===
===开始判断额外/转自动条件2021-08-10 17:50:02.237===
===2021-08-10 17:50:02.736===
股票：300816指定时间段判断-额外参数：
	分组名称：1
	走势名称：时间段
		条件不成立(当前时间：2021-08-10 17:49:59.220,条件时段：09:30:00-13:00:00)
	结果：未满足
===2021-08-10 17:50:02.736===
===2021-08-10 17:50:02.856===
股票：300816板块涨跌幅判断-额外参数：
	分组名称：1
	走势名称：发
		条件不成立(不符合板块涨跌幅条件)
	结果：未满足，返回code：-1
===2021-08-10 17:50:03.354===
额外条件未满足


===============================================

==============2021-08-10 17:53:21==============
===6开始执行条件2021-08-10 17:53:19.506===
===开始判断价格条件2021-08-10 17:53:19.506===
===开始判断额外/转自动条件2021-08-10 17:53:20.124===
===2021-08-10 17:53:20.410===
股票：300816指定时间段判断-额外参数：
	分组名称：1
	走势名称：时间段
		条件不成立(当前时间：2021-08-10 17:53:19.506,条件时段：09:30:00-13:00:00)
	结果：未满足
===2021-08-10 17:53:20.410===
===2021-08-10 17:53:20.454===
股票：300816板块涨跌幅判断-额外参数：
	分组名称：1
	走势名称：发
		条件不成立(不符合板块涨跌幅条件)
	结果：未满足，返回code：-1
===2021-08-10 17:53:21.485===
额外条件未满足


===============================================

==============2021-08-10 17:53:53==============
===6开始执行条件2021-08-10 17:53:50.948===
===开始判断价格条件2021-08-10 17:53:50.948===
===开始判断额外/转自动条件2021-08-10 17:53:51.362===
===2021-08-10 17:53:51.593===
股票：300816指定时间段判断-额外参数：
	分组名称：1
	走势名称：时间段
		条件不成立(当前时间：2021-08-10 17:53:50.947,条件时段：09:30:00-13:00:00)
	结果：未满足
===2021-08-10 17:53:51.593===
===2021-08-10 17:53:51.655===
股票：300816板块涨跌幅判断-额外参数：
	分组名称：1
	走势名称：发
		条件不成立(不符合板块涨跌幅条件)
	结果：未满足，返回code：-1
===2021-08-10 17:53:53.844===
额外条件未满足


===============================================

==============2021-08-10 17:54:06==============
===6开始执行条件2021-08-10 17:54:05.864===
===开始判断价格条件2021-08-10 17:54:05.864===
===开始判断额外/转自动条件2021-08-10 17:54:06.000===
===2021-08-10 17:54:06.134===
股票：300816指定时间段判断-额外参数：
	分组名称：1
	走势名称：时间段
		条件不成立(当前时间：2021-08-10 17:54:05.863,条件时段：09:30:00-13:00:00)
	结果：未满足
===2021-08-10 17:54:06.134===
===2021-08-10 17:54:06.214===
股票：300816板块涨跌幅判断-额外参数：
	分组名称：1
	走势名称：发
		条件不成立(不符合板块涨跌幅条件)
	结果：未满足，返回code：-1
===2021-08-10 17:54:06.575===
额外条件未满足


===============================================

==============2021-08-10 17:54:23==============
===6开始执行条件2021-08-10 17:54:21.749===
===开始判断价格条件2021-08-10 17:54:21.749===
===开始判断额外/转自动条件2021-08-10 17:54:22.058===
===2021-08-10 17:54:22.132===
股票：300816指定时间段判断-额外参数：
	分组名称：1
	走势名称：时间段
		条件不成立(当前时间：2021-08-10 17:54:21.749,条件时段：09:30:00-13:00:00)
	结果：未满足
===2021-08-10 17:54:22.132===
===2021-08-10 17:54:22.379===
股票：300816板块涨跌幅判断-额外参数：
	分组名称：1
	走势名称：发
		条件不成立(不符合板块涨跌幅条件)
	结果：未满足，返回code：-1
===2021-08-10 17:54:23.329===
额外条件未满足


===============================================

