==============2021-08-09 10:10:57==============
===6开始执行条件2021-08-09 10:10:57.035===
===开始判断价格条件2021-08-09 10:10:57.035===
===开始判断额外/转自动条件2021-08-09 10:10:57.200===
===2021-08-09 10:10:57.285===
股票：300816指定时间段判断-额外参数：
	分组名称：1
	走势名称：时间段
		条件成立(当前时间：2021-08-09 10:10:57.035,条件时段：09:30:00-13:00:00)
	结果：达到要求
===2021-08-09 10:10:57.364===
===2021-08-09 10:10:57.715===
股票：300816多头向上判断-转自动参数：
	分组名称：2
	走势名称：多头向上
	结果：未满足，返回code：0
===2021-08-09 10:10:57.715===
满足所有条件，可以触发


===============================================

==============2021-08-09 10:11:07==============
===6开始执行条件2021-08-09 10:11:06.977===
===开始判断价格条件2021-08-09 10:11:06.978===
===开始判断额外/转自动条件2021-08-09 10:11:07.070===
===2021-08-09 10:11:07.126===
股票：300816指定时间段判断-额外参数：
	分组名称：1
	走势名称：时间段
		条件成立(当前时间：2021-08-09 10:11:06.976,条件时段：09:30:00-13:00:00)
	结果：达到要求
===2021-08-09 10:11:07.184===
===2021-08-09 10:11:07.267===
股票：300816多头向上判断-转自动参数：
	分组名称：2
	走势名称：多头向上
	结果：未满足，返回code：0
===2021-08-09 10:11:07.267===
满足所有条件，可以触发


===============================================

==============2021-08-09 10:11:28==============
===6开始执行条件2021-08-09 10:11:24.650===
===开始判断价格条件2021-08-09 10:11:24.650===
===开始判断额外/转自动条件2021-08-09 10:11:26.103===
===2021-08-09 10:11:26.635===
股票：300816指定时间段判断-额外参数：
	分组名称：1
	走势名称：时间段
		条件成立(当前时间：2021-08-09 10:11:24.650,条件时段：09:30:00-13:00:00)
	结果：达到要求
===2021-08-09 10:11:27.242===
===2021-08-09 10:11:28.483===
股票：300816多头向上判断-转自动参数：
	分组名称：2
	走势名称：多头向上
	结果：未满足，返回code：0
===2021-08-09 10:11:28.483===
满足所有条件，可以触发


===============================================

==============2021-08-09 11:02:43==============
===6开始执行条件2021-08-09 11:02:43.325===
===开始判断价格条件2021-08-09 11:02:43.325===
===开始判断额外/转自动条件2021-08-09 11:02:43.464===
===2021-08-09 11:02:43.557===
股票：300816指定时间段判断-额外参数：
	分组名称：1
	走势名称：时间段
		条件成立(当前时间：2021-08-09 11:02:43.325,条件时段：09:30:00-13:00:00)
	结果：达到要求
===2021-08-09 11:02:43.617===
===2021-08-09 11:02:43.760===
股票：300816多头向上判断-转自动参数：
	分组名称：2
	走势名称：多头向上
	结果：未满足，返回code：0
===2021-08-09 11:02:43.760===
满足所有条件，可以触发


===============================================

==============2021-08-09 11:03:17==============
===6开始执行条件2021-08-09 11:03:16.639===
===开始判断价格条件2021-08-09 11:03:16.639===
===开始判断额外/转自动条件2021-08-09 11:03:16.735===
===2021-08-09 11:03:16.844===
股票：300816指定时间段判断-额外参数：
	分组名称：1
	走势名称：时间段
		条件成立(当前时间：2021-08-09 11:03:16.638,条件时段：09:30:00-13:00:00)
	结果：达到要求
===2021-08-09 11:03:16.994===
===2021-08-09 11:03:17.129===
股票：300816多头向上判断-转自动参数：
	分组名称：2
	走势名称：多头向上
	结果：未满足，返回code：0
===2021-08-09 11:03:17.129===
满足所有条件，可以触发


===============================================

==============2021-08-09 11:03:32==============
===6开始执行条件2021-08-09 11:03:31.528===
===开始判断价格条件2021-08-09 11:03:31.528===
===开始判断额外/转自动条件2021-08-09 11:03:32.044===
===2021-08-09 11:03:32.247===
股票：300816指定时间段判断-额外参数：
	分组名称：1
	走势名称：时间段
		条件成立(当前时间：2021-08-09 11:03:31.528,条件时段：09:30:00-13:00:00)
	结果：达到要求
===2021-08-09 11:03:32.389===
===2021-08-09 11:03:32.494===
股票：300816多头向上判断-转自动参数：
	分组名称：2
	走势名称：多头向上
	结果：未满足，返回code：0
===2021-08-09 11:03:32.494===
满足所有条件，可以触发


===============================================

