==============2021-08-06 15:12:53==============
===6开始执行条件2021-08-06 15:12:52.597===
===开始判断价格条件2021-08-06 15:12:52.597===
===开始判断额外/转自动条件2021-08-06 15:12:53.349===
===2021-08-06 15:12:53.399===
股票：300816指定时间段判断-额外参数：
	分组名称：1
	走势名称：时间段
		条件不成立(当前时间：2021-08-06 15:12:52.589,条件时段：09:30:00-13:00:00)
	结果：未满足
===2021-08-06 15:12:53.399===
===2021-08-06 15:12:53.419===
股票：300816板块涨跌幅判断-额外参数：
	分组名称：1
	走势名称：发
		条件不成立(不符合板块涨跌幅条件)
	结果：未满足，返回code：-1
===2021-08-06 15:12:53.667===
额外条件未满足


===============================================

==============2021-08-06 15:14:13==============
===6开始执行条件2021-08-06 15:14:11.705===
===开始判断价格条件2021-08-06 15:14:11.705===
===开始判断额外/转自动条件2021-08-06 15:14:11.885===
===2021-08-06 15:14:11.953===
股票：300816指定时间段判断-额外参数：
	分组名称：1
	走势名称：时间段
		条件不成立(当前时间：2021-08-06 15:14:11.705,条件时段：09:30:00-13:00:00)
	结果：未满足
===2021-08-06 15:14:11.953===
===2021-08-06 15:14:12.019===
股票：300816板块涨跌幅判断-额外参数：
	分组名称：1
	走势名称：发
		条件不成立(不符合板块涨跌幅条件)
	结果：未满足，返回code：-1
===2021-08-06 15:14:13.297===
额外条件未满足


===============================================

==============2021-08-06 15:32:46==============
===6开始执行条件2021-08-06 15:32:45.752===
===开始判断价格条件2021-08-06 15:32:45.752===
===开始判断额外/转自动条件2021-08-06 15:32:45.899===
===2021-08-06 15:32:46.081===
股票：300816指定时间段判断-额外参数：
	分组名称：1
	走势名称：时间段
		条件不成立(当前时间：2021-08-06 15:32:45.752,条件时段：09:30:00-13:00:00)
	结果：未满足
===2021-08-06 15:32:46.081===
===2021-08-06 15:32:46.185===
股票：300816板块涨跌幅判断-额外参数：
	分组名称：1
	走势名称：发
		条件不成立(不符合板块涨跌幅条件)
	结果：未满足，返回code：-1
===2021-08-06 15:32:46.479===
额外条件未满足


===============================================

==============2021-08-06 17:04:40==============
===6开始执行条件2021-08-06 17:04:39.603===
===开始判断价格条件2021-08-06 17:04:39.603===
===开始判断额外/转自动条件2021-08-06 17:04:39.672===
===2021-08-06 17:04:39.843===
股票：300816指定时间段判断-额外参数：
	分组名称：1
	走势名称：时间段
		条件不成立(当前时间：2021-08-06 17:04:39.603,条件时段：09:30:00-13:00:00)
	结果：未满足
===2021-08-06 17:04:39.843===
===2021-08-06 17:04:39.939===
股票：300816板块涨跌幅判断-额外参数：
	分组名称：1
	走势名称：发
		条件不成立(不符合板块涨跌幅条件)
	结果：未满足，返回code：-1
===2021-08-06 17:04:40.435===
额外条件未满足


===============================================

==============2021-08-06 17:04:56==============
===6开始执行条件2021-08-06 17:04:55.167===
===开始判断价格条件2021-08-06 17:04:55.167===
===开始判断额外/转自动条件2021-08-06 17:04:55.473===
===2021-08-06 17:04:55.677===
股票：300816指定时间段判断-额外参数：
	分组名称：1
	走势名称：时间段
		条件不成立(当前时间：2021-08-06 17:04:55.167,条件时段：09:30:00-13:00:00)
	结果：未满足
===2021-08-06 17:04:55.677===
===2021-08-06 17:04:55.708===
股票：300816板块涨跌幅判断-额外参数：
	分组名称：1
	走势名称：发
		条件不成立(不符合板块涨跌幅条件)
	结果：未满足，返回code：-1
===2021-08-06 17:04:56.553===
额外条件未满足


===============================================

==============2021-08-06 17:05:21==============
===6开始执行条件2021-08-06 17:05:19.991===
===开始判断价格条件2021-08-06 17:05:19.991===
===开始判断额外/转自动条件2021-08-06 17:05:20.304===
===2021-08-06 17:05:20.579===
股票：300816指定时间段判断-额外参数：
	分组名称：1
	走势名称：时间段
		条件不成立(当前时间：2021-08-06 17:05:19.989,条件时段：09:30:00-13:00:00)
	结果：未满足
===2021-08-06 17:05:20.579===
===2021-08-06 17:05:20.620===
股票：300816板块涨跌幅判断-额外参数：
	分组名称：1
	走势名称：发
		条件不成立(不符合板块涨跌幅条件)
	结果：未满足，返回code：-1
===2021-08-06 17:05:21.673===
额外条件未满足


===============================================

==============2021-08-06 17:05:36==============
===6开始执行条件2021-08-06 17:05:34.614===
===开始判断价格条件2021-08-06 17:05:34.614===
===开始判断额外/转自动条件2021-08-06 17:05:34.909===
===2021-08-06 17:05:35.278===
股票：300816指定时间段判断-额外参数：
	分组名称：1
	走势名称：时间段
		条件不成立(当前时间：2021-08-06 17:05:34.613,条件时段：09:30:00-13:00:00)
	结果：未满足
===2021-08-06 17:05:35.278===
===2021-08-06 17:05:35.358===
股票：300816板块涨跌幅判断-额外参数：
	分组名称：1
	走势名称：发
		条件不成立(不符合板块涨跌幅条件)
	结果：未满足，返回code：-1
===2021-08-06 17:05:36.138===
额外条件未满足


===============================================

==============2021-08-06 17:05:58==============
===6开始执行条件2021-08-06 17:05:56.396===
===开始判断价格条件2021-08-06 17:05:56.396===
===开始判断额外/转自动条件2021-08-06 17:05:56.715===
===2021-08-06 17:05:57.103===
股票：300816指定时间段判断-额外参数：
	分组名称：1
	走势名称：时间段
		条件不成立(当前时间：2021-08-06 17:05:56.396,条件时段：09:30:00-13:00:00)
	结果：未满足
===2021-08-06 17:05:57.104===
===2021-08-06 17:05:57.137===
股票：300816板块涨跌幅判断-额外参数：
	分组名称：1
	走势名称：发
		条件不成立(不符合板块涨跌幅条件)
	结果：未满足，返回code：-1
===2021-08-06 17:05:58.436===
额外条件未满足


===============================================

==============2021-08-06 17:07:08==============
===6开始执行条件2021-08-06 17:07:05.609===
===开始判断价格条件2021-08-06 17:07:05.609===
===开始判断额外/转自动条件2021-08-06 17:07:06.345===
===2021-08-06 17:07:07.111===
股票：300816指定时间段判断-额外参数：
	分组名称：1
	走势名称：时间段
		条件不成立(当前时间：2021-08-06 17:07:05.609,条件时段：09:30:00-13:00:00)
	结果：未满足
===2021-08-06 17:07:07.111===
===2021-08-06 17:07:07.274===
股票：300816板块涨跌幅判断-额外参数：
	分组名称：1
	走势名称：发
		条件不成立(不符合板块涨跌幅条件)
	结果：未满足，返回code：-1
===2021-08-06 17:07:08.976===
额外条件未满足


===============================================

==============2021-08-06 17:07:28==============
===6开始执行条件2021-08-06 17:07:26.905===
===开始判断价格条件2021-08-06 17:07:26.906===
===开始判断额外/转自动条件2021-08-06 17:07:27.410===
===2021-08-06 17:07:27.526===
股票：300816指定时间段判断-额外参数：
	分组名称：1
	走势名称：时间段
		条件不成立(当前时间：2021-08-06 17:07:26.905,条件时段：09:30:00-13:00:00)
	结果：未满足
===2021-08-06 17:07:27.526===
===2021-08-06 17:07:27.580===
股票：300816板块涨跌幅判断-额外参数：
	分组名称：1
	走势名称：发
		条件不成立(不符合板块涨跌幅条件)
	结果：未满足，返回code：-1
===2021-08-06 17:07:28.815===
额外条件未满足


===============================================

==============2021-08-06 17:07:54==============
===6开始执行条件2021-08-06 17:07:50.102===
===开始判断价格条件2021-08-06 17:07:50.102===
===开始判断额外/转自动条件2021-08-06 17:07:51.437===
===2021-08-06 17:07:51.594===
股票：300816指定时间段判断-额外参数：
	分组名称：1
	走势名称：时间段
		条件不成立(当前时间：2021-08-06 17:07:50.102,条件时段：09:30:00-13:00:00)
	结果：未满足
===2021-08-06 17:07:51.594===
===2021-08-06 17:07:51.641===
股票：300816板块涨跌幅判断-额外参数：
	分组名称：1
	走势名称：发
		条件不成立(不符合板块涨跌幅条件)
	结果：未满足，返回code：-1
===2021-08-06 17:07:54.039===
额外条件未满足


===============================================

==============2021-08-06 17:08:43==============
===6开始执行条件2021-08-06 17:08:38.311===
===开始判断价格条件2021-08-06 17:08:38.311===
===开始判断额外/转自动条件2021-08-06 17:08:38.849===
===2021-08-06 17:08:40.125===
股票：300816指定时间段判断-额外参数：
	分组名称：1
	走势名称：时间段
		条件不成立(当前时间：2021-08-06 17:08:38.310,条件时段：09:30:00-13:00:00)
	结果：未满足
===2021-08-06 17:08:40.125===
===2021-08-06 17:08:40.558===
股票：300816板块涨跌幅判断-额外参数：
	分组名称：1
	走势名称：发
		条件不成立(不符合板块涨跌幅条件)
	结果：未满足，返回code：-1
===2021-08-06 17:08:43.076===
额外条件未满足


===============================================

==============2021-08-06 17:10:21==============
===6开始执行条件2021-08-06 17:10:20.095===
===开始判断价格条件2021-08-06 17:10:20.095===
===开始判断额外/转自动条件2021-08-06 17:10:20.435===
===2021-08-06 17:10:20.787===
股票：300816指定时间段判断-额外参数：
	分组名称：1
	走势名称：时间段
		条件不成立(当前时间：2021-08-06 17:10:20.095,条件时段：09:30:00-13:00:00)
	结果：未满足
===2021-08-06 17:10:20.888===
===2021-08-06 17:10:21.233===
股票：300816板块涨跌幅判断-额外参数：
	分组名称：1
	走势名称：发
		条件不成立(不符合板块涨跌幅条件)
	结果：未满足，返回code：-1
===2021-08-06 17:10:21.687===
额外条件未满足


===============================================

==============2021-08-06 17:10:39==============
===6开始执行条件2021-08-06 17:10:37.925===
===开始判断价格条件2021-08-06 17:10:37.925===
===开始判断额外/转自动条件2021-08-06 17:10:38.582===
===2021-08-06 17:10:38.793===
股票：300816指定时间段判断-额外参数：
	分组名称：1
	走势名称：时间段
		条件不成立(当前时间：2021-08-06 17:10:37.924,条件时段：09:30:00-13:00:00)
	结果：未满足
===2021-08-06 17:10:38.793===
===2021-08-06 17:10:38.889===
股票：300816板块涨跌幅判断-额外参数：
	分组名称：1
	走势名称：发
		条件不成立(不符合板块涨跌幅条件)
	结果：未满足，返回code：-1
===2021-08-06 17:10:39.840===
额外条件未满足


===============================================

==============2021-08-06 17:11:00==============
===6开始执行条件2021-08-06 17:10:58.485===
===开始判断价格条件2021-08-06 17:10:58.485===
===开始判断额外/转自动条件2021-08-06 17:10:58.699===
===2021-08-06 17:10:58.826===
股票：300816指定时间段判断-额外参数：
	分组名称：1
	走势名称：时间段
		条件不成立(当前时间：2021-08-06 17:10:58.485,条件时段：09:30:00-13:00:00)
	结果：未满足
===2021-08-06 17:10:58.826===
===2021-08-06 17:10:58.954===
股票：300816板块涨跌幅判断-额外参数：
	分组名称：1
	走势名称：发
		条件不成立(不符合板块涨跌幅条件)
	结果：未满足，返回code：-1
===2021-08-06 17:11:00.650===
额外条件未满足


===============================================

==============2021-08-06 17:11:25==============
===6开始执行条件2021-08-06 17:11:21.360===
===开始判断价格条件2021-08-06 17:11:21.360===
===开始判断额外/转自动条件2021-08-06 17:11:22.316===
===2021-08-06 17:11:23.001===
股票：300816指定时间段判断-额外参数：
	分组名称：1
	走势名称：时间段
		条件不成立(当前时间：2021-08-06 17:11:21.360,条件时段：09:30:00-13:00:00)
	结果：未满足
===2021-08-06 17:11:23.001===
===2021-08-06 17:11:23.145===
股票：300816板块涨跌幅判断-额外参数：
	分组名称：1
	走势名称：发
		条件不成立(不符合板块涨跌幅条件)
	结果：未满足，返回code：-1
===2021-08-06 17:11:25.578===
额外条件未满足


===============================================

==============2021-08-06 17:11:47==============
===6开始执行条件2021-08-06 17:11:42.630===
===开始判断价格条件2021-08-06 17:11:42.630===
===开始判断额外/转自动条件2021-08-06 17:11:43.617===
===2021-08-06 17:11:44.161===
股票：300816指定时间段判断-额外参数：
	分组名称：1
	走势名称：时间段
		条件不成立(当前时间：2021-08-06 17:11:42.630,条件时段：09:30:00-13:00:00)
	结果：未满足
===2021-08-06 17:11:44.161===
===2021-08-06 17:11:44.578===
股票：300816板块涨跌幅判断-额外参数：
	分组名称：1
	走势名称：发
		条件不成立(不符合板块涨跌幅条件)
	结果：未满足，返回code：-1
===2021-08-06 17:11:47.119===
额外条件未满足


===============================================

==============2021-08-06 17:12:05==============
===6开始执行条件2021-08-06 17:12:03.426===
===开始判断价格条件2021-08-06 17:12:03.426===
===开始判断额外/转自动条件2021-08-06 17:12:04.120===
===2021-08-06 17:12:04.502===
股票：300816指定时间段判断-额外参数：
	分组名称：1
	走势名称：时间段
		条件不成立(当前时间：2021-08-06 17:12:03.426,条件时段：09:30:00-13:00:00)
	结果：未满足
===2021-08-06 17:12:04.502===
===2021-08-06 17:12:04.536===
股票：300816板块涨跌幅判断-额外参数：
	分组名称：1
	走势名称：发
		条件不成立(不符合板块涨跌幅条件)
	结果：未满足，返回code：-1
===2021-08-06 17:12:05.506===
额外条件未满足


===============================================

==============2021-08-06 17:12:30==============
===6开始执行条件2021-08-06 17:12:26.876===
===开始判断价格条件2021-08-06 17:12:26.876===
===开始判断额外/转自动条件2021-08-06 17:12:27.571===
===2021-08-06 17:12:27.993===
股票：300816指定时间段判断-额外参数：
	分组名称：1
	走势名称：时间段
		条件不成立(当前时间：2021-08-06 17:12:26.875,条件时段：09:30:00-13:00:00)
	结果：未满足
===2021-08-06 17:12:27.993===
===2021-08-06 17:12:28.408===
股票：300816板块涨跌幅判断-额外参数：
	分组名称：1
	走势名称：发
		条件不成立(不符合板块涨跌幅条件)
	结果：未满足，返回code：-1
===2021-08-06 17:12:30.523===
额外条件未满足


===============================================

