==============2021-08-09 10:08:53==============
===6开始执行条件2021-08-09 10:08:50.437===
===开始判断价格条件2021-08-09 10:08:50.437===
===开始判断额外/转自动条件2021-08-09 10:08:50.833===
===2021-08-09 10:08:51.982===
股票：600714指定时间段判断-额外参数：
	分组名称：1
	走势名称：时间段
		条件成立(当前时间：2021-08-09 10:08:50.437,条件时段：09:30:00-13:00:00)
	结果：达到要求
===2021-08-09 10:08:52.492===
===2021-08-09 10:08:53.513===
股票：600714多头向上判断-转自动参数：
	分组名称：2
	走势名称：多头向上
	结果：未满足，返回code：0
===2021-08-09 10:08:53.513===
满足所有条件，可以触发


===============================================

==============2021-08-09 10:09:36==============
===6开始执行条件2021-08-09 10:09:32.816===
===开始判断价格条件2021-08-09 10:09:32.816===
===开始判断额外/转自动条件2021-08-09 10:09:33.423===
===2021-08-09 10:09:34.339===
股票：600714指定时间段判断-额外参数：
	分组名称：1
	走势名称：时间段
		条件成立(当前时间：2021-08-09 10:09:32.815,条件时段：09:30:00-13:00:00)
	结果：达到要求
===2021-08-09 10:09:35.583===
===2021-08-09 10:09:36.314===
股票：600714多头向上判断-转自动参数：
	分组名称：2
	走势名称：多头向上
	结果：未满足，返回code：0
===2021-08-09 10:09:36.314===
满足所有条件，可以触发


===============================================

==============2021-08-09 10:10:41==============
===6开始执行条件2021-08-09 10:10:36.657===
===开始判断价格条件2021-08-09 10:10:36.657===
===开始判断额外/转自动条件2021-08-09 10:10:37.865===
===2021-08-09 10:10:39.058===
股票：600714指定时间段判断-额外参数：
	分组名称：1
	走势名称：时间段
		条件成立(当前时间：2021-08-09 10:10:36.657,条件时段：09:30:00-13:00:00)
	结果：达到要求
===2021-08-09 10:10:39.895===
===2021-08-09 10:10:41.885===
股票：600714多头向上判断-转自动参数：
	分组名称：2
	走势名称：多头向上
	结果：未满足，返回code：0
===2021-08-09 10:10:41.885===
满足所有条件，可以触发


===============================================

==============2021-08-09 10:10:52==============
===6开始执行条件2021-08-09 10:10:51.611===
===开始判断价格条件2021-08-09 10:10:51.611===
===开始判断额外/转自动条件2021-08-09 10:10:51.832===
===2021-08-09 10:10:51.973===
股票：600714指定时间段判断-额外参数：
	分组名称：1
	走势名称：时间段
		条件成立(当前时间：2021-08-09 10:10:51.610,条件时段：09:30:00-13:00:00)
	结果：达到要求
===2021-08-09 10:10:52.079===
===2021-08-09 10:10:52.210===
股票：600714多头向上判断-转自动参数：
	分组名称：2
	走势名称：多头向上
	结果：未满足，返回code：0
===2021-08-09 10:10:52.210===
满足所有条件，可以触发


===============================================

==============2021-08-09 10:11:04==============
===6开始执行条件2021-08-09 10:11:04.104===
===开始判断价格条件2021-08-09 10:11:04.104===
===开始判断额外/转自动条件2021-08-09 10:11:04.334===
===2021-08-09 10:11:04.488===
股票：600714指定时间段判断-额外参数：
	分组名称：1
	走势名称：时间段
		条件成立(当前时间：2021-08-09 10:11:04.103,条件时段：09:30:00-13:00:00)
	结果：达到要求
===2021-08-09 10:11:04.604===
===2021-08-09 10:11:04.801===
股票：600714多头向上判断-转自动参数：
	分组名称：2
	走势名称：多头向上
	结果：未满足，返回code：0
===2021-08-09 10:11:04.801===
满足所有条件，可以触发


===============================================

==============2021-08-09 10:11:23==============
===6开始执行条件2021-08-09 10:11:20.237===
===开始判断价格条件2021-08-09 10:11:20.237===
===开始判断额外/转自动条件2021-08-09 10:11:21.464===
===2021-08-09 10:11:21.709===
股票：600714指定时间段判断-额外参数：
	分组名称：1
	走势名称：时间段
		条件成立(当前时间：2021-08-09 10:11:20.236,条件时段：09:30:00-13:00:00)
	结果：达到要求
===2021-08-09 10:11:22.415===
===2021-08-09 10:11:23.065===
股票：600714多头向上判断-转自动参数：
	分组名称：2
	走势名称：多头向上
	结果：未满足，返回code：0
===2021-08-09 10:11:23.066===
满足所有条件，可以触发


===============================================

==============2021-08-09 11:02:42==============
===6开始执行条件2021-08-09 11:02:41.840===
===开始判断价格条件2021-08-09 11:02:41.840===
===开始判断额外/转自动条件2021-08-09 11:02:41.978===
===2021-08-09 11:02:42.063===
股票：600714指定时间段判断-额外参数：
	分组名称：1
	走势名称：时间段
		条件成立(当前时间：2021-08-09 11:02:41.840,条件时段：09:30:00-13:00:00)
	结果：达到要求
===2021-08-09 11:02:42.441===
===2021-08-09 11:02:42.573===
股票：600714多头向上判断-转自动参数：
	分组名称：2
	走势名称：多头向上
	结果：未满足，返回code：0
===2021-08-09 11:02:42.574===
满足所有条件，可以触发


===============================================

==============2021-08-09 11:03:15==============
===6开始执行条件2021-08-09 11:03:14.523===
===开始判断价格条件2021-08-09 11:03:14.523===
===开始判断额外/转自动条件2021-08-09 11:03:14.745===
===2021-08-09 11:03:14.809===
股票：600714指定时间段判断-额外参数：
	分组名称：1
	走势名称：时间段
		条件成立(当前时间：2021-08-09 11:03:14.523,条件时段：09:30:00-13:00:00)
	结果：达到要求
===2021-08-09 11:03:14.935===
===2021-08-09 11:03:15.102===
股票：600714多头向上判断-转自动参数：
	分组名称：2
	走势名称：多头向上
	结果：未满足，返回code：0
===2021-08-09 11:03:15.103===
满足所有条件，可以触发


===============================================

==============2021-08-09 11:03:29==============
===6开始执行条件2021-08-09 11:03:29.213===
===开始判断价格条件2021-08-09 11:03:29.213===
===开始判断额外/转自动条件2021-08-09 11:03:29.278===
===2021-08-09 11:03:29.323===
股票：600714指定时间段判断-额外参数：
	分组名称：1
	走势名称：时间段
		条件成立(当前时间：2021-08-09 11:03:29.212,条件时段：09:30:00-13:00:00)
	结果：达到要求
===2021-08-09 11:03:29.361===
===2021-08-09 11:03:29.419===
股票：600714多头向上判断-转自动参数：
	分组名称：2
	走势名称：多头向上
	结果：未满足，返回code：0
===2021-08-09 11:03:29.419===
满足所有条件，可以触发


===============================================

==============2021-08-09 11:03:55==============
===6开始执行条件2021-08-09 11:03:53.161===
===开始判断价格条件2021-08-09 11:03:53.161===
===开始判断额外/转自动条件2021-08-09 11:03:53.724===
===2021-08-09 11:03:54.043===
股票：600714指定时间段判断-额外参数：
	分组名称：1
	走势名称：时间段
		条件成立(当前时间：2021-08-09 11:03:53.161,条件时段：09:30:00-13:00:00)
	结果：达到要求
===2021-08-09 11:03:54.261===
===2021-08-09 11:03:55.072===
股票：600714多头向上判断-转自动参数：
	分组名称：2
	走势名称：多头向上
	结果：未满足，返回code：0
===2021-08-09 11:03:55.072===
满足所有条件，可以触发


===============================================

