==============2021-08-06 14:25:58==============
===6开始执行条件2021-08-06 14:25:57.162===
===开始判断价格条件2021-08-06 14:25:57.162===
===开始判断额外/转自动条件2021-08-06 14:25:57.352===
===2021-08-06 14:25:57.556===
股票：600714指定时间段判断-额外参数：
	分组名称：1
	走势名称：时间段
		条件不成立(当前时间：2021-08-06 14:25:57.161,条件时段：09:30:00-13:00:00)
	结果：未满足
===2021-08-06 14:25:57.556===
===2021-08-06 14:25:57.654===
股票：600714板块涨跌幅判断-额外参数：
	分组名称：1
	走势名称：发
		条件不成立(不符合板块涨跌幅条件)
	结果：未满足，返回code：-1
===2021-08-06 14:25:58.831===
额外条件未满足


===============================================

==============2021-08-06 14:26:19==============
===6开始执行条件2021-08-06 14:26:11.833===
===开始判断价格条件2021-08-06 14:26:11.833===
===开始判断额外/转自动条件2021-08-06 14:26:13.900===
===2021-08-06 14:26:15.229===
股票：600714指定时间段判断-额外参数：
	分组名称：1
	走势名称：时间段
		条件不成立(当前时间：2021-08-06 14:26:11.832,条件时段：09:30:00-13:00:00)
	结果：未满足
===2021-08-06 14:26:15.229===
===2021-08-06 14:26:15.452===
股票：600714板块涨跌幅判断-额外参数：
	分组名称：1
	走势名称：发
		条件不成立(不符合板块涨跌幅条件)
	结果：未满足，返回code：-1
===2021-08-06 14:26:19.571===
额外条件未满足


===============================================

==============2021-08-06 14:26:41==============
===6开始执行条件2021-08-06 14:26:39.433===
===开始判断价格条件2021-08-06 14:26:39.433===
===开始判断额外/转自动条件2021-08-06 14:26:40.031===
===2021-08-06 14:26:40.258===
股票：600714指定时间段判断-额外参数：
	分组名称：1
	走势名称：时间段
		条件不成立(当前时间：2021-08-06 14:26:39.433,条件时段：09:30:00-13:00:00)
	结果：未满足
===2021-08-06 14:26:40.258===
===2021-08-06 14:26:40.286===
股票：600714板块涨跌幅判断-额外参数：
	分组名称：1
	走势名称：发
		条件不成立(不符合板块涨跌幅条件)
	结果：未满足，返回code：-1
===2021-08-06 14:26:41.035===
额外条件未满足


===============================================

==============2021-08-06 14:26:56==============
===6开始执行条件2021-08-06 14:26:53.728===
===开始判断价格条件2021-08-06 14:26:53.728===
===开始判断额外/转自动条件2021-08-06 14:26:54.299===
===2021-08-06 14:26:54.583===
股票：600714指定时间段判断-额外参数：
	分组名称：1
	走势名称：时间段
		条件不成立(当前时间：2021-08-06 14:26:53.727,条件时段：09:30:00-13:00:00)
	结果：未满足
===2021-08-06 14:26:54.583===
===2021-08-06 14:26:54.705===
股票：600714板块涨跌幅判断-额外参数：
	分组名称：1
	走势名称：发
		条件不成立(不符合板块涨跌幅条件)
	结果：未满足，返回code：-1
===2021-08-06 14:26:56.191===
额外条件未满足


===============================================

==============2021-08-06 14:29:18==============
===6开始执行条件2021-08-06 14:29:17.191===
===开始判断价格条件2021-08-06 14:29:17.191===
===开始判断额外/转自动条件2021-08-06 14:29:17.415===
===2021-08-06 14:29:17.523===
股票：600714指定时间段判断-额外参数：
	分组名称：1
	走势名称：时间段
		条件不成立(当前时间：2021-08-06 14:29:17.191,条件时段：09:30:00-13:00:00)
	结果：未满足
===2021-08-06 14:29:17.523===
===2021-08-06 14:29:17.637===
股票：600714板块涨跌幅判断-额外参数：
	分组名称：1
	走势名称：发
		条件不成立(不符合板块涨跌幅条件)
	结果：未满足，返回code：-1
===2021-08-06 14:29:18.908===
额外条件未满足


===============================================

==============2021-08-06 14:41:08==============
===6开始执行条件2021-08-06 14:41:07.087===
===开始判断价格条件2021-08-06 14:41:07.087===
===开始判断额外/转自动条件2021-08-06 14:41:07.559===
===2021-08-06 14:41:07.633===
股票：600714指定时间段判断-额外参数：
	分组名称：1
	走势名称：时间段
		条件不成立(当前时间：2021-08-06 14:41:07.087,条件时段：09:30:00-13:00:00)
	结果：未满足
===2021-08-06 14:41:07.633===
===2021-08-06 14:41:08.567===
股票：600714板块涨跌幅判断-额外参数：
	分组名称：1
	走势名称：发
		条件不成立(不符合板块涨跌幅条件)
	结果：未满足，返回code：-1
===2021-08-06 14:41:08.780===
额外条件未满足


===============================================

==============2021-08-06 14:41:19==============
===6开始执行条件2021-08-06 14:41:18.786===
===开始判断价格条件2021-08-06 14:41:18.786===
===开始判断额外/转自动条件2021-08-06 14:41:19.020===
===2021-08-06 14:41:19.298===
股票：600714指定时间段判断-额外参数：
	分组名称：1
	走势名称：时间段
		条件不成立(当前时间：2021-08-06 14:41:18.786,条件时段：09:30:00-13:00:00)
	结果：未满足
===2021-08-06 14:41:19.298===
===2021-08-06 14:41:19.394===
股票：600714板块涨跌幅判断-额外参数：
	分组名称：1
	走势名称：发
		条件不成立(不符合板块涨跌幅条件)
	结果：未满足，返回code：-1
===2021-08-06 14:41:19.976===
额外条件未满足


===============================================

==============2021-08-06 14:42:39==============
===6开始执行条件2021-08-06 14:42:36.272===
===开始判断价格条件2021-08-06 14:42:36.272===
===开始判断额外/转自动条件2021-08-06 14:42:36.868===
===2021-08-06 14:42:37.425===
股票：600714指定时间段判断-额外参数：
	分组名称：1
	走势名称：时间段
		条件不成立(当前时间：2021-08-06 14:42:36.271,条件时段：09:30:00-13:00:00)
	结果：未满足
===2021-08-06 14:42:37.425===
===2021-08-06 14:42:37.679===
股票：600714板块涨跌幅判断-额外参数：
	分组名称：1
	走势名称：发
		条件不成立(不符合板块涨跌幅条件)
	结果：未满足，返回code：-1
===2021-08-06 14:42:39.776===
额外条件未满足


===============================================

==============2021-08-06 14:43:13==============
===6开始执行条件2021-08-06 14:43:11.813===
===开始判断价格条件2021-08-06 14:43:11.813===
===开始判断额外/转自动条件2021-08-06 14:43:12.222===
===2021-08-06 14:43:12.383===
股票：600714指定时间段判断-额外参数：
	分组名称：1
	走势名称：时间段
		条件不成立(当前时间：2021-08-06 14:43:11.800,条件时段：09:30:00-13:00:00)
	结果：未满足
===2021-08-06 14:43:12.383===
===2021-08-06 14:43:12.454===
股票：600714板块涨跌幅判断-额外参数：
	分组名称：1
	走势名称：发
		条件不成立(不符合板块涨跌幅条件)
	结果：未满足，返回code：-1
===2021-08-06 14:43:13.416===
额外条件未满足


===============================================

==============2021-08-06 15:06:19==============
===6开始执行条件2021-08-06 15:06:11.151===
===开始判断价格条件2021-08-06 15:06:11.151===
===开始判断额外/转自动条件2021-08-06 15:06:12.601===
===2021-08-06 15:06:13.550===
股票：600714指定时间段判断-额外参数：
	分组名称：1
	走势名称：时间段
		条件不成立(当前时间：2021-08-06 15:06:11.150,条件时段：09:30:00-13:00:00)
	结果：未满足
===2021-08-06 15:06:13.550===
===2021-08-06 15:06:13.727===
股票：600714板块涨跌幅判断-额外参数：
	分组名称：1
	走势名称：发
		条件不成立(不符合板块涨跌幅条件)
	结果：未满足，返回code：-1
===2021-08-06 15:06:19.194===
额外条件未满足


===============================================

==============2021-08-06 15:12:18==============
===6开始执行条件2021-08-06 15:12:15.764===
===开始判断价格条件2021-08-06 15:12:15.764===
===开始判断额外/转自动条件2021-08-06 15:12:16.378===
===2021-08-06 15:12:16.822===
股票：600714指定时间段判断-额外参数：
	分组名称：1
	走势名称：时间段
		条件不成立(当前时间：2021-08-06 15:12:15.764,条件时段：09:30:00-13:00:00)
	结果：未满足
===2021-08-06 15:12:16.823===
===2021-08-06 15:12:17.056===
股票：600714板块涨跌幅判断-额外参数：
	分组名称：1
	走势名称：发
		条件不成立(不符合板块涨跌幅条件)
	结果：未满足，返回code：-1
===2021-08-06 15:12:18.210===
额外条件未满足


===============================================

==============2021-08-06 15:12:48==============
===6开始执行条件2021-08-06 15:12:47.644===
===开始判断价格条件2021-08-06 15:12:47.644===
===开始判断额外/转自动条件2021-08-06 15:12:47.829===
===2021-08-06 15:12:48.034===
股票：600714指定时间段判断-额外参数：
	分组名称：1
	走势名称：时间段
		条件不成立(当前时间：2021-08-06 15:12:47.644,条件时段：09:30:00-13:00:00)
	结果：未满足
===2021-08-06 15:12:48.034===
===2021-08-06 15:12:48.067===
股票：600714板块涨跌幅判断-额外参数：
	分组名称：1
	走势名称：发
		条件不成立(不符合板块涨跌幅条件)
	结果：未满足，返回code：-1
===2021-08-06 15:12:48.444===
额外条件未满足


===============================================

==============2021-08-06 15:14:08==============
===6开始执行条件2021-08-06 15:14:07.124===
===开始判断价格条件2021-08-06 15:14:07.124===
===开始判断额外/转自动条件2021-08-06 15:14:07.204===
===2021-08-06 15:14:07.342===
股票：600714指定时间段判断-额外参数：
	分组名称：1
	走势名称：时间段
		条件不成立(当前时间：2021-08-06 15:14:07.118,条件时段：09:30:00-13:00:00)
	结果：未满足
===2021-08-06 15:14:07.342===
===2021-08-06 15:14:07.380===
股票：600714板块涨跌幅判断-额外参数：
	分组名称：1
	走势名称：发
		条件不成立(不符合板块涨跌幅条件)
	结果：未满足，返回code：-1
===2021-08-06 15:14:08.321===
额外条件未满足


===============================================

==============2021-08-06 15:26:57==============
===6开始执行条件2021-08-06 15:26:55.280===
===开始判断价格条件2021-08-06 15:26:55.280===
===开始判断额外/转自动条件2021-08-06 15:26:55.868===
===2021-08-06 15:26:56.054===
股票：600714指定时间段判断-额外参数：
	分组名称：1
	走势名称：时间段
		条件不成立(当前时间：2021-08-06 15:26:55.279,条件时段：09:30:00-13:00:00)
	结果：未满足
===2021-08-06 15:26:56.054===
===2021-08-06 15:26:56.371===
股票：600714板块涨跌幅判断-额外参数：
	分组名称：1
	走势名称：发
		条件不成立(不符合板块涨跌幅条件)
	结果：未满足，返回code：-1
===2021-08-06 15:26:57.057===
额外条件未满足


===============================================

==============2021-08-06 15:28:34==============
===6开始执行条件2021-08-06 15:28:31.992===
===开始判断价格条件2021-08-06 15:28:31.992===
===开始判断额外/转自动条件2021-08-06 15:28:32.389===
===2021-08-06 15:28:32.767===
股票：600714指定时间段判断-额外参数：
	分组名称：1
	走势名称：时间段
		条件不成立(当前时间：2021-08-06 15:28:31.992,条件时段：09:30:00-13:00:00)
	结果：未满足
===2021-08-06 15:28:32.767===
===2021-08-06 15:28:32.929===
股票：600714板块涨跌幅判断-额外参数：
	分组名称：1
	走势名称：发
		条件不成立(不符合板块涨跌幅条件)
	结果：未满足，返回code：-1
===2021-08-06 15:28:34.188===
额外条件未满足


===============================================

==============2021-08-06 15:28:54==============
===6开始执行条件2021-08-06 15:28:50.587===
===开始判断价格条件2021-08-06 15:28:50.587===
===开始判断额外/转自动条件2021-08-06 15:28:51.556===
===2021-08-06 15:28:52.121===
股票：600714指定时间段判断-额外参数：
	分组名称：1
	走势名称：时间段
		条件不成立(当前时间：2021-08-06 15:28:50.587,条件时段：09:30:00-13:00:00)
	结果：未满足
===2021-08-06 15:28:52.121===
===2021-08-06 15:28:52.223===
股票：600714板块涨跌幅判断-额外参数：
	分组名称：1
	走势名称：发
		条件不成立(不符合板块涨跌幅条件)
	结果：未满足，返回code：-1
===2021-08-06 15:28:54.561===
额外条件未满足


===============================================

==============2021-08-06 15:30:02==============
===6开始执行条件2021-08-06 15:30:01.615===
===开始判断价格条件2021-08-06 15:30:01.615===
===开始判断额外/转自动条件2021-08-06 15:30:01.739===
===2021-08-06 15:30:01.779===
股票：600714指定时间段判断-额外参数：
	分组名称：1
	走势名称：时间段
		条件不成立(当前时间：2021-08-06 15:30:01.609,条件时段：09:30:00-13:00:00)
	结果：未满足
===2021-08-06 15:30:01.779===
===2021-08-06 15:30:02.094===
股票：600714板块涨跌幅判断-额外参数：
	分组名称：1
	走势名称：发
		条件不成立(不符合板块涨跌幅条件)
	结果：未满足，返回code：-1
===2021-08-06 15:30:02.505===
额外条件未满足


===============================================

==============2021-08-06 15:30:23==============
===6开始执行条件2021-08-06 15:30:19.444===
===开始判断价格条件2021-08-06 15:30:19.444===
===开始判断额外/转自动条件2021-08-06 15:30:20.237===
===2021-08-06 15:30:20.707===
股票：600714指定时间段判断-额外参数：
	分组名称：1
	走势名称：时间段
		条件不成立(当前时间：2021-08-06 15:30:19.444,条件时段：09:30:00-13:00:00)
	结果：未满足
===2021-08-06 15:30:20.707===
===2021-08-06 15:30:20.828===
股票：600714板块涨跌幅判断-额外参数：
	分组名称：1
	走势名称：发
		条件不成立(不符合板块涨跌幅条件)
	结果：未满足，返回code：-1
===2021-08-06 15:30:23.634===
额外条件未满足


===============================================

==============2021-08-06 15:30:40==============
===6开始执行条件2021-08-06 15:30:39.641===
===开始判断价格条件2021-08-06 15:30:39.641===
===开始判断额外/转自动条件2021-08-06 15:30:39.718===
===2021-08-06 15:30:39.766===
股票：600714指定时间段判断-额外参数：
	分组名称：1
	走势名称：时间段
		条件不成立(当前时间：2021-08-06 15:30:39.641,条件时段：09:30:00-13:00:00)
	结果：未满足
===2021-08-06 15:30:39.766===
===2021-08-06 15:30:39.781===
股票：600714板块涨跌幅判断-额外参数：
	分组名称：1
	走势名称：发
		条件不成立(不符合板块涨跌幅条件)
	结果：未满足，返回code：-1
===2021-08-06 15:30:40.168===
额外条件未满足


===============================================

==============2021-08-06 15:31:00==============
===6开始执行条件2021-08-06 15:30:57.536===
===开始判断价格条件2021-08-06 15:30:57.536===
===开始判断额外/转自动条件2021-08-06 15:30:58.038===
===2021-08-06 15:30:58.327===
股票：600714指定时间段判断-额外参数：
	分组名称：1
	走势名称：时间段
		条件不成立(当前时间：2021-08-06 15:30:57.536,条件时段：09:30:00-13:00:00)
	结果：未满足
===2021-08-06 15:30:58.327===
===2021-08-06 15:30:58.459===
股票：600714板块涨跌幅判断-额外参数：
	分组名称：1
	走势名称：发
		条件不成立(不符合板块涨跌幅条件)
	结果：未满足，返回code：-1
===2021-08-06 15:31:00.264===
额外条件未满足


===============================================

==============2021-08-06 15:31:16==============
===6开始执行条件2021-08-06 15:31:15.732===
===开始判断价格条件2021-08-06 15:31:15.732===
===开始判断额外/转自动条件2021-08-06 15:31:15.817===
===2021-08-06 15:31:15.962===
股票：600714指定时间段判断-额外参数：
	分组名称：1
	走势名称：时间段
		条件不成立(当前时间：2021-08-06 15:31:15.732,条件时段：09:30:00-13:00:00)
	结果：未满足
===2021-08-06 15:31:15.962===
===2021-08-06 15:31:15.987===
股票：600714板块涨跌幅判断-额外参数：
	分组名称：1
	走势名称：发
		条件不成立(不符合板块涨跌幅条件)
	结果：未满足，返回code：-1
===2021-08-06 15:31:16.438===
额外条件未满足


===============================================

==============2021-08-06 15:31:37==============
===6开始执行条件2021-08-06 15:31:32.879===
===开始判断价格条件2021-08-06 15:31:32.879===
===开始判断额外/转自动条件2021-08-06 15:31:34.147===
===2021-08-06 15:31:34.765===
股票：600714指定时间段判断-额外参数：
	分组名称：1
	走势名称：时间段
		条件不成立(当前时间：2021-08-06 15:31:32.879,条件时段：09:30:00-13:00:00)
	结果：未满足
===2021-08-06 15:31:34.765===
===2021-08-06 15:31:35.014===
股票：600714板块涨跌幅判断-额外参数：
	分组名称：1
	走势名称：发
		条件不成立(不符合板块涨跌幅条件)
	结果：未满足，返回code：-1
===2021-08-06 15:31:37.390===
额外条件未满足


===============================================

==============2021-08-06 15:31:55==============
===6开始执行条件2021-08-06 15:31:52.190===
===开始判断价格条件2021-08-06 15:31:52.190===
===开始判断额外/转自动条件2021-08-06 15:31:52.856===
===2021-08-06 15:31:53.195===
股票：600714指定时间段判断-额外参数：
	分组名称：1
	走势名称：时间段
		条件不成立(当前时间：2021-08-06 15:31:52.189,条件时段：09:30:00-13:00:00)
	结果：未满足
===2021-08-06 15:31:53.195===
===2021-08-06 15:31:53.366===
股票：600714板块涨跌幅判断-额外参数：
	分组名称：1
	走势名称：发
		条件不成立(不符合板块涨跌幅条件)
	结果：未满足，返回code：-1
===2021-08-06 15:31:55.767===
额外条件未满足


===============================================

==============2021-08-06 15:32:16==============
===6开始执行条件2021-08-06 15:32:13.711===
===开始判断价格条件2021-08-06 15:32:13.711===
===开始判断额外/转自动条件2021-08-06 15:32:14.908===
===2021-08-06 15:32:15.312===
股票：600714指定时间段判断-额外参数：
	分组名称：1
	走势名称：时间段
		条件不成立(当前时间：2021-08-06 15:32:13.711,条件时段：09:30:00-13:00:00)
	结果：未满足
===2021-08-06 15:32:15.312===
===2021-08-06 15:32:15.712===
股票：600714板块涨跌幅判断-额外参数：
	分组名称：1
	走势名称：发
		条件不成立(不符合板块涨跌幅条件)
	结果：未满足，返回code：-1
===2021-08-06 15:32:16.620===
额外条件未满足


===============================================

==============2021-08-06 15:32:41==============
===6开始执行条件2021-08-06 15:32:41.164===
===开始判断价格条件2021-08-06 15:32:41.164===
===开始判断额外/转自动条件2021-08-06 15:32:41.315===
===2021-08-06 15:32:41.439===
股票：600714指定时间段判断-额外参数：
	分组名称：1
	走势名称：时间段
		条件不成立(当前时间：2021-08-06 15:32:41.164,条件时段：09:30:00-13:00:00)
	结果：未满足
===2021-08-06 15:32:41.439===
===2021-08-06 15:32:41.460===
股票：600714板块涨跌幅判断-额外参数：
	分组名称：1
	走势名称：发
		条件不成立(不符合板块涨跌幅条件)
	结果：未满足，返回code：-1
===2021-08-06 15:32:41.782===
额外条件未满足


===============================================

==============2021-08-06 15:38:15==============
===6开始执行条件2021-08-06 15:38:12.790===
===开始判断价格条件2021-08-06 15:38:12.790===
===开始判断额外/转自动条件2021-08-06 15:38:13.784===
===2021-08-06 15:38:14.284===
股票：600714指定时间段判断-额外参数：
	分组名称：1
	走势名称：时间段
		条件不成立(当前时间：2021-08-06 15:38:12.789,条件时段：09:30:00-13:00:00)
	结果：未满足
===2021-08-06 15:38:14.284===
===2021-08-06 15:38:14.343===
股票：600714板块涨跌幅判断-额外参数：
	分组名称：1
	走势名称：发
		条件不成立(不符合板块涨跌幅条件)
	结果：未满足，返回code：-1
===2021-08-06 15:38:15.878===
额外条件未满足


===============================================

==============2021-08-06 15:38:34==============
===6开始执行条件2021-08-06 15:38:32.840===
===开始判断价格条件2021-08-06 15:38:32.840===
===开始判断额外/转自动条件2021-08-06 15:38:33.406===
===2021-08-06 15:38:33.782===
股票：600714指定时间段判断-额外参数：
	分组名称：1
	走势名称：时间段
		条件不成立(当前时间：2021-08-06 15:38:32.839,条件时段：09:30:00-13:00:00)
	结果：未满足
===2021-08-06 15:38:33.782===
===2021-08-06 15:38:33.861===
股票：600714板块涨跌幅判断-额外参数：
	分组名称：1
	走势名称：发
		条件不成立(不符合板块涨跌幅条件)
	结果：未满足，返回code：-1
===2021-08-06 15:38:34.362===
额外条件未满足


===============================================

==============2021-08-06 17:04:50==============
===6开始执行条件2021-08-06 17:04:49.156===
===开始判断价格条件2021-08-06 17:04:49.156===
===开始判断额外/转自动条件2021-08-06 17:04:49.315===
===2021-08-06 17:04:49.569===
股票：600714指定时间段判断-额外参数：
	分组名称：1
	走势名称：时间段
		条件不成立(当前时间：2021-08-06 17:04:49.156,条件时段：09:30:00-13:00:00)
	结果：未满足
===2021-08-06 17:04:49.569===
===2021-08-06 17:04:49.625===
股票：600714板块涨跌幅判断-额外参数：
	分组名称：1
	走势名称：发
		条件不成立(不符合板块涨跌幅条件)
	结果：未满足，返回code：-1
===2021-08-06 17:04:50.721===
额外条件未满足


===============================================

==============2021-08-06 17:05:14==============
===6开始执行条件2021-08-06 17:05:12.164===
===开始判断价格条件2021-08-06 17:05:12.164===
===开始判断额外/转自动条件2021-08-06 17:05:12.648===
===2021-08-06 17:05:13.080===
股票：600714指定时间段判断-额外参数：
	分组名称：1
	走势名称：时间段
		条件不成立(当前时间：2021-08-06 17:05:12.164,条件时段：09:30:00-13:00:00)
	结果：未满足
===2021-08-06 17:05:13.080===
===2021-08-06 17:05:13.198===
股票：600714板块涨跌幅判断-额外参数：
	分组名称：1
	走势名称：发
		条件不成立(不符合板块涨跌幅条件)
	结果：未满足，返回code：-1
===2021-08-06 17:05:14.332===
额外条件未满足


===============================================

==============2021-08-06 17:05:30==============
===6开始执行条件2021-08-06 17:05:28.370===
===开始判断价格条件2021-08-06 17:05:28.370===
===开始判断额外/转自动条件2021-08-06 17:05:28.840===
===2021-08-06 17:05:29.188===
股票：600714指定时间段判断-额外参数：
	分组名称：1
	走势名称：时间段
		条件不成立(当前时间：2021-08-06 17:05:28.370,条件时段：09:30:00-13:00:00)
	结果：未满足
===2021-08-06 17:05:29.188===
===2021-08-06 17:05:29.401===
股票：600714板块涨跌幅判断-额外参数：
	分组名称：1
	走势名称：发
		条件不成立(不符合板块涨跌幅条件)
	结果：未满足，返回code：-1
===2021-08-06 17:05:30.896===
额外条件未满足


===============================================

==============2021-08-06 17:05:51==============
===6开始执行条件2021-08-06 17:05:48.740===
===开始判断价格条件2021-08-06 17:05:48.740===
===开始判断额外/转自动条件2021-08-06 17:05:49.126===
===2021-08-06 17:05:49.666===
股票：600714指定时间段判断-额外参数：
	分组名称：1
	走势名称：时间段
		条件不成立(当前时间：2021-08-06 17:05:48.738,条件时段：09:30:00-13:00:00)
	结果：未满足
===2021-08-06 17:05:49.703===
===2021-08-06 17:05:49.823===
股票：600714板块涨跌幅判断-额外参数：
	分组名称：1
	走势名称：发
		条件不成立(不符合板块涨跌幅条件)
	结果：未满足，返回code：-1
===2021-08-06 17:05:51.094===
额外条件未满足


===============================================

==============2021-08-06 17:06:18==============
===6开始执行条件2021-08-06 17:06:11.840===
===开始判断价格条件2021-08-06 17:06:11.840===
===开始判断额外/转自动条件2021-08-06 17:06:13.370===
===2021-08-06 17:06:14.421===
股票：600714指定时间段判断-额外参数：
	分组名称：1
	走势名称：时间段
		条件不成立(当前时间：2021-08-06 17:06:11.839,条件时段：09:30:00-13:00:00)
	结果：未满足
===2021-08-06 17:06:14.421===
===2021-08-06 17:06:14.740===
股票：600714板块涨跌幅判断-额外参数：
	分组名称：1
	走势名称：发
		条件不成立(不符合板块涨跌幅条件)
	结果：未满足，返回code：-1
===2021-08-06 17:06:18.195===
额外条件未满足


===============================================

==============2021-08-06 17:06:39==============
===6开始执行条件2021-08-06 17:06:34.400===
===开始判断价格条件2021-08-06 17:06:34.400===
===开始判断额外/转自动条件2021-08-06 17:06:35.590===
===2021-08-06 17:06:36.139===
股票：600714指定时间段判断-额外参数：
	分组名称：1
	走势名称：时间段
		条件不成立(当前时间：2021-08-06 17:06:34.398,条件时段：09:30:00-13:00:00)
	结果：未满足
===2021-08-06 17:06:36.139===
===2021-08-06 17:06:36.382===
股票：600714板块涨跌幅判断-额外参数：
	分组名称：1
	走势名称：发
		条件不成立(不符合板块涨跌幅条件)
	结果：未满足，返回code：-1
===2021-08-06 17:06:39.189===
额外条件未满足


===============================================

==============2021-08-06 17:06:59==============
===6开始执行条件2021-08-06 17:06:56.718===
===开始判断价格条件2021-08-06 17:06:56.718===
===开始判断额外/转自动条件2021-08-06 17:06:57.489===
===2021-08-06 17:06:57.659===
股票：600714指定时间段判断-额外参数：
	分组名称：1
	走势名称：时间段
		条件不成立(当前时间：2021-08-06 17:06:56.718,条件时段：09:30:00-13:00:00)
	结果：未满足
===2021-08-06 17:06:57.679===
===2021-08-06 17:06:57.737===
股票：600714板块涨跌幅判断-额外参数：
	分组名称：1
	走势名称：发
		条件不成立(不符合板块涨跌幅条件)
	结果：未满足，返回code：-1
===2021-08-06 17:06:59.917===
额外条件未满足


===============================================

==============2021-08-06 17:07:20==============
===6开始执行条件2021-08-06 17:07:15.613===
===开始判断价格条件2021-08-06 17:07:15.613===
===开始判断额外/转自动条件2021-08-06 17:07:16.024===
===2021-08-06 17:07:16.412===
股票：600714指定时间段判断-额外参数：
	分组名称：1
	走势名称：时间段
		条件不成立(当前时间：2021-08-06 17:07:15.613,条件时段：09:30:00-13:00:00)
	结果：未满足
===2021-08-06 17:07:16.412===
===2021-08-06 17:07:16.471===
股票：600714板块涨跌幅判断-额外参数：
	分组名称：1
	走势名称：发
		条件不成立(不符合板块涨跌幅条件)
	结果：未满足，返回code：-1
===2021-08-06 17:07:20.086===
额外条件未满足


===============================================

==============2021-08-06 17:07:44==============
===6开始执行条件2021-08-06 17:07:39.189===
===开始判断价格条件2021-08-06 17:07:39.189===
===开始判断额外/转自动条件2021-08-06 17:07:40.026===
===2021-08-06 17:07:40.560===
股票：600714指定时间段判断-额外参数：
	分组名称：1
	走势名称：时间段
		条件不成立(当前时间：2021-08-06 17:07:39.189,条件时段：09:30:00-13:00:00)
	结果：未满足
===2021-08-06 17:07:40.560===
===2021-08-06 17:07:40.795===
股票：600714板块涨跌幅判断-额外参数：
	分组名称：1
	走势名称：发
		条件不成立(不符合板块涨跌幅条件)
	结果：未满足，返回code：-1
===2021-08-06 17:07:44.204===
额外条件未满足


===============================================

==============2021-08-06 17:08:07==============
===6开始执行条件2021-08-06 17:08:02.614===
===开始判断价格条件2021-08-06 17:08:02.614===
===开始判断额外/转自动条件2021-08-06 17:08:03.348===
===2021-08-06 17:08:03.859===
股票：600714指定时间段判断-额外参数：
	分组名称：1
	走势名称：时间段
		条件不成立(当前时间：2021-08-06 17:08:02.608,条件时段：09:30:00-13:00:00)
	结果：未满足
===2021-08-06 17:08:03.859===
===2021-08-06 17:08:04.358===
股票：600714板块涨跌幅判断-额外参数：
	分组名称：1
	走势名称：发
		条件不成立(不符合板块涨跌幅条件)
	结果：未满足，返回code：-1
===2021-08-06 17:08:07.245===
额外条件未满足


===============================================

==============2021-08-06 17:08:31==============
===6开始执行条件2021-08-06 17:08:26.091===
===开始判断价格条件2021-08-06 17:08:26.091===
===开始判断额外/转自动条件2021-08-06 17:08:26.557===
===2021-08-06 17:08:28.224===
股票：600714指定时间段判断-额外参数：
	分组名称：1
	走势名称：时间段
		条件不成立(当前时间：2021-08-06 17:08:26.091,条件时段：09:30:00-13:00:00)
	结果：未满足
===2021-08-06 17:08:28.224===
===2021-08-06 17:08:28.506===
股票：600714板块涨跌幅判断-额外参数：
	分组名称：1
	走势名称：发
		条件不成立(不符合板块涨跌幅条件)
	结果：未满足，返回code：-1
===2021-08-06 17:08:31.895===
额外条件未满足


===============================================

==============2021-08-06 17:10:17==============
===6开始执行条件2021-08-06 17:10:15.514===
===开始判断价格条件2021-08-06 17:10:15.514===
===开始判断额外/转自动条件2021-08-06 17:10:15.980===
===2021-08-06 17:10:16.263===
股票：600714指定时间段判断-额外参数：
	分组名称：1
	走势名称：时间段
		条件不成立(当前时间：2021-08-06 17:10:15.513,条件时段：09:30:00-13:00:00)
	结果：未满足
===2021-08-06 17:10:16.263===
===2021-08-06 17:10:16.335===
股票：600714板块涨跌幅判断-额外参数：
	分组名称：1
	走势名称：发
		条件不成立(不符合板块涨跌幅条件)
	结果：未满足，返回code：-1
===2021-08-06 17:10:17.135===
额外条件未满足


===============================================

==============2021-08-06 17:10:33==============
===6开始执行条件2021-08-06 17:10:32.315===
===开始判断价格条件2021-08-06 17:10:32.315===
===开始判断额外/转自动条件2021-08-06 17:10:32.716===
===2021-08-06 17:10:32.854===
股票：600714指定时间段判断-额外参数：
	分组名称：1
	走势名称：时间段
		条件不成立(当前时间：2021-08-06 17:10:32.315,条件时段：09:30:00-13:00:00)
	结果：未满足
===2021-08-06 17:10:32.854===
===2021-08-06 17:10:32.871===
股票：600714板块涨跌幅判断-额外参数：
	分组名称：1
	走势名称：发
		条件不成立(不符合板块涨跌幅条件)
	结果：未满足，返回code：-1
===2021-08-06 17:10:33.214===
额外条件未满足


===============================================

==============2021-08-06 17:10:53==============
===6开始执行条件2021-08-06 17:10:51.187===
===开始判断价格条件2021-08-06 17:10:51.187===
===开始判断额外/转自动条件2021-08-06 17:10:51.390===
===2021-08-06 17:10:51.751===
股票：600714指定时间段判断-额外参数：
	分组名称：1
	走势名称：时间段
		条件不成立(当前时间：2021-08-06 17:10:51.187,条件时段：09:30:00-13:00:00)
	结果：未满足
===2021-08-06 17:10:51.751===
===2021-08-06 17:10:51.817===
股票：600714板块涨跌幅判断-额外参数：
	分组名称：1
	走势名称：发
		条件不成立(不符合板块涨跌幅条件)
	结果：未满足，返回code：-1
===2021-08-06 17:10:53.483===
额外条件未满足


===============================================

==============2021-08-06 17:11:15==============
===6开始执行条件2021-08-06 17:11:11.723===
===开始判断价格条件2021-08-06 17:11:11.723===
===开始判断额外/转自动条件2021-08-06 17:11:12.316===
===2021-08-06 17:11:13.202===
股票：600714指定时间段判断-额外参数：
	分组名称：1
	走势名称：时间段
		条件不成立(当前时间：2021-08-06 17:11:11.722,条件时段：09:30:00-13:00:00)
	结果：未满足
===2021-08-06 17:11:13.202===
===2021-08-06 17:11:13.361===
股票：600714板块涨跌幅判断-额外参数：
	分组名称：1
	走势名称：发
		条件不成立(不符合板块涨跌幅条件)
	结果：未满足，返回code：-1
===2021-08-06 17:11:15.941===
额外条件未满足


===============================================

==============2021-08-06 17:11:37==============
===6开始执行条件2021-08-06 17:11:34.736===
===开始判断价格条件2021-08-06 17:11:34.736===
===开始判断额外/转自动条件2021-08-06 17:11:35.910===
===2021-08-06 17:11:36.239===
股票：600714指定时间段判断-额外参数：
	分组名称：1
	走势名称：时间段
		条件不成立(当前时间：2021-08-06 17:11:34.736,条件时段：09:30:00-13:00:00)
	结果：未满足
===2021-08-06 17:11:36.239===
===2021-08-06 17:11:36.291===
股票：600714板块涨跌幅判断-额外参数：
	分组名称：1
	走势名称：发
		条件不成立(不符合板块涨跌幅条件)
	结果：未满足，返回code：-1
===2021-08-06 17:11:37.984===
额外条件未满足


===============================================

==============2021-08-06 17:11:58==============
===6开始执行条件2021-08-06 17:11:56.844===
===开始判断价格条件2021-08-06 17:11:56.844===
===开始判断额外/转自动条件2021-08-06 17:11:57.267===
===2021-08-06 17:11:57.635===
股票：600714指定时间段判断-额外参数：
	分组名称：1
	走势名称：时间段
		条件不成立(当前时间：2021-08-06 17:11:56.843,条件时段：09:30:00-13:00:00)
	结果：未满足
===2021-08-06 17:11:57.636===
===2021-08-06 17:11:57.759===
股票：600714板块涨跌幅判断-额外参数：
	分组名称：1
	走势名称：发
		条件不成立(不符合板块涨跌幅条件)
	结果：未满足，返回code：-1
===2021-08-06 17:11:58.800===
额外条件未满足


===============================================

==============2021-08-06 17:12:18==============
===6开始执行条件2021-08-06 17:12:16.318===
===开始判断价格条件2021-08-06 17:12:16.318===
===开始判断额外/转自动条件2021-08-06 17:12:17.117===
===2021-08-06 17:12:17.342===
股票：600714指定时间段判断-额外参数：
	分组名称：1
	走势名称：时间段
		条件不成立(当前时间：2021-08-06 17:12:16.317,条件时段：09:30:00-13:00:00)
	结果：未满足
===2021-08-06 17:12:17.342===
===2021-08-06 17:12:17.370===
股票：600714板块涨跌幅判断-额外参数：
	分组名称：1
	走势名称：发
		条件不成立(不符合板块涨跌幅条件)
	结果：未满足，返回code：-1
===2021-08-06 17:12:18.897===
额外条件未满足


===============================================

