==============2021-08-10 17:41:07==============
===6开始执行条件2021-08-10 17:41:06.235===
===开始判断价格条件2021-08-10 17:41:06.235===
===开始判断额外/转自动条件2021-08-10 17:41:06.548===
===2021-08-10 17:41:06.793===
股票：600714指定时间段判断-额外参数：
	分组名称：1
	走势名称：时间段
		条件不成立(当前时间：2021-08-10 17:41:06.235,条件时段：09:30:00-13:00:00)
	结果：未满足
===2021-08-10 17:41:06.794===
===2021-08-10 17:41:06.858===
股票：600714板块涨跌幅判断-额外参数：
	分组名称：1
	走势名称：发
		条件不成立(不符合板块涨跌幅条件)
	结果：未满足，返回code：-1
===2021-08-10 17:41:07.174===
额外条件未满足


===============================================

==============2021-08-10 17:41:18==============
===6开始执行条件2021-08-10 17:41:17.410===
===开始判断价格条件2021-08-10 17:41:17.410===
===开始判断额外/转自动条件2021-08-10 17:41:17.546===
===2021-08-10 17:41:17.596===
股票：600714指定时间段判断-额外参数：
	分组名称：1
	走势名称：时间段
		条件不成立(当前时间：2021-08-10 17:41:17.405,条件时段：09:30:00-13:00:00)
	结果：未满足
===2021-08-10 17:41:17.596===
===2021-08-10 17:41:17.750===
股票：600714板块涨跌幅判断-额外参数：
	分组名称：1
	走势名称：发
		条件不成立(不符合板块涨跌幅条件)
	结果：未满足，返回code：-1
===2021-08-10 17:41:18.416===
额外条件未满足


===============================================

==============2021-08-10 17:42:01==============
===6开始执行条件2021-08-10 17:41:53.460===
===开始判断价格条件2021-08-10 17:41:53.460===
===开始判断额外/转自动条件2021-08-10 17:41:55.641===
===2021-08-10 17:41:57.106===
股票：600714指定时间段判断-额外参数：
	分组名称：1
	走势名称：时间段
		条件不成立(当前时间：2021-08-10 17:41:53.460,条件时段：09:30:00-13:00:00)
	结果：未满足
===2021-08-10 17:41:57.106===
===2021-08-10 17:41:57.454===
股票：600714板块涨跌幅判断-额外参数：
	分组名称：1
	走势名称：发
		条件不成立(不符合板块涨跌幅条件)
	结果：未满足，返回code：-1
===2021-08-10 17:42:01.645===
额外条件未满足


===============================================

==============2021-08-10 17:42:18==============
===6开始执行条件2021-08-10 17:42:12.430===
===开始判断价格条件2021-08-10 17:42:12.430===
===开始判断额外/转自动条件2021-08-10 17:42:13.146===
===2021-08-10 17:42:13.930===
股票：600714指定时间段判断-额外参数：
	分组名称：1
	走势名称：时间段
		条件不成立(当前时间：2021-08-10 17:42:12.430,条件时段：09:30:00-13:00:00)
	结果：未满足
===2021-08-10 17:42:13.930===
===2021-08-10 17:42:14.429===
股票：600714板块涨跌幅判断-额外参数：
	分组名称：1
	走势名称：发
		条件不成立(不符合板块涨跌幅条件)
	结果：未满足，返回code：-1
===2021-08-10 17:42:18.594===
额外条件未满足


===============================================

==============2021-08-10 17:44:07==============
===6开始执行条件2021-08-10 17:44:07.378===
===开始判断价格条件2021-08-10 17:44:07.378===
===开始判断额外/转自动条件2021-08-10 17:44:07.465===
===2021-08-10 17:44:07.530===
股票：600714指定时间段判断-额外参数：
	分组名称：1
	走势名称：时间段
		条件不成立(当前时间：2021-08-10 17:44:07.369,条件时段：09:30:00-13:00:00)
	结果：未满足
===2021-08-10 17:44:07.530===
===2021-08-10 17:44:07.562===
股票：600714板块涨跌幅判断-额外参数：
	分组名称：1
	走势名称：发
		条件不成立(不符合板块涨跌幅条件)
	结果：未满足，返回code：-1
===2021-08-10 17:44:07.913===
额外条件未满足


===============================================

==============2021-08-10 17:47:36==============
===6开始执行条件2021-08-10 17:47:34.109===
===开始判断价格条件2021-08-10 17:47:34.109===
===开始判断额外/转自动条件2021-08-10 17:47:34.503===
===2021-08-10 17:47:35.054===
股票：600714指定时间段判断-额外参数：
	分组名称：1
	走势名称：时间段
		条件不成立(当前时间：2021-08-10 17:47:34.109,条件时段：09:30:00-13:00:00)
	结果：未满足
===2021-08-10 17:47:35.054===
===2021-08-10 17:47:35.320===
股票：600714板块涨跌幅判断-额外参数：
	分组名称：1
	走势名称：发
		条件不成立(不符合板块涨跌幅条件)
	结果：未满足，返回code：-1
===2021-08-10 17:47:36.632===
额外条件未满足


===============================================

==============2021-08-10 17:47:53==============
===6开始执行条件2021-08-10 17:47:50.162===
===开始判断价格条件2021-08-10 17:47:50.162===
===开始判断额外/转自动条件2021-08-10 17:47:50.840===
===2021-08-10 17:47:51.128===
股票：600714指定时间段判断-额外参数：
	分组名称：1
	走势名称：时间段
		条件不成立(当前时间：2021-08-10 17:47:50.161,条件时段：09:30:00-13:00:00)
	结果：未满足
===2021-08-10 17:47:51.128===
===2021-08-10 17:47:51.236===
股票：600714板块涨跌幅判断-额外参数：
	分组名称：1
	走势名称：发
		条件不成立(不符合板块涨跌幅条件)
	结果：未满足，返回code：-1
===2021-08-10 17:47:53.785===
额外条件未满足


===============================================

==============2021-08-10 17:49:03==============
===6开始执行条件2021-08-10 17:49:02.397===
===开始判断价格条件2021-08-10 17:49:02.397===
===开始判断额外/转自动条件2021-08-10 17:49:02.519===
===2021-08-10 17:49:02.778===
股票：600714指定时间段判断-额外参数：
	分组名称：1
	走势名称：时间段
		条件不成立(当前时间：2021-08-10 17:49:02.397,条件时段：09:30:00-13:00:00)
	结果：未满足
===2021-08-10 17:49:02.778===
===2021-08-10 17:49:02.844===
股票：600714板块涨跌幅判断-额外参数：
	分组名称：1
	走势名称：发
		条件不成立(不符合板块涨跌幅条件)
	结果：未满足，返回code：-1
===2021-08-10 17:49:03.346===
额外条件未满足


===============================================

==============2021-08-10 17:49:22==============
===6开始执行条件2021-08-10 17:49:18.129===
===开始判断价格条件2021-08-10 17:49:18.129===
===开始判断额外/转自动条件2021-08-10 17:49:19.187===
===2021-08-10 17:49:19.746===
股票：600714指定时间段判断-额外参数：
	分组名称：1
	走势名称：时间段
		条件不成立(当前时间：2021-08-10 17:49:18.129,条件时段：09:30:00-13:00:00)
	结果：未满足
===2021-08-10 17:49:19.746===
===2021-08-10 17:49:20.171===
股票：600714板块涨跌幅判断-额外参数：
	分组名称：1
	走势名称：发
		条件不成立(不符合板块涨跌幅条件)
	结果：未满足，返回code：-1
===2021-08-10 17:49:22.422===
额外条件未满足


===============================================

==============2021-08-10 17:50:02==============
===6开始执行条件2021-08-10 17:49:55.476===
===开始判断价格条件2021-08-10 17:49:55.476===
===开始判断额外/转自动条件2021-08-10 17:49:56.698===
===2021-08-10 17:49:57.493===
股票：600714指定时间段判断-额外参数：
	分组名称：1
	走势名称：时间段
		条件不成立(当前时间：2021-08-10 17:49:55.476,条件时段：09:30:00-13:00:00)
	结果：未满足
===2021-08-10 17:49:57.493===
===2021-08-10 17:49:58.032===
股票：600714板块涨跌幅判断-额外参数：
	分组名称：1
	走势名称：发
		条件不成立(不符合板块涨跌幅条件)
	结果：未满足，返回code：-1
===2021-08-10 17:50:02.229===
额外条件未满足


===============================================

==============2021-08-10 17:50:10==============
===6开始执行条件2021-08-10 17:50:10.277===
===开始判断价格条件2021-08-10 17:50:10.277===
===开始判断额外/转自动条件2021-08-10 17:50:10.555===
===2021-08-10 17:50:10.618===
股票：600714指定时间段判断-额外参数：
	分组名称：1
	走势名称：时间段
		条件不成立(当前时间：2021-08-10 17:50:10.277,条件时段：09:30:00-13:00:00)
	结果：未满足
===2021-08-10 17:50:10.618===
===2021-08-10 17:50:10.649===
股票：600714板块涨跌幅判断-额外参数：
	分组名称：1
	走势名称：发
		条件不成立(不符合板块涨跌幅条件)
	结果：未满足，返回code：-1
===2021-08-10 17:50:10.967===
额外条件未满足


===============================================

==============2021-08-10 17:50:50==============
===6开始执行条件2021-08-10 17:50:44.863===
===开始判断价格条件2021-08-10 17:50:44.863===
===开始判断额外/转自动条件2021-08-10 17:50:46.813===
===2021-08-10 17:50:47.846===
股票：600714指定时间段判断-额外参数：
	分组名称：1
	走势名称：时间段
		条件不成立(当前时间：2021-08-10 17:50:44.863,条件时段：09:30:00-13:00:00)
	结果：未满足
===2021-08-10 17:50:47.846===
===2021-08-10 17:50:48.174===
股票：600714板块涨跌幅判断-额外参数：
	分组名称：1
	走势名称：发
		条件不成立(不符合板块涨跌幅条件)
	结果：未满足，返回code：-1
===2021-08-10 17:50:50.814===
额外条件未满足


===============================================

==============2021-08-10 17:51:23==============
===6开始执行条件2021-08-10 17:51:17.574===
===开始判断价格条件2021-08-10 17:51:17.574===
===开始判断额外/转自动条件2021-08-10 17:51:18.747===
===2021-08-10 17:51:19.818===
股票：600714指定时间段判断-额外参数：
	分组名称：1
	走势名称：时间段
		条件不成立(当前时间：2021-08-10 17:51:17.574,条件时段：09:30:00-13:00:00)
	结果：未满足
===2021-08-10 17:51:19.818===
===2021-08-10 17:51:20.200===
股票：600714板块涨跌幅判断-额外参数：
	分组名称：1
	走势名称：发
		条件不成立(不符合板块涨跌幅条件)
	结果：未满足，返回code：-1
===2021-08-10 17:51:23.149===
额外条件未满足


===============================================

==============2021-08-10 17:52:11==============
===6开始执行条件2021-08-10 17:52:05.059===
===开始判断价格条件2021-08-10 17:52:05.059===
===开始判断额外/转自动条件2021-08-10 17:52:07.046===
===2021-08-10 17:52:08.094===
股票：600714指定时间段判断-额外参数：
	分组名称：1
	走势名称：时间段
		条件不成立(当前时间：2021-08-10 17:52:05.059,条件时段：09:30:00-13:00:00)
	结果：未满足
===2021-08-10 17:52:08.094===
===2021-08-10 17:52:08.367===
股票：600714板块涨跌幅判断-额外参数：
	分组名称：1
	走势名称：发
		条件不成立(不符合板块涨跌幅条件)
	结果：未满足，返回code：-1
===2021-08-10 17:52:11.198===
额外条件未满足


===============================================

==============2021-08-10 17:52:30==============
===6开始执行条件2021-08-10 17:52:21.699===
===开始判断价格条件2021-08-10 17:52:21.699===
===开始判断额外/转自动条件2021-08-10 17:52:22.954===
===2021-08-10 17:52:23.846===
股票：600714指定时间段判断-额外参数：
	分组名称：1
	走势名称：时间段
		条件不成立(当前时间：2021-08-10 17:52:21.698,条件时段：09:30:00-13:00:00)
	结果：未满足
===2021-08-10 17:52:23.846===
===2021-08-10 17:52:24.165===
股票：600714板块涨跌幅判断-额外参数：
	分组名称：1
	走势名称：发
		条件不成立(不符合板块涨跌幅条件)
	结果：未满足，返回code：-1
===2021-08-10 17:52:30.176===
额外条件未满足


===============================================

==============2021-08-10 17:52:45==============
===6开始执行条件2021-08-10 17:52:42.573===
===开始判断价格条件2021-08-10 17:52:42.573===
===开始判断额外/转自动条件2021-08-10 17:52:42.926===
===2021-08-10 17:52:43.313===
股票：600714指定时间段判断-额外参数：
	分组名称：1
	走势名称：时间段
		条件不成立(当前时间：2021-08-10 17:52:42.572,条件时段：09:30:00-13:00:00)
	结果：未满足
===2021-08-10 17:52:43.313===
===2021-08-10 17:52:43.426===
股票：600714板块涨跌幅判断-额外参数：
	分组名称：1
	走势名称：发
		条件不成立(不符合板块涨跌幅条件)
	结果：未满足，返回code：-1
===2021-08-10 17:52:45.925===
额外条件未满足


===============================================

==============2021-08-10 17:53:02==============
===6开始执行条件2021-08-10 17:52:59.132===
===开始判断价格条件2021-08-10 17:52:59.132===
===开始判断额外/转自动条件2021-08-10 17:53:00.134===
===2021-08-10 17:53:00.510===
股票：600714指定时间段判断-额外参数：
	分组名称：1
	走势名称：时间段
		条件不成立(当前时间：2021-08-10 17:52:59.131,条件时段：09:30:00-13:00:00)
	结果：未满足
===2021-08-10 17:53:00.510===
===2021-08-10 17:53:00.586===
股票：600714板块涨跌幅判断-额外参数：
	分组名称：1
	走势名称：发
		条件不成立(不符合板块涨跌幅条件)
	结果：未满足，返回code：-1
===2021-08-10 17:53:02.538===
额外条件未满足


===============================================

==============2021-08-10 17:53:15==============
===6开始执行条件2021-08-10 17:53:12.848===
===开始判断价格条件2021-08-10 17:53:12.848===
===开始判断额外/转自动条件2021-08-10 17:53:13.031===
===2021-08-10 17:53:13.228===
股票：600714指定时间段判断-额外参数：
	分组名称：1
	走势名称：时间段
		条件不成立(当前时间：2021-08-10 17:53:12.848,条件时段：09:30:00-13:00:00)
	结果：未满足
===2021-08-10 17:53:13.228===
===2021-08-10 17:53:13.295===
股票：600714板块涨跌幅判断-额外参数：
	分组名称：1
	走势名称：发
		条件不成立(不符合板块涨跌幅条件)
	结果：未满足，返回code：-1
===2021-08-10 17:53:15.104===
额外条件未满足


===============================================

==============2021-08-10 17:53:32==============
===6开始执行条件2021-08-10 17:53:30.822===
===开始判断价格条件2021-08-10 17:53:30.822===
===开始判断额外/转自动条件2021-08-10 17:53:31.297===
===2021-08-10 17:53:31.579===
股票：600714指定时间段判断-额外参数：
	分组名称：1
	走势名称：时间段
		条件不成立(当前时间：2021-08-10 17:53:30.822,条件时段：09:30:00-13:00:00)
	结果：未满足
===2021-08-10 17:53:31.579===
===2021-08-10 17:53:31.694===
股票：600714板块涨跌幅判断-额外参数：
	分组名称：1
	走势名称：发
		条件不成立(不符合板块涨跌幅条件)
	结果：未满足，返回code：-1
===2021-08-10 17:53:32.643===
额外条件未满足


===============================================

==============2021-08-10 17:53:46==============
===6开始执行条件2021-08-10 17:53:42.461===
===开始判断价格条件2021-08-10 17:53:42.461===
===开始判断额外/转自动条件2021-08-10 17:53:43.013===
===2021-08-10 17:53:43.945===
股票：600714指定时间段判断-额外参数：
	分组名称：1
	走势名称：时间段
		条件不成立(当前时间：2021-08-10 17:53:42.460,条件时段：09:30:00-13:00:00)
	结果：未满足
===2021-08-10 17:53:43.945===
===2021-08-10 17:53:44.168===
股票：600714板块涨跌幅判断-额外参数：
	分组名称：1
	走势名称：发
		条件不成立(不符合板块涨跌幅条件)
	结果：未满足，返回code：-1
===2021-08-10 17:53:46.078===
额外条件未满足


===============================================

==============2021-08-10 17:54:01==============
===6开始执行条件2021-08-10 17:54:00.595===
===开始判断价格条件2021-08-10 17:54:00.595===
===开始判断额外/转自动条件2021-08-10 17:54:01.038===
===2021-08-10 17:54:01.211===
股票：600714指定时间段判断-额外参数：
	分组名称：1
	走势名称：时间段
		条件不成立(当前时间：2021-08-10 17:54:00.595,条件时段：09:30:00-13:00:00)
	结果：未满足
===2021-08-10 17:54:01.211===
===2021-08-10 17:54:01.268===
股票：600714板块涨跌幅判断-额外参数：
	分组名称：1
	走势名称：发
		条件不成立(不符合板块涨跌幅条件)
	结果：未满足，返回code：-1
===2021-08-10 17:54:01.641===
额外条件未满足


===============================================

==============2021-08-10 17:54:17==============
===6开始执行条件2021-08-10 17:54:16.406===
===开始判断价格条件2021-08-10 17:54:16.406===
===开始判断额外/转自动条件2021-08-10 17:54:16.896===
===2021-08-10 17:54:16.980===
股票：600714指定时间段判断-额外参数：
	分组名称：1
	走势名称：时间段
		条件不成立(当前时间：2021-08-10 17:54:16.406,条件时段：09:30:00-13:00:00)
	结果：未满足
===2021-08-10 17:54:16.981===
===2021-08-10 17:54:17.090===
股票：600714板块涨跌幅判断-额外参数：
	分组名称：1
	走势名称：发
		条件不成立(不符合板块涨跌幅条件)
	结果：未满足，返回code：-1
===2021-08-10 17:54:17.933===
额外条件未满足


===============================================

