==============2021-08-11 10:28:23==============
===6开始执行条件2021-08-11 10:28:23.131===
===开始判断价格条件2021-08-11 10:28:23.131===
===开始判断额外/转自动条件2021-08-11 10:28:23.331===
===2021-08-11 10:28:23.466===
股票：600714指定时间段判断-额外参数：
	分组名称：1
	走势名称：时间段
		条件成立(当前时间：2021-08-11 10:28:23.131,条件时段：09:30:00-13:00:00)
	结果：达到要求
===2021-08-11 10:28:23.676===
===2021-08-11 10:28:23.812===
股票：600714多头向上判断-转自动参数：
	分组名称：2
	走势名称：多头向上
	结果：未满足，返回code：0
===2021-08-11 10:28:23.812===
满足所有条件，可以触发


===============================================

==============2021-08-11 10:28:31==============
===6开始执行条件2021-08-11 10:28:31.074===
===开始判断价格条件2021-08-11 10:28:31.074===
===开始判断额外/转自动条件2021-08-11 10:28:31.214===
===2021-08-11 10:28:31.433===
股票：600714指定时间段判断-额外参数：
	分组名称：1
	走势名称：时间段
		条件成立(当前时间：2021-08-11 10:28:31.073,条件时段：09:30:00-13:00:00)
	结果：达到要求
===2021-08-11 10:28:31.530===
===2021-08-11 10:28:31.688===
股票：600714多头向上判断-转自动参数：
	分组名称：2
	走势名称：多头向上
	结果：未满足，返回code：0
===2021-08-11 10:28:31.689===
满足所有条件，可以触发


===============================================

==============2021-08-11 10:28:50==============
===6开始执行条件2021-08-11 10:28:50.338===
===开始判断价格条件2021-08-11 10:28:50.338===
===开始判断额外/转自动条件2021-08-11 10:28:50.508===
===2021-08-11 10:28:50.651===
股票：600714指定时间段判断-额外参数：
	分组名称：1
	走势名称：时间段
		条件成立(当前时间：2021-08-11 10:28:50.337,条件时段：09:30:00-13:00:00)
	结果：达到要求
===2021-08-11 10:28:50.750===
===2021-08-11 10:28:50.988===
股票：600714多头向上判断-转自动参数：
	分组名称：2
	走势名称：多头向上
	结果：未满足，返回code：0
===2021-08-11 10:28:50.988===
满足所有条件，可以触发


===============================================

==============2021-08-11 10:29:00==============
===6开始执行条件2021-08-11 10:28:59.406===
===开始判断价格条件2021-08-11 10:28:59.406===
===开始判断额外/转自动条件2021-08-11 10:28:59.598===
===2021-08-11 10:28:59.676===
股票：600714指定时间段判断-额外参数：
	分组名称：1
	走势名称：时间段
		条件成立(当前时间：2021-08-11 10:28:59.405,条件时段：09:30:00-13:00:00)
	结果：达到要求
===2021-08-11 10:28:59.753===
===2021-08-11 10:29:00.149===
股票：600714多头向上判断-转自动参数：
	分组名称：2
	走势名称：多头向上
	结果：未满足，返回code：0
===2021-08-11 10:29:00.149===
满足所有条件，可以触发


===============================================

==============2021-08-11 10:29:42==============
===6开始执行条件2021-08-11 10:29:41.911===
===开始判断价格条件2021-08-11 10:29:41.911===
===开始判断额外/转自动条件2021-08-11 10:29:42.102===
===2021-08-11 10:29:42.317===
股票：600714指定时间段判断-额外参数：
	分组名称：1
	走势名称：时间段
		条件成立(当前时间：2021-08-11 10:29:41.911,条件时段：09:30:00-13:00:00)
	结果：达到要求
===2021-08-11 10:29:42.430===
===2021-08-11 10:29:42.744===
股票：600714多头向上判断-转自动参数：
	分组名称：2
	走势名称：多头向上
	结果：未满足，返回code：0
===2021-08-11 10:29:42.744===
满足所有条件，可以触发


===============================================

==============2021-08-11 10:29:54==============
===6开始执行条件2021-08-11 10:29:52.561===
===开始判断价格条件2021-08-11 10:29:52.561===
===开始判断额外/转自动条件2021-08-11 10:29:53.380===
===2021-08-11 10:29:53.806===
股票：600714指定时间段判断-额外参数：
	分组名称：1
	走势名称：时间段
		条件成立(当前时间：2021-08-11 10:29:52.560,条件时段：09:30:00-13:00:00)
	结果：达到要求
===2021-08-11 10:29:54.374===
===2021-08-11 10:29:54.743===
股票：600714多头向上判断-转自动参数：
	分组名称：2
	走势名称：多头向上
	结果：未满足，返回code：0
===2021-08-11 10:29:54.743===
满足所有条件，可以触发


===============================================

==============2021-08-11 10:30:07==============
===6开始执行条件2021-08-11 10:30:06.707===
===开始判断价格条件2021-08-11 10:30:06.707===
===开始判断额外/转自动条件2021-08-11 10:30:06.895===
===2021-08-11 10:30:06.980===
股票：600714指定时间段判断-额外参数：
	分组名称：1
	走势名称：时间段
		条件成立(当前时间：2021-08-11 10:30:06.704,条件时段：09:30:00-13:00:00)
	结果：达到要求
===2021-08-11 10:30:07.181===
===2021-08-11 10:30:07.343===
股票：600714多头向上判断-转自动参数：
	分组名称：2
	走势名称：多头向上
	结果：未满足，返回code：0
===2021-08-11 10:30:07.343===
满足所有条件，可以触发


===============================================

==============2021-08-11 10:30:13==============
===6开始执行条件2021-08-11 10:30:13.207===
===开始判断价格条件2021-08-11 10:30:13.207===
===开始判断额外/转自动条件2021-08-11 10:30:13.366===
===2021-08-11 10:30:13.550===
股票：600714指定时间段判断-额外参数：
	分组名称：1
	走势名称：时间段
		条件成立(当前时间：2021-08-11 10:30:13.206,条件时段：09:30:00-13:00:00)
	结果：达到要求
===2021-08-11 10:30:13.631===
===2021-08-11 10:30:13.912===
股票：600714多头向上判断-转自动参数：
	分组名称：2
	走势名称：多头向上
	结果：未满足，返回code：0
===2021-08-11 10:30:13.913===
满足所有条件，可以触发


===============================================

==============2021-08-11 10:30:30==============
===6开始执行条件2021-08-11 10:30:29.496===
===开始判断价格条件2021-08-11 10:30:29.496===
===开始判断额外/转自动条件2021-08-11 10:30:29.697===
===2021-08-11 10:30:29.995===
股票：600714指定时间段判断-额外参数：
	分组名称：1
	走势名称：时间段
		条件成立(当前时间：2021-08-11 10:30:29.496,条件时段：09:30:00-13:00:00)
	结果：达到要求
===2021-08-11 10:30:30.070===
===2021-08-11 10:30:30.181===
股票：600714多头向上判断-转自动参数：
	分组名称：2
	走势名称：多头向上
	结果：未满足，返回code：0
===2021-08-11 10:30:30.181===
满足所有条件，可以触发


===============================================

==============2021-08-11 10:30:41==============
===6开始执行条件2021-08-11 10:30:41.289===
===开始判断价格条件2021-08-11 10:30:41.289===
===开始判断额外/转自动条件2021-08-11 10:30:41.369===
===2021-08-11 10:30:41.446===
股票：600714指定时间段判断-额外参数：
	分组名称：1
	走势名称：时间段
		条件成立(当前时间：2021-08-11 10:30:41.289,条件时段：09:30:00-13:00:00)
	结果：达到要求
===2021-08-11 10:30:41.529===
===2021-08-11 10:30:41.681===
股票：600714多头向上判断-转自动参数：
	分组名称：2
	走势名称：多头向上
	结果：未满足，返回code：0
===2021-08-11 10:30:41.681===
满足所有条件，可以触发


===============================================

==============2021-08-11 10:30:51==============
===6开始执行条件2021-08-11 10:30:50.697===
===开始判断价格条件2021-08-11 10:30:50.697===
===开始判断额外/转自动条件2021-08-11 10:30:50.767===
===2021-08-11 10:30:50.805===
股票：600714指定时间段判断-额外参数：
	分组名称：1
	走势名称：时间段
		条件成立(当前时间：2021-08-11 10:30:50.696,条件时段：09:30:00-13:00:00)
	结果：达到要求
===2021-08-11 10:30:51.147===
===2021-08-11 10:30:51.262===
股票：600714多头向上判断-转自动参数：
	分组名称：2
	走势名称：多头向上
	结果：未满足，返回code：0
===2021-08-11 10:30:51.262===
满足所有条件，可以触发


===============================================

==============2021-08-11 10:30:57==============
===6开始执行条件2021-08-11 10:30:57.405===
===开始判断价格条件2021-08-11 10:30:57.405===
===开始判断额外/转自动条件2021-08-11 10:30:57.505===
===2021-08-11 10:30:57.582===
股票：600714指定时间段判断-额外参数：
	分组名称：1
	走势名称：时间段
		条件成立(当前时间：2021-08-11 10:30:57.405,条件时段：09:30:00-13:00:00)
	结果：达到要求
===2021-08-11 10:30:57.708===
===2021-08-11 10:30:57.793===
股票：600714多头向上判断-转自动参数：
	分组名称：2
	走势名称：多头向上
	结果：未满足，返回code：0
===2021-08-11 10:30:57.793===
满足所有条件，可以触发


===============================================

==============2021-08-11 10:31:16==============
===6开始执行条件2021-08-11 10:31:16.181===
===开始判断价格条件2021-08-11 10:31:16.181===
===开始判断额外/转自动条件2021-08-11 10:31:16.285===
===2021-08-11 10:31:16.649===
股票：600714指定时间段判断-额外参数：
	分组名称：1
	走势名称：时间段
		条件成立(当前时间：2021-08-11 10:31:16.181,条件时段：09:30:00-13:00:00)
	结果：达到要求
===2021-08-11 10:31:16.751===
===2021-08-11 10:31:16.934===
股票：600714多头向上判断-转自动参数：
	分组名称：2
	走势名称：多头向上
	结果：未满足，返回code：0
===2021-08-11 10:31:16.934===
满足所有条件，可以触发


===============================================

==============2021-08-11 10:31:23==============
===6开始执行条件2021-08-11 10:31:22.383===
===开始判断价格条件2021-08-11 10:31:22.383===
===开始判断额外/转自动条件2021-08-11 10:31:22.753===
===2021-08-11 10:31:22.793===
股票：600714指定时间段判断-额外参数：
	分组名称：1
	走势名称：时间段
		条件成立(当前时间：2021-08-11 10:31:22.382,条件时段：09:30:00-13:00:00)
	结果：达到要求
===2021-08-11 10:31:22.838===
===2021-08-11 10:31:23.056===
股票：600714多头向上判断-转自动参数：
	分组名称：2
	走势名称：多头向上
	结果：未满足，返回code：0
===2021-08-11 10:31:23.056===
满足所有条件，可以触发


===============================================

==============2021-08-11 10:31:30==============
===6开始执行条件2021-08-11 10:31:29.913===
===开始判断价格条件2021-08-11 10:31:29.913===
===开始判断额外/转自动条件2021-08-11 10:31:30.246===
===2021-08-11 10:31:30.362===
股票：600714指定时间段判断-额外参数：
	分组名称：1
	走势名称：时间段
		条件成立(当前时间：2021-08-11 10:31:29.912,条件时段：09:30:00-13:00:00)
	结果：达到要求
===2021-08-11 10:31:30.401===
===2021-08-11 10:31:30.611===
股票：600714多头向上判断-转自动参数：
	分组名称：2
	走势名称：多头向上
	结果：未满足，返回code：0
===2021-08-11 10:31:30.611===
满足所有条件，可以触发


===============================================

==============2021-08-11 10:31:40==============
===6开始执行条件2021-08-11 10:31:39.182===
===开始判断价格条件2021-08-11 10:31:39.182===
===开始判断额外/转自动条件2021-08-11 10:31:39.693===
===2021-08-11 10:31:39.919===
股票：600714指定时间段判断-额外参数：
	分组名称：1
	走势名称：时间段
		条件成立(当前时间：2021-08-11 10:31:39.182,条件时段：09:30:00-13:00:00)
	结果：达到要求
===2021-08-11 10:31:40.330===
===2021-08-11 10:31:40.954===
股票：600714多头向上判断-转自动参数：
	分组名称：2
	走势名称：多头向上
	结果：未满足，返回code：0
===2021-08-11 10:31:40.954===
满足所有条件，可以触发


===============================================

==============2021-08-11 10:31:57==============
===6开始执行条件2021-08-11 10:31:56.255===
===开始判断价格条件2021-08-11 10:31:56.255===
===开始判断额外/转自动条件2021-08-11 10:31:56.671===
===2021-08-11 10:31:56.763===
股票：600714指定时间段判断-额外参数：
	分组名称：1
	走势名称：时间段
		条件成立(当前时间：2021-08-11 10:31:56.255,条件时段：09:30:00-13:00:00)
	结果：达到要求
===2021-08-11 10:31:56.963===
===2021-08-11 10:31:57.540===
股票：600714多头向上判断-转自动参数：
	分组名称：2
	走势名称：多头向上
	结果：未满足，返回code：0
===2021-08-11 10:31:57.540===
满足所有条件，可以触发


===============================================

==============2021-08-11 10:32:17==============
===6开始执行条件2021-08-11 10:32:14.310===
===开始判断价格条件2021-08-11 10:32:14.310===
===开始判断额外/转自动条件2021-08-11 10:32:16.305===
===2021-08-11 10:32:16.714===
股票：600714指定时间段判断-额外参数：
	分组名称：1
	走势名称：时间段
		条件成立(当前时间：2021-08-11 10:32:14.309,条件时段：09:30:00-13:00:00)
	结果：达到要求
===2021-08-11 10:32:16.873===
===2021-08-11 10:32:17.237===
股票：600714多头向上判断-转自动参数：
	分组名称：2
	走势名称：多头向上
	结果：未满足，返回code：0
===2021-08-11 10:32:17.237===
满足所有条件，可以触发


===============================================

==============2021-08-11 10:32:43==============
===6开始执行条件2021-08-11 10:32:43.069===
===开始判断价格条件2021-08-11 10:32:43.069===
===开始判断额外/转自动条件2021-08-11 10:32:43.252===
===2021-08-11 10:32:43.352===
股票：600714指定时间段判断-额外参数：
	分组名称：1
	走势名称：时间段
		条件成立(当前时间：2021-08-11 10:32:43.068,条件时段：09:30:00-13:00:00)
	结果：达到要求
===2021-08-11 10:32:43.432===
===2021-08-11 10:32:43.597===
股票：600714多头向上判断-转自动参数：
	分组名称：2
	走势名称：多头向上
	结果：未满足，返回code：0
===2021-08-11 10:32:43.597===
满足所有条件，可以触发


===============================================

==============2021-08-11 10:32:56==============
===6开始执行条件2021-08-11 10:32:56.168===
===开始判断价格条件2021-08-11 10:32:56.169===
===开始判断额外/转自动条件2021-08-11 10:32:56.283===
===2021-08-11 10:32:56.368===
股票：600714指定时间段判断-额外参数：
	分组名称：1
	走势名称：时间段
		条件成立(当前时间：2021-08-11 10:32:56.168,条件时段：09:30:00-13:00:00)
	结果：达到要求
===2021-08-11 10:32:56.460===
===2021-08-11 10:32:56.655===
股票：600714多头向上判断-转自动参数：
	分组名称：2
	走势名称：多头向上
	结果：未满足，返回code：0
===2021-08-11 10:32:56.655===
满足所有条件，可以触发


===============================================

==============2021-08-11 10:33:05==============
===6开始执行条件2021-08-11 10:33:04.614===
===开始判断价格条件2021-08-11 10:33:04.614===
===开始判断额外/转自动条件2021-08-11 10:33:04.724===
===2021-08-11 10:33:05.110===
股票：600714指定时间段判断-额外参数：
	分组名称：1
	走势名称：时间段
		条件成立(当前时间：2021-08-11 10:33:04.613,条件时段：09:30:00-13:00:00)
	结果：达到要求
===2021-08-11 10:33:05.266===
===2021-08-11 10:33:05.387===
股票：600714多头向上判断-转自动参数：
	分组名称：2
	走势名称：多头向上
	结果：未满足，返回code：0
===2021-08-11 10:33:05.387===
满足所有条件，可以触发


===============================================

==============2021-08-11 10:33:17==============
===6开始执行条件2021-08-11 10:33:15.260===
===开始判断价格条件2021-08-11 10:33:15.260===
===开始判断额外/转自动条件2021-08-11 10:33:15.901===
===2021-08-11 10:33:16.951===
股票：600714指定时间段判断-额外参数：
	分组名称：1
	走势名称：时间段
		条件成立(当前时间：2021-08-11 10:33:15.260,条件时段：09:30:00-13:00:00)
	结果：达到要求
===2021-08-11 10:33:17.177===
===2021-08-11 10:33:17.921===
股票：600714多头向上判断-转自动参数：
	分组名称：2
	走势名称：多头向上
	结果：未满足，返回code：0
===2021-08-11 10:33:17.921===
满足所有条件，可以触发


===============================================

==============2021-08-11 10:33:24==============
===6开始执行条件2021-08-11 10:33:22.514===
===开始判断价格条件2021-08-11 10:33:22.514===
===开始判断额外/转自动条件2021-08-11 10:33:22.675===
===2021-08-11 10:33:22.903===
股票：600714指定时间段判断-额外参数：
	分组名称：1
	走势名称：时间段
		条件成立(当前时间：2021-08-11 10:33:22.513,条件时段：09:30:00-13:00:00)
	结果：达到要求
===2021-08-11 10:33:23.638===
===2021-08-11 10:33:24.008===
股票：600714多头向上判断-转自动参数：
	分组名称：2
	走势名称：多头向上
	结果：未满足，返回code：0
===2021-08-11 10:33:24.008===
满足所有条件，可以触发


===============================================

==============2021-08-11 10:34:57==============
===6开始执行条件2021-08-11 10:34:56.961===
===开始判断价格条件2021-08-11 10:34:56.961===
===开始判断额外/转自动条件2021-08-11 10:34:57.078===
===2021-08-11 10:34:57.196===
股票：600714指定时间段判断-额外参数：
	分组名称：1
	走势名称：时间段
		条件成立(当前时间：2021-08-11 10:34:56.961,条件时段：09:30:00-13:00:00)
	结果：达到要求
===2021-08-11 10:34:57.292===
===2021-08-11 10:34:57.447===
股票：600714多头向上判断-转自动参数：
	分组名称：2
	走势名称：多头向上
	结果：未满足，返回code：0
===2021-08-11 10:34:57.448===
满足所有条件，可以触发


===============================================

==============2021-08-11 10:35:05==============
===6开始执行条件2021-08-11 10:35:05.322===
===开始判断价格条件2021-08-11 10:35:05.322===
===开始判断额外/转自动条件2021-08-11 10:35:05.474===
===2021-08-11 10:35:05.682===
股票：600714指定时间段判断-额外参数：
	分组名称：1
	走势名称：时间段
		条件成立(当前时间：2021-08-11 10:35:05.313,条件时段：09:30:00-13:00:00)
	结果：达到要求
===2021-08-11 10:35:05.733===
===2021-08-11 10:35:05.939===
股票：600714多头向上判断-转自动参数：
	分组名称：2
	走势名称：多头向上
	结果：未满足，返回code：0
===2021-08-11 10:35:05.939===
满足所有条件，可以触发


===============================================

==============2021-08-11 10:35:17==============
===6开始执行条件2021-08-11 10:35:15.925===
===开始判断价格条件2021-08-11 10:35:15.925===
===开始判断额外/转自动条件2021-08-11 10:35:16.330===
===2021-08-11 10:35:16.609===
股票：600714指定时间段判断-额外参数：
	分组名称：1
	走势名称：时间段
		条件成立(当前时间：2021-08-11 10:35:15.925,条件时段：09:30:00-13:00:00)
	结果：达到要求
===2021-08-11 10:35:16.807===
===2021-08-11 10:35:17.070===
股票：600714多头向上判断-转自动参数：
	分组名称：2
	走势名称：多头向上
	结果：未满足，返回code：0
===2021-08-11 10:35:17.070===
满足所有条件，可以触发


===============================================

==============2021-08-11 10:35:29==============
===6开始执行条件2021-08-11 10:35:28.533===
===开始判断价格条件2021-08-11 10:35:28.533===
===开始判断额外/转自动条件2021-08-11 10:35:28.898===
===2021-08-11 10:35:29.186===
股票：600714指定时间段判断-额外参数：
	分组名称：1
	走势名称：时间段
		条件成立(当前时间：2021-08-11 10:35:28.532,条件时段：09:30:00-13:00:00)
	结果：达到要求
===2021-08-11 10:35:29.459===
===2021-08-11 10:35:29.867===
股票：600714多头向上判断-转自动参数：
	分组名称：2
	走势名称：多头向上
	结果：未满足，返回code：0
===2021-08-11 10:35:29.867===
满足所有条件，可以触发


===============================================

==============2021-08-11 10:35:54==============
===6开始执行条件2021-08-11 10:35:53.331===
===开始判断价格条件2021-08-11 10:35:53.331===
===开始判断额外/转自动条件2021-08-11 10:35:53.774===
===2021-08-11 10:35:53.987===
股票：600714指定时间段判断-额外参数：
	分组名称：1
	走势名称：时间段
		条件成立(当前时间：2021-08-11 10:35:53.331,条件时段：09:30:00-13:00:00)
	结果：达到要求
===2021-08-11 10:35:54.170===
===2021-08-11 10:35:54.730===
股票：600714多头向上判断-转自动参数：
	分组名称：2
	走势名称：多头向上
	结果：未满足，返回code：0
===2021-08-11 10:35:54.730===
满足所有条件，可以触发


===============================================

==============2021-08-11 10:36:26==============
===6开始执行条件2021-08-11 10:36:23.065===
===开始判断价格条件2021-08-11 10:36:23.065===
===开始判断额外/转自动条件2021-08-11 10:36:24.387===
===2021-08-11 10:36:24.994===
股票：600714指定时间段判断-额外参数：
	分组名称：1
	走势名称：时间段
		条件成立(当前时间：2021-08-11 10:36:23.061,条件时段：09:30:00-13:00:00)
	结果：达到要求
===2021-08-11 10:36:25.158===
===2021-08-11 10:36:26.811===
股票：600714多头向上判断-转自动参数：
	分组名称：2
	走势名称：多头向上
	结果：未满足，返回code：0
===2021-08-11 10:36:26.811===
满足所有条件，可以触发


===============================================

==============2021-08-11 10:37:02==============
===6开始执行条件2021-08-11 10:36:59.761===
===开始判断价格条件2021-08-11 10:36:59.761===
===开始判断额外/转自动条件2021-08-11 10:37:00.119===
===2021-08-11 10:37:00.396===
股票：600714指定时间段判断-额外参数：
	分组名称：1
	走势名称：时间段
		条件成立(当前时间：2021-08-11 10:36:59.760,条件时段：09:30:00-13:00:00)
	结果：达到要求
===2021-08-11 10:37:01.620===
===2021-08-11 10:37:02.353===
股票：600714多头向上判断-转自动参数：
	分组名称：2
	走势名称：多头向上
	结果：未满足，返回code：0
===2021-08-11 10:37:02.354===
满足所有条件，可以触发


===============================================

