==============2021-08-11 10:28:20==============
===6开始执行条件2021-08-11 10:28:19.662===
===开始判断价格条件2021-08-11 10:28:19.662===
===开始判断额外/转自动条件2021-08-11 10:28:19.912===
===2021-08-11 10:28:20.084===
股票：603897指定时间段判断-额外参数：
	分组名称：1
	走势名称：时间段
		条件成立(当前时间：2021-08-11 10:28:19.662,条件时段：09:30:00-13:00:00)
	结果：达到要求
===2021-08-11 10:28:20.159===
===2021-08-11 10:28:20.378===
股票：603897多头向上判断-转自动参数：
	分组名称：2
	走势名称：多头向上
	结果：未满足，返回code：0
===2021-08-11 10:28:20.378===
满足所有条件，可以触发


===============================================

==============2021-08-11 10:28:27==============
===6开始执行条件2021-08-11 10:28:26.855===
===开始判断价格条件2021-08-11 10:28:26.855===
===开始判断额外/转自动条件2021-08-11 10:28:27.027===
===2021-08-11 10:28:27.124===
股票：603897指定时间段判断-额外参数：
	分组名称：1
	走势名称：时间段
		条件成立(当前时间：2021-08-11 10:28:26.855,条件时段：09:30:00-13:00:00)
	结果：达到要求
===2021-08-11 10:28:27.288===
===2021-08-11 10:28:27.831===
股票：603897多头向上判断-转自动参数：
	分组名称：2
	走势名称：多头向上
	结果：未满足，返回code：0
===2021-08-11 10:28:27.831===
满足所有条件，可以触发


===============================================

==============2021-08-11 10:28:49==============
===6开始执行条件2021-08-11 10:28:48.567===
===开始判断价格条件2021-08-11 10:28:48.567===
===开始判断额外/转自动条件2021-08-11 10:28:48.760===
===2021-08-11 10:28:48.970===
股票：603897指定时间段判断-额外参数：
	分组名称：1
	走势名称：时间段
		条件成立(当前时间：2021-08-11 10:28:48.564,条件时段：09:30:00-13:00:00)
	结果：达到要求
===2021-08-11 10:28:49.075===
===2021-08-11 10:28:49.451===
股票：603897多头向上判断-转自动参数：
	分组名称：2
	走势名称：多头向上
	结果：未满足，返回code：0
===2021-08-11 10:28:49.452===
满足所有条件，可以触发


===============================================

==============2021-08-11 10:28:58==============
===6开始执行条件2021-08-11 10:28:57.500===
===开始判断价格条件2021-08-11 10:28:57.500===
===开始判断额外/转自动条件2021-08-11 10:28:57.737===
===2021-08-11 10:28:58.057===
股票：603897指定时间段判断-额外参数：
	分组名称：1
	走势名称：时间段
		条件成立(当前时间：2021-08-11 10:28:57.500,条件时段：09:30:00-13:00:00)
	结果：达到要求
===2021-08-11 10:28:58.238===
===2021-08-11 10:28:58.933===
股票：603897多头向上判断-转自动参数：
	分组名称：2
	走势名称：多头向上
	结果：未满足，返回code：0
===2021-08-11 10:28:58.933===
满足所有条件，可以触发


===============================================

==============2021-08-11 10:29:40==============
===6开始执行条件2021-08-11 10:29:39.938===
===开始判断价格条件2021-08-11 10:29:39.938===
===开始判断额外/转自动条件2021-08-11 10:29:40.089===
===2021-08-11 10:29:40.151===
股票：603897指定时间段判断-额外参数：
	分组名称：1
	走势名称：时间段
		条件成立(当前时间：2021-08-11 10:29:39.938,条件时段：09:30:00-13:00:00)
	结果：达到要求
===2021-08-11 10:29:40.348===
===2021-08-11 10:29:40.512===
股票：603897多头向上判断-转自动参数：
	分组名称：2
	走势名称：多头向上
	结果：未满足，返回code：0
===2021-08-11 10:29:40.512===
满足所有条件，可以触发


===============================================

==============2021-08-11 10:29:51==============
===6开始执行条件2021-08-11 10:29:49.837===
===开始判断价格条件2021-08-11 10:29:49.837===
===开始判断额外/转自动条件2021-08-11 10:29:50.365===
===2021-08-11 10:29:50.636===
股票：603897指定时间段判断-额外参数：
	分组名称：1
	走势名称：时间段
		条件成立(当前时间：2021-08-11 10:29:49.837,条件时段：09:30:00-13:00:00)
	结果：达到要求
===2021-08-11 10:29:51.260===
===2021-08-11 10:29:51.892===
股票：603897多头向上判断-转自动参数：
	分组名称：2
	走势名称：多头向上
	结果：未满足，返回code：0
===2021-08-11 10:29:51.892===
满足所有条件，可以触发


===============================================

==============2021-08-11 10:30:05==============
===6开始执行条件2021-08-11 10:30:05.085===
===开始判断价格条件2021-08-11 10:30:05.085===
===开始判断额外/转自动条件2021-08-11 10:30:05.330===
===2021-08-11 10:30:05.398===
股票：603897指定时间段判断-额外参数：
	分组名称：1
	走势名称：时间段
		条件成立(当前时间：2021-08-11 10:30:05.085,条件时段：09:30:00-13:00:00)
	结果：达到要求
===2021-08-11 10:30:05.458===
===2021-08-11 10:30:05.613===
股票：603897多头向上判断-转自动参数：
	分组名称：2
	走势名称：多头向上
	结果：未满足，返回code：0
===2021-08-11 10:30:05.613===
满足所有条件，可以触发


===============================================

==============2021-08-11 10:30:12==============
===6开始执行条件2021-08-11 10:30:11.693===
===开始判断价格条件2021-08-11 10:30:11.693===
===开始判断额外/转自动条件2021-08-11 10:30:11.804===
===2021-08-11 10:30:11.880===
股票：603897指定时间段判断-额外参数：
	分组名称：1
	走势名称：时间段
		条件成立(当前时间：2021-08-11 10:30:11.692,条件时段：09:30:00-13:00:00)
	结果：达到要求
===2021-08-11 10:30:11.966===
===2021-08-11 10:30:12.255===
股票：603897多头向上判断-转自动参数：
	分组名称：2
	走势名称：多头向上
	结果：未满足，返回code：0
===2021-08-11 10:30:12.255===
满足所有条件，可以触发


===============================================

==============2021-08-11 10:30:20==============
===6开始执行条件2021-08-11 10:30:20.230===
===开始判断价格条件2021-08-11 10:30:20.230===
===开始判断额外/转自动条件2021-08-11 10:30:20.284===
===2021-08-11 10:30:20.331===
股票：603897指定时间段判断-额外参数：
	分组名称：1
	走势名称：时间段
		条件成立(当前时间：2021-08-11 10:30:20.230,条件时段：09:30:00-13:00:00)
	结果：达到要求
===2021-08-11 10:30:20.372===
===2021-08-11 10:30:20.430===
股票：603897多头向上判断-转自动参数：
	分组名称：2
	走势名称：多头向上
	结果：未满足，返回code：0
===2021-08-11 10:30:20.430===
满足所有条件，可以触发


===============================================

==============2021-08-11 10:30:28==============
===6开始执行条件2021-08-11 10:30:27.746===
===开始判断价格条件2021-08-11 10:30:27.746===
===开始判断额外/转自动条件2021-08-11 10:30:27.876===
===2021-08-11 10:30:27.929===
股票：603897指定时间段判断-额外参数：
	分组名称：1
	走势名称：时间段
		条件成立(当前时间：2021-08-11 10:30:27.745,条件时段：09:30:00-13:00:00)
	结果：达到要求
===2021-08-11 10:30:28.119===
===2021-08-11 10:30:28.333===
股票：603897多头向上判断-转自动参数：
	分组名称：2
	走势名称：多头向上
	结果：未满足，返回code：0
===2021-08-11 10:30:28.333===
满足所有条件，可以触发


===============================================

==============2021-08-11 10:30:36==============
===6开始执行条件2021-08-11 10:30:35.946===
===开始判断价格条件2021-08-11 10:30:35.946===
===开始判断额外/转自动条件2021-08-11 10:30:36.039===
===2021-08-11 10:30:36.091===
股票：603897指定时间段判断-额外参数：
	分组名称：1
	走势名称：时间段
		条件成立(当前时间：2021-08-11 10:30:35.946,条件时段：09:30:00-13:00:00)
	结果：达到要求
===2021-08-11 10:30:36.161===
===2021-08-11 10:30:36.302===
股票：603897多头向上判断-转自动参数：
	分组名称：2
	走势名称：多头向上
	结果：未满足，返回code：0
===2021-08-11 10:30:36.302===
满足所有条件，可以触发


===============================================

==============2021-08-11 10:30:40==============
===6开始执行条件2021-08-11 10:30:39.829===
===开始判断价格条件2021-08-11 10:30:39.829===
===开始判断额外/转自动条件2021-08-11 10:30:39.935===
===2021-08-11 10:30:40.271===
股票：603897指定时间段判断-额外参数：
	分组名称：1
	走势名称：时间段
		条件成立(当前时间：2021-08-11 10:30:39.829,条件时段：09:30:00-13:00:00)
	结果：达到要求
===2021-08-11 10:30:40.347===
===2021-08-11 10:30:40.784===
股票：603897多头向上判断-转自动参数：
	分组名称：2
	走势名称：多头向上
	结果：未满足，返回code：0
===2021-08-11 10:30:40.784===
满足所有条件，可以触发


===============================================

==============2021-08-11 10:30:48==============
===6开始执行条件2021-08-11 10:30:48.216===
===开始判断价格条件2021-08-11 10:30:48.216===
===开始判断额外/转自动条件2021-08-11 10:30:48.271===
===2021-08-11 10:30:48.321===
股票：603897指定时间段判断-额外参数：
	分组名称：1
	走势名称：时间段
		条件成立(当前时间：2021-08-11 10:30:48.215,条件时段：09:30:00-13:00:00)
	结果：达到要求
===2021-08-11 10:30:48.431===
===2021-08-11 10:30:48.493===
股票：603897多头向上判断-转自动参数：
	分组名称：2
	走势名称：多头向上
	结果：未满足，返回code：0
===2021-08-11 10:30:48.493===
满足所有条件，可以触发


===============================================

==============2021-08-11 10:30:56==============
===6开始执行条件2021-08-11 10:30:55.958===
===开始判断价格条件2021-08-11 10:30:55.958===
===开始判断额外/转自动条件2021-08-11 10:30:56.026===
===2021-08-11 10:30:56.062===
股票：603897指定时间段判断-额外参数：
	分组名称：1
	走势名称：时间段
		条件成立(当前时间：2021-08-11 10:30:55.957,条件时段：09:30:00-13:00:00)
	结果：达到要求
===2021-08-11 10:30:56.124===
===2021-08-11 10:30:56.243===
股票：603897多头向上判断-转自动参数：
	分组名称：2
	走势名称：多头向上
	结果：未满足，返回code：0
===2021-08-11 10:30:56.243===
满足所有条件，可以触发


===============================================

==============2021-08-11 10:31:14==============
===6开始执行条件2021-08-11 10:31:14.287===
===开始判断价格条件2021-08-11 10:31:14.287===
===开始判断额外/转自动条件2021-08-11 10:31:14.392===
===2021-08-11 10:31:14.430===
股票：603897指定时间段判断-额外参数：
	分组名称：1
	走势名称：时间段
		条件成立(当前时间：2021-08-11 10:31:14.281,条件时段：09:30:00-13:00:00)
	结果：达到要求
===2021-08-11 10:31:14.463===
===2021-08-11 10:31:14.530===
股票：603897多头向上判断-转自动参数：
	分组名称：2
	走势名称：多头向上
	结果：未满足，返回code：0
===2021-08-11 10:31:14.530===
满足所有条件，可以触发


===============================================

==============2021-08-11 10:31:21==============
===6开始执行条件2021-08-11 10:31:20.849===
===开始判断价格条件2021-08-11 10:31:20.849===
===开始判断额外/转自动条件2021-08-11 10:31:21.086===
===2021-08-11 10:31:21.176===
股票：603897指定时间段判断-额外参数：
	分组名称：1
	走势名称：时间段
		条件成立(当前时间：2021-08-11 10:31:20.849,条件时段：09:30:00-13:00:00)
	结果：达到要求
===2021-08-11 10:31:21.225===
===2021-08-11 10:31:21.375===
股票：603897多头向上判断-转自动参数：
	分组名称：2
	走势名称：多头向上
	结果：未满足，返回code：0
===2021-08-11 10:31:21.375===
满足所有条件，可以触发


===============================================

==============2021-08-11 10:31:28==============
===6开始执行条件2021-08-11 10:31:28.069===
===开始判断价格条件2021-08-11 10:31:28.069===
===开始判断额外/转自动条件2021-08-11 10:31:28.275===
===2021-08-11 10:31:28.372===
股票：603897指定时间段判断-额外参数：
	分组名称：1
	走势名称：时间段
		条件成立(当前时间：2021-08-11 10:31:28.069,条件时段：09:30:00-13:00:00)
	结果：达到要求
===2021-08-11 10:31:28.523===
===2021-08-11 10:31:28.610===
股票：603897多头向上判断-转自动参数：
	分组名称：2
	走势名称：多头向上
	结果：未满足，返回code：0
===2021-08-11 10:31:28.610===
满足所有条件，可以触发


===============================================

==============2021-08-11 10:31:38==============
===6开始执行条件2021-08-11 10:31:36.796===
===开始判断价格条件2021-08-11 10:31:36.796===
===开始判断额外/转自动条件2021-08-11 10:31:37.492===
===2021-08-11 10:31:37.802===
股票：603897指定时间段判断-额外参数：
	分组名称：1
	走势名称：时间段
		条件成立(当前时间：2021-08-11 10:31:36.796,条件时段：09:30:00-13:00:00)
	结果：达到要求
===2021-08-11 10:31:38.020===
===2021-08-11 10:31:38.816===
股票：603897多头向上判断-转自动参数：
	分组名称：2
	走势名称：多头向上
	结果：未满足，返回code：0
===2021-08-11 10:31:38.817===
满足所有条件，可以触发


===============================================

==============2021-08-11 10:31:55==============
===6开始执行条件2021-08-11 10:31:54.254===
===开始判断价格条件2021-08-11 10:31:54.254===
===开始判断额外/转自动条件2021-08-11 10:31:54.903===
===2021-08-11 10:31:55.057===
股票：603897指定时间段判断-额外参数：
	分组名称：1
	走势名称：时间段
		条件成立(当前时间：2021-08-11 10:31:54.253,条件时段：09:30:00-13:00:00)
	结果：达到要求
===2021-08-11 10:31:55.209===
===2021-08-11 10:31:55.910===
股票：603897多头向上判断-转自动参数：
	分组名称：2
	走势名称：多头向上
	结果：未满足，返回code：0
===2021-08-11 10:31:55.910===
满足所有条件，可以触发


===============================================

==============2021-08-11 10:32:12==============
===6开始执行条件2021-08-11 10:32:10.623===
===开始判断价格条件2021-08-11 10:32:10.623===
===开始判断额外/转自动条件2021-08-11 10:32:10.800===
===2021-08-11 10:32:11.081===
股票：603897指定时间段判断-额外参数：
	分组名称：1
	走势名称：时间段
		条件成立(当前时间：2021-08-11 10:32:10.623,条件时段：09:30:00-13:00:00)
	结果：达到要求
===2021-08-11 10:32:11.366===
===2021-08-11 10:32:12.185===
股票：603897多头向上判断-转自动参数：
	分组名称：2
	走势名称：多头向上
	结果：未满足，返回code：0
===2021-08-11 10:32:12.185===
满足所有条件，可以触发


===============================================

==============2021-08-11 10:32:42==============
===6开始执行条件2021-08-11 10:32:41.155===
===开始判断价格条件2021-08-11 10:32:41.155===
===开始判断额外/转自动条件2021-08-11 10:32:41.415===
===2021-08-11 10:32:41.817===
股票：603897指定时间段判断-额外参数：
	分组名称：1
	走势名称：时间段
		条件成立(当前时间：2021-08-11 10:32:41.154,条件时段：09:30:00-13:00:00)
	结果：达到要求
===2021-08-11 10:32:42.002===
===2021-08-11 10:32:42.142===
股票：603897多头向上判断-转自动参数：
	分组名称：2
	走势名称：多头向上
	结果：未满足，返回code：0
===2021-08-11 10:32:42.142===
满足所有条件，可以触发


===============================================

==============2021-08-11 10:32:54==============
===6开始执行条件2021-08-11 10:32:54.471===
===开始判断价格条件2021-08-11 10:32:54.471===
===开始判断额外/转自动条件2021-08-11 10:32:54.600===
===2021-08-11 10:32:54.694===
股票：603897指定时间段判断-额外参数：
	分组名称：1
	走势名称：时间段
		条件成立(当前时间：2021-08-11 10:32:54.470,条件时段：09:30:00-13:00:00)
	结果：达到要求
===2021-08-11 10:32:54.774===
===2021-08-11 10:32:54.941===
股票：603897多头向上判断-转自动参数：
	分组名称：2
	走势名称：多头向上
	结果：未满足，返回code：0
===2021-08-11 10:32:54.941===
满足所有条件，可以触发


===============================================

==============2021-08-11 10:33:03==============
===6开始执行条件2021-08-11 10:33:02.513===
===开始判断价格条件2021-08-11 10:33:02.513===
===开始判断额外/转自动条件2021-08-11 10:33:02.922===
===2021-08-11 10:33:02.977===
股票：603897指定时间段判断-额外参数：
	分组名称：1
	走势名称：时间段
		条件成立(当前时间：2021-08-11 10:33:02.510,条件时段：09:30:00-13:00:00)
	结果：达到要求
===2021-08-11 10:33:03.054===
===2021-08-11 10:33:03.221===
股票：603897多头向上判断-转自动参数：
	分组名称：2
	走势名称：多头向上
	结果：未满足，返回code：0
===2021-08-11 10:33:03.221===
满足所有条件，可以触发


===============================================

==============2021-08-11 10:33:13==============
===6开始执行条件2021-08-11 10:33:11.257===
===开始判断价格条件2021-08-11 10:33:11.257===
===开始判断额外/转自动条件2021-08-11 10:33:11.975===
===2021-08-11 10:33:12.689===
股票：603897指定时间段判断-额外参数：
	分组名称：1
	走势名称：时间段
		条件成立(当前时间：2021-08-11 10:33:11.257,条件时段：09:30:00-13:00:00)
	结果：达到要求
===2021-08-11 10:33:13.028===
===2021-08-11 10:33:13.844===
股票：603897多头向上判断-转自动参数：
	分组名称：2
	走势名称：多头向上
	结果：未满足，返回code：0
===2021-08-11 10:33:13.844===
满足所有条件，可以触发


===============================================

==============2021-08-11 10:33:22==============
===6开始执行条件2021-08-11 10:33:19.844===
===开始判断价格条件2021-08-11 10:33:19.844===
===开始判断额外/转自动条件2021-08-11 10:33:20.990===
===2021-08-11 10:33:21.396===
股票：603897指定时间段判断-额外参数：
	分组名称：1
	走势名称：时间段
		条件成立(当前时间：2021-08-11 10:33:19.534,条件时段：09:30:00-13:00:00)
	结果：达到要求
===2021-08-11 10:33:22.168===
===2021-08-11 10:33:22.843===
股票：603897多头向上判断-转自动参数：
	分组名称：2
	走势名称：多头向上
	结果：未满足，返回code：0
===2021-08-11 10:33:22.843===
满足所有条件，可以触发


===============================================

==============2021-08-11 10:34:55==============
===6开始执行条件2021-08-11 10:34:54.934===
===开始判断价格条件2021-08-11 10:34:54.934===
===开始判断额外/转自动条件2021-08-11 10:34:55.101===
===2021-08-11 10:34:55.196===
股票：603897指定时间段判断-额外参数：
	分组名称：1
	走势名称：时间段
		条件成立(当前时间：2021-08-11 10:34:54.934,条件时段：09:30:00-13:00:00)
	结果：达到要求
===2021-08-11 10:34:55.284===
===2021-08-11 10:34:55.514===
股票：603897多头向上判断-转自动参数：
	分组名称：2
	走势名称：多头向上
	结果：未满足，返回code：0
===2021-08-11 10:34:55.514===
满足所有条件，可以触发


===============================================

==============2021-08-11 10:35:04==============
===6开始执行条件2021-08-11 10:35:03.545===
===开始判断价格条件2021-08-11 10:35:03.545===
===开始判断额外/转自动条件2021-08-11 10:35:03.915===
===2021-08-11 10:35:04.082===
股票：603897指定时间段判断-额外参数：
	分组名称：1
	走势名称：时间段
		条件成立(当前时间：2021-08-11 10:35:03.545,条件时段：09:30:00-13:00:00)
	结果：达到要求
===2021-08-11 10:35:04.161===
===2021-08-11 10:35:04.244===
股票：603897多头向上判断-转自动参数：
	分组名称：2
	走势名称：多头向上
	结果：未满足，返回code：0
===2021-08-11 10:35:04.244===
满足所有条件，可以触发


===============================================

==============2021-08-11 10:35:11==============
===6开始执行条件2021-08-11 10:35:10.744===
===开始判断价格条件2021-08-11 10:35:10.744===
===开始判断额外/转自动条件2021-08-11 10:35:11.081===
===2021-08-11 10:35:11.246===
股票：603897指定时间段判断-额外参数：
	分组名称：1
	走势名称：时间段
		条件成立(当前时间：2021-08-11 10:35:10.744,条件时段：09:30:00-13:00:00)
	结果：达到要求
===2021-08-11 10:35:11.612===
===2021-08-11 10:35:11.983===
股票：603897多头向上判断-转自动参数：
	分组名称：2
	走势名称：多头向上
	结果：未满足，返回code：0
===2021-08-11 10:35:11.983===
满足所有条件，可以触发


===============================================

==============2021-08-11 10:35:25==============
===6开始执行条件2021-08-11 10:35:23.714===
===开始判断价格条件2021-08-11 10:35:23.714===
===开始判断额外/转自动条件2021-08-11 10:35:23.907===
===2021-08-11 10:35:24.890===
股票：603897指定时间段判断-额外参数：
	分组名称：1
	走势名称：时间段
		条件成立(当前时间：2021-08-11 10:35:23.714,条件时段：09:30:00-13:00:00)
	结果：达到要求
===2021-08-11 10:35:25.119===
===2021-08-11 10:35:25.768===
股票：603897多头向上判断-转自动参数：
	分组名称：2
	走势名称：多头向上
	结果：未满足，返回code：0
===2021-08-11 10:35:25.768===
满足所有条件，可以触发


===============================================

==============2021-08-11 10:35:51==============
===6开始执行条件2021-08-11 10:35:45.980===
===开始判断价格条件2021-08-11 10:35:45.980===
===开始判断额外/转自动条件2021-08-11 10:35:49.514===
===2021-08-11 10:35:51.136===
股票：603897指定时间段判断-额外参数：
	分组名称：1
	走势名称：时间段
		条件成立(当前时间：2021-08-11 10:35:45.979,条件时段：09:30:00-13:00:00)
	结果：达到要求
===2021-08-11 10:35:51.438===
===2021-08-11 10:35:51.815===
股票：603897多头向上判断-转自动参数：
	分组名称：2
	走势名称：多头向上
	结果：未满足，返回code：0
===2021-08-11 10:35:51.815===
满足所有条件，可以触发


===============================================

==============2021-08-11 10:36:22==============
===6开始执行条件2021-08-11 10:36:18.758===
===开始判断价格条件2021-08-11 10:36:18.758===
===开始判断额外/转自动条件2021-08-11 10:36:19.966===
===2021-08-11 10:36:20.377===
股票：603897指定时间段判断-额外参数：
	分组名称：1
	走势名称：时间段
		条件成立(当前时间：2021-08-11 10:36:18.758,条件时段：09:30:00-13:00:00)
	结果：达到要求
===2021-08-11 10:36:21.136===
===2021-08-11 10:36:22.262===
股票：603897多头向上判断-转自动参数：
	分组名称：2
	走势名称：多头向上
	结果：未满足，返回code：0
===2021-08-11 10:36:22.262===
满足所有条件，可以触发


===============================================

==============2021-08-11 10:36:58==============
===6开始执行条件2021-08-11 10:36:56.003===
===开始判断价格条件2021-08-11 10:36:56.003===
===开始判断额外/转自动条件2021-08-11 10:36:56.795===
===2021-08-11 10:36:57.167===
股票：603897指定时间段判断-额外参数：
	分组名称：1
	走势名称：时间段
		条件成立(当前时间：2021-08-11 10:36:56.003,条件时段：09:30:00-13:00:00)
	结果：达到要求
===2021-08-11 10:36:57.698===
===2021-08-11 10:36:58.201===
股票：603897多头向上判断-转自动参数：
	分组名称：2
	走势名称：多头向上
	结果：未满足，返回code：0
===2021-08-11 10:36:58.201===
满足所有条件，可以触发


===============================================

==============2021-08-11 10:37:44==============
===6开始执行条件2021-08-11 10:37:13.786===
===开始判断价格条件2021-08-11 10:37:13.786===
===开始判断额外/转自动条件2021-08-11 10:37:14.650===
===2021-08-11 10:37:14.970===
股票：603897指定时间段判断-额外参数：
	分组名称：1
	走势名称：时间段
		条件成立(当前时间：2021-08-11 10:37:13.785,条件时段：09:30:00-13:00:00)
	结果：达到要求
===2021-08-11 10:37:15.989===
===2021-08-11 10:37:44.198===
股票：603897多头向上判断-转自动参数：
	分组名称：2
	走势名称：多头向上
	结果：未满足，返回code：0
===2021-08-11 10:37:44.198===
满足所有条件，可以触发


===============================================

==============2021-08-11 10:37:55==============
===6开始执行条件2021-08-11 10:37:52.004===
===开始判断价格条件2021-08-11 10:37:52.004===
===开始判断额外/转自动条件2021-08-11 10:37:52.732===
===2021-08-11 10:37:53.186===
股票：603897指定时间段判断-额外参数：
	分组名称：1
	走势名称：时间段
		条件成立(当前时间：2021-08-11 10:37:51.998,条件时段：09:30:00-13:00:00)
	结果：达到要求
===2021-08-11 10:37:53.870===
===2021-08-11 10:37:55.484===
股票：603897多头向上判断-转自动参数：
	分组名称：2
	走势名称：多头向上
	结果：未满足，返回code：0
===2021-08-11 10:37:55.484===
满足所有条件，可以触发


===============================================

