==============2021-08-06 14:25:53==============
===6开始执行条件2021-08-06 14:25:50.866===
===开始判断价格条件2021-08-06 14:25:50.866===
===开始判断额外/转自动条件2021-08-06 14:25:51.057===
===2021-08-06 14:25:51.286===
股票：603897指定时间段判断-额外参数：
	分组名称：1
	走势名称：时间段
		条件不成立(当前时间：2021-08-06 14:25:50.865,条件时段：09:30:00-13:00:00)
	结果：未满足
===2021-08-06 14:25:51.286===
===2021-08-06 14:25:51.508===
股票：603897板块涨跌幅判断-额外参数：
	分组名称：1
	走势名称：发
		条件不成立(不符合板块涨跌幅条件)
	结果：未满足，返回code：-1
===2021-08-06 14:25:53.893===
额外条件未满足


===============================================

==============2021-08-06 14:26:09==============
===6开始执行条件2021-08-06 14:26:05.608===
===开始判断价格条件2021-08-06 14:26:05.608===
===开始判断额外/转自动条件2021-08-06 14:26:06.379===
===2021-08-06 14:26:06.665===
股票：603897指定时间段判断-额外参数：
	分组名称：1
	走势名称：时间段
		条件不成立(当前时间：2021-08-06 14:26:05.608,条件时段：09:30:00-13:00:00)
	结果：未满足
===2021-08-06 14:26:06.665===
===2021-08-06 14:26:06.976===
股票：603897板块涨跌幅判断-额外参数：
	分组名称：1
	走势名称：发
		条件不成立(不符合板块涨跌幅条件)
	结果：未满足，返回code：-1
===2021-08-06 14:26:09.035===
额外条件未满足


===============================================

==============2021-08-06 14:26:36==============
===6开始执行条件2021-08-06 14:26:33.481===
===开始判断价格条件2021-08-06 14:26:33.481===
===开始判断额外/转自动条件2021-08-06 14:26:33.879===
===2021-08-06 14:26:34.091===
股票：603897指定时间段判断-额外参数：
	分组名称：1
	走势名称：时间段
		条件不成立(当前时间：2021-08-06 14:26:33.480,条件时段：09:30:00-13:00:00)
	结果：未满足
===2021-08-06 14:26:34.091===
===2021-08-06 14:26:34.325===
股票：603897板块涨跌幅判断-额外参数：
	分组名称：1
	走势名称：发
		条件不成立(不符合板块涨跌幅条件)
	结果：未满足，返回code：-1
===2021-08-06 14:26:36.559===
额外条件未满足


===============================================

==============2021-08-06 14:26:49==============
===6开始执行条件2021-08-06 14:26:47.742===
===开始判断价格条件2021-08-06 14:26:47.742===
===开始判断额外/转自动条件2021-08-06 14:26:47.965===
===2021-08-06 14:26:48.277===
股票：603897指定时间段判断-额外参数：
	分组名称：1
	走势名称：时间段
		条件不成立(当前时间：2021-08-06 14:26:47.742,条件时段：09:30:00-13:00:00)
	结果：未满足
===2021-08-06 14:26:48.277===
===2021-08-06 14:26:48.322===
股票：603897板块涨跌幅判断-额外参数：
	分组名称：1
	走势名称：发
		条件不成立(不符合板块涨跌幅条件)
	结果：未满足，返回code：-1
===2021-08-06 14:26:49.832===
额外条件未满足


===============================================

==============2021-08-06 14:27:08==============
===6开始执行条件2021-08-06 14:27:05.937===
===开始判断价格条件2021-08-06 14:27:05.937===
===开始判断额外/转自动条件2021-08-06 14:27:06.420===
===2021-08-06 14:27:06.500===
股票：603897指定时间段判断-额外参数：
	分组名称：1
	走势名称：时间段
		条件不成立(当前时间：2021-08-06 14:27:05.937,条件时段：09:30:00-13:00:00)
	结果：未满足
===2021-08-06 14:27:06.500===
===2021-08-06 14:27:06.541===
股票：603897板块涨跌幅判断-额外参数：
	分组名称：1
	走势名称：发
		条件不成立(不符合板块涨跌幅条件)
	结果：未满足，返回code：-1
===2021-08-06 14:27:08.005===
额外条件未满足


===============================================

==============2021-08-06 14:29:14==============
===6开始执行条件2021-08-06 14:29:13.531===
===开始判断价格条件2021-08-06 14:29:13.531===
===开始判断额外/转自动条件2021-08-06 14:29:13.609===
===2021-08-06 14:29:13.665===
股票：603897指定时间段判断-额外参数：
	分组名称：1
	走势名称：时间段
		条件不成立(当前时间：2021-08-06 14:29:13.531,条件时段：09:30:00-13:00:00)
	结果：未满足
===2021-08-06 14:29:13.665===
===2021-08-06 14:29:13.691===
股票：603897板块涨跌幅判断-额外参数：
	分组名称：1
	走势名称：发
		条件不成立(不符合板块涨跌幅条件)
	结果：未满足，返回code：-1
===2021-08-06 14:29:14.111===
额外条件未满足


===============================================

==============2021-08-06 14:34:33==============
===6开始执行条件2021-08-06 14:34:32.757===
===开始判断价格条件2021-08-06 14:34:32.757===
===开始判断额外/转自动条件2021-08-06 14:34:33.032===
===2021-08-06 14:34:33.191===
股票：603897指定时间段判断-额外参数：
	分组名称：1
	走势名称：时间段
		条件不成立(当前时间：2021-08-06 14:34:32.757,条件时段：09:30:00-13:00:00)
	结果：未满足
===2021-08-06 14:34:33.191===
===2021-08-06 14:34:33.206===
股票：603897板块涨跌幅判断-额外参数：
	分组名称：1
	走势名称：发
		条件不成立(不符合板块涨跌幅条件)
	结果：未满足，返回code：-1
===2021-08-06 14:34:33.511===
额外条件未满足


===============================================

==============2021-08-06 14:41:04==============
===6开始执行条件2021-08-06 14:41:03.787===
===开始判断价格条件2021-08-06 14:41:03.787===
===开始判断额外/转自动条件2021-08-06 14:41:03.884===
===2021-08-06 14:41:04.012===
股票：603897指定时间段判断-额外参数：
	分组名称：1
	走势名称：时间段
		条件不成立(当前时间：2021-08-06 14:41:03.786,条件时段：09:30:00-13:00:00)
	结果：未满足
===2021-08-06 14:41:04.012===
===2021-08-06 14:41:04.031===
股票：603897板块涨跌幅判断-额外参数：
	分组名称：1
	走势名称：发
		条件不成立(不符合板块涨跌幅条件)
	结果：未满足，返回code：-1
===2021-08-06 14:41:04.206===
额外条件未满足


===============================================

==============2021-08-06 14:41:16==============
===6开始执行条件2021-08-06 14:41:15.473===
===开始判断价格条件2021-08-06 14:41:15.473===
===开始判断额外/转自动条件2021-08-06 14:41:15.670===
===2021-08-06 14:41:15.747===
股票：603897指定时间段判断-额外参数：
	分组名称：1
	走势名称：时间段
		条件不成立(当前时间：2021-08-06 14:41:15.473,条件时段：09:30:00-13:00:00)
	结果：未满足
===2021-08-06 14:41:15.747===
===2021-08-06 14:41:15.775===
股票：603897板块涨跌幅判断-额外参数：
	分组名称：1
	走势名称：发
		条件不成立(不符合板块涨跌幅条件)
	结果：未满足，返回code：-1
===2021-08-06 14:41:16.230===
额外条件未满足


===============================================

==============2021-08-06 14:41:41==============
===6开始执行条件2021-08-06 14:41:38.224===
===开始判断价格条件2021-08-06 14:41:38.224===
===开始判断额外/转自动条件2021-08-06 14:41:38.517===
===2021-08-06 14:41:38.734===
股票：603897指定时间段判断-额外参数：
	分组名称：1
	走势名称：时间段
		条件不成立(当前时间：2021-08-06 14:41:38.224,条件时段：09:30:00-13:00:00)
	结果：未满足
===2021-08-06 14:41:38.734===
===2021-08-06 14:41:38.891===
股票：603897板块涨跌幅判断-额外参数：
	分组名称：1
	走势名称：发
		条件不成立(不符合板块涨跌幅条件)
	结果：未满足，返回code：-1
===2021-08-06 14:41:41.530===
额外条件未满足


===============================================

==============2021-08-06 14:42:35==============
===6开始执行条件2021-08-06 14:42:30.134===
===开始判断价格条件2021-08-06 14:42:30.134===
===开始判断额外/转自动条件2021-08-06 14:42:30.806===
===2021-08-06 14:42:31.837===
股票：603897指定时间段判断-额外参数：
	分组名称：1
	走势名称：时间段
		条件不成立(当前时间：2021-08-06 14:42:30.133,条件时段：09:30:00-13:00:00)
	结果：未满足
===2021-08-06 14:42:31.862===
===2021-08-06 14:42:32.279===
股票：603897板块涨跌幅判断-额外参数：
	分组名称：1
	走势名称：发
		条件不成立(不符合板块涨跌幅条件)
	结果：未满足，返回code：-1
===2021-08-06 14:42:35.610===
额外条件未满足


===============================================

==============2021-08-06 14:42:53==============
===6开始执行条件2021-08-06 14:42:51.307===
===开始判断价格条件2021-08-06 14:42:51.307===
===开始判断额外/转自动条件2021-08-06 14:42:51.813===
===2021-08-06 14:42:52.293===
股票：603897指定时间段判断-额外参数：
	分组名称：1
	走势名称：时间段
		条件不成立(当前时间：2021-08-06 14:42:51.306,条件时段：09:30:00-13:00:00)
	结果：未满足
===2021-08-06 14:42:52.293===
===2021-08-06 14:42:52.478===
股票：603897板块涨跌幅判断-额外参数：
	分组名称：1
	走势名称：发
		条件不成立(不符合板块涨跌幅条件)
	结果：未满足，返回code：-1
===2021-08-06 14:42:53.656===
额外条件未满足


===============================================

==============2021-08-06 14:43:08==============
===6开始执行条件2021-08-06 14:43:07.634===
===开始判断价格条件2021-08-06 14:43:07.634===
===开始判断额外/转自动条件2021-08-06 14:43:07.734===
===2021-08-06 14:43:07.783===
股票：603897指定时间段判断-额外参数：
	分组名称：1
	走势名称：时间段
		条件不成立(当前时间：2021-08-06 14:43:07.609,条件时段：09:30:00-13:00:00)
	结果：未满足
===2021-08-06 14:43:07.783===
===2021-08-06 14:43:07.804===
股票：603897板块涨跌幅判断-额外参数：
	分组名称：1
	走势名称：发
		条件不成立(不符合板块涨跌幅条件)
	结果：未满足，返回code：-1
===2021-08-06 14:43:08.349===
额外条件未满足


===============================================

==============2021-08-06 14:43:38==============
===6开始执行条件2021-08-06 14:43:27.347===
===开始判断价格条件2021-08-06 14:43:27.347===
===开始判断额外/转自动条件2021-08-06 14:43:30.614===
===2021-08-06 14:43:32.162===
股票：603897指定时间段判断-额外参数：
	分组名称：1
	走势名称：时间段
		条件不成立(当前时间：2021-08-06 14:43:27.347,条件时段：09:30:00-13:00:00)
	结果：未满足
===2021-08-06 14:43:32.162===
===2021-08-06 14:43:32.611===
股票：603897板块涨跌幅判断-额外参数：
	分组名称：1
	走势名称：发
		条件不成立(不符合板块涨跌幅条件)
	结果：未满足，返回code：-1
===2021-08-06 14:43:38.986===
额外条件未满足


===============================================

==============2021-08-06 15:02:53==============
===6开始执行条件2021-08-06 14:44:07.585===
===开始判断价格条件2021-08-06 14:44:07.585===
===开始判断额外/转自动条件2021-08-06 15:02:40.032===
===2021-08-06 15:02:48.649===
股票：603897指定时间段判断-额外参数：
	分组名称：1
	走势名称：时间段
		条件不成立(当前时间：2021-08-06 14:44:07.584,条件时段：09:30:00-13:00:00)
	结果：未满足
===2021-08-06 15:02:48.649===
===2021-08-06 15:02:49.417===
股票：603897板块涨跌幅判断-额外参数：
	分组名称：1
	走势名称：发
		条件不成立(不符合板块涨跌幅条件)
	结果：未满足，返回code：-1
===2021-08-06 15:02:53.853===
额外条件未满足


===============================================

==============2021-08-06 15:03:13==============
===6开始执行条件2021-08-06 15:03:06.484===
===开始判断价格条件2021-08-06 15:03:06.484===
===开始判断额外/转自动条件2021-08-06 15:03:08.266===
===2021-08-06 15:03:08.902===
股票：603897指定时间段判断-额外参数：
	分组名称：1
	走势名称：时间段
		条件不成立(当前时间：2021-08-06 15:03:06.484,条件时段：09:30:00-13:00:00)
	结果：未满足
===2021-08-06 15:03:08.902===
===2021-08-06 15:03:09.160===
股票：603897板块涨跌幅判断-额外参数：
	分组名称：1
	走势名称：发
		条件不成立(不符合板块涨跌幅条件)
	结果：未满足，返回code：-1
===2021-08-06 15:03:13.404===
额外条件未满足


===============================================

==============2021-08-06 15:03:25==============
===6开始执行条件2021-08-06 15:03:22.719===
===开始判断价格条件2021-08-06 15:03:22.719===
===开始判断额外/转自动条件2021-08-06 15:03:23.244===
===2021-08-06 15:03:23.549===
股票：603897指定时间段判断-额外参数：
	分组名称：1
	走势名称：时间段
		条件不成立(当前时间：2021-08-06 15:03:22.719,条件时段：09:30:00-13:00:00)
	结果：未满足
===2021-08-06 15:03:23.549===
===2021-08-06 15:03:23.658===
股票：603897板块涨跌幅判断-额外参数：
	分组名称：1
	走势名称：发
		条件不成立(不符合板块涨跌幅条件)
	结果：未满足，返回code：-1
===2021-08-06 15:03:25.774===
额外条件未满足


===============================================

==============2021-08-06 15:03:58==============
===6开始执行条件2021-08-06 15:03:43.991===
===开始判断价格条件2021-08-06 15:03:43.991===
===开始判断额外/转自动条件2021-08-06 15:03:44.243===
===2021-08-06 15:03:44.697===
股票：603897指定时间段判断-额外参数：
	分组名称：1
	走势名称：时间段
		条件不成立(当前时间：2021-08-06 15:03:43.991,条件时段：09:30:00-13:00:00)
	结果：未满足
===2021-08-06 15:03:44.697===
===2021-08-06 15:03:44.822===
股票：603897板块涨跌幅判断-额外参数：
	分组名称：1
	走势名称：发
		条件不成立(不符合板块涨跌幅条件)
	结果：未满足，返回code：-1
===2021-08-06 15:03:58.433===
额外条件未满足


===============================================

==============2021-08-06 15:04:58==============
===6开始执行条件2021-08-06 15:04:56.544===
===开始判断价格条件2021-08-06 15:04:56.544===
===开始判断额外/转自动条件2021-08-06 15:04:56.966===
===2021-08-06 15:04:57.435===
股票：603897指定时间段判断-额外参数：
	分组名称：1
	走势名称：时间段
		条件不成立(当前时间：2021-08-06 15:04:56.544,条件时段：09:30:00-13:00:00)
	结果：未满足
===2021-08-06 15:04:57.435===
===2021-08-06 15:04:57.473===
股票：603897板块涨跌幅判断-额外参数：
	分组名称：1
	走势名称：发
		条件不成立(不符合板块涨跌幅条件)
	结果：未满足，返回code：-1
===2021-08-06 15:04:58.488===
额外条件未满足


===============================================

==============2021-08-06 15:05:15==============
===6开始执行条件2021-08-06 15:05:10.518===
===开始判断价格条件2021-08-06 15:05:10.518===
===开始判断额外/转自动条件2021-08-06 15:05:11.129===
===2021-08-06 15:05:11.995===
股票：603897指定时间段判断-额外参数：
	分组名称：1
	走势名称：时间段
		条件不成立(当前时间：2021-08-06 15:05:10.518,条件时段：09:30:00-13:00:00)
	结果：未满足
===2021-08-06 15:05:11.995===
===2021-08-06 15:05:12.197===
股票：603897板块涨跌幅判断-额外参数：
	分组名称：1
	走势名称：发
		条件不成立(不符合板块涨跌幅条件)
	结果：未满足，返回code：-1
===2021-08-06 15:05:15.940===
额外条件未满足


===============================================

==============2021-08-06 15:06:08==============
===6开始执行条件2021-08-06 15:06:03.827===
===开始判断价格条件2021-08-06 15:06:03.827===
===开始判断额外/转自动条件2021-08-06 15:06:04.898===
===2021-08-06 15:06:05.344===
股票：603897指定时间段判断-额外参数：
	分组名称：1
	走势名称：时间段
		条件不成立(当前时间：2021-08-06 15:06:03.827,条件时段：09:30:00-13:00:00)
	结果：未满足
===2021-08-06 15:06:05.344===
===2021-08-06 15:06:05.426===
股票：603897板块涨跌幅判断-额外参数：
	分组名称：1
	走势名称：发
		条件不成立(不符合板块涨跌幅条件)
	结果：未满足，返回code：-1
===2021-08-06 15:06:08.589===
额外条件未满足


===============================================

==============2021-08-06 15:06:26==============
===6开始执行条件2021-08-06 15:06:23.109===
===开始判断价格条件2021-08-06 15:06:23.109===
===开始判断额外/转自动条件2021-08-06 15:06:23.581===
===2021-08-06 15:06:24.124===
股票：603897指定时间段判断-额外参数：
	分组名称：1
	走势名称：时间段
		条件不成立(当前时间：2021-08-06 15:06:23.109,条件时段：09:30:00-13:00:00)
	结果：未满足
===2021-08-06 15:06:24.124===
===2021-08-06 15:06:24.210===
股票：603897板块涨跌幅判断-额外参数：
	分组名称：1
	走势名称：发
		条件不成立(不符合板块涨跌幅条件)
	结果：未满足，返回code：-1
===2021-08-06 15:06:26.546===
额外条件未满足


===============================================

==============2021-08-06 15:06:48==============
===6开始执行条件2021-08-06 15:06:43.025===
===开始判断价格条件2021-08-06 15:06:43.025===
===开始判断额外/转自动条件2021-08-06 15:06:44.083===
===2021-08-06 15:06:44.636===
股票：603897指定时间段判断-额外参数：
	分组名称：1
	走势名称：时间段
		条件不成立(当前时间：2021-08-06 15:06:43.025,条件时段：09:30:00-13:00:00)
	结果：未满足
===2021-08-06 15:06:44.636===
===2021-08-06 15:06:44.723===
股票：603897板块涨跌幅判断-额外参数：
	分组名称：1
	走势名称：发
		条件不成立(不符合板块涨跌幅条件)
	结果：未满足，返回code：-1
===2021-08-06 15:06:48.634===
额外条件未满足


===============================================

==============2021-08-06 15:08:01==============
===6开始执行条件2021-08-06 15:08:00.623===
===开始判断价格条件2021-08-06 15:08:00.623===
===开始判断额外/转自动条件2021-08-06 15:08:00.907===
===2021-08-06 15:08:01.422===
股票：603897指定时间段判断-额外参数：
	分组名称：1
	走势名称：时间段
		条件不成立(当前时间：2021-08-06 15:08:00.623,条件时段：09:30:00-13:00:00)
	结果：未满足
===2021-08-06 15:08:01.422===
===2021-08-06 15:08:01.495===
股票：603897板块涨跌幅判断-额外参数：
	分组名称：1
	走势名称：发
		条件不成立(不符合板块涨跌幅条件)
	结果：未满足，返回code：-1
===2021-08-06 15:08:01.883===
额外条件未满足


===============================================

==============2021-08-06 15:12:17==============
===6开始执行条件2021-08-06 15:12:07.711===
===开始判断价格条件2021-08-06 15:12:07.711===
===开始判断额外/转自动条件2021-08-06 15:12:08.790===
===2021-08-06 15:12:10.930===
股票：603897指定时间段判断-额外参数：
	分组名称：1
	走势名称：时间段
		条件不成立(当前时间：2021-08-06 15:12:07.688,条件时段：09:30:00-13:00:00)
	结果：未满足
===2021-08-06 15:12:10.931===
===2021-08-06 15:12:10.984===
股票：603897板块涨跌幅判断-额外参数：
	分组名称：1
	走势名称：发
		条件不成立(不符合板块涨跌幅条件)
	结果：未满足，返回code：-1
===2021-08-06 15:12:17.483===
额外条件未满足


===============================================

==============2021-08-06 15:12:45==============
===6开始执行条件2021-08-06 15:12:43.845===
===开始判断价格条件2021-08-06 15:12:43.845===
===开始判断额外/转自动条件2021-08-06 15:12:44.116===
===2021-08-06 15:12:44.235===
股票：603897指定时间段判断-额外参数：
	分组名称：1
	走势名称：时间段
		条件不成立(当前时间：2021-08-06 15:12:43.845,条件时段：09:30:00-13:00:00)
	结果：未满足
===2021-08-06 15:12:44.235===
===2021-08-06 15:12:44.311===
股票：603897板块涨跌幅判断-额外参数：
	分组名称：1
	走势名称：发
		条件不成立(不符合板块涨跌幅条件)
	结果：未满足，返回code：-1
===2021-08-06 15:12:45.354===
额外条件未满足


===============================================

==============2021-08-06 15:13:52==============
===6开始执行条件2021-08-06 15:13:49.738===
===开始判断价格条件2021-08-06 15:13:49.738===
===开始判断额外/转自动条件2021-08-06 15:13:49.984===
===2021-08-06 15:13:50.167===
股票：603897指定时间段判断-额外参数：
	分组名称：1
	走势名称：时间段
		条件不成立(当前时间：2021-08-06 15:13:49.738,条件时段：09:30:00-13:00:00)
	结果：未满足
===2021-08-06 15:13:50.167===
===2021-08-06 15:13:50.219===
股票：603897板块涨跌幅判断-额外参数：
	分组名称：1
	走势名称：发
		条件不成立(不符合板块涨跌幅条件)
	结果：未满足，返回code：-1
===2021-08-06 15:13:52.391===
额外条件未满足


===============================================

==============2021-08-06 15:14:05==============
===6开始执行条件2021-08-06 15:14:04.321===
===开始判断价格条件2021-08-06 15:14:04.321===
===开始判断额外/转自动条件2021-08-06 15:14:04.488===
===2021-08-06 15:14:04.679===
股票：603897指定时间段判断-额外参数：
	分组名称：1
	走势名称：时间段
		条件不成立(当前时间：2021-08-06 15:14:04.320,条件时段：09:30:00-13:00:00)
	结果：未满足
===2021-08-06 15:14:04.679===
===2021-08-06 15:14:04.772===
股票：603897板块涨跌幅判断-额外参数：
	分组名称：1
	走势名称：发
		条件不成立(不符合板块涨跌幅条件)
	结果：未满足，返回code：-1
===2021-08-06 15:14:05.036===
额外条件未满足


===============================================

==============2021-08-06 15:26:53==============
===6开始执行条件2021-08-06 15:26:51.487===
===开始判断价格条件2021-08-06 15:26:51.487===
===开始判断额外/转自动条件2021-08-06 15:26:51.680===
===2021-08-06 15:26:51.727===
股票：603897指定时间段判断-额外参数：
	分组名称：1
	走势名称：时间段
		条件不成立(当前时间：2021-08-06 15:26:51.486,条件时段：09:30:00-13:00:00)
	结果：未满足
===2021-08-06 15:26:51.727===
===2021-08-06 15:26:51.744===
股票：603897板块涨跌幅判断-额外参数：
	分组名称：1
	走势名称：发
		条件不成立(不符合板块涨跌幅条件)
	结果：未满足，返回code：-1
===2021-08-06 15:26:53.442===
额外条件未满足


===============================================

==============2021-08-06 15:27:56==============
===6开始执行条件2021-08-06 15:27:54.455===
===开始判断价格条件2021-08-06 15:27:54.455===
===开始判断额外/转自动条件2021-08-06 15:27:54.809===
===2021-08-06 15:27:54.914===
股票：603897指定时间段判断-额外参数：
	分组名称：1
	走势名称：时间段
		条件不成立(当前时间：2021-08-06 15:27:54.455,条件时段：09:30:00-13:00:00)
	结果：未满足
===2021-08-06 15:27:54.914===
===2021-08-06 15:27:54.953===
股票：603897板块涨跌幅判断-额外参数：
	分组名称：1
	走势名称：发
		条件不成立(不符合板块涨跌幅条件)
	结果：未满足，返回code：-1
===2021-08-06 15:27:56.731===
额外条件未满足


===============================================

==============2021-08-06 15:28:29==============
===6开始执行条件2021-08-06 15:28:26.327===
===开始判断价格条件2021-08-06 15:28:26.327===
===开始判断额外/转自动条件2021-08-06 15:28:26.826===
===2021-08-06 15:28:27.058===
股票：603897指定时间段判断-额外参数：
	分组名称：1
	走势名称：时间段
		条件不成立(当前时间：2021-08-06 15:28:26.327,条件时段：09:30:00-13:00:00)
	结果：未满足
===2021-08-06 15:28:27.058===
===2021-08-06 15:28:27.089===
股票：603897板块涨跌幅判断-额外参数：
	分组名称：1
	走势名称：发
		条件不成立(不符合板块涨跌幅条件)
	结果：未满足，返回code：-1
===2021-08-06 15:28:29.025===
额外条件未满足


===============================================

==============2021-08-06 15:28:48==============
===6开始执行条件2021-08-06 15:28:45.314===
===开始判断价格条件2021-08-06 15:28:45.314===
===开始判断额外/转自动条件2021-08-06 15:28:45.666===
===2021-08-06 15:28:45.841===
股票：603897指定时间段判断-额外参数：
	分组名称：1
	走势名称：时间段
		条件不成立(当前时间：2021-08-06 15:28:45.314,条件时段：09:30:00-13:00:00)
	结果：未满足
===2021-08-06 15:28:45.841===
===2021-08-06 15:28:45.941===
股票：603897板块涨跌幅判断-额外参数：
	分组名称：1
	走势名称：发
		条件不成立(不符合板块涨跌幅条件)
	结果：未满足，返回code：-1
===2021-08-06 15:28:48.502===
额外条件未满足


===============================================

==============2021-08-06 15:29:58==============
===6开始执行条件2021-08-06 15:29:57.974===
===开始判断价格条件2021-08-06 15:29:57.974===
===开始判断额外/转自动条件2021-08-06 15:29:58.046===
===2021-08-06 15:29:58.226===
股票：603897指定时间段判断-额外参数：
	分组名称：1
	走势名称：时间段
		条件不成立(当前时间：2021-08-06 15:29:57.973,条件时段：09:30:00-13:00:00)
	结果：未满足
===2021-08-06 15:29:58.226===
===2021-08-06 15:29:58.279===
股票：603897板块涨跌幅判断-额外参数：
	分组名称：1
	走势名称：发
		条件不成立(不符合板块涨跌幅条件)
	结果：未满足，返回code：-1
===2021-08-06 15:29:58.628===
额外条件未满足


===============================================

==============2021-08-06 15:30:16==============
===6开始执行条件2021-08-06 15:30:13.543===
===开始判断价格条件2021-08-06 15:30:13.543===
===开始判断额外/转自动条件2021-08-06 15:30:13.751===
===2021-08-06 15:30:14.283===
股票：603897指定时间段判断-额外参数：
	分组名称：1
	走势名称：时间段
		条件不成立(当前时间：2021-08-06 15:30:13.543,条件时段：09:30:00-13:00:00)
	结果：未满足
===2021-08-06 15:30:14.283===
===2021-08-06 15:30:14.351===
股票：603897板块涨跌幅判断-额外参数：
	分组名称：1
	走势名称：发
		条件不成立(不符合板块涨跌幅条件)
	结果：未满足，返回code：-1
===2021-08-06 15:30:16.715===
额外条件未满足


===============================================

==============2021-08-06 15:30:37==============
===6开始执行条件2021-08-06 15:30:36.651===
===开始判断价格条件2021-08-06 15:30:36.651===
===开始判断额外/转自动条件2021-08-06 15:30:36.837===
===2021-08-06 15:30:36.888===
股票：603897指定时间段判断-额外参数：
	分组名称：1
	走势名称：时间段
		条件不成立(当前时间：2021-08-06 15:30:36.651,条件时段：09:30:00-13:00:00)
	结果：未满足
===2021-08-06 15:30:36.888===
===2021-08-06 15:30:37.238===
股票：603897板块涨跌幅判断-额外参数：
	分组名称：1
	走势名称：发
		条件不成立(不符合板块涨跌幅条件)
	结果：未满足，返回code：-1
===2021-08-06 15:30:37.594===
额外条件未满足


===============================================

==============2021-08-06 15:30:54==============
===6开始执行条件2021-08-06 15:30:52.633===
===开始判断价格条件2021-08-06 15:30:52.633===
===开始判断额外/转自动条件2021-08-06 15:30:52.875===
===2021-08-06 15:30:53.062===
股票：603897指定时间段判断-额外参数：
	分组名称：1
	走势名称：时间段
		条件不成立(当前时间：2021-08-06 15:30:52.632,条件时段：09:30:00-13:00:00)
	结果：未满足
===2021-08-06 15:30:53.062===
===2021-08-06 15:30:53.179===
股票：603897板块涨跌幅判断-额外参数：
	分组名称：1
	走势名称：发
		条件不成立(不符合板块涨跌幅条件)
	结果：未满足，返回code：-1
===2021-08-06 15:30:54.066===
额外条件未满足


===============================================

==============2021-08-06 15:31:12==============
===6开始执行条件2021-08-06 15:31:12.190===
===开始判断价格条件2021-08-06 15:31:12.190===
===开始判断额外/转自动条件2021-08-06 15:31:12.286===
===2021-08-06 15:31:12.344===
股票：603897指定时间段判断-额外参数：
	分组名称：1
	走势名称：时间段
		条件不成立(当前时间：2021-08-06 15:31:12.189,条件时段：09:30:00-13:00:00)
	结果：未满足
===2021-08-06 15:31:12.344===
===2021-08-06 15:31:12.369===
股票：603897板块涨跌幅判断-额外参数：
	分组名称：1
	走势名称：发
		条件不成立(不符合板块涨跌幅条件)
	结果：未满足，返回code：-1
===2021-08-06 15:31:12.729===
额外条件未满足


===============================================

==============2021-08-06 15:31:31==============
===6开始执行条件2021-08-06 15:31:28.643===
===开始判断价格条件2021-08-06 15:31:28.643===
===开始判断额外/转自动条件2021-08-06 15:31:28.943===
===2021-08-06 15:31:29.200===
股票：603897指定时间段判断-额外参数：
	分组名称：1
	走势名称：时间段
		条件不成立(当前时间：2021-08-06 15:31:28.643,条件时段：09:30:00-13:00:00)
	结果：未满足
===2021-08-06 15:31:29.200===
===2021-08-06 15:31:29.286===
股票：603897板块涨跌幅判断-额外参数：
	分组名称：1
	走势名称：发
		条件不成立(不符合板块涨跌幅条件)
	结果：未满足，返回code：-1
===2021-08-06 15:31:31.206===
额外条件未满足


===============================================

==============2021-08-06 15:31:48==============
===6开始执行条件2021-08-06 15:31:46.442===
===开始判断价格条件2021-08-06 15:31:46.442===
===开始判断额外/转自动条件2021-08-06 15:31:46.707===
===2021-08-06 15:31:46.891===
股票：603897指定时间段判断-额外参数：
	分组名称：1
	走势名称：时间段
		条件不成立(当前时间：2021-08-06 15:31:46.441,条件时段：09:30:00-13:00:00)
	结果：未满足
===2021-08-06 15:31:46.892===
===2021-08-06 15:31:46.923===
股票：603897板块涨跌幅判断-额外参数：
	分组名称：1
	走势名称：发
		条件不成立(不符合板块涨跌幅条件)
	结果：未满足，返回code：-1
===2021-08-06 15:31:48.232===
额外条件未满足


===============================================

==============2021-08-06 15:32:10==============
===6开始执行条件2021-08-06 15:32:08.403===
===开始判断价格条件2021-08-06 15:32:08.403===
===开始判断额外/转自动条件2021-08-06 15:32:08.656===
===2021-08-06 15:32:08.825===
股票：603897指定时间段判断-额外参数：
	分组名称：1
	走势名称：时间段
		条件不成立(当前时间：2021-08-06 15:32:08.402,条件时段：09:30:00-13:00:00)
	结果：未满足
===2021-08-06 15:32:08.825===
===2021-08-06 15:32:08.897===
股票：603897板块涨跌幅判断-额外参数：
	分组名称：1
	走势名称：发
		条件不成立(不符合板块涨跌幅条件)
	结果：未满足，返回code：-1
===2021-08-06 15:32:10.143===
额外条件未满足


===============================================

==============2021-08-06 15:32:30==============
===6开始执行条件2021-08-06 15:32:27.468===
===开始判断价格条件2021-08-06 15:32:27.468===
===开始判断额外/转自动条件2021-08-06 15:32:27.593===
===2021-08-06 15:32:28.269===
股票：603897指定时间段判断-额外参数：
	分组名称：1
	走势名称：时间段
		条件不成立(当前时间：2021-08-06 15:32:27.468,条件时段：09:30:00-13:00:00)
	结果：未满足
===2021-08-06 15:32:28.269===
===2021-08-06 15:32:28.468===
股票：603897板块涨跌幅判断-额外参数：
	分组名称：1
	走势名称：发
		条件不成立(不符合板块涨跌幅条件)
	结果：未满足，返回code：-1
===2021-08-06 15:32:30.335===
额外条件未满足


===============================================

==============2021-08-06 15:32:39==============
===6开始执行条件2021-08-06 15:32:38.661===
===开始判断价格条件2021-08-06 15:32:38.661===
===开始判断额外/转自动条件2021-08-06 15:32:38.774===
===2021-08-06 15:32:38.866===
股票：603897指定时间段判断-额外参数：
	分组名称：1
	走势名称：时间段
		条件不成立(当前时间：2021-08-06 15:32:38.661,条件时段：09:30:00-13:00:00)
	结果：未满足
===2021-08-06 15:32:38.866===
===2021-08-06 15:32:38.885===
股票：603897板块涨跌幅判断-额外参数：
	分组名称：1
	走势名称：发
		条件不成立(不符合板块涨跌幅条件)
	结果：未满足，返回code：-1
===2021-08-06 15:32:39.081===
额外条件未满足


===============================================

==============2021-08-06 15:33:06==============
===6开始执行条件2021-08-06 15:33:02.597===
===开始判断价格条件2021-08-06 15:33:02.597===
===开始判断额外/转自动条件2021-08-06 15:33:03.045===
===2021-08-06 15:33:03.235===
股票：603897指定时间段判断-额外参数：
	分组名称：1
	走势名称：时间段
		条件不成立(当前时间：2021-08-06 15:33:02.596,条件时段：09:30:00-13:00:00)
	结果：未满足
===2021-08-06 15:33:03.235===
===2021-08-06 15:33:03.344===
股票：603897板块涨跌幅判断-额外参数：
	分组名称：1
	走势名称：发
		条件不成立(不符合板块涨跌幅条件)
	结果：未满足，返回code：-1
===2021-08-06 15:33:06.758===
额外条件未满足


===============================================

==============2021-08-06 15:36:37==============
===6开始执行条件2021-08-06 15:33:20.507===
===开始判断价格条件2021-08-06 15:33:20.507===
===开始判断额外/转自动条件2021-08-06 15:35:42.680===
===2021-08-06 15:35:54.734===
股票：603897指定时间段判断-额外参数：
	分组名称：1
	走势名称：时间段
		条件不成立(当前时间：2021-08-06 15:33:20.507,条件时段：09:30:00-13:00:00)
	结果：未满足
===2021-08-06 15:35:54.734===
===2021-08-06 15:35:54.838===
股票：603897板块涨跌幅判断-额外参数：
	分组名称：1
	走势名称：发
		条件不成立(不符合板块涨跌幅条件)
	结果：未满足，返回code：-1
===2021-08-06 15:36:37.218===
额外条件未满足


===============================================

==============2021-08-06 15:38:08==============
===6开始执行条件2021-08-06 15:38:06.562===
===开始判断价格条件2021-08-06 15:38:06.562===
===开始判断额外/转自动条件2021-08-06 15:38:06.813===
===2021-08-06 15:38:06.948===
股票：603897指定时间段判断-额外参数：
	分组名称：1
	走势名称：时间段
		条件不成立(当前时间：2021-08-06 15:38:06.561,条件时段：09:30:00-13:00:00)
	结果：未满足
===2021-08-06 15:38:06.948===
===2021-08-06 15:38:06.970===
股票：603897板块涨跌幅判断-额外参数：
	分组名称：1
	走势名称：发
		条件不成立(不符合板块涨跌幅条件)
	结果：未满足，返回code：-1
===2021-08-06 15:38:08.234===
额外条件未满足


===============================================

==============2021-08-06 15:38:29==============
===6开始执行条件2021-08-06 15:38:29.082===
===开始判断价格条件2021-08-06 15:38:29.082===
===开始判断额外/转自动条件2021-08-06 15:38:29.179===
===2021-08-06 15:38:29.224===
股票：603897指定时间段判断-额外参数：
	分组名称：1
	走势名称：时间段
		条件不成立(当前时间：2021-08-06 15:38:29.081,条件时段：09:30:00-13:00:00)
	结果：未满足
===2021-08-06 15:38:29.224===
===2021-08-06 15:38:29.249===
股票：603897板块涨跌幅判断-额外参数：
	分组名称：1
	走势名称：发
		条件不成立(不符合板块涨跌幅条件)
	结果：未满足，返回code：-1
===2021-08-06 15:38:29.507===
额外条件未满足


===============================================

==============2021-08-06 15:40:25==============
===6开始执行条件2021-08-06 15:40:18.507===
===开始判断价格条件2021-08-06 15:40:18.507===
===开始判断额外/转自动条件2021-08-06 15:40:19.729===
===2021-08-06 15:40:20.314===
股票：603897指定时间段判断-额外参数：
	分组名称：1
	走势名称：时间段
		条件不成立(当前时间：2021-08-06 15:40:18.483,条件时段：09:30:00-13:00:00)
	结果：未满足
===2021-08-06 15:40:20.330===
===2021-08-06 15:40:20.606===
股票：603897板块涨跌幅判断-额外参数：
	分组名称：1
	走势名称：发
		条件不成立(不符合板块涨跌幅条件)
	结果：未满足，返回code：-1
===2021-08-06 15:40:25.410===
额外条件未满足


===============================================

