==============2021-08-10 17:37:11==============
===6开始执行条件2021-08-10 17:37:11.244===
===开始判断价格条件2021-08-10 17:37:11.244===
===开始判断额外/转自动条件2021-08-10 17:37:11.363===
===2021-08-10 17:37:11.426===
股票：603897指定时间段判断-额外参数：
	分组名称：1
	走势名称：时间段
		条件不成立(当前时间：2021-08-10 17:37:11.243,条件时段：09:30:00-13:00:00)
	结果：未满足
===2021-08-10 17:37:11.426===
===2021-08-10 17:37:11.608===
股票：603897板块涨跌幅判断-额外参数：
	分组名称：1
	走势名称：发
		条件不成立(不符合板块涨跌幅条件)
	结果：未满足，返回code：-1
===2021-08-10 17:37:11.964===
额外条件未满足


===============================================

==============2021-08-10 17:41:03==============
===6开始执行条件2021-08-10 17:41:02.004===
===开始判断价格条件2021-08-10 17:41:02.004===
===开始判断额外/转自动条件2021-08-10 17:41:02.234===
===2021-08-10 17:41:02.296===
股票：603897指定时间段判断-额外参数：
	分组名称：1
	走势名称：时间段
		条件不成立(当前时间：2021-08-10 17:41:02.004,条件时段：09:30:00-13:00:00)
	结果：未满足
===2021-08-10 17:41:02.296===
===2021-08-10 17:41:02.351===
股票：603897板块涨跌幅判断-额外参数：
	分组名称：1
	走势名称：发
		条件不成立(不符合板块涨跌幅条件)
	结果：未满足，返回code：-1
===2021-08-10 17:41:03.112===
额外条件未满足


===============================================

==============2021-08-10 17:41:15==============
===6开始执行条件2021-08-10 17:41:13.967===
===开始判断价格条件2021-08-10 17:41:13.967===
===开始判断额外/转自动条件2021-08-10 17:41:14.078===
===2021-08-10 17:41:14.135===
股票：603897指定时间段判断-额外参数：
	分组名称：1
	走势名称：时间段
		条件不成立(当前时间：2021-08-10 17:41:13.967,条件时段：09:30:00-13:00:00)
	结果：未满足
===2021-08-10 17:41:14.135===
===2021-08-10 17:41:14.460===
股票：603897板块涨跌幅判断-额外参数：
	分组名称：1
	走势名称：发
		条件不成立(不符合板块涨跌幅条件)
	结果：未满足，返回code：-1
===2021-08-10 17:41:15.078===
额外条件未满足


===============================================

==============2021-08-10 17:41:44==============
===6开始执行条件2021-08-10 17:41:43.245===
===开始判断价格条件2021-08-10 17:41:43.245===
===开始判断额外/转自动条件2021-08-10 17:41:43.376===
===2021-08-10 17:41:43.622===
股票：603897指定时间段判断-额外参数：
	分组名称：1
	走势名称：时间段
		条件不成立(当前时间：2021-08-10 17:41:43.245,条件时段：09:30:00-13:00:00)
	结果：未满足
===2021-08-10 17:41:43.622===
===2021-08-10 17:41:43.697===
股票：603897板块涨跌幅判断-额外参数：
	分组名称：1
	走势名称：发
		条件不成立(不符合板块涨跌幅条件)
	结果：未满足，返回code：-1
===2021-08-10 17:41:44.332===
额外条件未满足


===============================================

==============2021-08-10 17:41:49==============
===6开始执行条件2021-08-10 17:41:45.660===
===开始判断价格条件2021-08-10 17:41:45.660===
===开始判断额外/转自动条件2021-08-10 17:41:46.107===
===2021-08-10 17:41:46.349===
股票：603897指定时间段判断-额外参数：
	分组名称：1
	走势名称：时间段
		条件不成立(当前时间：2021-08-10 17:41:45.659,条件时段：09:30:00-13:00:00)
	结果：未满足
===2021-08-10 17:41:46.349===
===2021-08-10 17:41:46.493===
股票：603897板块涨跌幅判断-额外参数：
	分组名称：1
	走势名称：发
		条件不成立(不符合板块涨跌幅条件)
	结果：未满足，返回code：-1
===2021-08-10 17:41:49.026===
额外条件未满足


===============================================

==============2021-08-10 17:42:08==============
===6开始执行条件2021-08-10 17:42:06.842===
===开始判断价格条件2021-08-10 17:42:06.842===
===开始判断额外/转自动条件2021-08-10 17:42:07.349===
===2021-08-10 17:42:07.637===
股票：603897指定时间段判断-额外参数：
	分组名称：1
	走势名称：时间段
		条件不成立(当前时间：2021-08-10 17:42:06.842,条件时段：09:30:00-13:00:00)
	结果：未满足
===2021-08-10 17:42:07.637===
===2021-08-10 17:42:07.919===
股票：603897板块涨跌幅判断-额外参数：
	分组名称：1
	走势名称：发
		条件不成立(不符合板块涨跌幅条件)
	结果：未满足，返回code：-1
===2021-08-10 17:42:08.789===
额外条件未满足


===============================================

==============2021-08-10 17:43:43==============
===6开始执行条件2021-08-10 17:43:40.432===
===开始判断价格条件2021-08-10 17:43:40.432===
===开始判断额外/转自动条件2021-08-10 17:43:41.160===
===2021-08-10 17:43:41.453===
股票：603897指定时间段判断-额外参数：
	分组名称：1
	走势名称：时间段
		条件不成立(当前时间：2021-08-10 17:43:40.432,条件时段：09:30:00-13:00:00)
	结果：未满足
===2021-08-10 17:43:41.453===
===2021-08-10 17:43:42.119===
股票：603897板块涨跌幅判断-额外参数：
	分组名称：1
	走势名称：发
		条件不成立(不符合板块涨跌幅条件)
	结果：未满足，返回code：-1
===2021-08-10 17:43:43.166===
额外条件未满足


===============================================

==============2021-08-10 17:43:50==============
===6开始执行条件2021-08-10 17:43:48.764===
===开始判断价格条件2021-08-10 17:43:48.764===
===开始判断额外/转自动条件2021-08-10 17:43:48.945===
===2021-08-10 17:43:49.028===
股票：603897指定时间段判断-额外参数：
	分组名称：1
	走势名称：时间段
		条件不成立(当前时间：2021-08-10 17:43:48.760,条件时段：09:30:00-13:00:00)
	结果：未满足
===2021-08-10 17:43:49.028===
===2021-08-10 17:43:49.061===
股票：603897板块涨跌幅判断-额外参数：
	分组名称：1
	走势名称：发
		条件不成立(不符合板块涨跌幅条件)
	结果：未满足，返回code：-1
===2021-08-10 17:43:50.294===
额外条件未满足


===============================================

==============2021-08-10 17:44:04==============
===6开始执行条件2021-08-10 17:44:03.838===
===开始判断价格条件2021-08-10 17:44:03.838===
===开始判断额外/转自动条件2021-08-10 17:44:04.012===
===2021-08-10 17:44:04.057===
股票：603897指定时间段判断-额外参数：
	分组名称：1
	走势名称：时间段
		条件不成立(当前时间：2021-08-10 17:44:03.837,条件时段：09:30:00-13:00:00)
	结果：未满足
===2021-08-10 17:44:04.058===
===2021-08-10 17:44:04.083===
股票：603897板块涨跌幅判断-额外参数：
	分组名称：1
	走势名称：发
		条件不成立(不符合板块涨跌幅条件)
	结果：未满足，返回code：-1
===2021-08-10 17:44:04.798===
额外条件未满足


===============================================

==============2021-08-10 17:47:24==============
===6开始执行条件2021-08-10 17:47:23.144===
===开始判断价格条件2021-08-10 17:47:23.144===
===开始判断额外/转自动条件2021-08-10 17:47:23.304===
===2021-08-10 17:47:23.361===
股票：603897指定时间段判断-额外参数：
	分组名称：1
	走势名称：时间段
		条件不成立(当前时间：2021-08-10 17:47:23.144,条件时段：09:30:00-13:00:00)
	结果：未满足
===2021-08-10 17:47:23.361===
===2021-08-10 17:47:23.406===
股票：603897板块涨跌幅判断-额外参数：
	分组名称：1
	走势名称：发
		条件不成立(不符合板块涨跌幅条件)
	结果：未满足，返回code：-1
===2021-08-10 17:47:24.018===
额外条件未满足


===============================================

==============2021-08-10 17:47:30==============
===6开始执行条件2021-08-10 17:47:28.188===
===开始判断价格条件2021-08-10 17:47:28.188===
===开始判断额外/转自动条件2021-08-10 17:47:28.719===
===2021-08-10 17:47:28.965===
股票：603897指定时间段判断-额外参数：
	分组名称：1
	走势名称：时间段
		条件不成立(当前时间：2021-08-10 17:47:28.187,条件时段：09:30:00-13:00:00)
	结果：未满足
===2021-08-10 17:47:28.965===
===2021-08-10 17:47:29.052===
股票：603897板块涨跌幅判断-额外参数：
	分组名称：1
	走势名称：发
		条件不成立(不符合板块涨跌幅条件)
	结果：未满足，返回code：-1
===2021-08-10 17:47:30.811===
额外条件未满足


===============================================

==============2021-08-10 17:47:49==============
===6开始执行条件2021-08-10 17:47:45.735===
===开始判断价格条件2021-08-10 17:47:45.735===
===开始判断额外/转自动条件2021-08-10 17:47:45.943===
===2021-08-10 17:47:47.284===
股票：603897指定时间段判断-额外参数：
	分组名称：1
	走势名称：时间段
		条件不成立(当前时间：2021-08-10 17:47:45.734,条件时段：09:30:00-13:00:00)
	结果：未满足
===2021-08-10 17:47:47.284===
===2021-08-10 17:47:47.565===
股票：603897板块涨跌幅判断-额外参数：
	分组名称：1
	走势名称：发
		条件不成立(不符合板块涨跌幅条件)
	结果：未满足，返回code：-1
===2021-08-10 17:47:49.502===
额外条件未满足


===============================================

==============2021-08-10 17:49:00==============
===6开始执行条件2021-08-10 17:48:59.454===
===开始判断价格条件2021-08-10 17:48:59.454===
===开始判断额外/转自动条件2021-08-10 17:48:59.540===
===2021-08-10 17:48:59.733===
股票：603897指定时间段判断-额外参数：
	分组名称：1
	走势名称：时间段
		条件不成立(当前时间：2021-08-10 17:48:59.454,条件时段：09:30:00-13:00:00)
	结果：未满足
===2021-08-10 17:48:59.733===
===2021-08-10 17:48:59.842===
股票：603897板块涨跌幅判断-额外参数：
	分组名称：1
	走势名称：发
		条件不成立(不符合板块涨跌幅条件)
	结果：未满足，返回code：-1
===2021-08-10 17:49:00.343===
额外条件未满足


===============================================

==============2021-08-10 17:49:15==============
===6开始执行条件2021-08-10 17:49:13.805===
===开始判断价格条件2021-08-10 17:49:13.805===
===开始判断额外/转自动条件2021-08-10 17:49:14.099===
===2021-08-10 17:49:14.326===
股票：603897指定时间段判断-额外参数：
	分组名称：1
	走势名称：时间段
		条件不成立(当前时间：2021-08-10 17:49:13.759,条件时段：09:30:00-13:00:00)
	结果：未满足
===2021-08-10 17:49:14.326===
===2021-08-10 17:49:14.379===
股票：603897板块涨跌幅判断-额外参数：
	分组名称：1
	走势名称：发
		条件不成立(不符合板块涨跌幅条件)
	结果：未满足，返回code：-1
===2021-08-10 17:49:15.596===
额外条件未满足


===============================================

==============2021-08-10 17:49:52==============
===6开始执行条件2021-08-10 17:49:50.192===
===开始判断价格条件2021-08-10 17:49:50.192===
===开始判断额外/转自动条件2021-08-10 17:49:50.685===
===2021-08-10 17:49:50.798===
股票：603897指定时间段判断-额外参数：
	分组名称：1
	走势名称：时间段
		条件不成立(当前时间：2021-08-10 17:49:50.192,条件时段：09:30:00-13:00:00)
	结果：未满足
===2021-08-10 17:49:50.798===
===2021-08-10 17:49:50.836===
股票：603897板块涨跌幅判断-额外参数：
	分组名称：1
	走势名称：发
		条件不成立(不符合板块涨跌幅条件)
	结果：未满足，返回code：-1
===2021-08-10 17:49:52.047===
额外条件未满足


===============================================

==============2021-08-10 17:50:06==============
===6开始执行条件2021-08-10 17:50:05.766===
===开始判断价格条件2021-08-10 17:50:05.766===
===开始判断额外/转自动条件2021-08-10 17:50:05.910===
===2021-08-10 17:50:06.082===
股票：603897指定时间段判断-额外参数：
	分组名称：1
	走势名称：时间段
		条件不成立(当前时间：2021-08-10 17:50:05.766,条件时段：09:30:00-13:00:00)
	结果：未满足
===2021-08-10 17:50:06.082===
===2021-08-10 17:50:06.148===
股票：603897板块涨跌幅判断-额外参数：
	分组名称：1
	走势名称：发
		条件不成立(不符合板块涨跌幅条件)
	结果：未满足，返回code：-1
===2021-08-10 17:50:06.972===
额外条件未满足


===============================================

==============2021-08-10 17:50:34==============
===6开始执行条件2021-08-10 17:50:29.361===
===开始判断价格条件2021-08-10 17:50:29.361===
===开始判断额外/转自动条件2021-08-10 17:50:29.922===
===2021-08-10 17:50:30.443===
股票：603897指定时间段判断-额外参数：
	分组名称：1
	走势名称：时间段
		条件不成立(当前时间：2021-08-10 17:50:29.361,条件时段：09:30:00-13:00:00)
	结果：未满足
===2021-08-10 17:50:30.448===
===2021-08-10 17:50:30.686===
股票：603897板块涨跌幅判断-额外参数：
	分组名称：1
	走势名称：发
		条件不成立(不符合板块涨跌幅条件)
	结果：未满足，返回code：-1
===2021-08-10 17:50:34.162===
额外条件未满足


===============================================

==============2021-08-10 17:50:40==============
===6开始执行条件2021-08-10 17:50:37.182===
===开始判断价格条件2021-08-10 17:50:37.182===
===开始判断额外/转自动条件2021-08-10 17:50:37.573===
===2021-08-10 17:50:37.788===
股票：603897指定时间段判断-额外参数：
	分组名称：1
	走势名称：时间段
		条件不成立(当前时间：2021-08-10 17:50:37.182,条件时段：09:30:00-13:00:00)
	结果：未满足
===2021-08-10 17:50:37.788===
===2021-08-10 17:50:37.826===
股票：603897板块涨跌幅判断-额外参数：
	分组名称：1
	走势名称：发
		条件不成立(不符合板块涨跌幅条件)
	结果：未满足，返回code：-1
===2021-08-10 17:50:40.094===
额外条件未满足


===============================================

==============2021-08-10 17:51:07==============
===6开始执行条件2021-08-10 17:51:03.088===
===开始判断价格条件2021-08-10 17:51:03.098===
===开始判断额外/转自动条件2021-08-10 17:51:03.874===
===2021-08-10 17:51:04.264===
股票：603897指定时间段判断-额外参数：
	分组名称：1
	走势名称：时间段
		条件不成立(当前时间：2021-08-10 17:51:03.087,条件时段：09:30:00-13:00:00)
	结果：未满足
===2021-08-10 17:51:04.265===
===2021-08-10 17:51:04.534===
股票：603897板块涨跌幅判断-额外参数：
	分组名称：1
	走势名称：发
		条件不成立(不符合板块涨跌幅条件)
	结果：未满足，返回code：-1
===2021-08-10 17:51:07.914===
额外条件未满足


===============================================

==============2021-08-10 17:51:17==============
===6开始执行条件2021-08-10 17:51:12.191===
===开始判断价格条件2021-08-10 17:51:12.191===
===开始判断额外/转自动条件2021-08-10 17:51:13.075===
===2021-08-10 17:51:13.898===
股票：603897指定时间段判断-额外参数：
	分组名称：1
	走势名称：时间段
		条件不成立(当前时间：2021-08-10 17:51:12.191,条件时段：09:30:00-13:00:00)
	结果：未满足
===2021-08-10 17:51:13.898===
===2021-08-10 17:51:14.271===
股票：603897板块涨跌幅判断-额外参数：
	分组名称：1
	走势名称：发
		条件不成立(不符合板块涨跌幅条件)
	结果：未满足，返回code：-1
===2021-08-10 17:51:17.443===
额外条件未满足


===============================================

==============2021-08-10 17:51:57==============
===6开始执行条件2021-08-10 17:51:56.109===
===开始判断价格条件2021-08-10 17:51:56.109===
===开始判断额外/转自动条件2021-08-10 17:51:56.382===
===2021-08-10 17:51:56.517===
股票：603897指定时间段判断-额外参数：
	分组名称：1
	走势名称：时间段
		条件不成立(当前时间：2021-08-10 17:51:56.109,条件时段：09:30:00-13:00:00)
	结果：未满足
===2021-08-10 17:51:56.526===
===2021-08-10 17:51:56.571===
股票：603897板块涨跌幅判断-额外参数：
	分组名称：1
	走势名称：发
		条件不成立(不符合板块涨跌幅条件)
	结果：未满足，返回code：-1
===2021-08-10 17:51:57.333===
额外条件未满足


===============================================

==============2021-08-10 17:52:03==============
===6开始执行条件2021-08-10 17:52:00.364===
===开始判断价格条件2021-08-10 17:52:00.364===
===开始判断额外/转自动条件2021-08-10 17:52:00.728===
===2021-08-10 17:52:00.845===
股票：603897指定时间段判断-额外参数：
	分组名称：1
	走势名称：时间段
		条件不成立(当前时间：2021-08-10 17:52:00.363,条件时段：09:30:00-13:00:00)
	结果：未满足
===2021-08-10 17:52:00.845===
===2021-08-10 17:52:00.971===
股票：603897板块涨跌幅判断-额外参数：
	分组名称：1
	走势名称：发
		条件不成立(不符合板块涨跌幅条件)
	结果：未满足，返回code：-1
===2021-08-10 17:52:03.471===
额外条件未满足


===============================================

==============2021-08-10 17:52:18==============
===6开始执行条件2021-08-10 17:52:16.097===
===开始判断价格条件2021-08-10 17:52:16.097===
===开始判断额外/转自动条件2021-08-10 17:52:16.460===
===2021-08-10 17:52:16.653===
股票：603897指定时间段判断-额外参数：
	分组名称：1
	走势名称：时间段
		条件不成立(当前时间：2021-08-10 17:52:16.097,条件时段：09:30:00-13:00:00)
	结果：未满足
===2021-08-10 17:52:16.653===
===2021-08-10 17:52:16.809===
股票：603897板块涨跌幅判断-额外参数：
	分组名称：1
	走势名称：发
		条件不成立(不符合板块涨跌幅条件)
	结果：未满足，返回code：-1
===2021-08-10 17:52:18.103===
额外条件未满足


===============================================

==============2021-08-10 17:52:40==============
===6开始执行条件2021-08-10 17:52:35.013===
===开始判断价格条件2021-08-10 17:52:35.013===
===开始判断额外/转自动条件2021-08-10 17:52:35.412===
===2021-08-10 17:52:35.757===
股票：603897指定时间段判断-额外参数：
	分组名称：1
	走势名称：时间段
		条件不成立(当前时间：2021-08-10 17:52:35.012,条件时段：09:30:00-13:00:00)
	结果：未满足
===2021-08-10 17:52:35.757===
===2021-08-10 17:52:35.873===
股票：603897板块涨跌幅判断-额外参数：
	分组名称：1
	走势名称：发
		条件不成立(不符合板块涨跌幅条件)
	结果：未满足，返回code：-1
===2021-08-10 17:52:40.140===
额外条件未满足


===============================================

==============2021-08-10 17:53:00==============
===6开始执行条件2021-08-10 17:52:53.820===
===开始判断价格条件2021-08-10 17:52:53.820===
===开始判断额外/转自动条件2021-08-10 17:52:56.017===
===2021-08-10 17:52:57.120===
股票：603897指定时间段判断-额外参数：
	分组名称：1
	走势名称：时间段
		条件不成立(当前时间：2021-08-10 17:52:53.819,条件时段：09:30:00-13:00:00)
	结果：未满足
===2021-08-10 17:52:57.120===
===2021-08-10 17:52:57.328===
股票：603897板块涨跌幅判断-额外参数：
	分组名称：1
	走势名称：发
		条件不成立(不符合板块涨跌幅条件)
	结果：未满足，返回code：-1
===2021-08-10 17:53:00.114===
额外条件未满足


===============================================

==============2021-08-10 17:53:10==============
===6开始执行条件2021-08-10 17:53:09.882===
===开始判断价格条件2021-08-10 17:53:09.882===
===开始判断额外/转自动条件2021-08-10 17:53:10.063===
===2021-08-10 17:53:10.381===
股票：603897指定时间段判断-额外参数：
	分组名称：1
	走势名称：时间段
		条件不成立(当前时间：2021-08-10 17:53:09.881,条件时段：09:30:00-13:00:00)
	结果：未满足
===2021-08-10 17:53:10.382===
===2021-08-10 17:53:10.421===
股票：603897板块涨跌幅判断-额外参数：
	分组名称：1
	走势名称：发
		条件不成立(不符合板块涨跌幅条件)
	结果：未满足，返回code：-1
===2021-08-10 17:53:10.667===
额外条件未满足


===============================================

==============2021-08-10 17:53:28==============
===6开始执行条件2021-08-10 17:53:27.134===
===开始判断价格条件2021-08-10 17:53:27.134===
===开始判断额外/转自动条件2021-08-10 17:53:27.393===
===2021-08-10 17:53:27.538===
股票：603897指定时间段判断-额外参数：
	分组名称：1
	走势名称：时间段
		条件不成立(当前时间：2021-08-10 17:53:27.134,条件时段：09:30:00-13:00:00)
	结果：未满足
===2021-08-10 17:53:27.538===
===2021-08-10 17:53:27.601===
股票：603897板块涨跌幅判断-额外参数：
	分组名称：1
	走势名称：发
		条件不成立(不符合板块涨跌幅条件)
	结果：未满足，返回code：-1
===2021-08-10 17:53:28.289===
额外条件未满足


===============================================

==============2021-08-10 17:53:40==============
===6开始执行条件2021-08-10 17:53:38.747===
===开始判断价格条件2021-08-10 17:53:38.747===
===开始判断额外/转自动条件2021-08-10 17:53:39.400===
===2021-08-10 17:53:39.653===
股票：603897指定时间段判断-额外参数：
	分组名称：1
	走势名称：时间段
		条件不成立(当前时间：2021-08-10 17:53:38.747,条件时段：09:30:00-13:00:00)
	结果：未满足
===2021-08-10 17:53:39.654===
===2021-08-10 17:53:39.722===
股票：603897板块涨跌幅判断-额外参数：
	分组名称：1
	走势名称：发
		条件不成立(不符合板块涨跌幅条件)
	结果：未满足，返回code：-1
===2021-08-10 17:53:40.780===
额外条件未满足


===============================================

==============2021-08-10 17:53:58==============
===6开始执行条件2021-08-10 17:53:58.033===
===开始判断价格条件2021-08-10 17:53:58.033===
===开始判断额外/转自动条件2021-08-10 17:53:58.187===
===2021-08-10 17:53:58.241===
股票：603897指定时间段判断-额外参数：
	分组名称：1
	走势名称：时间段
		条件不成立(当前时间：2021-08-10 17:53:58.033,条件时段：09:30:00-13:00:00)
	结果：未满足
===2021-08-10 17:53:58.241===
===2021-08-10 17:53:58.274===
股票：603897板块涨跌幅判断-额外参数：
	分组名称：1
	走势名称：发
		条件不成立(不符合板块涨跌幅条件)
	结果：未满足，返回code：-1
===2021-08-10 17:53:58.706===
额外条件未满足


===============================================

==============2021-08-10 17:54:14==============
===6开始执行条件2021-08-10 17:54:13.571===
===开始判断价格条件2021-08-10 17:54:13.571===
===开始判断额外/转自动条件2021-08-10 17:54:13.698===
===2021-08-10 17:54:13.754===
股票：603897指定时间段判断-额外参数：
	分组名称：1
	走势名称：时间段
		条件不成立(当前时间：2021-08-10 17:54:13.570,条件时段：09:30:00-13:00:00)
	结果：未满足
===2021-08-10 17:54:13.754===
===2021-08-10 17:54:13.777===
股票：603897板块涨跌幅判断-额外参数：
	分组名称：1
	走势名称：发
		条件不成立(不符合板块涨跌幅条件)
	结果：未满足，返回code：-1
===2021-08-10 17:54:14.187===
额外条件未满足


===============================================

