==============2021-08-09 10:07:44==============
===6开始执行条件2021-08-09 10:07:41.826===
===开始判断价格条件2021-08-09 10:07:41.826===
===开始判断额外/转自动条件2021-08-09 10:07:42.219===
===2021-08-09 10:07:42.872===
股票：603897指定时间段判断-额外参数：
	分组名称：1
	走势名称：时间段
		条件成立(当前时间：2021-08-09 10:07:41.826,条件时段：09:30:00-13:00:00)
	结果：达到要求
===2021-08-09 10:07:43.034===
===2021-08-09 10:07:44.467===
股票：603897多头向上判断-转自动参数：
	分组名称：2
	走势名称：多头向上
	结果：未满足，返回code：0
===2021-08-09 10:07:44.865===
满足所有条件，可以触发


===============================================

==============2021-08-09 10:08:33==============
===6开始执行条件2021-08-09 10:08:14.897===
===开始判断价格条件2021-08-09 10:08:14.897===
===开始判断额外/转自动条件2021-08-09 10:08:21.356===
===2021-08-09 10:08:32.506===
股票：603897指定时间段判断-额外参数：
	分组名称：1
	走势名称：时间段
		条件成立(当前时间：2021-08-09 10:08:14.897,条件时段：09:30:00-13:00:00)
	结果：达到要求
===2021-08-09 10:08:33.110===
===2021-08-09 10:08:33.216===
股票：603897多头向上判断-转自动参数：
	分组名称：2
	走势名称：多头向上
	结果：未满足，返回code：0
===2021-08-09 10:08:33.216===
满足所有条件，可以触发


===============================================

==============2021-08-09 10:08:47==============
===6开始执行条件2021-08-09 10:08:45.127===
===开始判断价格条件2021-08-09 10:08:45.127===
===开始判断额外/转自动条件2021-08-09 10:08:45.895===
===2021-08-09 10:08:46.417===
股票：603897指定时间段判断-额外参数：
	分组名称：1
	走势名称：时间段
		条件成立(当前时间：2021-08-09 10:08:45.126,条件时段：09:30:00-13:00:00)
	结果：达到要求
===2021-08-09 10:08:47.234===
===2021-08-09 10:08:47.885===
股票：603897多头向上判断-转自动参数：
	分组名称：2
	走势名称：多头向上
	结果：未满足，返回code：0
===2021-08-09 10:08:47.885===
满足所有条件，可以触发


===============================================

==============2021-08-09 10:09:10==============
===6开始执行条件2021-08-09 10:09:07.963===
===开始判断价格条件2021-08-09 10:09:07.963===
===开始判断额外/转自动条件2021-08-09 10:09:08.379===
===2021-08-09 10:09:08.965===
股票：603897指定时间段判断-额外参数：
	分组名称：1
	走势名称：时间段
		条件成立(当前时间：2021-08-09 10:09:07.963,条件时段：09:30:00-13:00:00)
	结果：达到要求
===2021-08-09 10:09:09.175===
===2021-08-09 10:09:10.311===
股票：603897多头向上判断-转自动参数：
	分组名称：2
	走势名称：多头向上
	结果：未满足，返回code：0
===2021-08-09 10:09:10.311===
满足所有条件，可以触发


===============================================

==============2021-08-09 10:09:29==============
===6开始执行条件2021-08-09 10:09:24.636===
===开始判断价格条件2021-08-09 10:09:24.636===
===开始判断额外/转自动条件2021-08-09 10:09:26.319===
===2021-08-09 10:09:27.422===
股票：603897指定时间段判断-额外参数：
	分组名称：1
	走势名称：时间段
		条件成立(当前时间：2021-08-09 10:09:24.636,条件时段：09:30:00-13:00:00)
	结果：达到要求
===2021-08-09 10:09:28.285===
===2021-08-09 10:09:29.300===
股票：603897多头向上判断-转自动参数：
	分组名称：2
	走势名称：多头向上
	结果：未满足，返回code：0
===2021-08-09 10:09:29.300===
满足所有条件，可以触发


===============================================

==============2021-08-09 10:10:19==============
===6开始执行条件2021-08-09 10:09:47.593===
===开始判断价格条件2021-08-09 10:09:47.593===
===开始判断额外/转自动条件2021-08-09 10:09:50.784===
===2021-08-09 10:09:57.191===
股票：603897指定时间段判断-额外参数：
	分组名称：1
	走势名称：时间段
		条件成立(当前时间：2021-08-09 10:09:47.593,条件时段：09:30:00-13:00:00)
	结果：达到要求
===2021-08-09 10:10:16.945===
===2021-08-09 10:10:19.470===
股票：603897多头向上判断-转自动参数：
	分组名称：2
	走势名称：多头向上
	结果：未满足，返回code：0
===2021-08-09 10:10:19.470===
满足所有条件，可以触发


===============================================

==============2021-08-09 10:10:35==============
===6开始执行条件2021-08-09 10:10:31.794===
===开始判断价格条件2021-08-09 10:10:31.794===
===开始判断额外/转自动条件2021-08-09 10:10:32.650===
===2021-08-09 10:10:33.318===
股票：603897指定时间段判断-额外参数：
	分组名称：1
	走势名称：时间段
		条件成立(当前时间：2021-08-09 10:10:31.794,条件时段：09:30:00-13:00:00)
	结果：达到要求
===2021-08-09 10:10:34.069===
===2021-08-09 10:10:35.279===
股票：603897多头向上判断-转自动参数：
	分组名称：2
	走势名称：多头向上
	结果：未满足，返回code：0
===2021-08-09 10:10:35.279===
满足所有条件，可以触发


===============================================

==============2021-08-09 10:10:49==============
===6开始执行条件2021-08-09 10:10:48.859===
===开始判断价格条件2021-08-09 10:10:48.859===
===开始判断额外/转自动条件2021-08-09 10:10:48.985===
===2021-08-09 10:10:49.157===
股票：603897指定时间段判断-额外参数：
	分组名称：1
	走势名称：时间段
		条件成立(当前时间：2021-08-09 10:10:48.858,条件时段：09:30:00-13:00:00)
	结果：达到要求
===2021-08-09 10:10:49.275===
===2021-08-09 10:10:49.465===
股票：603897多头向上判断-转自动参数：
	分组名称：2
	走势名称：多头向上
	结果：未满足，返回code：0
===2021-08-09 10:10:49.465===
满足所有条件，可以触发


===============================================

==============2021-08-09 10:11:02==============
===6开始执行条件2021-08-09 10:11:01.347===
===开始判断价格条件2021-08-09 10:11:01.347===
===开始判断额外/转自动条件2021-08-09 10:11:01.765===
===2021-08-09 10:11:02.140===
股票：603897指定时间段判断-额外参数：
	分组名称：1
	走势名称：时间段
		条件成立(当前时间：2021-08-09 10:11:01.347,条件时段：09:30:00-13:00:00)
	结果：达到要求
===2021-08-09 10:11:02.468===
===2021-08-09 10:11:02.600===
股票：603897多头向上判断-转自动参数：
	分组名称：2
	走势名称：多头向上
	结果：未满足，返回code：0
===2021-08-09 10:11:02.601===
满足所有条件，可以触发


===============================================

==============2021-08-09 10:11:13==============
===6开始执行条件2021-08-09 10:11:11.657===
===开始判断价格条件2021-08-09 10:11:11.657===
===开始判断额外/转自动条件2021-08-09 10:11:12.330===
===2021-08-09 10:11:12.775===
股票：603897指定时间段判断-额外参数：
	分组名称：1
	走势名称：时间段
		条件成立(当前时间：2021-08-09 10:11:11.656,条件时段：09:30:00-13:00:00)
	结果：达到要求
===2021-08-09 10:11:13.257===
===2021-08-09 10:11:13.878===
股票：603897多头向上判断-转自动参数：
	分组名称：2
	走势名称：多头向上
	结果：未满足，返回code：0
===2021-08-09 10:11:13.878===
满足所有条件，可以触发


===============================================

==============2021-08-09 10:11:18==============
===6开始执行条件2021-08-09 10:11:17.667===
===开始判断价格条件2021-08-09 10:11:17.667===
===开始判断额外/转自动条件2021-08-09 10:11:18.049===
===2021-08-09 10:11:18.252===
股票：603897指定时间段判断-额外参数：
	分组名称：1
	走势名称：时间段
		条件成立(当前时间：2021-08-09 10:11:17.667,条件时段：09:30:00-13:00:00)
	结果：达到要求
===2021-08-09 10:11:18.422===
===2021-08-09 10:11:18.894===
股票：603897多头向上判断-转自动参数：
	分组名称：2
	走势名称：多头向上
	结果：未满足，返回code：0
===2021-08-09 10:11:18.894===
满足所有条件，可以触发


===============================================

==============2021-08-09 11:02:40==============
===6开始执行条件2021-08-09 11:02:40.347===
===开始判断价格条件2021-08-09 11:02:40.347===
===开始判断额外/转自动条件2021-08-09 11:02:40.543===
===2021-08-09 11:02:40.603===
股票：603897指定时间段判断-额外参数：
	分组名称：1
	走势名称：时间段
		条件成立(当前时间：2021-08-09 11:02:40.347,条件时段：09:30:00-13:00:00)
	结果：达到要求
===2021-08-09 11:02:40.643===
===2021-08-09 11:02:40.703===
股票：603897多头向上判断-转自动参数：
	分组名称：2
	走势名称：多头向上
	结果：未满足，返回code：0
===2021-08-09 11:02:40.703===
满足所有条件，可以触发


===============================================

==============2021-08-09 11:03:14==============
===6开始执行条件2021-08-09 11:03:13.464===
===开始判断价格条件2021-08-09 11:03:13.464===
===开始判断额外/转自动条件2021-08-09 11:03:13.587===
===2021-08-09 11:03:14.024===
股票：603897指定时间段判断-额外参数：
	分组名称：1
	走势名称：时间段
		条件成立(当前时间：2021-08-09 11:03:13.464,条件时段：09:30:00-13:00:00)
	结果：达到要求
===2021-08-09 11:03:14.072===
===2021-08-09 11:03:14.163===
股票：603897多头向上判断-转自动参数：
	分组名称：2
	走势名称：多头向上
	结果：未满足，返回code：0
===2021-08-09 11:03:14.163===
满足所有条件，可以触发


===============================================

==============2021-08-09 11:03:29==============
===6开始执行条件2021-08-09 11:03:28.129===
===开始判断价格条件2021-08-09 11:03:28.129===
===开始判断额外/转自动条件2021-08-09 11:03:28.307===
===2021-08-09 11:03:28.437===
股票：603897指定时间段判断-额外参数：
	分组名称：1
	走势名称：时间段
		条件成立(当前时间：2021-08-09 11:03:28.129,条件时段：09:30:00-13:00:00)
	结果：达到要求
===2021-08-09 11:03:28.823===
===2021-08-09 11:03:29.957===
股票：603897多头向上判断-转自动参数：
	分组名称：2
	走势名称：多头向上
	结果：未满足，返回code：0
===2021-08-09 11:03:29.957===
满足所有条件，可以触发


===============================================

==============2021-08-09 11:03:37==============
===6开始执行条件2021-08-09 11:03:36.567===
===开始判断价格条件2021-08-09 11:03:36.567===
===开始判断额外/转自动条件2021-08-09 11:03:36.760===
===2021-08-09 11:03:36.863===
股票：603897指定时间段判断-额外参数：
	分组名称：1
	走势名称：时间段
		条件成立(当前时间：2021-08-09 11:03:36.566,条件时段：09:30:00-13:00:00)
	结果：达到要求
===2021-08-09 11:03:36.977===
===2021-08-09 11:03:37.156===
股票：603897多头向上判断-转自动参数：
	分组名称：2
	走势名称：多头向上
	结果：未满足，返回code：0
===2021-08-09 11:03:37.156===
满足所有条件，可以触发


===============================================

==============2021-08-09 11:03:52==============
===6开始执行条件2021-08-09 11:03:49.954===
===开始判断价格条件2021-08-09 11:03:49.954===
===开始判断额外/转自动条件2021-08-09 11:03:50.313===
===2021-08-09 11:03:50.841===
股票：603897指定时间段判断-额外参数：
	分组名称：1
	走势名称：时间段
		条件成立(当前时间：2021-08-09 11:03:49.953,条件时段：09:30:00-13:00:00)
	结果：达到要求
===2021-08-09 11:03:51.094===
===2021-08-09 11:03:52.150===
股票：603897多头向上判断-转自动参数：
	分组名称：2
	走势名称：多头向上
	结果：未满足，返回code：0
===2021-08-09 11:03:52.150===
满足所有条件，可以触发


===============================================

