==============2021-08-11 10:28:23==============
===6开始执行条件2021-08-11 10:28:22.103===
===开始判断价格条件2021-08-11 10:28:22.103===
===开始判断额外/转自动条件2021-08-11 10:28:22.327===
===2021-08-11 10:28:22.934===
股票：002899指定时间段判断-额外参数：
	分组名称：1
	走势名称：时间段
		条件成立(当前时间：2021-08-11 10:28:22.102,条件时段：09:30:00-13:00:00)
	结果：达到要求
===2021-08-11 10:28:23.103===
===2021-08-11 10:28:23.488===
股票：002899多头向上判断-转自动参数：
	分组名称：2
	走势名称：多头向上
	结果：未满足，返回code：0
===2021-08-11 10:28:23.488===
满足所有条件，可以触发


===============================================

==============2021-08-11 10:28:30==============
===6开始执行条件2021-08-11 10:28:29.334===
===开始判断价格条件2021-08-11 10:28:29.334===
===开始判断额外/转自动条件2021-08-11 10:28:29.682===
===2021-08-11 10:28:29.797===
股票：002899指定时间段判断-额外参数：
	分组名称：1
	走势名称：时间段
		条件成立(当前时间：2021-08-11 10:28:29.334,条件时段：09:30:00-13:00:00)
	结果：达到要求
===2021-08-11 10:28:29.947===
===2021-08-11 10:28:30.214===
股票：002899多头向上判断-转自动参数：
	分组名称：2
	走势名称：多头向上
	结果：未满足，返回code：0
===2021-08-11 10:28:30.214===
满足所有条件，可以触发


===============================================

==============2021-08-11 10:28:49==============
===6开始执行条件2021-08-11 10:28:49.679===
===开始判断价格条件2021-08-11 10:28:49.679===
===开始判断额外/转自动条件2021-08-11 10:28:49.807===
===2021-08-11 10:28:49.868===
股票：002899指定时间段判断-额外参数：
	分组名称：1
	走势名称：时间段
		条件成立(当前时间：2021-08-11 10:28:49.679,条件时段：09:30:00-13:00:00)
	结果：达到要求
===2021-08-11 10:28:49.905===
===2021-08-11 10:28:49.968===
股票：002899多头向上判断-转自动参数：
	分组名称：2
	走势名称：多头向上
	结果：未满足，返回code：0
===2021-08-11 10:28:49.968===
满足所有条件，可以触发


===============================================

==============2021-08-11 10:29:41==============
===6开始执行条件2021-08-11 10:29:41.201===
===开始判断价格条件2021-08-11 10:29:41.201===
===开始判断额外/转自动条件2021-08-11 10:29:41.361===
===2021-08-11 10:29:41.468===
股票：002899指定时间段判断-额外参数：
	分组名称：1
	走势名称：时间段
		条件成立(当前时间：2021-08-11 10:29:41.201,条件时段：09:30:00-13:00:00)
	结果：达到要求
===2021-08-11 10:29:41.590===
===2021-08-11 10:29:41.796===
股票：002899多头向上判断-转自动参数：
	分组名称：2
	走势名称：多头向上
	结果：未满足，返回code：0
===2021-08-11 10:29:41.796===
满足所有条件，可以触发


===============================================

==============2021-08-11 10:29:54==============
===6开始执行条件2021-08-11 10:29:51.803===
===开始判断价格条件2021-08-11 10:29:51.803===
===开始判断额外/转自动条件2021-08-11 10:29:52.426===
===2021-08-11 10:29:52.648===
股票：002899指定时间段判断-额外参数：
	分组名称：1
	走势名称：时间段
		条件成立(当前时间：2021-08-11 10:29:51.803,条件时段：09:30:00-13:00:00)
	结果：达到要求
===2021-08-11 10:29:53.250===
===2021-08-11 10:29:54.120===
股票：002899多头向上判断-转自动参数：
	分组名称：2
	走势名称：多头向上
	结果：未满足，返回code：0
===2021-08-11 10:29:54.120===
满足所有条件，可以触发


===============================================

==============2021-08-11 10:30:06==============
===6开始执行条件2021-08-11 10:30:06.147===
===开始判断价格条件2021-08-11 10:30:06.147===
===开始判断额外/转自动条件2021-08-11 10:30:06.349===
===2021-08-11 10:30:06.462===
股票：002899指定时间段判断-额外参数：
	分组名称：1
	走势名称：时间段
		条件成立(当前时间：2021-08-11 10:30:06.146,条件时段：09:30:00-13:00:00)
	结果：达到要求
===2021-08-11 10:30:06.583===
===2021-08-11 10:30:06.706===
股票：002899多头向上判断-转自动参数：
	分组名称：2
	走势名称：多头向上
	结果：未满足，返回code：0
===2021-08-11 10:30:06.706===
满足所有条件，可以触发


===============================================

==============2021-08-11 10:30:13==============
===6开始执行条件2021-08-11 10:30:12.837===
===开始判断价格条件2021-08-11 10:30:12.837===
===开始判断额外/转自动条件2021-08-11 10:30:12.927===
===2021-08-11 10:30:13.026===
股票：002899指定时间段判断-额外参数：
	分组名称：1
	走势名称：时间段
		条件成立(当前时间：2021-08-11 10:30:12.836,条件时段：09:30:00-13:00:00)
	结果：达到要求
===2021-08-11 10:30:13.109===
===2021-08-11 10:30:13.289===
股票：002899多头向上判断-转自动参数：
	分组名称：2
	走势名称：多头向上
	结果：未满足，返回code：0
===2021-08-11 10:30:13.289===
满足所有条件，可以触发


===============================================

==============2021-08-11 10:30:29==============
===6开始执行条件2021-08-11 10:30:28.640===
===开始判断价格条件2021-08-11 10:30:28.640===
===开始判断额外/转自动条件2021-08-11 10:30:28.767===
===2021-08-11 10:30:28.804===
股票：002899指定时间段判断-额外参数：
	分组名称：1
	走势名称：时间段
		条件成立(当前时间：2021-08-11 10:30:28.639,条件时段：09:30:00-13:00:00)
	结果：达到要求
===2021-08-11 10:30:29.155===
===2021-08-11 10:30:29.242===
股票：002899多头向上判断-转自动参数：
	分组名称：2
	走势名称：多头向上
	结果：未满足，返回code：0
===2021-08-11 10:30:29.242===
满足所有条件，可以触发


===============================================

==============2021-08-11 10:30:37==============
===6开始执行条件2021-08-11 10:30:36.761===
===开始判断价格条件2021-08-11 10:30:36.761===
===开始判断额外/转自动条件2021-08-11 10:30:36.824===
===2021-08-11 10:30:36.945===
股票：002899指定时间段判断-额外参数：
	分组名称：1
	走势名称：时间段
		条件成立(当前时间：2021-08-11 10:30:36.761,条件时段：09:30:00-13:00:00)
	结果：达到要求
===2021-08-11 10:30:37.007===
===2021-08-11 10:30:37.086===
股票：002899多头向上判断-转自动参数：
	分组名称：2
	走势名称：多头向上
	结果：未满足，返回code：0
===2021-08-11 10:30:37.086===
满足所有条件，可以触发


===============================================

==============2021-08-11 10:30:40==============
===6开始执行条件2021-08-11 10:30:40.636===
===开始判断价格条件2021-08-11 10:30:40.636===
===开始判断额外/转自动条件2021-08-11 10:30:40.755===
===2021-08-11 10:30:40.827===
股票：002899指定时间段判断-额外参数：
	分组名称：1
	走势名称：时间段
		条件成立(当前时间：2021-08-11 10:30:40.635,条件时段：09:30:00-13:00:00)
	结果：达到要求
===2021-08-11 10:30:40.863===
===2021-08-11 10:30:40.930===
股票：002899多头向上判断-转自动参数：
	分组名称：2
	走势名称：多头向上
	结果：未满足，返回code：0
===2021-08-11 10:30:40.930===
满足所有条件，可以触发


===============================================

==============2021-08-11 10:30:50==============
===6开始执行条件2021-08-11 10:30:49.809===
===开始判断价格条件2021-08-11 10:30:49.809===
===开始判断额外/转自动条件2021-08-11 10:30:49.959===
===2021-08-11 10:30:50.012===
股票：002899指定时间段判断-额外参数：
	分组名称：1
	走势名称：时间段
		条件成立(当前时间：2021-08-11 10:30:49.809,条件时段：09:30:00-13:00:00)
	结果：达到要求
===2021-08-11 10:30:50.076===
===2021-08-11 10:30:50.211===
股票：002899多头向上判断-转自动参数：
	分组名称：2
	走势名称：多头向上
	结果：未满足，返回code：0
===2021-08-11 10:30:50.211===
满足所有条件，可以触发


===============================================

==============2021-08-11 10:30:57==============
===6开始执行条件2021-08-11 10:30:56.902===
===开始判断价格条件2021-08-11 10:30:56.902===
===开始判断额外/转自动条件2021-08-11 10:30:56.966===
===2021-08-11 10:30:57.014===
股票：002899指定时间段判断-额外参数：
	分组名称：1
	走势名称：时间段
		条件成立(当前时间：2021-08-11 10:30:56.902,条件时段：09:30:00-13:00:00)
	结果：达到要求
===2021-08-11 10:30:57.072===
===2021-08-11 10:30:57.144===
股票：002899多头向上判断-转自动参数：
	分组名称：2
	走势名称：多头向上
	结果：未满足，返回code：0
===2021-08-11 10:30:57.144===
满足所有条件，可以触发


===============================================

==============2021-08-11 10:31:15==============
===6开始执行条件2021-08-11 10:31:15.469===
===开始判断价格条件2021-08-11 10:31:15.469===
===开始判断额外/转自动条件2021-08-11 10:31:15.564===
===2021-08-11 10:31:15.621===
股票：002899指定时间段判断-额外参数：
	分组名称：1
	走势名称：时间段
		条件成立(当前时间：2021-08-11 10:31:15.468,条件时段：09:30:00-13:00:00)
	结果：达到要求
===2021-08-11 10:31:15.677===
===2021-08-11 10:31:15.753===
股票：002899多头向上判断-转自动参数：
	分组名称：2
	走势名称：多头向上
	结果：未满足，返回code：0
===2021-08-11 10:31:15.754===
满足所有条件，可以触发


===============================================

==============2021-08-11 10:31:22==============
===6开始执行条件2021-08-11 10:31:21.478===
===开始判断价格条件2021-08-11 10:31:21.478===
===开始判断额外/转自动条件2021-08-11 10:31:21.769===
===2021-08-11 10:31:21.811===
股票：002899指定时间段判断-额外参数：
	分组名称：1
	走势名称：时间段
		条件成立(当前时间：2021-08-11 10:31:21.477,条件时段：09:30:00-13:00:00)
	结果：达到要求
===2021-08-11 10:31:22.202===
===2021-08-11 10:31:22.333===
股票：002899多头向上判断-转自动参数：
	分组名称：2
	走势名称：多头向上
	结果：未满足，返回code：0
===2021-08-11 10:31:22.333===
满足所有条件，可以触发


===============================================

==============2021-08-11 10:31:29==============
===6开始执行条件2021-08-11 10:31:29.369===
===开始判断价格条件2021-08-11 10:31:29.369===
===开始判断额外/转自动条件2021-08-11 10:31:29.434===
===2021-08-11 10:31:29.545===
股票：002899指定时间段判断-额外参数：
	分组名称：1
	走势名称：时间段
		条件成立(当前时间：2021-08-11 10:31:29.360,条件时段：09:30:00-13:00:00)
	结果：达到要求
===2021-08-11 10:31:29.621===
===2021-08-11 10:31:29.694===
股票：002899多头向上判断-转自动参数：
	分组名称：2
	走势名称：多头向上
	结果：未满足，返回code：0
===2021-08-11 10:31:29.694===
满足所有条件，可以触发


===============================================

==============2021-08-11 10:31:39==============
===6开始执行条件2021-08-11 10:31:38.336===
===开始判断价格条件2021-08-11 10:31:38.336===
===开始判断额外/转自动条件2021-08-11 10:31:38.915===
===2021-08-11 10:31:39.162===
股票：002899指定时间段判断-额外参数：
	分组名称：1
	走势名称：时间段
		条件成立(当前时间：2021-08-11 10:31:38.336,条件时段：09:30:00-13:00:00)
	结果：达到要求
===2021-08-11 10:31:39.443===
===2021-08-11 10:31:39.830===
股票：002899多头向上判断-转自动参数：
	分组名称：2
	走势名称：多头向上
	结果：未满足，返回code：0
===2021-08-11 10:31:39.830===
满足所有条件，可以触发


===============================================

==============2021-08-11 10:31:56==============
===6开始执行条件2021-08-11 10:31:55.718===
===开始判断价格条件2021-08-11 10:31:55.718===
===开始判断额外/转自动条件2021-08-11 10:31:56.072===
===2021-08-11 10:31:56.224===
股票：002899指定时间段判断-额外参数：
	分组名称：1
	走势名称：时间段
		条件成立(当前时间：2021-08-11 10:31:55.686,条件时段：09:30:00-13:00:00)
	结果：达到要求
===2021-08-11 10:31:56.449===
===2021-08-11 10:31:56.869===
股票：002899多头向上判断-转自动参数：
	分组名称：2
	走势名称：多头向上
	结果：未满足，返回code：0
===2021-08-11 10:31:56.869===
满足所有条件，可以触发


===============================================

==============2021-08-11 10:32:16==============
===6开始执行条件2021-08-11 10:32:12.702===
===开始判断价格条件2021-08-11 10:32:12.702===
===开始判断额外/转自动条件2021-08-11 10:32:13.253===
===2021-08-11 10:32:13.947===
股票：002899指定时间段判断-额外参数：
	分组名称：1
	走势名称：时间段
		条件成立(当前时间：2021-08-11 10:32:12.701,条件时段：09:30:00-13:00:00)
	结果：达到要求
===2021-08-11 10:32:14.683===
===2021-08-11 10:32:16.167===
股票：002899多头向上判断-转自动参数：
	分组名称：2
	走势名称：多头向上
	结果：未满足，返回code：0
===2021-08-11 10:32:16.167===
满足所有条件，可以触发


===============================================

==============2021-08-11 10:32:42==============
===6开始执行条件2021-08-11 10:32:42.246===
===开始判断价格条件2021-08-11 10:32:42.246===
===开始判断额外/转自动条件2021-08-11 10:32:42.379===
===2021-08-11 10:32:42.464===
股票：002899指定时间段判断-额外参数：
	分组名称：1
	走势名称：时间段
		条件成立(当前时间：2021-08-11 10:32:42.245,条件时段：09:30:00-13:00:00)
	结果：达到要求
===2021-08-11 10:32:42.649===
===2021-08-11 10:32:42.738===
股票：002899多头向上判断-转自动参数：
	分组名称：2
	走势名称：多头向上
	结果：未满足，返回code：0
===2021-08-11 10:32:42.738===
满足所有条件，可以触发


===============================================

==============2021-08-11 10:32:56==============
===6开始执行条件2021-08-11 10:32:55.598===
===开始判断价格条件2021-08-11 10:32:55.598===
===开始判断额外/转自动条件2021-08-11 10:32:56.008===
===2021-08-11 10:32:56.167===
股票：002899指定时间段判断-额外参数：
	分组名称：1
	走势名称：时间段
		条件成立(当前时间：2021-08-11 10:32:55.588,条件时段：09:30:00-13:00:00)
	结果：达到要求
===2021-08-11 10:32:56.228===
===2021-08-11 10:32:56.354===
股票：002899多头向上判断-转自动参数：
	分组名称：2
	走势名称：多头向上
	结果：未满足，返回code：0
===2021-08-11 10:32:56.354===
满足所有条件，可以触发


===============================================

==============2021-08-11 10:33:04==============
===6开始执行条件2021-08-11 10:33:03.765===
===开始判断价格条件2021-08-11 10:33:03.765===
===开始判断额外/转自动条件2021-08-11 10:33:03.854===
===2021-08-11 10:33:03.937===
股票：002899指定时间段判断-额外参数：
	分组名称：1
	走势名称：时间段
		条件成立(当前时间：2021-08-11 10:33:03.765,条件时段：09:30:00-13:00:00)
	结果：达到要求
===2021-08-11 10:33:04.018===
===2021-08-11 10:33:04.227===
股票：002899多头向上判断-转自动参数：
	分组名称：2
	走势名称：多头向上
	结果：未满足，返回code：0
===2021-08-11 10:33:04.227===
满足所有条件，可以触发


===============================================

==============2021-08-11 10:33:14==============
===6开始执行条件2021-08-11 10:33:13.403===
===开始判断价格条件2021-08-11 10:33:13.403===
===开始判断额外/转自动条件2021-08-11 10:33:13.892===
===2021-08-11 10:33:14.098===
股票：002899指定时间段判断-额外参数：
	分组名称：1
	走势名称：时间段
		条件成立(当前时间：2021-08-11 10:33:13.402,条件时段：09:30:00-13:00:00)
	结果：达到要求
===2021-08-11 10:33:14.163===
===2021-08-11 10:33:14.699===
股票：002899多头向上判断-转自动参数：
	分组名称：2
	走势名称：多头向上
	结果：未满足，返回code：0
===2021-08-11 10:33:14.699===
满足所有条件，可以触发


===============================================

==============2021-08-11 10:33:23==============
===6开始执行条件2021-08-11 10:33:21.309===
===开始判断价格条件2021-08-11 10:33:21.309===
===开始判断额外/转自动条件2021-08-11 10:33:21.536===
===2021-08-11 10:33:22.218===
股票：002899指定时间段判断-额外参数：
	分组名称：1
	走势名称：时间段
		条件成立(当前时间：2021-08-11 10:33:21.308,条件时段：09:30:00-13:00:00)
	结果：达到要求
===2021-08-11 10:33:22.804===
===2021-08-11 10:33:23.763===
股票：002899多头向上判断-转自动参数：
	分组名称：2
	走势名称：多头向上
	结果：未满足，返回code：0
===2021-08-11 10:33:23.763===
满足所有条件，可以触发


===============================================

==============2021-08-11 10:34:56==============
===6开始执行条件2021-08-11 10:34:56.213===
===开始判断价格条件2021-08-11 10:34:56.213===
===开始判断额外/转自动条件2021-08-11 10:34:56.356===
===2021-08-11 10:34:56.457===
股票：002899指定时间段判断-额外参数：
	分组名称：1
	走势名称：时间段
		条件成立(当前时间：2021-08-11 10:34:56.212,条件时段：09:30:00-13:00:00)
	结果：达到要求
===2021-08-11 10:34:56.593===
===2021-08-11 10:34:56.726===
股票：002899多头向上判断-转自动参数：
	分组名称：2
	走势名称：多头向上
	结果：未满足，返回code：0
===2021-08-11 10:34:56.727===
满足所有条件，可以触发


===============================================

==============2021-08-11 10:35:04==============
===6开始执行条件2021-08-11 10:35:04.366===
===开始判断价格条件2021-08-11 10:35:04.366===
===开始判断额外/转自动条件2021-08-11 10:35:04.640===
===2021-08-11 10:35:04.741===
股票：002899指定时间段判断-额外参数：
	分组名称：1
	走势名称：时间段
		条件成立(当前时间：2021-08-11 10:35:04.365,条件时段：09:30:00-13:00:00)
	结果：达到要求
===2021-08-11 10:35:04.819===
===2021-08-11 10:35:04.931===
股票：002899多头向上判断-转自动参数：
	分组名称：2
	走势名称：多头向上
	结果：未满足，返回code：0
===2021-08-11 10:35:04.931===
满足所有条件，可以触发


===============================================

==============2021-08-11 10:35:15==============
===6开始执行条件2021-08-11 10:35:11.842===
===开始判断价格条件2021-08-11 10:35:11.842===
===开始判断额外/转自动条件2021-08-11 10:35:12.093===
===2021-08-11 10:35:12.372===
股票：002899指定时间段判断-额外参数：
	分组名称：1
	走势名称：时间段
		条件成立(当前时间：2021-08-11 10:35:11.842,条件时段：09:30:00-13:00:00)
	结果：达到要求
===2021-08-11 10:35:15.133===
===2021-08-11 10:35:15.536===
股票：002899多头向上判断-转自动参数：
	分组名称：2
	走势名称：多头向上
	结果：未满足，返回code：0
===2021-08-11 10:35:15.536===
满足所有条件，可以触发


===============================================

==============2021-08-11 10:35:28==============
===6开始执行条件2021-08-11 10:35:26.535===
===开始判断价格条件2021-08-11 10:35:26.535===
===开始判断额外/转自动条件2021-08-11 10:35:26.941===
===2021-08-11 10:35:27.140===
股票：002899指定时间段判断-额外参数：
	分组名称：1
	走势名称：时间段
		条件成立(当前时间：2021-08-11 10:35:26.534,条件时段：09:30:00-13:00:00)
	结果：达到要求
===2021-08-11 10:35:27.843===
===2021-08-11 10:35:28.536===
股票：002899多头向上判断-转自动参数：
	分组名称：2
	走势名称：多头向上
	结果：未满足，返回code：0
===2021-08-11 10:35:28.536===
满足所有条件，可以触发


===============================================

==============2021-08-11 10:35:53==============
===6开始执行条件2021-08-11 10:35:52.557===
===开始判断价格条件2021-08-11 10:35:52.557===
===开始判断额外/转自动条件2021-08-11 10:35:52.951===
===2021-08-11 10:35:53.518===
股票：002899指定时间段判断-额外参数：
	分组名称：1
	走势名称：时间段
		条件成立(当前时间：2021-08-11 10:35:52.556,条件时段：09:30:00-13:00:00)
	结果：达到要求
===2021-08-11 10:35:53.700===
===2021-08-11 10:35:53.925===
股票：002899多头向上判断-转自动参数：
	分组名称：2
	走势名称：多头向上
	结果：未满足，返回code：0
===2021-08-11 10:35:53.925===
满足所有条件，可以触发


===============================================

==============2021-08-11 10:36:25==============
===6开始执行条件2021-08-11 10:36:22.536===
===开始判断价格条件2021-08-11 10:36:22.536===
===开始判断额外/转自动条件2021-08-11 10:36:23.474===
===2021-08-11 10:36:23.964===
股票：002899指定时间段判断-额外参数：
	分组名称：1
	走势名称：时间段
		条件成立(当前时间：2021-08-11 10:36:22.536,条件时段：09:30:00-13:00:00)
	结果：达到要求
===2021-08-11 10:36:24.508===
===2021-08-11 10:36:25.005===
股票：002899多头向上判断-转自动参数：
	分组名称：2
	走势名称：多头向上
	结果：未满足，返回code：0
===2021-08-11 10:36:25.005===
满足所有条件，可以触发


===============================================

==============2021-08-11 10:37:01==============
===6开始执行条件2021-08-11 10:36:58.848===
===开始判断价格条件2021-08-11 10:36:58.848===
===开始判断额外/转自动条件2021-08-11 10:36:59.526===
===2021-08-11 10:36:59.858===
股票：002899指定时间段判断-额外参数：
	分组名称：1
	走势名称：时间段
		条件成立(当前时间：2021-08-11 10:36:58.848,条件时段：09:30:00-13:00:00)
	结果：达到要求
===2021-08-11 10:37:00.236===
===2021-08-11 10:37:01.153===
股票：002899多头向上判断-转自动参数：
	分组名称：2
	走势名称：多头向上
	结果：未满足，返回code：0
===2021-08-11 10:37:01.153===
满足所有条件，可以触发


===============================================

==============2021-08-11 10:37:46==============
===6开始执行条件2021-08-11 10:37:16.261===
===开始判断价格条件2021-08-11 10:37:16.261===
===开始判断额外/转自动条件2021-08-11 10:37:28.516===
===2021-08-11 10:37:44.930===
股票：002899指定时间段判断-额外参数：
	分组名称：1
	走势名称：时间段
		条件成立(当前时间：2021-08-11 10:37:16.261,条件时段：09:30:00-13:00:00)
	结果：达到要求
===2021-08-11 10:37:45.831===
===2021-08-11 10:37:46.404===
股票：002899多头向上判断-转自动参数：
	分组名称：2
	走势名称：多头向上
	结果：未满足，返回code：0
===2021-08-11 10:37:46.404===
满足所有条件，可以触发


===============================================

