==============2021-08-10 17:41:05==============
===6开始执行条件2021-08-10 17:41:04.456===
===开始判断价格条件2021-08-10 17:41:04.456===
===开始判断额外/转自动条件2021-08-10 17:41:04.619===
===2021-08-10 17:41:04.711===
股票：002899指定时间段判断-额外参数：
	分组名称：1
	走势名称：时间段
		条件不成立(当前时间：2021-08-10 17:41:04.456,条件时段：09:30:00-13:00:00)
	结果：未满足
===2021-08-10 17:41:04.711===
===2021-08-10 17:41:04.733===
股票：002899板块涨跌幅判断-额外参数：
	分组名称：1
	走势名称：发
		条件不成立(不符合板块涨跌幅条件)
	结果：未满足，返回code：-1
===2021-08-10 17:41:05.328===
额外条件未满足


===============================================

==============2021-08-10 17:41:17==============
===6开始执行条件2021-08-10 17:41:15.840===
===开始判断价格条件2021-08-10 17:41:15.840===
===开始判断额外/转自动条件2021-08-10 17:41:16.164===
===2021-08-10 17:41:16.520===
股票：002899指定时间段判断-额外参数：
	分组名称：1
	走势名称：时间段
		条件不成立(当前时间：2021-08-10 17:41:15.839,条件时段：09:30:00-13:00:00)
	结果：未满足
===2021-08-10 17:41:16.616===
===2021-08-10 17:41:16.758===
股票：002899板块涨跌幅判断-额外参数：
	分组名称：1
	走势名称：发
		条件不成立(不符合板块涨跌幅条件)
	结果：未满足，返回code：-1
===2021-08-10 17:41:17.393===
额外条件未满足


===============================================

==============2021-08-10 17:41:57==============
===6开始执行条件2021-08-10 17:41:50.565===
===开始判断价格条件2021-08-10 17:41:50.565===
===开始判断额外/转自动条件2021-08-10 17:41:53.043===
===2021-08-10 17:41:53.632===
股票：002899指定时间段判断-额外参数：
	分组名称：1
	走势名称：时间段
		条件不成立(当前时间：2021-08-10 17:41:50.564,条件时段：09:30:00-13:00:00)
	结果：未满足
===2021-08-10 17:41:53.632===
===2021-08-10 17:41:53.853===
股票：002899板块涨跌幅判断-额外参数：
	分组名称：1
	走势名称：发
		条件不成立(不符合板块涨跌幅条件)
	结果：未满足，返回code：-1
===2021-08-10 17:41:57.625===
额外条件未满足


===============================================

==============2021-08-10 17:42:16==============
===6开始执行条件2021-08-10 17:42:10.692===
===开始判断价格条件2021-08-10 17:42:10.692===
===开始判断额外/转自动条件2021-08-10 17:42:12.179===
===2021-08-10 17:42:12.857===
股票：002899指定时间段判断-额外参数：
	分组名称：1
	走势名称：时间段
		条件不成立(当前时间：2021-08-10 17:42:10.691,条件时段：09:30:00-13:00:00)
	结果：未满足
===2021-08-10 17:42:12.857===
===2021-08-10 17:42:13.406===
股票：002899板块涨跌幅判断-额外参数：
	分组名称：1
	走势名称：发
		条件不成立(不符合板块涨跌幅条件)
	结果：未满足，返回code：-1
===2021-08-10 17:42:16.212===
额外条件未满足


===============================================

==============2021-08-10 17:43:11==============
===6开始执行条件2021-08-10 17:43:09.454===
===开始判断价格条件2021-08-10 17:43:09.454===
===开始判断额外/转自动条件2021-08-10 17:43:09.694===
===2021-08-10 17:43:10.526===
股票：002899指定时间段判断-额外参数：
	分组名称：1
	走势名称：时间段
		条件不成立(当前时间：2021-08-10 17:43:09.454,条件时段：09:30:00-13:00:00)
	结果：未满足
===2021-08-10 17:43:10.526===
===2021-08-10 17:43:10.596===
股票：002899板块涨跌幅判断-额外参数：
	分组名称：1
	走势名称：发
		条件不成立(不符合板块涨跌幅条件)
	结果：未满足，返回code：-1
===2021-08-10 17:43:11.969===
额外条件未满足


===============================================

==============2021-08-10 17:44:06==============
===6开始执行条件2021-08-10 17:44:06.010===
===开始判断价格条件2021-08-10 17:44:06.010===
===开始判断额外/转自动条件2021-08-10 17:44:06.110===
===2021-08-10 17:44:06.297===
股票：002899指定时间段判断-额外参数：
	分组名称：1
	走势名称：时间段
		条件不成立(当前时间：2021-08-10 17:44:06.002,条件时段：09:30:00-13:00:00)
	结果：未满足
===2021-08-10 17:44:06.297===
===2021-08-10 17:44:06.384===
股票：002899板块涨跌幅判断-额外参数：
	分组名称：1
	走势名称：发
		条件不成立(不符合板块涨跌幅条件)
	结果：未满足，返回code：-1
===2021-08-10 17:44:06.966===
额外条件未满足


===============================================

==============2021-08-10 17:47:35==============
===6开始执行条件2021-08-10 17:47:31.941===
===开始判断价格条件2021-08-10 17:47:31.941===
===开始判断额外/转自动条件2021-08-10 17:47:32.462===
===2021-08-10 17:47:32.592===
股票：002899指定时间段判断-额外参数：
	分组名称：1
	走势名称：时间段
		条件不成立(当前时间：2021-08-10 17:47:31.941,条件时段：09:30:00-13:00:00)
	结果：未满足
===2021-08-10 17:47:32.592===
===2021-08-10 17:47:32.693===
股票：002899板块涨跌幅判断-额外参数：
	分组名称：1
	走势名称：发
		条件不成立(不符合板块涨跌幅条件)
	结果：未满足，返回code：-1
===2021-08-10 17:47:35.005===
额外条件未满足


===============================================

==============2021-08-10 17:47:52==============
===6开始执行条件2021-08-10 17:47:48.877===
===开始判断价格条件2021-08-10 17:47:48.877===
===开始判断额外/转自动条件2021-08-10 17:47:49.926===
===2021-08-10 17:47:50.248===
股票：002899指定时间段判断-额外参数：
	分组名称：1
	走势名称：时间段
		条件不成立(当前时间：2021-08-10 17:47:48.877,条件时段：09:30:00-13:00:00)
	结果：未满足
===2021-08-10 17:47:50.248===
===2021-08-10 17:47:50.405===
股票：002899板块涨跌幅判断-额外参数：
	分组名称：1
	走势名称：发
		条件不成立(不符合板块涨跌幅条件)
	结果：未满足，返回code：-1
===2021-08-10 17:47:52.456===
额外条件未满足


===============================================

==============2021-08-10 17:49:02==============
===6开始执行条件2021-08-10 17:49:01.408===
===开始判断价格条件2021-08-10 17:49:01.408===
===开始判断额外/转自动条件2021-08-10 17:49:01.480===
===2021-08-10 17:49:01.527===
股票：002899指定时间段判断-额外参数：
	分组名称：1
	走势名称：时间段
		条件不成立(当前时间：2021-08-10 17:49:01.408,条件时段：09:30:00-13:00:00)
	结果：未满足
===2021-08-10 17:49:01.527===
===2021-08-10 17:49:01.553===
股票：002899板块涨跌幅判断-额外参数：
	分组名称：1
	走势名称：发
		条件不成立(不符合板块涨跌幅条件)
	结果：未满足，返回code：-1
===2021-08-10 17:49:02.057===
额外条件未满足


===============================================

==============2021-08-10 17:49:20==============
===6开始执行条件2021-08-10 17:49:16.959===
===开始判断价格条件2021-08-10 17:49:16.959===
===开始判断额外/转自动条件2021-08-10 17:49:17.966===
===2021-08-10 17:49:18.592===
股票：002899指定时间段判断-额外参数：
	分组名称：1
	走势名称：时间段
		条件不成立(当前时间：2021-08-10 17:49:16.959,条件时段：09:30:00-13:00:00)
	结果：未满足
===2021-08-10 17:49:18.592===
===2021-08-10 17:49:18.726===
股票：002899板块涨跌幅判断-额外参数：
	分组名称：1
	走势名称：发
		条件不成立(不符合板块涨跌幅条件)
	结果：未满足，返回code：-1
===2021-08-10 17:49:20.499===
额外条件未满足


===============================================

==============2021-08-10 17:49:59==============
===6开始执行条件2021-08-10 17:49:53.712===
===开始判断价格条件2021-08-10 17:49:53.712===
===开始判断额外/转自动条件2021-08-10 17:49:55.386===
===2021-08-10 17:49:55.863===
股票：002899指定时间段判断-额外参数：
	分组名称：1
	走势名称：时间段
		条件不成立(当前时间：2021-08-10 17:49:53.712,条件时段：09:30:00-13:00:00)
	结果：未满足
===2021-08-10 17:49:55.863===
===2021-08-10 17:49:56.245===
股票：002899板块涨跌幅判断-额外参数：
	分组名称：1
	走势名称：发
		条件不成立(不符合板块涨跌幅条件)
	结果：未满足，返回code：-1
===2021-08-10 17:49:58.962===
额外条件未满足


===============================================

==============2021-08-10 17:50:10==============
===6开始执行条件2021-08-10 17:50:09.003===
===开始判断价格条件2021-08-10 17:50:09.003===
===开始判断额外/转自动条件2021-08-10 17:50:09.172===
===2021-08-10 17:50:09.494===
股票：002899指定时间段判断-额外参数：
	分组名称：1
	走势名称：时间段
		条件不成立(当前时间：2021-08-10 17:50:08.985,条件时段：09:30:00-13:00:00)
	结果：未满足
===2021-08-10 17:50:09.494===
===2021-08-10 17:50:09.548===
股票：002899板块涨跌幅判断-额外参数：
	分组名称：1
	走势名称：发
		条件不成立(不符合板块涨跌幅条件)
	结果：未满足，返回code：-1
===2021-08-10 17:50:10.275===
额外条件未满足


===============================================

==============2021-08-10 17:50:47==============
===6开始执行条件2021-08-10 17:50:41.659===
===开始判断价格条件2021-08-10 17:50:41.659===
===开始判断额外/转自动条件2021-08-10 17:50:42.629===
===2021-08-10 17:50:44.019===
股票：002899指定时间段判断-额外参数：
	分组名称：1
	走势名称：时间段
		条件不成立(当前时间：2021-08-10 17:50:41.657,条件时段：09:30:00-13:00:00)
	结果：未满足
===2021-08-10 17:50:44.019===
===2021-08-10 17:50:44.293===
股票：002899板块涨跌幅判断-额外参数：
	分组名称：1
	走势名称：发
		条件不成立(不符合板块涨跌幅条件)
	结果：未满足，返回code：-1
===2021-08-10 17:50:47.614===
额外条件未满足


===============================================

==============2021-08-10 17:51:20==============
===6开始执行条件2021-08-10 17:51:15.123===
===开始判断价格条件2021-08-10 17:51:15.123===
===开始判断额外/转自动条件2021-08-10 17:51:16.068===
===2021-08-10 17:51:16.786===
股票：002899指定时间段判断-额外参数：
	分组名称：1
	走势名称：时间段
		条件不成立(当前时间：2021-08-10 17:51:15.123,条件时段：09:30:00-13:00:00)
	结果：未满足
===2021-08-10 17:51:16.786===
===2021-08-10 17:51:17.368===
股票：002899板块涨跌幅判断-额外参数：
	分组名称：1
	走势名称：发
		条件不成立(不符合板块涨跌幅条件)
	结果：未满足，返回code：-1
===2021-08-10 17:51:20.722===
额外条件未满足


===============================================

==============2021-08-10 17:52:09==============
===6开始执行条件2021-08-10 17:52:03.472===
===开始判断价格条件2021-08-10 17:52:03.472===
===开始判断额外/转自动条件2021-08-10 17:52:04.844===
===2021-08-10 17:52:06.396===
股票：002899指定时间段判断-额外参数：
	分组名称：1
	走势名称：时间段
		条件不成立(当前时间：2021-08-10 17:52:03.472,条件时段：09:30:00-13:00:00)
	结果：未满足
===2021-08-10 17:52:06.396===
===2021-08-10 17:52:06.984===
股票：002899板块涨跌幅判断-额外参数：
	分组名称：1
	走势名称：发
		条件不成立(不符合板块涨跌幅条件)
	结果：未满足，返回code：-1
===2021-08-10 17:52:09.249===
额外条件未满足


===============================================

==============2021-08-10 17:52:27==============
===6开始执行条件2021-08-10 17:52:20.099===
===开始判断价格条件2021-08-10 17:52:20.099===
===开始判断额外/转自动条件2021-08-10 17:52:21.131===
===2021-08-10 17:52:22.260===
股票：002899指定时间段判断-额外参数：
	分组名称：1
	走势名称：时间段
		条件不成立(当前时间：2021-08-10 17:52:20.098,条件时段：09:30:00-13:00:00)
	结果：未满足
===2021-08-10 17:52:22.260===
===2021-08-10 17:52:22.454===
股票：002899板块涨跌幅判断-额外参数：
	分组名称：1
	走势名称：发
		条件不成立(不符合板块涨跌幅条件)
	结果：未满足，返回code：-1
===2021-08-10 17:52:27.303===
额外条件未满足


===============================================

==============2021-08-10 17:52:44==============
===6开始执行条件2021-08-10 17:52:40.513===
===开始判断价格条件2021-08-10 17:52:40.513===
===开始判断额外/转自动条件2021-08-10 17:52:41.068===
===2021-08-10 17:52:41.402===
股票：002899指定时间段判断-额外参数：
	分组名称：1
	走势名称：时间段
		条件不成立(当前时间：2021-08-10 17:52:40.505,条件时段：09:30:00-13:00:00)
	结果：未满足
===2021-08-10 17:52:41.402===
===2021-08-10 17:52:41.671===
股票：002899板块涨跌幅判断-额外参数：
	分组名称：1
	走势名称：发
		条件不成立(不符合板块涨跌幅条件)
	结果：未满足，返回code：-1
===2021-08-10 17:52:44.112===
额外条件未满足


===============================================

==============2021-08-10 17:52:58==============
===6开始执行条件2021-08-10 17:52:54.853===
===开始判断价格条件2021-08-10 17:52:54.853===
===开始判断额外/转自动条件2021-08-10 17:52:55.570===
===2021-08-10 17:52:55.781===
股票：002899指定时间段判断-额外参数：
	分组名称：1
	走势名称：时间段
		条件不成立(当前时间：2021-08-10 17:52:54.853,条件时段：09:30:00-13:00:00)
	结果：未满足
===2021-08-10 17:52:55.781===
===2021-08-10 17:52:56.014===
股票：002899板块涨跌幅判断-额外参数：
	分组名称：1
	走势名称：发
		条件不成立(不符合板块涨跌幅条件)
	结果：未满足，返回code：-1
===2021-08-10 17:52:58.269===
额外条件未满足


===============================================

==============2021-08-10 17:53:12==============
===6开始执行条件2021-08-10 17:53:11.826===
===开始判断价格条件2021-08-10 17:53:11.826===
===开始判断额外/转自动条件2021-08-10 17:53:11.965===
===2021-08-10 17:53:12.041===
股票：002899指定时间段判断-额外参数：
	分组名称：1
	走势名称：时间段
		条件不成立(当前时间：2021-08-10 17:53:11.826,条件时段：09:30:00-13:00:00)
	结果：未满足
===2021-08-10 17:53:12.041===
===2021-08-10 17:53:12.103===
股票：002899板块涨跌幅判断-额外参数：
	分组名称：1
	走势名称：发
		条件不成立(不符合板块涨跌幅条件)
	结果：未满足，返回code：-1
===2021-08-10 17:53:12.828===
额外条件未满足


===============================================

==============2021-08-10 17:53:31==============
===6开始执行条件2021-08-10 17:53:29.447===
===开始判断价格条件2021-08-10 17:53:29.447===
===开始判断额外/转自动条件2021-08-10 17:53:30.215===
===2021-08-10 17:53:30.325===
股票：002899指定时间段判断-额外参数：
	分组名称：1
	走势名称：时间段
		条件不成立(当前时间：2021-08-10 17:53:29.446,条件时段：09:30:00-13:00:00)
	结果：未满足
===2021-08-10 17:53:30.325===
===2021-08-10 17:53:30.349===
股票：002899板块涨跌幅判断-额外参数：
	分组名称：1
	走势名称：发
		条件不成立(不符合板块涨跌幅条件)
	结果：未满足，返回code：-1
===2021-08-10 17:53:31.694===
额外条件未满足


===============================================

==============2021-08-10 17:53:44==============
===6开始执行条件2021-08-10 17:53:40.663===
===开始判断价格条件2021-08-10 17:53:40.663===
===开始判断额外/转自动条件2021-08-10 17:53:41.527===
===2021-08-10 17:53:42.405===
股票：002899指定时间段判断-额外参数：
	分组名称：1
	走势名称：时间段
		条件不成立(当前时间：2021-08-10 17:53:40.663,条件时段：09:30:00-13:00:00)
	结果：未满足
===2021-08-10 17:53:42.405===
===2021-08-10 17:53:42.530===
股票：002899板块涨跌幅判断-额外参数：
	分组名称：1
	走势名称：发
		条件不成立(不符合板块涨跌幅条件)
	结果：未满足，返回code：-1
===2021-08-10 17:53:44.074===
额外条件未满足


===============================================

==============2021-08-10 17:54:00==============
===6开始执行条件2021-08-10 17:53:59.431===
===开始判断价格条件2021-08-10 17:53:59.431===
===开始判断额外/转自动条件2021-08-10 17:53:59.525===
===2021-08-10 17:53:59.568===
股票：002899指定时间段判断-额外参数：
	分组名称：1
	走势名称：时间段
		条件不成立(当前时间：2021-08-10 17:53:59.430,条件时段：09:30:00-13:00:00)
	结果：未满足
===2021-08-10 17:53:59.568===
===2021-08-10 17:53:59.588===
股票：002899板块涨跌幅判断-额外参数：
	分组名称：1
	走势名称：发
		条件不成立(不符合板块涨跌幅条件)
	结果：未满足，返回code：-1
===2021-08-10 17:54:00.190===
额外条件未满足


===============================================

==============2021-08-10 17:54:16==============
===6开始执行条件2021-08-10 17:54:15.203===
===开始判断价格条件2021-08-10 17:54:15.203===
===开始判断额外/转自动条件2021-08-10 17:54:15.436===
===2021-08-10 17:54:15.548===
股票：002899指定时间段判断-额外参数：
	分组名称：1
	走势名称：时间段
		条件不成立(当前时间：2021-08-10 17:54:15.203,条件时段：09:30:00-13:00:00)
	结果：未满足
===2021-08-10 17:54:15.548===
===2021-08-10 17:54:15.876===
股票：002899板块涨跌幅判断-额外参数：
	分组名称：1
	走势名称：发
		条件不成立(不符合板块涨跌幅条件)
	结果：未满足，返回code：-1
===2021-08-10 17:54:16.405===
额外条件未满足


===============================================

