==============2021-08-09 10:08:50==============
===6开始执行条件2021-08-09 10:08:48.310===
===开始判断价格条件2021-08-09 10:08:48.310===
===开始判断额外/转自动条件2021-08-09 10:08:48.810===
===2021-08-09 10:08:49.491===
股票：002899指定时间段判断-额外参数：
	分组名称：1
	走势名称：时间段
		条件成立(当前时间：2021-08-09 10:08:48.309,条件时段：09:30:00-13:00:00)
	结果：达到要求
===2021-08-09 10:08:49.915===
===2021-08-09 10:08:50.366===
股票：002899多头向上判断-转自动参数：
	分组名称：2
	走势名称：多头向上
	结果：未满足，返回code：0
===2021-08-09 10:08:50.366===
满足所有条件，可以触发


===============================================

==============2021-08-09 10:09:15==============
===6开始执行条件2021-08-09 10:09:09.766===
===开始判断价格条件2021-08-09 10:09:09.766===
===开始判断额外/转自动条件2021-08-09 10:09:10.486===
===2021-08-09 10:09:11.016===
股票：002899指定时间段判断-额外参数：
	分组名称：1
	走势名称：时间段
		条件成立(当前时间：2021-08-09 10:09:09.765,条件时段：09:30:00-13:00:00)
	结果：达到要求
===2021-08-09 10:09:13.062===
===2021-08-09 10:09:15.211===
股票：002899多头向上判断-转自动参数：
	分组名称：2
	走势名称：多头向上
	结果：未满足，返回code：0
===2021-08-09 10:09:15.211===
满足所有条件，可以触发


===============================================

==============2021-08-09 10:09:35==============
===6开始执行条件2021-08-09 10:09:28.967===
===开始判断价格条件2021-08-09 10:09:28.967===
===开始判断额外/转自动条件2021-08-09 10:09:30.982===
===2021-08-09 10:09:32.214===
股票：002899指定时间段判断-额外参数：
	分组名称：1
	走势名称：时间段
		条件成立(当前时间：2021-08-09 10:09:28.965,条件时段：09:30:00-13:00:00)
	结果：达到要求
===2021-08-09 10:09:33.353===
===2021-08-09 10:09:35.384===
股票：002899多头向上判断-转自动参数：
	分组名称：2
	走势名称：多头向上
	结果：未满足，返回code：0
===2021-08-09 10:09:35.384===
满足所有条件，可以触发


===============================================

==============2021-08-09 10:10:38==============
===6开始执行条件2021-08-09 10:10:35.692===
===开始判断价格条件2021-08-09 10:10:35.692===
===开始判断额外/转自动条件2021-08-09 10:10:36.402===
===2021-08-09 10:10:36.517===
股票：002899指定时间段判断-额外参数：
	分组名称：1
	走势名称：时间段
		条件成立(当前时间：2021-08-09 10:10:35.691,条件时段：09:30:00-13:00:00)
	结果：达到要求
===2021-08-09 10:10:37.575===
===2021-08-09 10:10:38.530===
股票：002899多头向上判断-转自动参数：
	分组名称：2
	走势名称：多头向上
	结果：未满足，返回code：0
===2021-08-09 10:10:38.530===
满足所有条件，可以触发


===============================================

==============2021-08-09 10:11:21==============
===6开始执行条件2021-08-09 10:11:19.473===
===开始判断价格条件2021-08-09 10:11:19.473===
===开始判断额外/转自动条件2021-08-09 10:11:20.051===
===2021-08-09 10:11:20.414===
股票：002899指定时间段判断-额外参数：
	分组名称：1
	走势名称：时间段
		条件成立(当前时间：2021-08-09 10:11:19.473,条件时段：09:30:00-13:00:00)
	结果：达到要求
===2021-08-09 10:11:20.585===
===2021-08-09 10:11:21.572===
股票：002899多头向上判断-转自动参数：
	分组名称：2
	走势名称：多头向上
	结果：未满足，返回code：0
===2021-08-09 10:11:21.572===
满足所有条件，可以触发


===============================================

==============2021-08-09 10:14:23==============
===6开始执行条件2021-08-09 10:14:20.161===
===开始判断价格条件2021-08-09 10:14:20.161===
===开始判断额外/转自动条件2021-08-09 10:14:20.349===
===2021-08-09 10:14:20.865===
股票：002899指定时间段判断-额外参数：
	分组名称：1
	走势名称：时间段
		条件成立(当前时间：2021-08-09 10:14:20.160,条件时段：09:30:00-13:00:00)
	结果：达到要求
===2021-08-09 10:14:23.500===
===2021-08-09 10:14:23.864===
股票：002899多头向上判断-转自动参数：
	分组名称：2
	走势名称：多头向上
	结果：未满足，返回code：0
===2021-08-09 10:14:23.865===
满足所有条件，可以触发


===============================================

==============2021-08-09 11:02:41==============
===6开始执行条件2021-08-09 11:02:41.327===
===开始判断价格条件2021-08-09 11:02:41.327===
===开始判断额外/转自动条件2021-08-09 11:02:41.435===
===2021-08-09 11:02:41.523===
股票：002899指定时间段判断-额外参数：
	分组名称：1
	走势名称：时间段
		条件成立(当前时间：2021-08-09 11:02:41.327,条件时段：09:30:00-13:00:00)
	结果：达到要求
===2021-08-09 11:02:41.638===
===2021-08-09 11:02:41.770===
股票：002899多头向上判断-转自动参数：
	分组名称：2
	走势名称：多头向上
	结果：未满足，返回code：0
===2021-08-09 11:02:41.774===
满足所有条件，可以触发


===============================================

==============2021-08-09 11:02:51==============
===6开始执行条件2021-08-09 11:02:50.806===
===开始判断价格条件2021-08-09 11:02:50.806===
===开始判断额外/转自动条件2021-08-09 11:02:50.927===
===2021-08-09 11:02:51.001===
股票：002899指定时间段判断-额外参数：
	分组名称：1
	走势名称：时间段
		条件成立(当前时间：2021-08-09 11:02:50.805,条件时段：09:30:00-13:00:00)
	结果：达到要求
===2021-08-09 11:02:51.090===
===2021-08-09 11:02:51.224===
股票：002899多头向上判断-转自动参数：
	分组名称：2
	走势名称：多头向上
	结果：未满足，返回code：0
===2021-08-09 11:02:51.224===
满足所有条件，可以触发


===============================================

==============2021-08-09 11:03:30==============
===6开始执行条件2021-08-09 11:03:28.610===
===开始判断价格条件2021-08-09 11:03:28.610===
===开始判断额外/转自动条件2021-08-09 11:03:29.661===
===2021-08-09 11:03:29.752===
股票：002899指定时间段判断-额外参数：
	分组名称：1
	走势名称：时间段
		条件成立(当前时间：2021-08-09 11:03:28.596,条件时段：09:30:00-13:00:00)
	结果：达到要求
===2021-08-09 11:03:29.968===
===2021-08-09 11:03:30.104===
股票：002899多头向上判断-转自动参数：
	分组名称：2
	走势名称：多头向上
	结果：未满足，返回code：0
===2021-08-09 11:03:30.104===
满足所有条件，可以触发


===============================================

==============2021-08-09 11:03:53==============
===6开始执行条件2021-08-09 11:03:52.630===
===开始判断价格条件2021-08-09 11:03:52.630===
===开始判断额外/转自动条件2021-08-09 11:03:52.950===
===2021-08-09 11:03:53.160===
股票：002899指定时间段判断-额外参数：
	分组名称：1
	走势名称：时间段
		条件成立(当前时间：2021-08-09 11:03:52.630,条件时段：09:30:00-13:00:00)
	结果：达到要求
===2021-08-09 11:03:53.420===
===2021-08-09 11:03:53.825===
股票：002899多头向上判断-转自动参数：
	分组名称：2
	走势名称：多头向上
	结果：未满足，返回code：0
===2021-08-09 11:03:53.825===
满足所有条件，可以触发


===============================================

