==============2021-08-06 14:25:58==============
===6开始执行条件2021-08-06 14:25:56.215===
===开始判断价格条件2021-08-06 14:25:56.215===
===开始判断额外/转自动条件2021-08-06 14:25:57.216===
===2021-08-06 14:25:57.286===
股票：002899指定时间段判断-额外参数：
	分组名称：1
	走势名称：时间段
		条件不成立(当前时间：2021-08-06 14:25:56.215,条件时段：09:30:00-13:00:00)
	结果：未满足
===2021-08-06 14:25:57.286===
===2021-08-06 14:25:57.785===
股票：002899板块涨跌幅判断-额外参数：
	分组名称：1
	走势名称：发
		条件不成立(不符合板块涨跌幅条件)
	结果：未满足，返回code：-1
===2021-08-06 14:25:58.637===
额外条件未满足


===============================================

==============2021-08-06 14:26:15==============
===6开始执行条件2021-08-06 14:26:09.456===
===开始判断价格条件2021-08-06 14:26:09.456===
===开始判断额外/转自动条件2021-08-06 14:26:09.970===
===2021-08-06 14:26:11.265===
股票：002899指定时间段判断-额外参数：
	分组名称：1
	走势名称：时间段
		条件不成立(当前时间：2021-08-06 14:26:09.456,条件时段：09:30:00-13:00:00)
	结果：未满足
===2021-08-06 14:26:11.266===
===2021-08-06 14:26:11.960===
股票：002899板块涨跌幅判断-额外参数：
	分组名称：1
	走势名称：发
		条件不成立(不符合板块涨跌幅条件)
	结果：未满足，返回code：-1
===2021-08-06 14:26:15.220===
额外条件未满足


===============================================

==============2021-08-06 14:26:39==============
===6开始执行条件2021-08-06 14:26:37.515===
===开始判断价格条件2021-08-06 14:26:37.515===
===开始判断额外/转自动条件2021-08-06 14:26:37.593===
===2021-08-06 14:26:37.877===
股票：002899指定时间段判断-额外参数：
	分组名称：1
	走势名称：时间段
		条件不成立(当前时间：2021-08-06 14:26:37.514,条件时段：09:30:00-13:00:00)
	结果：未满足
===2021-08-06 14:26:37.877===
===2021-08-06 14:26:38.074===
股票：002899板块涨跌幅判断-额外参数：
	分组名称：1
	走势名称：发
		条件不成立(不符合板块涨跌幅条件)
	结果：未满足，返回code：-1
===2021-08-06 14:26:39.915===
额外条件未满足


===============================================

==============2021-08-06 14:26:54==============
===6开始执行条件2021-08-06 14:26:51.593===
===开始判断价格条件2021-08-06 14:26:51.593===
===开始判断额外/转自动条件2021-08-06 14:26:52.207===
===2021-08-06 14:26:52.651===
股票：002899指定时间段判断-额外参数：
	分组名称：1
	走势名称：时间段
		条件不成立(当前时间：2021-08-06 14:26:51.593,条件时段：09:30:00-13:00:00)
	结果：未满足
===2021-08-06 14:26:52.651===
===2021-08-06 14:26:52.796===
股票：002899板块涨跌幅判断-额外参数：
	分组名称：1
	走势名称：发
		条件不成立(不符合板块涨跌幅条件)
	结果：未满足，返回code：-1
===2021-08-06 14:26:54.275===
额外条件未满足


===============================================

==============2021-08-06 14:29:17==============
===6开始执行条件2021-08-06 14:29:15.521===
===开始判断价格条件2021-08-06 14:29:15.521===
===开始判断额外/转自动条件2021-08-06 14:29:16.234===
===2021-08-06 14:29:16.539===
股票：002899指定时间段判断-额外参数：
	分组名称：1
	走势名称：时间段
		条件不成立(当前时间：2021-08-06 14:29:15.521,条件时段：09:30:00-13:00:00)
	结果：未满足
===2021-08-06 14:29:16.539===
===2021-08-06 14:29:16.731===
股票：002899板块涨跌幅判断-额外参数：
	分组名称：1
	走势名称：发
		条件不成立(不符合板块涨跌幅条件)
	结果：未满足，返回code：-1
===2021-08-06 14:29:17.433===
额外条件未满足


===============================================

==============2021-08-06 14:34:35==============
===6开始执行条件2021-08-06 14:34:34.844===
===开始判断价格条件2021-08-06 14:34:34.844===
===开始判断额外/转自动条件2021-08-06 14:34:34.952===
===2021-08-06 14:34:35.121===
股票：002899指定时间段判断-额外参数：
	分组名称：1
	走势名称：时间段
		条件不成立(当前时间：2021-08-06 14:34:34.844,条件时段：09:30:00-13:00:00)
	结果：未满足
===2021-08-06 14:34:35.121===
===2021-08-06 14:34:35.159===
股票：002899板块涨跌幅判断-额外参数：
	分组名称：1
	走势名称：发
		条件不成立(不符合板块涨跌幅条件)
	结果：未满足，返回code：-1
===2021-08-06 14:34:35.721===
额外条件未满足


===============================================

==============2021-08-06 14:41:07==============
===6开始执行条件2021-08-06 14:41:06.094===
===开始判断价格条件2021-08-06 14:41:06.094===
===开始判断额外/转自动条件2021-08-06 14:41:06.282===
===2021-08-06 14:41:06.787===
股票：002899指定时间段判断-额外参数：
	分组名称：1
	走势名称：时间段
		条件不成立(当前时间：2021-08-06 14:41:06.081,条件时段：09:30:00-13:00:00)
	结果：未满足
===2021-08-06 14:41:06.787===
===2021-08-06 14:41:06.914===
股票：002899板块涨跌幅判断-额外参数：
	分组名称：1
	走势名称：发
		条件不成立(不符合板块涨跌幅条件)
	结果：未满足，返回code：-1
===2021-08-06 14:41:07.499===
额外条件未满足


===============================================

==============2021-08-06 14:41:18==============
===6开始执行条件2021-08-06 14:41:17.328===
===开始判断价格条件2021-08-06 14:41:17.328===
===开始判断额外/转自动条件2021-08-06 14:41:17.834===
===2021-08-06 14:41:18.051===
股票：002899指定时间段判断-额外参数：
	分组名称：1
	走势名称：时间段
		条件不成立(当前时间：2021-08-06 14:41:17.327,条件时段：09:30:00-13:00:00)
	结果：未满足
===2021-08-06 14:41:18.051===
===2021-08-06 14:41:18.109===
股票：002899板块涨跌幅判断-额外参数：
	分组名称：1
	走势名称：发
		条件不成立(不符合板块涨跌幅条件)
	结果：未满足，返回code：-1
===2021-08-06 14:41:18.565===
额外条件未满足


===============================================

==============2021-08-06 14:41:47==============
===6开始执行条件2021-08-06 14:41:42.841===
===开始判断价格条件2021-08-06 14:41:42.841===
===开始判断额外/转自动条件2021-08-06 14:41:44.461===
===2021-08-06 14:41:45.044===
股票：002899指定时间段判断-额外参数：
	分组名称：1
	走势名称：时间段
		条件不成立(当前时间：2021-08-06 14:41:42.841,条件时段：09:30:00-13:00:00)
	结果：未满足
===2021-08-06 14:41:45.044===
===2021-08-06 14:41:45.315===
股票：002899板块涨跌幅判断-额外参数：
	分组名称：1
	走势名称：发
		条件不成立(不符合板块涨跌幅条件)
	结果：未满足，返回code：-1
===2021-08-06 14:41:47.420===
额外条件未满足


===============================================

==============2021-08-06 14:42:38==============
===6开始执行条件2021-08-06 14:42:34.072===
===开始判断价格条件2021-08-06 14:42:34.072===
===开始判断额外/转自动条件2021-08-06 14:42:34.662===
===2021-08-06 14:42:35.497===
股票：002899指定时间段判断-额外参数：
	分组名称：1
	走势名称：时间段
		条件不成立(当前时间：2021-08-06 14:42:34.072,条件时段：09:30:00-13:00:00)
	结果：未满足
===2021-08-06 14:42:35.497===
===2021-08-06 14:42:35.656===
股票：002899板块涨跌幅判断-额外参数：
	分组名称：1
	走势名称：发
		条件不成立(不符合板块涨跌幅条件)
	结果：未满足，返回code：-1
===2021-08-06 14:42:38.568===
额外条件未满足


===============================================

==============2021-08-06 14:43:01==============
===6开始执行条件2021-08-06 14:42:55.992===
===开始判断价格条件2021-08-06 14:42:55.992===
===开始判断额外/转自动条件2021-08-06 14:42:57.885===
===2021-08-06 14:42:58.973===
股票：002899指定时间段判断-额外参数：
	分组名称：1
	走势名称：时间段
		条件不成立(当前时间：2021-08-06 14:42:55.992,条件时段：09:30:00-13:00:00)
	结果：未满足
===2021-08-06 14:42:58.973===
===2021-08-06 14:42:59.397===
股票：002899板块涨跌幅判断-额外参数：
	分组名称：1
	走势名称：发
		条件不成立(不符合板块涨跌幅条件)
	结果：未满足，返回code：-1
===2021-08-06 14:43:01.255===
额外条件未满足


===============================================

==============2021-08-06 14:43:10==============
===6开始执行条件2021-08-06 14:43:09.972===
===开始判断价格条件2021-08-06 14:43:09.972===
===开始判断额外/转自动条件2021-08-06 14:43:10.069===
===2021-08-06 14:43:10.111===
股票：002899指定时间段判断-额外参数：
	分组名称：1
	走势名称：时间段
		条件不成立(当前时间：2021-08-06 14:43:09.971,条件时段：09:30:00-13:00:00)
	结果：未满足
===2021-08-06 14:43:10.111===
===2021-08-06 14:43:10.135===
股票：002899板块涨跌幅判断-额外参数：
	分组名称：1
	走势名称：发
		条件不成立(不符合板块涨跌幅条件)
	结果：未满足，返回code：-1
===2021-08-06 14:43:10.552===
额外条件未满足


===============================================

==============2021-08-06 15:03:31==============
===6开始执行条件2021-08-06 15:03:27.766===
===开始判断价格条件2021-08-06 15:03:27.766===
===开始判断额外/转自动条件2021-08-06 15:03:28.441===
===2021-08-06 15:03:28.762===
股票：002899指定时间段判断-额外参数：
	分组名称：1
	走势名称：时间段
		条件不成立(当前时间：2021-08-06 15:03:27.765,条件时段：09:30:00-13:00:00)
	结果：未满足
===2021-08-06 15:03:28.762===
===2021-08-06 15:03:28.851===
股票：002899板块涨跌幅判断-额外参数：
	分组名称：1
	走势名称：发
		条件不成立(不符合板块涨跌幅条件)
	结果：未满足，返回code：-1
===2021-08-06 15:03:31.701===
额外条件未满足


===============================================

==============2021-08-06 15:05:37==============
===6开始执行条件2021-08-06 15:05:16.830===
===开始判断价格条件2021-08-06 15:05:16.830===
===开始判断额外/转自动条件2021-08-06 15:05:23.407===
===2021-08-06 15:05:23.921===
股票：002899指定时间段判断-额外参数：
	分组名称：1
	走势名称：时间段
		条件不成立(当前时间：2021-08-06 15:05:16.829,条件时段：09:30:00-13:00:00)
	结果：未满足
===2021-08-06 15:05:23.921===
===2021-08-06 15:05:24.127===
股票：002899板块涨跌幅判断-额外参数：
	分组名称：1
	走势名称：发
		条件不成立(不符合板块涨跌幅条件)
	结果：未满足，返回code：-1
===2021-08-06 15:05:37.154===
额外条件未满足


===============================================

==============2021-08-06 15:06:34==============
===6开始执行条件2021-08-06 15:06:28.679===
===开始判断价格条件2021-08-06 15:06:28.679===
===开始判断额外/转自动条件2021-08-06 15:06:29.944===
===2021-08-06 15:06:31.580===
股票：002899指定时间段判断-额外参数：
	分组名称：1
	走势名称：时间段
		条件不成立(当前时间：2021-08-06 15:06:28.678,条件时段：09:30:00-13:00:00)
	结果：未满足
===2021-08-06 15:06:31.580===
===2021-08-06 15:06:31.763===
股票：002899板块涨跌幅判断-额外参数：
	分组名称：1
	走势名称：发
		条件不成立(不符合板块涨跌幅条件)
	结果：未满足，返回code：-1
===2021-08-06 15:06:34.648===
额外条件未满足


===============================================

==============2021-08-06 15:07:46==============
===6开始执行条件2021-08-06 15:06:48.848===
===开始判断价格条件2021-08-06 15:06:48.848===
===开始判断额外/转自动条件2021-08-06 15:06:50.699===
===2021-08-06 15:07:17.823===
股票：002899指定时间段判断-额外参数：
	分组名称：1
	走势名称：时间段
		条件不成立(当前时间：2021-08-06 15:06:48.834,条件时段：09:30:00-13:00:00)
	结果：未满足
===2021-08-06 15:07:17.823===
===2021-08-06 15:07:18.387===
股票：002899板块涨跌幅判断-额外参数：
	分组名称：1
	走势名称：发
		条件不成立(不符合板块涨跌幅条件)
	结果：未满足，返回code：-1
===2021-08-06 15:07:46.037===
额外条件未满足


===============================================

==============2021-08-06 15:12:15==============
===6开始执行条件2021-08-06 15:12:11.650===
===开始判断价格条件2021-08-06 15:12:11.650===
===开始判断额外/转自动条件2021-08-06 15:12:12.454===
===2021-08-06 15:12:13.450===
股票：002899指定时间段判断-额外参数：
	分组名称：1
	走势名称：时间段
		条件不成立(当前时间：2021-08-06 15:12:11.650,条件时段：09:30:00-13:00:00)
	结果：未满足
===2021-08-06 15:12:13.450===
===2021-08-06 15:12:13.490===
股票：002899板块涨跌幅判断-额外参数：
	分组名称：1
	走势名称：发
		条件不成立(不符合板块涨跌幅条件)
	结果：未满足，返回code：-1
===2021-08-06 15:12:15.950===
额外条件未满足


===============================================

==============2021-08-06 15:12:47==============
===6开始执行条件2021-08-06 15:12:45.920===
===开始判断价格条件2021-08-06 15:12:45.920===
===开始判断额外/转自动条件2021-08-06 15:12:46.046===
===2021-08-06 15:12:46.156===
股票：002899指定时间段判断-额外参数：
	分组名称：1
	走势名称：时间段
		条件不成立(当前时间：2021-08-06 15:12:45.920,条件时段：09:30:00-13:00:00)
	结果：未满足
===2021-08-06 15:12:46.156===
===2021-08-06 15:12:46.551===
股票：002899板块涨跌幅判断-额外参数：
	分组名称：1
	走势名称：发
		条件不成立(不符合板块涨跌幅条件)
	结果：未满足，返回code：-1
===2021-08-06 15:12:47.585===
额外条件未满足


===============================================

==============2021-08-06 15:13:56==============
===6开始执行条件2021-08-06 15:13:52.399===
===开始判断价格条件2021-08-06 15:13:52.399===
===开始判断额外/转自动条件2021-08-06 15:13:53.524===
===2021-08-06 15:13:54.233===
股票：002899指定时间段判断-额外参数：
	分组名称：1
	走势名称：时间段
		条件不成立(当前时间：2021-08-06 15:13:52.391,条件时段：09:30:00-13:00:00)
	结果：未满足
===2021-08-06 15:13:54.379===
===2021-08-06 15:13:54.541===
股票：002899板块涨跌幅判断-额外参数：
	分组名称：1
	走势名称：发
		条件不成立(不符合板块涨跌幅条件)
	结果：未满足，返回code：-1
===2021-08-06 15:13:56.023===
额外条件未满足


===============================================

==============2021-08-06 15:14:06==============
===6开始执行条件2021-08-06 15:14:06.457===
===开始判断价格条件2021-08-06 15:14:06.457===
===开始判断额外/转自动条件2021-08-06 15:14:06.576===
===2021-08-06 15:14:06.739===
股票：002899指定时间段判断-额外参数：
	分组名称：1
	走势名称：时间段
		条件不成立(当前时间：2021-08-06 15:14:06.457,条件时段：09:30:00-13:00:00)
	结果：未满足
===2021-08-06 15:14:06.739===
===2021-08-06 15:14:06.766===
股票：002899板块涨跌幅判断-额外参数：
	分组名称：1
	走势名称：发
		条件不成立(不符合板块涨跌幅条件)
	结果：未满足，返回code：-1
===2021-08-06 15:14:06.974===
额外条件未满足


===============================================

==============2021-08-06 15:26:54==============
===6开始执行条件2021-08-06 15:26:53.917===
===开始判断价格条件2021-08-06 15:26:53.917===
===开始判断额外/转自动条件2021-08-06 15:26:54.138===
===2021-08-06 15:26:54.294===
股票：002899指定时间段判断-额外参数：
	分组名称：1
	走势名称：时间段
		条件不成立(当前时间：2021-08-06 15:26:53.916,条件时段：09:30:00-13:00:00)
	结果：未满足
===2021-08-06 15:26:54.294===
===2021-08-06 15:26:54.343===
股票：002899板块涨跌幅判断-额外参数：
	分组名称：1
	走势名称：发
		条件不成立(不符合板块涨跌幅条件)
	结果：未满足，返回code：-1
===2021-08-06 15:26:54.720===
额外条件未满足


===============================================

==============2021-08-06 15:28:00==============
===6开始执行条件2021-08-06 15:27:57.927===
===开始判断价格条件2021-08-06 15:27:57.927===
===开始判断额外/转自动条件2021-08-06 15:27:58.349===
===2021-08-06 15:27:59.128===
股票：002899指定时间段判断-额外参数：
	分组名称：1
	走势名称：时间段
		条件不成立(当前时间：2021-08-06 15:27:57.927,条件时段：09:30:00-13:00:00)
	结果：未满足
===2021-08-06 15:27:59.128===
===2021-08-06 15:27:59.666===
股票：002899板块涨跌幅判断-额外参数：
	分组名称：1
	走势名称：发
		条件不成立(不符合板块涨跌幅条件)
	结果：未满足，返回code：-1
===2021-08-06 15:28:00.395===
额外条件未满足


===============================================

==============2021-08-06 15:28:32==============
===6开始执行条件2021-08-06 15:28:29.984===
===开始判断价格条件2021-08-06 15:28:29.984===
===开始判断额外/转自动条件2021-08-06 15:28:30.284===
===2021-08-06 15:28:30.822===
股票：002899指定时间段判断-额外参数：
	分组名称：1
	走势名称：时间段
		条件不成立(当前时间：2021-08-06 15:28:29.984,条件时段：09:30:00-13:00:00)
	结果：未满足
===2021-08-06 15:28:30.822===
===2021-08-06 15:28:30.874===
股票：002899板块涨跌幅判断-额外参数：
	分组名称：1
	走势名称：发
		条件不成立(不符合板块涨跌幅条件)
	结果：未满足，返回code：-1
===2021-08-06 15:28:32.627===
额外条件未满足


===============================================

==============2021-08-06 15:28:51==============
===6开始执行条件2021-08-06 15:28:48.176===
===开始判断价格条件2021-08-06 15:28:48.176===
===开始判断额外/转自动条件2021-08-06 15:28:48.936===
===2021-08-06 15:28:49.326===
股票：002899指定时间段判断-额外参数：
	分组名称：1
	走势名称：时间段
		条件不成立(当前时间：2021-08-06 15:28:48.176,条件时段：09:30:00-13:00:00)
	结果：未满足
===2021-08-06 15:28:49.326===
===2021-08-06 15:28:49.759===
股票：002899板块涨跌幅判断-额外参数：
	分组名称：1
	走势名称：发
		条件不成立(不符合板块涨跌幅条件)
	结果：未满足，返回code：-1
===2021-08-06 15:28:51.503===
额外条件未满足


===============================================

==============2021-08-06 15:30:01==============
===6开始执行条件2021-08-06 15:30:00.330===
===开始判断价格条件2021-08-06 15:30:00.330===
===开始判断额外/转自动条件2021-08-06 15:30:00.400===
===2021-08-06 15:30:00.438===
股票：002899指定时间段判断-额外参数：
	分组名称：1
	走势名称：时间段
		条件不成立(当前时间：2021-08-06 15:30:00.329,条件时段：09:30:00-13:00:00)
	结果：未满足
===2021-08-06 15:30:00.438===
===2021-08-06 15:30:00.488===
股票：002899板块涨跌幅判断-额外参数：
	分组名称：1
	走势名称：发
		条件不成立(不符合板块涨跌幅条件)
	结果：未满足，返回code：-1
===2021-08-06 15:30:01.040===
额外条件未满足


===============================================

==============2021-08-06 15:30:19==============
===6开始执行条件2021-08-06 15:30:16.913===
===开始判断价格条件2021-08-06 15:30:16.913===
===开始判断额外/转自动条件2021-08-06 15:30:17.279===
===2021-08-06 15:30:17.682===
股票：002899指定时间段判断-额外参数：
	分组名称：1
	走势名称：时间段
		条件不成立(当前时间：2021-08-06 15:30:16.913,条件时段：09:30:00-13:00:00)
	结果：未满足
===2021-08-06 15:30:17.682===
===2021-08-06 15:30:17.820===
股票：002899板块涨跌幅判断-额外参数：
	分组名称：1
	走势名称：发
		条件不成立(不符合板块涨跌幅条件)
	结果：未满足，返回code：-1
===2021-08-06 15:30:19.479===
额外条件未满足


===============================================

==============2021-08-06 15:30:38==============
===6开始执行条件2021-08-06 15:30:38.383===
===开始判断价格条件2021-08-06 15:30:38.384===
===开始判断额外/转自动条件2021-08-06 15:30:38.446===
===2021-08-06 15:30:38.478===
股票：002899指定时间段判断-额外参数：
	分组名称：1
	走势名称：时间段
		条件不成立(当前时间：2021-08-06 15:30:38.382,条件时段：09:30:00-13:00:00)
	结果：未满足
===2021-08-06 15:30:38.478===
===2021-08-06 15:30:38.495===
股票：002899板块涨跌幅判断-额外参数：
	分组名称：1
	走势名称：发
		条件不成立(不符合板块涨跌幅条件)
	结果：未满足，返回code：-1
===2021-08-06 15:30:38.661===
额外条件未满足


===============================================

==============2021-08-06 15:30:59==============
===6开始执行条件2021-08-06 15:30:55.656===
===开始判断价格条件2021-08-06 15:30:55.656===
===开始判断额外/转自动条件2021-08-06 15:30:56.347===
===2021-08-06 15:30:57.079===
股票：002899指定时间段判断-额外参数：
	分组名称：1
	走势名称：时间段
		条件不成立(当前时间：2021-08-06 15:30:55.655,条件时段：09:30:00-13:00:00)
	结果：未满足
===2021-08-06 15:30:57.079===
===2021-08-06 15:30:57.451===
股票：002899板块涨跌幅判断-额外参数：
	分组名称：1
	走势名称：发
		条件不成立(不符合板块涨跌幅条件)
	结果：未满足，返回code：-1
===2021-08-06 15:30:59.934===
额外条件未满足


===============================================

==============2021-08-06 15:31:15==============
===6开始执行条件2021-08-06 15:31:14.684===
===开始判断价格条件2021-08-06 15:31:14.684===
===开始判断额外/转自动条件2021-08-06 15:31:14.758===
===2021-08-06 15:31:14.977===
股票：002899指定时间段判断-额外参数：
	分组名称：1
	走势名称：时间段
		条件不成立(当前时间：2021-08-06 15:31:14.675,条件时段：09:30:00-13:00:00)
	结果：未满足
===2021-08-06 15:31:14.977===
===2021-08-06 15:31:14.999===
股票：002899板块涨跌幅判断-额外参数：
	分组名称：1
	走势名称：发
		条件不成立(不符合板块涨跌幅条件)
	结果：未满足，返回code：-1
===2021-08-06 15:31:15.217===
额外条件未满足


===============================================

==============2021-08-06 15:31:36==============
===6开始执行条件2021-08-06 15:31:31.582===
===开始判断价格条件2021-08-06 15:31:31.582===
===开始判断额外/转自动条件2021-08-06 15:31:32.732===
===2021-08-06 15:31:33.151===
股票：002899指定时间段判断-额外参数：
	分组名称：1
	走势名称：时间段
		条件不成立(当前时间：2021-08-06 15:31:31.582,条件时段：09:30:00-13:00:00)
	结果：未满足
===2021-08-06 15:31:33.152===
===2021-08-06 15:31:33.311===
股票：002899板块涨跌幅判断-额外参数：
	分组名称：1
	走势名称：发
		条件不成立(不符合板块涨跌幅条件)
	结果：未满足，返回code：-1
===2021-08-06 15:31:36.134===
额外条件未满足


===============================================

==============2021-08-06 15:31:54==============
===6开始执行条件2021-08-06 15:31:50.556===
===开始判断价格条件2021-08-06 15:31:50.556===
===开始判断额外/转自动条件2021-08-06 15:31:51.610===
===2021-08-06 15:31:52.047===
股票：002899指定时间段判断-额外参数：
	分组名称：1
	走势名称：时间段
		条件不成立(当前时间：2021-08-06 15:31:50.556,条件时段：09:30:00-13:00:00)
	结果：未满足
===2021-08-06 15:31:52.047===
===2021-08-06 15:31:52.199===
股票：002899板块涨跌幅判断-额外参数：
	分组名称：1
	走势名称：发
		条件不成立(不符合板块涨跌幅条件)
	结果：未满足，返回code：-1
===2021-08-06 15:31:54.871===
额外条件未满足


===============================================

==============2021-08-06 15:32:16==============
===6开始执行条件2021-08-06 15:32:11.873===
===开始判断价格条件2021-08-06 15:32:11.873===
===开始判断额外/转自动条件2021-08-06 15:32:12.678===
===2021-08-06 15:32:13.248===
股票：002899指定时间段判断-额外参数：
	分组名称：1
	走势名称：时间段
		条件不成立(当前时间：2021-08-06 15:32:11.871,条件时段：09:30:00-13:00:00)
	结果：未满足
===2021-08-06 15:32:13.248===
===2021-08-06 15:32:13.480===
股票：002899板块涨跌幅判断-额外参数：
	分组名称：1
	走势名称：发
		条件不成立(不符合板块涨跌幅条件)
	结果：未满足，返回code：-1
===2021-08-06 15:32:16.128===
额外条件未满足


===============================================

==============2021-08-06 15:32:33==============
===6开始执行条件2021-08-06 15:32:30.336===
===开始判断价格条件2021-08-06 15:32:30.336===
===开始判断额外/转自动条件2021-08-06 15:32:31.292===
===2021-08-06 15:32:31.599===
股票：002899指定时间段判断-额外参数：
	分组名称：1
	走势名称：时间段
		条件不成立(当前时间：2021-08-06 15:32:30.336,条件时段：09:30:00-13:00:00)
	结果：未满足
===2021-08-06 15:32:31.735===
===2021-08-06 15:32:31.903===
股票：002899板块涨跌幅判断-额外参数：
	分组名称：1
	走势名称：发
		条件不成立(不符合板块涨跌幅条件)
	结果：未满足，返回code：-1
===2021-08-06 15:32:33.482===
额外条件未满足


===============================================

==============2021-08-06 15:32:40==============
===6开始执行条件2021-08-06 15:32:40.113===
===开始判断价格条件2021-08-06 15:32:40.113===
===开始判断额外/转自动条件2021-08-06 15:32:40.160===
===2021-08-06 15:32:40.213===
股票：002899指定时间段判断-额外参数：
	分组名称：1
	走势名称：时间段
		条件不成立(当前时间：2021-08-06 15:32:40.113,条件时段：09:30:00-13:00:00)
	结果：未满足
===2021-08-06 15:32:40.214===
===2021-08-06 15:32:40.257===
股票：002899板块涨跌幅判断-额外参数：
	分组名称：1
	走势名称：发
		条件不成立(不符合板块涨跌幅条件)
	结果：未满足，返回code：-1
===2021-08-06 15:32:40.495===
额外条件未满足


===============================================

==============2021-08-06 15:38:13==============
===6开始执行条件2021-08-06 15:38:09.916===
===开始判断价格条件2021-08-06 15:38:09.916===
===开始判断额外/转自动条件2021-08-06 15:38:10.848===
===2021-08-06 15:38:11.538===
股票：002899指定时间段判断-额外参数：
	分组名称：1
	走势名称：时间段
		条件不成立(当前时间：2021-08-06 15:38:09.915,条件时段：09:30:00-13:00:00)
	结果：未满足
===2021-08-06 15:38:11.538===
===2021-08-06 15:38:11.638===
股票：002899板块涨跌幅判断-额外参数：
	分组名称：1
	走势名称：发
		条件不成立(不符合板块涨跌幅条件)
	结果：未满足，返回code：-1
===2021-08-06 15:38:13.781===
额外条件未满足


===============================================

==============2021-08-06 15:38:32==============
===6开始执行条件2021-08-06 15:38:31.451===
===开始判断价格条件2021-08-06 15:38:31.451===
===开始判断额外/转自动条件2021-08-06 15:38:31.587===
===2021-08-06 15:38:31.646===
股票：002899指定时间段判断-额外参数：
	分组名称：1
	走势名称：时间段
		条件不成立(当前时间：2021-08-06 15:38:31.451,条件时段：09:30:00-13:00:00)
	结果：未满足
===2021-08-06 15:38:31.646===
===2021-08-06 15:38:31.666===
股票：002899板块涨跌幅判断-额外参数：
	分组名称：1
	走势名称：发
		条件不成立(不符合板块涨跌幅条件)
	结果：未满足，返回code：-1
===2021-08-06 15:38:32.054===
额外条件未满足


===============================================

==============2021-08-06 17:04:38==============
===6开始执行条件2021-08-06 17:04:35.927===
===开始判断价格条件2021-08-06 17:04:35.927===
===开始判断额外/转自动条件2021-08-06 17:04:36.455===
===2021-08-06 17:04:37.074===
股票：002899指定时间段判断-额外参数：
	分组名称：1
	走势名称：时间段
		条件不成立(当前时间：2021-08-06 17:04:35.927,条件时段：09:30:00-13:00:00)
	结果：未满足
===2021-08-06 17:04:37.074===
===2021-08-06 17:04:37.501===
股票：002899板块涨跌幅判断-额外参数：
	分组名称：1
	走势名称：发
		条件不成立(不符合板块涨跌幅条件)
	结果：未满足，返回code：-1
===2021-08-06 17:04:38.890===
额外条件未满足


===============================================

==============2021-08-06 17:04:48==============
===6开始执行条件2021-08-06 17:04:47.885===
===开始判断价格条件2021-08-06 17:04:47.885===
===开始判断额外/转自动条件2021-08-06 17:04:48.094===
===2021-08-06 17:04:48.206===
股票：002899指定时间段判断-额外参数：
	分组名称：1
	走势名称：时间段
		条件不成立(当前时间：2021-08-06 17:04:47.866,条件时段：09:30:00-13:00:00)
	结果：未满足
===2021-08-06 17:04:48.206===
===2021-08-06 17:04:48.266===
股票：002899板块涨跌幅判断-额外参数：
	分组名称：1
	走势名称：发
		条件不成立(不符合板块涨跌幅条件)
	结果：未满足，返回code：-1
===2021-08-06 17:04:48.734===
额外条件未满足


===============================================

==============2021-08-06 17:05:12==============
===6开始执行条件2021-08-06 17:05:09.428===
===开始判断价格条件2021-08-06 17:05:09.428===
===开始判断额外/转自动条件2021-08-06 17:05:10.299===
===2021-08-06 17:05:10.727===
股票：002899指定时间段判断-额外参数：
	分组名称：1
	走势名称：时间段
		条件不成立(当前时间：2021-08-06 17:05:09.428,条件时段：09:30:00-13:00:00)
	结果：未满足
===2021-08-06 17:05:10.727===
===2021-08-06 17:05:10.821===
股票：002899板块涨跌幅判断-额外参数：
	分组名称：1
	走势名称：发
		条件不成立(不符合板块涨跌幅条件)
	结果：未满足，返回code：-1
===2021-08-06 17:05:12.263===
额外条件未满足


===============================================

==============2021-08-06 17:05:28==============
===6开始执行条件2021-08-06 17:05:26.287===
===开始判断价格条件2021-08-06 17:05:26.287===
===开始判断额外/转自动条件2021-08-06 17:05:27.167===
===2021-08-06 17:05:27.467===
股票：002899指定时间段判断-额外参数：
	分组名称：1
	走势名称：时间段
		条件不成立(当前时间：2021-08-06 17:05:26.287,条件时段：09:30:00-13:00:00)
	结果：未满足
===2021-08-06 17:05:27.468===
===2021-08-06 17:05:27.533===
股票：002899板块涨跌幅判断-额外参数：
	分组名称：1
	走势名称：发
		条件不成立(不符合板块涨跌幅条件)
	结果：未满足，返回code：-1
===2021-08-06 17:05:28.369===
额外条件未满足


===============================================

==============2021-08-06 17:05:49==============
===6开始执行条件2021-08-06 17:05:46.753===
===开始判断价格条件2021-08-06 17:05:46.753===
===开始判断额外/转自动条件2021-08-06 17:05:47.188===
===2021-08-06 17:05:47.750===
股票：002899指定时间段判断-额外参数：
	分组名称：1
	走势名称：时间段
		条件不成立(当前时间：2021-08-06 17:05:46.753,条件时段：09:30:00-13:00:00)
	结果：未满足
===2021-08-06 17:05:47.750===
===2021-08-06 17:05:47.829===
股票：002899板块涨跌幅判断-额外参数：
	分组名称：1
	走势名称：发
		条件不成立(不符合板块涨跌幅条件)
	结果：未满足，返回code：-1
===2021-08-06 17:05:49.651===
额外条件未满足


===============================================

==============2021-08-06 17:06:15==============
===6开始执行条件2021-08-06 17:06:09.002===
===开始判断价格条件2021-08-06 17:06:09.002===
===开始判断额外/转自动条件2021-08-06 17:06:10.274===
===2021-08-06 17:06:11.238===
股票：002899指定时间段判断-额外参数：
	分组名称：1
	走势名称：时间段
		条件不成立(当前时间：2021-08-06 17:06:09.002,条件时段：09:30:00-13:00:00)
	结果：未满足
===2021-08-06 17:06:11.238===
===2021-08-06 17:06:11.509===
股票：002899板块涨跌幅判断-额外参数：
	分组名称：1
	走势名称：发
		条件不成立(不符合板块涨跌幅条件)
	结果：未满足，返回code：-1
===2021-08-06 17:06:15.244===
额外条件未满足


===============================================

==============2021-08-06 17:06:37==============
===6开始执行条件2021-08-06 17:06:31.817===
===开始判断价格条件2021-08-06 17:06:31.817===
===开始判断额外/转自动条件2021-08-06 17:06:33.074===
===2021-08-06 17:06:33.660===
股票：002899指定时间段判断-额外参数：
	分组名称：1
	走势名称：时间段
		条件不成立(当前时间：2021-08-06 17:06:31.816,条件时段：09:30:00-13:00:00)
	结果：未满足
===2021-08-06 17:06:33.660===
===2021-08-06 17:06:33.888===
股票：002899板块涨跌幅判断-额外参数：
	分组名称：1
	走势名称：发
		条件不成立(不符合板块涨跌幅条件)
	结果：未满足，返回code：-1
===2021-08-06 17:06:37.696===
额外条件未满足


===============================================

==============2021-08-06 17:06:57==============
===6开始执行条件2021-08-06 17:06:54.754===
===开始判断价格条件2021-08-06 17:06:54.754===
===开始判断额外/转自动条件2021-08-06 17:06:55.095===
===2021-08-06 17:06:55.313===
股票：002899指定时间段判断-额外参数：
	分组名称：1
	走势名称：时间段
		条件不成立(当前时间：2021-08-06 17:06:54.754,条件时段：09:30:00-13:00:00)
	结果：未满足
===2021-08-06 17:06:55.313===
===2021-08-06 17:06:55.488===
股票：002899板块涨跌幅判断-额外参数：
	分组名称：1
	走势名称：发
		条件不成立(不符合板块涨跌幅条件)
	结果：未满足，返回code：-1
===2021-08-06 17:06:57.209===
额外条件未满足


===============================================

==============2021-08-06 17:07:15==============
===6开始执行条件2021-08-06 17:07:14.189===
===开始判断价格条件2021-08-06 17:07:14.189===
===开始判断额外/转自动条件2021-08-06 17:07:14.406===
===2021-08-06 17:07:14.540===
股票：002899指定时间段判断-额外参数：
	分组名称：1
	走势名称：时间段
		条件不成立(当前时间：2021-08-06 17:07:14.189,条件时段：09:30:00-13:00:00)
	结果：未满足
===2021-08-06 17:07:14.540===
===2021-08-06 17:07:14.709===
股票：002899板块涨跌幅判断-额外参数：
	分组名称：1
	走势名称：发
		条件不成立(不符合板块涨跌幅条件)
	结果：未满足，返回code：-1
===2021-08-06 17:07:15.612===
额外条件未满足


===============================================

==============2021-08-06 17:07:43==============
===6开始执行条件2021-08-06 17:07:35.609===
===开始判断价格条件2021-08-06 17:07:35.609===
===开始判断额外/转自动条件2021-08-06 17:07:38.395===
===2021-08-06 17:07:39.304===
股票：002899指定时间段判断-额外参数：
	分组名称：1
	走势名称：时间段
		条件不成立(当前时间：2021-08-06 17:07:35.609,条件时段：09:30:00-13:00:00)
	结果：未满足
===2021-08-06 17:07:39.304===
===2021-08-06 17:07:39.690===
股票：002899板块涨跌幅判断-额外参数：
	分组名称：1
	走势名称：发
		条件不成立(不符合板块涨跌幅条件)
	结果：未满足，返回code：-1
===2021-08-06 17:07:43.011===
额外条件未满足


===============================================

==============2021-08-06 17:08:07==============
===6开始执行条件2021-08-06 17:08:01.435===
===开始判断价格条件2021-08-06 17:08:01.435===
===开始判断额外/转自动条件2021-08-06 17:08:02.213===
===2021-08-06 17:08:03.351===
股票：002899指定时间段判断-额外参数：
	分组名称：1
	走势名称：时间段
		条件不成立(当前时间：2021-08-06 17:08:01.433,条件时段：09:30:00-13:00:00)
	结果：未满足
===2021-08-06 17:08:03.351===
===2021-08-06 17:08:03.665===
股票：002899板块涨跌幅判断-额外参数：
	分组名称：1
	走势名称：发
		条件不成立(不符合板块涨跌幅条件)
	结果：未满足，返回code：-1
===2021-08-06 17:08:07.233===
额外条件未满足


===============================================

==============2021-08-06 17:08:27==============
===6开始执行条件2021-08-06 17:08:22.895===
===开始判断价格条件2021-08-06 17:08:22.895===
===开始判断额外/转自动条件2021-08-06 17:08:24.235===
===2021-08-06 17:08:24.797===
股票：002899指定时间段判断-额外参数：
	分组名称：1
	走势名称：时间段
		条件不成立(当前时间：2021-08-06 17:08:22.895,条件时段：09:30:00-13:00:00)
	结果：未满足
===2021-08-06 17:08:24.797===
===2021-08-06 17:08:24.966===
股票：002899板块涨跌幅判断-额外参数：
	分组名称：1
	走势名称：发
		条件不成立(不符合板块涨跌幅条件)
	结果：未满足，返回code：-1
===2021-08-06 17:08:27.637===
额外条件未满足


===============================================

==============2021-08-06 17:10:14==============
===6开始执行条件2021-08-06 17:10:13.991===
===开始判断价格条件2021-08-06 17:10:13.991===
===开始判断额外/转自动条件2021-08-06 17:10:14.361===
===2021-08-06 17:10:14.553===
股票：002899指定时间段判断-额外参数：
	分组名称：1
	走势名称：时间段
		条件不成立(当前时间：2021-08-06 17:10:13.990,条件时段：09:30:00-13:00:00)
	结果：未满足
===2021-08-06 17:10:14.553===
===2021-08-06 17:10:14.620===
股票：002899板块涨跌幅判断-额外参数：
	分组名称：1
	走势名称：发
		条件不成立(不符合板块涨跌幅条件)
	结果：未满足，返回code：-1
===2021-08-06 17:10:14.965===
额外条件未满足


===============================================

==============2021-08-06 17:10:31==============
===6开始执行条件2021-08-06 17:10:30.715===
===开始判断价格条件2021-08-06 17:10:30.715===
===开始判断额外/转自动条件2021-08-06 17:10:30.828===
===2021-08-06 17:10:30.889===
股票：002899指定时间段判断-额外参数：
	分组名称：1
	走势名称：时间段
		条件不成立(当前时间：2021-08-06 17:10:30.715,条件时段：09:30:00-13:00:00)
	结果：未满足
===2021-08-06 17:10:30.889===
===2021-08-06 17:10:30.911===
股票：002899板块涨跌幅判断-额外参数：
	分组名称：1
	走势名称：发
		条件不成立(不符合板块涨跌幅条件)
	结果：未满足，返回code：-1
===2021-08-06 17:10:31.725===
额外条件未满足


===============================================

==============2021-08-06 17:10:52==============
===6开始执行条件2021-08-06 17:10:49.824===
===开始判断价格条件2021-08-06 17:10:49.824===
===开始判断额外/转自动条件2021-08-06 17:10:50.581===
===2021-08-06 17:10:50.894===
股票：002899指定时间段判断-额外参数：
	分组名称：1
	走势名称：时间段
		条件不成立(当前时间：2021-08-06 17:10:49.824,条件时段：09:30:00-13:00:00)
	结果：未满足
===2021-08-06 17:10:50.894===
===2021-08-06 17:10:51.130===
股票：002899板块涨跌幅判断-额外参数：
	分组名称：1
	走势名称：发
		条件不成立(不符合板块涨跌幅条件)
	结果：未满足，返回code：-1
===2021-08-06 17:10:52.114===
额外条件未满足


===============================================

==============2021-08-06 17:11:14==============
===6开始执行条件2021-08-06 17:11:10.789===
===开始判断价格条件2021-08-06 17:11:10.789===
===开始判断额外/转自动条件2021-08-06 17:11:11.737===
===2021-08-06 17:11:12.571===
股票：002899指定时间段判断-额外参数：
	分组名称：1
	走势名称：时间段
		条件不成立(当前时间：2021-08-06 17:11:10.788,条件时段：09:30:00-13:00:00)
	结果：未满足
===2021-08-06 17:11:12.571===
===2021-08-06 17:11:13.201===
股票：002899板块涨跌幅判断-额外参数：
	分组名称：1
	走势名称：发
		条件不成立(不符合板块涨跌幅条件)
	结果：未满足，返回code：-1
===2021-08-06 17:11:14.481===
额外条件未满足


===============================================

==============2021-08-06 17:11:35==============
===6开始执行条件2021-08-06 17:11:32.033===
===开始判断价格条件2021-08-06 17:11:32.033===
===开始判断额外/转自动条件2021-08-06 17:11:32.879===
===2021-08-06 17:11:33.163===
股票：002899指定时间段判断-额外参数：
	分组名称：1
	走势名称：时间段
		条件不成立(当前时间：2021-08-06 17:11:32.033,条件时段：09:30:00-13:00:00)
	结果：未满足
===2021-08-06 17:11:33.163===
===2021-08-06 17:11:33.244===
股票：002899板块涨跌幅判断-额外参数：
	分组名称：1
	走势名称：发
		条件不成立(不符合板块涨跌幅条件)
	结果：未满足，返回code：-1
===2021-08-06 17:11:35.120===
额外条件未满足


===============================================

==============2021-08-06 17:11:57==============
===6开始执行条件2021-08-06 17:11:55.793===
===开始判断价格条件2021-08-06 17:11:55.793===
===开始判断额外/转自动条件2021-08-06 17:11:56.331===
===2021-08-06 17:11:56.491===
股票：002899指定时间段判断-额外参数：
	分组名称：1
	走势名称：时间段
		条件不成立(当前时间：2021-08-06 17:11:55.793,条件时段：09:30:00-13:00:00)
	结果：未满足
===2021-08-06 17:11:56.491===
===2021-08-06 17:11:56.601===
股票：002899板块涨跌幅判断-额外参数：
	分组名称：1
	走势名称：发
		条件不成立(不符合板块涨跌幅条件)
	结果：未满足，返回code：-1
===2021-08-06 17:11:57.570===
额外条件未满足


===============================================

==============2021-08-06 17:12:19==============
===6开始执行条件2021-08-06 17:12:15.204===
===开始判断价格条件2021-08-06 17:12:15.204===
===开始判断额外/转自动条件2021-08-06 17:12:16.317===
===2021-08-06 17:12:17.026===
股票：002899指定时间段判断-额外参数：
	分组名称：1
	走势名称：时间段
		条件不成立(当前时间：2021-08-06 17:12:15.203,条件时段：09:30:00-13:00:00)
	结果：未满足
===2021-08-06 17:12:17.026===
===2021-08-06 17:12:17.125===
股票：002899板块涨跌幅判断-额外参数：
	分组名称：1
	走势名称：发
		条件不成立(不符合板块涨跌幅条件)
	结果：未满足，返回code：-1
===2021-08-06 17:12:19.000===
额外条件未满足


===============================================

