==============2021-05-26 15:50:18==============
===开始判断价格条件2021-05-26 15:48:18.366===
===开始判断额外/转自动条件2021-05-26 15:48:18.598===
===2021-05-26 15:48:18.644===
股票：601377按当前价格判断-额外参数：
	分组名称：测试
	走势名称：按当前价格
	结果：未满足，返回code：-1
===2021-05-26 15:50:18.239===
额外条件未满足


===============================================

==============2021-05-26 15:58:27==============
===开始判断价格条件2021-05-26 15:53:19.728===
===开始判断额外/转自动条件2021-05-26 15:53:19.926===
===2021-05-26 15:53:20.006===
股票：601377按当前价格判断-额外参数：
	分组名称：测试
	走势名称：按当前价格
	结果：未满足，返回code：-1
===2021-05-26 15:58:27.320===
额外条件未满足


===============================================

==============2021-05-26 15:58:42==============
===开始判断价格条件2021-05-26 15:58:29.233===
===开始判断额外/转自动条件2021-05-26 15:58:29.293===
===2021-05-26 15:58:29.342===
股票：601377按当前价格判断-额外参数：
	分组名称：测试
	走势名称：按当前价格
	结果：未满足，返回code：-1
===2021-05-26 15:58:42.006===
额外条件未满足


===============================================

==============2021-05-26 15:59:06==============
===开始判断价格条件2021-05-26 15:58:43.286===
===开始判断额外/转自动条件2021-05-26 15:58:43.425===
===2021-05-26 15:58:43.482===
股票：601377按当前价格判断-额外参数：
	分组名称：测试
	走势名称：按当前价格
	结果：达到要求
===2021-05-26 15:59:06.730===
满足所有条件，可以触发


===============================================

==============2021-05-26 15:59:51==============
===开始判断价格条件2021-05-26 15:59:45.505===
===开始判断额外/转自动条件2021-05-26 15:59:45.668===
===2021-05-26 15:59:45.710===
股票：601377按当前价格判断-额外参数：
	分组名称：测试
	走势名称：按当前价格
	结果：未满足，返回code：-1
===2021-05-26 15:59:51.453===
额外条件未满足


===============================================

==============2021-05-26 16:00:02==============
===开始判断价格条件2021-05-26 15:59:52.613===
===开始判断额外/转自动条件2021-05-26 15:59:52.672===
===2021-05-26 15:59:52.709===
股票：601377按当前价格判断-额外参数：
	分组名称：测试
	走势名称：按当前价格
	结果：未满足，返回code：-1
===2021-05-26 16:00:02.022===
额外条件未满足


===============================================

==============2021-05-26 16:00:10==============
===开始判断价格条件2021-05-26 16:00:03.738===
===开始判断额外/转自动条件2021-05-26 16:00:03.999===
===2021-05-26 16:00:04.280===
股票：601377按当前价格判断-额外参数：
	分组名称：测试
	走势名称：按当前价格
	结果：未满足，返回code：-1
===2021-05-26 16:00:10.254===
额外条件未满足


===============================================

==============2021-05-26 16:00:27==============
===开始判断价格条件2021-05-26 16:00:11.385===
===开始判断额外/转自动条件2021-05-26 16:00:11.464===
===2021-05-26 16:00:11.504===
股票：601377按当前价格判断-额外参数：
	分组名称：测试
	走势名称：按当前价格
	结果：未满足，返回code：-1
===2021-05-26 16:00:27.669===
额外条件未满足


===============================================

==============2021-05-26 16:00:36==============
===开始判断价格条件2021-05-26 16:00:28.828===
===开始判断额外/转自动条件2021-05-26 16:00:28.886===
===2021-05-26 16:00:28.926===
股票：601377按当前价格判断-额外参数：
	分组名称：测试
	走势名称：按当前价格
	结果：未满足，返回code：-1
===2021-05-26 16:00:36.285===
额外条件未满足


===============================================

==============2021-05-26 16:02:02==============
===开始判断价格条件2021-05-26 16:00:37.561===
===开始判断额外/转自动条件2021-05-26 16:00:37.628===
===2021-05-26 16:00:37.671===
股票：601377按当前价格判断-额外参数：
	分组名称：测试
	走势名称：按当前价格
	结果：未满足，返回code：-1
===2021-05-26 16:02:02.173===
额外条件未满足


===============================================

==============2021-05-26 16:10:12==============
===开始判断价格条件2021-05-26 16:06:04.582===
===开始判断额外/转自动条件2021-05-26 16:06:05.294===
===2021-05-26 16:06:05.371===
股票：601377五档变化速度判断-额外参数：
	分组名称：测试
	走势名称：
	结果：未满足，返回code：-1
===2021-05-26 16:10:12.543===
额外条件未满足


===============================================

==============2021-05-26 16:11:13==============
===开始判断价格条件2021-05-26 16:10:13.717===
===开始判断额外/转自动条件2021-05-26 16:10:13.789===
===2021-05-26 16:10:13.826===
股票：601377五档变化速度判断-额外参数：
	分组名称：测试
	走势名称：
	结果：未满足，返回code：-1
===2021-05-26 16:11:13.676===
额外条件未满足


===============================================

==============2021-05-26 16:11:28==============
===开始判断价格条件2021-05-26 16:11:14.795===
===开始判断额外/转自动条件2021-05-26 16:11:14.844===
===2021-05-26 16:11:14.879===
股票：601377五档变化速度判断-额外参数：
	分组名称：测试
	走势名称：
	结果：未满足，返回code：-1
===2021-05-26 16:11:28.189===
额外条件未满足


===============================================

==============2021-05-26 16:11:49==============
===开始判断价格条件2021-05-26 16:11:29.440===
===开始判断额外/转自动条件2021-05-26 16:11:29.502===
===2021-05-26 16:11:29.539===
股票：601377五档变化速度判断-额外参数：
	分组名称：测试
	走势名称：
	结果：未满足，返回code：-1
===2021-05-26 16:11:49.692===
额外条件未满足


===============================================

==============2021-05-26 16:21:41==============
===开始判断价格条件2021-05-26 16:21:41.500===
===开始判断额外/转自动条件2021-05-26 16:21:41.801===
额外条件未满足


===============================================

==============2021-05-26 16:22:09==============
===开始判断价格条件2021-05-26 16:22:09.355===
===开始判断额外/转自动条件2021-05-26 16:22:09.416===
额外条件未满足


===============================================

==============2021-05-26 16:22:38==============
===开始判断价格条件2021-05-26 16:22:37.981===
===开始判断额外/转自动条件2021-05-26 16:22:38.150===
额外条件未满足


===============================================

==============2021-05-26 16:22:49==============
===开始判断价格条件2021-05-26 16:22:48.617===
===开始判断额外/转自动条件2021-05-26 16:22:49.557===
额外条件未满足


===============================================

==============2021-05-26 16:23:12==============
===开始判断价格条件2021-05-26 16:23:12.374===
===开始判断额外/转自动条件2021-05-26 16:23:12.440===
额外条件未满足


===============================================

==============2021-05-26 16:23:40==============
===开始判断价格条件2021-05-26 16:23:40.624===
===开始判断额外/转自动条件2021-05-26 16:23:40.694===
额外条件未满足


===============================================

==============2021-05-26 16:24:24==============
===开始判断价格条件2021-05-26 16:24:23.965===
===开始判断额外/转自动条件2021-05-26 16:24:24.047===
额外条件未满足


===============================================

==============2021-05-26 16:25:24==============
===开始判断价格条件2021-05-26 16:25:23.819===
===开始判断额外/转自动条件2021-05-26 16:25:24.528===
额外条件未满足


===============================================

==============2021-05-26 16:25:40==============
===开始判断价格条件2021-05-26 16:25:40.008===
===开始判断额外/转自动条件2021-05-26 16:25:40.131===
额外条件未满足


===============================================

==============2021-05-26 16:25:53==============
===开始判断价格条件2021-05-26 16:25:52.508===
===开始判断额外/转自动条件2021-05-26 16:25:53.796===
额外条件未满足


===============================================

==============2021-05-26 16:26:05==============
===开始判断价格条件2021-05-26 16:26:05.199===
===开始判断额外/转自动条件2021-05-26 16:26:05.335===
额外条件未满足


===============================================

==============2021-05-26 16:26:16==============
===开始判断价格条件2021-05-26 16:26:16.518===
===开始判断额外/转自动条件2021-05-26 16:26:16.598===
额外条件未满足


===============================================

==============2021-05-26 16:27:48==============
===开始判断价格条件2021-05-26 16:27:47.455===
===开始判断额外/转自动条件2021-05-26 16:27:48.690===
额外条件未满足


===============================================

==============2021-05-26 16:27:51==============
===开始判断价格条件2021-05-26 16:27:50.621===
===开始判断额外/转自动条件2021-05-26 16:27:51.140===
额外条件未满足


===============================================

==============2021-05-26 16:27:52==============
===开始判断价格条件2021-05-26 16:27:52.530===
===开始判断额外/转自动条件2021-05-26 16:27:52.610===
额外条件未满足


===============================================

==============2021-05-26 16:27:54==============
===开始判断价格条件2021-05-26 16:27:53.874===
===开始判断额外/转自动条件2021-05-26 16:27:54.042===
额外条件未满足


===============================================

==============2021-05-26 16:27:55==============
===开始判断价格条件2021-05-26 16:27:55.424===
===开始判断额外/转自动条件2021-05-26 16:27:55.838===
额外条件未满足


===============================================

==============2021-05-26 16:28:06==============
===开始判断价格条件2021-05-26 16:28:06.642===
===开始判断额外/转自动条件2021-05-26 16:28:06.738===
额外条件未满足


===============================================

==============2021-05-26 16:28:50==============
===开始判断价格条件2021-05-26 16:28:50.492===
===开始判断额外/转自动条件2021-05-26 16:28:50.598===
额外条件未满足


===============================================

==============2021-05-26 16:31:18==============
===开始判断价格条件2021-05-26 16:31:18.765===
===开始判断额外/转自动条件2021-05-26 16:31:18.889===
额外条件未满足


===============================================

==============2021-05-26 16:31:31==============
===开始判断价格条件2021-05-26 16:31:31.115===
===开始判断额外/转自动条件2021-05-26 16:31:31.173===
额外条件未满足


===============================================

==============2021-05-26 16:32:23==============
===开始判断价格条件2021-05-26 16:31:54.476===
===开始判断额外/转自动条件2021-05-26 16:32:23.370===
额外条件未满足


===============================================

==============2021-05-26 16:32:25==============
===开始判断价格条件2021-05-26 16:32:24.842===
===开始判断额外/转自动条件2021-05-26 16:32:25.033===
额外条件未满足


===============================================

==============2021-05-26 16:34:07==============
===开始判断价格条件2021-05-26 16:34:07.557===
===开始判断额外/转自动条件2021-05-26 16:34:07.896===
额外条件未满足


===============================================

==============2021-05-26 16:34:11==============
===开始判断价格条件2021-05-26 16:34:11.614===
===开始判断额外/转自动条件2021-05-26 16:34:11.666===
额外条件未满足


===============================================

==============2021-05-26 16:34:14==============
===开始判断价格条件2021-05-26 16:34:13.869===
===开始判断额外/转自动条件2021-05-26 16:34:13.974===
额外条件未满足


===============================================

==============2021-05-26 16:34:15==============
===开始判断价格条件2021-05-26 16:34:15.177===
===开始判断额外/转自动条件2021-05-26 16:34:15.267===
额外条件未满足


===============================================

==============2021-05-26 16:34:16==============
===开始判断价格条件2021-05-26 16:34:16.842===
===开始判断额外/转自动条件2021-05-26 16:34:16.899===
额外条件未满足


===============================================

==============2021-05-26 16:34:18==============
===开始判断价格条件2021-05-26 16:34:18.082===
===开始判断额外/转自动条件2021-05-26 16:34:18.141===
额外条件未满足


===============================================

==============2021-05-26 16:34:19==============
===开始判断价格条件2021-05-26 16:34:19.298===
===开始判断额外/转自动条件2021-05-26 16:34:19.354===
额外条件未满足


===============================================

==============2021-05-26 16:34:20==============
===开始判断价格条件2021-05-26 16:34:20.797===
===开始判断额外/转自动条件2021-05-26 16:34:20.914===
额外条件未满足


===============================================

==============2021-05-26 16:34:22==============
===开始判断价格条件2021-05-26 16:34:22.688===
===开始判断额外/转自动条件2021-05-26 16:34:22.757===
额外条件未满足


===============================================

==============2021-05-26 16:34:24==============
===开始判断价格条件2021-05-26 16:34:24.633===
===开始判断额外/转自动条件2021-05-26 16:34:24.701===
额外条件未满足


===============================================

==============2021-05-26 16:34:25==============
===开始判断价格条件2021-05-26 16:34:25.844===
===开始判断额外/转自动条件2021-05-26 16:34:25.904===
额外条件未满足


===============================================

==============2021-05-26 16:34:27==============
===开始判断价格条件2021-05-26 16:34:27.404===
===开始判断额外/转自动条件2021-05-26 16:34:27.507===
额外条件未满足


===============================================

==============2021-05-26 16:34:28==============
===开始判断价格条件2021-05-26 16:34:28.705===
===开始判断额外/转自动条件2021-05-26 16:34:28.879===
额外条件未满足


===============================================

==============2021-05-26 16:34:31==============
===开始判断价格条件2021-05-26 16:34:30.383===
===开始判断额外/转自动条件2021-05-26 16:34:30.519===
额外条件未满足


===============================================

==============2021-05-26 16:34:32==============
===开始判断价格条件2021-05-26 16:34:32.191===
===开始判断额外/转自动条件2021-05-26 16:34:32.289===
额外条件未满足


===============================================

==============2021-05-26 16:34:33==============
===开始判断价格条件2021-05-26 16:34:33.469===
===开始判断额外/转自动条件2021-05-26 16:34:33.524===
额外条件未满足


===============================================

==============2021-05-26 16:34:34==============
===开始判断价格条件2021-05-26 16:34:34.702===
===开始判断额外/转自动条件2021-05-26 16:34:34.771===
额外条件未满足


===============================================

==============2021-05-26 16:34:36==============
===开始判断价格条件2021-05-26 16:34:36.129===
===开始判断额外/转自动条件2021-05-26 16:34:36.192===
额外条件未满足


===============================================

==============2021-05-26 16:34:39==============
===开始判断价格条件2021-05-26 16:34:38.641===
===开始判断额外/转自动条件2021-05-26 16:34:39.205===
额外条件未满足


===============================================

==============2021-05-26 16:34:40==============
===开始判断价格条件2021-05-26 16:34:40.373===
===开始判断额外/转自动条件2021-05-26 16:34:40.441===
额外条件未满足


===============================================

==============2021-05-26 16:34:42==============
===开始判断价格条件2021-05-26 16:34:42.043===
===开始判断额外/转自动条件2021-05-26 16:34:42.129===
额外条件未满足


===============================================

==============2021-05-26 16:34:43==============
===开始判断价格条件2021-05-26 16:34:43.357===
===开始判断额外/转自动条件2021-05-26 16:34:43.493===
额外条件未满足


===============================================

==============2021-05-26 16:34:44==============
===开始判断价格条件2021-05-26 16:34:44.632===
===开始判断额外/转自动条件2021-05-26 16:34:44.687===
额外条件未满足


===============================================

==============2021-05-26 16:34:46==============
===开始判断价格条件2021-05-26 16:34:45.975===
===开始判断额外/转自动条件2021-05-26 16:34:46.036===
额外条件未满足


===============================================

==============2021-05-26 16:34:47==============
===开始判断价格条件2021-05-26 16:34:47.169===
===开始判断额外/转自动条件2021-05-26 16:34:47.225===
额外条件未满足


===============================================

==============2021-05-26 16:34:48==============
===开始判断价格条件2021-05-26 16:34:48.392===
===开始判断额外/转自动条件2021-05-26 16:34:48.449===
额外条件未满足


===============================================

==============2021-05-26 16:34:49==============
===开始判断价格条件2021-05-26 16:34:49.621===
===开始判断额外/转自动条件2021-05-26 16:34:49.690===
额外条件未满足


===============================================

==============2021-05-26 16:34:52==============
===开始判断价格条件2021-05-26 16:34:51.915===
===开始判断额外/转自动条件2021-05-26 16:34:52.215===
额外条件未满足


===============================================

==============2021-05-26 16:34:54==============
===开始判断价格条件2021-05-26 16:34:54.440===
===开始判断额外/转自动条件2021-05-26 16:34:54.539===
额外条件未满足


===============================================

==============2021-05-26 16:34:55==============
===开始判断价格条件2021-05-26 16:34:55.898===
===开始判断额外/转自动条件2021-05-26 16:34:55.945===
额外条件未满足


===============================================

==============2021-05-26 16:34:59==============
===开始判断价格条件2021-05-26 16:34:58.963===
===开始判断额外/转自动条件2021-05-26 16:34:59.055===
额外条件未满足


===============================================

==============2021-05-26 16:35:00==============
===开始判断价格条件2021-05-26 16:35:00.324===
===开始判断额外/转自动条件2021-05-26 16:35:00.444===
额外条件未满足


===============================================

==============2021-05-26 16:35:01==============
===开始判断价格条件2021-05-26 16:35:01.605===
===开始判断额外/转自动条件2021-05-26 16:35:01.672===
额外条件未满足


===============================================

==============2021-05-26 16:35:02==============
===开始判断价格条件2021-05-26 16:35:02.836===
===开始判断额外/转自动条件2021-05-26 16:35:02.903===
额外条件未满足


===============================================

==============2021-05-26 16:35:04==============
===开始判断价格条件2021-05-26 16:35:04.095===
===开始判断额外/转自动条件2021-05-26 16:35:04.168===
额外条件未满足


===============================================

==============2021-05-26 16:35:05==============
===开始判断价格条件2021-05-26 16:35:05.349===
===开始判断额外/转自动条件2021-05-26 16:35:05.424===
额外条件未满足


===============================================

==============2021-05-26 16:35:07==============
===开始判断价格条件2021-05-26 16:35:07.653===
===开始判断额外/转自动条件2021-05-26 16:35:07.954===
额外条件未满足


===============================================

==============2021-05-26 16:35:09==============
===开始判断价格条件2021-05-26 16:35:09.116===
===开始判断额外/转自动条件2021-05-26 16:35:09.171===
额外条件未满足


===============================================

==============2021-05-26 16:35:10==============
===开始判断价格条件2021-05-26 16:35:10.295===
===开始判断额外/转自动条件2021-05-26 16:35:10.353===
额外条件未满足


===============================================

==============2021-05-26 16:35:12==============
===开始判断价格条件2021-05-26 16:35:11.837===
===开始判断额外/转自动条件2021-05-26 16:35:12.128===
额外条件未满足


===============================================

==============2021-05-26 16:35:13==============
===开始判断价格条件2021-05-26 16:35:13.265===
===开始判断额外/转自动条件2021-05-26 16:35:13.331===
额外条件未满足


===============================================

==============2021-05-26 16:35:14==============
===开始判断价格条件2021-05-26 16:35:14.491===
===开始判断额外/转自动条件2021-05-26 16:35:14.544===
额外条件未满足


===============================================

==============2021-05-26 16:35:15==============
===开始判断价格条件2021-05-26 16:35:15.698===
===开始判断额外/转自动条件2021-05-26 16:35:15.785===
额外条件未满足


===============================================

==============2021-05-26 16:35:18==============
===开始判断价格条件2021-05-26 16:35:17.374===
===开始判断额外/转自动条件2021-05-26 16:35:18.067===
额外条件未满足


===============================================

==============2021-05-26 16:35:21==============
===开始判断价格条件2021-05-26 16:35:21.417===
===开始判断额外/转自动条件2021-05-26 16:35:21.532===
额外条件未满足


===============================================

==============2021-05-26 16:35:22==============
===开始判断价格条件2021-05-26 16:35:22.678===
===开始判断额外/转自动条件2021-05-26 16:35:22.742===
额外条件未满足


===============================================

==============2021-05-26 16:35:24==============
===开始判断价格条件2021-05-26 16:35:24.359===
===开始判断额外/转自动条件2021-05-26 16:35:24.440===
额外条件未满足


===============================================

==============2021-05-26 16:35:25==============
===开始判断价格条件2021-05-26 16:35:25.607===
===开始判断额外/转自动条件2021-05-26 16:35:25.695===
额外条件未满足


===============================================

==============2021-05-26 16:35:30==============
===开始判断价格条件2021-05-26 16:35:29.931===
===开始判断额外/转自动条件2021-05-26 16:35:30.035===
额外条件未满足


===============================================

==============2021-05-26 16:35:31==============
===开始判断价格条件2021-05-26 16:35:31.355===
===开始判断额外/转自动条件2021-05-26 16:35:31.563===
额外条件未满足


===============================================

==============2021-05-26 16:35:33==============
===开始判断价格条件2021-05-26 16:35:33.158===
===开始判断额外/转自动条件2021-05-26 16:35:33.283===
额外条件未满足


===============================================

==============2021-05-26 16:35:34==============
===开始判断价格条件2021-05-26 16:35:34.457===
===开始判断额外/转自动条件2021-05-26 16:35:34.531===
额外条件未满足


===============================================

==============2021-05-26 16:35:36==============
===开始判断价格条件2021-05-26 16:35:36.323===
===开始判断额外/转自动条件2021-05-26 16:35:36.436===
额外条件未满足


===============================================

==============2021-05-26 16:35:37==============
===开始判断价格条件2021-05-26 16:35:37.671===
===开始判断额外/转自动条件2021-05-26 16:35:37.777===
额外条件未满足


===============================================

==============2021-05-26 16:35:39==============
===开始判断价格条件2021-05-26 16:35:38.928===
===开始判断额外/转自动条件2021-05-26 16:35:39.006===
额外条件未满足


===============================================

==============2021-05-26 16:35:40==============
===开始判断价格条件2021-05-26 16:35:40.167===
===开始判断额外/转自动条件2021-05-26 16:35:40.298===
额外条件未满足


===============================================

==============2021-05-26 16:35:41==============
===开始判断价格条件2021-05-26 16:35:41.459===
===开始判断额外/转自动条件2021-05-26 16:35:41.522===
额外条件未满足


===============================================

==============2021-05-26 16:35:42==============
===开始判断价格条件2021-05-26 16:35:42.687===
===开始判断额外/转自动条件2021-05-26 16:35:42.762===
额外条件未满足


===============================================

==============2021-05-26 16:35:44==============
===开始判断价格条件2021-05-26 16:35:43.914===
===开始判断额外/转自动条件2021-05-26 16:35:43.982===
额外条件未满足


===============================================

==============2021-05-26 16:35:46==============
===开始判断价格条件2021-05-26 16:35:46.136===
===开始判断额外/转自动条件2021-05-26 16:35:46.416===
额外条件未满足


===============================================

==============2021-05-26 16:35:48==============
===开始判断价格条件2021-05-26 16:35:48.483===
===开始判断额外/转自动条件2021-05-26 16:35:48.865===
额外条件未满足


===============================================

==============2021-05-26 16:35:50==============
===开始判断价格条件2021-05-26 16:35:50.044===
===开始判断额外/转自动条件2021-05-26 16:35:50.110===
额外条件未满足


===============================================

==============2021-05-26 16:35:52==============
===开始判断价格条件2021-05-26 16:35:52.118===
===开始判断额外/转自动条件2021-05-26 16:35:52.184===
额外条件未满足


===============================================

==============2021-05-26 16:35:53==============
===开始判断价格条件2021-05-26 16:35:53.365===
===开始判断额外/转自动条件2021-05-26 16:35:53.473===
额外条件未满足


===============================================

==============2021-05-26 16:35:54==============
===开始判断价格条件2021-05-26 16:35:54.757===
===开始判断额外/转自动条件2021-05-26 16:35:54.829===
额外条件未满足


===============================================

==============2021-05-26 16:35:56==============
===开始判断价格条件2021-05-26 16:35:55.989===
===开始判断额外/转自动条件2021-05-26 16:35:56.049===
额外条件未满足


===============================================

==============2021-05-26 16:35:57==============
===开始判断价格条件2021-05-26 16:35:57.197===
===开始判断额外/转自动条件2021-05-26 16:35:57.276===
额外条件未满足


===============================================

==============2021-05-26 16:35:58==============
===开始判断价格条件2021-05-26 16:35:58.415===
===开始判断额外/转自动条件2021-05-26 16:35:58.485===
额外条件未满足


===============================================

==============2021-05-26 16:36:01==============
===开始判断价格条件2021-05-26 16:36:00.097===
===开始判断额外/转自动条件2021-05-26 16:36:00.864===
额外条件未满足


===============================================

==============2021-05-26 16:36:02==============
===开始判断价格条件2021-05-26 16:36:02.470===
===开始判断额外/转自动条件2021-05-26 16:36:02.523===
额外条件未满足


===============================================

==============2021-05-26 16:36:04==============
===开始判断价格条件2021-05-26 16:36:04.031===
===开始判断额外/转自动条件2021-05-26 16:36:04.094===
额外条件未满足


===============================================

==============2021-05-26 16:36:05==============
===开始判断价格条件2021-05-26 16:36:05.233===
===开始判断额外/转自动条件2021-05-26 16:36:05.344===
额外条件未满足


===============================================

==============2021-05-26 16:36:06==============
===开始判断价格条件2021-05-26 16:36:06.494===
===开始判断额外/转自动条件2021-05-26 16:36:06.568===
额外条件未满足


===============================================

==============2021-05-26 16:36:07==============
===开始判断价格条件2021-05-26 16:36:07.724===
===开始判断额外/转自动条件2021-05-26 16:36:07.789===
额外条件未满足


===============================================

==============2021-05-26 16:36:11==============
===开始判断价格条件2021-05-26 16:36:10.991===
===开始判断额外/转自动条件2021-05-26 16:36:11.056===
额外条件未满足


===============================================

==============2021-05-26 16:36:12==============
===开始判断价格条件2021-05-26 16:36:12.263===
===开始判断额外/转自动条件2021-05-26 16:36:12.804===
额外条件未满足


===============================================

==============2021-05-26 16:36:14==============
===开始判断价格条件2021-05-26 16:36:14.091===
===开始判断额外/转自动条件2021-05-26 16:36:14.214===
额外条件未满足


===============================================

==============2021-05-26 16:36:16==============
===开始判断价格条件2021-05-26 16:36:16.310===
===开始判断额外/转自动条件2021-05-26 16:36:16.738===
额外条件未满足


===============================================

==============2021-05-26 16:36:18==============
===开始判断价格条件2021-05-26 16:36:17.930===
===开始判断额外/转自动条件2021-05-26 16:36:18.093===
额外条件未满足


===============================================

==============2021-05-26 16:36:19==============
===开始判断价格条件2021-05-26 16:36:19.221===
===开始判断额外/转自动条件2021-05-26 16:36:19.287===
额外条件未满足


===============================================

==============2021-05-26 16:36:20==============
===开始判断价格条件2021-05-26 16:36:20.468===
===开始判断额外/转自动条件2021-05-26 16:36:20.582===
额外条件未满足


===============================================

==============2021-05-26 16:36:21==============
===开始判断价格条件2021-05-26 16:36:21.744===
===开始判断额外/转自动条件2021-05-26 16:36:21.868===
额外条件未满足


===============================================

==============2021-05-26 16:36:23==============
===开始判断价格条件2021-05-26 16:36:23.005===
===开始判断额外/转自动条件2021-05-26 16:36:23.069===
额外条件未满足


===============================================

==============2021-05-26 16:36:24==============
===开始判断价格条件2021-05-26 16:36:24.251===
===开始判断额外/转自动条件2021-05-26 16:36:24.298===
额外条件未满足


===============================================

==============2021-05-26 16:36:25==============
===开始判断价格条件2021-05-26 16:36:25.484===
===开始判断额外/转自动条件2021-05-26 16:36:25.559===
额外条件未满足


===============================================

==============2021-05-26 16:36:28==============
===开始判断价格条件2021-05-26 16:36:27.216===
===开始判断额外/转自动条件2021-05-26 16:36:27.748===
额外条件未满足


===============================================

==============2021-05-26 16:36:30==============
===开始判断价格条件2021-05-26 16:36:30.722===
===开始判断额外/转自动条件2021-05-26 16:36:30.920===
额外条件未满足


===============================================

==============2021-05-26 16:36:32==============
===开始判断价格条件2021-05-26 16:36:32.069===
===开始判断额外/转自动条件2021-05-26 16:36:32.156===
额外条件未满足


===============================================

==============2021-05-26 16:36:35==============
===开始判断价格条件2021-05-26 16:36:35.272===
===开始判断额外/转自动条件2021-05-26 16:36:35.348===
额外条件未满足


===============================================

==============2021-05-26 16:36:36==============
===开始判断价格条件2021-05-26 16:36:36.636===
===开始判断额外/转自动条件2021-05-26 16:36:36.752===
额外条件未满足


===============================================

==============2021-05-26 16:36:38==============
===开始判断价格条件2021-05-26 16:36:38.301===
===开始判断额外/转自动条件2021-05-26 16:36:38.376===
额外条件未满足


===============================================

==============2021-05-26 16:36:39==============
===开始判断价格条件2021-05-26 16:36:39.561===
===开始判断额外/转自动条件2021-05-26 16:36:39.683===
额外条件未满足


===============================================

==============2021-05-26 16:36:40==============
===开始判断价格条件2021-05-26 16:36:40.841===
===开始判断额外/转自动条件2021-05-26 16:36:40.917===
额外条件未满足


===============================================

==============2021-05-26 16:36:42==============
===开始判断价格条件2021-05-26 16:36:42.050===
===开始判断额外/转自动条件2021-05-26 16:36:42.151===
额外条件未满足


===============================================

==============2021-05-26 16:36:44==============
===开始判断价格条件2021-05-26 16:36:44.391===
===开始判断额外/转自动条件2021-05-26 16:36:44.498===
额外条件未满足


===============================================

==============2021-05-26 16:36:45==============
===开始判断价格条件2021-05-26 16:36:45.690===
===开始判断额外/转自动条件2021-05-26 16:36:45.794===
额外条件未满足


===============================================

==============2021-05-26 16:36:47==============
===开始判断价格条件2021-05-26 16:36:47.312===
===开始判断额外/转自动条件2021-05-26 16:36:47.406===
额外条件未满足


===============================================

==============2021-05-26 16:36:48==============
===开始判断价格条件2021-05-26 16:36:48.559===
===开始判断额外/转自动条件2021-05-26 16:36:48.640===
额外条件未满足


===============================================

==============2021-05-26 16:36:49==============
===开始判断价格条件2021-05-26 16:36:49.839===
===开始判断额外/转自动条件2021-05-26 16:36:49.971===
额外条件未满足


===============================================

==============2021-05-26 16:37:02==============
===开始判断价格条件2021-05-26 16:36:52.820===
===开始判断额外/转自动条件2021-05-26 16:36:52.926===
额外条件未满足


===============================================

==============2021-05-26 16:37:13==============
===开始判断价格条件2021-05-26 16:37:04.738===
===开始判断额外/转自动条件2021-05-26 16:37:04.878===
额外条件未满足


===============================================

==============2021-05-26 16:37:14==============
===开始判断价格条件2021-05-26 16:37:14.352===
===开始判断额外/转自动条件2021-05-26 16:37:14.750===
额外条件未满足


===============================================

==============2021-05-26 16:37:16==============
===开始判断价格条件2021-05-26 16:37:15.923===
===开始判断额外/转自动条件2021-05-26 16:37:15.995===
额外条件未满足


===============================================

==============2021-05-26 16:37:17==============
===开始判断价格条件2021-05-26 16:37:17.311===
===开始判断额外/转自动条件2021-05-26 16:37:17.381===
额外条件未满足


===============================================

==============2021-05-26 16:37:18==============
===开始判断价格条件2021-05-26 16:37:18.768===
===开始判断额外/转自动条件2021-05-26 16:37:18.841===
额外条件未满足


===============================================

==============2021-05-26 16:37:20==============
===开始判断价格条件2021-05-26 16:37:20.009===
===开始判断额外/转自动条件2021-05-26 16:37:20.086===
额外条件未满足


===============================================

==============2021-05-26 16:37:21==============
===开始判断价格条件2021-05-26 16:37:21.283===
===开始判断额外/转自动条件2021-05-26 16:37:21.353===
额外条件未满足


===============================================

==============2021-05-26 16:37:24==============
===开始判断价格条件2021-05-26 16:37:23.905===
===开始判断额外/转自动条件2021-05-26 16:37:24.882===
额外条件未满足


===============================================

==============2021-05-26 16:37:26==============
===开始判断价格条件2021-05-26 16:37:26.062===
===开始判断额外/转自动条件2021-05-26 16:37:26.156===
额外条件未满足


===============================================

==============2021-05-26 16:37:27==============
===开始判断价格条件2021-05-26 16:37:27.316===
===开始判断额外/转自动条件2021-05-26 16:37:27.389===
额外条件未满足


===============================================

==============2021-05-26 16:37:28==============
===开始判断价格条件2021-05-26 16:37:28.524===
===开始判断额外/转自动条件2021-05-26 16:37:28.588===
额外条件未满足


===============================================

==============2021-05-26 16:37:29==============
===开始判断价格条件2021-05-26 16:37:29.737===
===开始判断额外/转自动条件2021-05-26 16:37:29.790===
额外条件未满足


===============================================

==============2021-05-26 16:37:31==============
===开始判断价格条件2021-05-26 16:37:30.954===
===开始判断额外/转自动条件2021-05-26 16:37:31.255===
额外条件未满足


===============================================

==============2021-05-26 16:37:35==============
===开始判断价格条件2021-05-26 16:37:35.059===
===开始判断额外/转自动条件2021-05-26 16:37:35.149===
额外条件未满足


===============================================

==============2021-05-26 16:37:36==============
===开始判断价格条件2021-05-26 16:37:36.440===
===开始判断额外/转自动条件2021-05-26 16:37:36.618===
额外条件未满足


===============================================

==============2021-05-26 16:38:04==============
===开始判断价格条件2021-05-26 16:37:42.995===
===开始判断额外/转自动条件2021-05-26 16:38:04.791===
额外条件未满足


===============================================

==============2021-05-26 16:38:08==============
===开始判断价格条件2021-05-26 16:38:08.514===
===开始判断额外/转自动条件2021-05-26 16:38:08.580===
额外条件未满足


===============================================

==============2021-05-26 16:38:09==============
===开始判断价格条件2021-05-26 16:38:09.751===
===开始判断额外/转自动条件2021-05-26 16:38:09.821===
额外条件未满足


===============================================

==============2021-05-26 16:38:12==============
===开始判断价格条件2021-05-26 16:38:10.994===
===开始判断额外/转自动条件2021-05-26 16:38:12.073===
额外条件未满足


===============================================

==============2021-05-26 16:38:14==============
===开始判断价格条件2021-05-26 16:38:14.007===
===开始判断额外/转自动条件2021-05-26 16:38:14.103===
额外条件未满足


===============================================

==============2021-05-26 16:38:16==============
===开始判断价格条件2021-05-26 16:38:15.699===
===开始判断额外/转自动条件2021-05-26 16:38:16.637===
额外条件未满足


===============================================

==============2021-05-26 16:38:52==============
===开始判断价格条件2021-05-26 16:38:18.453===
===开始判断额外/转自动条件2021-05-26 16:38:20.634===
额外条件未满足


===============================================

==============2021-05-26 16:39:01==============
===开始判断价格条件2021-05-26 16:38:53.921===
===开始判断额外/转自动条件2021-05-26 16:38:55.267===
额外条件未满足


===============================================

==============2021-05-26 16:39:52==============
===开始判断价格条件2021-05-26 16:39:02.985===
===开始判断额外/转自动条件2021-05-26 16:39:03.938===
额外条件未满足


===============================================

==============2021-05-26 16:40:26==============
===开始判断价格条件2021-05-26 16:39:55.989===
===开始判断额外/转自动条件2021-05-26 16:40:26.928===
额外条件未满足


===============================================

==============2021-05-26 16:40:31==============
===开始判断价格条件2021-05-26 16:40:30.954===
===开始判断额外/转自动条件2021-05-26 16:40:31.267===
额外条件未满足


===============================================

==============2021-05-26 16:40:32==============
===开始判断价格条件2021-05-26 16:40:32.437===
===开始判断额外/转自动条件2021-05-26 16:40:32.508===
额外条件未满足


===============================================

==============2021-05-26 16:40:33==============
===开始判断价格条件2021-05-26 16:40:33.658===
===开始判断额外/转自动条件2021-05-26 16:40:33.730===
额外条件未满足


===============================================

==============2021-05-26 16:40:35==============
===开始判断价格条件2021-05-26 16:40:35.208===
===开始判断额外/转自动条件2021-05-26 16:40:35.432===
额外条件未满足


===============================================

==============2021-05-26 16:40:36==============
===开始判断价格条件2021-05-26 16:40:36.619===
===开始判断额外/转自动条件2021-05-26 16:40:36.691===
额外条件未满足


===============================================

==============2021-05-26 16:40:37==============
===开始判断价格条件2021-05-26 16:40:37.847===
===开始判断额外/转自动条件2021-05-26 16:40:37.936===
额外条件未满足


===============================================

==============2021-05-26 16:40:39==============
===开始判断价格条件2021-05-26 16:40:39.088===
===开始判断额外/转自动条件2021-05-26 16:40:39.154===
额外条件未满足


===============================================

==============2021-05-26 16:40:41==============
===开始判断价格条件2021-05-26 16:40:40.829===
===开始判断额外/转自动条件2021-05-26 16:40:40.987===
额外条件未满足


===============================================

==============2021-05-26 16:41:21==============
===开始判断价格条件2021-05-26 16:41:13.438===
===开始判断额外/转自动条件2021-05-26 16:41:21.218===
额外条件未满足


===============================================

==============2021-05-26 16:41:23==============
===开始判断价格条件2021-05-26 16:41:22.793===
===开始判断额外/转自动条件2021-05-26 16:41:22.904===
额外条件未满足


===============================================

==============2021-05-26 16:42:09==============
===开始判断价格条件2021-05-26 16:41:44.380===
===开始判断额外/转自动条件2021-05-26 16:41:44.490===
额外条件未满足


===============================================

==============2021-05-26 16:42:10==============
===开始判断价格条件2021-05-26 16:42:10.257===
===开始判断额外/转自动条件2021-05-26 16:42:10.314===
额外条件未满足


===============================================

==============2021-05-26 16:42:22==============
===开始判断价格条件2021-05-26 16:42:22.133===
===开始判断额外/转自动条件2021-05-26 16:42:22.217===
额外条件未满足


===============================================

==============2021-05-26 16:42:32==============
===开始判断价格条件2021-05-26 16:42:32.254===
===开始判断额外/转自动条件2021-05-26 16:42:32.339===
额外条件未满足


===============================================

==============2021-05-26 16:42:48==============
===开始判断价格条件2021-05-26 16:42:48.238===
===开始判断额外/转自动条件2021-05-26 16:42:48.295===
额外条件未满足


===============================================

==============2021-05-26 16:43:04==============
===开始判断价格条件2021-05-26 16:43:04.440===
===开始判断额外/转自动条件2021-05-26 16:43:04.497===
额外条件未满足


===============================================

==============2021-05-26 16:45:17==============
===开始判断价格条件2021-05-26 16:45:17.279===
===开始判断额外/转自动条件2021-05-26 16:45:17.326===
额外条件未满足


===============================================

==============2021-05-26 16:46:35==============
===开始判断价格条件2021-05-26 16:46:35.390===
===开始判断额外/转自动条件2021-05-26 16:46:35.466===
额外条件未满足


===============================================

==============2021-05-26 16:46:36==============
===开始判断价格条件2021-05-26 16:46:36.630===
===开始判断额外/转自动条件2021-05-26 16:46:36.697===
额外条件未满足


===============================================

==============2021-05-26 16:46:41==============
===开始判断价格条件2021-05-26 16:46:41.042===
===开始判断额外/转自动条件2021-05-26 16:46:41.130===
额外条件未满足


===============================================

==============2021-05-26 16:46:44==============
===开始判断价格条件2021-05-26 16:46:44.239===
===开始判断额外/转自动条件2021-05-26 16:46:44.319===
额外条件未满足


===============================================

==============2021-05-26 16:46:45==============
===开始判断价格条件2021-05-26 16:46:45.627===
===开始判断额外/转自动条件2021-05-26 16:46:45.687===
额外条件未满足


===============================================

==============2021-05-26 16:46:47==============
===开始判断价格条件2021-05-26 16:46:47.064===
===开始判断额外/转自动条件2021-05-26 16:46:47.610===
额外条件未满足


===============================================

==============2021-05-26 16:46:49==============
===开始判断价格条件2021-05-26 16:46:49.753===
===开始判断额外/转自动条件2021-05-26 16:46:49.820===
额外条件未满足


===============================================

==============2021-05-26 16:46:51==============
===开始判断价格条件2021-05-26 16:46:51.076===
===开始判断额外/转自动条件2021-05-26 16:46:51.392===
额外条件未满足


===============================================

==============2021-05-26 16:46:52==============
===开始判断价格条件2021-05-26 16:46:52.640===
===开始判断额外/转自动条件2021-05-26 16:46:52.688===
额外条件未满足


===============================================

==============2021-05-26 16:46:54==============
===开始判断价格条件2021-05-26 16:46:54.156===
===开始判断额外/转自动条件2021-05-26 16:46:54.210===
额外条件未满足


===============================================

==============2021-05-26 16:46:55==============
===开始判断价格条件2021-05-26 16:46:55.359===
===开始判断额外/转自动条件2021-05-26 16:46:55.422===
额外条件未满足


===============================================

==============2021-05-26 16:46:57==============
===开始判断价格条件2021-05-26 16:46:56.609===
===开始判断额外/转自动条件2021-05-26 16:46:57.487===
额外条件未满足


===============================================

==============2021-05-26 16:47:00==============
===开始判断价格条件2021-05-26 16:47:00.493===
===开始判断额外/转自动条件2021-05-26 16:47:00.577===
额外条件未满足


===============================================

==============2021-05-26 16:47:07==============
===开始判断价格条件2021-05-26 16:47:07.704===
===开始判断额外/转自动条件2021-05-26 16:47:07.761===
额外条件未满足


===============================================

==============2021-05-26 16:47:24==============
===开始判断价格条件2021-05-26 16:47:20.167===
===开始判断额外/转自动条件2021-05-26 16:47:20.934===
额外条件未满足


===============================================

==============2021-05-26 16:47:25==============
===开始判断价格条件2021-05-26 16:47:25.681===
===开始判断额外/转自动条件2021-05-26 16:47:25.743===
额外条件未满足


===============================================

==============2021-05-26 16:47:53==============
===开始判断价格条件2021-05-26 16:47:41.511===
===开始判断额外/转自动条件2021-05-26 16:47:41.585===
额外条件未满足


===============================================

==============2021-05-26 16:47:55==============
===开始判断价格条件2021-05-26 16:47:55.100===
===开始判断额外/转自动条件2021-05-26 16:47:55.186===
额外条件未满足


===============================================

==============2021-05-26 16:49:11==============
===开始判断价格条件2021-05-26 16:49:11.538===
===开始判断额外/转自动条件2021-05-26 16:49:11.840===
额外条件未满足


===============================================

==============2021-05-26 16:49:13==============
===开始判断价格条件2021-05-26 16:49:13.467===
===开始判断额外/转自动条件2021-05-26 16:49:13.627===
额外条件未满足


===============================================

==============2021-05-26 16:49:15==============
===开始判断价格条件2021-05-26 16:49:15.593===
===开始判断额外/转自动条件2021-05-26 16:49:15.672===
额外条件未满足


===============================================

==============2021-05-26 16:49:18==============
===开始判断价格条件2021-05-26 16:49:18.503===
===开始判断额外/转自动条件2021-05-26 16:49:18.596===
额外条件未满足


===============================================

==============2021-05-26 16:49:20==============
===开始判断价格条件2021-05-26 16:49:19.993===
===开始判断额外/转自动条件2021-05-26 16:49:20.140===
额外条件未满足


===============================================

==============2021-05-26 16:49:21==============
===开始判断价格条件2021-05-26 16:49:21.443===
===开始判断额外/转自动条件2021-05-26 16:49:21.688===
额外条件未满足


===============================================

==============2021-05-26 16:49:22==============
===开始判断价格条件2021-05-26 16:49:22.877===
===开始判断额外/转自动条件2021-05-26 16:49:22.934===
额外条件未满足


===============================================

==============2021-05-26 16:49:24==============
===开始判断价格条件2021-05-26 16:49:24.093===
===开始判断额外/转自动条件2021-05-26 16:49:24.155===
额外条件未满足


===============================================

==============2021-05-26 16:49:25==============
===开始判断价格条件2021-05-26 16:49:25.309===
===开始判断额外/转自动条件2021-05-26 16:49:25.397===
额外条件未满足


===============================================

==============2021-05-26 16:51:24==============
===开始判断价格条件2021-05-26 16:51:24.325===
===开始判断额外/转自动条件2021-05-26 16:51:24.379===
额外条件未满足


===============================================

==============2021-05-26 16:51:38==============
===开始判断价格条件2021-05-26 16:51:38.007===
===开始判断额外/转自动条件2021-05-26 16:51:38.089===
额外条件未满足


===============================================

==============2021-05-26 16:52:15==============
===开始判断价格条件2021-05-26 16:52:13.930===
===开始判断额外/转自动条件2021-05-26 16:52:15.174===
额外条件未满足


===============================================

==============2021-05-26 16:52:26==============
===开始判断价格条件2021-05-26 16:52:26.311===
===开始判断额外/转自动条件2021-05-26 16:52:26.407===
额外条件未满足


===============================================

==============2021-05-26 16:52:59==============
===开始判断价格条件2021-05-26 16:52:59.506===
===开始判断额外/转自动条件2021-05-26 16:52:59.568===
额外条件未满足


===============================================

==============2021-05-26 16:53:14==============
===开始判断价格条件2021-05-26 16:53:14.264===
===开始判断额外/转自动条件2021-05-26 16:53:14.325===
额外条件未满足


===============================================

==============2021-05-26 16:53:17==============
===开始判断价格条件2021-05-26 16:53:17.459===
===开始判断额外/转自动条件2021-05-26 16:53:17.532===
额外条件未满足


===============================================

==============2021-05-26 16:53:20==============
===开始判断价格条件2021-05-26 16:53:20.441===
===开始判断额外/转自动条件2021-05-26 16:53:20.511===
额外条件未满足


===============================================

==============2021-05-26 16:53:50==============
===开始判断价格条件2021-05-26 16:53:50.823===
===开始判断额外/转自动条件2021-05-26 16:53:50.885===
额外条件未满足


===============================================

==============2021-05-26 16:54:03==============
===开始判断价格条件2021-05-26 16:54:03.182===
===开始判断额外/转自动条件2021-05-26 16:54:03.245===
额外条件未满足


===============================================

==============2021-05-26 16:54:21==============
===开始判断价格条件2021-05-26 16:54:21.740===
===开始判断额外/转自动条件2021-05-26 16:54:21.825===
额外条件未满足


===============================================

==============2021-05-26 17:01:23==============
===开始判断价格条件2021-05-26 17:01:22.715===
===开始判断额外/转自动条件2021-05-26 17:01:23.174===
额外条件未满足


===============================================

==============2021-05-26 17:01:24==============
===开始判断价格条件2021-05-26 17:01:24.420===
===开始判断额外/转自动条件2021-05-26 17:01:24.495===
额外条件未满足


===============================================

==============2021-05-26 17:01:25==============
===开始判断价格条件2021-05-26 17:01:25.674===
===开始判断额外/转自动条件2021-05-26 17:01:25.734===
额外条件未满足


===============================================

==============2021-05-26 17:01:27==============
===开始判断价格条件2021-05-26 17:01:26.905===
===开始判断额外/转自动条件2021-05-26 17:01:26.985===
额外条件未满足


===============================================

==============2021-05-26 17:01:28==============
===开始判断价格条件2021-05-26 17:01:28.117===
===开始判断额外/转自动条件2021-05-26 17:01:28.175===
额外条件未满足


===============================================

==============2021-05-26 17:01:29==============
===开始判断价格条件2021-05-26 17:01:29.306===
===开始判断额外/转自动条件2021-05-26 17:01:29.379===
额外条件未满足


===============================================

==============2021-05-26 17:01:33==============
===开始判断价格条件2021-05-26 17:01:33.504===
===开始判断额外/转自动条件2021-05-26 17:01:33.564===
额外条件未满足


===============================================

==============2021-05-26 17:01:34==============
===开始判断价格条件2021-05-26 17:01:34.702===
===开始判断额外/转自动条件2021-05-26 17:01:34.793===
额外条件未满足


===============================================

==============2021-05-26 17:01:36==============
===开始判断价格条件2021-05-26 17:01:36.262===
===开始判断额外/转自动条件2021-05-26 17:01:36.352===
额外条件未满足


===============================================

==============2021-05-26 17:01:38==============
===开始判断价格条件2021-05-26 17:01:37.960===
===开始判断额外/转自动条件2021-05-26 17:01:38.401===
额外条件未满足


===============================================

==============2021-05-26 17:01:40==============
===开始判断价格条件2021-05-26 17:01:40.553===
===开始判断额外/转自动条件2021-05-26 17:01:40.614===
额外条件未满足


===============================================

==============2021-05-26 17:01:41==============
===开始判断价格条件2021-05-26 17:01:41.764===
===开始判断额外/转自动条件2021-05-26 17:01:41.870===
额外条件未满足


===============================================

==============2021-05-26 17:01:43==============
===开始判断价格条件2021-05-26 17:01:43.400===
===开始判断额外/转自动条件2021-05-26 17:01:43.457===
额外条件未满足


===============================================

==============2021-05-26 17:01:44==============
===开始判断价格条件2021-05-26 17:01:44.605===
===开始判断额外/转自动条件2021-05-26 17:01:44.679===
额外条件未满足


===============================================

==============2021-05-26 17:01:46==============
===开始判断价格条件2021-05-26 17:01:46.526===
===开始判断额外/转自动条件2021-05-26 17:01:46.582===
额外条件未满足


===============================================

==============2021-05-26 17:01:48==============
===开始判断价格条件2021-05-26 17:01:48.374===
===开始判断额外/转自动条件2021-05-26 17:01:48.432===
额外条件未满足


===============================================

==============2021-05-26 17:01:49==============
===开始判断价格条件2021-05-26 17:01:49.899===
===开始判断额外/转自动条件2021-05-26 17:01:49.957===
额外条件未满足


===============================================

==============2021-05-26 17:01:51==============
===开始判断价格条件2021-05-26 17:01:51.085===
===开始判断额外/转自动条件2021-05-26 17:01:51.146===
额外条件未满足


===============================================

==============2021-05-26 17:01:52==============
===开始判断价格条件2021-05-26 17:01:52.285===
===开始判断额外/转自动条件2021-05-26 17:01:52.364===
额外条件未满足


===============================================

==============2021-05-26 17:01:54==============
===开始判断价格条件2021-05-26 17:01:54.443===
===开始判断额外/转自动条件2021-05-26 17:01:54.775===
额外条件未满足


===============================================

==============2021-05-26 17:01:56==============
===开始判断价格条件2021-05-26 17:01:56.303===
===开始判断额外/转自动条件2021-05-26 17:01:56.387===
额外条件未满足


===============================================

==============2021-05-26 17:01:57==============
===开始判断价格条件2021-05-26 17:01:57.581===
===开始判断额外/转自动条件2021-05-26 17:01:57.654===
额外条件未满足


===============================================

==============2021-05-26 17:01:58==============
===开始判断价格条件2021-05-26 17:01:58.770===
===开始判断额外/转自动条件2021-05-26 17:01:58.821===
额外条件未满足


===============================================

==============2021-05-26 17:02:00==============
===开始判断价格条件2021-05-26 17:01:59.946===
===开始判断额外/转自动条件2021-05-26 17:02:00.004===
额外条件未满足


===============================================

==============2021-05-26 17:02:01==============
===开始判断价格条件2021-05-26 17:02:01.190===
===开始判断额外/转自动条件2021-05-26 17:02:01.247===
额外条件未满足


===============================================

==============2021-05-26 17:02:02==============
===开始判断价格条件2021-05-26 17:02:02.386===
===开始判断额外/转自动条件2021-05-26 17:02:02.471===
额外条件未满足


===============================================

==============2021-05-26 17:02:04==============
===开始判断价格条件2021-05-26 17:02:04.092===
===开始判断额外/转自动条件2021-05-26 17:02:04.217===
额外条件未满足


===============================================

==============2021-05-26 17:02:06==============
===开始判断价格条件2021-05-26 17:02:06.372===
===开始判断额外/转自动条件2021-05-26 17:02:06.440===
额外条件未满足


===============================================

==============2021-05-26 17:02:07==============
===开始判断价格条件2021-05-26 17:02:07.610===
===开始判断额外/转自动条件2021-05-26 17:02:07.666===
额外条件未满足


===============================================

==============2021-05-26 17:02:09==============
===开始判断价格条件2021-05-26 17:02:09.367===
===开始判断额外/转自动条件2021-05-26 17:02:09.445===
额外条件未满足


===============================================

==============2021-05-26 17:02:10==============
===开始判断价格条件2021-05-26 17:02:10.788===
===开始判断额外/转自动条件2021-05-26 17:02:10.870===
额外条件未满足


===============================================

==============2021-05-26 17:02:13==============
===开始判断价格条件2021-05-26 17:02:13.187===
===开始判断额外/转自动条件2021-05-26 17:02:13.253===
额外条件未满足


===============================================

==============2021-05-26 17:02:14==============
===开始判断价格条件2021-05-26 17:02:14.412===
===开始判断额外/转自动条件2021-05-26 17:02:14.589===
额外条件未满足


===============================================

==============2021-05-26 17:02:16==============
===开始判断价格条件2021-05-26 17:02:16.076===
===开始判断额外/转自动条件2021-05-26 17:02:16.128===
额外条件未满足


===============================================

==============2021-05-26 17:02:17==============
===开始判断价格条件2021-05-26 17:02:17.280===
===开始判断额外/转自动条件2021-05-26 17:02:17.348===
额外条件未满足


===============================================

==============2021-05-26 17:02:19==============
===开始判断价格条件2021-05-26 17:02:18.970===
===开始判断额外/转自动条件2021-05-26 17:02:19.033===
额外条件未满足


===============================================

==============2021-05-26 17:02:20==============
===开始判断价格条件2021-05-26 17:02:20.464===
===开始判断额外/转自动条件2021-05-26 17:02:20.571===
额外条件未满足


===============================================

==============2021-05-26 17:02:21==============
===开始判断价格条件2021-05-26 17:02:21.744===
===开始判断额外/转自动条件2021-05-26 17:02:21.803===
额外条件未满足


===============================================

==============2021-05-26 17:02:23==============
===开始判断价格条件2021-05-26 17:02:22.947===
===开始判断额外/转自动条件2021-05-26 17:02:23.001===
额外条件未满足


===============================================

==============2021-05-26 17:02:24==============
===开始判断价格条件2021-05-26 17:02:24.189===
===开始判断额外/转自动条件2021-05-26 17:02:24.254===
额外条件未满足


===============================================

==============2021-05-26 17:02:26==============
===开始判断价格条件2021-05-26 17:02:26.077===
===开始判断额外/转自动条件2021-05-26 17:02:26.158===
额外条件未满足


===============================================

==============2021-05-26 17:02:28==============
===开始判断价格条件2021-05-26 17:02:27.971===
===开始判断额外/转自动条件2021-05-26 17:02:28.236===
额外条件未满足


===============================================

==============2021-05-26 17:02:29==============
===开始判断价格条件2021-05-26 17:02:29.423===
===开始判断额外/转自动条件2021-05-26 17:02:29.519===
额外条件未满足


===============================================

==============2021-05-26 17:02:31==============
===开始判断价格条件2021-05-26 17:02:31.239===
===开始判断额外/转自动条件2021-05-26 17:02:31.455===
额外条件未满足


===============================================

==============2021-05-26 17:02:32==============
===开始判断价格条件2021-05-26 17:02:32.699===
===开始判断额外/转自动条件2021-05-26 17:02:32.938===
额外条件未满足


===============================================

==============2021-05-26 17:02:34==============
===开始判断价格条件2021-05-26 17:02:34.122===
===开始判断额外/转自动条件2021-05-26 17:02:34.228===
额外条件未满足


===============================================

==============2021-05-26 17:02:35==============
===开始判断价格条件2021-05-26 17:02:35.421===
===开始判断额外/转自动条件2021-05-26 17:02:35.504===
额外条件未满足


===============================================

==============2021-05-26 17:02:37==============
===开始判断价格条件2021-05-26 17:02:37.311===
===开始判断额外/转自动条件2021-05-26 17:02:37.365===
额外条件未满足


===============================================

==============2021-05-26 17:02:38==============
===开始判断价格条件2021-05-26 17:02:38.509===
===开始判断额外/转自动条件2021-05-26 17:02:38.561===
额外条件未满足


===============================================

==============2021-05-26 17:02:39==============
===开始判断价格条件2021-05-26 17:02:39.705===
===开始判断额外/转自动条件2021-05-26 17:02:39.760===
额外条件未满足


===============================================

==============2021-05-26 17:02:40==============
===开始判断价格条件2021-05-26 17:02:40.913===
===开始判断额外/转自动条件2021-05-26 17:02:40.978===
额外条件未满足


===============================================

==============2021-05-26 17:02:42==============
===开始判断价格条件2021-05-26 17:02:42.121===
===开始判断额外/转自动条件2021-05-26 17:02:42.174===
额外条件未满足


===============================================

==============2021-05-26 17:02:45==============
===开始判断价格条件2021-05-26 17:02:44.178===
===开始判断额外/转自动条件2021-05-26 17:02:44.658===
额外条件未满足


===============================================

==============2021-05-26 17:02:46==============
===开始判断价格条件2021-05-26 17:02:46.789===
===开始判断额外/转自动条件2021-05-26 17:02:46.886===
额外条件未满足


===============================================

==============2021-05-26 17:02:48==============
===开始判断价格条件2021-05-26 17:02:48.067===
===开始判断额外/转自动条件2021-05-26 17:02:48.149===
额外条件未满足


===============================================

==============2021-05-26 17:02:49==============
===开始判断价格条件2021-05-26 17:02:49.273===
===开始判断额外/转自动条件2021-05-26 17:02:49.336===
额外条件未满足


===============================================

==============2021-05-26 17:02:50==============
===开始判断价格条件2021-05-26 17:02:50.505===
===开始判断额外/转自动条件2021-05-26 17:02:50.563===
额外条件未满足


===============================================

==============2021-05-26 17:02:52==============
===开始判断价格条件2021-05-26 17:02:52.403===
===开始判断额外/转自动条件2021-05-26 17:02:52.484===
额外条件未满足


===============================================

==============2021-05-26 17:02:55==============
===开始判断价格条件2021-05-26 17:02:54.626===
===开始判断额外/转自动条件2021-05-26 17:02:54.984===
额外条件未满足


===============================================

==============2021-05-26 17:02:58==============
===开始判断价格条件2021-05-26 17:02:58.497===
===开始判断额外/转自动条件2021-05-26 17:02:58.546===
额外条件未满足


===============================================

==============2021-05-26 17:03:00==============
===开始判断价格条件2021-05-26 17:02:59.787===
===开始判断额外/转自动条件2021-05-26 17:03:00.469===
额外条件未满足


===============================================

==============2021-05-26 17:03:02==============
===开始判断价格条件2021-05-26 17:03:01.959===
===开始判断额外/转自动条件2021-05-26 17:03:02.102===
额外条件未满足


===============================================

==============2021-05-26 17:03:03==============
===开始判断价格条件2021-05-26 17:03:03.439===
===开始判断额外/转自动条件2021-05-26 17:03:03.531===
额外条件未满足


===============================================

==============2021-05-26 17:03:04==============
===开始判断价格条件2021-05-26 17:03:04.669===
===开始判断额外/转自动条件2021-05-26 17:03:04.724===
额外条件未满足


===============================================

==============2021-05-26 17:03:05==============
===开始判断价格条件2021-05-26 17:03:05.880===
===开始判断额外/转自动条件2021-05-26 17:03:05.960===
额外条件未满足


===============================================

==============2021-05-26 17:03:07==============
===开始判断价格条件2021-05-26 17:03:07.135===
===开始判断额外/转自动条件2021-05-26 17:03:07.194===
额外条件未满足


===============================================

==============2021-05-26 17:03:08==============
===开始判断价格条件2021-05-26 17:03:08.327===
===开始判断额外/转自动条件2021-05-26 17:03:08.411===
额外条件未满足


===============================================

==============2021-05-26 17:03:10==============
===开始判断价格条件2021-05-26 17:03:10.376===
===开始判断额外/转自动条件2021-05-26 17:03:10.427===
额外条件未满足


===============================================

==============2021-05-26 17:03:11==============
===开始判断价格条件2021-05-26 17:03:11.549===
===开始判断额外/转自动条件2021-05-26 17:03:11.624===
额外条件未满足


===============================================

==============2021-05-26 17:03:13==============
===开始判断价格条件2021-05-26 17:03:13.047===
===开始判断额外/转自动条件2021-05-26 17:03:13.111===
额外条件未满足


===============================================

==============2021-05-26 17:03:14==============
===开始判断价格条件2021-05-26 17:03:14.251===
===开始判断额外/转自动条件2021-05-26 17:03:14.310===
额外条件未满足


===============================================

==============2021-05-26 17:03:15==============
===开始判断价格条件2021-05-26 17:03:15.749===
===开始判断额外/转自动条件2021-05-26 17:03:15.798===
额外条件未满足


===============================================

==============2021-05-26 17:03:17==============
===开始判断价格条件2021-05-26 17:03:17.533===
===开始判断额外/转自动条件2021-05-26 17:03:17.742===
额外条件未满足


===============================================

==============2021-05-26 17:03:19==============
===开始判断价格条件2021-05-26 17:03:19.013===
===开始判断额外/转自动条件2021-05-26 17:03:19.076===
额外条件未满足


===============================================

==============2021-05-26 17:03:20==============
===开始判断价格条件2021-05-26 17:03:20.469===
===开始判断额外/转自动条件2021-05-26 17:03:20.551===
额外条件未满足


===============================================

==============2021-05-26 17:03:21==============
===开始判断价格条件2021-05-26 17:03:21.730===
===开始判断额外/转自动条件2021-05-26 17:03:21.785===
额外条件未满足


===============================================

==============2021-05-26 17:03:23==============
===开始判断价格条件2021-05-26 17:03:22.952===
===开始判断额外/转自动条件2021-05-26 17:03:23.015===
额外条件未满足


===============================================

==============2021-05-26 17:03:25==============
===开始判断价格条件2021-05-26 17:03:25.716===
===开始判断额外/转自动条件2021-05-26 17:03:25.804===
额外条件未满足


===============================================

==============2021-05-26 17:03:27==============
===开始判断价格条件2021-05-26 17:03:27.313===
===开始判断额外/转自动条件2021-05-26 17:03:27.645===
额外条件未满足


===============================================

==============2021-05-26 17:03:29==============
===开始判断价格条件2021-05-26 17:03:29.139===
===开始判断额外/转自动条件2021-05-26 17:03:29.200===
额外条件未满足


===============================================

==============2021-05-26 17:03:30==============
===开始判断价格条件2021-05-26 17:03:30.357===
===开始判断额外/转自动条件2021-05-26 17:03:30.446===
额外条件未满足


===============================================

==============2021-05-26 17:03:32==============
===开始判断价格条件2021-05-26 17:03:31.920===
===开始判断额外/转自动条件2021-05-26 17:03:32.003===
额外条件未满足


===============================================

==============2021-05-26 17:03:33==============
===开始判断价格条件2021-05-26 17:03:33.141===
===开始判断额外/转自动条件2021-05-26 17:03:33.204===
额外条件未满足


===============================================

==============2021-05-26 17:03:35==============
===开始判断价格条件2021-05-26 17:03:35.397===
===开始判断额外/转自动条件2021-05-26 17:03:35.486===
额外条件未满足


===============================================

==============2021-05-26 17:03:36==============
===开始判断价格条件2021-05-26 17:03:36.785===
===开始判断额外/转自动条件2021-05-26 17:03:36.870===
额外条件未满足


===============================================

==============2021-05-26 17:03:38==============
===开始判断价格条件2021-05-26 17:03:38.031===
===开始判断额外/转自动条件2021-05-26 17:03:38.122===
额外条件未满足


===============================================

==============2021-05-26 17:03:39==============
===开始判断价格条件2021-05-26 17:03:39.250===
===开始判断额外/转自动条件2021-05-26 17:03:39.307===
额外条件未满足


===============================================

==============2021-05-26 17:03:40==============
===开始判断价格条件2021-05-26 17:03:40.459===
===开始判断额外/转自动条件2021-05-26 17:03:40.543===
额外条件未满足


===============================================

==============2021-05-26 17:03:41==============
===开始判断价格条件2021-05-26 17:03:41.665===
===开始判断额外/转自动条件2021-05-26 17:03:41.719===
额外条件未满足


===============================================

==============2021-05-26 17:03:42==============
===开始判断价格条件2021-05-26 17:03:42.858===
===开始判断额外/转自动条件2021-05-26 17:03:42.911===
额外条件未满足


===============================================

==============2021-05-26 17:03:44==============
===开始判断价格条件2021-05-26 17:03:44.033===
===开始判断额外/转自动条件2021-05-26 17:03:44.115===
额外条件未满足


===============================================

==============2021-05-26 17:03:45==============
===开始判断价格条件2021-05-26 17:03:45.262===
===开始判断额外/转自动条件2021-05-26 17:03:45.337===
额外条件未满足


===============================================

==============2021-05-26 17:03:46==============
===开始判断价格条件2021-05-26 17:03:46.468===
===开始判断额外/转自动条件2021-05-26 17:03:46.534===
额外条件未满足


===============================================

==============2021-05-26 17:03:47==============
===开始判断价格条件2021-05-26 17:03:47.688===
===开始判断额外/转自动条件2021-05-26 17:03:47.749===
额外条件未满足


===============================================

==============2021-05-26 17:03:48==============
===开始判断价格条件2021-05-26 17:03:48.894===
===开始判断额外/转自动条件2021-05-26 17:03:48.961===
额外条件未满足


===============================================

==============2021-05-26 17:03:50==============
===开始判断价格条件2021-05-26 17:03:50.097===
===开始判断额外/转自动条件2021-05-26 17:03:50.172===
额外条件未满足


===============================================

==============2021-05-26 17:03:52==============
===开始判断价格条件2021-05-26 17:03:52.342===
===开始判断额外/转自动条件2021-05-26 17:03:52.621===
额外条件未满足


===============================================

==============2021-05-26 17:03:54==============
===开始判断价格条件2021-05-26 17:03:54.065===
===开始判断额外/转自动条件2021-05-26 17:03:54.428===
额外条件未满足


===============================================

==============2021-05-26 17:03:55==============
===开始判断价格条件2021-05-26 17:03:55.631===
===开始判断额外/转自动条件2021-05-26 17:03:55.686===
额外条件未满足


===============================================

==============2021-05-26 17:03:56==============
===开始判断价格条件2021-05-26 17:03:56.866===
===开始判断额外/转自动条件2021-05-26 17:03:56.957===
额外条件未满足


===============================================

==============2021-05-26 17:03:58==============
===开始判断价格条件2021-05-26 17:03:58.141===
===开始判断额外/转自动条件2021-05-26 17:03:58.211===
额外条件未满足


===============================================

==============2021-05-26 17:03:59==============
===开始判断价格条件2021-05-26 17:03:59.395===
===开始判断额外/转自动条件2021-05-26 17:03:59.569===
额外条件未满足


===============================================

==============2021-05-26 17:04:00==============
===开始判断价格条件2021-05-26 17:04:00.709===
===开始判断额外/转自动条件2021-05-26 17:04:00.773===
额外条件未满足


===============================================

==============2021-05-26 17:04:02==============
===开始判断价格条件2021-05-26 17:04:02.137===
===开始判断额外/转自动条件2021-05-26 17:04:02.400===
额外条件未满足


===============================================

==============2021-05-26 17:04:03==============
===开始判断价格条件2021-05-26 17:04:03.906===
===开始判断额外/转自动条件2021-05-26 17:04:03.971===
额外条件未满足


===============================================

==============2021-05-26 17:04:05==============
===开始判断价格条件2021-05-26 17:04:05.430===
===开始判断额外/转自动条件2021-05-26 17:04:05.506===
额外条件未满足


===============================================

==============2021-05-26 17:04:06==============
===开始判断价格条件2021-05-26 17:04:06.665===
===开始判断额外/转自动条件2021-05-26 17:04:06.720===
额外条件未满足


===============================================

==============2021-05-26 17:05:23==============
===开始判断价格条件2021-05-26 17:04:24.267===
===开始判断额外/转自动条件2021-05-26 17:05:23.287===
额外条件未满足


===============================================

==============2021-05-26 17:05:24==============
===开始判断价格条件2021-05-26 17:05:24.440===
===开始判断额外/转自动条件2021-05-26 17:05:24.497===
额外条件未满足


===============================================

==============2021-05-26 17:39:49==============
===开始判断价格条件2021-05-26 17:39:35.680===
===开始判断额外/转自动条件2021-05-26 17:39:36.133===
额外条件未满足


===============================================

==============2021-05-26 17:39:50==============
===开始判断价格条件2021-05-26 17:39:50.688===
===开始判断额外/转自动条件2021-05-26 17:39:50.751===
额外条件未满足


===============================================

==============2021-05-26 17:40:02==============
===开始判断价格条件2021-05-26 17:40:02.193===
===开始判断额外/转自动条件2021-05-26 17:40:02.257===
额外条件未满足


===============================================

==============2021-05-26 17:40:13==============
===开始判断价格条件2021-05-26 17:40:13.221===
===开始判断额外/转自动条件2021-05-26 17:40:13.360===
额外条件未满足


===============================================

==============2021-05-26 17:40:23==============
===开始判断价格条件2021-05-26 17:40:23.502===
===开始判断额外/转自动条件2021-05-26 17:40:23.583===
额外条件未满足


===============================================

==============2021-05-26 17:40:37==============
===开始判断价格条件2021-05-26 17:40:37.231===
===开始判断额外/转自动条件2021-05-26 17:40:37.701===
额外条件未满足


===============================================

==============2021-05-26 17:41:04==============
===开始判断价格条件2021-05-26 17:41:04.875===
===开始判断额外/转自动条件2021-05-26 17:41:04.936===
额外条件未满足


===============================================

==============2021-05-26 17:41:15==============
===开始判断价格条件2021-05-26 17:41:15.065===
===开始判断额外/转自动条件2021-05-26 17:41:15.122===
额外条件未满足


===============================================

==============2021-05-26 17:41:23==============
===开始判断价格条件2021-05-26 17:41:23.428===
===开始判断额外/转自动条件2021-05-26 17:41:23.496===
额外条件未满足


===============================================

==============2021-05-26 17:41:37==============
===开始判断价格条件2021-05-26 17:41:37.747===
===开始判断额外/转自动条件2021-05-26 17:41:37.823===
额外条件未满足


===============================================

==============2021-05-26 17:41:51==============
===开始判断价格条件2021-05-26 17:41:51.041===
===开始判断额外/转自动条件2021-05-26 17:41:51.101===
额外条件未满足


===============================================

==============2021-05-26 17:42:06==============
===开始判断价格条件2021-05-26 17:42:06.647===
===开始判断额外/转自动条件2021-05-26 17:42:06.708===
额外条件未满足


===============================================

==============2021-05-26 17:43:21==============
===开始判断价格条件2021-05-26 17:43:10.952===
===开始判断额外/转自动条件2021-05-26 17:43:11.026===
===2021-05-26 17:43:11.058===
股票：601377历史涨跌幅判断-额外参数：
	分组名称：测试
	走势名称：历史涨跌幅
	结果：未满足，返回code：-1
===2021-05-26 17:43:21.270===
额外条件未满足


===============================================

==============2021-05-26 17:43:48==============
===开始判断价格条件2021-05-26 17:43:22.441===
===开始判断额外/转自动条件2021-05-26 17:43:22.494===
===2021-05-26 17:43:22.529===
股票：601377历史涨跌幅判断-额外参数：
	分组名称：测试
	走势名称：历史涨跌幅
	结果：未满足，返回code：-1
===2021-05-26 17:43:48.884===
额外条件未满足


===============================================

==============2021-05-26 17:45:12==============
===开始判断价格条件2021-05-26 17:43:50.077===
===开始判断额外/转自动条件2021-05-26 17:43:50.123===
===2021-05-26 17:43:50.151===
股票：601377历史涨跌幅判断-额外参数：
	分组名称：测试
	走势名称：历史涨跌幅
	结果：未满足，返回code：-1
===2021-05-26 17:45:12.694===
额外条件未满足


===============================================

