==============2021-05-21 10:07:41==============
股票：300957当前涨跌幅判断-额外参数：
	分组名称：1
	走势名称：当日涨跌幅奥术大师多
	结果：未满足
股票：300957当前涨跌幅判断-额外参数：
	分组名称：1
	走势名称：当日涨跌幅奥术大师多
	结果：未满足
额外条件未满足


===============================================

==============2021-05-21 10:07:57==============
股票：300957当前涨跌幅判断-额外参数：
	分组名称：1
	走势名称：当日涨跌幅奥术大师多
	结果：未满足
股票：300957当前涨跌幅判断-额外参数：
	分组名称：1
	走势名称：当日涨跌幅奥术大师多
	结果：未满足
额外条件未满足


===============================================

==============2021-05-21 10:08:01==============
股票：300957当前涨跌幅判断-额外参数：
	分组名称：1
	走势名称：当日涨跌幅奥术大师多
	结果：未满足
股票：300957当前涨跌幅判断-额外参数：
	分组名称：1
	走势名称：当日涨跌幅奥术大师多
	结果：未满足
额外条件未满足


===============================================

==============2021-05-21 10:08:04==============
股票：300957当前涨跌幅判断-额外参数：
	分组名称：1
	走势名称：当日涨跌幅奥术大师多
	结果：未满足
股票：300957当前涨跌幅判断-额外参数：
	分组名称：1
	走势名称：当日涨跌幅奥术大师多
	结果：未满足
额外条件未满足


===============================================

==============2021-05-21 10:08:38==============
股票：300957当前涨跌幅判断-额外参数：
	分组名称：1
	走势名称：当日涨跌幅奥术大师多
	结果：未满足
股票：300957当前涨跌幅判断-额外参数：
	分组名称：1
	走势名称：当日涨跌幅奥术大师多
	结果：未满足
额外条件未满足


===============================================

==============2021-05-21 10:08:46==============
股票：300957当前涨跌幅判断-额外参数：
	分组名称：1
	走势名称：当日涨跌幅奥术大师多
	结果：未满足
股票：300957当前涨跌幅判断-额外参数：
	分组名称：1
	走势名称：当日涨跌幅奥术大师多
	结果：未满足
额外条件未满足


===============================================

