==============2021-05-12 17:52:44==============
股票：300957当前涨跌幅判断-额外参数：
	分组名称：1
	走势名称：当日涨跌幅奥术大师多
	结果：未满足
股票：300957当前涨跌幅判断-额外参数：
	分组名称：1
	走势名称：当日涨跌幅奥术大师多
	结果：未满足
额外条件未满足


===============================================

==============2021-05-12 17:52:53==============
股票：300957当前涨跌幅判断-额外参数：
	分组名称：1
	走势名称：当日涨跌幅奥术大师多
	结果：未满足
股票：300957当前涨跌幅判断-额外参数：
	分组名称：1
	走势名称：当日涨跌幅奥术大师多
	结果：未满足
额外条件未满足


===============================================

==============2021-05-12 17:52:59==============
股票：300957当前涨跌幅判断-额外参数：
	分组名称：1
	走势名称：当日涨跌幅奥术大师多
	结果：未满足
股票：300957当前涨跌幅判断-额外参数：
	分组名称：1
	走势名称：当日涨跌幅奥术大师多
	结果：未满足
额外条件未满足


===============================================

==============2021-05-12 17:53:00==============
股票：300957当前涨跌幅判断-额外参数：
	分组名称：1
	走势名称：当日涨跌幅奥术大师多
	结果：未满足
股票：300957当前涨跌幅判断-额外参数：
	分组名称：1
	走势名称：当日涨跌幅奥术大师多
	结果：未满足
额外条件未满足


===============================================

==============2021-05-12 17:53:04==============
股票：300957当前涨跌幅判断-额外参数：
	分组名称：1
	走势名称：当日涨跌幅奥术大师多
	结果：未满足
股票：300957当前涨跌幅判断-额外参数：
	分组名称：1
	走势名称：当日涨跌幅奥术大师多
	结果：未满足
额外条件未满足


===============================================

==============2021-05-12 17:53:07==============
股票：300957当前涨跌幅判断-额外参数：
	分组名称：1
	走势名称：当日涨跌幅奥术大师多
	结果：未满足
股票：300957当前涨跌幅判断-额外参数：
	分组名称：1
	走势名称：当日涨跌幅奥术大师多
	结果：未满足
额外条件未满足


===============================================

==============2021-05-12 17:53:11==============
股票：300957当前涨跌幅判断-额外参数：
	分组名称：1
	走势名称：当日涨跌幅奥术大师多
	结果：未满足
股票：300957当前涨跌幅判断-额外参数：
	分组名称：1
	走势名称：当日涨跌幅奥术大师多
	结果：未满足
额外条件未满足


===============================================

==============2021-05-12 17:53:14==============
股票：300957当前涨跌幅判断-额外参数：
	分组名称：1
	走势名称：当日涨跌幅奥术大师多
	结果：未满足
股票：300957当前涨跌幅判断-额外参数：
	分组名称：1
	走势名称：当日涨跌幅奥术大师多
	结果：未满足
额外条件未满足


===============================================

==============2021-05-12 17:53:17==============
股票：300957当前涨跌幅判断-额外参数：
	分组名称：1
	走势名称：当日涨跌幅奥术大师多
	结果：未满足
股票：300957当前涨跌幅判断-额外参数：
	分组名称：1
	走势名称：当日涨跌幅奥术大师多
	结果：未满足
额外条件未满足


===============================================

==============2021-05-12 17:53:19==============
股票：300957当前涨跌幅判断-额外参数：
	分组名称：1
	走势名称：当日涨跌幅奥术大师多
	结果：未满足
股票：300957当前涨跌幅判断-额外参数：
	分组名称：1
	走势名称：当日涨跌幅奥术大师多
	结果：未满足
额外条件未满足


===============================================

==============2021-05-12 17:53:22==============
股票：300957当前涨跌幅判断-额外参数：
	分组名称：1
	走势名称：当日涨跌幅奥术大师多
	结果：未满足
股票：300957当前涨跌幅判断-额外参数：
	分组名称：1
	走势名称：当日涨跌幅奥术大师多
	结果：未满足
额外条件未满足


===============================================

==============2021-05-12 17:53:25==============
股票：300957当前涨跌幅判断-额外参数：
	分组名称：1
	走势名称：当日涨跌幅奥术大师多
	结果：未满足
股票：300957当前涨跌幅判断-额外参数：
	分组名称：1
	走势名称：当日涨跌幅奥术大师多
	结果：未满足
额外条件未满足


===============================================

==============2021-05-12 17:53:27==============
股票：300957当前涨跌幅判断-额外参数：
	分组名称：1
	走势名称：当日涨跌幅奥术大师多
	结果：未满足
股票：300957当前涨跌幅判断-额外参数：
	分组名称：1
	走势名称：当日涨跌幅奥术大师多
	结果：未满足
额外条件未满足


===============================================

==============2021-05-12 17:53:30==============
股票：300957当前涨跌幅判断-额外参数：
	分组名称：1
	走势名称：当日涨跌幅奥术大师多
	结果：未满足
股票：300957当前涨跌幅判断-额外参数：
	分组名称：1
	走势名称：当日涨跌幅奥术大师多
	结果：未满足
额外条件未满足


===============================================

==============2021-05-12 17:53:34==============
股票：300957当前涨跌幅判断-额外参数：
	分组名称：1
	走势名称：当日涨跌幅奥术大师多
	结果：未满足
股票：300957当前涨跌幅判断-额外参数：
	分组名称：1
	走势名称：当日涨跌幅奥术大师多
	结果：未满足
额外条件未满足


===============================================

==============2021-05-12 17:53:40==============
股票：300957当前涨跌幅判断-额外参数：
	分组名称：1
	走势名称：当日涨跌幅奥术大师多
	结果：未满足
股票：300957当前涨跌幅判断-额外参数：
	分组名称：1
	走势名称：当日涨跌幅奥术大师多
	结果：未满足
额外条件未满足


===============================================

==============2021-05-12 17:53:44==============
股票：300957当前涨跌幅判断-额外参数：
	分组名称：1
	走势名称：当日涨跌幅奥术大师多
	结果：未满足
股票：300957当前涨跌幅判断-额外参数：
	分组名称：1
	走势名称：当日涨跌幅奥术大师多
	结果：未满足
额外条件未满足


===============================================

==============2021-05-12 17:53:47==============
股票：300957当前涨跌幅判断-额外参数：
	分组名称：1
	走势名称：当日涨跌幅奥术大师多
	结果：未满足
股票：300957当前涨跌幅判断-额外参数：
	分组名称：1
	走势名称：当日涨跌幅奥术大师多
	结果：未满足
额外条件未满足


===============================================

==============2021-05-12 17:54:19==============
股票：300957当前涨跌幅判断-额外参数：
	分组名称：1
	走势名称：当日涨跌幅奥术大师多
	结果：未满足
股票：300957当前涨跌幅判断-额外参数：
	分组名称：1
	走势名称：当日涨跌幅奥术大师多
	结果：未满足
额外条件未满足


===============================================

==============2021-05-12 17:54:23==============
股票：300957当前涨跌幅判断-额外参数：
	分组名称：1
	走势名称：当日涨跌幅奥术大师多
	结果：未满足
股票：300957当前涨跌幅判断-额外参数：
	分组名称：1
	走势名称：当日涨跌幅奥术大师多
	结果：未满足
额外条件未满足


===============================================

==============2021-05-12 17:54:26==============
股票：300957当前涨跌幅判断-额外参数：
	分组名称：1
	走势名称：当日涨跌幅奥术大师多
	结果：未满足
股票：300957当前涨跌幅判断-额外参数：
	分组名称：1
	走势名称：当日涨跌幅奥术大师多
	结果：未满足
额外条件未满足


===============================================

==============2021-05-12 17:54:30==============
股票：300957当前涨跌幅判断-额外参数：
	分组名称：1
	走势名称：当日涨跌幅奥术大师多
	结果：未满足
股票：300957当前涨跌幅判断-额外参数：
	分组名称：1
	走势名称：当日涨跌幅奥术大师多
	结果：未满足
额外条件未满足


===============================================

==============2021-05-12 17:54:34==============
股票：300957当前涨跌幅判断-额外参数：
	分组名称：1
	走势名称：当日涨跌幅奥术大师多
	结果：未满足
股票：300957当前涨跌幅判断-额外参数：
	分组名称：1
	走势名称：当日涨跌幅奥术大师多
	结果：未满足
额外条件未满足


===============================================

==============2021-05-12 17:54:47==============
股票：300957当前涨跌幅判断-额外参数：
	分组名称：1
	走势名称：当日涨跌幅奥术大师多
	结果：未满足
股票：300957当前涨跌幅判断-额外参数：
	分组名称：1
	走势名称：当日涨跌幅奥术大师多
	结果：未满足
额外条件未满足


===============================================

==============2021-05-12 17:54:51==============
股票：300957当前涨跌幅判断-额外参数：
	分组名称：1
	走势名称：当日涨跌幅奥术大师多
	结果：未满足
股票：300957当前涨跌幅判断-额外参数：
	分组名称：1
	走势名称：当日涨跌幅奥术大师多
	结果：未满足
额外条件未满足


===============================================

==============2021-05-12 17:54:54==============
股票：300957当前涨跌幅判断-额外参数：
	分组名称：1
	走势名称：当日涨跌幅奥术大师多
	结果：未满足
股票：300957当前涨跌幅判断-额外参数：
	分组名称：1
	走势名称：当日涨跌幅奥术大师多
	结果：未满足
额外条件未满足


===============================================

==============2021-05-12 17:54:55==============
股票：300957当前涨跌幅判断-额外参数：
	分组名称：1
	走势名称：当日涨跌幅奥术大师多
	结果：未满足
股票：300957当前涨跌幅判断-额外参数：
	分组名称：1
	走势名称：当日涨跌幅奥术大师多
	结果：未满足
额外条件未满足


===============================================

==============2021-05-12 17:54:58==============
股票：300957当前涨跌幅判断-额外参数：
	分组名称：1
	走势名称：当日涨跌幅奥术大师多
	结果：未满足
股票：300957当前涨跌幅判断-额外参数：
	分组名称：1
	走势名称：当日涨跌幅奥术大师多
	结果：未满足
额外条件未满足


===============================================

==============2021-05-12 17:54:59==============
股票：300957当前涨跌幅判断-额外参数：
	分组名称：1
	走势名称：当日涨跌幅奥术大师多
	结果：未满足
股票：300957当前涨跌幅判断-额外参数：
	分组名称：1
	走势名称：当日涨跌幅奥术大师多
	结果：未满足
额外条件未满足


===============================================

==============2021-05-12 17:55:01==============
股票：300957当前涨跌幅判断-额外参数：
	分组名称：1
	走势名称：当日涨跌幅奥术大师多
	结果：未满足
股票：300957当前涨跌幅判断-额外参数：
	分组名称：1
	走势名称：当日涨跌幅奥术大师多
	结果：未满足
额外条件未满足


===============================================

==============2021-05-12 17:55:04==============
股票：300957当前涨跌幅判断-额外参数：
	分组名称：1
	走势名称：当日涨跌幅奥术大师多
	结果：未满足
股票：300957当前涨跌幅判断-额外参数：
	分组名称：1
	走势名称：当日涨跌幅奥术大师多
	结果：未满足
额外条件未满足


===============================================

==============2021-05-12 17:55:08==============
股票：300957当前涨跌幅判断-额外参数：
	分组名称：1
	走势名称：当日涨跌幅奥术大师多
	结果：未满足
股票：300957当前涨跌幅判断-额外参数：
	分组名称：1
	走势名称：当日涨跌幅奥术大师多
	结果：未满足
额外条件未满足


===============================================

==============2021-05-12 17:55:09==============
股票：300957当前涨跌幅判断-额外参数：
	分组名称：1
	走势名称：当日涨跌幅奥术大师多
	结果：未满足
股票：300957当前涨跌幅判断-额外参数：
	分组名称：1
	走势名称：当日涨跌幅奥术大师多
	结果：未满足
额外条件未满足


===============================================

==============2021-05-12 17:55:11==============
股票：300957当前涨跌幅判断-额外参数：
	分组名称：1
	走势名称：当日涨跌幅奥术大师多
	结果：未满足
股票：300957当前涨跌幅判断-额外参数：
	分组名称：1
	走势名称：当日涨跌幅奥术大师多
	结果：未满足
额外条件未满足


===============================================

==============2021-05-12 17:55:14==============
股票：300957当前涨跌幅判断-额外参数：
	分组名称：1
	走势名称：当日涨跌幅奥术大师多
	结果：未满足
股票：300957当前涨跌幅判断-额外参数：
	分组名称：1
	走势名称：当日涨跌幅奥术大师多
	结果：未满足
额外条件未满足


===============================================

==============2021-05-12 17:55:16==============
股票：300957当前涨跌幅判断-额外参数：
	分组名称：1
	走势名称：当日涨跌幅奥术大师多
	结果：未满足
股票：300957当前涨跌幅判断-额外参数：
	分组名称：1
	走势名称：当日涨跌幅奥术大师多
	结果：未满足
额外条件未满足


===============================================

==============2021-05-12 17:55:18==============
股票：300957当前涨跌幅判断-额外参数：
	分组名称：1
	走势名称：当日涨跌幅奥术大师多
	结果：未满足
股票：300957当前涨跌幅判断-额外参数：
	分组名称：1
	走势名称：当日涨跌幅奥术大师多
	结果：未满足
额外条件未满足


===============================================

==============2021-05-12 17:55:19==============
股票：300957当前涨跌幅判断-额外参数：
	分组名称：1
	走势名称：当日涨跌幅奥术大师多
	结果：未满足
股票：300957当前涨跌幅判断-额外参数：
	分组名称：1
	走势名称：当日涨跌幅奥术大师多
	结果：未满足
额外条件未满足


===============================================

==============2021-05-12 17:55:23==============
股票：300957当前涨跌幅判断-额外参数：
	分组名称：1
	走势名称：当日涨跌幅奥术大师多
	结果：未满足
股票：300957当前涨跌幅判断-额外参数：
	分组名称：1
	走势名称：当日涨跌幅奥术大师多
	结果：未满足
额外条件未满足


===============================================

==============2021-05-12 17:55:26==============
股票：300957当前涨跌幅判断-额外参数：
	分组名称：1
	走势名称：当日涨跌幅奥术大师多
	结果：未满足
股票：300957当前涨跌幅判断-额外参数：
	分组名称：1
	走势名称：当日涨跌幅奥术大师多
	结果：未满足
额外条件未满足


===============================================

==============2021-05-12 17:55:28==============
股票：300957当前涨跌幅判断-额外参数：
	分组名称：1
	走势名称：当日涨跌幅奥术大师多
	结果：未满足
股票：300957当前涨跌幅判断-额外参数：
	分组名称：1
	走势名称：当日涨跌幅奥术大师多
	结果：未满足
额外条件未满足


===============================================

==============2021-05-12 17:55:31==============
股票：300957当前涨跌幅判断-额外参数：
	分组名称：1
	走势名称：当日涨跌幅奥术大师多
	结果：未满足
股票：300957当前涨跌幅判断-额外参数：
	分组名称：1
	走势名称：当日涨跌幅奥术大师多
	结果：未满足
额外条件未满足


===============================================

==============2021-05-12 17:55:33==============
股票：300957当前涨跌幅判断-额外参数：
	分组名称：1
	走势名称：当日涨跌幅奥术大师多
	结果：未满足
股票：300957当前涨跌幅判断-额外参数：
	分组名称：1
	走势名称：当日涨跌幅奥术大师多
	结果：未满足
额外条件未满足


===============================================

==============2021-05-12 17:55:34==============
股票：300957当前涨跌幅判断-额外参数：
	分组名称：1
	走势名称：当日涨跌幅奥术大师多
	结果：未满足
股票：300957当前涨跌幅判断-额外参数：
	分组名称：1
	走势名称：当日涨跌幅奥术大师多
	结果：未满足
额外条件未满足


===============================================

==============2021-05-12 17:55:37==============
股票：300957当前涨跌幅判断-额外参数：
	分组名称：1
	走势名称：当日涨跌幅奥术大师多
	结果：未满足
股票：300957当前涨跌幅判断-额外参数：
	分组名称：1
	走势名称：当日涨跌幅奥术大师多
	结果：未满足
额外条件未满足


===============================================

==============2021-05-12 17:55:38==============
股票：300957当前涨跌幅判断-额外参数：
	分组名称：1
	走势名称：当日涨跌幅奥术大师多
	结果：未满足
股票：300957当前涨跌幅判断-额外参数：
	分组名称：1
	走势名称：当日涨跌幅奥术大师多
	结果：未满足
额外条件未满足


===============================================

==============2021-05-12 17:55:41==============
股票：300957当前涨跌幅判断-额外参数：
	分组名称：1
	走势名称：当日涨跌幅奥术大师多
	结果：未满足
股票：300957当前涨跌幅判断-额外参数：
	分组名称：1
	走势名称：当日涨跌幅奥术大师多
	结果：未满足
额外条件未满足


===============================================

==============2021-05-12 17:55:43==============
股票：300957当前涨跌幅判断-额外参数：
	分组名称：1
	走势名称：当日涨跌幅奥术大师多
	结果：未满足
股票：300957当前涨跌幅判断-额外参数：
	分组名称：1
	走势名称：当日涨跌幅奥术大师多
	结果：未满足
额外条件未满足


===============================================

==============2021-05-12 17:55:44==============
股票：300957当前涨跌幅判断-额外参数：
	分组名称：1
	走势名称：当日涨跌幅奥术大师多
	结果：未满足
股票：300957当前涨跌幅判断-额外参数：
	分组名称：1
	走势名称：当日涨跌幅奥术大师多
	结果：未满足
额外条件未满足


===============================================

==============2021-05-12 17:55:46==============
股票：300957当前涨跌幅判断-额外参数：
	分组名称：1
	走势名称：当日涨跌幅奥术大师多
	结果：未满足
股票：300957当前涨跌幅判断-额外参数：
	分组名称：1
	走势名称：当日涨跌幅奥术大师多
	结果：未满足
额外条件未满足


===============================================

==============2021-05-12 17:55:52==============
股票：300957当前涨跌幅判断-额外参数：
	分组名称：1
	走势名称：当日涨跌幅奥术大师多
	结果：未满足
股票：300957当前涨跌幅判断-额外参数：
	分组名称：1
	走势名称：当日涨跌幅奥术大师多
	结果：未满足
额外条件未满足


===============================================

==============2021-05-12 17:55:55==============
股票：300957当前涨跌幅判断-额外参数：
	分组名称：1
	走势名称：当日涨跌幅奥术大师多
	结果：未满足
股票：300957当前涨跌幅判断-额外参数：
	分组名称：1
	走势名称：当日涨跌幅奥术大师多
	结果：未满足
额外条件未满足


===============================================

==============2021-05-12 17:55:57==============
股票：300957当前涨跌幅判断-额外参数：
	分组名称：1
	走势名称：当日涨跌幅奥术大师多
	结果：未满足
股票：300957当前涨跌幅判断-额外参数：
	分组名称：1
	走势名称：当日涨跌幅奥术大师多
	结果：未满足
额外条件未满足


===============================================

==============2021-05-12 17:56:00==============
股票：300957当前涨跌幅判断-额外参数：
	分组名称：1
	走势名称：当日涨跌幅奥术大师多
	结果：未满足
股票：300957当前涨跌幅判断-额外参数：
	分组名称：1
	走势名称：当日涨跌幅奥术大师多
	结果：未满足
额外条件未满足


===============================================

==============2021-05-12 17:56:02==============
股票：300957当前涨跌幅判断-额外参数：
	分组名称：1
	走势名称：当日涨跌幅奥术大师多
	结果：未满足
股票：300957当前涨跌幅判断-额外参数：
	分组名称：1
	走势名称：当日涨跌幅奥术大师多
	结果：未满足
额外条件未满足


===============================================

==============2021-05-12 17:56:06==============
股票：300957当前涨跌幅判断-额外参数：
	分组名称：1
	走势名称：当日涨跌幅奥术大师多
	结果：未满足
股票：300957当前涨跌幅判断-额外参数：
	分组名称：1
	走势名称：当日涨跌幅奥术大师多
	结果：未满足
额外条件未满足


===============================================

==============2021-05-12 17:56:08==============
股票：300957当前涨跌幅判断-额外参数：
	分组名称：1
	走势名称：当日涨跌幅奥术大师多
	结果：未满足
股票：300957当前涨跌幅判断-额外参数：
	分组名称：1
	走势名称：当日涨跌幅奥术大师多
	结果：未满足
额外条件未满足


===============================================

==============2021-05-12 17:56:09==============
股票：300957当前涨跌幅判断-额外参数：
	分组名称：1
	走势名称：当日涨跌幅奥术大师多
	结果：未满足
股票：300957当前涨跌幅判断-额外参数：
	分组名称：1
	走势名称：当日涨跌幅奥术大师多
	结果：未满足
额外条件未满足


===============================================

==============2021-05-12 17:56:12==============
股票：300957当前涨跌幅判断-额外参数：
	分组名称：1
	走势名称：当日涨跌幅奥术大师多
	结果：未满足
股票：300957当前涨跌幅判断-额外参数：
	分组名称：1
	走势名称：当日涨跌幅奥术大师多
	结果：未满足
额外条件未满足


===============================================

==============2021-05-12 17:56:18==============
股票：300957当前涨跌幅判断-额外参数：
	分组名称：1
	走势名称：当日涨跌幅奥术大师多
	结果：未满足
股票：300957当前涨跌幅判断-额外参数：
	分组名称：1
	走势名称：当日涨跌幅奥术大师多
	结果：未满足
额外条件未满足


===============================================

==============2021-05-12 17:56:20==============
股票：300957当前涨跌幅判断-额外参数：
	分组名称：1
	走势名称：当日涨跌幅奥术大师多
	结果：未满足
股票：300957当前涨跌幅判断-额外参数：
	分组名称：1
	走势名称：当日涨跌幅奥术大师多
	结果：未满足
额外条件未满足


===============================================

==============2021-05-12 17:56:21==============
股票：300957当前涨跌幅判断-额外参数：
	分组名称：1
	走势名称：当日涨跌幅奥术大师多
	结果：未满足
股票：300957当前涨跌幅判断-额外参数：
	分组名称：1
	走势名称：当日涨跌幅奥术大师多
	结果：未满足
额外条件未满足


===============================================

==============2021-05-12 17:59:06==============
股票：300957当前涨跌幅判断-额外参数：
	分组名称：1
	走势名称：当日涨跌幅奥术大师多
	结果：未满足
股票：300957当前涨跌幅判断-额外参数：
	分组名称：1
	走势名称：当日涨跌幅奥术大师多
	结果：未满足
额外条件未满足


===============================================

==============2021-05-12 17:59:12==============
股票：300957当前涨跌幅判断-额外参数：
	分组名称：1
	走势名称：当日涨跌幅奥术大师多
	结果：未满足
股票：300957当前涨跌幅判断-额外参数：
	分组名称：1
	走势名称：当日涨跌幅奥术大师多
	结果：未满足
额外条件未满足


===============================================

==============2021-05-12 17:59:31==============
股票：300957当前涨跌幅判断-额外参数：
	分组名称：1
	走势名称：当日涨跌幅奥术大师多
	结果：未满足
股票：300957当前涨跌幅判断-额外参数：
	分组名称：1
	走势名称：当日涨跌幅奥术大师多
	结果：未满足
额外条件未满足


===============================================

==============2021-05-12 17:59:34==============
股票：300957当前涨跌幅判断-额外参数：
	分组名称：1
	走势名称：当日涨跌幅奥术大师多
	结果：未满足
股票：300957当前涨跌幅判断-额外参数：
	分组名称：1
	走势名称：当日涨跌幅奥术大师多
	结果：未满足
额外条件未满足


===============================================

==============2021-05-12 17:59:36==============
股票：300957当前涨跌幅判断-额外参数：
	分组名称：1
	走势名称：当日涨跌幅奥术大师多
	结果：未满足
股票：300957当前涨跌幅判断-额外参数：
	分组名称：1
	走势名称：当日涨跌幅奥术大师多
	结果：未满足
额外条件未满足


===============================================

==============2021-05-12 17:59:42==============
股票：300957当前涨跌幅判断-额外参数：
	分组名称：1
	走势名称：当日涨跌幅奥术大师多
	结果：未满足
股票：300957当前涨跌幅判断-额外参数：
	分组名称：1
	走势名称：当日涨跌幅奥术大师多
	结果：未满足
额外条件未满足


===============================================

==============2021-05-12 17:59:44==============
股票：300957当前涨跌幅判断-额外参数：
	分组名称：1
	走势名称：当日涨跌幅奥术大师多
	结果：未满足
股票：300957当前涨跌幅判断-额外参数：
	分组名称：1
	走势名称：当日涨跌幅奥术大师多
	结果：未满足
额外条件未满足


===============================================

==============2021-05-12 17:59:46==============
股票：300957当前涨跌幅判断-额外参数：
	分组名称：1
	走势名称：当日涨跌幅奥术大师多
	结果：未满足
股票：300957当前涨跌幅判断-额外参数：
	分组名称：1
	走势名称：当日涨跌幅奥术大师多
	结果：未满足
额外条件未满足


===============================================

==============2021-05-12 17:59:49==============
股票：300957当前涨跌幅判断-额外参数：
	分组名称：1
	走势名称：当日涨跌幅奥术大师多
	结果：未满足
股票：300957当前涨跌幅判断-额外参数：
	分组名称：1
	走势名称：当日涨跌幅奥术大师多
	结果：未满足
额外条件未满足


===============================================

==============2021-05-12 17:59:52==============
股票：300957当前涨跌幅判断-额外参数：
	分组名称：1
	走势名称：当日涨跌幅奥术大师多
	结果：未满足
股票：300957当前涨跌幅判断-额外参数：
	分组名称：1
	走势名称：当日涨跌幅奥术大师多
	结果：未满足
额外条件未满足


===============================================

==============2021-05-12 17:59:54==============
股票：300957当前涨跌幅判断-额外参数：
	分组名称：1
	走势名称：当日涨跌幅奥术大师多
	结果：未满足
股票：300957当前涨跌幅判断-额外参数：
	分组名称：1
	走势名称：当日涨跌幅奥术大师多
	结果：未满足
额外条件未满足


===============================================

==============2021-05-12 17:59:56==============
股票：300957当前涨跌幅判断-额外参数：
	分组名称：1
	走势名称：当日涨跌幅奥术大师多
	结果：未满足
股票：300957当前涨跌幅判断-额外参数：
	分组名称：1
	走势名称：当日涨跌幅奥术大师多
	结果：未满足
额外条件未满足


===============================================

==============2021-05-12 17:59:58==============
股票：300957当前涨跌幅判断-额外参数：
	分组名称：1
	走势名称：当日涨跌幅奥术大师多
	结果：未满足
股票：300957当前涨跌幅判断-额外参数：
	分组名称：1
	走势名称：当日涨跌幅奥术大师多
	结果：未满足
额外条件未满足


===============================================

==============2021-05-12 18:00:00==============
股票：300957当前涨跌幅判断-额外参数：
	分组名称：1
	走势名称：当日涨跌幅奥术大师多
	结果：未满足
股票：300957当前涨跌幅判断-额外参数：
	分组名称：1
	走势名称：当日涨跌幅奥术大师多
	结果：未满足
额外条件未满足


===============================================

==============2021-05-12 18:00:03==============
股票：300957当前涨跌幅判断-额外参数：
	分组名称：1
	走势名称：当日涨跌幅奥术大师多
	结果：未满足
股票：300957当前涨跌幅判断-额外参数：
	分组名称：1
	走势名称：当日涨跌幅奥术大师多
	结果：未满足
额外条件未满足


===============================================

==============2021-05-12 18:00:07==============
股票：300957当前涨跌幅判断-额外参数：
	分组名称：1
	走势名称：当日涨跌幅奥术大师多
	结果：未满足
股票：300957当前涨跌幅判断-额外参数：
	分组名称：1
	走势名称：当日涨跌幅奥术大师多
	结果：未满足
额外条件未满足


===============================================

==============2021-05-12 18:00:09==============
股票：300957当前涨跌幅判断-额外参数：
	分组名称：1
	走势名称：当日涨跌幅奥术大师多
	结果：未满足
股票：300957当前涨跌幅判断-额外参数：
	分组名称：1
	走势名称：当日涨跌幅奥术大师多
	结果：未满足
额外条件未满足


===============================================

==============2021-05-12 18:00:13==============
股票：300957当前涨跌幅判断-额外参数：
	分组名称：1
	走势名称：当日涨跌幅奥术大师多
	结果：未满足
股票：300957当前涨跌幅判断-额外参数：
	分组名称：1
	走势名称：当日涨跌幅奥术大师多
	结果：未满足
额外条件未满足


===============================================

==============2021-05-12 18:00:16==============
股票：300957当前涨跌幅判断-额外参数：
	分组名称：1
	走势名称：当日涨跌幅奥术大师多
	结果：未满足
股票：300957当前涨跌幅判断-额外参数：
	分组名称：1
	走势名称：当日涨跌幅奥术大师多
	结果：未满足
额外条件未满足


===============================================

==============2021-05-12 18:00:18==============
股票：300957当前涨跌幅判断-额外参数：
	分组名称：1
	走势名称：当日涨跌幅奥术大师多
	结果：未满足
股票：300957当前涨跌幅判断-额外参数：
	分组名称：1
	走势名称：当日涨跌幅奥术大师多
	结果：未满足
额外条件未满足


===============================================

==============2021-05-12 18:00:19==============
股票：300957当前涨跌幅判断-额外参数：
	分组名称：1
	走势名称：当日涨跌幅奥术大师多
	结果：未满足
股票：300957当前涨跌幅判断-额外参数：
	分组名称：1
	走势名称：当日涨跌幅奥术大师多
	结果：未满足
额外条件未满足


===============================================

==============2021-05-12 18:00:21==============
股票：300957当前涨跌幅判断-额外参数：
	分组名称：1
	走势名称：当日涨跌幅奥术大师多
	结果：未满足
股票：300957当前涨跌幅判断-额外参数：
	分组名称：1
	走势名称：当日涨跌幅奥术大师多
	结果：未满足
额外条件未满足


===============================================

==============2021-05-12 18:00:24==============
股票：300957当前涨跌幅判断-额外参数：
	分组名称：1
	走势名称：当日涨跌幅奥术大师多
	结果：未满足
股票：300957当前涨跌幅判断-额外参数：
	分组名称：1
	走势名称：当日涨跌幅奥术大师多
	结果：未满足
额外条件未满足


===============================================

==============2021-05-12 18:00:25==============
股票：300957当前涨跌幅判断-额外参数：
	分组名称：1
	走势名称：当日涨跌幅奥术大师多
	结果：未满足
股票：300957当前涨跌幅判断-额外参数：
	分组名称：1
	走势名称：当日涨跌幅奥术大师多
	结果：未满足
额外条件未满足


===============================================

==============2021-05-12 18:00:28==============
股票：300957当前涨跌幅判断-额外参数：
	分组名称：1
	走势名称：当日涨跌幅奥术大师多
	结果：未满足
股票：300957当前涨跌幅判断-额外参数：
	分组名称：1
	走势名称：当日涨跌幅奥术大师多
	结果：未满足
额外条件未满足


===============================================

==============2021-05-12 18:00:35==============
股票：300957当前涨跌幅判断-额外参数：
	分组名称：1
	走势名称：当日涨跌幅奥术大师多
	结果：未满足
股票：300957当前涨跌幅判断-额外参数：
	分组名称：1
	走势名称：当日涨跌幅奥术大师多
	结果：未满足
额外条件未满足


===============================================

==============2021-05-12 18:00:37==============
股票：300957当前涨跌幅判断-额外参数：
	分组名称：1
	走势名称：当日涨跌幅奥术大师多
	结果：未满足
股票：300957当前涨跌幅判断-额外参数：
	分组名称：1
	走势名称：当日涨跌幅奥术大师多
	结果：未满足
额外条件未满足


===============================================

==============2021-05-12 18:00:38==============
股票：300957当前涨跌幅判断-额外参数：
	分组名称：1
	走势名称：当日涨跌幅奥术大师多
	结果：未满足
股票：300957当前涨跌幅判断-额外参数：
	分组名称：1
	走势名称：当日涨跌幅奥术大师多
	结果：未满足
额外条件未满足


===============================================

==============2021-05-12 18:00:40==============
股票：300957当前涨跌幅判断-额外参数：
	分组名称：1
	走势名称：当日涨跌幅奥术大师多
	结果：未满足
股票：300957当前涨跌幅判断-额外参数：
	分组名称：1
	走势名称：当日涨跌幅奥术大师多
	结果：未满足
额外条件未满足


===============================================

==============2021-05-12 18:00:41==============
股票：300957当前涨跌幅判断-额外参数：
	分组名称：1
	走势名称：当日涨跌幅奥术大师多
	结果：未满足
股票：300957当前涨跌幅判断-额外参数：
	分组名称：1
	走势名称：当日涨跌幅奥术大师多
	结果：未满足
额外条件未满足


===============================================

==============2021-05-12 18:00:43==============
股票：300957当前涨跌幅判断-额外参数：
	分组名称：1
	走势名称：当日涨跌幅奥术大师多
	结果：未满足
股票：300957当前涨跌幅判断-额外参数：
	分组名称：1
	走势名称：当日涨跌幅奥术大师多
	结果：未满足
额外条件未满足


===============================================

==============2021-05-12 18:00:45==============
股票：300957当前涨跌幅判断-额外参数：
	分组名称：1
	走势名称：当日涨跌幅奥术大师多
	结果：未满足
股票：300957当前涨跌幅判断-额外参数：
	分组名称：1
	走势名称：当日涨跌幅奥术大师多
	结果：未满足
额外条件未满足


===============================================

==============2021-05-12 18:00:47==============
股票：300957当前涨跌幅判断-额外参数：
	分组名称：1
	走势名称：当日涨跌幅奥术大师多
	结果：未满足
股票：300957当前涨跌幅判断-额外参数：
	分组名称：1
	走势名称：当日涨跌幅奥术大师多
	结果：未满足
额外条件未满足


===============================================

==============2021-05-12 18:00:50==============
股票：300957当前涨跌幅判断-额外参数：
	分组名称：1
	走势名称：当日涨跌幅奥术大师多
	结果：未满足
股票：300957当前涨跌幅判断-额外参数：
	分组名称：1
	走势名称：当日涨跌幅奥术大师多
	结果：未满足
额外条件未满足


===============================================

==============2021-05-12 18:00:52==============
股票：300957当前涨跌幅判断-额外参数：
	分组名称：1
	走势名称：当日涨跌幅奥术大师多
	结果：未满足
股票：300957当前涨跌幅判断-额外参数：
	分组名称：1
	走势名称：当日涨跌幅奥术大师多
	结果：未满足
额外条件未满足


===============================================

==============2021-05-12 18:00:58==============
股票：300957当前涨跌幅判断-额外参数：
	分组名称：1
	走势名称：当日涨跌幅奥术大师多
	结果：未满足
股票：300957当前涨跌幅判断-额外参数：
	分组名称：1
	走势名称：当日涨跌幅奥术大师多
	结果：未满足
额外条件未满足


===============================================

==============2021-05-12 18:00:59==============
股票：300957当前涨跌幅判断-额外参数：
	分组名称：1
	走势名称：当日涨跌幅奥术大师多
	结果：未满足
股票：300957当前涨跌幅判断-额外参数：
	分组名称：1
	走势名称：当日涨跌幅奥术大师多
	结果：未满足
额外条件未满足


===============================================

==============2021-05-12 18:01:01==============
股票：300957当前涨跌幅判断-额外参数：
	分组名称：1
	走势名称：当日涨跌幅奥术大师多
	结果：未满足
股票：300957当前涨跌幅判断-额外参数：
	分组名称：1
	走势名称：当日涨跌幅奥术大师多
	结果：未满足
额外条件未满足


===============================================

==============2021-05-12 18:01:04==============
股票：300957当前涨跌幅判断-额外参数：
	分组名称：1
	走势名称：当日涨跌幅奥术大师多
	结果：未满足
股票：300957当前涨跌幅判断-额外参数：
	分组名称：1
	走势名称：当日涨跌幅奥术大师多
	结果：未满足
额外条件未满足


===============================================

==============2021-05-12 18:01:07==============
股票：300957当前涨跌幅判断-额外参数：
	分组名称：1
	走势名称：当日涨跌幅奥术大师多
	结果：未满足
股票：300957当前涨跌幅判断-额外参数：
	分组名称：1
	走势名称：当日涨跌幅奥术大师多
	结果：未满足
额外条件未满足


===============================================

==============2021-05-12 18:01:08==============
股票：300957当前涨跌幅判断-额外参数：
	分组名称：1
	走势名称：当日涨跌幅奥术大师多
	结果：未满足
股票：300957当前涨跌幅判断-额外参数：
	分组名称：1
	走势名称：当日涨跌幅奥术大师多
	结果：未满足
额外条件未满足


===============================================

==============2021-05-12 18:01:10==============
股票：300957当前涨跌幅判断-额外参数：
	分组名称：1
	走势名称：当日涨跌幅奥术大师多
	结果：未满足
股票：300957当前涨跌幅判断-额外参数：
	分组名称：1
	走势名称：当日涨跌幅奥术大师多
	结果：未满足
额外条件未满足


===============================================

==============2021-05-12 18:01:12==============
股票：300957当前涨跌幅判断-额外参数：
	分组名称：1
	走势名称：当日涨跌幅奥术大师多
	结果：未满足
股票：300957当前涨跌幅判断-额外参数：
	分组名称：1
	走势名称：当日涨跌幅奥术大师多
	结果：未满足
额外条件未满足


===============================================

==============2021-05-12 18:01:14==============
股票：300957当前涨跌幅判断-额外参数：
	分组名称：1
	走势名称：当日涨跌幅奥术大师多
	结果：未满足
股票：300957当前涨跌幅判断-额外参数：
	分组名称：1
	走势名称：当日涨跌幅奥术大师多
	结果：未满足
额外条件未满足


===============================================

==============2021-05-12 18:01:17==============
股票：300957当前涨跌幅判断-额外参数：
	分组名称：1
	走势名称：当日涨跌幅奥术大师多
	结果：未满足
股票：300957当前涨跌幅判断-额外参数：
	分组名称：1
	走势名称：当日涨跌幅奥术大师多
	结果：未满足
额外条件未满足


===============================================

==============2021-05-12 18:01:19==============
股票：300957当前涨跌幅判断-额外参数：
	分组名称：1
	走势名称：当日涨跌幅奥术大师多
	结果：未满足
股票：300957当前涨跌幅判断-额外参数：
	分组名称：1
	走势名称：当日涨跌幅奥术大师多
	结果：未满足
额外条件未满足


===============================================

==============2021-05-12 18:01:22==============
股票：300957当前涨跌幅判断-额外参数：
	分组名称：1
	走势名称：当日涨跌幅奥术大师多
	结果：未满足
股票：300957当前涨跌幅判断-额外参数：
	分组名称：1
	走势名称：当日涨跌幅奥术大师多
	结果：未满足
额外条件未满足


===============================================

==============2021-05-12 18:01:25==============
股票：300957当前涨跌幅判断-额外参数：
	分组名称：1
	走势名称：当日涨跌幅奥术大师多
	结果：未满足
股票：300957当前涨跌幅判断-额外参数：
	分组名称：1
	走势名称：当日涨跌幅奥术大师多
	结果：未满足
额外条件未满足


===============================================

==============2021-05-12 18:01:28==============
股票：300957当前涨跌幅判断-额外参数：
	分组名称：1
	走势名称：当日涨跌幅奥术大师多
	结果：未满足
股票：300957当前涨跌幅判断-额外参数：
	分组名称：1
	走势名称：当日涨跌幅奥术大师多
	结果：未满足
额外条件未满足


===============================================

==============2021-05-12 18:21:54==============
股票：300957当前涨跌幅判断-额外参数：
	分组名称：1
	走势名称：当日涨跌幅奥术大师多
	结果：未满足
股票：300957当前涨跌幅判断-额外参数：
	分组名称：1
	走势名称：当日涨跌幅奥术大师多
	结果：未满足
额外条件未满足


===============================================

==============2021-05-12 18:21:56==============
股票：300957当前涨跌幅判断-额外参数：
	分组名称：1
	走势名称：当日涨跌幅奥术大师多
	结果：未满足
股票：300957当前涨跌幅判断-额外参数：
	分组名称：1
	走势名称：当日涨跌幅奥术大师多
	结果：未满足
额外条件未满足


===============================================

==============2021-05-12 18:21:58==============
股票：300957当前涨跌幅判断-额外参数：
	分组名称：1
	走势名称：当日涨跌幅奥术大师多
	结果：未满足
股票：300957当前涨跌幅判断-额外参数：
	分组名称：1
	走势名称：当日涨跌幅奥术大师多
	结果：未满足
额外条件未满足


===============================================

==============2021-05-12 18:21:59==============
股票：300957当前涨跌幅判断-额外参数：
	分组名称：1
	走势名称：当日涨跌幅奥术大师多
	结果：未满足
股票：300957当前涨跌幅判断-额外参数：
	分组名称：1
	走势名称：当日涨跌幅奥术大师多
	结果：未满足
额外条件未满足


===============================================

==============2021-05-12 18:22:03==============
股票：300957当前涨跌幅判断-额外参数：
	分组名称：1
	走势名称：当日涨跌幅奥术大师多
	结果：未满足
股票：300957当前涨跌幅判断-额外参数：
	分组名称：1
	走势名称：当日涨跌幅奥术大师多
	结果：未满足
额外条件未满足


===============================================

==============2021-05-12 18:22:05==============
股票：300957当前涨跌幅判断-额外参数：
	分组名称：1
	走势名称：当日涨跌幅奥术大师多
	结果：未满足
股票：300957当前涨跌幅判断-额外参数：
	分组名称：1
	走势名称：当日涨跌幅奥术大师多
	结果：未满足
额外条件未满足


===============================================

==============2021-05-12 18:22:06==============
股票：300957当前涨跌幅判断-额外参数：
	分组名称：1
	走势名称：当日涨跌幅奥术大师多
	结果：未满足
股票：300957当前涨跌幅判断-额外参数：
	分组名称：1
	走势名称：当日涨跌幅奥术大师多
	结果：未满足
额外条件未满足


===============================================

==============2021-05-12 18:22:08==============
股票：300957当前涨跌幅判断-额外参数：
	分组名称：1
	走势名称：当日涨跌幅奥术大师多
	结果：未满足
股票：300957当前涨跌幅判断-额外参数：
	分组名称：1
	走势名称：当日涨跌幅奥术大师多
	结果：未满足
额外条件未满足


===============================================

==============2021-05-12 18:22:10==============
股票：300957当前涨跌幅判断-额外参数：
	分组名称：1
	走势名称：当日涨跌幅奥术大师多
	结果：未满足
股票：300957当前涨跌幅判断-额外参数：
	分组名称：1
	走势名称：当日涨跌幅奥术大师多
	结果：未满足
额外条件未满足


===============================================

==============2021-05-12 18:22:13==============
股票：300957当前涨跌幅判断-额外参数：
	分组名称：1
	走势名称：当日涨跌幅奥术大师多
	结果：未满足
股票：300957当前涨跌幅判断-额外参数：
	分组名称：1
	走势名称：当日涨跌幅奥术大师多
	结果：未满足
额外条件未满足


===============================================

==============2021-05-12 18:22:16==============
股票：300957当前涨跌幅判断-额外参数：
	分组名称：1
	走势名称：当日涨跌幅奥术大师多
	结果：未满足
股票：300957当前涨跌幅判断-额外参数：
	分组名称：1
	走势名称：当日涨跌幅奥术大师多
	结果：未满足
额外条件未满足


===============================================

==============2021-05-12 18:22:17==============
股票：300957当前涨跌幅判断-额外参数：
	分组名称：1
	走势名称：当日涨跌幅奥术大师多
	结果：未满足
股票：300957当前涨跌幅判断-额外参数：
	分组名称：1
	走势名称：当日涨跌幅奥术大师多
	结果：未满足
额外条件未满足


===============================================

==============2021-05-12 18:22:19==============
股票：300957当前涨跌幅判断-额外参数：
	分组名称：1
	走势名称：当日涨跌幅奥术大师多
	结果：未满足
股票：300957当前涨跌幅判断-额外参数：
	分组名称：1
	走势名称：当日涨跌幅奥术大师多
	结果：未满足
额外条件未满足


===============================================

==============2021-05-12 18:22:20==============
股票：300957当前涨跌幅判断-额外参数：
	分组名称：1
	走势名称：当日涨跌幅奥术大师多
	结果：未满足
股票：300957当前涨跌幅判断-额外参数：
	分组名称：1
	走势名称：当日涨跌幅奥术大师多
	结果：未满足
额外条件未满足


===============================================

==============2021-05-12 18:22:22==============
股票：300957当前涨跌幅判断-额外参数：
	分组名称：1
	走势名称：当日涨跌幅奥术大师多
	结果：未满足
股票：300957当前涨跌幅判断-额外参数：
	分组名称：1
	走势名称：当日涨跌幅奥术大师多
	结果：未满足
额外条件未满足


===============================================

==============2021-05-12 18:22:24==============
股票：300957当前涨跌幅判断-额外参数：
	分组名称：1
	走势名称：当日涨跌幅奥术大师多
	结果：未满足
股票：300957当前涨跌幅判断-额外参数：
	分组名称：1
	走势名称：当日涨跌幅奥术大师多
	结果：未满足
额外条件未满足


===============================================

==============2021-05-12 18:22:27==============
股票：300957当前涨跌幅判断-额外参数：
	分组名称：1
	走势名称：当日涨跌幅奥术大师多
	结果：未满足
股票：300957当前涨跌幅判断-额外参数：
	分组名称：1
	走势名称：当日涨跌幅奥术大师多
	结果：未满足
额外条件未满足


===============================================

==============2021-05-12 18:22:29==============
股票：300957当前涨跌幅判断-额外参数：
	分组名称：1
	走势名称：当日涨跌幅奥术大师多
	结果：未满足
股票：300957当前涨跌幅判断-额外参数：
	分组名称：1
	走势名称：当日涨跌幅奥术大师多
	结果：未满足
额外条件未满足


===============================================

==============2021-05-12 18:22:32==============
股票：300957当前涨跌幅判断-额外参数：
	分组名称：1
	走势名称：当日涨跌幅奥术大师多
	结果：未满足
股票：300957当前涨跌幅判断-额外参数：
	分组名称：1
	走势名称：当日涨跌幅奥术大师多
	结果：未满足
额外条件未满足


===============================================

==============2021-05-12 18:22:37==============
股票：300957当前涨跌幅判断-额外参数：
	分组名称：1
	走势名称：当日涨跌幅奥术大师多
	结果：未满足
股票：300957当前涨跌幅判断-额外参数：
	分组名称：1
	走势名称：当日涨跌幅奥术大师多
	结果：未满足
额外条件未满足


===============================================

==============2021-05-12 18:23:40==============
股票：300957当前涨跌幅判断-额外参数：
	分组名称：1
	走势名称：当日涨跌幅奥术大师多
	结果：未满足
股票：300957当前涨跌幅判断-额外参数：
	分组名称：1
	走势名称：当日涨跌幅奥术大师多
	结果：未满足
额外条件未满足


===============================================

==============2021-05-12 18:24:02==============
股票：300957当前涨跌幅判断-额外参数：
	分组名称：1
	走势名称：当日涨跌幅奥术大师多
	结果：未满足
股票：300957当前涨跌幅判断-额外参数：
	分组名称：1
	走势名称：当日涨跌幅奥术大师多
	结果：未满足
额外条件未满足


===============================================

==============2021-05-12 18:24:10==============
股票：300957当前涨跌幅判断-额外参数：
	分组名称：1
	走势名称：当日涨跌幅奥术大师多
	结果：未满足
股票：300957当前涨跌幅判断-额外参数：
	分组名称：1
	走势名称：当日涨跌幅奥术大师多
	结果：未满足
额外条件未满足


===============================================

==============2021-05-12 18:24:11==============
股票：300957当前涨跌幅判断-额外参数：
	分组名称：1
	走势名称：当日涨跌幅奥术大师多
	结果：未满足
股票：300957当前涨跌幅判断-额外参数：
	分组名称：1
	走势名称：当日涨跌幅奥术大师多
	结果：未满足
额外条件未满足


===============================================

==============2021-05-12 18:24:14==============
股票：300957当前涨跌幅判断-额外参数：
	分组名称：1
	走势名称：当日涨跌幅奥术大师多
	结果：未满足
股票：300957当前涨跌幅判断-额外参数：
	分组名称：1
	走势名称：当日涨跌幅奥术大师多
	结果：未满足
额外条件未满足


===============================================

==============2021-05-12 18:24:16==============
股票：300957当前涨跌幅判断-额外参数：
	分组名称：1
	走势名称：当日涨跌幅奥术大师多
	结果：未满足
股票：300957当前涨跌幅判断-额外参数：
	分组名称：1
	走势名称：当日涨跌幅奥术大师多
	结果：未满足
额外条件未满足


===============================================

==============2021-05-12 18:24:19==============
股票：300957当前涨跌幅判断-额外参数：
	分组名称：1
	走势名称：当日涨跌幅奥术大师多
	结果：未满足
股票：300957当前涨跌幅判断-额外参数：
	分组名称：1
	走势名称：当日涨跌幅奥术大师多
	结果：未满足
额外条件未满足


===============================================

==============2021-05-12 18:24:21==============
股票：300957当前涨跌幅判断-额外参数：
	分组名称：1
	走势名称：当日涨跌幅奥术大师多
	结果：未满足
股票：300957当前涨跌幅判断-额外参数：
	分组名称：1
	走势名称：当日涨跌幅奥术大师多
	结果：未满足
额外条件未满足


===============================================

==============2021-05-12 18:25:14==============
股票：300957当前涨跌幅判断-额外参数：
	分组名称：1
	走势名称：当日涨跌幅奥术大师多
	结果：未满足
股票：300957当前涨跌幅判断-额外参数：
	分组名称：1
	走势名称：当日涨跌幅奥术大师多
	结果：未满足
额外条件未满足


===============================================

==============2021-05-12 18:25:27==============
股票：300957当前涨跌幅判断-额外参数：
	分组名称：1
	走势名称：当日涨跌幅奥术大师多
	结果：未满足
股票：300957当前涨跌幅判断-额外参数：
	分组名称：1
	走势名称：当日涨跌幅奥术大师多
	结果：未满足
额外条件未满足


===============================================

==============2021-05-12 18:26:42==============
股票：300957当前涨跌幅判断-额外参数：
	分组名称：1
	走势名称：当日涨跌幅奥术大师多
	结果：未满足
股票：300957当前涨跌幅判断-额外参数：
	分组名称：1
	走势名称：当日涨跌幅奥术大师多
	结果：未满足
额外条件未满足


===============================================

==============2021-05-12 18:27:00==============
股票：300957当前涨跌幅判断-额外参数：
	分组名称：1
	走势名称：当日涨跌幅奥术大师多
	结果：未满足
股票：300957当前涨跌幅判断-额外参数：
	分组名称：1
	走势名称：当日涨跌幅奥术大师多
	结果：未满足
额外条件未满足


===============================================

==============2021-05-12 18:27:03==============
股票：300957当前涨跌幅判断-额外参数：
	分组名称：1
	走势名称：当日涨跌幅奥术大师多
	结果：未满足
股票：300957当前涨跌幅判断-额外参数：
	分组名称：1
	走势名称：当日涨跌幅奥术大师多
	结果：未满足
额外条件未满足


===============================================

==============2021-05-12 18:27:07==============
股票：300957当前涨跌幅判断-额外参数：
	分组名称：1
	走势名称：当日涨跌幅奥术大师多
	结果：未满足
股票：300957当前涨跌幅判断-额外参数：
	分组名称：1
	走势名称：当日涨跌幅奥术大师多
	结果：未满足
额外条件未满足


===============================================

==============2021-05-12 18:27:08==============
股票：300957当前涨跌幅判断-额外参数：
	分组名称：1
	走势名称：当日涨跌幅奥术大师多
	结果：未满足
股票：300957当前涨跌幅判断-额外参数：
	分组名称：1
	走势名称：当日涨跌幅奥术大师多
	结果：未满足
额外条件未满足


===============================================

==============2021-05-12 18:27:10==============
股票：300957当前涨跌幅判断-额外参数：
	分组名称：1
	走势名称：当日涨跌幅奥术大师多
	结果：未满足
股票：300957当前涨跌幅判断-额外参数：
	分组名称：1
	走势名称：当日涨跌幅奥术大师多
	结果：未满足
额外条件未满足


===============================================

==============2021-05-12 18:27:11==============
股票：300957当前涨跌幅判断-额外参数：
	分组名称：1
	走势名称：当日涨跌幅奥术大师多
	结果：未满足
股票：300957当前涨跌幅判断-额外参数：
	分组名称：1
	走势名称：当日涨跌幅奥术大师多
	结果：未满足
额外条件未满足


===============================================

==============2021-05-12 18:27:15==============
股票：300957当前涨跌幅判断-额外参数：
	分组名称：1
	走势名称：当日涨跌幅奥术大师多
	结果：未满足
股票：300957当前涨跌幅判断-额外参数：
	分组名称：1
	走势名称：当日涨跌幅奥术大师多
	结果：未满足
额外条件未满足


===============================================

==============2021-05-12 18:27:18==============
股票：300957当前涨跌幅判断-额外参数：
	分组名称：1
	走势名称：当日涨跌幅奥术大师多
	结果：未满足
股票：300957当前涨跌幅判断-额外参数：
	分组名称：1
	走势名称：当日涨跌幅奥术大师多
	结果：未满足
额外条件未满足


===============================================

==============2021-05-12 18:28:58==============
股票：300957当前涨跌幅判断-额外参数：
	分组名称：1
	走势名称：当日涨跌幅奥术大师多
	结果：未满足
股票：300957当前涨跌幅判断-额外参数：
	分组名称：1
	走势名称：当日涨跌幅奥术大师多
	结果：未满足
额外条件未满足


===============================================

