==============2021-04-30 14:44:47==============
股票：300957当前涨跌幅判断-额外参数：
	分组名称：1
	走势名称：当日涨跌幅奥术大师多
	结果：未满足
股票：300957当前涨跌幅判断-额外参数：
	分组名称：1
	走势名称：当日涨跌幅奥术大师多
	结果：未满足
额外条件未满足


===============================================

==============2021-04-30 14:44:48==============
股票：300957当前涨跌幅判断-额外参数：
	分组名称：1
	走势名称：当日涨跌幅奥术大师多
	结果：未满足
股票：300957当前涨跌幅判断-额外参数：
	分组名称：1
	走势名称：当日涨跌幅奥术大师多
	结果：未满足
额外条件未满足


===============================================

==============2021-04-30 14:44:50==============
股票：300957当前涨跌幅判断-额外参数：
	分组名称：1
	走势名称：当日涨跌幅奥术大师多
	结果：未满足
股票：300957当前涨跌幅判断-额外参数：
	分组名称：1
	走势名称：当日涨跌幅奥术大师多
	结果：未满足
额外条件未满足


===============================================

==============2021-04-30 14:44:51==============
股票：300957当前涨跌幅判断-额外参数：
	分组名称：1
	走势名称：当日涨跌幅奥术大师多
	结果：未满足
股票：300957当前涨跌幅判断-额外参数：
	分组名称：1
	走势名称：当日涨跌幅奥术大师多
	结果：未满足
额外条件未满足


===============================================

==============2021-04-30 14:44:53==============
股票：300957当前涨跌幅判断-额外参数：
	分组名称：1
	走势名称：当日涨跌幅奥术大师多
	结果：未满足
股票：300957当前涨跌幅判断-额外参数：
	分组名称：1
	走势名称：当日涨跌幅奥术大师多
	结果：未满足
额外条件未满足


===============================================

==============2021-04-30 14:44:55==============
股票：300957当前涨跌幅判断-额外参数：
	分组名称：1
	走势名称：当日涨跌幅奥术大师多
	结果：未满足
股票：300957当前涨跌幅判断-额外参数：
	分组名称：1
	走势名称：当日涨跌幅奥术大师多
	结果：未满足
额外条件未满足


===============================================

==============2021-04-30 14:44:56==============
股票：300957当前涨跌幅判断-额外参数：
	分组名称：1
	走势名称：当日涨跌幅奥术大师多
	结果：未满足
股票：300957当前涨跌幅判断-额外参数：
	分组名称：1
	走势名称：当日涨跌幅奥术大师多
	结果：未满足
额外条件未满足


===============================================

==============2021-04-30 14:44:57==============
股票：300957当前涨跌幅判断-额外参数：
	分组名称：1
	走势名称：当日涨跌幅奥术大师多
	结果：未满足
股票：300957当前涨跌幅判断-额外参数：
	分组名称：1
	走势名称：当日涨跌幅奥术大师多
	结果：未满足
额外条件未满足


===============================================

==============2021-04-30 14:45:00==============
股票：300957当前涨跌幅判断-额外参数：
	分组名称：1
	走势名称：当日涨跌幅奥术大师多
	结果：未满足
股票：300957当前涨跌幅判断-额外参数：
	分组名称：1
	走势名称：当日涨跌幅奥术大师多
	结果：未满足
额外条件未满足


===============================================

==============2021-04-30 14:45:01==============
股票：300957当前涨跌幅判断-额外参数：
	分组名称：1
	走势名称：当日涨跌幅奥术大师多
	结果：未满足
股票：300957当前涨跌幅判断-额外参数：
	分组名称：1
	走势名称：当日涨跌幅奥术大师多
	结果：未满足
额外条件未满足


===============================================

==============2021-04-30 14:45:02==============
股票：300957当前涨跌幅判断-额外参数：
	分组名称：1
	走势名称：当日涨跌幅奥术大师多
	结果：未满足
股票：300957当前涨跌幅判断-额外参数：
	分组名称：1
	走势名称：当日涨跌幅奥术大师多
	结果：未满足
额外条件未满足


===============================================

==============2021-04-30 14:45:04==============
股票：300957当前涨跌幅判断-额外参数：
	分组名称：1
	走势名称：当日涨跌幅奥术大师多
	结果：未满足
股票：300957当前涨跌幅判断-额外参数：
	分组名称：1
	走势名称：当日涨跌幅奥术大师多
	结果：未满足
额外条件未满足


===============================================

==============2021-04-30 14:45:06==============
股票：300957当前涨跌幅判断-额外参数：
	分组名称：1
	走势名称：当日涨跌幅奥术大师多
	结果：未满足
股票：300957当前涨跌幅判断-额外参数：
	分组名称：1
	走势名称：当日涨跌幅奥术大师多
	结果：未满足
额外条件未满足


===============================================

==============2021-04-30 14:45:07==============
股票：300957当前涨跌幅判断-额外参数：
	分组名称：1
	走势名称：当日涨跌幅奥术大师多
	结果：未满足
股票：300957当前涨跌幅判断-额外参数：
	分组名称：1
	走势名称：当日涨跌幅奥术大师多
	结果：未满足
额外条件未满足


===============================================

==============2021-04-30 14:45:09==============
股票：300957当前涨跌幅判断-额外参数：
	分组名称：1
	走势名称：当日涨跌幅奥术大师多
	结果：未满足
股票：300957当前涨跌幅判断-额外参数：
	分组名称：1
	走势名称：当日涨跌幅奥术大师多
	结果：未满足
额外条件未满足


===============================================

==============2021-04-30 14:45:10==============
股票：300957当前涨跌幅判断-额外参数：
	分组名称：1
	走势名称：当日涨跌幅奥术大师多
	结果：未满足
股票：300957当前涨跌幅判断-额外参数：
	分组名称：1
	走势名称：当日涨跌幅奥术大师多
	结果：未满足
额外条件未满足


===============================================

==============2021-04-30 14:45:12==============
股票：300957当前涨跌幅判断-额外参数：
	分组名称：1
	走势名称：当日涨跌幅奥术大师多
	结果：未满足
股票：300957当前涨跌幅判断-额外参数：
	分组名称：1
	走势名称：当日涨跌幅奥术大师多
	结果：未满足
额外条件未满足


===============================================

==============2021-04-30 14:45:13==============
股票：300957当前涨跌幅判断-额外参数：
	分组名称：1
	走势名称：当日涨跌幅奥术大师多
	结果：未满足
股票：300957当前涨跌幅判断-额外参数：
	分组名称：1
	走势名称：当日涨跌幅奥术大师多
	结果：未满足
额外条件未满足


===============================================

==============2021-04-30 14:45:14==============
股票：300957当前涨跌幅判断-额外参数：
	分组名称：1
	走势名称：当日涨跌幅奥术大师多
	结果：未满足
股票：300957当前涨跌幅判断-额外参数：
	分组名称：1
	走势名称：当日涨跌幅奥术大师多
	结果：未满足
额外条件未满足


===============================================

==============2021-04-30 14:45:16==============
股票：300957当前涨跌幅判断-额外参数：
	分组名称：1
	走势名称：当日涨跌幅奥术大师多
	结果：未满足
股票：300957当前涨跌幅判断-额外参数：
	分组名称：1
	走势名称：当日涨跌幅奥术大师多
	结果：未满足
额外条件未满足


===============================================

==============2021-04-30 14:46:42==============
股票：300957当前涨跌幅判断-额外参数：
	分组名称：1
	走势名称：当日涨跌幅奥术大师多
	结果：未满足
股票：300957当前涨跌幅判断-额外参数：
	分组名称：1
	走势名称：当日涨跌幅奥术大师多
	结果：未满足
额外条件未满足


===============================================

==============2021-04-30 14:46:43==============
股票：300957当前涨跌幅判断-额外参数：
	分组名称：1
	走势名称：当日涨跌幅奥术大师多
	结果：未满足
股票：300957当前涨跌幅判断-额外参数：
	分组名称：1
	走势名称：当日涨跌幅奥术大师多
	结果：未满足
额外条件未满足


===============================================

==============2021-04-30 14:46:44==============
股票：300957当前涨跌幅判断-额外参数：
	分组名称：1
	走势名称：当日涨跌幅奥术大师多
	结果：未满足
股票：300957当前涨跌幅判断-额外参数：
	分组名称：1
	走势名称：当日涨跌幅奥术大师多
	结果：未满足
额外条件未满足


===============================================

==============2021-04-30 14:46:46==============
股票：300957当前涨跌幅判断-额外参数：
	分组名称：1
	走势名称：当日涨跌幅奥术大师多
	结果：未满足
股票：300957当前涨跌幅判断-额外参数：
	分组名称：1
	走势名称：当日涨跌幅奥术大师多
	结果：未满足
额外条件未满足


===============================================

==============2021-04-30 14:46:48==============
股票：300957当前涨跌幅判断-额外参数：
	分组名称：1
	走势名称：当日涨跌幅奥术大师多
	结果：未满足
股票：300957当前涨跌幅判断-额外参数：
	分组名称：1
	走势名称：当日涨跌幅奥术大师多
	结果：未满足
额外条件未满足


===============================================

==============2021-04-30 14:46:49==============
股票：300957当前涨跌幅判断-额外参数：
	分组名称：1
	走势名称：当日涨跌幅奥术大师多
	结果：未满足
股票：300957当前涨跌幅判断-额外参数：
	分组名称：1
	走势名称：当日涨跌幅奥术大师多
	结果：未满足
额外条件未满足


===============================================

==============2021-04-30 14:46:51==============
股票：300957当前涨跌幅判断-额外参数：
	分组名称：1
	走势名称：当日涨跌幅奥术大师多
	结果：未满足
股票：300957当前涨跌幅判断-额外参数：
	分组名称：1
	走势名称：当日涨跌幅奥术大师多
	结果：未满足
额外条件未满足


===============================================

==============2021-04-30 14:46:52==============
股票：300957当前涨跌幅判断-额外参数：
	分组名称：1
	走势名称：当日涨跌幅奥术大师多
	结果：未满足
股票：300957当前涨跌幅判断-额外参数：
	分组名称：1
	走势名称：当日涨跌幅奥术大师多
	结果：未满足
额外条件未满足


===============================================

==============2021-04-30 14:46:53==============
股票：300957当前涨跌幅判断-额外参数：
	分组名称：1
	走势名称：当日涨跌幅奥术大师多
	结果：未满足
股票：300957当前涨跌幅判断-额外参数：
	分组名称：1
	走势名称：当日涨跌幅奥术大师多
	结果：未满足
额外条件未满足


===============================================

==============2021-04-30 14:46:54==============
股票：300957当前涨跌幅判断-额外参数：
	分组名称：1
	走势名称：当日涨跌幅奥术大师多
	结果：未满足
股票：300957当前涨跌幅判断-额外参数：
	分组名称：1
	走势名称：当日涨跌幅奥术大师多
	结果：未满足
额外条件未满足


===============================================

==============2021-04-30 14:46:56==============
股票：300957当前涨跌幅判断-额外参数：
	分组名称：1
	走势名称：当日涨跌幅奥术大师多
	结果：未满足
股票：300957当前涨跌幅判断-额外参数：
	分组名称：1
	走势名称：当日涨跌幅奥术大师多
	结果：未满足
额外条件未满足


===============================================

==============2021-04-30 14:46:57==============
股票：300957当前涨跌幅判断-额外参数：
	分组名称：1
	走势名称：当日涨跌幅奥术大师多
	结果：未满足
股票：300957当前涨跌幅判断-额外参数：
	分组名称：1
	走势名称：当日涨跌幅奥术大师多
	结果：未满足
额外条件未满足


===============================================

==============2021-04-30 14:46:59==============
股票：300957当前涨跌幅判断-额外参数：
	分组名称：1
	走势名称：当日涨跌幅奥术大师多
	结果：未满足
股票：300957当前涨跌幅判断-额外参数：
	分组名称：1
	走势名称：当日涨跌幅奥术大师多
	结果：未满足
额外条件未满足


===============================================

==============2021-04-30 14:47:00==============
股票：300957当前涨跌幅判断-额外参数：
	分组名称：1
	走势名称：当日涨跌幅奥术大师多
	结果：未满足
股票：300957当前涨跌幅判断-额外参数：
	分组名称：1
	走势名称：当日涨跌幅奥术大师多
	结果：未满足
额外条件未满足


===============================================

==============2021-04-30 14:47:01==============
股票：300957当前涨跌幅判断-额外参数：
	分组名称：1
	走势名称：当日涨跌幅奥术大师多
	结果：未满足
股票：300957当前涨跌幅判断-额外参数：
	分组名称：1
	走势名称：当日涨跌幅奥术大师多
	结果：未满足
额外条件未满足


===============================================

==============2021-04-30 14:47:03==============
股票：300957当前涨跌幅判断-额外参数：
	分组名称：1
	走势名称：当日涨跌幅奥术大师多
	结果：未满足
股票：300957当前涨跌幅判断-额外参数：
	分组名称：1
	走势名称：当日涨跌幅奥术大师多
	结果：未满足
额外条件未满足


===============================================

==============2021-04-30 14:47:05==============
股票：300957当前涨跌幅判断-额外参数：
	分组名称：1
	走势名称：当日涨跌幅奥术大师多
	结果：未满足
股票：300957当前涨跌幅判断-额外参数：
	分组名称：1
	走势名称：当日涨跌幅奥术大师多
	结果：未满足
额外条件未满足


===============================================

==============2021-04-30 14:47:07==============
股票：300957当前涨跌幅判断-额外参数：
	分组名称：1
	走势名称：当日涨跌幅奥术大师多
	结果：未满足
股票：300957当前涨跌幅判断-额外参数：
	分组名称：1
	走势名称：当日涨跌幅奥术大师多
	结果：未满足
额外条件未满足


===============================================

==============2021-04-30 14:47:08==============
股票：300957当前涨跌幅判断-额外参数：
	分组名称：1
	走势名称：当日涨跌幅奥术大师多
	结果：未满足
股票：300957当前涨跌幅判断-额外参数：
	分组名称：1
	走势名称：当日涨跌幅奥术大师多
	结果：未满足
额外条件未满足


===============================================

==============2021-04-30 14:47:10==============
股票：300957当前涨跌幅判断-额外参数：
	分组名称：1
	走势名称：当日涨跌幅奥术大师多
	结果：未满足
股票：300957当前涨跌幅判断-额外参数：
	分组名称：1
	走势名称：当日涨跌幅奥术大师多
	结果：未满足
额外条件未满足


===============================================

==============2021-04-30 14:47:11==============
股票：300957当前涨跌幅判断-额外参数：
	分组名称：1
	走势名称：当日涨跌幅奥术大师多
	结果：未满足
股票：300957当前涨跌幅判断-额外参数：
	分组名称：1
	走势名称：当日涨跌幅奥术大师多
	结果：未满足
额外条件未满足


===============================================

==============2021-04-30 14:47:12==============
股票：300957当前涨跌幅判断-额外参数：
	分组名称：1
	走势名称：当日涨跌幅奥术大师多
	结果：未满足
股票：300957当前涨跌幅判断-额外参数：
	分组名称：1
	走势名称：当日涨跌幅奥术大师多
	结果：未满足
额外条件未满足


===============================================

==============2021-04-30 14:47:14==============
股票：300957当前涨跌幅判断-额外参数：
	分组名称：1
	走势名称：当日涨跌幅奥术大师多
	结果：未满足
股票：300957当前涨跌幅判断-额外参数：
	分组名称：1
	走势名称：当日涨跌幅奥术大师多
	结果：未满足
额外条件未满足


===============================================

==============2021-04-30 14:47:15==============
股票：300957当前涨跌幅判断-额外参数：
	分组名称：1
	走势名称：当日涨跌幅奥术大师多
	结果：未满足
股票：300957当前涨跌幅判断-额外参数：
	分组名称：1
	走势名称：当日涨跌幅奥术大师多
	结果：未满足
额外条件未满足


===============================================

==============2021-04-30 14:47:16==============
股票：300957当前涨跌幅判断-额外参数：
	分组名称：1
	走势名称：当日涨跌幅奥术大师多
	结果：未满足
股票：300957当前涨跌幅判断-额外参数：
	分组名称：1
	走势名称：当日涨跌幅奥术大师多
	结果：未满足
额外条件未满足


===============================================

==============2021-04-30 14:47:18==============
股票：300957当前涨跌幅判断-额外参数：
	分组名称：1
	走势名称：当日涨跌幅奥术大师多
	结果：未满足
股票：300957当前涨跌幅判断-额外参数：
	分组名称：1
	走势名称：当日涨跌幅奥术大师多
	结果：未满足
额外条件未满足


===============================================

==============2021-04-30 14:47:20==============
股票：300957当前涨跌幅判断-额外参数：
	分组名称：1
	走势名称：当日涨跌幅奥术大师多
	结果：未满足
股票：300957当前涨跌幅判断-额外参数：
	分组名称：1
	走势名称：当日涨跌幅奥术大师多
	结果：未满足
额外条件未满足


===============================================

==============2021-04-30 14:47:22==============
股票：300957当前涨跌幅判断-额外参数：
	分组名称：1
	走势名称：当日涨跌幅奥术大师多
	结果：未满足
股票：300957当前涨跌幅判断-额外参数：
	分组名称：1
	走势名称：当日涨跌幅奥术大师多
	结果：未满足
额外条件未满足


===============================================

==============2021-04-30 14:47:23==============
股票：300957当前涨跌幅判断-额外参数：
	分组名称：1
	走势名称：当日涨跌幅奥术大师多
	结果：未满足
股票：300957当前涨跌幅判断-额外参数：
	分组名称：1
	走势名称：当日涨跌幅奥术大师多
	结果：未满足
额外条件未满足


===============================================

==============2021-04-30 14:47:24==============
股票：300957当前涨跌幅判断-额外参数：
	分组名称：1
	走势名称：当日涨跌幅奥术大师多
	结果：未满足
股票：300957当前涨跌幅判断-额外参数：
	分组名称：1
	走势名称：当日涨跌幅奥术大师多
	结果：未满足
额外条件未满足


===============================================

==============2021-04-30 14:47:26==============
股票：300957当前涨跌幅判断-额外参数：
	分组名称：1
	走势名称：当日涨跌幅奥术大师多
	结果：未满足
股票：300957当前涨跌幅判断-额外参数：
	分组名称：1
	走势名称：当日涨跌幅奥术大师多
	结果：未满足
额外条件未满足


===============================================

==============2021-04-30 14:47:27==============
股票：300957当前涨跌幅判断-额外参数：
	分组名称：1
	走势名称：当日涨跌幅奥术大师多
	结果：未满足
股票：300957当前涨跌幅判断-额外参数：
	分组名称：1
	走势名称：当日涨跌幅奥术大师多
	结果：未满足
额外条件未满足


===============================================

==============2021-04-30 14:47:29==============
股票：300957当前涨跌幅判断-额外参数：
	分组名称：1
	走势名称：当日涨跌幅奥术大师多
	结果：未满足
股票：300957当前涨跌幅判断-额外参数：
	分组名称：1
	走势名称：当日涨跌幅奥术大师多
	结果：未满足
额外条件未满足


===============================================

==============2021-04-30 14:47:30==============
股票：300957当前涨跌幅判断-额外参数：
	分组名称：1
	走势名称：当日涨跌幅奥术大师多
	结果：未满足
股票：300957当前涨跌幅判断-额外参数：
	分组名称：1
	走势名称：当日涨跌幅奥术大师多
	结果：未满足
额外条件未满足


===============================================

==============2021-04-30 14:47:31==============
股票：300957当前涨跌幅判断-额外参数：
	分组名称：1
	走势名称：当日涨跌幅奥术大师多
	结果：未满足
股票：300957当前涨跌幅判断-额外参数：
	分组名称：1
	走势名称：当日涨跌幅奥术大师多
	结果：未满足
额外条件未满足


===============================================

==============2021-04-30 14:47:33==============
股票：300957当前涨跌幅判断-额外参数：
	分组名称：1
	走势名称：当日涨跌幅奥术大师多
	结果：未满足
股票：300957当前涨跌幅判断-额外参数：
	分组名称：1
	走势名称：当日涨跌幅奥术大师多
	结果：未满足
额外条件未满足


===============================================

==============2021-04-30 14:47:34==============
股票：300957当前涨跌幅判断-额外参数：
	分组名称：1
	走势名称：当日涨跌幅奥术大师多
	结果：未满足
股票：300957当前涨跌幅判断-额外参数：
	分组名称：1
	走势名称：当日涨跌幅奥术大师多
	结果：未满足
额外条件未满足


===============================================

==============2021-04-30 14:47:36==============
股票：300957当前涨跌幅判断-额外参数：
	分组名称：1
	走势名称：当日涨跌幅奥术大师多
	结果：未满足
股票：300957当前涨跌幅判断-额外参数：
	分组名称：1
	走势名称：当日涨跌幅奥术大师多
	结果：未满足
额外条件未满足


===============================================

==============2021-04-30 14:47:37==============
股票：300957当前涨跌幅判断-额外参数：
	分组名称：1
	走势名称：当日涨跌幅奥术大师多
	结果：未满足
股票：300957当前涨跌幅判断-额外参数：
	分组名称：1
	走势名称：当日涨跌幅奥术大师多
	结果：未满足
额外条件未满足


===============================================

==============2021-04-30 14:47:39==============
股票：300957当前涨跌幅判断-额外参数：
	分组名称：1
	走势名称：当日涨跌幅奥术大师多
	结果：未满足
股票：300957当前涨跌幅判断-额外参数：
	分组名称：1
	走势名称：当日涨跌幅奥术大师多
	结果：未满足
额外条件未满足


===============================================

==============2021-04-30 14:47:40==============
股票：300957当前涨跌幅判断-额外参数：
	分组名称：1
	走势名称：当日涨跌幅奥术大师多
	结果：未满足
股票：300957当前涨跌幅判断-额外参数：
	分组名称：1
	走势名称：当日涨跌幅奥术大师多
	结果：未满足
额外条件未满足


===============================================

==============2021-04-30 14:47:41==============
股票：300957当前涨跌幅判断-额外参数：
	分组名称：1
	走势名称：当日涨跌幅奥术大师多
	结果：未满足
股票：300957当前涨跌幅判断-额外参数：
	分组名称：1
	走势名称：当日涨跌幅奥术大师多
	结果：未满足
额外条件未满足


===============================================

==============2021-04-30 14:47:42==============
股票：300957当前涨跌幅判断-额外参数：
	分组名称：1
	走势名称：当日涨跌幅奥术大师多
	结果：未满足
股票：300957当前涨跌幅判断-额外参数：
	分组名称：1
	走势名称：当日涨跌幅奥术大师多
	结果：未满足
额外条件未满足


===============================================

==============2021-04-30 14:47:44==============
股票：300957当前涨跌幅判断-额外参数：
	分组名称：1
	走势名称：当日涨跌幅奥术大师多
	结果：未满足
股票：300957当前涨跌幅判断-额外参数：
	分组名称：1
	走势名称：当日涨跌幅奥术大师多
	结果：未满足
额外条件未满足


===============================================

==============2021-04-30 14:47:46==============
股票：300957当前涨跌幅判断-额外参数：
	分组名称：1
	走势名称：当日涨跌幅奥术大师多
	结果：未满足
股票：300957当前涨跌幅判断-额外参数：
	分组名称：1
	走势名称：当日涨跌幅奥术大师多
	结果：未满足
额外条件未满足


===============================================

==============2021-04-30 14:47:48==============
股票：300957当前涨跌幅判断-额外参数：
	分组名称：1
	走势名称：当日涨跌幅奥术大师多
	结果：未满足
股票：300957当前涨跌幅判断-额外参数：
	分组名称：1
	走势名称：当日涨跌幅奥术大师多
	结果：未满足
额外条件未满足


===============================================

==============2021-04-30 14:47:49==============
股票：300957当前涨跌幅判断-额外参数：
	分组名称：1
	走势名称：当日涨跌幅奥术大师多
	结果：未满足
股票：300957当前涨跌幅判断-额外参数：
	分组名称：1
	走势名称：当日涨跌幅奥术大师多
	结果：未满足
额外条件未满足


===============================================

==============2021-04-30 14:47:51==============
股票：300957当前涨跌幅判断-额外参数：
	分组名称：1
	走势名称：当日涨跌幅奥术大师多
	结果：未满足
股票：300957当前涨跌幅判断-额外参数：
	分组名称：1
	走势名称：当日涨跌幅奥术大师多
	结果：未满足
额外条件未满足


===============================================

==============2021-04-30 14:47:53==============
股票：300957当前涨跌幅判断-额外参数：
	分组名称：1
	走势名称：当日涨跌幅奥术大师多
	结果：未满足
股票：300957当前涨跌幅判断-额外参数：
	分组名称：1
	走势名称：当日涨跌幅奥术大师多
	结果：未满足
额外条件未满足


===============================================

==============2021-04-30 14:47:56==============
股票：300957当前涨跌幅判断-额外参数：
	分组名称：1
	走势名称：当日涨跌幅奥术大师多
	结果：未满足
股票：300957当前涨跌幅判断-额外参数：
	分组名称：1
	走势名称：当日涨跌幅奥术大师多
	结果：未满足
额外条件未满足


===============================================

==============2021-04-30 14:47:57==============
股票：300957当前涨跌幅判断-额外参数：
	分组名称：1
	走势名称：当日涨跌幅奥术大师多
	结果：未满足
股票：300957当前涨跌幅判断-额外参数：
	分组名称：1
	走势名称：当日涨跌幅奥术大师多
	结果：未满足
额外条件未满足


===============================================

==============2021-04-30 14:47:58==============
股票：300957当前涨跌幅判断-额外参数：
	分组名称：1
	走势名称：当日涨跌幅奥术大师多
	结果：未满足
股票：300957当前涨跌幅判断-额外参数：
	分组名称：1
	走势名称：当日涨跌幅奥术大师多
	结果：未满足
额外条件未满足


===============================================

==============2021-04-30 14:48:00==============
股票：300957当前涨跌幅判断-额外参数：
	分组名称：1
	走势名称：当日涨跌幅奥术大师多
	结果：未满足
股票：300957当前涨跌幅判断-额外参数：
	分组名称：1
	走势名称：当日涨跌幅奥术大师多
	结果：未满足
额外条件未满足


===============================================

==============2021-04-30 14:48:01==============
股票：300957当前涨跌幅判断-额外参数：
	分组名称：1
	走势名称：当日涨跌幅奥术大师多
	结果：未满足
股票：300957当前涨跌幅判断-额外参数：
	分组名称：1
	走势名称：当日涨跌幅奥术大师多
	结果：未满足
额外条件未满足


===============================================

==============2021-04-30 14:48:03==============
股票：300957当前涨跌幅判断-额外参数：
	分组名称：1
	走势名称：当日涨跌幅奥术大师多
	结果：未满足
股票：300957当前涨跌幅判断-额外参数：
	分组名称：1
	走势名称：当日涨跌幅奥术大师多
	结果：未满足
额外条件未满足


===============================================

==============2021-04-30 14:48:04==============
股票：300957当前涨跌幅判断-额外参数：
	分组名称：1
	走势名称：当日涨跌幅奥术大师多
	结果：未满足
股票：300957当前涨跌幅判断-额外参数：
	分组名称：1
	走势名称：当日涨跌幅奥术大师多
	结果：未满足
额外条件未满足


===============================================

==============2021-04-30 14:48:05==============
股票：300957当前涨跌幅判断-额外参数：
	分组名称：1
	走势名称：当日涨跌幅奥术大师多
	结果：未满足
股票：300957当前涨跌幅判断-额外参数：
	分组名称：1
	走势名称：当日涨跌幅奥术大师多
	结果：未满足
额外条件未满足


===============================================

==============2021-04-30 14:48:07==============
股票：300957当前涨跌幅判断-额外参数：
	分组名称：1
	走势名称：当日涨跌幅奥术大师多
	结果：未满足
股票：300957当前涨跌幅判断-额外参数：
	分组名称：1
	走势名称：当日涨跌幅奥术大师多
	结果：未满足
额外条件未满足


===============================================

==============2021-04-30 14:48:09==============
股票：300957当前涨跌幅判断-额外参数：
	分组名称：1
	走势名称：当日涨跌幅奥术大师多
	结果：未满足
股票：300957当前涨跌幅判断-额外参数：
	分组名称：1
	走势名称：当日涨跌幅奥术大师多
	结果：未满足
额外条件未满足


===============================================

==============2021-04-30 14:48:10==============
股票：300957当前涨跌幅判断-额外参数：
	分组名称：1
	走势名称：当日涨跌幅奥术大师多
	结果：未满足
股票：300957当前涨跌幅判断-额外参数：
	分组名称：1
	走势名称：当日涨跌幅奥术大师多
	结果：未满足
额外条件未满足


===============================================

==============2021-04-30 14:48:12==============
股票：300957当前涨跌幅判断-额外参数：
	分组名称：1
	走势名称：当日涨跌幅奥术大师多
	结果：未满足
股票：300957当前涨跌幅判断-额外参数：
	分组名称：1
	走势名称：当日涨跌幅奥术大师多
	结果：未满足
额外条件未满足


===============================================

==============2021-04-30 14:48:14==============
股票：300957当前涨跌幅判断-额外参数：
	分组名称：1
	走势名称：当日涨跌幅奥术大师多
	结果：未满足
股票：300957当前涨跌幅判断-额外参数：
	分组名称：1
	走势名称：当日涨跌幅奥术大师多
	结果：未满足
额外条件未满足


===============================================

==============2021-04-30 14:48:17==============
股票：300957当前涨跌幅判断-额外参数：
	分组名称：1
	走势名称：当日涨跌幅奥术大师多
	结果：未满足
股票：300957当前涨跌幅判断-额外参数：
	分组名称：1
	走势名称：当日涨跌幅奥术大师多
	结果：未满足
额外条件未满足


===============================================

==============2021-04-30 14:48:18==============
股票：300957当前涨跌幅判断-额外参数：
	分组名称：1
	走势名称：当日涨跌幅奥术大师多
	结果：未满足
股票：300957当前涨跌幅判断-额外参数：
	分组名称：1
	走势名称：当日涨跌幅奥术大师多
	结果：未满足
额外条件未满足


===============================================

==============2021-04-30 14:48:19==============
股票：300957当前涨跌幅判断-额外参数：
	分组名称：1
	走势名称：当日涨跌幅奥术大师多
	结果：未满足
股票：300957当前涨跌幅判断-额外参数：
	分组名称：1
	走势名称：当日涨跌幅奥术大师多
	结果：未满足
额外条件未满足


===============================================

==============2021-04-30 14:48:20==============
股票：300957当前涨跌幅判断-额外参数：
	分组名称：1
	走势名称：当日涨跌幅奥术大师多
	结果：未满足
股票：300957当前涨跌幅判断-额外参数：
	分组名称：1
	走势名称：当日涨跌幅奥术大师多
	结果：未满足
额外条件未满足


===============================================

==============2021-04-30 14:48:22==============
股票：300957当前涨跌幅判断-额外参数：
	分组名称：1
	走势名称：当日涨跌幅奥术大师多
	结果：未满足
股票：300957当前涨跌幅判断-额外参数：
	分组名称：1
	走势名称：当日涨跌幅奥术大师多
	结果：未满足
额外条件未满足


===============================================

==============2021-04-30 14:48:24==============
股票：300957当前涨跌幅判断-额外参数：
	分组名称：1
	走势名称：当日涨跌幅奥术大师多
	结果：未满足
股票：300957当前涨跌幅判断-额外参数：
	分组名称：1
	走势名称：当日涨跌幅奥术大师多
	结果：未满足
额外条件未满足


===============================================

==============2021-04-30 14:48:25==============
股票：300957当前涨跌幅判断-额外参数：
	分组名称：1
	走势名称：当日涨跌幅奥术大师多
	结果：未满足
股票：300957当前涨跌幅判断-额外参数：
	分组名称：1
	走势名称：当日涨跌幅奥术大师多
	结果：未满足
额外条件未满足


===============================================

==============2021-04-30 14:48:26==============
股票：300957当前涨跌幅判断-额外参数：
	分组名称：1
	走势名称：当日涨跌幅奥术大师多
	结果：未满足
股票：300957当前涨跌幅判断-额外参数：
	分组名称：1
	走势名称：当日涨跌幅奥术大师多
	结果：未满足
额外条件未满足


===============================================

==============2021-04-30 14:48:28==============
股票：300957当前涨跌幅判断-额外参数：
	分组名称：1
	走势名称：当日涨跌幅奥术大师多
	结果：未满足
股票：300957当前涨跌幅判断-额外参数：
	分组名称：1
	走势名称：当日涨跌幅奥术大师多
	结果：未满足
额外条件未满足


===============================================

==============2021-04-30 14:48:29==============
股票：300957当前涨跌幅判断-额外参数：
	分组名称：1
	走势名称：当日涨跌幅奥术大师多
	结果：未满足
股票：300957当前涨跌幅判断-额外参数：
	分组名称：1
	走势名称：当日涨跌幅奥术大师多
	结果：未满足
额外条件未满足


===============================================

==============2021-04-30 14:48:30==============
股票：300957当前涨跌幅判断-额外参数：
	分组名称：1
	走势名称：当日涨跌幅奥术大师多
	结果：未满足
股票：300957当前涨跌幅判断-额外参数：
	分组名称：1
	走势名称：当日涨跌幅奥术大师多
	结果：未满足
额外条件未满足


===============================================

==============2021-04-30 14:48:32==============
股票：300957当前涨跌幅判断-额外参数：
	分组名称：1
	走势名称：当日涨跌幅奥术大师多
	结果：未满足
股票：300957当前涨跌幅判断-额外参数：
	分组名称：1
	走势名称：当日涨跌幅奥术大师多
	结果：未满足
额外条件未满足


===============================================

==============2021-04-30 14:48:33==============
股票：300957当前涨跌幅判断-额外参数：
	分组名称：1
	走势名称：当日涨跌幅奥术大师多
	结果：未满足
股票：300957当前涨跌幅判断-额外参数：
	分组名称：1
	走势名称：当日涨跌幅奥术大师多
	结果：未满足
额外条件未满足


===============================================

==============2021-04-30 14:48:34==============
股票：300957当前涨跌幅判断-额外参数：
	分组名称：1
	走势名称：当日涨跌幅奥术大师多
	结果：未满足
股票：300957当前涨跌幅判断-额外参数：
	分组名称：1
	走势名称：当日涨跌幅奥术大师多
	结果：未满足
额外条件未满足


===============================================

==============2021-04-30 14:48:35==============
股票：300957当前涨跌幅判断-额外参数：
	分组名称：1
	走势名称：当日涨跌幅奥术大师多
	结果：未满足
股票：300957当前涨跌幅判断-额外参数：
	分组名称：1
	走势名称：当日涨跌幅奥术大师多
	结果：未满足
额外条件未满足


===============================================

==============2021-04-30 14:48:37==============
股票：300957当前涨跌幅判断-额外参数：
	分组名称：1
	走势名称：当日涨跌幅奥术大师多
	结果：未满足
股票：300957当前涨跌幅判断-额外参数：
	分组名称：1
	走势名称：当日涨跌幅奥术大师多
	结果：未满足
额外条件未满足


===============================================

==============2021-04-30 14:48:38==============
股票：300957当前涨跌幅判断-额外参数：
	分组名称：1
	走势名称：当日涨跌幅奥术大师多
	结果：未满足
股票：300957当前涨跌幅判断-额外参数：
	分组名称：1
	走势名称：当日涨跌幅奥术大师多
	结果：未满足
额外条件未满足


===============================================

==============2021-04-30 14:48:40==============
股票：300957当前涨跌幅判断-额外参数：
	分组名称：1
	走势名称：当日涨跌幅奥术大师多
	结果：未满足
股票：300957当前涨跌幅判断-额外参数：
	分组名称：1
	走势名称：当日涨跌幅奥术大师多
	结果：未满足
额外条件未满足


===============================================

==============2021-04-30 14:48:41==============
股票：300957当前涨跌幅判断-额外参数：
	分组名称：1
	走势名称：当日涨跌幅奥术大师多
	结果：未满足
股票：300957当前涨跌幅判断-额外参数：
	分组名称：1
	走势名称：当日涨跌幅奥术大师多
	结果：未满足
额外条件未满足


===============================================

==============2021-04-30 14:48:43==============
股票：300957当前涨跌幅判断-额外参数：
	分组名称：1
	走势名称：当日涨跌幅奥术大师多
	结果：未满足
股票：300957当前涨跌幅判断-额外参数：
	分组名称：1
	走势名称：当日涨跌幅奥术大师多
	结果：未满足
额外条件未满足


===============================================

==============2021-04-30 14:48:44==============
股票：300957当前涨跌幅判断-额外参数：
	分组名称：1
	走势名称：当日涨跌幅奥术大师多
	结果：未满足
股票：300957当前涨跌幅判断-额外参数：
	分组名称：1
	走势名称：当日涨跌幅奥术大师多
	结果：未满足
额外条件未满足


===============================================

==============2021-04-30 14:48:46==============
股票：300957当前涨跌幅判断-额外参数：
	分组名称：1
	走势名称：当日涨跌幅奥术大师多
	结果：未满足
股票：300957当前涨跌幅判断-额外参数：
	分组名称：1
	走势名称：当日涨跌幅奥术大师多
	结果：未满足
额外条件未满足


===============================================

==============2021-04-30 14:48:48==============
股票：300957当前涨跌幅判断-额外参数：
	分组名称：1
	走势名称：当日涨跌幅奥术大师多
	结果：未满足
股票：300957当前涨跌幅判断-额外参数：
	分组名称：1
	走势名称：当日涨跌幅奥术大师多
	结果：未满足
额外条件未满足


===============================================

==============2021-04-30 14:48:49==============
股票：300957当前涨跌幅判断-额外参数：
	分组名称：1
	走势名称：当日涨跌幅奥术大师多
	结果：未满足
股票：300957当前涨跌幅判断-额外参数：
	分组名称：1
	走势名称：当日涨跌幅奥术大师多
	结果：未满足
额外条件未满足


===============================================

==============2021-04-30 14:48:50==============
股票：300957当前涨跌幅判断-额外参数：
	分组名称：1
	走势名称：当日涨跌幅奥术大师多
	结果：未满足
股票：300957当前涨跌幅判断-额外参数：
	分组名称：1
	走势名称：当日涨跌幅奥术大师多
	结果：未满足
额外条件未满足


===============================================

==============2021-04-30 14:48:52==============
股票：300957当前涨跌幅判断-额外参数：
	分组名称：1
	走势名称：当日涨跌幅奥术大师多
	结果：未满足
股票：300957当前涨跌幅判断-额外参数：
	分组名称：1
	走势名称：当日涨跌幅奥术大师多
	结果：未满足
额外条件未满足


===============================================

==============2021-04-30 14:48:54==============
股票：300957当前涨跌幅判断-额外参数：
	分组名称：1
	走势名称：当日涨跌幅奥术大师多
	结果：未满足
股票：300957当前涨跌幅判断-额外参数：
	分组名称：1
	走势名称：当日涨跌幅奥术大师多
	结果：未满足
额外条件未满足


===============================================

==============2021-04-30 14:48:55==============
股票：300957当前涨跌幅判断-额外参数：
	分组名称：1
	走势名称：当日涨跌幅奥术大师多
	结果：未满足
股票：300957当前涨跌幅判断-额外参数：
	分组名称：1
	走势名称：当日涨跌幅奥术大师多
	结果：未满足
额外条件未满足


===============================================

==============2021-04-30 14:48:57==============
股票：300957当前涨跌幅判断-额外参数：
	分组名称：1
	走势名称：当日涨跌幅奥术大师多
	结果：未满足
股票：300957当前涨跌幅判断-额外参数：
	分组名称：1
	走势名称：当日涨跌幅奥术大师多
	结果：未满足
额外条件未满足


===============================================

==============2021-04-30 14:48:58==============
股票：300957当前涨跌幅判断-额外参数：
	分组名称：1
	走势名称：当日涨跌幅奥术大师多
	结果：未满足
股票：300957当前涨跌幅判断-额外参数：
	分组名称：1
	走势名称：当日涨跌幅奥术大师多
	结果：未满足
额外条件未满足


===============================================

==============2021-04-30 14:49:00==============
股票：300957当前涨跌幅判断-额外参数：
	分组名称：1
	走势名称：当日涨跌幅奥术大师多
	结果：未满足
股票：300957当前涨跌幅判断-额外参数：
	分组名称：1
	走势名称：当日涨跌幅奥术大师多
	结果：未满足
额外条件未满足


===============================================

==============2021-04-30 14:49:01==============
股票：300957当前涨跌幅判断-额外参数：
	分组名称：1
	走势名称：当日涨跌幅奥术大师多
	结果：未满足
股票：300957当前涨跌幅判断-额外参数：
	分组名称：1
	走势名称：当日涨跌幅奥术大师多
	结果：未满足
额外条件未满足


===============================================

==============2021-04-30 14:49:03==============
股票：300957当前涨跌幅判断-额外参数：
	分组名称：1
	走势名称：当日涨跌幅奥术大师多
	结果：未满足
股票：300957当前涨跌幅判断-额外参数：
	分组名称：1
	走势名称：当日涨跌幅奥术大师多
	结果：未满足
额外条件未满足


===============================================

==============2021-04-30 14:49:04==============
股票：300957当前涨跌幅判断-额外参数：
	分组名称：1
	走势名称：当日涨跌幅奥术大师多
	结果：未满足
股票：300957当前涨跌幅判断-额外参数：
	分组名称：1
	走势名称：当日涨跌幅奥术大师多
	结果：未满足
额外条件未满足


===============================================

==============2021-04-30 14:49:06==============
股票：300957当前涨跌幅判断-额外参数：
	分组名称：1
	走势名称：当日涨跌幅奥术大师多
	结果：未满足
股票：300957当前涨跌幅判断-额外参数：
	分组名称：1
	走势名称：当日涨跌幅奥术大师多
	结果：未满足
额外条件未满足


===============================================

==============2021-04-30 14:49:07==============
股票：300957当前涨跌幅判断-额外参数：
	分组名称：1
	走势名称：当日涨跌幅奥术大师多
	结果：未满足
股票：300957当前涨跌幅判断-额外参数：
	分组名称：1
	走势名称：当日涨跌幅奥术大师多
	结果：未满足
额外条件未满足


===============================================

==============2021-04-30 14:49:09==============
股票：300957当前涨跌幅判断-额外参数：
	分组名称：1
	走势名称：当日涨跌幅奥术大师多
	结果：未满足
股票：300957当前涨跌幅判断-额外参数：
	分组名称：1
	走势名称：当日涨跌幅奥术大师多
	结果：未满足
额外条件未满足


===============================================

==============2021-04-30 14:49:10==============
股票：300957当前涨跌幅判断-额外参数：
	分组名称：1
	走势名称：当日涨跌幅奥术大师多
	结果：未满足
股票：300957当前涨跌幅判断-额外参数：
	分组名称：1
	走势名称：当日涨跌幅奥术大师多
	结果：未满足
额外条件未满足


===============================================

==============2021-04-30 14:49:11==============
股票：300957当前涨跌幅判断-额外参数：
	分组名称：1
	走势名称：当日涨跌幅奥术大师多
	结果：未满足
股票：300957当前涨跌幅判断-额外参数：
	分组名称：1
	走势名称：当日涨跌幅奥术大师多
	结果：未满足
额外条件未满足


===============================================

==============2021-04-30 14:49:12==============
股票：300957当前涨跌幅判断-额外参数：
	分组名称：1
	走势名称：当日涨跌幅奥术大师多
	结果：未满足
股票：300957当前涨跌幅判断-额外参数：
	分组名称：1
	走势名称：当日涨跌幅奥术大师多
	结果：未满足
额外条件未满足


===============================================

==============2021-04-30 14:49:14==============
股票：300957当前涨跌幅判断-额外参数：
	分组名称：1
	走势名称：当日涨跌幅奥术大师多
	结果：未满足
股票：300957当前涨跌幅判断-额外参数：
	分组名称：1
	走势名称：当日涨跌幅奥术大师多
	结果：未满足
额外条件未满足


===============================================

==============2021-04-30 14:49:16==============
股票：300957当前涨跌幅判断-额外参数：
	分组名称：1
	走势名称：当日涨跌幅奥术大师多
	结果：未满足
股票：300957当前涨跌幅判断-额外参数：
	分组名称：1
	走势名称：当日涨跌幅奥术大师多
	结果：未满足
额外条件未满足


===============================================

==============2021-04-30 14:49:18==============
股票：300957当前涨跌幅判断-额外参数：
	分组名称：1
	走势名称：当日涨跌幅奥术大师多
	结果：未满足
股票：300957当前涨跌幅判断-额外参数：
	分组名称：1
	走势名称：当日涨跌幅奥术大师多
	结果：未满足
额外条件未满足


===============================================

==============2021-04-30 15:16:05==============
股票：300957当前涨跌幅判断-额外参数：
	分组名称：1
	走势名称：当日涨跌幅奥术大师多
	结果：未满足
股票：300957当前涨跌幅判断-额外参数：
	分组名称：1
	走势名称：当日涨跌幅奥术大师多
	结果：未满足
额外条件未满足


===============================================

==============2021-04-30 15:18:29==============
股票：300957当前涨跌幅判断-额外参数：
	分组名称：1
	走势名称：当日涨跌幅奥术大师多
	结果：未满足
股票：300957当前涨跌幅判断-额外参数：
	分组名称：1
	走势名称：当日涨跌幅奥术大师多
	结果：未满足
额外条件未满足


===============================================

==============2021-04-30 15:18:30==============
股票：300957当前涨跌幅判断-额外参数：
	分组名称：1
	走势名称：当日涨跌幅奥术大师多
	结果：未满足
股票：300957当前涨跌幅判断-额外参数：
	分组名称：1
	走势名称：当日涨跌幅奥术大师多
	结果：未满足
额外条件未满足


===============================================

==============2021-04-30 15:18:32==============
股票：300957当前涨跌幅判断-额外参数：
	分组名称：1
	走势名称：当日涨跌幅奥术大师多
	结果：未满足
股票：300957当前涨跌幅判断-额外参数：
	分组名称：1
	走势名称：当日涨跌幅奥术大师多
	结果：未满足
额外条件未满足


===============================================

==============2021-04-30 15:18:33==============
股票：300957当前涨跌幅判断-额外参数：
	分组名称：1
	走势名称：当日涨跌幅奥术大师多
	结果：未满足
股票：300957当前涨跌幅判断-额外参数：
	分组名称：1
	走势名称：当日涨跌幅奥术大师多
	结果：未满足
额外条件未满足


===============================================

==============2021-04-30 15:18:34==============
股票：300957当前涨跌幅判断-额外参数：
	分组名称：1
	走势名称：当日涨跌幅奥术大师多
	结果：未满足
股票：300957当前涨跌幅判断-额外参数：
	分组名称：1
	走势名称：当日涨跌幅奥术大师多
	结果：未满足
额外条件未满足


===============================================

==============2021-04-30 15:18:36==============
股票：300957当前涨跌幅判断-额外参数：
	分组名称：1
	走势名称：当日涨跌幅奥术大师多
	结果：未满足
股票：300957当前涨跌幅判断-额外参数：
	分组名称：1
	走势名称：当日涨跌幅奥术大师多
	结果：未满足
额外条件未满足


===============================================

==============2021-04-30 15:18:37==============
股票：300957当前涨跌幅判断-额外参数：
	分组名称：1
	走势名称：当日涨跌幅奥术大师多
	结果：未满足
股票：300957当前涨跌幅判断-额外参数：
	分组名称：1
	走势名称：当日涨跌幅奥术大师多
	结果：未满足
额外条件未满足


===============================================

==============2021-04-30 15:18:39==============
股票：300957当前涨跌幅判断-额外参数：
	分组名称：1
	走势名称：当日涨跌幅奥术大师多
	结果：未满足
股票：300957当前涨跌幅判断-额外参数：
	分组名称：1
	走势名称：当日涨跌幅奥术大师多
	结果：未满足
额外条件未满足


===============================================

==============2021-04-30 15:18:40==============
股票：300957当前涨跌幅判断-额外参数：
	分组名称：1
	走势名称：当日涨跌幅奥术大师多
	结果：未满足
股票：300957当前涨跌幅判断-额外参数：
	分组名称：1
	走势名称：当日涨跌幅奥术大师多
	结果：未满足
额外条件未满足


===============================================

==============2021-04-30 15:18:42==============
股票：300957当前涨跌幅判断-额外参数：
	分组名称：1
	走势名称：当日涨跌幅奥术大师多
	结果：未满足
股票：300957当前涨跌幅判断-额外参数：
	分组名称：1
	走势名称：当日涨跌幅奥术大师多
	结果：未满足
额外条件未满足


===============================================

==============2021-04-30 15:18:43==============
股票：300957当前涨跌幅判断-额外参数：
	分组名称：1
	走势名称：当日涨跌幅奥术大师多
	结果：未满足
股票：300957当前涨跌幅判断-额外参数：
	分组名称：1
	走势名称：当日涨跌幅奥术大师多
	结果：未满足
额外条件未满足


===============================================

==============2021-04-30 15:18:45==============
股票：300957当前涨跌幅判断-额外参数：
	分组名称：1
	走势名称：当日涨跌幅奥术大师多
	结果：未满足
股票：300957当前涨跌幅判断-额外参数：
	分组名称：1
	走势名称：当日涨跌幅奥术大师多
	结果：未满足
额外条件未满足


===============================================

==============2021-04-30 15:18:46==============
股票：300957当前涨跌幅判断-额外参数：
	分组名称：1
	走势名称：当日涨跌幅奥术大师多
	结果：未满足
股票：300957当前涨跌幅判断-额外参数：
	分组名称：1
	走势名称：当日涨跌幅奥术大师多
	结果：未满足
额外条件未满足


===============================================

==============2021-04-30 15:18:48==============
股票：300957当前涨跌幅判断-额外参数：
	分组名称：1
	走势名称：当日涨跌幅奥术大师多
	结果：未满足
股票：300957当前涨跌幅判断-额外参数：
	分组名称：1
	走势名称：当日涨跌幅奥术大师多
	结果：未满足
额外条件未满足


===============================================

==============2021-04-30 15:18:50==============
股票：300957当前涨跌幅判断-额外参数：
	分组名称：1
	走势名称：当日涨跌幅奥术大师多
	结果：未满足
股票：300957当前涨跌幅判断-额外参数：
	分组名称：1
	走势名称：当日涨跌幅奥术大师多
	结果：未满足
额外条件未满足


===============================================

==============2021-04-30 15:18:51==============
股票：300957当前涨跌幅判断-额外参数：
	分组名称：1
	走势名称：当日涨跌幅奥术大师多
	结果：未满足
股票：300957当前涨跌幅判断-额外参数：
	分组名称：1
	走势名称：当日涨跌幅奥术大师多
	结果：未满足
额外条件未满足


===============================================

==============2021-04-30 15:18:52==============
股票：300957当前涨跌幅判断-额外参数：
	分组名称：1
	走势名称：当日涨跌幅奥术大师多
	结果：未满足
股票：300957当前涨跌幅判断-额外参数：
	分组名称：1
	走势名称：当日涨跌幅奥术大师多
	结果：未满足
额外条件未满足


===============================================

==============2021-04-30 15:18:54==============
股票：300957当前涨跌幅判断-额外参数：
	分组名称：1
	走势名称：当日涨跌幅奥术大师多
	结果：未满足
股票：300957当前涨跌幅判断-额外参数：
	分组名称：1
	走势名称：当日涨跌幅奥术大师多
	结果：未满足
额外条件未满足


===============================================

==============2021-04-30 15:18:56==============
股票：300957当前涨跌幅判断-额外参数：
	分组名称：1
	走势名称：当日涨跌幅奥术大师多
	结果：未满足
股票：300957当前涨跌幅判断-额外参数：
	分组名称：1
	走势名称：当日涨跌幅奥术大师多
	结果：未满足
额外条件未满足


===============================================

==============2021-04-30 15:18:57==============
股票：300957当前涨跌幅判断-额外参数：
	分组名称：1
	走势名称：当日涨跌幅奥术大师多
	结果：未满足
股票：300957当前涨跌幅判断-额外参数：
	分组名称：1
	走势名称：当日涨跌幅奥术大师多
	结果：未满足
额外条件未满足


===============================================

==============2021-04-30 15:18:58==============
股票：300957当前涨跌幅判断-额外参数：
	分组名称：1
	走势名称：当日涨跌幅奥术大师多
	结果：未满足
股票：300957当前涨跌幅判断-额外参数：
	分组名称：1
	走势名称：当日涨跌幅奥术大师多
	结果：未满足
额外条件未满足


===============================================

