==============2021-08-06 14:25:55==============
===6开始执行条件2021-08-06 14:25:51.531===
===开始判断价格条件2021-08-06 14:25:51.531===
===开始判断额外/转自动条件2021-08-06 14:25:51.811===
===2021-08-06 14:25:52.168===
股票：000821指定时间段判断-额外参数：
	分组名称：1
	走势名称：时间段
		条件不成立(当前时间：2021-08-06 14:25:51.531,条件时段：09:30:00-13:00:00)
	结果：未满足
===2021-08-06 14:25:52.168===
===2021-08-06 14:25:52.413===
股票：000821板块涨跌幅判断-额外参数：
	分组名称：1
	走势名称：发
		条件不成立(不符合板块涨跌幅条件)
	结果：未满足，返回code：-1
===2021-08-06 14:25:55.030===
额外条件未满足


===============================================

==============2021-08-06 14:26:09==============
===6开始执行条件2021-08-06 14:26:06.436===
===开始判断价格条件2021-08-06 14:26:06.436===
===开始判断额外/转自动条件2021-08-06 14:26:08.068===
===2021-08-06 14:26:08.801===
股票：000821指定时间段判断-额外参数：
	分组名称：1
	走势名称：时间段
		条件不成立(当前时间：2021-08-06 14:26:06.435,条件时段：09:30:00-13:00:00)
	结果：未满足
===2021-08-06 14:26:08.801===
===2021-08-06 14:26:08.866===
股票：000821板块涨跌幅判断-额外参数：
	分组名称：1
	走势名称：发
		条件不成立(不符合板块涨跌幅条件)
	结果：未满足，返回code：-1
===2021-08-06 14:26:09.455===
额外条件未满足


===============================================

==============2021-08-06 14:26:37==============
===6开始执行条件2021-08-06 14:26:34.682===
===开始判断价格条件2021-08-06 14:26:34.682===
===开始判断额外/转自动条件2021-08-06 14:26:35.409===
===2021-08-06 14:26:36.161===
股票：000821指定时间段判断-额外参数：
	分组名称：1
	走势名称：时间段
		条件不成立(当前时间：2021-08-06 14:26:34.681,条件时段：09:30:00-13:00:00)
	结果：未满足
===2021-08-06 14:26:36.162===
===2021-08-06 14:26:36.483===
股票：000821板块涨跌幅判断-额外参数：
	分组名称：1
	走势名称：发
		条件不成立(不符合板块涨跌幅条件)
	结果：未满足，返回code：-1
===2021-08-06 14:26:37.514===
额外条件未满足


===============================================

==============2021-08-06 14:26:52==============
===6开始执行条件2021-08-06 14:26:49.837===
===开始判断价格条件2021-08-06 14:26:49.837===
===开始判断额外/转自动条件2021-08-06 14:26:50.759===
===2021-08-06 14:26:51.403===
股票：000821指定时间段判断-额外参数：
	分组名称：1
	走势名称：时间段
		条件不成立(当前时间：2021-08-06 14:26:49.837,条件时段：09:30:00-13:00:00)
	结果：未满足
===2021-08-06 14:26:51.403===
===2021-08-06 14:26:51.571===
股票：000821板块涨跌幅判断-额外参数：
	分组名称：1
	走势名称：发
		条件不成立(不符合板块涨跌幅条件)
	结果：未满足，返回code：-1
===2021-08-06 14:26:52.977===
额外条件未满足


===============================================

==============2021-08-06 14:29:15==============
===6开始执行条件2021-08-06 14:29:14.113===
===开始判断价格条件2021-08-06 14:29:14.113===
===开始判断额外/转自动条件2021-08-06 14:29:14.300===
===2021-08-06 14:29:14.384===
股票：000821指定时间段判断-额外参数：
	分组名称：1
	走势名称：时间段
		条件不成立(当前时间：2021-08-06 14:29:14.112,条件时段：09:30:00-13:00:00)
	结果：未满足
===2021-08-06 14:29:14.384===
===2021-08-06 14:29:14.491===
股票：000821板块涨跌幅判断-额外参数：
	分组名称：1
	走势名称：发
		条件不成立(不符合板块涨跌幅条件)
	结果：未满足，返回code：-1
===2021-08-06 14:29:15.902===
额外条件未满足


===============================================

==============2021-08-06 14:34:33==============
===6开始执行条件2021-08-06 14:34:33.490===
===开始判断价格条件2021-08-06 14:34:33.490===
===开始判断额外/转自动条件2021-08-06 14:34:33.560===
===2021-08-06 14:34:33.594===
股票：000821指定时间段判断-额外参数：
	分组名称：1
	走势名称：时间段
		条件不成立(当前时间：2021-08-06 14:34:33.485,条件时段：09:30:00-13:00:00)
	结果：未满足
===2021-08-06 14:34:33.594===
===2021-08-06 14:34:33.614===
股票：000821板块涨跌幅判断-额外参数：
	分组名称：1
	走势名称：发
		条件不成立(不符合板块涨跌幅条件)
	结果：未满足，返回code：-1
===2021-08-06 14:34:33.798===
额外条件未满足


===============================================

==============2021-08-06 14:41:04==============
===6开始执行条件2021-08-06 14:41:04.236===
===开始判断价格条件2021-08-06 14:41:04.236===
===开始判断额外/转自动条件2021-08-06 14:41:04.428===
===2021-08-06 14:41:04.493===
股票：000821指定时间段判断-额外参数：
	分组名称：1
	走势名称：时间段
		条件不成立(当前时间：2021-08-06 14:41:04.229,条件时段：09:30:00-13:00:00)
	结果：未满足
===2021-08-06 14:41:04.493===
===2021-08-06 14:41:04.516===
股票：000821板块涨跌幅判断-额外参数：
	分组名称：1
	走势名称：发
		条件不成立(不符合板块涨跌幅条件)
	结果：未满足，返回code：-1
===2021-08-06 14:41:04.669===
额外条件未满足


===============================================

==============2021-08-06 14:41:16==============
===6开始执行条件2021-08-06 14:41:15.946===
===开始判断价格条件2021-08-06 14:41:15.946===
===开始判断额外/转自动条件2021-08-06 14:41:16.108===
===2021-08-06 14:41:16.390===
股票：000821指定时间段判断-额外参数：
	分组名称：1
	走势名称：时间段
		条件不成立(当前时间：2021-08-06 14:41:15.945,条件时段：09:30:00-13:00:00)
	结果：未满足
===2021-08-06 14:41:16.390===
===2021-08-06 14:41:16.420===
股票：000821板块涨跌幅判断-额外参数：
	分组名称：1
	走势名称：发
		条件不成立(不符合板块涨跌幅条件)
	结果：未满足，返回code：-1
===2021-08-06 14:41:16.785===
额外条件未满足


===============================================

==============2021-08-06 14:41:40==============
===6开始执行条件2021-08-06 14:41:38.225===
===开始判断价格条件2021-08-06 14:41:38.225===
===开始判断额外/转自动条件2021-08-06 14:41:38.505===
===2021-08-06 14:41:38.905===
股票：000821指定时间段判断-额外参数：
	分组名称：1
	走势名称：时间段
		条件不成立(当前时间：2021-08-06 14:41:38.224,条件时段：09:30:00-13:00:00)
	结果：未满足
===2021-08-06 14:41:38.905===
===2021-08-06 14:41:38.944===
股票：000821板块涨跌幅判断-额外参数：
	分组名称：1
	走势名称：发
		条件不成立(不符合板块涨跌幅条件)
	结果：未满足，返回code：-1
===2021-08-06 14:41:40.927===
额外条件未满足


===============================================

==============2021-08-06 14:42:34==============
===6开始执行条件2021-08-06 14:42:30.136===
===开始判断价格条件2021-08-06 14:42:30.136===
===开始判断额外/转自动条件2021-08-06 14:42:30.806===
===2021-08-06 14:42:31.423===
股票：000821指定时间段判断-额外参数：
	分组名称：1
	走势名称：时间段
		条件不成立(当前时间：2021-08-06 14:42:30.136,条件时段：09:30:00-13:00:00)
	结果：未满足
===2021-08-06 14:42:31.423===
===2021-08-06 14:42:31.495===
股票：000821板块涨跌幅判断-额外参数：
	分组名称：1
	走势名称：发
		条件不成立(不符合板块涨跌幅条件)
	结果：未满足，返回code：-1
===2021-08-06 14:42:34.846===
额外条件未满足


===============================================

==============2021-08-06 14:42:56==============
===6开始执行条件2021-08-06 14:42:51.307===
===开始判断价格条件2021-08-06 14:42:51.307===
===开始判断额外/转自动条件2021-08-06 14:42:51.888===
===2021-08-06 14:42:52.137===
股票：000821指定时间段判断-额外参数：
	分组名称：1
	走势名称：时间段
		条件不成立(当前时间：2021-08-06 14:42:51.307,条件时段：09:30:00-13:00:00)
	结果：未满足
===2021-08-06 14:42:52.137===
===2021-08-06 14:42:53.592===
股票：000821板块涨跌幅判断-额外参数：
	分组名称：1
	走势名称：发
		条件不成立(不符合板块涨跌幅条件)
	结果：未满足，返回code：-1
===2021-08-06 14:42:56.869===
额外条件未满足


===============================================

==============2021-08-06 14:43:09==============
===6开始执行条件2021-08-06 14:43:08.350===
===开始判断价格条件2021-08-06 14:43:08.350===
===开始判断额外/转自动条件2021-08-06 14:43:08.539===
===2021-08-06 14:43:08.618===
股票：000821指定时间段判断-额外参数：
	分组名称：1
	走势名称：时间段
		条件不成立(当前时间：2021-08-06 14:43:08.349,条件时段：09:30:00-13:00:00)
	结果：未满足
===2021-08-06 14:43:08.618===
===2021-08-06 14:43:08.643===
股票：000821板块涨跌幅判断-额外参数：
	分组名称：1
	走势名称：发
		条件不成立(不符合板块涨跌幅条件)
	结果：未满足，返回code：-1
===2021-08-06 14:43:09.106===
额外条件未满足


===============================================

==============2021-08-06 14:43:46==============
===6开始执行条件2021-08-06 14:43:33.949===
===开始判断价格条件2021-08-06 14:43:33.949===
===开始判断额外/转自动条件2021-08-06 14:43:45.158===
===2021-08-06 14:43:45.700===
股票：000821指定时间段判断-额外参数：
	分组名称：1
	走势名称：时间段
		条件不成立(当前时间：2021-08-06 14:43:33.949,条件时段：09:30:00-13:00:00)
	结果：未满足
===2021-08-06 14:43:45.700===
===2021-08-06 14:43:45.721===
股票：000821板块涨跌幅判断-额外参数：
	分组名称：1
	走势名称：发
		条件不成立(不符合板块涨跌幅条件)
	结果：未满足，返回code：-1
===2021-08-06 14:43:46.961===
额外条件未满足


===============================================

==============2021-08-06 15:02:55==============
===6开始执行条件2021-08-06 14:44:07.586===
===开始判断价格条件2021-08-06 14:44:07.586===
===开始判断额外/转自动条件2021-08-06 15:02:47.745===
===2021-08-06 15:02:50.330===
股票：000821指定时间段判断-额外参数：
	分组名称：1
	走势名称：时间段
		条件不成立(当前时间：2021-08-06 14:44:07.586,条件时段：09:30:00-13:00:00)
	结果：未满足
===2021-08-06 15:02:50.420===
===2021-08-06 15:02:51.386===
股票：000821板块涨跌幅判断-额外参数：
	分组名称：1
	走势名称：发
		条件不成立(不符合板块涨跌幅条件)
	结果：未满足，返回code：-1
===2021-08-06 15:02:55.016===
额外条件未满足


===============================================

==============2021-08-06 15:03:27==============
===6开始执行条件2021-08-06 15:03:23.659===
===开始判断价格条件2021-08-06 15:03:23.659===
===开始判断额外/转自动条件2021-08-06 15:03:24.624===
===2021-08-06 15:03:25.762===
股票：000821指定时间段判断-额外参数：
	分组名称：1
	走势名称：时间段
		条件不成立(当前时间：2021-08-06 15:03:23.659,条件时段：09:30:00-13:00:00)
	结果：未满足
===2021-08-06 15:03:25.762===
===2021-08-06 15:03:26.087===
股票：000821板块涨跌幅判断-额外参数：
	分组名称：1
	走势名称：发
		条件不成立(不符合板块涨跌幅条件)
	结果：未满足，返回code：-1
===2021-08-06 15:03:27.765===
额外条件未满足


===============================================

==============2021-08-06 15:04:59==============
===6开始执行条件2021-08-06 15:04:57.469===
===开始判断价格条件2021-08-06 15:04:57.469===
===开始判断额外/转自动条件2021-08-06 15:04:57.749===
===2021-08-06 15:04:58.238===
股票：000821指定时间段判断-额外参数：
	分组名称：1
	走势名称：时间段
		条件不成立(当前时间：2021-08-06 15:04:57.469,条件时段：09:30:00-13:00:00)
	结果：未满足
===2021-08-06 15:04:58.238===
===2021-08-06 15:04:58.443===
股票：000821板块涨跌幅判断-额外参数：
	分组名称：1
	走势名称：发
		条件不成立(不符合板块涨跌幅条件)
	结果：未满足，返回code：-1
===2021-08-06 15:04:59.393===
额外条件未满足


===============================================

==============2021-08-06 15:05:23==============
===6开始执行条件2021-08-06 15:05:10.600===
===开始判断价格条件2021-08-06 15:05:10.600===
===开始判断额外/转自动条件2021-08-06 15:05:12.258===
===2021-08-06 15:05:13.478===
股票：000821指定时间段判断-额外参数：
	分组名称：1
	走势名称：时间段
		条件不成立(当前时间：2021-08-06 15:05:10.600,条件时段：09:30:00-13:00:00)
	结果：未满足
===2021-08-06 15:05:13.478===
===2021-08-06 15:05:13.958===
股票：000821板块涨跌幅判断-额外参数：
	分组名称：1
	走势名称：发
		条件不成立(不符合板块涨跌幅条件)
	结果：未满足，返回code：-1
===2021-08-06 15:05:23.100===
额外条件未满足


===============================================

==============2021-08-06 15:06:09==============
===6开始执行条件2021-08-06 15:06:04.079===
===开始判断价格条件2021-08-06 15:06:04.079===
===开始判断额外/转自动条件2021-08-06 15:06:05.208===
===2021-08-06 15:06:05.338===
股票：000821指定时间段判断-额外参数：
	分组名称：1
	走势名称：时间段
		条件不成立(当前时间：2021-08-06 15:06:04.079,条件时段：09:30:00-13:00:00)
	结果：未满足
===2021-08-06 15:06:05.338===
===2021-08-06 15:06:05.483===
股票：000821板块涨跌幅判断-额外参数：
	分组名称：1
	走势名称：发
		条件不成立(不符合板块涨跌幅条件)
	结果：未满足，返回code：-1
===2021-08-06 15:06:09.586===
额外条件未满足


===============================================

==============2021-08-06 15:06:32==============
===6开始执行条件2021-08-06 15:06:26.312===
===开始判断价格条件2021-08-06 15:06:26.312===
===开始判断额外/转自动条件2021-08-06 15:06:27.627===
===2021-08-06 15:06:28.692===
股票：000821指定时间段判断-额外参数：
	分组名称：1
	走势名称：时间段
		条件不成立(当前时间：2021-08-06 15:06:26.312,条件时段：09:30:00-13:00:00)
	结果：未满足
===2021-08-06 15:06:28.692===
===2021-08-06 15:06:29.315===
股票：000821板块涨跌幅判断-额外参数：
	分组名称：1
	走势名称：发
		条件不成立(不符合板块涨跌幅条件)
	结果：未满足，返回code：-1
===2021-08-06 15:06:32.849===
额外条件未满足


===============================================

==============2021-08-06 15:06:48==============
===6开始执行条件2021-08-06 15:06:43.029===
===开始判断价格条件2021-08-06 15:06:43.029===
===开始判断额外/转自动条件2021-08-06 15:06:44.262===
===2021-08-06 15:06:44.928===
股票：000821指定时间段判断-额外参数：
	分组名称：1
	走势名称：时间段
		条件不成立(当前时间：2021-08-06 15:06:43.029,条件时段：09:30:00-13:00:00)
	结果：未满足
===2021-08-06 15:06:44.928===
===2021-08-06 15:06:45.361===
股票：000821板块涨跌幅判断-额外参数：
	分组名称：1
	走势名称：发
		条件不成立(不符合板块涨跌幅条件)
	结果：未满足，返回code：-1
===2021-08-06 15:06:48.814===
额外条件未满足


===============================================

==============2021-08-06 15:08:02==============
===6开始执行条件2021-08-06 15:08:01.379===
===开始判断价格条件2021-08-06 15:08:01.379===
===开始判断额外/转自动条件2021-08-06 15:08:01.603===
===2021-08-06 15:08:01.809===
股票：000821指定时间段判断-额外参数：
	分组名称：1
	走势名称：时间段
		条件不成立(当前时间：2021-08-06 15:08:01.379,条件时段：09:30:00-13:00:00)
	结果：未满足
===2021-08-06 15:08:01.809===
===2021-08-06 15:08:01.878===
股票：000821板块涨跌幅判断-额外参数：
	分组名称：1
	走势名称：发
		条件不成立(不符合板块涨跌幅条件)
	结果：未满足，返回code：-1
===2021-08-06 15:08:02.732===
额外条件未满足


===============================================

==============2021-08-06 15:12:12==============
===6开始执行条件2021-08-06 15:12:09.099===
===开始判断价格条件2021-08-06 15:12:09.099===
===开始判断额外/转自动条件2021-08-06 15:12:10.436===
===2021-08-06 15:12:10.983===
股票：000821指定时间段判断-额外参数：
	分组名称：1
	走势名称：时间段
		条件不成立(当前时间：2021-08-06 15:12:09.099,条件时段：09:30:00-13:00:00)
	结果：未满足
===2021-08-06 15:12:10.983===
===2021-08-06 15:12:11.088===
股票：000821板块涨跌幅判断-额外参数：
	分组名称：1
	走势名称：发
		条件不成立(不符合板块涨跌幅条件)
	结果：未满足，返回code：-1
===2021-08-06 15:12:12.691===
额外条件未满足


===============================================

==============2021-08-06 15:12:45==============
===6开始执行条件2021-08-06 15:12:44.759===
===开始判断价格条件2021-08-06 15:12:44.759===
===开始判断额外/转自动条件2021-08-06 15:12:45.370===
===2021-08-06 15:12:45.458===
股票：000821指定时间段判断-额外参数：
	分组名称：1
	走势名称：时间段
		条件不成立(当前时间：2021-08-06 15:12:44.759,条件时段：09:30:00-13:00:00)
	结果：未满足
===2021-08-06 15:12:45.458===
===2021-08-06 15:12:45.496===
股票：000821板块涨跌幅判断-额外参数：
	分组名称：1
	走势名称：发
		条件不成立(不符合板块涨跌幅条件)
	结果：未满足，返回code：-1
===2021-08-06 15:12:45.919===
额外条件未满足


===============================================

==============2021-08-06 15:13:54==============
===6开始执行条件2021-08-06 15:13:51.393===
===开始判断价格条件2021-08-06 15:13:51.393===
===开始判断额外/转自动条件2021-08-06 15:13:51.896===
===2021-08-06 15:13:52.253===
股票：000821指定时间段判断-额外参数：
	分组名称：1
	走势名称：时间段
		条件不成立(当前时间：2021-08-06 15:13:51.393,条件时段：09:30:00-13:00:00)
	结果：未满足
===2021-08-06 15:13:52.253===
===2021-08-06 15:13:52.695===
股票：000821板块涨跌幅判断-额外参数：
	分组名称：1
	走势名称：发
		条件不成立(不符合板块涨跌幅条件)
	结果：未满足，返回code：-1
===2021-08-06 15:13:54.621===
额外条件未满足


===============================================

==============2021-08-06 15:14:05==============
===6开始执行条件2021-08-06 15:14:04.608===
===开始判断价格条件2021-08-06 15:14:04.608===
===开始判断额外/转自动条件2021-08-06 15:14:04.774===
===2021-08-06 15:14:04.834===
股票：000821指定时间段判断-额外参数：
	分组名称：1
	走势名称：时间段
		条件不成立(当前时间：2021-08-06 15:14:04.608,条件时段：09:30:00-13:00:00)
	结果：未满足
===2021-08-06 15:14:04.834===
===2021-08-06 15:14:04.857===
股票：000821板块涨跌幅判断-额外参数：
	分组名称：1
	走势名称：发
		条件不成立(不符合板块涨跌幅条件)
	结果：未满足，返回code：-1
===2021-08-06 15:14:05.691===
额外条件未满足


===============================================

==============2021-08-06 15:26:52==============
===6开始执行条件2021-08-06 15:26:52.090===
===开始判断价格条件2021-08-06 15:26:52.090===
===开始判断额外/转自动条件2021-08-06 15:26:52.191===
===2021-08-06 15:26:52.237===
股票：000821指定时间段判断-额外参数：
	分组名称：1
	走势名称：时间段
		条件不成立(当前时间：2021-08-06 15:26:52.090,条件时段：09:30:00-13:00:00)
	结果：未满足
===2021-08-06 15:26:52.237===
===2021-08-06 15:26:52.262===
股票：000821板块涨跌幅判断-额外参数：
	分组名称：1
	走势名称：发
		条件不成立(不符合板块涨跌幅条件)
	结果：未满足，返回code：-1
===2021-08-06 15:26:52.991===
额外条件未满足


===============================================

==============2021-08-06 15:27:59==============
===6开始执行条件2021-08-06 15:27:55.986===
===开始判断价格条件2021-08-06 15:27:55.986===
===开始判断额外/转自动条件2021-08-06 15:27:56.908===
===2021-08-06 15:27:57.358===
股票：000821指定时间段判断-额外参数：
	分组名称：1
	走势名称：时间段
		条件不成立(当前时间：2021-08-06 15:27:55.985,条件时段：09:30:00-13:00:00)
	结果：未满足
===2021-08-06 15:27:57.358===
===2021-08-06 15:27:57.454===
股票：000821板块涨跌幅判断-额外参数：
	分组名称：1
	走势名称：发
		条件不成立(不符合板块涨跌幅条件)
	结果：未满足，返回code：-1
===2021-08-06 15:27:59.773===
额外条件未满足


===============================================

==============2021-08-06 15:28:32==============
===6开始执行条件2021-08-06 15:28:27.358===
===开始判断价格条件2021-08-06 15:28:27.358===
===开始判断额外/转自动条件2021-08-06 15:28:28.439===
===2021-08-06 15:28:29.685===
股票：000821指定时间段判断-额外参数：
	分组名称：1
	走势名称：时间段
		条件不成立(当前时间：2021-08-06 15:28:27.358,条件时段：09:30:00-13:00:00)
	结果：未满足
===2021-08-06 15:28:29.685===
===2021-08-06 15:28:29.845===
股票：000821板块涨跌幅判断-额外参数：
	分组名称：1
	走势名称：发
		条件不成立(不符合板块涨跌幅条件)
	结果：未满足，返回code：-1
===2021-08-06 15:28:32.236===
额外条件未满足


===============================================

==============2021-08-06 15:28:49==============
===6开始执行条件2021-08-06 15:28:46.373===
===开始判断价格条件2021-08-06 15:28:46.373===
===开始判断额外/转自动条件2021-08-06 15:28:47.325===
===2021-08-06 15:28:47.834===
股票：000821指定时间段判断-额外参数：
	分组名称：1
	走势名称：时间段
		条件不成立(当前时间：2021-08-06 15:28:46.372,条件时段：09:30:00-13:00:00)
	结果：未满足
===2021-08-06 15:28:47.834===
===2021-08-06 15:28:47.974===
股票：000821板块涨跌幅判断-额外参数：
	分组名称：1
	走势名称：发
		条件不成立(不符合板块涨跌幅条件)
	结果：未满足，返回code：-1
===2021-08-06 15:28:49.649===
额外条件未满足


===============================================

==============2021-08-06 15:29:59==============
===6开始执行条件2021-08-06 15:29:58.630===
===开始判断价格条件2021-08-06 15:29:58.630===
===开始判断额外/转自动条件2021-08-06 15:29:59.085===
===2021-08-06 15:29:59.247===
股票：000821指定时间段判断-额外参数：
	分组名称：1
	走势名称：时间段
		条件不成立(当前时间：2021-08-06 15:29:58.629,条件时段：09:30:00-13:00:00)
	结果：未满足
===2021-08-06 15:29:59.247===
===2021-08-06 15:29:59.263===
股票：000821板块涨跌幅判断-额外参数：
	分组名称：1
	走势名称：发
		条件不成立(不符合板块涨跌幅条件)
	结果：未满足，返回code：-1
===2021-08-06 15:29:59.472===
额外条件未满足


===============================================

==============2021-08-06 15:30:16==============
===6开始执行条件2021-08-06 15:30:13.544===
===开始判断价格条件2021-08-06 15:30:13.544===
===开始判断额外/转自动条件2021-08-06 15:30:13.908===
===2021-08-06 15:30:14.422===
股票：000821指定时间段判断-额外参数：
	分组名称：1
	走势名称：时间段
		条件不成立(当前时间：2021-08-06 15:30:13.544,条件时段：09:30:00-13:00:00)
	结果：未满足
===2021-08-06 15:30:14.422===
===2021-08-06 15:30:14.578===
股票：000821板块涨跌幅判断-额外参数：
	分组名称：1
	走势名称：发
		条件不成立(不符合板块涨跌幅条件)
	结果：未满足，返回code：-1
===2021-08-06 15:30:16.911===
额外条件未满足


===============================================

==============2021-08-06 15:30:37==============
===6开始执行条件2021-08-06 15:30:37.005===
===开始判断价格条件2021-08-06 15:30:37.005===
===开始判断额外/转自动条件2021-08-06 15:30:37.068===
===2021-08-06 15:30:37.126===
股票：000821指定时间段判断-额外参数：
	分组名称：1
	走势名称：时间段
		条件不成立(当前时间：2021-08-06 15:30:37.005,条件时段：09:30:00-13:00:00)
	结果：未满足
===2021-08-06 15:30:37.126===
===2021-08-06 15:30:37.164===
股票：000821板块涨跌幅判断-额外参数：
	分组名称：1
	走势名称：发
		条件不成立(不符合板块涨跌幅条件)
	结果：未满足，返回code：-1
===2021-08-06 15:30:37.600===
额外条件未满足


===============================================

==============2021-08-06 15:30:55==============
===6开始执行条件2021-08-06 15:30:52.633===
===开始判断价格条件2021-08-06 15:30:52.633===
===开始判断额外/转自动条件2021-08-06 15:30:52.875===
===2021-08-06 15:30:53.123===
股票：000821指定时间段判断-额外参数：
	分组名称：1
	走势名称：时间段
		条件不成立(当前时间：2021-08-06 15:30:52.633,条件时段：09:30:00-13:00:00)
	结果：未满足
===2021-08-06 15:30:53.123===
===2021-08-06 15:30:53.239===
股票：000821板块涨跌幅判断-额外参数：
	分组名称：1
	走势名称：发
		条件不成立(不符合板块涨跌幅条件)
	结果：未满足，返回code：-1
===2021-08-06 15:30:55.054===
额外条件未满足


===============================================

==============2021-08-06 15:31:13==============
===6开始执行条件2021-08-06 15:31:12.731===
===开始判断价格条件2021-08-06 15:31:12.731===
===开始判断额外/转自动条件2021-08-06 15:31:12.833===
===2021-08-06 15:31:12.904===
股票：000821指定时间段判断-额外参数：
	分组名称：1
	走势名称：时间段
		条件不成立(当前时间：2021-08-06 15:31:12.730,条件时段：09:30:00-13:00:00)
	结果：未满足
===2021-08-06 15:31:12.904===
===2021-08-06 15:31:12.958===
股票：000821板块涨跌幅判断-额外参数：
	分组名称：1
	走势名称：发
		条件不成立(不符合板块涨跌幅条件)
	结果：未满足，返回code：-1
===2021-08-06 15:31:13.296===
额外条件未满足


===============================================

==============2021-08-06 15:31:32==============
===6开始执行条件2021-08-06 15:31:28.645===
===开始判断价格条件2021-08-06 15:31:28.645===
===开始判断额外/转自动条件2021-08-06 15:31:29.031===
===2021-08-06 15:31:29.240===
股票：000821指定时间段判断-额外参数：
	分组名称：1
	走势名称：时间段
		条件不成立(当前时间：2021-08-06 15:31:28.645,条件时段：09:30:00-13:00:00)
	结果：未满足
===2021-08-06 15:31:29.240===
===2021-08-06 15:31:29.437===
股票：000821板块涨跌幅判断-额外参数：
	分组名称：1
	走势名称：发
		条件不成立(不符合板块涨跌幅条件)
	结果：未满足，返回code：-1
===2021-08-06 15:31:32.731===
额外条件未满足


===============================================

==============2021-08-06 15:31:49==============
===6开始执行条件2021-08-06 15:31:46.442===
===开始判断价格条件2021-08-06 15:31:46.442===
===开始判断额外/转自动条件2021-08-06 15:31:46.830===
===2021-08-06 15:31:46.957===
股票：000821指定时间段判断-额外参数：
	分组名称：1
	走势名称：时间段
		条件不成立(当前时间：2021-08-06 15:31:46.442,条件时段：09:30:00-13:00:00)
	结果：未满足
===2021-08-06 15:31:46.957===
===2021-08-06 15:31:47.038===
股票：000821板块涨跌幅判断-额外参数：
	分组名称：1
	走势名称：发
		条件不成立(不符合板块涨跌幅条件)
	结果：未满足，返回code：-1
===2021-08-06 15:31:49.408===
额外条件未满足


===============================================

==============2021-08-06 15:32:12==============
===6开始执行条件2021-08-06 15:32:08.405===
===开始判断价格条件2021-08-06 15:32:08.405===
===开始判断额外/转自动条件2021-08-06 15:32:08.946===
===2021-08-06 15:32:09.297===
股票：000821指定时间段判断-额外参数：
	分组名称：1
	走势名称：时间段
		条件不成立(当前时间：2021-08-06 15:32:08.405,条件时段：09:30:00-13:00:00)
	结果：未满足
===2021-08-06 15:32:09.297===
===2021-08-06 15:32:09.472===
股票：000821板块涨跌幅判断-额外参数：
	分组名称：1
	走势名称：发
		条件不成立(不符合板块涨跌幅条件)
	结果：未满足，返回code：-1
===2021-08-06 15:32:12.088===
额外条件未满足


===============================================

==============2021-08-06 15:32:30==============
===6开始执行条件2021-08-06 15:32:28.176===
===开始判断价格条件2021-08-06 15:32:28.176===
===开始判断额外/转自动条件2021-08-06 15:32:28.541===
===2021-08-06 15:32:29.021===
股票：000821指定时间段判断-额外参数：
	分组名称：1
	走势名称：时间段
		条件不成立(当前时间：2021-08-06 15:32:28.176,条件时段：09:30:00-13:00:00)
	结果：未满足
===2021-08-06 15:32:29.021===
===2021-08-06 15:32:29.121===
股票：000821板块涨跌幅判断-额外参数：
	分组名称：1
	走势名称：发
		条件不成立(不符合板块涨跌幅条件)
	结果：未满足，返回code：-1
===2021-08-06 15:32:30.459===
额外条件未满足


===============================================

==============2021-08-06 15:32:39==============
===6开始执行条件2021-08-06 15:32:39.082===
===开始判断价格条件2021-08-06 15:32:39.082===
===开始判断额外/转自动条件2021-08-06 15:32:39.188===
===2021-08-06 15:32:39.309===
股票：000821指定时间段判断-额外参数：
	分组名称：1
	走势名称：时间段
		条件不成立(当前时间：2021-08-06 15:32:39.082,条件时段：09:30:00-13:00:00)
	结果：未满足
===2021-08-06 15:32:39.309===
===2021-08-06 15:32:39.330===
股票：000821板块涨跌幅判断-额外参数：
	分组名称：1
	走势名称：发
		条件不成立(不符合板块涨跌幅条件)
	结果：未满足，返回code：-1
===2021-08-06 15:32:39.563===
额外条件未满足


===============================================

==============2021-08-06 15:33:07==============
===6开始执行条件2021-08-06 15:33:02.674===
===开始判断价格条件2021-08-06 15:33:02.674===
===开始判断额外/转自动条件2021-08-06 15:33:03.313===
===2021-08-06 15:33:04.153===
股票：000821指定时间段判断-额外参数：
	分组名称：1
	走势名称：时间段
		条件不成立(当前时间：2021-08-06 15:33:02.674,条件时段：09:30:00-13:00:00)
	结果：未满足
===2021-08-06 15:33:04.153===
===2021-08-06 15:33:04.402===
股票：000821板块涨跌幅判断-额外参数：
	分组名称：1
	走势名称：发
		条件不成立(不符合板块涨跌幅条件)
	结果：未满足，返回code：-1
===2021-08-06 15:33:07.928===
额外条件未满足


===============================================

==============2021-08-06 15:36:52==============
===6开始执行条件2021-08-06 15:33:20.510===
===开始判断价格条件2021-08-06 15:33:20.510===
===开始判断额外/转自动条件2021-08-06 15:35:54.492===
===2021-08-06 15:35:55.470===
股票：000821指定时间段判断-额外参数：
	分组名称：1
	走势名称：时间段
		条件不成立(当前时间：2021-08-06 15:33:20.510,条件时段：09:30:00-13:00:00)
	结果：未满足
===2021-08-06 15:35:55.470===
===2021-08-06 15:35:55.893===
股票：000821板块涨跌幅判断-额外参数：
	分组名称：1
	走势名称：发
		条件不成立(不符合板块涨跌幅条件)
	结果：未满足，返回code：-1
===2021-08-06 15:36:52.270===
额外条件未满足


===============================================

==============2021-08-06 15:38:11==============
===6开始执行条件2021-08-06 15:38:08.234===
===开始判断价格条件2021-08-06 15:38:08.234===
===开始判断额外/转自动条件2021-08-06 15:38:09.432===
===2021-08-06 15:38:09.923===
股票：000821指定时间段判断-额外参数：
	分组名称：1
	走势名称：时间段
		条件不成立(当前时间：2021-08-06 15:38:08.234,条件时段：09:30:00-13:00:00)
	结果：未满足
===2021-08-06 15:38:09.923===
===2021-08-06 15:38:09.981===
股票：000821板块涨跌幅判断-额外参数：
	分组名称：1
	走势名称：发
		条件不成立(不符合板块涨跌幅条件)
	结果：未满足，返回code：-1
===2021-08-06 15:38:11.478===
额外条件未满足


===============================================

==============2021-08-06 15:38:30==============
===6开始执行条件2021-08-06 15:38:29.735===
===开始判断价格条件2021-08-06 15:38:29.735===
===开始判断额外/转自动条件2021-08-06 15:38:29.800===
===2021-08-06 15:38:29.861===
股票：000821指定时间段判断-额外参数：
	分组名称：1
	走势名称：时间段
		条件不成立(当前时间：2021-08-06 15:38:29.735,条件时段：09:30:00-13:00:00)
	结果：未满足
===2021-08-06 15:38:29.861===
===2021-08-06 15:38:29.885===
股票：000821板块涨跌幅判断-额外参数：
	分组名称：1
	走势名称：发
		条件不成立(不符合板块涨跌幅条件)
	结果：未满足，返回code：-1
===2021-08-06 15:38:30.278===
额外条件未满足


===============================================

==============2021-08-06 15:40:24==============
===6开始执行条件2021-08-06 15:40:18.537===
===开始判断价格条件2021-08-06 15:40:18.537===
===开始判断额外/转自动条件2021-08-06 15:40:19.551===
===2021-08-06 15:40:19.878===
股票：000821指定时间段判断-额外参数：
	分组名称：1
	走势名称：时间段
		条件不成立(当前时间：2021-08-06 15:40:18.536,条件时段：09:30:00-13:00:00)
	结果：未满足
===2021-08-06 15:40:19.878===
===2021-08-06 15:40:20.031===
股票：000821板块涨跌幅判断-额外参数：
	分组名称：1
	走势名称：发
		条件不成立(不符合板块涨跌幅条件)
	结果：未满足，返回code：-1
===2021-08-06 15:40:24.942===
额外条件未满足


===============================================

==============2021-08-06 17:04:34==============
===6开始执行条件2021-08-06 17:04:30.633===
===开始判断价格条件2021-08-06 17:04:30.633===
===开始判断额外/转自动条件2021-08-06 17:04:31.884===
===2021-08-06 17:04:32.907===
股票：000821指定时间段判断-额外参数：
	分组名称：1
	走势名称：时间段
		条件不成立(当前时间：2021-08-06 17:04:30.632,条件时段：09:30:00-13:00:00)
	结果：未满足
===2021-08-06 17:04:32.907===
===2021-08-06 17:04:33.223===
股票：000821板块涨跌幅判断-额外参数：
	分组名称：1
	走势名称：发
		条件不成立(不符合板块涨跌幅条件)
	结果：未满足，返回code：-1
===2021-08-06 17:04:34.769===
额外条件未满足


===============================================

==============2021-08-06 17:04:47==============
===6开始执行条件2021-08-06 17:04:45.960===
===开始判断价格条件2021-08-06 17:04:45.960===
===开始判断额外/转自动条件2021-08-06 17:04:46.216===
===2021-08-06 17:04:46.408===
股票：000821指定时间段判断-额外参数：
	分组名称：1
	走势名称：时间段
		条件不成立(当前时间：2021-08-06 17:04:45.960,条件时段：09:30:00-13:00:00)
	结果：未满足
===2021-08-06 17:04:46.409===
===2021-08-06 17:04:46.464===
股票：000821板块涨跌幅判断-额外参数：
	分组名称：1
	走势名称：发
		条件不成立(不符合板块涨跌幅条件)
	结果：未满足，返回code：-1
===2021-08-06 17:04:47.136===
额外条件未满足


===============================================

==============2021-08-06 17:05:08==============
===6开始执行条件2021-08-06 17:05:05.812===
===开始判断价格条件2021-08-06 17:05:05.812===
===开始判断额外/转自动条件2021-08-06 17:05:05.937===
===2021-08-06 17:05:06.322===
股票：000821指定时间段判断-额外参数：
	分组名称：1
	走势名称：时间段
		条件不成立(当前时间：2021-08-06 17:05:05.812,条件时段：09:30:00-13:00:00)
	结果：未满足
===2021-08-06 17:05:06.322===
===2021-08-06 17:05:06.495===
股票：000821板块涨跌幅判断-额外参数：
	分组名称：1
	走势名称：发
		条件不成立(不符合板块涨跌幅条件)
	结果：未满足，返回code：-1
===2021-08-06 17:05:08.228===
额外条件未满足


===============================================

==============2021-08-06 17:05:26==============
===6开始执行条件2021-08-06 17:05:24.082===
===开始判断价格条件2021-08-06 17:05:24.082===
===开始判断额外/转自动条件2021-08-06 17:05:24.384===
===2021-08-06 17:05:24.832===
股票：000821指定时间段判断-额外参数：
	分组名称：1
	走势名称：时间段
		条件不成立(当前时间：2021-08-06 17:05:24.076,条件时段：09:30:00-13:00:00)
	结果：未满足
===2021-08-06 17:05:24.832===
===2021-08-06 17:05:24.988===
股票：000821板块涨跌幅判断-额外参数：
	分组名称：1
	走势名称：发
		条件不成立(不符合板块涨跌幅条件)
	结果：未满足，返回code：-1
===2021-08-06 17:05:26.287===
额外条件未满足


===============================================

==============2021-08-06 17:05:46==============
===6开始执行条件2021-08-06 17:05:44.601===
===开始判断价格条件2021-08-06 17:05:44.601===
===开始判断额外/转自动条件2021-08-06 17:05:45.116===
===2021-08-06 17:05:45.409===
股票：000821指定时间段判断-额外参数：
	分组名称：1
	走势名称：时间段
		条件不成立(当前时间：2021-08-06 17:05:44.601,条件时段：09:30:00-13:00:00)
	结果：未满足
===2021-08-06 17:05:45.410===
===2021-08-06 17:05:45.570===
股票：000821板块涨跌幅判断-额外参数：
	分组名称：1
	走势名称：发
		条件不成立(不符合板块涨跌幅条件)
	结果：未满足，返回code：-1
===2021-08-06 17:05:46.970===
额外条件未满足


===============================================

==============2021-08-06 17:06:07==============
===6开始执行条件2021-08-06 17:06:03.258===
===开始判断价格条件2021-08-06 17:06:03.258===
===开始判断额外/转自动条件2021-08-06 17:06:03.649===
===2021-08-06 17:06:04.239===
股票：000821指定时间段判断-额外参数：
	分组名称：1
	走势名称：时间段
		条件不成立(当前时间：2021-08-06 17:06:03.258,条件时段：09:30:00-13:00:00)
	结果：未满足
===2021-08-06 17:06:04.239===
===2021-08-06 17:06:04.429===
股票：000821板块涨跌幅判断-额外参数：
	分组名称：1
	走势名称：发
		条件不成立(不符合板块涨跌幅条件)
	结果：未满足，返回code：-1
===2021-08-06 17:06:07.153===
额外条件未满足


===============================================

==============2021-08-06 17:06:29==============
===6开始执行条件2021-08-06 17:06:26.326===
===开始判断价格条件2021-08-06 17:06:26.326===
===开始判断额外/转自动条件2021-08-06 17:06:27.242===
===2021-08-06 17:06:27.626===
股票：000821指定时间段判断-额外参数：
	分组名称：1
	走势名称：时间段
		条件不成立(当前时间：2021-08-06 17:06:26.326,条件时段：09:30:00-13:00:00)
	结果：未满足
===2021-08-06 17:06:27.626===
===2021-08-06 17:06:27.792===
股票：000821板块涨跌幅判断-额外参数：
	分组名称：1
	走势名称：发
		条件不成立(不符合板块涨跌幅条件)
	结果：未满足，返回code：-1
===2021-08-06 17:06:29.551===
额外条件未满足


===============================================

==============2021-08-06 17:06:54==============
===6开始执行条件2021-08-06 17:06:52.169===
===开始判断价格条件2021-08-06 17:06:52.169===
===开始判断额外/转自动条件2021-08-06 17:06:52.881===
===2021-08-06 17:06:53.330===
股票：000821指定时间段判断-额外参数：
	分组名称：1
	走势名称：时间段
		条件不成立(当前时间：2021-08-06 17:06:52.169,条件时段：09:30:00-13:00:00)
	结果：未满足
===2021-08-06 17:06:53.330===
===2021-08-06 17:06:53.462===
股票：000821板块涨跌幅判断-额外参数：
	分组名称：1
	走势名称：发
		条件不成立(不符合板块涨跌幅条件)
	结果：未满足，返回code：-1
===2021-08-06 17:06:54.708===
额外条件未满足


===============================================

==============2021-08-06 17:07:13==============
===6开始执行条件2021-08-06 17:07:12.127===
===开始判断价格条件2021-08-06 17:07:12.127===
===开始判断额外/转自动条件2021-08-06 17:07:12.483===
===2021-08-06 17:07:12.547===
股票：000821指定时间段判断-额外参数：
	分组名称：1
	走势名称：时间段
		条件不成立(当前时间：2021-08-06 17:07:12.126,条件时段：09:30:00-13:00:00)
	结果：未满足
===2021-08-06 17:07:12.547===
===2021-08-06 17:07:12.624===
股票：000821板块涨跌幅判断-额外参数：
	分组名称：1
	走势名称：发
		条件不成立(不符合板块涨跌幅条件)
	结果：未满足，返回code：-1
===2021-08-06 17:07:13.674===
额外条件未满足


===============================================

==============2021-08-06 17:07:33==============
===6开始执行条件2021-08-06 17:07:31.073===
===开始判断价格条件2021-08-06 17:07:31.073===
===开始判断额外/转自动条件2021-08-06 17:07:31.611===
===2021-08-06 17:07:31.741===
股票：000821指定时间段判断-额外参数：
	分组名称：1
	走势名称：时间段
		条件不成立(当前时间：2021-08-06 17:07:31.072,条件时段：09:30:00-13:00:00)
	结果：未满足
===2021-08-06 17:07:31.741===
===2021-08-06 17:07:31.780===
股票：000821板块涨跌幅判断-额外参数：
	分组名称：1
	走势名称：发
		条件不成立(不符合板块涨跌幅条件)
	结果：未满足，返回code：-1
===2021-08-06 17:07:33.111===
额外条件未满足


===============================================

==============2021-08-06 17:08:01==============
===6开始执行条件2021-08-06 17:07:56.162===
===开始判断价格条件2021-08-06 17:07:56.162===
===开始判断额外/转自动条件2021-08-06 17:07:57.271===
===2021-08-06 17:07:57.639===
股票：000821指定时间段判断-额外参数：
	分组名称：1
	走势名称：时间段
		条件不成立(当前时间：2021-08-06 17:07:56.162,条件时段：09:30:00-13:00:00)
	结果：未满足
===2021-08-06 17:07:57.639===
===2021-08-06 17:07:57.775===
股票：000821板块涨跌幅判断-额外参数：
	分组名称：1
	走势名称：发
		条件不成立(不符合板块涨跌幅条件)
	结果：未满足，返回code：-1
===2021-08-06 17:08:01.432===
额外条件未满足


===============================================

==============2021-08-06 17:08:22==============
===6开始执行条件2021-08-06 17:08:18.797===
===开始判断价格条件2021-08-06 17:08:18.797===
===开始判断额外/转自动条件2021-08-06 17:08:19.356===
===2021-08-06 17:08:19.690===
股票：000821指定时间段判断-额外参数：
	分组名称：1
	走势名称：时间段
		条件不成立(当前时间：2021-08-06 17:08:18.797,条件时段：09:30:00-13:00:00)
	结果：未满足
===2021-08-06 17:08:19.690===
===2021-08-06 17:08:19.837===
股票：000821板块涨跌幅判断-额外参数：
	分组名称：1
	走势名称：发
		条件不成立(不符合板块涨跌幅条件)
	结果：未满足，返回code：-1
===2021-08-06 17:08:22.526===
额外条件未满足


===============================================

==============2021-08-06 17:10:13==============
===6开始执行条件2021-08-06 17:10:12.777===
===开始判断价格条件2021-08-06 17:10:12.777===
===开始判断额外/转自动条件2021-08-06 17:10:12.926===
===2021-08-06 17:10:13.019===
股票：000821指定时间段判断-额外参数：
	分组名称：1
	走势名称：时间段
		条件不成立(当前时间：2021-08-06 17:10:12.776,条件时段：09:30:00-13:00:00)
	结果：未满足
===2021-08-06 17:10:13.019===
===2021-08-06 17:10:13.059===
股票：000821板块涨跌幅判断-额外参数：
	分组名称：1
	走势名称：发
		条件不成立(不符合板块涨跌幅条件)
	结果：未满足，返回code：-1
===2021-08-06 17:10:13.518===
额外条件未满足


===============================================

==============2021-08-06 17:10:30==============
===6开始执行条件2021-08-06 17:10:29.758===
===开始判断价格条件2021-08-06 17:10:29.758===
===开始判断额外/转自动条件2021-08-06 17:10:30.023===
===2021-08-06 17:10:30.084===
股票：000821指定时间段判断-额外参数：
	分组名称：1
	走势名称：时间段
		条件不成立(当前时间：2021-08-06 17:10:29.757,条件时段：09:30:00-13:00:00)
	结果：未满足
===2021-08-06 17:10:30.084===
===2021-08-06 17:10:30.111===
股票：000821板块涨跌幅判断-额外参数：
	分组名称：1
	走势名称：发
		条件不成立(不符合板块涨跌幅条件)
	结果：未满足，返回code：-1
===2021-08-06 17:10:30.664===
额外条件未满足


===============================================

==============2021-08-06 17:10:49==============
===6开始执行条件2021-08-06 17:10:47.527===
===开始判断价格条件2021-08-06 17:10:47.527===
===开始判断额外/转自动条件2021-08-06 17:10:48.004===
===2021-08-06 17:10:48.177===
股票：000821指定时间段判断-额外参数：
	分组名称：1
	走势名称：时间段
		条件不成立(当前时间：2021-08-06 17:10:47.527,条件时段：09:30:00-13:00:00)
	结果：未满足
===2021-08-06 17:10:48.177===
===2021-08-06 17:10:48.194===
股票：000821板块涨跌幅判断-额外参数：
	分组名称：1
	走势名称：发
		条件不成立(不符合板块涨跌幅条件)
	结果：未满足，返回code：-1
===2021-08-06 17:10:49.027===
额外条件未满足


===============================================

==============2021-08-06 17:11:07==============
===6开始执行条件2021-08-06 17:11:05.462===
===开始判断价格条件2021-08-06 17:11:05.462===
===开始判断额外/转自动条件2021-08-06 17:11:05.756===
===2021-08-06 17:11:05.988===
股票：000821指定时间段判断-额外参数：
	分组名称：1
	走势名称：时间段
		条件不成立(当前时间：2021-08-06 17:11:05.461,条件时段：09:30:00-13:00:00)
	结果：未满足
===2021-08-06 17:11:05.988===
===2021-08-06 17:11:06.066===
股票：000821板块涨跌幅判断-额外参数：
	分组名称：1
	走势名称：发
		条件不成立(不符合板块涨跌幅条件)
	结果：未满足，返回code：-1
===2021-08-06 17:11:07.612===
额外条件未满足


===============================================

==============2021-08-06 17:11:32==============
===6开始执行条件2021-08-06 17:11:27.006===
===开始判断价格条件2021-08-06 17:11:27.006===
===开始判断额外/转自动条件2021-08-06 17:11:27.905===
===2021-08-06 17:11:28.441===
股票：000821指定时间段判断-额外参数：
	分组名称：1
	走势名称：时间段
		条件不成立(当前时间：2021-08-06 17:11:27.006,条件时段：09:30:00-13:00:00)
	结果：未满足
===2021-08-06 17:11:28.441===
===2021-08-06 17:11:28.502===
股票：000821板块涨跌幅判断-额外参数：
	分组名称：1
	走势名称：发
		条件不成立(不符合板块涨跌幅条件)
	结果：未满足，返回code：-1
===2021-08-06 17:11:32.033===
额外条件未满足


===============================================

==============2021-08-06 17:11:56==============
===6开始执行条件2021-08-06 17:11:53.378===
===开始判断价格条件2021-08-06 17:11:53.379===
===开始判断额外/转自动条件2021-08-06 17:11:53.855===
===2021-08-06 17:11:54.472===
股票：000821指定时间段判断-额外参数：
	分组名称：1
	走势名称：时间段
		条件不成立(当前时间：2021-08-06 17:11:53.378,条件时段：09:30:00-13:00:00)
	结果：未满足
===2021-08-06 17:11:54.472===
===2021-08-06 17:11:54.564===
股票：000821板块涨跌幅判断-额外参数：
	分组名称：1
	走势名称：发
		条件不成立(不符合板块涨跌幅条件)
	结果：未满足，返回code：-1
===2021-08-06 17:11:56.218===
额外条件未满足


===============================================

==============2021-08-06 17:12:15==============
===6开始执行条件2021-08-06 17:12:13.289===
===开始判断价格条件2021-08-06 17:12:13.289===
===开始判断额外/转自动条件2021-08-06 17:12:13.755===
===2021-08-06 17:12:13.969===
股票：000821指定时间段判断-额外参数：
	分组名称：1
	走势名称：时间段
		条件不成立(当前时间：2021-08-06 17:12:13.289,条件时段：09:30:00-13:00:00)
	结果：未满足
===2021-08-06 17:12:13.969===
===2021-08-06 17:12:14.022===
股票：000821板块涨跌幅判断-额外参数：
	分组名称：1
	走势名称：发
		条件不成立(不符合板块涨跌幅条件)
	结果：未满足，返回code：-1
===2021-08-06 17:12:15.203===
额外条件未满足


===============================================

