==============2021-05-26 16:03:00==============
===开始判断价格条件2021-05-26 16:02:50.747===
===开始判断额外/转自动条件2021-05-26 16:02:50.904===
===2021-05-26 16:02:50.950===
股票：600882按当前价格判断-额外参数：
	分组名称：才认识
	走势名称：
	结果：未满足，返回code：-1
===2021-05-26 16:03:00.223===
额外条件未满足


===============================================

==============2021-05-26 16:03:18==============
===开始判断价格条件2021-05-26 16:03:02.270===
===开始判断额外/转自动条件2021-05-26 16:03:02.372===
===2021-05-26 16:03:02.608===
股票：600882按当前价格判断-额外参数：
	分组名称：才认识
	走势名称：
	结果：未满足，返回code：-1
===2021-05-26 16:03:18.900===
额外条件未满足


===============================================

==============2021-05-26 16:03:29==============
===开始判断价格条件2021-05-26 16:03:20.088===
===开始判断额外/转自动条件2021-05-26 16:03:20.160===
===2021-05-26 16:03:20.206===
股票：600882按当前价格判断-额外参数：
	分组名称：才认识
	走势名称：
	结果：未满足，返回code：-1
===2021-05-26 16:03:29.949===
额外条件未满足


===============================================

