==============2021-08-06 14:25:59==============
===6开始执行条件2021-08-06 14:25:59.463===
===开始判断价格条件2021-08-06 14:25:59.463===
===开始判断额外/转自动条件2021-08-06 14:25:59.659===
===2021-08-06 14:25:59.704===
股票：605277指定时间段判断-额外参数：
	分组名称：1
	走势名称：时间段
		条件不成立(当前时间：2021-08-06 14:25:59.463,条件时段：09:30:00-13:00:00)
	结果：未满足
===2021-08-06 14:25:59.704===
===2021-08-06 14:25:59.745===
股票：605277板块涨跌幅判断-额外参数：
	分组名称：1
	走势名称：发
		条件不成立(不符合板块涨跌幅条件)
	结果：未满足，返回code：-1
===2021-08-06 14:25:59.897===
额外条件未满足


===============================================

==============2021-08-06 14:26:45==============
===6开始执行条件2021-08-06 14:26:41.345===
===开始判断价格条件2021-08-06 14:26:41.345===
===开始判断额外/转自动条件2021-08-06 14:26:42.377===
===2021-08-06 14:26:43.074===
股票：605277指定时间段判断-额外参数：
	分组名称：1
	走势名称：时间段
		条件不成立(当前时间：2021-08-06 14:26:41.344,条件时段：09:30:00-13:00:00)
	结果：未满足
===2021-08-06 14:26:43.074===
===2021-08-06 14:26:43.386===
股票：605277板块涨跌幅判断-额外参数：
	分组名称：1
	走势名称：发
		条件不成立(不符合板块涨跌幅条件)
	结果：未满足，返回code：-1
===2021-08-06 14:26:45.312===
额外条件未满足


===============================================

==============2021-08-06 14:26:56==============
===6开始执行条件2021-08-06 14:26:54.509===
===开始判断价格条件2021-08-06 14:26:54.510===
===开始判断额外/转自动条件2021-08-06 14:26:54.668===
===2021-08-06 14:26:54.971===
股票：605277指定时间段判断-额外参数：
	分组名称：1
	走势名称：时间段
		条件不成立(当前时间：2021-08-06 14:26:54.509,条件时段：09:30:00-13:00:00)
	结果：未满足
===2021-08-06 14:26:54.971===
===2021-08-06 14:26:55.403===
股票：605277板块涨跌幅判断-额外参数：
	分组名称：1
	走势名称：发
		条件不成立(不符合板块涨跌幅条件)
	结果：未满足，返回code：-1
===2021-08-06 14:26:56.850===
额外条件未满足


===============================================

==============2021-08-06 14:29:20==============
===6开始执行条件2021-08-06 14:29:18.909===
===开始判断价格条件2021-08-06 14:29:18.909===
===开始判断额外/转自动条件2021-08-06 14:29:18.985===
===2021-08-06 14:29:19.227===
股票：605277指定时间段判断-额外参数：
	分组名称：1
	走势名称：时间段
		条件不成立(当前时间：2021-08-06 14:29:18.909,条件时段：09:30:00-13:00:00)
	结果：未满足
===2021-08-06 14:29:19.227===
===2021-08-06 14:29:19.291===
股票：605277板块涨跌幅判断-额外参数：
	分组名称：1
	走势名称：发
		条件不成立(不符合板块涨跌幅条件)
	结果：未满足，返回code：-1
===2021-08-06 14:29:20.476===
额外条件未满足


===============================================

==============2021-08-06 14:41:21==============
===6开始执行条件2021-08-06 14:41:19.876===
===开始判断价格条件2021-08-06 14:41:19.876===
===开始判断额外/转自动条件2021-08-06 14:41:20.629===
===2021-08-06 14:41:20.683===
股票：605277指定时间段判断-额外参数：
	分组名称：1
	走势名称：时间段
		条件不成立(当前时间：2021-08-06 14:41:19.876,条件时段：09:30:00-13:00:00)
	结果：未满足
===2021-08-06 14:41:20.683===
===2021-08-06 14:41:20.707===
股票：605277板块涨跌幅判断-额外参数：
	分组名称：1
	走势名称：发
		条件不成立(不符合板块涨跌幅条件)
	结果：未满足，返回code：-1
===2021-08-06 14:41:21.171===
额外条件未满足


===============================================

==============2021-08-06 14:42:50==============
===6开始执行条件2021-08-06 14:42:38.569===
===开始判断价格条件2021-08-06 14:42:38.569===
===开始判断额外/转自动条件2021-08-06 14:42:39.661===
===2021-08-06 14:42:39.910===
股票：605277指定时间段判断-额外参数：
	分组名称：1
	走势名称：时间段
		条件不成立(当前时间：2021-08-06 14:42:38.569,条件时段：09:30:00-13:00:00)
	结果：未满足
===2021-08-06 14:42:39.910===
===2021-08-06 14:42:40.131===
股票：605277板块涨跌幅判断-额外参数：
	分组名称：1
	走势名称：发
		条件不成立(不符合板块涨跌幅条件)
	结果：未满足，返回code：-1
===2021-08-06 14:42:50.141===
额外条件未满足


===============================================

==============2021-08-06 14:43:15==============
===6开始执行条件2021-08-06 14:43:13.889===
===开始判断价格条件2021-08-06 14:43:13.889===
===开始判断额外/转自动条件2021-08-06 14:43:13.978===
===2021-08-06 14:43:14.082===
股票：605277指定时间段判断-额外参数：
	分组名称：1
	走势名称：时间段
		条件不成立(当前时间：2021-08-06 14:43:13.889,条件时段：09:30:00-13:00:00)
	结果：未满足
===2021-08-06 14:43:14.082===
===2021-08-06 14:43:14.185===
股票：605277板块涨跌幅判断-额外参数：
	分组名称：1
	走势名称：发
		条件不成立(不符合板块涨跌幅条件)
	结果：未满足，返回code：-1
===2021-08-06 14:43:15.074===
额外条件未满足


===============================================

==============2021-08-06 15:12:18==============
===6开始执行条件2021-08-06 15:12:15.927===
===开始判断价格条件2021-08-06 15:12:15.927===
===开始判断额外/转自动条件2021-08-06 15:12:16.651===
===2021-08-06 15:12:17.077===
股票：605277指定时间段判断-额外参数：
	分组名称：1
	走势名称：时间段
		条件不成立(当前时间：2021-08-06 15:12:15.926,条件时段：09:30:00-13:00:00)
	结果：未满足
===2021-08-06 15:12:17.077===
===2021-08-06 15:12:17.130===
股票：605277板块涨跌幅判断-额外参数：
	分组名称：1
	走势名称：发
		条件不成立(不符合板块涨跌幅条件)
	结果：未满足，返回code：-1
===2021-08-06 15:12:18.363===
额外条件未满足


===============================================

==============2021-08-06 15:12:49==============
===6开始执行条件2021-08-06 15:12:48.666===
===开始判断价格条件2021-08-06 15:12:48.666===
===开始判断额外/转自动条件2021-08-06 15:12:48.769===
===2021-08-06 15:12:48.971===
股票：605277指定时间段判断-额外参数：
	分组名称：1
	走势名称：时间段
		条件不成立(当前时间：2021-08-06 15:12:48.657,条件时段：09:30:00-13:00:00)
	结果：未满足
===2021-08-06 15:12:48.971===
===2021-08-06 15:12:49.102===
股票：605277板块涨跌幅判断-额外参数：
	分组名称：1
	走势名称：发
		条件不成立(不符合板块涨跌幅条件)
	结果：未满足，返回code：-1
===2021-08-06 15:12:49.903===
额外条件未满足


===============================================

==============2021-08-06 15:14:09==============
===6开始执行条件2021-08-06 15:14:07.843===
===开始判断价格条件2021-08-06 15:14:07.843===
===开始判断额外/转自动条件2021-08-06 15:14:08.140===
===2021-08-06 15:14:08.341===
股票：605277指定时间段判断-额外参数：
	分组名称：1
	走势名称：时间段
		条件不成立(当前时间：2021-08-06 15:14:07.842,条件时段：09:30:00-13:00:00)
	结果：未满足
===2021-08-06 15:14:08.341===
===2021-08-06 15:14:08.883===
股票：605277板块涨跌幅判断-额外参数：
	分组名称：1
	走势名称：发
		条件不成立(不符合板块涨跌幅条件)
	结果：未满足，返回code：-1
===2021-08-06 15:14:09.440===
额外条件未满足


===============================================

==============2021-08-06 15:28:36==============
===6开始执行条件2021-08-06 15:28:34.188===
===开始判断价格条件2021-08-06 15:28:34.188===
===开始判断额外/转自动条件2021-08-06 15:28:34.571===
===2021-08-06 15:28:34.774===
股票：605277指定时间段判断-额外参数：
	分组名称：1
	走势名称：时间段
		条件不成立(当前时间：2021-08-06 15:28:34.188,条件时段：09:30:00-13:00:00)
	结果：未满足
===2021-08-06 15:28:34.774===
===2021-08-06 15:28:34.917===
股票：605277板块涨跌幅判断-额外参数：
	分组名称：1
	走势名称：发
		条件不成立(不符合板块涨跌幅条件)
	结果：未满足，返回code：-1
===2021-08-06 15:28:36.631===
额外条件未满足


===============================================

==============2021-08-06 15:28:55==============
===6开始执行条件2021-08-06 15:28:52.688===
===开始判断价格条件2021-08-06 15:28:52.688===
===开始判断额外/转自动条件2021-08-06 15:28:53.575===
===2021-08-06 15:28:54.151===
股票：605277指定时间段判断-额外参数：
	分组名称：1
	走势名称：时间段
		条件不成立(当前时间：2021-08-06 15:28:52.688,条件时段：09:30:00-13:00:00)
	结果：未满足
===2021-08-06 15:28:54.151===
===2021-08-06 15:28:54.282===
股票：605277板块涨跌幅判断-额外参数：
	分组名称：1
	走势名称：发
		条件不成立(不符合板块涨跌幅条件)
	结果：未满足，返回code：-1
===2021-08-06 15:28:55.947===
额外条件未满足


===============================================

==============2021-08-06 15:30:03==============
===6开始执行条件2021-08-06 15:30:02.658===
===开始判断价格条件2021-08-06 15:30:02.658===
===开始判断额外/转自动条件2021-08-06 15:30:03.040===
===2021-08-06 15:30:03.134===
股票：605277指定时间段判断-额外参数：
	分组名称：1
	走势名称：时间段
		条件不成立(当前时间：2021-08-06 15:30:02.658,条件时段：09:30:00-13:00:00)
	结果：未满足
===2021-08-06 15:30:03.134===
===2021-08-06 15:30:03.160===
股票：605277板块涨跌幅判断-额外参数：
	分组名称：1
	走势名称：发
		条件不成立(不符合板块涨跌幅条件)
	结果：未满足，返回code：-1
===2021-08-06 15:30:03.663===
额外条件未满足


===============================================

==============2021-08-06 15:30:23==============
===6开始执行条件2021-08-06 15:30:20.183===
===开始判断价格条件2021-08-06 15:30:20.183===
===开始判断额外/转自动条件2021-08-06 15:30:20.988===
===2021-08-06 15:30:21.367===
股票：605277指定时间段判断-额外参数：
	分组名称：1
	走势名称：时间段
		条件不成立(当前时间：2021-08-06 15:30:20.182,条件时段：09:30:00-13:00:00)
	结果：未满足
===2021-08-06 15:30:21.368===
===2021-08-06 15:30:21.525===
股票：605277板块涨跌幅判断-额外参数：
	分组名称：1
	走势名称：发
		条件不成立(不符合板块涨跌幅条件)
	结果：未满足，返回code：-1
===2021-08-06 15:30:23.393===
额外条件未满足


===============================================

==============2021-08-06 15:30:42==============
===6开始执行条件2021-08-06 15:30:40.913===
===开始判断价格条件2021-08-06 15:30:40.913===
===开始判断额外/转自动条件2021-08-06 15:30:40.967===
===2021-08-06 15:30:41.006===
股票：605277指定时间段判断-额外参数：
	分组名称：1
	走势名称：时间段
		条件不成立(当前时间：2021-08-06 15:30:40.912,条件时段：09:30:00-13:00:00)
	结果：未满足
===2021-08-06 15:30:41.006===
===2021-08-06 15:30:41.037===
股票：605277板块涨跌幅判断-额外参数：
	分组名称：1
	走势名称：发
		条件不成立(不符合板块涨跌幅条件)
	结果：未满足，返回code：-1
===2021-08-06 15:30:42.117===
额外条件未满足


===============================================

==============2021-08-06 15:31:04==============
===6开始执行条件2021-08-06 15:30:59.936===
===开始判断价格条件2021-08-06 15:30:59.936===
===开始判断额外/转自动条件2021-08-06 15:31:01.343===
===2021-08-06 15:31:01.930===
股票：605277指定时间段判断-额外参数：
	分组名称：1
	走势名称：时间段
		条件不成立(当前时间：2021-08-06 15:30:59.935,条件时段：09:30:00-13:00:00)
	结果：未满足
===2021-08-06 15:31:01.930===
===2021-08-06 15:31:02.003===
股票：605277板块涨跌幅判断-额外参数：
	分组名称：1
	走势名称：发
		条件不成立(不符合板块涨跌幅条件)
	结果：未满足，返回code：-1
===2021-08-06 15:31:04.421===
额外条件未满足


===============================================

==============2021-08-06 15:31:17==============
===6开始执行条件2021-08-06 15:31:17.172===
===开始判断价格条件2021-08-06 15:31:17.172===
===开始判断额外/转自动条件2021-08-06 15:31:17.494===
===2021-08-06 15:31:17.607===
股票：605277指定时间段判断-额外参数：
	分组名称：1
	走势名称：时间段
		条件不成立(当前时间：2021-08-06 15:31:17.172,条件时段：09:30:00-13:00:00)
	结果：未满足
===2021-08-06 15:31:17.607===
===2021-08-06 15:31:17.676===
股票：605277板块涨跌幅判断-额外参数：
	分组名称：1
	走势名称：发
		条件不成立(不符合板块涨跌幅条件)
	结果：未满足，返回code：-1
===2021-08-06 15:31:17.934===
额外条件未满足


===============================================

==============2021-08-06 15:31:40==============
===6开始执行条件2021-08-06 15:31:36.135===
===开始判断价格条件2021-08-06 15:31:36.135===
===开始判断额外/转自动条件2021-08-06 15:31:37.215===
===2021-08-06 15:31:37.563===
股票：605277指定时间段判断-额外参数：
	分组名称：1
	走势名称：时间段
		条件不成立(当前时间：2021-08-06 15:31:36.135,条件时段：09:30:00-13:00:00)
	结果：未满足
===2021-08-06 15:31:37.563===
===2021-08-06 15:31:37.658===
股票：605277板块涨跌幅判断-额外参数：
	分组名称：1
	走势名称：发
		条件不成立(不符合板块涨跌幅条件)
	结果：未满足，返回code：-1
===2021-08-06 15:31:40.172===
额外条件未满足


===============================================

==============2021-08-06 15:32:00==============
===6开始执行条件2021-08-06 15:31:55.417===
===开始判断价格条件2021-08-06 15:31:55.417===
===开始判断额外/转自动条件2021-08-06 15:31:56.847===
===2021-08-06 15:31:57.337===
股票：605277指定时间段判断-额外参数：
	分组名称：1
	走势名称：时间段
		条件不成立(当前时间：2021-08-06 15:31:55.417,条件时段：09:30:00-13:00:00)
	结果：未满足
===2021-08-06 15:31:57.338===
===2021-08-06 15:31:57.852===
股票：605277板块涨跌幅判断-额外参数：
	分组名称：1
	走势名称：发
		条件不成立(不符合板块涨跌幅条件)
	结果：未满足，返回code：-1
===2021-08-06 15:32:00.162===
额外条件未满足


===============================================

==============2021-08-06 15:32:33==============
===6开始执行条件2021-08-06 15:32:31.936===
===开始判断价格条件2021-08-06 15:32:31.936===
===开始判断额外/转自动条件2021-08-06 15:32:32.215===
===2021-08-06 15:32:32.501===
股票：605277指定时间段判断-额外参数：
	分组名称：1
	走势名称：时间段
		条件不成立(当前时间：2021-08-06 15:32:31.936,条件时段：09:30:00-13:00:00)
	结果：未满足
===2021-08-06 15:32:32.501===
===2021-08-06 15:32:32.931===
股票：605277板块涨跌幅判断-额外参数：
	分组名称：1
	走势名称：发
		条件不成立(不符合板块涨跌幅条件)
	结果：未满足，返回code：-1
===2021-08-06 15:32:33.849===
额外条件未满足


===============================================

==============2021-08-06 15:32:42==============
===6开始执行条件2021-08-06 15:32:42.181===
===开始判断价格条件2021-08-06 15:32:42.181===
===开始判断额外/转自动条件2021-08-06 15:32:42.438===
===2021-08-06 15:32:42.483===
股票：605277指定时间段判断-额外参数：
	分组名称：1
	走势名称：时间段
		条件不成立(当前时间：2021-08-06 15:32:42.173,条件时段：09:30:00-13:00:00)
	结果：未满足
===2021-08-06 15:32:42.484===
===2021-08-06 15:32:42.508===
股票：605277板块涨跌幅判断-额外参数：
	分组名称：1
	走势名称：发
		条件不成立(不符合板块涨跌幅条件)
	结果：未满足，返回code：-1
===2021-08-06 15:32:42.702===
额外条件未满足


===============================================

==============2021-08-06 15:38:17==============
===6开始执行条件2021-08-06 15:38:13.788===
===开始判断价格条件2021-08-06 15:38:13.788===
===开始判断额外/转自动条件2021-08-06 15:38:14.537===
===2021-08-06 15:38:15.121===
股票：605277指定时间段判断-额外参数：
	分组名称：1
	走势名称：时间段
		条件不成立(当前时间：2021-08-06 15:38:13.781,条件时段：09:30:00-13:00:00)
	结果：未满足
===2021-08-06 15:38:15.121===
===2021-08-06 15:38:15.298===
股票：605277板块涨跌幅判断-额外参数：
	分组名称：1
	走势名称：发
		条件不成立(不符合板块涨跌幅条件)
	结果：未满足，返回code：-1
===2021-08-06 15:38:17.154===
额外条件未满足


===============================================

==============2021-08-06 15:38:35==============
===6开始执行条件2021-08-06 15:38:34.362===
===开始判断价格条件2021-08-06 15:38:34.362===
===开始判断额外/转自动条件2021-08-06 15:38:34.611===
===2021-08-06 15:38:34.898===
股票：605277指定时间段判断-额外参数：
	分组名称：1
	走势名称：时间段
		条件不成立(当前时间：2021-08-06 15:38:34.362,条件时段：09:30:00-13:00:00)
	结果：未满足
===2021-08-06 15:38:34.909===
===2021-08-06 15:38:34.942===
股票：605277板块涨跌幅判断-额外参数：
	分组名称：1
	走势名称：发
		条件不成立(不符合板块涨跌幅条件)
	结果：未满足，返回code：-1
===2021-08-06 15:38:35.377===
额外条件未满足


===============================================

