==============2021-08-10 17:41:19==============
===6开始执行条件2021-08-10 17:41:18.427===
===开始判断价格条件2021-08-10 17:41:18.427===
===开始判断额外/转自动条件2021-08-10 17:41:18.691===
===2021-08-10 17:41:18.870===
股票：605277指定时间段判断-额外参数：
	分组名称：1
	走势名称：时间段
		条件不成立(当前时间：2021-08-10 17:41:18.427,条件时段：09:30:00-13:00:00)
	结果：未满足
===2021-08-10 17:41:18.871===
===2021-08-10 17:41:18.919===
股票：605277板块涨跌幅判断-额外参数：
	分组名称：1
	走势名称：发
		条件不成立(不符合板块涨跌幅条件)
	结果：未满足，返回code：-1
===2021-08-10 17:41:19.306===
额外条件未满足


===============================================

==============2021-08-10 17:42:00==============
===6开始执行条件2021-08-10 17:41:54.937===
===开始判断价格条件2021-08-10 17:41:54.937===
===开始判断额外/转自动条件2021-08-10 17:41:56.216===
===2021-08-10 17:41:57.051===
股票：605277指定时间段判断-额外参数：
	分组名称：1
	走势名称：时间段
		条件不成立(当前时间：2021-08-10 17:41:54.937,条件时段：09:30:00-13:00:00)
	结果：未满足
===2021-08-10 17:41:57.051===
===2021-08-10 17:41:57.183===
股票：605277板块涨跌幅判断-额外参数：
	分组名称：1
	走势名称：发
		条件不成立(不符合板块涨跌幅条件)
	结果：未满足，返回code：-1
===2021-08-10 17:42:00.493===
额外条件未满足


===============================================

==============2021-08-10 17:42:18==============
===6开始执行条件2021-08-10 17:42:13.614===
===开始判断价格条件2021-08-10 17:42:13.614===
===开始判断额外/转自动条件2021-08-10 17:42:14.797===
===2021-08-10 17:42:16.124===
股票：605277指定时间段判断-额外参数：
	分组名称：1
	走势名称：时间段
		条件不成立(当前时间：2021-08-10 17:42:13.613,条件时段：09:30:00-13:00:00)
	结果：未满足
===2021-08-10 17:42:16.124===
===2021-08-10 17:42:16.235===
股票：605277板块涨跌幅判断-额外参数：
	分组名称：1
	走势名称：发
		条件不成立(不符合板块涨跌幅条件)
	结果：未满足，返回code：-1
===2021-08-10 17:42:18.978===
额外条件未满足


===============================================

==============2021-08-10 17:44:08==============
===6开始执行条件2021-08-10 17:44:08.194===
===开始判断价格条件2021-08-10 17:44:08.194===
===开始判断额外/转自动条件2021-08-10 17:44:08.291===
===2021-08-10 17:44:08.341===
股票：605277指定时间段判断-额外参数：
	分组名称：1
	走势名称：时间段
		条件不成立(当前时间：2021-08-10 17:44:08.193,条件时段：09:30:00-13:00:00)
	结果：未满足
===2021-08-10 17:44:08.341===
===2021-08-10 17:44:08.362===
股票：605277板块涨跌幅判断-额外参数：
	分组名称：1
	走势名称：发
		条件不成立(不符合板块涨跌幅条件)
	结果：未满足，返回code：-1
===2021-08-10 17:44:08.763===
额外条件未满足


===============================================

==============2021-08-10 17:47:37==============
===6开始执行条件2021-08-10 17:47:34.575===
===开始判断价格条件2021-08-10 17:47:34.575===
===开始判断额外/转自动条件2021-08-10 17:47:35.281===
===2021-08-10 17:47:35.648===
股票：605277指定时间段判断-额外参数：
	分组名称：1
	走势名称：时间段
		条件不成立(当前时间：2021-08-10 17:47:34.574,条件时段：09:30:00-13:00:00)
	结果：未满足
===2021-08-10 17:47:35.648===
===2021-08-10 17:47:35.744===
股票：605277板块涨跌幅判断-额外参数：
	分组名称：1
	走势名称：发
		条件不成立(不符合板块涨跌幅条件)
	结果：未满足，返回code：-1
===2021-08-10 17:47:37.719===
额外条件未满足


===============================================

==============2021-08-10 17:47:56==============
===6开始执行条件2021-08-10 17:47:51.860===
===开始判断价格条件2021-08-10 17:47:51.860===
===开始判断额外/转自动条件2021-08-10 17:47:52.881===
===2021-08-10 17:47:53.967===
股票：605277指定时间段判断-额外参数：
	分组名称：1
	走势名称：时间段
		条件不成立(当前时间：2021-08-10 17:47:51.860,条件时段：09:30:00-13:00:00)
	结果：未满足
===2021-08-10 17:47:53.967===
===2021-08-10 17:47:54.061===
股票：605277板块涨跌幅判断-额外参数：
	分组名称：1
	走势名称：发
		条件不成立(不符合板块涨跌幅条件)
	结果：未满足，返回code：-1
===2021-08-10 17:47:56.316===
额外条件未满足


===============================================

==============2021-08-10 17:49:04==============
===6开始执行条件2021-08-10 17:49:03.357===
===开始判断价格条件2021-08-10 17:49:03.357===
===开始判断额外/转自动条件2021-08-10 17:49:03.458===
===2021-08-10 17:49:03.523===
股票：605277指定时间段判断-额外参数：
	分组名称：1
	走势名称：时间段
		条件不成立(当前时间：2021-08-10 17:49:03.346,条件时段：09:30:00-13:00:00)
	结果：未满足
===2021-08-10 17:49:03.523===
===2021-08-10 17:49:03.623===
股票：605277板块涨跌幅判断-额外参数：
	分组名称：1
	走势名称：发
		条件不成立(不符合板块涨跌幅条件)
	结果：未满足，返回code：-1
===2021-08-10 17:49:04.113===
额外条件未满足


===============================================

==============2021-08-10 17:49:24==============
===6开始执行条件2021-08-10 17:49:19.190===
===开始判断价格条件2021-08-10 17:49:19.190===
===开始判断额外/转自动条件2021-08-10 17:49:19.743===
===2021-08-10 17:49:20.673===
股票：605277指定时间段判断-额外参数：
	分组名称：1
	走势名称：时间段
		条件不成立(当前时间：2021-08-10 17:49:19.190,条件时段：09:30:00-13:00:00)
	结果：未满足
===2021-08-10 17:49:20.673===
===2021-08-10 17:49:21.326===
股票：605277板块涨跌幅判断-额外参数：
	分组名称：1
	走势名称：发
		条件不成立(不符合板块涨跌幅条件)
	结果：未满足，返回code：-1
===2021-08-10 17:49:24.188===
额外条件未满足


===============================================

==============2021-08-10 17:50:02==============
===6开始执行条件2021-08-10 17:49:55.863===
===开始判断价格条件2021-08-10 17:49:55.863===
===开始判断额外/转自动条件2021-08-10 17:49:57.095===
===2021-08-10 17:49:57.442===
股票：605277指定时间段判断-额外参数：
	分组名称：1
	走势名称：时间段
		条件不成立(当前时间：2021-08-10 17:49:55.863,条件时段：09:30:00-13:00:00)
	结果：未满足
===2021-08-10 17:49:57.442===
===2021-08-10 17:49:57.615===
股票：605277板块涨跌幅判断-额外参数：
	分组名称：1
	走势名称：发
		条件不成立(不符合板块涨跌幅条件)
	结果：未满足，返回code：-1
===2021-08-10 17:50:02.807===
额外条件未满足


===============================================

==============2021-08-10 17:50:12==============
===6开始执行条件2021-08-10 17:50:11.038===
===开始判断价格条件2021-08-10 17:50:11.038===
===开始判断额外/转自动条件2021-08-10 17:50:11.487===
===2021-08-10 17:50:11.569===
股票：605277指定时间段判断-额外参数：
	分组名称：1
	走势名称：时间段
		条件不成立(当前时间：2021-08-10 17:50:11.026,条件时段：09:30:00-13:00:00)
	结果：未满足
===2021-08-10 17:50:11.569===
===2021-08-10 17:50:11.658===
股票：605277板块涨跌幅判断-额外参数：
	分组名称：1
	走势名称：发
		条件不成立(不符合板块涨跌幅条件)
	结果：未满足，返回code：-1
===2021-08-10 17:50:12.475===
额外条件未满足


===============================================

==============2021-08-10 17:50:51==============
===6开始执行条件2021-08-10 17:50:45.638===
===开始判断价格条件2021-08-10 17:50:45.638===
===开始判断额外/转自动条件2021-08-10 17:50:46.972===
===2021-08-10 17:50:47.538===
股票：605277指定时间段判断-额外参数：
	分组名称：1
	走势名称：时间段
		条件不成立(当前时间：2021-08-10 17:50:45.638,条件时段：09:30:00-13:00:00)
	结果：未满足
===2021-08-10 17:50:47.538===
===2021-08-10 17:50:47.775===
股票：605277板块涨跌幅判断-额外参数：
	分组名称：1
	走势名称：发
		条件不成立(不符合板块涨跌幅条件)
	结果：未满足，返回code：-1
===2021-08-10 17:50:51.002===
额外条件未满足


===============================================

==============2021-08-10 17:51:24==============
===6开始执行条件2021-08-10 17:51:18.776===
===开始判断价格条件2021-08-10 17:51:18.776===
===开始判断额外/转自动条件2021-08-10 17:51:19.839===
===2021-08-10 17:51:20.905===
股票：605277指定时间段判断-额外参数：
	分组名称：1
	走势名称：时间段
		条件不成立(当前时间：2021-08-10 17:51:18.776,条件时段：09:30:00-13:00:00)
	结果：未满足
===2021-08-10 17:51:20.905===
===2021-08-10 17:51:21.237===
股票：605277板块涨跌幅判断-额外参数：
	分组名称：1
	走势名称：发
		条件不成立(不符合板块涨跌幅条件)
	结果：未满足，返回code：-1
===2021-08-10 17:51:24.177===
额外条件未满足


===============================================

==============2021-08-10 17:52:11==============
===6开始执行条件2021-08-10 17:52:07.049===
===开始判断价格条件2021-08-10 17:52:07.049===
===开始判断额外/转自动条件2021-08-10 17:52:07.979===
===2021-08-10 17:52:08.647===
股票：605277指定时间段判断-额外参数：
	分组名称：1
	走势名称：时间段
		条件不成立(当前时间：2021-08-10 17:52:07.048,条件时段：09:30:00-13:00:00)
	结果：未满足
===2021-08-10 17:52:08.647===
===2021-08-10 17:52:08.712===
股票：605277板块涨跌幅判断-额外参数：
	分组名称：1
	走势名称：发
		条件不成立(不符合板块涨跌幅条件)
	结果：未满足，返回code：-1
===2021-08-10 17:52:11.504===
额外条件未满足


===============================================

==============2021-08-10 17:52:32==============
===6开始执行条件2021-08-10 17:52:23.893===
===开始判断价格条件2021-08-10 17:52:23.893===
===开始判断额外/转自动条件2021-08-10 17:52:24.947===
===2021-08-10 17:52:25.387===
股票：605277指定时间段判断-额外参数：
	分组名称：1
	走势名称：时间段
		条件不成立(当前时间：2021-08-10 17:52:23.893,条件时段：09:30:00-13:00:00)
	结果：未满足
===2021-08-10 17:52:25.387===
===2021-08-10 17:52:25.678===
股票：605277板块涨跌幅判断-额外参数：
	分组名称：1
	走势名称：发
		条件不成立(不符合板块涨跌幅条件)
	结果：未满足，返回code：-1
===2021-08-10 17:52:32.977===
额外条件未满足


===============================================

==============2021-08-10 17:52:47==============
===6开始执行条件2021-08-10 17:52:44.621===
===开始判断价格条件2021-08-10 17:52:44.621===
===开始判断额外/转自动条件2021-08-10 17:52:45.221===
===2021-08-10 17:52:45.943===
股票：605277指定时间段判断-额外参数：
	分组名称：1
	走势名称：时间段
		条件不成立(当前时间：2021-08-10 17:52:44.621,条件时段：09:30:00-13:00:00)
	结果：未满足
===2021-08-10 17:52:45.943===
===2021-08-10 17:52:46.131===
股票：605277板块涨跌幅判断-额外参数：
	分组名称：1
	走势名称：发
		条件不成立(不符合板块涨跌幅条件)
	结果：未满足，返回code：-1
===2021-08-10 17:52:47.910===
额外条件未满足


===============================================

==============2021-08-10 17:53:04==============
===6开始执行条件2021-08-10 17:52:59.821===
===开始判断价格条件2021-08-10 17:52:59.821===
===开始判断额外/转自动条件2021-08-10 17:53:00.792===
===2021-08-10 17:53:01.388===
股票：605277指定时间段判断-额外参数：
	分组名称：1
	走势名称：时间段
		条件不成立(当前时间：2021-08-10 17:52:59.820,条件时段：09:30:00-13:00:00)
	结果：未满足
===2021-08-10 17:53:01.388===
===2021-08-10 17:53:01.676===
股票：605277板块涨跌幅判断-额外参数：
	分组名称：1
	走势名称：发
		条件不成立(不符合板块涨跌幅条件)
	结果：未满足，返回code：-1
===2021-08-10 17:53:04.310===
额外条件未满足


===============================================

==============2021-08-10 17:53:15==============
===6开始执行条件2021-08-10 17:53:13.937===
===开始判断价格条件2021-08-10 17:53:13.937===
===开始判断额外/转自动条件2021-08-10 17:53:14.019===
===2021-08-10 17:53:14.076===
股票：605277指定时间段判断-额外参数：
	分组名称：1
	走势名称：时间段
		条件不成立(当前时间：2021-08-10 17:53:13.936,条件时段：09:30:00-13:00:00)
	结果：未满足
===2021-08-10 17:53:14.076===
===2021-08-10 17:53:14.136===
股票：605277板块涨跌幅判断-额外参数：
	分组名称：1
	走势名称：发
		条件不成立(不符合板块涨跌幅条件)
	结果：未满足，返回code：-1
===2021-08-10 17:53:15.067===
额外条件未满足


===============================================

==============2021-08-10 17:53:34==============
===6开始执行条件2021-08-10 17:53:31.698===
===开始判断价格条件2021-08-10 17:53:31.698===
===开始判断额外/转自动条件2021-08-10 17:53:32.286===
===2021-08-10 17:53:32.997===
股票：605277指定时间段判断-额外参数：
	分组名称：1
	走势名称：时间段
		条件不成立(当前时间：2021-08-10 17:53:31.695,条件时段：09:30:00-13:00:00)
	结果：未满足
===2021-08-10 17:53:32.997===
===2021-08-10 17:53:33.114===
股票：605277板块涨跌幅判断-额外参数：
	分组名称：1
	走势名称：发
		条件不成立(不符合板块涨跌幅条件)
	结果：未满足，返回code：-1
===2021-08-10 17:53:34.373===
额外条件未满足


===============================================

==============2021-08-10 17:53:47==============
===6开始执行条件2021-08-10 17:53:44.077===
===开始判断价格条件2021-08-10 17:53:44.077===
===开始判断额外/转自动条件2021-08-10 17:53:44.826===
===2021-08-10 17:53:45.470===
股票：605277指定时间段判断-额外参数：
	分组名称：1
	走势名称：时间段
		条件不成立(当前时间：2021-08-10 17:53:44.077,条件时段：09:30:00-13:00:00)
	结果：未满足
===2021-08-10 17:53:45.470===
===2021-08-10 17:53:45.532===
股票：605277板块涨跌幅判断-额外参数：
	分组名称：1
	走势名称：发
		条件不成立(不符合板块涨跌幅条件)
	结果：未满足，返回code：-1
===2021-08-10 17:53:47.867===
额外条件未满足


===============================================

==============2021-08-10 17:54:02==============
===6开始执行条件2021-08-10 17:54:01.642===
===开始判断价格条件2021-08-10 17:54:01.642===
===开始判断额外/转自动条件2021-08-10 17:54:01.715===
===2021-08-10 17:54:01.880===
股票：605277指定时间段判断-额外参数：
	分组名称：1
	走势名称：时间段
		条件不成立(当前时间：2021-08-10 17:54:01.642,条件时段：09:30:00-13:00:00)
	结果：未满足
===2021-08-10 17:54:01.880===
===2021-08-10 17:54:01.914===
股票：605277板块涨跌幅判断-额外参数：
	分组名称：1
	走势名称：发
		条件不成立(不符合板块涨跌幅条件)
	结果：未满足，返回code：-1
===2021-08-10 17:54:02.304===
额外条件未满足


===============================================

==============2021-08-10 17:54:18==============
===6开始执行条件2021-08-10 17:54:17.321===
===开始判断价格条件2021-08-10 17:54:17.321===
===开始判断额外/转自动条件2021-08-10 17:54:17.569===
===2021-08-10 17:54:17.727===
股票：605277指定时间段判断-额外参数：
	分组名称：1
	走势名称：时间段
		条件不成立(当前时间：2021-08-10 17:54:17.320,条件时段：09:30:00-13:00:00)
	结果：未满足
===2021-08-10 17:54:17.728===
===2021-08-10 17:54:17.799===
股票：605277板块涨跌幅判断-额外参数：
	分组名称：1
	走势名称：发
		条件不成立(不符合板块涨跌幅条件)
	结果：未满足，返回code：-1
===2021-08-10 17:54:18.460===
额外条件未满足


===============================================

