==============2021-08-09 10:08:58==============
===6开始执行条件2021-08-09 10:08:52.592===
===开始判断价格条件2021-08-09 10:08:52.592===
===开始判断额外/转自动条件2021-08-09 10:08:53.748===
===2021-08-09 10:08:55.225===
股票：605277指定时间段判断-额外参数：
	分组名称：1
	走势名称：时间段
		条件成立(当前时间：2021-08-09 10:08:52.589,条件时段：09:30:00-13:00:00)
	结果：达到要求
===2021-08-09 10:08:56.244===
===2021-08-09 10:08:58.061===
股票：605277多头向上判断-转自动参数：
	分组名称：2
	走势名称：多头向上
	结果：未满足，返回code：0
===2021-08-09 10:08:58.061===
满足所有条件，可以触发


===============================================

==============2021-08-09 10:10:40==============
===6开始执行条件2021-08-09 10:10:38.253===
===开始判断价格条件2021-08-09 10:10:38.253===
===开始判断额外/转自动条件2021-08-09 10:10:39.058===
===2021-08-09 10:10:39.528===
股票：605277指定时间段判断-额外参数：
	分组名称：1
	走势名称：时间段
		条件成立(当前时间：2021-08-09 10:10:38.253,条件时段：09:30:00-13:00:00)
	结果：达到要求
===2021-08-09 10:10:39.895===
===2021-08-09 10:10:40.723===
股票：605277多头向上判断-转自动参数：
	分组名称：2
	走势名称：多头向上
	结果：未满足，返回code：0
===2021-08-09 10:10:40.723===
满足所有条件，可以触发


===============================================

==============2021-08-09 10:10:54==============
===6开始执行条件2021-08-09 10:10:52.789===
===开始判断价格条件2021-08-09 10:10:52.789===
===开始判断额外/转自动条件2021-08-09 10:10:52.873===
===2021-08-09 10:10:53.305===
股票：605277指定时间段判断-额外参数：
	分组名称：1
	走势名称：时间段
		条件成立(当前时间：2021-08-09 10:10:52.789,条件时段：09:30:00-13:00:00)
	结果：达到要求
===2021-08-09 10:10:53.738===
===2021-08-09 10:10:54.106===
股票：605277多头向上判断-转自动参数：
	分组名称：2
	走势名称：多头向上
	结果：未满足，返回code：0
===2021-08-09 10:10:54.106===
满足所有条件，可以触发


===============================================

==============2021-08-09 10:11:05==============
===6开始执行条件2021-08-09 10:11:05.158===
===开始判断价格条件2021-08-09 10:11:05.158===
===开始判断额外/转自动条件2021-08-09 10:11:05.443===
===2021-08-09 10:11:05.509===
股票：605277指定时间段判断-额外参数：
	分组名称：1
	走势名称：时间段
		条件成立(当前时间：2021-08-09 10:11:05.157,条件时段：09:30:00-13:00:00)
	结果：达到要求
===2021-08-09 10:11:05.686===
===2021-08-09 10:11:05.919===
股票：605277多头向上判断-转自动参数：
	分组名称：2
	走势名称：多头向上
	结果：未满足，返回code：0
===2021-08-09 10:11:05.919===
满足所有条件，可以触发


===============================================

==============2021-08-09 10:11:24==============
===6开始执行条件2021-08-09 10:11:20.519===
===开始判断价格条件2021-08-09 10:11:20.519===
===开始判断额外/转自动条件2021-08-09 10:11:21.639===
===2021-08-09 10:11:23.066===
股票：605277指定时间段判断-额外参数：
	分组名称：1
	走势名称：时间段
		条件成立(当前时间：2021-08-09 10:11:20.519,条件时段：09:30:00-13:00:00)
	结果：达到要求
===2021-08-09 10:11:23.711===
===2021-08-09 10:11:24.671===
股票：605277多头向上判断-转自动参数：
	分组名称：2
	走势名称：多头向上
	结果：未满足，返回code：0
===2021-08-09 10:11:24.672===
满足所有条件，可以触发


===============================================

==============2021-08-09 11:02:42==============
===6开始执行条件2021-08-09 11:02:42.236===
===开始判断价格条件2021-08-09 11:02:42.236===
===开始判断额外/转自动条件2021-08-09 11:02:42.358===
===2021-08-09 11:02:42.481===
股票：605277指定时间段判断-额外参数：
	分组名称：1
	走势名称：时间段
		条件成立(当前时间：2021-08-09 11:02:42.235,条件时段：09:30:00-13:00:00)
	结果：达到要求
===2021-08-09 11:02:42.604===
===2021-08-09 11:02:42.786===
股票：605277多头向上判断-转自动参数：
	分组名称：2
	走势名称：多头向上
	结果：未满足，返回code：0
===2021-08-09 11:02:42.786===
满足所有条件，可以触发


===============================================

==============2021-08-09 11:03:15==============
===6开始执行条件2021-08-09 11:03:14.817===
===开始判断价格条件2021-08-09 11:03:14.817===
===开始判断额外/转自动条件2021-08-09 11:03:14.936===
===2021-08-09 11:03:15.033===
股票：605277指定时间段判断-额外参数：
	分组名称：1
	走势名称：时间段
		条件成立(当前时间：2021-08-09 11:03:14.817,条件时段：09:30:00-13:00:00)
	结果：达到要求
===2021-08-09 11:03:15.160===
===2021-08-09 11:03:15.371===
股票：605277多头向上判断-转自动参数：
	分组名称：2
	走势名称：多头向上
	结果：未满足，返回code：0
===2021-08-09 11:03:15.371===
满足所有条件，可以触发


===============================================

==============2021-08-09 11:03:30==============
===6开始执行条件2021-08-09 11:03:29.673===
===开始判断价格条件2021-08-09 11:03:29.673===
===开始判断额外/转自动条件2021-08-09 11:03:29.858===
===2021-08-09 11:03:29.968===
股票：605277指定时间段判断-额外参数：
	分组名称：1
	走势名称：时间段
		条件成立(当前时间：2021-08-09 11:03:29.672,条件时段：09:30:00-13:00:00)
	结果：达到要求
===2021-08-09 11:03:30.032===
===2021-08-09 11:03:30.224===
股票：605277多头向上判断-转自动参数：
	分组名称：2
	走势名称：多头向上
	结果：未满足，返回code：0
===2021-08-09 11:03:30.224===
满足所有条件，可以触发


===============================================

