==============2021-08-04 17:58:08==============
===6开始执行条件2021-08-04 17:58:06.861===
===开始判断价格条件2021-08-04 17:58:06.861===
===开始判断额外/转自动条件2021-08-04 17:58:07.323===
===2021-08-04 17:58:07.616===
股票：300774指定时间段判断-额外参数：
	分组名称：1
	走势名称：时间段
		条件不成立(当前时间：2021-08-04 17:58:06.861,条件时段：09:30:00-13:00:00)
	结果：未满足
===2021-08-04 17:58:07.620===
===2021-08-04 17:58:07.641===
股票：300774板块涨跌幅判断-额外参数：
	分组名称：1
	走势名称：发
		条件不成立(不符合板块涨跌幅条件)
	结果：未满足，返回code：-1
===2021-08-04 17:58:08.079===
额外条件未满足


===============================================

==============2021-08-04 17:58:10==============
===6开始执行条件2021-08-04 17:58:10.279===
===开始判断价格条件2021-08-04 17:58:10.279===
===开始判断额外/转自动条件2021-08-04 17:58:10.402===
===2021-08-04 17:58:10.467===
股票：300774指定时间段判断-额外参数：
	分组名称：1
	走势名称：时间段
		条件不成立(当前时间：2021-08-04 17:58:10.279,条件时段：09:30:00-13:00:00)
	结果：未满足
===2021-08-04 17:58:10.467===
===2021-08-04 17:58:10.503===
股票：300774板块涨跌幅判断-额外参数：
	分组名称：1
	走势名称：发
		条件不成立(不符合板块涨跌幅条件)
	结果：未满足，返回code：-1
===2021-08-04 17:58:10.740===
额外条件未满足


===============================================

==============2021-08-04 17:58:13==============
===6开始执行条件2021-08-04 17:58:12.738===
===开始判断价格条件2021-08-04 17:58:12.738===
===开始判断额外/转自动条件2021-08-04 17:58:12.798===
===2021-08-04 17:58:12.857===
股票：300774指定时间段判断-额外参数：
	分组名称：1
	走势名称：时间段
		条件不成立(当前时间：2021-08-04 17:58:12.738,条件时段：09:30:00-13:00:00)
	结果：未满足
===2021-08-04 17:58:12.857===
===2021-08-04 17:58:12.877===
股票：300774板块涨跌幅判断-额外参数：
	分组名称：1
	走势名称：发
		条件不成立(不符合板块涨跌幅条件)
	结果：未满足，返回code：-1
===2021-08-04 17:58:13.101===
额外条件未满足


===============================================

==============2021-08-04 17:58:15==============
===6开始执行条件2021-08-04 17:58:14.486===
===开始判断价格条件2021-08-04 17:58:14.486===
===开始判断额外/转自动条件2021-08-04 17:58:15.024===
===2021-08-04 17:58:15.234===
股票：300774指定时间段判断-额外参数：
	分组名称：1
	走势名称：时间段
		条件不成立(当前时间：2021-08-04 17:58:14.486,条件时段：09:30:00-13:00:00)
	结果：未满足
===2021-08-04 17:58:15.234===
===2021-08-04 17:58:15.287===
股票：300774板块涨跌幅判断-额外参数：
	分组名称：1
	走势名称：发
		条件不成立(不符合板块涨跌幅条件)
	结果：未满足，返回code：-1
===2021-08-04 17:58:15.620===
额外条件未满足


===============================================

==============2021-08-04 17:58:18==============
===6开始执行条件2021-08-04 17:58:17.995===
===开始判断价格条件2021-08-04 17:58:17.995===
===开始判断额外/转自动条件2021-08-04 17:58:18.176===
===2021-08-04 17:58:18.581===
股票：300774指定时间段判断-额外参数：
	分组名称：1
	走势名称：时间段
		条件不成立(当前时间：2021-08-04 17:58:17.995,条件时段：09:30:00-13:00:00)
	结果：未满足
===2021-08-04 17:58:18.581===
===2021-08-04 17:58:18.607===
股票：300774板块涨跌幅判断-额外参数：
	分组名称：1
	走势名称：发
		条件不成立(不符合板块涨跌幅条件)
	结果：未满足，返回code：-1
===2021-08-04 17:58:18.819===
额外条件未满足


===============================================

==============2021-08-04 17:58:21==============
===6开始执行条件2021-08-04 17:58:21.306===
===开始判断价格条件2021-08-04 17:58:21.306===
===开始判断额外/转自动条件2021-08-04 17:58:21.373===
===2021-08-04 17:58:21.422===
股票：300774指定时间段判断-额外参数：
	分组名称：1
	走势名称：时间段
		条件不成立(当前时间：2021-08-04 17:58:21.306,条件时段：09:30:00-13:00:00)
	结果：未满足
===2021-08-04 17:58:21.422===
===2021-08-04 17:58:21.444===
股票：300774板块涨跌幅判断-额外参数：
	分组名称：1
	走势名称：发
		条件不成立(不符合板块涨跌幅条件)
	结果：未满足，返回code：-1
===2021-08-04 17:58:21.610===
额外条件未满足


===============================================

==============2021-08-04 17:58:23==============
===6开始执行条件2021-08-04 17:58:23.110===
===开始判断价格条件2021-08-04 17:58:23.110===
===开始判断额外/转自动条件2021-08-04 17:58:23.218===
===2021-08-04 17:58:23.266===
股票：300774指定时间段判断-额外参数：
	分组名称：1
	走势名称：时间段
		条件不成立(当前时间：2021-08-04 17:58:23.110,条件时段：09:30:00-13:00:00)
	结果：未满足
===2021-08-04 17:58:23.266===
===2021-08-04 17:58:23.291===
股票：300774板块涨跌幅判断-额外参数：
	分组名称：1
	走势名称：发
		条件不成立(不符合板块涨跌幅条件)
	结果：未满足，返回code：-1
===2021-08-04 17:58:23.483===
额外条件未满足


===============================================

==============2021-08-04 17:58:40==============
===6开始执行条件2021-08-04 17:58:39.365===
===开始判断价格条件2021-08-04 17:58:39.365===
===开始判断额外/转自动条件2021-08-04 17:58:39.560===
===2021-08-04 17:58:39.692===
股票：300774指定时间段判断-额外参数：
	分组名称：1
	走势名称：时间段
		条件不成立(当前时间：2021-08-04 17:58:35.991,条件时段：09:30:00-13:00:00)
	结果：未满足
===2021-08-04 17:58:39.692===
===2021-08-04 17:58:39.730===
股票：300774板块涨跌幅判断-额外参数：
	分组名称：1
	走势名称：发
		条件不成立(不符合板块涨跌幅条件)
	结果：未满足，返回code：-1
===2021-08-04 17:58:40.065===
额外条件未满足


===============================================

==============2021-08-04 17:58:55==============
===6开始执行条件2021-08-04 17:58:55.119===
===开始判断价格条件2021-08-04 17:58:55.119===
===开始判断额外/转自动条件2021-08-04 17:58:55.204===
===2021-08-04 17:58:55.253===
股票：300774指定时间段判断-额外参数：
	分组名称：1
	走势名称：时间段
		条件不成立(当前时间：2021-08-04 17:58:55.119,条件时段：09:30:00-13:00:00)
	结果：未满足
===2021-08-04 17:58:55.253===
===2021-08-04 17:58:55.275===
股票：300774板块涨跌幅判断-额外参数：
	分组名称：1
	走势名称：发
		条件不成立(不符合板块涨跌幅条件)
	结果：未满足，返回code：-1
===2021-08-04 17:58:55.738===
额外条件未满足


===============================================

==============2021-08-04 17:59:06==============
===6开始执行条件2021-08-04 17:58:57.661===
===开始判断价格条件2021-08-04 17:58:57.661===
===开始判断额外/转自动条件2021-08-04 17:58:59.455===
===2021-08-04 17:59:00.919===
股票：300774指定时间段判断-额外参数：
	分组名称：1
	走势名称：时间段
		条件不成立(当前时间：2021-08-04 17:58:57.661,条件时段：09:30:00-13:00:00)
	结果：未满足
===2021-08-04 17:59:00.919===
===2021-08-04 17:59:02.004===
股票：300774板块涨跌幅判断-额外参数：
	分组名称：1
	走势名称：发
		条件不成立(不符合板块涨跌幅条件)
	结果：未满足，返回code：-1
===2021-08-04 17:59:06.681===
额外条件未满足


===============================================

