==============2021-08-11 10:28:31==============
===6开始执行条件2021-08-11 10:28:31.208===
===开始判断价格条件2021-08-11 10:28:31.208===
===开始判断额外/转自动条件2021-08-11 10:28:31.434===
===2021-08-11 10:28:31.492===
股票：600753指定时间段判断-额外参数：
	分组名称：1
	走势名称：时间段
		条件成立(当前时间：2021-08-11 10:28:31.207,条件时段：09:30:00-13:00:00)
	结果：达到要求
===2021-08-11 10:28:31.598===
===2021-08-11 10:28:31.732===
股票：600753多头向上判断-转自动参数：
	分组名称：2
	走势名称：多头向上
	结果：未满足，返回code：0
===2021-08-11 10:28:31.732===
满足所有条件，可以触发


===============================================

==============2021-08-11 10:28:51==============
===6开始执行条件2021-08-11 10:28:50.651===
===开始判断价格条件2021-08-11 10:28:50.651===
===开始判断额外/转自动条件2021-08-11 10:28:50.816===
===2021-08-11 10:28:51.228===
股票：600753指定时间段判断-额外参数：
	分组名称：1
	走势名称：时间段
		条件成立(当前时间：2021-08-11 10:28:50.637,条件时段：09:30:00-13:00:00)
	结果：达到要求
===2021-08-11 10:28:51.313===
===2021-08-11 10:28:51.534===
股票：600753多头向上判断-转自动参数：
	分组名称：2
	走势名称：多头向上
	结果：未满足，返回code：0
===2021-08-11 10:28:51.534===
满足所有条件，可以触发


===============================================

==============2021-08-11 10:29:00==============
===6开始执行条件2021-08-11 10:28:59.424===
===开始判断价格条件2021-08-11 10:28:59.424===
===开始判断额外/转自动条件2021-08-11 10:28:59.553===
===2021-08-11 10:28:59.666===
股票：600753指定时间段判断-额外参数：
	分组名称：1
	走势名称：时间段
		条件成立(当前时间：2021-08-11 10:28:59.423,条件时段：09:30:00-13:00:00)
	结果：达到要求
===2021-08-11 10:28:59.872===
===2021-08-11 10:29:00.633===
股票：600753多头向上判断-转自动参数：
	分组名称：2
	走势名称：多头向上
	结果：未满足，返回code：0
===2021-08-11 10:29:00.633===
满足所有条件，可以触发


===============================================

==============2021-08-11 10:29:43==============
===6开始执行条件2021-08-11 10:29:41.926===
===开始判断价格条件2021-08-11 10:29:41.926===
===开始判断额外/转自动条件2021-08-11 10:29:42.643===
===2021-08-11 10:29:42.758===
股票：600753指定时间段判断-额外参数：
	分组名称：1
	走势名称：时间段
		条件成立(当前时间：2021-08-11 10:29:41.925,条件时段：09:30:00-13:00:00)
	结果：达到要求
===2021-08-11 10:29:43.006===
===2021-08-11 10:29:43.195===
股票：600753多头向上判断-转自动参数：
	分组名称：2
	走势名称：多头向上
	结果：未满足，返回code：0
===2021-08-11 10:29:43.195===
满足所有条件，可以触发


===============================================

