==============2021-08-11 10:28:21==============
===6开始执行条件2021-08-11 10:28:20.585===
===开始判断价格条件2021-08-11 10:28:20.585===
===开始判断额外/转自动条件2021-08-11 10:28:20.813===
===2021-08-11 10:28:21.353===
股票：002364指定时间段判断-额外参数：
	分组名称：1
	走势名称：时间段
		条件成立(当前时间：2021-08-11 10:28:20.585,条件时段：09:30:00-13:00:00)
	结果：达到要求
===2021-08-11 10:28:21.477===
===2021-08-11 10:28:21.747===
股票：002364多头向上判断-转自动参数：
	分组名称：2
	走势名称：多头向上
	结果：未满足，返回code：0
===2021-08-11 10:28:21.748===
满足所有条件，可以触发


===============================================

==============2021-08-11 10:28:28==============
===6开始执行条件2021-08-11 10:28:27.650===
===开始判断价格条件2021-08-11 10:28:27.650===
===开始判断额外/转自动条件2021-08-11 10:28:28.087===
===2021-08-11 10:28:28.225===
股票：002364指定时间段判断-额外参数：
	分组名称：1
	走势名称：时间段
		条件成立(当前时间：2021-08-11 10:28:27.649,条件时段：09:30:00-13:00:00)
	结果：达到要求
===2021-08-11 10:28:28.451===
===2021-08-11 10:28:28.793===
股票：002364多头向上判断-转自动参数：
	分组名称：2
	走势名称：多头向上
	结果：未满足，返回code：0
===2021-08-11 10:28:28.793===
满足所有条件，可以触发


===============================================

==============2021-08-11 10:28:49==============
===6开始执行条件2021-08-11 10:28:48.755===
===开始判断价格条件2021-08-11 10:28:48.755===
===开始判断额外/转自动条件2021-08-11 10:28:48.868===
===2021-08-11 10:28:48.958===
股票：002364指定时间段判断-额外参数：
	分组名称：1
	走势名称：时间段
		条件成立(当前时间：2021-08-11 10:28:48.754,条件时段：09:30:00-13:00:00)
	结果：达到要求
===2021-08-11 10:28:49.082===
===2021-08-11 10:28:49.482===
股票：002364多头向上判断-转自动参数：
	分组名称：2
	走势名称：多头向上
	结果：未满足，返回code：0
===2021-08-11 10:28:49.482===
满足所有条件，可以触发


===============================================

==============2021-08-11 10:28:59==============
===6开始执行条件2021-08-11 10:28:58.275===
===开始判断价格条件2021-08-11 10:28:58.275===
===开始判断额外/转自动条件2021-08-11 10:28:58.573===
===2021-08-11 10:28:58.672===
股票：002364指定时间段判断-额外参数：
	分组名称：1
	走势名称：时间段
		条件成立(当前时间：2021-08-11 10:28:58.273,条件时段：09:30:00-13:00:00)
	结果：达到要求
===2021-08-11 10:28:58.964===
===2021-08-11 10:28:59.193===
股票：002364多头向上判断-转自动参数：
	分组名称：2
	走势名称：多头向上
	结果：未满足，返回code：0
===2021-08-11 10:28:59.193===
满足所有条件，可以触发


===============================================

==============2021-08-11 10:29:41==============
===6开始执行条件2021-08-11 10:29:40.694===
===开始判断价格条件2021-08-11 10:29:40.694===
===开始判断额外/转自动条件2021-08-11 10:29:41.233===
===2021-08-11 10:29:41.382===
股票：002364指定时间段判断-额外参数：
	分组名称：1
	走势名称：时间段
		条件成立(当前时间：2021-08-11 10:29:40.694,条件时段：09:30:00-13:00:00)
	结果：达到要求
===2021-08-11 10:29:41.607===
===2021-08-11 10:29:41.765===
股票：002364多头向上判断-转自动参数：
	分组名称：2
	走势名称：多头向上
	结果：未满足，返回code：0
===2021-08-11 10:29:41.765===
满足所有条件，可以触发


===============================================

==============2021-08-11 10:30:40==============
===6开始执行条件2021-08-11 10:30:39.879===
===开始判断价格条件2021-08-11 10:30:39.879===
===开始判断额外/转自动条件2021-08-11 10:30:39.967===
===2021-08-11 10:30:40.007===
股票：002364指定时间段判断-额外参数：
	分组名称：1
	走势名称：时间段
		条件成立(当前时间：2021-08-11 10:30:39.872,条件时段：09:30:00-13:00:00)
	结果：达到要求
===2021-08-11 10:30:40.074===
===2021-08-11 10:30:40.191===
股票：002364多头向上判断-转自动参数：
	分组名称：2
	走势名称：多头向上
	结果：未满足，返回code：0
===2021-08-11 10:30:40.191===
满足所有条件，可以触发


===============================================

==============2021-08-11 10:30:49==============
===6开始执行条件2021-08-11 10:30:49.295===
===开始判断价格条件2021-08-11 10:30:49.295===
===开始判断额外/转自动条件2021-08-11 10:30:49.348===
===2021-08-11 10:30:49.377===
股票：002364指定时间段判断-额外参数：
	分组名称：1
	走势名称：时间段
		条件成立(当前时间：2021-08-11 10:30:49.294,条件时段：09:30:00-13:00:00)
	结果：达到要求
===2021-08-11 10:30:49.413===
===2021-08-11 10:30:49.479===
股票：002364多头向上判断-转自动参数：
	分组名称：2
	走势名称：多头向上
	结果：未满足，返回code：0
===2021-08-11 10:30:49.479===
满足所有条件，可以触发


===============================================

==============2021-08-11 10:33:21==============
===6开始执行条件2021-08-11 10:33:19.540===
===开始判断价格条件2021-08-11 10:33:19.540===
===开始判断额外/转自动条件2021-08-11 10:33:19.853===
===2021-08-11 10:33:20.406===
股票：002364指定时间段判断-额外参数：
	分组名称：1
	走势名称：时间段
		条件成立(当前时间：2021-08-11 10:33:19.534,条件时段：09:30:00-13:00:00)
	结果：达到要求
===2021-08-11 10:33:20.682===
===2021-08-11 10:33:21.042===
股票：002364多头向上判断-转自动参数：
	分组名称：2
	走势名称：多头向上
	结果：未满足，返回code：0
===2021-08-11 10:33:21.042===
满足所有条件，可以触发


===============================================

==============2021-08-11 10:35:52==============
===6开始执行条件2021-08-11 10:35:51.958===
===开始判断价格条件2021-08-11 10:35:51.958===
===开始判断额外/转自动条件2021-08-11 10:35:52.129===
===2021-08-11 10:35:52.400===
股票：002364指定时间段判断-额外参数：
	分组名称：1
	走势名称：时间段
		条件成立(当前时间：2021-08-11 10:35:51.958,条件时段：09:30:00-13:00:00)
	结果：达到要求
===2021-08-11 10:35:52.618===
===2021-08-11 10:35:52.802===
股票：002364多头向上判断-转自动参数：
	分组名称：2
	走势名称：多头向上
	结果：未满足，返回code：0
===2021-08-11 10:35:52.802===
满足所有条件，可以触发


===============================================

==============2021-08-11 10:36:59==============
===6开始执行条件2021-08-11 10:36:56.006===
===开始判断价格条件2021-08-11 10:36:56.006===
===开始判断额外/转自动条件2021-08-11 10:36:57.204===
===2021-08-11 10:36:57.698===
股票：002364指定时间段判断-额外参数：
	分组名称：1
	走势名称：时间段
		条件成立(当前时间：2021-08-11 10:36:56.006,条件时段：09:30:00-13:00:00)
	结果：达到要求
===2021-08-11 10:36:58.401===
===2021-08-11 10:36:59.404===
股票：002364多头向上判断-转自动参数：
	分组名称：2
	走势名称：多头向上
	结果：未满足，返回code：0
===2021-08-11 10:36:59.404===
满足所有条件，可以触发


===============================================

==============2021-08-11 10:37:15==============
===6开始执行条件2021-08-11 10:37:13.786===
===开始判断价格条件2021-08-11 10:37:13.786===
===开始判断额外/转自动条件2021-08-11 10:37:14.133===
===2021-08-11 10:37:14.522===
股票：002364指定时间段判断-额外参数：
	分组名称：1
	走势名称：时间段
		条件成立(当前时间：2021-08-11 10:37:13.786,条件时段：09:30:00-13:00:00)
	结果：达到要求
===2021-08-11 10:37:14.943===
===2021-08-11 10:37:15.610===
股票：002364多头向上判断-转自动参数：
	分组名称：2
	走势名称：多头向上
	结果：未满足，返回code：0
===2021-08-11 10:37:15.610===
满足所有条件，可以触发


===============================================

==============2021-08-11 10:37:54==============
===6开始执行条件2021-08-11 10:37:52.000===
===开始判断价格条件2021-08-11 10:37:52.000===
===开始判断额外/转自动条件2021-08-11 10:37:52.724===
===2021-08-11 10:37:52.933===
股票：002364指定时间段判断-额外参数：
	分组名称：1
	走势名称：时间段
		条件成立(当前时间：2021-08-11 10:37:51.999,条件时段：09:30:00-13:00:00)
	结果：达到要求
===2021-08-11 10:37:53.678===
===2021-08-11 10:37:54.526===
股票：002364多头向上判断-转自动参数：
	分组名称：2
	走势名称：多头向上
	结果：未满足，返回code：0
===2021-08-11 10:37:54.526===
满足所有条件，可以触发


===============================================

