==============2021-08-09 11:02:41==============
===6开始执行条件2021-08-09 11:02:40.693===
===开始判断价格条件2021-08-09 11:02:40.693===
===开始判断额外/转自动条件2021-08-09 11:02:40.753===
===2021-08-09 11:02:40.788===
股票：002364指定时间段判断-额外参数：
	分组名称：1
	走势名称：时间段
		条件成立(当前时间：2021-08-09 11:02:40.693,条件时段：09:30:00-13:00:00)
	结果：达到要求
===2021-08-09 11:02:41.145===
===2021-08-09 11:02:41.198===
股票：002364多头向上判断-转自动参数：
	分组名称：2
	走势名称：多头向上
	结果：未满足，返回code：0
===2021-08-09 11:02:41.198===
满足所有条件，可以触发


===============================================

==============2021-08-09 11:02:50==============
===6开始执行条件2021-08-09 11:02:49.838===
===开始判断价格条件2021-08-09 11:02:49.838===
===开始判断额外/转自动条件2021-08-09 11:02:49.979===
===2021-08-09 11:02:50.063===
股票：002364指定时间段判断-额外参数：
	分组名称：1
	走势名称：时间段
		条件成立(当前时间：2021-08-09 11:02:49.838,条件时段：09:30:00-13:00:00)
	结果：达到要求
===2021-08-09 11:02:50.151===
===2021-08-09 11:02:50.421===
股票：002364多头向上判断-转自动参数：
	分组名称：2
	走势名称：多头向上
	结果：未满足，返回code：0
===2021-08-09 11:02:50.421===
满足所有条件，可以触发


===============================================

==============2021-08-09 11:03:14==============
===6开始执行条件2021-08-09 11:03:13.797===
===开始判断价格条件2021-08-09 11:03:13.797===
===开始判断额外/转自动条件2021-08-09 11:03:13.904===
===2021-08-09 11:03:13.944===
股票：002364指定时间段判断-额外参数：
	分组名称：1
	走势名称：时间段
		条件成立(当前时间：2021-08-09 11:03:13.797,条件时段：09:30:00-13:00:00)
	结果：达到要求
===2021-08-09 11:03:14.062===
===2021-08-09 11:03:14.162===
股票：002364多头向上判断-转自动参数：
	分组名称：2
	走势名称：多头向上
	结果：未满足，返回code：0
===2021-08-09 11:03:14.162===
满足所有条件，可以触发


===============================================

==============2021-08-09 11:03:52==============
===6开始执行条件2021-08-09 11:03:51.025===
===开始判断价格条件2021-08-09 11:03:51.025===
===开始判断额外/转自动条件2021-08-09 11:03:51.549===
===2021-08-09 11:03:51.924===
股票：002364指定时间段判断-额外参数：
	分组名称：1
	走势名称：时间段
		条件成立(当前时间：2021-08-09 11:03:51.025,条件时段：09:30:00-13:00:00)
	结果：达到要求
===2021-08-09 11:03:52.513===
===2021-08-09 11:03:52.804===
股票：002364多头向上判断-转自动参数：
	分组名称：2
	走势名称：多头向上
	结果：未满足，返回code：0
===2021-08-09 11:03:52.804===
满足所有条件，可以触发


===============================================

