==============2021-08-06 14:25:56==============
===6开始执行条件2021-08-06 14:25:53.313===
===开始判断价格条件2021-08-06 14:25:53.313===
===开始判断额外/转自动条件2021-08-06 14:25:55.031===
===2021-08-06 14:25:55.189===
股票：002364指定时间段判断-额外参数：
	分组名称：1
	走势名称：时间段
		条件不成立(当前时间：2021-08-06 14:25:53.313,条件时段：09:30:00-13:00:00)
	结果：未满足
===2021-08-06 14:25:55.189===
===2021-08-06 14:25:55.317===
股票：002364板块涨跌幅判断-额外参数：
	分组名称：1
	走势名称：发
		条件不成立(不符合板块涨跌幅条件)
	结果：未满足，返回code：-1
===2021-08-06 14:25:56.359===
额外条件未满足


===============================================

==============2021-08-06 14:26:11==============
===6开始执行条件2021-08-06 14:26:06.978===
===开始判断价格条件2021-08-06 14:26:06.978===
===开始判断额外/转自动条件2021-08-06 14:26:07.925===
===2021-08-06 14:26:08.108===
股票：002364指定时间段判断-额外参数：
	分组名称：1
	走势名称：时间段
		条件不成立(当前时间：2021-08-06 14:26:06.977,条件时段：09:30:00-13:00:00)
	结果：未满足
===2021-08-06 14:26:08.108===
===2021-08-06 14:26:08.246===
股票：002364板块涨跌幅判断-额外参数：
	分组名称：1
	走势名称：发
		条件不成立(不符合板块涨跌幅条件)
	结果：未满足，返回code：-1
===2021-08-06 14:26:11.832===
额外条件未满足


===============================================

==============2021-08-06 14:26:39==============
===6开始执行条件2021-08-06 14:26:35.545===
===开始判断价格条件2021-08-06 14:26:35.545===
===开始判断额外/转自动条件2021-08-06 14:26:36.977===
===2021-08-06 14:26:37.102===
股票：002364指定时间段判断-额外参数：
	分组名称：1
	走势名称：时间段
		条件不成立(当前时间：2021-08-06 14:26:35.544,条件时段：09:30:00-13:00:00)
	结果：未满足
===2021-08-06 14:26:37.102===
===2021-08-06 14:26:37.239===
股票：002364板块涨跌幅判断-额外参数：
	分组名称：1
	走势名称：发
		条件不成立(不符合板块涨跌幅条件)
	结果：未满足，返回code：-1
===2021-08-06 14:26:39.053===
额外条件未满足


===============================================

==============2021-08-06 14:26:53==============
===6开始执行条件2021-08-06 14:26:50.208===
===开始判断价格条件2021-08-06 14:26:50.208===
===开始判断额外/转自动条件2021-08-06 14:26:51.308===
===2021-08-06 14:26:51.818===
股票：002364指定时间段判断-额外参数：
	分组名称：1
	走势名称：时间段
		条件不成立(当前时间：2021-08-06 14:26:50.207,条件时段：09:30:00-13:00:00)
	结果：未满足
===2021-08-06 14:26:51.818===
===2021-08-06 14:26:51.924===
股票：002364板块涨跌幅判断-额外参数：
	分组名称：1
	走势名称：发
		条件不成立(不符合板块涨跌幅条件)
	结果：未满足，返回code：-1
===2021-08-06 14:26:53.765===
额外条件未满足


===============================================

==============2021-08-06 14:29:15==============
===6开始执行条件2021-08-06 14:29:14.182===
===开始判断价格条件2021-08-06 14:29:14.182===
===开始判断额外/转自动条件2021-08-06 14:29:14.476===
===2021-08-06 14:29:14.665===
股票：002364指定时间段判断-额外参数：
	分组名称：1
	走势名称：时间段
		条件不成立(当前时间：2021-08-06 14:29:14.174,条件时段：09:30:00-13:00:00)
	结果：未满足
===2021-08-06 14:29:14.666===
===2021-08-06 14:29:14.771===
股票：002364板块涨跌幅判断-额外参数：
	分组名称：1
	走势名称：发
		条件不成立(不符合板块涨跌幅条件)
	结果：未满足，返回code：-1
===2021-08-06 14:29:15.520===
额外条件未满足


===============================================

==============2021-08-06 14:34:33==============
===6开始执行条件2021-08-06 14:34:33.512===
===开始判断价格条件2021-08-06 14:34:33.512===
===开始判断额外/转自动条件2021-08-06 14:34:33.588===
===2021-08-06 14:34:33.628===
股票：002364指定时间段判断-额外参数：
	分组名称：1
	走势名称：时间段
		条件不成立(当前时间：2021-08-06 14:34:33.511,条件时段：09:30:00-13:00:00)
	结果：未满足
===2021-08-06 14:34:33.628===
===2021-08-06 14:34:33.648===
股票：002364板块涨跌幅判断-额外参数：
	分组名称：1
	走势名称：发
		条件不成立(不符合板块涨跌幅条件)
	结果：未满足，返回code：-1
===2021-08-06 14:34:33.931===
额外条件未满足


===============================================

==============2021-08-06 14:41:05==============
===6开始执行条件2021-08-06 14:41:04.371===
===开始判断价格条件2021-08-06 14:41:04.371===
===开始判断额外/转自动条件2021-08-06 14:41:04.768===
===2021-08-06 14:41:04.819===
股票：002364指定时间段判断-额外参数：
	分组名称：1
	走势名称：时间段
		条件不成立(当前时间：2021-08-06 14:41:04.370,条件时段：09:30:00-13:00:00)
	结果：未满足
===2021-08-06 14:41:04.819===
===2021-08-06 14:41:04.838===
股票：002364板块涨跌幅判断-额外参数：
	分组名称：1
	走势名称：发
		条件不成立(不符合板块涨跌幅条件)
	结果：未满足，返回code：-1
===2021-08-06 14:41:05.342===
额外条件未满足


===============================================

==============2021-08-06 14:41:17==============
===6开始执行条件2021-08-06 14:41:16.231===
===开始判断价格条件2021-08-06 14:41:16.231===
===开始判断额外/转自动条件2021-08-06 14:41:16.403===
===2021-08-06 14:41:16.529===
股票：002364指定时间段判断-额外参数：
	分组名称：1
	走势名称：时间段
		条件不成立(当前时间：2021-08-06 14:41:16.231,条件时段：09:30:00-13:00:00)
	结果：未满足
===2021-08-06 14:41:16.529===
===2021-08-06 14:41:16.565===
股票：002364板块涨跌幅判断-额外参数：
	分组名称：1
	走势名称：发
		条件不成立(不符合板块涨跌幅条件)
	结果：未满足，返回code：-1
===2021-08-06 14:41:17.085===
额外条件未满足


===============================================

==============2021-08-06 14:41:45==============
===6开始执行条件2021-08-06 14:41:40.921===
===开始判断价格条件2021-08-06 14:41:40.921===
===开始判断额外/转自动条件2021-08-06 14:41:42.337===
===2021-08-06 14:41:43.193===
股票：002364指定时间段判断-额外参数：
	分组名称：1
	走势名称：时间段
		条件不成立(当前时间：2021-08-06 14:41:40.920,条件时段：09:30:00-13:00:00)
	结果：未满足
===2021-08-06 14:41:43.193===
===2021-08-06 14:41:43.420===
股票：002364板块涨跌幅判断-额外参数：
	分组名称：1
	走势名称：发
		条件不成立(不符合板块涨跌幅条件)
	结果：未满足，返回code：-1
===2021-08-06 14:41:45.944===
额外条件未满足


===============================================

==============2021-08-06 14:42:36==============
===6开始执行条件2021-08-06 14:42:32.504===
===开始判断价格条件2021-08-06 14:42:32.504===
===开始判断额外/转自动条件2021-08-06 14:42:33.936===
===2021-08-06 14:42:34.342===
股票：002364指定时间段判断-额外参数：
	分组名称：1
	走势名称：时间段
		条件不成立(当前时间：2021-08-06 14:42:32.504,条件时段：09:30:00-13:00:00)
	结果：未满足
===2021-08-06 14:42:34.342===
===2021-08-06 14:42:34.373===
股票：002364板块涨跌幅判断-额外参数：
	分组名称：1
	走势名称：发
		条件不成立(不符合板块涨跌幅条件)
	结果：未满足，返回code：-1
===2021-08-06 14:42:36.271===
额外条件未满足


===============================================

==============2021-08-06 14:42:57==============
===6开始执行条件2021-08-06 14:42:53.657===
===开始判断价格条件2021-08-06 14:42:53.657===
===开始判断额外/转自动条件2021-08-06 14:42:54.914===
===2021-08-06 14:42:55.625===
股票：002364指定时间段判断-额外参数：
	分组名称：1
	走势名称：时间段
		条件不成立(当前时间：2021-08-06 14:42:53.656,条件时段：09:30:00-13:00:00)
	结果：未满足
===2021-08-06 14:42:55.625===
===2021-08-06 14:42:55.782===
股票：002364板块涨跌幅判断-额外参数：
	分组名称：1
	走势名称：发
		条件不成立(不符合板块涨跌幅条件)
	结果：未满足，返回code：-1
===2021-08-06 14:42:57.552===
额外条件未满足


===============================================

==============2021-08-06 14:43:09==============
===6开始执行条件2021-08-06 14:43:08.514===
===开始判断价格条件2021-08-06 14:43:08.514===
===开始判断额外/转自动条件2021-08-06 14:43:08.599===
===2021-08-06 14:43:08.720===
股票：002364指定时间段判断-额外参数：
	分组名称：1
	走势名称：时间段
		条件不成立(当前时间：2021-08-06 14:43:08.513,条件时段：09:30:00-13:00:00)
	结果：未满足
===2021-08-06 14:43:08.720===
===2021-08-06 14:43:08.802===
股票：002364板块涨跌幅判断-额外参数：
	分组名称：1
	走势名称：发
		条件不成立(不符合板块涨跌幅条件)
	结果：未满足，返回code：-1
===2021-08-06 14:43:09.670===
额外条件未满足


===============================================

==============2021-08-06 15:03:28==============
===6开始执行条件2021-08-06 15:03:25.242===
===开始判断价格条件2021-08-06 15:03:25.242===
===开始判断额外/转自动条件2021-08-06 15:03:25.753===
===2021-08-06 15:03:26.069===
股票：002364指定时间段判断-额外参数：
	分组名称：1
	走势名称：时间段
		条件不成立(当前时间：2021-08-06 15:03:25.061,条件时段：09:30:00-13:00:00)
	结果：未满足
===2021-08-06 15:03:26.069===
===2021-08-06 15:03:26.240===
股票：002364板块涨跌幅判断-额外参数：
	分组名称：1
	走势名称：发
		条件不成立(不符合板块涨跌幅条件)
	结果：未满足，返回code：-1
===2021-08-06 15:03:28.053===
额外条件未满足


===============================================

==============2021-08-06 15:05:01==============
===6开始执行条件2021-08-06 15:04:58.488===
===开始判断价格条件2021-08-06 15:04:58.488===
===开始判断额外/转自动条件2021-08-06 15:04:59.346===
===2021-08-06 15:04:59.650===
股票：002364指定时间段判断-额外参数：
	分组名称：1
	走势名称：时间段
		条件不成立(当前时间：2021-08-06 15:04:58.488,条件时段：09:30:00-13:00:00)
	结果：未满足
===2021-08-06 15:04:59.651===
===2021-08-06 15:04:59.677===
股票：002364板块涨跌幅判断-额外参数：
	分组名称：1
	走势名称：发
		条件不成立(不符合板块涨跌幅条件)
	结果：未满足，返回code：-1
===2021-08-06 15:05:01.246===
额外条件未满足


===============================================

==============2021-08-06 15:05:32==============
===6开始执行条件2021-08-06 15:05:14.958===
===开始判断价格条件2021-08-06 15:05:14.958===
===开始判断额外/转自动条件2021-08-06 15:05:16.180===
===2021-08-06 15:05:17.279===
股票：002364指定时间段判断-额外参数：
	分组名称：1
	走势名称：时间段
		条件不成立(当前时间：2021-08-06 15:05:14.958,条件时段：09:30:00-13:00:00)
	结果：未满足
===2021-08-06 15:05:17.279===
===2021-08-06 15:05:22.710===
股票：002364板块涨跌幅判断-额外参数：
	分组名称：1
	走势名称：发
		条件不成立(不符合板块涨跌幅条件)
	结果：未满足，返回code：-1
===2021-08-06 15:05:32.049===
额外条件未满足


===============================================

==============2021-08-06 15:06:14==============
===6开始执行条件2021-08-06 15:06:08.590===
===开始判断价格条件2021-08-06 15:06:08.590===
===开始判断额外/转自动条件2021-08-06 15:06:10.396===
===2021-08-06 15:06:10.878===
股票：002364指定时间段判断-额外参数：
	分组名称：1
	走势名称：时间段
		条件不成立(当前时间：2021-08-06 15:06:08.590,条件时段：09:30:00-13:00:00)
	结果：未满足
===2021-08-06 15:06:10.878===
===2021-08-06 15:06:11.053===
股票：002364板块涨跌幅判断-额外参数：
	分组名称：1
	走势名称：发
		条件不成立(不符合板块涨跌幅条件)
	结果：未满足，返回code：-1
===2021-08-06 15:06:14.102===
额外条件未满足


===============================================

==============2021-08-06 15:06:31==============
===6开始执行条件2021-08-06 15:06:26.553===
===开始判断价格条件2021-08-06 15:06:26.553===
===开始判断额外/转自动条件2021-08-06 15:06:27.659===
===2021-08-06 15:06:28.499===
股票：002364指定时间段判断-额外参数：
	分组名称：1
	走势名称：时间段
		条件不成立(当前时间：2021-08-06 15:06:26.553,条件时段：09:30:00-13:00:00)
	结果：未满足
===2021-08-06 15:06:28.499===
===2021-08-06 15:06:28.678===
股票：002364板块涨跌幅判断-额外参数：
	分组名称：1
	走势名称：发
		条件不成立(不符合板块涨跌幅条件)
	结果：未满足，返回code：-1
===2021-08-06 15:06:31.109===
额外条件未满足


===============================================

==============2021-08-06 15:07:41==============
===6开始执行条件2021-08-06 15:06:45.586===
===开始判断价格条件2021-08-06 15:06:45.586===
===开始判断额外/转自动条件2021-08-06 15:06:47.262===
===2021-08-06 15:06:49.189===
股票：002364指定时间段判断-额外参数：
	分组名称：1
	走势名称：时间段
		条件不成立(当前时间：2021-08-06 15:06:45.586,条件时段：09:30:00-13:00:00)
	结果：未满足
===2021-08-06 15:06:49.189===
===2021-08-06 15:06:49.438===
股票：002364板块涨跌幅判断-额外参数：
	分组名称：1
	走势名称：发
		条件不成立(不符合板块涨跌幅条件)
	结果：未满足，返回code：-1
===2021-08-06 15:07:41.175===
额外条件未满足


===============================================

==============2021-08-06 15:08:03==============
===6开始执行条件2021-08-06 15:08:01.884===
===开始判断价格条件2021-08-06 15:08:01.884===
===开始判断额外/转自动条件2021-08-06 15:08:02.161===
===2021-08-06 15:08:02.474===
股票：002364指定时间段判断-额外参数：
	分组名称：1
	走势名称：时间段
		条件不成立(当前时间：2021-08-06 15:08:01.883,条件时段：09:30:00-13:00:00)
	结果：未满足
===2021-08-06 15:08:02.474===
===2021-08-06 15:08:02.618===
股票：002364板块涨跌幅判断-额外参数：
	分组名称：1
	走势名称：发
		条件不成立(不符合板块涨跌幅条件)
	结果：未满足，返回code：-1
===2021-08-06 15:08:03.400===
额外条件未满足


===============================================

==============2021-08-06 15:12:13==============
===6开始执行条件2021-08-06 15:12:09.723===
===开始判断价格条件2021-08-06 15:12:09.723===
===开始判断额外/转自动条件2021-08-06 15:12:10.931===
===2021-08-06 15:12:11.171===
股票：002364指定时间段判断-额外参数：
	分组名称：1
	走势名称：时间段
		条件不成立(当前时间：2021-08-06 15:12:09.722,条件时段：09:30:00-13:00:00)
	结果：未满足
===2021-08-06 15:12:11.171===
===2021-08-06 15:12:11.310===
股票：002364板块涨跌幅判断-额外参数：
	分组名称：1
	走势名称：发
		条件不成立(不符合板块涨跌幅条件)
	结果：未满足，返回code：-1
===2021-08-06 15:12:13.278===
额外条件未满足


===============================================

==============2021-08-06 15:12:46==============
===6开始执行条件2021-08-06 15:12:44.857===
===开始判断价格条件2021-08-06 15:12:44.857===
===开始判断额外/转自动条件2021-08-06 15:12:45.175===
===2021-08-06 15:12:45.704===
股票：002364指定时间段判断-额外参数：
	分组名称：1
	走势名称：时间段
		条件不成立(当前时间：2021-08-06 15:12:44.856,条件时段：09:30:00-13:00:00)
	结果：未满足
===2021-08-06 15:12:45.704===
===2021-08-06 15:12:45.966===
股票：002364板块涨跌幅判断-额外参数：
	分组名称：1
	走势名称：发
		条件不成立(不符合板块涨跌幅条件)
	结果：未满足，返回code：-1
===2021-08-06 15:12:46.214===
额外条件未满足


===============================================

==============2021-08-06 15:13:54==============
===6开始执行条件2021-08-06 15:13:51.547===
===开始判断价格条件2021-08-06 15:13:51.547===
===开始判断额外/转自动条件2021-08-06 15:13:51.950===
===2021-08-06 15:13:52.449===
股票：002364指定时间段判断-额外参数：
	分组名称：1
	走势名称：时间段
		条件不成立(当前时间：2021-08-06 15:13:51.546,条件时段：09:30:00-13:00:00)
	结果：未满足
===2021-08-06 15:13:52.449===
===2021-08-06 15:13:52.588===
股票：002364板块涨跌幅判断-额外参数：
	分组名称：1
	走势名称：发
		条件不成立(不符合板块涨跌幅条件)
	结果：未满足，返回code：-1
===2021-08-06 15:13:54.374===
额外条件未满足


===============================================

==============2021-08-06 15:14:05==============
===6开始执行条件2021-08-06 15:14:04.773===
===开始判断价格条件2021-08-06 15:14:04.773===
===开始判断额外/转自动条件2021-08-06 15:14:04.846===
===2021-08-06 15:14:04.990===
股票：002364指定时间段判断-额外参数：
	分组名称：1
	走势名称：时间段
		条件不成立(当前时间：2021-08-06 15:14:04.773,条件时段：09:30:00-13:00:00)
	结果：未满足
===2021-08-06 15:14:04.990===
===2021-08-06 15:14:05.044===
股票：002364板块涨跌幅判断-额外参数：
	分组名称：1
	走势名称：发
		条件不成立(不符合板块涨跌幅条件)
	结果：未满足，返回code：-1
===2021-08-06 15:14:05.985===
额外条件未满足


===============================================

==============2021-08-06 15:26:53==============
===6开始执行条件2021-08-06 15:26:52.695===
===开始判断价格条件2021-08-06 15:26:52.695===
===开始判断额外/转自动条件2021-08-06 15:26:53.173===
===2021-08-06 15:26:53.374===
股票：002364指定时间段判断-额外参数：
	分组名称：1
	走势名称：时间段
		条件不成立(当前时间：2021-08-06 15:26:52.695,条件时段：09:30:00-13:00:00)
	结果：未满足
===2021-08-06 15:26:53.374===
===2021-08-06 15:26:53.452===
股票：002364板块涨跌幅判断-额外参数：
	分组名称：1
	走势名称：发
		条件不成立(不符合板块涨跌幅条件)
	结果：未满足，返回code：-1
===2021-08-06 15:26:53.916===
额外条件未满足


===============================================

==============2021-08-06 15:27:59==============
===6开始执行条件2021-08-06 15:27:56.394===
===开始判断价格条件2021-08-06 15:27:56.394===
===开始判断额外/转自动条件2021-08-06 15:27:57.584===
===2021-08-06 15:27:57.989===
股票：002364指定时间段判断-额外参数：
	分组名称：1
	走势名称：时间段
		条件不成立(当前时间：2021-08-06 15:27:56.394,条件时段：09:30:00-13:00:00)
	结果：未满足
===2021-08-06 15:27:57.992===
===2021-08-06 15:27:58.129===
股票：002364板块涨跌幅判断-额外参数：
	分组名称：1
	走势名称：发
		条件不成立(不符合板块涨跌幅条件)
	结果：未满足，返回code：-1
===2021-08-06 15:27:59.773===
额外条件未满足


===============================================

==============2021-08-06 15:28:31==============
===6开始执行条件2021-08-06 15:28:28.102===
===开始判断价格条件2021-08-06 15:28:28.102===
===开始判断额外/转自动条件2021-08-06 15:28:29.168===
===2021-08-06 15:28:29.810===
股票：002364指定时间段判断-额外参数：
	分组名称：1
	走势名称：时间段
		条件不成立(当前时间：2021-08-06 15:28:28.102,条件时段：09:30:00-13:00:00)
	结果：未满足
===2021-08-06 15:28:29.810===
===2021-08-06 15:28:29.938===
股票：002364板块涨跌幅判断-额外参数：
	分组名称：1
	走势名称：发
		条件不成立(不符合板块涨跌幅条件)
	结果：未满足，返回code：-1
===2021-08-06 15:28:31.236===
额外条件未满足


===============================================

==============2021-08-06 15:28:49==============
===6开始执行条件2021-08-06 15:28:46.969===
===开始判断价格条件2021-08-06 15:28:46.969===
===开始判断额外/转自动条件2021-08-06 15:28:47.686===
===2021-08-06 15:28:47.981===
股票：002364指定时间段判断-额外参数：
	分组名称：1
	走势名称：时间段
		条件不成立(当前时间：2021-08-06 15:28:46.969,条件时段：09:30:00-13:00:00)
	结果：未满足
===2021-08-06 15:28:47.981===
===2021-08-06 15:28:48.213===
股票：002364板块涨跌幅判断-额外参数：
	分组名称：1
	走势名称：发
		条件不成立(不符合板块涨跌幅条件)
	结果：未满足，返回code：-1
===2021-08-06 15:28:49.886===
额外条件未满足


===============================================

==============2021-08-06 15:29:59==============
===6开始执行条件2021-08-06 15:29:58.652===
===开始判断价格条件2021-08-06 15:29:58.652===
===开始判断额外/转自动条件2021-08-06 15:29:59.079===
===2021-08-06 15:29:59.208===
股票：002364指定时间段判断-额外参数：
	分组名称：1
	走势名称：时间段
		条件不成立(当前时间：2021-08-06 15:29:58.652,条件时段：09:30:00-13:00:00)
	结果：未满足
===2021-08-06 15:29:59.209===
===2021-08-06 15:29:59.238===
股票：002364板块涨跌幅判断-额外参数：
	分组名称：1
	走势名称：发
		条件不成立(不符合板块涨跌幅条件)
	结果：未满足，返回code：-1
===2021-08-06 15:29:59.905===
额外条件未满足


===============================================

==============2021-08-06 15:30:19==============
===6开始执行条件2021-08-06 15:30:15.362===
===开始判断价格条件2021-08-06 15:30:15.362===
===开始判断额外/转自动条件2021-08-06 15:30:16.637===
===2021-08-06 15:30:17.447===
股票：002364指定时间段判断-额外参数：
	分组名称：1
	走势名称：时间段
		条件不成立(当前时间：2021-08-06 15:30:15.362,条件时段：09:30:00-13:00:00)
	结果：未满足
===2021-08-06 15:30:17.448===
===2021-08-06 15:30:17.568===
股票：002364板块涨跌幅判断-额外参数：
	分组名称：1
	走势名称：发
		条件不成立(不符合板块涨跌幅条件)
	结果：未满足，返回code：-1
===2021-08-06 15:30:19.444===
额外条件未满足


===============================================

==============2021-08-06 15:30:37==============
===6开始执行条件2021-08-06 15:30:37.313===
===开始判断价格条件2021-08-06 15:30:37.313===
===开始判断额外/转自动条件2021-08-06 15:30:37.460===
===2021-08-06 15:30:37.622===
股票：002364指定时间段判断-额外参数：
	分组名称：1
	走势名称：时间段
		条件不成立(当前时间：2021-08-06 15:30:37.312,条件时段：09:30:00-13:00:00)
	结果：未满足
===2021-08-06 15:30:37.622===
===2021-08-06 15:30:37.643===
股票：002364板块涨跌幅判断-额外参数：
	分组名称：1
	走势名称：发
		条件不成立(不符合板块涨跌幅条件)
	结果：未满足，返回code：-1
===2021-08-06 15:30:37.942===
额外条件未满足


===============================================

==============2021-08-06 15:30:57==============
===6开始执行条件2021-08-06 15:30:54.067===
===开始判断价格条件2021-08-06 15:30:54.067===
===开始判断额外/转自动条件2021-08-06 15:30:54.877===
===2021-08-06 15:30:55.447===
股票：002364指定时间段判断-额外参数：
	分组名称：1
	走势名称：时间段
		条件不成立(当前时间：2021-08-06 15:30:54.066,条件时段：09:30:00-13:00:00)
	结果：未满足
===2021-08-06 15:30:55.447===
===2021-08-06 15:30:55.651===
股票：002364板块涨跌幅判断-额外参数：
	分组名称：1
	走势名称：发
		条件不成立(不符合板块涨跌幅条件)
	结果：未满足，返回code：-1
===2021-08-06 15:30:57.533===
额外条件未满足


===============================================

==============2021-08-06 15:31:13==============
===6开始执行条件2021-08-06 15:31:13.055===
===开始判断价格条件2021-08-06 15:31:13.055===
===开始判断额外/转自动条件2021-08-06 15:31:13.219===
===2021-08-06 15:31:13.399===
股票：002364指定时间段判断-额外参数：
	分组名称：1
	走势名称：时间段
		条件不成立(当前时间：2021-08-06 15:31:13.054,条件时段：09:30:00-13:00:00)
	结果：未满足
===2021-08-06 15:31:13.399===
===2021-08-06 15:31:13.433===
股票：002364板块涨跌幅判断-额外参数：
	分组名称：1
	走势名称：发
		条件不成立(不符合板块涨跌幅条件)
	结果：未满足，返回code：-1
===2021-08-06 15:31:13.736===
额外条件未满足


===============================================

==============2021-08-06 15:31:31==============
===6开始执行条件2021-08-06 15:31:28.647===
===开始判断价格条件2021-08-06 15:31:28.647===
===开始判断额外/转自动条件2021-08-06 15:31:28.901===
===2021-08-06 15:31:29.052===
股票：002364指定时间段判断-额外参数：
	分组名称：1
	走势名称：时间段
		条件不成立(当前时间：2021-08-06 15:31:28.647,条件时段：09:30:00-13:00:00)
	结果：未满足
===2021-08-06 15:31:29.052===
===2021-08-06 15:31:29.166===
股票：002364板块涨跌幅判断-额外参数：
	分组名称：1
	走势名称：发
		条件不成立(不符合板块涨跌幅条件)
	结果：未满足，返回code：-1
===2021-08-06 15:31:31.305===
额外条件未满足


===============================================

==============2021-08-06 15:31:52==============
===6开始执行条件2021-08-06 15:31:48.241===
===开始判断价格条件2021-08-06 15:31:48.241===
===开始判断额外/转自动条件2021-08-06 15:31:49.405===
===2021-08-06 15:31:49.898===
股票：002364指定时间段判断-额外参数：
	分组名称：1
	走势名称：时间段
		条件不成立(当前时间：2021-08-06 15:31:48.241,条件时段：09:30:00-13:00:00)
	结果：未满足
===2021-08-06 15:31:49.898===
===2021-08-06 15:31:50.235===
股票：002364板块涨跌幅判断-额外参数：
	分组名称：1
	走势名称：发
		条件不成立(不符合板块涨跌幅条件)
	结果：未满足，返回code：-1
===2021-08-06 15:31:52.188===
额外条件未满足


===============================================

==============2021-08-06 15:32:12==============
===6开始执行条件2021-08-06 15:32:10.143===
===开始判断价格条件2021-08-06 15:32:10.143===
===开始判断额外/转自动条件2021-08-06 15:32:10.944===
===2021-08-06 15:32:11.806===
股票：002364指定时间段判断-额外参数：
	分组名称：1
	走势名称：时间段
		条件不成立(当前时间：2021-08-06 15:32:10.143,条件时段：09:30:00-13:00:00)
	结果：未满足
===2021-08-06 15:32:11.806===
===2021-08-06 15:32:11.922===
股票：002364板块涨跌幅判断-额外参数：
	分组名称：1
	走势名称：发
		条件不成立(不符合板块涨跌幅条件)
	结果：未满足，返回code：-1
===2021-08-06 15:32:12.778===
额外条件未满足


===============================================

==============2021-08-06 15:32:32==============
===6开始执行条件2021-08-06 15:32:28.178===
===开始判断价格条件2021-08-06 15:32:28.178===
===开始判断额外/转自动条件2021-08-06 15:32:28.735===
===2021-08-06 15:32:29.340===
股票：002364指定时间段判断-额外参数：
	分组名称：1
	走势名称：时间段
		条件不成立(当前时间：2021-08-06 15:32:28.178,条件时段：09:30:00-13:00:00)
	结果：未满足
===2021-08-06 15:32:29.340===
===2021-08-06 15:32:29.807===
股票：002364板块涨跌幅判断-额外参数：
	分组名称：1
	走势名称：发
		条件不成立(不符合板块涨跌幅条件)
	结果：未满足，返回code：-1
===2021-08-06 15:32:32.129===
额外条件未满足


===============================================

==============2021-08-06 15:32:39==============
===6开始执行条件2021-08-06 15:32:39.265===
===开始判断价格条件2021-08-06 15:32:39.265===
===开始判断额外/转自动条件2021-08-06 15:32:39.335===
===2021-08-06 15:32:39.383===
股票：002364指定时间段判断-额外参数：
	分组名称：1
	走势名称：时间段
		条件不成立(当前时间：2021-08-06 15:32:39.265,条件时段：09:30:00-13:00:00)
	结果：未满足
===2021-08-06 15:32:39.383===
===2021-08-06 15:32:39.398===
股票：002364板块涨跌幅判断-额外参数：
	分组名称：1
	走势名称：发
		条件不成立(不符合板块涨跌幅条件)
	结果：未满足，返回code：-1
===2021-08-06 15:32:39.769===
额外条件未满足


===============================================

==============2021-08-06 15:32:52==============
===6开始执行条件2021-08-06 15:32:52.094===
===开始判断价格条件2021-08-06 15:32:52.094===
===开始判断额外/转自动条件2021-08-06 15:32:52.282===
===2021-08-06 15:32:52.385===
股票：002364指定时间段判断-额外参数：
	分组名称：1
	走势名称：时间段
		条件不成立(当前时间：2021-08-06 15:32:52.094,条件时段：09:30:00-13:00:00)
	结果：未满足
===2021-08-06 15:32:52.385===
===2021-08-06 15:32:52.420===
股票：002364板块涨跌幅判断-额外参数：
	分组名称：1
	走势名称：发
		条件不成立(不符合板块涨跌幅条件)
	结果：未满足，返回code：-1
===2021-08-06 15:32:52.755===
额外条件未满足


===============================================

==============2021-08-06 15:33:08==============
===6开始执行条件2021-08-06 15:33:04.157===
===开始判断价格条件2021-08-06 15:33:04.157===
===开始判断额外/转自动条件2021-08-06 15:33:05.166===
===2021-08-06 15:33:06.246===
股票：002364指定时间段判断-额外参数：
	分组名称：1
	走势名称：时间段
		条件不成立(当前时间：2021-08-06 15:33:04.156,条件时段：09:30:00-13:00:00)
	结果：未满足
===2021-08-06 15:33:06.246===
===2021-08-06 15:33:06.385===
股票：002364板块涨跌幅判断-额外参数：
	分组名称：1
	走势名称：发
		条件不成立(不符合板块涨跌幅条件)
	结果：未满足，返回code：-1
===2021-08-06 15:33:08.429===
额外条件未满足


===============================================

==============2021-08-06 15:36:56==============
===6开始执行条件2021-08-06 15:33:20.510===
===开始判断价格条件2021-08-06 15:33:20.510===
===开始判断额外/转自动条件2021-08-06 15:35:54.494===
===2021-08-06 15:35:56.048===
股票：002364指定时间段判断-额外参数：
	分组名称：1
	走势名称：时间段
		条件不成立(当前时间：2021-08-06 15:33:20.510,条件时段：09:30:00-13:00:00)
	结果：未满足
===2021-08-06 15:36:07.918===
===2021-08-06 15:36:10.228===
股票：002364板块涨跌幅判断-额外参数：
	分组名称：1
	走势名称：发
		条件不成立(不符合板块涨跌幅条件)
	结果：未满足，返回code：-1
===2021-08-06 15:36:56.027===
额外条件未满足


===============================================

==============2021-08-06 15:38:13==============
===6开始执行条件2021-08-06 15:38:08.975===
===开始判断价格条件2021-08-06 15:38:08.975===
===开始判断额外/转自动条件2021-08-06 15:38:09.926===
===2021-08-06 15:38:10.579===
股票：002364指定时间段判断-额外参数：
	分组名称：1
	走势名称：时间段
		条件不成立(当前时间：2021-08-06 15:38:08.974,条件时段：09:30:00-13:00:00)
	结果：未满足
===2021-08-06 15:38:10.579===
===2021-08-06 15:38:10.708===
股票：002364板块涨跌幅判断-额外参数：
	分组名称：1
	走势名称：发
		条件不成立(不符合板块涨跌幅条件)
	结果：未满足，返回code：-1
===2021-08-06 15:38:13.014===
额外条件未满足


===============================================

==============2021-08-06 15:38:30==============
===6开始执行条件2021-08-06 15:38:29.894===
===开始判断价格条件2021-08-06 15:38:29.894===
===开始判断额外/转自动条件2021-08-06 15:38:30.012===
===2021-08-06 15:38:30.168===
股票：002364指定时间段判断-额外参数：
	分组名称：1
	走势名称：时间段
		条件不成立(当前时间：2021-08-06 15:38:29.893,条件时段：09:30:00-13:00:00)
	结果：未满足
===2021-08-06 15:38:30.168===
===2021-08-06 15:38:30.248===
股票：002364板块涨跌幅判断-额外参数：
	分组名称：1
	走势名称：发
		条件不成立(不符合板块涨跌幅条件)
	结果：未满足，返回code：-1
===2021-08-06 15:38:30.508===
额外条件未满足


===============================================

==============2021-08-06 15:40:26==============
===6开始执行条件2021-08-06 15:40:23.105===
===开始判断价格条件2021-08-06 15:40:23.105===
===开始判断额外/转自动条件2021-08-06 15:40:25.495===
===2021-08-06 15:40:25.666===
股票：002364指定时间段判断-额外参数：
	分组名称：1
	走势名称：时间段
		条件不成立(当前时间：2021-08-06 15:40:23.105,条件时段：09:30:00-13:00:00)
	结果：未满足
===2021-08-06 15:40:25.666===
===2021-08-06 15:40:25.787===
股票：002364板块涨跌幅判断-额外参数：
	分组名称：1
	走势名称：发
		条件不成立(不符合板块涨跌幅条件)
	结果：未满足，返回code：-1
===2021-08-06 15:40:26.529===
额外条件未满足


===============================================

==============2021-08-06 17:04:34==============
===6开始执行条件2021-08-06 17:04:31.674===
===开始判断价格条件2021-08-06 17:04:31.674===
===开始判断额外/转自动条件2021-08-06 17:04:32.824===
===2021-08-06 17:04:33.355===
股票：002364指定时间段判断-额外参数：
	分组名称：1
	走势名称：时间段
		条件不成立(当前时间：2021-08-06 17:04:31.673,条件时段：09:30:00-13:00:00)
	结果：未满足
===2021-08-06 17:04:33.355===
===2021-08-06 17:04:33.535===
股票：002364板块涨跌幅判断-额外参数：
	分组名称：1
	走势名称：发
		条件不成立(不符合板块涨跌幅条件)
	结果：未满足，返回code：-1
===2021-08-06 17:04:34.835===
额外条件未满足


===============================================

==============2021-08-06 17:04:47==============
===6开始执行条件2021-08-06 17:04:46.086===
===开始判断价格条件2021-08-06 17:04:46.086===
===开始判断额外/转自动条件2021-08-06 17:04:46.182===
===2021-08-06 17:04:46.352===
股票：002364指定时间段判断-额外参数：
	分组名称：1
	走势名称：时间段
		条件不成立(当前时间：2021-08-06 17:04:46.082,条件时段：09:30:00-13:00:00)
	结果：未满足
===2021-08-06 17:04:46.352===
===2021-08-06 17:04:46.396===
股票：002364板块涨跌幅判断-额外参数：
	分组名称：1
	走势名称：发
		条件不成立(不符合板块涨跌幅条件)
	结果：未满足，返回code：-1
===2021-08-06 17:04:47.092===
额外条件未满足


===============================================

==============2021-08-06 17:05:09==============
===6开始执行条件2021-08-06 17:05:07.779===
===开始判断价格条件2021-08-06 17:05:07.779===
===开始判断额外/转自动条件2021-08-06 17:05:08.124===
===2021-08-06 17:05:08.248===
股票：002364指定时间段判断-额外参数：
	分组名称：1
	走势名称：时间段
		条件不成立(当前时间：2021-08-06 17:05:07.778,条件时段：09:30:00-13:00:00)
	结果：未满足
===2021-08-06 17:05:08.248===
===2021-08-06 17:05:08.324===
股票：002364板块涨跌幅判断-额外参数：
	分组名称：1
	走势名称：发
		条件不成立(不符合板块涨跌幅条件)
	结果：未满足，返回code：-1
===2021-08-06 17:05:09.427===
额外条件未满足


===============================================

==============2021-08-06 17:05:26==============
===6开始执行条件2021-08-06 17:05:25.027===
===开始判断价格条件2021-08-06 17:05:25.027===
===开始判断额外/转自动条件2021-08-06 17:05:25.710===
===2021-08-06 17:05:25.882===
股票：002364指定时间段判断-额外参数：
	分组名称：1
	走势名称：时间段
		条件不成立(当前时间：2021-08-06 17:05:25.027,条件时段：09:30:00-13:00:00)
	结果：未满足
===2021-08-06 17:05:25.883===
===2021-08-06 17:05:25.913===
股票：002364板块涨跌幅判断-额外参数：
	分组名称：1
	走势名称：发
		条件不成立(不符合板块涨跌幅条件)
	结果：未满足，返回code：-1
===2021-08-06 17:05:26.933===
额外条件未满足


===============================================

==============2021-08-06 17:05:46==============
===6开始执行条件2021-08-06 17:05:44.755===
===开始判断价格条件2021-08-06 17:05:44.755===
===开始判断额外/转自动条件2021-08-06 17:05:45.104===
===2021-08-06 17:05:45.497===
股票：002364指定时间段判断-额外参数：
	分组名称：1
	走势名称：时间段
		条件不成立(当前时间：2021-08-06 17:05:44.755,条件时段：09:30:00-13:00:00)
	结果：未满足
===2021-08-06 17:05:45.497===
===2021-08-06 17:05:45.675===
股票：002364板块涨跌幅判断-额外参数：
	分组名称：1
	走势名称：发
		条件不成立(不符合板块涨跌幅条件)
	结果：未满足，返回code：-1
===2021-08-06 17:05:46.752===
额外条件未满足


===============================================

==============2021-08-06 17:06:11==============
===6开始执行条件2021-08-06 17:06:07.154===
===开始判断价格条件2021-08-06 17:06:07.154===
===开始判断额外/转自动条件2021-08-06 17:06:07.759===
===2021-08-06 17:06:08.468===
股票：002364指定时间段判断-额外参数：
	分组名称：1
	走势名称：时间段
		条件不成立(当前时间：2021-08-06 17:06:07.153,条件时段：09:30:00-13:00:00)
	结果：未满足
===2021-08-06 17:06:08.468===
===2021-08-06 17:06:08.563===
股票：002364板块涨跌幅判断-额外参数：
	分组名称：1
	走势名称：发
		条件不成立(不符合板块涨跌幅条件)
	结果：未满足，返回code：-1
===2021-08-06 17:06:11.821===
额外条件未满足


===============================================

==============2021-08-06 17:06:34==============
===6开始执行条件2021-08-06 17:06:29.553===
===开始判断价格条件2021-08-06 17:06:29.553===
===开始判断额外/转自动条件2021-08-06 17:06:31.042===
===2021-08-06 17:06:32.121===
股票：002364指定时间段判断-额外参数：
	分组名称：1
	走势名称：时间段
		条件不成立(当前时间：2021-08-06 17:06:29.553,条件时段：09:30:00-13:00:00)
	结果：未满足
===2021-08-06 17:06:32.121===
===2021-08-06 17:06:32.315===
股票：002364板块涨跌幅判断-额外参数：
	分组名称：1
	走势名称：发
		条件不成立(不符合板块涨跌幅条件)
	结果：未满足，返回code：-1
===2021-08-06 17:06:34.397===
额外条件未满足


===============================================

==============2021-08-06 17:06:55==============
===6开始执行条件2021-08-06 17:06:53.251===
===开始判断价格条件2021-08-06 17:06:53.251===
===开始判断额外/转自动条件2021-08-06 17:06:53.739===
===2021-08-06 17:06:54.351===
股票：002364指定时间段判断-额外参数：
	分组名称：1
	走势名称：时间段
		条件不成立(当前时间：2021-08-06 17:06:53.251,条件时段：09:30:00-13:00:00)
	结果：未满足
===2021-08-06 17:06:54.351===
===2021-08-06 17:06:54.502===
股票：002364板块涨跌幅判断-额外参数：
	分组名称：1
	走势名称：发
		条件不成立(不符合板块涨跌幅条件)
	结果：未满足，返回code：-1
===2021-08-06 17:06:55.998===
额外条件未满足


===============================================

==============2021-08-06 17:07:14==============
===6开始执行条件2021-08-06 17:07:12.908===
===开始判断价格条件2021-08-06 17:07:12.908===
===开始判断额外/转自动条件2021-08-06 17:07:13.123===
===2021-08-06 17:07:13.621===
股票：002364指定时间段判断-额外参数：
	分组名称：1
	走势名称：时间段
		条件不成立(当前时间：2021-08-06 17:07:12.901,条件时段：09:30:00-13:00:00)
	结果：未满足
===2021-08-06 17:07:13.621===
===2021-08-06 17:07:13.696===
股票：002364板块涨跌幅判断-额外参数：
	分组名称：1
	走势名称：发
		条件不成立(不符合板块涨跌幅条件)
	结果：未满足，返回code：-1
===2021-08-06 17:07:14.123===
额外条件未满足


===============================================

==============2021-08-06 17:07:39==============
===6开始执行条件2021-08-06 17:07:33.138===
===开始判断价格条件2021-08-06 17:07:33.138===
===开始判断额外/转自动条件2021-08-06 17:07:34.226===
===2021-08-06 17:07:34.959===
股票：002364指定时间段判断-额外参数：
	分组名称：1
	走势名称：时间段
		条件不成立(当前时间：2021-08-06 17:07:33.138,条件时段：09:30:00-13:00:00)
	结果：未满足
===2021-08-06 17:07:34.959===
===2021-08-06 17:07:35.270===
股票：002364板块涨跌幅判断-额外参数：
	分组名称：1
	走势名称：发
		条件不成立(不符合板块涨跌幅条件)
	结果：未满足，返回code：-1
===2021-08-06 17:07:39.175===
额外条件未满足


===============================================

==============2021-08-06 17:08:02==============
===6开始执行条件2021-08-06 17:07:59.267===
===开始判断价格条件2021-08-06 17:07:59.267===
===开始判断额外/转自动条件2021-08-06 17:08:00.410===
===2021-08-06 17:08:01.160===
股票：002364指定时间段判断-额外参数：
	分组名称：1
	走势名称：时间段
		条件不成立(当前时间：2021-08-06 17:07:59.267,条件时段：09:30:00-13:00:00)
	结果：未满足
===2021-08-06 17:08:01.160===
===2021-08-06 17:08:01.331===
股票：002364板块涨跌幅判断-额外参数：
	分组名称：1
	走势名称：发
		条件不成立(不符合板块涨跌幅条件)
	结果：未满足，返回code：-1
===2021-08-06 17:08:02.607===
额外条件未满足


===============================================

==============2021-08-06 17:08:26==============
===6开始执行条件2021-08-06 17:08:22.044===
===开始判断价格条件2021-08-06 17:08:22.044===
===开始判断额外/转自动条件2021-08-06 17:08:23.280===
===2021-08-06 17:08:23.511===
股票：002364指定时间段判断-额外参数：
	分组名称：1
	走势名称：时间段
		条件不成立(当前时间：2021-08-06 17:08:22.043,条件时段：09:30:00-13:00:00)
	结果：未满足
===2021-08-06 17:08:23.511===
===2021-08-06 17:08:23.674===
股票：002364板块涨跌幅判断-额外参数：
	分组名称：1
	走势名称：发
		条件不成立(不符合板块涨跌幅条件)
	结果：未满足，返回code：-1
===2021-08-06 17:08:26.102===
额外条件未满足


===============================================

==============2021-08-06 17:10:13==============
===6开始执行条件2021-08-06 17:10:12.853===
===开始判断价格条件2021-08-06 17:10:12.853===
===开始判断额外/转自动条件2021-08-06 17:10:12.984===
===2021-08-06 17:10:13.050===
股票：002364指定时间段判断-额外参数：
	分组名称：1
	走势名称：时间段
		条件不成立(当前时间：2021-08-06 17:10:12.853,条件时段：09:30:00-13:00:00)
	结果：未满足
===2021-08-06 17:10:13.050===
===2021-08-06 17:10:13.074===
股票：002364板块涨跌幅判断-额外参数：
	分组名称：1
	走势名称：发
		条件不成立(不符合板块涨跌幅条件)
	结果：未满足，返回code：-1
===2021-08-06 17:10:13.504===
额外条件未满足


===============================================

==============2021-08-06 17:10:30==============
===6开始执行条件2021-08-06 17:10:29.778===
===开始判断价格条件2021-08-06 17:10:29.778===
===开始判断额外/转自动条件2021-08-06 17:10:29.958===
===2021-08-06 17:10:30.016===
股票：002364指定时间段判断-额外参数：
	分组名称：1
	走势名称：时间段
		条件不成立(当前时间：2021-08-06 17:10:29.771,条件时段：09:30:00-13:00:00)
	结果：未满足
===2021-08-06 17:10:30.016===
===2021-08-06 17:10:30.058===
股票：002364板块涨跌幅判断-额外参数：
	分组名称：1
	走势名称：发
		条件不成立(不符合板块涨跌幅条件)
	结果：未满足，返回code：-1
===2021-08-06 17:10:30.424===
额外条件未满足


===============================================

==============2021-08-06 17:10:50==============
===6开始执行条件2021-08-06 17:10:47.557===
===开始判断价格条件2021-08-06 17:10:47.557===
===开始判断额外/转自动条件2021-08-06 17:10:48.007===
===2021-08-06 17:10:48.244===
股票：002364指定时间段判断-额外参数：
	分组名称：1
	走势名称：时间段
		条件不成立(当前时间：2021-08-06 17:10:47.557,条件时段：09:30:00-13:00:00)
	结果：未满足
===2021-08-06 17:10:48.244===
===2021-08-06 17:10:48.295===
股票：002364板块涨跌幅判断-额外参数：
	分组名称：1
	走势名称：发
		条件不成立(不符合板块涨跌幅条件)
	结果：未满足，返回code：-1
===2021-08-06 17:10:50.408===
额外条件未满足


===============================================

==============2021-08-06 17:11:11==============
===6开始执行条件2021-08-06 17:11:07.678===
===开始判断价格条件2021-08-06 17:11:07.678===
===开始判断额外/转自动条件2021-08-06 17:11:08.433===
===2021-08-06 17:11:08.850===
股票：002364指定时间段判断-额外参数：
	分组名称：1
	走势名称：时间段
		条件不成立(当前时间：2021-08-06 17:11:07.677,条件时段：09:30:00-13:00:00)
	结果：未满足
===2021-08-06 17:11:08.850===
===2021-08-06 17:11:08.966===
股票：002364板块涨跌幅判断-额外参数：
	分组名称：1
	走势名称：发
		条件不成立(不符合板块涨跌幅条件)
	结果：未满足，返回code：-1
===2021-08-06 17:11:11.720===
额外条件未满足


===============================================

==============2021-08-06 17:11:34==============
===6开始执行条件2021-08-06 17:11:30.683===
===开始判断价格条件2021-08-06 17:11:30.683===
===开始判断额外/转自动条件2021-08-06 17:11:32.038===
===2021-08-06 17:11:32.753===
股票：002364指定时间段判断-额外参数：
	分组名称：1
	走势名称：时间段
		条件不成立(当前时间：2021-08-06 17:11:30.682,条件时段：09:30:00-13:00:00)
	结果：未满足
===2021-08-06 17:11:32.753===
===2021-08-06 17:11:32.879===
股票：002364板块涨跌幅判断-额外参数：
	分组名称：1
	走势名称：发
		条件不成立(不符合板块涨跌幅条件)
	结果：未满足，返回code：-1
===2021-08-06 17:11:34.620===
额外条件未满足


===============================================

==============2021-08-06 17:11:55==============
===6开始执行条件2021-08-06 17:11:53.379===
===开始判断价格条件2021-08-06 17:11:53.379===
===开始判断额外/转自动条件2021-08-06 17:11:53.956===
===2021-08-06 17:11:54.402===
股票：002364指定时间段判断-额外参数：
	分组名称：1
	走势名称：时间段
		条件不成立(当前时间：2021-08-06 17:11:53.378,条件时段：09:30:00-13:00:00)
	结果：未满足
===2021-08-06 17:11:54.402===
===2021-08-06 17:11:54.497===
股票：002364板块涨跌幅判断-额外参数：
	分组名称：1
	走势名称：发
		条件不成立(不符合板块涨跌幅条件)
	结果：未满足，返回code：-1
===2021-08-06 17:11:55.792===
额外条件未满足


===============================================

==============2021-08-06 17:12:15==============
===6开始执行条件2021-08-06 17:12:13.527===
===开始判断价格条件2021-08-06 17:12:13.527===
===开始判断额外/转自动条件2021-08-06 17:12:13.790===
===2021-08-06 17:12:14.021===
股票：002364指定时间段判断-额外参数：
	分组名称：1
	走势名称：时间段
		条件不成立(当前时间：2021-08-06 17:12:13.527,条件时段：09:30:00-13:00:00)
	结果：未满足
===2021-08-06 17:12:14.021===
===2021-08-06 17:12:14.097===
股票：002364板块涨跌幅判断-额外参数：
	分组名称：1
	走势名称：发
		条件不成立(不符合板块涨跌幅条件)
	结果：未满足，返回code：-1
===2021-08-06 17:12:15.692===
额外条件未满足


===============================================

