==============2021-07-13 13:01:43==============
===6开始执行条件2021-07-13 13:01:43.320===
===开始判断价格条件2021-07-13 13:01:43.320===
===开始判断额外/转自动条件2021-07-13 13:01:43.616===
===2021-07-13 13:01:43.729===
股票：600111指定时间段判断-额外参数：
	分组名称：1
	走势名称：时间段
	结果：未满足
===2021-07-13 13:01:43.738===
额外条件未满足


===============================================

==============2021-07-13 13:01:44==============
===6开始执行条件2021-07-13 13:01:44.636===
===开始判断价格条件2021-07-13 13:01:44.636===
===开始判断额外/转自动条件2021-07-13 13:01:44.747===
===2021-07-13 13:01:44.810===
股票：600111指定时间段判断-额外参数：
	分组名称：1
	走势名称：时间段
	结果：未满足
===2021-07-13 13:01:44.811===
额外条件未满足


===============================================

==============2021-07-13 13:01:45==============
===6开始执行条件2021-07-13 13:01:45.749===
===开始判断价格条件2021-07-13 13:01:45.749===
===开始判断额外/转自动条件2021-07-13 13:01:45.840===
===2021-07-13 13:01:45.887===
股票：600111指定时间段判断-额外参数：
	分组名称：1
	走势名称：时间段
	结果：未满足
===2021-07-13 13:01:45.887===
额外条件未满足


===============================================

==============2021-07-13 13:01:47==============
===6开始执行条件2021-07-13 13:01:46.919===
===开始判断价格条件2021-07-13 13:01:46.919===
===开始判断额外/转自动条件2021-07-13 13:01:47.022===
===2021-07-13 13:01:47.065===
股票：600111指定时间段判断-额外参数：
	分组名称：1
	走势名称：时间段
	结果：未满足
===2021-07-13 13:01:47.065===
额外条件未满足


===============================================

==============2021-07-13 13:01:48==============
===6开始执行条件2021-07-13 13:01:48.052===
===开始判断价格条件2021-07-13 13:01:48.052===
===开始判断额外/转自动条件2021-07-13 13:01:48.139===
===2021-07-13 13:01:48.180===
股票：600111指定时间段判断-额外参数：
	分组名称：1
	走势名称：时间段
	结果：未满足
===2021-07-13 13:01:48.180===
额外条件未满足


===============================================

==============2021-07-13 13:01:49==============
===6开始执行条件2021-07-13 13:01:49.197===
===开始判断价格条件2021-07-13 13:01:49.197===
===开始判断额外/转自动条件2021-07-13 13:01:49.330===
===2021-07-13 13:01:49.381===
股票：600111指定时间段判断-额外参数：
	分组名称：1
	走势名称：时间段
	结果：未满足
===2021-07-13 13:01:49.381===
额外条件未满足


===============================================

==============2021-07-13 13:01:50==============
===6开始执行条件2021-07-13 13:01:50.338===
===开始判断价格条件2021-07-13 13:01:50.338===
===开始判断额外/转自动条件2021-07-13 13:01:50.424===
===2021-07-13 13:01:50.469===
股票：600111指定时间段判断-额外参数：
	分组名称：1
	走势名称：时间段
	结果：未满足
===2021-07-13 13:01:50.469===
额外条件未满足


===============================================

==============2021-07-13 13:01:51==============
===6开始执行条件2021-07-13 13:01:51.446===
===开始判断价格条件2021-07-13 13:01:51.446===
===开始判断额外/转自动条件2021-07-13 13:01:51.531===
===2021-07-13 13:01:51.573===
股票：600111指定时间段判断-额外参数：
	分组名称：1
	走势名称：时间段
	结果：未满足
===2021-07-13 13:01:51.573===
额外条件未满足


===============================================

==============2021-07-13 13:01:52==============
===6开始执行条件2021-07-13 13:01:52.554===
===开始判断价格条件2021-07-13 13:01:52.554===
===开始判断额外/转自动条件2021-07-13 13:01:52.642===
===2021-07-13 13:01:52.684===
股票：600111指定时间段判断-额外参数：
	分组名称：1
	走势名称：时间段
	结果：未满足
===2021-07-13 13:01:52.684===
额外条件未满足


===============================================

==============2021-07-13 13:01:53==============
===6开始执行条件2021-07-13 13:01:53.689===
===开始判断价格条件2021-07-13 13:01:53.689===
===开始判断额外/转自动条件2021-07-13 13:01:53.805===
===2021-07-13 13:01:53.852===
股票：600111指定时间段判断-额外参数：
	分组名称：1
	走势名称：时间段
	结果：未满足
===2021-07-13 13:01:53.852===
额外条件未满足


===============================================

==============2021-07-13 13:01:55==============
===6开始执行条件2021-07-13 13:01:55.167===
===开始判断价格条件2021-07-13 13:01:55.167===
===开始判断额外/转自动条件2021-07-13 13:01:55.256===
===2021-07-13 13:01:55.334===
股票：600111指定时间段判断-额外参数：
	分组名称：1
	走势名称：时间段
	结果：未满足
===2021-07-13 13:01:55.334===
额外条件未满足


===============================================

==============2021-07-13 13:01:56==============
===6开始执行条件2021-07-13 13:01:56.292===
===开始判断价格条件2021-07-13 13:01:56.292===
===开始判断额外/转自动条件2021-07-13 13:01:56.783===
===2021-07-13 13:01:56.838===
股票：600111指定时间段判断-额外参数：
	分组名称：1
	走势名称：时间段
	结果：未满足
===2021-07-13 13:01:56.838===
额外条件未满足


===============================================

==============2021-07-13 13:01:57==============
===6开始执行条件2021-07-13 13:01:57.413===
===开始判断价格条件2021-07-13 13:01:57.413===
===开始判断额外/转自动条件2021-07-13 13:01:57.498===
===2021-07-13 13:01:57.540===
股票：600111指定时间段判断-额外参数：
	分组名称：1
	走势名称：时间段
	结果：未满足
===2021-07-13 13:01:57.540===
额外条件未满足


===============================================

==============2021-07-13 13:01:58==============
===6开始执行条件2021-07-13 13:01:58.539===
===开始判断价格条件2021-07-13 13:01:58.539===
===开始判断额外/转自动条件2021-07-13 13:01:58.631===
===2021-07-13 13:01:58.675===
股票：600111指定时间段判断-额外参数：
	分组名称：1
	走势名称：时间段
	结果：未满足
===2021-07-13 13:01:58.675===
额外条件未满足


===============================================

==============2021-07-13 13:01:59==============
===6开始执行条件2021-07-13 13:01:59.677===
===开始判断价格条件2021-07-13 13:01:59.677===
===开始判断额外/转自动条件2021-07-13 13:01:59.760===
===2021-07-13 13:01:59.887===
股票：600111指定时间段判断-额外参数：
	分组名称：1
	走势名称：时间段
	结果：未满足
===2021-07-13 13:01:59.887===
额外条件未满足


===============================================

==============2021-07-13 13:02:00==============
===6开始执行条件2021-07-13 13:02:00.783===
===开始判断价格条件2021-07-13 13:02:00.783===
===开始判断额外/转自动条件2021-07-13 13:02:00.863===
===2021-07-13 13:02:00.908===
股票：600111指定时间段判断-额外参数：
	分组名称：1
	走势名称：时间段
	结果：未满足
===2021-07-13 13:02:00.909===
额外条件未满足


===============================================

==============2021-07-13 13:02:02==============
===6开始执行条件2021-07-13 13:02:01.892===
===开始判断价格条件2021-07-13 13:02:01.892===
===开始判断额外/转自动条件2021-07-13 13:02:01.995===
===2021-07-13 13:02:02.047===
股票：600111指定时间段判断-额外参数：
	分组名称：1
	走势名称：时间段
	结果：未满足
===2021-07-13 13:02:02.047===
额外条件未满足


===============================================

==============2021-07-13 13:02:03==============
===6开始执行条件2021-07-13 13:02:03.055===
===开始判断价格条件2021-07-13 13:02:03.056===
===开始判断额外/转自动条件2021-07-13 13:02:03.210===
===2021-07-13 13:02:03.263===
股票：600111指定时间段判断-额外参数：
	分组名称：1
	走势名称：时间段
	结果：未满足
===2021-07-13 13:02:03.263===
额外条件未满足


===============================================

==============2021-07-13 13:02:04==============
===6开始执行条件2021-07-13 13:02:04.184===
===开始判断价格条件2021-07-13 13:02:04.184===
===开始判断额外/转自动条件2021-07-13 13:02:04.267===
===2021-07-13 13:02:04.312===
股票：600111指定时间段判断-额外参数：
	分组名称：1
	走势名称：时间段
	结果：未满足
===2021-07-13 13:02:04.312===
额外条件未满足


===============================================

==============2021-07-13 13:02:05==============
===6开始执行条件2021-07-13 13:02:05.311===
===开始判断价格条件2021-07-13 13:02:05.311===
===开始判断额外/转自动条件2021-07-13 13:02:05.394===
===2021-07-13 13:02:05.444===
股票：600111指定时间段判断-额外参数：
	分组名称：1
	走势名称：时间段
	结果：未满足
===2021-07-13 13:02:05.444===
额外条件未满足


===============================================

==============2021-07-13 13:02:06==============
===6开始执行条件2021-07-13 13:02:06.432===
===开始判断价格条件2021-07-13 13:02:06.432===
===开始判断额外/转自动条件2021-07-13 13:02:06.534===
===2021-07-13 13:02:06.590===
股票：600111指定时间段判断-额外参数：
	分组名称：1
	走势名称：时间段
	结果：未满足
===2021-07-13 13:02:06.590===
额外条件未满足


===============================================

==============2021-07-13 13:02:07==============
===6开始执行条件2021-07-13 13:02:07.859===
===开始判断价格条件2021-07-13 13:02:07.859===
===开始判断额外/转自动条件2021-07-13 13:02:07.945===
===2021-07-13 13:02:07.985===
股票：600111指定时间段判断-额外参数：
	分组名称：1
	走势名称：时间段
	结果：未满足
===2021-07-13 13:02:07.985===
额外条件未满足


===============================================

==============2021-07-13 13:02:09==============
===6开始执行条件2021-07-13 13:02:08.775===
===开始判断价格条件2021-07-13 13:02:08.775===
===开始判断额外/转自动条件2021-07-13 13:02:08.980===
===2021-07-13 13:02:09.022===
股票：600111指定时间段判断-额外参数：
	分组名称：1
	走势名称：时间段
	结果：未满足
===2021-07-13 13:02:09.022===
额外条件未满足


===============================================

==============2021-07-13 13:02:10==============
===6开始执行条件2021-07-13 13:02:09.866===
===开始判断价格条件2021-07-13 13:02:09.866===
===开始判断额外/转自动条件2021-07-13 13:02:09.952===
===2021-07-13 13:02:10.005===
股票：600111指定时间段判断-额外参数：
	分组名称：1
	走势名称：时间段
	结果：未满足
===2021-07-13 13:02:10.005===
额外条件未满足


===============================================

==============2021-07-13 13:02:11==============
===6开始执行条件2021-07-13 13:02:11.284===
===开始判断价格条件2021-07-13 13:02:11.284===
===开始判断额外/转自动条件2021-07-13 13:02:11.384===
===2021-07-13 13:02:11.435===
股票：600111指定时间段判断-额外参数：
	分组名称：1
	走势名称：时间段
	结果：未满足
===2021-07-13 13:02:11.435===
额外条件未满足


===============================================

==============2021-07-13 13:02:12==============
===6开始执行条件2021-07-13 13:02:12.147===
===开始判断价格条件2021-07-13 13:02:12.147===
===开始判断额外/转自动条件2021-07-13 13:02:12.247===
===2021-07-13 13:02:12.297===
股票：600111指定时间段判断-额外参数：
	分组名称：1
	走势名称：时间段
	结果：未满足
===2021-07-13 13:02:12.297===
额外条件未满足


===============================================

==============2021-07-13 13:02:13==============
===6开始执行条件2021-07-13 13:02:13.265===
===开始判断价格条件2021-07-13 13:02:13.265===
===开始判断额外/转自动条件2021-07-13 13:02:13.355===
===2021-07-13 13:02:13.401===
股票：600111指定时间段判断-额外参数：
	分组名称：1
	走势名称：时间段
	结果：未满足
===2021-07-13 13:02:13.401===
额外条件未满足


===============================================

==============2021-07-13 13:02:14==============
===6开始执行条件2021-07-13 13:02:14.411===
===开始判断价格条件2021-07-13 13:02:14.411===
===开始判断额外/转自动条件2021-07-13 13:02:14.488===
===2021-07-13 13:02:14.531===
股票：600111指定时间段判断-额外参数：
	分组名称：1
	走势名称：时间段
	结果：未满足
===2021-07-13 13:02:14.531===
额外条件未满足


===============================================

==============2021-07-13 13:02:15==============
===6开始执行条件2021-07-13 13:02:15.837===
===开始判断价格条件2021-07-13 13:02:15.837===
===开始判断额外/转自动条件2021-07-13 13:02:15.921===
===2021-07-13 13:02:15.967===
股票：600111指定时间段判断-额外参数：
	分组名称：1
	走势名称：时间段
	结果：未满足
===2021-07-13 13:02:15.968===
额外条件未满足


===============================================

==============2021-07-13 13:02:17==============
===6开始执行条件2021-07-13 13:02:16.976===
===开始判断价格条件2021-07-13 13:02:16.976===
===开始判断额外/转自动条件2021-07-13 13:02:17.057===
===2021-07-13 13:02:17.128===
股票：600111指定时间段判断-额外参数：
	分组名称：1
	走势名称：时间段
	结果：未满足
===2021-07-13 13:02:17.128===
额外条件未满足


===============================================

==============2021-07-13 13:02:18==============
===6开始执行条件2021-07-13 13:02:18.083===
===开始判断价格条件2021-07-13 13:02:18.083===
===开始判断额外/转自动条件2021-07-13 13:02:18.464===
===2021-07-13 13:02:18.540===
股票：600111指定时间段判断-额外参数：
	分组名称：1
	走势名称：时间段
	结果：未满足
===2021-07-13 13:02:18.540===
额外条件未满足


===============================================

==============2021-07-13 13:02:19==============
===6开始执行条件2021-07-13 13:02:19.176===
===开始判断价格条件2021-07-13 13:02:19.176===
===开始判断额外/转自动条件2021-07-13 13:02:19.251===
===2021-07-13 13:02:19.299===
股票：600111指定时间段判断-额外参数：
	分组名称：1
	走势名称：时间段
	结果：未满足
===2021-07-13 13:02:19.299===
额外条件未满足


===============================================

==============2021-07-13 13:02:20==============
===6开始执行条件2021-07-13 13:02:20.319===
===开始判断价格条件2021-07-13 13:02:20.319===
===开始判断额外/转自动条件2021-07-13 13:02:20.406===
===2021-07-13 13:02:20.455===
股票：600111指定时间段判断-额外参数：
	分组名称：1
	走势名称：时间段
	结果：未满足
===2021-07-13 13:02:20.455===
额外条件未满足


===============================================

==============2021-07-13 13:02:21==============
===6开始执行条件2021-07-13 13:02:21.452===
===开始判断价格条件2021-07-13 13:02:21.453===
===开始判断额外/转自动条件2021-07-13 13:02:21.588===
===2021-07-13 13:02:21.714===
股票：600111指定时间段判断-额外参数：
	分组名称：1
	走势名称：时间段
	结果：未满足
===2021-07-13 13:02:21.714===
额外条件未满足


===============================================

==============2021-07-13 13:02:22==============
===6开始执行条件2021-07-13 13:02:22.556===
===开始判断价格条件2021-07-13 13:02:22.556===
===开始判断额外/转自动条件2021-07-13 13:02:22.654===
===2021-07-13 13:02:22.689===
股票：600111指定时间段判断-额外参数：
	分组名称：1
	走势名称：时间段
	结果：未满足
===2021-07-13 13:02:22.689===
额外条件未满足


===============================================

==============2021-07-13 13:02:23==============
===6开始执行条件2021-07-13 13:02:23.675===
===开始判断价格条件2021-07-13 13:02:23.675===
===开始判断额外/转自动条件2021-07-13 13:02:23.796===
===2021-07-13 13:02:23.841===
股票：600111指定时间段判断-额外参数：
	分组名称：1
	走势名称：时间段
	结果：未满足
===2021-07-13 13:02:23.841===
额外条件未满足


===============================================

==============2021-07-13 13:02:25==============
===6开始执行条件2021-07-13 13:02:24.962===
===开始判断价格条件2021-07-13 13:02:24.962===
===开始判断额外/转自动条件2021-07-13 13:02:25.049===
===2021-07-13 13:02:25.096===
股票：600111指定时间段判断-额外参数：
	分组名称：1
	走势名称：时间段
	结果：未满足
===2021-07-13 13:02:25.096===
额外条件未满足


===============================================

==============2021-07-13 13:02:26==============
===6开始执行条件2021-07-13 13:02:26.117===
===开始判断价格条件2021-07-13 13:02:26.117===
===开始判断额外/转自动条件2021-07-13 13:02:26.187===
===2021-07-13 13:02:26.228===
股票：600111指定时间段判断-额外参数：
	分组名称：1
	走势名称：时间段
	结果：未满足
===2021-07-13 13:02:26.228===
额外条件未满足


===============================================

==============2021-07-13 13:02:27==============
===6开始执行条件2021-07-13 13:02:27.246===
===开始判断价格条件2021-07-13 13:02:27.246===
===开始判断额外/转自动条件2021-07-13 13:02:27.328===
===2021-07-13 13:02:27.373===
股票：600111指定时间段判断-额外参数：
	分组名称：1
	走势名称：时间段
	结果：未满足
===2021-07-13 13:02:27.373===
额外条件未满足


===============================================

==============2021-07-13 13:02:28==============
===6开始执行条件2021-07-13 13:02:28.441===
===开始判断价格条件2021-07-13 13:02:28.441===
===开始判断额外/转自动条件2021-07-13 13:02:28.537===
===2021-07-13 13:02:28.582===
股票：600111指定时间段判断-额外参数：
	分组名称：1
	走势名称：时间段
	结果：未满足
===2021-07-13 13:02:28.582===
额外条件未满足


===============================================

==============2021-07-13 13:02:29==============
===6开始执行条件2021-07-13 13:02:29.530===
===开始判断价格条件2021-07-13 13:02:29.530===
===开始判断额外/转自动条件2021-07-13 13:02:29.625===
===2021-07-13 13:02:29.676===
股票：600111指定时间段判断-额外参数：
	分组名称：1
	走势名称：时间段
	结果：未满足
===2021-07-13 13:02:29.676===
额外条件未满足


===============================================

==============2021-07-13 13:02:31==============
===6开始执行条件2021-07-13 13:02:30.769===
===开始判断价格条件2021-07-13 13:02:30.769===
===开始判断额外/转自动条件2021-07-13 13:02:30.926===
===2021-07-13 13:02:31.286===
股票：600111指定时间段判断-额外参数：
	分组名称：1
	走势名称：时间段
	结果：未满足
===2021-07-13 13:02:31.287===
额外条件未满足


===============================================

==============2021-07-13 13:02:32==============
===6开始执行条件2021-07-13 13:02:32.014===
===开始判断价格条件2021-07-13 13:02:32.014===
===开始判断额外/转自动条件2021-07-13 13:02:32.106===
===2021-07-13 13:02:32.156===
股票：600111指定时间段判断-额外参数：
	分组名称：1
	走势名称：时间段
	结果：未满足
===2021-07-13 13:02:32.156===
额外条件未满足


===============================================

==============2021-07-13 13:02:33==============
===6开始执行条件2021-07-13 13:02:33.235===
===开始判断价格条件2021-07-13 13:02:33.235===
===开始判断额外/转自动条件2021-07-13 13:02:33.450===
===2021-07-13 13:02:33.504===
股票：600111指定时间段判断-额外参数：
	分组名称：1
	走势名称：时间段
	结果：未满足
===2021-07-13 13:02:33.504===
额外条件未满足


===============================================

==============2021-07-13 13:02:35==============
===6开始执行条件2021-07-13 13:02:34.843===
===开始判断价格条件2021-07-13 13:02:34.843===
===开始判断额外/转自动条件2021-07-13 13:02:35.024===
===2021-07-13 13:02:35.143===
股票：600111指定时间段判断-额外参数：
	分组名称：1
	走势名称：时间段
	结果：未满足
===2021-07-13 13:02:35.143===
额外条件未满足


===============================================

==============2021-07-13 13:02:36==============
===6开始执行条件2021-07-13 13:02:35.881===
===开始判断价格条件2021-07-13 13:02:35.881===
===开始判断额外/转自动条件2021-07-13 13:02:35.977===
===2021-07-13 13:02:36.031===
股票：600111指定时间段判断-额外参数：
	分组名称：1
	走势名称：时间段
	结果：未满足
===2021-07-13 13:02:36.031===
额外条件未满足


===============================================

==============2021-07-13 13:02:37==============
===6开始执行条件2021-07-13 13:02:37.078===
===开始判断价格条件2021-07-13 13:02:37.078===
===开始判断额外/转自动条件2021-07-13 13:02:37.206===
===2021-07-13 13:02:37.313===
股票：600111指定时间段判断-额外参数：
	分组名称：1
	走势名称：时间段
	结果：未满足
===2021-07-13 13:02:37.313===
额外条件未满足


===============================================

==============2021-07-13 13:02:38==============
===6开始执行条件2021-07-13 13:02:38.365===
===开始判断价格条件2021-07-13 13:02:38.366===
===开始判断额外/转自动条件2021-07-13 13:02:38.490===
===2021-07-13 13:02:38.536===
股票：600111指定时间段判断-额外参数：
	分组名称：1
	走势名称：时间段
	结果：未满足
===2021-07-13 13:02:38.536===
额外条件未满足


===============================================

==============2021-07-13 13:02:39==============
===6开始执行条件2021-07-13 13:02:39.533===
===开始判断价格条件2021-07-13 13:02:39.533===
===开始判断额外/转自动条件2021-07-13 13:02:39.628===
===2021-07-13 13:02:39.692===
股票：600111指定时间段判断-额外参数：
	分组名称：1
	走势名称：时间段
	结果：未满足
===2021-07-13 13:02:39.692===
额外条件未满足


===============================================

==============2021-07-13 13:02:40==============
===6开始执行条件2021-07-13 13:02:40.770===
===开始判断价格条件2021-07-13 13:02:40.770===
===开始判断额外/转自动条件2021-07-13 13:02:40.866===
===2021-07-13 13:02:40.915===
股票：600111指定时间段判断-额外参数：
	分组名称：1
	走势名称：时间段
	结果：未满足
===2021-07-13 13:02:40.915===
额外条件未满足


===============================================

==============2021-07-13 13:02:42==============
===6开始执行条件2021-07-13 13:02:41.895===
===开始判断价格条件2021-07-13 13:02:41.895===
===开始判断额外/转自动条件2021-07-13 13:02:41.991===
===2021-07-13 13:02:42.041===
股票：600111指定时间段判断-额外参数：
	分组名称：1
	走势名称：时间段
	结果：未满足
===2021-07-13 13:02:42.041===
额外条件未满足


===============================================

==============2021-07-13 13:02:43==============
===6开始执行条件2021-07-13 13:02:43.038===
===开始判断价格条件2021-07-13 13:02:43.038===
===开始判断额外/转自动条件2021-07-13 13:02:43.178===
===2021-07-13 13:02:43.239===
股票：600111指定时间段判断-额外参数：
	分组名称：1
	走势名称：时间段
	结果：未满足
===2021-07-13 13:02:43.239===
额外条件未满足


===============================================

==============2021-07-13 13:02:44==============
===6开始执行条件2021-07-13 13:02:44.168===
===开始判断价格条件2021-07-13 13:02:44.168===
===开始判断额外/转自动条件2021-07-13 13:02:44.249===
===2021-07-13 13:02:44.297===
股票：600111指定时间段判断-额外参数：
	分组名称：1
	走势名称：时间段
	结果：未满足
===2021-07-13 13:02:44.297===
额外条件未满足


===============================================

==============2021-07-13 13:02:45==============
===6开始执行条件2021-07-13 13:02:45.330===
===开始判断价格条件2021-07-13 13:02:45.330===
===开始判断额外/转自动条件2021-07-13 13:02:45.511===
===2021-07-13 13:02:45.620===
股票：600111指定时间段判断-额外参数：
	分组名称：1
	走势名称：时间段
	结果：未满足
===2021-07-13 13:02:45.620===
额外条件未满足


===============================================

==============2021-07-13 13:02:46==============
===6开始执行条件2021-07-13 13:02:46.458===
===开始判断价格条件2021-07-13 13:02:46.458===
===开始判断额外/转自动条件2021-07-13 13:02:46.611===
===2021-07-13 13:02:46.660===
股票：600111指定时间段判断-额外参数：
	分组名称：1
	走势名称：时间段
	结果：未满足
===2021-07-13 13:02:46.660===
额外条件未满足


===============================================

==============2021-07-13 13:02:47==============
===6开始执行条件2021-07-13 13:02:47.589===
===开始判断价格条件2021-07-13 13:02:47.589===
===开始判断额外/转自动条件2021-07-13 13:02:47.674===
===2021-07-13 13:02:47.717===
股票：600111指定时间段判断-额外参数：
	分组名称：1
	走势名称：时间段
	结果：未满足
===2021-07-13 13:02:47.717===
额外条件未满足


===============================================

==============2021-07-13 13:02:49==============
===6开始执行条件2021-07-13 13:02:48.773===
===开始判断价格条件2021-07-13 13:02:48.773===
===开始判断额外/转自动条件2021-07-13 13:02:48.912===
===2021-07-13 13:02:49.068===
股票：600111指定时间段判断-额外参数：
	分组名称：1
	走势名称：时间段
	结果：未满足
===2021-07-13 13:02:49.068===
额外条件未满足


===============================================

==============2021-07-13 13:02:50==============
===6开始执行条件2021-07-13 13:02:50.031===
===开始判断价格条件2021-07-13 13:02:50.031===
===开始判断额外/转自动条件2021-07-13 13:02:50.401===
===2021-07-13 13:02:50.446===
股票：600111指定时间段判断-额外参数：
	分组名称：1
	走势名称：时间段
	结果：未满足
===2021-07-13 13:02:50.446===
额外条件未满足


===============================================

==============2021-07-13 13:02:51==============
===6开始执行条件2021-07-13 13:02:51.179===
===开始判断价格条件2021-07-13 13:02:51.179===
===开始判断额外/转自动条件2021-07-13 13:02:51.263===
===2021-07-13 13:02:51.320===
股票：600111指定时间段判断-额外参数：
	分组名称：1
	走势名称：时间段
	结果：未满足
===2021-07-13 13:02:51.320===
额外条件未满足


===============================================

==============2021-07-13 13:02:53==============
===6开始执行条件2021-07-13 13:02:52.752===
===开始判断价格条件2021-07-13 13:02:52.752===
===开始判断额外/转自动条件2021-07-13 13:02:52.869===
===2021-07-13 13:02:53.316===
股票：600111指定时间段判断-额外参数：
	分组名称：1
	走势名称：时间段
	结果：未满足
===2021-07-13 13:02:53.316===
额外条件未满足


===============================================

==============2021-07-13 13:02:54==============
===6开始执行条件2021-07-13 13:02:54.009===
===开始判断价格条件2021-07-13 13:02:54.009===
===开始判断额外/转自动条件2021-07-13 13:02:54.113===
===2021-07-13 13:02:54.165===
股票：600111指定时间段判断-额外参数：
	分组名称：1
	走势名称：时间段
	结果：未满足
===2021-07-13 13:02:54.165===
额外条件未满足


===============================================

==============2021-07-13 13:02:55==============
===6开始执行条件2021-07-13 13:02:55.322===
===开始判断价格条件2021-07-13 13:02:55.322===
===开始判断额外/转自动条件2021-07-13 13:02:55.508===
===2021-07-13 13:02:55.606===
股票：600111指定时间段判断-额外参数：
	分组名称：1
	走势名称：时间段
	结果：未满足
===2021-07-13 13:02:55.606===
额外条件未满足


===============================================

