==============2021-05-12 17:51:09==============
股票：000001买卖单占比判断-额外参数：
	分组名称：1123123123123123123
	走势名称：买卖单占比
	结果：未满足，返回code：-1
额外条件未满足


===============================================

==============2021-05-12 17:52:42==============
股票：000001买卖单占比判断-额外参数：
	分组名称：1123123123123123123
	走势名称：买卖单占比
	结果：未满足，返回code：-1
额外条件未满足


===============================================

==============2021-05-12 17:52:51==============
股票：000001买卖单占比判断-额外参数：
	分组名称：1123123123123123123
	走势名称：买卖单占比
	结果：未满足，返回code：-1
额外条件未满足


===============================================

==============2021-05-12 17:52:58==============
股票：000001买卖单占比判断-额外参数：
	分组名称：1123123123123123123
	走势名称：买卖单占比
	结果：未满足，返回code：-1
额外条件未满足


===============================================

==============2021-05-12 17:53:00==============
股票：000001买卖单占比判断-额外参数：
	分组名称：1123123123123123123
	走势名称：买卖单占比
	结果：未满足，返回code：-1
额外条件未满足


===============================================

==============2021-05-12 17:53:04==============
股票：000001买卖单占比判断-额外参数：
	分组名称：1123123123123123123
	走势名称：买卖单占比
	结果：未满足，返回code：-1
额外条件未满足


===============================================

==============2021-05-12 17:53:07==============
股票：000001买卖单占比判断-额外参数：
	分组名称：1123123123123123123
	走势名称：买卖单占比
	结果：未满足，返回code：-1
额外条件未满足


===============================================

==============2021-05-12 17:53:11==============
股票：000001买卖单占比判断-额外参数：
	分组名称：1123123123123123123
	走势名称：买卖单占比
	结果：未满足，返回code：-1
额外条件未满足


===============================================

==============2021-05-12 17:53:14==============
股票：000001买卖单占比判断-额外参数：
	分组名称：1123123123123123123
	走势名称：买卖单占比
	结果：未满足，返回code：-1
额外条件未满足


===============================================

==============2021-05-12 17:53:17==============
股票：000001买卖单占比判断-额外参数：
	分组名称：1123123123123123123
	走势名称：买卖单占比
	结果：未满足，返回code：-1
额外条件未满足


===============================================

==============2021-05-12 17:53:18==============
股票：000001买卖单占比判断-额外参数：
	分组名称：1123123123123123123
	走势名称：买卖单占比
	结果：未满足，返回code：-1
额外条件未满足


===============================================

==============2021-05-12 17:53:21==============
股票：000001买卖单占比判断-额外参数：
	分组名称：1123123123123123123
	走势名称：买卖单占比
	结果：未满足，返回code：-1
额外条件未满足


===============================================

==============2021-05-12 17:53:24==============
股票：000001买卖单占比判断-额外参数：
	分组名称：1123123123123123123
	走势名称：买卖单占比
	结果：未满足，返回code：-1
额外条件未满足


===============================================

==============2021-05-12 17:53:27==============
股票：000001买卖单占比判断-额外参数：
	分组名称：1123123123123123123
	走势名称：买卖单占比
	结果：未满足，返回code：-1
额外条件未满足


===============================================

==============2021-05-12 17:53:30==============
股票：000001买卖单占比判断-额外参数：
	分组名称：1123123123123123123
	走势名称：买卖单占比
	结果：未满足，返回code：-1
额外条件未满足


===============================================

==============2021-05-12 17:53:33==============
股票：000001买卖单占比判断-额外参数：
	分组名称：1123123123123123123
	走势名称：买卖单占比
	结果：未满足，返回code：-1
额外条件未满足


===============================================

==============2021-05-12 17:53:40==============
股票：000001买卖单占比判断-额外参数：
	分组名称：1123123123123123123
	走势名称：买卖单占比
	结果：未满足，返回code：0
额外条件未满足


===============================================

==============2021-05-12 17:53:44==============
股票：000001买卖单占比判断-额外参数：
	分组名称：1123123123123123123
	走势名称：买卖单占比
	结果：未满足，返回code：0
额外条件未满足


===============================================

==============2021-05-12 17:53:47==============
股票：000001买卖单占比判断-额外参数：
	分组名称：1123123123123123123
	走势名称：买卖单占比
	结果：未满足，返回code：0
额外条件未满足


===============================================

==============2021-05-12 17:54:18==============
股票：000001买卖单占比判断-额外参数：
	分组名称：1123123123123123123
	走势名称：买卖单占比
	结果：未满足，返回code：0
额外条件未满足


===============================================

==============2021-05-12 17:54:23==============
股票：000001买卖单占比判断-额外参数：
	分组名称：1123123123123123123
	走势名称：买卖单占比
	结果：未满足，返回code：0
额外条件未满足


===============================================

==============2021-05-12 17:54:25==============
股票：000001买卖单占比判断-额外参数：
	分组名称：1123123123123123123
	走势名称：买卖单占比
	结果：未满足，返回code：0
额外条件未满足


===============================================

==============2021-05-12 17:54:30==============
股票：000001买卖单占比判断-额外参数：
	分组名称：1123123123123123123
	走势名称：买卖单占比
	结果：未满足，返回code：0
额外条件未满足


===============================================

==============2021-05-12 17:54:34==============
股票：000001买卖单占比判断-额外参数：
	分组名称：1123123123123123123
	走势名称：买卖单占比
	结果：未满足，返回code：0
额外条件未满足


===============================================

==============2021-05-12 17:54:42==============
股票：000001买卖单占比判断-额外参数：
	分组名称：1123123123123123123
	走势名称：买卖单占比
	结果：达到要求
股票：000001历史涨跌幅判断-转自动参数：
	分组名称：234
	走势名称：历史涨跌幅
	结果：达到要求
满足所有条件，可以触发


===============================================

==============2021-05-12 17:59:07==============
股票：000001买卖单占比判断-额外参数：
	分组名称：1123123123123123123
	走势名称：买卖单占比
	结果：未满足，返回code：-1
额外条件未满足


===============================================

==============2021-05-12 17:59:30==============
股票：000001买卖单占比判断-额外参数：
	分组名称：1123123123123123123
	走势名称：买卖单占比
	结果：未满足，返回code：-1
额外条件未满足


===============================================

==============2021-05-12 17:59:33==============
股票：000001买卖单占比判断-额外参数：
	分组名称：1123123123123123123
	走势名称：买卖单占比
	结果：未满足，返回code：-1
额外条件未满足


===============================================

==============2021-05-12 17:59:35==============
股票：000001买卖单占比判断-额外参数：
	分组名称：1123123123123123123
	走势名称：买卖单占比
	结果：未满足，返回code：-1
额外条件未满足


===============================================

==============2021-05-12 17:59:37==============
股票：000001买卖单占比判断-额外参数：
	分组名称：1123123123123123123
	走势名称：买卖单占比
	结果：未满足，返回code：-1
额外条件未满足


===============================================

==============2021-05-12 17:59:43==============
股票：000001买卖单占比判断-额外参数：
	分组名称：1123123123123123123
	走势名称：买卖单占比
	结果：达到要求
满足所有条件，可以触发


===============================================

==============2021-05-12 18:00:52==============
股票：000001买卖单占比判断-额外参数：
	分组名称：1123123123123123123
	走势名称：买卖单占比
	结果：达到要求
满足所有条件，可以触发


===============================================

==============2021-05-12 18:23:36==============
股票：000001按参照价格判断-额外参数：
	分组名称：1123123123123123123
	走势名称：按参照价格
	结果：未满足，返回code：-1
额外条件未满足


===============================================

==============2021-05-12 18:24:00==============
股票：000001按参照价格判断-额外参数：
	分组名称：1123123123123123123
	走势名称：按参照价格
	结果：未满足，返回code：-1
额外条件未满足


===============================================

==============2021-05-12 18:24:09==============
股票：000001按参照价格判断-额外参数：
	分组名称：1123123123123123123
	走势名称：按参照价格
	结果：未满足，返回code：-1
额外条件未满足


===============================================

==============2021-05-12 18:24:10==============
股票：000001按参照价格判断-额外参数：
	分组名称：1123123123123123123
	走势名称：按参照价格
	结果：未满足，返回code：-1
额外条件未满足


===============================================

==============2021-05-12 18:24:12==============
股票：000001按参照价格判断-额外参数：
	分组名称：1123123123123123123
	走势名称：按参照价格
	结果：未满足，返回code：-1
额外条件未满足


===============================================

==============2021-05-12 18:24:14==============
股票：000001按参照价格判断-额外参数：
	分组名称：1123123123123123123
	走势名称：按参照价格
	结果：未满足，返回code：-1
额外条件未满足


===============================================

==============2021-05-12 18:24:16==============
股票：000001按参照价格判断-额外参数：
	分组名称：1123123123123123123
	走势名称：按参照价格
	结果：未满足，返回code：-1
额外条件未满足


===============================================

==============2021-05-12 18:24:19==============
额外条件未满足


===============================================

==============2021-05-12 18:25:12==============
股票：000001按均线价格判断-额外参数：
	分组名称：1123123123123123123
	走势名称：按均线价格
	结果：未满足，返回code：-1
额外条件未满足


===============================================

==============2021-05-12 18:25:23==============
股票：000001按均线价格判断-额外参数：
	分组名称：1123123123123123123
	走势名称：按均线价格
	结果：未满足，返回code：-1
额外条件未满足


===============================================

==============2021-05-12 18:26:41==============
股票：000001按均线价格判断-额外参数：
	分组名称：1123123123123123123
	走势名称：按均线价格
	结果：未满足，返回code：-1
额外条件未满足


===============================================

==============2021-05-12 18:26:56==============
股票：000001按均线价格判断-额外参数：
	分组名称：1123123123123123123
	走势名称：按均线价格
	结果：未满足，返回code：-1
额外条件未满足


===============================================

==============2021-05-12 18:28:55==============
股票：000001按均线价格判断-额外参数：
	分组名称：1123123123123123123
	走势名称：按均线价格
	结果：达到要求
满足所有条件，可以触发


===============================================

