2021/3/12 15:57:42
QueryTradeResultRunner失败
System.Data.SqlClient.SqlException (0x80131904): 事务(进程 ID 62)与另一个进程被死锁在 锁 资源上，并且已被选作死锁牺牲品。请重新运行该事务。
   在 System.Data.SqlClient.SqlConnection.OnError(SqlException exception, Boolean breakConnection, Action`1 wrapCloseInAction)
   在 System.Data.SqlClient.SqlInternalConnection.OnError(SqlException exception, Boolean breakConnection, Action`1 wrapCloseInAction)
   在 System.Data.SqlClient.TdsParser.ThrowExceptionAndWarning(TdsParserStateObject stateObj, Boolean callerHasConnectionLock, Boolean asyncClose)
   在 System.Data.SqlClient.TdsParser.TryRun(RunBehavior runBehavior, SqlCommand cmdHandler, SqlDataReader dataStream, BulkCopySimpleResultSet bulkCopyHandler, TdsParserStateObject stateObj, Boolean& dataReady)
   在 System.Data.SqlClient.SqlDataReader.TryHasMoreRows(Boolean& moreRows)
   在 System.Data.SqlClient.SqlDataReader.TryReadInternal(Boolean setTimeout, Boolean& more)
   在 System.Data.SqlClient.SqlDataReader.Read()
   在 System.Data.Entity.Core.Common.Internal.Materialization.Shaper`1.StoreRead()
ClientConnectionId:2afa3191-1b06-4781-a73b-59d1411b33db
Error Number:1205,State:52,Class:13

2021/3/12 15:58:19
QueryTradeResultRunner失败
System.Data.SqlClient.SqlException (0x80131904): 事务(进程 ID 60)与另一个进程被死锁在 锁 资源上，并且已被选作死锁牺牲品。请重新运行该事务。
   在 System.Data.SqlClient.SqlConnection.OnError(SqlException exception, Boolean breakConnection, Action`1 wrapCloseInAction)
   在 System.Data.SqlClient.SqlInternalConnection.OnError(SqlException exception, Boolean breakConnection, Action`1 wrapCloseInAction)
   在 System.Data.SqlClient.TdsParser.ThrowExceptionAndWarning(TdsParserStateObject stateObj, Boolean callerHasConnectionLock, Boolean asyncClose)
   在 System.Data.SqlClient.TdsParser.TryRun(RunBehavior runBehavior, SqlCommand cmdHandler, SqlDataReader dataStream, BulkCopySimpleResultSet bulkCopyHandler, TdsParserStateObject stateObj, Boolean& dataReady)
   在 System.Data.SqlClient.SqlDataReader.TryHasMoreRows(Boolean& moreRows)
   在 System.Data.SqlClient.SqlDataReader.TryReadInternal(Boolean setTimeout, Boolean& more)
   在 System.Data.SqlClient.SqlDataReader.Read()
   在 System.Data.Entity.Core.Common.Internal.Materialization.Shaper`1.StoreRead()
ClientConnectionId:a5182b9b-0fa6-4179-a9e4-af252b5dfe2c
Error Number:1205,State:52,Class:13

2021/3/12 16:01:27
QueryTradeResultRunner失败
System.Data.SqlClient.SqlException (0x80131904): 事务(进程 ID 65)与另一个进程被死锁在 锁 资源上，并且已被选作死锁牺牲品。请重新运行该事务。
   在 System.Data.SqlClient.SqlConnection.OnError(SqlException exception, Boolean breakConnection, Action`1 wrapCloseInAction)
   在 System.Data.SqlClient.SqlInternalConnection.OnError(SqlException exception, Boolean breakConnection, Action`1 wrapCloseInAction)
   在 System.Data.SqlClient.TdsParser.ThrowExceptionAndWarning(TdsParserStateObject stateObj, Boolean callerHasConnectionLock, Boolean asyncClose)
   在 System.Data.SqlClient.TdsParser.TryRun(RunBehavior runBehavior, SqlCommand cmdHandler, SqlDataReader dataStream, BulkCopySimpleResultSet bulkCopyHandler, TdsParserStateObject stateObj, Boolean& dataReady)
   在 System.Data.SqlClient.SqlDataReader.TryHasMoreRows(Boolean& moreRows)
   在 System.Data.SqlClient.SqlDataReader.TryReadInternal(Boolean setTimeout, Boolean& more)
   在 System.Data.SqlClient.SqlDataReader.Read()
   在 System.Data.Entity.Core.Common.Internal.Materialization.Shaper`1.StoreRead()
ClientConnectionId:854bf16f-0d0c-42c4-a88b-8aaaad17739a
Error Number:1205,State:52,Class:13

2021/3/12 16:05:05
QueryTradeResultRunner失败
System.Data.SqlClient.SqlException (0x80131904): 事务(进程 ID 62)与另一个进程被死锁在 锁 资源上，并且已被选作死锁牺牲品。请重新运行该事务。
   在 System.Data.SqlClient.SqlConnection.OnError(SqlException exception, Boolean breakConnection, Action`1 wrapCloseInAction)
   在 System.Data.SqlClient.SqlInternalConnection.OnError(SqlException exception, Boolean breakConnection, Action`1 wrapCloseInAction)
   在 System.Data.SqlClient.TdsParser.ThrowExceptionAndWarning(TdsParserStateObject stateObj, Boolean callerHasConnectionLock, Boolean asyncClose)
   在 System.Data.SqlClient.TdsParser.TryRun(RunBehavior runBehavior, SqlCommand cmdHandler, SqlDataReader dataStream, BulkCopySimpleResultSet bulkCopyHandler, TdsParserStateObject stateObj, Boolean& dataReady)
   在 System.Data.SqlClient.SqlDataReader.TryHasMoreRows(Boolean& moreRows)
   在 System.Data.SqlClient.SqlDataReader.TryReadInternal(Boolean setTimeout, Boolean& more)
   在 System.Data.SqlClient.SqlDataReader.Read()
   在 System.Data.Entity.Core.Common.Internal.Materialization.Shaper`1.StoreRead()
ClientConnectionId:2afa3191-1b06-4781-a73b-59d1411b33db
Error Number:1205,State:52,Class:13

2021/3/12 16:05:10
QueryTradeResultRunner失败
System.Data.SqlClient.SqlException (0x80131904): 事务(进程 ID 65)与另一个进程被死锁在 锁 资源上，并且已被选作死锁牺牲品。请重新运行该事务。
   在 System.Data.SqlClient.SqlConnection.OnError(SqlException exception, Boolean breakConnection, Action`1 wrapCloseInAction)
   在 System.Data.SqlClient.SqlInternalConnection.OnError(SqlException exception, Boolean breakConnection, Action`1 wrapCloseInAction)
   在 System.Data.SqlClient.TdsParser.ThrowExceptionAndWarning(TdsParserStateObject stateObj, Boolean callerHasConnectionLock, Boolean asyncClose)
   在 System.Data.SqlClient.TdsParser.TryRun(RunBehavior runBehavior, SqlCommand cmdHandler, SqlDataReader dataStream, BulkCopySimpleResultSet bulkCopyHandler, TdsParserStateObject stateObj, Boolean& dataReady)
   在 System.Data.SqlClient.SqlDataReader.TryHasMoreRows(Boolean& moreRows)
   在 System.Data.SqlClient.SqlDataReader.TryReadInternal(Boolean setTimeout, Boolean& more)
   在 System.Data.SqlClient.SqlDataReader.Read()
   在 System.Data.Entity.Core.Common.Internal.Materialization.Shaper`1.StoreRead()
ClientConnectionId:854bf16f-0d0c-42c4-a88b-8aaaad17739a
Error Number:1205,State:52,Class:13

2021/3/12 16:05:52
QueryTradeResultRunner失败
System.Data.SqlClient.SqlException (0x80131904): 事务(进程 ID 65)与另一个进程被死锁在 锁 资源上，并且已被选作死锁牺牲品。请重新运行该事务。
   在 System.Data.SqlClient.SqlConnection.OnError(SqlException exception, Boolean breakConnection, Action`1 wrapCloseInAction)
   在 System.Data.SqlClient.SqlInternalConnection.OnError(SqlException exception, Boolean breakConnection, Action`1 wrapCloseInAction)
   在 System.Data.SqlClient.TdsParser.ThrowExceptionAndWarning(TdsParserStateObject stateObj, Boolean callerHasConnectionLock, Boolean asyncClose)
   在 System.Data.SqlClient.TdsParser.TryRun(RunBehavior runBehavior, SqlCommand cmdHandler, SqlDataReader dataStream, BulkCopySimpleResultSet bulkCopyHandler, TdsParserStateObject stateObj, Boolean& dataReady)
   在 System.Data.SqlClient.SqlDataReader.TryHasMoreRows(Boolean& moreRows)
   在 System.Data.SqlClient.SqlDataReader.TryReadInternal(Boolean setTimeout, Boolean& more)
   在 System.Data.SqlClient.SqlDataReader.Read()
   在 System.Data.Entity.Core.Common.Internal.Materialization.Shaper`1.StoreRead()
ClientConnectionId:854bf16f-0d0c-42c4-a88b-8aaaad17739a
Error Number:1205,State:52,Class:13

2021/3/12 16:06:54
QueryTradeResultRunner失败
System.Data.SqlClient.SqlException (0x80131904): 事务(进程 ID 60)与另一个进程被死锁在 锁 资源上，并且已被选作死锁牺牲品。请重新运行该事务。
   在 System.Data.SqlClient.SqlConnection.OnError(SqlException exception, Boolean breakConnection, Action`1 wrapCloseInAction)
   在 System.Data.SqlClient.SqlInternalConnection.OnError(SqlException exception, Boolean breakConnection, Action`1 wrapCloseInAction)
   在 System.Data.SqlClient.TdsParser.ThrowExceptionAndWarning(TdsParserStateObject stateObj, Boolean callerHasConnectionLock, Boolean asyncClose)
   在 System.Data.SqlClient.TdsParser.TryRun(RunBehavior runBehavior, SqlCommand cmdHandler, SqlDataReader dataStream, BulkCopySimpleResultSet bulkCopyHandler, TdsParserStateObject stateObj, Boolean& dataReady)
   在 System.Data.SqlClient.SqlDataReader.TryHasMoreRows(Boolean& moreRows)
   在 System.Data.SqlClient.SqlDataReader.TryReadInternal(Boolean setTimeout, Boolean& more)
   在 System.Data.SqlClient.SqlDataReader.Read()
   在 System.Data.Entity.Core.Common.Internal.Materialization.Shaper`1.StoreRead()
ClientConnectionId:a5182b9b-0fa6-4179-a9e4-af252b5dfe2c
Error Number:1205,State:52,Class:13

2021/3/12 16:09:22
QueryTradeResultRunner失败
System.Data.SqlClient.SqlException (0x80131904): 事务(进程 ID 65)与另一个进程被死锁在 锁 资源上，并且已被选作死锁牺牲品。请重新运行该事务。
   在 System.Data.SqlClient.SqlConnection.OnError(SqlException exception, Boolean breakConnection, Action`1 wrapCloseInAction)
   在 System.Data.SqlClient.SqlInternalConnection.OnError(SqlException exception, Boolean breakConnection, Action`1 wrapCloseInAction)
   在 System.Data.SqlClient.TdsParser.ThrowExceptionAndWarning(TdsParserStateObject stateObj, Boolean callerHasConnectionLock, Boolean asyncClose)
   在 System.Data.SqlClient.TdsParser.TryRun(RunBehavior runBehavior, SqlCommand cmdHandler, SqlDataReader dataStream, BulkCopySimpleResultSet bulkCopyHandler, TdsParserStateObject stateObj, Boolean& dataReady)
   在 System.Data.SqlClient.SqlDataReader.TryHasMoreRows(Boolean& moreRows)
   在 System.Data.SqlClient.SqlDataReader.TryReadInternal(Boolean setTimeout, Boolean& more)
   在 System.Data.SqlClient.SqlDataReader.Read()
   在 System.Data.Entity.Core.Common.Internal.Materialization.Shaper`1.StoreRead()
ClientConnectionId:854bf16f-0d0c-42c4-a88b-8aaaad17739a
Error Number:1205,State:52,Class:13

2021/3/12 16:09:55
QueryTradeResultRunner失败
System.Data.SqlClient.SqlException (0x80131904): 事务(进程 ID 65)与另一个进程被死锁在 锁 资源上，并且已被选作死锁牺牲品。请重新运行该事务。
   在 System.Data.SqlClient.SqlConnection.OnError(SqlException exception, Boolean breakConnection, Action`1 wrapCloseInAction)
   在 System.Data.SqlClient.SqlInternalConnection.OnError(SqlException exception, Boolean breakConnection, Action`1 wrapCloseInAction)
   在 System.Data.SqlClient.TdsParser.ThrowExceptionAndWarning(TdsParserStateObject stateObj, Boolean callerHasConnectionLock, Boolean asyncClose)
   在 System.Data.SqlClient.TdsParser.TryRun(RunBehavior runBehavior, SqlCommand cmdHandler, SqlDataReader dataStream, BulkCopySimpleResultSet bulkCopyHandler, TdsParserStateObject stateObj, Boolean& dataReady)
   在 System.Data.SqlClient.SqlDataReader.TryHasMoreRows(Boolean& moreRows)
   在 System.Data.SqlClient.SqlDataReader.TryReadInternal(Boolean setTimeout, Boolean& more)
   在 System.Data.SqlClient.SqlDataReader.Read()
   在 System.Data.Entity.Core.Common.Internal.Materialization.Shaper`1.StoreRead()
ClientConnectionId:854bf16f-0d0c-42c4-a88b-8aaaad17739a
Error Number:1205,State:52,Class:13

2021/3/12 16:11:07
QueryTradeResultRunner失败
System.Data.SqlClient.SqlException (0x80131904): 事务(进程 ID 65)与另一个进程被死锁在 锁 资源上，并且已被选作死锁牺牲品。请重新运行该事务。
   在 System.Data.SqlClient.SqlConnection.OnError(SqlException exception, Boolean breakConnection, Action`1 wrapCloseInAction)
   在 System.Data.SqlClient.SqlInternalConnection.OnError(SqlException exception, Boolean breakConnection, Action`1 wrapCloseInAction)
   在 System.Data.SqlClient.TdsParser.ThrowExceptionAndWarning(TdsParserStateObject stateObj, Boolean callerHasConnectionLock, Boolean asyncClose)
   在 System.Data.SqlClient.TdsParser.TryRun(RunBehavior runBehavior, SqlCommand cmdHandler, SqlDataReader dataStream, BulkCopySimpleResultSet bulkCopyHandler, TdsParserStateObject stateObj, Boolean& dataReady)
   在 System.Data.SqlClient.SqlDataReader.TryHasMoreRows(Boolean& moreRows)
   在 System.Data.SqlClient.SqlDataReader.TryReadInternal(Boolean setTimeout, Boolean& more)
   在 System.Data.SqlClient.SqlDataReader.Read()
   在 System.Data.Entity.Core.Common.Internal.Materialization.Shaper`1.StoreRead()
ClientConnectionId:854bf16f-0d0c-42c4-a88b-8aaaad17739a
Error Number:1205,State:52,Class:13

2021/3/12 16:11:40
QueryTradeResultRunner失败
System.Data.SqlClient.SqlException (0x80131904): 事务(进程 ID 65)与另一个进程被死锁在 锁 资源上，并且已被选作死锁牺牲品。请重新运行该事务。
   在 System.Data.SqlClient.SqlConnection.OnError(SqlException exception, Boolean breakConnection, Action`1 wrapCloseInAction)
   在 System.Data.SqlClient.SqlInternalConnection.OnError(SqlException exception, Boolean breakConnection, Action`1 wrapCloseInAction)
   在 System.Data.SqlClient.TdsParser.ThrowExceptionAndWarning(TdsParserStateObject stateObj, Boolean callerHasConnectionLock, Boolean asyncClose)
   在 System.Data.SqlClient.TdsParser.TryRun(RunBehavior runBehavior, SqlCommand cmdHandler, SqlDataReader dataStream, BulkCopySimpleResultSet bulkCopyHandler, TdsParserStateObject stateObj, Boolean& dataReady)
   在 System.Data.SqlClient.SqlDataReader.TryHasMoreRows(Boolean& moreRows)
   在 System.Data.SqlClient.SqlDataReader.TryReadInternal(Boolean setTimeout, Boolean& more)
   在 System.Data.SqlClient.SqlDataReader.Read()
   在 System.Data.Entity.Core.Common.Internal.Materialization.Shaper`1.StoreRead()
ClientConnectionId:854bf16f-0d0c-42c4-a88b-8aaaad17739a
Error Number:1205,State:52,Class:13

2021/3/12 16:14:18
QueryTradeResultRunner失败
System.Data.SqlClient.SqlException (0x80131904): 事务(进程 ID 62)与另一个进程被死锁在 锁 资源上，并且已被选作死锁牺牲品。请重新运行该事务。
   在 System.Data.SqlClient.SqlConnection.OnError(SqlException exception, Boolean breakConnection, Action`1 wrapCloseInAction)
   在 System.Data.SqlClient.SqlInternalConnection.OnError(SqlException exception, Boolean breakConnection, Action`1 wrapCloseInAction)
   在 System.Data.SqlClient.TdsParser.ThrowExceptionAndWarning(TdsParserStateObject stateObj, Boolean callerHasConnectionLock, Boolean asyncClose)
   在 System.Data.SqlClient.TdsParser.TryRun(RunBehavior runBehavior, SqlCommand cmdHandler, SqlDataReader dataStream, BulkCopySimpleResultSet bulkCopyHandler, TdsParserStateObject stateObj, Boolean& dataReady)
   在 System.Data.SqlClient.SqlDataReader.TryHasMoreRows(Boolean& moreRows)
   在 System.Data.SqlClient.SqlDataReader.TryReadInternal(Boolean setTimeout, Boolean& more)
   在 System.Data.SqlClient.SqlDataReader.Read()
   在 System.Data.Entity.Core.Common.Internal.Materialization.Shaper`1.StoreRead()
ClientConnectionId:2afa3191-1b06-4781-a73b-59d1411b33db
Error Number:1205,State:52,Class:13

2021/3/12 16:15:01
QueryTradeResultRunner失败
System.Data.SqlClient.SqlException (0x80131904): 事务(进程 ID 65)与另一个进程被死锁在 锁 资源上，并且已被选作死锁牺牲品。请重新运行该事务。
   在 System.Data.SqlClient.SqlConnection.OnError(SqlException exception, Boolean breakConnection, Action`1 wrapCloseInAction)
   在 System.Data.SqlClient.SqlInternalConnection.OnError(SqlException exception, Boolean breakConnection, Action`1 wrapCloseInAction)
   在 System.Data.SqlClient.TdsParser.ThrowExceptionAndWarning(TdsParserStateObject stateObj, Boolean callerHasConnectionLock, Boolean asyncClose)
   在 System.Data.SqlClient.TdsParser.TryRun(RunBehavior runBehavior, SqlCommand cmdHandler, SqlDataReader dataStream, BulkCopySimpleResultSet bulkCopyHandler, TdsParserStateObject stateObj, Boolean& dataReady)
   在 System.Data.SqlClient.SqlDataReader.TryHasMoreRows(Boolean& moreRows)
   在 System.Data.SqlClient.SqlDataReader.TryReadInternal(Boolean setTimeout, Boolean& more)
   在 System.Data.SqlClient.SqlDataReader.Read()
   在 System.Data.Entity.Core.Common.Internal.Materialization.Shaper`1.StoreRead()
ClientConnectionId:854bf16f-0d0c-42c4-a88b-8aaaad17739a
Error Number:1205,State:52,Class:13

2021/3/12 16:15:38
QueryTradeResultRunner失败
System.Data.SqlClient.SqlException (0x80131904): 事务(进程 ID 60)与另一个进程被死锁在 锁 资源上，并且已被选作死锁牺牲品。请重新运行该事务。
   在 System.Data.SqlClient.SqlConnection.OnError(SqlException exception, Boolean breakConnection, Action`1 wrapCloseInAction)
   在 System.Data.SqlClient.SqlInternalConnection.OnError(SqlException exception, Boolean breakConnection, Action`1 wrapCloseInAction)
   在 System.Data.SqlClient.TdsParser.ThrowExceptionAndWarning(TdsParserStateObject stateObj, Boolean callerHasConnectionLock, Boolean asyncClose)
   在 System.Data.SqlClient.TdsParser.TryRun(RunBehavior runBehavior, SqlCommand cmdHandler, SqlDataReader dataStream, BulkCopySimpleResultSet bulkCopyHandler, TdsParserStateObject stateObj, Boolean& dataReady)
   在 System.Data.SqlClient.SqlDataReader.TryHasMoreRows(Boolean& moreRows)
   在 System.Data.SqlClient.SqlDataReader.TryReadInternal(Boolean setTimeout, Boolean& more)
   在 System.Data.SqlClient.SqlDataReader.Read()
   在 System.Data.Entity.Core.Common.Internal.Materialization.Shaper`1.StoreRead()
ClientConnectionId:a5182b9b-0fa6-4179-a9e4-af252b5dfe2c
Error Number:1205,State:52,Class:13

2021/3/12 16:16:56
QueryTradeResultRunner失败
System.Data.SqlClient.SqlException (0x80131904): 事务(进程 ID 65)与另一个进程被死锁在 锁 资源上，并且已被选作死锁牺牲品。请重新运行该事务。
   在 System.Data.SqlClient.SqlConnection.OnError(SqlException exception, Boolean breakConnection, Action`1 wrapCloseInAction)
   在 System.Data.SqlClient.SqlInternalConnection.OnError(SqlException exception, Boolean breakConnection, Action`1 wrapCloseInAction)
   在 System.Data.SqlClient.TdsParser.ThrowExceptionAndWarning(TdsParserStateObject stateObj, Boolean callerHasConnectionLock, Boolean asyncClose)
   在 System.Data.SqlClient.TdsParser.TryRun(RunBehavior runBehavior, SqlCommand cmdHandler, SqlDataReader dataStream, BulkCopySimpleResultSet bulkCopyHandler, TdsParserStateObject stateObj, Boolean& dataReady)
   在 System.Data.SqlClient.SqlDataReader.TryHasMoreRows(Boolean& moreRows)
   在 System.Data.SqlClient.SqlDataReader.TryReadInternal(Boolean setTimeout, Boolean& more)
   在 System.Data.SqlClient.SqlDataReader.Read()
   在 System.Data.Entity.Core.Common.Internal.Materialization.Shaper`1.StoreRead()
ClientConnectionId:854bf16f-0d0c-42c4-a88b-8aaaad17739a
Error Number:1205,State:52,Class:13

2021/3/12 16:20:59
QueryTradeResultRunner失败
System.Data.SqlClient.SqlException (0x80131904): 事务(进程 ID 62)与另一个进程被死锁在 锁 资源上，并且已被选作死锁牺牲品。请重新运行该事务。
   在 System.Data.SqlClient.SqlConnection.OnError(SqlException exception, Boolean breakConnection, Action`1 wrapCloseInAction)
   在 System.Data.SqlClient.SqlInternalConnection.OnError(SqlException exception, Boolean breakConnection, Action`1 wrapCloseInAction)
   在 System.Data.SqlClient.TdsParser.ThrowExceptionAndWarning(TdsParserStateObject stateObj, Boolean callerHasConnectionLock, Boolean asyncClose)
   在 System.Data.SqlClient.TdsParser.TryRun(RunBehavior runBehavior, SqlCommand cmdHandler, SqlDataReader dataStream, BulkCopySimpleResultSet bulkCopyHandler, TdsParserStateObject stateObj, Boolean& dataReady)
   在 System.Data.SqlClient.SqlDataReader.TryHasMoreRows(Boolean& moreRows)
   在 System.Data.SqlClient.SqlDataReader.TryReadInternal(Boolean setTimeout, Boolean& more)
   在 System.Data.SqlClient.SqlDataReader.Read()
   在 System.Data.Entity.Core.Common.Internal.Materialization.Shaper`1.StoreRead()
ClientConnectionId:2afa3191-1b06-4781-a73b-59d1411b33db
Error Number:1205,State:52,Class:13

2021/3/12 16:21:46
QueryTradeResultRunner失败
System.Data.SqlClient.SqlException (0x80131904): 事务(进程 ID 60)与另一个进程被死锁在 锁 资源上，并且已被选作死锁牺牲品。请重新运行该事务。
   在 System.Data.SqlClient.SqlConnection.OnError(SqlException exception, Boolean breakConnection, Action`1 wrapCloseInAction)
   在 System.Data.SqlClient.SqlInternalConnection.OnError(SqlException exception, Boolean breakConnection, Action`1 wrapCloseInAction)
   在 System.Data.SqlClient.TdsParser.ThrowExceptionAndWarning(TdsParserStateObject stateObj, Boolean callerHasConnectionLock, Boolean asyncClose)
   在 System.Data.SqlClient.TdsParser.TryRun(RunBehavior runBehavior, SqlCommand cmdHandler, SqlDataReader dataStream, BulkCopySimpleResultSet bulkCopyHandler, TdsParserStateObject stateObj, Boolean& dataReady)
   在 System.Data.SqlClient.SqlDataReader.TryHasMoreRows(Boolean& moreRows)
   在 System.Data.SqlClient.SqlDataReader.TryReadInternal(Boolean setTimeout, Boolean& more)
   在 System.Data.SqlClient.SqlDataReader.Read()
   在 System.Data.Entity.Core.Common.Internal.Materialization.Shaper`1.StoreRead()
ClientConnectionId:a5182b9b-0fa6-4179-a9e4-af252b5dfe2c
Error Number:1205,State:52,Class:13

2021/3/12 16:22:29
QueryTradeResultRunner失败
System.Data.SqlClient.SqlException (0x80131904): 事务(进程 ID 65)与另一个进程被死锁在 锁 资源上，并且已被选作死锁牺牲品。请重新运行该事务。
   在 System.Data.SqlClient.SqlConnection.OnError(SqlException exception, Boolean breakConnection, Action`1 wrapCloseInAction)
   在 System.Data.SqlClient.SqlInternalConnection.OnError(SqlException exception, Boolean breakConnection, Action`1 wrapCloseInAction)
   在 System.Data.SqlClient.TdsParser.ThrowExceptionAndWarning(TdsParserStateObject stateObj, Boolean callerHasConnectionLock, Boolean asyncClose)
   在 System.Data.SqlClient.TdsParser.TryRun(RunBehavior runBehavior, SqlCommand cmdHandler, SqlDataReader dataStream, BulkCopySimpleResultSet bulkCopyHandler, TdsParserStateObject stateObj, Boolean& dataReady)
   在 System.Data.SqlClient.SqlDataReader.TryHasMoreRows(Boolean& moreRows)
   在 System.Data.SqlClient.SqlDataReader.TryReadInternal(Boolean setTimeout, Boolean& more)
   在 System.Data.SqlClient.SqlDataReader.Read()
   在 System.Data.Entity.Core.Common.Internal.Materialization.Shaper`1.StoreRead()
ClientConnectionId:854bf16f-0d0c-42c4-a88b-8aaaad17739a
Error Number:1205,State:52,Class:13

2021/3/12 16:22:52
QueryTradeResultRunner失败
System.Data.SqlClient.SqlException (0x80131904): 事务(进程 ID 60)与另一个进程被死锁在 锁 资源上，并且已被选作死锁牺牲品。请重新运行该事务。
   在 System.Data.SqlClient.SqlConnection.OnError(SqlException exception, Boolean breakConnection, Action`1 wrapCloseInAction)
   在 System.Data.SqlClient.SqlInternalConnection.OnError(SqlException exception, Boolean breakConnection, Action`1 wrapCloseInAction)
   在 System.Data.SqlClient.TdsParser.ThrowExceptionAndWarning(TdsParserStateObject stateObj, Boolean callerHasConnectionLock, Boolean asyncClose)
   在 System.Data.SqlClient.TdsParser.TryRun(RunBehavior runBehavior, SqlCommand cmdHandler, SqlDataReader dataStream, BulkCopySimpleResultSet bulkCopyHandler, TdsParserStateObject stateObj, Boolean& dataReady)
   在 System.Data.SqlClient.SqlDataReader.TryHasMoreRows(Boolean& moreRows)
   在 System.Data.SqlClient.SqlDataReader.TryReadInternal(Boolean setTimeout, Boolean& more)
   在 System.Data.SqlClient.SqlDataReader.Read()
   在 System.Data.Entity.Core.Common.Internal.Materialization.Shaper`1.StoreRead()
ClientConnectionId:a5182b9b-0fa6-4179-a9e4-af252b5dfe2c
Error Number:1205,State:52,Class:13

2021/3/12 16:23:34
QueryTradeResultRunner失败
System.Data.SqlClient.SqlException (0x80131904): 事务(进程 ID 65)与另一个进程被死锁在 锁 资源上，并且已被选作死锁牺牲品。请重新运行该事务。
   在 System.Data.SqlClient.SqlConnection.OnError(SqlException exception, Boolean breakConnection, Action`1 wrapCloseInAction)
   在 System.Data.SqlClient.SqlInternalConnection.OnError(SqlException exception, Boolean breakConnection, Action`1 wrapCloseInAction)
   在 System.Data.SqlClient.TdsParser.ThrowExceptionAndWarning(TdsParserStateObject stateObj, Boolean callerHasConnectionLock, Boolean asyncClose)
   在 System.Data.SqlClient.TdsParser.TryRun(RunBehavior runBehavior, SqlCommand cmdHandler, SqlDataReader dataStream, BulkCopySimpleResultSet bulkCopyHandler, TdsParserStateObject stateObj, Boolean& dataReady)
   在 System.Data.SqlClient.SqlDataReader.TryHasMoreRows(Boolean& moreRows)
   在 System.Data.SqlClient.SqlDataReader.TryReadInternal(Boolean setTimeout, Boolean& more)
   在 System.Data.SqlClient.SqlDataReader.Read()
   在 System.Data.Entity.Core.Common.Internal.Materialization.Shaper`1.StoreRead()
ClientConnectionId:854bf16f-0d0c-42c4-a88b-8aaaad17739a
Error Number:1205,State:52,Class:13

