2021/5/11 10:48:00
执行卖出队列失败
System.Exception: 委托账户不存在
   在 SharesTradeService.Handler.SharesTradeBusiness.SellSuccess(String tradeAccountCode, SellInfo sellInfo, String tradeEntrustId, meal_ticketEntities db) 位置 F:\项目\饭票后端\SharesTradeService\Handler\SharesTradeBusiness.cs:行号 663
   在 SharesTradeService.Handler.SharesTradeBusiness.SellTrade(List`1 entrustManagerIdList) 位置 F:\项目\饭票后端\SharesTradeService\Handler\SharesTradeBusiness.cs:行号 585
   在 SharesTradeService.Handler.MQHandler.SellConsumer_Received(Object sender, BasicDeliverEventArgs e) 位置 F:\项目\饭票后端\SharesTradeService\Handler\MQHandler.cs:行号 302

2021/5/11 10:48:47
执行卖出队列失败
System.Exception: 委托账户不存在
   在 SharesTradeService.Handler.SharesTradeBusiness.SellSuccess(String tradeAccountCode, SellInfo sellInfo, String tradeEntrustId, meal_ticketEntities db) 位置 F:\项目\饭票后端\SharesTradeService\Handler\SharesTradeBusiness.cs:行号 663
   在 SharesTradeService.Handler.SharesTradeBusiness.SellTrade(List`1 entrustManagerIdList) 位置 F:\项目\饭票后端\SharesTradeService\Handler\SharesTradeBusiness.cs:行号 585
   在 SharesTradeService.Handler.MQHandler.SellConsumer_Received(Object sender, BasicDeliverEventArgs e) 位置 F:\项目\饭票后端\SharesTradeService\Handler\MQHandler.cs:行号 302

2021/5/11 10:50:11
执行卖出队列失败
System.Exception: 委托账户不存在
   在 SharesTradeService.Handler.SharesTradeBusiness.SellSuccess(String tradeAccountCode, SellInfo sellInfo, String tradeEntrustId, meal_ticketEntities db) 位置 F:\项目\饭票后端\SharesTradeService\Handler\SharesTradeBusiness.cs:行号 663
   在 SharesTradeService.Handler.SharesTradeBusiness.SellTrade(List`1 entrustManagerIdList) 位置 F:\项目\饭票后端\SharesTradeService\Handler\SharesTradeBusiness.cs:行号 585
   在 SharesTradeService.Handler.MQHandler.SellConsumer_Received(Object sender, BasicDeliverEventArgs e) 位置 F:\项目\饭票后端\SharesTradeService\Handler\MQHandler.cs:行号 302

2021/5/11 10:50:22
执行卖出队列失败
System.Exception: 委托账户不存在
   在 SharesTradeService.Handler.SharesTradeBusiness.SellSuccess(String tradeAccountCode, SellInfo sellInfo, String tradeEntrustId, meal_ticketEntities db) 位置 F:\项目\饭票后端\SharesTradeService\Handler\SharesTradeBusiness.cs:行号 663
   在 SharesTradeService.Handler.SharesTradeBusiness.SellTrade(List`1 entrustManagerIdList) 位置 F:\项目\饭票后端\SharesTradeService\Handler\SharesTradeBusiness.cs:行号 585
   在 SharesTradeService.Handler.MQHandler.SellConsumer_Received(Object sender, BasicDeliverEventArgs e) 位置 F:\项目\饭票后端\SharesTradeService\Handler\MQHandler.cs:行号 302

2021/5/11 10:51:33
执行卖出队列失败
System.Exception: 委托账户不存在
   在 SharesTradeService.Handler.SharesTradeBusiness.SellSuccess(String tradeAccountCode, SellInfo sellInfo, String tradeEntrustId, meal_ticketEntities db) 位置 F:\项目\饭票后端\SharesTradeService\Handler\SharesTradeBusiness.cs:行号 663
   在 SharesTradeService.Handler.SharesTradeBusiness.SellTrade(List`1 entrustManagerIdList) 位置 F:\项目\饭票后端\SharesTradeService\Handler\SharesTradeBusiness.cs:行号 585
   在 SharesTradeService.Handler.MQHandler.SellConsumer_Received(Object sender, BasicDeliverEventArgs e) 位置 F:\项目\饭票后端\SharesTradeService\Handler\MQHandler.cs:行号 302

2021/5/11 11:03:39
队列链接断开重连


