2021/7/9 20:42:08
QueryTradeResultRunner失败
System.ArgumentNullException: 值不能为 null。
参数名: connection
   在 System.Data.Entity.Utilities.Check.NotNull[T](T value, String parameterName)
   在 System.Data.Entity.Infrastructure.Interception.DbTransactionInterceptionContext.WithConnection(DbConnection connection)
   在 System.Data.Entity.Infrastructure.Interception.DbTransactionDispatcher.Rollback(DbTransaction transaction, DbInterceptionContext interceptionContext)
   在 System.Data.Entity.Core.EntityClient.EntityTransaction.Rollback()

2021/7/9 20:47:48
查询结果数据库出错
System.Data.Entity.Core.EntityCommandExecutionException: 存储区数据提供程序返回的数据读取器所具有的列数对于所请求的查询不够。
   在 System.Data.Entity.Core.EntityClient.Internal.EntityCommandDefinition.ConstantColumnMapGenerator.System.Data.Entity.Core.EntityClient.Internal.EntityCommandDefinition.IColumnMapGenerator.CreateColumnMap(DbDataReader reader)
   在 System.Data.Entity.Core.EntityClient.Internal.EntityCommandDefinition.CreateColumnMap(DbDataReader storeDataReader, Int32 resultSetIndex)
   在 System.Data.Entity.Core.Objects.ObjectContext.MaterializedDataRecord[TElement](EntityCommand entityCommand, DbDataReader storeReader, Int32 resultSetIndex, ReadOnlyCollection`1 entitySets, EdmType[] edmTypes, ShaperFactory`1 shaperFactory, MergeOption mergeOption, Boolean streaming)
   在 System.Data.Entity.Core.Objects.ObjectContext.CreateFunctionObjectResult[TElement](EntityCommand entityCommand, ReadOnlyCollection`1 entitySets, EdmType[] edmTypes, ExecutionOptions executionOptions)
   在 System.Data.Entity.Core.Objects.ObjectContext.<>c__DisplayClass47`1.<ExecuteFunction>b__46()
   在 System.Data.Entity.Core.Objects.ObjectContext.ExecuteInTransaction[T](Func`1 func, IDbExecutionStrategy executionStrategy, Boolean startLocalTransaction, Boolean releaseConnectionOnSuccess)
   在 System.Data.Entity.Core.Objects.ObjectContext.<>c__DisplayClass47`1.<ExecuteFunction>b__45()
   在 System.Data.Entity.SqlServer.DefaultSqlExecutionStrategy.Execute[TResult](Func`1 operation)
   在 System.Data.Entity.Core.Objects.ObjectContext.ExecuteFunction[TElement](String functionName, ExecutionOptions executionOptions, ObjectParameter[] parameters)
   在 System.Data.Entity.Core.Objects.ObjectContext.ExecuteFunction[TElement](String functionName, MergeOption mergeOption, ObjectParameter[] parameters)
   在 System.Data.Entity.Core.Objects.ObjectContext.ExecuteFunction[TElement](String functionName, ObjectParameter[] parameters)
   在 MealTicket_DBCommon.meal_ticketEntities.P_TradeFinish(Nullable`1 entrustManagerId, Nullable`1 dealPrice, Nullable`1 dealCount) 位置 F:\项目\饭票后端\MealTicket_DBCommon\Model1.Context.cs:行号 1564
   在 SharesTradeService.QueryTradeResultRunner.TradeFinish(Int64 Id, Int64 DealPrice, Int32 DealCount, Int32 Status, List`1 dealList, List`1 realDealList, meal_ticketEntities db) 位置 F:\项目\饭票后端\SharesTradeService\Runner\QueryTradeResultRunner.cs:行号 498

2021/7/9 20:48:03
查询结果数据库出错
System.Data.Entity.Core.EntityCommandExecutionException: 存储区数据提供程序返回的数据读取器所具有的列数对于所请求的查询不够。
   在 System.Data.Entity.Core.EntityClient.Internal.EntityCommandDefinition.ConstantColumnMapGenerator.System.Data.Entity.Core.EntityClient.Internal.EntityCommandDefinition.IColumnMapGenerator.CreateColumnMap(DbDataReader reader)
   在 System.Data.Entity.Core.EntityClient.Internal.EntityCommandDefinition.CreateColumnMap(DbDataReader storeDataReader, Int32 resultSetIndex)
   在 System.Data.Entity.Core.Objects.ObjectContext.MaterializedDataRecord[TElement](EntityCommand entityCommand, DbDataReader storeReader, Int32 resultSetIndex, ReadOnlyCollection`1 entitySets, EdmType[] edmTypes, ShaperFactory`1 shaperFactory, MergeOption mergeOption, Boolean streaming)
   在 System.Data.Entity.Core.Objects.ObjectContext.CreateFunctionObjectResult[TElement](EntityCommand entityCommand, ReadOnlyCollection`1 entitySets, EdmType[] edmTypes, ExecutionOptions executionOptions)
   在 System.Data.Entity.Core.Objects.ObjectContext.<>c__DisplayClass47`1.<ExecuteFunction>b__46()
   在 System.Data.Entity.Core.Objects.ObjectContext.ExecuteInTransaction[T](Func`1 func, IDbExecutionStrategy executionStrategy, Boolean startLocalTransaction, Boolean releaseConnectionOnSuccess)
   在 System.Data.Entity.Core.Objects.ObjectContext.<>c__DisplayClass47`1.<ExecuteFunction>b__45()
   在 System.Data.Entity.SqlServer.DefaultSqlExecutionStrategy.Execute[TResult](Func`1 operation)
   在 System.Data.Entity.Core.Objects.ObjectContext.ExecuteFunction[TElement](String functionName, ExecutionOptions executionOptions, ObjectParameter[] parameters)
   在 System.Data.Entity.Core.Objects.ObjectContext.ExecuteFunction[TElement](String functionName, MergeOption mergeOption, ObjectParameter[] parameters)
   在 System.Data.Entity.Core.Objects.ObjectContext.ExecuteFunction[TElement](String functionName, ObjectParameter[] parameters)
   在 MealTicket_DBCommon.meal_ticketEntities.P_TradeFinish(Nullable`1 entrustManagerId, Nullable`1 dealPrice, Nullable`1 dealCount) 位置 F:\项目\饭票后端\MealTicket_DBCommon\Model1.Context.cs:行号 1564
   在 SharesTradeService.QueryTradeResultRunner.TradeFinish(Int64 Id, Int64 DealPrice, Int32 DealCount, Int32 Status, List`1 dealList, List`1 realDealList, meal_ticketEntities db) 位置 F:\项目\饭票后端\SharesTradeService\Runner\QueryTradeResultRunner.cs:行号 498

2021/7/9 20:48:41
查询结果数据库出错
System.Data.Entity.Core.EntityCommandExecutionException: 存储区数据提供程序返回的数据读取器所具有的列数对于所请求的查询不够。
   在 System.Data.Entity.Core.EntityClient.Internal.EntityCommandDefinition.ConstantColumnMapGenerator.System.Data.Entity.Core.EntityClient.Internal.EntityCommandDefinition.IColumnMapGenerator.CreateColumnMap(DbDataReader reader)
   在 System.Data.Entity.Core.EntityClient.Internal.EntityCommandDefinition.CreateColumnMap(DbDataReader storeDataReader, Int32 resultSetIndex)
   在 System.Data.Entity.Core.Objects.ObjectContext.MaterializedDataRecord[TElement](EntityCommand entityCommand, DbDataReader storeReader, Int32 resultSetIndex, ReadOnlyCollection`1 entitySets, EdmType[] edmTypes, ShaperFactory`1 shaperFactory, MergeOption mergeOption, Boolean streaming)
   在 System.Data.Entity.Core.Objects.ObjectContext.CreateFunctionObjectResult[TElement](EntityCommand entityCommand, ReadOnlyCollection`1 entitySets, EdmType[] edmTypes, ExecutionOptions executionOptions)
   在 System.Data.Entity.Core.Objects.ObjectContext.<>c__DisplayClass47`1.<ExecuteFunction>b__46()
   在 System.Data.Entity.Core.Objects.ObjectContext.ExecuteInTransaction[T](Func`1 func, IDbExecutionStrategy executionStrategy, Boolean startLocalTransaction, Boolean releaseConnectionOnSuccess)
   在 System.Data.Entity.Core.Objects.ObjectContext.<>c__DisplayClass47`1.<ExecuteFunction>b__45()
   在 System.Data.Entity.SqlServer.DefaultSqlExecutionStrategy.Execute[TResult](Func`1 operation)
   在 System.Data.Entity.Core.Objects.ObjectContext.ExecuteFunction[TElement](String functionName, ExecutionOptions executionOptions, ObjectParameter[] parameters)
   在 System.Data.Entity.Core.Objects.ObjectContext.ExecuteFunction[TElement](String functionName, MergeOption mergeOption, ObjectParameter[] parameters)
   在 System.Data.Entity.Core.Objects.ObjectContext.ExecuteFunction[TElement](String functionName, ObjectParameter[] parameters)
   在 MealTicket_DBCommon.meal_ticketEntities.P_TradeFinish(Nullable`1 entrustManagerId, Nullable`1 dealPrice, Nullable`1 dealCount) 位置 F:\项目\饭票后端\MealTicket_DBCommon\Model1.Context.cs:行号 1564
   在 SharesTradeService.QueryTradeResultRunner.TradeFinish(Int64 Id, Int64 DealPrice, Int32 DealCount, Int32 Status, List`1 dealList, List`1 realDealList, meal_ticketEntities db) 位置 F:\项目\饭票后端\SharesTradeService\Runner\QueryTradeResultRunner.cs:行号 498

2021/7/9 20:49:19
查询结果数据库出错
System.Data.Entity.Core.EntityCommandExecutionException: 存储区数据提供程序返回的数据读取器所具有的列数对于所请求的查询不够。
   在 System.Data.Entity.Core.EntityClient.Internal.EntityCommandDefinition.ConstantColumnMapGenerator.System.Data.Entity.Core.EntityClient.Internal.EntityCommandDefinition.IColumnMapGenerator.CreateColumnMap(DbDataReader reader)
   在 System.Data.Entity.Core.EntityClient.Internal.EntityCommandDefinition.CreateColumnMap(DbDataReader storeDataReader, Int32 resultSetIndex)
   在 System.Data.Entity.Core.Objects.ObjectContext.MaterializedDataRecord[TElement](EntityCommand entityCommand, DbDataReader storeReader, Int32 resultSetIndex, ReadOnlyCollection`1 entitySets, EdmType[] edmTypes, ShaperFactory`1 shaperFactory, MergeOption mergeOption, Boolean streaming)
   在 System.Data.Entity.Core.Objects.ObjectContext.CreateFunctionObjectResult[TElement](EntityCommand entityCommand, ReadOnlyCollection`1 entitySets, EdmType[] edmTypes, ExecutionOptions executionOptions)
   在 System.Data.Entity.Core.Objects.ObjectContext.<>c__DisplayClass47`1.<ExecuteFunction>b__46()
   在 System.Data.Entity.Core.Objects.ObjectContext.ExecuteInTransaction[T](Func`1 func, IDbExecutionStrategy executionStrategy, Boolean startLocalTransaction, Boolean releaseConnectionOnSuccess)
   在 System.Data.Entity.Core.Objects.ObjectContext.<>c__DisplayClass47`1.<ExecuteFunction>b__45()
   在 System.Data.Entity.SqlServer.DefaultSqlExecutionStrategy.Execute[TResult](Func`1 operation)
   在 System.Data.Entity.Core.Objects.ObjectContext.ExecuteFunction[TElement](String functionName, ExecutionOptions executionOptions, ObjectParameter[] parameters)
   在 System.Data.Entity.Core.Objects.ObjectContext.ExecuteFunction[TElement](String functionName, MergeOption mergeOption, ObjectParameter[] parameters)
   在 System.Data.Entity.Core.Objects.ObjectContext.ExecuteFunction[TElement](String functionName, ObjectParameter[] parameters)
   在 MealTicket_DBCommon.meal_ticketEntities.P_TradeFinish(Nullable`1 entrustManagerId, Nullable`1 dealPrice, Nullable`1 dealCount) 位置 F:\项目\饭票后端\MealTicket_DBCommon\Model1.Context.cs:行号 1564
   在 SharesTradeService.QueryTradeResultRunner.TradeFinish(Int64 Id, Int64 DealPrice, Int32 DealCount, Int32 Status, List`1 dealList, List`1 realDealList, meal_ticketEntities db) 位置 F:\项目\饭票后端\SharesTradeService\Runner\QueryTradeResultRunner.cs:行号 498

2021/7/9 20:49:41
QueryTradeResultRunner失败
System.ArgumentNullException: 值不能为 null。
参数名: connection
   在 System.Data.Entity.Utilities.Check.NotNull[T](T value, String parameterName)
   在 System.Data.Entity.Infrastructure.Interception.DbTransactionInterceptionContext.WithConnection(DbConnection connection)
   在 System.Data.Entity.Infrastructure.Interception.DbTransactionDispatcher.Rollback(DbTransaction transaction, DbInterceptionContext interceptionContext)
   在 System.Data.Entity.Core.EntityClient.EntityTransaction.Rollback()

2021/7/9 20:50:21
查询结果数据库出错
System.Data.Entity.Core.EntityCommandExecutionException: 存储区数据提供程序返回的数据读取器所具有的列数对于所请求的查询不够。
   在 System.Data.Entity.Core.EntityClient.Internal.EntityCommandDefinition.ConstantColumnMapGenerator.System.Data.Entity.Core.EntityClient.Internal.EntityCommandDefinition.IColumnMapGenerator.CreateColumnMap(DbDataReader reader)
   在 System.Data.Entity.Core.EntityClient.Internal.EntityCommandDefinition.CreateColumnMap(DbDataReader storeDataReader, Int32 resultSetIndex)
   在 System.Data.Entity.Core.Objects.ObjectContext.MaterializedDataRecord[TElement](EntityCommand entityCommand, DbDataReader storeReader, Int32 resultSetIndex, ReadOnlyCollection`1 entitySets, EdmType[] edmTypes, ShaperFactory`1 shaperFactory, MergeOption mergeOption, Boolean streaming)
   在 System.Data.Entity.Core.Objects.ObjectContext.CreateFunctionObjectResult[TElement](EntityCommand entityCommand, ReadOnlyCollection`1 entitySets, EdmType[] edmTypes, ExecutionOptions executionOptions)
   在 System.Data.Entity.Core.Objects.ObjectContext.<>c__DisplayClass47`1.<ExecuteFunction>b__46()
   在 System.Data.Entity.Core.Objects.ObjectContext.ExecuteInTransaction[T](Func`1 func, IDbExecutionStrategy executionStrategy, Boolean startLocalTransaction, Boolean releaseConnectionOnSuccess)
   在 System.Data.Entity.Core.Objects.ObjectContext.<>c__DisplayClass47`1.<ExecuteFunction>b__45()
   在 System.Data.Entity.SqlServer.DefaultSqlExecutionStrategy.Execute[TResult](Func`1 operation)
   在 System.Data.Entity.Core.Objects.ObjectContext.ExecuteFunction[TElement](String functionName, ExecutionOptions executionOptions, ObjectParameter[] parameters)
   在 System.Data.Entity.Core.Objects.ObjectContext.ExecuteFunction[TElement](String functionName, MergeOption mergeOption, ObjectParameter[] parameters)
   在 System.Data.Entity.Core.Objects.ObjectContext.ExecuteFunction[TElement](String functionName, ObjectParameter[] parameters)
   在 MealTicket_DBCommon.meal_ticketEntities.P_TradeFinish(Nullable`1 entrustManagerId, Nullable`1 dealPrice, Nullable`1 dealCount) 位置 F:\项目\饭票后端\MealTicket_DBCommon\Model1.Context.cs:行号 1564
   在 SharesTradeService.QueryTradeResultRunner.TradeFinish(Int64 Id, Int64 DealPrice, Int32 DealCount, Int32 Status, List`1 dealList, List`1 realDealList, meal_ticketEntities db) 位置 F:\项目\饭票后端\SharesTradeService\Runner\QueryTradeResultRunner.cs:行号 498

2021/7/9 20:50:56
QueryTradeResultRunner失败
System.ArgumentNullException: 值不能为 null。
参数名: connection
   在 System.Data.Entity.Utilities.Check.NotNull[T](T value, String parameterName)
   在 System.Data.Entity.Infrastructure.Interception.DbTransactionInterceptionContext.WithConnection(DbConnection connection)
   在 System.Data.Entity.Infrastructure.Interception.DbTransactionDispatcher.Rollback(DbTransaction transaction, DbInterceptionContext interceptionContext)
   在 System.Data.Entity.Core.EntityClient.EntityTransaction.Rollback()

2021/7/9 20:51:15
QueryTradeResultRunner失败
System.ArgumentNullException: 值不能为 null。
参数名: connection
   在 System.Data.Entity.Utilities.Check.NotNull[T](T value, String parameterName)
   在 System.Data.Entity.Infrastructure.Interception.DbTransactionInterceptionContext.WithConnection(DbConnection connection)
   在 System.Data.Entity.Infrastructure.Interception.DbTransactionDispatcher.Rollback(DbTransaction transaction, DbInterceptionContext interceptionContext)
   在 System.Data.Entity.Core.EntityClient.EntityTransaction.Rollback()

2021/7/9 20:51:37
查询结果数据库出错
System.Data.Entity.Core.EntityCommandExecutionException: 存储区数据提供程序返回的数据读取器所具有的列数对于所请求的查询不够。
   在 System.Data.Entity.Core.EntityClient.Internal.EntityCommandDefinition.ConstantColumnMapGenerator.System.Data.Entity.Core.EntityClient.Internal.EntityCommandDefinition.IColumnMapGenerator.CreateColumnMap(DbDataReader reader)
   在 System.Data.Entity.Core.EntityClient.Internal.EntityCommandDefinition.CreateColumnMap(DbDataReader storeDataReader, Int32 resultSetIndex)
   在 System.Data.Entity.Core.Objects.ObjectContext.MaterializedDataRecord[TElement](EntityCommand entityCommand, DbDataReader storeReader, Int32 resultSetIndex, ReadOnlyCollection`1 entitySets, EdmType[] edmTypes, ShaperFactory`1 shaperFactory, MergeOption mergeOption, Boolean streaming)
   在 System.Data.Entity.Core.Objects.ObjectContext.CreateFunctionObjectResult[TElement](EntityCommand entityCommand, ReadOnlyCollection`1 entitySets, EdmType[] edmTypes, ExecutionOptions executionOptions)
   在 System.Data.Entity.Core.Objects.ObjectContext.<>c__DisplayClass47`1.<ExecuteFunction>b__46()
   在 System.Data.Entity.Core.Objects.ObjectContext.ExecuteInTransaction[T](Func`1 func, IDbExecutionStrategy executionStrategy, Boolean startLocalTransaction, Boolean releaseConnectionOnSuccess)
   在 System.Data.Entity.Core.Objects.ObjectContext.<>c__DisplayClass47`1.<ExecuteFunction>b__45()
   在 System.Data.Entity.SqlServer.DefaultSqlExecutionStrategy.Execute[TResult](Func`1 operation)
   在 System.Data.Entity.Core.Objects.ObjectContext.ExecuteFunction[TElement](String functionName, ExecutionOptions executionOptions, ObjectParameter[] parameters)
   在 System.Data.Entity.Core.Objects.ObjectContext.ExecuteFunction[TElement](String functionName, MergeOption mergeOption, ObjectParameter[] parameters)
   在 System.Data.Entity.Core.Objects.ObjectContext.ExecuteFunction[TElement](String functionName, ObjectParameter[] parameters)
   在 MealTicket_DBCommon.meal_ticketEntities.P_TradeFinish(Nullable`1 entrustManagerId, Nullable`1 dealPrice, Nullable`1 dealCount) 位置 F:\项目\饭票后端\MealTicket_DBCommon\Model1.Context.cs:行号 1564
   在 SharesTradeService.QueryTradeResultRunner.TradeFinish(Int64 Id, Int64 DealPrice, Int32 DealCount, Int32 Status, List`1 dealList, List`1 realDealList, meal_ticketEntities db) 位置 F:\项目\饭票后端\SharesTradeService\Runner\QueryTradeResultRunner.cs:行号 498

