2021/1/28 10:08:18
MQ链接异常
System.TimeoutException: 操作已超时。
   在 RabbitMQ.Util.BlockingCell`1.WaitForValue(TimeSpan timeout)
   在 RabbitMQ.Client.Impl.SimpleBlockingRpcContinuation.GetReply(TimeSpan timeout)
   在 RabbitMQ.Client.Impl.ModelBase.BasicConsume(String queue, Boolean autoAck, String consumerTag, Boolean noLocal, Boolean exclusive, IDictionary`2 arguments, IBasicConsumer consumer)
   在 RabbitMQ.Client.Impl.AutorecoveringModel.BasicConsume(String queue, Boolean autoAck, String consumerTag, Boolean noLocal, Boolean exclusive, IDictionary`2 arguments, IBasicConsumer consumer)
   在 RabbitMQ.Client.IModelExensions.BasicConsume(IModel model, String queue, Boolean autoAck, IBasicConsumer consumer)
   在 SharesTradeService.Handler.MQHandler.Reconnect() 位置 F:\项目\饭票后端\SharesTradeService\Handler\MQHandler.cs:行号 129

2021/1/28 10:08:18
队列链接断开重连


2021/1/28 10:08:19
队列链接断开重连


2021/1/28 10:08:19
队列链接断开重连


2021/1/28 10:08:25
MQ链接异常
System.TimeoutException: 操作已超时。
   在 RabbitMQ.Util.BlockingCell`1.WaitForValue(TimeSpan timeout)
   在 RabbitMQ.Client.Impl.SimpleBlockingRpcContinuation.GetReply(TimeSpan timeout)
   在 RabbitMQ.Client.Impl.ModelBase.ModelRpc(MethodBase method, ContentHeaderBase header, Byte[] body)
   在 RabbitMQ.Client.Framing.Impl.Model._Private_ChannelOpen(String outOfBand)
   在 RabbitMQ.Client.Framing.Impl.AutorecoveringConnection.CreateNonRecoveringModel()
   在 RabbitMQ.Client.Framing.Impl.AutorecoveringConnection.CreateModel()
   在 SharesTradeService.Handler.MQHandler.Reconnect() 位置 F:\项目\饭票后端\SharesTradeService\Handler\MQHandler.cs:行号 134

2021/1/28 10:38:12
队列链接断开重连


2021/1/28 10:41:17
队列链接断开重连


2021/1/28 10:47:05
队列链接断开重连


2021/1/28 10:59:42
队列链接断开重连


2021/1/28 11:01:05
QueryTradeResultRunner失败
System.ComponentModel.Win32Exception (0x80004005): 等待的操作过时。

2021/1/28 11:02:17
队列链接断开重连


2021/1/28 11:08:54
队列链接断开重连


2021/1/28 11:08:55
队列链接断开重连


2021/1/28 11:09:41
MQ链接异常
System.TimeoutException: 操作已超时。
   在 RabbitMQ.Util.BlockingCell`1.WaitForValue(TimeSpan timeout)
   在 RabbitMQ.Client.Impl.SimpleBlockingRpcContinuation.GetReply(TimeSpan timeout)
   在 RabbitMQ.Client.Impl.ModelBase.ConnectionStartOk(IDictionary`2 clientProperties, String mechanism, Byte[] response, String locale)
   在 RabbitMQ.Client.Framing.Impl.Connection.StartAndTune()
   在 RabbitMQ.Client.Framing.Impl.Connection.Open(Boolean insist)
   在 RabbitMQ.Client.Framing.Impl.Connection..ctor(IConnectionFactory factory, Boolean insist, IFrameHandler frameHandler, String clientProvidedName)
   在 RabbitMQ.Client.Framing.Impl.AutorecoveringConnection.Init(IFrameHandler fh)
   在 RabbitMQ.Client.Framing.Impl.AutorecoveringConnection.Init(IEndpointResolver endpoints)
   在 RabbitMQ.Client.ConnectionFactory.CreateConnection(IEndpointResolver endpointResolver, String clientProvidedName)

2021/1/28 11:09:41
队列链接断开重连


2021/1/28 11:09:41
MQ链接异常
System.TimeoutException: 操作已超时。
   在 RabbitMQ.Util.BlockingCell`1.WaitForValue(TimeSpan timeout)
   在 RabbitMQ.Client.Impl.SimpleBlockingRpcContinuation.GetReply(TimeSpan timeout)
   在 RabbitMQ.Client.Impl.ModelBase.ModelRpc(MethodBase method, ContentHeaderBase header, Byte[] body)
   在 RabbitMQ.Client.Framing.Impl.Model._Private_ChannelOpen(String outOfBand)
   在 RabbitMQ.Client.Framing.Impl.AutorecoveringConnection.CreateNonRecoveringModel()
   在 RabbitMQ.Client.Framing.Impl.AutorecoveringConnection.CreateModel()
   在 SharesTradeService.Handler.MQHandler.Reconnect() 位置 F:\项目\饭票后端\SharesTradeService\Handler\MQHandler.cs:行号 123

