2020/12/16 16:12:33
更新更新分笔成交数据出错
System.Data.SqlClient.SqlException (0x80131904): 事务(进程 ID 73)与另一个进程被死锁在 锁 资源上，并且已被选作死锁牺牲品。请重新运行该事务。
   在 System.Data.SqlClient.SqlConnection.OnError(SqlException exception, Boolean breakConnection, Action`1 wrapCloseInAction)
   在 System.Data.SqlClient.SqlInternalConnection.OnError(SqlException exception, Boolean breakConnection, Action`1 wrapCloseInAction)
   在 System.Data.SqlClient.TdsParser.ThrowExceptionAndWarning(TdsParserStateObject stateObj, Boolean callerHasConnectionLock, Boolean asyncClose)
   在 System.Data.SqlClient.TdsParser.TryRun(RunBehavior runBehavior, SqlCommand cmdHandler, SqlDataReader dataStream, BulkCopySimpleResultSet bulkCopyHandler, TdsParserStateObject stateObj, Boolean& dataReady)
   在 System.Data.SqlClient.SqlCommand.RunExecuteNonQueryTds(String methodName, Boolean async, Int32 timeout, Boolean asyncWrite)
   在 System.Data.SqlClient.SqlCommand.InternalExecuteNonQuery(TaskCompletionSource`1 completion, String methodName, Boolean sendToPipe, Int32 timeout, Boolean& usedCache, Boolean asyncWrite, Boolean inRetry)
   在 System.Data.SqlClient.SqlCommand.ExecuteNonQuery()
   在 NewTransactionDataUpdate.DataHelper.UpdateTransactionData(List`1 list, Int32 market, String sharesCode, DateTime datePar, Nullable`1 lastTime) 位置 F:\项目\饭票后端\NewTransactionDataUpdate\DataHelper.cs:行号 189
ClientConnectionId:648f3995-7994-43b5-8201-bfa8bc948208
Error Number:1205,State:51,Class:13

2020/12/16 16:12:33
更新更新分笔成交数据出错
System.Data.SqlClient.SqlException (0x80131904): 事务(进程 ID 79)与另一个进程被死锁在 锁 资源上，并且已被选作死锁牺牲品。请重新运行该事务。
   在 System.Data.SqlClient.SqlConnection.OnError(SqlException exception, Boolean breakConnection, Action`1 wrapCloseInAction)
   在 System.Data.SqlClient.SqlInternalConnection.OnError(SqlException exception, Boolean breakConnection, Action`1 wrapCloseInAction)
   在 System.Data.SqlClient.TdsParser.ThrowExceptionAndWarning(TdsParserStateObject stateObj, Boolean callerHasConnectionLock, Boolean asyncClose)
   在 System.Data.SqlClient.TdsParser.TryRun(RunBehavior runBehavior, SqlCommand cmdHandler, SqlDataReader dataStream, BulkCopySimpleResultSet bulkCopyHandler, TdsParserStateObject stateObj, Boolean& dataReady)
   在 System.Data.SqlClient.SqlCommand.RunExecuteNonQueryTds(String methodName, Boolean async, Int32 timeout, Boolean asyncWrite)
   在 System.Data.SqlClient.SqlCommand.InternalExecuteNonQuery(TaskCompletionSource`1 completion, String methodName, Boolean sendToPipe, Int32 timeout, Boolean& usedCache, Boolean asyncWrite, Boolean inRetry)
   在 System.Data.SqlClient.SqlCommand.ExecuteNonQuery()
   在 NewTransactionDataUpdate.DataHelper.UpdateTransactionData(List`1 list, Int32 market, String sharesCode, DateTime datePar, Nullable`1 lastTime) 位置 F:\项目\饭票后端\NewTransactionDataUpdate\DataHelper.cs:行号 189
ClientConnectionId:15a8e33a-0b2e-4fd6-a8eb-03e00f5ddc6c
Error Number:1205,State:51,Class:13

2020/12/16 16:12:33
更新更新分笔成交数据出错
System.Data.SqlClient.SqlException (0x80131904): 事务(进程 ID 78)与另一个进程被死锁在 锁 资源上，并且已被选作死锁牺牲品。请重新运行该事务。
   在 System.Data.SqlClient.SqlConnection.OnError(SqlException exception, Boolean breakConnection, Action`1 wrapCloseInAction)
   在 System.Data.SqlClient.SqlInternalConnection.OnError(SqlException exception, Boolean breakConnection, Action`1 wrapCloseInAction)
   在 System.Data.SqlClient.TdsParser.ThrowExceptionAndWarning(TdsParserStateObject stateObj, Boolean callerHasConnectionLock, Boolean asyncClose)
   在 System.Data.SqlClient.TdsParser.TryRun(RunBehavior runBehavior, SqlCommand cmdHandler, SqlDataReader dataStream, BulkCopySimpleResultSet bulkCopyHandler, TdsParserStateObject stateObj, Boolean& dataReady)
   在 System.Data.SqlClient.SqlCommand.RunExecuteNonQueryTds(String methodName, Boolean async, Int32 timeout, Boolean asyncWrite)
   在 System.Data.SqlClient.SqlCommand.InternalExecuteNonQuery(TaskCompletionSource`1 completion, String methodName, Boolean sendToPipe, Int32 timeout, Boolean& usedCache, Boolean asyncWrite, Boolean inRetry)
   在 System.Data.SqlClient.SqlCommand.ExecuteNonQuery()
   在 NewTransactionDataUpdate.DataHelper.UpdateTransactionData(List`1 list, Int32 market, String sharesCode, DateTime datePar, Nullable`1 lastTime) 位置 F:\项目\饭票后端\NewTransactionDataUpdate\DataHelper.cs:行号 189
ClientConnectionId:861db2cd-51c9-4606-bcbc-c2d97742c0e3
Error Number:1205,State:51,Class:13

2020/12/16 16:12:33
更新更新分笔成交数据出错
System.Data.SqlClient.SqlException (0x80131904): 事务(进程 ID 77)与另一个进程被死锁在 锁 资源上，并且已被选作死锁牺牲品。请重新运行该事务。
   在 System.Data.SqlClient.SqlConnection.OnError(SqlException exception, Boolean breakConnection, Action`1 wrapCloseInAction)
   在 System.Data.SqlClient.SqlInternalConnection.OnError(SqlException exception, Boolean breakConnection, Action`1 wrapCloseInAction)
   在 System.Data.SqlClient.TdsParser.ThrowExceptionAndWarning(TdsParserStateObject stateObj, Boolean callerHasConnectionLock, Boolean asyncClose)
   在 System.Data.SqlClient.TdsParser.TryRun(RunBehavior runBehavior, SqlCommand cmdHandler, SqlDataReader dataStream, BulkCopySimpleResultSet bulkCopyHandler, TdsParserStateObject stateObj, Boolean& dataReady)
   在 System.Data.SqlClient.SqlCommand.RunExecuteNonQueryTds(String methodName, Boolean async, Int32 timeout, Boolean asyncWrite)
   在 System.Data.SqlClient.SqlCommand.InternalExecuteNonQuery(TaskCompletionSource`1 completion, String methodName, Boolean sendToPipe, Int32 timeout, Boolean& usedCache, Boolean asyncWrite, Boolean inRetry)
   在 System.Data.SqlClient.SqlCommand.ExecuteNonQuery()
   在 NewTransactionDataUpdate.DataHelper.UpdateTransactionData(List`1 list, Int32 market, String sharesCode, DateTime datePar, Nullable`1 lastTime) 位置 F:\项目\饭票后端\NewTransactionDataUpdate\DataHelper.cs:行号 189
ClientConnectionId:337056d4-0426-4bf9-8506-86f9f19d4673
Error Number:1205,State:51,Class:13

2020/12/16 16:12:33
更新更新分笔成交数据出错
System.Data.SqlClient.SqlException (0x80131904): 事务(进程 ID 76)与另一个进程被死锁在 锁 资源上，并且已被选作死锁牺牲品。请重新运行该事务。
   在 System.Data.SqlClient.SqlConnection.OnError(SqlException exception, Boolean breakConnection, Action`1 wrapCloseInAction)
   在 System.Data.SqlClient.SqlInternalConnection.OnError(SqlException exception, Boolean breakConnection, Action`1 wrapCloseInAction)
   在 System.Data.SqlClient.TdsParser.ThrowExceptionAndWarning(TdsParserStateObject stateObj, Boolean callerHasConnectionLock, Boolean asyncClose)
   在 System.Data.SqlClient.TdsParser.TryRun(RunBehavior runBehavior, SqlCommand cmdHandler, SqlDataReader dataStream, BulkCopySimpleResultSet bulkCopyHandler, TdsParserStateObject stateObj, Boolean& dataReady)
   在 System.Data.SqlClient.SqlCommand.RunExecuteNonQueryTds(String methodName, Boolean async, Int32 timeout, Boolean asyncWrite)
   在 System.Data.SqlClient.SqlCommand.InternalExecuteNonQuery(TaskCompletionSource`1 completion, String methodName, Boolean sendToPipe, Int32 timeout, Boolean& usedCache, Boolean asyncWrite, Boolean inRetry)
   在 System.Data.SqlClient.SqlCommand.ExecuteNonQuery()
   在 NewTransactionDataUpdate.DataHelper.UpdateTransactionData(List`1 list, Int32 market, String sharesCode, DateTime datePar, Nullable`1 lastTime) 位置 F:\项目\饭票后端\NewTransactionDataUpdate\DataHelper.cs:行号 189
ClientConnectionId:4d7c81f3-deb0-4db2-801c-e77d81ff1051
Error Number:1205,State:51,Class:13

2020/12/16 16:12:38
更新更新分笔成交数据出错
System.Data.SqlClient.SqlException (0x80131904): 事务(进程 ID 85)与另一个进程被死锁在 锁 资源上，并且已被选作死锁牺牲品。请重新运行该事务。
   在 System.Data.SqlClient.SqlConnection.OnError(SqlException exception, Boolean breakConnection, Action`1 wrapCloseInAction)
   在 System.Data.SqlClient.SqlInternalConnection.OnError(SqlException exception, Boolean breakConnection, Action`1 wrapCloseInAction)
   在 System.Data.SqlClient.TdsParser.ThrowExceptionAndWarning(TdsParserStateObject stateObj, Boolean callerHasConnectionLock, Boolean asyncClose)
   在 System.Data.SqlClient.TdsParser.TryRun(RunBehavior runBehavior, SqlCommand cmdHandler, SqlDataReader dataStream, BulkCopySimpleResultSet bulkCopyHandler, TdsParserStateObject stateObj, Boolean& dataReady)
   在 System.Data.SqlClient.SqlCommand.RunExecuteNonQueryTds(String methodName, Boolean async, Int32 timeout, Boolean asyncWrite)
   在 System.Data.SqlClient.SqlCommand.InternalExecuteNonQuery(TaskCompletionSource`1 completion, String methodName, Boolean sendToPipe, Int32 timeout, Boolean& usedCache, Boolean asyncWrite, Boolean inRetry)
   在 System.Data.SqlClient.SqlCommand.ExecuteNonQuery()
   在 NewTransactionDataUpdate.DataHelper.UpdateTransactionData(List`1 list, Int32 market, String sharesCode, DateTime datePar, Nullable`1 lastTime) 位置 F:\项目\饭票后端\NewTransactionDataUpdate\DataHelper.cs:行号 189
ClientConnectionId:3d22cea7-6518-43a2-95ac-8198751cb98a
Error Number:1205,State:51,Class:13

2020/12/16 16:12:40
更新更新分笔成交数据出错
System.Data.SqlClient.SqlException (0x80131904): 事务(进程 ID 84)与另一个进程被死锁在 锁 资源上，并且已被选作死锁牺牲品。请重新运行该事务。
   在 System.Data.SqlClient.SqlConnection.OnError(SqlException exception, Boolean breakConnection, Action`1 wrapCloseInAction)
   在 System.Data.SqlClient.SqlInternalConnection.OnError(SqlException exception, Boolean breakConnection, Action`1 wrapCloseInAction)
   在 System.Data.SqlClient.TdsParser.ThrowExceptionAndWarning(TdsParserStateObject stateObj, Boolean callerHasConnectionLock, Boolean asyncClose)
   在 System.Data.SqlClient.TdsParser.TryRun(RunBehavior runBehavior, SqlCommand cmdHandler, SqlDataReader dataStream, BulkCopySimpleResultSet bulkCopyHandler, TdsParserStateObject stateObj, Boolean& dataReady)
   在 System.Data.SqlClient.SqlCommand.RunExecuteNonQueryTds(String methodName, Boolean async, Int32 timeout, Boolean asyncWrite)
   在 System.Data.SqlClient.SqlCommand.InternalExecuteNonQuery(TaskCompletionSource`1 completion, String methodName, Boolean sendToPipe, Int32 timeout, Boolean& usedCache, Boolean asyncWrite, Boolean inRetry)
   在 System.Data.SqlClient.SqlCommand.ExecuteNonQuery()
   在 NewTransactionDataUpdate.DataHelper.UpdateTransactionData(List`1 list, Int32 market, String sharesCode, DateTime datePar, Nullable`1 lastTime) 位置 F:\项目\饭票后端\NewTransactionDataUpdate\DataHelper.cs:行号 189
ClientConnectionId:e1aab503-039d-44b7-9474-b5697810d69c
Error Number:1205,State:51,Class:13

2020/12/16 16:12:42
更新更新分笔成交数据出错
System.Data.SqlClient.SqlException (0x80131904): 事务(进程 ID 83)与另一个进程被死锁在 锁 资源上，并且已被选作死锁牺牲品。请重新运行该事务。
   在 System.Data.SqlClient.SqlConnection.OnError(SqlException exception, Boolean breakConnection, Action`1 wrapCloseInAction)
   在 System.Data.SqlClient.SqlInternalConnection.OnError(SqlException exception, Boolean breakConnection, Action`1 wrapCloseInAction)
   在 System.Data.SqlClient.TdsParser.ThrowExceptionAndWarning(TdsParserStateObject stateObj, Boolean callerHasConnectionLock, Boolean asyncClose)
   在 System.Data.SqlClient.TdsParser.TryRun(RunBehavior runBehavior, SqlCommand cmdHandler, SqlDataReader dataStream, BulkCopySimpleResultSet bulkCopyHandler, TdsParserStateObject stateObj, Boolean& dataReady)
   在 System.Data.SqlClient.SqlCommand.RunExecuteNonQueryTds(String methodName, Boolean async, Int32 timeout, Boolean asyncWrite)
   在 System.Data.SqlClient.SqlCommand.InternalExecuteNonQuery(TaskCompletionSource`1 completion, String methodName, Boolean sendToPipe, Int32 timeout, Boolean& usedCache, Boolean asyncWrite, Boolean inRetry)
   在 System.Data.SqlClient.SqlCommand.ExecuteNonQuery()
   在 NewTransactionDataUpdate.DataHelper.UpdateTransactionData(List`1 list, Int32 market, String sharesCode, DateTime datePar, Nullable`1 lastTime) 位置 F:\项目\饭票后端\NewTransactionDataUpdate\DataHelper.cs:行号 189
ClientConnectionId:060ac3c7-cd79-4880-b33f-6c9b8363ecc1
Error Number:1205,State:51,Class:13

2020/12/16 16:12:42
更新更新分笔成交数据出错
System.Data.SqlClient.SqlException (0x80131904): 事务(进程 ID 82)与另一个进程被死锁在 锁 资源上，并且已被选作死锁牺牲品。请重新运行该事务。
   在 System.Data.SqlClient.SqlConnection.OnError(SqlException exception, Boolean breakConnection, Action`1 wrapCloseInAction)
   在 System.Data.SqlClient.SqlInternalConnection.OnError(SqlException exception, Boolean breakConnection, Action`1 wrapCloseInAction)
   在 System.Data.SqlClient.TdsParser.ThrowExceptionAndWarning(TdsParserStateObject stateObj, Boolean callerHasConnectionLock, Boolean asyncClose)
   在 System.Data.SqlClient.TdsParser.TryRun(RunBehavior runBehavior, SqlCommand cmdHandler, SqlDataReader dataStream, BulkCopySimpleResultSet bulkCopyHandler, TdsParserStateObject stateObj, Boolean& dataReady)
   在 System.Data.SqlClient.SqlCommand.RunExecuteNonQueryTds(String methodName, Boolean async, Int32 timeout, Boolean asyncWrite)
   在 System.Data.SqlClient.SqlCommand.InternalExecuteNonQuery(TaskCompletionSource`1 completion, String methodName, Boolean sendToPipe, Int32 timeout, Boolean& usedCache, Boolean asyncWrite, Boolean inRetry)
   在 System.Data.SqlClient.SqlCommand.ExecuteNonQuery()
   在 NewTransactionDataUpdate.DataHelper.UpdateTransactionData(List`1 list, Int32 market, String sharesCode, DateTime datePar, Nullable`1 lastTime) 位置 F:\项目\饭票后端\NewTransactionDataUpdate\DataHelper.cs:行号 189
ClientConnectionId:c39c91e2-43ee-4fc3-a5a1-1fe906095f80
Error Number:1205,State:51,Class:13

2020/12/16 16:12:43
更新更新分笔成交数据出错
System.Data.SqlClient.SqlException (0x80131904): 事务(进程 ID 81)与另一个进程被死锁在 锁 资源上，并且已被选作死锁牺牲品。请重新运行该事务。
   在 System.Data.SqlClient.SqlConnection.OnError(SqlException exception, Boolean breakConnection, Action`1 wrapCloseInAction)
   在 System.Data.SqlClient.SqlInternalConnection.OnError(SqlException exception, Boolean breakConnection, Action`1 wrapCloseInAction)
   在 System.Data.SqlClient.TdsParser.ThrowExceptionAndWarning(TdsParserStateObject stateObj, Boolean callerHasConnectionLock, Boolean asyncClose)
   在 System.Data.SqlClient.TdsParser.TryRun(RunBehavior runBehavior, SqlCommand cmdHandler, SqlDataReader dataStream, BulkCopySimpleResultSet bulkCopyHandler, TdsParserStateObject stateObj, Boolean& dataReady)
   在 System.Data.SqlClient.SqlCommand.RunExecuteNonQueryTds(String methodName, Boolean async, Int32 timeout, Boolean asyncWrite)
   在 System.Data.SqlClient.SqlCommand.InternalExecuteNonQuery(TaskCompletionSource`1 completion, String methodName, Boolean sendToPipe, Int32 timeout, Boolean& usedCache, Boolean asyncWrite, Boolean inRetry)
   在 System.Data.SqlClient.SqlCommand.ExecuteNonQuery()
   在 NewTransactionDataUpdate.DataHelper.UpdateTransactionData(List`1 list, Int32 market, String sharesCode, DateTime datePar, Nullable`1 lastTime) 位置 F:\项目\饭票后端\NewTransactionDataUpdate\DataHelper.cs:行号 189
ClientConnectionId:f2bc3813-fb87-4a4e-81ad-15f8c4261613
Error Number:1205,State:51,Class:13

2020/12/16 16:12:43
更新更新分笔成交数据出错
System.Data.SqlClient.SqlException (0x80131904): 事务(进程 ID 86)与另一个进程被死锁在 锁 资源上，并且已被选作死锁牺牲品。请重新运行该事务。
   在 System.Data.SqlClient.SqlConnection.OnError(SqlException exception, Boolean breakConnection, Action`1 wrapCloseInAction)
   在 System.Data.SqlClient.SqlInternalConnection.OnError(SqlException exception, Boolean breakConnection, Action`1 wrapCloseInAction)
   在 System.Data.SqlClient.TdsParser.ThrowExceptionAndWarning(TdsParserStateObject stateObj, Boolean callerHasConnectionLock, Boolean asyncClose)
   在 System.Data.SqlClient.TdsParser.TryRun(RunBehavior runBehavior, SqlCommand cmdHandler, SqlDataReader dataStream, BulkCopySimpleResultSet bulkCopyHandler, TdsParserStateObject stateObj, Boolean& dataReady)
   在 System.Data.SqlClient.SqlCommand.RunExecuteNonQueryTds(String methodName, Boolean async, Int32 timeout, Boolean asyncWrite)
   在 System.Data.SqlClient.SqlCommand.InternalExecuteNonQuery(TaskCompletionSource`1 completion, String methodName, Boolean sendToPipe, Int32 timeout, Boolean& usedCache, Boolean asyncWrite, Boolean inRetry)
   在 System.Data.SqlClient.SqlCommand.ExecuteNonQuery()
   在 NewTransactionDataUpdate.DataHelper.UpdateTransactionData(List`1 list, Int32 market, String sharesCode, DateTime datePar, Nullable`1 lastTime) 位置 F:\项目\饭票后端\NewTransactionDataUpdate\DataHelper.cs:行号 189
ClientConnectionId:ddea47f1-e322-47e8-8a32-26b5bbd7c895
Error Number:1205,State:51,Class:13

2020/12/16 16:14:04
更新更新分笔成交数据出错
System.Data.SqlClient.SqlException (0x80131904): 事务(进程 ID 75)与另一个进程被死锁在 锁 资源上，并且已被选作死锁牺牲品。请重新运行该事务。
   在 System.Data.SqlClient.SqlConnection.OnError(SqlException exception, Boolean breakConnection, Action`1 wrapCloseInAction)
   在 System.Data.SqlClient.SqlInternalConnection.OnError(SqlException exception, Boolean breakConnection, Action`1 wrapCloseInAction)
   在 System.Data.SqlClient.TdsParser.ThrowExceptionAndWarning(TdsParserStateObject stateObj, Boolean callerHasConnectionLock, Boolean asyncClose)
   在 System.Data.SqlClient.TdsParser.TryRun(RunBehavior runBehavior, SqlCommand cmdHandler, SqlDataReader dataStream, BulkCopySimpleResultSet bulkCopyHandler, TdsParserStateObject stateObj, Boolean& dataReady)
   在 System.Data.SqlClient.SqlCommand.RunExecuteNonQueryTds(String methodName, Boolean async, Int32 timeout, Boolean asyncWrite)
   在 System.Data.SqlClient.SqlCommand.InternalExecuteNonQuery(TaskCompletionSource`1 completion, String methodName, Boolean sendToPipe, Int32 timeout, Boolean& usedCache, Boolean asyncWrite, Boolean inRetry)
   在 System.Data.SqlClient.SqlCommand.ExecuteNonQuery()
   在 NewTransactionDataUpdate.DataHelper.UpdateTransactionData(List`1 list, Int32 market, String sharesCode, DateTime datePar, Nullable`1 lastTime) 位置 F:\项目\饭票后端\NewTransactionDataUpdate\DataHelper.cs:行号 189
ClientConnectionId:f1f55398-fec3-4e16-a104-fa184c748f46
Error Number:1205,State:51,Class:13

2020/12/16 16:14:09
更新更新分笔成交数据出错
System.Data.SqlClient.SqlException (0x80131904): 事务(进程 ID 74)与另一个进程被死锁在 锁 资源上，并且已被选作死锁牺牲品。请重新运行该事务。
   在 System.Data.SqlClient.SqlConnection.OnError(SqlException exception, Boolean breakConnection, Action`1 wrapCloseInAction)
   在 System.Data.SqlClient.SqlInternalConnection.OnError(SqlException exception, Boolean breakConnection, Action`1 wrapCloseInAction)
   在 System.Data.SqlClient.TdsParser.ThrowExceptionAndWarning(TdsParserStateObject stateObj, Boolean callerHasConnectionLock, Boolean asyncClose)
   在 System.Data.SqlClient.TdsParser.TryRun(RunBehavior runBehavior, SqlCommand cmdHandler, SqlDataReader dataStream, BulkCopySimpleResultSet bulkCopyHandler, TdsParserStateObject stateObj, Boolean& dataReady)
   在 System.Data.SqlClient.SqlCommand.RunExecuteNonQueryTds(String methodName, Boolean async, Int32 timeout, Boolean asyncWrite)
   在 System.Data.SqlClient.SqlCommand.InternalExecuteNonQuery(TaskCompletionSource`1 completion, String methodName, Boolean sendToPipe, Int32 timeout, Boolean& usedCache, Boolean asyncWrite, Boolean inRetry)
   在 System.Data.SqlClient.SqlCommand.ExecuteNonQuery()
   在 NewTransactionDataUpdate.DataHelper.UpdateTransactionData(List`1 list, Int32 market, String sharesCode, DateTime datePar, Nullable`1 lastTime) 位置 F:\项目\饭票后端\NewTransactionDataUpdate\DataHelper.cs:行号 189
ClientConnectionId:3d5cd78f-815a-4e6d-84bf-65a7e998cf06
Error Number:1205,State:51,Class:13

2020/12/16 16:14:09
更新更新分笔成交数据出错
System.Data.SqlClient.SqlException (0x80131904): 事务(进程 ID 72)与另一个进程被死锁在 锁 资源上，并且已被选作死锁牺牲品。请重新运行该事务。
   在 System.Data.SqlClient.SqlConnection.OnError(SqlException exception, Boolean breakConnection, Action`1 wrapCloseInAction)
   在 System.Data.SqlClient.SqlInternalConnection.OnError(SqlException exception, Boolean breakConnection, Action`1 wrapCloseInAction)
   在 System.Data.SqlClient.TdsParser.ThrowExceptionAndWarning(TdsParserStateObject stateObj, Boolean callerHasConnectionLock, Boolean asyncClose)
   在 System.Data.SqlClient.TdsParser.TryRun(RunBehavior runBehavior, SqlCommand cmdHandler, SqlDataReader dataStream, BulkCopySimpleResultSet bulkCopyHandler, TdsParserStateObject stateObj, Boolean& dataReady)
   在 System.Data.SqlClient.SqlCommand.RunExecuteNonQueryTds(String methodName, Boolean async, Int32 timeout, Boolean asyncWrite)
   在 System.Data.SqlClient.SqlCommand.InternalExecuteNonQuery(TaskCompletionSource`1 completion, String methodName, Boolean sendToPipe, Int32 timeout, Boolean& usedCache, Boolean asyncWrite, Boolean inRetry)
   在 System.Data.SqlClient.SqlCommand.ExecuteNonQuery()
   在 NewTransactionDataUpdate.DataHelper.UpdateTransactionData(List`1 list, Int32 market, String sharesCode, DateTime datePar, Nullable`1 lastTime) 位置 F:\项目\饭票后端\NewTransactionDataUpdate\DataHelper.cs:行号 189
ClientConnectionId:58ac3175-19d7-43da-871a-be0afb5b8491
Error Number:1205,State:51,Class:13

2020/12/16 16:14:09
更新更新分笔成交数据出错
System.Data.SqlClient.SqlException (0x80131904): 事务(进程 ID 76)与另一个进程被死锁在 锁 资源上，并且已被选作死锁牺牲品。请重新运行该事务。
   在 System.Data.SqlClient.SqlConnection.OnError(SqlException exception, Boolean breakConnection, Action`1 wrapCloseInAction)
   在 System.Data.SqlClient.SqlInternalConnection.OnError(SqlException exception, Boolean breakConnection, Action`1 wrapCloseInAction)
   在 System.Data.SqlClient.TdsParser.ThrowExceptionAndWarning(TdsParserStateObject stateObj, Boolean callerHasConnectionLock, Boolean asyncClose)
   在 System.Data.SqlClient.TdsParser.TryRun(RunBehavior runBehavior, SqlCommand cmdHandler, SqlDataReader dataStream, BulkCopySimpleResultSet bulkCopyHandler, TdsParserStateObject stateObj, Boolean& dataReady)
   在 System.Data.SqlClient.SqlCommand.RunExecuteNonQueryTds(String methodName, Boolean async, Int32 timeout, Boolean asyncWrite)
   在 System.Data.SqlClient.SqlCommand.InternalExecuteNonQuery(TaskCompletionSource`1 completion, String methodName, Boolean sendToPipe, Int32 timeout, Boolean& usedCache, Boolean asyncWrite, Boolean inRetry)
   在 System.Data.SqlClient.SqlCommand.ExecuteNonQuery()
   在 NewTransactionDataUpdate.DataHelper.UpdateTransactionData(List`1 list, Int32 market, String sharesCode, DateTime datePar, Nullable`1 lastTime) 位置 F:\项目\饭票后端\NewTransactionDataUpdate\DataHelper.cs:行号 189
ClientConnectionId:6deffe17-afb5-4d6a-97c6-6d9682444621
Error Number:1205,State:51,Class:13

2020/12/16 16:14:09
更新更新分笔成交数据出错
System.Data.SqlClient.SqlException (0x80131904): 事务(进程 ID 73)与另一个进程被死锁在 锁 资源上，并且已被选作死锁牺牲品。请重新运行该事务。
   在 System.Data.SqlClient.SqlConnection.OnError(SqlException exception, Boolean breakConnection, Action`1 wrapCloseInAction)
   在 System.Data.SqlClient.SqlInternalConnection.OnError(SqlException exception, Boolean breakConnection, Action`1 wrapCloseInAction)
   在 System.Data.SqlClient.TdsParser.ThrowExceptionAndWarning(TdsParserStateObject stateObj, Boolean callerHasConnectionLock, Boolean asyncClose)
   在 System.Data.SqlClient.TdsParser.TryRun(RunBehavior runBehavior, SqlCommand cmdHandler, SqlDataReader dataStream, BulkCopySimpleResultSet bulkCopyHandler, TdsParserStateObject stateObj, Boolean& dataReady)
   在 System.Data.SqlClient.SqlCommand.RunExecuteNonQueryTds(String methodName, Boolean async, Int32 timeout, Boolean asyncWrite)
   在 System.Data.SqlClient.SqlCommand.InternalExecuteNonQuery(TaskCompletionSource`1 completion, String methodName, Boolean sendToPipe, Int32 timeout, Boolean& usedCache, Boolean asyncWrite, Boolean inRetry)
   在 System.Data.SqlClient.SqlCommand.ExecuteNonQuery()
   在 NewTransactionDataUpdate.DataHelper.UpdateTransactionData(List`1 list, Int32 market, String sharesCode, DateTime datePar, Nullable`1 lastTime) 位置 F:\项目\饭票后端\NewTransactionDataUpdate\DataHelper.cs:行号 189
ClientConnectionId:3e464a81-caf6-4f3c-87a9-a7c7e6fd0585
Error Number:1205,State:51,Class:13

2020/12/16 16:14:12
更新更新分笔成交数据出错
System.Data.SqlClient.SqlException (0x80131904): 事务(进程 ID 75)与另一个进程被死锁在 锁 资源上，并且已被选作死锁牺牲品。请重新运行该事务。
   在 System.Data.SqlClient.SqlConnection.OnError(SqlException exception, Boolean breakConnection, Action`1 wrapCloseInAction)
   在 System.Data.SqlClient.SqlInternalConnection.OnError(SqlException exception, Boolean breakConnection, Action`1 wrapCloseInAction)
   在 System.Data.SqlClient.TdsParser.ThrowExceptionAndWarning(TdsParserStateObject stateObj, Boolean callerHasConnectionLock, Boolean asyncClose)
   在 System.Data.SqlClient.TdsParser.TryRun(RunBehavior runBehavior, SqlCommand cmdHandler, SqlDataReader dataStream, BulkCopySimpleResultSet bulkCopyHandler, TdsParserStateObject stateObj, Boolean& dataReady)
   在 System.Data.SqlClient.SqlCommand.RunExecuteNonQueryTds(String methodName, Boolean async, Int32 timeout, Boolean asyncWrite)
   在 System.Data.SqlClient.SqlCommand.InternalExecuteNonQuery(TaskCompletionSource`1 completion, String methodName, Boolean sendToPipe, Int32 timeout, Boolean& usedCache, Boolean asyncWrite, Boolean inRetry)
   在 System.Data.SqlClient.SqlCommand.ExecuteNonQuery()
   在 NewTransactionDataUpdate.DataHelper.UpdateTransactionData(List`1 list, Int32 market, String sharesCode, DateTime datePar, Nullable`1 lastTime) 位置 F:\项目\饭票后端\NewTransactionDataUpdate\DataHelper.cs:行号 189
ClientConnectionId:f1f55398-fec3-4e16-a104-fa184c748f46
Error Number:1205,State:51,Class:13

2020/12/16 16:14:13
更新更新分笔成交数据出错
System.Data.SqlClient.SqlException (0x80131904): 事务(进程 ID 80)与另一个进程被死锁在 锁 资源上，并且已被选作死锁牺牲品。请重新运行该事务。
   在 System.Data.SqlClient.SqlConnection.OnError(SqlException exception, Boolean breakConnection, Action`1 wrapCloseInAction)
   在 System.Data.SqlClient.SqlInternalConnection.OnError(SqlException exception, Boolean breakConnection, Action`1 wrapCloseInAction)
   在 System.Data.SqlClient.TdsParser.ThrowExceptionAndWarning(TdsParserStateObject stateObj, Boolean callerHasConnectionLock, Boolean asyncClose)
   在 System.Data.SqlClient.TdsParser.TryRun(RunBehavior runBehavior, SqlCommand cmdHandler, SqlDataReader dataStream, BulkCopySimpleResultSet bulkCopyHandler, TdsParserStateObject stateObj, Boolean& dataReady)
   在 System.Data.SqlClient.SqlCommand.RunExecuteNonQueryTds(String methodName, Boolean async, Int32 timeout, Boolean asyncWrite)
   在 System.Data.SqlClient.SqlCommand.InternalExecuteNonQuery(TaskCompletionSource`1 completion, String methodName, Boolean sendToPipe, Int32 timeout, Boolean& usedCache, Boolean asyncWrite, Boolean inRetry)
   在 System.Data.SqlClient.SqlCommand.ExecuteNonQuery()
   在 NewTransactionDataUpdate.DataHelper.UpdateTransactionData(List`1 list, Int32 market, String sharesCode, DateTime datePar, Nullable`1 lastTime) 位置 F:\项目\饭票后端\NewTransactionDataUpdate\DataHelper.cs:行号 189
ClientConnectionId:0640bae0-0ef4-4aaa-806b-317a7d6b6780
Error Number:1205,State:51,Class:13

2020/12/16 16:14:14
更新更新分笔成交数据出错
System.Data.SqlClient.SqlException (0x80131904): 事务(进程 ID 77)与另一个进程被死锁在 锁 资源上，并且已被选作死锁牺牲品。请重新运行该事务。
   在 System.Data.SqlClient.SqlConnection.OnError(SqlException exception, Boolean breakConnection, Action`1 wrapCloseInAction)
   在 System.Data.SqlClient.SqlInternalConnection.OnError(SqlException exception, Boolean breakConnection, Action`1 wrapCloseInAction)
   在 System.Data.SqlClient.TdsParser.ThrowExceptionAndWarning(TdsParserStateObject stateObj, Boolean callerHasConnectionLock, Boolean asyncClose)
   在 System.Data.SqlClient.TdsParser.TryRun(RunBehavior runBehavior, SqlCommand cmdHandler, SqlDataReader dataStream, BulkCopySimpleResultSet bulkCopyHandler, TdsParserStateObject stateObj, Boolean& dataReady)
   在 System.Data.SqlClient.SqlCommand.RunExecuteNonQueryTds(String methodName, Boolean async, Int32 timeout, Boolean asyncWrite)
   在 System.Data.SqlClient.SqlCommand.InternalExecuteNonQuery(TaskCompletionSource`1 completion, String methodName, Boolean sendToPipe, Int32 timeout, Boolean& usedCache, Boolean asyncWrite, Boolean inRetry)
   在 System.Data.SqlClient.SqlCommand.ExecuteNonQuery()
   在 NewTransactionDataUpdate.DataHelper.UpdateTransactionData(List`1 list, Int32 market, String sharesCode, DateTime datePar, Nullable`1 lastTime) 位置 F:\项目\饭票后端\NewTransactionDataUpdate\DataHelper.cs:行号 189
ClientConnectionId:a24a8ee4-821b-4679-84bd-c3ecebb79934
Error Number:1205,State:51,Class:13

2020/12/16 16:14:14
更新更新分笔成交数据出错
System.Data.SqlClient.SqlException (0x80131904): 事务(进程 ID 78)与另一个进程被死锁在 锁 资源上，并且已被选作死锁牺牲品。请重新运行该事务。
   在 System.Data.SqlClient.SqlConnection.OnError(SqlException exception, Boolean breakConnection, Action`1 wrapCloseInAction)
   在 System.Data.SqlClient.SqlInternalConnection.OnError(SqlException exception, Boolean breakConnection, Action`1 wrapCloseInAction)
   在 System.Data.SqlClient.TdsParser.ThrowExceptionAndWarning(TdsParserStateObject stateObj, Boolean callerHasConnectionLock, Boolean asyncClose)
   在 System.Data.SqlClient.TdsParser.TryRun(RunBehavior runBehavior, SqlCommand cmdHandler, SqlDataReader dataStream, BulkCopySimpleResultSet bulkCopyHandler, TdsParserStateObject stateObj, Boolean& dataReady)
   在 System.Data.SqlClient.SqlCommand.RunExecuteNonQueryTds(String methodName, Boolean async, Int32 timeout, Boolean asyncWrite)
   在 System.Data.SqlClient.SqlCommand.InternalExecuteNonQuery(TaskCompletionSource`1 completion, String methodName, Boolean sendToPipe, Int32 timeout, Boolean& usedCache, Boolean asyncWrite, Boolean inRetry)
   在 System.Data.SqlClient.SqlCommand.ExecuteNonQuery()
   在 NewTransactionDataUpdate.DataHelper.UpdateTransactionData(List`1 list, Int32 market, String sharesCode, DateTime datePar, Nullable`1 lastTime) 位置 F:\项目\饭票后端\NewTransactionDataUpdate\DataHelper.cs:行号 189
ClientConnectionId:de438b01-e5a1-4759-b84a-8b92154bb0c7
Error Number:1205,State:51,Class:13

2020/12/16 16:26:10
更新更新分笔成交数据出错
System.Data.SqlClient.SqlException (0x80131904): 事务(进程 ID 74)与另一个进程被死锁在 锁 资源上，并且已被选作死锁牺牲品。请重新运行该事务。
   在 System.Data.SqlClient.SqlConnection.OnError(SqlException exception, Boolean breakConnection, Action`1 wrapCloseInAction)
   在 System.Data.SqlClient.SqlInternalConnection.OnError(SqlException exception, Boolean breakConnection, Action`1 wrapCloseInAction)
   在 System.Data.SqlClient.TdsParser.ThrowExceptionAndWarning(TdsParserStateObject stateObj, Boolean callerHasConnectionLock, Boolean asyncClose)
   在 System.Data.SqlClient.TdsParser.TryRun(RunBehavior runBehavior, SqlCommand cmdHandler, SqlDataReader dataStream, BulkCopySimpleResultSet bulkCopyHandler, TdsParserStateObject stateObj, Boolean& dataReady)
   在 System.Data.SqlClient.SqlCommand.RunExecuteNonQueryTds(String methodName, Boolean async, Int32 timeout, Boolean asyncWrite)
   在 System.Data.SqlClient.SqlCommand.InternalExecuteNonQuery(TaskCompletionSource`1 completion, String methodName, Boolean sendToPipe, Int32 timeout, Boolean& usedCache, Boolean asyncWrite, Boolean inRetry)
   在 System.Data.SqlClient.SqlCommand.ExecuteNonQuery()
   在 NewTransactionDataUpdate.DataHelper.UpdateTransactionData(List`1 list, Int32 market, String sharesCode, DateTime datePar, Nullable`1 lastTime) 位置 F:\项目\饭票后端\NewTransactionDataUpdate\DataHelper.cs:行号 189
ClientConnectionId:9c25c729-34ff-4801-9117-6a3119e1ad63
Error Number:1205,State:51,Class:13

2020/12/16 16:26:10
更新更新分笔成交数据出错
System.Data.SqlClient.SqlException (0x80131904): 事务(进程 ID 76)与另一个进程被死锁在 锁 资源上，并且已被选作死锁牺牲品。请重新运行该事务。
   在 System.Data.SqlClient.SqlConnection.OnError(SqlException exception, Boolean breakConnection, Action`1 wrapCloseInAction)
   在 System.Data.SqlClient.SqlInternalConnection.OnError(SqlException exception, Boolean breakConnection, Action`1 wrapCloseInAction)
   在 System.Data.SqlClient.TdsParser.ThrowExceptionAndWarning(TdsParserStateObject stateObj, Boolean callerHasConnectionLock, Boolean asyncClose)
   在 System.Data.SqlClient.TdsParser.TryRun(RunBehavior runBehavior, SqlCommand cmdHandler, SqlDataReader dataStream, BulkCopySimpleResultSet bulkCopyHandler, TdsParserStateObject stateObj, Boolean& dataReady)
   在 System.Data.SqlClient.SqlCommand.RunExecuteNonQueryTds(String methodName, Boolean async, Int32 timeout, Boolean asyncWrite)
   在 System.Data.SqlClient.SqlCommand.InternalExecuteNonQuery(TaskCompletionSource`1 completion, String methodName, Boolean sendToPipe, Int32 timeout, Boolean& usedCache, Boolean asyncWrite, Boolean inRetry)
   在 System.Data.SqlClient.SqlCommand.ExecuteNonQuery()
   在 NewTransactionDataUpdate.DataHelper.UpdateTransactionData(List`1 list, Int32 market, String sharesCode, DateTime datePar, Nullable`1 lastTime) 位置 F:\项目\饭票后端\NewTransactionDataUpdate\DataHelper.cs:行号 189
ClientConnectionId:3bbadefc-ebf7-482e-82d7-68c7de3a2b2c
Error Number:1205,State:51,Class:13

2020/12/16 16:26:10
更新更新分笔成交数据出错
System.Data.SqlClient.SqlException (0x80131904): 事务(进程 ID 72)与另一个进程被死锁在 锁 资源上，并且已被选作死锁牺牲品。请重新运行该事务。
   在 System.Data.SqlClient.SqlConnection.OnError(SqlException exception, Boolean breakConnection, Action`1 wrapCloseInAction)
   在 System.Data.SqlClient.SqlInternalConnection.OnError(SqlException exception, Boolean breakConnection, Action`1 wrapCloseInAction)
   在 System.Data.SqlClient.TdsParser.ThrowExceptionAndWarning(TdsParserStateObject stateObj, Boolean callerHasConnectionLock, Boolean asyncClose)
   在 System.Data.SqlClient.TdsParser.TryRun(RunBehavior runBehavior, SqlCommand cmdHandler, SqlDataReader dataStream, BulkCopySimpleResultSet bulkCopyHandler, TdsParserStateObject stateObj, Boolean& dataReady)
   在 System.Data.SqlClient.SqlCommand.RunExecuteNonQueryTds(String methodName, Boolean async, Int32 timeout, Boolean asyncWrite)
   在 System.Data.SqlClient.SqlCommand.InternalExecuteNonQuery(TaskCompletionSource`1 completion, String methodName, Boolean sendToPipe, Int32 timeout, Boolean& usedCache, Boolean asyncWrite, Boolean inRetry)
   在 System.Data.SqlClient.SqlCommand.ExecuteNonQuery()
   在 NewTransactionDataUpdate.DataHelper.UpdateTransactionData(List`1 list, Int32 market, String sharesCode, DateTime datePar, Nullable`1 lastTime) 位置 F:\项目\饭票后端\NewTransactionDataUpdate\DataHelper.cs:行号 189
ClientConnectionId:a597bb03-dc4f-4221-ba43-809194929a3a
Error Number:1205,State:51,Class:13

2020/12/16 16:26:15
更新更新分笔成交数据出错
System.Data.SqlClient.SqlException (0x80131904): 事务(进程 ID 77)与另一个进程被死锁在 锁 资源上，并且已被选作死锁牺牲品。请重新运行该事务。
   在 System.Data.SqlClient.SqlConnection.OnError(SqlException exception, Boolean breakConnection, Action`1 wrapCloseInAction)
   在 System.Data.SqlClient.SqlInternalConnection.OnError(SqlException exception, Boolean breakConnection, Action`1 wrapCloseInAction)
   在 System.Data.SqlClient.TdsParser.ThrowExceptionAndWarning(TdsParserStateObject stateObj, Boolean callerHasConnectionLock, Boolean asyncClose)
   在 System.Data.SqlClient.TdsParser.TryRun(RunBehavior runBehavior, SqlCommand cmdHandler, SqlDataReader dataStream, BulkCopySimpleResultSet bulkCopyHandler, TdsParserStateObject stateObj, Boolean& dataReady)
   在 System.Data.SqlClient.SqlCommand.RunExecuteNonQueryTds(String methodName, Boolean async, Int32 timeout, Boolean asyncWrite)
   在 System.Data.SqlClient.SqlCommand.InternalExecuteNonQuery(TaskCompletionSource`1 completion, String methodName, Boolean sendToPipe, Int32 timeout, Boolean& usedCache, Boolean asyncWrite, Boolean inRetry)
   在 System.Data.SqlClient.SqlCommand.ExecuteNonQuery()
   在 NewTransactionDataUpdate.DataHelper.UpdateTransactionData(List`1 list, Int32 market, String sharesCode, DateTime datePar, Nullable`1 lastTime) 位置 F:\项目\饭票后端\NewTransactionDataUpdate\DataHelper.cs:行号 189
ClientConnectionId:b12bd3fd-58a7-4b50-a425-d48f04de4d63
Error Number:1205,State:51,Class:13

2020/12/16 16:26:18
更新更新分笔成交数据出错
System.Data.SqlClient.SqlException (0x80131904): 事务(进程 ID 79)与另一个进程被死锁在 锁 资源上，并且已被选作死锁牺牲品。请重新运行该事务。
   在 System.Data.SqlClient.SqlConnection.OnError(SqlException exception, Boolean breakConnection, Action`1 wrapCloseInAction)
   在 System.Data.SqlClient.SqlInternalConnection.OnError(SqlException exception, Boolean breakConnection, Action`1 wrapCloseInAction)
   在 System.Data.SqlClient.TdsParser.ThrowExceptionAndWarning(TdsParserStateObject stateObj, Boolean callerHasConnectionLock, Boolean asyncClose)
   在 System.Data.SqlClient.TdsParser.TryRun(RunBehavior runBehavior, SqlCommand cmdHandler, SqlDataReader dataStream, BulkCopySimpleResultSet bulkCopyHandler, TdsParserStateObject stateObj, Boolean& dataReady)
   在 System.Data.SqlClient.SqlCommand.RunExecuteNonQueryTds(String methodName, Boolean async, Int32 timeout, Boolean asyncWrite)
   在 System.Data.SqlClient.SqlCommand.InternalExecuteNonQuery(TaskCompletionSource`1 completion, String methodName, Boolean sendToPipe, Int32 timeout, Boolean& usedCache, Boolean asyncWrite, Boolean inRetry)
   在 System.Data.SqlClient.SqlCommand.ExecuteNonQuery()
   在 NewTransactionDataUpdate.DataHelper.UpdateTransactionData(List`1 list, Int32 market, String sharesCode, DateTime datePar, Nullable`1 lastTime) 位置 F:\项目\饭票后端\NewTransactionDataUpdate\DataHelper.cs:行号 189
ClientConnectionId:2923336b-3432-4989-8dd4-6266fc5c7ae6
Error Number:1205,State:51,Class:13

2020/12/16 16:26:19
更新更新分笔成交数据出错
System.Data.SqlClient.SqlException (0x80131904): 事务(进程 ID 78)与另一个进程被死锁在 锁 资源上，并且已被选作死锁牺牲品。请重新运行该事务。
   在 System.Data.SqlClient.SqlConnection.OnError(SqlException exception, Boolean breakConnection, Action`1 wrapCloseInAction)
   在 System.Data.SqlClient.SqlInternalConnection.OnError(SqlException exception, Boolean breakConnection, Action`1 wrapCloseInAction)
   在 System.Data.SqlClient.TdsParser.ThrowExceptionAndWarning(TdsParserStateObject stateObj, Boolean callerHasConnectionLock, Boolean asyncClose)
   在 System.Data.SqlClient.TdsParser.TryRun(RunBehavior runBehavior, SqlCommand cmdHandler, SqlDataReader dataStream, BulkCopySimpleResultSet bulkCopyHandler, TdsParserStateObject stateObj, Boolean& dataReady)
   在 System.Data.SqlClient.SqlCommand.RunExecuteNonQueryTds(String methodName, Boolean async, Int32 timeout, Boolean asyncWrite)
   在 System.Data.SqlClient.SqlCommand.InternalExecuteNonQuery(TaskCompletionSource`1 completion, String methodName, Boolean sendToPipe, Int32 timeout, Boolean& usedCache, Boolean asyncWrite, Boolean inRetry)
   在 System.Data.SqlClient.SqlCommand.ExecuteNonQuery()
   在 NewTransactionDataUpdate.DataHelper.UpdateTransactionData(List`1 list, Int32 market, String sharesCode, DateTime datePar, Nullable`1 lastTime) 位置 F:\项目\饭票后端\NewTransactionDataUpdate\DataHelper.cs:行号 189
ClientConnectionId:73ee4b8b-9005-4784-b498-a19f51b34a25
Error Number:1205,State:51,Class:13

2020/12/16 16:26:20
更新更新分笔成交数据出错
System.Data.SqlClient.SqlException (0x80131904): 事务(进程 ID 79)与另一个进程被死锁在 锁 资源上，并且已被选作死锁牺牲品。请重新运行该事务。
   在 System.Data.SqlClient.SqlConnection.OnError(SqlException exception, Boolean breakConnection, Action`1 wrapCloseInAction)
   在 System.Data.SqlClient.SqlInternalConnection.OnError(SqlException exception, Boolean breakConnection, Action`1 wrapCloseInAction)
   在 System.Data.SqlClient.TdsParser.ThrowExceptionAndWarning(TdsParserStateObject stateObj, Boolean callerHasConnectionLock, Boolean asyncClose)
   在 System.Data.SqlClient.TdsParser.TryRun(RunBehavior runBehavior, SqlCommand cmdHandler, SqlDataReader dataStream, BulkCopySimpleResultSet bulkCopyHandler, TdsParserStateObject stateObj, Boolean& dataReady)
   在 System.Data.SqlClient.SqlCommand.RunExecuteNonQueryTds(String methodName, Boolean async, Int32 timeout, Boolean asyncWrite)
   在 System.Data.SqlClient.SqlCommand.InternalExecuteNonQuery(TaskCompletionSource`1 completion, String methodName, Boolean sendToPipe, Int32 timeout, Boolean& usedCache, Boolean asyncWrite, Boolean inRetry)
   在 System.Data.SqlClient.SqlCommand.ExecuteNonQuery()
   在 NewTransactionDataUpdate.DataHelper.UpdateTransactionData(List`1 list, Int32 market, String sharesCode, DateTime datePar, Nullable`1 lastTime) 位置 F:\项目\饭票后端\NewTransactionDataUpdate\DataHelper.cs:行号 189
ClientConnectionId:2923336b-3432-4989-8dd4-6266fc5c7ae6
Error Number:1205,State:51,Class:13

