==============2021-08-10 17:37:09==============
===6开始执行条件2021-08-10 17:37:08.246===
===开始判断价格条件2021-08-10 17:37:08.246===
===开始判断额外/转自动条件2021-08-10 17:37:08.848===
===2021-08-10 17:37:08.925===
股票：601865指定时间段判断-额外参数：
	分组名称：1
	走势名称：时间段
		条件不成立(当前时间：2021-08-10 17:37:08.246,条件时段：09:30:00-13:00:00)
	结果：未满足
===2021-08-10 17:37:08.937===
===2021-08-10 17:37:08.978===
股票：601865板块涨跌幅判断-额外参数：
	分组名称：1
	走势名称：发
		条件不成立(不符合板块涨跌幅条件)
	结果：未满足，返回code：-1
===2021-08-10 17:37:09.774===
额外条件未满足


===============================================

==============2021-08-10 17:38:00==============
===6开始执行条件2021-08-10 17:37:59.000===
===开始判断价格条件2021-08-10 17:37:59.000===
===开始判断额外/转自动条件2021-08-10 17:37:59.088===
===2021-08-10 17:37:59.156===
股票：601865指定时间段判断-额外参数：
	分组名称：1
	走势名称：时间段
		条件不成立(当前时间：2021-08-10 17:37:59.000,条件时段：09:30:00-13:00:00)
	结果：未满足
===2021-08-10 17:37:59.156===
===2021-08-10 17:37:59.181===
股票：601865板块涨跌幅判断-额外参数：
	分组名称：1
	走势名称：发
		条件不成立(不符合板块涨跌幅条件)
	结果：未满足，返回code：-1
===2021-08-10 17:38:00.240===
额外条件未满足


===============================================

==============2021-08-10 17:38:52==============
===6开始执行条件2021-08-10 17:38:51.066===
===开始判断价格条件2021-08-10 17:38:51.066===
===开始判断额外/转自动条件2021-08-10 17:38:51.294===
===2021-08-10 17:38:51.401===
股票：601865指定时间段判断-额外参数：
	分组名称：1
	走势名称：时间段
		条件不成立(当前时间：2021-08-10 17:38:51.066,条件时段：09:30:00-13:00:00)
	结果：未满足
===2021-08-10 17:38:51.401===
===2021-08-10 17:38:51.519===
股票：601865板块涨跌幅判断-额外参数：
	分组名称：1
	走势名称：发
		条件不成立(不符合板块涨跌幅条件)
	结果：未满足，返回code：-1
===2021-08-10 17:38:52.746===
额外条件未满足


===============================================

==============2021-08-10 17:41:00==============
===6开始执行条件2021-08-10 17:40:59.201===
===开始判断价格条件2021-08-10 17:40:59.201===
===开始判断额外/转自动条件2021-08-10 17:40:59.549===
===2021-08-10 17:40:59.707===
股票：601865指定时间段判断-额外参数：
	分组名称：1
	走势名称：时间段
		条件不成立(当前时间：2021-08-10 17:40:59.201,条件时段：09:30:00-13:00:00)
	结果：未满足
===2021-08-10 17:40:59.708===
===2021-08-10 17:41:00.051===
股票：601865板块涨跌幅判断-额外参数：
	分组名称：1
	走势名称：发
		条件不成立(不符合板块涨跌幅条件)
	结果：未满足，返回code：-1
===2021-08-10 17:41:00.561===
额外条件未满足


===============================================

==============2021-08-10 17:41:13==============
===6开始执行条件2021-08-10 17:41:12.458===
===开始判断价格条件2021-08-10 17:41:12.458===
===开始判断额外/转自动条件2021-08-10 17:41:12.663===
===2021-08-10 17:41:12.791===
股票：601865指定时间段判断-额外参数：
	分组名称：1
	走势名称：时间段
		条件不成立(当前时间：2021-08-10 17:41:12.456,条件时段：09:30:00-13:00:00)
	结果：未满足
===2021-08-10 17:41:12.791===
===2021-08-10 17:41:12.842===
股票：601865板块涨跌幅判断-额外参数：
	分组名称：1
	走势名称：发
		条件不成立(不符合板块涨跌幅条件)
	结果：未满足，返回code：-1
===2021-08-10 17:41:13.641===
额外条件未满足


===============================================

==============2021-08-10 17:41:42==============
===6开始执行条件2021-08-10 17:41:41.645===
===开始判断价格条件2021-08-10 17:41:41.645===
===开始判断额外/转自动条件2021-08-10 17:41:41.744===
===2021-08-10 17:41:41.856===
股票：601865指定时间段判断-额外参数：
	分组名称：1
	走势名称：时间段
		条件不成立(当前时间：2021-08-10 17:41:41.645,条件时段：09:30:00-13:00:00)
	结果：未满足
===2021-08-10 17:41:41.856===
===2021-08-10 17:41:41.898===
股票：601865板块涨跌幅判断-额外参数：
	分组名称：1
	走势名称：发
		条件不成立(不符合板块涨跌幅条件)
	结果：未满足，返回code：-1
===2021-08-10 17:41:42.363===
额外条件未满足


===============================================

==============2021-08-10 17:41:53==============
===6开始执行条件2021-08-10 17:41:45.558===
===开始判断价格条件2021-08-10 17:41:45.558===
===开始判断额外/转自动条件2021-08-10 17:41:46.624===
===2021-08-10 17:41:47.012===
股票：601865指定时间段判断-额外参数：
	分组名称：1
	走势名称：时间段
		条件不成立(当前时间：2021-08-10 17:41:45.557,条件时段：09:30:00-13:00:00)
	结果：未满足
===2021-08-10 17:41:47.012===
===2021-08-10 17:41:47.129===
股票：601865板块涨跌幅判断-额外参数：
	分组名称：1
	走势名称：发
		条件不成立(不符合板块涨跌幅条件)
	结果：未满足，返回code：-1
===2021-08-10 17:41:53.459===
额外条件未满足


===============================================

==============2021-08-10 17:42:10==============
===6开始执行条件2021-08-10 17:42:06.833===
===开始判断价格条件2021-08-10 17:42:06.833===
===开始判断额外/转自动条件2021-08-10 17:42:07.316===
===2021-08-10 17:42:07.648===
股票：601865指定时间段判断-额外参数：
	分组名称：1
	走势名称：时间段
		条件不成立(当前时间：2021-08-10 17:42:06.833,条件时段：09:30:00-13:00:00)
	结果：未满足
===2021-08-10 17:42:07.648===
===2021-08-10 17:42:07.942===
股票：601865板块涨跌幅判断-额外参数：
	分组名称：1
	走势名称：发
		条件不成立(不符合板块涨跌幅条件)
	结果：未满足，返回code：-1
===2021-08-10 17:42:10.130===
额外条件未满足


===============================================

==============2021-08-10 17:43:07==============
===6开始执行条件2021-08-10 17:43:03.784===
===开始判断价格条件2021-08-10 17:43:03.784===
===开始判断额外/转自动条件2021-08-10 17:43:04.077===
===2021-08-10 17:43:04.387===
股票：601865指定时间段判断-额外参数：
	分组名称：1
	走势名称：时间段
		条件不成立(当前时间：2021-08-10 17:43:03.784,条件时段：09:30:00-13:00:00)
	结果：未满足
===2021-08-10 17:43:04.387===
===2021-08-10 17:43:04.483===
股票：601865板块涨跌幅判断-额外参数：
	分组名称：1
	走势名称：发
		条件不成立(不符合板块涨跌幅条件)
	结果：未满足，返回code：-1
===2021-08-10 17:43:07.388===
额外条件未满足


===============================================

==============2021-08-10 17:43:27==============
===6开始执行条件2021-08-10 17:43:21.645===
===开始判断价格条件2021-08-10 17:43:21.645===
===开始判断额外/转自动条件2021-08-10 17:43:22.861===
===2021-08-10 17:43:23.677===
股票：601865指定时间段判断-额外参数：
	分组名称：1
	走势名称：时间段
		条件不成立(当前时间：2021-08-10 17:43:21.644,条件时段：09:30:00-13:00:00)
	结果：未满足
===2021-08-10 17:43:23.882===
===2021-08-10 17:43:24.305===
股票：601865板块涨跌幅判断-额外参数：
	分组名称：1
	走势名称：发
		条件不成立(不符合板块涨跌幅条件)
	结果：未满足，返回code：-1
===2021-08-10 17:43:27.110===
额外条件未满足


===============================================

==============2021-08-10 17:43:38==============
===6开始执行条件2021-08-10 17:43:33.766===
===开始判断价格条件2021-08-10 17:43:33.766===
===开始判断额外/转自动条件2021-08-10 17:43:34.363===
===2021-08-10 17:43:35.617===
股票：601865指定时间段判断-额外参数：
	分组名称：1
	走势名称：时间段
		条件不成立(当前时间：2021-08-10 17:43:33.763,条件时段：09:30:00-13:00:00)
	结果：未满足
===2021-08-10 17:43:35.711===
===2021-08-10 17:43:35.824===
股票：601865板块涨跌幅判断-额外参数：
	分组名称：1
	走势名称：发
		条件不成立(不符合板块涨跌幅条件)
	结果：未满足，返回code：-1
===2021-08-10 17:43:38.523===
额外条件未满足


===============================================

==============2021-08-10 17:43:44==============
===6开始执行条件2021-08-10 17:43:43.961===
===开始判断价格条件2021-08-10 17:43:43.961===
===开始判断额外/转自动条件2021-08-10 17:43:44.120===
===2021-08-10 17:43:44.191===
股票：601865指定时间段判断-额外参数：
	分组名称：1
	走势名称：时间段
		条件不成立(当前时间：2021-08-10 17:43:43.961,条件时段：09:30:00-13:00:00)
	结果：未满足
===2021-08-10 17:43:44.191===
===2021-08-10 17:43:44.235===
股票：601865板块涨跌幅判断-额外参数：
	分组名称：1
	走势名称：发
		条件不成立(不符合板块涨跌幅条件)
	结果：未满足，返回code：-1
===2021-08-10 17:43:44.809===
额外条件未满足


===============================================

==============2021-08-10 17:44:05==============
===6开始执行条件2021-08-10 17:44:02.065===
===开始判断价格条件2021-08-10 17:44:02.065===
===开始判断额外/转自动条件2021-08-10 17:44:02.292===
===2021-08-10 17:44:02.669===
股票：601865指定时间段判断-额外参数：
	分组名称：1
	走势名称：时间段
		条件不成立(当前时间：2021-08-10 17:44:02.061,条件时段：09:30:00-13:00:00)
	结果：未满足
===2021-08-10 17:44:02.669===
===2021-08-10 17:44:03.669===
股票：601865板块涨跌幅判断-额外参数：
	分组名称：1
	走势名称：发
		条件不成立(不符合板块涨跌幅条件)
	结果：未满足，返回code：-1
===2021-08-10 17:44:05.030===
额外条件未满足


===============================================

==============2021-08-10 17:46:20==============
===6开始执行条件2021-08-10 17:45:53.331===
===开始判断价格条件2021-08-10 17:45:53.331===
===开始判断额外/转自动条件2021-08-10 17:46:02.125===
===2021-08-10 17:46:06.548===
股票：601865指定时间段判断-额外参数：
	分组名称：1
	走势名称：时间段
		条件不成立(当前时间：2021-08-10 17:45:53.306,条件时段：09:30:00-13:00:00)
	结果：未满足
===2021-08-10 17:46:06.548===
===2021-08-10 17:46:08.771===
股票：601865板块涨跌幅判断-额外参数：
	分组名称：1
	走势名称：发
		条件不成立(不符合板块涨跌幅条件)
	结果：未满足，返回code：-1
===2021-08-10 17:46:20.472===
额外条件未满足


===============================================

==============2021-08-10 17:47:23==============
===6开始执行条件2021-08-10 17:47:23.133===
===开始判断价格条件2021-08-10 17:47:23.133===
===开始判断额外/转自动条件2021-08-10 17:47:23.243===
===2021-08-10 17:47:23.336===
股票：601865指定时间段判断-额外参数：
	分组名称：1
	走势名称：时间段
		条件不成立(当前时间：2021-08-10 17:47:23.129,条件时段：09:30:00-13:00:00)
	结果：未满足
===2021-08-10 17:47:23.336===
===2021-08-10 17:47:23.377===
股票：601865板块涨跌幅判断-额外参数：
	分组名称：1
	走势名称：发
		条件不成立(不符合板块涨跌幅条件)
	结果：未满足，返回code：-1
===2021-08-10 17:47:23.945===
额外条件未满足


===============================================

==============2021-08-10 17:47:30==============
===6开始执行条件2021-08-10 17:47:28.066===
===开始判断价格条件2021-08-10 17:47:28.066===
===开始判断额外/转自动条件2021-08-10 17:47:28.309===
===2021-08-10 17:47:28.699===
股票：601865指定时间段判断-额外参数：
	分组名称：1
	走势名称：时间段
		条件不成立(当前时间：2021-08-10 17:47:28.066,条件时段：09:30:00-13:00:00)
	结果：未满足
===2021-08-10 17:47:28.699===
===2021-08-10 17:47:28.785===
股票：601865板块涨跌幅判断-额外参数：
	分组名称：1
	走势名称：发
		条件不成立(不符合板块涨跌幅条件)
	结果：未满足，返回code：-1
===2021-08-10 17:47:30.819===
额外条件未满足


===============================================

==============2021-08-10 17:47:47==============
===6开始执行条件2021-08-10 17:47:45.380===
===开始判断价格条件2021-08-10 17:47:45.380===
===开始判断额外/转自动条件2021-08-10 17:47:45.588===
===2021-08-10 17:47:45.786===
股票：601865指定时间段判断-额外参数：
	分组名称：1
	走势名称：时间段
		条件不成立(当前时间：2021-08-10 17:47:45.379,条件时段：09:30:00-13:00:00)
	结果：未满足
===2021-08-10 17:47:45.786===
===2021-08-10 17:47:45.877===
股票：601865板块涨跌幅判断-额外参数：
	分组名称：1
	走势名称：发
		条件不成立(不符合板块涨跌幅条件)
	结果：未满足，返回code：-1
===2021-08-10 17:47:47.467===
额外条件未满足


===============================================

==============2021-08-10 17:48:59==============
===6开始执行条件2021-08-10 17:48:57.936===
===开始判断价格条件2021-08-10 17:48:57.936===
===开始判断额外/转自动条件2021-08-10 17:48:58.020===
===2021-08-10 17:48:58.086===
股票：601865指定时间段判断-额外参数：
	分组名称：1
	走势名称：时间段
		条件不成立(当前时间：2021-08-10 17:48:57.935,条件时段：09:30:00-13:00:00)
	结果：未满足
===2021-08-10 17:48:58.086===
===2021-08-10 17:48:58.420===
股票：601865板块涨跌幅判断-额外参数：
	分组名称：1
	走势名称：发
		条件不成立(不符合板块涨跌幅条件)
	结果：未满足，返回code：-1
===2021-08-10 17:48:59.092===
额外条件未满足


===============================================

==============2021-08-10 17:49:19==============
===6开始执行条件2021-08-10 17:49:13.696===
===开始判断价格条件2021-08-10 17:49:13.696===
===开始判断额外/转自动条件2021-08-10 17:49:14.379===
===2021-08-10 17:49:15.063===
股票：601865指定时间段判断-额外参数：
	分组名称：1
	走势名称：时间段
		条件不成立(当前时间：2021-08-10 17:49:13.695,条件时段：09:30:00-13:00:00)
	结果：未满足
===2021-08-10 17:49:15.063===
===2021-08-10 17:49:15.274===
股票：601865板块涨跌幅判断-额外参数：
	分组名称：1
	走势名称：发
		条件不成立(不符合板块涨跌幅条件)
	结果：未满足，返回code：-1
===2021-08-10 17:49:19.190===
额外条件未满足


===============================================

==============2021-08-10 17:49:44==============
===6开始执行条件2021-08-10 17:49:33.972===
===开始判断价格条件2021-08-10 17:49:33.972===
===开始判断额外/转自动条件2021-08-10 17:49:40.418===
===2021-08-10 17:49:41.107===
股票：601865指定时间段判断-额外参数：
	分组名称：1
	走势名称：时间段
		条件不成立(当前时间：2021-08-10 17:49:33.971,条件时段：09:30:00-13:00:00)
	结果：未满足
===2021-08-10 17:49:41.107===
===2021-08-10 17:49:41.494===
股票：601865板块涨跌幅判断-额外参数：
	分组名称：1
	走势名称：发
		条件不成立(不符合板块涨跌幅条件)
	结果：未满足，返回code：-1
===2021-08-10 17:49:44.371===
额外条件未满足


===============================================

==============2021-08-10 17:49:55==============
===6开始执行条件2021-08-10 17:49:50.188===
===开始判断价格条件2021-08-10 17:49:50.188===
===开始判断额外/转自动条件2021-08-10 17:49:50.901===
===2021-08-10 17:49:51.399===
股票：601865指定时间段判断-额外参数：
	分组名称：1
	走势名称：时间段
		条件不成立(当前时间：2021-08-10 17:49:50.187,条件时段：09:30:00-13:00:00)
	结果：未满足
===2021-08-10 17:49:51.399===
===2021-08-10 17:49:51.607===
股票：601865板块涨跌幅判断-额外参数：
	分组名称：1
	走势名称：发
		条件不成立(不符合板块涨跌幅条件)
	结果：未满足，返回code：-1
===2021-08-10 17:49:55.670===
额外条件未满足


===============================================

==============2021-08-10 17:50:05==============
===6开始执行条件2021-08-10 17:50:04.325===
===开始判断价格条件2021-08-10 17:50:04.325===
===开始判断额外/转自动条件2021-08-10 17:50:04.418===
===2021-08-10 17:50:04.491===
股票：601865指定时间段判断-额外参数：
	分组名称：1
	走势名称：时间段
		条件不成立(当前时间：2021-08-10 17:50:04.325,条件时段：09:30:00-13:00:00)
	结果：未满足
===2021-08-10 17:50:04.491===
===2021-08-10 17:50:04.527===
股票：601865板块涨跌幅判断-额外参数：
	分组名称：1
	走势名称：发
		条件不成立(不符合板块涨跌幅条件)
	结果：未满足，返回code：-1
===2021-08-10 17:50:05.078===
额外条件未满足


===============================================

==============2021-08-10 17:50:29==============
===6开始执行条件2021-08-10 17:50:27.151===
===开始判断价格条件2021-08-10 17:50:27.151===
===开始判断额外/转自动条件2021-08-10 17:50:28.160===
===2021-08-10 17:50:28.259===
股票：601865指定时间段判断-额外参数：
	分组名称：1
	走势名称：时间段
		条件不成立(当前时间：2021-08-10 17:50:27.150,条件时段：09:30:00-13:00:00)
	结果：未满足
===2021-08-10 17:50:28.259===
===2021-08-10 17:50:28.287===
股票：601865板块涨跌幅判断-额外参数：
	分组名称：1
	走势名称：发
		条件不成立(不符合板块涨跌幅条件)
	结果：未满足，返回code：-1
===2021-08-10 17:50:29.101===
额外条件未满足


===============================================

==============2021-08-10 17:50:41==============
===6开始执行条件2021-08-10 17:50:37.181===
===开始判断价格条件2021-08-10 17:50:37.181===
===开始判断额外/转自动条件2021-08-10 17:50:37.816===
===2021-08-10 17:50:38.381===
股票：601865指定时间段判断-额外参数：
	分组名称：1
	走势名称：时间段
		条件不成立(当前时间：2021-08-10 17:50:37.181,条件时段：09:30:00-13:00:00)
	结果：未满足
===2021-08-10 17:50:38.381===
===2021-08-10 17:50:38.482===
股票：601865板块涨跌幅判断-额外参数：
	分组名称：1
	走势名称：发
		条件不成立(不符合板块涨跌幅条件)
	结果：未满足，返回code：-1
===2021-08-10 17:50:41.543===
额外条件未满足


===============================================

==============2021-08-10 17:51:09==============
===6开始执行条件2021-08-10 17:51:03.086===
===开始判断价格条件2021-08-10 17:51:03.086===
===开始判断额外/转自动条件2021-08-10 17:51:04.037===
===2021-08-10 17:51:04.775===
股票：601865指定时间段判断-额外参数：
	分组名称：1
	走势名称：时间段
		条件不成立(当前时间：2021-08-10 17:51:03.084,条件时段：09:30:00-13:00:00)
	结果：未满足
===2021-08-10 17:51:04.775===
===2021-08-10 17:51:04.977===
股票：601865板块涨跌幅判断-额外参数：
	分组名称：1
	走势名称：发
		条件不成立(不符合板块涨跌幅条件)
	结果：未满足，返回code：-1
===2021-08-10 17:51:09.120===
额外条件未满足


===============================================

==============2021-08-10 17:51:15==============
===6开始执行条件2021-08-10 17:51:12.187===
===开始判断价格条件2021-08-10 17:51:12.187===
===开始判断额外/转自动条件2021-08-10 17:51:12.710===
===2021-08-10 17:51:13.260===
股票：601865指定时间段判断-额外参数：
	分组名称：1
	走势名称：时间段
		条件不成立(当前时间：2021-08-10 17:51:12.187,条件时段：09:30:00-13:00:00)
	结果：未满足
===2021-08-10 17:51:13.260===
===2021-08-10 17:51:13.491===
股票：601865板块涨跌幅判断-额外参数：
	分组名称：1
	走势名称：发
		条件不成立(不符合板块涨跌幅条件)
	结果：未满足，返回code：-1
===2021-08-10 17:51:15.942===
额外条件未满足


===============================================

==============2021-08-10 17:51:56==============
===6开始执行条件2021-08-10 17:51:55.077===
===开始判断价格条件2021-08-10 17:51:55.077===
===开始判断额外/转自动条件2021-08-10 17:51:55.215===
===2021-08-10 17:51:55.366===
股票：601865指定时间段判断-额外参数：
	分组名称：1
	走势名称：时间段
		条件不成立(当前时间：2021-08-10 17:51:55.077,条件时段：09:30:00-13:00:00)
	结果：未满足
===2021-08-10 17:51:55.366===
===2021-08-10 17:51:55.417===
股票：601865板块涨跌幅判断-额外参数：
	分组名称：1
	走势名称：发
		条件不成立(不符合板块涨跌幅条件)
	结果：未满足，返回code：-1
===2021-08-10 17:51:56.108===
额外条件未满足


===============================================

==============2021-08-10 17:52:03==============
===6开始执行条件2021-08-10 17:52:00.270===
===开始判断价格条件2021-08-10 17:52:00.270===
===开始判断额外/转自动条件2021-08-10 17:52:00.669===
===2021-08-10 17:52:00.845===
股票：601865指定时间段判断-额外参数：
	分组名称：1
	走势名称：时间段
		条件不成立(当前时间：2021-08-10 17:52:00.270,条件时段：09:30:00-13:00:00)
	结果：未满足
===2021-08-10 17:52:00.845===
===2021-08-10 17:52:00.894===
股票：601865板块涨跌幅判断-额外参数：
	分组名称：1
	走势名称：发
		条件不成立(不符合板块涨跌幅条件)
	结果：未满足，返回code：-1
===2021-08-10 17:52:03.471===
额外条件未满足


===============================================

==============2021-08-10 17:52:20==============
===6开始执行条件2021-08-10 17:52:16.082===
===开始判断价格条件2021-08-10 17:52:16.082===
===开始判断额外/转自动条件2021-08-10 17:52:16.775===
===2021-08-10 17:52:17.576===
股票：601865指定时间段判断-额外参数：
	分组名称：1
	走势名称：时间段
		条件不成立(当前时间：2021-08-10 17:52:16.082,条件时段：09:30:00-13:00:00)
	结果：未满足
===2021-08-10 17:52:17.576===
===2021-08-10 17:52:17.816===
股票：601865板块涨跌幅判断-额外参数：
	分组名称：1
	走势名称：发
		条件不成立(不符合板块涨跌幅条件)
	结果：未满足，返回code：-1
===2021-08-10 17:52:20.499===
额外条件未满足


===============================================

==============2021-08-10 17:52:40==============
===6开始执行条件2021-08-10 17:52:35.033===
===开始判断价格条件2021-08-10 17:52:35.033===
===开始判断额外/转自动条件2021-08-10 17:52:35.412===
===2021-08-10 17:52:36.185===
股票：601865指定时间段判断-额外参数：
	分组名称：1
	走势名称：时间段
		条件不成立(当前时间：2021-08-10 17:52:35.007,条件时段：09:30:00-13:00:00)
	结果：未满足
===2021-08-10 17:52:36.185===
===2021-08-10 17:52:36.700===
股票：601865板块涨跌幅判断-额外参数：
	分组名称：1
	走势名称：发
		条件不成立(不符合板块涨跌幅条件)
	结果：未满足，返回code：-1
===2021-08-10 17:52:40.845===
额外条件未满足


===============================================

==============2021-08-10 17:52:53==============
===6开始执行条件2021-08-10 17:52:51.547===
===开始判断价格条件2021-08-10 17:52:51.547===
===开始判断额外/转自动条件2021-08-10 17:52:51.825===
===2021-08-10 17:52:52.017===
股票：601865指定时间段判断-额外参数：
	分组名称：1
	走势名称：时间段
		条件不成立(当前时间：2021-08-10 17:52:51.546,条件时段：09:30:00-13:00:00)
	结果：未满足
===2021-08-10 17:52:52.017===
===2021-08-10 17:52:52.039===
股票：601865板块涨跌幅判断-额外参数：
	分组名称：1
	走势名称：发
		条件不成立(不符合板块涨跌幅条件)
	结果：未满足，返回code：-1
===2021-08-10 17:52:53.988===
额外条件未满足


===============================================

==============2021-08-10 17:53:09==============
===6开始执行条件2021-08-10 17:53:08.343===
===开始判断价格条件2021-08-10 17:53:08.343===
===开始判断额外/转自动条件2021-08-10 17:53:08.743===
===2021-08-10 17:53:08.790===
股票：601865指定时间段判断-额外参数：
	分组名称：1
	走势名称：时间段
		条件不成立(当前时间：2021-08-10 17:53:08.343,条件时段：09:30:00-13:00:00)
	结果：未满足
===2021-08-10 17:53:08.795===
===2021-08-10 17:53:08.902===
股票：601865板块涨跌幅判断-额外参数：
	分组名称：1
	走势名称：发
		条件不成立(不符合板块涨跌幅条件)
	结果：未满足，返回code：-1
===2021-08-10 17:53:09.251===
额外条件未满足


===============================================

==============2021-08-10 17:53:27==============
===6开始执行条件2021-08-10 17:53:25.279===
===开始判断价格条件2021-08-10 17:53:25.279===
===开始判断额外/转自动条件2021-08-10 17:53:25.373===
===2021-08-10 17:53:25.720===
股票：601865指定时间段判断-额外参数：
	分组名称：1
	走势名称：时间段
		条件不成立(当前时间：2021-08-10 17:53:25.279,条件时段：09:30:00-13:00:00)
	结果：未满足
===2021-08-10 17:53:25.720===
===2021-08-10 17:53:25.922===
股票：601865板块涨跌幅判断-额外参数：
	分组名称：1
	走势名称：发
		条件不成立(不符合板块涨跌幅条件)
	结果：未满足，返回code：-1
===2021-08-10 17:53:27.133===
额外条件未满足


===============================================

==============2021-08-10 17:53:39==============
===6开始执行条件2021-08-10 17:53:37.513===
===开始判断价格条件2021-08-10 17:53:37.513===
===开始判断额外/转自动条件2021-08-10 17:53:37.789===
===2021-08-10 17:53:37.876===
股票：601865指定时间段判断-额外参数：
	分组名称：1
	走势名称：时间段
		条件不成立(当前时间：2021-08-10 17:53:37.513,条件时段：09:30:00-13:00:00)
	结果：未满足
===2021-08-10 17:53:37.876===
===2021-08-10 17:53:37.941===
股票：601865板块涨跌幅判断-额外参数：
	分组名称：1
	走势名称：发
		条件不成立(不符合板块涨跌幅条件)
	结果：未满足，返回code：-1
===2021-08-10 17:53:39.582===
额外条件未满足


===============================================

==============2021-08-10 17:53:56==============
===6开始执行条件2021-08-10 17:53:55.966===
===开始判断价格条件2021-08-10 17:53:55.966===
===开始判断额外/转自动条件2021-08-10 17:53:56.175===
===2021-08-10 17:53:56.237===
股票：601865指定时间段判断-额外参数：
	分组名称：1
	走势名称：时间段
		条件不成立(当前时间：2021-08-10 17:53:55.965,条件时段：09:30:00-13:00:00)
	结果：未满足
===2021-08-10 17:53:56.237===
===2021-08-10 17:53:56.279===
股票：601865板块涨跌幅判断-额外参数：
	分组名称：1
	走势名称：发
		条件不成立(不符合板块涨跌幅条件)
	结果：未满足，返回code：-1
===2021-08-10 17:53:56.777===
额外条件未满足


===============================================

==============2021-08-10 17:54:12==============
===6开始执行条件2021-08-10 17:54:11.671===
===开始判断价格条件2021-08-10 17:54:11.671===
===开始判断额外/转自动条件2021-08-10 17:54:11.796===
===2021-08-10 17:54:11.883===
股票：601865指定时间段判断-额外参数：
	分组名称：1
	走势名称：时间段
		条件不成立(当前时间：2021-08-10 17:54:11.671,条件时段：09:30:00-13:00:00)
	结果：未满足
===2021-08-10 17:54:11.883===
===2021-08-10 17:54:11.916===
股票：601865板块涨跌幅判断-额外参数：
	分组名称：1
	走势名称：发
		条件不成立(不符合板块涨跌幅条件)
	结果：未满足，返回code：-1
===2021-08-10 17:54:12.500===
额外条件未满足


===============================================

