==============2021-08-09 10:07:44==============
===6开始执行条件2021-08-09 10:07:41.410===
===开始判断价格条件2021-08-09 10:07:41.410===
===开始判断额外/转自动条件2021-08-09 10:07:41.893===
===2021-08-09 10:07:42.163===
股票：601865指定时间段判断-额外参数：
	分组名称：1
	走势名称：时间段
		条件成立(当前时间：2021-08-09 10:07:41.409,条件时段：09:30:00-13:00:00)
	结果：达到要求
===2021-08-09 10:07:42.904===
===2021-08-09 10:07:44.097===
股票：601865多头向上判断-转自动参数：
	分组名称：2
	走势名称：多头向上
	结果：未满足，返回code：0
===2021-08-09 10:07:44.868===
满足所有条件，可以触发


===============================================

==============2021-08-09 10:08:01==============
===6开始执行条件2021-08-09 10:07:50.239===
===开始判断价格条件2021-08-09 10:07:50.239===
===开始判断额外/转自动条件2021-08-09 10:07:50.404===
===2021-08-09 10:07:50.616===
股票：601865指定时间段判断-额外参数：
	分组名称：1
	走势名称：时间段
		条件成立(当前时间：2021-08-09 10:07:50.239,条件时段：09:30:00-13:00:00)
	结果：达到要求
===2021-08-09 10:07:58.299===
===2021-08-09 10:08:01.336===
股票：601865多头向上判断-转自动参数：
	分组名称：2
	走势名称：多头向上
	结果：未满足，返回code：0
===2021-08-09 10:08:01.336===
满足所有条件，可以触发


===============================================

==============2021-08-09 10:08:12==============
===6开始执行条件2021-08-09 10:08:11.273===
===开始判断价格条件2021-08-09 10:08:11.274===
===开始判断额外/转自动条件2021-08-09 10:08:11.604===
===2021-08-09 10:08:11.720===
股票：601865指定时间段判断-额外参数：
	分组名称：1
	走势名称：时间段
		条件成立(当前时间：2021-08-09 10:08:11.273,条件时段：09:30:00-13:00:00)
	结果：达到要求
===2021-08-09 10:08:11.898===
===2021-08-09 10:08:12.784===
股票：601865多头向上判断-转自动参数：
	分组名称：2
	走势名称：多头向上
	结果：未满足，返回code：0
===2021-08-09 10:08:12.784===
满足所有条件，可以触发


===============================================

==============2021-08-09 10:08:39==============
===6开始执行条件2021-08-09 10:08:35.593===
===开始判断价格条件2021-08-09 10:08:35.593===
===开始判断额外/转自动条件2021-08-09 10:08:35.862===
===2021-08-09 10:08:36.124===
股票：601865指定时间段判断-额外参数：
	分组名称：1
	走势名称：时间段
		条件成立(当前时间：2021-08-09 10:08:35.593,条件时段：09:30:00-13:00:00)
	结果：达到要求
===2021-08-09 10:08:38.313===
===2021-08-09 10:08:39.720===
股票：601865多头向上判断-转自动参数：
	分组名称：2
	走势名称：多头向上
	结果：未满足，返回code：0
===2021-08-09 10:08:39.720===
满足所有条件，可以触发


===============================================

==============2021-08-09 10:08:44==============
===6开始执行条件2021-08-09 10:08:43.595===
===开始判断价格条件2021-08-09 10:08:43.595===
===开始判断额外/转自动条件2021-08-09 10:08:44.200===
===2021-08-09 10:08:44.469===
股票：601865指定时间段判断-额外参数：
	分组名称：1
	走势名称：时间段
		条件成立(当前时间：2021-08-09 10:08:43.594,条件时段：09:30:00-13:00:00)
	结果：达到要求
===2021-08-09 10:08:44.566===
===2021-08-09 10:08:44.938===
股票：601865多头向上判断-转自动参数：
	分组名称：2
	走势名称：多头向上
	结果：未满足，返回code：0
===2021-08-09 10:08:44.938===
满足所有条件，可以触发


===============================================

==============2021-08-09 10:09:07==============
===6开始执行条件2021-08-09 10:09:03.173===
===开始判断价格条件2021-08-09 10:09:03.173===
===开始判断额外/转自动条件2021-08-09 10:09:05.018===
===2021-08-09 10:09:05.482===
股票：601865指定时间段判断-额外参数：
	分组名称：1
	走势名称：时间段
		条件成立(当前时间：2021-08-09 10:09:03.173,条件时段：09:30:00-13:00:00)
	结果：达到要求
===2021-08-09 10:09:06.347===
===2021-08-09 10:09:07.071===
股票：601865多头向上判断-转自动参数：
	分组名称：2
	走势名称：多头向上
	结果：未满足，返回code：0
===2021-08-09 10:09:07.071===
满足所有条件，可以触发


===============================================

==============2021-08-09 10:09:25==============
===6开始执行条件2021-08-09 10:09:20.506===
===开始判断价格条件2021-08-09 10:09:20.506===
===开始判断额外/转自动条件2021-08-09 10:09:21.105===
===2021-08-09 10:09:22.054===
股票：601865指定时间段判断-额外参数：
	分组名称：1
	走势名称：时间段
		条件成立(当前时间：2021-08-09 10:09:20.506,条件时段：09:30:00-13:00:00)
	结果：达到要求
===2021-08-09 10:09:23.660===
===2021-08-09 10:09:25.894===
股票：601865多头向上判断-转自动参数：
	分组名称：2
	走势名称：多头向上
	结果：未满足，返回code：0
===2021-08-09 10:09:25.894===
满足所有条件，可以触发


===============================================

==============2021-08-09 10:10:35==============
===6开始执行条件2021-08-09 10:10:31.784===
===开始判断价格条件2021-08-09 10:10:31.784===
===开始判断额外/转自动条件2021-08-09 10:10:32.400===
===2021-08-09 10:10:32.931===
股票：601865指定时间段判断-额外参数：
	分组名称：1
	走势名称：时间段
		条件成立(当前时间：2021-08-09 10:10:31.784,条件时段：09:30:00-13:00:00)
	结果：达到要求
===2021-08-09 10:10:34.033===
===2021-08-09 10:10:35.275===
股票：601865多头向上判断-转自动参数：
	分组名称：2
	走势名称：多头向上
	结果：未满足，返回code：0
===2021-08-09 10:10:35.275===
满足所有条件，可以触发


===============================================

==============2021-08-09 10:10:48==============
===6开始执行条件2021-08-09 10:10:46.711===
===开始判断价格条件2021-08-09 10:10:46.711===
===开始判断额外/转自动条件2021-08-09 10:10:46.940===
===2021-08-09 10:10:47.383===
股票：601865指定时间段判断-额外参数：
	分组名称：1
	走势名称：时间段
		条件成立(当前时间：2021-08-09 10:10:46.711,条件时段：09:30:00-13:00:00)
	结果：达到要求
===2021-08-09 10:10:47.780===
===2021-08-09 10:10:48.161===
股票：601865多头向上判断-转自动参数：
	分组名称：2
	走势名称：多头向上
	结果：未满足，返回code：0
===2021-08-09 10:10:48.161===
满足所有条件，可以触发


===============================================

==============2021-08-09 10:10:59==============
===6开始执行条件2021-08-09 10:10:58.617===
===开始判断价格条件2021-08-09 10:10:58.617===
===开始判断额外/转自动条件2021-08-09 10:10:58.808===
===2021-08-09 10:10:58.893===
股票：601865指定时间段判断-额外参数：
	分组名称：1
	走势名称：时间段
		条件成立(当前时间：2021-08-09 10:10:58.617,条件时段：09:30:00-13:00:00)
	结果：达到要求
===2021-08-09 10:10:58.957===
===2021-08-09 10:10:59.161===
股票：601865多头向上判断-转自动参数：
	分组名称：2
	走势名称：多头向上
	结果：未满足，返回code：0
===2021-08-09 10:10:59.161===
满足所有条件，可以触发


===============================================

==============2021-08-09 10:11:14==============
===6开始执行条件2021-08-09 10:11:11.491===
===开始判断价格条件2021-08-09 10:11:11.491===
===开始判断额外/转自动条件2021-08-09 10:11:11.981===
===2021-08-09 10:11:12.643===
股票：601865指定时间段判断-额外参数：
	分组名称：1
	走势名称：时间段
		条件成立(当前时间：2021-08-09 10:11:11.490,条件时段：09:30:00-13:00:00)
	结果：达到要求
===2021-08-09 10:11:13.377===
===2021-08-09 10:11:14.159===
股票：601865多头向上判断-转自动参数：
	分组名称：2
	走势名称：多头向上
	结果：未满足，返回code：0
===2021-08-09 10:11:14.159===
满足所有条件，可以触发


===============================================

==============2021-08-09 10:11:19==============
===6开始执行条件2021-08-09 10:11:17.665===
===开始判断价格条件2021-08-09 10:11:17.665===
===开始判断额外/转自动条件2021-08-09 10:11:18.252===
===2021-08-09 10:11:18.938===
股票：601865指定时间段判断-额外参数：
	分组名称：1
	走势名称：时间段
		条件成立(当前时间：2021-08-09 10:11:17.664,条件时段：09:30:00-13:00:00)
	结果：达到要求
===2021-08-09 10:11:19.617===
===2021-08-09 10:11:19.957===
股票：601865多头向上判断-转自动参数：
	分组名称：2
	走势名称：多头向上
	结果：未满足，返回code：0
===2021-08-09 10:11:19.957===
满足所有条件，可以触发


===============================================

==============2021-08-09 11:02:39==============
===6开始执行条件2021-08-09 11:02:39.105===
===开始判断价格条件2021-08-09 11:02:39.105===
===开始判断额外/转自动条件2021-08-09 11:02:39.475===
===2021-08-09 11:02:39.597===
股票：601865指定时间段判断-额外参数：
	分组名称：1
	走势名称：时间段
		条件成立(当前时间：2021-08-09 11:02:39.105,条件时段：09:30:00-13:00:00)
	结果：达到要求
===2021-08-09 11:02:39.735===
===2021-08-09 11:02:39.846===
股票：601865多头向上判断-转自动参数：
	分组名称：2
	走势名称：多头向上
	结果：未满足，返回code：0
===2021-08-09 11:02:39.857===
满足所有条件，可以触发


===============================================

==============2021-08-09 11:03:13==============
===6开始执行条件2021-08-09 11:03:13.071===
===开始判断价格条件2021-08-09 11:03:13.071===
===开始判断额外/转自动条件2021-08-09 11:03:13.173===
===2021-08-09 11:03:13.578===
股票：601865指定时间段判断-额外参数：
	分组名称：1
	走势名称：时间段
		条件成立(当前时间：2021-08-09 11:03:13.070,条件时段：09:30:00-13:00:00)
	结果：达到要求
===2021-08-09 11:03:13.663===
===2021-08-09 11:03:13.807===
股票：601865多头向上判断-转自动参数：
	分组名称：2
	走势名称：多头向上
	结果：未满足，返回code：0
===2021-08-09 11:03:13.807===
满足所有条件，可以触发


===============================================

==============2021-08-09 11:03:30==============
===6开始执行条件2021-08-09 11:03:27.411===
===开始判断价格条件2021-08-09 11:03:27.411===
===开始判断额外/转自动条件2021-08-09 11:03:27.570===
===2021-08-09 11:03:28.024===
股票：601865指定时间段判断-额外参数：
	分组名称：1
	走势名称：时间段
		条件成立(当前时间：2021-08-09 11:03:27.410,条件时段：09:30:00-13:00:00)
	结果：达到要求
===2021-08-09 11:03:30.254===
===2021-08-09 11:03:30.474===
股票：601865多头向上判断-转自动参数：
	分组名称：2
	走势名称：多头向上
	结果：未满足，返回code：0
===2021-08-09 11:03:30.474===
满足所有条件，可以触发


===============================================

==============2021-08-09 11:03:38==============
===6开始执行条件2021-08-09 11:03:36.565===
===开始判断价格条件2021-08-09 11:03:36.565===
===开始判断额外/转自动条件2021-08-09 11:03:36.936===
===2021-08-09 11:03:37.195===
股票：601865指定时间段判断-额外参数：
	分组名称：1
	走势名称：时间段
		条件成立(当前时间：2021-08-09 11:03:36.565,条件时段：09:30:00-13:00:00)
	结果：达到要求
===2021-08-09 11:03:37.498===
===2021-08-09 11:03:38.161===
股票：601865多头向上判断-转自动参数：
	分组名称：2
	走势名称：多头向上
	结果：未满足，返回code：0
===2021-08-09 11:03:38.161===
满足所有条件，可以触发


===============================================

==============2021-08-09 11:03:51==============
===6开始执行条件2021-08-09 11:03:49.947===
===开始判断价格条件2021-08-09 11:03:49.947===
===开始判断额外/转自动条件2021-08-09 11:03:50.490===
===2021-08-09 11:03:50.639===
股票：601865指定时间段判断-额外参数：
	分组名称：1
	走势名称：时间段
		条件成立(当前时间：2021-08-09 11:03:49.946,条件时段：09:30:00-13:00:00)
	结果：达到要求
===2021-08-09 11:03:51.452===
===2021-08-09 11:03:51.994===
股票：601865多头向上判断-转自动参数：
	分组名称：2
	走势名称：多头向上
	结果：未满足，返回code：0
===2021-08-09 11:03:51.994===
满足所有条件，可以触发


===============================================

