==============2021-08-06 14:25:50==============
===6开始执行条件2021-08-06 14:25:45.703===
===开始判断价格条件2021-08-06 14:25:45.703===
===开始判断额外/转自动条件2021-08-06 14:25:47.592===
===2021-08-06 14:25:48.172===
股票：601865指定时间段判断-额外参数：
	分组名称：1
	走势名称：时间段
		条件不成立(当前时间：2021-08-06 14:25:45.703,条件时段：09:30:00-13:00:00)
	结果：未满足
===2021-08-06 14:25:48.241===
===2021-08-06 14:25:48.278===
股票：601865板块涨跌幅判断-额外参数：
	分组名称：1
	走势名称：发
		条件不成立(不符合板块涨跌幅条件)
	结果：未满足，返回code：-1
===2021-08-06 14:25:50.058===
额外条件未满足


===============================================

==============2021-08-06 14:26:05==============
===6开始执行条件2021-08-06 14:26:03.774===
===开始判断价格条件2021-08-06 14:26:03.774===
===开始判断额外/转自动条件2021-08-06 14:26:03.904===
===2021-08-06 14:26:03.991===
股票：601865指定时间段判断-额外参数：
	分组名称：1
	走势名称：时间段
		条件不成立(当前时间：2021-08-06 14:26:03.774,条件时段：09:30:00-13:00:00)
	结果：未满足
===2021-08-06 14:26:03.992===
===2021-08-06 14:26:04.028===
股票：601865板块涨跌幅判断-额外参数：
	分组名称：1
	走势名称：发
		条件不成立(不符合板块涨跌幅条件)
	结果：未满足，返回code：-1
===2021-08-06 14:26:05.874===
额外条件未满足


===============================================

==============2021-08-06 14:26:31==============
===6开始执行条件2021-08-06 14:26:25.197===
===开始判断价格条件2021-08-06 14:26:25.197===
===开始判断额外/转自动条件2021-08-06 14:26:27.136===
===2021-08-06 14:26:30.628===
股票：601865指定时间段判断-额外参数：
	分组名称：1
	走势名称：时间段
		条件不成立(当前时间：2021-08-06 14:26:25.197,条件时段：09:30:00-13:00:00)
	结果：未满足
===2021-08-06 14:26:30.628===
===2021-08-06 14:26:30.784===
股票：601865板块涨跌幅判断-额外参数：
	分组名称：1
	走势名称：发
		条件不成立(不符合板块涨跌幅条件)
	结果：未满足，返回code：-1
===2021-08-06 14:26:31.339===
额外条件未满足


===============================================

==============2021-08-06 14:26:34==============
===6开始执行条件2021-08-06 14:26:32.392===
===开始判断价格条件2021-08-06 14:26:32.392===
===开始判断额外/转自动条件2021-08-06 14:26:32.514===
===2021-08-06 14:26:32.734===
股票：601865指定时间段判断-额外参数：
	分组名称：1
	走势名称：时间段
		条件不成立(当前时间：2021-08-06 14:26:32.392,条件时段：09:30:00-13:00:00)
	结果：未满足
===2021-08-06 14:26:32.734===
===2021-08-06 14:26:32.784===
股票：601865板块涨跌幅判断-额外参数：
	分组名称：1
	走势名称：发
		条件不成立(不符合板块涨跌幅条件)
	结果：未满足，返回code：-1
===2021-08-06 14:26:34.677===
额外条件未满足


===============================================

==============2021-08-06 14:26:50==============
===6开始执行条件2021-08-06 14:26:47.673===
===开始判断价格条件2021-08-06 14:26:47.673===
===开始判断额外/转自动条件2021-08-06 14:26:48.032===
===2021-08-06 14:26:48.265===
股票：601865指定时间段判断-额外参数：
	分组名称：1
	走势名称：时间段
		条件不成立(当前时间：2021-08-06 14:26:47.673,条件时段：09:30:00-13:00:00)
	结果：未满足
===2021-08-06 14:26:48.265===
===2021-08-06 14:26:48.436===
股票：601865板块涨跌幅判断-额外参数：
	分组名称：1
	走势名称：发
		条件不成立(不符合板块涨跌幅条件)
	结果：未满足，返回code：-1
===2021-08-06 14:26:50.816===
额外条件未满足


===============================================

==============2021-08-06 14:27:06==============
===6开始执行条件2021-08-06 14:27:05.936===
===开始判断价格条件2021-08-06 14:27:05.936===
===开始判断额外/转自动条件2021-08-06 14:27:06.139===
===2021-08-06 14:27:06.370===
股票：601865指定时间段判断-额外参数：
	分组名称：1
	走势名称：时间段
		条件不成立(当前时间：2021-08-06 14:27:05.935,条件时段：09:30:00-13:00:00)
	结果：未满足
===2021-08-06 14:27:06.370===
===2021-08-06 14:27:06.432===
股票：601865板块涨跌幅判断-额外参数：
	分组名称：1
	走势名称：发
		条件不成立(不符合板块涨跌幅条件)
	结果：未满足，返回code：-1
===2021-08-06 14:27:06.921===
额外条件未满足


===============================================

==============2021-08-06 14:29:12==============
===6开始执行条件2021-08-06 14:29:11.622===
===开始判断价格条件2021-08-06 14:29:11.622===
===开始判断额外/转自动条件2021-08-06 14:29:11.971===
===2021-08-06 14:29:12.053===
股票：601865指定时间段判断-额外参数：
	分组名称：1
	走势名称：时间段
		条件不成立(当前时间：2021-08-06 14:29:11.622,条件时段：09:30:00-13:00:00)
	结果：未满足
===2021-08-06 14:29:12.056===
===2021-08-06 14:29:12.077===
股票：601865板块涨跌幅判断-额外参数：
	分组名称：1
	走势名称：发
		条件不成立(不符合板块涨跌幅条件)
	结果：未满足，返回code：-1
===2021-08-06 14:29:12.875===
额外条件未满足


===============================================

==============2021-08-06 14:34:31==============
===6开始执行条件2021-08-06 14:34:30.809===
===开始判断价格条件2021-08-06 14:34:30.809===
===开始判断额外/转自动条件2021-08-06 14:34:31.112===
===2021-08-06 14:34:31.273===
股票：601865指定时间段判断-额外参数：
	分组名称：1
	走势名称：时间段
		条件不成立(当前时间：2021-08-06 14:34:30.809,条件时段：09:30:00-13:00:00)
	结果：未满足
===2021-08-06 14:34:31.276===
===2021-08-06 14:34:31.311===
股票：601865板块涨跌幅判断-额外参数：
	分组名称：1
	走势名称：发
		条件不成立(不符合板块涨跌幅条件)
	结果：未满足，返回code：-1
===2021-08-06 14:34:31.909===
额外条件未满足


===============================================

==============2021-08-06 14:41:02==============
===6开始执行条件2021-08-06 14:41:02.212===
===开始判断价格条件2021-08-06 14:41:02.212===
===开始判断额外/转自动条件2021-08-06 14:41:02.281===
===2021-08-06 14:41:02.327===
股票：601865指定时间段判断-额外参数：
	分组名称：1
	走势名称：时间段
		条件不成立(当前时间：2021-08-06 14:41:02.212,条件时段：09:30:00-13:00:00)
	结果：未满足
===2021-08-06 14:41:02.327===
===2021-08-06 14:41:02.353===
股票：601865板块涨跌幅判断-额外参数：
	分组名称：1
	走势名称：发
		条件不成立(不符合板块涨跌幅条件)
	结果：未满足，返回code：-1
===2021-08-06 14:41:02.743===
额外条件未满足


===============================================

==============2021-08-06 14:41:15==============
===6开始执行条件2021-08-06 14:41:14.507===
===开始判断价格条件2021-08-06 14:41:14.507===
===开始判断额外/转自动条件2021-08-06 14:41:14.637===
===2021-08-06 14:41:14.747===
股票：601865指定时间段判断-额外参数：
	分组名称：1
	走势名称：时间段
		条件不成立(当前时间：2021-08-06 14:41:14.507,条件时段：09:30:00-13:00:00)
	结果：未满足
===2021-08-06 14:41:14.747===
===2021-08-06 14:41:14.792===
股票：601865板块涨跌幅判断-额外参数：
	分组名称：1
	走势名称：发
		条件不成立(不符合板块涨跌幅条件)
	结果：未满足，返回code：-1
===2021-08-06 14:41:15.256===
额外条件未满足


===============================================

==============2021-08-06 14:41:46==============
===6开始执行条件2021-08-06 14:41:38.223===
===开始判断价格条件2021-08-06 14:41:38.223===
===开始判断额外/转自动条件2021-08-06 14:41:38.461===
===2021-08-06 14:41:39.638===
股票：601865指定时间段判断-额外参数：
	分组名称：1
	走势名称：时间段
		条件不成立(当前时间：2021-08-06 14:41:38.223,条件时段：09:30:00-13:00:00)
	结果：未满足
===2021-08-06 14:41:39.655===
===2021-08-06 14:41:40.155===
股票：601865板块涨跌幅判断-额外参数：
	分组名称：1
	走势名称：发
		条件不成立(不符合板块涨跌幅条件)
	结果：未满足，返回code：-1
===2021-08-06 14:41:46.275===
额外条件未满足


===============================================

==============2021-08-06 14:42:34==============
===6开始执行条件2021-08-06 14:42:30.136===
===开始判断价格条件2021-08-06 14:42:30.136===
===开始判断额外/转自动条件2021-08-06 14:42:30.671===
===2021-08-06 14:42:30.810===
股票：601865指定时间段判断-额外参数：
	分组名称：1
	走势名称：时间段
		条件不成立(当前时间：2021-08-06 14:42:30.130,条件时段：09:30:00-13:00:00)
	结果：未满足
===2021-08-06 14:42:30.810===
===2021-08-06 14:42:31.127===
股票：601865板块涨跌幅判断-额外参数：
	分组名称：1
	走势名称：发
		条件不成立(不符合板块涨跌幅条件)
	结果：未满足，返回code：-1
===2021-08-06 14:42:34.157===
额外条件未满足


===============================================

==============2021-08-06 14:42:55==============
===6开始执行条件2021-08-06 14:42:51.301===
===开始判断价格条件2021-08-06 14:42:51.301===
===开始判断额外/转自动条件2021-08-06 14:42:52.063===
===2021-08-06 14:42:53.190===
股票：601865指定时间段判断-额外参数：
	分组名称：1
	走势名称：时间段
		条件不成立(当前时间：2021-08-06 14:42:51.293,条件时段：09:30:00-13:00:00)
	结果：未满足
===2021-08-06 14:42:53.190===
===2021-08-06 14:42:53.272===
股票：601865板块涨跌幅判断-额外参数：
	分组名称：1
	走势名称：发
		条件不成立(不符合板块涨跌幅条件)
	结果：未满足，返回code：-1
===2021-08-06 14:42:55.991===
额外条件未满足


===============================================

==============2021-08-06 14:43:06==============
===6开始执行条件2021-08-06 14:43:06.368===
===开始判断价格条件2021-08-06 14:43:06.368===
===开始判断额外/转自动条件2021-08-06 14:43:06.459===
===2021-08-06 14:43:06.518===
股票：601865指定时间段判断-额外参数：
	分组名称：1
	走势名称：时间段
		条件不成立(当前时间：2021-08-06 14:43:06.367,条件时段：09:30:00-13:00:00)
	结果：未满足
===2021-08-06 14:43:06.518===
===2021-08-06 14:43:06.539===
股票：601865板块涨跌幅判断-额外参数：
	分组名称：1
	走势名称：发
		条件不成立(不符合板块涨跌幅条件)
	结果：未满足，返回code：-1
===2021-08-06 14:43:06.935===
额外条件未满足


===============================================

==============2021-08-06 14:43:44==============
===6开始执行条件2021-08-06 14:43:26.295===
===开始判断价格条件2021-08-06 14:43:26.295===
===开始判断额外/转自动条件2021-08-06 14:43:29.278===
===2021-08-06 14:43:31.553===
股票：601865指定时间段判断-额外参数：
	分组名称：1
	走势名称：时间段
		条件不成立(当前时间：2021-08-06 14:43:26.295,条件时段：09:30:00-13:00:00)
	结果：未满足
===2021-08-06 14:43:31.553===
===2021-08-06 14:43:32.170===
股票：601865板块涨跌幅判断-额外参数：
	分组名称：1
	走势名称：发
		条件不成立(不符合板块涨跌幅条件)
	结果：未满足，返回code：-1
===2021-08-06 14:43:44.307===
额外条件未满足


===============================================

==============2021-08-06 15:02:54==============
===6开始执行条件2021-08-06 14:44:07.576===
===开始判断价格条件2021-08-06 14:44:07.576===
===开始判断额外/转自动条件2021-08-06 15:02:37.063===
===2021-08-06 15:02:48.365===
股票：601865指定时间段判断-额外参数：
	分组名称：1
	走势名称：时间段
		条件不成立(当前时间：2021-08-06 14:44:07.576,条件时段：09:30:00-13:00:00)
	结果：未满足
===2021-08-06 15:02:48.365===
===2021-08-06 15:02:49.409===
股票：601865板块涨跌幅判断-额外参数：
	分组名称：1
	走势名称：发
		条件不成立(不符合板块涨跌幅条件)
	结果：未满足，返回code：-1
===2021-08-06 15:02:54.441===
额外条件未满足


===============================================

==============2021-08-06 15:03:11==============
===6开始执行条件2021-08-06 15:03:06.282===
===开始判断价格条件2021-08-06 15:03:06.282===
===开始判断额外/转自动条件2021-08-06 15:03:08.197===
===2021-08-06 15:03:08.976===
股票：601865指定时间段判断-额外参数：
	分组名称：1
	走势名称：时间段
		条件不成立(当前时间：2021-08-06 15:03:06.282,条件时段：09:30:00-13:00:00)
	结果：未满足
===2021-08-06 15:03:08.976===
===2021-08-06 15:03:09.224===
股票：601865板块涨跌幅判断-额外参数：
	分组名称：1
	走势名称：发
		条件不成立(不符合板块涨跌幅条件)
	结果：未满足，返回code：-1
===2021-08-06 15:03:11.746===
额外条件未满足


===============================================

==============2021-08-06 15:03:25==============
===6开始执行条件2021-08-06 15:03:20.540===
===开始判断价格条件2021-08-06 15:03:20.540===
===开始判断额外/转自动条件2021-08-06 15:03:21.404===
===2021-08-06 15:03:22.331===
股票：601865指定时间段判断-额外参数：
	分组名称：1
	走势名称：时间段
		条件不成立(当前时间：2021-08-06 15:03:20.540,条件时段：09:30:00-13:00:00)
	结果：未满足
===2021-08-06 15:03:22.331===
===2021-08-06 15:03:22.516===
股票：601865板块涨跌幅判断-额外参数：
	分组名称：1
	走势名称：发
		条件不成立(不符合板块涨跌幅条件)
	结果：未满足，返回code：-1
===2021-08-06 15:03:25.181===
额外条件未满足


===============================================

==============2021-08-06 15:03:40==============
===6开始执行条件2021-08-06 15:03:39.329===
===开始判断价格条件2021-08-06 15:03:39.329===
===开始判断额外/转自动条件2021-08-06 15:03:39.563===
===2021-08-06 15:03:39.667===
股票：601865指定时间段判断-额外参数：
	分组名称：1
	走势名称：时间段
		条件不成立(当前时间：2021-08-06 15:03:39.329,条件时段：09:30:00-13:00:00)
	结果：未满足
===2021-08-06 15:03:39.667===
===2021-08-06 15:03:40.011===
股票：601865板块涨跌幅判断-额外参数：
	分组名称：1
	走势名称：发
		条件不成立(不符合板块涨跌幅条件)
	结果：未满足，返回code：-1
===2021-08-06 15:03:40.947===
额外条件未满足


===============================================

==============2021-08-06 15:04:54==============
===6开始执行条件2021-08-06 15:04:51.689===
===开始判断价格条件2021-08-06 15:04:51.689===
===开始判断额外/转自动条件2021-08-06 15:04:52.338===
===2021-08-06 15:04:52.417===
股票：601865指定时间段判断-额外参数：
	分组名称：1
	走势名称：时间段
		条件不成立(当前时间：2021-08-06 15:04:51.689,条件时段：09:30:00-13:00:00)
	结果：未满足
===2021-08-06 15:04:52.417===
===2021-08-06 15:04:52.530===
股票：601865板块涨跌幅判断-额外参数：
	分组名称：1
	走势名称：发
		条件不成立(不符合板块涨跌幅条件)
	结果：未满足，返回code：-1
===2021-08-06 15:04:54.074===
额外条件未满足


===============================================

==============2021-08-06 15:05:22==============
===6开始执行条件2021-08-06 15:05:10.514===
===开始判断价格条件2021-08-06 15:05:10.514===
===开始判断额外/转自动条件2021-08-06 15:05:12.132===
===2021-08-06 15:05:12.917===
股票：601865指定时间段判断-额外参数：
	分组名称：1
	走势名称：时间段
		条件不成立(当前时间：2021-08-06 15:05:10.513,条件时段：09:30:00-13:00:00)
	结果：未满足
===2021-08-06 15:05:12.917===
===2021-08-06 15:05:13.447===
股票：601865板块涨跌幅判断-额外参数：
	分组名称：1
	走势名称：发
		条件不成立(不符合板块涨跌幅条件)
	结果：未满足，返回code：-1
===2021-08-06 15:05:17.381===
额外条件未满足


===============================================

==============2021-08-06 15:05:56==============
===6开始执行条件2021-08-06 15:05:54.706===
===开始判断价格条件2021-08-06 15:05:54.706===
===开始判断额外/转自动条件2021-08-06 15:05:55.010===
===2021-08-06 15:05:55.229===
股票：601865指定时间段判断-额外参数：
	分组名称：1
	走势名称：时间段
		条件不成立(当前时间：2021-08-06 15:05:54.706,条件时段：09:30:00-13:00:00)
	结果：未满足
===2021-08-06 15:05:55.229===
===2021-08-06 15:05:55.568===
股票：601865板块涨跌幅判断-额外参数：
	分组名称：1
	走势名称：发
		条件不成立(不符合板块涨跌幅条件)
	结果：未满足，返回code：-1
===2021-08-06 15:05:56.083===
额外条件未满足


===============================================

==============2021-08-06 15:06:09==============
===6开始执行条件2021-08-06 15:06:03.694===
===开始判断价格条件2021-08-06 15:06:03.694===
===开始判断额外/转自动条件2021-08-06 15:06:04.776===
===2021-08-06 15:06:05.265===
股票：601865指定时间段判断-额外参数：
	分组名称：1
	走势名称：时间段
		条件不成立(当前时间：2021-08-06 15:06:03.693,条件时段：09:30:00-13:00:00)
	结果：未满足
===2021-08-06 15:06:05.265===
===2021-08-06 15:06:05.673===
股票：601865板块涨跌幅判断-额外参数：
	分组名称：1
	走势名称：发
		条件不成立(不符合板块涨跌幅条件)
	结果：未满足，返回code：-1
===2021-08-06 15:06:09.447===
额外条件未满足


===============================================

==============2021-08-06 15:06:29==============
===6开始执行条件2021-08-06 15:06:23.108===
===开始判断价格条件2021-08-06 15:06:23.108===
===开始判断额外/转自动条件2021-08-06 15:06:24.008===
===2021-08-06 15:06:24.694===
股票：601865指定时间段判断-额外参数：
	分组名称：1
	走势名称：时间段
		条件不成立(当前时间：2021-08-06 15:06:23.107,条件时段：09:30:00-13:00:00)
	结果：未满足
===2021-08-06 15:06:24.694===
===2021-08-06 15:06:24.952===
股票：601865板块涨跌幅判断-额外参数：
	分组名称：1
	走势名称：发
		条件不成立(不符合板块涨跌幅条件)
	结果：未满足，返回code：-1
===2021-08-06 15:06:29.738===
额外条件未满足


===============================================

==============2021-08-06 15:06:49==============
===6开始执行条件2021-08-06 15:06:43.020===
===开始判断价格条件2021-08-06 15:06:43.020===
===开始判断额外/转自动条件2021-08-06 15:06:44.677===
===2021-08-06 15:06:45.827===
股票：601865指定时间段判断-额外参数：
	分组名称：1
	走势名称：时间段
		条件不成立(当前时间：2021-08-06 15:06:43.020,条件时段：09:30:00-13:00:00)
	结果：未满足
===2021-08-06 15:06:45.827===
===2021-08-06 15:06:46.329===
股票：601865板块涨跌幅判断-额外参数：
	分组名称：1
	走势名称：发
		条件不成立(不符合板块涨跌幅条件)
	结果：未满足，返回code：-1
===2021-08-06 15:06:49.969===
额外条件未满足


===============================================

==============2021-08-06 15:07:58==============
===6开始执行条件2021-08-06 15:07:57.571===
===开始判断价格条件2021-08-06 15:07:57.571===
===开始判断额外/转自动条件2021-08-06 15:07:57.780===
===2021-08-06 15:07:57.885===
股票：601865指定时间段判断-额外参数：
	分组名称：1
	走势名称：时间段
		条件不成立(当前时间：2021-08-06 15:07:57.560,条件时段：09:30:00-13:00:00)
	结果：未满足
===2021-08-06 15:07:57.885===
===2021-08-06 15:07:57.969===
股票：601865板块涨跌幅判断-额外参数：
	分组名称：1
	走势名称：发
		条件不成立(不符合板块涨跌幅条件)
	结果：未满足，返回code：-1
===2021-08-06 15:07:58.307===
额外条件未满足


===============================================

==============2021-08-06 15:11:34==============
===6开始执行条件2021-08-06 15:11:30.785===
===开始判断价格条件2021-08-06 15:11:30.785===
===开始判断额外/转自动条件2021-08-06 15:11:31.954===
===2021-08-06 15:11:32.273===
股票：601865指定时间段判断-额外参数：
	分组名称：1
	走势名称：时间段
		条件不成立(当前时间：2021-08-06 15:11:30.759,条件时段：09:30:00-13:00:00)
	结果：未满足
===2021-08-06 15:11:32.350===
===2021-08-06 15:11:32.403===
股票：601865板块涨跌幅判断-额外参数：
	分组名称：1
	走势名称：发
		条件不成立(不符合板块涨跌幅条件)
	结果：未满足，返回code：-1
===2021-08-06 15:11:34.977===
额外条件未满足


===============================================

==============2021-08-06 15:11:50==============
===6开始执行条件2021-08-06 15:11:48.196===
===开始判断价格条件2021-08-06 15:11:48.196===
===开始判断额外/转自动条件2021-08-06 15:11:48.365===
===2021-08-06 15:11:48.907===
股票：601865指定时间段判断-额外参数：
	分组名称：1
	走势名称：时间段
		条件不成立(当前时间：2021-08-06 15:11:48.196,条件时段：09:30:00-13:00:00)
	结果：未满足
===2021-08-06 15:11:48.907===
===2021-08-06 15:11:49.067===
股票：601865板块涨跌幅判断-额外参数：
	分组名称：1
	走势名称：发
		条件不成立(不符合板块涨跌幅条件)
	结果：未满足，返回code：-1
===2021-08-06 15:11:50.894===
额外条件未满足


===============================================

==============2021-08-06 15:12:09==============
===6开始执行条件2021-08-06 15:12:07.356===
===开始判断价格条件2021-08-06 15:12:07.356===
===开始判断额外/转自动条件2021-08-06 15:12:07.585===
===2021-08-06 15:12:07.671===
股票：601865指定时间段判断-额外参数：
	分组名称：1
	走势名称：时间段
		条件不成立(当前时间：2021-08-06 15:12:07.355,条件时段：09:30:00-13:00:00)
	结果：未满足
===2021-08-06 15:12:07.671===
===2021-08-06 15:12:07.780===
股票：601865板块涨跌幅判断-额外参数：
	分组名称：1
	走势名称：发
		条件不成立(不符合板块涨跌幅条件)
	结果：未满足，返回code：-1
===2021-08-06 15:12:09.097===
额外条件未满足


===============================================

==============2021-08-06 15:12:43==============
===6开始执行条件2021-08-06 15:12:42.865===
===开始判断价格条件2021-08-06 15:12:42.865===
===开始判断额外/转自动条件2021-08-06 15:12:43.048===
===2021-08-06 15:12:43.186===
股票：601865指定时间段判断-额外参数：
	分组名称：1
	走势名称：时间段
		条件不成立(当前时间：2021-08-06 15:12:42.865,条件时段：09:30:00-13:00:00)
	结果：未满足
===2021-08-06 15:12:43.186===
===2021-08-06 15:12:43.216===
股票：601865板块涨跌幅判断-额外参数：
	分组名称：1
	走势名称：发
		条件不成立(不符合板块涨跌幅条件)
	结果：未满足，返回code：-1
===2021-08-06 15:12:43.823===
额外条件未满足


===============================================

==============2021-08-06 15:13:52==============
===6开始执行条件2021-08-06 15:13:49.708===
===开始判断价格条件2021-08-06 15:13:49.708===
===开始判断额外/转自动条件2021-08-06 15:13:49.877===
===2021-08-06 15:13:50.002===
股票：601865指定时间段判断-额外参数：
	分组名称：1
	走势名称：时间段
		条件不成立(当前时间：2021-08-06 15:13:49.705,条件时段：09:30:00-13:00:00)
	结果：未满足
===2021-08-06 15:13:50.002===
===2021-08-06 15:13:50.133===
股票：601865板块涨跌幅判断-额外参数：
	分组名称：1
	走势名称：发
		条件不成立(不符合板块涨跌幅条件)
	结果：未满足，返回code：-1
===2021-08-06 15:13:52.137===
额外条件未满足


===============================================

==============2021-08-06 15:14:03==============
===6开始执行条件2021-08-06 15:14:02.767===
===开始判断价格条件2021-08-06 15:14:02.767===
===开始判断额外/转自动条件2021-08-06 15:14:02.845===
===2021-08-06 15:14:02.885===
股票：601865指定时间段判断-额外参数：
	分组名称：1
	走势名称：时间段
		条件不成立(当前时间：2021-08-06 15:14:02.766,条件时段：09:30:00-13:00:00)
	结果：未满足
===2021-08-06 15:14:02.885===
===2021-08-06 15:14:02.906===
股票：601865板块涨跌幅判断-额外参数：
	分组名称：1
	走势名称：发
		条件不成立(不符合板块涨跌幅条件)
	结果：未满足，返回code：-1
===2021-08-06 15:14:03.216===
额外条件未满足


===============================================

==============2021-08-06 15:26:50==============
===6开始执行条件2021-08-06 15:26:49.798===
===开始判断价格条件2021-08-06 15:26:49.798===
===开始判断额外/转自动条件2021-08-06 15:26:50.069===
===2021-08-06 15:26:50.159===
股票：601865指定时间段判断-额外参数：
	分组名称：1
	走势名称：时间段
		条件不成立(当前时间：2021-08-06 15:26:49.798,条件时段：09:30:00-13:00:00)
	结果：未满足
===2021-08-06 15:26:50.169===
===2021-08-06 15:26:50.200===
股票：601865板块涨跌幅判断-额外参数：
	分组名称：1
	走势名称：发
		条件不成立(不符合板块涨跌幅条件)
	结果：未满足，返回code：-1
===2021-08-06 15:26:50.872===
额外条件未满足


===============================================

==============2021-08-06 15:27:56==============
===6开始执行条件2021-08-06 15:27:54.413===
===开始判断价格条件2021-08-06 15:27:54.413===
===开始判断额外/转自动条件2021-08-06 15:27:54.699===
===2021-08-06 15:27:54.855===
股票：601865指定时间段判断-额外参数：
	分组名称：1
	走势名称：时间段
		条件不成立(当前时间：2021-08-06 15:27:54.412,条件时段：09:30:00-13:00:00)
	结果：未满足
===2021-08-06 15:27:54.855===
===2021-08-06 15:27:54.886===
股票：601865板块涨跌幅判断-额外参数：
	分组名称：1
	走势名称：发
		条件不成立(不符合板块涨跌幅条件)
	结果：未满足，返回code：-1
===2021-08-06 15:27:56.871===
额外条件未满足


===============================================

==============2021-08-06 15:28:29==============
===6开始执行条件2021-08-06 15:28:26.322===
===开始判断价格条件2021-08-06 15:28:26.322===
===开始判断额外/转自动条件2021-08-06 15:28:26.686===
===2021-08-06 15:28:27.174===
股票：601865指定时间段判断-额外参数：
	分组名称：1
	走势名称：时间段
		条件不成立(当前时间：2021-08-06 15:28:26.322,条件时段：09:30:00-13:00:00)
	结果：未满足
===2021-08-06 15:28:27.174===
===2021-08-06 15:28:27.299===
股票：601865板块涨跌幅判断-额外参数：
	分组名称：1
	走势名称：发
		条件不成立(不符合板块涨跌幅条件)
	结果：未满足，返回code：-1
===2021-08-06 15:28:29.548===
额外条件未满足


===============================================

==============2021-08-06 15:28:48==============
===6开始执行条件2021-08-06 15:28:45.316===
===开始判断价格条件2021-08-06 15:28:45.316===
===开始判断额外/转自动条件2021-08-06 15:28:45.622===
===2021-08-06 15:28:46.044===
股票：601865指定时间段判断-额外参数：
	分组名称：1
	走势名称：时间段
		条件不成立(当前时间：2021-08-06 15:28:45.307,条件时段：09:30:00-13:00:00)
	结果：未满足
===2021-08-06 15:28:46.045===
===2021-08-06 15:28:46.152===
股票：601865板块涨跌幅判断-额外参数：
	分组名称：1
	走势名称：发
		条件不成立(不符合板块涨跌幅条件)
	结果：未满足，返回code：-1
===2021-08-06 15:28:48.167===
额外条件未满足


===============================================

==============2021-08-06 15:29:57==============
===6开始执行条件2021-08-06 15:29:56.885===
===开始判断价格条件2021-08-06 15:29:56.885===
===开始判断额外/转自动条件2021-08-06 15:29:56.975===
===2021-08-06 15:29:57.022===
股票：601865指定时间段判断-额外参数：
	分组名称：1
	走势名称：时间段
		条件不成立(当前时间：2021-08-06 15:29:56.884,条件时段：09:30:00-13:00:00)
	结果：未满足
===2021-08-06 15:29:57.022===
===2021-08-06 15:29:57.041===
股票：601865板块涨跌幅判断-额外参数：
	分组名称：1
	走势名称：发
		条件不成立(不符合板块涨跌幅条件)
	结果：未满足，返回code：-1
===2021-08-06 15:29:57.284===
额外条件未满足


===============================================

==============2021-08-06 15:30:16==============
===6开始执行条件2021-08-06 15:30:13.496===
===开始判断价格条件2021-08-06 15:30:13.496===
===开始判断额外/转自动条件2021-08-06 15:30:13.802===
===2021-08-06 15:30:13.994===
股票：601865指定时间段判断-额外参数：
	分组名称：1
	走势名称：时间段
		条件不成立(当前时间：2021-08-06 15:30:13.496,条件时段：09:30:00-13:00:00)
	结果：未满足
===2021-08-06 15:30:13.994===
===2021-08-06 15:30:14.096===
股票：601865板块涨跌幅判断-额外参数：
	分组名称：1
	走势名称：发
		条件不成立(不符合板块涨跌幅条件)
	结果：未满足，返回code：-1
===2021-08-06 15:30:16.289===
额外条件未满足


===============================================

==============2021-08-06 15:30:36==============
===6开始执行条件2021-08-06 15:30:35.142===
===开始判断价格条件2021-08-06 15:30:35.142===
===开始判断额外/转自动条件2021-08-06 15:30:35.530===
===2021-08-06 15:30:35.882===
股票：601865指定时间段判断-额外参数：
	分组名称：1
	走势名称：时间段
		条件不成立(当前时间：2021-08-06 15:30:35.142,条件时段：09:30:00-13:00:00)
	结果：未满足
===2021-08-06 15:30:35.882===
===2021-08-06 15:30:35.898===
股票：601865板块涨跌幅判断-额外参数：
	分组名称：1
	走势名称：发
		条件不成立(不符合板块涨跌幅条件)
	结果：未满足，返回code：-1
===2021-08-06 15:30:36.076===
额外条件未满足


===============================================

==============2021-08-06 15:30:55==============
===6开始执行条件2021-08-06 15:30:52.632===
===开始判断价格条件2021-08-06 15:30:52.632===
===开始判断额外/转自动条件2021-08-06 15:30:52.994===
===2021-08-06 15:30:53.255===
股票：601865指定时间段判断-额外参数：
	分组名称：1
	走势名称：时间段
		条件不成立(当前时间：2021-08-06 15:30:52.631,条件时段：09:30:00-13:00:00)
	结果：未满足
===2021-08-06 15:30:53.256===
===2021-08-06 15:30:53.358===
股票：601865板块涨跌幅判断-额外参数：
	分组名称：1
	走势名称：发
		条件不成立(不符合板块涨跌幅条件)
	结果：未满足，返回code：-1
===2021-08-06 15:30:55.654===
额外条件未满足


===============================================

==============2021-08-06 15:31:10==============
===6开始执行条件2021-08-06 15:31:10.339===
===开始判断价格条件2021-08-06 15:31:10.339===
===开始判断额外/转自动条件2021-08-06 15:31:10.422===
===2021-08-06 15:31:10.477===
股票：601865指定时间段判断-额外参数：
	分组名称：1
	走势名称：时间段
		条件不成立(当前时间：2021-08-06 15:31:10.339,条件时段：09:30:00-13:00:00)
	结果：未满足
===2021-08-06 15:31:10.477===
===2021-08-06 15:31:10.498===
股票：601865板块涨跌幅判断-额外参数：
	分组名称：1
	走势名称：发
		条件不成立(不符合板块涨跌幅条件)
	结果：未满足，返回code：-1
===2021-08-06 15:31:10.700===
额外条件未满足


===============================================

==============2021-08-06 15:31:33==============
===6开始执行条件2021-08-06 15:31:28.645===
===开始判断价格条件2021-08-06 15:31:28.645===
===开始判断额外/转自动条件2021-08-06 15:31:29.882===
===2021-08-06 15:31:30.290===
股票：601865指定时间段判断-额外参数：
	分组名称：1
	走势名称：时间段
		条件不成立(当前时间：2021-08-06 15:31:28.640,条件时段：09:30:00-13:00:00)
	结果：未满足
===2021-08-06 15:31:30.290===
===2021-08-06 15:31:30.640===
股票：601865板块涨跌幅判断-额外参数：
	分组名称：1
	走势名称：发
		条件不成立(不符合板块涨跌幅条件)
	结果：未满足，返回code：-1
===2021-08-06 15:31:33.972===
额外条件未满足


===============================================

==============2021-08-06 15:31:51==============
===6开始执行条件2021-08-06 15:31:46.440===
===开始判断价格条件2021-08-06 15:31:46.440===
===开始判断额外/转自动条件2021-08-06 15:31:47.171===
===2021-08-06 15:31:47.831===
股票：601865指定时间段判断-额外参数：
	分组名称：1
	走势名称：时间段
		条件不成立(当前时间：2021-08-06 15:31:46.440,条件时段：09:30:00-13:00:00)
	结果：未满足
===2021-08-06 15:31:47.831===
===2021-08-06 15:31:48.488===
股票：601865板块涨跌幅判断-额外参数：
	分组名称：1
	走势名称：发
		条件不成立(不符合板块涨跌幅条件)
	结果：未满足，返回code：-1
===2021-08-06 15:31:51.614===
额外条件未满足


===============================================

==============2021-08-06 15:32:11==============
===6开始执行条件2021-08-06 15:32:08.401===
===开始判断价格条件2021-08-06 15:32:08.401===
===开始判断额外/转自动条件2021-08-06 15:32:08.700===
===2021-08-06 15:32:08.799===
股票：601865指定时间段判断-额外参数：
	分组名称：1
	走势名称：时间段
		条件不成立(当前时间：2021-08-06 15:32:08.401,条件时段：09:30:00-13:00:00)
	结果：未满足
===2021-08-06 15:32:08.799===
===2021-08-06 15:32:08.885===
股票：601865板块涨跌幅判断-额外参数：
	分组名称：1
	走势名称：发
		条件不成立(不符合板块涨跌幅条件)
	结果：未满足，返回code：-1
===2021-08-06 15:32:11.829===
额外条件未满足


===============================================

==============2021-08-06 15:32:28==============
===6开始执行条件2021-08-06 15:32:27.163===
===开始判断价格条件2021-08-06 15:32:27.163===
===开始判断额外/转自动条件2021-08-06 15:32:27.264===
===2021-08-06 15:32:27.437===
股票：601865指定时间段判断-额外参数：
	分组名称：1
	走势名称：时间段
		条件不成立(当前时间：2021-08-06 15:32:27.162,条件时段：09:30:00-13:00:00)
	结果：未满足
===2021-08-06 15:32:27.437===
===2021-08-06 15:32:27.769===
股票：601865板块涨跌幅判断-额外参数：
	分组名称：1
	走势名称：发
		条件不成立(不符合板块涨跌幅条件)
	结果：未满足，返回code：-1
===2021-08-06 15:32:28.960===
额外条件未满足


===============================================

==============2021-08-06 15:32:37==============
===6开始执行条件2021-08-06 15:32:37.121===
===开始判断价格条件2021-08-06 15:32:37.121===
===开始判断额外/转自动条件2021-08-06 15:32:37.322===
===2021-08-06 15:32:37.486===
股票：601865指定时间段判断-额外参数：
	分组名称：1
	走势名称：时间段
		条件不成立(当前时间：2021-08-06 15:32:37.121,条件时段：09:30:00-13:00:00)
	结果：未满足
===2021-08-06 15:32:37.486===
===2021-08-06 15:32:37.575===
股票：601865板块涨跌幅判断-额外参数：
	分组名称：1
	走势名称：发
		条件不成立(不符合板块涨跌幅条件)
	结果：未满足，返回code：-1
===2021-08-06 15:32:37.797===
额外条件未满足


===============================================

==============2021-08-06 15:32:51==============
===6开始执行条件2021-08-06 15:32:51.172===
===开始判断价格条件2021-08-06 15:32:51.172===
===开始判断额外/转自动条件2021-08-06 15:32:51.237===
===2021-08-06 15:32:51.286===
股票：601865指定时间段判断-额外参数：
	分组名称：1
	走势名称：时间段
		条件不成立(当前时间：2021-08-06 15:32:51.171,条件时段：09:30:00-13:00:00)
	结果：未满足
===2021-08-06 15:32:51.286===
===2021-08-06 15:32:51.311===
股票：601865板块涨跌幅判断-额外参数：
	分组名称：1
	走势名称：发
		条件不成立(不符合板块涨跌幅条件)
	结果：未满足，返回code：-1
===2021-08-06 15:32:51.548===
额外条件未满足


===============================================

==============2021-08-06 15:33:05==============
===6开始执行条件2021-08-06 15:33:02.589===
===开始判断价格条件2021-08-06 15:33:02.589===
===开始判断额外/转自动条件2021-08-06 15:33:02.824===
===2021-08-06 15:33:03.095===
股票：601865指定时间段判断-额外参数：
	分组名称：1
	走势名称：时间段
		条件不成立(当前时间：2021-08-06 15:33:02.589,条件时段：09:30:00-13:00:00)
	结果：未满足
===2021-08-06 15:33:03.095===
===2021-08-06 15:33:03.212===
股票：601865板块涨跌幅判断-额外参数：
	分组名称：1
	走势名称：发
		条件不成立(不符合板块涨跌幅条件)
	结果：未满足，返回code：-1
===2021-08-06 15:33:05.339===
额外条件未满足


===============================================

==============2021-08-06 15:36:52==============
===6开始执行条件2021-08-06 15:33:20.503===
===开始判断价格条件2021-08-06 15:33:20.503===
===开始判断额外/转自动条件2021-08-06 15:35:54.732===
===2021-08-06 15:35:55.410===
股票：601865指定时间段判断-额外参数：
	分组名称：1
	走势名称：时间段
		条件不成立(当前时间：2021-08-06 15:33:20.502,条件时段：09:30:00-13:00:00)
	结果：未满足
===2021-08-06 15:35:55.410===
===2021-08-06 15:36:07.927===
股票：601865板块涨跌幅判断-额外参数：
	分组名称：1
	走势名称：发
		条件不成立(不符合板块涨跌幅条件)
	结果：未满足，返回code：-1
===2021-08-06 15:36:52.272===
额外条件未满足


===============================================

==============2021-08-06 15:38:09==============
===6开始执行条件2021-08-06 15:38:06.437===
===开始判断价格条件2021-08-06 15:38:06.437===
===开始判断额外/转自动条件2021-08-06 15:38:06.615===
===2021-08-06 15:38:07.058===
股票：601865指定时间段判断-额外参数：
	分组名称：1
	走势名称：时间段
		条件不成立(当前时间：2021-08-06 15:38:06.437,条件时段：09:30:00-13:00:00)
	结果：未满足
===2021-08-06 15:38:07.058===
===2021-08-06 15:38:07.207===
股票：601865板块涨跌幅判断-额外参数：
	分组名称：1
	走势名称：发
		条件不成立(不符合板块涨跌幅条件)
	结果：未满足，返回code：-1
===2021-08-06 15:38:09.609===
额外条件未满足


===============================================

==============2021-08-06 15:38:27==============
===6开始执行条件2021-08-06 15:38:27.385===
===开始判断价格条件2021-08-06 15:38:27.385===
===开始判断额外/转自动条件2021-08-06 15:38:27.488===
===2021-08-06 15:38:27.540===
股票：601865指定时间段判断-额外参数：
	分组名称：1
	走势名称：时间段
		条件不成立(当前时间：2021-08-06 15:38:27.385,条件时段：09:30:00-13:00:00)
	结果：未满足
===2021-08-06 15:38:27.540===
===2021-08-06 15:38:27.560===
股票：601865板块涨跌幅判断-额外参数：
	分组名称：1
	走势名称：发
		条件不成立(不符合板块涨跌幅条件)
	结果：未满足，返回code：-1
===2021-08-06 15:38:27.867===
额外条件未满足


===============================================

==============2021-08-06 15:40:25==============
===6开始执行条件2021-08-06 15:40:18.102===
===开始判断价格条件2021-08-06 15:40:18.102===
===开始判断额外/转自动条件2021-08-06 15:40:18.998===
===2021-08-06 15:40:20.092===
股票：601865指定时间段判断-额外参数：
	分组名称：1
	走势名称：时间段
		条件不成立(当前时间：2021-08-06 15:40:18.102,条件时段：09:30:00-13:00:00)
	结果：未满足
===2021-08-06 15:40:20.092===
===2021-08-06 15:40:20.335===
股票：601865板块涨跌幅判断-额外参数：
	分组名称：1
	走势名称：发
		条件不成立(不符合板块涨跌幅条件)
	结果：未满足，返回code：-1
===2021-08-06 15:40:25.667===
额外条件未满足


===============================================

