2020/9/14 18:00:54
可卖出数量更新出错
System.ArgumentNullException: 值不能为 null。
参数名: connection
   在 System.Data.Entity.Utilities.Check.NotNull[T](T value, String parameterName)
   在 System.Data.Entity.Infrastructure.Interception.DbTransactionInterceptionContext.WithConnection(DbConnection connection)
   在 System.Data.Entity.Infrastructure.Interception.DbTransactionDispatcher.Rollback(DbTransaction transaction, DbInterceptionContext interceptionContext)
   在 System.Data.Entity.Core.EntityClient.EntityTransaction.Rollback()

2020/9/14 18:04:30
可卖出数量更新出错
System.ArgumentNullException: 值不能为 null。
参数名: connection
   在 System.Data.Entity.Utilities.Check.NotNull[T](T value, String parameterName)
   在 System.Data.Entity.Infrastructure.Interception.DbTransactionInterceptionContext.WithConnection(DbConnection connection)
   在 System.Data.Entity.Infrastructure.Interception.DbTransactionDispatcher.Rollback(DbTransaction transaction, DbInterceptionContext interceptionContext)
   在 System.Data.Entity.Core.EntityClient.EntityTransaction.Rollback()

2020/9/14 18:05:40
可卖出数量更新出错
System.ArgumentNullException: 值不能为 null。
参数名: connection
   在 System.Data.Entity.Utilities.Check.NotNull[T](T value, String parameterName)
   在 System.Data.Entity.Infrastructure.Interception.DbTransactionInterceptionContext.WithConnection(DbConnection connection)
   在 System.Data.Entity.Infrastructure.Interception.DbTransactionDispatcher.Rollback(DbTransaction transaction, DbInterceptionContext interceptionContext)
   在 System.Data.Entity.Core.EntityClient.EntityTransaction.Rollback()

