2021/11/3 10:27:19
===结束当天板块内股票快照缓存===


2021/11/3 10:27:19
===开始加载板块计算结果缓存===


2021/11/3 10:27:19
===结束加载板块计算结果缓存===


2021/11/3 10:27:19
监听队列已链接


2021/11/3 10:27:28
警戒线通知异常
System.InvalidOperationException: 可为空的对象必须具有一个值。
   在 System.ThrowHelper.ThrowInvalidOperationException(ExceptionResource resource)
   在 System.Nullable`1.get_Value()
   在 MealTicket_Handler.RunnerHandler.RunnerHelper.ClosingForce() 位置 F:\项目\饭票后端\MealTicket_Handler\RunnerHandler\RunnerHelper.cs:行号 776

2021/11/3 10:27:29
警戒线通知异常
System.InvalidOperationException: 可为空的对象必须具有一个值。
   在 System.ThrowHelper.ThrowInvalidOperationException(ExceptionResource resource)
   在 System.Nullable`1.get_Value()
   在 MealTicket_Handler.RunnerHandler.RunnerHelper.ClosingForce() 位置 F:\项目\饭票后端\MealTicket_Handler\RunnerHandler\RunnerHelper.cs:行号 776

2021/11/3 10:27:32
警戒线通知异常
System.InvalidOperationException: 可为空的对象必须具有一个值。
   在 System.ThrowHelper.ThrowInvalidOperationException(ExceptionResource resource)
   在 System.Nullable`1.get_Value()
   在 MealTicket_Handler.RunnerHandler.RunnerHelper.ClosingForce() 位置 F:\项目\饭票后端\MealTicket_Handler\RunnerHandler\RunnerHelper.cs:行号 776

2021/11/3 10:27:33
警戒线通知异常
System.InvalidOperationException: 可为空的对象必须具有一个值。
   在 System.ThrowHelper.ThrowInvalidOperationException(ExceptionResource resource)
   在 System.Nullable`1.get_Value()
   在 MealTicket_Handler.RunnerHandler.RunnerHelper.ClosingForce() 位置 F:\项目\饭票后端\MealTicket_Handler\RunnerHandler\RunnerHelper.cs:行号 776

2021/11/3 10:27:34
警戒线通知异常
System.InvalidOperationException: 可为空的对象必须具有一个值。
   在 System.ThrowHelper.ThrowInvalidOperationException(ExceptionResource resource)
   在 System.Nullable`1.get_Value()
   在 MealTicket_Handler.RunnerHandler.RunnerHelper.ClosingForce() 位置 F:\项目\饭票后端\MealTicket_Handler\RunnerHandler\RunnerHelper.cs:行号 776

2021/11/3 10:27:34
警戒线通知异常
System.InvalidOperationException: 可为空的对象必须具有一个值。
   在 System.ThrowHelper.ThrowInvalidOperationException(ExceptionResource resource)
   在 System.Nullable`1.get_Value()
   在 MealTicket_Handler.RunnerHandler.RunnerHelper.ClosingForce() 位置 F:\项目\饭票后端\MealTicket_Handler\RunnerHandler\RunnerHelper.cs:行号 776

2021/11/3 10:27:38
警戒线通知异常
System.InvalidOperationException: 可为空的对象必须具有一个值。
   在 System.ThrowHelper.ThrowInvalidOperationException(ExceptionResource resource)
   在 System.Nullable`1.get_Value()
   在 MealTicket_Handler.RunnerHandler.RunnerHelper.ClosingForce() 位置 F:\项目\饭票后端\MealTicket_Handler\RunnerHandler\RunnerHelper.cs:行号 776

2021/11/3 10:27:41
警戒线通知异常
System.InvalidOperationException: 可为空的对象必须具有一个值。
   在 System.ThrowHelper.ThrowInvalidOperationException(ExceptionResource resource)
   在 System.Nullable`1.get_Value()
   在 MealTicket_Handler.RunnerHandler.RunnerHelper.ClosingForce() 位置 F:\项目\饭票后端\MealTicket_Handler\RunnerHandler\RunnerHelper.cs:行号 776

