2021/8/23 19:07:30
====开始扔队列2021-08-23 19:07:30.589====


2021/8/23 19:07:30
====结束扔队列2021-08-23 19:07:30.683====


2021/8/23 19:08:35
监听队列已链接


2021/8/23 19:08:40
====开始扔队列2021-08-23 19:08:40.461====


2021/8/23 19:08:46
====结束扔队列2021-08-23 19:08:46.220====


2021/8/23 19:08:52
====开始更新1分钟k线数据2021-08-23 19:08:52.841====


2021/8/23 19:08:54
====结束更新1分钟k线数据2021-08-23 19:08:54.145====


2021/8/23 19:08:55
====开始加载到缓存2021-08-23 19:08:55.128====


2021/8/23 19:09:07
====结束加载到缓存2021-08-23 19:09:07.091====


2021/8/23 19:09:07
====开始导入其他k线数据2021-08-23 19:09:07.110====


2021/8/23 19:09:16
====占用时间1开始：type=3,2021-08-23 19:09:16.906====


2021/8/23 19:09:16
====占用时间1开始：type=2,2021-08-23 19:09:16.912====


2021/8/23 19:09:16
====占用时间1结束：type=2,2021-08-23 19:09:16.952====


2021/8/23 19:09:24
====占用时间1结束：type=3,2021-08-23 19:09:24.424====


2021/8/23 19:09:24
====占用时间1开始：type=4,2021-08-23 19:09:24.476====


2021/8/23 19:09:24
====占用时间1结束：type=4,2021-08-23 19:09:24.488====


2021/8/23 19:09:24
====占用时间1开始：type=1,2021-08-23 19:09:24.489====


2021/8/23 19:09:24
====占用时间1开始：type=8,2021-08-23 19:09:24.491====


2021/8/23 19:09:24
====占用时间1结束：type=1,2021-08-23 19:09:24.492====


2021/8/23 19:09:24
====占用时间1开始：type=6,2021-08-23 19:09:24.501====


2021/8/23 19:09:24
====占用时间1开始：type=7,2021-08-23 19:09:24.502====


2021/8/23 19:09:24
====占用时间1结束：type=7,2021-08-23 19:09:24.505====


2021/8/23 19:09:24
====占用时间1结束：type=8,2021-08-23 19:09:24.506====


2021/8/23 19:09:24
====占用时间1结束：type=6,2021-08-23 19:09:24.514====


2021/8/23 19:09:24
====占用时间1开始：type=5,2021-08-23 19:09:24.521====


2021/8/23 19:09:24
====占用时间1结束：type=5,2021-08-23 19:09:24.570====


2021/8/23 19:09:24
====占用时间1开始：type=9,2021-08-23 19:09:24.732====


2021/8/23 19:09:24
====占用时间1结束：type=9,2021-08-23 19:09:24.738====


2021/8/23 19:09:24
====结束导入其他k线数据2021-08-23 19:09:24.791====


2021/8/23 19:09:24
====开始扔队列2021-08-23 19:09:24.794====


2021/8/23 19:09:25
====结束扔队列2021-08-23 19:09:25.159====


2021/8/23 19:09:25
====开始更新1分钟k线数据2021-08-23 19:09:25.238====


2021/8/23 19:09:25
====结束更新1分钟k线数据2021-08-23 19:09:25.379====


2021/8/23 19:09:25
====开始加载到缓存2021-08-23 19:09:25.379====


2021/8/23 19:09:25
====结束加载到缓存2021-08-23 19:09:25.379====


2021/8/23 19:09:25
====开始导入其他k线数据2021-08-23 19:09:25.379====


2021/8/23 19:09:25
====占用时间1开始：type=1,2021-08-23 19:09:25.738====


2021/8/23 19:09:25
====占用时间1结束：type=1,2021-08-23 19:09:25.768====


2021/8/23 19:09:25
====占用时间1开始：type=3,2021-08-23 19:09:25.951====


2021/8/23 19:09:25
====占用时间1结束：type=3,2021-08-23 19:09:25.972====


2021/8/23 19:09:26
====占用时间1开始：type=4,2021-08-23 19:09:26.367====


2021/8/23 19:09:26
====占用时间1结束：type=4,2021-08-23 19:09:26.371====


2021/8/23 19:09:26
====占用时间1开始：type=2,2021-08-23 19:09:26.377====


2021/8/23 19:09:26
====占用时间1结束：type=2,2021-08-23 19:09:26.381====


2021/8/23 19:09:26
====占用时间1开始：type=8,2021-08-23 19:09:26.509====


2021/8/23 19:09:26
====占用时间1结束：type=8,2021-08-23 19:09:26.516====


2021/8/23 19:09:26
====占用时间1开始：type=7,2021-08-23 19:09:26.760====


2021/8/23 19:09:26
====占用时间1结束：type=7,2021-08-23 19:09:26.763====


2021/8/23 19:09:26
====占用时间1开始：type=6,2021-08-23 19:09:26.771====


2021/8/23 19:09:26
====占用时间1结束：type=6,2021-08-23 19:09:26.807====


2021/8/23 19:09:26
====占用时间1开始：type=5,2021-08-23 19:09:26.808====


2021/8/23 19:09:26
====占用时间1结束：type=5,2021-08-23 19:09:26.817====


2021/8/23 19:09:26
====占用时间1开始：type=9,2021-08-23 19:09:26.904====


2021/8/23 19:09:26
====占用时间1结束：type=9,2021-08-23 19:09:26.907====


2021/8/23 19:09:26
====结束导入其他k线数据2021-08-23 19:09:26.984====


2021/8/23 19:09:28
====开始扔队列2021-08-23 19:09:28.160====


2021/8/23 19:09:28
====结束扔队列2021-08-23 19:09:28.544====


2021/8/23 19:09:28
====开始更新1分钟k线数据2021-08-23 19:09:28.611====


2021/8/23 19:09:29
====结束更新1分钟k线数据2021-08-23 19:09:29.026====


2021/8/23 19:09:29
====开始加载到缓存2021-08-23 19:09:29.026====


2021/8/23 19:09:29
====结束加载到缓存2021-08-23 19:09:29.027====


2021/8/23 19:09:29
====开始导入其他k线数据2021-08-23 19:09:29.027====


2021/8/23 19:09:29
====占用时间1开始：type=1,2021-08-23 19:09:29.330====


2021/8/23 19:09:29
====占用时间1结束：type=1,2021-08-23 19:09:29.336====


2021/8/23 19:09:29
====占用时间1开始：type=5,2021-08-23 19:09:29.541====


2021/8/23 19:09:29
====占用时间1结束：type=5,2021-08-23 19:09:29.544====


2021/8/23 19:09:29
====占用时间1开始：type=4,2021-08-23 19:09:29.565====


2021/8/23 19:09:29
====占用时间1结束：type=4,2021-08-23 19:09:29.568====


2021/8/23 19:09:29
====占用时间1开始：type=9,2021-08-23 19:09:29.604====


2021/8/23 19:09:29
====占用时间1结束：type=9,2021-08-23 19:09:29.607====


2021/8/23 19:09:29
====占用时间1开始：type=2,2021-08-23 19:09:29.629====


2021/8/23 19:09:29
====占用时间1结束：type=2,2021-08-23 19:09:29.637====


2021/8/23 19:09:30
====占用时间1开始：type=3,2021-08-23 19:09:30.303====


2021/8/23 19:09:30
====占用时间1结束：type=3,2021-08-23 19:09:30.306====


2021/8/23 19:09:30
====占用时间1开始：type=8,2021-08-23 19:09:30.344====


2021/8/23 19:09:30
====占用时间1结束：type=8,2021-08-23 19:09:30.346====


2021/8/23 19:09:30
====占用时间1开始：type=7,2021-08-23 19:09:30.689====


2021/8/23 19:09:30
====占用时间1结束：type=7,2021-08-23 19:09:30.696====


2021/8/23 19:09:30
====占用时间1开始：type=6,2021-08-23 19:09:30.722====


2021/8/23 19:09:30
====占用时间1结束：type=6,2021-08-23 19:09:30.724====


2021/8/23 19:09:30
====结束导入其他k线数据2021-08-23 19:09:30.775====


2021/8/23 19:09:31
====开始扔队列2021-08-23 19:09:31.548====


2021/8/23 19:09:31
====结束扔队列2021-08-23 19:09:31.616====


2021/8/23 19:09:31
====开始更新1分钟k线数据2021-08-23 19:09:31.666====


2021/8/23 19:09:31
====结束更新1分钟k线数据2021-08-23 19:09:31.760====


2021/8/23 19:09:31
====开始加载到缓存2021-08-23 19:09:31.760====


2021/8/23 19:09:31
====结束加载到缓存2021-08-23 19:09:31.760====


2021/8/23 19:09:31
====开始导入其他k线数据2021-08-23 19:09:31.760====


2021/8/23 19:09:31
====占用时间1开始：type=1,2021-08-23 19:09:31.997====


2021/8/23 19:09:32
====占用时间1结束：type=1,2021-08-23 19:09:32.000====


2021/8/23 19:09:32
====占用时间1开始：type=2,2021-08-23 19:09:32.271====


2021/8/23 19:09:32
====占用时间1结束：type=2,2021-08-23 19:09:32.275====


2021/8/23 19:09:32
====占用时间1开始：type=7,2021-08-23 19:09:32.282====


2021/8/23 19:09:32
====占用时间1结束：type=7,2021-08-23 19:09:32.290====


2021/8/23 19:09:32
====占用时间1开始：type=4,2021-08-23 19:09:32.653====


2021/8/23 19:09:32
====占用时间1结束：type=4,2021-08-23 19:09:32.656====


2021/8/23 19:09:33
====占用时间1开始：type=9,2021-08-23 19:09:33.093====


2021/8/23 19:09:33
====占用时间1结束：type=9,2021-08-23 19:09:33.095====


2021/8/23 19:09:33
====占用时间1开始：type=6,2021-08-23 19:09:33.122====


2021/8/23 19:09:33
====占用时间1开始：type=8,2021-08-23 19:09:33.125====


2021/8/23 19:09:33
====占用时间1结束：type=6,2021-08-23 19:09:33.125====


2021/8/23 19:09:33
====占用时间1结束：type=8,2021-08-23 19:09:33.128====


2021/8/23 19:09:33
====占用时间1开始：type=3,2021-08-23 19:09:33.169====


2021/8/23 19:09:33
====占用时间1结束：type=3,2021-08-23 19:09:33.172====


2021/8/23 19:09:33
====占用时间1开始：type=5,2021-08-23 19:09:33.236====


2021/8/23 19:09:33
====占用时间1结束：type=5,2021-08-23 19:09:33.238====


2021/8/23 19:09:33
====结束导入其他k线数据2021-08-23 19:09:33.292====


2021/8/23 19:09:34
====开始扔队列2021-08-23 19:09:34.617====


2021/8/23 19:09:34
====结束扔队列2021-08-23 19:09:34.677====


2021/8/23 19:09:34
====开始更新1分钟k线数据2021-08-23 19:09:34.982====


2021/8/23 19:09:35
====结束更新1分钟k线数据2021-08-23 19:09:35.060====


2021/8/23 19:09:35
====开始加载到缓存2021-08-23 19:09:35.060====


2021/8/23 19:09:35
====结束加载到缓存2021-08-23 19:09:35.060====


2021/8/23 19:09:35
====开始导入其他k线数据2021-08-23 19:09:35.060====


2021/8/23 19:09:35
====占用时间1开始：type=3,2021-08-23 19:09:35.416====


2021/8/23 19:09:35
====占用时间1结束：type=3,2021-08-23 19:09:35.419====


2021/8/23 19:09:35
====占用时间1开始：type=8,2021-08-23 19:09:35.591====


2021/8/23 19:09:35
====占用时间1结束：type=8,2021-08-23 19:09:35.593====


2021/8/23 19:09:35
====占用时间1开始：type=7,2021-08-23 19:09:35.624====


2021/8/23 19:09:35
====占用时间1结束：type=7,2021-08-23 19:09:35.627====


2021/8/23 19:09:35
====占用时间1开始：type=4,2021-08-23 19:09:35.641====


2021/8/23 19:09:35
====占用时间1结束：type=4,2021-08-23 19:09:35.657====


2021/8/23 19:09:35
====占用时间1开始：type=1,2021-08-23 19:09:35.882====


2021/8/23 19:09:35
====占用时间1结束：type=1,2021-08-23 19:09:35.885====


2021/8/23 19:09:35
====占用时间1开始：type=9,2021-08-23 19:09:35.986====


2021/8/23 19:09:35
====占用时间1结束：type=9,2021-08-23 19:09:35.989====


2021/8/23 19:09:36
====占用时间1开始：type=6,2021-08-23 19:09:36.350====


2021/8/23 19:09:36
====占用时间1结束：type=6,2021-08-23 19:09:36.354====


2021/8/23 19:09:36
====占用时间1开始：type=5,2021-08-23 19:09:36.409====


2021/8/23 19:09:36
====占用时间1结束：type=5,2021-08-23 19:09:36.411====


2021/8/23 19:09:36
====占用时间1开始：type=2,2021-08-23 19:09:36.416====


2021/8/23 19:09:36
====占用时间1结束：type=2,2021-08-23 19:09:36.419====


2021/8/23 19:09:36
====结束导入其他k线数据2021-08-23 19:09:36.482====


2021/8/23 19:09:37
====开始扔队列2021-08-23 19:09:37.679====


2021/8/23 19:09:37
====结束扔队列2021-08-23 19:09:37.739====


2021/8/23 19:09:37
====开始更新1分钟k线数据2021-08-23 19:09:37.946====


2021/8/23 19:09:38
====结束更新1分钟k线数据2021-08-23 19:09:38.043====


2021/8/23 19:09:38
====开始加载到缓存2021-08-23 19:09:38.043====


2021/8/23 19:09:38
====结束加载到缓存2021-08-23 19:09:38.044====


2021/8/23 19:09:38
====开始导入其他k线数据2021-08-23 19:09:38.044====


2021/8/23 19:09:38
====占用时间1开始：type=2,2021-08-23 19:09:38.605====


2021/8/23 19:09:38
====占用时间1结束：type=2,2021-08-23 19:09:38.608====


2021/8/23 19:09:38
====占用时间1开始：type=5,2021-08-23 19:09:38.631====


2021/8/23 19:09:38
====占用时间1结束：type=5,2021-08-23 19:09:38.661====


2021/8/23 19:09:38
====占用时间1开始：type=6,2021-08-23 19:09:38.711====


2021/8/23 19:09:38
====占用时间1结束：type=6,2021-08-23 19:09:38.715====


2021/8/23 19:09:38
====占用时间1开始：type=4,2021-08-23 19:09:38.721====


2021/8/23 19:09:38
====占用时间1结束：type=4,2021-08-23 19:09:38.724====


2021/8/23 19:09:38
====占用时间1开始：type=9,2021-08-23 19:09:38.750====


2021/8/23 19:09:38
====占用时间1结束：type=9,2021-08-23 19:09:38.781====


2021/8/23 19:09:38
====占用时间1开始：type=1,2021-08-23 19:09:38.933====


2021/8/23 19:09:38
====占用时间1结束：type=1,2021-08-23 19:09:38.936====


2021/8/23 19:09:39
====占用时间1开始：type=7,2021-08-23 19:09:39.657====


2021/8/23 19:09:39
====占用时间1开始：type=3,2021-08-23 19:09:39.658====


2021/8/23 19:09:39
====占用时间1结束：type=7,2021-08-23 19:09:39.663====


2021/8/23 19:09:39
====占用时间1结束：type=3,2021-08-23 19:09:39.663====


2021/8/23 19:09:39
====占用时间1开始：type=8,2021-08-23 19:09:39.853====


2021/8/23 19:09:39
====占用时间1结束：type=8,2021-08-23 19:09:39.855====


2021/8/23 19:09:39
====结束导入其他k线数据2021-08-23 19:09:39.900====


2021/8/23 19:09:40
====开始扔队列2021-08-23 19:09:40.740====


2021/8/23 19:09:40
====结束扔队列2021-08-23 19:09:40.940====


2021/8/23 19:09:41
====开始更新1分钟k线数据2021-08-23 19:09:41.007====


2021/8/23 19:09:41
====结束更新1分钟k线数据2021-08-23 19:09:41.080====


2021/8/23 19:09:41
====开始加载到缓存2021-08-23 19:09:41.080====


2021/8/23 19:09:41
====结束加载到缓存2021-08-23 19:09:41.080====


2021/8/23 19:09:41
====开始导入其他k线数据2021-08-23 19:09:41.080====


2021/8/23 19:09:41
====占用时间1开始：type=5,2021-08-23 19:09:41.606====


2021/8/23 19:09:41
====占用时间1结束：type=5,2021-08-23 19:09:41.609====


2021/8/23 19:09:41
====占用时间1开始：type=2,2021-08-23 19:09:41.630====


2021/8/23 19:09:41
====占用时间1结束：type=2,2021-08-23 19:09:41.641====


2021/8/23 19:09:42
====占用时间1开始：type=1,2021-08-23 19:09:42.028====


2021/8/23 19:09:42
====占用时间1开始：type=9,2021-08-23 19:09:42.037====


2021/8/23 19:09:42
====占用时间1开始：type=6,2021-08-23 19:09:42.038====


2021/8/23 19:09:42
====占用时间1结束：type=1,2021-08-23 19:09:42.039====


2021/8/23 19:09:42
====占用时间1结束：type=9,2021-08-23 19:09:42.041====


2021/8/23 19:09:42
====占用时间1结束：type=6,2021-08-23 19:09:42.041====


2021/8/23 19:09:42
====占用时间1开始：type=4,2021-08-23 19:09:42.239====


2021/8/23 19:09:42
====占用时间1结束：type=4,2021-08-23 19:09:42.242====


2021/8/23 19:09:42
====占用时间1开始：type=8,2021-08-23 19:09:42.614====


2021/8/23 19:09:42
====占用时间1结束：type=8,2021-08-23 19:09:42.616====


2021/8/23 19:09:42
====占用时间1开始：type=3,2021-08-23 19:09:42.895====


2021/8/23 19:09:42
====占用时间1结束：type=3,2021-08-23 19:09:42.897====


2021/8/23 19:09:43
====占用时间1开始：type=7,2021-08-23 19:09:43.035====


2021/8/23 19:09:43
====占用时间1结束：type=7,2021-08-23 19:09:43.038====


2021/8/23 19:09:43
====结束导入其他k线数据2021-08-23 19:09:43.102====


2021/8/23 19:09:43
====开始扔队列2021-08-23 19:09:43.941====


2021/8/23 19:09:44
====结束扔队列2021-08-23 19:09:44.016====


2021/8/23 19:09:44
====开始更新1分钟k线数据2021-08-23 19:09:44.333====


2021/8/23 19:09:44
====结束更新1分钟k线数据2021-08-23 19:09:44.431====


2021/8/23 19:09:44
====开始加载到缓存2021-08-23 19:09:44.432====


2021/8/23 19:09:44
====结束加载到缓存2021-08-23 19:09:44.432====


2021/8/23 19:09:44
====开始导入其他k线数据2021-08-23 19:09:44.432====


2021/8/23 19:09:44
====占用时间1开始：type=2,2021-08-23 19:09:44.947====


2021/8/23 19:09:44
====占用时间1结束：type=2,2021-08-23 19:09:44.957====


2021/8/23 19:09:44
====占用时间1开始：type=4,2021-08-23 19:09:44.994====


2021/8/23 19:09:44
====占用时间1结束：type=4,2021-08-23 19:09:44.997====


2021/8/23 19:09:45
====占用时间1开始：type=5,2021-08-23 19:09:45.037====


2021/8/23 19:09:45
====占用时间1结束：type=5,2021-08-23 19:09:45.040====


2021/8/23 19:09:45
====占用时间1开始：type=9,2021-08-23 19:09:45.062====


2021/8/23 19:09:45
====占用时间1开始：type=7,2021-08-23 19:09:45.085====


2021/8/23 19:09:45
====占用时间1开始：type=1,2021-08-23 19:09:45.085====


2021/8/23 19:09:45
====占用时间1结束：type=9,2021-08-23 19:09:45.086====


2021/8/23 19:09:45
====占用时间1结束：type=7,2021-08-23 19:09:45.088====


2021/8/23 19:09:45
====占用时间1结束：type=1,2021-08-23 19:09:45.091====


2021/8/23 19:09:45
====占用时间1开始：type=3,2021-08-23 19:09:45.662====


2021/8/23 19:09:45
====占用时间1结束：type=3,2021-08-23 19:09:45.665====


2021/8/23 19:09:45
====占用时间1开始：type=8,2021-08-23 19:09:45.736====


2021/8/23 19:09:45
====占用时间1结束：type=8,2021-08-23 19:09:45.738====


