2021/12/3 13:27:01
===开始初始化最后一条数据缓存===


2021/12/3 13:27:01
类型（2）开始执行语句2021-12-03 13:27:01.353


2021/12/3 13:27:01
类型（7）开始执行语句2021-12-03 13:27:01.473


2021/12/3 13:27:01
类型（2）结束执行语句2021-12-03 13:27:01.483


2021/12/3 13:27:01
类型（2）缓存设置结束2021-12-03 13:27:01.483


2021/12/3 13:27:01
类型（7）结束执行语句2021-12-03 13:27:01.498


2021/12/3 13:27:01
类型（7）缓存设置结束2021-12-03 13:27:01.499


2021/12/3 13:27:01
===结束初始化最后一条数据缓存===


2021/12/3 13:27:01
===开始当天板块内股票快照缓存===


2021/12/3 13:27:02
===加载快照缓存===


2021/12/3 13:27:04
===加载快照缓存1===


2021/12/3 13:27:04
===加载快照缓存2===


2021/12/3 13:27:04
===加载快照缓存3===


2021/12/3 13:27:04
===加载快照缓存4===


2021/12/3 13:27:04
===结束当天板块内股票快照缓存===


2021/12/3 13:27:04
===开始加载板块计算结果缓存===


2021/12/3 13:27:04
类型（2）开始执行语句2021-12-03 13:27:04.846


2021/12/3 13:27:04
类型（7）开始执行语句2021-12-03 13:27:04.848


2021/12/3 13:27:05
类型（7）结束执行语句2021-12-03 13:27:05.009


2021/12/3 13:27:05
类型（7）缓存设置结束2021-12-03 13:27:05.010


2021/12/3 13:27:05
类型（2）结束执行语句2021-12-03 13:27:05.208


2021/12/3 13:27:05
类型（2）缓存设置结束2021-12-03 13:27:05.255


2021/12/3 13:27:05
===结束加载板块计算结果缓存===


2021/12/3 13:58:43
===开始初始化最后一条数据缓存===


2021/12/3 13:58:44
类型（2）开始执行语句2021-12-03 13:58:44.006


2021/12/3 13:58:44
类型（7）开始执行语句2021-12-03 13:58:44.058


2021/12/3 13:58:44
类型（7）结束执行语句2021-12-03 13:58:44.082


2021/12/3 13:58:44
类型（7）缓存设置结束2021-12-03 13:58:44.082


2021/12/3 13:58:46
类型（2）结束执行语句2021-12-03 13:58:46.308


2021/12/3 13:58:46
类型（2）缓存设置结束2021-12-03 13:58:46.308


2021/12/3 13:58:46
===结束初始化最后一条数据缓存===


2021/12/3 13:58:46
===开始当天板块内股票快照缓存===


2021/12/3 13:58:46
===加载快照缓存===


2021/12/3 13:58:48
===加载快照缓存1===


2021/12/3 13:58:48
===加载快照缓存2===


2021/12/3 13:58:51
===加载快照缓存3===


2021/12/3 13:58:51
===加载快照缓存4===


2021/12/3 13:58:51
更新当天板块内股票快照失败
System.Exception: 今日快照已更新
   在 MealTicket_Handler.SecurityBarsData.New2_IndexSecurityBarsDataTask.UpdateTodayPlateRelSnapshot() 位置 F:\项目\饭票后端\MealTicket_Handler\SecurityBarsData\新指数K线2\New2_IndexSecurityBarsDataTask.cs:行号 741

2021/12/3 13:58:51
===结束当天板块内股票快照缓存===


2021/12/3 13:58:51
===开始加载板块计算结果缓存===


2021/12/3 13:58:51
类型（2）开始执行语句2021-12-03 13:58:51.691


2021/12/3 13:58:51
类型（7）开始执行语句2021-12-03 13:58:51.708


2021/12/3 13:58:51
类型（7）结束执行语句2021-12-03 13:58:51.730


2021/12/3 13:58:51
类型（7）缓存设置结束2021-12-03 13:58:51.731


2021/12/3 13:58:55
类型（2）结束执行语句2021-12-03 13:58:55.636


2021/12/3 13:58:55
类型（2）缓存设置结束2021-12-03 13:58:55.636


2021/12/3 13:58:55
===结束加载板块计算结果缓存===


2021/12/3 14:00:02
监听队列已链接


