2021/8/20 17:52:16
监听队列已链接


2021/8/20 17:52:56
监听队列已链接


2021/8/20 17:53:36
需要更新K线的股票数据扔到队列失败
System.ArgumentNullException: 值不能为 null。
参数名: value
   在 Newtonsoft.Json.JsonConvert.DeserializeObject(String value, Type type, JsonSerializerSettings settings)
   在 Newtonsoft.Json.JsonConvert.DeserializeObject[T](String value, JsonSerializerSettings settings)
   在 Newtonsoft.Json.JsonConvert.DeserializeObject[T](String value)
   在 FXCommon.Common.SessionClient.Get[T](String key, Int32& errorCode) 位置 F:\项目\饭票后端\FXCommon\Common\SessionClient.cs:行号 50
   在 MealTicket_Handler.SecurityBarsData.SecurityBarsDataTask.SendTransactionShares(String taskGuid) 位置 F:\项目\饭票后端\MealTicket_Handler\SecurityBarsData\SecurityBarsDataTask.cs:行号 402
   在 MealTicket_Handler.SecurityBarsData.SecurityBarsDataTask.PushToDataUpDate(SecurityBarsDataTaskQueueInfo dataObj) 位置 F:\项目\饭票后端\MealTicket_Handler\SecurityBarsData\SecurityBarsDataTask.cs:行号 170

2021/8/20 17:54:17
需要更新K线的股票数据扔到队列失败
System.ArgumentNullException: 值不能为 null。
参数名: value
   在 Newtonsoft.Json.JsonConvert.DeserializeObject(String value, Type type, JsonSerializerSettings settings)
   在 Newtonsoft.Json.JsonConvert.DeserializeObject[T](String value, JsonSerializerSettings settings)
   在 Newtonsoft.Json.JsonConvert.DeserializeObject[T](String value)
   在 FXCommon.Common.SessionClient.Get[T](String key, Int32& errorCode) 位置 F:\项目\饭票后端\FXCommon\Common\SessionClient.cs:行号 50
   在 MealTicket_Handler.SecurityBarsData.SecurityBarsDataTask.SendTransactionShares(String taskGuid) 位置 F:\项目\饭票后端\MealTicket_Handler\SecurityBarsData\SecurityBarsDataTask.cs:行号 402
   在 MealTicket_Handler.SecurityBarsData.SecurityBarsDataTask.PushToDataUpDate(SecurityBarsDataTaskQueueInfo dataObj) 位置 F:\项目\饭票后端\MealTicket_Handler\SecurityBarsData\SecurityBarsDataTask.cs:行号 170

2021/8/20 17:54:43
需要更新K线的股票数据扔到队列失败
System.ArgumentNullException: 值不能为 null。
参数名: value
   在 Newtonsoft.Json.JsonConvert.DeserializeObject(String value, Type type, JsonSerializerSettings settings)
   在 Newtonsoft.Json.JsonConvert.DeserializeObject[T](String value, JsonSerializerSettings settings)
   在 Newtonsoft.Json.JsonConvert.DeserializeObject[T](String value)
   在 FXCommon.Common.SessionClient.Get[T](String key, Int32& errorCode) 位置 F:\项目\饭票后端\FXCommon\Common\SessionClient.cs:行号 50
   在 MealTicket_Handler.SecurityBarsData.SecurityBarsDataTask.SendTransactionShares(String taskGuid) 位置 F:\项目\饭票后端\MealTicket_Handler\SecurityBarsData\SecurityBarsDataTask.cs:行号 402
   在 MealTicket_Handler.SecurityBarsData.SecurityBarsDataTask.PushToDataUpDate(SecurityBarsDataTaskQueueInfo dataObj) 位置 F:\项目\饭票后端\MealTicket_Handler\SecurityBarsData\SecurityBarsDataTask.cs:行号 170

2021/8/20 18:03:54
监听队列已链接


