2021/10/14 18:04:04
监听队列已链接


2021/10/14 18:04:05
===开始计算===2021-10-14 18:04:05.791


2021/10/14 18:04:06
===开始数据扔入队列===2021-10-14 18:04:06.046


2021/10/14 18:04:06
===2.开始计算板块===2021-10-14 18:04:06.316


2021/10/14 18:22:37
更新当天板块内股票快照失败
System.Exception: 今日快照已更新
   在 MealTicket_Handler.SecurityBarsData.IndexSecurityBarsDataTask.UpdateTodayPlateRelSnapshot() 位置 F:\项目\饭票后端\MealTicket_Handler\SecurityBarsData\IndexSecurityBarsDataTask.cs:行号 1052

2021/10/14 18:23:18
监听队列已链接


2021/10/14 18:23:20
===开始计算===2021-10-14 18:23:20.934


2021/10/14 18:23:21
===开始数据扔入队列===2021-10-14 18:23:21.657


2021/10/14 18:23:21
===2.开始计算板块===2021-10-14 18:23:21.943


2021/10/14 18:24:35
===结束数据扔入队列===2021-10-14 18:24:35.682


