2021/12/24 10:26:30
===开始初始化最后一条数据缓存===


2021/12/24 10:26:30
类型（2）开始执行语句2021-12-24 10:26:30.703


2021/12/24 10:26:30
类型（7）开始执行语句2021-12-24 10:26:30.763


2021/12/24 10:26:30
类型（7）结束执行语句2021-12-24 10:26:30.796


2021/12/24 10:26:30
类型（7）缓存设置结束2021-12-24 10:26:30.801


2021/12/24 10:26:40
类型（2）结束执行语句2021-12-24 10:26:40.621


2021/12/24 10:26:41
类型（2）缓存设置结束2021-12-24 10:26:41.275


2021/12/24 10:26:41
===结束初始化最后一条数据缓存===


2021/12/24 10:26:41
===开始当天板块内股票快照缓存===


2021/12/24 10:26:41
===加载快照缓存===


2021/12/24 10:26:41
===加载快照缓存1===


2021/12/24 10:26:41
===加载快照缓存2===


2021/12/24 10:26:41
===加载快照缓存3===


2021/12/24 10:26:41
===加载快照缓存4===


2021/12/24 10:26:41
更新当天板块内股票快照失败
System.Exception: 今日快照已更新
   在 MealTicket_Handler.SecurityBarsData.New2_IndexSecurityBarsDataTask.UpdateTodayPlateRelSnapshot() 位置 F:\项目\饭票后端\MealTicket_Handler\SecurityBarsData\新指数K线2\New2_IndexSecurityBarsDataTask.cs:行号 741

2021/12/24 10:26:41
===结束当天板块内股票快照缓存===


2021/12/24 10:26:41
===开始加载板块计算结果缓存===


2021/12/24 15:02:09
===开始初始化最后一条数据缓存===


2021/12/24 15:02:09
类型（2）开始执行语句2021-12-24 15:02:09.767


2021/12/24 15:02:09
类型（7）开始执行语句2021-12-24 15:02:09.828


2021/12/24 15:02:10
类型（7）结束执行语句2021-12-24 15:02:10.774


2021/12/24 15:02:10
类型（7）缓存设置结束2021-12-24 15:02:10.786


2021/12/24 15:02:22
类型（2）结束执行语句2021-12-24 15:02:22.928


2021/12/24 15:02:23
类型（2）缓存设置结束2021-12-24 15:02:23.251


2021/12/24 15:02:23
===结束初始化最后一条数据缓存===


2021/12/24 15:02:27
===开始当天板块内股票快照缓存===


2021/12/24 15:02:30
===加载快照缓存===


2021/12/24 15:02:30
===加载快照缓存1===


2021/12/24 15:02:30
===加载快照缓存2===


2021/12/24 15:02:30
===加载快照缓存3===


2021/12/24 15:02:30
===加载快照缓存4===


2021/12/24 15:02:30
更新当天板块内股票快照失败
System.Exception: 今日快照已更新
   在 MealTicket_Handler.SecurityBarsData.New2_IndexSecurityBarsDataTask.UpdateTodayPlateRelSnapshot() 位置 F:\项目\饭票后端\MealTicket_Handler\SecurityBarsData\新指数K线2\New2_IndexSecurityBarsDataTask.cs:行号 741

2021/12/24 15:02:30
===结束当天板块内股票快照缓存===


2021/12/24 15:02:30
===开始加载板块计算结果缓存===


