2021/12/2 20:08:06
===开始初始化最后一条数据缓存===


2021/12/2 20:08:11
===结束初始化最后一条数据缓存===


2021/12/2 20:08:11
===开始当天板块内股票快照缓存===


2021/12/2 20:08:12
===加载快照缓存===


2021/12/2 20:08:14
===加载快照缓存1===


2021/12/2 20:08:14
===加载快照缓存2===


2021/12/2 20:08:15
===加载快照缓存3===


2021/12/2 20:08:15
===加载快照缓存4===


2021/12/2 20:08:15
更新当天板块内股票快照失败
System.Exception: 今日快照已更新
   在 MealTicket_Handler.SecurityBarsData.New2_IndexSecurityBarsDataTask.UpdateTodayPlateRelSnapshot() 位置 F:\项目\饭票后端\MealTicket_Handler\SecurityBarsData\新指数K线2\New2_IndexSecurityBarsDataTask.cs:行号 876

2021/12/2 20:08:15
===结束当天板块内股票快照缓存===


2021/12/2 20:08:15
===开始加载板块计算结果缓存===


2021/12/2 20:08:32
===结束加载板块计算结果缓存===


2021/12/2 22:18:36
===开始初始化最后一条数据缓存===


2021/12/2 22:18:36
类型（2）开始执行语句2021-12-02 22:18:36.950


2021/12/2 22:18:37
类型（7）开始执行语句2021-12-02 22:18:37.008


2021/12/2 22:18:37
类型（7）结束执行语句2021-12-02 22:18:37.135


2021/12/2 22:18:37
类型（2）结束执行语句2021-12-02 22:18:37.365


2021/12/2 22:18:39
类型（7）缓存设置结束2021-12-02 22:18:39.341


2021/12/2 22:18:41
类型（2）缓存设置结束2021-12-02 22:18:41.979


2021/12/2 22:18:41
===结束初始化最后一条数据缓存===


2021/12/2 22:18:42
===开始当天板块内股票快照缓存===


2021/12/2 22:18:42
===加载快照缓存===


2021/12/2 22:18:45
===加载快照缓存1===


2021/12/2 22:18:45
===加载快照缓存2===


2021/12/2 22:18:46
===加载快照缓存3===


2021/12/2 22:18:46
===加载快照缓存4===


2021/12/2 22:18:46
更新当天板块内股票快照失败
System.Exception: 今日快照已更新
   在 MealTicket_Handler.SecurityBarsData.New2_IndexSecurityBarsDataTask.UpdateTodayPlateRelSnapshot() 位置 F:\项目\饭票后端\MealTicket_Handler\SecurityBarsData\新指数K线2\New2_IndexSecurityBarsDataTask.cs:行号 752

2021/12/2 22:18:46
===结束当天板块内股票快照缓存===


2021/12/2 22:18:46
===开始加载板块计算结果缓存===


2021/12/2 22:18:46
类型（2）开始执行语句2021-12-02 22:18:46.535


2021/12/2 22:18:46
类型（7）开始执行语句2021-12-02 22:18:46.546


2021/12/2 22:18:46
类型（7）结束执行语句2021-12-02 22:18:46.822


2021/12/2 22:18:46
类型（7）缓存设置结束2021-12-02 22:18:46.833


2021/12/2 22:18:49
类型（2）结束执行语句2021-12-02 22:18:49.695


2021/12/2 22:19:06
类型（2）缓存设置结束2021-12-02 22:19:06.891


2021/12/2 22:19:06
===结束加载板块计算结果缓存===


2021/12/2 22:22:57
===开始初始化最后一条数据缓存===


2021/12/2 22:22:57
类型（2）开始执行语句2021-12-02 22:22:57.385


2021/12/2 22:22:57
类型（7）开始执行语句2021-12-02 22:22:57.619


2021/12/2 22:22:57
类型（7）结束执行语句2021-12-02 22:22:57.668


2021/12/2 22:22:57
类型（2）结束执行语句2021-12-02 22:22:57.671


2021/12/2 22:23:00
类型（2）缓存设置结束2021-12-02 22:23:00.920


2021/12/2 22:23:03
类型（7）缓存设置结束2021-12-02 22:23:03.005


2021/12/2 22:23:03
===结束初始化最后一条数据缓存===


2021/12/2 22:23:03
===开始当天板块内股票快照缓存===


2021/12/2 22:23:03
===加载快照缓存===


2021/12/2 22:23:06
===加载快照缓存1===


2021/12/2 22:23:06
===加载快照缓存2===


2021/12/2 22:23:07
===加载快照缓存3===


2021/12/2 22:23:07
===加载快照缓存4===


2021/12/2 22:23:07
更新当天板块内股票快照失败
System.Exception: 今日快照已更新
   在 MealTicket_Handler.SecurityBarsData.New2_IndexSecurityBarsDataTask.UpdateTodayPlateRelSnapshot() 位置 F:\项目\饭票后端\MealTicket_Handler\SecurityBarsData\新指数K线2\New2_IndexSecurityBarsDataTask.cs:行号 752

2021/12/2 22:23:07
===结束当天板块内股票快照缓存===


2021/12/2 22:23:07
===开始加载板块计算结果缓存===


2021/12/2 22:23:07
类型（2）开始执行语句2021-12-02 22:23:07.370


2021/12/2 22:23:07
类型（7）开始执行语句2021-12-02 22:23:07.381


2021/12/2 22:23:07
类型（7）结束执行语句2021-12-02 22:23:07.571


2021/12/2 22:28:04
===开始初始化最后一条数据缓存===


2021/12/2 22:28:04
类型（2）开始执行语句2021-12-02 22:28:04.732


2021/12/2 22:28:04
类型（7）开始执行语句2021-12-02 22:28:04.916


2021/12/2 22:28:04
类型（2）结束执行语句2021-12-02 22:28:04.934


2021/12/2 22:28:04
类型（7）结束执行语句2021-12-02 22:28:04.968


2021/12/2 22:28:08
类型（2）缓存设置结束2021-12-02 22:28:08.128


2021/12/2 22:28:10
类型（7）缓存设置结束2021-12-02 22:28:10.550


2021/12/2 22:28:10
===结束初始化最后一条数据缓存===


2021/12/2 22:28:11
===开始当天板块内股票快照缓存===


2021/12/2 22:28:11
===加载快照缓存===


2021/12/2 22:28:11
===加载快照缓存1===


2021/12/2 22:28:11
===加载快照缓存2===


2021/12/2 22:28:12
===加载快照缓存3===


2021/12/2 22:28:12
===加载快照缓存4===


2021/12/2 22:28:12
更新当天板块内股票快照失败
System.Exception: 今日快照已更新
   在 MealTicket_Handler.SecurityBarsData.New2_IndexSecurityBarsDataTask.UpdateTodayPlateRelSnapshot() 位置 F:\项目\饭票后端\MealTicket_Handler\SecurityBarsData\新指数K线2\New2_IndexSecurityBarsDataTask.cs:行号 742

2021/12/2 22:28:12
===结束当天板块内股票快照缓存===


2021/12/2 22:28:12
===开始加载板块计算结果缓存===


2021/12/2 22:28:12
类型（2）开始执行语句2021-12-02 22:28:12.815


2021/12/2 22:28:12
类型（7）开始执行语句2021-12-02 22:28:12.818


2021/12/2 22:28:13
类型（7）结束执行语句2021-12-02 22:28:13.024


2021/12/2 22:29:02
===开始初始化最后一条数据缓存===


2021/12/2 22:29:02
类型（2）开始执行语句2021-12-02 22:29:02.759


2021/12/2 22:29:03
类型（7）开始执行语句2021-12-02 22:29:03.002


2021/12/2 22:29:03
类型（2）结束执行语句2021-12-02 22:29:03.019


2021/12/2 22:29:03
类型（7）结束执行语句2021-12-02 22:29:03.058


2021/12/2 22:29:08
类型（2）缓存设置结束2021-12-02 22:29:08.102


2021/12/2 22:29:09
类型（7）缓存设置结束2021-12-02 22:29:09.088


2021/12/2 22:29:09
===结束初始化最后一条数据缓存===


2021/12/2 22:29:09
===开始当天板块内股票快照缓存===


2021/12/2 22:29:09
===加载快照缓存===


2021/12/2 22:29:11
===加载快照缓存1===


2021/12/2 22:29:11
===加载快照缓存2===


2021/12/2 22:29:11
===加载快照缓存3===


2021/12/2 22:29:11
===加载快照缓存4===


2021/12/2 22:29:11
更新当天板块内股票快照失败
System.Exception: 今日快照已更新
   在 MealTicket_Handler.SecurityBarsData.New2_IndexSecurityBarsDataTask.UpdateTodayPlateRelSnapshot() 位置 F:\项目\饭票后端\MealTicket_Handler\SecurityBarsData\新指数K线2\New2_IndexSecurityBarsDataTask.cs:行号 739

2021/12/2 22:29:11
===结束当天板块内股票快照缓存===


2021/12/2 22:29:11
===开始加载板块计算结果缓存===


2021/12/2 22:29:11
类型（2）开始执行语句2021-12-02 22:29:11.918


2021/12/2 22:29:11
类型（7）开始执行语句2021-12-02 22:29:11.942


2021/12/2 22:29:12
类型（7）结束执行语句2021-12-02 22:29:12.204


2021/12/2 22:29:12
类型（7）缓存设置结束2021-12-02 22:29:12.214


2021/12/2 22:29:14
类型（2）结束执行语句2021-12-02 22:29:14.793


2021/12/2 22:29:29
类型（2）缓存设置结束2021-12-02 22:29:29.687


2021/12/2 22:29:29
===结束加载板块计算结果缓存===


