2021/9/9 14:35:28
监听队列已链接


2021/9/9 14:35:31
===开始数据扔入队列===2021-09-09 14:35:31.099


2021/9/9 14:38:17
监听队列已链接


2021/9/9 14:38:20
===开始数据扔入队列===2021-09-09 14:38:20.430


2021/9/9 14:39:24
监听队列已链接


2021/9/9 14:39:26
===开始数据扔入队列===2021-09-09 14:39:26.792


2021/9/9 17:47:11
监听队列已链接


2021/9/9 17:48:35
每天补充年K有误
System.Net.WebException: 远程服务器返回错误: (504) 网关超时。
   在 System.Net.HttpWebRequest.GetResponse()
   在 FXCommon.Common.HtmlSender.Request(String content, String url, String type, Encoding encoding, String methord, String header) 位置 F:\项目\饭票后端\FXCommon\Common\HtmlSender.cs:行号 93
   在 MealTicket_Handler.SecurityBarsData.SecurityBarsDataTask.PushToDataUpDateAll() 位置 F:\项目\饭票后端\MealTicket_Handler\SecurityBarsData\SecurityBarsDataTask.cs:行号 255

2021/9/9 17:49:56
监听队列已链接


2021/9/9 17:50:55
===开始处理数据===2021-09-09 17:50:55.324


2021/9/9 17:51:06
===结束处理数据===2021-09-09 17:51:06.422


2021/9/9 17:51:23
===开始处理数据===2021-09-09 17:51:23.473


2021/9/9 17:51:28
===结束处理数据===2021-09-09 17:51:28.933


2021/9/9 17:51:36
===开始处理数据===2021-09-09 17:51:36.968


2021/9/9 17:51:47
===结束处理数据===2021-09-09 17:51:47.015


2021/9/9 17:51:50
===开始处理数据===2021-09-09 17:51:50.112


2021/9/9 17:51:50
===结束处理数据===2021-09-09 17:51:50.234


2021/9/9 17:51:50
===开始处理数据===2021-09-09 17:51:50.235


2021/9/9 17:51:50
===结束处理数据===2021-09-09 17:51:50.324


2021/9/9 17:51:50
===开始处理数据===2021-09-09 17:51:50.325


2021/9/9 17:51:50
===结束处理数据===2021-09-09 17:51:50.417


2021/9/9 17:51:50
===开始处理数据===2021-09-09 17:51:50.417


2021/9/9 17:51:50
===结束处理数据===2021-09-09 17:51:50.510


2021/9/9 17:51:50
===开始处理数据===2021-09-09 17:51:50.510


2021/9/9 17:51:50
===结束处理数据===2021-09-09 17:51:50.597


2021/9/9 17:51:50
===开始处理数据===2021-09-09 17:51:50.598


2021/9/9 17:51:50
===结束处理数据===2021-09-09 17:51:50.644


2021/9/9 17:51:50
===开始处理数据===2021-09-09 17:51:50.645


2021/9/9 17:51:50
===结束处理数据===2021-09-09 17:51:50.757


2021/9/9 17:51:50
===开始处理数据===2021-09-09 17:51:50.757


2021/9/9 17:51:50
===结束处理数据===2021-09-09 17:51:50.843


2021/9/9 17:51:50
===开始处理数据===2021-09-09 17:51:50.844


2021/9/9 17:51:50
===结束处理数据===2021-09-09 17:51:50.937


2021/9/9 17:51:50
===开始处理数据===2021-09-09 17:51:50.937


2021/9/9 17:51:51
===结束处理数据===2021-09-09 17:51:51.033


2021/9/9 17:51:51
===开始处理数据===2021-09-09 17:51:51.033


2021/9/9 17:51:51
===结束处理数据===2021-09-09 17:51:51.128


2021/9/9 17:51:51
===开始处理数据===2021-09-09 17:51:51.128


2021/9/9 17:51:51
===结束处理数据===2021-09-09 17:51:51.383


2021/9/9 17:51:51
===开始处理数据===2021-09-09 17:51:51.383


2021/9/9 17:51:51
===结束处理数据===2021-09-09 17:51:51.811


2021/9/9 17:51:51
===开始处理数据===2021-09-09 17:51:51.811


2021/9/9 17:51:51
===结束处理数据===2021-09-09 17:51:51.921


2021/9/9 17:51:51
===开始处理数据===2021-09-09 17:51:51.921


2021/9/9 17:51:52
===结束处理数据===2021-09-09 17:51:52.017


2021/9/9 17:51:52
===开始处理数据===2021-09-09 17:51:52.018


2021/9/9 17:51:52
===结束处理数据===2021-09-09 17:51:52.112


2021/9/9 17:52:54
监听队列已链接


