2021/12/7 9:08:26
===开始初始化最后一条数据缓存===


2021/12/7 9:08:26
类型（2）开始执行语句2021-12-07 09:08:26.898


2021/12/7 9:08:26
类型（7）开始执行语句2021-12-07 09:08:26.976


2021/12/7 9:08:27
类型（7）结束执行语句2021-12-07 09:08:27.016


2021/12/7 9:08:27
类型（7）缓存设置结束2021-12-07 09:08:27.017


2021/12/7 9:08:28
类型（2）结束执行语句2021-12-07 09:08:28.990


2021/12/7 9:08:28
类型（2）缓存设置结束2021-12-07 09:08:28.990


2021/12/7 9:08:28
===结束初始化最后一条数据缓存===


2021/12/7 9:08:29
===开始当天板块内股票快照缓存===


2021/12/7 9:08:30
===加载快照缓存===


2021/12/7 9:08:30
===加载快照缓存1===


2021/12/7 9:08:30
===加载快照缓存2===


2021/12/7 9:08:33
===加载快照缓存3===


2021/12/7 9:08:33
===加载快照缓存4===


2021/12/7 9:08:33
===结束当天板块内股票快照缓存===


2021/12/7 9:08:33
===开始加载板块计算结果缓存===


2021/12/7 9:08:33
类型（2）开始执行语句2021-12-07 09:08:33.245


2021/12/7 9:08:34
类型（7）开始执行语句2021-12-07 09:08:34.429


2021/12/7 9:08:34
类型（7）结束执行语句2021-12-07 09:08:34.874


2021/12/7 9:08:34
类型（7）缓存设置结束2021-12-07 09:08:34.875


2021/12/7 9:08:34
类型（2）结束执行语句2021-12-07 09:08:34.895


2021/12/7 9:08:34
类型（2）缓存设置结束2021-12-07 09:08:34.895


2021/12/7 9:08:34
===结束加载板块计算结果缓存===


2021/12/7 9:08:34
监听队列已链接


