2021/12/30 15:18:25
===开始初始化最后一条数据缓存===


2021/12/30 15:20:25
类型（2）开始执行语句2021-12-30 15:20:25.499


2021/12/30 15:20:25
最后一条数据缓存加载失败
System.ComponentModel.Win32Exception (0x80004005): 远程主机强迫关闭了一个现有的连接。

2021/12/30 15:20:25
类型（2）结束执行语句2021-12-30 15:20:25.818


2021/12/30 15:20:25
类型（2）缓存设置结束2021-12-30 15:20:25.825


2021/12/30 15:20:25
===结束初始化最后一条数据缓存===


2021/12/30 16:10:12
===开始初始化最后一条数据缓存===


2021/12/30 16:10:18
类型（2）开始执行语句2021-12-30 16:10:18.272


2021/12/30 16:10:19
类型（7）开始执行语句2021-12-30 16:10:19.003


2021/12/30 16:10:19
类型（2）结束执行语句2021-12-30 16:10:19.130


2021/12/30 16:10:19
类型（2）缓存设置结束2021-12-30 16:10:19.145


2021/12/30 16:10:19
类型（7）结束执行语句2021-12-30 16:10:19.161


2021/12/30 16:10:19
类型（7）缓存设置结束2021-12-30 16:10:19.180


2021/12/30 16:10:19
===结束初始化最后一条数据缓存===


2021/12/30 16:10:23
===开始当天板块内股票快照缓存===


2021/12/30 16:10:23
===加载快照缓存===


2021/12/30 16:10:23
===加载快照缓存1===


2021/12/30 16:10:23
===加载快照缓存2===


2021/12/30 16:10:23
===加载快照缓存3===


2021/12/30 16:10:23
===加载快照缓存4===


2021/12/30 16:10:24
更新当天板块内股票快照失败
System.Exception: 今日快照已更新
   在 MealTicket_Handler.SecurityBarsData.New2_IndexSecurityBarsDataTask.UpdateTodayPlateRelSnapshot() 位置 F:\项目\饭票后端\MealTicket_Handler\SecurityBarsData\新指数K线2\New2_IndexSecurityBarsDataTask.cs:行号 750

2021/12/30 16:10:24
===结束当天板块内股票快照缓存===


2021/12/30 16:10:24
===开始加载板块计算结果缓存===


2021/12/30 16:27:40
类型（7）开始执行语句2021-12-30 16:27:40.353


2021/12/30 18:30:59
===开始初始化最后一条数据缓存===


2021/12/30 18:30:59
类型（2）开始执行语句2021-12-30 18:30:59.061


2021/12/30 18:30:59
类型（7）开始执行语句2021-12-30 18:30:59.213


2021/12/30 18:30:59
类型（7）结束执行语句2021-12-30 18:30:59.246


2021/12/30 18:30:59
类型（7）缓存设置结束2021-12-30 18:30:59.252


2021/12/30 18:30:59
类型（2）结束执行语句2021-12-30 18:30:59.284


2021/12/30 18:30:59
类型（2）缓存设置结束2021-12-30 18:30:59.288


2021/12/30 18:30:59
===结束初始化最后一条数据缓存===


2021/12/30 18:30:59
===开始当天板块内股票快照缓存===


2021/12/30 18:30:59
===加载快照缓存===


2021/12/30 18:31:00
===加载快照缓存1===


2021/12/30 18:31:00
===加载快照缓存2===


2021/12/30 18:31:00
===加载快照缓存3===


2021/12/30 18:31:00
===加载快照缓存4===


2021/12/30 18:31:00
更新当天板块内股票快照失败
System.Exception: 今日快照已更新
   在 MealTicket_Handler.SecurityBarsData.New2_IndexSecurityBarsDataTask.UpdateTodayPlateRelSnapshot() 位置 F:\项目\饭票后端\MealTicket_Handler\SecurityBarsData\新指数K线2\New2_IndexSecurityBarsDataTask.cs:行号 750

2021/12/30 18:31:00
===结束当天板块内股票快照缓存===


2021/12/30 18:31:00
===开始加载板块计算结果缓存===


2021/12/30 18:31:00
类型（2）开始执行语句2021-12-30 18:31:00.390


2021/12/30 18:31:00
类型（7）开始执行语句2021-12-30 18:31:00.395


2021/12/30 18:31:00
类型（7）结束执行语句2021-12-30 18:31:00.544


2021/12/30 18:31:00
类型（7）缓存设置结束2021-12-30 18:31:00.547


2021/12/30 18:31:00
类型（2）结束执行语句2021-12-30 18:31:00.919


2021/12/30 18:31:04
类型（2）缓存设置结束2021-12-30 18:31:04.496


2021/12/30 18:31:04
===结束加载板块计算结果缓存===


2021/12/30 18:31:05
监听队列已链接


