2021/11/24 9:55:18
===开始初始化最后一条数据缓存===


2021/11/24 9:55:21
===结束初始化最后一条数据缓存===


2021/11/24 9:55:21
===开始当天板块内股票快照缓存===


2021/11/24 9:55:21
===加载快照缓存===


2021/11/24 9:55:21
===加载快照缓存1===


2021/11/24 9:55:21
===加载快照缓存2===


2021/11/24 9:55:21
===加载快照缓存3===


2021/11/24 9:55:21
===加载快照缓存4===


2021/11/24 9:55:21
===结束当天板块内股票快照缓存===


2021/11/24 9:55:21
===开始加载板块计算结果缓存===


2021/11/24 9:55:22
===结束加载板块计算结果缓存===


2021/11/24 9:55:45
监听队列已链接


2021/11/24 9:56:33
===开始初始化最后一条数据缓存===


2021/11/24 9:56:36
===结束初始化最后一条数据缓存===


2021/11/24 9:56:36
===开始当天板块内股票快照缓存===


2021/11/24 9:56:36
===加载快照缓存===


2021/11/24 9:56:36
===加载快照缓存1===


2021/11/24 9:56:36
===加载快照缓存2===


2021/11/24 9:56:36
===加载快照缓存3===


2021/11/24 9:56:36
===加载快照缓存4===


2021/11/24 9:56:36
更新当天板块内股票快照失败
System.Exception: 今日快照已更新
   在 MealTicket_Handler.SecurityBarsData.New2_IndexSecurityBarsDataTask.UpdateTodayPlateRelSnapshot() 位置 F:\项目\饭票后端\MealTicket_Handler\SecurityBarsData\新指数K线2\New2_IndexSecurityBarsDataTask.cs:行号 506

2021/11/24 9:56:36
===结束当天板块内股票快照缓存===


2021/11/24 9:56:36
===开始加载板块计算结果缓存===


2021/11/24 9:56:36
===结束加载板块计算结果缓存===


2021/11/24 9:56:54
监听队列已链接


2021/11/24 10:00:36
===开始初始化最后一条数据缓存===


2021/11/24 10:00:39
===结束初始化最后一条数据缓存===


2021/11/24 10:00:39
===开始当天板块内股票快照缓存===


2021/11/24 10:00:39
===加载快照缓存===


2021/11/24 10:00:39
===加载快照缓存1===


2021/11/24 10:00:39
===加载快照缓存2===


2021/11/24 10:00:39
===加载快照缓存3===


2021/11/24 10:00:39
===加载快照缓存4===


2021/11/24 10:00:39
更新当天板块内股票快照失败
System.Exception: 今日快照已更新
   在 MealTicket_Handler.SecurityBarsData.New2_IndexSecurityBarsDataTask.UpdateTodayPlateRelSnapshot() 位置 F:\项目\饭票后端\MealTicket_Handler\SecurityBarsData\新指数K线2\New2_IndexSecurityBarsDataTask.cs:行号 506

2021/11/24 10:00:39
===结束当天板块内股票快照缓存===


2021/11/24 10:00:39
===开始加载板块计算结果缓存===


2021/11/24 10:00:40
===结束加载板块计算结果缓存===


2021/11/24 10:00:41
监听队列已链接


2021/11/24 10:08:42
===开始初始化最后一条数据缓存===


2021/11/24 10:08:45
===结束初始化最后一条数据缓存===


2021/11/24 10:08:46
===开始当天板块内股票快照缓存===


2021/11/24 10:08:46
===加载快照缓存===


2021/11/24 10:08:46
===加载快照缓存1===


2021/11/24 10:08:46
===加载快照缓存2===


2021/11/24 10:08:46
===加载快照缓存3===


2021/11/24 10:08:46
===加载快照缓存4===


2021/11/24 10:08:46
更新当天板块内股票快照失败
System.Exception: 今日快照已更新
   在 MealTicket_Handler.SecurityBarsData.New2_IndexSecurityBarsDataTask.UpdateTodayPlateRelSnapshot() 位置 F:\项目\饭票后端\MealTicket_Handler\SecurityBarsData\新指数K线2\New2_IndexSecurityBarsDataTask.cs:行号 506

2021/11/24 10:08:46
===结束当天板块内股票快照缓存===


2021/11/24 10:08:46
===开始加载板块计算结果缓存===


2021/11/24 10:08:46
===结束加载板块计算结果缓存===


2021/11/24 10:08:46
监听队列已链接


2021/11/24 10:17:22
===开始初始化最后一条数据缓存===


2021/11/24 10:17:25
===结束初始化最后一条数据缓存===


2021/11/24 10:17:25
===开始当天板块内股票快照缓存===


2021/11/24 10:17:25
===加载快照缓存===


2021/11/24 10:17:25
===加载快照缓存1===


2021/11/24 10:17:25
===加载快照缓存2===


2021/11/24 10:17:25
===加载快照缓存3===


2021/11/24 10:17:25
===加载快照缓存4===


2021/11/24 10:17:25
更新当天板块内股票快照失败
System.Exception: 今日快照已更新
   在 MealTicket_Handler.SecurityBarsData.New2_IndexSecurityBarsDataTask.UpdateTodayPlateRelSnapshot() 位置 F:\项目\饭票后端\MealTicket_Handler\SecurityBarsData\新指数K线2\New2_IndexSecurityBarsDataTask.cs:行号 506

2021/11/24 10:17:25
===结束当天板块内股票快照缓存===


2021/11/24 10:17:25
===开始加载板块计算结果缓存===


2021/11/24 10:17:26
===结束加载板块计算结果缓存===


2021/11/24 10:17:26
监听队列已链接


2021/11/24 10:19:07
警戒线通知异常
System.InvalidOperationException: 可为空的对象必须具有一个值。
   在 System.ThrowHelper.ThrowInvalidOperationException(ExceptionResource resource)
   在 System.Nullable`1.get_Value()
   在 MealTicket_Handler.RunnerHandler.RunnerHelper.ClosingForce() 位置 F:\项目\饭票后端\MealTicket_Handler\RunnerHandler\RunnerHelper.cs:行号 776

2021/11/24 10:19:11
警戒线通知异常
System.InvalidOperationException: 可为空的对象必须具有一个值。
   在 System.ThrowHelper.ThrowInvalidOperationException(ExceptionResource resource)
   在 System.Nullable`1.get_Value()
   在 MealTicket_Handler.RunnerHandler.RunnerHelper.ClosingForce() 位置 F:\项目\饭票后端\MealTicket_Handler\RunnerHandler\RunnerHelper.cs:行号 776

2021/11/24 10:50:57
===开始初始化最后一条数据缓存===


2021/11/24 10:50:59
===结束初始化最后一条数据缓存===


2021/11/24 10:51:00
===开始当天板块内股票快照缓存===


2021/11/24 10:51:00
===加载快照缓存===


2021/11/24 10:51:00
===加载快照缓存1===


2021/11/24 10:51:00
===加载快照缓存2===


2021/11/24 10:51:00
===加载快照缓存3===


2021/11/24 10:51:00
===加载快照缓存4===


2021/11/24 10:51:00
更新当天板块内股票快照失败
System.Exception: 今日快照已更新
   在 MealTicket_Handler.SecurityBarsData.New2_IndexSecurityBarsDataTask.UpdateTodayPlateRelSnapshot() 位置 F:\项目\饭票后端\MealTicket_Handler\SecurityBarsData\新指数K线2\New2_IndexSecurityBarsDataTask.cs:行号 506

2021/11/24 10:51:00
===结束当天板块内股票快照缓存===


2021/11/24 10:51:00
===开始加载板块计算结果缓存===


2021/11/24 10:51:00
===结束加载板块计算结果缓存===


2021/11/24 10:51:00
监听队列已链接


2021/11/24 11:08:57
===开始初始化最后一条数据缓存===


2021/11/24 11:08:59
===结束初始化最后一条数据缓存===


2021/11/24 11:09:00
===开始当天板块内股票快照缓存===


2021/11/24 11:09:00
===加载快照缓存===


2021/11/24 11:09:00
===加载快照缓存1===


2021/11/24 11:09:00
===加载快照缓存2===


2021/11/24 11:09:00
===加载快照缓存3===


2021/11/24 11:09:00
===加载快照缓存4===


2021/11/24 11:09:00
更新当天板块内股票快照失败
System.Exception: 今日快照已更新
   在 MealTicket_Handler.SecurityBarsData.New2_IndexSecurityBarsDataTask.UpdateTodayPlateRelSnapshot() 位置 F:\项目\饭票后端\MealTicket_Handler\SecurityBarsData\新指数K线2\New2_IndexSecurityBarsDataTask.cs:行号 506

2021/11/24 11:09:00
===结束当天板块内股票快照缓存===


2021/11/24 11:09:00
===开始加载板块计算结果缓存===


2021/11/24 11:09:00
===结束加载板块计算结果缓存===


2021/11/24 11:09:00
监听队列已链接


2021/11/24 11:19:16
===开始初始化最后一条数据缓存===


2021/11/24 11:19:18
===结束初始化最后一条数据缓存===


2021/11/24 11:19:18
===开始当天板块内股票快照缓存===


2021/11/24 11:19:19
===加载快照缓存===


2021/11/24 11:19:19
===加载快照缓存1===


2021/11/24 11:19:19
===加载快照缓存2===


2021/11/24 11:19:19
===加载快照缓存3===


2021/11/24 11:19:19
===加载快照缓存4===


2021/11/24 11:19:19
更新当天板块内股票快照失败
System.Exception: 今日快照已更新
   在 MealTicket_Handler.SecurityBarsData.New2_IndexSecurityBarsDataTask.UpdateTodayPlateRelSnapshot() 位置 F:\项目\饭票后端\MealTicket_Handler\SecurityBarsData\新指数K线2\New2_IndexSecurityBarsDataTask.cs:行号 506

2021/11/24 11:19:19
===结束当天板块内股票快照缓存===


2021/11/24 11:19:19
===开始加载板块计算结果缓存===


2021/11/24 11:19:19
===结束加载板块计算结果缓存===


2021/11/24 11:19:19
监听队列已链接


2021/11/24 11:35:20
===开始初始化最后一条数据缓存===


2021/11/24 11:35:22
===结束初始化最后一条数据缓存===


2021/11/24 11:35:22
===开始当天板块内股票快照缓存===


2021/11/24 11:35:23
===加载快照缓存===


2021/11/24 11:35:23
===加载快照缓存1===


2021/11/24 11:35:23
===加载快照缓存2===


2021/11/24 11:35:23
===加载快照缓存3===


2021/11/24 11:35:23
===加载快照缓存4===


2021/11/24 11:35:23
更新当天板块内股票快照失败
System.Exception: 今日快照已更新
   在 MealTicket_Handler.SecurityBarsData.New2_IndexSecurityBarsDataTask.UpdateTodayPlateRelSnapshot() 位置 F:\项目\饭票后端\MealTicket_Handler\SecurityBarsData\新指数K线2\New2_IndexSecurityBarsDataTask.cs:行号 506

2021/11/24 11:35:23
===结束当天板块内股票快照缓存===


2021/11/24 11:35:23
===开始加载板块计算结果缓存===


2021/11/24 11:35:24
===结束加载板块计算结果缓存===


2021/11/24 11:35:24
监听队列已链接


2021/11/24 11:48:25
===开始初始化最后一条数据缓存===


2021/11/24 11:48:27
===结束初始化最后一条数据缓存===


2021/11/24 11:48:27
===开始当天板块内股票快照缓存===


2021/11/24 11:48:27
===加载快照缓存===


2021/11/24 11:48:27
===加载快照缓存1===


2021/11/24 11:48:27
===加载快照缓存2===


2021/11/24 11:48:27
===加载快照缓存3===


2021/11/24 11:48:27
===加载快照缓存4===


2021/11/24 11:48:27
更新当天板块内股票快照失败
System.Exception: 今日快照已更新
   在 MealTicket_Handler.SecurityBarsData.New2_IndexSecurityBarsDataTask.UpdateTodayPlateRelSnapshot() 位置 F:\项目\饭票后端\MealTicket_Handler\SecurityBarsData\新指数K线2\New2_IndexSecurityBarsDataTask.cs:行号 527

2021/11/24 11:48:28
===结束当天板块内股票快照缓存===


2021/11/24 11:48:28
===开始加载板块计算结果缓存===


2021/11/24 11:48:28
===结束加载板块计算结果缓存===


2021/11/24 11:48:28
监听队列已链接


2021/11/24 11:51:30
===开始初始化最后一条数据缓存===


2021/11/24 11:51:33
===结束初始化最后一条数据缓存===


2021/11/24 11:51:33
===开始当天板块内股票快照缓存===


2021/11/24 11:51:33
===加载快照缓存===


2021/11/24 11:51:33
===加载快照缓存1===


2021/11/24 11:51:33
===加载快照缓存2===


2021/11/24 11:51:34
===加载快照缓存3===


2021/11/24 11:51:34
===加载快照缓存4===


2021/11/24 11:51:34
更新当天板块内股票快照失败
System.Exception: 今日快照已更新
   在 MealTicket_Handler.SecurityBarsData.New2_IndexSecurityBarsDataTask.UpdateTodayPlateRelSnapshot() 位置 F:\项目\饭票后端\MealTicket_Handler\SecurityBarsData\新指数K线2\New2_IndexSecurityBarsDataTask.cs:行号 527

2021/11/24 11:51:34
===结束当天板块内股票快照缓存===


2021/11/24 11:51:34
===开始加载板块计算结果缓存===


2021/11/24 11:51:35
===结束加载板块计算结果缓存===


2021/11/24 11:51:36
监听队列已链接


2021/11/24 11:52:54
===开始初始化最后一条数据缓存===


2021/11/24 11:52:56
===结束初始化最后一条数据缓存===


2021/11/24 11:52:57
===开始当天板块内股票快照缓存===


2021/11/24 11:52:57
===加载快照缓存===


2021/11/24 11:52:57
===加载快照缓存1===


2021/11/24 11:52:57
===加载快照缓存2===


2021/11/24 11:52:57
===加载快照缓存3===


2021/11/24 11:52:57
===加载快照缓存4===


2021/11/24 11:52:57
更新当天板块内股票快照失败
System.Exception: 今日快照已更新
   在 MealTicket_Handler.SecurityBarsData.New2_IndexSecurityBarsDataTask.UpdateTodayPlateRelSnapshot() 位置 F:\项目\饭票后端\MealTicket_Handler\SecurityBarsData\新指数K线2\New2_IndexSecurityBarsDataTask.cs:行号 527

2021/11/24 11:52:57
===结束当天板块内股票快照缓存===


2021/11/24 11:52:57
===开始加载板块计算结果缓存===


2021/11/24 11:52:58
===结束加载板块计算结果缓存===


2021/11/24 11:52:58
监听队列已链接


