2021/12/13 11:10:12
===开始初始化最后一条数据缓存===


2021/12/13 11:10:12
类型（2）开始执行语句2021-12-13 11:10:12.726


2021/12/13 11:10:12
类型（7）开始执行语句2021-12-13 11:10:12.795


2021/12/13 11:10:13
类型（7）结束执行语句2021-12-13 11:10:13.020


2021/12/13 11:10:13
类型（7）缓存设置结束2021-12-13 11:10:13.020


2021/12/13 11:10:15
类型（2）结束执行语句2021-12-13 11:10:15.033


2021/12/13 11:10:15
类型（2）缓存设置结束2021-12-13 11:10:15.033


2021/12/13 11:10:15
===结束初始化最后一条数据缓存===


2021/12/13 11:10:15
===开始当天板块内股票快照缓存===


2021/12/13 11:10:16
===加载快照缓存===


2021/12/13 11:10:17
===加载快照缓存1===


2021/12/13 11:10:17
===加载快照缓存2===


2021/12/13 11:10:18
===加载快照缓存3===


2021/12/13 11:10:18
===加载快照缓存4===


2021/12/13 11:10:18
===结束当天板块内股票快照缓存===


2021/12/13 11:10:18
===开始加载板块计算结果缓存===


2021/12/13 11:10:18
类型（2）开始执行语句2021-12-13 11:10:18.307


2021/12/13 11:10:18
类型（7）开始执行语句2021-12-13 11:10:18.313


2021/12/13 11:10:18
类型（7）结束执行语句2021-12-13 11:10:18.440


2021/12/13 11:10:18
类型（7）缓存设置结束2021-12-13 11:10:18.440


2021/12/13 11:10:18
类型（2）结束执行语句2021-12-13 11:10:18.475


2021/12/13 11:10:18
类型（2）缓存设置结束2021-12-13 11:10:18.475


2021/12/13 11:10:18
===结束加载板块计算结果缓存===


2021/12/13 11:10:18
监听队列已链接


2021/12/13 11:14:52
===开始初始化最后一条数据缓存===


2021/12/13 11:14:53
类型（2）开始执行语句2021-12-13 11:14:53.016


2021/12/13 11:14:53
类型（2）结束执行语句2021-12-13 11:14:53.129


2021/12/13 11:14:53
类型（2）缓存设置结束2021-12-13 11:14:53.129


2021/12/13 11:14:53
类型（7）开始执行语句2021-12-13 11:14:53.135


2021/12/13 11:14:53
类型（7）结束执行语句2021-12-13 11:14:53.212


2021/12/13 11:14:53
类型（7）缓存设置结束2021-12-13 11:14:53.212


2021/12/13 11:14:53
===结束初始化最后一条数据缓存===


2021/12/13 11:14:53
===开始当天板块内股票快照缓存===


2021/12/13 11:14:53
===加载快照缓存===


2021/12/13 11:14:53
===加载快照缓存1===


2021/12/13 11:14:53
===加载快照缓存2===


2021/12/13 11:14:53
===加载快照缓存3===


2021/12/13 11:14:53
===加载快照缓存4===


2021/12/13 11:14:53
更新当天板块内股票快照失败
System.Exception: 今日快照已更新
   在 MealTicket_Handler.SecurityBarsData.New2_IndexSecurityBarsDataTask.UpdateTodayPlateRelSnapshot() 位置 F:\项目\饭票后端\MealTicket_Handler\SecurityBarsData\新指数K线2\New2_IndexSecurityBarsDataTask.cs:行号 742

2021/12/13 11:14:53
===结束当天板块内股票快照缓存===


2021/12/13 11:14:53
===开始加载板块计算结果缓存===


2021/12/13 11:14:53
类型（2）开始执行语句2021-12-13 11:14:53.931


2021/12/13 11:14:53
类型（7）开始执行语句2021-12-13 11:14:53.947


2021/12/13 11:14:53
类型（7）结束执行语句2021-12-13 11:14:53.975


2021/12/13 11:14:53
类型（7）缓存设置结束2021-12-13 11:14:53.975


2021/12/13 11:14:53
类型（2）结束执行语句2021-12-13 11:14:53.997


2021/12/13 11:14:53
类型（2）缓存设置结束2021-12-13 11:14:53.998


2021/12/13 11:14:53
===结束加载板块计算结果缓存===


2021/12/13 11:14:54
监听队列已链接


2021/12/13 18:49:29
===开始初始化最后一条数据缓存===


2021/12/13 18:49:29
类型（2）开始执行语句2021-12-13 18:49:29.423


2021/12/13 18:49:31
类型（2）结束执行语句2021-12-13 18:49:31.146


2021/12/13 18:49:31
类型（2）缓存设置结束2021-12-13 18:49:31.572


2021/12/13 18:49:52
最后一条数据缓存加载失败
System.ComponentModel.Win32Exception (0x80004005): 找不到网络路径。

2021/12/13 18:49:52
===结束初始化最后一条数据缓存===


2021/12/13 18:49:52
===开始当天板块内股票快照缓存===


2021/12/13 18:49:52
===加载快照缓存===


2021/12/13 18:49:54
===加载快照缓存1===


2021/12/13 18:49:54
===加载快照缓存2===


2021/12/13 18:49:55
===加载快照缓存3===


2021/12/13 18:49:55
===加载快照缓存4===


2021/12/13 18:49:55
更新当天板块内股票快照失败
System.Exception: 今日快照已更新
   在 MealTicket_Handler.SecurityBarsData.New2_IndexSecurityBarsDataTask.UpdateTodayPlateRelSnapshot() 位置 F:\项目\饭票后端\MealTicket_Handler\SecurityBarsData\新指数K线2\New2_IndexSecurityBarsDataTask.cs:行号 742

2021/12/13 18:49:55
===结束当天板块内股票快照缓存===


2021/12/13 18:49:55
===开始加载板块计算结果缓存===


2021/12/13 18:49:55
类型（2）开始执行语句2021-12-13 18:49:55.423


2021/12/13 18:49:55
板块计算结果缓存加载失败
System.ComponentModel.Win32Exception (0x80004005): 找不到网络路径。

2021/12/13 18:49:56
类型（2）结束执行语句2021-12-13 18:49:56.636


2021/12/13 18:50:09
类型（2）缓存设置结束2021-12-13 18:50:09.317


2021/12/13 18:50:09
===结束加载板块计算结果缓存===


2021/12/13 18:50:09
监听队列已链接


2021/12/13 18:59:50
监听队列链接断开


2021/12/13 18:59:51
启动队列监听出错
RabbitMQ.Client.Exceptions.AlreadyClosedException: Already closed: The AMQP operation was interrupted: AMQP close-reason, initiated by Library, code=541, text='Unexpected Exception', classId=0, methodId=0, cause=System.IO.IOException: 无法从传输连接中读取数据: 远程主机强迫关闭了一个现有的连接。。 ---> System.Net.Sockets.SocketException: 远程主机强迫关闭了一个现有的连接。
   在 System.Net.Sockets.Socket.Receive(Byte[] buffer, Int32 offset, Int32 size, SocketFlags socketFlags)
   在 System.Net.Sockets.NetworkStream.Read(Byte[] buffer, Int32 offset, Int32 size)
   --- 内部异常堆栈跟踪的结尾 ---
   在 System.Net.Sockets.NetworkStream.Read(Byte[] buffer, Int32 offset, Int32 size)
   在 System.IO.BufferedStream.ReadByte()
   在 RabbitMQ.Client.Impl.InboundFrame.ReadFrom(Stream reader)
   在 RabbitMQ.Client.Impl.SocketFrameHandler.ReadFrame()
   在 RabbitMQ.Client.Framing.Impl.Connection.MainLoopIteration()
   在 RabbitMQ.Client.Framing.Impl.Connection.MainLoop()
   在 RabbitMQ.Client.Framing.Impl.Connection.EnsureIsOpen()
   在 RabbitMQ.Client.Framing.Impl.AutorecoveringConnection.EnsureIsOpen()
   在 RabbitMQ.Client.Framing.Impl.AutorecoveringConnection.CreateModel()
   在 FXCommon.MqQueue.MQTask.ListenModelConnect() 位置 F:\项目\饭票后端\FXCommon\MqQueue\MQTask.cs:行号 190

2021/12/13 18:59:56
启动队列监听出错
RabbitMQ.Client.Exceptions.AlreadyClosedException: Already closed: The AMQP operation was interrupted: AMQP close-reason, initiated by Library, code=541, text='Unexpected Exception', classId=0, methodId=0, cause=System.IO.IOException: 无法从传输连接中读取数据: 远程主机强迫关闭了一个现有的连接。。 ---> System.Net.Sockets.SocketException: 远程主机强迫关闭了一个现有的连接。
   在 System.Net.Sockets.Socket.Receive(Byte[] buffer, Int32 offset, Int32 size, SocketFlags socketFlags)
   在 System.Net.Sockets.NetworkStream.Read(Byte[] buffer, Int32 offset, Int32 size)
   --- 内部异常堆栈跟踪的结尾 ---
   在 System.Net.Sockets.NetworkStream.Read(Byte[] buffer, Int32 offset, Int32 size)
   在 System.IO.BufferedStream.ReadByte()
   在 RabbitMQ.Client.Impl.InboundFrame.ReadFrom(Stream reader)
   在 RabbitMQ.Client.Impl.SocketFrameHandler.ReadFrame()
   在 RabbitMQ.Client.Framing.Impl.Connection.MainLoopIteration()
   在 RabbitMQ.Client.Framing.Impl.Connection.MainLoop()
   在 RabbitMQ.Client.Framing.Impl.Connection.EnsureIsOpen()
   在 RabbitMQ.Client.Framing.Impl.AutorecoveringConnection.EnsureIsOpen()
   在 RabbitMQ.Client.Framing.Impl.AutorecoveringConnection.CreateModel()
   在 FXCommon.MqQueue.MQTask.ListenModelConnect() 位置 F:\项目\饭票后端\FXCommon\MqQueue\MQTask.cs:行号 190

2021/12/13 18:59:59
监听队列已链接


2021/12/13 19:02:46
===开始初始化最后一条数据缓存===


2021/12/13 19:02:47
类型（2）开始执行语句2021-12-13 19:02:47.019


2021/12/13 19:02:47
类型（7）开始执行语句2021-12-13 19:02:47.097


2021/12/13 19:02:47
类型（2）结束执行语句2021-12-13 19:02:47.154


2021/12/13 19:02:47
类型（7）结束执行语句2021-12-13 19:02:47.161


2021/12/13 19:02:47
类型（7）缓存设置结束2021-12-13 19:02:47.162


2021/12/13 19:02:47
类型（2）缓存设置结束2021-12-13 19:02:47.183


2021/12/13 19:02:47
===结束初始化最后一条数据缓存===


2021/12/13 19:02:47
===开始当天板块内股票快照缓存===


2021/12/13 19:02:47
===加载快照缓存===


2021/12/13 19:02:47
===加载快照缓存1===


2021/12/13 19:02:47
===加载快照缓存2===


2021/12/13 19:02:47
===加载快照缓存3===


2021/12/13 19:02:47
===加载快照缓存4===


2021/12/13 19:02:47
更新当天板块内股票快照失败
System.Exception: 今日快照已更新
   在 MealTicket_Handler.SecurityBarsData.New2_IndexSecurityBarsDataTask.UpdateTodayPlateRelSnapshot() 位置 F:\项目\饭票后端\MealTicket_Handler\SecurityBarsData\新指数K线2\New2_IndexSecurityBarsDataTask.cs:行号 742

2021/12/13 19:02:47
===结束当天板块内股票快照缓存===


2021/12/13 19:02:47
===开始加载板块计算结果缓存===


2021/12/13 19:02:47
类型（2）开始执行语句2021-12-13 19:02:47.878


2021/12/13 19:02:47
类型（7）开始执行语句2021-12-13 19:02:47.930


2021/12/13 19:02:48
类型（7）结束执行语句2021-12-13 19:02:48.147


2021/12/13 19:02:48
类型（7）缓存设置结束2021-12-13 19:02:48.150


2021/12/13 19:02:49
类型（2）结束执行语句2021-12-13 19:02:49.293


2021/12/13 19:02:52
类型（2）缓存设置结束2021-12-13 19:02:52.879


2021/12/13 19:02:52
===结束加载板块计算结果缓存===


2021/12/13 19:02:52
监听队列已链接


