2022/6/28 12:36:52
===开始初始化最后一条数据缓存===


2022/6/28 12:37:29
最后一条数据缓存加载失败
System.ComponentModel.Win32Exception (0x80004005): 等待的操作过时。

2022/6/28 12:37:36
===结束初始化最后一条数据缓存===


2022/6/28 12:37:36
===开始当天板块内股票快照缓存===


2022/6/28 12:37:37
===加载快照缓存===


2022/6/28 12:37:38
===加载快照缓存1===


2022/6/28 12:37:38
===加载快照缓存2===


2022/6/28 12:37:40
===加载快照缓存3===


2022/6/28 12:37:40
===加载快照缓存4===


2022/6/28 12:37:40
更新当天板块内股票快照失败
System.Exception: 今日快照已更新
   在 MealTicket_Handler.SecurityBarsData.New2_IndexSecurityBarsDataTask.UpdateTodayPlateRelSnapshot()

2022/6/28 12:37:40
===结束当天板块内股票快照缓存===


2022/6/28 12:37:40
===结束加载板块计算结果缓存===


2022/6/28 12:37:40
监听队列已链接


