2022/1/6 9:51:39
===开始初始化最后一条数据缓存===


2022/1/6 9:51:39
===结束初始化最后一条数据缓存===


2022/1/6 9:51:40
===开始当天板块内股票快照缓存===


2022/1/6 9:51:40
===加载快照缓存===


2022/1/6 9:51:40
===加载快照缓存1===


2022/1/6 9:51:40
===加载快照缓存2===


2022/1/6 9:51:40
===加载快照缓存3===


2022/1/6 9:51:40
===加载快照缓存4===


2022/1/6 9:51:40
更新当天板块内股票快照失败
System.Exception: 今日快照已更新
   在 MealTicket_Handler.SecurityBarsData.New2_IndexSecurityBarsDataTask.UpdateTodayPlateRelSnapshot() 位置 F:\项目\饭票后端\MealTicket_Handler\SecurityBarsData\新指数K线2\New2_IndexSecurityBarsDataTask.cs:行号 744

2022/1/6 9:51:40
===结束当天板块内股票快照缓存===


2022/1/6 9:51:47
板块计算结果缓存加载失败
System.Data.SqlClient.SqlException (0x80131904): 表 't_shares_securitybarsdata_1day' 的索引 'index_groupTimeKey_only' (在 FROM 子句中指定)不存在。
   在 MealTicket_Handler.SecurityBarsData.New2_IndexSecurityBarsDataTask.<>c__DisplayClass18_1.<LoadPlateKlineSession>b__0(Object e) 位置 F:\项目\饭票后端\MealTicket_Handler\SecurityBarsData\新指数K线2\New2_IndexSecurityBarsDataTask.cs:行号 384
ClientConnectionId:d751de81-c40e-46a3-9a6c-7f98d1634501
Error Number:308,State:1,Class:16

2022/1/6 9:51:47
板块计算结果缓存加载失败
System.Data.SqlClient.SqlException (0x80131904): 表 't_shares_securitybarsdata_1min' 的索引 'index_groupTimeKey_only' (在 FROM 子句中指定)不存在。
   在 MealTicket_Handler.SecurityBarsData.New2_IndexSecurityBarsDataTask.<>c__DisplayClass18_1.<LoadPlateKlineSession>b__0(Object e) 位置 F:\项目\饭票后端\MealTicket_Handler\SecurityBarsData\新指数K线2\New2_IndexSecurityBarsDataTask.cs:行号 384
ClientConnectionId:da2173aa-d8a3-49c6-966c-a02e4de4e8a8
Error Number:308,State:1,Class:16

2022/1/6 9:51:47
===结束加载板块计算结果缓存===


2022/1/6 9:51:47
监听队列已链接


2022/1/6 9:54:46
===开始初始化最后一条数据缓存===


2022/1/6 9:54:46
===结束初始化最后一条数据缓存===


2022/1/6 9:54:46
===开始当天板块内股票快照缓存===


2022/1/6 9:54:46
===加载快照缓存===


2022/1/6 9:54:46
===加载快照缓存1===


2022/1/6 9:54:46
===加载快照缓存2===


2022/1/6 9:54:47
===加载快照缓存3===


2022/1/6 9:54:47
===加载快照缓存4===


2022/1/6 9:54:47
更新当天板块内股票快照失败
System.Exception: 今日快照已更新
   在 MealTicket_Handler.SecurityBarsData.New2_IndexSecurityBarsDataTask.UpdateTodayPlateRelSnapshot() 位置 F:\项目\饭票后端\MealTicket_Handler\SecurityBarsData\新指数K线2\New2_IndexSecurityBarsDataTask.cs:行号 744

2022/1/6 9:54:48
===结束当天板块内股票快照缓存===


2022/1/6 9:54:48
板块计算结果缓存加载失败
System.Data.SqlClient.SqlException (0x80131904): 表 't_shares_securitybarsdata_1min' 的索引 'index_groupTimeKey_only' (在 FROM 子句中指定)不存在。
   在 MealTicket_Handler.SecurityBarsData.New2_IndexSecurityBarsDataTask.<>c__DisplayClass18_1.<LoadPlateKlineSession>b__0(Object e) 位置 F:\项目\饭票后端\MealTicket_Handler\SecurityBarsData\新指数K线2\New2_IndexSecurityBarsDataTask.cs:行号 384
ClientConnectionId:52808465-9f21-4036-835c-446a10ef6f2a
Error Number:308,State:1,Class:16

2022/1/6 9:54:48
板块计算结果缓存加载失败
System.Data.SqlClient.SqlException (0x80131904): 表 't_shares_securitybarsdata_1day' 的索引 'index_groupTimeKey_only' (在 FROM 子句中指定)不存在。
   在 MealTicket_Handler.SecurityBarsData.New2_IndexSecurityBarsDataTask.<>c__DisplayClass18_1.<LoadPlateKlineSession>b__0(Object e) 位置 F:\项目\饭票后端\MealTicket_Handler\SecurityBarsData\新指数K线2\New2_IndexSecurityBarsDataTask.cs:行号 384
ClientConnectionId:007b6dd3-900c-4463-8a80-d6d5bbfee09e
Error Number:308,State:1,Class:16

2022/1/6 9:54:48
===结束加载板块计算结果缓存===


2022/1/6 9:54:48
监听队列已链接


