2022/1/5 15:01:49
===开始初始化最后一条数据缓存===


2022/1/5 15:01:49
===结束初始化最后一条数据缓存===


2022/1/5 15:01:50
===开始当天板块内股票快照缓存===


2022/1/5 15:01:50
===加载快照缓存===


2022/1/5 15:01:50
===加载快照缓存1===


2022/1/5 15:01:50
===加载快照缓存2===


2022/1/5 15:01:50
===加载快照缓存3===


2022/1/5 15:01:50
===加载快照缓存4===


2022/1/5 15:01:50
更新当天板块内股票快照失败
System.Exception: 今日快照已更新
   在 MealTicket_Handler.SecurityBarsData.New2_IndexSecurityBarsDataTask.UpdateTodayPlateRelSnapshot() 位置 F:\项目\饭票后端\MealTicket_Handler\SecurityBarsData\新指数K线2\New2_IndexSecurityBarsDataTask.cs:行号 744

2022/1/5 15:01:51
===结束当天板块内股票快照缓存===


