2022/4/30 19:50:44
===开始初始化最后一条数据缓存===


2022/4/30 19:50:44
===结束初始化最后一条数据缓存===


2022/4/30 19:50:44
===开始当天板块内股票快照缓存===


2022/4/30 19:50:45
===加载快照缓存===


2022/4/30 19:50:46
===加载快照缓存1===


2022/4/30 19:50:46
===加载快照缓存2===


2022/4/30 19:50:46
===加载快照缓存3===


2022/4/30 19:50:46
===加载快照缓存4===


2022/4/30 19:50:46
===结束当天板块内股票快照缓存===


2022/4/30 19:52:11
===开始初始化最后一条数据缓存===


2022/4/30 19:52:11
===结束初始化最后一条数据缓存===


2022/4/30 19:52:11
===开始当天板块内股票快照缓存===


2022/4/30 19:52:11
===加载快照缓存===


2022/4/30 19:52:12
===加载快照缓存1===


2022/4/30 19:52:12
===加载快照缓存2===


2022/4/30 19:52:12
===加载快照缓存3===


2022/4/30 19:52:12
===加载快照缓存4===


2022/4/30 19:52:12
更新当天板块内股票快照失败
System.Exception: 今日快照已更新
   在 MealTicket_Handler.SecurityBarsData.New2_IndexSecurityBarsDataTask.UpdateTodayPlateRelSnapshot() 位置 F:\项目\饭票后端\MealTicket_Handler\SecurityBarsData\新指数K线2\New2_IndexSecurityBarsDataTask.cs:行号 824

2022/4/30 19:52:12
===结束当天板块内股票快照缓存===


