==============2021-05-17 10:08:01==============
股票：300932历史涨跌幅判断-额外参数：
	分组名称：1
	走势名称：历史涨跌幅
	结果：未满足，返回code：-1
额外条件未满足


===============================================

==============2021-05-17 10:08:02==============
股票：300932历史涨跌幅判断-额外参数：
	分组名称：1
	走势名称：历史涨跌幅
	结果：未满足，返回code：-1
额外条件未满足


===============================================

==============2021-05-17 10:08:04==============
股票：300932历史涨跌幅判断-额外参数：
	分组名称：1
	走势名称：历史涨跌幅
	结果：未满足，返回code：-1
额外条件未满足


===============================================

==============2021-05-17 10:08:07==============
股票：300932历史涨跌幅判断-额外参数：
	分组名称：1
	走势名称：历史涨跌幅
	结果：未满足，返回code：-1
额外条件未满足


===============================================

==============2021-05-17 10:08:10==============
股票：300932历史涨跌幅判断-额外参数：
	分组名称：1
	走势名称：历史涨跌幅
	结果：未满足，返回code：-1
额外条件未满足


===============================================

==============2021-05-17 10:08:12==============
股票：300932历史涨跌幅判断-额外参数：
	分组名称：1
	走势名称：历史涨跌幅
	结果：未满足，返回code：-1
额外条件未满足


===============================================

==============2021-05-17 10:08:14==============
股票：300932历史涨跌幅判断-额外参数：
	分组名称：1
	走势名称：历史涨跌幅
	结果：未满足，返回code：-1
额外条件未满足


===============================================

==============2021-05-17 10:08:16==============
股票：300932历史涨跌幅判断-额外参数：
	分组名称：1
	走势名称：历史涨跌幅
	结果：未满足，返回code：-1
额外条件未满足


===============================================

==============2021-05-17 10:08:17==============
股票：300932历史涨跌幅判断-额外参数：
	分组名称：1
	走势名称：历史涨跌幅
	结果：未满足，返回code：-1
额外条件未满足


===============================================

==============2021-05-17 10:08:20==============
股票：300932历史涨跌幅判断-额外参数：
	分组名称：1
	走势名称：历史涨跌幅
	结果：未满足，返回code：-1
额外条件未满足


===============================================

==============2021-05-17 10:08:21==============
股票：300932历史涨跌幅判断-额外参数：
	分组名称：1
	走势名称：历史涨跌幅
	结果：未满足，返回code：-1
额外条件未满足


===============================================

==============2021-05-17 10:08:24==============
股票：300932历史涨跌幅判断-额外参数：
	分组名称：1
	走势名称：历史涨跌幅
	结果：未满足，返回code：-1
额外条件未满足


===============================================

==============2021-05-17 10:08:25==============
股票：300932历史涨跌幅判断-额外参数：
	分组名称：1
	走势名称：历史涨跌幅
	结果：未满足，返回code：-1
额外条件未满足


===============================================

==============2021-05-17 10:08:27==============
股票：300932历史涨跌幅判断-额外参数：
	分组名称：1
	走势名称：历史涨跌幅
	结果：未满足，返回code：-1
额外条件未满足


===============================================

==============2021-05-17 10:08:29==============
股票：300932历史涨跌幅判断-额外参数：
	分组名称：1
	走势名称：历史涨跌幅
	结果：未满足，返回code：-1
额外条件未满足


===============================================

==============2021-05-17 10:08:32==============
股票：300932历史涨跌幅判断-额外参数：
	分组名称：1
	走势名称：历史涨跌幅
	结果：未满足，返回code：-1
额外条件未满足


===============================================

==============2021-05-17 10:08:33==============
股票：300932历史涨跌幅判断-额外参数：
	分组名称：1
	走势名称：历史涨跌幅
	结果：未满足，返回code：-1
额外条件未满足


===============================================

==============2021-05-17 10:08:36==============
股票：300932历史涨跌幅判断-额外参数：
	分组名称：1
	走势名称：历史涨跌幅
	结果：未满足，返回code：-1
额外条件未满足


===============================================

==============2021-05-17 10:08:57==============
股票：300932历史涨跌幅判断-额外参数：
	分组名称：1
	走势名称：历史涨跌幅
	结果：未满足，返回code：-1
额外条件未满足


===============================================

==============2021-05-17 10:11:51==============
股票：300932历史涨跌幅判断-额外参数：
	分组名称：1
	走势名称：历史涨跌幅
	结果：未满足，返回code：-1
额外条件未满足


===============================================

==============2021-05-17 10:15:14==============
股票：300932历史涨跌幅判断-额外参数：
	分组名称：1
	走势名称：历史涨跌幅
	结果：未满足，返回code：-1
额外条件未满足


===============================================

==============2021-05-17 10:17:21==============
股票：300932历史涨跌幅判断-额外参数：
	分组名称：1
	走势名称：历史涨跌幅
	结果：未满足，返回code：-1
额外条件未满足


===============================================

==============2021-05-17 10:19:33==============
股票：300932历史涨跌幅判断-额外参数：
	分组名称：1
	走势名称：历史涨跌幅
	结果：未满足，返回code：-1
额外条件未满足


===============================================

==============2021-05-17 10:19:52==============
股票：300932历史涨跌幅判断-额外参数：
	分组名称：1
	走势名称：历史涨跌幅
	结果：未满足，返回code：-1
额外条件未满足


===============================================

==============2021-05-17 10:19:54==============
股票：300932历史涨跌幅判断-额外参数：
	分组名称：1
	走势名称：历史涨跌幅
	结果：未满足，返回code：-1
额外条件未满足


===============================================

==============2021-05-17 10:19:56==============
股票：300932历史涨跌幅判断-额外参数：
	分组名称：1
	走势名称：历史涨跌幅
	结果：未满足，返回code：-1
额外条件未满足


===============================================

==============2021-05-17 10:19:57==============
股票：300932历史涨跌幅判断-额外参数：
	分组名称：1
	走势名称：历史涨跌幅
	结果：未满足，返回code：-1
额外条件未满足


===============================================

==============2021-05-17 10:19:59==============
股票：300932历史涨跌幅判断-额外参数：
	分组名称：1
	走势名称：历史涨跌幅
	结果：未满足，返回code：-1
额外条件未满足


===============================================

==============2021-05-17 10:20:01==============
股票：300932历史涨跌幅判断-额外参数：
	分组名称：1
	走势名称：历史涨跌幅
	结果：未满足，返回code：-1
额外条件未满足


===============================================

==============2021-05-17 10:20:02==============
股票：300932历史涨跌幅判断-额外参数：
	分组名称：1
	走势名称：历史涨跌幅
	结果：未满足，返回code：-1
额外条件未满足


===============================================

==============2021-05-17 10:33:58==============
股票：300932历史涨跌幅判断-额外参数：
	分组名称：1
	走势名称：历史涨跌幅
	结果：未满足，返回code：-1
额外条件未满足


===============================================

==============2021-05-17 10:34:00==============
股票：300932历史涨跌幅判断-额外参数：
	分组名称：1
	走势名称：历史涨跌幅
	结果：未满足，返回code：-1
额外条件未满足


===============================================

==============2021-05-17 10:34:02==============
股票：300932历史涨跌幅判断-额外参数：
	分组名称：1
	走势名称：历史涨跌幅
	结果：未满足，返回code：-1
额外条件未满足


===============================================

==============2021-05-17 10:34:08==============
股票：300932历史涨跌幅判断-额外参数：
	分组名称：1
	走势名称：历史涨跌幅
	结果：未满足，返回code：-1
额外条件未满足


===============================================

==============2021-05-17 10:34:10==============
股票：300932历史涨跌幅判断-额外参数：
	分组名称：1
	走势名称：历史涨跌幅
	结果：未满足，返回code：-1
额外条件未满足


===============================================

==============2021-05-17 10:34:11==============
股票：300932历史涨跌幅判断-额外参数：
	分组名称：1
	走势名称：历史涨跌幅
	结果：未满足，返回code：-1
额外条件未满足


===============================================

==============2021-05-17 10:34:14==============
股票：300932历史涨跌幅判断-额外参数：
	分组名称：1
	走势名称：历史涨跌幅
	结果：未满足，返回code：-1
额外条件未满足


===============================================

==============2021-05-17 10:34:16==============
股票：300932历史涨跌幅判断-额外参数：
	分组名称：1
	走势名称：历史涨跌幅
	结果：未满足，返回code：-1
额外条件未满足


===============================================

==============2021-05-17 10:34:18==============
股票：300932历史涨跌幅判断-额外参数：
	分组名称：1
	走势名称：历史涨跌幅
	结果：未满足，返回code：-1
额外条件未满足


===============================================

==============2021-05-17 10:34:22==============
股票：300932历史涨跌幅判断-额外参数：
	分组名称：1
	走势名称：历史涨跌幅
	结果：未满足，返回code：-1
额外条件未满足


===============================================

==============2021-05-17 10:34:24==============
股票：300932历史涨跌幅判断-额外参数：
	分组名称：1
	走势名称：历史涨跌幅
	结果：未满足，返回code：-1
额外条件未满足


===============================================

