==============2021-05-07 17:27:15==============
股票：300932历史涨跌幅判断-额外参数：
	分组名称：1
	走势名称：历史涨跌幅
	结果：未满足，返回code：-1
额外条件未满足


===============================================

==============2021-05-07 17:27:17==============
股票：300932历史涨跌幅判断-额外参数：
	分组名称：1
	走势名称：历史涨跌幅
	结果：未满足，返回code：-1
额外条件未满足


===============================================

==============2021-05-07 17:27:18==============
股票：300932历史涨跌幅判断-额外参数：
	分组名称：1
	走势名称：历史涨跌幅
	结果：未满足，返回code：-1
额外条件未满足


===============================================

==============2021-05-07 17:27:20==============
股票：300932历史涨跌幅判断-额外参数：
	分组名称：1
	走势名称：历史涨跌幅
	结果：未满足，返回code：-1
额外条件未满足


===============================================

==============2021-05-07 17:27:21==============
股票：300932历史涨跌幅判断-额外参数：
	分组名称：1
	走势名称：历史涨跌幅
	结果：未满足，返回code：-1
额外条件未满足


===============================================

==============2021-05-07 17:27:23==============
股票：300932历史涨跌幅判断-额外参数：
	分组名称：1
	走势名称：历史涨跌幅
	结果：未满足，返回code：-1
额外条件未满足


===============================================

==============2021-05-07 17:27:24==============
股票：300932历史涨跌幅判断-额外参数：
	分组名称：1
	走势名称：历史涨跌幅
	结果：未满足，返回code：-1
额外条件未满足


===============================================

==============2021-05-07 17:27:26==============
股票：300932历史涨跌幅判断-额外参数：
	分组名称：1
	走势名称：历史涨跌幅
	结果：未满足，返回code：-1
额外条件未满足


===============================================

==============2021-05-07 17:27:27==============
股票：300932历史涨跌幅判断-额外参数：
	分组名称：1
	走势名称：历史涨跌幅
	结果：未满足，返回code：-1
额外条件未满足


===============================================

==============2021-05-07 17:27:29==============
股票：300932历史涨跌幅判断-额外参数：
	分组名称：1
	走势名称：历史涨跌幅
	结果：未满足，返回code：-1
额外条件未满足


===============================================

==============2021-05-07 17:27:30==============
股票：300932历史涨跌幅判断-额外参数：
	分组名称：1
	走势名称：历史涨跌幅
	结果：未满足，返回code：-1
额外条件未满足


===============================================

==============2021-05-07 17:27:32==============
股票：300932历史涨跌幅判断-额外参数：
	分组名称：1
	走势名称：历史涨跌幅
	结果：未满足，返回code：-1
额外条件未满足


===============================================

==============2021-05-07 17:27:34==============
股票：300932历史涨跌幅判断-额外参数：
	分组名称：1
	走势名称：历史涨跌幅
	结果：未满足，返回code：-1
额外条件未满足


===============================================

==============2021-05-07 17:27:36==============
股票：300932历史涨跌幅判断-额外参数：
	分组名称：1
	走势名称：历史涨跌幅
	结果：未满足，返回code：-1
额外条件未满足


===============================================

==============2021-05-07 17:27:38==============
股票：300932历史涨跌幅判断-额外参数：
	分组名称：1
	走势名称：历史涨跌幅
	结果：未满足，返回code：-1
额外条件未满足


===============================================

==============2021-05-07 17:27:39==============
股票：300932历史涨跌幅判断-额外参数：
	分组名称：1
	走势名称：历史涨跌幅
	结果：未满足，返回code：-1
额外条件未满足


===============================================

==============2021-05-07 17:27:41==============
股票：300932历史涨跌幅判断-额外参数：
	分组名称：1
	走势名称：历史涨跌幅
	结果：未满足，返回code：-1
额外条件未满足


===============================================

==============2021-05-07 17:27:43==============
股票：300932历史涨跌幅判断-额外参数：
	分组名称：1
	走势名称：历史涨跌幅
	结果：未满足，返回code：-1
额外条件未满足


===============================================

==============2021-05-07 17:27:46==============
股票：300932历史涨跌幅判断-额外参数：
	分组名称：1
	走势名称：历史涨跌幅
	结果：未满足，返回code：-1
额外条件未满足


===============================================

==============2021-05-07 17:27:47==============
股票：300932历史涨跌幅判断-额外参数：
	分组名称：1
	走势名称：历史涨跌幅
	结果：未满足，返回code：-1
额外条件未满足


===============================================

==============2021-05-07 17:27:49==============
股票：300932历史涨跌幅判断-额外参数：
	分组名称：1
	走势名称：历史涨跌幅
	结果：未满足，返回code：-1
额外条件未满足


===============================================

==============2021-05-07 17:27:51==============
股票：300932历史涨跌幅判断-额外参数：
	分组名称：1
	走势名称：历史涨跌幅
	结果：未满足，返回code：-1
额外条件未满足


===============================================

==============2021-05-07 17:27:53==============
股票：300932历史涨跌幅判断-额外参数：
	分组名称：1
	走势名称：历史涨跌幅
	结果：未满足，返回code：-1
额外条件未满足


===============================================

==============2021-05-07 17:27:54==============
股票：300932历史涨跌幅判断-额外参数：
	分组名称：1
	走势名称：历史涨跌幅
	结果：未满足，返回code：-1
额外条件未满足


===============================================

==============2021-05-07 17:27:56==============
股票：300932历史涨跌幅判断-额外参数：
	分组名称：1
	走势名称：历史涨跌幅
	结果：未满足，返回code：-1
额外条件未满足


===============================================

==============2021-05-07 17:27:59==============
股票：300932历史涨跌幅判断-额外参数：
	分组名称：1
	走势名称：历史涨跌幅
	结果：未满足，返回code：-1
额外条件未满足


===============================================

==============2021-05-07 17:28:00==============
股票：300932历史涨跌幅判断-额外参数：
	分组名称：1
	走势名称：历史涨跌幅
	结果：未满足，返回code：-1
额外条件未满足


===============================================

==============2021-05-07 17:28:02==============
股票：300932历史涨跌幅判断-额外参数：
	分组名称：1
	走势名称：历史涨跌幅
	结果：未满足，返回code：-1
额外条件未满足


===============================================

==============2021-05-07 17:28:04==============
股票：300932历史涨跌幅判断-额外参数：
	分组名称：1
	走势名称：历史涨跌幅
	结果：未满足，返回code：-1
额外条件未满足


===============================================

==============2021-05-07 17:28:06==============
股票：300932历史涨跌幅判断-额外参数：
	分组名称：1
	走势名称：历史涨跌幅
	结果：未满足，返回code：-1
额外条件未满足


===============================================

==============2021-05-07 17:28:09==============
股票：300932历史涨跌幅判断-额外参数：
	分组名称：1
	走势名称：历史涨跌幅
	结果：未满足，返回code：-1
额外条件未满足


===============================================

==============2021-05-07 17:28:10==============
股票：300932历史涨跌幅判断-额外参数：
	分组名称：1
	走势名称：历史涨跌幅
	结果：未满足，返回code：-1
额外条件未满足


===============================================

==============2021-05-07 17:28:12==============
股票：300932历史涨跌幅判断-额外参数：
	分组名称：1
	走势名称：历史涨跌幅
	结果：未满足，返回code：-1
额外条件未满足


===============================================

==============2021-05-07 17:28:16==============
股票：300932历史涨跌幅判断-额外参数：
	分组名称：1
	走势名称：历史涨跌幅
	结果：未满足，返回code：-1
额外条件未满足


===============================================

==============2021-05-07 17:28:18==============
股票：300932历史涨跌幅判断-额外参数：
	分组名称：1
	走势名称：历史涨跌幅
	结果：未满足，返回code：-1
额外条件未满足


===============================================

==============2021-05-07 17:28:19==============
股票：300932历史涨跌幅判断-额外参数：
	分组名称：1
	走势名称：历史涨跌幅
	结果：未满足，返回code：-1
额外条件未满足


===============================================

==============2021-05-07 17:28:21==============
股票：300932历史涨跌幅判断-额外参数：
	分组名称：1
	走势名称：历史涨跌幅
	结果：未满足，返回code：-1
额外条件未满足


===============================================

==============2021-05-07 17:28:23==============
股票：300932历史涨跌幅判断-额外参数：
	分组名称：1
	走势名称：历史涨跌幅
	结果：未满足，返回code：-1
额外条件未满足


===============================================

==============2021-05-07 17:28:25==============
股票：300932历史涨跌幅判断-额外参数：
	分组名称：1
	走势名称：历史涨跌幅
	结果：未满足，返回code：-1
额外条件未满足


===============================================

==============2021-05-07 17:28:27==============
股票：300932历史涨跌幅判断-额外参数：
	分组名称：1
	走势名称：历史涨跌幅
	结果：未满足，返回code：-1
额外条件未满足


===============================================

==============2021-05-07 17:28:29==============
股票：300932历史涨跌幅判断-额外参数：
	分组名称：1
	走势名称：历史涨跌幅
	结果：未满足，返回code：-1
额外条件未满足


===============================================

==============2021-05-07 17:28:31==============
股票：300932历史涨跌幅判断-额外参数：
	分组名称：1
	走势名称：历史涨跌幅
	结果：未满足，返回code：-1
额外条件未满足


===============================================

==============2021-05-07 17:28:34==============
股票：300932历史涨跌幅判断-额外参数：
	分组名称：1
	走势名称：历史涨跌幅
	结果：未满足，返回code：-1
额外条件未满足


===============================================

==============2021-05-07 17:28:36==============
股票：300932历史涨跌幅判断-额外参数：
	分组名称：1
	走势名称：历史涨跌幅
	结果：未满足，返回code：-1
额外条件未满足


===============================================

==============2021-05-07 17:28:37==============
股票：300932历史涨跌幅判断-额外参数：
	分组名称：1
	走势名称：历史涨跌幅
	结果：未满足，返回code：-1
额外条件未满足


===============================================

==============2021-05-07 17:28:39==============
股票：300932历史涨跌幅判断-额外参数：
	分组名称：1
	走势名称：历史涨跌幅
	结果：未满足，返回code：-1
额外条件未满足


===============================================

==============2021-05-07 17:28:41==============
股票：300932历史涨跌幅判断-额外参数：
	分组名称：1
	走势名称：历史涨跌幅
	结果：未满足，返回code：-1
额外条件未满足


===============================================

==============2021-05-07 17:28:42==============
股票：300932历史涨跌幅判断-额外参数：
	分组名称：1
	走势名称：历史涨跌幅
	结果：未满足，返回code：-1
额外条件未满足


===============================================

==============2021-05-07 17:28:45==============
股票：300932历史涨跌幅判断-额外参数：
	分组名称：1
	走势名称：历史涨跌幅
	结果：未满足，返回code：-1
额外条件未满足


===============================================

==============2021-05-07 17:28:48==============
股票：300932历史涨跌幅判断-额外参数：
	分组名称：1
	走势名称：历史涨跌幅
	结果：未满足，返回code：-1
额外条件未满足


===============================================

==============2021-05-07 17:28:50==============
股票：300932历史涨跌幅判断-额外参数：
	分组名称：1
	走势名称：历史涨跌幅
	结果：未满足，返回code：-1
额外条件未满足


===============================================

==============2021-05-07 17:28:52==============
股票：300932历史涨跌幅判断-额外参数：
	分组名称：1
	走势名称：历史涨跌幅
	结果：未满足，返回code：-1
额外条件未满足


===============================================

==============2021-05-07 17:28:53==============
股票：300932历史涨跌幅判断-额外参数：
	分组名称：1
	走势名称：历史涨跌幅
	结果：未满足，返回code：-1
额外条件未满足


===============================================

==============2021-05-07 17:28:54==============
股票：300932历史涨跌幅判断-额外参数：
	分组名称：1
	走势名称：历史涨跌幅
	结果：未满足，返回code：-1
额外条件未满足


===============================================

==============2021-05-07 17:28:56==============
股票：300932历史涨跌幅判断-额外参数：
	分组名称：1
	走势名称：历史涨跌幅
	结果：未满足，返回code：-1
额外条件未满足


===============================================

==============2021-05-07 17:28:57==============
股票：300932历史涨跌幅判断-额外参数：
	分组名称：1
	走势名称：历史涨跌幅
	结果：未满足，返回code：-1
额外条件未满足


===============================================

==============2021-05-07 17:28:59==============
股票：300932历史涨跌幅判断-额外参数：
	分组名称：1
	走势名称：历史涨跌幅
	结果：未满足，返回code：-1
额外条件未满足


===============================================

