==============2021-04-30 14:48:57==============
股票：300932历史涨跌幅判断-额外参数：
	分组名称：1
	走势名称：历史涨跌幅
	结果：未满足，返回code：-1
额外条件未满足


===============================================

==============2021-04-30 14:48:58==============
股票：300932历史涨跌幅判断-额外参数：
	分组名称：1
	走势名称：历史涨跌幅
	结果：未满足，返回code：-1
额外条件未满足


===============================================

==============2021-04-30 14:49:00==============
股票：300932历史涨跌幅判断-额外参数：
	分组名称：1
	走势名称：历史涨跌幅
	结果：未满足，返回code：-1
额外条件未满足


===============================================

==============2021-04-30 14:49:01==============
股票：300932历史涨跌幅判断-额外参数：
	分组名称：1
	走势名称：历史涨跌幅
	结果：未满足，返回code：-1
额外条件未满足


===============================================

==============2021-04-30 14:49:03==============
股票：300932历史涨跌幅判断-额外参数：
	分组名称：1
	走势名称：历史涨跌幅
	结果：未满足，返回code：-1
额外条件未满足


===============================================

==============2021-04-30 14:49:04==============
股票：300932历史涨跌幅判断-额外参数：
	分组名称：1
	走势名称：历史涨跌幅
	结果：未满足，返回code：-1
额外条件未满足


===============================================

==============2021-04-30 14:49:06==============
股票：300932历史涨跌幅判断-额外参数：
	分组名称：1
	走势名称：历史涨跌幅
	结果：未满足，返回code：-1
额外条件未满足


===============================================

==============2021-04-30 14:49:07==============
股票：300932历史涨跌幅判断-额外参数：
	分组名称：1
	走势名称：历史涨跌幅
	结果：未满足，返回code：-1
额外条件未满足


===============================================

==============2021-04-30 14:49:09==============
股票：300932历史涨跌幅判断-额外参数：
	分组名称：1
	走势名称：历史涨跌幅
	结果：未满足，返回code：-1
额外条件未满足


===============================================

==============2021-04-30 14:49:10==============
股票：300932历史涨跌幅判断-额外参数：
	分组名称：1
	走势名称：历史涨跌幅
	结果：未满足，返回code：-1
额外条件未满足


===============================================

==============2021-04-30 14:49:11==============
股票：300932历史涨跌幅判断-额外参数：
	分组名称：1
	走势名称：历史涨跌幅
	结果：未满足，返回code：-1
额外条件未满足


===============================================

==============2021-04-30 14:49:13==============
股票：300932历史涨跌幅判断-额外参数：
	分组名称：1
	走势名称：历史涨跌幅
	结果：未满足，返回code：-1
额外条件未满足


===============================================

==============2021-04-30 14:49:14==============
股票：300932历史涨跌幅判断-额外参数：
	分组名称：1
	走势名称：历史涨跌幅
	结果：未满足，返回code：-1
额外条件未满足


===============================================

==============2021-04-30 14:49:16==============
股票：300932历史涨跌幅判断-额外参数：
	分组名称：1
	走势名称：历史涨跌幅
	结果：未满足，返回code：-1
额外条件未满足


===============================================

==============2021-04-30 14:49:18==============
股票：300932历史涨跌幅判断-额外参数：
	分组名称：1
	走势名称：历史涨跌幅
	结果：未满足，返回code：-1
额外条件未满足


===============================================

==============2021-04-30 15:16:10==============
股票：300932历史涨跌幅判断-额外参数：
	分组名称：1
	走势名称：历史涨跌幅
	结果：未满足，返回code：-1
额外条件未满足


===============================================

==============2021-04-30 15:18:29==============
股票：300932历史涨跌幅判断-额外参数：
	分组名称：1
	走势名称：历史涨跌幅
	结果：未满足，返回code：-1
额外条件未满足


===============================================

==============2021-04-30 15:18:30==============
股票：300932历史涨跌幅判断-额外参数：
	分组名称：1
	走势名称：历史涨跌幅
	结果：未满足，返回code：-1
额外条件未满足


===============================================

==============2021-04-30 15:18:32==============
股票：300932历史涨跌幅判断-额外参数：
	分组名称：1
	走势名称：历史涨跌幅
	结果：未满足，返回code：-1
额外条件未满足


===============================================

==============2021-04-30 15:18:33==============
股票：300932历史涨跌幅判断-额外参数：
	分组名称：1
	走势名称：历史涨跌幅
	结果：未满足，返回code：-1
额外条件未满足


===============================================

==============2021-04-30 15:18:35==============
股票：300932历史涨跌幅判断-额外参数：
	分组名称：1
	走势名称：历史涨跌幅
	结果：未满足，返回code：-1
额外条件未满足


===============================================

==============2021-04-30 15:18:36==============
股票：300932历史涨跌幅判断-额外参数：
	分组名称：1
	走势名称：历史涨跌幅
	结果：未满足，返回code：-1
额外条件未满足


===============================================

==============2021-04-30 15:18:38==============
股票：300932历史涨跌幅判断-额外参数：
	分组名称：1
	走势名称：历史涨跌幅
	结果：未满足，返回code：-1
额外条件未满足


===============================================

==============2021-04-30 15:18:39==============
股票：300932历史涨跌幅判断-额外参数：
	分组名称：1
	走势名称：历史涨跌幅
	结果：未满足，返回code：-1
额外条件未满足


===============================================

==============2021-04-30 15:18:40==============
股票：300932历史涨跌幅判断-额外参数：
	分组名称：1
	走势名称：历史涨跌幅
	结果：未满足，返回code：-1
额外条件未满足


===============================================

==============2021-04-30 15:18:42==============
股票：300932历史涨跌幅判断-额外参数：
	分组名称：1
	走势名称：历史涨跌幅
	结果：未满足，返回code：-1
额外条件未满足


===============================================

==============2021-04-30 15:18:43==============
股票：300932历史涨跌幅判断-额外参数：
	分组名称：1
	走势名称：历史涨跌幅
	结果：未满足，返回code：-1
额外条件未满足


===============================================

==============2021-04-30 15:18:45==============
股票：300932历史涨跌幅判断-额外参数：
	分组名称：1
	走势名称：历史涨跌幅
	结果：未满足，返回code：-1
额外条件未满足


===============================================

==============2021-04-30 15:18:46==============
股票：300932历史涨跌幅判断-额外参数：
	分组名称：1
	走势名称：历史涨跌幅
	结果：未满足，返回code：-1
额外条件未满足


===============================================

==============2021-04-30 15:18:48==============
股票：300932历史涨跌幅判断-额外参数：
	分组名称：1
	走势名称：历史涨跌幅
	结果：未满足，返回code：-1
额外条件未满足


===============================================

==============2021-04-30 15:18:50==============
股票：300932历史涨跌幅判断-额外参数：
	分组名称：1
	走势名称：历史涨跌幅
	结果：未满足，返回code：-1
额外条件未满足


===============================================

==============2021-04-30 15:18:51==============
股票：300932历史涨跌幅判断-额外参数：
	分组名称：1
	走势名称：历史涨跌幅
	结果：未满足，返回code：-1
额外条件未满足


===============================================

==============2021-04-30 15:18:53==============
股票：300932历史涨跌幅判断-额外参数：
	分组名称：1
	走势名称：历史涨跌幅
	结果：未满足，返回code：-1
额外条件未满足


===============================================

==============2021-04-30 15:18:54==============
股票：300932历史涨跌幅判断-额外参数：
	分组名称：1
	走势名称：历史涨跌幅
	结果：未满足，返回code：-1
额外条件未满足


===============================================

==============2021-04-30 15:18:56==============
股票：300932历史涨跌幅判断-额外参数：
	分组名称：1
	走势名称：历史涨跌幅
	结果：未满足，返回code：-1
额外条件未满足


===============================================

==============2021-04-30 15:18:57==============
股票：300932历史涨跌幅判断-额外参数：
	分组名称：1
	走势名称：历史涨跌幅
	结果：未满足，返回code：-1
额外条件未满足


===============================================

==============2021-04-30 15:18:58==============
股票：300932历史涨跌幅判断-额外参数：
	分组名称：1
	走势名称：历史涨跌幅
	结果：未满足，返回code：-1
额外条件未满足


===============================================

