==============2021-05-14 18:55:45==============
股票：300932历史涨跌幅判断-额外参数：
	分组名称：1
	走势名称：历史涨跌幅
	结果：未满足，返回code：-1
额外条件未满足


===============================================

==============2021-05-14 18:55:50==============
股票：300932历史涨跌幅判断-额外参数：
	分组名称：1
	走势名称：历史涨跌幅
	结果：未满足，返回code：-1
额外条件未满足


===============================================

==============2021-05-14 18:55:53==============
股票：300932历史涨跌幅判断-额外参数：
	分组名称：1
	走势名称：历史涨跌幅
	结果：未满足，返回code：-1
额外条件未满足


===============================================

==============2021-05-14 18:55:55==============
股票：300932历史涨跌幅判断-额外参数：
	分组名称：1
	走势名称：历史涨跌幅
	结果：未满足，返回code：-1
额外条件未满足


===============================================

==============2021-05-14 18:55:57==============
股票：300932历史涨跌幅判断-额外参数：
	分组名称：1
	走势名称：历史涨跌幅
	结果：未满足，返回code：-1
额外条件未满足


===============================================

==============2021-05-14 18:55:59==============
股票：300932历史涨跌幅判断-额外参数：
	分组名称：1
	走势名称：历史涨跌幅
	结果：未满足，返回code：-1
额外条件未满足


===============================================

==============2021-05-14 18:56:01==============
股票：300932历史涨跌幅判断-额外参数：
	分组名称：1
	走势名称：历史涨跌幅
	结果：未满足，返回code：-1
额外条件未满足


===============================================

==============2021-05-14 18:56:02==============
股票：300932历史涨跌幅判断-额外参数：
	分组名称：1
	走势名称：历史涨跌幅
	结果：未满足，返回code：-1
额外条件未满足


===============================================

==============2021-05-14 18:56:04==============
股票：300932历史涨跌幅判断-额外参数：
	分组名称：1
	走势名称：历史涨跌幅
	结果：未满足，返回code：-1
额外条件未满足


===============================================

==============2021-05-14 18:56:05==============
股票：300932历史涨跌幅判断-额外参数：
	分组名称：1
	走势名称：历史涨跌幅
	结果：未满足，返回code：-1
额外条件未满足


===============================================

==============2021-05-14 18:56:07==============
股票：300932历史涨跌幅判断-额外参数：
	分组名称：1
	走势名称：历史涨跌幅
	结果：未满足，返回code：-1
额外条件未满足


===============================================

==============2021-05-14 18:56:09==============
股票：300932历史涨跌幅判断-额外参数：
	分组名称：1
	走势名称：历史涨跌幅
	结果：未满足，返回code：-1
额外条件未满足


===============================================

==============2021-05-14 18:56:11==============
股票：300932历史涨跌幅判断-额外参数：
	分组名称：1
	走势名称：历史涨跌幅
	结果：未满足，返回code：-1
额外条件未满足


===============================================

==============2021-05-14 18:56:13==============
股票：300932历史涨跌幅判断-额外参数：
	分组名称：1
	走势名称：历史涨跌幅
	结果：未满足，返回code：-1
额外条件未满足


===============================================

==============2021-05-14 18:56:14==============
股票：300932历史涨跌幅判断-额外参数：
	分组名称：1
	走势名称：历史涨跌幅
	结果：未满足，返回code：-1
额外条件未满足


===============================================

==============2021-05-14 18:56:16==============
股票：300932历史涨跌幅判断-额外参数：
	分组名称：1
	走势名称：历史涨跌幅
	结果：未满足，返回code：-1
额外条件未满足


===============================================

==============2021-05-14 18:56:18==============
股票：300932历史涨跌幅判断-额外参数：
	分组名称：1
	走势名称：历史涨跌幅
	结果：未满足，返回code：-1
额外条件未满足


===============================================

==============2021-05-14 18:56:19==============
股票：300932历史涨跌幅判断-额外参数：
	分组名称：1
	走势名称：历史涨跌幅
	结果：未满足，返回code：-1
额外条件未满足


===============================================

==============2021-05-14 18:56:21==============
股票：300932历史涨跌幅判断-额外参数：
	分组名称：1
	走势名称：历史涨跌幅
	结果：未满足，返回code：-1
额外条件未满足


===============================================

==============2021-05-14 18:56:23==============
股票：300932历史涨跌幅判断-额外参数：
	分组名称：1
	走势名称：历史涨跌幅
	结果：未满足，返回code：-1
额外条件未满足


===============================================

==============2021-05-14 18:56:25==============
股票：300932历史涨跌幅判断-额外参数：
	分组名称：1
	走势名称：历史涨跌幅
	结果：未满足，返回code：-1
额外条件未满足


===============================================

==============2021-05-14 18:56:26==============
股票：300932历史涨跌幅判断-额外参数：
	分组名称：1
	走势名称：历史涨跌幅
	结果：未满足，返回code：-1
额外条件未满足


===============================================

==============2021-05-14 18:56:29==============
股票：300932历史涨跌幅判断-额外参数：
	分组名称：1
	走势名称：历史涨跌幅
	结果：未满足，返回code：-1
额外条件未满足


===============================================

==============2021-05-14 18:56:31==============
股票：300932历史涨跌幅判断-额外参数：
	分组名称：1
	走势名称：历史涨跌幅
	结果：未满足，返回code：-1
额外条件未满足


===============================================

==============2021-05-14 18:56:33==============
股票：300932历史涨跌幅判断-额外参数：
	分组名称：1
	走势名称：历史涨跌幅
	结果：未满足，返回code：-1
额外条件未满足


===============================================

==============2021-05-14 18:56:35==============
股票：300932历史涨跌幅判断-额外参数：
	分组名称：1
	走势名称：历史涨跌幅
	结果：未满足，返回code：-1
额外条件未满足


===============================================

==============2021-05-14 18:56:37==============
股票：300932历史涨跌幅判断-额外参数：
	分组名称：1
	走势名称：历史涨跌幅
	结果：未满足，返回code：-1
额外条件未满足


===============================================

==============2021-05-14 18:56:38==============
股票：300932历史涨跌幅判断-额外参数：
	分组名称：1
	走势名称：历史涨跌幅
	结果：未满足，返回code：-1
额外条件未满足


===============================================

==============2021-05-14 18:56:40==============
股票：300932历史涨跌幅判断-额外参数：
	分组名称：1
	走势名称：历史涨跌幅
	结果：未满足，返回code：-1
额外条件未满足


===============================================

==============2021-05-14 18:56:41==============
股票：300932历史涨跌幅判断-额外参数：
	分组名称：1
	走势名称：历史涨跌幅
	结果：未满足，返回code：-1
额外条件未满足


===============================================

==============2021-05-14 18:56:43==============
股票：300932历史涨跌幅判断-额外参数：
	分组名称：1
	走势名称：历史涨跌幅
	结果：未满足，返回code：-1
额外条件未满足


===============================================

==============2021-05-14 18:56:46==============
股票：300932历史涨跌幅判断-额外参数：
	分组名称：1
	走势名称：历史涨跌幅
	结果：未满足，返回code：-1
额外条件未满足


===============================================

==============2021-05-14 18:56:48==============
股票：300932历史涨跌幅判断-额外参数：
	分组名称：1
	走势名称：历史涨跌幅
	结果：未满足，返回code：-1
额外条件未满足


===============================================

==============2021-05-14 18:56:50==============
股票：300932历史涨跌幅判断-额外参数：
	分组名称：1
	走势名称：历史涨跌幅
	结果：未满足，返回code：-1
额外条件未满足


===============================================

==============2021-05-14 18:56:52==============
股票：300932历史涨跌幅判断-额外参数：
	分组名称：1
	走势名称：历史涨跌幅
	结果：未满足，返回code：-1
额外条件未满足


===============================================

==============2021-05-14 18:57:01==============
股票：300932历史涨跌幅判断-额外参数：
	分组名称：1
	走势名称：历史涨跌幅
	结果：未满足，返回code：-1
额外条件未满足


===============================================

==============2021-05-14 18:57:05==============
股票：300932历史涨跌幅判断-额外参数：
	分组名称：1
	走势名称：历史涨跌幅
	结果：未满足，返回code：-1
额外条件未满足


===============================================

==============2021-05-14 18:57:16==============
股票：300932历史涨跌幅判断-额外参数：
	分组名称：1
	走势名称：历史涨跌幅
	结果：未满足，返回code：-1
额外条件未满足


===============================================

==============2021-05-14 18:57:21==============
股票：300932历史涨跌幅判断-额外参数：
	分组名称：1
	走势名称：历史涨跌幅
	结果：未满足，返回code：-1
额外条件未满足


===============================================

==============2021-05-14 19:11:26==============
股票：300932历史涨跌幅判断-额外参数：
	分组名称：1
	走势名称：历史涨跌幅
	结果：未满足，返回code：-1
额外条件未满足


===============================================

==============2021-05-14 19:11:29==============
股票：300932历史涨跌幅判断-额外参数：
	分组名称：1
	走势名称：历史涨跌幅
	结果：未满足，返回code：-1
额外条件未满足


===============================================

==============2021-05-14 19:11:31==============
股票：300932历史涨跌幅判断-额外参数：
	分组名称：1
	走势名称：历史涨跌幅
	结果：未满足，返回code：-1
额外条件未满足


===============================================

==============2021-05-14 19:11:33==============
股票：300932历史涨跌幅判断-额外参数：
	分组名称：1
	走势名称：历史涨跌幅
	结果：未满足，返回code：-1
额外条件未满足


===============================================

==============2021-05-14 19:11:35==============
股票：300932历史涨跌幅判断-额外参数：
	分组名称：1
	走势名称：历史涨跌幅
	结果：未满足，返回code：-1
额外条件未满足


===============================================

==============2021-05-14 19:11:37==============
股票：300932历史涨跌幅判断-额外参数：
	分组名称：1
	走势名称：历史涨跌幅
	结果：未满足，返回code：-1
额外条件未满足


===============================================

==============2021-05-14 19:11:39==============
股票：300932历史涨跌幅判断-额外参数：
	分组名称：1
	走势名称：历史涨跌幅
	结果：未满足，返回code：-1
额外条件未满足


===============================================

==============2021-05-14 19:11:42==============
股票：300932历史涨跌幅判断-额外参数：
	分组名称：1
	走势名称：历史涨跌幅
	结果：未满足，返回code：-1
额外条件未满足


===============================================

==============2021-05-14 19:11:45==============
股票：300932历史涨跌幅判断-额外参数：
	分组名称：1
	走势名称：历史涨跌幅
	结果：未满足，返回code：-1
额外条件未满足


===============================================

==============2021-05-14 19:11:51==============
股票：300932历史涨跌幅判断-额外参数：
	分组名称：1
	走势名称：历史涨跌幅
	结果：未满足，返回code：-1
额外条件未满足


===============================================

==============2021-05-14 19:38:37==============
股票：300932历史涨跌幅判断-额外参数：
	分组名称：1
	走势名称：历史涨跌幅
	结果：未满足，返回code：-1
额外条件未满足


===============================================

==============2021-05-14 19:38:44==============
股票：300932历史涨跌幅判断-额外参数：
	分组名称：1
	走势名称：历史涨跌幅
	结果：未满足，返回code：-1
额外条件未满足


===============================================

==============2021-05-14 19:38:59==============
股票：300932历史涨跌幅判断-额外参数：
	分组名称：1
	走势名称：历史涨跌幅
	结果：未满足，返回code：-1
额外条件未满足


===============================================

==============2021-05-14 19:39:05==============
股票：300932历史涨跌幅判断-额外参数：
	分组名称：1
	走势名称：历史涨跌幅
	结果：未满足，返回code：-1
额外条件未满足


===============================================

==============2021-05-14 19:39:11==============
股票：300932历史涨跌幅判断-额外参数：
	分组名称：1
	走势名称：历史涨跌幅
	结果：未满足，返回code：-1
额外条件未满足


===============================================

==============2021-05-14 19:39:17==============
股票：300932历史涨跌幅判断-额外参数：
	分组名称：1
	走势名称：历史涨跌幅
	结果：未满足，返回code：-1
额外条件未满足


===============================================

==============2021-05-14 19:39:23==============
股票：300932历史涨跌幅判断-额外参数：
	分组名称：1
	走势名称：历史涨跌幅
	结果：未满足，返回code：-1
额外条件未满足


===============================================

==============2021-05-14 19:39:28==============
股票：300932历史涨跌幅判断-额外参数：
	分组名称：1
	走势名称：历史涨跌幅
	结果：未满足，返回code：-1
额外条件未满足


===============================================

==============2021-05-14 19:39:34==============
股票：300932历史涨跌幅判断-额外参数：
	分组名称：1
	走势名称：历史涨跌幅
	结果：未满足，返回code：-1
额外条件未满足


===============================================

==============2021-05-14 19:39:39==============
股票：300932历史涨跌幅判断-额外参数：
	分组名称：1
	走势名称：历史涨跌幅
	结果：未满足，返回code：-1
额外条件未满足


===============================================

==============2021-05-14 19:39:45==============
股票：300932历史涨跌幅判断-额外参数：
	分组名称：1
	走势名称：历史涨跌幅
	结果：未满足，返回code：-1
额外条件未满足


===============================================

==============2021-05-14 19:39:51==============
股票：300932历史涨跌幅判断-额外参数：
	分组名称：1
	走势名称：历史涨跌幅
	结果：未满足，返回code：-1
额外条件未满足


===============================================

==============2021-05-14 19:39:57==============
股票：300932历史涨跌幅判断-额外参数：
	分组名称：1
	走势名称：历史涨跌幅
	结果：未满足，返回code：-1
额外条件未满足


===============================================

==============2021-05-14 19:40:04==============
股票：300932历史涨跌幅判断-额外参数：
	分组名称：1
	走势名称：历史涨跌幅
	结果：未满足，返回code：-1
额外条件未满足


===============================================

==============2021-05-14 19:40:10==============
股票：300932历史涨跌幅判断-额外参数：
	分组名称：1
	走势名称：历史涨跌幅
	结果：未满足，返回code：-1
额外条件未满足


===============================================

==============2021-05-14 19:40:15==============
股票：300932历史涨跌幅判断-额外参数：
	分组名称：1
	走势名称：历史涨跌幅
	结果：未满足，返回code：-1
额外条件未满足


===============================================

==============2021-05-14 19:40:23==============
股票：300932历史涨跌幅判断-额外参数：
	分组名称：1
	走势名称：历史涨跌幅
	结果：未满足，返回code：-1
额外条件未满足


===============================================

==============2021-05-14 19:40:30==============
股票：300932历史涨跌幅判断-额外参数：
	分组名称：1
	走势名称：历史涨跌幅
	结果：未满足，返回code：-1
额外条件未满足


===============================================

==============2021-05-14 19:40:36==============
股票：300932历史涨跌幅判断-额外参数：
	分组名称：1
	走势名称：历史涨跌幅
	结果：未满足，返回code：-1
额外条件未满足


===============================================

==============2021-05-14 19:40:43==============
股票：300932历史涨跌幅判断-额外参数：
	分组名称：1
	走势名称：历史涨跌幅
	结果：未满足，返回code：-1
额外条件未满足


===============================================

==============2021-05-14 19:40:49==============
股票：300932历史涨跌幅判断-额外参数：
	分组名称：1
	走势名称：历史涨跌幅
	结果：未满足，返回code：-1
额外条件未满足


===============================================

==============2021-05-14 19:40:55==============
股票：300932历史涨跌幅判断-额外参数：
	分组名称：1
	走势名称：历史涨跌幅
	结果：未满足，返回code：-1
额外条件未满足


===============================================

==============2021-05-14 19:41:02==============
股票：300932历史涨跌幅判断-额外参数：
	分组名称：1
	走势名称：历史涨跌幅
	结果：未满足，返回code：-1
额外条件未满足


===============================================

==============2021-05-14 19:41:08==============
股票：300932历史涨跌幅判断-额外参数：
	分组名称：1
	走势名称：历史涨跌幅
	结果：未满足，返回code：-1
额外条件未满足


===============================================

==============2021-05-14 19:41:13==============
股票：300932历史涨跌幅判断-额外参数：
	分组名称：1
	走势名称：历史涨跌幅
	结果：未满足，返回code：-1
额外条件未满足


===============================================

==============2021-05-14 19:41:21==============
股票：300932历史涨跌幅判断-额外参数：
	分组名称：1
	走势名称：历史涨跌幅
	结果：未满足，返回code：-1
额外条件未满足


===============================================

==============2021-05-14 19:41:25==============
股票：300932历史涨跌幅判断-额外参数：
	分组名称：1
	走势名称：历史涨跌幅
	结果：未满足，返回code：-1
额外条件未满足


===============================================

==============2021-05-14 19:41:31==============
股票：300932历史涨跌幅判断-额外参数：
	分组名称：1
	走势名称：历史涨跌幅
	结果：未满足，返回code：-1
额外条件未满足


===============================================

==============2021-05-14 19:41:36==============
股票：300932历史涨跌幅判断-额外参数：
	分组名称：1
	走势名称：历史涨跌幅
	结果：未满足，返回code：-1
额外条件未满足


===============================================

==============2021-05-14 19:41:41==============
股票：300932历史涨跌幅判断-额外参数：
	分组名称：1
	走势名称：历史涨跌幅
	结果：未满足，返回code：-1
额外条件未满足


===============================================

==============2021-05-14 19:41:46==============
股票：300932历史涨跌幅判断-额外参数：
	分组名称：1
	走势名称：历史涨跌幅
	结果：未满足，返回code：-1
额外条件未满足


===============================================

==============2021-05-14 19:41:51==============
股票：300932历史涨跌幅判断-额外参数：
	分组名称：1
	走势名称：历史涨跌幅
	结果：未满足，返回code：-1
额外条件未满足


===============================================

==============2021-05-14 19:42:01==============
股票：300932历史涨跌幅判断-额外参数：
	分组名称：1
	走势名称：历史涨跌幅
	结果：未满足，返回code：-1
额外条件未满足


===============================================

==============2021-05-14 19:42:05==============
股票：300932历史涨跌幅判断-额外参数：
	分组名称：1
	走势名称：历史涨跌幅
	结果：未满足，返回code：-1
额外条件未满足


===============================================

==============2021-05-14 19:42:10==============
股票：300932历史涨跌幅判断-额外参数：
	分组名称：1
	走势名称：历史涨跌幅
	结果：未满足，返回code：-1
额外条件未满足


===============================================

==============2021-05-14 19:42:17==============
股票：300932历史涨跌幅判断-额外参数：
	分组名称：1
	走势名称：历史涨跌幅
	结果：未满足，返回code：-1
额外条件未满足


===============================================

==============2021-05-14 19:42:22==============
股票：300932历史涨跌幅判断-额外参数：
	分组名称：1
	走势名称：历史涨跌幅
	结果：未满足，返回code：-1
额外条件未满足


===============================================

==============2021-05-14 19:42:28==============
股票：300932历史涨跌幅判断-额外参数：
	分组名称：1
	走势名称：历史涨跌幅
	结果：未满足，返回code：-1
额外条件未满足


===============================================

==============2021-05-14 19:42:35==============
股票：300932历史涨跌幅判断-额外参数：
	分组名称：1
	走势名称：历史涨跌幅
	结果：未满足，返回code：-1
额外条件未满足


===============================================

==============2021-05-14 19:42:48==============
股票：300932历史涨跌幅判断-额外参数：
	分组名称：1
	走势名称：历史涨跌幅
	结果：未满足，返回code：-1
额外条件未满足


===============================================

==============2021-05-14 19:42:53==============
股票：300932历史涨跌幅判断-额外参数：
	分组名称：1
	走势名称：历史涨跌幅
	结果：未满足，返回code：-1
额外条件未满足


===============================================

==============2021-05-14 19:43:43==============
股票：300932历史涨跌幅判断-额外参数：
	分组名称：1
	走势名称：历史涨跌幅
	结果：未满足，返回code：-1
额外条件未满足


===============================================

==============2021-05-14 19:43:45==============
股票：300932历史涨跌幅判断-额外参数：
	分组名称：1
	走势名称：历史涨跌幅
	结果：未满足，返回code：-1
额外条件未满足


===============================================

==============2021-05-14 19:43:56==============
股票：300932历史涨跌幅判断-额外参数：
	分组名称：1
	走势名称：历史涨跌幅
	结果：未满足，返回code：-1
额外条件未满足


===============================================

==============2021-05-14 19:44:43==============
股票：300932历史涨跌幅判断-额外参数：
	分组名称：1
	走势名称：历史涨跌幅
	结果：未满足，返回code：-1
额外条件未满足


===============================================

==============2021-05-14 19:44:51==============
股票：300932历史涨跌幅判断-额外参数：
	分组名称：1
	走势名称：历史涨跌幅
	结果：未满足，返回code：-1
额外条件未满足


===============================================

==============2021-05-14 19:44:58==============
股票：300932历史涨跌幅判断-额外参数：
	分组名称：1
	走势名称：历史涨跌幅
	结果：未满足，返回code：-1
额外条件未满足


===============================================

==============2021-05-14 19:45:02==============
股票：300932历史涨跌幅判断-额外参数：
	分组名称：1
	走势名称：历史涨跌幅
	结果：未满足，返回code：-1
额外条件未满足


===============================================

==============2021-05-14 19:45:08==============
股票：300932历史涨跌幅判断-额外参数：
	分组名称：1
	走势名称：历史涨跌幅
	结果：未满足，返回code：-1
额外条件未满足


===============================================

==============2021-05-14 19:45:12==============
股票：300932历史涨跌幅判断-额外参数：
	分组名称：1
	走势名称：历史涨跌幅
	结果：未满足，返回code：-1
额外条件未满足


===============================================

==============2021-05-14 19:45:15==============
股票：300932历史涨跌幅判断-额外参数：
	分组名称：1
	走势名称：历史涨跌幅
	结果：未满足，返回code：-1
额外条件未满足


===============================================

==============2021-05-14 19:45:19==============
股票：300932历史涨跌幅判断-额外参数：
	分组名称：1
	走势名称：历史涨跌幅
	结果：未满足，返回code：-1
额外条件未满足


===============================================

==============2021-05-14 19:45:25==============
股票：300932历史涨跌幅判断-额外参数：
	分组名称：1
	走势名称：历史涨跌幅
	结果：未满足，返回code：-1
额外条件未满足


===============================================

==============2021-05-14 19:45:32==============
股票：300932历史涨跌幅判断-额外参数：
	分组名称：1
	走势名称：历史涨跌幅
	结果：未满足，返回code：-1
额外条件未满足


===============================================

==============2021-05-14 19:45:41==============
股票：300932历史涨跌幅判断-额外参数：
	分组名称：1
	走势名称：历史涨跌幅
	结果：未满足，返回code：-1
额外条件未满足


===============================================

==============2021-05-14 19:45:49==============
股票：300932历史涨跌幅判断-额外参数：
	分组名称：1
	走势名称：历史涨跌幅
	结果：未满足，返回code：-1
额外条件未满足


===============================================

==============2021-05-14 19:45:56==============
股票：300932历史涨跌幅判断-额外参数：
	分组名称：1
	走势名称：历史涨跌幅
	结果：未满足，返回code：-1
额外条件未满足


===============================================

==============2021-05-14 19:46:02==============
股票：300932历史涨跌幅判断-额外参数：
	分组名称：1
	走势名称：历史涨跌幅
	结果：未满足，返回code：-1
额外条件未满足


===============================================

==============2021-05-14 19:46:08==============
股票：300932历史涨跌幅判断-额外参数：
	分组名称：1
	走势名称：历史涨跌幅
	结果：未满足，返回code：-1
额外条件未满足


===============================================

==============2021-05-14 19:46:12==============
股票：300932历史涨跌幅判断-额外参数：
	分组名称：1
	走势名称：历史涨跌幅
	结果：未满足，返回code：-1
额外条件未满足


===============================================

==============2021-05-14 19:46:15==============
股票：300932历史涨跌幅判断-额外参数：
	分组名称：1
	走势名称：历史涨跌幅
	结果：未满足，返回code：-1
额外条件未满足


===============================================

==============2021-05-14 19:46:19==============
股票：300932历史涨跌幅判断-额外参数：
	分组名称：1
	走势名称：历史涨跌幅
	结果：未满足，返回code：-1
额外条件未满足


===============================================

==============2021-05-14 19:46:21==============
股票：300932历史涨跌幅判断-额外参数：
	分组名称：1
	走势名称：历史涨跌幅
	结果：未满足，返回code：-1
额外条件未满足


===============================================

==============2021-05-14 19:46:26==============
股票：300932历史涨跌幅判断-额外参数：
	分组名称：1
	走势名称：历史涨跌幅
	结果：未满足，返回code：-1
额外条件未满足


===============================================

==============2021-05-14 19:46:28==============
股票：300932历史涨跌幅判断-额外参数：
	分组名称：1
	走势名称：历史涨跌幅
	结果：未满足，返回code：-1
额外条件未满足


===============================================

==============2021-05-14 19:46:32==============
股票：300932历史涨跌幅判断-额外参数：
	分组名称：1
	走势名称：历史涨跌幅
	结果：未满足，返回code：-1
额外条件未满足


===============================================

==============2021-05-14 19:46:36==============
股票：300932历史涨跌幅判断-额外参数：
	分组名称：1
	走势名称：历史涨跌幅
	结果：未满足，返回code：-1
额外条件未满足


===============================================

==============2021-05-14 19:46:39==============
股票：300932历史涨跌幅判断-额外参数：
	分组名称：1
	走势名称：历史涨跌幅
	结果：未满足，返回code：-1
额外条件未满足


===============================================

==============2021-05-14 19:46:41==============
股票：300932历史涨跌幅判断-额外参数：
	分组名称：1
	走势名称：历史涨跌幅
	结果：未满足，返回code：-1
额外条件未满足


===============================================

==============2021-05-14 19:46:49==============
股票：300932历史涨跌幅判断-额外参数：
	分组名称：1
	走势名称：历史涨跌幅
	结果：未满足，返回code：-1
额外条件未满足


===============================================

==============2021-05-14 20:06:06==============
股票：300932历史涨跌幅判断-额外参数：
	分组名称：1
	走势名称：历史涨跌幅
	结果：未满足，返回code：-1
额外条件未满足


===============================================

==============2021-05-14 20:06:09==============
股票：300932历史涨跌幅判断-额外参数：
	分组名称：1
	走势名称：历史涨跌幅
	结果：未满足，返回code：-1
额外条件未满足


===============================================

==============2021-05-14 20:07:42==============
股票：300932历史涨跌幅判断-额外参数：
	分组名称：1
	走势名称：历史涨跌幅
	结果：未满足，返回code：-1
额外条件未满足


===============================================

