==============2021-08-06 15:32:50==============
===6开始执行条件2021-08-06 15:32:49.085===
===开始判断价格条件2021-08-06 15:32:49.085===
===开始判断额外/转自动条件2021-08-06 15:32:49.229===
===2021-08-06 15:32:49.342===
股票：603906指定时间段判断-额外参数：
	分组名称：1
	走势名称：时间段
		条件不成立(当前时间：2021-08-06 15:32:49.084,条件时段：09:30:00-13:00:00)
	结果：未满足
===2021-08-06 15:32:49.342===
===2021-08-06 15:32:49.418===
股票：603906板块涨跌幅判断-额外参数：
	分组名称：1
	走势名称：发
		条件不成立(不符合板块涨跌幅条件)
	结果：未满足，返回code：-1
===2021-08-06 15:32:50.141===
额外条件未满足


===============================================

==============2021-08-06 17:05:01==============
===6开始执行条件2021-08-06 17:04:59.895===
===开始判断价格条件2021-08-06 17:04:59.895===
===开始判断额外/转自动条件2021-08-06 17:05:00.407===
===2021-08-06 17:05:00.637===
股票：603906指定时间段判断-额外参数：
	分组名称：1
	走势名称：时间段
		条件不成立(当前时间：2021-08-06 17:04:59.894,条件时段：09:30:00-13:00:00)
	结果：未满足
===2021-08-06 17:05:00.638===
===2021-08-06 17:05:00.811===
股票：603906板块涨跌幅判断-额外参数：
	分组名称：1
	走势名称：发
		条件不成立(不符合板块涨跌幅条件)
	结果：未满足，返回code：-1
===2021-08-06 17:05:01.726===
额外条件未满足


===============================================

==============2021-08-06 17:05:41==============
===6开始执行条件2021-08-06 17:05:39.363===
===开始判断价格条件2021-08-06 17:05:39.363===
===开始判断额外/转自动条件2021-08-06 17:05:39.733===
===2021-08-06 17:05:40.137===
股票：603906指定时间段判断-额外参数：
	分组名称：1
	走势名称：时间段
		条件不成立(当前时间：2021-08-06 17:05:39.362,条件时段：09:30:00-13:00:00)
	结果：未满足
===2021-08-06 17:05:40.137===
===2021-08-06 17:05:40.291===
股票：603906板块涨跌幅判断-额外参数：
	分组名称：1
	走势名称：发
		条件不成立(不符合板块涨跌幅条件)
	结果：未满足，返回code：-1
===2021-08-06 17:05:41.440===
额外条件未满足


===============================================

==============2021-08-06 17:10:26==============
===6开始执行条件2021-08-06 17:10:24.560===
===开始判断价格条件2021-08-06 17:10:24.560===
===开始判断额外/转自动条件2021-08-06 17:10:25.052===
===2021-08-06 17:10:25.385===
股票：603906指定时间段判断-额外参数：
	分组名称：1
	走势名称：时间段
		条件不成立(当前时间：2021-08-06 17:10:24.560,条件时段：09:30:00-13:00:00)
	结果：未满足
===2021-08-06 17:10:25.385===
===2021-08-06 17:10:25.430===
股票：603906板块涨跌幅判断-额外参数：
	分组名称：1
	走势名称：发
		条件不成立(不符合板块涨跌幅条件)
	结果：未满足，返回code：-1
===2021-08-06 17:10:26.588===
额外条件未满足


===============================================

==============2021-08-06 17:10:43==============
===6开始执行条件2021-08-06 17:10:41.914===
===开始判断价格条件2021-08-06 17:10:41.914===
===开始判断额外/转自动条件2021-08-06 17:10:42.067===
===2021-08-06 17:10:42.353===
股票：603906指定时间段判断-额外参数：
	分组名称：1
	走势名称：时间段
		条件不成立(当前时间：2021-08-06 17:10:41.913,条件时段：09:30:00-13:00:00)
	结果：未满足
===2021-08-06 17:10:42.353===
===2021-08-06 17:10:42.406===
股票：603906板块涨跌幅判断-额外参数：
	分组名称：1
	走势名称：发
		条件不成立(不符合板块涨跌幅条件)
	结果：未满足，返回code：-1
===2021-08-06 17:10:43.160===
额外条件未满足


===============================================

