==============2021-08-11 10:28:39==============
===6开始执行条件2021-08-11 10:28:38.763===
===开始判断价格条件2021-08-11 10:28:38.763===
===开始判断额外/转自动条件2021-08-11 10:28:38.876===
===2021-08-11 10:28:38.926===
股票：300900指定时间段判断-额外参数：
	分组名称：1
	走势名称：时间段
		条件成立(当前时间：2021-08-11 10:28:38.762,条件时段：09:30:00-13:00:00)
	结果：达到要求
===2021-08-11 10:28:39.160===
===2021-08-11 10:28:39.438===
股票：300900多头向上判断-转自动参数：
	分组名称：2
	走势名称：多头向上
	结果：未满足，返回code：0
===2021-08-11 10:28:39.439===
满足所有条件，可以触发


===============================================

==============2021-08-11 10:29:05==============
===6开始执行条件2021-08-11 10:29:02.518===
===开始判断价格条件2021-08-11 10:29:02.518===
===开始判断额外/转自动条件2021-08-11 10:29:03.039===
===2021-08-11 10:29:03.620===
股票：300900指定时间段判断-额外参数：
	分组名称：1
	走势名称：时间段
		条件成立(当前时间：2021-08-11 10:29:02.517,条件时段：09:30:00-13:00:00)
	结果：达到要求
===2021-08-11 10:29:04.089===
===2021-08-11 10:29:05.485===
股票：300900多头向上判断-转自动参数：
	分组名称：2
	走势名称：多头向上
	结果：未满足，返回code：0
===2021-08-11 10:29:05.485===
满足所有条件，可以触发


===============================================

==============2021-08-11 10:29:47==============
===6开始执行条件2021-08-11 10:29:46.247===
===开始判断价格条件2021-08-11 10:29:46.247===
===开始判断额外/转自动条件2021-08-11 10:29:46.694===
===2021-08-11 10:29:46.757===
股票：300900指定时间段判断-额外参数：
	分组名称：1
	走势名称：时间段
		条件成立(当前时间：2021-08-11 10:29:46.246,条件时段：09:30:00-13:00:00)
	结果：达到要求
===2021-08-11 10:29:46.968===
===2021-08-11 10:29:47.289===
股票：300900多头向上判断-转自动参数：
	分组名称：2
	走势名称：多头向上
	结果：未满足，返回code：0
===2021-08-11 10:29:47.289===
满足所有条件，可以触发


===============================================

==============2021-08-11 10:30:32==============
===6开始执行条件2021-08-11 10:30:32.417===
===开始判断价格条件2021-08-11 10:30:32.417===
===开始判断额外/转自动条件2021-08-11 10:30:32.561===
===2021-08-11 10:30:32.606===
股票：300900指定时间段判断-额外参数：
	分组名称：1
	走势名称：时间段
		条件成立(当前时间：2021-08-11 10:30:32.416,条件时段：09:30:00-13:00:00)
	结果：达到要求
===2021-08-11 10:30:32.707===
===2021-08-11 10:30:32.964===
股票：300900多头向上判断-转自动参数：
	分组名称：2
	走势名称：多头向上
	结果：未满足，返回code：0
===2021-08-11 10:30:32.964===
满足所有条件，可以触发


===============================================

==============2021-08-11 10:30:44==============
===6开始执行条件2021-08-11 10:30:43.830===
===开始判断价格条件2021-08-11 10:30:43.830===
===开始判断额外/转自动条件2021-08-11 10:30:43.968===
===2021-08-11 10:30:44.057===
股票：300900指定时间段判断-额外参数：
	分组名称：1
	走势名称：时间段
		条件成立(当前时间：2021-08-11 10:30:43.823,条件时段：09:30:00-13:00:00)
	结果：达到要求
===2021-08-11 10:30:44.135===
===2021-08-11 10:30:44.442===
股票：300900多头向上判断-转自动参数：
	分组名称：2
	走势名称：多头向上
	结果：未满足，返回code：0
===2021-08-11 10:30:44.442===
满足所有条件，可以触发


===============================================

==============2021-08-11 10:31:01==============
===6开始执行条件2021-08-11 10:31:00.727===
===开始判断价格条件2021-08-11 10:31:00.727===
===开始判断额外/转自动条件2021-08-11 10:31:00.806===
===2021-08-11 10:31:00.895===
股票：300900指定时间段判断-额外参数：
	分组名称：1
	走势名称：时间段
		条件成立(当前时间：2021-08-11 10:31:00.727,条件时段：09:30:00-13:00:00)
	结果：达到要求
===2021-08-11 10:31:01.002===
===2021-08-11 10:31:01.174===
股票：300900多头向上判断-转自动参数：
	分组名称：2
	走势名称：多头向上
	结果：未满足，返回code：0
===2021-08-11 10:31:01.174===
满足所有条件，可以触发


===============================================

==============2021-08-11 10:31:19==============
===6开始执行条件2021-08-11 10:31:19.150===
===开始判断价格条件2021-08-11 10:31:19.150===
===开始判断额外/转自动条件2021-08-11 10:31:19.315===
===2021-08-11 10:31:19.366===
股票：300900指定时间段判断-额外参数：
	分组名称：1
	走势名称：时间段
		条件成立(当前时间：2021-08-11 10:31:19.146,条件时段：09:30:00-13:00:00)
	结果：达到要求
===2021-08-11 10:31:19.430===
===2021-08-11 10:31:19.562===
股票：300900多头向上判断-转自动参数：
	分组名称：2
	走势名称：多头向上
	结果：未满足，返回code：0
===2021-08-11 10:31:19.562===
满足所有条件，可以触发


===============================================

==============2021-08-11 10:31:26==============
===6开始执行条件2021-08-11 10:31:25.421===
===开始判断价格条件2021-08-11 10:31:25.421===
===开始判断额外/转自动条件2021-08-11 10:31:25.588===
===2021-08-11 10:31:25.659===
股票：300900指定时间段判断-额外参数：
	分组名称：1
	走势名称：时间段
		条件成立(当前时间：2021-08-11 10:31:25.421,条件时段：09:30:00-13:00:00)
	结果：达到要求
===2021-08-11 10:31:25.713===
===2021-08-11 10:31:26.030===
股票：300900多头向上判断-转自动参数：
	分组名称：2
	走势名称：多头向上
	结果：未满足，返回code：0
===2021-08-11 10:31:26.030===
满足所有条件，可以触发


===============================================

==============2021-08-11 10:31:33==============
===6开始执行条件2021-08-11 10:31:32.798===
===开始判断价格条件2021-08-11 10:31:32.798===
===开始判断额外/转自动条件2021-08-11 10:31:32.899===
===2021-08-11 10:31:32.947===
股票：300900指定时间段判断-额外参数：
	分组名称：1
	走势名称：时间段
		条件成立(当前时间：2021-08-11 10:31:32.798,条件时段：09:30:00-13:00:00)
	结果：达到要求
===2021-08-11 10:31:32.997===
===2021-08-11 10:31:33.061===
股票：300900多头向上判断-转自动参数：
	分组名称：2
	走势名称：多头向上
	结果：未满足，返回code：0
===2021-08-11 10:31:33.062===
满足所有条件，可以触发


===============================================

==============2021-08-11 10:31:48==============
===6开始执行条件2021-08-11 10:31:46.812===
===开始判断价格条件2021-08-11 10:31:46.812===
===开始判断额外/转自动条件2021-08-11 10:31:47.219===
===2021-08-11 10:31:47.583===
股票：300900指定时间段判断-额外参数：
	分组名称：1
	走势名称：时间段
		条件成立(当前时间：2021-08-11 10:31:46.812,条件时段：09:30:00-13:00:00)
	结果：达到要求
===2021-08-11 10:31:47.778===
===2021-08-11 10:31:48.469===
股票：300900多头向上判断-转自动参数：
	分组名称：2
	走势名称：多头向上
	结果：未满足，返回code：0
===2021-08-11 10:31:48.469===
满足所有条件，可以触发


===============================================

==============2021-08-11 10:32:07==============
===6开始执行条件2021-08-11 10:32:01.583===
===开始判断价格条件2021-08-11 10:32:01.583===
===开始判断额外/转自动条件2021-08-11 10:32:05.249===
===2021-08-11 10:32:06.144===
股票：300900指定时间段判断-额外参数：
	分组名称：1
	走势名称：时间段
		条件成立(当前时间：2021-08-11 10:32:01.582,条件时段：09:30:00-13:00:00)
	结果：达到要求
===2021-08-11 10:32:07.221===
===2021-08-11 10:32:07.864===
股票：300900多头向上判断-转自动参数：
	分组名称：2
	走势名称：多头向上
	结果：未满足，返回code：0
===2021-08-11 10:32:07.864===
满足所有条件，可以触发


===============================================

==============2021-08-11 10:32:21==============
===6开始执行条件2021-08-11 10:32:20.121===
===开始判断价格条件2021-08-11 10:32:20.121===
===开始判断额外/转自动条件2021-08-11 10:32:20.439===
===2021-08-11 10:32:20.779===
股票：300900指定时间段判断-额外参数：
	分组名称：1
	走势名称：时间段
		条件成立(当前时间：2021-08-11 10:32:20.121,条件时段：09:30:00-13:00:00)
	结果：达到要求
===2021-08-11 10:32:21.044===
===2021-08-11 10:32:21.364===
股票：300900多头向上判断-转自动参数：
	分组名称：2
	走势名称：多头向上
	结果：未满足，返回code：0
===2021-08-11 10:32:21.364===
满足所有条件，可以触发


===============================================

==============2021-08-11 10:32:51==============
===6开始执行条件2021-08-11 10:32:46.669===
===开始判断价格条件2021-08-11 10:32:46.669===
===开始判断额外/转自动条件2021-08-11 10:32:46.863===
===2021-08-11 10:32:48.122===
股票：300900指定时间段判断-额外参数：
	分组名称：1
	走势名称：时间段
		条件成立(当前时间：2021-08-11 10:32:46.668,条件时段：09:30:00-13:00:00)
	结果：达到要求
===2021-08-11 10:32:51.014===
===2021-08-11 10:32:51.124===
股票：300900多头向上判断-转自动参数：
	分组名称：2
	走势名称：多头向上
	结果：未满足，返回code：0
===2021-08-11 10:32:51.124===
满足所有条件，可以触发


===============================================

==============2021-08-11 10:32:59==============
===6开始执行条件2021-08-11 10:32:58.950===
===开始判断价格条件2021-08-11 10:32:58.950===
===开始判断额外/转自动条件2021-08-11 10:32:59.103===
===2021-08-11 10:32:59.185===
股票：300900指定时间段判断-额外参数：
	分组名称：1
	走势名称：时间段
		条件成立(当前时间：2021-08-11 10:32:58.950,条件时段：09:30:00-13:00:00)
	结果：达到要求
===2021-08-11 10:32:59.346===
===2021-08-11 10:32:59.480===
股票：300900多头向上判断-转自动参数：
	分组名称：2
	走势名称：多头向上
	结果：未满足，返回code：0
===2021-08-11 10:32:59.481===
满足所有条件，可以触发


===============================================

==============2021-08-11 10:33:09==============
===6开始执行条件2021-08-11 10:33:08.187===
===开始判断价格条件2021-08-11 10:33:08.187===
===开始判断额外/转自动条件2021-08-11 10:33:08.307===
===2021-08-11 10:33:08.490===
股票：300900指定时间段判断-额外参数：
	分组名称：1
	走势名称：时间段
		条件成立(当前时间：2021-08-11 10:33:08.187,条件时段：09:30:00-13:00:00)
	结果：达到要求
===2021-08-11 10:33:08.732===
===2021-08-11 10:33:09.233===
股票：300900多头向上判断-转自动参数：
	分组名称：2
	走势名称：多头向上
	结果：未满足，返回code：0
===2021-08-11 10:33:09.233===
满足所有条件，可以触发


===============================================

==============2021-08-11 10:33:18==============
===6开始执行条件2021-08-11 10:33:17.034===
===开始判断价格条件2021-08-11 10:33:17.034===
===开始判断额外/转自动条件2021-08-11 10:33:17.561===
===2021-08-11 10:33:17.707===
股票：300900指定时间段判断-额外参数：
	分组名称：1
	走势名称：时间段
		条件成立(当前时间：2021-08-11 10:33:17.034,条件时段：09:30:00-13:00:00)
	结果：达到要求
===2021-08-11 10:33:18.107===
===2021-08-11 10:33:18.766===
股票：300900多头向上判断-转自动参数：
	分组名称：2
	走势名称：多头向上
	结果：未满足，返回code：0
===2021-08-11 10:33:18.766===
满足所有条件，可以触发


===============================================

==============2021-08-11 10:33:29==============
===6开始执行条件2021-08-11 10:33:27.742===
===开始判断价格条件2021-08-11 10:33:27.742===
===开始判断额外/转自动条件2021-08-11 10:33:28.424===
===2021-08-11 10:33:28.750===
股票：300900指定时间段判断-额外参数：
	分组名称：1
	走势名称：时间段
		条件成立(当前时间：2021-08-11 10:33:27.741,条件时段：09:30:00-13:00:00)
	结果：达到要求
===2021-08-11 10:33:29.282===
===2021-08-11 10:33:29.818===
股票：300900多头向上判断-转自动参数：
	分组名称：2
	走势名称：多头向上
	结果：未满足，返回code：0
===2021-08-11 10:33:29.818===
满足所有条件，可以触发


===============================================

==============2021-08-11 10:35:00==============
===6开始执行条件2021-08-11 10:34:59.977===
===开始判断价格条件2021-08-11 10:34:59.977===
===开始判断额外/转自动条件2021-08-11 10:35:00.111===
===2021-08-11 10:35:00.292===
股票：300900指定时间段判断-额外参数：
	分组名称：1
	走势名称：时间段
		条件成立(当前时间：2021-08-11 10:34:59.976,条件时段：09:30:00-13:00:00)
	结果：达到要求
===2021-08-11 10:35:00.345===
===2021-08-11 10:35:00.426===
股票：300900多头向上判断-转自动参数：
	分组名称：2
	走势名称：多头向上
	结果：未满足，返回code：0
===2021-08-11 10:35:00.426===
满足所有条件，可以触发


===============================================

==============2021-08-11 10:35:09==============
===6开始执行条件2021-08-11 10:35:08.633===
===开始判断价格条件2021-08-11 10:35:08.633===
===开始判断额外/转自动条件2021-08-11 10:35:08.876===
===2021-08-11 10:35:08.955===
股票：300900指定时间段判断-额外参数：
	分组名称：1
	走势名称：时间段
		条件成立(当前时间：2021-08-11 10:35:08.628,条件时段：09:30:00-13:00:00)
	结果：达到要求
===2021-08-11 10:35:09.081===
===2021-08-11 10:35:09.194===
股票：300900多头向上判断-转自动参数：
	分组名称：2
	走势名称：多头向上
	结果：未满足，返回code：0
===2021-08-11 10:35:09.194===
满足所有条件，可以触发


===============================================

==============2021-08-11 10:35:22==============
===6开始执行条件2021-08-11 10:35:20.335===
===开始判断价格条件2021-08-11 10:35:20.335===
===开始判断额外/转自动条件2021-08-11 10:35:21.287===
===2021-08-11 10:35:21.621===
股票：300900指定时间段判断-额外参数：
	分组名称：1
	走势名称：时间段
		条件成立(当前时间：2021-08-11 10:35:20.335,条件时段：09:30:00-13:00:00)
	结果：达到要求
===2021-08-11 10:35:21.958===
===2021-08-11 10:35:22.555===
股票：300900多头向上判断-转自动参数：
	分组名称：2
	走势名称：多头向上
	结果：未满足，返回code：0
===2021-08-11 10:35:22.555===
满足所有条件，可以触发


===============================================

==============2021-08-11 10:35:35==============
===6开始执行条件2021-08-11 10:35:33.694===
===开始判断价格条件2021-08-11 10:35:33.694===
===开始判断额外/转自动条件2021-08-11 10:35:34.285===
===2021-08-11 10:35:34.606===
股票：300900指定时间段判断-额外参数：
	分组名称：1
	走势名称：时间段
		条件成立(当前时间：2021-08-11 10:35:33.694,条件时段：09:30:00-13:00:00)
	结果：达到要求
===2021-08-11 10:35:35.116===
===2021-08-11 10:35:35.568===
股票：300900多头向上判断-转自动参数：
	分组名称：2
	走势名称：多头向上
	结果：未满足，返回code：0
===2021-08-11 10:35:35.568===
满足所有条件，可以触发


===============================================

==============2021-08-11 10:36:37==============
===6开始执行条件2021-08-11 10:36:30.780===
===开始判断价格条件2021-08-11 10:36:30.780===
===开始判断额外/转自动条件2021-08-11 10:36:31.481===
===2021-08-11 10:36:32.209===
股票：300900指定时间段判断-额外参数：
	分组名称：1
	走势名称：时间段
		条件成立(当前时间：2021-08-11 10:36:30.780,条件时段：09:30:00-13:00:00)
	结果：达到要求
===2021-08-11 10:36:35.857===
===2021-08-11 10:36:37.064===
股票：300900多头向上判断-转自动参数：
	分组名称：2
	走势名称：多头向上
	结果：未满足，返回code：0
===2021-08-11 10:36:37.064===
满足所有条件，可以触发


===============================================

==============2021-08-11 10:37:10==============
===6开始执行条件2021-08-11 10:37:07.035===
===开始判断价格条件2021-08-11 10:37:07.035===
===开始判断额外/转自动条件2021-08-11 10:37:07.636===
===2021-08-11 10:37:08.392===
股票：300900指定时间段判断-额外参数：
	分组名称：1
	走势名称：时间段
		条件成立(当前时间：2021-08-11 10:37:07.034,条件时段：09:30:00-13:00:00)
	结果：达到要求
===2021-08-11 10:37:09.084===
===2021-08-11 10:37:10.077===
股票：300900多头向上判断-转自动参数：
	分组名称：2
	走势名称：多头向上
	结果：未满足，返回code：0
===2021-08-11 10:37:10.077===
满足所有条件，可以触发


===============================================

