==============2021-08-09 10:11:08==============
===6开始执行条件2021-08-09 10:11:07.740===
===开始判断价格条件2021-08-09 10:11:07.740===
===开始判断额外/转自动条件2021-08-09 10:11:07.859===
===2021-08-09 10:11:07.972===
股票：300900指定时间段判断-额外参数：
	分组名称：1
	走势名称：时间段
		条件成立(当前时间：2021-08-09 10:11:07.739,条件时段：09:30:00-13:00:00)
	结果：达到要求
===2021-08-09 10:11:08.057===
===2021-08-09 10:11:08.166===
股票：300900多头向上判断-转自动参数：
	分组名称：2
	走势名称：多头向上
	结果：未满足，返回code：0
===2021-08-09 10:11:08.166===
满足所有条件，可以触发


===============================================

==============2021-08-09 10:11:29==============
===6开始执行条件2021-08-09 10:11:26.925===
===开始判断价格条件2021-08-09 10:11:26.925===
===开始判断额外/转自动条件2021-08-09 10:11:27.535===
===2021-08-09 10:11:27.910===
股票：300900指定时间段判断-额外参数：
	分组名称：1
	走势名称：时间段
		条件成立(当前时间：2021-08-09 10:11:26.924,条件时段：09:30:00-13:00:00)
	结果：达到要求
===2021-08-09 10:11:28.811===
===2021-08-09 10:11:29.427===
股票：300900多头向上判断-转自动参数：
	分组名称：2
	走势名称：多头向上
	结果：未满足，返回code：0
===2021-08-09 10:11:29.427===
满足所有条件，可以触发


===============================================

==============2021-08-09 11:03:18==============
===6开始执行条件2021-08-09 11:03:17.343===
===开始判断价格条件2021-08-09 11:03:17.343===
===开始判断额外/转自动条件2021-08-09 11:03:17.656===
===2021-08-09 11:03:17.864===
股票：300900指定时间段判断-额外参数：
	分组名称：1
	走势名称：时间段
		条件成立(当前时间：2021-08-09 11:03:17.342,条件时段：09:30:00-13:00:00)
	结果：达到要求
===2021-08-09 11:03:18.227===
===2021-08-09 11:03:18.611===
股票：300900多头向上判断-转自动参数：
	分组名称：2
	走势名称：多头向上
	结果：未满足，返回code：0
===2021-08-09 11:03:18.611===
满足所有条件，可以触发


===============================================

==============2021-08-09 11:03:32==============
===6开始执行条件2021-08-09 11:03:32.473===
===开始判断价格条件2021-08-09 11:03:32.473===
===开始判断额外/转自动条件2021-08-09 11:03:32.657===
===2021-08-09 11:03:32.753===
股票：300900指定时间段判断-额外参数：
	分组名称：1
	走势名称：时间段
		条件成立(当前时间：2021-08-09 11:03:32.473,条件时段：09:30:00-13:00:00)
	结果：达到要求
===2021-08-09 11:03:32.821===
===2021-08-09 11:03:32.996===
股票：300900多头向上判断-转自动参数：
	分组名称：2
	走势名称：多头向上
	结果：未满足，返回code：0
===2021-08-09 11:03:32.996===
满足所有条件，可以触发


===============================================

