==============2021-08-10 17:41:25==============
===6开始执行条件2021-08-10 17:41:24.149===
===开始判断价格条件2021-08-10 17:41:24.149===
===开始判断额外/转自动条件2021-08-10 17:41:24.392===
===2021-08-10 17:41:24.877===
股票：300900指定时间段判断-额外参数：
	分组名称：1
	走势名称：时间段
		条件不成立(当前时间：2021-08-10 17:41:24.146,条件时段：09:30:00-13:00:00)
	结果：未满足
===2021-08-10 17:41:24.877===
===2021-08-10 17:41:24.995===
股票：300900板块涨跌幅判断-额外参数：
	分组名称：1
	走势名称：发
		条件不成立(不符合板块涨跌幅条件)
	结果：未满足，返回code：-1
===2021-08-10 17:41:25.543===
额外条件未满足


===============================================

==============2021-08-10 17:44:17==============
===6开始执行条件2021-08-10 17:44:15.720===
===开始判断价格条件2021-08-10 17:44:15.720===
===开始判断额外/转自动条件2021-08-10 17:44:15.831===
===2021-08-10 17:44:15.940===
股票：300900指定时间段判断-额外参数：
	分组名称：1
	走势名称：时间段
		条件不成立(当前时间：2021-08-10 17:44:15.720,条件时段：09:30:00-13:00:00)
	结果：未满足
===2021-08-10 17:44:15.940===
===2021-08-10 17:44:16.044===
股票：300900板块涨跌幅判断-额外参数：
	分组名称：1
	走势名称：发
		条件不成立(不符合板块涨跌幅条件)
	结果：未满足，返回code：-1
===2021-08-10 17:44:17.571===
额外条件未满足


===============================================

==============2021-08-10 17:53:05==============
===6开始执行条件2021-08-10 17:53:03.111===
===开始判断价格条件2021-08-10 17:53:03.111===
===开始判断额外/转自动条件2021-08-10 17:53:03.953===
===2021-08-10 17:53:04.203===
股票：300900指定时间段判断-额外参数：
	分组名称：1
	走势名称：时间段
		条件不成立(当前时间：2021-08-10 17:53:03.111,条件时段：09:30:00-13:00:00)
	结果：未满足
===2021-08-10 17:53:04.203===
===2021-08-10 17:53:04.405===
股票：300900板块涨跌幅判断-额外参数：
	分组名称：1
	走势名称：发
		条件不成立(不符合板块涨跌幅条件)
	结果：未满足，返回code：-1
===2021-08-10 17:53:05.039===
额外条件未满足


===============================================

==============2021-08-10 17:54:25==============
===6开始执行条件2021-08-10 17:54:23.835===
===开始判断价格条件2021-08-10 17:54:23.835===
===开始判断额外/转自动条件2021-08-10 17:54:24.015===
===2021-08-10 17:54:24.195===
股票：300900指定时间段判断-额外参数：
	分组名称：1
	走势名称：时间段
		条件不成立(当前时间：2021-08-10 17:54:23.835,条件时段：09:30:00-13:00:00)
	结果：未满足
===2021-08-10 17:54:24.195===
===2021-08-10 17:54:24.228===
股票：300900板块涨跌幅判断-额外参数：
	分组名称：1
	走势名称：发
		条件不成立(不符合板块涨跌幅条件)
	结果：未满足，返回code：-1
===2021-08-10 17:54:25.168===
额外条件未满足


===============================================

