==============2021-08-11 10:28:31==============
===6开始执行条件2021-08-11 10:28:30.979===
===开始判断价格条件2021-08-11 10:28:30.979===
===开始判断额外/转自动条件2021-08-11 10:28:31.125===
===2021-08-11 10:28:31.214===
股票：601699指定时间段判断-额外参数：
	分组名称：1
	走势名称：时间段
		条件成立(当前时间：2021-08-11 10:28:30.979,条件时段：09:30:00-13:00:00)
	结果：达到要求
===2021-08-11 10:28:31.422===
===2021-08-11 10:28:31.530===
股票：601699多头向上判断-转自动参数：
	分组名称：2
	走势名称：多头向上
	结果：未满足，返回code：0
===2021-08-11 10:28:31.530===
满足所有条件，可以触发


===============================================

==============2021-08-11 10:28:51==============
===6开始执行条件2021-08-11 10:28:50.328===
===开始判断价格条件2021-08-11 10:28:50.328===
===开始判断额外/转自动条件2021-08-11 10:28:50.508===
===2021-08-11 10:28:50.651===
股票：601699指定时间段判断-额外参数：
	分组名称：1
	走势名称：时间段
		条件成立(当前时间：2021-08-11 10:28:50.328,条件时段：09:30:00-13:00:00)
	结果：达到要求
===2021-08-11 10:28:50.824===
===2021-08-11 10:28:51.036===
股票：601699多头向上判断-转自动参数：
	分组名称：2
	走势名称：多头向上
	结果：未满足，返回code：0
===2021-08-11 10:28:51.036===
满足所有条件，可以触发


===============================================

==============2021-08-11 10:29:00==============
===6开始执行条件2021-08-11 10:28:59.317===
===开始判断价格条件2021-08-11 10:28:59.317===
===开始判断额外/转自动条件2021-08-11 10:28:59.459===
===2021-08-11 10:28:59.692===
股票：601699指定时间段判断-额外参数：
	分组名称：1
	走势名称：时间段
		条件成立(当前时间：2021-08-11 10:28:59.316,条件时段：09:30:00-13:00:00)
	结果：达到要求
===2021-08-11 10:28:59.968===
===2021-08-11 10:29:00.330===
股票：601699多头向上判断-转自动参数：
	分组名称：2
	走势名称：多头向上
	结果：未满足，返回code：0
===2021-08-11 10:29:00.330===
满足所有条件，可以触发


===============================================

==============2021-08-11 10:29:42==============
===6开始执行条件2021-08-11 10:29:41.899===
===开始判断价格条件2021-08-11 10:29:41.899===
===开始判断额外/转自动条件2021-08-11 10:29:42.083===
===2021-08-11 10:29:42.288===
股票：601699指定时间段判断-额外参数：
	分组名称：1
	走势名称：时间段
		条件成立(当前时间：2021-08-11 10:29:41.899,条件时段：09:30:00-13:00:00)
	结果：达到要求
===2021-08-11 10:29:42.389===
===2021-08-11 10:29:42.613===
股票：601699多头向上判断-转自动参数：
	分组名称：2
	走势名称：多头向上
	结果：未满足，返回code：0
===2021-08-11 10:29:42.614===
满足所有条件，可以触发


===============================================

==============2021-08-11 10:29:55==============
===6开始执行条件2021-08-11 10:29:52.501===
===开始判断价格条件2021-08-11 10:29:52.501===
===开始判断额外/转自动条件2021-08-11 10:29:52.692===
===2021-08-11 10:29:53.335===
股票：601699指定时间段判断-额外参数：
	分组名称：1
	走势名称：时间段
		条件成立(当前时间：2021-08-11 10:29:52.501,条件时段：09:30:00-13:00:00)
	结果：达到要求
===2021-08-11 10:29:54.171===
===2021-08-11 10:29:55.037===
股票：601699多头向上判断-转自动参数：
	分组名称：2
	走势名称：多头向上
	结果：未满足，返回code：0
===2021-08-11 10:29:55.038===
满足所有条件，可以触发


===============================================

==============2021-08-11 10:30:07==============
===6开始执行条件2021-08-11 10:30:06.548===
===开始判断价格条件2021-08-11 10:30:06.548===
===开始判断额外/转自动条件2021-08-11 10:30:06.685===
===2021-08-11 10:30:06.820===
股票：601699指定时间段判断-额外参数：
	分组名称：1
	走势名称：时间段
		条件成立(当前时间：2021-08-11 10:30:06.547,条件时段：09:30:00-13:00:00)
	结果：达到要求
===2021-08-11 10:30:07.005===
===2021-08-11 10:30:07.631===
股票：601699多头向上判断-转自动参数：
	分组名称：2
	走势名称：多头向上
	结果：未满足，返回code：0
===2021-08-11 10:30:07.631===
满足所有条件，可以触发


===============================================

==============2021-08-11 10:30:13==============
===6开始执行条件2021-08-11 10:30:13.054===
===开始判断价格条件2021-08-11 10:30:13.054===
===开始判断额外/转自动条件2021-08-11 10:30:13.208===
===2021-08-11 10:30:13.290===
股票：601699指定时间段判断-额外参数：
	分组名称：1
	走势名称：时间段
		条件成立(当前时间：2021-08-11 10:30:13.054,条件时段：09:30:00-13:00:00)
	结果：达到要求
===2021-08-11 10:30:13.366===
===2021-08-11 10:30:13.903===
股票：601699多头向上判断-转自动参数：
	分组名称：2
	走势名称：多头向上
	结果：未满足，返回code：0
===2021-08-11 10:30:13.903===
满足所有条件，可以触发


===============================================

==============2021-08-11 10:30:30==============
===6开始执行条件2021-08-11 10:30:29.482===
===开始判断价格条件2021-08-11 10:30:29.482===
===开始判断额外/转自动条件2021-08-11 10:30:29.668===
===2021-08-11 10:30:30.027===
股票：601699指定时间段判断-额外参数：
	分组名称：1
	走势名称：时间段
		条件成立(当前时间：2021-08-11 10:30:29.480,条件时段：09:30:00-13:00:00)
	结果：达到要求
===2021-08-11 10:30:30.173===
===2021-08-11 10:30:30.258===
股票：601699多头向上判断-转自动参数：
	分组名称：2
	走势名称：多头向上
	结果：未满足，返回code：0
===2021-08-11 10:30:30.258===
满足所有条件，可以触发


===============================================

==============2021-08-11 10:30:37==============
===6开始执行条件2021-08-11 10:30:37.451===
===开始判断价格条件2021-08-11 10:30:37.451===
===开始判断额外/转自动条件2021-08-11 10:30:37.556===
===2021-08-11 10:30:37.605===
股票：601699指定时间段判断-额外参数：
	分组名称：1
	走势名称：时间段
		条件成立(当前时间：2021-08-11 10:30:37.450,条件时段：09:30:00-13:00:00)
	结果：达到要求
===2021-08-11 10:30:37.653===
===2021-08-11 10:30:37.719===
股票：601699多头向上判断-转自动参数：
	分组名称：2
	走势名称：多头向上
	结果：未满足，返回code：0
===2021-08-11 10:30:37.719===
满足所有条件，可以触发


===============================================

==============2021-08-11 10:30:41==============
===6开始执行条件2021-08-11 10:30:41.280===
===开始判断价格条件2021-08-11 10:30:41.280===
===开始判断额外/转自动条件2021-08-11 10:30:41.386===
===2021-08-11 10:30:41.455===
股票：601699指定时间段判断-额外参数：
	分组名称：1
	走势名称：时间段
		条件成立(当前时间：2021-08-11 10:30:41.280,条件时段：09:30:00-13:00:00)
	结果：达到要求
===2021-08-11 10:30:41.542===
===2021-08-11 10:30:41.697===
股票：601699多头向上判断-转自动参数：
	分组名称：2
	走势名称：多头向上
	结果：未满足，返回code：0
===2021-08-11 10:30:41.697===
满足所有条件，可以触发


===============================================

==============2021-08-11 10:30:50==============
===6开始执行条件2021-08-11 10:30:50.281===
===开始判断价格条件2021-08-11 10:30:50.281===
===开始判断额外/转自动条件2021-08-11 10:30:50.397===
===2021-08-11 10:30:50.478===
股票：601699指定时间段判断-额外参数：
	分组名称：1
	走势名称：时间段
		条件成立(当前时间：2021-08-11 10:30:50.281,条件时段：09:30:00-13:00:00)
	结果：达到要求
===2021-08-11 10:30:50.531===
===2021-08-11 10:30:50.956===
股票：601699多头向上判断-转自动参数：
	分组名称：2
	走势名称：多头向上
	结果：未满足，返回code：0
===2021-08-11 10:30:50.956===
满足所有条件，可以触发


===============================================

==============2021-08-11 10:30:57==============
===6开始执行条件2021-08-11 10:30:57.212===
===开始判断价格条件2021-08-11 10:30:57.212===
===开始判断额外/转自动条件2021-08-11 10:30:57.313===
===2021-08-11 10:30:57.365===
股票：601699指定时间段判断-额外参数：
	分组名称：1
	走势名称：时间段
		条件成立(当前时间：2021-08-11 10:30:57.211,条件时段：09:30:00-13:00:00)
	结果：达到要求
===2021-08-11 10:30:57.414===
===2021-08-11 10:30:57.501===
股票：601699多头向上判断-转自动参数：
	分组名称：2
	走势名称：多头向上
	结果：未满足，返回code：0
===2021-08-11 10:30:57.501===
满足所有条件，可以触发


===============================================

==============2021-08-11 10:31:17==============
===6开始执行条件2021-08-11 10:31:16.014===
===开始判断价格条件2021-08-11 10:31:16.014===
===开始判断额外/转自动条件2021-08-11 10:31:16.077===
===2021-08-11 10:31:16.163===
股票：601699指定时间段判断-额外参数：
	分组名称：1
	走势名称：时间段
		条件成立(当前时间：2021-08-11 10:31:16.014,条件时段：09:30:00-13:00:00)
	结果：达到要求
===2021-08-11 10:31:16.211===
===2021-08-11 10:31:17.292===
股票：601699多头向上判断-转自动参数：
	分组名称：2
	走势名称：多头向上
	结果：未满足，返回code：0
===2021-08-11 10:31:17.292===
满足所有条件，可以触发


===============================================

==============2021-08-11 10:31:22==============
===6开始执行条件2021-08-11 10:31:22.255===
===开始判断价格条件2021-08-11 10:31:22.255===
===开始判断额外/转自动条件2021-08-11 10:31:22.394===
===2021-08-11 10:31:22.465===
股票：601699指定时间段判断-额外参数：
	分组名称：1
	走势名称：时间段
		条件成立(当前时间：2021-08-11 10:31:22.254,条件时段：09:30:00-13:00:00)
	结果：达到要求
===2021-08-11 10:31:22.504===
===2021-08-11 10:31:22.563===
股票：601699多头向上判断-转自动参数：
	分组名称：2
	走势名称：多头向上
	结果：未满足，返回code：0
===2021-08-11 10:31:22.564===
满足所有条件，可以触发


===============================================

==============2021-08-11 10:31:30==============
===6开始执行条件2021-08-11 10:31:29.779===
===开始判断价格条件2021-08-11 10:31:29.779===
===开始判断额外/转自动条件2021-08-11 10:31:29.884===
===2021-08-11 10:31:29.982===
股票：601699指定时间段判断-额外参数：
	分组名称：1
	走势名称：时间段
		条件成立(当前时间：2021-08-11 10:31:29.779,条件时段：09:30:00-13:00:00)
	结果：达到要求
===2021-08-11 10:31:30.235===
===2021-08-11 10:31:30.316===
股票：601699多头向上判断-转自动参数：
	分组名称：2
	走势名称：多头向上
	结果：未满足，返回code：0
===2021-08-11 10:31:30.316===
满足所有条件，可以触发


===============================================

==============2021-08-11 10:31:41==============
===6开始执行条件2021-08-11 10:31:39.129===
===开始判断价格条件2021-08-11 10:31:39.129===
===开始判断额外/转自动条件2021-08-11 10:31:39.502===
===2021-08-11 10:31:39.656===
股票：601699指定时间段判断-额外参数：
	分组名称：1
	走势名称：时间段
		条件成立(当前时间：2021-08-11 10:31:39.129,条件时段：09:30:00-13:00:00)
	结果：达到要求
===2021-08-11 10:31:40.211===
===2021-08-11 10:31:41.158===
股票：601699多头向上判断-转自动参数：
	分组名称：2
	走势名称：多头向上
	结果：未满足，返回code：0
===2021-08-11 10:31:41.158===
满足所有条件，可以触发


===============================================

==============2021-08-11 10:31:57==============
===6开始执行条件2021-08-11 10:31:56.255===
===开始判断价格条件2021-08-11 10:31:56.255===
===开始判断额外/转自动条件2021-08-11 10:31:56.580===
===2021-08-11 10:31:56.927===
股票：601699指定时间段判断-额外参数：
	分组名称：1
	走势名称：时间段
		条件成立(当前时间：2021-08-11 10:31:56.255,条件时段：09:30:00-13:00:00)
	结果：达到要求
===2021-08-11 10:31:57.340===
===2021-08-11 10:31:57.902===
股票：601699多头向上判断-转自动参数：
	分组名称：2
	走势名称：多头向上
	结果：未满足，返回code：0
===2021-08-11 10:31:57.902===
满足所有条件，可以触发


===============================================

==============2021-08-11 10:32:17==============
===6开始执行条件2021-08-11 10:32:14.301===
===开始判断价格条件2021-08-11 10:32:14.301===
===开始判断额外/转自动条件2021-08-11 10:32:15.271===
===2021-08-11 10:32:15.567===
股票：601699指定时间段判断-额外参数：
	分组名称：1
	走势名称：时间段
		条件成立(当前时间：2021-08-11 10:32:14.301,条件时段：09:30:00-13:00:00)
	结果：达到要求
===2021-08-11 10:32:16.224===
===2021-08-11 10:32:17.020===
股票：601699多头向上判断-转自动参数：
	分组名称：2
	走势名称：多头向上
	结果：未满足，返回code：0
===2021-08-11 10:32:17.020===
满足所有条件，可以触发


===============================================

==============2021-08-11 10:32:44==============
===6开始执行条件2021-08-11 10:32:42.913===
===开始判断价格条件2021-08-11 10:32:42.913===
===开始判断额外/转自动条件2021-08-11 10:32:43.078===
===2021-08-11 10:32:43.400===
股票：601699指定时间段判断-额外参数：
	分组名称：1
	走势名称：时间段
		条件成立(当前时间：2021-08-11 10:32:42.912,条件时段：09:30:00-13:00:00)
	结果：达到要求
===2021-08-11 10:32:43.881===
===2021-08-11 10:32:44.259===
股票：601699多头向上判断-转自动参数：
	分组名称：2
	走势名称：多头向上
	结果：未满足，返回code：0
===2021-08-11 10:32:44.260===
满足所有条件，可以触发


===============================================

==============2021-08-11 10:32:56==============
===6开始执行条件2021-08-11 10:32:56.158===
===开始判断价格条件2021-08-11 10:32:56.158===
===开始判断额外/转自动条件2021-08-11 10:32:56.283===
===2021-08-11 10:32:56.418===
股票：601699指定时间段判断-额外参数：
	分组名称：1
	走势名称：时间段
		条件成立(当前时间：2021-08-11 10:32:56.157,条件时段：09:30:00-13:00:00)
	结果：达到要求
===2021-08-11 10:32:56.567===
===2021-08-11 10:32:56.711===
股票：601699多头向上判断-转自动参数：
	分组名称：2
	走势名称：多头向上
	结果：未满足，返回code：0
===2021-08-11 10:32:56.711===
满足所有条件，可以触发


===============================================

==============2021-08-11 10:33:05==============
===6开始执行条件2021-08-11 10:33:04.613===
===开始判断价格条件2021-08-11 10:33:04.613===
===开始判断额外/转自动条件2021-08-11 10:33:04.694===
===2021-08-11 10:33:05.091===
股票：601699指定时间段判断-额外参数：
	分组名称：1
	走势名称：时间段
		条件成立(当前时间：2021-08-11 10:33:04.613,条件时段：09:30:00-13:00:00)
	结果：达到要求
===2021-08-11 10:33:05.579===
===2021-08-11 10:33:05.822===
股票：601699多头向上判断-转自动参数：
	分组名称：2
	走势名称：多头向上
	结果：未满足，返回code：0
===2021-08-11 10:33:05.822===
满足所有条件，可以触发


===============================================

==============2021-08-11 10:33:16==============
===6开始执行条件2021-08-11 10:33:14.177===
===开始判断价格条件2021-08-11 10:33:14.177===
===开始判断额外/转自动条件2021-08-11 10:33:15.083===
===2021-08-11 10:33:15.370===
股票：601699指定时间段判断-额外参数：
	分组名称：1
	走势名称：时间段
		条件成立(当前时间：2021-08-11 10:33:14.176,条件时段：09:30:00-13:00:00)
	结果：达到要求
===2021-08-11 10:33:15.969===
===2021-08-11 10:33:16.224===
股票：601699多头向上判断-转自动参数：
	分组名称：2
	走势名称：多头向上
	结果：未满足，返回code：0
===2021-08-11 10:33:16.224===
满足所有条件，可以触发


===============================================

==============2021-08-11 10:33:23==============
===6开始执行条件2021-08-11 10:33:22.155===
===开始判断价格条件2021-08-11 10:33:22.155===
===开始判断额外/转自动条件2021-08-11 10:33:22.435===
===2021-08-11 10:33:22.541===
股票：601699指定时间段判断-额外参数：
	分组名称：1
	走势名称：时间段
		条件成立(当前时间：2021-08-11 10:33:22.154,条件时段：09:30:00-13:00:00)
	结果：达到要求
===2021-08-11 10:33:22.794===
===2021-08-11 10:33:23.837===
股票：601699多头向上判断-转自动参数：
	分组名称：2
	走势名称：多头向上
	结果：未满足，返回code：0
===2021-08-11 10:33:23.837===
满足所有条件，可以触发


===============================================

==============2021-08-11 10:34:57==============
===6开始执行条件2021-08-11 10:34:56.828===
===开始判断价格条件2021-08-11 10:34:56.828===
===开始判断额外/转自动条件2021-08-11 10:34:56.926===
===2021-08-11 10:34:57.000===
股票：601699指定时间段判断-额外参数：
	分组名称：1
	走势名称：时间段
		条件成立(当前时间：2021-08-11 10:34:56.827,条件时段：09:30:00-13:00:00)
	结果：达到要求
===2021-08-11 10:34:57.062===
===2021-08-11 10:34:57.198===
股票：601699多头向上判断-转自动参数：
	分组名称：2
	走势名称：多头向上
	结果：未满足，返回code：0
===2021-08-11 10:34:57.198===
满足所有条件，可以触发


===============================================

==============2021-08-11 10:35:05==============
===6开始执行条件2021-08-11 10:35:05.103===
===开始判断价格条件2021-08-11 10:35:05.103===
===开始判断额外/转自动条件2021-08-11 10:35:05.223===
===2021-08-11 10:35:05.539===
股票：601699指定时间段判断-额外参数：
	分组名称：1
	走势名称：时间段
		条件成立(当前时间：2021-08-11 10:35:05.103,条件时段：09:30:00-13:00:00)
	结果：达到要求
===2021-08-11 10:35:05.726===
===2021-08-11 10:35:05.942===
股票：601699多头向上判断-转自动参数：
	分组名称：2
	走势名称：多头向上
	结果：未满足，返回code：0
===2021-08-11 10:35:05.942===
满足所有条件，可以触发


===============================================

==============2021-08-11 10:35:16==============
===6开始执行条件2021-08-11 10:35:14.947===
===开始判断价格条件2021-08-11 10:35:14.947===
===开始判断额外/转自动条件2021-08-11 10:35:15.154===
===2021-08-11 10:35:15.312===
股票：601699指定时间段判断-额外参数：
	分组名称：1
	走势名称：时间段
		条件成立(当前时间：2021-08-11 10:35:14.947,条件时段：09:30:00-13:00:00)
	结果：达到要求
===2021-08-11 10:35:15.656===
===2021-08-11 10:35:16.093===
股票：601699多头向上判断-转自动参数：
	分组名称：2
	走势名称：多头向上
	结果：未满足，返回code：0
===2021-08-11 10:35:16.093===
满足所有条件，可以触发


===============================================

==============2021-08-11 10:35:28==============
===6开始执行条件2021-08-11 10:35:27.359===
===开始判断价格条件2021-08-11 10:35:27.359===
===开始判断额外/转自动条件2021-08-11 10:35:28.082===
===2021-08-11 10:35:28.336===
股票：601699指定时间段判断-额外参数：
	分组名称：1
	走势名称：时间段
		条件成立(当前时间：2021-08-11 10:35:27.358,条件时段：09:30:00-13:00:00)
	结果：达到要求
===2021-08-11 10:35:28.667===
===2021-08-11 10:35:28.911===
股票：601699多头向上判断-转自动参数：
	分组名称：2
	走势名称：多头向上
	结果：未满足，返回code：0
===2021-08-11 10:35:28.911===
满足所有条件，可以触发


===============================================

==============2021-08-11 10:35:54==============
===6开始执行条件2021-08-11 10:35:53.250===
===开始判断价格条件2021-08-11 10:35:53.250===
===开始判断额外/转自动条件2021-08-11 10:35:53.708===
===2021-08-11 10:35:54.043===
股票：601699指定时间段判断-额外参数：
	分组名称：1
	走势名称：时间段
		条件成立(当前时间：2021-08-11 10:35:53.250,条件时段：09:30:00-13:00:00)
	结果：达到要求
===2021-08-11 10:35:54.170===
===2021-08-11 10:35:54.836===
股票：601699多头向上判断-转自动参数：
	分组名称：2
	走势名称：多头向上
	结果：未满足，返回code：0
===2021-08-11 10:35:54.836===
满足所有条件，可以触发


===============================================

==============2021-08-11 10:36:26==============
===6开始执行条件2021-08-11 10:36:22.992===
===开始判断价格条件2021-08-11 10:36:22.992===
===开始判断额外/转自动条件2021-08-11 10:36:24.206===
===2021-08-11 10:36:24.790===
股票：601699指定时间段判断-额外参数：
	分组名称：1
	走势名称：时间段
		条件成立(当前时间：2021-08-11 10:36:22.991,条件时段：09:30:00-13:00:00)
	结果：达到要求
===2021-08-11 10:36:25.039===
===2021-08-11 10:36:26.150===
股票：601699多头向上判断-转自动参数：
	分组名称：2
	走势名称：多头向上
	结果：未满足，返回code：0
===2021-08-11 10:36:26.150===
满足所有条件，可以触发


===============================================

==============2021-08-11 10:37:01==============
===6开始执行条件2021-08-11 10:36:59.752===
===开始判断价格条件2021-08-11 10:36:59.752===
===开始判断额外/转自动条件2021-08-11 10:37:00.183===
===2021-08-11 10:37:00.449===
股票：601699指定时间段判断-额外参数：
	分组名称：1
	走势名称：时间段
		条件成立(当前时间：2021-08-11 10:36:59.752,条件时段：09:30:00-13:00:00)
	结果：达到要求
===2021-08-11 10:37:00.988===
===2021-08-11 10:37:01.658===
股票：601699多头向上判断-转自动参数：
	分组名称：2
	走势名称：多头向上
	结果：未满足，返回code：0
===2021-08-11 10:37:01.658===
满足所有条件，可以触发


===============================================

