==============2021-08-06 14:25:58==============
===6开始执行条件2021-08-06 14:25:56.751===
===开始判断价格条件2021-08-06 14:25:56.751===
===开始判断额外/转自动条件2021-08-06 14:25:57.085===
===2021-08-06 14:25:57.265===
股票：601699指定时间段判断-额外参数：
	分组名称：1
	走势名称：时间段
		条件不成立(当前时间：2021-08-06 14:25:56.751,条件时段：09:30:00-13:00:00)
	结果：未满足
===2021-08-06 14:25:57.265===
===2021-08-06 14:25:57.596===
股票：601699板块涨跌幅判断-额外参数：
	分组名称：1
	走势名称：发
		条件不成立(不符合板块涨跌幅条件)
	结果：未满足，返回code：-1
===2021-08-06 14:25:58.569===
额外条件未满足


===============================================

==============2021-08-06 14:26:18==============
===6开始执行条件2021-08-06 14:26:11.316===
===开始判断价格条件2021-08-06 14:26:11.316===
===开始判断额外/转自动条件2021-08-06 14:26:13.559===
===2021-08-06 14:26:14.722===
股票：601699指定时间段判断-额外参数：
	分组名称：1
	走势名称：时间段
		条件不成立(当前时间：2021-08-06 14:26:11.315,条件时段：09:30:00-13:00:00)
	结果：未满足
===2021-08-06 14:26:14.722===
===2021-08-06 14:26:14.892===
股票：601699板块涨跌幅判断-额外参数：
	分组名称：1
	走势名称：发
		条件不成立(不符合板块涨跌幅条件)
	结果：未满足，返回code：-1
===2021-08-06 14:26:18.726===
额外条件未满足


===============================================

==============2021-08-06 14:26:41==============
===6开始执行条件2021-08-06 14:26:39.056===
===开始判断价格条件2021-08-06 14:26:39.056===
===开始判断额外/转自动条件2021-08-06 14:26:39.967===
===2021-08-06 14:26:40.288===
股票：601699指定时间段判断-额外参数：
	分组名称：1
	走势名称：时间段
		条件不成立(当前时间：2021-08-06 14:26:39.056,条件时段：09:30:00-13:00:00)
	结果：未满足
===2021-08-06 14:26:40.288===
===2021-08-06 14:26:40.340===
股票：601699板块涨跌幅判断-额外参数：
	分组名称：1
	走势名称：发
		条件不成立(不符合板块涨跌幅条件)
	结果：未满足，返回code：-1
===2021-08-06 14:26:41.575===
额外条件未满足


===============================================

==============2021-08-06 14:26:55==============
===6开始执行条件2021-08-06 14:26:52.979===
===开始判断价格条件2021-08-06 14:26:52.979===
===开始判断额外/转自动条件2021-08-06 14:26:53.956===
===2021-08-06 14:26:54.341===
股票：601699指定时间段判断-额外参数：
	分组名称：1
	走势名称：时间段
		条件不成立(当前时间：2021-08-06 14:26:52.979,条件时段：09:30:00-13:00:00)
	结果：未满足
===2021-08-06 14:26:54.341===
===2021-08-06 14:26:54.404===
股票：601699板块涨跌幅判断-额外参数：
	分组名称：1
	走势名称：发
		条件不成立(不符合板块涨跌幅条件)
	结果：未满足，返回code：-1
===2021-08-06 14:26:55.009===
额外条件未满足


===============================================

==============2021-08-06 14:29:18==============
===6开始执行条件2021-08-06 14:29:17.089===
===开始判断价格条件2021-08-06 14:29:17.089===
===开始判断额外/转自动条件2021-08-06 14:29:17.415===
===2021-08-06 14:29:17.543===
股票：601699指定时间段判断-额外参数：
	分组名称：1
	走势名称：时间段
		条件不成立(当前时间：2021-08-06 14:29:17.089,条件时段：09:30:00-13:00:00)
	结果：未满足
===2021-08-06 14:29:17.543===
===2021-08-06 14:29:17.654===
股票：601699板块涨跌幅判断-额外参数：
	分组名称：1
	走势名称：发
		条件不成立(不符合板块涨跌幅条件)
	结果：未满足，返回code：-1
===2021-08-06 14:29:18.811===
额外条件未满足


===============================================

==============2021-08-06 14:34:37==============
===6开始执行条件2021-08-06 14:34:36.219===
===开始判断价格条件2021-08-06 14:34:36.219===
===开始判断额外/转自动条件2021-08-06 14:34:36.438===
===2021-08-06 14:34:36.984===
股票：601699指定时间段判断-额外参数：
	分组名称：1
	走势名称：时间段
		条件不成立(当前时间：2021-08-06 14:34:36.218,条件时段：09:30:00-13:00:00)
	结果：未满足
===2021-08-06 14:34:36.984===
===2021-08-06 14:34:37.125===
股票：601699板块涨跌幅判断-额外参数：
	分组名称：1
	走势名称：发
		条件不成立(不符合板块涨跌幅条件)
	结果：未满足，返回code：-1
===2021-08-06 14:34:37.979===
额外条件未满足


===============================================

==============2021-08-06 14:41:19==============
===6开始执行条件2021-08-06 14:41:18.565===
===开始判断价格条件2021-08-06 14:41:18.565===
===开始判断额外/转自动条件2021-08-06 14:41:18.902===
===2021-08-06 14:41:19.169===
股票：601699指定时间段判断-额外参数：
	分组名称：1
	走势名称：时间段
		条件不成立(当前时间：2021-08-06 14:41:18.565,条件时段：09:30:00-13:00:00)
	结果：未满足
===2021-08-06 14:41:19.169===
===2021-08-06 14:41:19.291===
股票：601699板块涨跌幅判断-额外参数：
	分组名称：1
	走势名称：发
		条件不成立(不符合板块涨跌幅条件)
	结果：未满足，返回code：-1
===2021-08-06 14:41:19.855===
额外条件未满足


===============================================

==============2021-08-06 14:42:50==============
===6开始执行条件2021-08-06 14:42:35.611===
===开始判断价格条件2021-08-06 14:42:35.611===
===开始判断额外/转自动条件2021-08-06 14:42:36.977===
===2021-08-06 14:42:38.189===
股票：601699指定时间段判断-额外参数：
	分组名称：1
	走势名称：时间段
		条件不成立(当前时间：2021-08-06 14:42:35.611,条件时段：09:30:00-13:00:00)
	结果：未满足
===2021-08-06 14:42:38.189===
===2021-08-06 14:42:38.762===
股票：601699板块涨跌幅判断-额外参数：
	分组名称：1
	走势名称：发
		条件不成立(不符合板块涨跌幅条件)
	结果：未满足，返回code：-1
===2021-08-06 14:42:50.427===
额外条件未满足


===============================================

==============2021-08-06 14:43:00==============
===6开始执行条件2021-08-06 14:42:57.553===
===开始判断价格条件2021-08-06 14:42:57.553===
===开始判断额外/转自动条件2021-08-06 14:42:57.782===
===2021-08-06 14:42:58.038===
股票：601699指定时间段判断-额外参数：
	分组名称：1
	走势名称：时间段
		条件不成立(当前时间：2021-08-06 14:42:57.552,条件时段：09:30:00-13:00:00)
	结果：未满足
===2021-08-06 14:42:58.038===
===2021-08-06 14:42:58.110===
股票：601699板块涨跌幅判断-额外参数：
	分组名称：1
	走势名称：发
		条件不成立(不符合板块涨跌幅条件)
	结果：未满足，返回code：-1
===2021-08-06 14:43:00.435===
额外条件未满足


===============================================

==============2021-08-06 14:43:12==============
===6开始执行条件2021-08-06 14:43:11.218===
===开始判断价格条件2021-08-06 14:43:11.218===
===开始判断额外/转自动条件2021-08-06 14:43:11.323===
===2021-08-06 14:43:11.578===
股票：601699指定时间段判断-额外参数：
	分组名称：1
	走势名称：时间段
		条件不成立(当前时间：2021-08-06 14:43:11.216,条件时段：09:30:00-13:00:00)
	结果：未满足
===2021-08-06 14:43:11.578===
===2021-08-06 14:43:11.704===
股票：601699板块涨跌幅判断-额外参数：
	分组名称：1
	走势名称：发
		条件不成立(不符合板块涨跌幅条件)
	结果：未满足，返回code：-1
===2021-08-06 14:43:12.602===
额外条件未满足


===============================================

==============2021-08-06 15:06:20==============
===6开始执行条件2021-08-06 15:06:10.947===
===开始判断价格条件2021-08-06 15:06:10.947===
===开始判断额外/转自动条件2021-08-06 15:06:12.601===
===2021-08-06 15:06:13.350===
股票：601699指定时间段判断-额外参数：
	分组名称：1
	走势名称：时间段
		条件不成立(当前时间：2021-08-06 15:06:10.947,条件时段：09:30:00-13:00:00)
	结果：未满足
===2021-08-06 15:06:13.350===
===2021-08-06 15:06:13.708===
股票：601699板块涨跌幅判断-额外参数：
	分组名称：1
	走势名称：发
		条件不成立(不符合板块涨跌幅条件)
	结果：未满足，返回code：-1
===2021-08-06 15:06:20.276===
额外条件未满足


===============================================

==============2021-08-06 15:12:18==============
===6开始执行条件2021-08-06 15:12:15.630===
===开始判断价格条件2021-08-06 15:12:15.630===
===开始判断额外/转自动条件2021-08-06 15:12:16.421===
===2021-08-06 15:12:17.244===
股票：601699指定时间段判断-额外参数：
	分组名称：1
	走势名称：时间段
		条件不成立(当前时间：2021-08-06 15:12:15.581,条件时段：09:30:00-13:00:00)
	结果：未满足
===2021-08-06 15:12:17.328===
===2021-08-06 15:12:17.903===
股票：601699板块涨跌幅判断-额外参数：
	分组名称：1
	走势名称：发
		条件不成立(不符合板块涨跌幅条件)
	结果：未满足，返回code：-1
===2021-08-06 15:12:18.532===
额外条件未满足


===============================================

==============2021-08-06 15:12:48==============
===6开始执行条件2021-08-06 15:12:47.627===
===开始判断价格条件2021-08-06 15:12:47.627===
===开始判断额外/转自动条件2021-08-06 15:12:47.857===
===2021-08-06 15:12:47.999===
股票：601699指定时间段判断-额外参数：
	分组名称：1
	走势名称：时间段
		条件不成立(当前时间：2021-08-06 15:12:47.627,条件时段：09:30:00-13:00:00)
	结果：未满足
===2021-08-06 15:12:47.999===
===2021-08-06 15:12:48.067===
股票：601699板块涨跌幅判断-额外参数：
	分组名称：1
	走势名称：发
		条件不成立(不符合板块涨跌幅条件)
	结果：未满足，返回code：-1
===2021-08-06 15:12:48.388===
额外条件未满足


===============================================

==============2021-08-06 15:14:07==============
===6开始执行条件2021-08-06 15:14:06.987===
===开始判断价格条件2021-08-06 15:14:06.987===
===开始判断额外/转自动条件2021-08-06 15:14:07.192===
===2021-08-06 15:14:07.326===
股票：601699指定时间段判断-额外参数：
	分组名称：1
	走势名称：时间段
		条件不成立(当前时间：2021-08-06 15:14:06.983,条件时段：09:30:00-13:00:00)
	结果：未满足
===2021-08-06 15:14:07.326===
===2021-08-06 15:14:07.343===
股票：601699板块涨跌幅判断-额外参数：
	分组名称：1
	走势名称：发
		条件不成立(不符合板块涨跌幅条件)
	结果：未满足，返回code：-1
===2021-08-06 15:14:07.559===
额外条件未满足


===============================================

==============2021-08-06 15:26:55==============
===6开始执行条件2021-08-06 15:26:54.721===
===开始判断价格条件2021-08-06 15:26:54.721===
===开始判断额外/转自动条件2021-08-06 15:26:54.885===
===2021-08-06 15:26:55.015===
股票：601699指定时间段判断-额外参数：
	分组名称：1
	走势名称：时间段
		条件不成立(当前时间：2021-08-06 15:26:54.721,条件时段：09:30:00-13:00:00)
	结果：未满足
===2021-08-06 15:26:55.015===
===2021-08-06 15:26:55.050===
股票：601699板块涨跌幅判断-额外参数：
	分组名称：1
	走势名称：发
		条件不成立(不符合板块涨跌幅条件)
	结果：未满足，返回code：-1
===2021-08-06 15:26:55.806===
额外条件未满足


===============================================

==============2021-08-06 15:28:34==============
===6开始执行条件2021-08-06 15:28:31.248===
===开始判断价格条件2021-08-06 15:28:31.248===
===开始判断额外/转自动条件2021-08-06 15:28:32.157===
===2021-08-06 15:28:32.533===
股票：601699指定时间段判断-额外参数：
	分组名称：1
	走势名称：时间段
		条件不成立(当前时间：2021-08-06 15:28:31.245,条件时段：09:30:00-13:00:00)
	结果：未满足
===2021-08-06 15:28:32.533===
===2021-08-06 15:28:32.707===
股票：601699板块涨跌幅判断-额外参数：
	分组名称：1
	走势名称：发
		条件不成立(不符合板块涨跌幅条件)
	结果：未满足，返回code：-1
===2021-08-06 15:28:34.569===
额外条件未满足


===============================================

==============2021-08-06 15:28:53==============
===6开始执行条件2021-08-06 15:28:49.887===
===开始判断价格条件2021-08-06 15:28:49.887===
===开始判断额外/转自动条件2021-08-06 15:28:50.573===
===2021-08-06 15:28:51.244===
股票：601699指定时间段判断-额外参数：
	分组名称：1
	走势名称：时间段
		条件不成立(当前时间：2021-08-06 15:28:49.886,条件时段：09:30:00-13:00:00)
	结果：未满足
===2021-08-06 15:28:51.244===
===2021-08-06 15:28:51.671===
股票：601699板块涨跌幅判断-额外参数：
	分组名称：1
	走势名称：发
		条件不成立(不符合板块涨跌幅条件)
	结果：未满足，返回code：-1
===2021-08-06 15:28:53.147===
额外条件未满足


===============================================

==============2021-08-06 15:30:01==============
===6开始执行条件2021-08-06 15:30:01.229===
===开始判断价格条件2021-08-06 15:30:01.229===
===开始判断额外/转自动条件2021-08-06 15:30:01.300===
===2021-08-06 15:30:01.335===
股票：601699指定时间段判断-额外参数：
	分组名称：1
	走势名称：时间段
		条件不成立(当前时间：2021-08-06 15:30:01.222,条件时段：09:30:00-13:00:00)
	结果：未满足
===2021-08-06 15:30:01.335===
===2021-08-06 15:30:01.359===
股票：601699板块涨跌幅判断-额外参数：
	分组名称：1
	走势名称：发
		条件不成立(不符合板块涨跌幅条件)
	结果：未满足，返回code：-1
===2021-08-06 15:30:01.688===
额外条件未满足


===============================================

==============2021-08-06 15:30:23==============
===6开始执行条件2021-08-06 15:30:18.239===
===开始判断价格条件2021-08-06 15:30:18.239===
===开始判断额外/转自动条件2021-08-06 15:30:19.317===
===2021-08-06 15:30:19.973===
股票：601699指定时间段判断-额外参数：
	分组名称：1
	走势名称：时间段
		条件不成立(当前时间：2021-08-06 15:30:18.238,条件时段：09:30:00-13:00:00)
	结果：未满足
===2021-08-06 15:30:19.973===
===2021-08-06 15:30:20.252===
股票：601699板块涨跌幅判断-额外参数：
	分组名称：1
	走势名称：发
		条件不成立(不符合板块涨跌幅条件)
	结果：未满足，返回code：-1
===2021-08-06 15:30:23.317===
额外条件未满足


===============================================

==============2021-08-06 15:30:40==============
===6开始执行条件2021-08-06 15:30:39.496===
===开始判断价格条件2021-08-06 15:30:39.496===
===开始判断额外/转自动条件2021-08-06 15:30:39.682===
===2021-08-06 15:30:39.729===
股票：601699指定时间段判断-额外参数：
	分组名称：1
	走势名称：时间段
		条件不成立(当前时间：2021-08-06 15:30:39.496,条件时段：09:30:00-13:00:00)
	结果：未满足
===2021-08-06 15:30:39.729===
===2021-08-06 15:30:39.754===
股票：601699板块涨跌幅判断-额外参数：
	分组名称：1
	走势名称：发
		条件不成立(不符合板块涨跌幅条件)
	结果：未满足，返回code：-1
===2021-08-06 15:30:40.114===
额外条件未满足


===============================================

==============2021-08-06 15:31:01==============
===6开始执行条件2021-08-06 15:30:57.388===
===开始判断价格条件2021-08-06 15:30:57.388===
===开始判断额外/转自动条件2021-08-06 15:30:57.856===
===2021-08-06 15:30:58.457===
股票：601699指定时间段判断-额外参数：
	分组名称：1
	走势名称：时间段
		条件不成立(当前时间：2021-08-06 15:30:57.388,条件时段：09:30:00-13:00:00)
	结果：未满足
===2021-08-06 15:30:58.457===
===2021-08-06 15:30:58.681===
股票：601699板块涨跌幅判断-额外参数：
	分组名称：1
	走势名称：发
		条件不成立(不符合板块涨跌幅条件)
	结果：未满足，返回code：-1
===2021-08-06 15:31:01.273===
额外条件未满足


===============================================

==============2021-08-06 15:31:16==============
===6开始执行条件2021-08-06 15:31:15.707===
===开始判断价格条件2021-08-06 15:31:15.707===
===开始判断额外/转自动条件2021-08-06 15:31:15.796===
===2021-08-06 15:31:15.919===
股票：601699指定时间段判断-额外参数：
	分组名称：1
	走势名称：时间段
		条件不成立(当前时间：2021-08-06 15:31:15.707,条件时段：09:30:00-13:00:00)
	结果：未满足
===2021-08-06 15:31:15.920===
===2021-08-06 15:31:15.987===
股票：601699板块涨跌幅判断-额外参数：
	分组名称：1
	走势名称：发
		条件不成立(不符合板块涨跌幅条件)
	结果：未满足，返回code：-1
===2021-08-06 15:31:16.398===
额外条件未满足


===============================================

==============2021-08-06 15:31:37==============
===6开始执行条件2021-08-06 15:31:32.814===
===开始判断价格条件2021-08-06 15:31:32.814===
===开始判断额外/转自动条件2021-08-06 15:31:34.130===
===2021-08-06 15:31:34.851===
股票：601699指定时间段判断-额外参数：
	分组名称：1
	走势名称：时间段
		条件不成立(当前时间：2021-08-06 15:31:32.814,条件时段：09:30:00-13:00:00)
	结果：未满足
===2021-08-06 15:31:34.851===
===2021-08-06 15:31:35.014===
股票：601699板块涨跌幅判断-额外参数：
	分组名称：1
	走势名称：发
		条件不成立(不符合板块涨跌幅条件)
	结果：未满足，返回code：-1
===2021-08-06 15:31:37.491===
额外条件未满足


===============================================

==============2021-08-06 15:31:57==============
===6开始执行条件2021-08-06 15:31:51.614===
===开始判断价格条件2021-08-06 15:31:51.614===
===开始判断额外/转自动条件2021-08-06 15:31:52.443===
===2021-08-06 15:31:53.187===
股票：601699指定时间段判断-额外参数：
	分组名称：1
	走势名称：时间段
		条件不成立(当前时间：2021-08-06 15:31:51.614,条件时段：09:30:00-13:00:00)
	结果：未满足
===2021-08-06 15:31:53.187===
===2021-08-06 15:31:53.436===
股票：601699板块涨跌幅判断-额外参数：
	分组名称：1
	走势名称：发
		条件不成立(不符合板块涨跌幅条件)
	结果：未满足，返回code：-1
===2021-08-06 15:31:57.060===
额外条件未满足


===============================================

==============2021-08-06 15:32:14==============
===6开始执行条件2021-08-06 15:32:12.779===
===开始判断价格条件2021-08-06 15:32:12.779===
===开始判断额外/转自动条件2021-08-06 15:32:12.988===
===2021-08-06 15:32:13.400===
股票：601699指定时间段判断-额外参数：
	分组名称：1
	走势名称：时间段
		条件不成立(当前时间：2021-08-06 15:32:12.778,条件时段：09:30:00-13:00:00)
	结果：未满足
===2021-08-06 15:32:13.400===
===2021-08-06 15:32:13.560===
股票：601699板块涨跌幅判断-额外参数：
	分组名称：1
	走势名称：发
		条件不成立(不符合板块涨跌幅条件)
	结果：未满足，返回code：-1
===2021-08-06 15:32:14.848===
额外条件未满足


===============================================

==============2021-08-06 15:32:41==============
===6开始执行条件2021-08-06 15:32:40.815===
===开始判断价格条件2021-08-06 15:32:40.815===
===开始判断额外/转自动条件2021-08-06 15:32:40.965===
===2021-08-06 15:32:41.077===
股票：601699指定时间段判断-额外参数：
	分组名称：1
	走势名称：时间段
		条件不成立(当前时间：2021-08-06 15:32:40.813,条件时段：09:30:00-13:00:00)
	结果：未满足
===2021-08-06 15:32:41.077===
===2021-08-06 15:32:41.184===
股票：601699板块涨跌幅判断-额外参数：
	分组名称：1
	走势名称：发
		条件不成立(不符合板块涨跌幅条件)
	结果：未满足，返回code：-1
===2021-08-06 15:32:41.576===
额外条件未满足


===============================================

==============2021-08-06 15:33:12==============
===6开始执行条件2021-08-06 15:33:07.937===
===开始判断价格条件2021-08-06 15:33:07.937===
===开始判断额外/转自动条件2021-08-06 15:33:09.456===
===2021-08-06 15:33:10.398===
股票：601699指定时间段判断-额外参数：
	分组名称：1
	走势名称：时间段
		条件不成立(当前时间：2021-08-06 15:33:07.934,条件时段：09:30:00-13:00:00)
	结果：未满足
===2021-08-06 15:33:10.471===
===2021-08-06 15:33:10.721===
股票：601699板块涨跌幅判断-额外参数：
	分组名称：1
	走势名称：发
		条件不成立(不符合板块涨跌幅条件)
	结果：未满足，返回code：-1
===2021-08-06 15:33:12.140===
额外条件未满足


===============================================

==============2021-08-06 15:38:13==============
===6开始执行条件2021-08-06 15:38:11.480===
===开始判断价格条件2021-08-06 15:38:11.480===
===开始判断额外/转自动条件2021-08-06 15:38:11.714===
===2021-08-06 15:38:12.049===
股票：601699指定时间段判断-额外参数：
	分组名称：1
	走势名称：时间段
		条件不成立(当前时间：2021-08-06 15:38:11.479,条件时段：09:30:00-13:00:00)
	结果：未满足
===2021-08-06 15:38:12.049===
===2021-08-06 15:38:12.192===
股票：601699板块涨跌幅判断-额外参数：
	分组名称：1
	走势名称：发
		条件不成立(不符合板块涨跌幅条件)
	结果：未满足，返回code：-1
===2021-08-06 15:38:13.776===
额外条件未满足


===============================================

==============2021-08-06 15:38:33==============
===6开始执行条件2021-08-06 15:38:32.424===
===开始判断价格条件2021-08-06 15:38:32.424===
===开始判断额外/转自动条件2021-08-06 15:38:32.514===
===2021-08-06 15:38:32.637===
股票：601699指定时间段判断-额外参数：
	分组名称：1
	走势名称：时间段
		条件不成立(当前时间：2021-08-06 15:38:32.424,条件时段：09:30:00-13:00:00)
	结果：未满足
===2021-08-06 15:38:32.637===
===2021-08-06 15:38:32.713===
股票：601699板块涨跌幅判断-额外参数：
	分组名称：1
	走势名称：发
		条件不成立(不符合板块涨跌幅条件)
	结果：未满足，返回code：-1
===2021-08-06 15:38:33.665===
额外条件未满足


===============================================

