==============2021-05-07 17:27:15==============
股票：601699当前涨跌幅判断-额外参数：
	分组名称：当日涨跌幅
	走势名称：涨停次数>=5
	结果：未满足
股票：601699当前涨跌幅判断-额外参数：
	分组名称：当日涨跌幅
	走势名称：一分钟内>=5%222
	结果：未满足
股票：601699当前涨跌幅判断-额外参数：
	分组名称：当日涨跌幅
	走势名称：开盘涨跌幅>=5%
	结果：未满足
额外条件未满足


===============================================

==============2021-05-07 17:27:17==============
股票：601699当前涨跌幅判断-额外参数：
	分组名称：当日涨跌幅
	走势名称：涨停次数>=5
	结果：未满足
股票：601699当前涨跌幅判断-额外参数：
	分组名称：当日涨跌幅
	走势名称：一分钟内>=5%222
	结果：未满足
股票：601699当前涨跌幅判断-额外参数：
	分组名称：当日涨跌幅
	走势名称：开盘涨跌幅>=5%
	结果：未满足
额外条件未满足


===============================================

==============2021-05-07 17:27:18==============
股票：601699当前涨跌幅判断-额外参数：
	分组名称：当日涨跌幅
	走势名称：涨停次数>=5
	结果：未满足
股票：601699当前涨跌幅判断-额外参数：
	分组名称：当日涨跌幅
	走势名称：一分钟内>=5%222
	结果：未满足
股票：601699当前涨跌幅判断-额外参数：
	分组名称：当日涨跌幅
	走势名称：开盘涨跌幅>=5%
	结果：未满足
额外条件未满足


===============================================

==============2021-05-07 17:27:20==============
股票：601699当前涨跌幅判断-额外参数：
	分组名称：当日涨跌幅
	走势名称：涨停次数>=5
	结果：未满足
股票：601699当前涨跌幅判断-额外参数：
	分组名称：当日涨跌幅
	走势名称：一分钟内>=5%222
	结果：未满足
股票：601699当前涨跌幅判断-额外参数：
	分组名称：当日涨跌幅
	走势名称：开盘涨跌幅>=5%
	结果：未满足
额外条件未满足


===============================================

==============2021-05-07 17:27:21==============
股票：601699当前涨跌幅判断-额外参数：
	分组名称：当日涨跌幅
	走势名称：涨停次数>=5
	结果：未满足
股票：601699当前涨跌幅判断-额外参数：
	分组名称：当日涨跌幅
	走势名称：一分钟内>=5%222
	结果：未满足
股票：601699当前涨跌幅判断-额外参数：
	分组名称：当日涨跌幅
	走势名称：开盘涨跌幅>=5%
	结果：未满足
额外条件未满足


===============================================

==============2021-05-07 17:27:23==============
股票：601699当前涨跌幅判断-额外参数：
	分组名称：当日涨跌幅
	走势名称：涨停次数>=5
	结果：未满足
股票：601699当前涨跌幅判断-额外参数：
	分组名称：当日涨跌幅
	走势名称：一分钟内>=5%222
	结果：未满足
股票：601699当前涨跌幅判断-额外参数：
	分组名称：当日涨跌幅
	走势名称：开盘涨跌幅>=5%
	结果：未满足
额外条件未满足


===============================================

==============2021-05-07 17:27:24==============
股票：601699当前涨跌幅判断-额外参数：
	分组名称：当日涨跌幅
	走势名称：涨停次数>=5
	结果：未满足
股票：601699当前涨跌幅判断-额外参数：
	分组名称：当日涨跌幅
	走势名称：一分钟内>=5%222
	结果：未满足
股票：601699当前涨跌幅判断-额外参数：
	分组名称：当日涨跌幅
	走势名称：开盘涨跌幅>=5%
	结果：未满足
额外条件未满足


===============================================

==============2021-05-07 17:27:26==============
股票：601699当前涨跌幅判断-额外参数：
	分组名称：当日涨跌幅
	走势名称：涨停次数>=5
	结果：未满足
股票：601699当前涨跌幅判断-额外参数：
	分组名称：当日涨跌幅
	走势名称：一分钟内>=5%222
	结果：未满足
股票：601699当前涨跌幅判断-额外参数：
	分组名称：当日涨跌幅
	走势名称：开盘涨跌幅>=5%
	结果：未满足
额外条件未满足


===============================================

==============2021-05-07 17:27:27==============
股票：601699当前涨跌幅判断-额外参数：
	分组名称：当日涨跌幅
	走势名称：涨停次数>=5
	结果：未满足
股票：601699当前涨跌幅判断-额外参数：
	分组名称：当日涨跌幅
	走势名称：一分钟内>=5%222
	结果：未满足
股票：601699当前涨跌幅判断-额外参数：
	分组名称：当日涨跌幅
	走势名称：开盘涨跌幅>=5%
	结果：未满足
额外条件未满足


===============================================

==============2021-05-07 17:27:29==============
股票：601699当前涨跌幅判断-额外参数：
	分组名称：当日涨跌幅
	走势名称：涨停次数>=5
	结果：未满足
股票：601699当前涨跌幅判断-额外参数：
	分组名称：当日涨跌幅
	走势名称：一分钟内>=5%222
	结果：未满足
股票：601699当前涨跌幅判断-额外参数：
	分组名称：当日涨跌幅
	走势名称：开盘涨跌幅>=5%
	结果：未满足
额外条件未满足


===============================================

==============2021-05-07 17:27:30==============
股票：601699当前涨跌幅判断-额外参数：
	分组名称：当日涨跌幅
	走势名称：涨停次数>=5
	结果：未满足
股票：601699当前涨跌幅判断-额外参数：
	分组名称：当日涨跌幅
	走势名称：一分钟内>=5%222
	结果：未满足
股票：601699当前涨跌幅判断-额外参数：
	分组名称：当日涨跌幅
	走势名称：开盘涨跌幅>=5%
	结果：未满足
额外条件未满足


===============================================

==============2021-05-07 17:27:32==============
股票：601699当前涨跌幅判断-额外参数：
	分组名称：当日涨跌幅
	走势名称：涨停次数>=5
	结果：未满足
股票：601699当前涨跌幅判断-额外参数：
	分组名称：当日涨跌幅
	走势名称：一分钟内>=5%222
	结果：未满足
股票：601699当前涨跌幅判断-额外参数：
	分组名称：当日涨跌幅
	走势名称：开盘涨跌幅>=5%
	结果：未满足
额外条件未满足


===============================================

==============2021-05-07 17:27:34==============
股票：601699当前涨跌幅判断-额外参数：
	分组名称：当日涨跌幅
	走势名称：涨停次数>=5
	结果：未满足
股票：601699当前涨跌幅判断-额外参数：
	分组名称：当日涨跌幅
	走势名称：一分钟内>=5%222
	结果：未满足
股票：601699当前涨跌幅判断-额外参数：
	分组名称：当日涨跌幅
	走势名称：开盘涨跌幅>=5%
	结果：未满足
额外条件未满足


===============================================

==============2021-05-07 17:27:36==============
股票：601699当前涨跌幅判断-额外参数：
	分组名称：当日涨跌幅
	走势名称：涨停次数>=5
	结果：未满足
股票：601699当前涨跌幅判断-额外参数：
	分组名称：当日涨跌幅
	走势名称：一分钟内>=5%222
	结果：未满足
股票：601699当前涨跌幅判断-额外参数：
	分组名称：当日涨跌幅
	走势名称：开盘涨跌幅>=5%
	结果：未满足
额外条件未满足


===============================================

==============2021-05-07 17:27:38==============
股票：601699当前涨跌幅判断-额外参数：
	分组名称：当日涨跌幅
	走势名称：涨停次数>=5
	结果：未满足
股票：601699当前涨跌幅判断-额外参数：
	分组名称：当日涨跌幅
	走势名称：一分钟内>=5%222
	结果：未满足
股票：601699当前涨跌幅判断-额外参数：
	分组名称：当日涨跌幅
	走势名称：开盘涨跌幅>=5%
	结果：未满足
额外条件未满足


===============================================

==============2021-05-07 17:27:39==============
股票：601699当前涨跌幅判断-额外参数：
	分组名称：当日涨跌幅
	走势名称：涨停次数>=5
	结果：未满足
股票：601699当前涨跌幅判断-额外参数：
	分组名称：当日涨跌幅
	走势名称：一分钟内>=5%222
	结果：未满足
股票：601699当前涨跌幅判断-额外参数：
	分组名称：当日涨跌幅
	走势名称：开盘涨跌幅>=5%
	结果：未满足
额外条件未满足


===============================================

==============2021-05-07 17:27:41==============
股票：601699当前涨跌幅判断-额外参数：
	分组名称：当日涨跌幅
	走势名称：涨停次数>=5
	结果：未满足
股票：601699当前涨跌幅判断-额外参数：
	分组名称：当日涨跌幅
	走势名称：一分钟内>=5%222
	结果：未满足
股票：601699当前涨跌幅判断-额外参数：
	分组名称：当日涨跌幅
	走势名称：开盘涨跌幅>=5%
	结果：未满足
额外条件未满足


===============================================

==============2021-05-07 17:27:44==============
股票：601699当前涨跌幅判断-额外参数：
	分组名称：当日涨跌幅
	走势名称：涨停次数>=5
	结果：未满足
股票：601699当前涨跌幅判断-额外参数：
	分组名称：当日涨跌幅
	走势名称：一分钟内>=5%222
	结果：未满足
股票：601699当前涨跌幅判断-额外参数：
	分组名称：当日涨跌幅
	走势名称：开盘涨跌幅>=5%
	结果：未满足
额外条件未满足


===============================================

==============2021-05-07 17:27:46==============
股票：601699当前涨跌幅判断-额外参数：
	分组名称：当日涨跌幅
	走势名称：涨停次数>=5
	结果：未满足
股票：601699当前涨跌幅判断-额外参数：
	分组名称：当日涨跌幅
	走势名称：一分钟内>=5%222
	结果：未满足
股票：601699当前涨跌幅判断-额外参数：
	分组名称：当日涨跌幅
	走势名称：开盘涨跌幅>=5%
	结果：未满足
额外条件未满足


===============================================

==============2021-05-07 17:27:47==============
股票：601699当前涨跌幅判断-额外参数：
	分组名称：当日涨跌幅
	走势名称：涨停次数>=5
	结果：未满足
股票：601699当前涨跌幅判断-额外参数：
	分组名称：当日涨跌幅
	走势名称：一分钟内>=5%222
	结果：未满足
股票：601699当前涨跌幅判断-额外参数：
	分组名称：当日涨跌幅
	走势名称：开盘涨跌幅>=5%
	结果：未满足
额外条件未满足


===============================================

==============2021-05-07 17:27:50==============
股票：601699当前涨跌幅判断-额外参数：
	分组名称：当日涨跌幅
	走势名称：涨停次数>=5
	结果：未满足
股票：601699当前涨跌幅判断-额外参数：
	分组名称：当日涨跌幅
	走势名称：一分钟内>=5%222
	结果：未满足
股票：601699当前涨跌幅判断-额外参数：
	分组名称：当日涨跌幅
	走势名称：开盘涨跌幅>=5%
	结果：未满足
额外条件未满足


===============================================

==============2021-05-07 17:27:51==============
股票：601699当前涨跌幅判断-额外参数：
	分组名称：当日涨跌幅
	走势名称：涨停次数>=5
	结果：未满足
股票：601699当前涨跌幅判断-额外参数：
	分组名称：当日涨跌幅
	走势名称：一分钟内>=5%222
	结果：未满足
股票：601699当前涨跌幅判断-额外参数：
	分组名称：当日涨跌幅
	走势名称：开盘涨跌幅>=5%
	结果：未满足
额外条件未满足


===============================================

==============2021-05-07 17:27:53==============
股票：601699当前涨跌幅判断-额外参数：
	分组名称：当日涨跌幅
	走势名称：涨停次数>=5
	结果：未满足
股票：601699当前涨跌幅判断-额外参数：
	分组名称：当日涨跌幅
	走势名称：一分钟内>=5%222
	结果：未满足
股票：601699当前涨跌幅判断-额外参数：
	分组名称：当日涨跌幅
	走势名称：开盘涨跌幅>=5%
	结果：未满足
额外条件未满足


===============================================

==============2021-05-07 17:27:55==============
股票：601699当前涨跌幅判断-额外参数：
	分组名称：当日涨跌幅
	走势名称：涨停次数>=5
	结果：未满足
股票：601699当前涨跌幅判断-额外参数：
	分组名称：当日涨跌幅
	走势名称：一分钟内>=5%222
	结果：未满足
股票：601699当前涨跌幅判断-额外参数：
	分组名称：当日涨跌幅
	走势名称：开盘涨跌幅>=5%
	结果：未满足
额外条件未满足


===============================================

==============2021-05-07 17:27:57==============
股票：601699当前涨跌幅判断-额外参数：
	分组名称：当日涨跌幅
	走势名称：涨停次数>=5
	结果：未满足
股票：601699当前涨跌幅判断-额外参数：
	分组名称：当日涨跌幅
	走势名称：一分钟内>=5%222
	结果：未满足
股票：601699当前涨跌幅判断-额外参数：
	分组名称：当日涨跌幅
	走势名称：开盘涨跌幅>=5%
	结果：未满足
额外条件未满足


===============================================

==============2021-05-07 17:27:59==============
股票：601699当前涨跌幅判断-额外参数：
	分组名称：当日涨跌幅
	走势名称：涨停次数>=5
	结果：未满足
股票：601699当前涨跌幅判断-额外参数：
	分组名称：当日涨跌幅
	走势名称：一分钟内>=5%222
	结果：未满足
股票：601699当前涨跌幅判断-额外参数：
	分组名称：当日涨跌幅
	走势名称：开盘涨跌幅>=5%
	结果：未满足
额外条件未满足


===============================================

==============2021-05-07 17:28:01==============
股票：601699当前涨跌幅判断-额外参数：
	分组名称：当日涨跌幅
	走势名称：涨停次数>=5
	结果：未满足
股票：601699当前涨跌幅判断-额外参数：
	分组名称：当日涨跌幅
	走势名称：一分钟内>=5%222
	结果：未满足
股票：601699当前涨跌幅判断-额外参数：
	分组名称：当日涨跌幅
	走势名称：开盘涨跌幅>=5%
	结果：未满足
额外条件未满足


===============================================

==============2021-05-07 17:28:02==============
股票：601699当前涨跌幅判断-额外参数：
	分组名称：当日涨跌幅
	走势名称：涨停次数>=5
	结果：未满足
股票：601699当前涨跌幅判断-额外参数：
	分组名称：当日涨跌幅
	走势名称：一分钟内>=5%222
	结果：未满足
股票：601699当前涨跌幅判断-额外参数：
	分组名称：当日涨跌幅
	走势名称：开盘涨跌幅>=5%
	结果：未满足
额外条件未满足


===============================================

==============2021-05-07 17:28:04==============
股票：601699当前涨跌幅判断-额外参数：
	分组名称：当日涨跌幅
	走势名称：涨停次数>=5
	结果：未满足
股票：601699当前涨跌幅判断-额外参数：
	分组名称：当日涨跌幅
	走势名称：一分钟内>=5%222
	结果：未满足
股票：601699当前涨跌幅判断-额外参数：
	分组名称：当日涨跌幅
	走势名称：开盘涨跌幅>=5%
	结果：未满足
额外条件未满足


===============================================

==============2021-05-07 17:28:06==============
股票：601699当前涨跌幅判断-额外参数：
	分组名称：当日涨跌幅
	走势名称：涨停次数>=5
	结果：未满足
股票：601699当前涨跌幅判断-额外参数：
	分组名称：当日涨跌幅
	走势名称：一分钟内>=5%222
	结果：未满足
股票：601699当前涨跌幅判断-额外参数：
	分组名称：当日涨跌幅
	走势名称：开盘涨跌幅>=5%
	结果：未满足
额外条件未满足


===============================================

==============2021-05-07 17:28:09==============
股票：601699当前涨跌幅判断-额外参数：
	分组名称：当日涨跌幅
	走势名称：涨停次数>=5
	结果：未满足
股票：601699当前涨跌幅判断-额外参数：
	分组名称：当日涨跌幅
	走势名称：一分钟内>=5%222
	结果：未满足
股票：601699当前涨跌幅判断-额外参数：
	分组名称：当日涨跌幅
	走势名称：开盘涨跌幅>=5%
	结果：未满足
额外条件未满足


===============================================

==============2021-05-07 17:28:11==============
股票：601699当前涨跌幅判断-额外参数：
	分组名称：当日涨跌幅
	走势名称：涨停次数>=5
	结果：未满足
股票：601699当前涨跌幅判断-额外参数：
	分组名称：当日涨跌幅
	走势名称：一分钟内>=5%222
	结果：未满足
股票：601699当前涨跌幅判断-额外参数：
	分组名称：当日涨跌幅
	走势名称：开盘涨跌幅>=5%
	结果：未满足
额外条件未满足


===============================================

==============2021-05-07 17:28:14==============
股票：601699当前涨跌幅判断-额外参数：
	分组名称：当日涨跌幅
	走势名称：涨停次数>=5
	结果：未满足
股票：601699当前涨跌幅判断-额外参数：
	分组名称：当日涨跌幅
	走势名称：一分钟内>=5%222
	结果：未满足
股票：601699当前涨跌幅判断-额外参数：
	分组名称：当日涨跌幅
	走势名称：开盘涨跌幅>=5%
	结果：未满足
额外条件未满足


===============================================

==============2021-05-07 17:28:16==============
股票：601699当前涨跌幅判断-额外参数：
	分组名称：当日涨跌幅
	走势名称：涨停次数>=5
	结果：未满足
股票：601699当前涨跌幅判断-额外参数：
	分组名称：当日涨跌幅
	走势名称：一分钟内>=5%222
	结果：未满足
股票：601699当前涨跌幅判断-额外参数：
	分组名称：当日涨跌幅
	走势名称：开盘涨跌幅>=5%
	结果：未满足
额外条件未满足


===============================================

==============2021-05-07 17:28:18==============
股票：601699当前涨跌幅判断-额外参数：
	分组名称：当日涨跌幅
	走势名称：涨停次数>=5
	结果：未满足
股票：601699当前涨跌幅判断-额外参数：
	分组名称：当日涨跌幅
	走势名称：一分钟内>=5%222
	结果：未满足
股票：601699当前涨跌幅判断-额外参数：
	分组名称：当日涨跌幅
	走势名称：开盘涨跌幅>=5%
	结果：未满足
额外条件未满足


===============================================

==============2021-05-07 17:28:20==============
股票：601699当前涨跌幅判断-额外参数：
	分组名称：当日涨跌幅
	走势名称：涨停次数>=5
	结果：未满足
股票：601699当前涨跌幅判断-额外参数：
	分组名称：当日涨跌幅
	走势名称：一分钟内>=5%222
	结果：未满足
股票：601699当前涨跌幅判断-额外参数：
	分组名称：当日涨跌幅
	走势名称：开盘涨跌幅>=5%
	结果：未满足
额外条件未满足


===============================================

==============2021-05-07 17:28:22==============
股票：601699当前涨跌幅判断-额外参数：
	分组名称：当日涨跌幅
	走势名称：涨停次数>=5
	结果：未满足
股票：601699当前涨跌幅判断-额外参数：
	分组名称：当日涨跌幅
	走势名称：一分钟内>=5%222
	结果：未满足
股票：601699当前涨跌幅判断-额外参数：
	分组名称：当日涨跌幅
	走势名称：开盘涨跌幅>=5%
	结果：未满足
额外条件未满足


===============================================

==============2021-05-07 17:28:23==============
股票：601699当前涨跌幅判断-额外参数：
	分组名称：当日涨跌幅
	走势名称：涨停次数>=5
	结果：未满足
股票：601699当前涨跌幅判断-额外参数：
	分组名称：当日涨跌幅
	走势名称：一分钟内>=5%222
	结果：未满足
股票：601699当前涨跌幅判断-额外参数：
	分组名称：当日涨跌幅
	走势名称：开盘涨跌幅>=5%
	结果：未满足
额外条件未满足


===============================================

==============2021-05-07 17:28:25==============
股票：601699当前涨跌幅判断-额外参数：
	分组名称：当日涨跌幅
	走势名称：涨停次数>=5
	结果：未满足
股票：601699当前涨跌幅判断-额外参数：
	分组名称：当日涨跌幅
	走势名称：一分钟内>=5%222
	结果：未满足
股票：601699当前涨跌幅判断-额外参数：
	分组名称：当日涨跌幅
	走势名称：开盘涨跌幅>=5%
	结果：未满足
额外条件未满足


===============================================

==============2021-05-07 17:28:28==============
股票：601699当前涨跌幅判断-额外参数：
	分组名称：当日涨跌幅
	走势名称：涨停次数>=5
	结果：未满足
股票：601699当前涨跌幅判断-额外参数：
	分组名称：当日涨跌幅
	走势名称：一分钟内>=5%222
	结果：未满足
股票：601699当前涨跌幅判断-额外参数：
	分组名称：当日涨跌幅
	走势名称：开盘涨跌幅>=5%
	结果：未满足
额外条件未满足


===============================================

==============2021-05-07 17:28:29==============
股票：601699当前涨跌幅判断-额外参数：
	分组名称：当日涨跌幅
	走势名称：涨停次数>=5
	结果：未满足
股票：601699当前涨跌幅判断-额外参数：
	分组名称：当日涨跌幅
	走势名称：一分钟内>=5%222
	结果：未满足
股票：601699当前涨跌幅判断-额外参数：
	分组名称：当日涨跌幅
	走势名称：开盘涨跌幅>=5%
	结果：未满足
额外条件未满足


===============================================

==============2021-05-07 17:28:31==============
股票：601699当前涨跌幅判断-额外参数：
	分组名称：当日涨跌幅
	走势名称：涨停次数>=5
	结果：未满足
股票：601699当前涨跌幅判断-额外参数：
	分组名称：当日涨跌幅
	走势名称：一分钟内>=5%222
	结果：未满足
股票：601699当前涨跌幅判断-额外参数：
	分组名称：当日涨跌幅
	走势名称：开盘涨跌幅>=5%
	结果：未满足
额外条件未满足


===============================================

==============2021-05-07 17:28:34==============
股票：601699当前涨跌幅判断-额外参数：
	分组名称：当日涨跌幅
	走势名称：涨停次数>=5
	结果：未满足
股票：601699当前涨跌幅判断-额外参数：
	分组名称：当日涨跌幅
	走势名称：一分钟内>=5%222
	结果：未满足
股票：601699当前涨跌幅判断-额外参数：
	分组名称：当日涨跌幅
	走势名称：开盘涨跌幅>=5%
	结果：未满足
额外条件未满足


===============================================

==============2021-05-07 17:28:36==============
股票：601699当前涨跌幅判断-额外参数：
	分组名称：当日涨跌幅
	走势名称：涨停次数>=5
	结果：未满足
股票：601699当前涨跌幅判断-额外参数：
	分组名称：当日涨跌幅
	走势名称：一分钟内>=5%222
	结果：未满足
股票：601699当前涨跌幅判断-额外参数：
	分组名称：当日涨跌幅
	走势名称：开盘涨跌幅>=5%
	结果：未满足
额外条件未满足


===============================================

==============2021-05-07 17:28:38==============
股票：601699当前涨跌幅判断-额外参数：
	分组名称：当日涨跌幅
	走势名称：涨停次数>=5
	结果：未满足
股票：601699当前涨跌幅判断-额外参数：
	分组名称：当日涨跌幅
	走势名称：一分钟内>=5%222
	结果：未满足
股票：601699当前涨跌幅判断-额外参数：
	分组名称：当日涨跌幅
	走势名称：开盘涨跌幅>=5%
	结果：未满足
额外条件未满足


===============================================

==============2021-05-07 17:28:40==============
股票：601699当前涨跌幅判断-额外参数：
	分组名称：当日涨跌幅
	走势名称：涨停次数>=5
	结果：未满足
股票：601699当前涨跌幅判断-额外参数：
	分组名称：当日涨跌幅
	走势名称：一分钟内>=5%222
	结果：未满足
股票：601699当前涨跌幅判断-额外参数：
	分组名称：当日涨跌幅
	走势名称：开盘涨跌幅>=5%
	结果：未满足
额外条件未满足


===============================================

==============2021-05-07 17:28:41==============
股票：601699当前涨跌幅判断-额外参数：
	分组名称：当日涨跌幅
	走势名称：涨停次数>=5
	结果：未满足
股票：601699当前涨跌幅判断-额外参数：
	分组名称：当日涨跌幅
	走势名称：一分钟内>=5%222
	结果：未满足
股票：601699当前涨跌幅判断-额外参数：
	分组名称：当日涨跌幅
	走势名称：开盘涨跌幅>=5%
	结果：未满足
额外条件未满足


===============================================

==============2021-05-07 17:28:43==============
股票：601699当前涨跌幅判断-额外参数：
	分组名称：当日涨跌幅
	走势名称：涨停次数>=5
	结果：未满足
股票：601699当前涨跌幅判断-额外参数：
	分组名称：当日涨跌幅
	走势名称：一分钟内>=5%222
	结果：未满足
股票：601699当前涨跌幅判断-额外参数：
	分组名称：当日涨跌幅
	走势名称：开盘涨跌幅>=5%
	结果：未满足
额外条件未满足


===============================================

==============2021-05-07 17:28:46==============
股票：601699当前涨跌幅判断-额外参数：
	分组名称：当日涨跌幅
	走势名称：涨停次数>=5
	结果：未满足
股票：601699当前涨跌幅判断-额外参数：
	分组名称：当日涨跌幅
	走势名称：一分钟内>=5%222
	结果：未满足
股票：601699当前涨跌幅判断-额外参数：
	分组名称：当日涨跌幅
	走势名称：开盘涨跌幅>=5%
	结果：未满足
额外条件未满足


===============================================

==============2021-05-07 17:28:48==============
股票：601699当前涨跌幅判断-额外参数：
	分组名称：当日涨跌幅
	走势名称：涨停次数>=5
	结果：未满足
股票：601699当前涨跌幅判断-额外参数：
	分组名称：当日涨跌幅
	走势名称：一分钟内>=5%222
	结果：未满足
股票：601699当前涨跌幅判断-额外参数：
	分组名称：当日涨跌幅
	走势名称：开盘涨跌幅>=5%
	结果：未满足
额外条件未满足


===============================================

==============2021-05-07 17:28:50==============
股票：601699当前涨跌幅判断-额外参数：
	分组名称：当日涨跌幅
	走势名称：涨停次数>=5
	结果：未满足
股票：601699当前涨跌幅判断-额外参数：
	分组名称：当日涨跌幅
	走势名称：一分钟内>=5%222
	结果：未满足
股票：601699当前涨跌幅判断-额外参数：
	分组名称：当日涨跌幅
	走势名称：开盘涨跌幅>=5%
	结果：未满足
额外条件未满足


===============================================

==============2021-05-07 17:28:52==============
股票：601699当前涨跌幅判断-额外参数：
	分组名称：当日涨跌幅
	走势名称：涨停次数>=5
	结果：未满足
股票：601699当前涨跌幅判断-额外参数：
	分组名称：当日涨跌幅
	走势名称：一分钟内>=5%222
	结果：未满足
股票：601699当前涨跌幅判断-额外参数：
	分组名称：当日涨跌幅
	走势名称：开盘涨跌幅>=5%
	结果：未满足
额外条件未满足


===============================================

==============2021-05-07 17:28:53==============
股票：601699当前涨跌幅判断-额外参数：
	分组名称：当日涨跌幅
	走势名称：涨停次数>=5
	结果：未满足
股票：601699当前涨跌幅判断-额外参数：
	分组名称：当日涨跌幅
	走势名称：一分钟内>=5%222
	结果：未满足
股票：601699当前涨跌幅判断-额外参数：
	分组名称：当日涨跌幅
	走势名称：开盘涨跌幅>=5%
	结果：未满足
额外条件未满足


===============================================

==============2021-05-07 17:28:55==============
股票：601699当前涨跌幅判断-额外参数：
	分组名称：当日涨跌幅
	走势名称：涨停次数>=5
	结果：未满足
股票：601699当前涨跌幅判断-额外参数：
	分组名称：当日涨跌幅
	走势名称：一分钟内>=5%222
	结果：未满足
股票：601699当前涨跌幅判断-额外参数：
	分组名称：当日涨跌幅
	走势名称：开盘涨跌幅>=5%
	结果：未满足
额外条件未满足


===============================================

==============2021-05-07 17:28:56==============
股票：601699当前涨跌幅判断-额外参数：
	分组名称：当日涨跌幅
	走势名称：涨停次数>=5
	结果：未满足
股票：601699当前涨跌幅判断-额外参数：
	分组名称：当日涨跌幅
	走势名称：一分钟内>=5%222
	结果：未满足
股票：601699当前涨跌幅判断-额外参数：
	分组名称：当日涨跌幅
	走势名称：开盘涨跌幅>=5%
	结果：未满足
额外条件未满足


===============================================

==============2021-05-07 17:28:58==============
股票：601699当前涨跌幅判断-额外参数：
	分组名称：当日涨跌幅
	走势名称：涨停次数>=5
	结果：未满足
股票：601699当前涨跌幅判断-额外参数：
	分组名称：当日涨跌幅
	走势名称：一分钟内>=5%222
	结果：未满足
股票：601699当前涨跌幅判断-额外参数：
	分组名称：当日涨跌幅
	走势名称：开盘涨跌幅>=5%
	结果：未满足
额外条件未满足


===============================================

==============2021-05-07 17:28:59==============
股票：601699当前涨跌幅判断-额外参数：
	分组名称：当日涨跌幅
	走势名称：涨停次数>=5
	结果：未满足
股票：601699当前涨跌幅判断-额外参数：
	分组名称：当日涨跌幅
	走势名称：一分钟内>=5%222
	结果：未满足
股票：601699当前涨跌幅判断-额外参数：
	分组名称：当日涨跌幅
	走势名称：开盘涨跌幅>=5%
	结果：未满足
额外条件未满足


===============================================

