==============2021-06-21 10:05:13==============
===开始判断价格条件2021-06-21 10:04:54.939===
===开始判断额外/转自动条件2021-06-21 10:04:55.140===
===2021-06-21 10:04:55.516===
股票：000830板块涨跌幅判断-额外参数：
	分组名称：123
	走势名称：发
	结果：未满足，返回code：-1
===2021-06-21 10:05:13.800===
额外条件未满足


===============================================

==============2021-06-21 10:17:01==============
===开始判断价格条件2021-06-21 10:15:55.916===
===开始判断额外/转自动条件2021-06-21 10:15:56.013===
===2021-06-21 10:15:56.059===
股票：000830板块涨跌幅判断-额外参数：
	分组名称：123
	走势名称：发
	结果：未满足，返回code：-1
===2021-06-21 10:17:01.274===
额外条件未满足


===============================================

==============2021-06-21 10:19:10==============
===开始判断价格条件2021-06-21 10:17:02.756===
===开始判断额外/转自动条件2021-06-21 10:17:02.803===
===2021-06-21 10:17:02.853===
股票：000830板块涨跌幅判断-额外参数：
	分组名称：123
	走势名称：发
	结果：未满足，返回code：-1
===2021-06-21 10:19:10.605===
额外条件未满足


===============================================

==============2021-06-21 10:19:40==============
===开始判断价格条件2021-06-21 10:19:11.915===
===开始判断额外/转自动条件2021-06-21 10:19:11.966===
===2021-06-21 10:19:12.063===
股票：000830板块涨跌幅判断-额外参数：
	分组名称：123
	走势名称：发
	结果：未满足，返回code：-1
===2021-06-21 10:19:40.725===
额外条件未满足


===============================================

