==============2021-08-11 10:28:34==============
===6开始执行条件2021-08-11 10:28:33.819===
===开始判断价格条件2021-08-11 10:28:33.819===
===开始判断额外/转自动条件2021-08-11 10:28:33.988===
===2021-08-11 10:28:34.075===
股票：000155指定时间段判断-额外参数：
	分组名称：1
	走势名称：时间段
		条件成立(当前时间：2021-08-11 10:28:33.819,条件时段：09:30:00-13:00:00)
	结果：达到要求
===2021-08-11 10:28:34.169===
===2021-08-11 10:28:34.481===
股票：000155多头向上判断-转自动参数：
	分组名称：2
	走势名称：多头向上
	结果：未满足，返回code：0
===2021-08-11 10:28:34.481===
满足所有条件，可以触发


===============================================

==============2021-08-11 10:28:52==============
===6开始执行条件2021-08-11 10:28:51.514===
===开始判断价格条件2021-08-11 10:28:51.514===
===开始判断额外/转自动条件2021-08-11 10:28:51.730===
===2021-08-11 10:28:52.144===
股票：000155指定时间段判断-额外参数：
	分组名称：1
	走势名称：时间段
		条件成立(当前时间：2021-08-11 10:28:51.514,条件时段：09:30:00-13:00:00)
	结果：达到要求
===2021-08-11 10:28:52.199===
===2021-08-11 10:28:52.336===
股票：000155多头向上判断-转自动参数：
	分组名称：2
	走势名称：多头向上
	结果：未满足，返回code：0
===2021-08-11 10:28:52.336===
满足所有条件，可以触发


===============================================

==============2021-08-11 10:29:01==============
===6开始执行条件2021-08-11 10:29:00.664===
===开始判断价格条件2021-08-11 10:29:00.664===
===开始判断额外/转自动条件2021-08-11 10:29:01.016===
===2021-08-11 10:29:01.051===
股票：000155指定时间段判断-额外参数：
	分组名称：1
	走势名称：时间段
		条件成立(当前时间：2021-08-11 10:29:00.663,条件时段：09:30:00-13:00:00)
	结果：达到要求
===2021-08-11 10:29:01.143===
===2021-08-11 10:29:01.291===
股票：000155多头向上判断-转自动参数：
	分组名称：2
	走势名称：多头向上
	结果：未满足，返回code：0
===2021-08-11 10:29:01.291===
满足所有条件，可以触发


===============================================

==============2021-08-11 10:29:44==============
===6开始执行条件2021-08-11 10:29:43.550===
===开始判断价格条件2021-08-11 10:29:43.550===
===开始判断额外/转自动条件2021-08-11 10:29:44.386===
===2021-08-11 10:29:44.587===
股票：000155指定时间段判断-额外参数：
	分组名称：1
	走势名称：时间段
		条件成立(当前时间：2021-08-11 10:29:43.550,条件时段：09:30:00-13:00:00)
	结果：达到要求
===2021-08-11 10:29:44.723===
===2021-08-11 10:29:44.915===
股票：000155多头向上判断-转自动参数：
	分组名称：2
	走势名称：多头向上
	结果：未满足，返回code：0
===2021-08-11 10:29:44.916===
满足所有条件，可以触发


===============================================

==============2021-08-11 10:29:56==============
===6开始执行条件2021-08-11 10:29:54.865===
===开始判断价格条件2021-08-11 10:29:54.865===
===开始判断额外/转自动条件2021-08-11 10:29:55.497===
===2021-08-11 10:29:55.900===
股票：000155指定时间段判断-额外参数：
	分组名称：1
	走势名称：时间段
		条件成立(当前时间：2021-08-11 10:29:54.864,条件时段：09:30:00-13:00:00)
	结果：达到要求
===2021-08-11 10:29:56.190===
===2021-08-11 10:29:56.540===
股票：000155多头向上判断-转自动参数：
	分组名称：2
	走势名称：多头向上
	结果：未满足，返回code：0
===2021-08-11 10:29:56.541===
满足所有条件，可以触发


===============================================

==============2021-08-11 10:30:08==============
===6开始执行条件2021-08-11 10:30:07.778===
===开始判断价格条件2021-08-11 10:30:07.778===
===开始判断额外/转自动条件2021-08-11 10:30:08.008===
===2021-08-11 10:30:08.304===
股票：000155指定时间段判断-额外参数：
	分组名称：1
	走势名称：时间段
		条件成立(当前时间：2021-08-11 10:30:07.777,条件时段：09:30:00-13:00:00)
	结果：达到要求
===2021-08-11 10:30:08.481===
===2021-08-11 10:30:08.729===
股票：000155多头向上判断-转自动参数：
	分组名称：2
	走势名称：多头向上
	结果：未满足，返回code：0
===2021-08-11 10:30:08.729===
满足所有条件，可以触发


===============================================

==============2021-08-11 10:30:15==============
===6开始执行条件2021-08-11 10:30:14.275===
===开始判断价格条件2021-08-11 10:30:14.275===
===开始判断额外/转自动条件2021-08-11 10:30:14.634===
===2021-08-11 10:30:14.872===
股票：000155指定时间段判断-额外参数：
	分组名称：1
	走势名称：时间段
		条件成立(当前时间：2021-08-11 10:30:14.275,条件时段：09:30:00-13:00:00)
	结果：达到要求
===2021-08-11 10:30:15.044===
===2021-08-11 10:30:15.500===
股票：000155多头向上判断-转自动参数：
	分组名称：2
	走势名称：多头向上
	结果：未满足，返回code：0
===2021-08-11 10:30:15.500===
满足所有条件，可以触发


===============================================

==============2021-08-11 10:30:31==============
===6开始执行条件2021-08-11 10:30:30.731===
===开始判断价格条件2021-08-11 10:30:30.731===
===开始判断额外/转自动条件2021-08-11 10:30:30.862===
===2021-08-11 10:30:30.956===
股票：000155指定时间段判断-额外参数：
	分组名称：1
	走势名称：时间段
		条件成立(当前时间：2021-08-11 10:30:30.731,条件时段：09:30:00-13:00:00)
	结果：达到要求
===2021-08-11 10:30:31.183===
===2021-08-11 10:30:31.546===
股票：000155多头向上判断-转自动参数：
	分组名称：2
	走势名称：多头向上
	结果：未满足，返回code：0
===2021-08-11 10:30:31.546===
满足所有条件，可以触发


===============================================

==============2021-08-11 10:30:43==============
===6开始执行条件2021-08-11 10:30:42.127===
===开始判断价格条件2021-08-11 10:30:42.127===
===开始判断额外/转自动条件2021-08-11 10:30:42.336===
===2021-08-11 10:30:42.686===
股票：000155指定时间段判断-额外参数：
	分组名称：1
	走势名称：时间段
		条件成立(当前时间：2021-08-11 10:30:42.127,条件时段：09:30:00-13:00:00)
	结果：达到要求
===2021-08-11 10:30:42.792===
===2021-08-11 10:30:43.161===
股票：000155多头向上判断-转自动参数：
	分组名称：2
	走势名称：多头向上
	结果：未满足，返回code：0
===2021-08-11 10:30:43.161===
满足所有条件，可以触发


===============================================

==============2021-08-11 10:30:58==============
===6开始执行条件2021-08-11 10:30:58.267===
===开始判断价格条件2021-08-11 10:30:58.267===
===开始判断额外/转自动条件2021-08-11 10:30:58.349===
===2021-08-11 10:30:58.600===
股票：000155指定时间段判断-额外参数：
	分组名称：1
	走势名称：时间段
		条件成立(当前时间：2021-08-11 10:30:58.266,条件时段：09:30:00-13:00:00)
	结果：达到要求
===2021-08-11 10:30:58.749===
===2021-08-11 10:30:58.913===
股票：000155多头向上判断-转自动参数：
	分组名称：2
	走势名称：多头向上
	结果：未满足，返回code：0
===2021-08-11 10:30:58.913===
满足所有条件，可以触发


===============================================

==============2021-08-11 10:31:17==============
===6开始执行条件2021-08-11 10:31:17.067===
===开始判断价格条件2021-08-11 10:31:17.067===
===开始判断额外/转自动条件2021-08-11 10:31:17.239===
===2021-08-11 10:31:17.292===
股票：000155指定时间段判断-额外参数：
	分组名称：1
	走势名称：时间段
		条件成立(当前时间：2021-08-11 10:31:17.067,条件时段：09:30:00-13:00:00)
	结果：达到要求
===2021-08-11 10:31:17.526===
===2021-08-11 10:31:17.661===
股票：000155多头向上判断-转自动参数：
	分组名称：2
	走势名称：多头向上
	结果：未满足，返回code：0
===2021-08-11 10:31:17.661===
满足所有条件，可以触发


===============================================

==============2021-08-11 10:31:23==============
===6开始执行条件2021-08-11 10:31:23.199===
===开始判断价格条件2021-08-11 10:31:23.199===
===开始判断额外/转自动条件2021-08-11 10:31:23.380===
===2021-08-11 10:31:23.489===
股票：000155指定时间段判断-额外参数：
	分组名称：1
	走势名称：时间段
		条件成立(当前时间：2021-08-11 10:31:23.198,条件时段：09:30:00-13:00:00)
	结果：达到要求
===2021-08-11 10:31:23.627===
===2021-08-11 10:31:23.834===
股票：000155多头向上判断-转自动参数：
	分组名称：2
	走势名称：多头向上
	结果：未满足，返回code：0
===2021-08-11 10:31:23.835===
满足所有条件，可以触发


===============================================

==============2021-08-11 10:31:31==============
===6开始执行条件2021-08-11 10:31:30.963===
===开始判断价格条件2021-08-11 10:31:30.963===
===开始判断额外/转自动条件2021-08-11 10:31:31.362===
===2021-08-11 10:31:31.447===
股票：000155指定时间段判断-额外参数：
	分组名称：1
	走势名称：时间段
		条件成立(当前时间：2021-08-11 10:31:30.952,条件时段：09:30:00-13:00:00)
	结果：达到要求
===2021-08-11 10:31:31.524===
===2021-08-11 10:31:31.961===
股票：000155多头向上判断-转自动参数：
	分组名称：2
	走势名称：多头向上
	结果：未满足，返回code：0
===2021-08-11 10:31:31.961===
满足所有条件，可以触发


===============================================

==============2021-08-11 10:31:46==============
===6开始执行条件2021-08-11 10:31:41.239===
===开始判断价格条件2021-08-11 10:31:41.239===
===开始判断额外/转自动条件2021-08-11 10:31:43.506===
===2021-08-11 10:31:44.718===
股票：000155指定时间段判断-额外参数：
	分组名称：1
	走势名称：时间段
		条件成立(当前时间：2021-08-11 10:31:41.239,条件时段：09:30:00-13:00:00)
	结果：达到要求
===2021-08-11 10:31:45.460===
===2021-08-11 10:31:46.832===
股票：000155多头向上判断-转自动参数：
	分组名称：2
	走势名称：多头向上
	结果：未满足，返回code：0
===2021-08-11 10:31:46.833===
满足所有条件，可以触发


===============================================

==============2021-08-11 10:31:59==============
===6开始执行条件2021-08-11 10:31:57.904===
===开始判断价格条件2021-08-11 10:31:57.904===
===开始判断额外/转自动条件2021-08-11 10:31:58.237===
===2021-08-11 10:31:58.480===
股票：000155指定时间段判断-额外参数：
	分组名称：1
	走势名称：时间段
		条件成立(当前时间：2021-08-11 10:31:57.903,条件时段：09:30:00-13:00:00)
	结果：达到要求
===2021-08-11 10:31:58.980===
===2021-08-11 10:31:59.599===
股票：000155多头向上判断-转自动参数：
	分组名称：2
	走势名称：多头向上
	结果：未满足，返回code：0
===2021-08-11 10:31:59.599===
满足所有条件，可以触发


===============================================

==============2021-08-11 10:32:17==============
===6开始执行条件2021-08-11 10:32:16.681===
===开始判断价格条件2021-08-11 10:32:16.681===
===开始判断额外/转自动条件2021-08-11 10:32:17.020===
===2021-08-11 10:32:17.191===
股票：000155指定时间段判断-额外参数：
	分组名称：1
	走势名称：时间段
		条件成立(当前时间：2021-08-11 10:32:16.681,条件时段：09:30:00-13:00:00)
	结果：达到要求
===2021-08-11 10:32:17.442===
===2021-08-11 10:32:17.930===
股票：000155多头向上判断-转自动参数：
	分组名称：2
	走势名称：多头向上
	结果：未满足，返回code：0
===2021-08-11 10:32:17.930===
满足所有条件，可以触发


===============================================

==============2021-08-11 10:32:44==============
===6开始执行条件2021-08-11 10:32:44.018===
===开始判断价格条件2021-08-11 10:32:44.018===
===开始判断额外/转自动条件2021-08-11 10:32:44.245===
===2021-08-11 10:32:44.376===
股票：000155指定时间段判断-额外参数：
	分组名称：1
	走势名称：时间段
		条件成立(当前时间：2021-08-11 10:32:44.017,条件时段：09:30:00-13:00:00)
	结果：达到要求
===2021-08-11 10:32:44.488===
===2021-08-11 10:32:44.652===
股票：000155多头向上判断-转自动参数：
	分组名称：2
	走势名称：多头向上
	结果：未满足，返回code：0
===2021-08-11 10:32:44.652===
满足所有条件，可以触发


===============================================

==============2021-08-11 10:33:06==============
===6开始执行条件2021-08-11 10:33:05.872===
===开始判断价格条件2021-08-11 10:33:05.872===
===开始判断额外/转自动条件2021-08-11 10:33:05.970===
===2021-08-11 10:33:06.097===
股票：000155指定时间段判断-额外参数：
	分组名称：1
	走势名称：时间段
		条件成立(当前时间：2021-08-11 10:33:05.872,条件时段：09:30:00-13:00:00)
	结果：达到要求
===2021-08-11 10:33:06.157===
===2021-08-11 10:33:06.251===
股票：000155多头向上判断-转自动参数：
	分组名称：2
	走势名称：多头向上
	结果：未满足，返回code：0
===2021-08-11 10:33:06.251===
满足所有条件，可以触发


===============================================

==============2021-08-11 10:33:18==============
===6开始执行条件2021-08-11 10:33:16.337===
===开始判断价格条件2021-08-11 10:33:16.337===
===开始判断额外/转自动条件2021-08-11 10:33:17.053===
===2021-08-11 10:33:17.498===
股票：000155指定时间段判断-额外参数：
	分组名称：1
	走势名称：时间段
		条件成立(当前时间：2021-08-11 10:33:16.337,条件时段：09:30:00-13:00:00)
	结果：达到要求
===2021-08-11 10:33:17.666===
===2021-08-11 10:33:18.050===
股票：000155多头向上判断-转自动参数：
	分组名称：2
	走势名称：多头向上
	结果：未满足，返回code：0
===2021-08-11 10:33:18.050===
满足所有条件，可以触发


===============================================

==============2021-08-11 10:33:25==============
===6开始执行条件2021-08-11 10:33:24.069===
===开始判断价格条件2021-08-11 10:33:24.070===
===开始判断额外/转自动条件2021-08-11 10:33:24.494===
===2021-08-11 10:33:24.666===
股票：000155指定时间段判断-额外参数：
	分组名称：1
	走势名称：时间段
		条件成立(当前时间：2021-08-11 10:33:24.069,条件时段：09:30:00-13:00:00)
	结果：达到要求
===2021-08-11 10:33:24.784===
===2021-08-11 10:33:25.309===
股票：000155多头向上判断-转自动参数：
	分组名称：2
	走势名称：多头向上
	结果：未满足，返回code：0
===2021-08-11 10:33:25.309===
满足所有条件，可以触发


===============================================

==============2021-08-11 10:34:58==============
===6开始执行条件2021-08-11 10:34:57.758===
===开始判断价格条件2021-08-11 10:34:57.758===
===开始判断额外/转自动条件2021-08-11 10:34:57.982===
===2021-08-11 10:34:58.068===
股票：000155指定时间段判断-额外参数：
	分组名称：1
	走势名称：时间段
		条件成立(当前时间：2021-08-11 10:34:57.757,条件时段：09:30:00-13:00:00)
	结果：达到要求
===2021-08-11 10:34:58.168===
===2021-08-11 10:34:58.336===
股票：000155多头向上判断-转自动参数：
	分组名称：2
	走势名称：多头向上
	结果：未满足，返回code：0
===2021-08-11 10:34:58.336===
满足所有条件，可以触发


===============================================

==============2021-08-11 10:35:07==============
===6开始执行条件2021-08-11 10:35:06.100===
===开始判断价格条件2021-08-11 10:35:06.100===
===开始判断额外/转自动条件2021-08-11 10:35:06.293===
===2021-08-11 10:35:06.430===
股票：000155指定时间段判断-额外参数：
	分组名称：1
	走势名称：时间段
		条件成立(当前时间：2021-08-11 10:35:06.100,条件时段：09:30:00-13:00:00)
	结果：达到要求
===2021-08-11 10:35:06.650===
===2021-08-11 10:35:07.085===
股票：000155多头向上判断-转自动参数：
	分组名称：2
	走势名称：多头向上
	结果：未满足，返回code：0
===2021-08-11 10:35:07.086===
满足所有条件，可以触发


===============================================

==============2021-08-11 10:35:18==============
===6开始执行条件2021-08-11 10:35:16.998===
===开始判断价格条件2021-08-11 10:35:16.998===
===开始判断额外/转自动条件2021-08-11 10:35:17.444===
===2021-08-11 10:35:17.774===
股票：000155指定时间段判断-额外参数：
	分组名称：1
	走势名称：时间段
		条件成立(当前时间：2021-08-11 10:35:16.997,条件时段：09:30:00-13:00:00)
	结果：达到要求
===2021-08-11 10:35:17.890===
===2021-08-11 10:35:18.124===
股票：000155多头向上判断-转自动参数：
	分组名称：2
	走势名称：多头向上
	结果：未满足，返回code：0
===2021-08-11 10:35:18.124===
满足所有条件，可以触发


===============================================

==============2021-08-11 10:35:31==============
===6开始执行条件2021-08-11 10:35:30.025===
===开始判断价格条件2021-08-11 10:35:30.025===
===开始判断额外/转自动条件2021-08-11 10:35:30.348===
===2021-08-11 10:35:30.484===
股票：000155指定时间段判断-额外参数：
	分组名称：1
	走势名称：时间段
		条件成立(当前时间：2021-08-11 10:35:30.025,条件时段：09:30:00-13:00:00)
	结果：达到要求
===2021-08-11 10:35:30.811===
===2021-08-11 10:35:31.380===
股票：000155多头向上判断-转自动参数：
	分组名称：2
	走势名称：多头向上
	结果：未满足，返回code：0
===2021-08-11 10:35:31.380===
满足所有条件，可以触发


===============================================

==============2021-08-11 10:36:10==============
===6开始执行条件2021-08-11 10:35:57.525===
===开始判断价格条件2021-08-11 10:35:57.525===
===开始判断额外/转自动条件2021-08-11 10:36:03.821===
===2021-08-11 10:36:08.683===
股票：000155指定时间段判断-额外参数：
	分组名称：1
	走势名称：时间段
		条件成立(当前时间：2021-08-11 10:35:56.952,条件时段：09:30:00-13:00:00)
	结果：达到要求
===2021-08-11 10:36:09.599===
===2021-08-11 10:36:10.400===
股票：000155多头向上判断-转自动参数：
	分组名称：2
	走势名称：多头向上
	结果：未满足，返回code：0
===2021-08-11 10:36:10.400===
满足所有条件，可以触发


===============================================

==============2021-08-11 10:36:29==============
===6开始执行条件2021-08-11 10:36:26.150===
===开始判断价格条件2021-08-11 10:36:26.150===
===开始判断额外/转自动条件2021-08-11 10:36:27.415===
===2021-08-11 10:36:28.177===
股票：000155指定时间段判断-额外参数：
	分组名称：1
	走势名称：时间段
		条件成立(当前时间：2021-08-11 10:36:26.150,条件时段：09:30:00-13:00:00)
	结果：达到要求
===2021-08-11 10:36:28.757===
===2021-08-11 10:36:29.681===
股票：000155多头向上判断-转自动参数：
	分组名称：2
	走势名称：多头向上
	结果：未满足，返回code：0
===2021-08-11 10:36:29.681===
满足所有条件，可以触发


===============================================

==============2021-08-11 10:37:04==============
===6开始执行条件2021-08-11 10:37:02.785===
===开始判断价格条件2021-08-11 10:37:02.785===
===开始判断额外/转自动条件2021-08-11 10:37:03.265===
===2021-08-11 10:37:03.767===
股票：000155指定时间段判断-额外参数：
	分组名称：1
	走势名称：时间段
		条件成立(当前时间：2021-08-11 10:37:02.784,条件时段：09:30:00-13:00:00)
	结果：达到要求
===2021-08-11 10:37:04.014===
===2021-08-11 10:37:04.866===
股票：000155多头向上判断-转自动参数：
	分组名称：2
	走势名称：多头向上
	结果：未满足，返回code：0
===2021-08-11 10:37:04.866===
满足所有条件，可以触发


===============================================

