==============2021-08-09 10:10:56==============
===6开始执行条件2021-08-09 10:10:55.513===
===开始判断价格条件2021-08-09 10:10:55.513===
===开始判断额外/转自动条件2021-08-09 10:10:55.710===
===2021-08-09 10:10:55.818===
股票：000155指定时间段判断-额外参数：
	分组名称：1
	走势名称：时间段
		条件成立(当前时间：2021-08-09 10:10:55.513,条件时段：09:30:00-13:00:00)
	结果：达到要求
===2021-08-09 10:10:56.101===
===2021-08-09 10:10:56.848===
股票：000155多头向上判断-转自动参数：
	分组名称：2
	走势名称：多头向上
	结果：未满足，返回code：0
===2021-08-09 10:10:56.848===
满足所有条件，可以触发


===============================================

==============2021-08-09 10:11:06==============
===6开始执行条件2021-08-09 10:11:06.284===
===开始判断价格条件2021-08-09 10:11:06.284===
===开始判断额外/转自动条件2021-08-09 10:11:06.365===
===2021-08-09 10:11:06.417===
股票：000155指定时间段判断-额外参数：
	分组名称：1
	走势名称：时间段
		条件成立(当前时间：2021-08-09 10:11:06.283,条件时段：09:30:00-13:00:00)
	结果：达到要求
===2021-08-09 10:11:06.476===
===2021-08-09 10:11:06.846===
股票：000155多头向上判断-转自动参数：
	分组名称：2
	走势名称：多头向上
	结果：未满足，返回code：0
===2021-08-09 10:11:06.846===
满足所有条件，可以触发


===============================================

==============2021-08-09 10:11:25==============
===6开始执行条件2021-08-09 10:11:22.105===
===开始判断价格条件2021-08-09 10:11:22.105===
===开始判断额外/转自动条件2021-08-09 10:11:22.937===
===2021-08-09 10:11:23.602===
股票：000155指定时间段判断-额外参数：
	分组名称：1
	走势名称：时间段
		条件成立(当前时间：2021-08-09 10:11:22.105,条件时段：09:30:00-13:00:00)
	结果：达到要求
===2021-08-09 10:11:23.984===
===2021-08-09 10:11:25.855===
股票：000155多头向上判断-转自动参数：
	分组名称：2
	走势名称：多头向上
	结果：未满足，返回code：0
===2021-08-09 10:11:25.855===
满足所有条件，可以触发


===============================================

==============2021-08-09 11:02:43==============
===6开始执行条件2021-08-09 11:02:42.923===
===开始判断价格条件2021-08-09 11:02:42.923===
===开始判断额外/转自动条件2021-08-09 11:02:43.029===
===2021-08-09 11:02:43.107===
股票：000155指定时间段判断-额外参数：
	分组名称：1
	走势名称：时间段
		条件成立(当前时间：2021-08-09 11:02:42.890,条件时段：09:30:00-13:00:00)
	结果：达到要求
===2021-08-09 11:02:43.238===
===2021-08-09 11:02:43.370===
股票：000155多头向上判断-转自动参数：
	分组名称：2
	走势名称：多头向上
	结果：未满足，返回code：0
===2021-08-09 11:02:43.370===
满足所有条件，可以触发


===============================================

==============2021-08-09 11:02:51==============
===6开始执行条件2021-08-09 11:02:51.509===
===开始判断价格条件2021-08-09 11:02:51.509===
===开始判断额外/转自动条件2021-08-09 11:02:51.637===
===2021-08-09 11:02:51.713===
股票：000155指定时间段判断-额外参数：
	分组名称：1
	走势名称：时间段
		条件成立(当前时间：2021-08-09 11:02:51.508,条件时段：09:30:00-13:00:00)
	结果：达到要求
===2021-08-09 11:02:51.760===
===2021-08-09 11:02:51.872===
股票：000155多头向上判断-转自动参数：
	分组名称：2
	走势名称：多头向上
	结果：未满足，返回code：0
===2021-08-09 11:02:51.872===
满足所有条件，可以触发


===============================================

==============2021-08-09 11:03:15==============
===6开始执行条件2021-08-09 11:03:15.462===
===开始判断价格条件2021-08-09 11:03:15.462===
===开始判断额外/转自动条件2021-08-09 11:03:15.586===
===2021-08-09 11:03:15.684===
股票：000155指定时间段判断-额外参数：
	分组名称：1
	走势名称：时间段
		条件成立(当前时间：2021-08-09 11:03:15.462,条件时段：09:30:00-13:00:00)
	结果：达到要求
===2021-08-09 11:03:15.790===
===2021-08-09 11:03:15.991===
股票：000155多头向上判断-转自动参数：
	分组名称：2
	走势名称：多头向上
	结果：未满足，返回code：0
===2021-08-09 11:03:15.991===
满足所有条件，可以触发


===============================================

==============2021-08-09 11:03:31==============
===6开始执行条件2021-08-09 11:03:30.355===
===开始判断价格条件2021-08-09 11:03:30.355===
===开始判断额外/转自动条件2021-08-09 11:03:30.812===
===2021-08-09 11:03:30.961===
股票：000155指定时间段判断-额外参数：
	分组名称：1
	走势名称：时间段
		条件成立(当前时间：2021-08-09 11:03:30.354,条件时段：09:30:00-13:00:00)
	结果：达到要求
===2021-08-09 11:03:31.113===
===2021-08-09 11:03:31.294===
股票：000155多头向上判断-转自动参数：
	分组名称：2
	走势名称：多头向上
	结果：未满足，返回code：0
===2021-08-09 11:03:31.294===
满足所有条件，可以触发


===============================================

