==============2021-08-06 14:27:01==============
===6开始执行条件2021-08-06 14:26:57.032===
===开始判断价格条件2021-08-06 14:26:57.032===
===开始判断额外/转自动条件2021-08-06 14:26:58.697===
===2021-08-06 14:26:59.418===
股票：000155指定时间段判断-额外参数：
	分组名称：1
	走势名称：时间段
		条件不成立(当前时间：2021-08-06 14:26:57.032,条件时段：09:30:00-13:00:00)
	结果：未满足
===2021-08-06 14:26:59.418===
===2021-08-06 14:26:59.838===
股票：000155板块涨跌幅判断-额外参数：
	分组名称：1
	走势名称：发
		条件不成立(不符合板块涨跌幅条件)
	结果：未满足，返回code：-1
===2021-08-06 14:27:01.448===
额外条件未满足


===============================================

==============2021-08-06 14:29:23==============
===6开始执行条件2021-08-06 14:29:20.788===
===开始判断价格条件2021-08-06 14:29:20.788===
===开始判断额外/转自动条件2021-08-06 14:29:21.249===
===2021-08-06 14:29:21.732===
股票：000155指定时间段判断-额外参数：
	分组名称：1
	走势名称：时间段
		条件不成立(当前时间：2021-08-06 14:29:20.787,条件时段：09:30:00-13:00:00)
	结果：未满足
===2021-08-06 14:29:21.733===
===2021-08-06 14:29:21.828===
股票：000155板块涨跌幅判断-额外参数：
	分组名称：1
	走势名称：发
		条件不成立(不符合板块涨跌幅条件)
	结果：未满足，返回code：-1
===2021-08-06 14:29:23.514===
额外条件未满足


===============================================

==============2021-08-06 14:41:23==============
===6开始执行条件2021-08-06 14:41:21.471===
===开始判断价格条件2021-08-06 14:41:21.471===
===开始判断额外/转自动条件2021-08-06 14:41:21.754===
===2021-08-06 14:41:22.020===
股票：000155指定时间段判断-额外参数：
	分组名称：1
	走势名称：时间段
		条件不成立(当前时间：2021-08-06 14:41:21.463,条件时段：09:30:00-13:00:00)
	结果：未满足
===2021-08-06 14:41:22.025===
===2021-08-06 14:41:22.099===
股票：000155板块涨跌幅判断-额外参数：
	分组名称：1
	走势名称：发
		条件不成立(不符合板块涨跌幅条件)
	结果：未满足，返回code：-1
===2021-08-06 14:41:23.521===
额外条件未满足


===============================================

==============2021-08-06 15:12:51==============
===6开始执行条件2021-08-06 15:12:50.545===
===开始判断价格条件2021-08-06 15:12:50.545===
===开始判断额外/转自动条件2021-08-06 15:12:50.722===
===2021-08-06 15:12:50.768===
股票：000155指定时间段判断-额外参数：
	分组名称：1
	走势名称：时间段
		条件不成立(当前时间：2021-08-06 15:12:50.544,条件时段：09:30:00-13:00:00)
	结果：未满足
===2021-08-06 15:12:50.768===
===2021-08-06 15:12:50.865===
股票：000155板块涨跌幅判断-额外参数：
	分组名称：1
	走势名称：发
		条件不成立(不符合板块涨跌幅条件)
	结果：未满足，返回code：-1
===2021-08-06 15:12:51.553===
额外条件未满足


===============================================

==============2021-08-06 15:14:10==============
===6开始执行条件2021-08-06 15:14:09.456===
===开始判断价格条件2021-08-06 15:14:09.456===
===开始判断额外/转自动条件2021-08-06 15:14:09.606===
===2021-08-06 15:14:09.688===
股票：000155指定时间段判断-额外参数：
	分组名称：1
	走势名称：时间段
		条件不成立(当前时间：2021-08-06 15:14:09.448,条件时段：09:30:00-13:00:00)
	结果：未满足
===2021-08-06 15:14:09.688===
===2021-08-06 15:14:09.764===
股票：000155板块涨跌幅判断-额外参数：
	分组名称：1
	走势名称：发
		条件不成立(不符合板块涨跌幅条件)
	结果：未满足，返回code：-1
===2021-08-06 15:14:10.364===
额外条件未满足


===============================================

==============2021-08-06 15:30:05==============
===6开始执行条件2021-08-06 15:30:04.359===
===开始判断价格条件2021-08-06 15:30:04.359===
===开始判断额外/转自动条件2021-08-06 15:30:04.608===
===2021-08-06 15:30:04.902===
股票：000155指定时间段判断-额外参数：
	分组名称：1
	走势名称：时间段
		条件不成立(当前时间：2021-08-06 15:30:04.351,条件时段：09:30:00-13:00:00)
	结果：未满足
===2021-08-06 15:30:04.902===
===2021-08-06 15:30:04.932===
股票：000155板块涨跌幅判断-额外参数：
	分组名称：1
	走势名称：发
		条件不成立(不符合板块涨跌幅条件)
	结果：未满足，返回code：-1
===2021-08-06 15:30:05.177===
额外条件未满足


===============================================

==============2021-08-06 15:30:26==============
===6开始执行条件2021-08-06 15:30:23.394===
===开始判断价格条件2021-08-06 15:30:23.394===
===开始判断额外/转自动条件2021-08-06 15:30:23.797===
===2021-08-06 15:30:23.931===
股票：000155指定时间段判断-额外参数：
	分组名称：1
	走势名称：时间段
		条件不成立(当前时间：2021-08-06 15:30:23.394,条件时段：09:30:00-13:00:00)
	结果：未满足
===2021-08-06 15:30:23.931===
===2021-08-06 15:30:24.075===
股票：000155板块涨跌幅判断-额外参数：
	分组名称：1
	走势名称：发
		条件不成立(不符合板块涨跌幅条件)
	结果：未满足，返回code：-1
===2021-08-06 15:30:26.506===
额外条件未满足


===============================================

==============2021-08-06 15:30:44==============
===6开始执行条件2021-08-06 15:30:42.868===
===开始判断价格条件2021-08-06 15:30:42.868===
===开始判断额外/转自动条件2021-08-06 15:30:43.116===
===2021-08-06 15:30:43.600===
股票：000155指定时间段判断-额外参数：
	分组名称：1
	走势名称：时间段
		条件不成立(当前时间：2021-08-06 15:30:42.868,条件时段：09:30:00-13:00:00)
	结果：未满足
===2021-08-06 15:30:43.600===
===2021-08-06 15:30:44.545===
股票：000155板块涨跌幅判断-额外参数：
	分组名称：1
	走势名称：发
		条件不成立(不符合板块涨跌幅条件)
	结果：未满足，返回code：-1
===2021-08-06 15:30:44.810===
额外条件未满足


===============================================

==============2021-08-06 15:31:04==============
===6开始执行条件2021-08-06 15:31:01.274===
===开始判断价格条件2021-08-06 15:31:01.274===
===开始判断额外/转自动条件2021-08-06 15:31:01.854===
===2021-08-06 15:31:02.284===
股票：000155指定时间段判断-额外参数：
	分组名称：1
	走势名称：时间段
		条件不成立(当前时间：2021-08-06 15:31:01.274,条件时段：09:30:00-13:00:00)
	结果：未满足
===2021-08-06 15:31:02.284===
===2021-08-06 15:31:02.362===
股票：000155板块涨跌幅判断-额外参数：
	分组名称：1
	走势名称：发
		条件不成立(不符合板块涨跌幅条件)
	结果：未满足，返回code：-1
===2021-08-06 15:31:04.513===
额外条件未满足


===============================================

==============2021-08-06 15:31:19==============
===6开始执行条件2021-08-06 15:31:18.681===
===开始判断价格条件2021-08-06 15:31:18.681===
===开始判断额外/转自动条件2021-08-06 15:31:18.893===
===2021-08-06 15:31:18.985===
股票：000155指定时间段判断-额外参数：
	分组名称：1
	走势名称：时间段
		条件不成立(当前时间：2021-08-06 15:31:18.681,条件时段：09:30:00-13:00:00)
	结果：未满足
===2021-08-06 15:31:18.985===
===2021-08-06 15:31:19.009===
股票：000155板块涨跌幅判断-额外参数：
	分组名称：1
	走势名称：发
		条件不成立(不符合板块涨跌幅条件)
	结果：未满足，返回code：-1
===2021-08-06 15:31:19.575===
额外条件未满足


===============================================

==============2021-08-06 15:31:41==============
===6开始执行条件2021-08-06 15:31:37.858===
===开始判断价格条件2021-08-06 15:31:37.858===
===开始判断额外/转自动条件2021-08-06 15:31:38.464===
===2021-08-06 15:31:39.079===
股票：000155指定时间段判断-额外参数：
	分组名称：1
	走势名称：时间段
		条件不成立(当前时间：2021-08-06 15:31:37.858,条件时段：09:30:00-13:00:00)
	结果：未满足
===2021-08-06 15:31:39.079===
===2021-08-06 15:31:39.459===
股票：000155板块涨跌幅判断-额外参数：
	分组名称：1
	走势名称：发
		条件不成立(不符合板块涨跌幅条件)
	结果：未满足，返回code：-1
===2021-08-06 15:31:41.193===
额外条件未满足


===============================================

==============2021-08-06 15:32:44==============
===6开始执行条件2021-08-06 15:32:43.380===
===开始判断价格条件2021-08-06 15:32:43.380===
===开始判断额外/转自动条件2021-08-06 15:32:43.455===
===2021-08-06 15:32:43.684===
股票：000155指定时间段判断-额外参数：
	分组名称：1
	走势名称：时间段
		条件不成立(当前时间：2021-08-06 15:32:43.380,条件时段：09:30:00-13:00:00)
	结果：未满足
===2021-08-06 15:32:43.684===
===2021-08-06 15:32:43.739===
股票：000155板块涨跌幅判断-额外参数：
	分组名称：1
	走势名称：发
		条件不成立(不符合板块涨跌幅条件)
	结果：未满足，返回code：-1
===2021-08-06 15:32:44.073===
额外条件未满足


===============================================

==============2021-08-06 15:38:18==============
===6开始执行条件2021-08-06 15:38:15.880===
===开始判断价格条件2021-08-06 15:38:15.880===
===开始判断额外/转自动条件2021-08-06 15:38:17.133===
===2021-08-06 15:38:17.729===
股票：000155指定时间段判断-额外参数：
	分组名称：1
	走势名称：时间段
		条件不成立(当前时间：2021-08-06 15:38:15.880,条件时段：09:30:00-13:00:00)
	结果：未满足
===2021-08-06 15:38:17.753===
===2021-08-06 15:38:17.952===
股票：000155板块涨跌幅判断-额外参数：
	分组名称：1
	走势名称：发
		条件不成立(不符合板块涨跌幅条件)
	结果：未满足，返回code：-1
===2021-08-06 15:38:18.350===
额外条件未满足


===============================================

==============2021-08-06 15:40:15==============
===6开始执行条件2021-08-06 15:38:36.110===
===开始判断价格条件2021-08-06 15:38:36.110===
===开始判断额外/转自动条件2021-08-06 15:38:36.350===
===2021-08-06 15:38:36.711===
股票：000155指定时间段判断-额外参数：
	分组名称：1
	走势名称：时间段
		条件不成立(当前时间：2021-08-06 15:38:36.110,条件时段：09:30:00-13:00:00)
	结果：未满足
===2021-08-06 15:38:36.712===
===2021-08-06 15:38:37.797===
股票：000155板块涨跌幅判断-额外参数：
	分组名称：1
	走势名称：发
		条件不成立(不符合板块涨跌幅条件)
	结果：未满足，返回code：-1
===2021-08-06 15:40:15.829===
额外条件未满足


===============================================

==============2021-08-06 17:04:53==============
===6开始执行条件2021-08-06 17:04:52.646===
===开始判断价格条件2021-08-06 17:04:52.646===
===开始判断额外/转自动条件2021-08-06 17:04:52.754===
===2021-08-06 17:04:52.846===
股票：000155指定时间段判断-额外参数：
	分组名称：1
	走势名称：时间段
		条件不成立(当前时间：2021-08-06 17:04:52.646,条件时段：09:30:00-13:00:00)
	结果：未满足
===2021-08-06 17:04:52.846===
===2021-08-06 17:04:52.916===
股票：000155板块涨跌幅判断-额外参数：
	分组名称：1
	走势名称：发
		条件不成立(不符合板块涨跌幅条件)
	结果：未满足，返回code：-1
===2021-08-06 17:04:53.672===
额外条件未满足


===============================================

==============2021-08-06 17:05:18==============
===6开始执行条件2021-08-06 17:05:16.705===
===开始判断价格条件2021-08-06 17:05:16.705===
===开始判断额外/转自动条件2021-08-06 17:05:17.016===
===2021-08-06 17:05:17.260===
股票：000155指定时间段判断-额外参数：
	分组名称：1
	走势名称：时间段
		条件不成立(当前时间：2021-08-06 17:05:16.704,条件时段：09:30:00-13:00:00)
	结果：未满足
===2021-08-06 17:05:17.260===
===2021-08-06 17:05:17.308===
股票：000155板块涨跌幅判断-额外参数：
	分组名称：1
	走势名称：发
		条件不成立(不符合板块涨跌幅条件)
	结果：未满足，返回code：-1
===2021-08-06 17:05:18.142===
额外条件未满足


===============================================

==============2021-08-06 17:05:33==============
===6开始执行条件2021-08-06 17:05:32.208===
===开始判断价格条件2021-08-06 17:05:32.208===
===开始判断额外/转自动条件2021-08-06 17:05:32.545===
===2021-08-06 17:05:32.735===
股票：000155指定时间段判断-额外参数：
	分组名称：1
	走势名称：时间段
		条件不成立(当前时间：2021-08-06 17:05:32.207,条件时段：09:30:00-13:00:00)
	结果：未满足
===2021-08-06 17:05:32.735===
===2021-08-06 17:05:32.774===
股票：000155板块涨跌幅判断-额外参数：
	分组名称：1
	走势名称：发
		条件不成立(不符合板块涨跌幅条件)
	结果：未满足，返回code：-1
===2021-08-06 17:05:33.776===
额外条件未满足


===============================================

==============2021-08-06 17:05:55==============
===6开始执行条件2021-08-06 17:05:53.152===
===开始判断价格条件2021-08-06 17:05:53.152===
===开始判断额外/转自动条件2021-08-06 17:05:53.651===
===2021-08-06 17:05:54.132===
股票：000155指定时间段判断-额外参数：
	分组名称：1
	走势名称：时间段
		条件不成立(当前时间：2021-08-06 17:05:53.152,条件时段：09:30:00-13:00:00)
	结果：未满足
===2021-08-06 17:05:54.132===
===2021-08-06 17:05:54.336===
股票：000155板块涨跌幅判断-额外参数：
	分组名称：1
	走势名称：发
		条件不成立(不符合板块涨跌幅条件)
	结果：未满足，返回code：-1
===2021-08-06 17:05:55.824===
额外条件未满足


===============================================

==============2021-08-06 17:06:24==============
===6开始执行条件2021-08-06 17:06:19.352===
===开始判断价格条件2021-08-06 17:06:19.352===
===开始判断额外/转自动条件2021-08-06 17:06:21.309===
===2021-08-06 17:06:22.581===
股票：000155指定时间段判断-额外参数：
	分组名称：1
	走势名称：时间段
		条件不成立(当前时间：2021-08-06 17:06:19.352,条件时段：09:30:00-13:00:00)
	结果：未满足
===2021-08-06 17:06:22.581===
===2021-08-06 17:06:22.958===
股票：000155板块涨跌幅判断-额外参数：
	分组名称：1
	走势名称：发
		条件不成立(不符合板块涨跌幅条件)
	结果：未满足，返回code：-1
===2021-08-06 17:06:24.874===
额外条件未满足


===============================================

==============2021-08-06 17:06:43==============
===6开始执行条件2021-08-06 17:06:39.588===
===开始判断价格条件2021-08-06 17:06:39.588===
===开始判断额外/转自动条件2021-08-06 17:06:40.826===
===2021-08-06 17:06:41.352===
股票：000155指定时间段判断-额外参数：
	分组名称：1
	走势名称：时间段
		条件不成立(当前时间：2021-08-06 17:06:39.588,条件时段：09:30:00-13:00:00)
	结果：未满足
===2021-08-06 17:06:41.352===
===2021-08-06 17:06:41.451===
股票：000155板块涨跌幅判断-额外参数：
	分组名称：1
	走势名称：发
		条件不成立(不符合板块涨跌幅条件)
	结果：未满足，返回code：-1
===2021-08-06 17:06:43.806===
额外条件未满足


===============================================

==============2021-08-06 17:07:05==============
===6开始执行条件2021-08-06 17:07:01.883===
===开始判断价格条件2021-08-06 17:07:01.883===
===开始判断额外/转自动条件2021-08-06 17:07:02.577===
===2021-08-06 17:07:03.343===
股票：000155指定时间段判断-额外参数：
	分组名称：1
	走势名称：时间段
		条件不成立(当前时间：2021-08-06 17:07:01.883,条件时段：09:30:00-13:00:00)
	结果：未满足
===2021-08-06 17:07:03.343===
===2021-08-06 17:07:03.378===
股票：000155板块涨跌幅判断-额外参数：
	分组名称：1
	走势名称：发
		条件不成立(不符合板块涨跌幅条件)
	结果：未满足，返回code：-1
===2021-08-06 17:07:05.448===
额外条件未满足


===============================================

==============2021-08-06 17:07:24==============
===6开始执行条件2021-08-06 17:07:22.518===
===开始判断价格条件2021-08-06 17:07:22.518===
===开始判断额外/转自动条件2021-08-06 17:07:22.731===
===2021-08-06 17:07:22.865===
股票：000155指定时间段判断-额外参数：
	分组名称：1
	走势名称：时间段
		条件不成立(当前时间：2021-08-06 17:07:22.518,条件时段：09:30:00-13:00:00)
	结果：未满足
===2021-08-06 17:07:22.865===
===2021-08-06 17:07:22.925===
股票：000155板块涨跌幅判断-额外参数：
	分组名称：1
	走势名称：发
		条件不成立(不符合板块涨跌幅条件)
	结果：未满足，返回code：-1
===2021-08-06 17:07:24.199===
额外条件未满足


===============================================

==============2021-08-06 17:07:50==============
===6开始执行条件2021-08-06 17:07:45.498===
===开始判断价格条件2021-08-06 17:07:45.498===
===开始判断额外/转自动条件2021-08-06 17:07:46.937===
===2021-08-06 17:07:48.112===
股票：000155指定时间段判断-额外参数：
	分组名称：1
	走势名称：时间段
		条件不成立(当前时间：2021-08-06 17:07:45.498,条件时段：09:30:00-13:00:00)
	结果：未满足
===2021-08-06 17:07:48.112===
===2021-08-06 17:07:48.466===
股票：000155板块涨跌幅判断-额外参数：
	分组名称：1
	走势名称：发
		条件不成立(不符合板块涨跌幅条件)
	结果：未满足，返回code：-1
===2021-08-06 17:07:50.218===
额外条件未满足


===============================================

==============2021-08-06 17:08:14==============
===6开始执行条件2021-08-06 17:08:09.790===
===开始判断价格条件2021-08-06 17:08:09.790===
===开始判断额外/转自动条件2021-08-06 17:08:11.522===
===2021-08-06 17:08:12.439===
股票：000155指定时间段判断-额外参数：
	分组名称：1
	走势名称：时间段
		条件不成立(当前时间：2021-08-06 17:08:09.790,条件时段：09:30:00-13:00:00)
	结果：未满足
===2021-08-06 17:08:12.439===
===2021-08-06 17:08:12.499===
股票：000155板块涨跌幅判断-额外参数：
	分组名称：1
	走势名称：发
		条件不成立(不符合板块涨跌幅条件)
	结果：未满足，返回code：-1
===2021-08-06 17:08:14.820===
额外条件未满足


===============================================

==============2021-08-06 17:08:38==============
===6开始执行条件2021-08-06 17:08:32.483===
===开始判断价格条件2021-08-06 17:08:32.483===
===开始判断额外/转自动条件2021-08-06 17:08:33.680===
===2021-08-06 17:08:34.656===
股票：000155指定时间段判断-额外参数：
	分组名称：1
	走势名称：时间段
		条件不成立(当前时间：2021-08-06 17:08:32.483,条件时段：09:30:00-13:00:00)
	结果：未满足
===2021-08-06 17:08:34.656===
===2021-08-06 17:08:34.925===
股票：000155板块涨跌幅判断-额外参数：
	分组名称：1
	走势名称：发
		条件不成立(不符合板块涨跌幅条件)
	结果：未满足，返回code：-1
===2021-08-06 17:08:38.310===
额外条件未满足


===============================================

==============2021-08-06 17:10:18==============
===6开始执行条件2021-08-06 17:10:17.998===
===开始判断价格条件2021-08-06 17:10:17.998===
===开始判断额外/转自动条件2021-08-06 17:10:18.255===
===2021-08-06 17:10:18.370===
股票：000155指定时间段判断-额外参数：
	分组名称：1
	走势名称：时间段
		条件不成立(当前时间：2021-08-06 17:10:17.997,条件时段：09:30:00-13:00:00)
	结果：未满足
===2021-08-06 17:10:18.373===
===2021-08-06 17:10:18.420===
股票：000155板块涨跌幅判断-额外参数：
	分组名称：1
	走势名称：发
		条件不成立(不符合板块涨跌幅条件)
	结果：未满足，返回code：-1
===2021-08-06 17:10:18.928===
额外条件未满足


===============================================

==============2021-08-06 17:10:36==============
===6开始执行条件2021-08-06 17:10:35.784===
===开始判断价格条件2021-08-06 17:10:35.784===
===开始判断额外/转自动条件2021-08-06 17:10:35.900===
===2021-08-06 17:10:35.982===
股票：000155指定时间段判断-额外参数：
	分组名称：1
	走势名称：时间段
		条件不成立(当前时间：2021-08-06 17:10:35.784,条件时段：09:30:00-13:00:00)
	结果：未满足
===2021-08-06 17:10:35.982===
===2021-08-06 17:10:36.014===
股票：000155板块涨跌幅判断-额外参数：
	分组名称：1
	走势名称：发
		条件不成立(不符合板块涨跌幅条件)
	结果：未满足，返回code：-1
===2021-08-06 17:10:36.673===
额外条件未满足


===============================================

==============2021-08-06 17:10:57==============
===6开始执行条件2021-08-06 17:10:55.443===
===开始判断价格条件2021-08-06 17:10:55.443===
===开始判断额外/转自动条件2021-08-06 17:10:56.154===
===2021-08-06 17:10:56.405===
股票：000155指定时间段判断-额外参数：
	分组名称：1
	走势名称：时间段
		条件不成立(当前时间：2021-08-06 17:10:55.442,条件时段：09:30:00-13:00:00)
	结果：未满足
===2021-08-06 17:10:56.405===
===2021-08-06 17:10:56.423===
股票：000155板块涨跌幅判断-额外参数：
	分组名称：1
	走势名称：发
		条件不成立(不符合板块涨跌幅条件)
	结果：未满足，返回code：-1
===2021-08-06 17:10:57.888===
额外条件未满足


===============================================

==============2021-08-06 17:11:20==============
===6开始执行条件2021-08-06 17:11:16.662===
===开始判断价格条件2021-08-06 17:11:16.662===
===开始判断额外/转自动条件2021-08-06 17:11:17.624===
===2021-08-06 17:11:17.879===
股票：000155指定时间段判断-额外参数：
	分组名称：1
	走势名称：时间段
		条件不成立(当前时间：2021-08-06 17:11:16.662,条件时段：09:30:00-13:00:00)
	结果：未满足
===2021-08-06 17:11:17.879===
===2021-08-06 17:11:18.061===
股票：000155板块涨跌幅判断-额外参数：
	分组名称：1
	走势名称：发
		条件不成立(不符合板块涨跌幅条件)
	结果：未满足，返回code：-1
===2021-08-06 17:11:20.530===
额外条件未满足


===============================================

==============2021-08-06 17:11:42==============
===6开始执行条件2021-08-06 17:11:37.986===
===开始判断价格条件2021-08-06 17:11:37.986===
===开始判断额外/转自动条件2021-08-06 17:11:38.870===
===2021-08-06 17:11:39.658===
股票：000155指定时间段判断-额外参数：
	分组名称：1
	走势名称：时间段
		条件不成立(当前时间：2021-08-06 17:11:37.985,条件时段：09:30:00-13:00:00)
	结果：未满足
===2021-08-06 17:11:39.658===
===2021-08-06 17:11:40.033===
股票：000155板块涨跌幅判断-额外参数：
	分组名称：1
	走势名称：发
		条件不成立(不符合板块涨跌幅条件)
	结果：未满足，返回code：-1
===2021-08-06 17:11:42.629===
额外条件未满足


===============================================

==============2021-08-06 17:12:03==============
===6开始执行条件2021-08-06 17:12:00.343===
===开始判断价格条件2021-08-06 17:12:00.343===
===开始判断额外/转自动条件2021-08-06 17:12:00.977===
===2021-08-06 17:12:01.587===
股票：000155指定时间段判断-额外参数：
	分组名称：1
	走势名称：时间段
		条件不成立(当前时间：2021-08-06 17:12:00.342,条件时段：09:30:00-13:00:00)
	结果：未满足
===2021-08-06 17:12:01.587===
===2021-08-06 17:12:01.767===
股票：000155板块涨跌幅判断-额外参数：
	分组名称：1
	走势名称：发
		条件不成立(不符合板块涨跌幅条件)
	结果：未满足，返回code：-1
===2021-08-06 17:12:03.336===
额外条件未满足


===============================================

==============2021-08-06 17:12:26==============
===6开始执行条件2021-08-06 17:12:22.232===
===开始判断价格条件2021-08-06 17:12:22.232===
===开始判断额外/转自动条件2021-08-06 17:12:23.528===
===2021-08-06 17:12:25.026===
股票：000155指定时间段判断-额外参数：
	分组名称：1
	走势名称：时间段
		条件不成立(当前时间：2021-08-06 17:12:22.232,条件时段：09:30:00-13:00:00)
	结果：未满足
===2021-08-06 17:12:25.026===
===2021-08-06 17:12:25.200===
股票：000155板块涨跌幅判断-额外参数：
	分组名称：1
	走势名称：发
		条件不成立(不符合板块涨跌幅条件)
	结果：未满足，返回code：-1
===2021-08-06 17:12:26.707===
额外条件未满足


===============================================

