==============2021-08-10 17:41:20==============
===6开始执行条件2021-08-10 17:41:19.847===
===开始判断价格条件2021-08-10 17:41:19.847===
===开始判断额外/转自动条件2021-08-10 17:41:20.123===
===2021-08-10 17:41:20.284===
股票：000155指定时间段判断-额外参数：
	分组名称：1
	走势名称：时间段
		条件不成立(当前时间：2021-08-10 17:41:19.847,条件时段：09:30:00-13:00:00)
	结果：未满足
===2021-08-10 17:41:20.284===
===2021-08-10 17:41:20.354===
股票：000155板块涨跌幅判断-额外参数：
	分组名称：1
	走势名称：发
		条件不成立(不符合板块涨跌幅条件)
	结果：未满足，返回code：-1
===2021-08-10 17:41:20.795===
额外条件未满足


===============================================

==============2021-08-10 17:41:29==============
===6开始执行条件2021-08-10 17:41:28.742===
===开始判断价格条件2021-08-10 17:41:28.742===
===开始判断额外/转自动条件2021-08-10 17:41:28.933===
===2021-08-10 17:41:29.200===
股票：000155指定时间段判断-额外参数：
	分组名称：1
	走势名称：时间段
		条件不成立(当前时间：2021-08-10 17:41:28.711,条件时段：09:30:00-13:00:00)
	结果：未满足
===2021-08-10 17:41:29.200===
===2021-08-10 17:41:29.268===
股票：000155板块涨跌幅判断-额外参数：
	分组名称：1
	走势名称：发
		条件不成立(不符合板块涨跌幅条件)
	结果：未满足，返回code：-1
===2021-08-10 17:41:29.610===
额外条件未满足


===============================================

==============2021-08-10 17:42:02==============
===6开始执行条件2021-08-10 17:42:00.495===
===开始判断价格条件2021-08-10 17:42:00.495===
===开始判断额外/转自动条件2021-08-10 17:42:01.785===
===2021-08-10 17:42:01.982===
股票：000155指定时间段判断-额外参数：
	分组名称：1
	走势名称：时间段
		条件不成立(当前时间：2021-08-10 17:42:00.494,条件时段：09:30:00-13:00:00)
	结果：未满足
===2021-08-10 17:42:01.982===
===2021-08-10 17:42:02.045===
股票：000155板块涨跌幅判断-额外参数：
	分组名称：1
	走势名称：发
		条件不成立(不符合板块涨跌幅条件)
	结果：未满足，返回code：-1
===2021-08-10 17:42:02.739===
额外条件未满足


===============================================

==============2021-08-10 17:44:11==============
===6开始执行条件2021-08-10 17:44:09.973===
===开始判断价格条件2021-08-10 17:44:09.973===
===开始判断额外/转自动条件2021-08-10 17:44:10.223===
===2021-08-10 17:44:10.742===
股票：000155指定时间段判断-额外参数：
	分组名称：1
	走势名称：时间段
		条件不成立(当前时间：2021-08-10 17:44:09.973,条件时段：09:30:00-13:00:00)
	结果：未满足
===2021-08-10 17:44:10.742===
===2021-08-10 17:44:10.917===
股票：000155板块涨跌幅判断-额外参数：
	分组名称：1
	走势名称：发
		条件不成立(不符合板块涨跌幅条件)
	结果：未满足，返回code：-1
===2021-08-10 17:44:11.452===
额外条件未满足


===============================================

==============2021-08-10 17:47:40==============
===6开始执行条件2021-08-10 17:47:37.720===
===开始判断价格条件2021-08-10 17:47:37.721===
===开始判断额外/转自动条件2021-08-10 17:47:38.525===
===2021-08-10 17:47:39.229===
股票：000155指定时间段判断-额外参数：
	分组名称：1
	走势名称：时间段
		条件不成立(当前时间：2021-08-10 17:47:37.720,条件时段：09:30:00-13:00:00)
	结果：未满足
===2021-08-10 17:47:39.229===
===2021-08-10 17:47:39.363===
股票：000155板块涨跌幅判断-额外参数：
	分组名称：1
	走势名称：发
		条件不成立(不符合板块涨跌幅条件)
	结果：未满足，返回code：-1
===2021-08-10 17:47:40.655===
额外条件未满足


===============================================

==============2021-08-10 17:47:57==============
===6开始执行条件2021-08-10 17:47:53.860===
===开始判断价格条件2021-08-10 17:47:53.861===
===开始判断额外/转自动条件2021-08-10 17:47:54.242===
===2021-08-10 17:47:55.155===
股票：000155指定时间段判断-额外参数：
	分组名称：1
	走势名称：时间段
		条件不成立(当前时间：2021-08-10 17:47:53.860,条件时段：09:30:00-13:00:00)
	结果：未满足
===2021-08-10 17:47:55.155===
===2021-08-10 17:47:55.282===
股票：000155板块涨跌幅判断-额外参数：
	分组名称：1
	走势名称：发
		条件不成立(不符合板块涨跌幅条件)
	结果：未满足，返回code：-1
===2021-08-10 17:47:57.094===
额外条件未满足


===============================================

==============2021-08-10 17:49:05==============
===6开始执行条件2021-08-10 17:49:05.044===
===开始判断价格条件2021-08-10 17:49:05.044===
===开始判断额外/转自动条件2021-08-10 17:49:05.410===
===2021-08-10 17:49:05.552===
股票：000155指定时间段判断-额外参数：
	分组名称：1
	走势名称：时间段
		条件不成立(当前时间：2021-08-10 17:49:05.036,条件时段：09:30:00-13:00:00)
	结果：未满足
===2021-08-10 17:49:05.552===
===2021-08-10 17:49:05.584===
股票：000155板块涨跌幅判断-额外参数：
	分组名称：1
	走势名称：发
		条件不成立(不符合板块涨跌幅条件)
	结果：未满足，返回code：-1
===2021-08-10 17:49:05.891===
额外条件未满足


===============================================

==============2021-08-10 17:49:26==============
===6开始执行条件2021-08-10 17:49:22.546===
===开始判断价格条件2021-08-10 17:49:22.546===
===开始判断额外/转自动条件2021-08-10 17:49:23.189===
===2021-08-10 17:49:24.281===
股票：000155指定时间段判断-额外参数：
	分组名称：1
	走势名称：时间段
		条件不成立(当前时间：2021-08-10 17:49:22.534,条件时段：09:30:00-13:00:00)
	结果：未满足
===2021-08-10 17:49:24.281===
===2021-08-10 17:49:25.485===
股票：000155板块涨跌幅判断-额外参数：
	分组名称：1
	走势名称：发
		条件不成立(不符合板块涨跌幅条件)
	结果：未满足，返回code：-1
===2021-08-10 17:49:26.156===
额外条件未满足


===============================================

==============2021-08-10 17:50:14==============
===6开始执行条件2021-08-10 17:50:13.012===
===开始判断价格条件2021-08-10 17:50:13.012===
===开始判断额外/转自动条件2021-08-10 17:50:13.487===
===2021-08-10 17:50:13.696===
股票：000155指定时间段判断-额外参数：
	分组名称：1
	走势名称：时间段
		条件不成立(当前时间：2021-08-10 17:50:13.012,条件时段：09:30:00-13:00:00)
	结果：未满足
===2021-08-10 17:50:13.696===
===2021-08-10 17:50:13.775===
股票：000155板块涨跌幅判断-额外参数：
	分组名称：1
	走势名称：发
		条件不成立(不符合板块涨跌幅条件)
	结果：未满足，返回code：-1
===2021-08-10 17:50:14.393===
额外条件未满足


===============================================

==============2021-08-10 17:52:14==============
===6开始执行条件2021-08-10 17:52:11.184===
===开始判断价格条件2021-08-10 17:52:11.184===
===开始判断额外/转自动条件2021-08-10 17:52:12.367===
===2021-08-10 17:52:12.814===
股票：000155指定时间段判断-额外参数：
	分组名称：1
	走势名称：时间段
		条件不成立(当前时间：2021-08-10 17:52:10.859,条件时段：09:30:00-13:00:00)
	结果：未满足
===2021-08-10 17:52:12.814===
===2021-08-10 17:52:13.010===
股票：000155板块涨跌幅判断-额外参数：
	分组名称：1
	走势名称：发
		条件不成立(不符合板块涨跌幅条件)
	结果：未满足，返回code：-1
===2021-08-10 17:52:14.484===
额外条件未满足


===============================================

==============2021-08-10 17:52:49==============
===6开始执行条件2021-08-10 17:52:46.795===
===开始判断价格条件2021-08-10 17:52:46.795===
===开始判断额外/转自动条件2021-08-10 17:52:47.125===
===2021-08-10 17:52:48.280===
股票：000155指定时间段判断-额外参数：
	分组名称：1
	走势名称：时间段
		条件不成立(当前时间：2021-08-10 17:52:46.795,条件时段：09:30:00-13:00:00)
	结果：未满足
===2021-08-10 17:52:48.280===
===2021-08-10 17:52:48.367===
股票：000155板块涨跌幅判断-额外参数：
	分组名称：1
	走势名称：发
		条件不成立(不符合板块涨跌幅条件)
	结果：未满足，返回code：-1
===2021-08-10 17:52:49.580===
额外条件未满足


===============================================

==============2021-08-10 17:53:17==============
===6开始执行条件2021-08-10 17:53:15.681===
===开始判断价格条件2021-08-10 17:53:15.681===
===开始判断额外/转自动条件2021-08-10 17:53:15.883===
===2021-08-10 17:53:16.040===
股票：000155指定时间段判断-额外参数：
	分组名称：1
	走势名称：时间段
		条件不成立(当前时间：2021-08-10 17:53:15.680,条件时段：09:30:00-13:00:00)
	结果：未满足
===2021-08-10 17:53:16.040===
===2021-08-10 17:53:16.117===
股票：000155板块涨跌幅判断-额外参数：
	分组名称：1
	走势名称：发
		条件不成立(不符合板块涨跌幅条件)
	结果：未满足，返回code：-1
===2021-08-10 17:53:17.282===
额外条件未满足


===============================================

==============2021-08-10 17:53:50==============
===6开始执行条件2021-08-10 17:53:47.071===
===开始判断价格条件2021-08-10 17:53:47.071===
===开始判断额外/转自动条件2021-08-10 17:53:48.362===
===2021-08-10 17:53:48.918===
股票：000155指定时间段判断-额外参数：
	分组名称：1
	走势名称：时间段
		条件不成立(当前时间：2021-08-10 17:53:47.070,条件时段：09:30:00-13:00:00)
	结果：未满足
===2021-08-10 17:53:48.918===
===2021-08-10 17:53:49.138===
股票：000155板块涨跌幅判断-额外参数：
	分组名称：1
	走势名称：发
		条件不成立(不符合板块涨跌幅条件)
	结果：未满足，返回code：-1
===2021-08-10 17:53:50.955===
额外条件未满足


===============================================

==============2021-08-10 17:54:03==============
===6开始执行条件2021-08-10 17:54:03.157===
===开始判断价格条件2021-08-10 17:54:03.157===
===开始判断额外/转自动条件2021-08-10 17:54:03.298===
===2021-08-10 17:54:03.481===
股票：000155指定时间段判断-额外参数：
	分组名称：1
	走势名称：时间段
		条件不成立(当前时间：2021-08-10 17:54:03.157,条件时段：09:30:00-13:00:00)
	结果：未满足
===2021-08-10 17:54:03.481===
===2021-08-10 17:54:03.533===
股票：000155板块涨跌幅判断-额外参数：
	分组名称：1
	走势名称：发
		条件不成立(不符合板块涨跌幅条件)
	结果：未满足，返回code：-1
===2021-08-10 17:54:03.971===
额外条件未满足


===============================================

==============2021-08-10 17:54:20==============
===6开始执行条件2021-08-10 17:54:19.735===
===开始判断价格条件2021-08-10 17:54:19.735===
===开始判断额外/转自动条件2021-08-10 17:54:20.107===
===2021-08-10 17:54:20.352===
股票：000155指定时间段判断-额外参数：
	分组名称：1
	走势名称：时间段
		条件不成立(当前时间：2021-08-10 17:54:19.734,条件时段：09:30:00-13:00:00)
	结果：未满足
===2021-08-10 17:54:20.353===
===2021-08-10 17:54:20.374===
股票：000155板块涨跌幅判断-额外参数：
	分组名称：1
	走势名称：发
		条件不成立(不符合板块涨跌幅条件)
	结果：未满足，返回code：-1
===2021-08-10 17:54:20.842===
额外条件未满足


===============================================

