==============2021-08-06 14:26:01==============
===6开始执行条件2021-08-06 14:25:57.579===
===开始判断价格条件2021-08-06 14:25:57.579===
===开始判断额外/转自动条件2021-08-06 14:25:58.511===
===2021-08-06 14:25:58.714===
股票：002812指定时间段判断-额外参数：
	分组名称：1
	走势名称：时间段
		条件不成立(当前时间：2021-08-06 14:25:57.578,条件时段：09:30:00-13:00:00)
	结果：未满足
===2021-08-06 14:25:58.714===
===2021-08-06 14:25:58.824===
股票：002812板块涨跌幅判断-额外参数：
	分组名称：1
	走势名称：发
		条件不成立(不符合板块涨跌幅条件)
	结果：未满足，返回code：-1
===2021-08-06 14:26:01.731===
额外条件未满足


===============================================

==============2021-08-06 14:26:42==============
===6开始执行条件2021-08-06 14:26:39.605===
===开始判断价格条件2021-08-06 14:26:39.605===
===开始判断额外/转自动条件2021-08-06 14:26:40.188===
===2021-08-06 14:26:40.330===
股票：002812指定时间段判断-额外参数：
	分组名称：1
	走势名称：时间段
		条件不成立(当前时间：2021-08-06 14:26:39.605,条件时段：09:30:00-13:00:00)
	结果：未满足
===2021-08-06 14:26:40.330===
===2021-08-06 14:26:40.365===
股票：002812板块涨跌幅判断-额外参数：
	分组名称：1
	走势名称：发
		条件不成立(不符合板块涨跌幅条件)
	结果：未满足，返回code：-1
===2021-08-06 14:26:42.377===
额外条件未满足


===============================================

==============2021-08-06 14:26:55==============
===6开始执行条件2021-08-06 14:26:53.867===
===开始判断价格条件2021-08-06 14:26:53.867===
===开始判断额外/转自动条件2021-08-06 14:26:54.387===
===2021-08-06 14:26:54.579===
股票：002812指定时间段判断-额外参数：
	分组名称：1
	走势名称：时间段
		条件不成立(当前时间：2021-08-06 14:26:53.867,条件时段：09:30:00-13:00:00)
	结果：未满足
===2021-08-06 14:26:54.579===
===2021-08-06 14:26:54.679===
股票：002812板块涨跌幅判断-额外参数：
	分组名称：1
	走势名称：发
		条件不成立(不符合板块涨跌幅条件)
	结果：未满足，返回code：-1
===2021-08-06 14:26:55.440===
额外条件未满足


===============================================

==============2021-08-06 14:29:20==============
===6开始执行条件2021-08-06 14:29:17.434===
===开始判断价格条件2021-08-06 14:29:17.434===
===开始判断额外/转自动条件2021-08-06 14:29:17.666===
===2021-08-06 14:29:18.231===
股票：002812指定时间段判断-额外参数：
	分组名称：1
	走势名称：时间段
		条件不成立(当前时间：2021-08-06 14:29:17.434,条件时段：09:30:00-13:00:00)
	结果：未满足
===2021-08-06 14:29:18.231===
===2021-08-06 14:29:18.666===
股票：002812板块涨跌幅判断-额外参数：
	分组名称：1
	走势名称：发
		条件不成立(不符合板块涨跌幅条件)
	结果：未满足，返回code：-1
===2021-08-06 14:29:20.137===
额外条件未满足


===============================================

==============2021-08-06 14:41:20==============
===6开始执行条件2021-08-06 14:41:19.328===
===开始判断价格条件2021-08-06 14:41:19.328===
===开始判断额外/转自动条件2021-08-06 14:41:19.526===
===2021-08-06 14:41:19.702===
股票：002812指定时间段判断-额外参数：
	分组名称：1
	走势名称：时间段
		条件不成立(当前时间：2021-08-06 14:41:19.328,条件时段：09:30:00-13:00:00)
	结果：未满足
===2021-08-06 14:41:19.702===
===2021-08-06 14:41:19.763===
股票：002812板块涨跌幅判断-额外参数：
	分组名称：1
	走势名称：发
		条件不成立(不符合板块涨跌幅条件)
	结果：未满足，返回code：-1
===2021-08-06 14:41:20.398===
额外条件未满足


===============================================

==============2021-08-06 14:42:39==============
===6开始执行条件2021-08-06 14:42:36.327===
===开始判断价格条件2021-08-06 14:42:36.327===
===开始判断额外/转自动条件2021-08-06 14:42:36.977===
===2021-08-06 14:42:37.616===
股票：002812指定时间段判断-额外参数：
	分组名称：1
	走势名称：时间段
		条件不成立(当前时间：2021-08-06 14:42:36.327,条件时段：09:30:00-13:00:00)
	结果：未满足
===2021-08-06 14:42:37.617===
===2021-08-06 14:42:37.765===
股票：002812板块涨跌幅判断-额外参数：
	分组名称：1
	走势名称：发
		条件不成立(不符合板块涨跌幅条件)
	结果：未满足，返回code：-1
===2021-08-06 14:42:39.375===
额外条件未满足


===============================================

==============2021-08-06 14:43:01==============
===6开始执行条件2021-08-06 14:42:59.806===
===开始判断价格条件2021-08-06 14:42:59.806===
===开始判断额外/转自动条件2021-08-06 14:43:00.973===
===2021-08-06 14:43:01.594===
股票：002812指定时间段判断-额外参数：
	分组名称：1
	走势名称：时间段
		条件不成立(当前时间：2021-08-06 14:42:59.806,条件时段：09:30:00-13:00:00)
	结果：未满足
===2021-08-06 14:43:01.594===
===2021-08-06 14:43:01.680===
股票：002812板块涨跌幅判断-额外参数：
	分组名称：1
	走势名称：发
		条件不成立(不符合板块涨跌幅条件)
	结果：未满足，返回code：-1
===2021-08-06 14:43:01.980===
额外条件未满足


===============================================

==============2021-08-06 14:43:13==============
===6开始执行条件2021-08-06 14:43:12.180===
===开始判断价格条件2021-08-06 14:43:12.180===
===开始判断额外/转自动条件2021-08-06 14:43:12.393===
===2021-08-06 14:43:12.648===
股票：002812指定时间段判断-额外参数：
	分组名称：1
	走势名称：时间段
		条件不成立(当前时间：2021-08-06 14:43:12.180,条件时段：09:30:00-13:00:00)
	结果：未满足
===2021-08-06 14:43:12.648===
===2021-08-06 14:43:12.670===
股票：002812板块涨跌幅判断-额外参数：
	分组名称：1
	走势名称：发
		条件不成立(不符合板块涨跌幅条件)
	结果：未满足，返回code：-1
===2021-08-06 14:43:13.632===
额外条件未满足


===============================================

==============2021-08-06 15:12:48==============
===6开始执行条件2021-08-06 15:12:47.778===
===开始判断价格条件2021-08-06 15:12:47.778===
===开始判断额外/转自动条件2021-08-06 15:12:47.954===
===2021-08-06 15:12:48.115===
股票：002812指定时间段判断-额外参数：
	分组名称：1
	走势名称：时间段
		条件不成立(当前时间：2021-08-06 15:12:47.778,条件时段：09:30:00-13:00:00)
	结果：未满足
===2021-08-06 15:12:48.115===
===2021-08-06 15:12:48.188===
股票：002812板块涨跌幅判断-额外参数：
	分组名称：1
	走势名称：发
		条件不成立(不符合板块涨跌幅条件)
	结果：未满足，返回code：-1
===2021-08-06 15:12:48.637===
额外条件未满足


===============================================

==============2021-08-06 15:26:56==============
===6开始执行条件2021-08-06 15:26:55.532===
===开始判断价格条件2021-08-06 15:26:55.532===
===开始判断额外/转自动条件2021-08-06 15:26:55.868===
===2021-08-06 15:26:56.040===
股票：002812指定时间段判断-额外参数：
	分组名称：1
	走势名称：时间段
		条件不成立(当前时间：2021-08-06 15:26:55.532,条件时段：09:30:00-13:00:00)
	结果：未满足
===2021-08-06 15:26:56.040===
===2021-08-06 15:26:56.054===
股票：002812板块涨跌幅判断-额外参数：
	分组名称：1
	走势名称：发
		条件不成立(不符合板块涨跌幅条件)
	结果：未满足，返回code：-1
===2021-08-06 15:26:56.294===
额外条件未满足


===============================================

==============2021-08-06 15:28:36==============
===6开始执行条件2021-08-06 15:28:32.238===
===开始判断价格条件2021-08-06 15:28:32.238===
===开始判断额外/转自动条件2021-08-06 15:28:32.525===
===2021-08-06 15:28:33.498===
股票：002812指定时间段判断-额外参数：
	分组名称：1
	走势名称：时间段
		条件不成立(当前时间：2021-08-06 15:28:32.237,条件时段：09:30:00-13:00:00)
	结果：未满足
===2021-08-06 15:28:33.499===
===2021-08-06 15:28:33.747===
股票：002812板块涨跌幅判断-额外参数：
	分组名称：1
	走势名称：发
		条件不成立(不符合板块涨跌幅条件)
	结果：未满足，返回code：-1
===2021-08-06 15:28:36.142===
额外条件未满足


===============================================

==============2021-08-06 15:28:53==============
===6开始执行条件2021-08-06 15:28:50.783===
===开始判断价格条件2021-08-06 15:28:50.783===
===开始判断额外/转自动条件2021-08-06 15:28:51.486===
===2021-08-06 15:28:51.774===
股票：002812指定时间段判断-额外参数：
	分组名称：1
	走势名称：时间段
		条件不成立(当前时间：2021-08-06 15:28:50.783,条件时段：09:30:00-13:00:00)
	结果：未满足
===2021-08-06 15:28:51.774===
===2021-08-06 15:28:51.898===
股票：002812板块涨跌幅判断-额外参数：
	分组名称：1
	走势名称：发
		条件不成立(不符合板块涨跌幅条件)
	结果：未满足，返回code：-1
===2021-08-06 15:28:53.285===
额外条件未满足


===============================================

==============2021-08-06 15:30:02==============
===6开始执行条件2021-08-06 15:30:01.690===
===开始判断价格条件2021-08-06 15:30:01.690===
===开始判断额外/转自动条件2021-08-06 15:30:01.756===
===2021-08-06 15:30:01.803===
股票：002812指定时间段判断-额外参数：
	分组名称：1
	走势名称：时间段
		条件不成立(当前时间：2021-08-06 15:30:01.690,条件时段：09:30:00-13:00:00)
	结果：未满足
===2021-08-06 15:30:01.803===
===2021-08-06 15:30:01.817===
股票：002812板块涨跌幅判断-额外参数：
	分组名称：1
	走势名称：发
		条件不成立(不符合板块涨跌幅条件)
	结果：未满足，返回code：-1
===2021-08-06 15:30:02.632===
额外条件未满足


===============================================

==============2021-08-06 15:30:21==============
===6开始执行条件2021-08-06 15:30:19.479===
===开始判断价格条件2021-08-06 15:30:19.479===
===开始判断额外/转自动条件2021-08-06 15:30:19.927===
===2021-08-06 15:30:20.237===
股票：002812指定时间段判断-额外参数：
	分组名称：1
	走势名称：时间段
		条件不成立(当前时间：2021-08-06 15:30:19.479,条件时段：09:30:00-13:00:00)
	结果：未满足
===2021-08-06 15:30:20.237===
===2021-08-06 15:30:20.276===
股票：002812板块涨跌幅判断-额外参数：
	分组名称：1
	走势名称：发
		条件不成立(不符合板块涨跌幅条件)
	结果：未满足，返回code：-1
===2021-08-06 15:30:21.834===
额外条件未满足


===============================================

==============2021-08-06 15:30:41==============
===6开始执行条件2021-08-06 15:30:40.123===
===开始判断价格条件2021-08-06 15:30:40.123===
===开始判断额外/转自动条件2021-08-06 15:30:40.218===
===2021-08-06 15:30:40.731===
股票：002812指定时间段判断-额外参数：
	分组名称：1
	走势名称：时间段
		条件不成立(当前时间：2021-08-06 15:30:40.122,条件时段：09:30:00-13:00:00)
	结果：未满足
===2021-08-06 15:30:40.731===
===2021-08-06 15:30:41.661===
股票：002812板块涨跌幅判断-额外参数：
	分组名称：1
	走势名称：发
		条件不成立(不符合板块涨跌幅条件)
	结果：未满足，返回code：-1
===2021-08-06 15:30:41.848===
额外条件未满足


===============================================

==============2021-08-06 15:31:00==============
===6开始执行条件2021-08-06 15:30:57.743===
===开始判断价格条件2021-08-06 15:30:57.743===
===开始判断额外/转自动条件2021-08-06 15:30:58.234===
===2021-08-06 15:30:58.502===
股票：002812指定时间段判断-额外参数：
	分组名称：1
	走势名称：时间段
		条件不成立(当前时间：2021-08-06 15:30:57.743,条件时段：09:30:00-13:00:00)
	结果：未满足
===2021-08-06 15:30:58.502===
===2021-08-06 15:30:58.648===
股票：002812板块涨跌幅判断-额外参数：
	分组名称：1
	走势名称：发
		条件不成立(不符合板块涨跌幅条件)
	结果：未满足，返回code：-1
===2021-08-06 15:31:00.654===
额外条件未满足


===============================================

==============2021-08-06 15:31:16==============
===6开始执行条件2021-08-06 15:31:15.963===
===开始判断价格条件2021-08-06 15:31:15.963===
===开始判断额外/转自动条件2021-08-06 15:31:16.059===
===2021-08-06 15:31:16.232===
股票：002812指定时间段判断-额外参数：
	分组名称：1
	走势名称：时间段
		条件不成立(当前时间：2021-08-06 15:31:15.962,条件时段：09:30:00-13:00:00)
	结果：未满足
===2021-08-06 15:31:16.232===
===2021-08-06 15:31:16.303===
股票：002812板块涨跌幅判断-额外参数：
	分组名称：1
	走势名称：发
		条件不成立(不符合板块涨跌幅条件)
	结果：未满足，返回code：-1
===2021-08-06 15:31:16.876===
额外条件未满足


===============================================

==============2021-08-06 15:31:37==============
===6开始执行条件2021-08-06 15:31:32.985===
===开始判断价格条件2021-08-06 15:31:32.985===
===开始判断额外/转自动条件2021-08-06 15:31:33.827===
===2021-08-06 15:31:34.365===
股票：002812指定时间段判断-额外参数：
	分组名称：1
	走势名称：时间段
		条件不成立(当前时间：2021-08-06 15:31:32.984,条件时段：09:30:00-13:00:00)
	结果：未满足
===2021-08-06 15:31:34.365===
===2021-08-06 15:31:34.702===
股票：002812板块涨跌幅判断-额外参数：
	分组名称：1
	走势名称：发
		条件不成立(不符合板块涨跌幅条件)
	结果：未满足，返回code：-1
===2021-08-06 15:31:37.130===
额外条件未满足


===============================================

==============2021-08-06 15:31:56==============
===6开始执行条件2021-08-06 15:31:52.774===
===开始判断价格条件2021-08-06 15:31:52.774===
===开始判断额外/转自动条件2021-08-06 15:31:53.448===
===2021-08-06 15:31:53.903===
股票：002812指定时间段判断-额外参数：
	分组名称：1
	走势名称：时间段
		条件不成立(当前时间：2021-08-06 15:31:52.774,条件时段：09:30:00-13:00:00)
	结果：未满足
===2021-08-06 15:31:53.903===
===2021-08-06 15:31:54.092===
股票：002812板块涨跌幅判断-额外参数：
	分组名称：1
	走势名称：发
		条件不成立(不符合板块涨跌幅条件)
	结果：未满足，返回code：-1
===2021-08-06 15:31:56.524===
额外条件未满足


===============================================

==============2021-08-06 15:32:16==============
===6开始执行条件2021-08-06 15:32:13.789===
===开始判断价格条件2021-08-06 15:32:13.789===
===开始判断额外/转自动条件2021-08-06 15:32:14.760===
===2021-08-06 15:32:15.298===
股票：002812指定时间段判断-额外参数：
	分组名称：1
	走势名称：时间段
		条件不成立(当前时间：2021-08-06 15:32:13.789,条件时段：09:30:00-13:00:00)
	结果：未满足
===2021-08-06 15:32:15.298===
===2021-08-06 15:32:15.478===
股票：002812板块涨跌幅判断-额外参数：
	分组名称：1
	走势名称：发
		条件不成立(不符合板块涨跌幅条件)
	结果：未满足，返回code：-1
===2021-08-06 15:32:16.607===
额外条件未满足


===============================================

==============2021-08-06 15:38:16==============
===6开始执行条件2021-08-06 15:38:12.971===
===开始判断价格条件2021-08-06 15:38:12.971===
===开始判断额外/转自动条件2021-08-06 15:38:13.865===
===2021-08-06 15:38:14.174===
股票：002812指定时间段判断-额外参数：
	分组名称：1
	走势名称：时间段
		条件不成立(当前时间：2021-08-06 15:38:12.971,条件时段：09:30:00-13:00:00)
	结果：未满足
===2021-08-06 15:38:14.174===
===2021-08-06 15:38:14.298===
股票：002812板块涨跌幅判断-额外参数：
	分组名称：1
	走势名称：发
		条件不成立(不符合板块涨跌幅条件)
	结果：未满足，返回code：-1
===2021-08-06 15:38:16.046===
额外条件未满足


===============================================

==============2021-08-06 15:38:34==============
===6开始执行条件2021-08-06 15:38:33.193===
===开始判断价格条件2021-08-06 15:38:33.193===
===开始判断额外/转自动条件2021-08-06 15:38:33.367===
===2021-08-06 15:38:33.699===
股票：002812指定时间段判断-额外参数：
	分组名称：1
	走势名称：时间段
		条件不成立(当前时间：2021-08-06 15:38:33.193,条件时段：09:30:00-13:00:00)
	结果：未满足
===2021-08-06 15:38:33.699===
===2021-08-06 15:38:33.756===
股票：002812板块涨跌幅判断-额外参数：
	分组名称：1
	走势名称：发
		条件不成立(不符合板块涨跌幅条件)
	结果：未满足，返回code：-1
===2021-08-06 15:38:34.445===
额外条件未满足


===============================================

==============2021-08-06 17:04:50==============
===6开始执行条件2021-08-06 17:04:49.289===
===开始判断价格条件2021-08-06 17:04:49.289===
===开始判断额外/转自动条件2021-08-06 17:04:49.571===
===2021-08-06 17:04:49.681===
股票：002812指定时间段判断-额外参数：
	分组名称：1
	走势名称：时间段
		条件不成立(当前时间：2021-08-06 17:04:49.288,条件时段：09:30:00-13:00:00)
	结果：未满足
===2021-08-06 17:04:49.681===
===2021-08-06 17:04:49.701===
股票：002812板块涨跌幅判断-额外参数：
	分组名称：1
	走势名称：发
		条件不成立(不符合板块涨跌幅条件)
	结果：未满足，返回code：-1
===2021-08-06 17:04:50.685===
额外条件未满足


===============================================

==============2021-08-06 17:05:14==============
===6开始执行条件2021-08-06 17:05:12.264===
===开始判断价格条件2021-08-06 17:05:12.264===
===开始判断额外/转自动条件2021-08-06 17:05:12.801===
===2021-08-06 17:05:13.064===
股票：002812指定时间段判断-额外参数：
	分组名称：1
	走势名称：时间段
		条件不成立(当前时间：2021-08-06 17:05:12.264,条件时段：09:30:00-13:00:00)
	结果：未满足
===2021-08-06 17:05:13.064===
===2021-08-06 17:05:13.094===
股票：002812板块涨跌幅判断-额外参数：
	分组名称：1
	走势名称：发
		条件不成立(不符合板块涨跌幅条件)
	结果：未满足，返回code：-1
===2021-08-06 17:05:14.196===
额外条件未满足


===============================================

==============2021-08-06 17:05:30==============
===6开始执行条件2021-08-06 17:05:28.538===
===开始判断价格条件2021-08-06 17:05:28.538===
===开始判断额外/转自动条件2021-08-06 17:05:28.952===
===2021-08-06 17:05:29.188===
股票：002812指定时间段判断-额外参数：
	分组名称：1
	走势名称：时间段
		条件不成立(当前时间：2021-08-06 17:05:28.464,条件时段：09:30:00-13:00:00)
	结果：未满足
===2021-08-06 17:05:29.188===
===2021-08-06 17:05:29.401===
股票：002812板块涨跌幅判断-额外参数：
	分组名称：1
	走势名称：发
		条件不成立(不符合板块涨跌幅条件)
	结果：未满足，返回code：-1
===2021-08-06 17:05:30.686===
额外条件未满足


===============================================

==============2021-08-06 17:05:52==============
===6开始执行条件2021-08-06 17:05:49.703===
===开始判断价格条件2021-08-06 17:05:49.703===
===开始判断额外/转自动条件2021-08-06 17:05:50.429===
===2021-08-06 17:05:51.065===
股票：002812指定时间段判断-额外参数：
	分组名称：1
	走势名称：时间段
		条件不成立(当前时间：2021-08-06 17:05:49.703,条件时段：09:30:00-13:00:00)
	结果：未满足
===2021-08-06 17:05:51.065===
===2021-08-06 17:05:51.092===
股票：002812板块涨跌幅判断-额外参数：
	分组名称：1
	走势名称：发
		条件不成立(不符合板块涨跌幅条件)
	结果：未满足，返回code：-1
===2021-08-06 17:05:52.562===
额外条件未满足


===============================================

==============2021-08-06 17:06:18==============
===6开始执行条件2021-08-06 17:06:12.446===
===开始判断价格条件2021-08-06 17:06:12.446===
===开始判断额外/转自动条件2021-08-06 17:06:13.677===
===2021-08-06 17:06:14.127===
股票：002812指定时间段判断-额外参数：
	分组名称：1
	走势名称：时间段
		条件不成立(当前时间：2021-08-06 17:06:12.439,条件时段：09:30:00-13:00:00)
	结果：未满足
===2021-08-06 17:06:14.127===
===2021-08-06 17:06:14.306===
股票：002812板块涨跌幅判断-额外参数：
	分组名称：1
	走势名称：发
		条件不成立(不符合板块涨跌幅条件)
	结果：未满足，返回code：-1
===2021-08-06 17:06:18.189===
额外条件未满足


===============================================

==============2021-08-06 17:06:39==============
===6开始执行条件2021-08-06 17:06:35.020===
===开始判断价格条件2021-08-06 17:06:35.020===
===开始判断额外/转自动条件2021-08-06 17:06:35.793===
===2021-08-06 17:06:36.318===
股票：002812指定时间段判断-额外参数：
	分组名称：1
	走势名称：时间段
		条件不成立(当前时间：2021-08-06 17:06:35.020,条件时段：09:30:00-13:00:00)
	结果：未满足
===2021-08-06 17:06:36.318===
===2021-08-06 17:06:36.475===
股票：002812板块涨跌幅判断-额外参数：
	分组名称：1
	走势名称：发
		条件不成立(不符合板块涨跌幅条件)
	结果：未满足，返回code：-1
===2021-08-06 17:06:39.586===
额外条件未满足


===============================================

==============2021-08-06 17:07:00==============
===6开始执行条件2021-08-06 17:06:57.211===
===开始判断价格条件2021-08-06 17:06:57.211===
===开始判断额外/转自动条件2021-08-06 17:06:57.588===
===2021-08-06 17:06:58.080===
股票：002812指定时间段判断-额外参数：
	分组名称：1
	走势名称：时间段
		条件不成立(当前时间：2021-08-06 17:06:57.210,条件时段：09:30:00-13:00:00)
	结果：未满足
===2021-08-06 17:06:58.080===
===2021-08-06 17:06:58.307===
股票：002812板块涨跌幅判断-额外参数：
	分组名称：1
	走势名称：发
		条件不成立(不符合板块涨跌幅条件)
	结果：未满足，返回code：-1
===2021-08-06 17:07:00.487===
额外条件未满足


===============================================

==============2021-08-06 17:07:20==============
===6开始执行条件2021-08-06 17:07:16.312===
===开始判断价格条件2021-08-06 17:07:16.312===
===开始判断额外/转自动条件2021-08-06 17:07:17.049===
===2021-08-06 17:07:17.451===
股票：002812指定时间段判断-额外参数：
	分组名称：1
	走势名称：时间段
		条件不成立(当前时间：2021-08-06 17:07:16.312,条件时段：09:30:00-13:00:00)
	结果：未满足
===2021-08-06 17:07:17.451===
===2021-08-06 17:07:17.967===
股票：002812板块涨跌幅判断-额外参数：
	分组名称：1
	走势名称：发
		条件不成立(不符合板块涨跌幅条件)
	结果：未满足，返回code：-1
===2021-08-06 17:07:20.593===
额外条件未满足


===============================================

==============2021-08-06 17:07:44==============
===6开始执行条件2021-08-06 17:07:39.397===
===开始判断价格条件2021-08-06 17:07:39.397===
===开始判断额外/转自动条件2021-08-06 17:07:40.183===
===2021-08-06 17:07:40.989===
股票：002812指定时间段判断-额外参数：
	分组名称：1
	走势名称：时间段
		条件不成立(当前时间：2021-08-06 17:07:39.397,条件时段：09:30:00-13:00:00)
	结果：未满足
===2021-08-06 17:07:40.989===
===2021-08-06 17:07:41.254===
股票：002812板块涨跌幅判断-额外参数：
	分组名称：1
	走势名称：发
		条件不成立(不符合板块涨跌幅条件)
	结果：未满足，返回code：-1
===2021-08-06 17:07:44.536===
额外条件未满足


===============================================

==============2021-08-06 17:08:07==============
===6开始执行条件2021-08-06 17:08:02.640===
===开始判断价格条件2021-08-06 17:08:02.640===
===开始判断额外/转自动条件2021-08-06 17:08:03.344===
===2021-08-06 17:08:03.773===
股票：002812指定时间段判断-额外参数：
	分组名称：1
	走势名称：时间段
		条件不成立(当前时间：2021-08-06 17:08:02.639,条件时段：09:30:00-13:00:00)
	结果：未满足
===2021-08-06 17:08:03.773===
===2021-08-06 17:08:04.076===
股票：002812板块涨跌幅判断-额外参数：
	分组名称：1
	走势名称：发
		条件不成立(不符合板块涨跌幅条件)
	结果：未满足，返回code：-1
===2021-08-06 17:08:07.133===
额外条件未满足


===============================================

==============2021-08-06 17:08:32==============
===6开始执行条件2021-08-06 17:08:26.104===
===开始判断价格条件2021-08-06 17:08:26.104===
===开始判断额外/转自动条件2021-08-06 17:08:26.710===
===2021-08-06 17:08:28.229===
股票：002812指定时间段判断-额外参数：
	分组名称：1
	走势名称：时间段
		条件不成立(当前时间：2021-08-06 17:08:26.104,条件时段：09:30:00-13:00:00)
	结果：未满足
===2021-08-06 17:08:28.229===
===2021-08-06 17:08:28.699===
股票：002812板块涨跌幅判断-额外参数：
	分组名称：1
	走势名称：发
		条件不成立(不符合板块涨跌幅条件)
	结果：未满足，返回code：-1
===2021-08-06 17:08:32.323===
额外条件未满足


===============================================

==============2021-08-06 17:10:16==============
===6开始执行条件2021-08-06 17:10:15.685===
===开始判断价格条件2021-08-06 17:10:15.685===
===开始判断额外/转自动条件2021-08-06 17:10:15.986===
===2021-08-06 17:10:16.237===
股票：002812指定时间段判断-额外参数：
	分组名称：1
	走势名称：时间段
		条件不成立(当前时间：2021-08-06 17:10:15.684,条件时段：09:30:00-13:00:00)
	结果：未满足
===2021-08-06 17:10:16.237===
===2021-08-06 17:10:16.295===
股票：002812板块涨跌幅判断-额外参数：
	分组名称：1
	走势名称：发
		条件不成立(不符合板块涨跌幅条件)
	结果：未满足，返回code：-1
===2021-08-06 17:10:16.841===
额外条件未满足


===============================================

==============2021-08-06 17:10:33==============
===6开始执行条件2021-08-06 17:10:32.556===
===开始判断价格条件2021-08-06 17:10:32.556===
===开始判断额外/转自动条件2021-08-06 17:10:32.806===
===2021-08-06 17:10:32.902===
股票：002812指定时间段判断-额外参数：
	分组名称：1
	走势名称：时间段
		条件不成立(当前时间：2021-08-06 17:10:32.556,条件时段：09:30:00-13:00:00)
	结果：未满足
===2021-08-06 17:10:32.902===
===2021-08-06 17:10:32.970===
股票：002812板块涨跌幅判断-额外参数：
	分组名称：1
	走势名称：发
		条件不成立(不符合板块涨跌幅条件)
	结果：未满足，返回code：-1
===2021-08-06 17:10:33.580===
额外条件未满足


===============================================

==============2021-08-06 17:10:54==============
===6开始执行条件2021-08-06 17:10:52.115===
===开始判断价格条件2021-08-06 17:10:52.115===
===开始判断额外/转自动条件2021-08-06 17:10:52.275===
===2021-08-06 17:10:53.136===
股票：002812指定时间段判断-额外参数：
	分组名称：1
	走势名称：时间段
		条件不成立(当前时间：2021-08-06 17:10:52.115,条件时段：09:30:00-13:00:00)
	结果：未满足
===2021-08-06 17:10:53.136===
===2021-08-06 17:10:53.374===
股票：002812板块涨跌幅判断-额外参数：
	分组名称：1
	走势名称：发
		条件不成立(不符合板块涨跌幅条件)
	结果：未满足，返回code：-1
===2021-08-06 17:10:54.276===
额外条件未满足


===============================================

==============2021-08-06 17:11:16==============
===6开始执行条件2021-08-06 17:11:12.265===
===开始判断价格条件2021-08-06 17:11:12.265===
===开始判断额外/转自动条件2021-08-06 17:11:13.902===
===2021-08-06 17:11:14.423===
股票：002812指定时间段判断-额外参数：
	分组名称：1
	走势名称：时间段
		条件不成立(当前时间：2021-08-06 17:11:12.265,条件时段：09:30:00-13:00:00)
	结果：未满足
===2021-08-06 17:11:14.481===
===2021-08-06 17:11:14.538===
股票：002812板块涨跌幅判断-额外参数：
	分组名称：1
	走势名称：发
		条件不成立(不符合板块涨跌幅条件)
	结果：未满足，返回code：-1
===2021-08-06 17:11:16.662===
额外条件未满足


===============================================

==============2021-08-06 17:11:39==============
===6开始执行条件2021-08-06 17:11:34.745===
===开始判断价格条件2021-08-06 17:11:34.745===
===开始判断额外/转自动条件2021-08-06 17:11:36.429===
===2021-08-06 17:11:37.377===
股票：002812指定时间段判断-额外参数：
	分组名称：1
	走势名称：时间段
		条件不成立(当前时间：2021-08-06 17:11:34.745,条件时段：09:30:00-13:00:00)
	结果：未满足
===2021-08-06 17:11:37.378===
===2021-08-06 17:11:37.573===
股票：002812板块涨跌幅判断-额外参数：
	分组名称：1
	走势名称：发
		条件不成立(不符合板块涨跌幅条件)
	结果：未满足，返回code：-1
===2021-08-06 17:11:39.838===
额外条件未满足


===============================================

==============2021-08-06 17:11:59==============
===6开始执行条件2021-08-06 17:11:57.459===
===开始判断价格条件2021-08-06 17:11:57.459===
===开始判断额外/转自动条件2021-08-06 17:11:57.919===
===2021-08-06 17:11:58.186===
股票：002812指定时间段判断-额外参数：
	分组名称：1
	走势名称：时间段
		条件不成立(当前时间：2021-08-06 17:11:57.459,条件时段：09:30:00-13:00:00)
	结果：未满足
===2021-08-06 17:11:58.186===
===2021-08-06 17:11:58.329===
股票：002812板块涨跌幅判断-额外参数：
	分组名称：1
	走势名称：发
		条件不成立(不符合板块涨跌幅条件)
	结果：未满足，返回code：-1
===2021-08-06 17:11:59.350===
额外条件未满足


===============================================

==============2021-08-06 17:12:21==============
===6开始执行条件2021-08-06 17:12:18.293===
===开始判断价格条件2021-08-06 17:12:18.293===
===开始判断额外/转自动条件2021-08-06 17:12:18.755===
===2021-08-06 17:12:19.428===
股票：002812指定时间段判断-额外参数：
	分组名称：1
	走势名称：时间段
		条件不成立(当前时间：2021-08-06 17:12:18.293,条件时段：09:30:00-13:00:00)
	结果：未满足
===2021-08-06 17:12:19.428===
===2021-08-06 17:12:19.469===
股票：002812板块涨跌幅判断-额外参数：
	分组名称：1
	走势名称：发
		条件不成立(不符合板块涨跌幅条件)
	结果：未满足，返回code：-1
===2021-08-06 17:12:21.480===
额外条件未满足


===============================================

