==============2021-08-09 10:08:56==============
===6开始执行条件2021-08-09 10:08:50.680===
===开始判断价格条件2021-08-09 10:08:50.680===
===开始判断额外/转自动条件2021-08-09 10:08:52.489===
===2021-08-09 10:08:52.953===
股票：002812指定时间段判断-额外参数：
	分组名称：1
	走势名称：时间段
		条件成立(当前时间：2021-08-09 10:08:50.679,条件时段：09:30:00-13:00:00)
	结果：达到要求
===2021-08-09 10:08:53.902===
===2021-08-09 10:08:56.517===
股票：002812多头向上判断-转自动参数：
	分组名称：2
	走势名称：多头向上
	结果：未满足，返回code：0
===2021-08-09 10:08:56.517===
满足所有条件，可以触发


===============================================

==============2021-08-09 10:09:36==============
===6开始执行条件2021-08-09 10:09:32.913===
===开始判断价格条件2021-08-09 10:09:32.913===
===开始判断额外/转自动条件2021-08-09 10:09:33.618===
===2021-08-09 10:09:35.325===
股票：002812指定时间段判断-额外参数：
	分组名称：1
	走势名称：时间段
		条件成立(当前时间：2021-08-09 10:09:32.823,条件时段：09:30:00-13:00:00)
	结果：达到要求
===2021-08-09 10:09:35.719===
===2021-08-09 10:09:36.163===
股票：002812多头向上判断-转自动参数：
	分组名称：2
	走势名称：多头向上
	结果：未满足，返回code：0
===2021-08-09 10:09:36.163===
满足所有条件，可以触发


===============================================

==============2021-08-09 10:10:52==============
===6开始执行条件2021-08-09 10:10:51.690===
===开始判断价格条件2021-08-09 10:10:51.690===
===开始判断额外/转自动条件2021-08-09 10:10:52.081===
===2021-08-09 10:10:52.169===
股票：002812指定时间段判断-额外参数：
	分组名称：1
	走势名称：时间段
		条件成立(当前时间：2021-08-09 10:10:51.688,条件时段：09:30:00-13:00:00)
	结果：达到要求
===2021-08-09 10:10:52.251===
===2021-08-09 10:10:52.732===
股票：002812多头向上判断-转自动参数：
	分组名称：2
	走势名称：多头向上
	结果：未满足，返回code：0
===2021-08-09 10:10:52.732===
满足所有条件，可以触发


===============================================

