==============2021-08-11 10:28:33==============
===6开始执行条件2021-08-11 10:28:31.704===
===开始判断价格条件2021-08-11 10:28:31.704===
===开始判断额外/转自动条件2021-08-11 10:28:31.835===
===2021-08-11 10:28:32.064===
股票：601969指定时间段判断-额外参数：
	分组名称：1
	走势名称：时间段
		条件成立(当前时间：2021-08-11 10:28:31.704,条件时段：09:30:00-13:00:00)
	结果：达到要求
===2021-08-11 10:28:32.241===
===2021-08-11 10:28:33.172===
股票：601969多头向上判断-转自动参数：
	分组名称：2
	走势名称：多头向上
	结果：未满足，返回code：0
===2021-08-11 10:28:33.172===
满足所有条件，可以触发


===============================================

==============2021-08-11 10:28:51==============
===6开始执行条件2021-08-11 10:28:50.724===
===开始判断价格条件2021-08-11 10:28:50.724===
===开始判断额外/转自动条件2021-08-11 10:28:50.856===
===2021-08-11 10:28:50.921===
股票：601969指定时间段判断-额外参数：
	分组名称：1
	走势名称：时间段
		条件成立(当前时间：2021-08-11 10:28:50.681,条件时段：09:30:00-13:00:00)
	结果：达到要求
===2021-08-11 10:28:51.003===
===2021-08-11 10:28:51.111===
股票：601969多头向上判断-转自动参数：
	分组名称：2
	走势名称：多头向上
	结果：未满足，返回code：0
===2021-08-11 10:28:51.111===
满足所有条件，可以触发


===============================================

==============2021-08-11 10:29:01==============
===6开始执行条件2021-08-11 10:28:59.758===
===开始判断价格条件2021-08-11 10:28:59.758===
===开始判断额外/转自动条件2021-08-11 10:29:00.135===
===2021-08-11 10:29:00.626===
股票：601969指定时间段判断-额外参数：
	分组名称：1
	走势名称：时间段
		条件成立(当前时间：2021-08-11 10:28:59.758,条件时段：09:30:00-13:00:00)
	结果：达到要求
===2021-08-11 10:29:00.713===
===2021-08-11 10:29:01.095===
股票：601969多头向上判断-转自动参数：
	分组名称：2
	走势名称：多头向上
	结果：未满足，返回code：0
===2021-08-11 10:29:01.095===
满足所有条件，可以触发


===============================================

==============2021-08-11 10:29:43==============
===6开始执行条件2021-08-11 10:29:41.937===
===开始判断价格条件2021-08-11 10:29:41.937===
===开始判断额外/转自动条件2021-08-11 10:29:42.257===
===2021-08-11 10:29:42.509===
股票：601969指定时间段判断-额外参数：
	分组名称：1
	走势名称：时间段
		条件成立(当前时间：2021-08-11 10:29:41.937,条件时段：09:30:00-13:00:00)
	结果：达到要求
===2021-08-11 10:29:42.807===
===2021-08-11 10:29:43.171===
股票：601969多头向上判断-转自动参数：
	分组名称：2
	走势名称：多头向上
	结果：未满足，返回code：0
===2021-08-11 10:29:43.171===
满足所有条件，可以触发


===============================================

==============2021-08-11 10:29:55==============
===6开始执行条件2021-08-11 10:29:52.791===
===开始判断价格条件2021-08-11 10:29:52.791===
===开始判断额外/转自动条件2021-08-11 10:29:53.552===
===2021-08-11 10:29:54.120===
股票：601969指定时间段判断-额外参数：
	分组名称：1
	走势名称：时间段
		条件成立(当前时间：2021-08-11 10:29:52.790,条件时段：09:30:00-13:00:00)
	结果：达到要求
===2021-08-11 10:29:54.388===
===2021-08-11 10:29:55.497===
股票：601969多头向上判断-转自动参数：
	分组名称：2
	走势名称：多头向上
	结果：未满足，返回code：0
===2021-08-11 10:29:55.497===
满足所有条件，可以触发


===============================================

==============2021-08-11 10:30:08==============
===6开始执行条件2021-08-11 10:30:06.797===
===开始判断价格条件2021-08-11 10:30:06.797===
===开始判断额外/转自动条件2021-08-11 10:30:06.963===
===2021-08-11 10:30:07.423===
股票：601969指定时间段判断-额外参数：
	分组名称：1
	走势名称：时间段
		条件成立(当前时间：2021-08-11 10:30:06.796,条件时段：09:30:00-13:00:00)
	结果：达到要求
===2021-08-11 10:30:07.617===
===2021-08-11 10:30:08.129===
股票：601969多头向上判断-转自动参数：
	分组名称：2
	走势名称：多头向上
	结果：未满足，返回code：0
===2021-08-11 10:30:08.129===
满足所有条件，可以触发


===============================================

==============2021-08-11 10:30:14==============
===6开始执行条件2021-08-11 10:30:13.317===
===开始判断价格条件2021-08-11 10:30:13.317===
===开始判断额外/转自动条件2021-08-11 10:30:13.550===
===2021-08-11 10:30:13.610===
股票：601969指定时间段判断-额外参数：
	分组名称：1
	走势名称：时间段
		条件成立(当前时间：2021-08-11 10:30:13.317,条件时段：09:30:00-13:00:00)
	结果：达到要求
===2021-08-11 10:30:13.713===
===2021-08-11 10:30:14.171===
股票：601969多头向上判断-转自动参数：
	分组名称：2
	走势名称：多头向上
	结果：未满足，返回code：0
===2021-08-11 10:30:14.171===
满足所有条件，可以触发


===============================================

==============2021-08-11 10:30:30==============
===6开始执行条件2021-08-11 10:30:29.690===
===开始判断价格条件2021-08-11 10:30:29.690===
===开始判断额外/转自动条件2021-08-11 10:30:30.155===
===2021-08-11 10:30:30.307===
股票：601969指定时间段判断-额外参数：
	分组名称：1
	走势名称：时间段
		条件成立(当前时间：2021-08-11 10:30:29.689,条件时段：09:30:00-13:00:00)
	结果：达到要求
===2021-08-11 10:30:30.497===
===2021-08-11 10:30:30.635===
股票：601969多头向上判断-转自动参数：
	分组名称：2
	走势名称：多头向上
	结果：未满足，返回code：0
===2021-08-11 10:30:30.635===
满足所有条件，可以触发


===============================================

==============2021-08-11 10:30:42==============
===6开始执行条件2021-08-11 10:30:41.313===
===开始判断价格条件2021-08-11 10:30:41.313===
===开始判断额外/转自动条件2021-08-11 10:30:41.489===
===2021-08-11 10:30:41.570===
股票：601969指定时间段判断-额外参数：
	分组名称：1
	走势名称：时间段
		条件成立(当前时间：2021-08-11 10:30:41.313,条件时段：09:30:00-13:00:00)
	结果：达到要求
===2021-08-11 10:30:41.681===
===2021-08-11 10:30:42.079===
股票：601969多头向上判断-转自动参数：
	分组名称：2
	走势名称：多头向上
	结果：未满足，返回code：0
===2021-08-11 10:30:42.079===
满足所有条件，可以触发


===============================================

==============2021-08-11 10:30:50==============
===6开始执行条件2021-08-11 10:30:50.708===
===开始判断价格条件2021-08-11 10:30:50.708===
===开始判断额外/转自动条件2021-08-11 10:30:50.805===
===2021-08-11 10:30:50.853===
股票：601969指定时间段判断-额外参数：
	分组名称：1
	走势名称：时间段
		条件成立(当前时间：2021-08-11 10:30:50.708,条件时段：09:30:00-13:00:00)
	结果：达到要求
===2021-08-11 10:30:50.896===
===2021-08-11 10:30:50.966===
股票：601969多头向上判断-转自动参数：
	分组名称：2
	走势名称：多头向上
	结果：未满足，返回code：0
===2021-08-11 10:30:50.966===
满足所有条件，可以触发


===============================================

==============2021-08-11 10:30:57==============
===6开始执行条件2021-08-11 10:30:57.572===
===开始判断价格条件2021-08-11 10:30:57.572===
===开始判断额外/转自动条件2021-08-11 10:30:57.760===
===2021-08-11 10:30:57.811===
股票：601969指定时间段判断-额外参数：
	分组名称：1
	走势名称：时间段
		条件成立(当前时间：2021-08-11 10:30:57.571,条件时段：09:30:00-13:00:00)
	结果：达到要求
===2021-08-11 10:30:57.862===
===2021-08-11 10:30:57.943===
股票：601969多头向上判断-转自动参数：
	分组名称：2
	走势名称：多头向上
	结果：未满足，返回code：0
===2021-08-11 10:30:57.943===
满足所有条件，可以触发


===============================================

==============2021-08-11 10:31:16==============
===6开始执行条件2021-08-11 10:31:16.194===
===开始判断价格条件2021-08-11 10:31:16.194===
===开始判断额外/转自动条件2021-08-11 10:31:16.335===
===2021-08-11 10:31:16.380===
股票：601969指定时间段判断-额外参数：
	分组名称：1
	走势名称：时间段
		条件成立(当前时间：2021-08-11 10:31:16.194,条件时段：09:30:00-13:00:00)
	结果：达到要求
===2021-08-11 10:31:16.433===
===2021-08-11 10:31:16.498===
股票：601969多头向上判断-转自动参数：
	分组名称：2
	走势名称：多头向上
	结果：未满足，返回code：0
===2021-08-11 10:31:16.498===
满足所有条件，可以触发


===============================================

==============2021-08-11 10:31:22==============
===6开始执行条件2021-08-11 10:31:22.594===
===开始判断价格条件2021-08-11 10:31:22.594===
===开始判断额外/转自动条件2021-08-11 10:31:22.638===
===2021-08-11 10:31:22.669===
股票：601969指定时间段判断-额外参数：
	分组名称：1
	走势名称：时间段
		条件成立(当前时间：2021-08-11 10:31:22.594,条件时段：09:30:00-13:00:00)
	结果：达到要求
===2021-08-11 10:31:22.711===
===2021-08-11 10:31:22.827===
股票：601969多头向上判断-转自动参数：
	分组名称：2
	走势名称：多头向上
	结果：未满足，返回code：0
===2021-08-11 10:31:22.827===
满足所有条件，可以触发


===============================================

==============2021-08-11 10:31:31==============
===6开始执行条件2021-08-11 10:31:30.267===
===开始判断价格条件2021-08-11 10:31:30.267===
===开始判断额外/转自动条件2021-08-11 10:31:30.418===
===2021-08-11 10:31:30.522===
股票：601969指定时间段判断-额外参数：
	分组名称：1
	走势名称：时间段
		条件成立(当前时间：2021-08-11 10:31:30.267,条件时段：09:30:00-13:00:00)
	结果：达到要求
===2021-08-11 10:31:30.952===
===2021-08-11 10:31:31.471===
股票：601969多头向上判断-转自动参数：
	分组名称：2
	走势名称：多头向上
	结果：未满足，返回code：0
===2021-08-11 10:31:31.471===
满足所有条件，可以触发


===============================================

==============2021-08-11 10:31:40==============
===6开始执行条件2021-08-11 10:31:39.211===
===开始判断价格条件2021-08-11 10:31:39.211===
===开始判断额外/转自动条件2021-08-11 10:31:39.602===
===2021-08-11 10:31:39.910===
股票：601969指定时间段判断-额外参数：
	分组名称：1
	走势名称：时间段
		条件成立(当前时间：2021-08-11 10:31:39.211,条件时段：09:30:00-13:00:00)
	结果：达到要求
===2021-08-11 10:31:40.312===
===2021-08-11 10:31:40.968===
股票：601969多头向上判断-转自动参数：
	分组名称：2
	走势名称：多头向上
	结果：未满足，返回code：0
===2021-08-11 10:31:40.969===
满足所有条件，可以触发


===============================================

==============2021-08-11 10:31:59==============
===6开始执行条件2021-08-11 10:31:56.739===
===开始判断价格条件2021-08-11 10:31:56.739===
===开始判断额外/转自动条件2021-08-11 10:31:57.291===
===2021-08-11 10:31:57.591===
股票：601969指定时间段判断-额外参数：
	分组名称：1
	走势名称：时间段
		条件成立(当前时间：2021-08-11 10:31:56.739,条件时段：09:30:00-13:00:00)
	结果：达到要求
===2021-08-11 10:31:57.666===
===2021-08-11 10:31:59.035===
股票：601969多头向上判断-转自动参数：
	分组名称：2
	走势名称：多头向上
	结果：未满足，返回code：0
===2021-08-11 10:31:59.035===
满足所有条件，可以触发


===============================================

==============2021-08-11 10:32:18==============
===6开始执行条件2021-08-11 10:32:14.311===
===开始判断价格条件2021-08-11 10:32:14.311===
===开始判断额外/转自动条件2021-08-11 10:32:15.403===
===2021-08-11 10:32:16.211===
股票：601969指定时间段判断-额外参数：
	分组名称：1
	走势名称：时间段
		条件成立(当前时间：2021-08-11 10:32:14.311,条件时段：09:30:00-13:00:00)
	结果：达到要求
===2021-08-11 10:32:16.693===
===2021-08-11 10:32:18.386===
股票：601969多头向上判断-转自动参数：
	分组名称：2
	走势名称：多头向上
	结果：未满足，返回code：0
===2021-08-11 10:32:18.386===
满足所有条件，可以触发


===============================================

==============2021-08-11 10:32:44==============
===6开始执行条件2021-08-11 10:32:43.110===
===开始判断价格条件2021-08-11 10:32:43.110===
===开始判断额外/转自动条件2021-08-11 10:32:43.480===
===2021-08-11 10:32:43.842===
股票：601969指定时间段判断-额外参数：
	分组名称：1
	走势名称：时间段
		条件成立(当前时间：2021-08-11 10:32:43.110,条件时段：09:30:00-13:00:00)
	结果：达到要求
===2021-08-11 10:32:43.928===
===2021-08-11 10:32:44.259===
股票：601969多头向上判断-转自动参数：
	分组名称：2
	走势名称：多头向上
	结果：未满足，返回code：0
===2021-08-11 10:32:44.259===
满足所有条件，可以触发


===============================================

==============2021-08-11 10:32:57==============
===6开始执行条件2021-08-11 10:32:56.505===
===开始判断价格条件2021-08-11 10:32:56.505===
===开始判断额外/转自动条件2021-08-11 10:32:56.660===
===2021-08-11 10:32:56.790===
股票：601969指定时间段判断-额外参数：
	分组名称：1
	走势名称：时间段
		条件成立(当前时间：2021-08-11 10:32:56.505,条件时段：09:30:00-13:00:00)
	结果：达到要求
===2021-08-11 10:32:56.866===
===2021-08-11 10:32:57.019===
股票：601969多头向上判断-转自动参数：
	分组名称：2
	走势名称：多头向上
	结果：未满足，返回code：0
===2021-08-11 10:32:57.019===
满足所有条件，可以触发


===============================================

==============2021-08-11 10:33:05==============
===6开始执行条件2021-08-11 10:33:04.838===
===开始判断价格条件2021-08-11 10:33:04.838===
===开始判断额外/转自动条件2021-08-11 10:33:04.896===
===2021-08-11 10:33:04.961===
股票：601969指定时间段判断-额外参数：
	分组名称：1
	走势名称：时间段
		条件成立(当前时间：2021-08-11 10:33:04.838,条件时段：09:30:00-13:00:00)
	结果：达到要求
===2021-08-11 10:33:05.027===
===2021-08-11 10:33:05.165===
股票：601969多头向上判断-转自动参数：
	分组名称：2
	走势名称：多头向上
	结果：未满足，返回code：0
===2021-08-11 10:33:05.165===
满足所有条件，可以触发


===============================================

==============2021-08-11 10:33:16==============
===6开始执行条件2021-08-11 10:33:15.330===
===开始判断价格条件2021-08-11 10:33:15.330===
===开始判断额外/转自动条件2021-08-11 10:33:15.565===
===2021-08-11 10:33:15.677===
股票：601969指定时间段判断-额外参数：
	分组名称：1
	走势名称：时间段
		条件成立(当前时间：2021-08-11 10:33:15.329,条件时段：09:30:00-13:00:00)
	结果：达到要求
===2021-08-11 10:33:15.932===
===2021-08-11 10:33:16.343===
股票：601969多头向上判断-转自动参数：
	分组名称：2
	走势名称：多头向上
	结果：未满足，返回code：0
===2021-08-11 10:33:16.343===
满足所有条件，可以触发


===============================================

==============2021-08-11 10:33:27==============
===6开始执行条件2021-08-11 10:33:22.659===
===开始判断价格条件2021-08-11 10:33:22.659===
===开始判断额外/转自动条件2021-08-11 10:33:22.809===
===2021-08-11 10:33:24.371===
股票：601969指定时间段判断-额外参数：
	分组名称：1
	走势名称：时间段
		条件成立(当前时间：2021-08-11 10:33:22.658,条件时段：09:30:00-13:00:00)
	结果：达到要求
===2021-08-11 10:33:25.772===
===2021-08-11 10:33:27.465===
股票：601969多头向上判断-转自动参数：
	分组名称：2
	走势名称：多头向上
	结果：未满足，返回code：0
===2021-08-11 10:33:27.465===
满足所有条件，可以触发


===============================================

==============2021-08-11 10:34:57==============
===6开始执行条件2021-08-11 10:34:57.105===
===开始判断价格条件2021-08-11 10:34:57.105===
===开始判断额外/转自动条件2021-08-11 10:34:57.341===
===2021-08-11 10:34:57.460===
股票：601969指定时间段判断-额外参数：
	分组名称：1
	走势名称：时间段
		条件成立(当前时间：2021-08-11 10:34:57.104,条件时段：09:30:00-13:00:00)
	结果：达到要求
===2021-08-11 10:34:57.603===
===2021-08-11 10:34:57.921===
股票：601969多头向上判断-转自动参数：
	分组名称：2
	走势名称：多头向上
	结果：未满足，返回code：0
===2021-08-11 10:34:57.921===
满足所有条件，可以触发


===============================================

==============2021-08-11 10:35:06==============
===6开始执行条件2021-08-11 10:35:05.482===
===开始判断价格条件2021-08-11 10:35:05.482===
===开始判断额外/转自动条件2021-08-11 10:35:05.826===
===2021-08-11 10:35:05.883===
股票：601969指定时间段判断-额外参数：
	分组名称：1
	走势名称：时间段
		条件成立(当前时间：2021-08-11 10:35:05.481,条件时段：09:30:00-13:00:00)
	结果：达到要求
===2021-08-11 10:35:05.983===
===2021-08-11 10:35:06.187===
股票：601969多头向上判断-转自动参数：
	分组名称：2
	走势名称：多头向上
	结果：未满足，返回code：0
===2021-08-11 10:35:06.187===
满足所有条件，可以触发


===============================================

==============2021-08-11 10:35:17==============
===6开始执行条件2021-08-11 10:35:16.136===
===开始判断价格条件2021-08-11 10:35:16.136===
===开始判断额外/转自动条件2021-08-11 10:35:16.416===
===2021-08-11 10:35:16.702===
股票：601969指定时间段判断-额外参数：
	分组名称：1
	走势名称：时间段
		条件成立(当前时间：2021-08-11 10:35:16.135,条件时段：09:30:00-13:00:00)
	结果：达到要求
===2021-08-11 10:35:16.787===
===2021-08-11 10:35:17.068===
股票：601969多头向上判断-转自动参数：
	分组名称：2
	走势名称：多头向上
	结果：未满足，返回code：0
===2021-08-11 10:35:17.068===
满足所有条件，可以触发


===============================================

==============2021-08-11 10:35:30==============
===6开始执行条件2021-08-11 10:35:28.868===
===开始判断价格条件2021-08-11 10:35:28.868===
===开始判断额外/转自动条件2021-08-11 10:35:29.133===
===2021-08-11 10:35:29.324===
股票：601969指定时间段判断-额外参数：
	分组名称：1
	走势名称：时间段
		条件成立(当前时间：2021-08-11 10:35:28.868,条件时段：09:30:00-13:00:00)
	结果：达到要求
===2021-08-11 10:35:29.623===
===2021-08-11 10:35:30.156===
股票：601969多头向上判断-转自动参数：
	分组名称：2
	走势名称：多头向上
	结果：未满足，返回code：0
===2021-08-11 10:35:30.156===
满足所有条件，可以触发


===============================================

==============2021-08-11 10:36:08==============
===6开始执行条件2021-08-11 10:35:54.241===
===开始判断价格条件2021-08-11 10:35:54.241===
===开始判断额外/转自动条件2021-08-11 10:35:54.821===
===2021-08-11 10:35:56.951===
股票：601969指定时间段判断-额外参数：
	分组名称：1
	走势名称：时间段
		条件成立(当前时间：2021-08-11 10:35:54.173,条件时段：09:30:00-13:00:00)
	结果：达到要求
===2021-08-11 10:35:59.359===
===2021-08-11 10:36:08.040===
股票：601969多头向上判断-转自动参数：
	分组名称：2
	走势名称：多头向上
	结果：未满足，返回code：0
===2021-08-11 10:36:08.040===
满足所有条件，可以触发


===============================================

==============2021-08-11 10:36:25==============
===6开始执行条件2021-08-11 10:36:23.541===
===开始判断价格条件2021-08-11 10:36:23.541===
===开始判断额外/转自动条件2021-08-11 10:36:24.052===
===2021-08-11 10:36:24.463===
股票：601969指定时间段判断-额外参数：
	分组名称：1
	走势名称：时间段
		条件成立(当前时间：2021-08-11 10:36:23.540,条件时段：09:30:00-13:00:00)
	结果：达到要求
===2021-08-11 10:36:24.775===
===2021-08-11 10:36:25.241===
股票：601969多头向上判断-转自动参数：
	分组名称：2
	走势名称：多头向上
	结果：未满足，返回code：0
===2021-08-11 10:36:25.241===
满足所有条件，可以触发


===============================================

==============2021-08-11 10:37:02==============
===6开始执行条件2021-08-11 10:36:59.867===
===开始判断价格条件2021-08-11 10:36:59.867===
===开始判断额外/转自动条件2021-08-11 10:37:00.580===
===2021-08-11 10:37:01.152===
股票：601969指定时间段判断-额外参数：
	分组名称：1
	走势名称：时间段
		条件成立(当前时间：2021-08-11 10:36:59.867,条件时段：09:30:00-13:00:00)
	结果：达到要求
===2021-08-11 10:37:01.695===
===2021-08-11 10:37:02.446===
股票：601969多头向上判断-转自动参数：
	分组名称：2
	走势名称：多头向上
	结果：未满足，返回code：0
===2021-08-11 10:37:02.446===
满足所有条件，可以触发


===============================================

