==============2021-08-06 14:25:59==============
===6开始执行条件2021-08-06 14:25:58.833===
===开始判断价格条件2021-08-06 14:25:58.833===
===开始判断额外/转自动条件2021-08-06 14:25:59.031===
===2021-08-06 14:25:59.213===
股票：601969指定时间段判断-额外参数：
	分组名称：1
	走势名称：时间段
		条件不成立(当前时间：2021-08-06 14:25:58.832,条件时段：09:30:00-13:00:00)
	结果：未满足
===2021-08-06 14:25:59.213===
===2021-08-06 14:25:59.251===
股票：601969板块涨跌幅判断-额外参数：
	分组名称：1
	走势名称：发
		条件不成立(不符合板块涨跌幅条件)
	结果：未满足，返回code：-1
===2021-08-06 14:25:59.641===
额外条件未满足


===============================================

==============2021-08-06 14:26:44==============
===6开始执行条件2021-08-06 14:26:41.036===
===开始判断价格条件2021-08-06 14:26:41.036===
===开始判断额外/转自动条件2021-08-06 14:26:41.505===
===2021-08-06 14:26:42.133===
股票：601969指定时间段判断-额外参数：
	分组名称：1
	走势名称：时间段
		条件不成立(当前时间：2021-08-06 14:26:41.036,条件时段：09:30:00-13:00:00)
	结果：未满足
===2021-08-06 14:26:42.133===
===2021-08-06 14:26:42.563===
股票：601969板块涨跌幅判断-额外参数：
	分组名称：1
	走势名称：发
		条件不成立(不符合板块涨跌幅条件)
	结果：未满足，返回code：-1
===2021-08-06 14:26:44.375===
额外条件未满足


===============================================

==============2021-08-06 14:26:57==============
===6开始执行条件2021-08-06 14:26:54.277===
===开始判断价格条件2021-08-06 14:26:54.277===
===开始判断额外/转自动条件2021-08-06 14:26:54.626===
===2021-08-06 14:26:55.248===
股票：601969指定时间段判断-额外参数：
	分组名称：1
	走势名称：时间段
		条件不成立(当前时间：2021-08-06 14:26:54.277,条件时段：09:30:00-13:00:00)
	结果：未满足
===2021-08-06 14:26:55.248===
===2021-08-06 14:26:55.397===
股票：601969板块涨跌幅判断-额外参数：
	分组名称：1
	走势名称：发
		条件不成立(不符合板块涨跌幅条件)
	结果：未满足，返回code：-1
===2021-08-06 14:26:57.506===
额外条件未满足


===============================================

==============2021-08-06 14:29:20==============
===6开始执行条件2021-08-06 14:29:18.840===
===开始判断价格条件2021-08-06 14:29:18.840===
===开始判断额外/转自动条件2021-08-06 14:29:18.953===
===2021-08-06 14:29:19.016===
股票：601969指定时间段判断-额外参数：
	分组名称：1
	走势名称：时间段
		条件不成立(当前时间：2021-08-06 14:29:18.839,条件时段：09:30:00-13:00:00)
	结果：未满足
===2021-08-06 14:29:19.016===
===2021-08-06 14:29:19.061===
股票：601969板块涨跌幅判断-额外参数：
	分组名称：1
	走势名称：发
		条件不成立(不符合板块涨跌幅条件)
	结果：未满足，返回code：-1
===2021-08-06 14:29:20.418===
额外条件未满足


===============================================

==============2021-08-06 14:41:21==============
===6开始执行条件2021-08-06 14:41:19.722===
===开始判断价格条件2021-08-06 14:41:19.722===
===开始判断额外/转自动条件2021-08-06 14:41:20.237===
===2021-08-06 14:41:20.513===
股票：601969指定时间段判断-额外参数：
	分组名称：1
	走势名称：时间段
		条件不成立(当前时间：2021-08-06 14:41:19.721,条件时段：09:30:00-13:00:00)
	结果：未满足
===2021-08-06 14:41:20.513===
===2021-08-06 14:41:20.890===
股票：601969板块涨跌幅判断-额外参数：
	分组名称：1
	走势名称：发
		条件不成立(不符合板块涨跌幅条件)
	结果：未满足，返回code：-1
===2021-08-06 14:41:21.441===
额外条件未满足


===============================================

==============2021-08-06 14:42:50==============
===6开始执行条件2021-08-06 14:42:37.344===
===开始判断价格条件2021-08-06 14:42:37.344===
===开始判断额外/转自动条件2021-08-06 14:42:38.357===
===2021-08-06 14:42:39.904===
股票：601969指定时间段判断-额外参数：
	分组名称：1
	走势名称：时间段
		条件不成立(当前时间：2021-08-06 14:42:37.344,条件时段：09:30:00-13:00:00)
	结果：未满足
===2021-08-06 14:42:39.904===
===2021-08-06 14:42:40.151===
股票：601969板块涨跌幅判断-额外参数：
	分组名称：1
	走势名称：发
		条件不成立(不符合板块涨跌幅条件)
	结果：未满足，返回code：-1
===2021-08-06 14:42:50.025===
额外条件未满足


===============================================

==============2021-08-06 14:43:16==============
===6开始执行条件2021-08-06 14:43:13.640===
===开始判断价格条件2021-08-06 14:43:13.640===
===开始判断额外/转自动条件2021-08-06 14:43:13.939===
===2021-08-06 14:43:13.987===
股票：601969指定时间段判断-额外参数：
	分组名称：1
	走势名称：时间段
		条件不成立(当前时间：2021-08-06 14:43:13.640,条件时段：09:30:00-13:00:00)
	结果：未满足
===2021-08-06 14:43:13.987===
===2021-08-06 14:43:14.914===
股票：601969板块涨跌幅判断-额外参数：
	分组名称：1
	走势名称：发
		条件不成立(不符合板块涨跌幅条件)
	结果：未满足，返回code：-1
===2021-08-06 14:43:16.313===
额外条件未满足


===============================================

==============2021-08-06 15:12:50==============
===6开始执行条件2021-08-06 15:12:48.462===
===开始判断价格条件2021-08-06 15:12:48.462===
===开始判断额外/转自动条件2021-08-06 15:12:48.821===
===2021-08-06 15:12:49.830===
股票：601969指定时间段判断-额外参数：
	分组名称：1
	走势名称：时间段
		条件不成立(当前时间：2021-08-06 15:12:48.446,条件时段：09:30:00-13:00:00)
	结果：未满足
===2021-08-06 15:12:49.830===
===2021-08-06 15:12:49.876===
股票：601969板块涨跌幅判断-额外参数：
	分组名称：1
	走势名称：发
		条件不成立(不符合板块涨跌幅条件)
	结果：未满足，返回code：-1
===2021-08-06 15:12:50.259===
额外条件未满足


===============================================

==============2021-08-06 15:14:09==============
===6开始执行条件2021-08-06 15:14:07.561===
===开始判断价格条件2021-08-06 15:14:07.561===
===开始判断额外/转自动条件2021-08-06 15:14:07.629===
===2021-08-06 15:14:07.867===
股票：601969指定时间段判断-额外参数：
	分组名称：1
	走势名称：时间段
		条件不成立(当前时间：2021-08-06 15:14:07.560,条件时段：09:30:00-13:00:00)
	结果：未满足
===2021-08-06 15:14:07.867===
===2021-08-06 15:14:08.837===
股票：601969板块涨跌幅判断-额外参数：
	分组名称：1
	走势名称：发
		条件不成立(不符合板块涨跌幅条件)
	结果：未满足，返回code：-1
===2021-08-06 15:14:09.163===
额外条件未满足


===============================================

==============2021-08-06 15:28:37==============
===6开始执行条件2021-08-06 15:28:33.914===
===开始判断价格条件2021-08-06 15:28:33.914===
===开始判断额外/转自动条件2021-08-06 15:28:34.491===
===2021-08-06 15:28:34.756===
股票：601969指定时间段判断-额外参数：
	分组名称：1
	走势名称：时间段
		条件不成立(当前时间：2021-08-06 15:28:33.914,条件时段：09:30:00-13:00:00)
	结果：未满足
===2021-08-06 15:28:34.756===
===2021-08-06 15:28:34.941===
股票：601969板块涨跌幅判断-额外参数：
	分组名称：1
	走势名称：发
		条件不成立(不符合板块涨跌幅条件)
	结果：未满足，返回code：-1
===2021-08-06 15:28:37.812===
额外条件未满足


===============================================

==============2021-08-06 15:28:55==============
===6开始执行条件2021-08-06 15:28:52.213===
===开始判断价格条件2021-08-06 15:28:52.213===
===开始判断额外/转自动条件2021-08-06 15:28:52.879===
===2021-08-06 15:28:53.399===
股票：601969指定时间段判断-额外参数：
	分组名称：1
	走势名称：时间段
		条件不成立(当前时间：2021-08-06 15:28:52.213,条件时段：09:30:00-13:00:00)
	结果：未满足
===2021-08-06 15:28:53.399===
===2021-08-06 15:28:53.548===
股票：601969板块涨跌幅判断-额外参数：
	分组名称：1
	走势名称：发
		条件不成立(不符合板块涨跌幅条件)
	结果：未满足，返回code：-1
===2021-08-06 15:28:55.157===
额外条件未满足


===============================================

==============2021-08-06 15:30:03==============
===6开始执行条件2021-08-06 15:30:02.633===
===开始判断价格条件2021-08-06 15:30:02.633===
===开始判断额外/转自动条件2021-08-06 15:30:02.895===
===2021-08-06 15:30:02.987===
股票：601969指定时间段判断-额外参数：
	分组名称：1
	走势名称：时间段
		条件不成立(当前时间：2021-08-06 15:30:02.633,条件时段：09:30:00-13:00:00)
	结果：未满足
===2021-08-06 15:30:02.987===
===2021-08-06 15:30:03.072===
股票：601969板块涨跌幅判断-额外参数：
	分组名称：1
	走势名称：发
		条件不成立(不符合板块涨跌幅条件)
	结果：未满足，返回code：-1
===2021-08-06 15:30:03.447===
额外条件未满足


===============================================

==============2021-08-06 15:30:23==============
===6开始执行条件2021-08-06 15:30:19.686===
===开始判断价格条件2021-08-06 15:30:19.686===
===开始判断额外/转自动条件2021-08-06 15:30:20.707===
===2021-08-06 15:30:20.979===
股票：601969指定时间段判断-额外参数：
	分组名称：1
	走势名称：时间段
		条件不成立(当前时间：2021-08-06 15:30:19.685,条件时段：09:30:00-13:00:00)
	结果：未满足
===2021-08-06 15:30:20.979===
===2021-08-06 15:30:21.142===
股票：601969板块涨跌幅判断-额外参数：
	分组名称：1
	走势名称：发
		条件不成立(不符合板块涨跌幅条件)
	结果：未满足，返回code：-1
===2021-08-06 15:30:23.394===
额外条件未满足


===============================================

==============2021-08-06 15:30:41==============
===6开始执行条件2021-08-06 15:30:40.706===
===开始判断价格条件2021-08-06 15:30:40.706===
===开始判断额外/转自动条件2021-08-06 15:30:41.098===
===2021-08-06 15:30:41.135===
股票：601969指定时间段判断-额外参数：
	分组名称：1
	走势名称：时间段
		条件不成立(当前时间：2021-08-06 15:30:40.706,条件时段：09:30:00-13:00:00)
	结果：未满足
===2021-08-06 15:30:41.135===
===2021-08-06 15:30:41.152===
股票：601969板块涨跌幅判断-额外参数：
	分组名称：1
	走势名称：发
		条件不成立(不符合板块涨跌幅条件)
	结果：未满足，返回code：-1
===2021-08-06 15:30:41.325===
额外条件未满足


===============================================

==============2021-08-06 15:31:02==============
===6开始执行条件2021-08-06 15:30:58.908===
===开始判断价格条件2021-08-06 15:30:58.908===
===开始判断额外/转自动条件2021-08-06 15:30:59.917===
===2021-08-06 15:31:00.337===
股票：601969指定时间段判断-额外参数：
	分组名称：1
	走势名称：时间段
		条件不成立(当前时间：2021-08-06 15:30:58.908,条件时段：09:30:00-13:00:00)
	结果：未满足
===2021-08-06 15:31:00.337===
===2021-08-06 15:31:00.501===
股票：601969板块涨跌幅判断-额外参数：
	分组名称：1
	走势名称：发
		条件不成立(不符合板块涨跌幅条件)
	结果：未满足，返回code：-1
===2021-08-06 15:31:02.223===
额外条件未满足


===============================================

==============2021-08-06 15:31:17==============
===6开始执行条件2021-08-06 15:31:16.876===
===开始判断价格条件2021-08-06 15:31:16.876===
===开始判断额外/转自动条件2021-08-06 15:31:16.947===
===2021-08-06 15:31:17.005===
股票：601969指定时间段判断-额外参数：
	分组名称：1
	走势名称：时间段
		条件不成立(当前时间：2021-08-06 15:31:16.876,条件时段：09:30:00-13:00:00)
	结果：未满足
===2021-08-06 15:31:17.005===
===2021-08-06 15:31:17.029===
股票：601969板块涨跌幅判断-额外参数：
	分组名称：1
	走势名称：发
		条件不成立(不符合板块涨跌幅条件)
	结果：未满足，返回code：-1
===2021-08-06 15:31:17.498===
额外条件未满足


===============================================

==============2021-08-06 15:31:40==============
===6开始执行条件2021-08-06 15:31:35.166===
===开始判断价格条件2021-08-06 15:31:35.166===
===开始判断额外/转自动条件2021-08-06 15:31:35.968===
===2021-08-06 15:31:36.411===
股票：601969指定时间段判断-额外参数：
	分组名称：1
	走势名称：时间段
		条件不成立(当前时间：2021-08-06 15:31:35.166,条件时段：09:30:00-13:00:00)
	结果：未满足
===2021-08-06 15:31:36.411===
===2021-08-06 15:31:36.990===
股票：601969板块涨跌幅判断-额外参数：
	分组名称：1
	走势名称：发
		条件不成立(不符合板块涨跌幅条件)
	结果：未满足，返回code：-1
===2021-08-06 15:31:40.281===
额外条件未满足


===============================================

==============2021-08-06 15:31:58==============
===6开始执行条件2021-08-06 15:31:54.872===
===开始判断价格条件2021-08-06 15:31:54.872===
===开始判断额外/转自动条件2021-08-06 15:31:56.231===
===2021-08-06 15:31:56.691===
股票：601969指定时间段判断-额外参数：
	分组名称：1
	走势名称：时间段
		条件不成立(当前时间：2021-08-06 15:31:54.872,条件时段：09:30:00-13:00:00)
	结果：未满足
===2021-08-06 15:31:56.691===
===2021-08-06 15:31:56.891===
股票：601969板块涨跌幅判断-额外参数：
	分组名称：1
	走势名称：发
		条件不成立(不符合板块涨跌幅条件)
	结果：未满足，返回code：-1
===2021-08-06 15:31:58.538===
额外条件未满足


===============================================

==============2021-08-06 15:32:42==============
===6开始执行条件2021-08-06 15:32:41.791===
===开始判断价格条件2021-08-06 15:32:41.791===
===开始判断额外/转自动条件2021-08-06 15:32:41.871===
===2021-08-06 15:32:41.939===
股票：601969指定时间段判断-额外参数：
	分组名称：1
	走势名称：时间段
		条件不成立(当前时间：2021-08-06 15:32:41.791,条件时段：09:30:00-13:00:00)
	结果：未满足
===2021-08-06 15:32:41.939===
===2021-08-06 15:32:41.973===
股票：601969板块涨跌幅判断-额外参数：
	分组名称：1
	走势名称：发
		条件不成立(不符合板块涨跌幅条件)
	结果：未满足，返回code：-1
===2021-08-06 15:32:42.362===
额外条件未满足


===============================================

==============2021-08-06 15:38:16==============
===6开始执行条件2021-08-06 15:38:13.781===
===开始判断价格条件2021-08-06 15:38:13.781===
===开始判断额外/转自动条件2021-08-06 15:38:14.075===
===2021-08-06 15:38:14.362===
股票：601969指定时间段判断-额外参数：
	分组名称：1
	走势名称：时间段
		条件不成立(当前时间：2021-08-06 15:38:13.781,条件时段：09:30:00-13:00:00)
	结果：未满足
===2021-08-06 15:38:14.362===
===2021-08-06 15:38:14.503===
股票：601969板块涨跌幅判断-额外参数：
	分组名称：1
	走势名称：发
		条件不成立(不符合板块涨跌幅条件)
	结果：未满足，返回code：-1
===2021-08-06 15:38:16.193===
额外条件未满足


===============================================

==============2021-08-06 15:38:36==============
===6开始执行条件2021-08-06 15:38:34.003===
===开始判断价格条件2021-08-06 15:38:34.003===
===开始判断额外/转自动条件2021-08-06 15:38:34.378===
===2021-08-06 15:38:35.062===
股票：601969指定时间段判断-额外参数：
	分组名称：1
	走势名称：时间段
		条件不成立(当前时间：2021-08-06 15:38:34.003,条件时段：09:30:00-13:00:00)
	结果：未满足
===2021-08-06 15:38:35.062===
===2021-08-06 15:38:36.054===
股票：601969板块涨跌幅判断-额外参数：
	分组名称：1
	走势名称：发
		条件不成立(不符合板块涨跌幅条件)
	结果：未满足，返回code：-1
===2021-08-06 15:38:36.851===
额外条件未满足


===============================================

