==============2021-08-10 17:41:08==============
===6开始执行条件2021-08-10 17:41:06.590===
===开始判断价格条件2021-08-10 17:41:06.590===
===开始判断额外/转自动条件2021-08-10 17:41:06.902===
===2021-08-10 17:41:06.963===
股票：601969指定时间段判断-额外参数：
	分组名称：1
	走势名称：时间段
		条件不成立(当前时间：2021-08-10 17:41:06.590,条件时段：09:30:00-13:00:00)
	结果：未满足
===2021-08-10 17:41:06.963===
===2021-08-10 17:41:07.048===
股票：601969板块涨跌幅判断-额外参数：
	分组名称：1
	走势名称：发
		条件不成立(不符合板块涨跌幅条件)
	结果：未满足，返回code：-1
===2021-08-10 17:41:08.110===
额外条件未满足


===============================================

==============2021-08-10 17:41:18==============
===6开始执行条件2021-08-10 17:41:17.751===
===开始判断价格条件2021-08-10 17:41:17.751===
===开始判断额外/转自动条件2021-08-10 17:41:17.931===
===2021-08-10 17:41:18.359===
股票：601969指定时间段判断-额外参数：
	分组名称：1
	走势名称：时间段
		条件不成立(当前时间：2021-08-10 17:41:17.750,条件时段：09:30:00-13:00:00)
	结果：未满足
===2021-08-10 17:41:18.359===
===2021-08-10 17:41:18.426===
股票：601969板块涨跌幅判断-额外参数：
	分组名称：1
	走势名称：发
		条件不成立(不符合板块涨跌幅条件)
	结果：未满足，返回code：-1
===2021-08-10 17:41:18.860===
额外条件未满足


===============================================

==============2021-08-10 17:42:00==============
===6开始执行条件2021-08-10 17:41:54.252===
===开始判断价格条件2021-08-10 17:41:54.252===
===开始判断额外/转自动条件2021-08-10 17:41:54.840===
===2021-08-10 17:41:55.641===
股票：601969指定时间段判断-额外参数：
	分组名称：1
	走势名称：时间段
		条件不成立(当前时间：2021-08-10 17:41:54.252,条件时段：09:30:00-13:00:00)
	结果：未满足
===2021-08-10 17:41:55.641===
===2021-08-10 17:41:56.118===
股票：601969板块涨跌幅判断-额外参数：
	分组名称：1
	走势名称：发
		条件不成立(不符合板块涨跌幅条件)
	结果：未满足，返回code：-1
===2021-08-10 17:42:00.934===
额外条件未满足


===============================================

==============2021-08-10 17:42:19==============
===6开始执行条件2021-08-10 17:42:13.238===
===开始判断价格条件2021-08-10 17:42:13.238===
===开始判断额外/转自动条件2021-08-10 17:42:14.429===
===2021-08-10 17:42:16.084===
股票：601969指定时间段判断-额外参数：
	分组名称：1
	走势名称：时间段
		条件不成立(当前时间：2021-08-10 17:42:13.237,条件时段：09:30:00-13:00:00)
	结果：未满足
===2021-08-10 17:42:16.084===
===2021-08-10 17:42:16.412===
股票：601969板块涨跌幅判断-额外参数：
	分组名称：1
	走势名称：发
		条件不成立(不符合板块涨跌幅条件)
	结果：未满足，返回code：-1
===2021-08-10 17:42:19.495===
额外条件未满足


===============================================

==============2021-08-10 17:44:09==============
===6开始执行条件2021-08-10 17:44:07.965===
===开始判断价格条件2021-08-10 17:44:07.966===
===开始判断额外/转自动条件2021-08-10 17:44:08.523===
===2021-08-10 17:44:08.673===
股票：601969指定时间段判断-额外参数：
	分组名称：1
	走势名称：时间段
		条件不成立(当前时间：2021-08-10 17:44:07.965,条件时段：09:30:00-13:00:00)
	结果：未满足
===2021-08-10 17:44:08.673===
===2021-08-10 17:44:08.731===
股票：601969板块涨跌幅判断-额外参数：
	分组名称：1
	走势名称：发
		条件不成立(不符合板块涨跌幅条件)
	结果：未满足，返回code：-1
===2021-08-10 17:44:09.124===
额外条件未满足


===============================================

==============2021-08-10 17:47:38==============
===6开始执行条件2021-08-10 17:47:34.326===
===开始判断价格条件2021-08-10 17:47:34.326===
===开始判断额外/转自动条件2021-08-10 17:47:35.057===
===2021-08-10 17:47:35.628===
股票：601969指定时间段判断-额外参数：
	分组名称：1
	走势名称：时间段
		条件不成立(当前时间：2021-08-10 17:47:34.326,条件时段：09:30:00-13:00:00)
	结果：未满足
===2021-08-10 17:47:35.628===
===2021-08-10 17:47:35.787===
股票：601969板块涨跌幅判断-额外参数：
	分组名称：1
	走势名称：发
		条件不成立(不符合板块涨跌幅条件)
	结果：未满足，返回code：-1
===2021-08-10 17:47:38.047===
额外条件未满足


===============================================

==============2021-08-10 17:47:53==============
===6开始执行条件2021-08-10 17:47:50.593===
===开始判断价格条件2021-08-10 17:47:50.593===
===开始判断额外/转自动条件2021-08-10 17:47:51.213===
===2021-08-10 17:47:51.544===
股票：601969指定时间段判断-额外参数：
	分组名称：1
	走势名称：时间段
		条件不成立(当前时间：2021-08-10 17:47:50.593,条件时段：09:30:00-13:00:00)
	结果：未满足
===2021-08-10 17:47:51.544===
===2021-08-10 17:47:51.697===
股票：601969板块涨跌幅判断-额外参数：
	分组名称：1
	走势名称：发
		条件不成立(不符合板块涨跌幅条件)
	结果：未满足，返回code：-1
===2021-08-10 17:47:53.815===
额外条件未满足


===============================================

==============2021-08-10 17:49:04==============
===6开始执行条件2021-08-10 17:49:03.099===
===开始判断价格条件2021-08-10 17:49:03.099===
===开始判断额外/转自动条件2021-08-10 17:49:03.316===
===2021-08-10 17:49:03.387===
股票：601969指定时间段判断-额外参数：
	分组名称：1
	走势名称：时间段
		条件不成立(当前时间：2021-08-10 17:49:03.082,条件时段：09:30:00-13:00:00)
	结果：未满足
===2021-08-10 17:49:03.387===
===2021-08-10 17:49:03.439===
股票：601969板块涨跌幅判断-额外参数：
	分组名称：1
	走势名称：发
		条件不成立(不符合板块涨跌幅条件)
	结果：未满足，返回code：-1
===2021-08-10 17:49:04.162===
额外条件未满足


===============================================

==============2021-08-10 17:49:22==============
===6开始执行条件2021-08-10 17:49:19.185===
===开始判断价格条件2021-08-10 17:49:19.185===
===开始判断额外/转自动条件2021-08-10 17:49:20.229===
===2021-08-10 17:49:20.593===
股票：601969指定时间段判断-额外参数：
	分组名称：1
	走势名称：时间段
		条件不成立(当前时间：2021-08-10 17:49:19.185,条件时段：09:30:00-13:00:00)
	结果：未满足
===2021-08-10 17:49:20.593===
===2021-08-10 17:49:20.714===
股票：601969板块涨跌幅判断-额外参数：
	分组名称：1
	走势名称：发
		条件不成立(不符合板块涨跌幅条件)
	结果：未满足，返回code：-1
===2021-08-10 17:49:22.989===
额外条件未满足


===============================================

==============2021-08-10 17:50:02==============
===6开始执行条件2021-08-10 17:49:55.773===
===开始判断价格条件2021-08-10 17:49:55.773===
===开始判断额外/转自动条件2021-08-10 17:49:56.496===
===2021-08-10 17:49:57.493===
股票：601969指定时间段判断-额外参数：
	分组名称：1
	走势名称：时间段
		条件不成立(当前时间：2021-08-10 17:49:55.765,条件时段：09:30:00-13:00:00)
	结果：未满足
===2021-08-10 17:49:57.493===
===2021-08-10 17:49:58.032===
股票：601969板块涨跌幅判断-额外参数：
	分组名称：1
	走势名称：发
		条件不成立(不符合板块涨跌幅条件)
	结果：未满足，返回code：-1
===2021-08-10 17:50:02.557===
额外条件未满足


===============================================

==============2021-08-10 17:50:12==============
===6开始执行条件2021-08-10 17:50:10.968===
===开始判断价格条件2021-08-10 17:50:10.968===
===开始判断额外/转自动条件2021-08-10 17:50:11.138===
===2021-08-10 17:50:11.276===
股票：601969指定时间段判断-额外参数：
	分组名称：1
	走势名称：时间段
		条件不成立(当前时间：2021-08-10 17:50:10.968,条件时段：09:30:00-13:00:00)
	结果：未满足
===2021-08-10 17:50:11.276===
===2021-08-10 17:50:11.607===
股票：601969板块涨跌幅判断-额外参数：
	分组名称：1
	走势名称：发
		条件不成立(不符合板块涨跌幅条件)
	结果：未满足，返回code：-1
===2021-08-10 17:50:12.475===
额外条件未满足


===============================================

==============2021-08-10 17:50:50==============
===6开始执行条件2021-08-10 17:50:45.634===
===开始判断价格条件2021-08-10 17:50:45.634===
===开始判断额外/转自动条件2021-08-10 17:50:46.451===
===2021-08-10 17:50:46.950===
股票：601969指定时间段判断-额外参数：
	分组名称：1
	走势名称：时间段
		条件不成立(当前时间：2021-08-10 17:50:45.631,条件时段：09:30:00-13:00:00)
	结果：未满足
===2021-08-10 17:50:46.950===
===2021-08-10 17:50:47.118===
股票：601969板块涨跌幅判断-额外参数：
	分组名称：1
	走势名称：发
		条件不成立(不符合板块涨跌幅条件)
	结果：未满足，返回code：-1
===2021-08-10 17:50:50.243===
额外条件未满足


===============================================

==============2021-08-10 17:51:24==============
===6开始执行条件2021-08-10 17:51:18.300===
===开始判断价格条件2021-08-10 17:51:18.300===
===开始判断额外/转自动条件2021-08-10 17:51:20.480===
===2021-08-10 17:51:22.017===
股票：601969指定时间段判断-额外参数：
	分组名称：1
	走势名称：时间段
		条件不成立(当前时间：2021-08-10 17:51:18.300,条件时段：09:30:00-13:00:00)
	结果：未满足
===2021-08-10 17:51:22.017===
===2021-08-10 17:51:22.771===
股票：601969板块涨跌幅判断-额外参数：
	分组名称：1
	走势名称：发
		条件不成立(不符合板块涨跌幅条件)
	结果：未满足，返回code：-1
===2021-08-10 17:51:24.882===
额外条件未满足


===============================================

==============2021-08-10 17:52:12==============
===6开始执行条件2021-08-10 17:52:06.702===
===开始判断价格条件2021-08-10 17:52:06.702===
===开始判断额外/转自动条件2021-08-10 17:52:07.910===
===2021-08-10 17:52:09.304===
股票：601969指定时间段判断-额外参数：
	分组名称：1
	走势名称：时间段
		条件不成立(当前时间：2021-08-10 17:52:06.702,条件时段：09:30:00-13:00:00)
	结果：未满足
===2021-08-10 17:52:09.304===
===2021-08-10 17:52:09.441===
股票：601969板块涨跌幅判断-额外参数：
	分组名称：1
	走势名称：发
		条件不成立(不符合板块涨跌幅条件)
	结果：未满足，返回code：-1
===2021-08-10 17:52:12.569===
额外条件未满足


===============================================

==============2021-08-10 17:52:28==============
===6开始执行条件2021-08-10 17:52:22.599===
===开始判断价格条件2021-08-10 17:52:22.599===
===开始判断额外/转自动条件2021-08-10 17:52:23.457===
===2021-08-10 17:52:23.822===
股票：601969指定时间段判断-额外参数：
	分组名称：1
	走势名称：时间段
		条件不成立(当前时间：2021-08-10 17:52:22.599,条件时段：09:30:00-13:00:00)
	结果：未满足
===2021-08-10 17:52:23.822===
===2021-08-10 17:52:23.980===
股票：601969板块涨跌幅判断-额外参数：
	分组名称：1
	走势名称：发
		条件不成立(不符合板块涨跌幅条件)
	结果：未满足，返回code：-1
===2021-08-10 17:52:28.427===
额外条件未满足


===============================================

==============2021-08-10 17:52:48==============
===6开始执行条件2021-08-10 17:52:44.114===
===开始判断价格条件2021-08-10 17:52:44.114===
===开始判断额外/转自动条件2021-08-10 17:52:46.204===
===2021-08-10 17:52:46.504===
股票：601969指定时间段判断-额外参数：
	分组名称：1
	走势名称：时间段
		条件不成立(当前时间：2021-08-10 17:52:44.113,条件时段：09:30:00-13:00:00)
	结果：未满足
===2021-08-10 17:52:46.504===
===2021-08-10 17:52:46.712===
股票：601969板块涨跌幅判断-额外参数：
	分组名称：1
	走势名称：发
		条件不成立(不符合板块涨跌幅条件)
	结果：未满足，返回code：-1
===2021-08-10 17:52:48.177===
额外条件未满足


===============================================

==============2021-08-10 17:53:03==============
===6开始执行条件2021-08-10 17:52:59.407===
===开始判断价格条件2021-08-10 17:52:59.407===
===开始判断额外/转自动条件2021-08-10 17:53:00.440===
===2021-08-10 17:53:00.700===
股票：601969指定时间段判断-额外参数：
	分组名称：1
	走势名称：时间段
		条件不成立(当前时间：2021-08-10 17:52:59.407,条件时段：09:30:00-13:00:00)
	结果：未满足
===2021-08-10 17:53:00.701===
===2021-08-10 17:53:00.807===
股票：601969板块涨跌幅判断-额外参数：
	分组名称：1
	走势名称：发
		条件不成立(不符合板块涨跌幅条件)
	结果：未满足，返回code：-1
===2021-08-10 17:53:03.084===
额外条件未满足


===============================================

==============2021-08-10 17:53:15==============
===6开始执行条件2021-08-10 17:53:13.919===
===开始判断价格条件2021-08-10 17:53:13.919===
===开始判断额外/转自动条件2021-08-10 17:53:14.028===
===2021-08-10 17:53:14.143===
股票：601969指定时间段判断-额外参数：
	分组名称：1
	走势名称：时间段
		条件不成立(当前时间：2021-08-10 17:53:13.910,条件时段：09:30:00-13:00:00)
	结果：未满足
===2021-08-10 17:53:14.143===
===2021-08-10 17:53:14.177===
股票：601969板块涨跌幅判断-额外参数：
	分组名称：1
	走势名称：发
		条件不成立(不符合板块涨跌幅条件)
	结果：未满足，返回code：-1
===2021-08-10 17:53:15.421===
额外条件未满足


===============================================

==============2021-08-10 17:53:33==============
===6开始执行条件2021-08-10 17:53:31.288===
===开始判断价格条件2021-08-10 17:53:31.288===
===开始判断额外/转自动条件2021-08-10 17:53:31.602===
===2021-08-10 17:53:31.825===
股票：601969指定时间段判断-额外参数：
	分组名称：1
	走势名称：时间段
		条件不成立(当前时间：2021-08-10 17:53:31.288,条件时段：09:30:00-13:00:00)
	结果：未满足
===2021-08-10 17:53:31.825===
===2021-08-10 17:53:31.886===
股票：601969板块涨跌幅判断-额外参数：
	分组名称：1
	走势名称：发
		条件不成立(不符合板块涨跌幅条件)
	结果：未满足，返回code：-1
===2021-08-10 17:53:33.243===
额外条件未满足


===============================================

==============2021-08-10 17:53:47==============
===6开始执行条件2021-08-10 17:53:43.531===
===开始判断价格条件2021-08-10 17:53:43.531===
===开始判断额外/转自动条件2021-08-10 17:53:44.336===
===2021-08-10 17:53:45.005===
股票：601969指定时间段判断-额外参数：
	分组名称：1
	走势名称：时间段
		条件不成立(当前时间：2021-08-10 17:53:43.530,条件时段：09:30:00-13:00:00)
	结果：未满足
===2021-08-10 17:53:45.005===
===2021-08-10 17:53:45.239===
股票：601969板块涨跌幅判断-额外参数：
	分组名称：1
	走势名称：发
		条件不成立(不符合板块涨跌幅条件)
	结果：未满足，返回code：-1
===2021-08-10 17:53:47.070===
额外条件未满足


===============================================

==============2021-08-10 17:54:02==============
===6开始执行条件2021-08-10 17:54:01.226===
===开始判断价格条件2021-08-10 17:54:01.226===
===开始判断额外/转自动条件2021-08-10 17:54:01.353===
===2021-08-10 17:54:01.653===
股票：601969指定时间段判断-额外参数：
	分组名称：1
	走势名称：时间段
		条件不成立(当前时间：2021-08-10 17:54:01.226,条件时段：09:30:00-13:00:00)
	结果：未满足
===2021-08-10 17:54:01.653===
===2021-08-10 17:54:01.738===
股票：601969板块涨跌幅判断-额外参数：
	分组名称：1
	走势名称：发
		条件不成立(不符合板块涨跌幅条件)
	结果：未满足，返回code：-1
===2021-08-10 17:54:02.291===
额外条件未满足


===============================================

==============2021-08-10 17:54:18==============
===6开始执行条件2021-08-10 17:54:17.164===
===开始判断价格条件2021-08-10 17:54:17.164===
===开始判断额外/转自动条件2021-08-10 17:54:17.569===
===2021-08-10 17:54:17.814===
股票：601969指定时间段判断-额外参数：
	分组名称：1
	走势名称：时间段
		条件不成立(当前时间：2021-08-10 17:54:17.164,条件时段：09:30:00-13:00:00)
	结果：未满足
===2021-08-10 17:54:17.814===
===2021-08-10 17:54:17.839===
股票：601969板块涨跌幅判断-额外参数：
	分组名称：1
	走势名称：发
		条件不成立(不符合板块涨跌幅条件)
	结果：未满足，返回code：-1
===2021-08-10 17:54:18.617===
额外条件未满足


===============================================

