==============2021-08-09 10:08:54==============
===6开始执行条件2021-08-09 10:08:52.183===
===开始判断价格条件2021-08-09 10:08:52.183===
===开始判断额外/转自动条件2021-08-09 10:08:52.715===
===2021-08-09 10:08:53.139===
股票：601969指定时间段判断-额外参数：
	分组名称：1
	走势名称：时间段
		条件成立(当前时间：2021-08-09 10:08:52.182,条件时段：09:30:00-13:00:00)
	结果：达到要求
===2021-08-09 10:08:53.632===
===2021-08-09 10:08:54.552===
股票：601969多头向上判断-转自动参数：
	分组名称：2
	走势名称：多头向上
	结果：未满足，返回code：0
===2021-08-09 10:08:54.552===
满足所有条件，可以触发


===============================================

==============2021-08-09 10:10:40==============
===6开始执行条件2021-08-09 10:10:37.654===
===开始判断价格条件2021-08-09 10:10:37.654===
===开始判断额外/转自动条件2021-08-09 10:10:38.450===
===2021-08-09 10:10:39.058===
股票：601969指定时间段判断-额外参数：
	分组名称：1
	走势名称：时间段
		条件成立(当前时间：2021-08-09 10:10:37.654,条件时段：09:30:00-13:00:00)
	结果：达到要求
===2021-08-09 10:10:39.657===
===2021-08-09 10:10:40.307===
股票：601969多头向上判断-转自动参数：
	分组名称：2
	走势名称：多头向上
	结果：未满足，返回code：0
===2021-08-09 10:10:40.307===
满足所有条件，可以触发


===============================================

==============2021-08-09 10:10:55==============
===6开始执行条件2021-08-09 10:10:52.653===
===开始判断价格条件2021-08-09 10:10:52.653===
===开始判断额外/转自动条件2021-08-09 10:10:53.077===
===2021-08-09 10:10:53.802===
股票：601969指定时间段判断-额外参数：
	分组名称：1
	走势名称：时间段
		条件成立(当前时间：2021-08-09 10:10:52.653,条件时段：09:30:00-13:00:00)
	结果：达到要求
===2021-08-09 10:10:54.181===
===2021-08-09 10:10:55.169===
股票：601969多头向上判断-转自动参数：
	分组名称：2
	走势名称：多头向上
	结果：未满足，返回code：0
===2021-08-09 10:10:55.169===
满足所有条件，可以触发


===============================================

==============2021-08-09 10:11:06==============
===6开始执行条件2021-08-09 10:11:05.036===
===开始判断价格条件2021-08-09 10:11:05.036===
===开始判断额外/转自动条件2021-08-09 10:11:05.294===
===2021-08-09 10:11:05.423===
股票：601969指定时间段判断-额外参数：
	分组名称：1
	走势名称：时间段
		条件成立(当前时间：2021-08-09 10:11:05.035,条件时段：09:30:00-13:00:00)
	结果：达到要求
===2021-08-09 10:11:05.830===
===2021-08-09 10:11:06.009===
股票：601969多头向上判断-转自动参数：
	分组名称：2
	走势名称：多头向上
	结果：未满足，返回code：0
===2021-08-09 10:11:06.009===
满足所有条件，可以触发


===============================================

==============2021-08-09 10:11:23==============
===6开始执行条件2021-08-09 10:11:20.518===
===开始判断价格条件2021-08-09 10:11:20.518===
===开始判断额外/转自动条件2021-08-09 10:11:21.561===
===2021-08-09 10:11:22.344===
股票：601969指定时间段判断-额外参数：
	分组名称：1
	走势名称：时间段
		条件成立(当前时间：2021-08-09 10:11:20.518,条件时段：09:30:00-13:00:00)
	结果：达到要求
===2021-08-09 10:11:22.691===
===2021-08-09 10:11:23.594===
股票：601969多头向上判断-转自动参数：
	分组名称：2
	走势名称：多头向上
	结果：未满足，返回code：0
===2021-08-09 10:11:23.594===
满足所有条件，可以触发


===============================================

==============2021-08-09 11:02:42==============
===6开始执行条件2021-08-09 11:02:41.858===
===开始判断价格条件2021-08-09 11:02:41.858===
===开始判断额外/转自动条件2021-08-09 11:02:42.033===
===2021-08-09 11:02:42.159===
股票：601969指定时间段判断-额外参数：
	分组名称：1
	走势名称：时间段
		条件成立(当前时间：2021-08-09 11:02:41.858,条件时段：09:30:00-13:00:00)
	结果：达到要求
===2021-08-09 11:02:42.349===
===2021-08-09 11:02:42.508===
股票：601969多头向上判断-转自动参数：
	分组名称：2
	走势名称：多头向上
	结果：未满足，返回code：0
===2021-08-09 11:02:42.508===
满足所有条件，可以触发


===============================================

==============2021-08-09 11:03:15==============
===6开始执行条件2021-08-09 11:03:14.809===
===开始判断价格条件2021-08-09 11:03:14.809===
===开始判断额外/转自动条件2021-08-09 11:03:14.953===
===2021-08-09 11:03:15.087===
股票：601969指定时间段判断-额外参数：
	分组名称：1
	走势名称：时间段
		条件成立(当前时间：2021-08-09 11:03:14.802,条件时段：09:30:00-13:00:00)
	结果：达到要求
===2021-08-09 11:03:15.298===
===2021-08-09 11:03:15.779===
股票：601969多头向上判断-转自动参数：
	分组名称：2
	走势名称：多头向上
	结果：未满足，返回code：0
===2021-08-09 11:03:15.779===
满足所有条件，可以触发


===============================================

==============2021-08-09 11:03:30==============
===6开始执行条件2021-08-09 11:03:29.493===
===开始判断价格条件2021-08-09 11:03:29.493===
===开始判断额外/转自动条件2021-08-09 11:03:29.580===
===2021-08-09 11:03:29.621===
股票：601969指定时间段判断-额外参数：
	分组名称：1
	走势名称：时间段
		条件成立(当前时间：2021-08-09 11:03:29.493,条件时段：09:30:00-13:00:00)
	结果：达到要求
===2021-08-09 11:03:29.690===
===2021-08-09 11:03:30.273===
股票：601969多头向上判断-转自动参数：
	分组名称：2
	走势名称：多头向上
	结果：未满足，返回code：0
===2021-08-09 11:03:30.273===
满足所有条件，可以触发


===============================================

==============2021-08-09 11:03:54==============
===6开始执行条件2021-08-09 11:03:53.165===
===开始判断价格条件2021-08-09 11:03:53.165===
===开始判断额外/转自动条件2021-08-09 11:03:53.534===
===2021-08-09 11:03:53.826===
股票：601969指定时间段判断-额外参数：
	分组名称：1
	走势名称：时间段
		条件成立(当前时间：2021-08-09 11:03:53.164,条件时段：09:30:00-13:00:00)
	结果：达到要求
===2021-08-09 11:03:54.131===
===2021-08-09 11:03:54.483===
股票：601969多头向上判断-转自动参数：
	分组名称：2
	走势名称：多头向上
	结果：未满足，返回code：0
===2021-08-09 11:03:54.483===
满足所有条件，可以触发


===============================================

