==============2021-06-02 10:23:44==============
===开始判断价格条件2021-06-02 10:23:44.420===
===开始判断额外/转自动条件2021-06-02 10:23:44.869===
满足所有条件，可以触发


===============================================

==============2021-06-02 10:24:43==============
===开始判断价格条件2021-06-02 10:24:42.955===
===开始判断额外/转自动条件2021-06-02 10:24:43.235===
满足所有条件，可以触发


===============================================

==============2021-06-02 10:28:23==============
===开始判断价格条件2021-06-02 10:28:23.544===
===开始判断额外/转自动条件2021-06-02 10:28:23.655===
满足所有条件，可以触发


===============================================

==============2021-06-02 10:28:55==============
===开始判断价格条件2021-06-02 10:28:55.839===
===开始判断额外/转自动条件2021-06-02 10:28:55.942===
满足所有条件，可以触发


===============================================

==============2021-06-02 10:30:05==============
===开始判断价格条件2021-06-02 10:30:04.925===
===开始判断额外/转自动条件2021-06-02 10:30:05.184===
满足所有条件，可以触发


===============================================

==============2021-06-02 10:31:01==============
===开始判断价格条件2021-06-02 10:31:00.938===
===开始判断额外/转自动条件2021-06-02 10:31:01.038===
满足所有条件，可以触发


===============================================

==============2021-06-02 10:33:03==============
===开始判断价格条件2021-06-02 10:33:03.090===
===开始判断额外/转自动条件2021-06-02 10:33:03.194===
满足所有条件，可以触发


===============================================

==============2021-06-02 10:34:05==============
===开始判断价格条件2021-06-02 10:34:04.445===
===开始判断额外/转自动条件2021-06-02 10:34:05.166===
满足所有条件，可以触发


===============================================

==============2021-06-02 10:34:59==============
===开始判断价格条件2021-06-02 10:34:59.591===
===开始判断额外/转自动条件2021-06-02 10:34:59.706===
满足所有条件，可以触发


===============================================

==============2021-06-02 10:36:25==============
===开始判断价格条件2021-06-02 10:36:25.523===
===开始判断额外/转自动条件2021-06-02 10:36:25.628===
满足所有条件，可以触发


===============================================

