==============2021-08-11 10:28:37==============
===6开始执行条件2021-08-11 10:28:36.348===
===开始判断价格条件2021-08-11 10:28:36.348===
===开始判断额外/转自动条件2021-08-11 10:28:36.650===
===2021-08-11 10:28:36.792===
股票：300010指定时间段判断-额外参数：
	分组名称：1
	走势名称：时间段
		条件成立(当前时间：2021-08-11 10:28:36.348,条件时段：09:30:00-13:00:00)
	结果：达到要求
===2021-08-11 10:28:36.992===
===2021-08-11 10:28:37.986===
股票：300010多头向上判断-转自动参数：
	分组名称：2
	走势名称：多头向上
	结果：未满足，返回code：0
===2021-08-11 10:28:37.986===
满足所有条件，可以触发


===============================================

==============2021-08-11 10:28:52==============
===6开始执行条件2021-08-11 10:28:52.177===
===开始判断价格条件2021-08-11 10:28:52.177===
===开始判断额外/转自动条件2021-08-11 10:28:52.354===
===2021-08-11 10:28:52.410===
股票：300010指定时间段判断-额外参数：
	分组名称：1
	走势名称：时间段
		条件成立(当前时间：2021-08-11 10:28:52.176,条件时段：09:30:00-13:00:00)
	结果：达到要求
===2021-08-11 10:28:52.464===
===2021-08-11 10:28:52.523===
股票：300010多头向上判断-转自动参数：
	分组名称：2
	走势名称：多头向上
	结果：未满足，返回code：0
===2021-08-11 10:28:52.523===
满足所有条件，可以触发


===============================================

==============2021-08-11 10:29:46==============
===6开始执行条件2021-08-11 10:29:45.247===
===开始判断价格条件2021-08-11 10:29:45.247===
===开始判断额外/转自动条件2021-08-11 10:29:45.497===
===2021-08-11 10:29:45.739===
股票：300010指定时间段判断-额外参数：
	分组名称：1
	走势名称：时间段
		条件成立(当前时间：2021-08-11 10:29:45.247,条件时段：09:30:00-13:00:00)
	结果：达到要求
===2021-08-11 10:29:45.830===
===2021-08-11 10:29:46.118===
股票：300010多头向上判断-转自动参数：
	分组名称：2
	走势名称：多头向上
	结果：未满足，返回code：0
===2021-08-11 10:29:46.118===
满足所有条件，可以触发


===============================================

==============2021-08-11 10:29:58==============
===6开始执行条件2021-08-11 10:29:56.706===
===开始判断价格条件2021-08-11 10:29:56.706===
===开始判断额外/转自动条件2021-08-11 10:29:57.423===
===2021-08-11 10:29:57.787===
股票：300010指定时间段判断-额外参数：
	分组名称：1
	走势名称：时间段
		条件成立(当前时间：2021-08-11 10:29:56.705,条件时段：09:30:00-13:00:00)
	结果：达到要求
===2021-08-11 10:29:58.227===
===2021-08-11 10:29:58.931===
股票：300010多头向上判断-转自动参数：
	分组名称：2
	走势名称：多头向上
	结果：未满足，返回code：0
===2021-08-11 10:29:58.931===
满足所有条件，可以触发


===============================================

==============2021-08-11 10:30:09==============
===6开始执行条件2021-08-11 10:30:08.406===
===开始判断价格条件2021-08-11 10:30:08.406===
===开始判断额外/转自动条件2021-08-11 10:30:08.592===
===2021-08-11 10:30:08.892===
股票：300010指定时间段判断-额外参数：
	分组名称：1
	走势名称：时间段
		条件成立(当前时间：2021-08-11 10:30:08.405,条件时段：09:30:00-13:00:00)
	结果：达到要求
===2021-08-11 10:30:08.985===
===2021-08-11 10:30:09.105===
股票：300010多头向上判断-转自动参数：
	分组名称：2
	走势名称：多头向上
	结果：未满足，返回code：0
===2021-08-11 10:30:09.105===
满足所有条件，可以触发


===============================================

==============2021-08-11 10:30:16==============
===6开始执行条件2021-08-11 10:30:15.626===
===开始判断价格条件2021-08-11 10:30:15.626===
===开始判断额外/转自动条件2021-08-11 10:30:15.723===
===2021-08-11 10:30:15.839===
股票：300010指定时间段判断-额外参数：
	分组名称：1
	走势名称：时间段
		条件成立(当前时间：2021-08-11 10:30:15.613,条件时段：09:30:00-13:00:00)
	结果：达到要求
===2021-08-11 10:30:15.962===
===2021-08-11 10:30:16.139===
股票：300010多头向上判断-转自动参数：
	分组名称：2
	走势名称：多头向上
	结果：未满足，返回code：0
===2021-08-11 10:30:16.139===
满足所有条件，可以触发


===============================================

==============2021-08-11 10:30:31==============
===6开始执行条件2021-08-11 10:30:31.523===
===开始判断价格条件2021-08-11 10:30:31.523===
===开始判断额外/转自动条件2021-08-11 10:30:31.684===
===2021-08-11 10:30:31.746===
股票：300010指定时间段判断-额外参数：
	分组名称：1
	走势名称：时间段
		条件成立(当前时间：2021-08-11 10:30:31.522,条件时段：09:30:00-13:00:00)
	结果：达到要求
===2021-08-11 10:30:31.794===
===2021-08-11 10:30:31.854===
股票：300010多头向上判断-转自动参数：
	分组名称：2
	走势名称：多头向上
	结果：未满足，返回code：0
===2021-08-11 10:30:31.854===
满足所有条件，可以触发


===============================================

==============2021-08-11 10:30:43==============
===6开始执行条件2021-08-11 10:30:42.903===
===开始判断价格条件2021-08-11 10:30:42.903===
===开始判断额外/转自动条件2021-08-11 10:30:42.970===
===2021-08-11 10:30:43.012===
股票：300010指定时间段判断-额外参数：
	分组名称：1
	走势名称：时间段
		条件成立(当前时间：2021-08-11 10:30:42.903,条件时段：09:30:00-13:00:00)
	结果：达到要求
===2021-08-11 10:30:43.055===
===2021-08-11 10:30:43.538===
股票：300010多头向上判断-转自动参数：
	分组名称：2
	走势名称：多头向上
	结果：未满足，返回code：0
===2021-08-11 10:30:43.539===
满足所有条件，可以触发


===============================================

==============2021-08-11 10:31:00==============
===6开始执行条件2021-08-11 10:30:59.503===
===开始判断价格条件2021-08-11 10:30:59.504===
===开始判断额外/转自动条件2021-08-11 10:30:59.622===
===2021-08-11 10:30:59.678===
股票：300010指定时间段判断-额外参数：
	分组名称：1
	走势名称：时间段
		条件成立(当前时间：2021-08-11 10:30:59.503,条件时段：09:30:00-13:00:00)
	结果：达到要求
===2021-08-11 10:30:59.733===
===2021-08-11 10:31:00.148===
股票：300010多头向上判断-转自动参数：
	分组名称：2
	走势名称：多头向上
	结果：未满足，返回code：0
===2021-08-11 10:31:00.148===
满足所有条件，可以触发


===============================================

==============2021-08-11 10:31:18==============
===6开始执行条件2021-08-11 10:31:18.108===
===开始判断价格条件2021-08-11 10:31:18.109===
===开始判断额外/转自动条件2021-08-11 10:31:18.289===
===2021-08-11 10:31:18.371===
股票：300010指定时间段判断-额外参数：
	分组名称：1
	走势名称：时间段
		条件成立(当前时间：2021-08-11 10:31:18.108,条件时段：09:30:00-13:00:00)
	结果：达到要求
===2021-08-11 10:31:18.441===
===2021-08-11 10:31:18.720===
股票：300010多头向上判断-转自动参数：
	分组名称：2
	走势名称：多头向上
	结果：未满足，返回code：0
===2021-08-11 10:31:18.720===
满足所有条件，可以触发


===============================================

==============2021-08-11 10:31:25==============
===6开始执行条件2021-08-11 10:31:24.276===
===开始判断价格条件2021-08-11 10:31:24.276===
===开始判断额外/转自动条件2021-08-11 10:31:24.387===
===2021-08-11 10:31:24.491===
股票：300010指定时间段判断-额外参数：
	分组名称：1
	走势名称：时间段
		条件成立(当前时间：2021-08-11 10:31:24.275,条件时段：09:30:00-13:00:00)
	结果：达到要求
===2021-08-11 10:31:24.548===
===2021-08-11 10:31:25.197===
股票：300010多头向上判断-转自动参数：
	分组名称：2
	走势名称：多头向上
	结果：未满足，返回code：0
===2021-08-11 10:31:25.197===
满足所有条件，可以触发


===============================================

==============2021-08-11 10:31:32==============
===6开始执行条件2021-08-11 10:31:31.961===
===开始判断价格条件2021-08-11 10:31:31.961===
===开始判断额外/转自动条件2021-08-11 10:31:32.124===
===2021-08-11 10:31:32.231===
股票：300010指定时间段判断-额外参数：
	分组名称：1
	走势名称：时间段
		条件成立(当前时间：2021-08-11 10:31:31.934,条件时段：09:30:00-13:00:00)
	结果：达到要求
===2021-08-11 10:31:32.361===
===2021-08-11 10:31:32.497===
股票：300010多头向上判断-转自动参数：
	分组名称：2
	走势名称：多头向上
	结果：未满足，返回code：0
===2021-08-11 10:31:32.497===
满足所有条件，可以触发


===============================================

==============2021-08-11 10:31:46==============
===6开始执行条件2021-08-11 10:31:43.098===
===开始判断价格条件2021-08-11 10:31:43.098===
===开始判断额外/转自动条件2021-08-11 10:31:44.437===
===2021-08-11 10:31:44.796===
股票：300010指定时间段判断-额外参数：
	分组名称：1
	走势名称：时间段
		条件成立(当前时间：2021-08-11 10:31:43.097,条件时段：09:30:00-13:00:00)
	结果：达到要求
===2021-08-11 10:31:45.272===
===2021-08-11 10:31:46.192===
股票：300010多头向上判断-转自动参数：
	分组名称：2
	走势名称：多头向上
	结果：未满足，返回code：0
===2021-08-11 10:31:46.192===
满足所有条件，可以触发


===============================================

==============2021-08-11 10:32:05==============
===6开始执行条件2021-08-11 10:31:59.668===
===开始判断价格条件2021-08-11 10:31:59.668===
===开始判断额外/转自动条件2021-08-11 10:32:00.160===
===2021-08-11 10:32:00.857===
股票：300010指定时间段判断-额外参数：
	分组名称：1
	走势名称：时间段
		条件成立(当前时间：2021-08-11 10:31:59.667,条件时段：09:30:00-13:00:00)
	结果：达到要求
===2021-08-11 10:32:02.635===
===2021-08-11 10:32:05.810===
股票：300010多头向上判断-转自动参数：
	分组名称：2
	走势名称：多头向上
	结果：未满足，返回code：0
===2021-08-11 10:32:05.810===
满足所有条件，可以触发


===============================================

==============2021-08-11 10:32:19==============
===6开始执行条件2021-08-11 10:32:17.985===
===开始判断价格条件2021-08-11 10:32:17.985===
===开始判断额外/转自动条件2021-08-11 10:32:18.563===
===2021-08-11 10:32:18.885===
股票：300010指定时间段判断-额外参数：
	分组名称：1
	走势名称：时间段
		条件成立(当前时间：2021-08-11 10:32:17.985,条件时段：09:30:00-13:00:00)
	结果：达到要求
===2021-08-11 10:32:19.421===
===2021-08-11 10:32:19.967===
股票：300010多头向上判断-转自动参数：
	分组名称：2
	走势名称：多头向上
	结果：未满足，返回code：0
===2021-08-11 10:32:19.967===
满足所有条件，可以触发


===============================================

==============2021-08-11 10:32:45==============
===6开始执行条件2021-08-11 10:32:45.303===
===开始判断价格条件2021-08-11 10:32:45.303===
===开始判断额外/转自动条件2021-08-11 10:32:45.440===
===2021-08-11 10:32:45.534===
股票：300010指定时间段判断-额外参数：
	分组名称：1
	走势名称：时间段
		条件成立(当前时间：2021-08-11 10:32:45.303,条件时段：09:30:00-13:00:00)
	结果：达到要求
===2021-08-11 10:32:45.757===
===2021-08-11 10:32:45.894===
股票：300010多头向上判断-转自动参数：
	分组名称：2
	走势名称：多头向上
	结果：未满足，返回code：0
===2021-08-11 10:32:45.894===
满足所有条件，可以触发


===============================================

==============2021-08-11 10:32:58==============
===6开始执行条件2021-08-11 10:32:57.840===
===开始判断价格条件2021-08-11 10:32:57.840===
===开始判断额外/转自动条件2021-08-11 10:32:57.939===
===2021-08-11 10:32:58.008===
股票：300010指定时间段判断-额外参数：
	分组名称：1
	走势名称：时间段
		条件成立(当前时间：2021-08-11 10:32:57.840,条件时段：09:30:00-13:00:00)
	结果：达到要求
===2021-08-11 10:32:58.054===
===2021-08-11 10:32:58.154===
股票：300010多头向上判断-转自动参数：
	分组名称：2
	走势名称：多头向上
	结果：未满足，返回code：0
===2021-08-11 10:32:58.154===
满足所有条件，可以触发


===============================================

==============2021-08-11 10:33:07==============
===6开始执行条件2021-08-11 10:33:06.791===
===开始判断价格条件2021-08-11 10:33:06.791===
===开始判断额外/转自动条件2021-08-11 10:33:06.989===
===2021-08-11 10:33:07.072===
股票：300010指定时间段判断-额外参数：
	分组名称：1
	走势名称：时间段
		条件成立(当前时间：2021-08-11 10:33:06.791,条件时段：09:30:00-13:00:00)
	结果：达到要求
===2021-08-11 10:33:07.137===
===2021-08-11 10:33:07.217===
股票：300010多头向上判断-转自动参数：
	分组名称：2
	走势名称：多头向上
	结果：未满足，返回code：0
===2021-08-11 10:33:07.217===
满足所有条件，可以触发


===============================================

==============2021-08-11 10:33:17==============
===6开始执行条件2021-08-11 10:33:16.809===
===开始判断价格条件2021-08-11 10:33:16.809===
===开始判断额外/转自动条件2021-08-11 10:33:17.118===
===2021-08-11 10:33:17.425===
股票：300010指定时间段判断-额外参数：
	分组名称：1
	走势名称：时间段
		条件成立(当前时间：2021-08-11 10:33:16.809,条件时段：09:30:00-13:00:00)
	结果：达到要求
===2021-08-11 10:33:17.646===
===2021-08-11 10:33:17.976===
股票：300010多头向上判断-转自动参数：
	分组名称：2
	走势名称：多头向上
	结果：未满足，返回code：0
===2021-08-11 10:33:17.976===
满足所有条件，可以触发


===============================================

==============2021-08-11 10:33:27==============
===6开始执行条件2021-08-11 10:33:25.827===
===开始判断价格条件2021-08-11 10:33:25.827===
===开始判断额外/转自动条件2021-08-11 10:33:26.471===
===2021-08-11 10:33:27.033===
股票：300010指定时间段判断-额外参数：
	分组名称：1
	走势名称：时间段
		条件成立(当前时间：2021-08-11 10:33:25.827,条件时段：09:30:00-13:00:00)
	结果：达到要求
===2021-08-11 10:33:27.234===
===2021-08-11 10:33:27.666===
股票：300010多头向上判断-转自动参数：
	分组名称：2
	走势名称：多头向上
	结果：未满足，返回code：0
===2021-08-11 10:33:27.666===
满足所有条件，可以触发


===============================================

==============2021-08-11 10:34:59==============
===6开始执行条件2021-08-11 10:34:58.691===
===开始判断价格条件2021-08-11 10:34:58.691===
===开始判断额外/转自动条件2021-08-11 10:34:58.879===
===2021-08-11 10:34:59.004===
股票：300010指定时间段判断-额外参数：
	分组名称：1
	走势名称：时间段
		条件成立(当前时间：2021-08-11 10:34:58.688,条件时段：09:30:00-13:00:00)
	结果：达到要求
===2021-08-11 10:34:59.245===
===2021-08-11 10:34:59.495===
股票：300010多头向上判断-转自动参数：
	分组名称：2
	走势名称：多头向上
	结果：未满足，返回code：0
===2021-08-11 10:34:59.495===
满足所有条件，可以触发


===============================================

==============2021-08-11 10:35:08==============
===6开始执行条件2021-08-11 10:35:07.226===
===开始判断价格条件2021-08-11 10:35:07.226===
===开始判断额外/转自动条件2021-08-11 10:35:07.629===
===2021-08-11 10:35:07.705===
股票：300010指定时间段判断-额外参数：
	分组名称：1
	走势名称：时间段
		条件成立(当前时间：2021-08-11 10:35:07.194,条件时段：09:30:00-13:00:00)
	结果：达到要求
===2021-08-11 10:35:07.927===
===2021-08-11 10:35:08.132===
股票：300010多头向上判断-转自动参数：
	分组名称：2
	走势名称：多头向上
	结果：未满足，返回code：0
===2021-08-11 10:35:08.132===
满足所有条件，可以触发


===============================================

==============2021-08-11 10:35:19==============
===6开始执行条件2021-08-11 10:35:18.564===
===开始判断价格条件2021-08-11 10:35:18.564===
===开始判断额外/转自动条件2021-08-11 10:35:18.715===
===2021-08-11 10:35:18.784===
股票：300010指定时间段判断-额外参数：
	分组名称：1
	走势名称：时间段
		条件成立(当前时间：2021-08-11 10:35:18.563,条件时段：09:30:00-13:00:00)
	结果：达到要求
===2021-08-11 10:35:19.025===
===2021-08-11 10:35:19.850===
股票：300010多头向上判断-转自动参数：
	分组名称：2
	走势名称：多头向上
	结果：未满足，返回code：0
===2021-08-11 10:35:19.850===
满足所有条件，可以触发


===============================================

==============2021-08-11 10:35:32==============
===6开始执行条件2021-08-11 10:35:32.044===
===开始判断价格条件2021-08-11 10:35:32.044===
===开始判断额外/转自动条件2021-08-11 10:35:32.307===
===2021-08-11 10:35:32.506===
股票：300010指定时间段判断-额外参数：
	分组名称：1
	走势名称：时间段
		条件成立(当前时间：2021-08-11 10:35:32.044,条件时段：09:30:00-13:00:00)
	结果：达到要求
===2021-08-11 10:35:32.749===
===2021-08-11 10:35:32.993===
股票：300010多头向上判断-转自动参数：
	分组名称：2
	走势名称：多头向上
	结果：未满足，返回code：0
===2021-08-11 10:35:32.993===
满足所有条件，可以触发


===============================================

==============2021-08-11 10:36:31==============
===6开始执行条件2021-08-11 10:36:29.151===
===开始判断价格条件2021-08-11 10:36:29.151===
===开始判断额外/转自动条件2021-08-11 10:36:29.455===
===2021-08-11 10:36:29.728===
股票：300010指定时间段判断-额外参数：
	分组名称：1
	走势名称：时间段
		条件成立(当前时间：2021-08-11 10:36:29.151,条件时段：09:30:00-13:00:00)
	结果：达到要求
===2021-08-11 10:36:30.063===
===2021-08-11 10:36:31.159===
股票：300010多头向上判断-转自动参数：
	分组名称：2
	走势名称：多头向上
	结果：未满足，返回code：0
===2021-08-11 10:36:31.241===
满足所有条件，可以触发


===============================================

==============2021-08-11 10:37:06==============
===6开始执行条件2021-08-11 10:37:04.002===
===开始判断价格条件2021-08-11 10:37:04.002===
===开始判断额外/转自动条件2021-08-11 10:37:04.530===
===2021-08-11 10:37:05.552===
股票：300010指定时间段判断-额外参数：
	分组名称：1
	走势名称：时间段
		条件成立(当前时间：2021-08-11 10:37:04.002,条件时段：09:30:00-13:00:00)
	结果：达到要求
===2021-08-11 10:37:05.745===
===2021-08-11 10:37:06.354===
股票：300010多头向上判断-转自动参数：
	分组名称：2
	走势名称：多头向上
	结果：未满足，返回code：0
===2021-08-11 10:37:06.354===
满足所有条件，可以触发


===============================================

