==============2021-08-10 17:41:23==============
===6开始执行条件2021-08-10 17:41:21.830===
===开始判断价格条件2021-08-10 17:41:21.830===
===开始判断额外/转自动条件2021-08-10 17:41:22.105===
===2021-08-10 17:41:22.309===
股票：300010指定时间段判断-额外参数：
	分组名称：1
	走势名称：时间段
		条件不成立(当前时间：2021-08-10 17:41:21.824,条件时段：09:30:00-13:00:00)
	结果：未满足
===2021-08-10 17:41:22.309===
===2021-08-10 17:41:22.345===
股票：300010板块涨跌幅判断-额外参数：
	分组名称：1
	走势名称：发
		条件不成立(不符合板块涨跌幅条件)
	结果：未满足，返回code：-1
===2021-08-10 17:41:23.153===
额外条件未满足


===============================================

==============2021-08-10 17:44:14==============
===6开始执行条件2021-08-10 17:44:13.266===
===开始判断价格条件2021-08-10 17:44:13.266===
===开始判断额外/转自动条件2021-08-10 17:44:13.554===
===2021-08-10 17:44:13.729===
股票：300010指定时间段判断-额外参数：
	分组名称：1
	走势名称：时间段
		条件不成立(当前时间：2021-08-10 17:44:13.265,条件时段：09:30:00-13:00:00)
	结果：未满足
===2021-08-10 17:44:13.729===
===2021-08-10 17:44:13.752===
股票：300010板块涨跌幅判断-额外参数：
	分组名称：1
	走势名称：发
		条件不成立(不符合板块涨跌幅条件)
	结果：未满足，返回code：-1
===2021-08-10 17:44:14.148===
额外条件未满足


===============================================

==============2021-08-10 17:47:42==============
===6开始执行条件2021-08-10 17:47:39.760===
===开始判断价格条件2021-08-10 17:47:39.760===
===开始判断额外/转自动条件2021-08-10 17:47:40.143===
===2021-08-10 17:47:40.311===
股票：300010指定时间段判断-额外参数：
	分组名称：1
	走势名称：时间段
		条件不成立(当前时间：2021-08-10 17:47:39.760,条件时段：09:30:00-13:00:00)
	结果：未满足
===2021-08-10 17:47:40.311===
===2021-08-10 17:47:40.461===
股票：300010板块涨跌幅判断-额外参数：
	分组名称：1
	走势名称：发
		条件不成立(不符合板块涨跌幅条件)
	结果：未满足，返回code：-1
===2021-08-10 17:47:42.468===
额外条件未满足


===============================================

==============2021-08-10 17:49:07==============
===6开始执行条件2021-08-10 17:49:06.867===
===开始判断价格条件2021-08-10 17:49:06.867===
===开始判断额外/转自动条件2021-08-10 17:49:06.983===
===2021-08-10 17:49:07.170===
股票：300010指定时间段判断-额外参数：
	分组名称：1
	走势名称：时间段
		条件不成立(当前时间：2021-08-10 17:49:06.866,条件时段：09:30:00-13:00:00)
	结果：未满足
===2021-08-10 17:49:07.170===
===2021-08-10 17:49:07.582===
股票：300010板块涨跌幅判断-额外参数：
	分组名称：1
	走势名称：发
		条件不成立(不符合板块涨跌幅条件)
	结果：未满足，返回code：-1
===2021-08-10 17:49:07.894===
额外条件未满足


===============================================

==============2021-08-10 17:49:25==============
===6开始执行条件2021-08-10 17:49:23.477===
===开始判断价格条件2021-08-10 17:49:23.477===
===开始判断额外/转自动条件2021-08-10 17:49:24.180===
===2021-08-10 17:49:24.475===
股票：300010指定时间段判断-额外参数：
	分组名称：1
	走势名称：时间段
		条件不成立(当前时间：2021-08-10 17:49:23.477,条件时段：09:30:00-13:00:00)
	结果：未满足
===2021-08-10 17:49:24.475===
===2021-08-10 17:49:24.680===
股票：300010板块涨跌幅判断-额外参数：
	分组名称：1
	走势名称：发
		条件不成立(不符合板块涨跌幅条件)
	结果：未满足，返回code：-1
===2021-08-10 17:49:25.857===
额外条件未满足


===============================================

==============2021-08-10 17:49:46==============
===6开始执行条件2021-08-10 17:49:41.594===
===开始判断价格条件2021-08-10 17:49:41.594===
===开始判断额外/转自动条件2021-08-10 17:49:43.037===
===2021-08-10 17:49:44.927===
股票：300010指定时间段判断-额外参数：
	分组名称：1
	走势名称：时间段
		条件不成立(当前时间：2021-08-10 17:49:41.594,条件时段：09:30:00-13:00:00)
	结果：未满足
===2021-08-10 17:49:44.928===
===2021-08-10 17:49:45.048===
股票：300010板块涨跌幅判断-额外参数：
	分组名称：1
	走势名称：发
		条件不成立(不符合板块涨跌幅条件)
	结果：未满足，返回code：-1
===2021-08-10 17:49:46.422===
额外条件未满足


===============================================

==============2021-08-10 17:50:15==============
===6开始执行条件2021-08-10 17:50:14.394===
===开始判断价格条件2021-08-10 17:50:14.394===
===开始判断额外/转自动条件2021-08-10 17:50:14.524===
===2021-08-10 17:50:14.621===
股票：300010指定时间段判断-额外参数：
	分组名称：1
	走势名称：时间段
		条件不成立(当前时间：2021-08-10 17:50:14.394,条件时段：09:30:00-13:00:00)
	结果：未满足
===2021-08-10 17:50:14.621===
===2021-08-10 17:50:14.737===
股票：300010板块涨跌幅判断-额外参数：
	分组名称：1
	走势名称：发
		条件不成立(不符合板块涨跌幅条件)
	结果：未满足，返回code：-1
===2021-08-10 17:50:15.409===
额外条件未满足


===============================================

==============2021-08-10 17:53:20==============
===6开始执行条件2021-08-10 17:53:18.457===
===开始判断价格条件2021-08-10 17:53:18.457===
===开始判断额外/转自动条件2021-08-10 17:53:18.773===
===2021-08-10 17:53:19.139===
股票：300010指定时间段判断-额外参数：
	分组名称：1
	走势名称：时间段
		条件不成立(当前时间：2021-08-10 17:53:18.457,条件时段：09:30:00-13:00:00)
	结果：未满足
===2021-08-10 17:53:19.139===
===2021-08-10 17:53:19.251===
股票：300010板块涨跌幅判断-额外参数：
	分组名称：1
	走势名称：发
		条件不成立(不符合板块涨跌幅条件)
	结果：未满足，返回code：-1
===2021-08-10 17:53:20.268===
额外条件未满足


===============================================

==============2021-08-10 17:53:53==============
===6开始执行条件2021-08-10 17:53:49.649===
===开始判断价格条件2021-08-10 17:53:49.649===
===开始判断额外/转自动条件2021-08-10 17:53:50.071===
===2021-08-10 17:53:50.963===
股票：300010指定时间段判断-额外参数：
	分组名称：1
	走势名称：时间段
		条件不成立(当前时间：2021-08-10 17:53:49.649,条件时段：09:30:00-13:00:00)
	结果：未满足
===2021-08-10 17:53:50.963===
===2021-08-10 17:53:51.127===
股票：300010板块涨跌幅判断-额外参数：
	分组名称：1
	走势名称：发
		条件不成立(不符合板块涨跌幅条件)
	结果：未满足，返回code：-1
===2021-08-10 17:53:53.957===
额外条件未满足


===============================================

==============2021-08-10 17:54:06==============
===6开始执行条件2021-08-10 17:54:05.276===
===开始判断价格条件2021-08-10 17:54:05.276===
===开始判断额外/转自动条件2021-08-10 17:54:05.565===
===2021-08-10 17:54:05.824===
股票：300010指定时间段判断-额外参数：
	分组名称：1
	走势名称：时间段
		条件不成立(当前时间：2021-08-10 17:54:05.276,条件时段：09:30:00-13:00:00)
	结果：未满足
===2021-08-10 17:54:05.825===
===2021-08-10 17:54:05.891===
股票：300010板块涨跌幅判断-额外参数：
	分组名称：1
	走势名称：发
		条件不成立(不符合板块涨跌幅条件)
	结果：未满足，返回code：-1
===2021-08-10 17:54:06.291===
额外条件未满足


===============================================

==============2021-08-10 17:54:22==============
===6开始执行条件2021-08-10 17:54:21.185===
===开始判断价格条件2021-08-10 17:54:21.185===
===开始判断额外/转自动条件2021-08-10 17:54:21.369===
===2021-08-10 17:54:21.988===
股票：300010指定时间段判断-额外参数：
	分组名称：1
	走势名称：时间段
		条件不成立(当前时间：2021-08-10 17:54:21.185,条件时段：09:30:00-13:00:00)
	结果：未满足
===2021-08-10 17:54:21.988===
===2021-08-10 17:54:22.047===
股票：300010板块涨跌幅判断-额外参数：
	分组名称：1
	走势名称：发
		条件不成立(不符合板块涨跌幅条件)
	结果：未满足，返回code：-1
===2021-08-10 17:54:22.451===
额外条件未满足


===============================================

==============2021-08-10 17:54:42==============
===6开始执行条件2021-08-10 17:54:41.438===
===开始判断价格条件2021-08-10 17:54:41.438===
===开始判断额外/转自动条件2021-08-10 17:54:41.557===
===2021-08-10 17:54:41.626===
股票：300010指定时间段判断-额外参数：
	分组名称：1
	走势名称：时间段
		条件不成立(当前时间：2021-08-10 17:54:41.438,条件时段：09:30:00-13:00:00)
	结果：未满足
===2021-08-10 17:54:41.626===
===2021-08-10 17:54:41.682===
股票：300010板块涨跌幅判断-额外参数：
	分组名称：1
	走势名称：发
		条件不成立(不符合板块涨跌幅条件)
	结果：未满足，返回code：-1
===2021-08-10 17:54:42.181===
额外条件未满足


===============================================

