==============2021-05-26 15:46:40==============
===开始判断价格条件2021-05-26 15:46:27.132===
===开始判断额外/转自动条件2021-05-26 15:46:27.261===
===2021-05-26 15:46:27.340===
股票：300516按当前价格判断-额外参数：
	分组名称：测试
	走势名称：当前价格
	结果：未满足，返回code：-1
===2021-05-26 15:46:40.373===
额外条件未满足


===============================================

==============2021-05-26 15:47:17==============
===开始判断价格条件2021-05-26 15:46:41.726===
===开始判断额外/转自动条件2021-05-26 15:46:41.753===
===2021-05-26 15:46:41.810===
股票：300516按当前价格判断-额外参数：
	分组名称：测试
	走势名称：当前价格
	结果：未满足，返回code：-1
===2021-05-26 15:47:17.653===
额外条件未满足


===============================================

