==============2021-06-22 21:11:16==============
===1开始执行条件2021-06-22 21:11:16.103===
===开始判断价格条件2021-06-22 21:11:16.103===
===开始判断额外/转自动条件2021-06-22 21:11:16.224===
===2021-06-22 21:11:16.283===
股票：600008指定时间段判断-额外参数：
	分组名称：1
	走势名称：时间段
	结果：达到要求
===2021-06-22 21:11:16.317===
满足所有条件，可以触发


===============================================

==============2021-06-22 21:13:44==============
===1开始执行条件2021-06-22 21:13:43.743===
===开始判断价格条件2021-06-22 21:13:43.743===
===开始判断额外/转自动条件2021-06-22 21:13:43.954===
===2021-06-22 21:13:44.015===
股票：600008指定时间段判断-额外参数：
	分组名称：1
	走势名称：时间段
	结果：达到要求
===2021-06-22 21:13:44.057===
满足所有条件，可以触发


===============================================

==============2021-06-22 21:15:19==============
===1开始执行条件2021-06-22 21:15:19.408===
===开始判断价格条件2021-06-22 21:15:19.408===
===开始判断额外/转自动条件2021-06-22 21:15:19.554===
===2021-06-22 21:15:19.618===
股票：600008指定时间段判断-额外参数：
	分组名称：1
	走势名称：时间段
	结果：达到要求
===2021-06-22 21:15:19.649===
满足所有条件，可以触发


===============================================

==============2021-06-22 21:17:56==============
===1开始执行条件2021-06-22 21:17:56.303===
===开始判断价格条件2021-06-22 21:17:56.303===
===开始判断额外/转自动条件2021-06-22 21:17:56.453===
===2021-06-22 21:17:56.496===
股票：600008指定时间段判断-额外参数：
	分组名称：1
	走势名称：时间段
	结果：达到要求
===2021-06-22 21:17:56.521===
满足所有条件，可以触发


===============================================

