==============2021-08-09 10:08:51==============
===6开始执行条件2021-08-09 10:08:49.175===
===开始判断价格条件2021-08-09 10:08:49.175===
===开始判断额外/转自动条件2021-08-09 10:08:49.959===
===2021-08-09 10:08:50.308===
股票：002455指定时间段判断-额外参数：
	分组名称：1
	走势名称：时间段
		条件成立(当前时间：2021-08-09 10:08:49.175,条件时段：09:30:00-13:00:00)
	结果：达到要求
===2021-08-09 10:08:50.625===
===2021-08-09 10:08:51.777===
股票：002455多头向上判断-转自动参数：
	分组名称：2
	走势名称：多头向上
	结果：未满足，返回code：0
===2021-08-09 10:08:51.779===
满足所有条件，可以触发


===============================================

==============2021-08-09 10:09:15==============
===6开始执行条件2021-08-09 10:09:10.313===
===开始判断价格条件2021-08-09 10:09:10.313===
===开始判断额外/转自动条件2021-08-09 10:09:10.707===
===2021-08-09 10:09:11.132===
股票：002455指定时间段判断-额外参数：
	分组名称：1
	走势名称：时间段
		条件成立(当前时间：2021-08-09 10:09:10.311,条件时段：09:30:00-13:00:00)
	结果：达到要求
===2021-08-09 10:09:12.518===
===2021-08-09 10:09:15.016===
股票：002455多头向上判断-转自动参数：
	分组名称：2
	走势名称：多头向上
	结果：未满足，返回code：0
===2021-08-09 10:09:15.016===
满足所有条件，可以触发


===============================================

==============2021-08-09 10:09:35==============
===6开始执行条件2021-08-09 10:09:29.852===
===开始判断价格条件2021-08-09 10:09:29.852===
===开始判断额外/转自动条件2021-08-09 10:09:31.441===
===2021-08-09 10:09:32.300===
股票：002455指定时间段判断-额外参数：
	分组名称：1
	走势名称：时间段
		条件成立(当前时间：2021-08-09 10:09:29.660,条件时段：09:30:00-13:00:00)
	结果：达到要求
===2021-08-09 10:09:33.265===
===2021-08-09 10:09:35.532===
股票：002455多头向上判断-转自动参数：
	分组名称：2
	走势名称：多头向上
	结果：未满足，返回code：0
===2021-08-09 10:09:35.532===
满足所有条件，可以触发


===============================================

==============2021-08-09 10:10:39==============
===6开始执行条件2021-08-09 10:10:35.804===
===开始判断价格条件2021-08-09 10:10:35.804===
===开始判断额外/转自动条件2021-08-09 10:10:36.999===
===2021-08-09 10:10:37.648===
股票：002455指定时间段判断-额外参数：
	分组名称：1
	走势名称：时间段
		条件成立(当前时间：2021-08-09 10:10:35.804,条件时段：09:30:00-13:00:00)
	结果：达到要求
===2021-08-09 10:10:38.892===
===2021-08-09 10:10:39.901===
股票：002455多头向上判断-转自动参数：
	分组名称：2
	走势名称：多头向上
	结果：未满足，返回code：0
===2021-08-09 10:10:39.901===
满足所有条件，可以触发


===============================================

==============2021-08-09 10:11:03==============
===6开始执行条件2021-08-09 10:11:03.337===
===开始判断价格条件2021-08-09 10:11:03.337===
===开始判断额外/转自动条件2021-08-09 10:11:03.394===
===2021-08-09 10:11:03.446===
股票：002455指定时间段判断-额外参数：
	分组名称：1
	走势名称：时间段
		条件成立(当前时间：2021-08-09 10:11:03.337,条件时段：09:30:00-13:00:00)
	结果：达到要求
===2021-08-09 10:11:03.525===
===2021-08-09 10:11:03.971===
股票：002455多头向上判断-转自动参数：
	分组名称：2
	走势名称：多头向上
	结果：未满足，返回code：0
===2021-08-09 10:11:03.971===
满足所有条件，可以触发


===============================================

==============2021-08-09 10:11:21==============
===6开始执行条件2021-08-09 10:11:19.663===
===开始判断价格条件2021-08-09 10:11:19.664===
===开始判断额外/转自动条件2021-08-09 10:11:19.958===
===2021-08-09 10:11:20.051===
股票：002455指定时间段判断-额外参数：
	分组名称：1
	走势名称：时间段
		条件成立(当前时间：2021-08-09 10:11:19.663,条件时段：09:30:00-13:00:00)
	结果：达到要求
===2021-08-09 10:11:20.506===
===2021-08-09 10:11:21.035===
股票：002455多头向上判断-转自动参数：
	分组名称：2
	走势名称：多头向上
	结果：未满足，返回code：0
===2021-08-09 10:11:21.035===
满足所有条件，可以触发


===============================================

==============2021-08-09 11:02:42==============
===6开始执行条件2021-08-09 11:02:41.779===
===开始判断价格条件2021-08-09 11:02:41.779===
===开始判断额外/转自动条件2021-08-09 11:02:41.882===
===2021-08-09 11:02:41.934===
股票：002455指定时间段判断-额外参数：
	分组名称：1
	走势名称：时间段
		条件成立(当前时间：2021-08-09 11:02:41.778,条件时段：09:30:00-13:00:00)
	结果：达到要求
===2021-08-09 11:02:41.998===
===2021-08-09 11:02:42.074===
股票：002455多头向上判断-转自动参数：
	分组名称：2
	走势名称：多头向上
	结果：未满足，返回code：0
===2021-08-09 11:02:42.074===
满足所有条件，可以触发


===============================================

==============2021-08-09 11:02:52==============
===6开始执行条件2021-08-09 11:02:51.175===
===开始判断价格条件2021-08-09 11:02:51.175===
===开始判断额外/转自动条件2021-08-09 11:02:51.638===
===2021-08-09 11:02:51.752===
股票：002455指定时间段判断-额外参数：
	分组名称：1
	走势名称：时间段
		条件成立(当前时间：2021-08-09 11:02:51.174,条件时段：09:30:00-13:00:00)
	结果：达到要求
===2021-08-09 11:02:51.860===
===2021-08-09 11:02:52.060===
股票：002455多头向上判断-转自动参数：
	分组名称：2
	走势名称：多头向上
	结果：未满足，返回code：0
===2021-08-09 11:02:52.060===
满足所有条件，可以触发


===============================================

==============2021-08-09 11:03:14==============
===6开始执行条件2021-08-09 11:03:14.351===
===开始判断价格条件2021-08-09 11:03:14.351===
===开始判断额外/转自动条件2021-08-09 11:03:14.467===
===2021-08-09 11:03:14.509===
股票：002455指定时间段判断-额外参数：
	分组名称：1
	走势名称：时间段
		条件成立(当前时间：2021-08-09 11:03:14.350,条件时段：09:30:00-13:00:00)
	结果：达到要求
===2021-08-09 11:03:14.555===
===2021-08-09 11:03:14.683===
股票：002455多头向上判断-转自动参数：
	分组名称：2
	走势名称：多头向上
	结果：未满足，返回code：0
===2021-08-09 11:03:14.683===
满足所有条件，可以触发


===============================================

==============2021-08-09 11:03:29==============
===6开始执行条件2021-08-09 11:03:28.982===
===开始判断价格条件2021-08-09 11:03:28.982===
===开始判断额外/转自动条件2021-08-09 11:03:29.042===
===2021-08-09 11:03:29.077===
股票：002455指定时间段判断-额外参数：
	分组名称：1
	走势名称：时间段
		条件成立(当前时间：2021-08-09 11:03:28.982,条件时段：09:30:00-13:00:00)
	结果：达到要求
===2021-08-09 11:03:29.116===
===2021-08-09 11:03:29.171===
股票：002455多头向上判断-转自动参数：
	分组名称：2
	走势名称：多头向上
	结果：未满足，返回code：0
===2021-08-09 11:03:29.171===
满足所有条件，可以触发


===============================================

==============2021-08-09 11:05:08==============
===6开始执行条件2021-08-09 11:03:52.728===
===开始判断价格条件2021-08-09 11:03:52.728===
===开始判断额外/转自动条件2021-08-09 11:03:53.320===
===2021-08-09 11:03:54.330===
股票：002455指定时间段判断-额外参数：
	分组名称：1
	走势名称：时间段
		条件成立(当前时间：2021-08-09 11:03:52.728,条件时段：09:30:00-13:00:00)
	结果：达到要求
===2021-08-09 11:03:54.580===
===2021-08-09 11:05:08.146===
股票：002455多头向上判断-转自动参数：
	分组名称：2
	走势名称：多头向上
	结果：未满足，返回code：0
===2021-08-09 11:05:08.146===
满足所有条件，可以触发


===============================================

