==============2021-08-10 17:41:06==============
===6开始执行条件2021-08-10 17:41:04.711===
===开始判断价格条件2021-08-10 17:41:04.711===
===开始判断额外/转自动条件2021-08-10 17:41:04.850===
===2021-08-10 17:41:05.233===
股票：002455指定时间段判断-额外参数：
	分组名称：1
	走势名称：时间段
		条件不成立(当前时间：2021-08-10 17:41:04.711,条件时段：09:30:00-13:00:00)
	结果：未满足
===2021-08-10 17:41:05.233===
===2021-08-10 17:41:05.343===
股票：002455板块涨跌幅判断-额外参数：
	分组名称：1
	走势名称：发
		条件不成立(不符合板块涨跌幅条件)
	结果：未满足，返回code：-1
===2021-08-10 17:41:06.224===
额外条件未满足


===============================================

==============2021-08-10 17:41:17==============
===6开始执行条件2021-08-10 17:41:16.463===
===开始判断价格条件2021-08-10 17:41:16.469===
===开始判断额外/转自动条件2021-08-10 17:41:16.795===
===2021-08-10 17:41:16.924===
股票：002455指定时间段判断-额外参数：
	分组名称：1
	走势名称：时间段
		条件不成立(当前时间：2021-08-10 17:41:16.463,条件时段：09:30:00-13:00:00)
	结果：未满足
===2021-08-10 17:41:16.924===
===2021-08-10 17:41:16.961===
股票：002455板块涨跌幅判断-额外参数：
	分组名称：1
	走势名称：发
		条件不成立(不符合板块涨跌幅条件)
	结果：未满足，返回code：-1
===2021-08-10 17:41:17.410===
额外条件未满足


===============================================

==============2021-08-10 17:41:57==============
===6开始执行条件2021-08-10 17:41:50.896===
===开始判断价格条件2021-08-10 17:41:50.896===
===开始判断额外/转自动条件2021-08-10 17:41:52.946===
===2021-08-10 17:41:53.857===
股票：002455指定时间段判断-额外参数：
	分组名称：1
	走势名称：时间段
		条件不成立(当前时间：2021-08-10 17:41:50.895,条件时段：09:30:00-13:00:00)
	结果：未满足
===2021-08-10 17:41:53.857===
===2021-08-10 17:41:54.231===
股票：002455板块涨跌幅判断-额外参数：
	分组名称：1
	走势名称：发
		条件不成立(不符合板块涨跌幅条件)
	结果：未满足，返回code：-1
===2021-08-10 17:41:57.825===
额外条件未满足


===============================================

==============2021-08-10 17:42:17==============
===6开始执行条件2021-08-10 17:42:11.477===
===开始判断价格条件2021-08-10 17:42:11.477===
===开始判断额外/转自动条件2021-08-10 17:42:12.532===
===2021-08-10 17:42:13.764===
股票：002455指定时间段判断-额外参数：
	分组名称：1
	走势名称：时间段
		条件不成立(当前时间：2021-08-10 17:42:11.477,条件时段：09:30:00-13:00:00)
	结果：未满足
===2021-08-10 17:42:13.764===
===2021-08-10 17:42:13.916===
股票：002455板块涨跌幅判断-额外参数：
	分组名称：1
	走势名称：发
		条件不成立(不符合板块涨跌幅条件)
	结果：未满足，返回code：-1
===2021-08-10 17:42:17.303===
额外条件未满足


===============================================

==============2021-08-10 17:44:07==============
===6开始执行条件2021-08-10 17:44:06.538===
===开始判断价格条件2021-08-10 17:44:06.538===
===开始判断额外/转自动条件2021-08-10 17:44:06.734===
===2021-08-10 17:44:06.867===
股票：002455指定时间段判断-额外参数：
	分组名称：1
	走势名称：时间段
		条件不成立(当前时间：2021-08-10 17:44:06.538,条件时段：09:30:00-13:00:00)
	结果：未满足
===2021-08-10 17:44:06.867===
===2021-08-10 17:44:06.949===
股票：002455板块涨跌幅判断-额外参数：
	分组名称：1
	走势名称：发
		条件不成立(不符合板块涨跌幅条件)
	结果：未满足，返回code：-1
===2021-08-10 17:44:07.368===
额外条件未满足


===============================================

==============2021-08-10 17:47:34==============
===6开始执行条件2021-08-10 17:47:32.093===
===开始判断价格条件2021-08-10 17:47:32.093===
===开始判断额外/转自动条件2021-08-10 17:47:32.520===
===2021-08-10 17:47:32.591===
股票：002455指定时间段判断-额外参数：
	分组名称：1
	走势名称：时间段
		条件不成立(当前时间：2021-08-10 17:47:32.081,条件时段：09:30:00-13:00:00)
	结果：未满足
===2021-08-10 17:47:32.591===
===2021-08-10 17:47:32.636===
股票：002455板块涨跌幅判断-额外参数：
	分组名称：1
	走势名称：发
		条件不成立(不符合板块涨跌幅条件)
	结果：未满足，返回code：-1
===2021-08-10 17:47:34.305===
额外条件未满足


===============================================

==============2021-08-10 17:47:52==============
===6开始执行条件2021-08-10 17:47:49.372===
===开始判断价格条件2021-08-10 17:47:49.373===
===开始判断额外/转自动条件2021-08-10 17:47:49.968===
===2021-08-10 17:47:50.405===
股票：002455指定时间段判断-额外参数：
	分组名称：1
	走势名称：时间段
		条件不成立(当前时间：2021-08-10 17:47:49.371,条件时段：09:30:00-13:00:00)
	结果：未满足
===2021-08-10 17:47:50.405===
===2021-08-10 17:47:50.897===
股票：002455板块涨跌幅判断-额外参数：
	分组名称：1
	走势名称：发
		条件不成立(不符合板块涨跌幅条件)
	结果：未满足，返回code：-1
===2021-08-10 17:47:52.626===
额外条件未满足


===============================================

==============2021-08-10 17:49:02==============
===6开始执行条件2021-08-10 17:49:01.684===
===开始判断价格条件2021-08-10 17:49:01.684===
===开始判断额外/转自动条件2021-08-10 17:49:01.837===
===2021-08-10 17:49:02.081===
股票：002455指定时间段判断-额外参数：
	分组名称：1
	走势名称：时间段
		条件不成立(当前时间：2021-08-10 17:49:01.684,条件时段：09:30:00-13:00:00)
	结果：未满足
===2021-08-10 17:49:02.081===
===2021-08-10 17:49:02.129===
股票：002455板块涨跌幅判断-额外参数：
	分组名称：1
	走势名称：发
		条件不成立(不符合板块涨跌幅条件)
	结果：未满足，返回code：-1
===2021-08-10 17:49:02.396===
额外条件未满足


===============================================

==============2021-08-10 17:49:22==============
===6开始执行条件2021-08-10 17:49:17.189===
===开始判断价格条件2021-08-10 17:49:17.189===
===开始判断额外/转自动条件2021-08-10 17:49:18.231===
===2021-08-10 17:49:19.189===
股票：002455指定时间段判断-额外参数：
	分组名称：1
	走势名称：时间段
		条件不成立(当前时间：2021-08-10 17:49:17.189,条件时段：09:30:00-13:00:00)
	结果：未满足
===2021-08-10 17:49:19.189===
===2021-08-10 17:49:19.359===
股票：002455板块涨跌幅判断-额外参数：
	分组名称：1
	走势名称：发
		条件不成立(不符合板块涨跌幅条件)
	结果：未满足，返回code：-1
===2021-08-10 17:49:22.082===
额外条件未满足


===============================================

==============2021-08-10 17:50:01==============
===6开始执行条件2021-08-10 17:49:54.861===
===开始判断价格条件2021-08-10 17:49:54.861===
===开始判断额外/转自动条件2021-08-10 17:49:55.946===
===2021-08-10 17:49:56.401===
股票：002455指定时间段判断-额外参数：
	分组名称：1
	走势名称：时间段
		条件不成立(当前时间：2021-08-10 17:49:54.861,条件时段：09:30:00-13:00:00)
	结果：未满足
===2021-08-10 17:49:56.401===
===2021-08-10 17:49:56.443===
股票：002455板块涨跌幅判断-额外参数：
	分组名称：1
	走势名称：发
		条件不成立(不符合板块涨跌幅条件)
	结果：未满足，返回code：-1
===2021-08-10 17:50:01.829===
额外条件未满足


===============================================

==============2021-08-10 17:50:10==============
===6开始执行条件2021-08-10 17:50:09.083===
===开始判断价格条件2021-08-10 17:50:09.083===
===开始判断额外/转自动条件2021-08-10 17:50:09.185===
===2021-08-10 17:50:09.502===
股票：002455指定时间段判断-额外参数：
	分组名称：1
	走势名称：时间段
		条件不成立(当前时间：2021-08-10 17:50:09.075,条件时段：09:30:00-13:00:00)
	结果：未满足
===2021-08-10 17:50:09.502===
===2021-08-10 17:50:09.543===
股票：002455板块涨跌幅判断-额外参数：
	分组名称：1
	走势名称：发
		条件不成立(不符合板块涨跌幅条件)
	结果：未满足，返回code：-1
===2021-08-10 17:50:10.519===
额外条件未满足


===============================================

==============2021-08-10 17:50:49==============
===6开始执行条件2021-08-10 17:50:41.662===
===开始判断价格条件2021-08-10 17:50:41.662===
===开始判断额外/转自动条件2021-08-10 17:50:44.020===
===2021-08-10 17:50:45.365===
股票：002455指定时间段判断-额外参数：
	分组名称：1
	走势名称：时间段
		条件不成立(当前时间：2021-08-10 17:50:41.661,条件时段：09:30:00-13:00:00)
	结果：未满足
===2021-08-10 17:50:45.365===
===2021-08-10 17:50:45.856===
股票：002455板块涨跌幅判断-额外参数：
	分组名称：1
	走势名称：发
		条件不成立(不符合板块涨跌幅条件)
	结果：未满足，返回code：-1
===2021-08-10 17:50:49.253===
额外条件未满足


===============================================

==============2021-08-10 17:51:21==============
===6开始执行条件2021-08-10 17:51:15.942===
===开始判断价格条件2021-08-10 17:51:15.942===
===开始判断额外/转自动条件2021-08-10 17:51:16.625===
===2021-08-10 17:51:17.574===
股票：002455指定时间段判断-额外参数：
	分组名称：1
	走势名称：时间段
		条件不成立(当前时间：2021-08-10 17:51:15.942,条件时段：09:30:00-13:00:00)
	结果：未满足
===2021-08-10 17:51:17.574===
===2021-08-10 17:51:17.751===
股票：002455板块涨跌幅判断-额外参数：
	分组名称：1
	走势名称：发
		条件不成立(不符合板块涨跌幅条件)
	结果：未满足，返回code：-1
===2021-08-10 17:51:21.774===
额外条件未满足


===============================================

==============2021-08-10 17:52:08==============
===6开始执行条件2021-08-10 17:52:03.871===
===开始判断价格条件2021-08-10 17:52:03.871===
===开始判断额外/转自动条件2021-08-10 17:52:04.716===
===2021-08-10 17:52:05.219===
股票：002455指定时间段判断-额外参数：
	分组名称：1
	走势名称：时间段
		条件不成立(当前时间：2021-08-10 17:52:03.871,条件时段：09:30:00-13:00:00)
	结果：未满足
===2021-08-10 17:52:05.219===
===2021-08-10 17:52:06.341===
股票：002455板块涨跌幅判断-额外参数：
	分组名称：1
	走势名称：发
		条件不成立(不符合板块涨跌幅条件)
	结果：未满足，返回code：-1
===2021-08-10 17:52:08.665===
额外条件未满足


===============================================

==============2021-08-10 17:52:25==============
===6开始执行条件2021-08-10 17:52:20.408===
===开始判断价格条件2021-08-10 17:52:20.408===
===开始判断额外/转自动条件2021-08-10 17:52:21.666===
===2021-08-10 17:52:22.201===
股票：002455指定时间段判断-额外参数：
	分组名称：1
	走势名称：时间段
		条件不成立(当前时间：2021-08-10 17:52:20.407,条件时段：09:30:00-13:00:00)
	结果：未满足
===2021-08-10 17:52:22.202===
===2021-08-10 17:52:22.260===
股票：002455板块涨跌幅判断-额外参数：
	分组名称：1
	走势名称：发
		条件不成立(不符合板块涨跌幅条件)
	结果：未满足，返回code：-1
===2021-08-10 17:52:25.627===
额外条件未满足


===============================================

==============2021-08-10 17:52:45==============
===6开始执行条件2021-08-10 17:52:40.845===
===开始判断价格条件2021-08-10 17:52:40.845===
===开始判断额外/转自动条件2021-08-10 17:52:41.482===
===2021-08-10 17:52:42.490===
股票：002455指定时间段判断-额外参数：
	分组名称：1
	走势名称：时间段
		条件不成立(当前时间：2021-08-10 17:52:40.845,条件时段：09:30:00-13:00:00)
	结果：未满足
===2021-08-10 17:52:42.490===
===2021-08-10 17:52:42.714===
股票：002455板块涨跌幅判断-额外参数：
	分组名称：1
	走势名称：发
		条件不成立(不符合板块涨跌幅条件)
	结果：未满足，返回code：-1
===2021-08-10 17:52:45.674===
额外条件未满足


===============================================

==============2021-08-10 17:52:59==============
===6开始执行条件2021-08-10 17:52:55.274===
===开始判断价格条件2021-08-10 17:52:55.274===
===开始判断额外/转自动条件2021-08-10 17:52:56.132===
===2021-08-10 17:52:57.120===
股票：002455指定时间段判断-额外参数：
	分组名称：1
	走势名称：时间段
		条件不成立(当前时间：2021-08-10 17:52:55.274,条件时段：09:30:00-13:00:00)
	结果：未满足
===2021-08-10 17:52:57.120===
===2021-08-10 17:52:57.412===
股票：002455板块涨跌幅判断-额外参数：
	分组名称：1
	走势名称：发
		条件不成立(不符合板块涨跌幅条件)
	结果：未满足，返回code：-1
===2021-08-10 17:52:59.816===
额外条件未满足


===============================================

==============2021-08-10 17:53:12==============
===6开始执行条件2021-08-10 17:53:11.839===
===开始判断价格条件2021-08-10 17:53:11.839===
===开始判断额外/转自动条件2021-08-10 17:53:11.945===
===2021-08-10 17:53:12.081===
股票：002455指定时间段判断-额外参数：
	分组名称：1
	走势名称：时间段
		条件不成立(当前时间：2021-08-10 17:53:11.839,条件时段：09:30:00-13:00:00)
	结果：未满足
===2021-08-10 17:53:12.081===
===2021-08-10 17:53:12.117===
股票：002455板块涨跌幅判断-额外参数：
	分组名称：1
	走势名称：发
		条件不成立(不符合板块涨跌幅条件)
	结果：未满足，返回code：-1
===2021-08-10 17:53:12.842===
额外条件未满足


===============================================

==============2021-08-10 17:53:31==============
===6开始执行条件2021-08-10 17:53:29.652===
===开始判断价格条件2021-08-10 17:53:29.652===
===开始判断额外/转自动条件2021-08-10 17:53:30.043===
===2021-08-10 17:53:30.089===
股票：002455指定时间段判断-额外参数：
	分组名称：1
	走势名称：时间段
		条件不成立(当前时间：2021-08-10 17:53:29.652,条件时段：09:30:00-13:00:00)
	结果：未满足
===2021-08-10 17:53:30.089===
===2021-08-10 17:53:30.532===
股票：002455板块涨跌幅判断-额外参数：
	分组名称：1
	走势名称：发
		条件不成立(不符合板块涨跌幅条件)
	结果：未满足，返回code：-1
===2021-08-10 17:53:31.793===
额外条件未满足


===============================================

==============2021-08-10 17:53:42==============
===6开始执行条件2021-08-10 17:53:40.781===
===开始判断价格条件2021-08-10 17:53:40.781===
===开始判断额外/转自动条件2021-08-10 17:53:41.141===
===2021-08-10 17:53:41.307===
股票：002455指定时间段判断-额外参数：
	分组名称：1
	走势名称：时间段
		条件不成立(当前时间：2021-08-10 17:53:40.780,条件时段：09:30:00-13:00:00)
	结果：未满足
===2021-08-10 17:53:41.307===
===2021-08-10 17:53:41.451===
股票：002455板块涨跌幅判断-额外参数：
	分组名称：1
	走势名称：发
		条件不成立(不符合板块涨跌幅条件)
	结果：未满足，返回code：-1
===2021-08-10 17:53:42.923===
额外条件未满足


===============================================

==============2021-08-10 17:54:00==============
===6开始执行条件2021-08-10 17:54:00.190===
===开始判断价格条件2021-08-10 17:54:00.190===
===开始判断额外/转自动条件2021-08-10 17:54:00.324===
===2021-08-10 17:54:00.382===
股票：002455指定时间段判断-额外参数：
	分组名称：1
	走势名称：时间段
		条件不成立(当前时间：2021-08-10 17:54:00.190,条件时段：09:30:00-13:00:00)
	结果：未满足
===2021-08-10 17:54:00.383===
===2021-08-10 17:54:00.406===
股票：002455板块涨跌幅判断-额外参数：
	分组名称：1
	走势名称：发
		条件不成立(不符合板块涨跌幅条件)
	结果：未满足，返回code：-1
===2021-08-10 17:54:00.594===
额外条件未满足


===============================================

==============2021-08-10 17:54:15==============
===6开始执行条件2021-08-10 17:54:15.378===
===开始判断价格条件2021-08-10 17:54:15.378===
===开始判断额外/转自动条件2021-08-10 17:54:15.500===
===2021-08-10 17:54:15.602===
股票：002455指定时间段判断-额外参数：
	分组名称：1
	走势名称：时间段
		条件不成立(当前时间：2021-08-10 17:54:15.377,条件时段：09:30:00-13:00:00)
	结果：未满足
===2021-08-10 17:54:15.602===
===2021-08-10 17:54:15.667===
股票：002455板块涨跌幅判断-额外参数：
	分组名称：1
	走势名称：发
		条件不成立(不符合板块涨跌幅条件)
	结果：未满足，返回code：-1
===2021-08-10 17:54:15.977===
额外条件未满足


===============================================

