==============2021-08-11 10:28:33==============
===6开始执行条件2021-08-11 10:28:31.856===
===开始判断价格条件2021-08-11 10:28:31.856===
===开始判断额外/转自动条件2021-08-11 10:28:32.259===
===2021-08-11 10:28:32.526===
股票：000558指定时间段判断-额外参数：
	分组名称：1
	走势名称：时间段
		条件成立(当前时间：2021-08-11 10:28:31.853,条件时段：09:30:00-13:00:00)
	结果：达到要求
===2021-08-11 10:28:32.918===
===2021-08-11 10:28:33.284===
股票：000558多头向上判断-转自动参数：
	分组名称：2
	走势名称：多头向上
	结果：未满足，返回code：0
===2021-08-11 10:28:33.284===
满足所有条件，可以触发


===============================================

==============2021-08-11 10:28:51==============
===6开始执行条件2021-08-11 10:28:51.028===
===开始判断价格条件2021-08-11 10:28:51.028===
===开始判断额外/转自动条件2021-08-11 10:28:51.088===
===2021-08-11 10:28:51.141===
股票：000558指定时间段判断-额外参数：
	分组名称：1
	走势名称：时间段
		条件成立(当前时间：2021-08-11 10:28:51.027,条件时段：09:30:00-13:00:00)
	结果：达到要求
===2021-08-11 10:28:51.212===
===2021-08-11 10:28:51.358===
股票：000558多头向上判断-转自动参数：
	分组名称：2
	走势名称：多头向上
	结果：未满足，返回code：0
===2021-08-11 10:28:51.358===
满足所有条件，可以触发


===============================================

==============2021-08-11 10:29:01==============
===6开始执行条件2021-08-11 10:29:00.217===
===开始判断价格条件2021-08-11 10:29:00.217===
===开始判断额外/转自动条件2021-08-11 10:29:00.406===
===2021-08-11 10:29:00.590===
股票：000558指定时间段判断-额外参数：
	分组名称：1
	走势名称：时间段
		条件成立(当前时间：2021-08-11 10:29:00.216,条件时段：09:30:00-13:00:00)
	结果：达到要求
===2021-08-11 10:29:00.730===
===2021-08-11 10:29:01.163===
股票：000558多头向上判断-转自动参数：
	分组名称：2
	走势名称：多头向上
	结果：未满足，返回code：0
===2021-08-11 10:29:01.163===
满足所有条件，可以触发


===============================================

==============2021-08-11 10:29:44==============
===6开始执行条件2021-08-11 10:29:42.732===
===开始判断价格条件2021-08-11 10:29:42.732===
===开始判断额外/转自动条件2021-08-11 10:29:43.219===
===2021-08-11 10:29:43.426===
股票：000558指定时间段判断-额外参数：
	分组名称：1
	走势名称：时间段
		条件成立(当前时间：2021-08-11 10:29:42.731,条件时段：09:30:00-13:00:00)
	结果：达到要求
===2021-08-11 10:29:43.661===
===2021-08-11 10:29:44.052===
股票：000558多头向上判断-转自动参数：
	分组名称：2
	走势名称：多头向上
	结果：未满足，返回code：0
===2021-08-11 10:29:44.052===
满足所有条件，可以触发


===============================================

==============2021-08-11 10:29:56==============
===6开始执行条件2021-08-11 10:29:53.806===
===开始判断价格条件2021-08-11 10:29:53.806===
===开始判断额外/转自动条件2021-08-11 10:29:54.680===
===2021-08-11 10:29:55.619===
股票：000558指定时间段判断-额外参数：
	分组名称：1
	走势名称：时间段
		条件成立(当前时间：2021-08-11 10:29:53.806,条件时段：09:30:00-13:00:00)
	结果：达到要求
===2021-08-11 10:29:56.120===
===2021-08-11 10:29:56.464===
股票：000558多头向上判断-转自动参数：
	分组名称：2
	走势名称：多头向上
	结果：未满足，返回code：0
===2021-08-11 10:29:56.464===
满足所有条件，可以触发


===============================================

==============2021-08-11 10:30:07==============
===6开始执行条件2021-08-11 10:30:06.895===
===开始判断价格条件2021-08-11 10:30:06.895===
===开始判断额外/转自动条件2021-08-11 10:30:07.060===
===2021-08-11 10:30:07.247===
股票：000558指定时间段判断-额外参数：
	分组名称：1
	走势名称：时间段
		条件成立(当前时间：2021-08-11 10:30:06.895,条件时段：09:30:00-13:00:00)
	结果：达到要求
===2021-08-11 10:30:07.435===
===2021-08-11 10:30:07.716===
股票：000558多头向上判断-转自动参数：
	分组名称：2
	走势名称：多头向上
	结果：未满足，返回code：0
===2021-08-11 10:30:07.717===
满足所有条件，可以触发


===============================================

==============2021-08-11 10:30:15==============
===6开始执行条件2021-08-11 10:30:13.903===
===开始判断价格条件2021-08-11 10:30:13.903===
===开始判断额外/转自动条件2021-08-11 10:30:14.579===
===2021-08-11 10:30:14.745===
股票：000558指定时间段判断-额外参数：
	分组名称：1
	走势名称：时间段
		条件成立(当前时间：2021-08-11 10:30:13.900,条件时段：09:30:00-13:00:00)
	结果：达到要求
===2021-08-11 10:30:14.921===
===2021-08-11 10:30:15.086===
股票：000558多头向上判断-转自动参数：
	分组名称：2
	走势名称：多头向上
	结果：未满足，返回code：0
===2021-08-11 10:30:15.086===
满足所有条件，可以触发


===============================================

==============2021-08-11 10:30:30==============
===6开始执行条件2021-08-11 10:30:30.166===
===开始判断价格条件2021-08-11 10:30:30.166===
===开始判断额外/转自动条件2021-08-11 10:30:30.274===
===2021-08-11 10:30:30.369===
股票：000558指定时间段判断-额外参数：
	分组名称：1
	走势名称：时间段
		条件成立(当前时间：2021-08-11 10:30:30.166,条件时段：09:30:00-13:00:00)
	结果：达到要求
===2021-08-11 10:30:30.533===
===2021-08-11 10:30:30.617===
股票：000558多头向上判断-转自动参数：
	分组名称：2
	走势名称：多头向上
	结果：未满足，返回code：0
===2021-08-11 10:30:30.617===
满足所有条件，可以触发


===============================================

==============2021-08-11 10:30:41==============
===6开始执行条件2021-08-11 10:30:41.598===
===开始判断价格条件2021-08-11 10:30:41.598===
===开始判断额外/转自动条件2021-08-11 10:30:41.723===
===2021-08-11 10:30:41.771===
股票：000558指定时间段判断-额外参数：
	分组名称：1
	走势名称：时间段
		条件成立(当前时间：2021-08-11 10:30:41.595,条件时段：09:30:00-13:00:00)
	结果：达到要求
===2021-08-11 10:30:41.845===
===2021-08-11 10:30:41.975===
股票：000558多头向上判断-转自动参数：
	分组名称：2
	走势名称：多头向上
	结果：未满足，返回code：0
===2021-08-11 10:30:41.975===
满足所有条件，可以触发


===============================================

==============2021-08-11 10:30:58==============
===6开始执行条件2021-08-11 10:30:57.832===
===开始判断价格条件2021-08-11 10:30:57.832===
===开始判断额外/转自动条件2021-08-11 10:30:57.936===
===2021-08-11 10:30:57.986===
股票：000558指定时间段判断-额外参数：
	分组名称：1
	走势名称：时间段
		条件成立(当前时间：2021-08-11 10:30:57.832,条件时段：09:30:00-13:00:00)
	结果：达到要求
===2021-08-11 10:30:58.034===
===2021-08-11 10:30:58.400===
股票：000558多头向上判断-转自动参数：
	分组名称：2
	走势名称：多头向上
	结果：未满足，返回code：0
===2021-08-11 10:30:58.400===
满足所有条件，可以触发


===============================================

==============2021-08-11 10:31:16==============
===6开始执行条件2021-08-11 10:31:16.531===
===开始判断价格条件2021-08-11 10:31:16.531===
===开始判断额外/转自动条件2021-08-11 10:31:16.595===
===2021-08-11 10:31:16.635===
股票：000558指定时间段判断-额外参数：
	分组名称：1
	走势名称：时间段
		条件成立(当前时间：2021-08-11 10:31:16.531,条件时段：09:30:00-13:00:00)
	结果：达到要求
===2021-08-11 10:31:16.752===
===2021-08-11 10:31:16.903===
股票：000558多头向上判断-转自动参数：
	分组名称：2
	走势名称：多头向上
	结果：未满足，返回code：0
===2021-08-11 10:31:16.903===
满足所有条件，可以触发


===============================================

==============2021-08-11 10:31:23==============
===6开始执行条件2021-08-11 10:31:22.957===
===开始判断价格条件2021-08-11 10:31:22.957===
===开始判断额外/转自动条件2021-08-11 10:31:23.101===
===2021-08-11 10:31:23.209===
股票：000558指定时间段判断-额外参数：
	分组名称：1
	走势名称：时间段
		条件成立(当前时间：2021-08-11 10:31:22.956,条件时段：09:30:00-13:00:00)
	结果：达到要求
===2021-08-11 10:31:23.339===
===2021-08-11 10:31:23.969===
股票：000558多头向上判断-转自动参数：
	分组名称：2
	走势名称：多头向上
	结果：未满足，返回code：0
===2021-08-11 10:31:23.969===
满足所有条件，可以触发


===============================================

==============2021-08-11 10:31:30==============
===6开始执行条件2021-08-11 10:31:30.379===
===开始判断价格条件2021-08-11 10:31:30.379===
===开始判断额外/转自动条件2021-08-11 10:31:30.568===
===2021-08-11 10:31:30.687===
股票：000558指定时间段判断-额外参数：
	分组名称：1
	走势名称：时间段
		条件成立(当前时间：2021-08-11 10:31:30.378,条件时段：09:30:00-13:00:00)
	结果：达到要求
===2021-08-11 10:31:30.768===
===2021-08-11 10:31:30.875===
股票：000558多头向上判断-转自动参数：
	分组名称：2
	走势名称：多头向上
	结果：未满足，返回code：0
===2021-08-11 10:31:30.875===
满足所有条件，可以触发


===============================================

==============2021-08-11 10:31:42==============
===6开始执行条件2021-08-11 10:31:40.211===
===开始判断价格条件2021-08-11 10:31:40.211===
===开始判断额外/转自动条件2021-08-11 10:31:41.000===
===2021-08-11 10:31:41.239===
股票：000558指定时间段判断-额外参数：
	分组名称：1
	走势名称：时间段
		条件成立(当前时间：2021-08-11 10:31:40.210,条件时段：09:30:00-13:00:00)
	结果：达到要求
===2021-08-11 10:31:41.527===
===2021-08-11 10:31:42.246===
股票：000558多头向上判断-转自动参数：
	分组名称：2
	走势名称：多头向上
	结果：未满足，返回code：0
===2021-08-11 10:31:42.246===
满足所有条件，可以触发


===============================================

==============2021-08-11 10:31:59==============
===6开始执行条件2021-08-11 10:31:57.181===
===开始判断价格条件2021-08-11 10:31:57.181===
===开始判断额外/转自动条件2021-08-11 10:31:58.046===
===2021-08-11 10:31:58.296===
股票：000558指定时间段判断-额外参数：
	分组名称：1
	走势名称：时间段
		条件成立(当前时间：2021-08-11 10:31:57.181,条件时段：09:30:00-13:00:00)
	结果：达到要求
===2021-08-11 10:31:58.481===
===2021-08-11 10:31:59.215===
股票：000558多头向上判断-转自动参数：
	分组名称：2
	走势名称：多头向上
	结果：未满足，返回code：0
===2021-08-11 10:31:59.215===
满足所有条件，可以触发


===============================================

==============2021-08-11 10:32:18==============
===6开始执行条件2021-08-11 10:32:15.533===
===开始判断价格条件2021-08-11 10:32:15.533===
===开始判断额外/转自动条件2021-08-11 10:32:16.834===
===2021-08-11 10:32:17.255===
股票：000558指定时间段判断-额外参数：
	分组名称：1
	走势名称：时间段
		条件成立(当前时间：2021-08-11 10:32:15.516,条件时段：09:30:00-13:00:00)
	结果：达到要求
===2021-08-11 10:32:17.400===
===2021-08-11 10:32:18.647===
股票：000558多头向上判断-转自动参数：
	分组名称：2
	走势名称：多头向上
	结果：未满足，返回code：0
===2021-08-11 10:32:18.647===
满足所有条件，可以触发


===============================================

==============2021-08-11 10:32:43==============
===6开始执行条件2021-08-11 10:32:43.537===
===开始判断价格条件2021-08-11 10:32:43.537===
===开始判断额外/转自动条件2021-08-11 10:32:43.618===
===2021-08-11 10:32:43.719===
股票：000558指定时间段判断-额外参数：
	分组名称：1
	走势名称：时间段
		条件成立(当前时间：2021-08-11 10:32:43.537,条件时段：09:30:00-13:00:00)
	结果：达到要求
===2021-08-11 10:32:43.802===
===2021-08-11 10:32:43.963===
股票：000558多头向上判断-转自动参数：
	分组名称：2
	走势名称：多头向上
	结果：未满足，返回code：0
===2021-08-11 10:32:43.963===
满足所有条件，可以触发


===============================================

==============2021-08-11 10:32:57==============
===6开始执行条件2021-08-11 10:32:56.726===
===开始判断价格条件2021-08-11 10:32:56.726===
===开始判断额外/转自动条件2021-08-11 10:32:56.856===
===2021-08-11 10:32:56.903===
股票：000558指定时间段判断-额外参数：
	分组名称：1
	走势名称：时间段
		条件成立(当前时间：2021-08-11 10:32:56.726,条件时段：09:30:00-13:00:00)
	结果：达到要求
===2021-08-11 10:32:56.999===
===2021-08-11 10:32:57.109===
股票：000558多头向上判断-转自动参数：
	分组名称：2
	走势名称：多头向上
	结果：未满足，返回code：0
===2021-08-11 10:32:57.109===
满足所有条件，可以触发


===============================================

==============2021-08-11 10:33:05==============
===6开始执行条件2021-08-11 10:33:05.256===
===开始判断价格条件2021-08-11 10:33:05.256===
===开始判断额外/转自动条件2021-08-11 10:33:05.397===
===2021-08-11 10:33:05.463===
股票：000558指定时间段判断-额外参数：
	分组名称：1
	走势名称：时间段
		条件成立(当前时间：2021-08-11 10:33:05.255,条件时段：09:30:00-13:00:00)
	结果：达到要求
===2021-08-11 10:33:05.525===
===2021-08-11 10:33:05.594===
股票：000558多头向上判断-转自动参数：
	分组名称：2
	走势名称：多头向上
	结果：未满足，返回code：0
===2021-08-11 10:33:05.594===
满足所有条件，可以触发


===============================================

==============2021-08-11 10:33:17==============
===6开始执行条件2021-08-11 10:33:15.455===
===开始判断价格条件2021-08-11 10:33:15.455===
===开始判断额外/转自动条件2021-08-11 10:33:15.835===
===2021-08-11 10:33:16.302===
股票：000558指定时间段判断-额外参数：
	分组名称：1
	走势名称：时间段
		条件成立(当前时间：2021-08-11 10:33:15.454,条件时段：09:30:00-13:00:00)
	结果：达到要求
===2021-08-11 10:33:17.177===
===2021-08-11 10:33:17.858===
股票：000558多头向上判断-转自动参数：
	分组名称：2
	走势名称：多头向上
	结果：未满足，返回code：0
===2021-08-11 10:33:17.858===
满足所有条件，可以触发


===============================================

==============2021-08-11 10:33:25==============
===6开始执行条件2021-08-11 10:33:23.801===
===开始判断价格条件2021-08-11 10:33:23.801===
===开始判断额外/转自动条件2021-08-11 10:33:24.616===
===2021-08-11 10:33:24.911===
股票：000558指定时间段判断-额外参数：
	分组名称：1
	走势名称：时间段
		条件成立(当前时间：2021-08-11 10:33:23.800,条件时段：09:30:00-13:00:00)
	结果：达到要求
===2021-08-11 10:33:25.516===
===2021-08-11 10:33:25.914===
股票：000558多头向上判断-转自动参数：
	分组名称：2
	走势名称：多头向上
	结果：未满足，返回code：0
===2021-08-11 10:33:25.914===
满足所有条件，可以触发


===============================================

==============2021-08-11 10:34:57==============
===6开始执行条件2021-08-11 10:34:57.278===
===开始判断价格条件2021-08-11 10:34:57.279===
===开始判断额外/转自动条件2021-08-11 10:34:57.382===
===2021-08-11 10:34:57.475===
股票：000558指定时间段判断-额外参数：
	分组名称：1
	走势名称：时间段
		条件成立(当前时间：2021-08-11 10:34:57.278,条件时段：09:30:00-13:00:00)
	结果：达到要求
===2021-08-11 10:34:57.682===
===2021-08-11 10:34:57.820===
股票：000558多头向上判断-转自动参数：
	分组名称：2
	走势名称：多头向上
	结果：未满足，返回code：0
===2021-08-11 10:34:57.821===
满足所有条件，可以触发


===============================================

==============2021-08-11 10:35:07==============
===6开始执行条件2021-08-11 10:35:06.044===
===开始判断价格条件2021-08-11 10:35:06.044===
===开始判断额外/转自动条件2021-08-11 10:35:06.218===
===2021-08-11 10:35:06.430===
股票：000558指定时间段判断-额外参数：
	分组名称：1
	走势名称：时间段
		条件成立(当前时间：2021-08-11 10:35:06.043,条件时段：09:30:00-13:00:00)
	结果：达到要求
===2021-08-11 10:35:06.616===
===2021-08-11 10:35:07.051===
股票：000558多头向上判断-转自动参数：
	分组名称：2
	走势名称：多头向上
	结果：未满足，返回code：0
===2021-08-11 10:35:07.051===
满足所有条件，可以触发


===============================================

==============2021-08-11 10:35:16==============
===6开始执行条件2021-08-11 10:35:16.265===
===开始判断价格条件2021-08-11 10:35:16.265===
===开始判断额外/转自动条件2021-08-11 10:35:16.473===
===2021-08-11 10:35:16.648===
股票：000558指定时间段判断-额外参数：
	分组名称：1
	走势名称：时间段
		条件成立(当前时间：2021-08-11 10:35:16.265,条件时段：09:30:00-13:00:00)
	结果：达到要求
===2021-08-11 10:35:16.773===
===2021-08-11 10:35:16.961===
股票：000558多头向上判断-转自动参数：
	分组名称：2
	走势名称：多头向上
	结果：未满足，返回code：0
===2021-08-11 10:35:16.961===
满足所有条件，可以触发


===============================================

==============2021-08-11 10:35:30==============
===6开始执行条件2021-08-11 10:35:29.174===
===开始判断价格条件2021-08-11 10:35:29.174===
===开始判断额外/转自动条件2021-08-11 10:35:29.536===
===2021-08-11 10:35:29.850===
股票：000558指定时间段判断-额外参数：
	分组名称：1
	走势名称：时间段
		条件成立(当前时间：2021-08-11 10:35:29.174,条件时段：09:30:00-13:00:00)
	结果：达到要求
===2021-08-11 10:35:30.156===
===2021-08-11 10:35:30.402===
股票：000558多头向上判断-转自动参数：
	分组名称：2
	走势名称：多头向上
	结果：未满足，返回code：0
===2021-08-11 10:35:30.402===
满足所有条件，可以触发


===============================================

==============2021-08-11 10:36:03==============
===6开始执行条件2021-08-11 10:35:54.340===
===开始判断价格条件2021-08-11 10:35:54.340===
===开始判断额外/转自动条件2021-08-11 10:35:54.804===
===2021-08-11 10:35:55.116===
股票：000558指定时间段判断-额外参数：
	分组名称：1
	走势名称：时间段
		条件成立(当前时间：2021-08-11 10:35:54.339,条件时段：09:30:00-13:00:00)
	结果：达到要求
===2021-08-11 10:35:58.124===
===2021-08-11 10:36:03.820===
股票：000558多头向上判断-转自动参数：
	分组名称：2
	走势名称：多头向上
	结果：未满足，返回code：0
===2021-08-11 10:36:03.820===
满足所有条件，可以触发


===============================================

==============2021-08-11 10:36:27==============
===6开始执行条件2021-08-11 10:36:25.556===
===开始判断价格条件2021-08-11 10:36:25.556===
===开始判断额外/转自动条件2021-08-11 10:36:26.302===
===2021-08-11 10:36:26.906===
股票：000558指定时间段判断-额外参数：
	分组名称：1
	走势名称：时间段
		条件成立(当前时间：2021-08-11 10:36:25.556,条件时段：09:30:00-13:00:00)
	结果：达到要求
===2021-08-11 10:36:27.240===
===2021-08-11 10:36:27.604===
股票：000558多头向上判断-转自动参数：
	分组名称：2
	走势名称：多头向上
	结果：未满足，返回code：0
===2021-08-11 10:36:27.604===
满足所有条件，可以触发


===============================================

==============2021-08-11 10:37:03==============
===6开始执行条件2021-08-11 10:37:00.271===
===开始判断价格条件2021-08-11 10:37:00.271===
===开始判断额外/转自动条件2021-08-11 10:37:01.417===
===2021-08-11 10:37:01.949===
股票：000558指定时间段判断-额外参数：
	分组名称：1
	走势名称：时间段
		条件成立(当前时间：2021-08-11 10:37:00.271,条件时段：09:30:00-13:00:00)
	结果：达到要求
===2021-08-11 10:37:02.326===
===2021-08-11 10:37:03.123===
股票：000558多头向上判断-转自动参数：
	分组名称：2
	走势名称：多头向上
	结果：未满足，返回code：0
===2021-08-11 10:37:03.123===
满足所有条件，可以触发


===============================================

