==============2021-08-10 17:41:19==============
===6开始执行条件2021-08-10 17:41:18.515===
===开始判断价格条件2021-08-10 17:41:18.515===
===开始判断额外/转自动条件2021-08-10 17:41:18.702===
===2021-08-10 17:41:19.126===
股票：000558指定时间段判断-额外参数：
	分组名称：1
	走势名称：时间段
		条件不成立(当前时间：2021-08-10 17:41:18.515,条件时段：09:30:00-13:00:00)
	结果：未满足
===2021-08-10 17:41:19.126===
===2021-08-10 17:41:19.226===
股票：000558板块涨跌幅判断-额外参数：
	分组名称：1
	走势名称：发
		条件不成立(不符合板块涨跌幅条件)
	结果：未满足，返回code：-1
===2021-08-10 17:41:19.796===
额外条件未满足


===============================================

==============2021-08-10 17:41:30==============
===6开始执行条件2021-08-10 17:41:28.409===
===开始判断价格条件2021-08-10 17:41:28.409===
===开始判断额外/转自动条件2021-08-10 17:41:28.847===
===2021-08-10 17:41:29.371===
股票：000558指定时间段判断-额外参数：
	分组名称：1
	走势名称：时间段
		条件不成立(当前时间：2021-08-10 17:41:28.409,条件时段：09:30:00-13:00:00)
	结果：未满足
===2021-08-10 17:41:29.371===
===2021-08-10 17:41:29.444===
股票：000558板块涨跌幅判断-额外参数：
	分组名称：1
	走势名称：发
		条件不成立(不符合板块涨跌幅条件)
	结果：未满足，返回code：-1
===2021-08-10 17:41:30.245===
额外条件未满足


===============================================

==============2021-08-10 17:42:02==============
===6开始执行条件2021-08-10 17:41:57.099===
===开始判断价格条件2021-08-10 17:41:57.099===
===开始判断额外/转自动条件2021-08-10 17:41:58.519===
===2021-08-10 17:41:59.556===
股票：000558指定时间段判断-额外参数：
	分组名称：1
	走势名称：时间段
		条件不成立(当前时间：2021-08-10 17:41:57.099,条件时段：09:30:00-13:00:00)
	结果：未满足
===2021-08-10 17:41:59.556===
===2021-08-10 17:41:59.895===
股票：000558板块涨跌幅判断-额外参数：
	分组名称：1
	走势名称：发
		条件不成立(不符合板块涨跌幅条件)
	结果：未满足，返回code：-1
===2021-08-10 17:42:02.085===
额外条件未满足


===============================================

==============2021-08-10 17:44:09==============
===6开始执行条件2021-08-10 17:44:08.764===
===开始判断价格条件2021-08-10 17:44:08.764===
===开始判断额外/转自动条件2021-08-10 17:44:08.877===
===2021-08-10 17:44:09.155===
股票：000558指定时间段判断-额外参数：
	分组名称：1
	走势名称：时间段
		条件不成立(当前时间：2021-08-10 17:44:08.764,条件时段：09:30:00-13:00:00)
	结果：未满足
===2021-08-10 17:44:09.155===
===2021-08-10 17:44:09.182===
股票：000558板块涨跌幅判断-额外参数：
	分组名称：1
	走势名称：发
		条件不成立(不符合板块涨跌幅条件)
	结果：未满足，返回code：-1
===2021-08-10 17:44:09.616===
额外条件未满足


===============================================

==============2021-08-10 17:47:38==============
===6开始执行条件2021-08-10 17:47:35.007===
===开始判断价格条件2021-08-10 17:47:35.007===
===开始判断额外/转自动条件2021-08-10 17:47:35.609===
===2021-08-10 17:47:35.976===
股票：000558指定时间段判断-额外参数：
	分组名称：1
	走势名称：时间段
		条件不成立(当前时间：2021-08-10 17:47:35.006,条件时段：09:30:00-13:00:00)
	结果：未满足
===2021-08-10 17:47:35.976===
===2021-08-10 17:47:36.121===
股票：000558板块涨跌幅判断-额外参数：
	分组名称：1
	走势名称：发
		条件不成立(不符合板块涨跌幅条件)
	结果：未满足，返回code：-1
===2021-08-10 17:47:38.573===
额外条件未满足


===============================================

==============2021-08-10 17:47:55==============
===6开始执行条件2021-08-10 17:47:52.601===
===开始判断价格条件2021-08-10 17:47:52.601===
===开始判断额外/转自动条件2021-08-10 17:47:53.165===
===2021-08-10 17:47:53.902===
股票：000558指定时间段判断-额外参数：
	分组名称：1
	走势名称：时间段
		条件不成立(当前时间：2021-08-10 17:47:52.600,条件时段：09:30:00-13:00:00)
	结果：未满足
===2021-08-10 17:47:53.902===
===2021-08-10 17:47:54.016===
股票：000558板块涨跌幅判断-额外参数：
	分组名称：1
	走势名称：发
		条件不成立(不符合板块涨跌幅条件)
	结果：未满足，返回code：-1
===2021-08-10 17:47:55.417===
额外条件未满足


===============================================

==============2021-08-10 17:49:05==============
===6开始执行条件2021-08-10 17:49:04.120===
===开始判断价格条件2021-08-10 17:49:04.120===
===开始判断额外/转自动条件2021-08-10 17:49:04.528===
===2021-08-10 17:49:04.623===
股票：000558指定时间段判断-额外参数：
	分组名称：1
	走势名称：时间段
		条件不成立(当前时间：2021-08-10 17:49:04.113,条件时段：09:30:00-13:00:00)
	结果：未满足
===2021-08-10 17:49:04.623===
===2021-08-10 17:49:04.715===
股票：000558板块涨跌幅判断-额外参数：
	分组名称：1
	走势名称：发
		条件不成立(不符合板块涨跌幅条件)
	结果：未满足，返回code：-1
===2021-08-10 17:49:05.035===
额外条件未满足


===============================================

==============2021-08-10 17:49:24==============
===6开始执行条件2021-08-10 17:49:20.451===
===开始判断价格条件2021-08-10 17:49:20.451===
===开始判断额外/转自动条件2021-08-10 17:49:21.191===
===2021-08-10 17:49:21.900===
股票：000558指定时间段判断-额外参数：
	分组名称：1
	走势名称：时间段
		条件不成立(当前时间：2021-08-10 17:49:20.450,条件时段：09:30:00-13:00:00)
	结果：未满足
===2021-08-10 17:49:21.900===
===2021-08-10 17:49:22.088===
股票：000558板块涨跌幅判断-额外参数：
	分组名称：1
	走势名称：发
		条件不成立(不符合板块涨跌幅条件)
	结果：未满足，返回code：-1
===2021-08-10 17:49:24.147===
额外条件未满足


===============================================

==============2021-08-10 17:50:03==============
===6开始执行条件2021-08-10 17:49:58.186===
===开始判断价格条件2021-08-10 17:49:58.186===
===开始判断额外/转自动条件2021-08-10 17:50:00.559===
===2021-08-10 17:50:02.349===
股票：000558指定时间段判断-额外参数：
	分组名称：1
	走势名称：时间段
		条件不成立(当前时间：2021-08-10 17:49:58.186,条件时段：09:30:00-13:00:00)
	结果：未满足
===2021-08-10 17:50:02.349===
===2021-08-10 17:50:02.633===
股票：000558板块涨跌幅判断-额外参数：
	分组名称：1
	走势名称：发
		条件不成立(不符合板块涨跌幅条件)
	结果：未满足，返回code：-1
===2021-08-10 17:50:03.285===
额外条件未满足


===============================================

==============2021-08-10 17:50:13==============
===6开始执行条件2021-08-10 17:50:12.158===
===开始判断价格条件2021-08-10 17:50:12.158===
===开始判断额外/转自动条件2021-08-10 17:50:12.539===
===2021-08-10 17:50:13.012===
股票：000558指定时间段判断-额外参数：
	分组名称：1
	走势名称：时间段
		条件不成立(当前时间：2021-08-10 17:50:12.151,条件时段：09:30:00-13:00:00)
	结果：未满足
===2021-08-10 17:50:13.012===
===2021-08-10 17:50:13.056===
股票：000558板块涨跌幅判断-额外参数：
	分组名称：1
	走势名称：发
		条件不成立(不符合板块涨跌幅条件)
	结果：未满足，返回code：-1
===2021-08-10 17:50:13.854===
额外条件未满足


===============================================

==============2021-08-10 17:51:25==============
===6开始执行条件2021-08-10 17:51:20.750===
===开始判断价格条件2021-08-10 17:51:20.750===
===开始判断额外/转自动条件2021-08-10 17:51:22.962===
===2021-08-10 17:51:23.214===
股票：000558指定时间段判断-额外参数：
	分组名称：1
	走势名称：时间段
		条件不成立(当前时间：2021-08-10 17:51:20.735,条件时段：09:30:00-13:00:00)
	结果：未满足
===2021-08-10 17:51:23.214===
===2021-08-10 17:51:23.439===
股票：000558板块涨跌幅判断-额外参数：
	分组名称：1
	走势名称：发
		条件不成立(不符合板块涨跌幅条件)
	结果：未满足，返回code：-1
===2021-08-10 17:51:25.453===
额外条件未满足


===============================================

==============2021-08-10 17:52:11==============
===6开始执行条件2021-08-10 17:52:07.720===
===开始判断价格条件2021-08-10 17:52:07.720===
===开始判断额外/转自动条件2021-08-10 17:52:08.445===
===2021-08-10 17:52:08.851===
股票：000558指定时间段判断-额外参数：
	分组名称：1
	走势名称：时间段
		条件不成立(当前时间：2021-08-10 17:52:07.720,条件时段：09:30:00-13:00:00)
	结果：未满足
===2021-08-10 17:52:08.851===
===2021-08-10 17:52:09.045===
股票：000558板块涨跌幅判断-额外参数：
	分组名称：1
	走势名称：发
		条件不成立(不符合板块涨跌幅条件)
	结果：未满足，返回code：-1
===2021-08-10 17:52:11.737===
额外条件未满足


===============================================

==============2021-08-10 17:52:33==============
===6开始执行条件2021-08-10 17:52:25.628===
===开始判断价格条件2021-08-10 17:52:25.628===
===开始判断额外/转自动条件2021-08-10 17:52:28.680===
===2021-08-10 17:52:32.525===
股票：000558指定时间段判断-额外参数：
	分组名称：1
	走势名称：时间段
		条件不成立(当前时间：2021-08-10 17:52:25.627,条件时段：09:30:00-13:00:00)
	结果：未满足
===2021-08-10 17:52:32.525===
===2021-08-10 17:52:32.925===
股票：000558板块涨跌幅判断-额外参数：
	分组名称：1
	走势名称：发
		条件不成立(不符合板块涨跌幅条件)
	结果：未满足，返回code：-1
===2021-08-10 17:52:33.787===
额外条件未满足


===============================================

==============2021-08-10 17:52:47==============
===6开始执行条件2021-08-10 17:52:45.009===
===开始判断价格条件2021-08-10 17:52:45.009===
===开始判断额外/转自动条件2021-08-10 17:52:45.768===
===2021-08-10 17:52:46.226===
股票：000558指定时间段判断-额外参数：
	分组名称：1
	走势名称：时间段
		条件不成立(当前时间：2021-08-10 17:52:45.006,条件时段：09:30:00-13:00:00)
	结果：未满足
===2021-08-10 17:52:46.226===
===2021-08-10 17:52:46.345===
股票：000558板块涨跌幅判断-额外参数：
	分组名称：1
	走势名称：发
		条件不成立(不符合板块涨跌幅条件)
	结果：未满足，返回code：-1
===2021-08-10 17:52:47.901===
额外条件未满足


===============================================

==============2021-08-10 17:53:03==============
===6开始执行条件2021-08-10 17:53:00.116===
===开始判断价格条件2021-08-10 17:53:00.116===
===开始判断额外/转自动条件2021-08-10 17:53:00.755===
===2021-08-10 17:53:01.405===
股票：000558指定时间段判断-额外参数：
	分组名称：1
	走势名称：时间段
		条件不成立(当前时间：2021-08-10 17:53:00.114,条件时段：09:30:00-13:00:00)
	结果：未满足
===2021-08-10 17:53:01.406===
===2021-08-10 17:53:01.568===
股票：000558板块涨跌幅判断-额外参数：
	分组名称：1
	走势名称：发
		条件不成立(不符合板块涨跌幅条件)
	结果：未满足，返回code：-1
===2021-08-10 17:53:03.814===
额外条件未满足


===============================================

==============2021-08-10 17:53:16==============
===6开始执行条件2021-08-10 17:53:14.157===
===开始判断价格条件2021-08-10 17:53:14.157===
===开始判断额外/转自动条件2021-08-10 17:53:14.641===
===2021-08-10 17:53:15.068===
股票：000558指定时间段判断-额外参数：
	分组名称：1
	走势名称：时间段
		条件不成立(当前时间：2021-08-10 17:53:14.157,条件时段：09:30:00-13:00:00)
	结果：未满足
===2021-08-10 17:53:15.068===
===2021-08-10 17:53:15.224===
股票：000558板块涨跌幅判断-额外参数：
	分组名称：1
	走势名称：发
		条件不成立(不符合板块涨跌幅条件)
	结果：未满足，返回code：-1
===2021-08-10 17:53:16.046===
额外条件未满足


===============================================

==============2021-08-10 17:53:34==============
===6开始执行条件2021-08-10 17:53:32.644===
===开始判断价格条件2021-08-10 17:53:32.644===
===开始判断额外/转自动条件2021-08-10 17:53:33.170===
===2021-08-10 17:53:33.596===
股票：000558指定时间段判断-额外参数：
	分组名称：1
	走势名称：时间段
		条件不成立(当前时间：2021-08-10 17:53:32.643,条件时段：09:30:00-13:00:00)
	结果：未满足
===2021-08-10 17:53:33.596===
===2021-08-10 17:53:33.628===
股票：000558板块涨跌幅判断-额外参数：
	分组名称：1
	走势名称：发
		条件不成立(不符合板块涨跌幅条件)
	结果：未满足，返回code：-1
===2021-08-10 17:53:34.712===
额外条件未满足


===============================================

==============2021-08-10 17:53:47==============
===6开始执行条件2021-08-10 17:53:45.017===
===开始判断价格条件2021-08-10 17:53:45.017===
===开始判断额外/转自动条件2021-08-10 17:53:45.484===
===2021-08-10 17:53:45.644===
股票：000558指定时间段判断-额外参数：
	分组名称：1
	走势名称：时间段
		条件不成立(当前时间：2021-08-10 17:53:45.016,条件时段：09:30:00-13:00:00)
	结果：未满足
===2021-08-10 17:53:45.644===
===2021-08-10 17:53:45.728===
股票：000558板块涨跌幅判断-额外参数：
	分组名称：1
	走势名称：发
		条件不成立(不符合板块涨跌幅条件)
	结果：未满足，返回code：-1
===2021-08-10 17:53:47.814===
额外条件未满足


===============================================

==============2021-08-10 17:54:03==============
===6开始执行条件2021-08-10 17:54:02.292===
===开始判断价格条件2021-08-10 17:54:02.293===
===开始判断额外/转自动条件2021-08-10 17:54:02.395===
===2021-08-10 17:54:02.457===
股票：000558指定时间段判断-额外参数：
	分组名称：1
	走势名称：时间段
		条件不成立(当前时间：2021-08-10 17:54:02.292,条件时段：09:30:00-13:00:00)
	结果：未满足
===2021-08-10 17:54:02.457===
===2021-08-10 17:54:02.545===
股票：000558板块涨跌幅判断-额外参数：
	分组名称：1
	走势名称：发
		条件不成立(不符合板块涨跌幅条件)
	结果：未满足，返回code：-1
===2021-08-10 17:54:03.130===
额外条件未满足


===============================================

==============2021-08-10 17:54:19==============
===6开始执行条件2021-08-10 17:54:17.934===
===开始判断价格条件2021-08-10 17:54:17.934===
===开始判断额外/转自动条件2021-08-10 17:54:18.388===
===2021-08-10 17:54:18.883===
股票：000558指定时间段判断-额外参数：
	分组名称：1
	走势名称：时间段
		条件不成立(当前时间：2021-08-10 17:54:17.934,条件时段：09:30:00-13:00:00)
	结果：未满足
===2021-08-10 17:54:18.883===
===2021-08-10 17:54:19.018===
股票：000558板块涨跌幅判断-额外参数：
	分组名称：1
	走势名称：发
		条件不成立(不符合板块涨跌幅条件)
	结果：未满足，返回code：-1
===2021-08-10 17:54:19.894===
额外条件未满足


===============================================

