==============2021-08-09 10:08:57==============
===6开始执行条件2021-08-09 10:08:53.718===
===开始判断价格条件2021-08-09 10:08:53.718===
===开始判断额外/转自动条件2021-08-09 10:08:54.379===
===2021-08-09 10:08:55.307===
股票：000558指定时间段判断-额外参数：
	分组名称：1
	走势名称：时间段
		条件成立(当前时间：2021-08-09 10:08:53.718,条件时段：09:30:00-13:00:00)
	结果：达到要求
===2021-08-09 10:08:56.248===
===2021-08-09 10:08:57.104===
股票：000558多头向上判断-转自动参数：
	分组名称：2
	走势名称：多头向上
	结果：未满足，返回code：0
===2021-08-09 10:08:57.104===
满足所有条件，可以触发


===============================================

==============2021-08-09 10:10:43==============
===6开始执行条件2021-08-09 10:10:39.465===
===开始判断价格条件2021-08-09 10:10:39.465===
===开始判断额外/转自动条件2021-08-09 10:10:40.106===
===2021-08-09 10:10:40.566===
股票：000558指定时间段判断-额外参数：
	分组名称：1
	走势名称：时间段
		条件成立(当前时间：2021-08-09 10:10:39.465,条件时段：09:30:00-13:00:00)
	结果：达到要求
===2021-08-09 10:10:41.770===
===2021-08-09 10:10:43.819===
股票：000558多头向上判断-转自动参数：
	分组名称：2
	走势名称：多头向上
	结果：未满足，返回code：0
===2021-08-09 10:10:43.819===
满足所有条件，可以触发


===============================================

==============2021-08-09 10:10:55==============
===6开始执行条件2021-08-09 10:10:54.398===
===开始判断价格条件2021-08-09 10:10:54.398===
===开始判断额外/转自动条件2021-08-09 10:10:54.842===
===2021-08-09 10:10:55.142===
股票：000558指定时间段判断-额外参数：
	分组名称：1
	走势名称：时间段
		条件成立(当前时间：2021-08-09 10:10:54.398,条件时段：09:30:00-13:00:00)
	结果：达到要求
===2021-08-09 10:10:55.261===
===2021-08-09 10:10:55.444===
股票：000558多头向上判断-转自动参数：
	分组名称：2
	走势名称：多头向上
	结果：未满足，返回code：0
===2021-08-09 10:10:55.444===
满足所有条件，可以触发


===============================================

==============2021-08-09 10:11:06==============
===6开始执行条件2021-08-09 10:11:05.520===
===开始判断价格条件2021-08-09 10:11:05.520===
===开始判断额外/转自动条件2021-08-09 10:11:05.647===
===2021-08-09 10:11:05.768===
股票：000558指定时间段判断-额外参数：
	分组名称：1
	走势名称：时间段
		条件成立(当前时间：2021-08-09 10:11:05.509,条件时段：09:30:00-13:00:00)
	结果：达到要求
===2021-08-09 10:11:05.902===
===2021-08-09 10:11:06.328===
股票：000558多头向上判断-转自动参数：
	分组名称：2
	走势名称：多头向上
	结果：未满足，返回code：0
===2021-08-09 10:11:06.328===
满足所有条件，可以触发


===============================================

==============2021-08-09 10:11:23==============
===6开始执行条件2021-08-09 10:11:21.537===
===开始判断价格条件2021-08-09 10:11:21.537===
===开始判断额外/转自动条件2021-08-09 10:11:21.961===
===2021-08-09 10:11:22.361===
股票：000558指定时间段判断-额外参数：
	分组名称：1
	走势名称：时间段
		条件成立(当前时间：2021-08-09 10:11:21.537,条件时段：09:30:00-13:00:00)
	结果：达到要求
===2021-08-09 10:11:22.701===
===2021-08-09 10:11:23.591===
股票：000558多头向上判断-转自动参数：
	分组名称：2
	走势名称：多头向上
	结果：未满足，返回code：0
===2021-08-09 10:11:23.591===
满足所有条件，可以触发


===============================================

==============2021-08-09 11:02:43==============
===6开始执行条件2021-08-09 11:02:42.616===
===开始判断价格条件2021-08-09 11:02:42.616===
===开始判断额外/转自动条件2021-08-09 11:02:42.721===
===2021-08-09 11:02:42.856===
股票：000558指定时间段判断-额外参数：
	分组名称：1
	走势名称：时间段
		条件成立(当前时间：2021-08-09 11:02:42.603,条件时段：09:30:00-13:00:00)
	结果：达到要求
===2021-08-09 11:02:43.108===
===2021-08-09 11:02:43.250===
股票：000558多头向上判断-转自动参数：
	分组名称：2
	走势名称：多头向上
	结果：未满足，返回code：0
===2021-08-09 11:02:43.250===
满足所有条件，可以触发


===============================================

==============2021-08-09 11:02:51==============
===6开始执行条件2021-08-09 11:02:51.211===
===开始判断价格条件2021-08-09 11:02:51.211===
===开始判断额外/转自动条件2021-08-09 11:02:51.506===
===2021-08-09 11:02:51.597===
股票：000558指定时间段判断-额外参数：
	分组名称：1
	走势名称：时间段
		条件成立(当前时间：2021-08-09 11:02:51.211,条件时段：09:30:00-13:00:00)
	结果：达到要求
===2021-08-09 11:02:51.637===
===2021-08-09 11:02:51.722===
股票：000558多头向上判断-转自动参数：
	分组名称：2
	走势名称：多头向上
	结果：未满足，返回code：0
===2021-08-09 11:02:51.722===
满足所有条件，可以触发


===============================================

==============2021-08-09 11:03:16==============
===6开始执行条件2021-08-09 11:03:15.207===
===开始判断价格条件2021-08-09 11:03:15.207===
===开始判断额外/转自动条件2021-08-09 11:03:15.349===
===2021-08-09 11:03:15.511===
股票：000558指定时间段判断-额外参数：
	分组名称：1
	走势名称：时间段
		条件成立(当前时间：2021-08-09 11:03:15.206,条件时段：09:30:00-13:00:00)
	结果：达到要求
===2021-08-09 11:03:15.573===
===2021-08-09 11:03:16.058===
股票：000558多头向上判断-转自动参数：
	分组名称：2
	走势名称：多头向上
	结果：未满足，返回code：0
===2021-08-09 11:03:16.058===
满足所有条件，可以触发


===============================================

==============2021-08-09 11:03:31==============
===6开始执行条件2021-08-09 11:03:30.003===
===开始判断价格条件2021-08-09 11:03:30.003===
===开始判断额外/转自动条件2021-08-09 11:03:30.240===
===2021-08-09 11:03:30.812===
股票：000558指定时间段判断-额外参数：
	分组名称：1
	走势名称：时间段
		条件成立(当前时间：2021-08-09 11:03:30.003,条件时段：09:30:00-13:00:00)
	结果：达到要求
===2021-08-09 11:03:31.052===
===2021-08-09 11:03:31.415===
股票：000558多头向上判断-转自动参数：
	分组名称：2
	走势名称：多头向上
	结果：未满足，返回code：0
===2021-08-09 11:03:31.415===
满足所有条件，可以触发


===============================================

