==============2021-08-06 14:26:00==============
===6开始执行条件2021-08-06 14:25:59.933===
===开始判断价格条件2021-08-06 14:25:59.933===
===开始判断额外/转自动条件2021-08-06 14:26:00.205===
===2021-08-06 14:26:00.269===
股票：000558指定时间段判断-额外参数：
	分组名称：1
	走势名称：时间段
		条件不成立(当前时间：2021-08-06 14:25:59.922,条件时段：09:30:00-13:00:00)
	结果：未满足
===2021-08-06 14:26:00.269===
===2021-08-06 14:26:00.303===
股票：000558板块涨跌幅判断-额外参数：
	分组名称：1
	走势名称：发
		条件不成立(不符合板块涨跌幅条件)
	结果：未满足，返回code：-1
===2021-08-06 14:26:00.590===
额外条件未满足


===============================================

==============2021-08-06 14:26:44==============
===6开始执行条件2021-08-06 14:26:42.377===
===开始判断价格条件2021-08-06 14:26:42.377===
===开始判断额外/转自动条件2021-08-06 14:26:42.574===
===2021-08-06 14:26:42.658===
股票：000558指定时间段判断-额外参数：
	分组名称：1
	走势名称：时间段
		条件不成立(当前时间：2021-08-06 14:26:42.377,条件时段：09:30:00-13:00:00)
	结果：未满足
===2021-08-06 14:26:42.659===
===2021-08-06 14:26:42.685===
股票：000558板块涨跌幅判断-额外参数：
	分组名称：1
	走势名称：发
		条件不成立(不符合板块涨跌幅条件)
	结果：未满足，返回code：-1
===2021-08-06 14:26:44.374===
额外条件未满足


===============================================

==============2021-08-06 14:26:59==============
===6开始执行条件2021-08-06 14:26:55.248===
===开始判断价格条件2021-08-06 14:26:55.248===
===开始判断额外/转自动条件2021-08-06 14:26:55.656===
===2021-08-06 14:26:56.396===
股票：000558指定时间段判断-额外参数：
	分组名称：1
	走势名称：时间段
		条件不成立(当前时间：2021-08-06 14:26:55.241,条件时段：09:30:00-13:00:00)
	结果：未满足
===2021-08-06 14:26:56.397===
===2021-08-06 14:26:56.604===
股票：000558板块涨跌幅判断-额外参数：
	分组名称：1
	走势名称：发
		条件不成立(不符合板块涨跌幅条件)
	结果：未满足，返回code：-1
===2021-08-06 14:26:59.616===
额外条件未满足


===============================================

==============2021-08-06 14:29:22==============
===6开始执行条件2021-08-06 14:29:20.138===
===开始判断价格条件2021-08-06 14:29:20.138===
===开始判断额外/转自动条件2021-08-06 14:29:20.922===
===2021-08-06 14:29:21.284===
股票：000558指定时间段判断-额外参数：
	分组名称：1
	走势名称：时间段
		条件不成立(当前时间：2021-08-06 14:29:20.138,条件时段：09:30:00-13:00:00)
	结果：未满足
===2021-08-06 14:29:21.284===
===2021-08-06 14:29:21.490===
股票：000558板块涨跌幅判断-额外参数：
	分组名称：1
	走势名称：发
		条件不成立(不符合板块涨跌幅条件)
	结果：未满足，返回code：-1
===2021-08-06 14:29:22.609===
额外条件未满足


===============================================

==============2021-08-06 14:41:20==============
===6开始执行条件2021-08-06 14:41:20.415===
===开始判断价格条件2021-08-06 14:41:20.415===
===开始判断额外/转自动条件2021-08-06 14:41:20.572===
===2021-08-06 14:41:20.629===
股票：000558指定时间段判断-额外参数：
	分组名称：1
	走势名称：时间段
		条件不成立(当前时间：2021-08-06 14:41:20.415,条件时段：09:30:00-13:00:00)
	结果：未满足
===2021-08-06 14:41:20.630===
===2021-08-06 14:41:20.662===
股票：000558板块涨跌幅判断-额外参数：
	分组名称：1
	走势名称：发
		条件不成立(不符合板块涨跌幅条件)
	结果：未满足，返回code：-1
===2021-08-06 14:41:20.898===
额外条件未满足


===============================================

==============2021-08-06 14:43:17==============
===6开始执行条件2021-08-06 14:43:14.743===
===开始判断价格条件2021-08-06 14:43:14.743===
===开始判断额外/转自动条件2021-08-06 14:43:15.004===
===2021-08-06 14:43:15.197===
股票：000558指定时间段判断-额外参数：
	分组名称：1
	走势名称：时间段
		条件不成立(当前时间：2021-08-06 14:43:14.743,条件时段：09:30:00-13:00:00)
	结果：未满足
===2021-08-06 14:43:15.197===
===2021-08-06 14:43:15.309===
股票：000558板块涨跌幅判断-额外参数：
	分组名称：1
	走势名称：发
		条件不成立(不符合板块涨跌幅条件)
	结果：未满足，返回code：-1
===2021-08-06 14:43:17.339===
额外条件未满足


===============================================

==============2021-08-06 15:12:50==============
===6开始执行条件2021-08-06 15:12:49.767===
===开始判断价格条件2021-08-06 15:12:49.767===
===开始判断额外/转自动条件2021-08-06 15:12:50.027===
===2021-08-06 15:12:50.083===
股票：000558指定时间段判断-额外参数：
	分组名称：1
	走势名称：时间段
		条件不成立(当前时间：2021-08-06 15:12:49.767,条件时段：09:30:00-13:00:00)
	结果：未满足
===2021-08-06 15:12:50.083===
===2021-08-06 15:12:50.152===
股票：000558板块涨跌幅判断-额外参数：
	分组名称：1
	走势名称：发
		条件不成立(不符合板块涨跌幅条件)
	结果：未满足，返回code：-1
===2021-08-06 15:12:50.511===
额外条件未满足


===============================================

==============2021-08-06 15:14:08==============
===6开始执行条件2021-08-06 15:14:08.341===
===开始判断价格条件2021-08-06 15:14:08.341===
===开始判断额外/转自动条件2021-08-06 15:14:08.623===
===2021-08-06 15:14:08.676===
股票：000558指定时间段判断-额外参数：
	分组名称：1
	走势名称：时间段
		条件不成立(当前时间：2021-08-06 15:14:08.329,条件时段：09:30:00-13:00:00)
	结果：未满足
===2021-08-06 15:14:08.677===
===2021-08-06 15:14:08.701===
股票：000558板块涨跌幅判断-额外参数：
	分组名称：1
	走势名称：发
		条件不成立(不符合板块涨跌幅条件)
	结果：未满足，返回code：-1
===2021-08-06 15:14:08.874===
额外条件未满足


===============================================

==============2021-08-06 15:28:37==============
===6开始执行条件2021-08-06 15:28:34.377===
===开始判断价格条件2021-08-06 15:28:34.377===
===开始判断额外/转自动条件2021-08-06 15:28:35.161===
===2021-08-06 15:28:35.985===
股票：000558指定时间段判断-额外参数：
	分组名称：1
	走势名称：时间段
		条件不成立(当前时间：2021-08-06 15:28:34.376,条件时段：09:30:00-13:00:00)
	结果：未满足
===2021-08-06 15:28:35.985===
===2021-08-06 15:28:36.104===
股票：000558板块涨跌幅判断-额外参数：
	分组名称：1
	走势名称：发
		条件不成立(不符合板块涨跌幅条件)
	结果：未满足，返回code：-1
===2021-08-06 15:28:37.921===
额外条件未满足


===============================================

==============2021-08-06 15:28:55==============
===6开始执行条件2021-08-06 15:28:53.286===
===开始判断价格条件2021-08-06 15:28:53.286===
===开始判断额外/转自动条件2021-08-06 15:28:53.802===
===2021-08-06 15:28:54.335===
股票：000558指定时间段判断-额外参数：
	分组名称：1
	走势名称：时间段
		条件不成立(当前时间：2021-08-06 15:28:53.285,条件时段：09:30:00-13:00:00)
	结果：未满足
===2021-08-06 15:28:54.336===
===2021-08-06 15:28:54.461===
股票：000558板块涨跌幅判断-额外参数：
	分组名称：1
	走势名称：发
		条件不成立(不符合板块涨跌幅条件)
	结果：未满足，返回code：-1
===2021-08-06 15:28:55.792===
额外条件未满足


===============================================

==============2021-08-06 15:30:04==============
===6开始执行条件2021-08-06 15:30:03.454===
===开始判断价格条件2021-08-06 15:30:03.454===
===开始判断额外/转自动条件2021-08-06 15:30:03.716===
===2021-08-06 15:30:03.858===
股票：000558指定时间段判断-额外参数：
	分组名称：1
	走势名称：时间段
		条件不成立(当前时间：2021-08-06 15:30:03.448,条件时段：09:30:00-13:00:00)
	结果：未满足
===2021-08-06 15:30:03.858===
===2021-08-06 15:30:03.910===
股票：000558板块涨跌幅判断-额外参数：
	分组名称：1
	走势名称：发
		条件不成立(不符合板块涨跌幅条件)
	结果：未满足，返回code：-1
===2021-08-06 15:30:04.320===
额外条件未满足


===============================================

==============2021-08-06 15:30:25==============
===6开始执行条件2021-08-06 15:30:21.520===
===开始判断价格条件2021-08-06 15:30:21.520===
===开始判断额外/转自动条件2021-08-06 15:30:22.039===
===2021-08-06 15:30:22.769===
股票：000558指定时间段判断-额外参数：
	分组名称：1
	走势名称：时间段
		条件不成立(当前时间：2021-08-06 15:30:21.520,条件时段：09:30:00-13:00:00)
	结果：未满足
===2021-08-06 15:30:22.769===
===2021-08-06 15:30:23.002===
股票：000558板块涨跌幅判断-额外参数：
	分组名称：1
	走势名称：发
		条件不成立(不符合板块涨跌幅条件)
	结果：未满足，返回code：-1
===2021-08-06 15:30:25.353===
额外条件未满足


===============================================

==============2021-08-06 15:30:42==============
===6开始执行条件2021-08-06 15:30:41.848===
===开始判断价格条件2021-08-06 15:30:41.848===
===开始判断额外/转自动条件2021-08-06 15:30:41.906===
===2021-08-06 15:30:42.241===
股票：000558指定时间段判断-额外参数：
	分组名称：1
	走势名称：时间段
		条件不成立(当前时间：2021-08-06 15:30:41.848,条件时段：09:30:00-13:00:00)
	结果：未满足
===2021-08-06 15:30:42.241===
===2021-08-06 15:30:42.263===
股票：000558板块涨跌幅判断-额外参数：
	分组名称：1
	走势名称：发
		条件不成立(不符合板块涨跌幅条件)
	结果：未满足，返回code：-1
===2021-08-06 15:30:42.867===
额外条件未满足


===============================================

==============2021-08-06 15:31:04==============
===6开始执行条件2021-08-06 15:31:00.320===
===开始判断价格条件2021-08-06 15:31:00.320===
===开始判断额外/转自动条件2021-08-06 15:31:01.418===
===2021-08-06 15:31:02.172===
股票：000558指定时间段判断-额外参数：
	分组名称：1
	走势名称：时间段
		条件不成立(当前时间：2021-08-06 15:31:00.320,条件时段：09:30:00-13:00:00)
	结果：未满足
===2021-08-06 15:31:02.172===
===2021-08-06 15:31:02.318===
股票：000558板块涨跌幅判断-额外参数：
	分组名称：1
	走势名称：发
		条件不成立(不符合板块涨跌幅条件)
	结果：未满足，返回code：-1
===2021-08-06 15:31:04.058===
额外条件未满足


===============================================

==============2021-08-06 15:31:18==============
===6开始执行条件2021-08-06 15:31:17.500===
===开始判断价格条件2021-08-06 15:31:17.500===
===开始判断额外/转自动条件2021-08-06 15:31:17.686===
===2021-08-06 15:31:17.735===
股票：000558指定时间段判断-额外参数：
	分组名称：1
	走势名称：时间段
		条件不成立(当前时间：2021-08-06 15:31:17.499,条件时段：09:30:00-13:00:00)
	结果：未满足
===2021-08-06 15:31:17.735===
===2021-08-06 15:31:18.071===
股票：000558板块涨跌幅判断-额外参数：
	分组名称：1
	走势名称：发
		条件不成立(不符合板块涨跌幅条件)
	结果：未满足，返回code：-1
===2021-08-06 15:31:18.429===
额外条件未满足


===============================================

==============2021-08-06 15:31:40==============
===6开始执行条件2021-08-06 15:31:37.204===
===开始判断价格条件2021-08-06 15:31:37.204===
===开始判断额外/转自动条件2021-08-06 15:31:38.013===
===2021-08-06 15:31:38.220===
股票：000558指定时间段判断-额外参数：
	分组名称：1
	走势名称：时间段
		条件不成立(当前时间：2021-08-06 15:31:37.204,条件时段：09:30:00-13:00:00)
	结果：未满足
===2021-08-06 15:31:38.220===
===2021-08-06 15:31:38.300===
股票：000558板块涨跌幅判断-额外参数：
	分组名称：1
	走势名称：发
		条件不成立(不符合板块涨跌幅条件)
	结果：未满足，返回code：-1
===2021-08-06 15:31:40.561===
额外条件未满足


===============================================

==============2021-08-06 15:32:00==============
===6开始执行条件2021-08-06 15:31:55.770===
===开始判断价格条件2021-08-06 15:31:55.770===
===开始判断额外/转自动条件2021-08-06 15:31:56.781===
===2021-08-06 15:31:57.483===
股票：000558指定时间段判断-额外参数：
	分组名称：1
	走势名称：时间段
		条件不成立(当前时间：2021-08-06 15:31:55.770,条件时段：09:30:00-13:00:00)
	结果：未满足
===2021-08-06 15:31:57.483===
===2021-08-06 15:31:58.066===
股票：000558板块涨跌幅判断-额外参数：
	分组名称：1
	走势名称：发
		条件不成立(不符合板块涨跌幅条件)
	结果：未满足，返回code：-1
===2021-08-06 15:32:00.131===
额外条件未满足


===============================================

==============2021-08-06 15:32:43==============
===6开始执行条件2021-08-06 15:32:42.423===
===开始判断价格条件2021-08-06 15:32:42.423===
===开始判断额外/转自动条件2021-08-06 15:32:42.798===
===2021-08-06 15:32:42.836===
股票：000558指定时间段判断-额外参数：
	分组名称：1
	走势名称：时间段
		条件不成立(当前时间：2021-08-06 15:32:42.413,条件时段：09:30:00-13:00:00)
	结果：未满足
===2021-08-06 15:32:42.836===
===2021-08-06 15:32:42.868===
股票：000558板块涨跌幅判断-额外参数：
	分组名称：1
	走势名称：发
		条件不成立(不符合板块涨跌幅条件)
	结果：未满足，返回code：-1
===2021-08-06 15:32:43.357===
额外条件未满足


===============================================

==============2021-08-06 15:38:17==============
===6开始执行条件2021-08-06 15:38:14.467===
===开始判断价格条件2021-08-06 15:38:14.467===
===开始判断额外/转自动条件2021-08-06 15:38:15.350===
===2021-08-06 15:38:16.345===
股票：000558指定时间段判断-额外参数：
	分组名称：1
	走势名称：时间段
		条件不成立(当前时间：2021-08-06 15:38:14.467,条件时段：09:30:00-13:00:00)
	结果：未满足
===2021-08-06 15:38:16.345===
===2021-08-06 15:38:16.496===
股票：000558板块涨跌幅判断-额外参数：
	分组名称：1
	走势名称：发
		条件不成立(不符合板块涨跌幅条件)
	结果：未满足，返回code：-1
===2021-08-06 15:38:17.934===
额外条件未满足


===============================================

==============2021-08-06 15:38:36==============
===6开始执行条件2021-08-06 15:38:34.649===
===开始判断价格条件2021-08-06 15:38:34.649===
===开始判断额外/转自动条件2021-08-06 15:38:34.919===
===2021-08-06 15:38:35.000===
股票：000558指定时间段判断-额外参数：
	分组名称：1
	走势名称：时间段
		条件不成立(当前时间：2021-08-06 15:38:34.646,条件时段：09:30:00-13:00:00)
	结果：未满足
===2021-08-06 15:38:35.000===
===2021-08-06 15:38:35.351===
股票：000558板块涨跌幅判断-额外参数：
	分组名称：1
	走势名称：发
		条件不成立(不符合板块涨跌幅条件)
	结果：未满足，返回code：-1
===2021-08-06 15:38:36.109===
额外条件未满足


===============================================

