==============2021-08-06 14:25:50==============
===6开始执行条件2021-08-06 14:25:45.703===
===开始判断价格条件2021-08-06 14:25:45.703===
===开始判断额外/转自动条件2021-08-06 14:25:47.445===
===2021-08-06 14:25:48.199===
股票：002074指定时间段判断-额外参数：
	分组名称：1
	走势名称：时间段
		条件不成立(当前时间：2021-08-06 14:25:45.702,条件时段：09:30:00-13:00:00)
	结果：未满足
===2021-08-06 14:25:48.247===
===2021-08-06 14:25:48.498===
股票：002074板块涨跌幅判断-额外参数：
	分组名称：1
	走势名称：发
		条件不成立(不符合板块涨跌幅条件)
	结果：未满足，返回code：-1
===2021-08-06 14:25:50.435===
额外条件未满足


===============================================

==============2021-08-06 14:26:05==============
===6开始执行条件2021-08-06 14:26:03.774===
===开始判断价格条件2021-08-06 14:26:03.774===
===开始判断额外/转自动条件2021-08-06 14:26:03.904===
===2021-08-06 14:26:03.990===
股票：002074指定时间段判断-额外参数：
	分组名称：1
	走势名称：时间段
		条件不成立(当前时间：2021-08-06 14:26:03.774,条件时段：09:30:00-13:00:00)
	结果：未满足
===2021-08-06 14:26:03.990===
===2021-08-06 14:26:04.017===
股票：002074板块涨跌幅判断-额外参数：
	分组名称：1
	走势名称：发
		条件不成立(不符合板块涨跌幅条件)
	结果：未满足，返回code：-1
===2021-08-06 14:26:05.600===
额外条件未满足


===============================================

==============2021-08-06 14:26:31==============
===6开始执行条件2021-08-06 14:26:25.191===
===开始判断价格条件2021-08-06 14:26:25.191===
===开始判断额外/转自动条件2021-08-06 14:26:27.121===
===2021-08-06 14:26:30.666===
股票：002074指定时间段判断-额外参数：
	分组名称：1
	走势名称：时间段
		条件不成立(当前时间：2021-08-06 14:26:25.191,条件时段：09:30:00-13:00:00)
	结果：未满足
===2021-08-06 14:26:30.666===
===2021-08-06 14:26:31.230===
股票：002074板块涨跌幅判断-额外参数：
	分组名称：1
	走势名称：发
		条件不成立(不符合板块涨跌幅条件)
	结果：未满足，返回code：-1
===2021-08-06 14:26:31.898===
额外条件未满足


===============================================

==============2021-08-06 14:26:35==============
===6开始执行条件2021-08-06 14:26:32.392===
===开始判断价格条件2021-08-06 14:26:32.392===
===开始判断额外/转自动条件2021-08-06 14:26:32.693===
===2021-08-06 14:26:32.887===
股票：002074指定时间段判断-额外参数：
	分组名称：1
	走势名称：时间段
		条件不成立(当前时间：2021-08-06 14:26:32.392,条件时段：09:30:00-13:00:00)
	结果：未满足
===2021-08-06 14:26:32.887===
===2021-08-06 14:26:33.418===
股票：002074板块涨跌幅判断-额外参数：
	分组名称：1
	走势名称：发
		条件不成立(不符合板块涨跌幅条件)
	结果：未满足，返回code：-1
===2021-08-06 14:26:35.544===
额外条件未满足


===============================================

==============2021-08-06 14:26:51==============
===6开始执行条件2021-08-06 14:26:47.673===
===开始判断价格条件2021-08-06 14:26:47.673===
===开始判断额外/转自动条件2021-08-06 14:26:48.032===
===2021-08-06 14:26:48.560===
股票：002074指定时间段判断-额外参数：
	分组名称：1
	走势名称：时间段
		条件不成立(当前时间：2021-08-06 14:26:47.672,条件时段：09:30:00-13:00:00)
	结果：未满足
===2021-08-06 14:26:48.560===
===2021-08-06 14:26:48.674===
股票：002074板块涨跌幅判断-额外参数：
	分组名称：1
	走势名称：发
		条件不成立(不符合板块涨跌幅条件)
	结果：未满足，返回code：-1
===2021-08-06 14:26:51.402===
额外条件未满足


===============================================

==============2021-08-06 14:29:12==============
===6开始执行条件2021-08-06 14:29:11.622===
===开始判断价格条件2021-08-06 14:29:11.622===
===开始判断额外/转自动条件2021-08-06 14:29:11.963===
===2021-08-06 14:29:12.053===
股票：002074指定时间段判断-额外参数：
	分组名称：1
	走势名称：时间段
		条件不成立(当前时间：2021-08-06 14:29:11.622,条件时段：09:30:00-13:00:00)
	结果：未满足
===2021-08-06 14:29:12.056===
===2021-08-06 14:29:12.085===
股票：002074板块涨跌幅判断-额外参数：
	分组名称：1
	走势名称：发
		条件不成立(不符合板块涨跌幅条件)
	结果：未满足，返回code：-1
===2021-08-06 14:29:12.829===
额外条件未满足


===============================================

==============2021-08-06 14:34:31==============
===6开始执行条件2021-08-06 14:34:30.809===
===开始判断价格条件2021-08-06 14:34:30.809===
===开始判断额外/转自动条件2021-08-06 14:34:31.112===
===2021-08-06 14:34:31.264===
股票：002074指定时间段判断-额外参数：
	分组名称：1
	走势名称：时间段
		条件不成立(当前时间：2021-08-06 14:34:30.809,条件时段：09:30:00-13:00:00)
	结果：未满足
===2021-08-06 14:34:31.276===
===2021-08-06 14:34:31.296===
股票：002074板块涨跌幅判断-额外参数：
	分组名称：1
	走势名称：发
		条件不成立(不符合板块涨跌幅条件)
	结果：未满足，返回code：-1
===2021-08-06 14:34:31.908===
额外条件未满足


===============================================

==============2021-08-06 14:41:02==============
===6开始执行条件2021-08-06 14:41:00.540===
===开始判断价格条件2021-08-06 14:41:00.540===
===开始判断额外/转自动条件2021-08-06 14:41:02.164===
===2021-08-06 14:41:02.252===
股票：002074指定时间段判断-额外参数：
	分组名称：1
	走势名称：时间段
		条件不成立(当前时间：2021-08-06 14:41:00.540,条件时段：09:30:00-13:00:00)
	结果：未满足
===2021-08-06 14:41:02.255===
===2021-08-06 14:41:02.274===
股票：002074板块涨跌幅判断-额外参数：
	分组名称：1
	走势名称：发
		条件不成立(不符合板块涨跌幅条件)
	结果：未满足，返回code：-1
===2021-08-06 14:41:02.743===
额外条件未满足


===============================================

==============2021-08-06 14:41:15==============
===6开始执行条件2021-08-06 14:41:14.507===
===开始判断价格条件2021-08-06 14:41:14.507===
===开始判断额外/转自动条件2021-08-06 14:41:14.637===
===2021-08-06 14:41:14.755===
股票：002074指定时间段判断-额外参数：
	分组名称：1
	走势名称：时间段
		条件不成立(当前时间：2021-08-06 14:41:14.506,条件时段：09:30:00-13:00:00)
	结果：未满足
===2021-08-06 14:41:14.755===
===2021-08-06 14:41:14.801===
股票：002074板块涨跌幅判断-额外参数：
	分组名称：1
	走势名称：发
		条件不成立(不符合板块涨跌幅条件)
	结果：未满足，返回code：-1
===2021-08-06 14:41:15.531===
额外条件未满足


===============================================

==============2021-08-06 14:41:42==============
===6开始执行条件2021-08-06 14:41:38.223===
===开始判断价格条件2021-08-06 14:41:38.223===
===开始判断额外/转自动条件2021-08-06 14:41:38.630===
===2021-08-06 14:41:39.088===
股票：002074指定时间段判断-额外参数：
	分组名称：1
	走势名称：时间段
		条件不成立(当前时间：2021-08-06 14:41:38.222,条件时段：09:30:00-13:00:00)
	结果：未满足
===2021-08-06 14:41:39.088===
===2021-08-06 14:41:39.253===
股票：002074板块涨跌幅判断-额外参数：
	分组名称：1
	走势名称：发
		条件不成立(不符合板块涨跌幅条件)
	结果：未满足，返回code：-1
===2021-08-06 14:41:42.840===
额外条件未满足


===============================================

==============2021-08-06 14:42:33==============
===6开始执行条件2021-08-06 14:42:30.131===
===开始判断价格条件2021-08-06 14:42:30.131===
===开始判断额外/转自动条件2021-08-06 14:42:30.455===
===2021-08-06 14:42:30.679===
股票：002074指定时间段判断-额外参数：
	分组名称：1
	走势名称：时间段
		条件不成立(当前时间：2021-08-06 14:42:30.130,条件时段：09:30:00-13:00:00)
	结果：未满足
===2021-08-06 14:42:30.679===
===2021-08-06 14:42:30.808===
股票：002074板块涨跌幅判断-额外参数：
	分组名称：1
	走势名称：发
		条件不成立(不符合板块涨跌幅条件)
	结果：未满足，返回code：-1
===2021-08-06 14:42:33.470===
额外条件未满足


===============================================

==============2021-08-06 14:42:57==============
===6开始执行条件2021-08-06 14:42:51.301===
===开始判断价格条件2021-08-06 14:42:51.301===
===开始判断额外/转自动条件2021-08-06 14:42:52.805===
===2021-08-06 14:42:53.359===
股票：002074指定时间段判断-额外参数：
	分组名称：1
	走势名称：时间段
		条件不成立(当前时间：2021-08-06 14:42:51.293,条件时段：09:30:00-13:00:00)
	结果：未满足
===2021-08-06 14:42:53.359===
===2021-08-06 14:42:53.513===
股票：002074板块涨跌幅判断-额外参数：
	分组名称：1
	走势名称：发
		条件不成立(不符合板块涨跌幅条件)
	结果：未满足，返回code：-1
===2021-08-06 14:42:57.185===
额外条件未满足


===============================================

==============2021-08-06 14:43:06==============
===6开始执行条件2021-08-06 14:43:06.366===
===开始判断价格条件2021-08-06 14:43:06.366===
===开始判断额外/转自动条件2021-08-06 14:43:06.440===
===2021-08-06 14:43:06.500===
股票：002074指定时间段判断-额外参数：
	分组名称：1
	走势名称：时间段
		条件不成立(当前时间：2021-08-06 14:43:06.365,条件时段：09:30:00-13:00:00)
	结果：未满足
===2021-08-06 14:43:06.500===
===2021-08-06 14:43:06.526===
股票：002074板块涨跌幅判断-额外参数：
	分组名称：1
	走势名称：发
		条件不成立(不符合板块涨跌幅条件)
	结果：未满足，返回code：-1
===2021-08-06 14:43:06.806===
额外条件未满足


===============================================

==============2021-08-06 14:43:44==============
===6开始执行条件2021-08-06 14:43:26.280===
===开始判断价格条件2021-08-06 14:43:26.280===
===开始判断额外/转自动条件2021-08-06 14:43:30.936===
===2021-08-06 14:43:32.881===
股票：002074指定时间段判断-额外参数：
	分组名称：1
	走势名称：时间段
		条件不成立(当前时间：2021-08-06 14:43:26.279,条件时段：09:30:00-13:00:00)
	结果：未满足
===2021-08-06 14:43:32.881===
===2021-08-06 14:43:33.392===
股票：002074板块涨跌幅判断-额外参数：
	分组名称：1
	走势名称：发
		条件不成立(不符合板块涨跌幅条件)
	结果：未满足，返回code：-1
===2021-08-06 14:43:44.308===
额外条件未满足


===============================================

==============2021-08-06 15:02:54==============
===6开始执行条件2021-08-06 14:44:07.570===
===开始判断价格条件2021-08-06 14:44:07.570===
===开始判断额外/转自动条件2021-08-06 15:02:40.025===
===2021-08-06 15:02:48.651===
股票：002074指定时间段判断-额外参数：
	分组名称：1
	走势名称：时间段
		条件不成立(当前时间：2021-08-06 14:44:07.570,条件时段：09:30:00-13:00:00)
	结果：未满足
===2021-08-06 15:02:48.651===
===2021-08-06 15:02:49.121===
股票：002074板块涨跌幅判断-额外参数：
	分组名称：1
	走势名称：发
		条件不成立(不符合板块涨跌幅条件)
	结果：未满足，返回code：-1
===2021-08-06 15:02:54.658===
额外条件未满足


===============================================

==============2021-08-06 15:03:12==============
===6开始执行条件2021-08-06 15:03:06.263===
===开始判断价格条件2021-08-06 15:03:06.263===
===开始判断额外/转自动条件2021-08-06 15:03:08.529===
===2021-08-06 15:03:09.025===
股票：002074指定时间段判断-额外参数：
	分组名称：1
	走势名称：时间段
		条件不成立(当前时间：2021-08-06 15:03:06.263,条件时段：09:30:00-13:00:00)
	结果：未满足
===2021-08-06 15:03:09.025===
===2021-08-06 15:03:09.335===
股票：002074板块涨跌幅判断-额外参数：
	分组名称：1
	走势名称：发
		条件不成立(不符合板块涨跌幅条件)
	结果：未满足，返回code：-1
===2021-08-06 15:03:12.186===
额外条件未满足


===============================================

==============2021-08-06 15:03:23==============
===6开始执行条件2021-08-06 15:03:20.540===
===开始判断价格条件2021-08-06 15:03:20.540===
===开始判断额外/转自动条件2021-08-06 15:03:21.091===
===2021-08-06 15:03:21.418===
股票：002074指定时间段判断-额外参数：
	分组名称：1
	走势名称：时间段
		条件不成立(当前时间：2021-08-06 15:03:20.540,条件时段：09:30:00-13:00:00)
	结果：未满足
===2021-08-06 15:03:21.418===
===2021-08-06 15:03:21.930===
股票：002074板块涨跌幅判断-额外参数：
	分组名称：1
	走势名称：发
		条件不成立(不符合板块涨跌幅条件)
	结果：未满足，返回code：-1
===2021-08-06 15:03:23.658===
额外条件未满足


===============================================

==============2021-08-06 15:03:40==============
===6开始执行条件2021-08-06 15:03:38.775===
===开始判断价格条件2021-08-06 15:03:38.775===
===开始判断额外/转自动条件2021-08-06 15:03:39.212===
===2021-08-06 15:03:39.667===
股票：002074指定时间段判断-额外参数：
	分组名称：1
	走势名称：时间段
		条件不成立(当前时间：2021-08-06 15:03:38.774,条件时段：09:30:00-13:00:00)
	结果：未满足
===2021-08-06 15:03:39.667===
===2021-08-06 15:03:39.715===
股票：002074板块涨跌幅判断-额外参数：
	分组名称：1
	走势名称：发
		条件不成立(不符合板块涨跌幅条件)
	结果：未满足，返回code：-1
===2021-08-06 15:03:40.126===
额外条件未满足


===============================================

==============2021-08-06 15:04:54==============
===6开始执行条件2021-08-06 15:04:51.689===
===开始判断价格条件2021-08-06 15:04:51.689===
===开始判断额外/转自动条件2021-08-06 15:04:51.933===
===2021-08-06 15:04:52.128===
股票：002074指定时间段判断-额外参数：
	分组名称：1
	走势名称：时间段
		条件不成立(当前时间：2021-08-06 15:04:51.688,条件时段：09:30:00-13:00:00)
	结果：未满足
===2021-08-06 15:04:52.128===
===2021-08-06 15:04:53.175===
股票：002074板块涨跌幅判断-额外参数：
	分组名称：1
	走势名称：发
		条件不成立(不符合板块涨跌幅条件)
	结果：未满足，返回code：-1
===2021-08-06 15:04:54.413===
额外条件未满足


===============================================

==============2021-08-06 15:05:17==============
===6开始执行条件2021-08-06 15:05:10.515===
===开始判断价格条件2021-08-06 15:05:10.515===
===开始判断额外/转自动条件2021-08-06 15:05:12.284===
===2021-08-06 15:05:12.915===
股票：002074指定时间段判断-额外参数：
	分组名称：1
	走势名称：时间段
		条件不成立(当前时间：2021-08-06 15:05:10.513,条件时段：09:30:00-13:00:00)
	结果：未满足
===2021-08-06 15:05:12.915===
===2021-08-06 15:05:13.274===
股票：002074板块涨跌幅判断-额外参数：
	分组名称：1
	走势名称：发
		条件不成立(不符合板块涨跌幅条件)
	结果：未满足，返回code：-1
===2021-08-06 15:05:17.149===
额外条件未满足


===============================================

==============2021-08-06 15:05:54==============
===6开始执行条件2021-08-06 15:05:52.701===
===开始判断价格条件2021-08-06 15:05:52.701===
===开始判断额外/转自动条件2021-08-06 15:05:52.998===
===2021-08-06 15:05:53.470===
股票：002074指定时间段判断-额外参数：
	分组名称：1
	走势名称：时间段
		条件不成立(当前时间：2021-08-06 15:05:52.700,条件时段：09:30:00-13:00:00)
	结果：未满足
===2021-08-06 15:05:53.470===
===2021-08-06 15:05:53.526===
股票：002074板块涨跌幅判断-额外参数：
	分组名称：1
	走势名称：发
		条件不成立(不符合板块涨跌幅条件)
	结果：未满足，返回code：-1
===2021-08-06 15:05:54.691===
额外条件未满足


===============================================

==============2021-08-06 15:06:09==============
===6开始执行条件2021-08-06 15:06:03.693===
===开始判断价格条件2021-08-06 15:06:03.693===
===开始判断额外/转自动条件2021-08-06 15:06:04.781===
===2021-08-06 15:06:05.484===
股票：002074指定时间段判断-额外参数：
	分组名称：1
	走势名称：时间段
		条件不成立(当前时间：2021-08-06 15:06:03.693,条件时段：09:30:00-13:00:00)
	结果：未满足
===2021-08-06 15:06:05.484===
===2021-08-06 15:06:05.567===
股票：002074板块涨跌幅判断-额外参数：
	分组名称：1
	走势名称：发
		条件不成立(不符合板块涨跌幅条件)
	结果：未满足，返回code：-1
===2021-08-06 15:06:09.941===
额外条件未满足


===============================================

==============2021-08-06 15:06:28==============
===6开始执行条件2021-08-06 15:06:23.108===
===开始判断价格条件2021-08-06 15:06:23.108===
===开始判断额外/转自动条件2021-08-06 15:06:23.820===
===2021-08-06 15:06:24.289===
股票：002074指定时间段判断-额外参数：
	分组名称：1
	走势名称：时间段
		条件不成立(当前时间：2021-08-06 15:06:23.107,条件时段：09:30:00-13:00:00)
	结果：未满足
===2021-08-06 15:06:24.289===
===2021-08-06 15:06:24.512===
股票：002074板块涨跌幅判断-额外参数：
	分组名称：1
	走势名称：发
		条件不成立(不符合板块涨跌幅条件)
	结果：未满足，返回code：-1
===2021-08-06 15:06:28.678===
额外条件未满足


===============================================

==============2021-08-06 15:06:48==============
===6开始执行条件2021-08-06 15:06:43.020===
===开始判断价格条件2021-08-06 15:06:43.020===
===开始判断额外/转自动条件2021-08-06 15:06:44.302===
===2021-08-06 15:06:44.828===
股票：002074指定时间段判断-额外参数：
	分组名称：1
	走势名称：时间段
		条件不成立(当前时间：2021-08-06 15:06:43.020,条件时段：09:30:00-13:00:00)
	结果：未满足
===2021-08-06 15:06:44.828===
===2021-08-06 15:06:44.979===
股票：002074板块涨跌幅判断-额外参数：
	分组名称：1
	走势名称：发
		条件不成立(不符合板块涨跌幅条件)
	结果：未满足，返回code：-1
===2021-08-06 15:06:48.864===
额外条件未满足


===============================================

==============2021-08-06 15:07:59==============
===6开始执行条件2021-08-06 15:07:57.535===
===开始判断价格条件2021-08-06 15:07:57.535===
===开始判断额外/转自动条件2021-08-06 15:07:57.780===
===2021-08-06 15:07:57.873===
股票：002074指定时间段判断-额外参数：
	分组名称：1
	走势名称：时间段
		条件不成立(当前时间：2021-08-06 15:07:57.535,条件时段：09:30:00-13:00:00)
	结果：未满足
===2021-08-06 15:07:57.873===
===2021-08-06 15:07:58.871===
股票：002074板块涨跌幅判断-额外参数：
	分组名称：1
	走势名称：发
		条件不成立(不符合板块涨跌幅条件)
	结果：未满足，返回code：-1
===2021-08-06 15:07:59.458===
额外条件未满足


===============================================

==============2021-08-06 15:11:35==============
===6开始执行条件2021-08-06 15:11:30.787===
===开始判断价格条件2021-08-06 15:11:30.788===
===开始判断额外/转自动条件2021-08-06 15:11:31.930===
===2021-08-06 15:11:32.306===
股票：002074指定时间段判断-额外参数：
	分组名称：1
	走势名称：时间段
		条件不成立(当前时间：2021-08-06 15:11:30.758,条件时段：09:30:00-13:00:00)
	结果：未满足
===2021-08-06 15:11:32.419===
===2021-08-06 15:11:32.596===
股票：002074板块涨跌幅判断-额外参数：
	分组名称：1
	走势名称：发
		条件不成立(不符合板块涨跌幅条件)
	结果：未满足，返回code：-1
===2021-08-06 15:11:35.407===
额外条件未满足


===============================================

==============2021-08-06 15:11:50==============
===6开始执行条件2021-08-06 15:11:47.752===
===开始判断价格条件2021-08-06 15:11:47.752===
===开始判断额外/转自动条件2021-08-06 15:11:48.030===
===2021-08-06 15:11:48.151===
股票：002074指定时间段判断-额外参数：
	分组名称：1
	走势名称：时间段
		条件不成立(当前时间：2021-08-06 15:11:47.752,条件时段：09:30:00-13:00:00)
	结果：未满足
===2021-08-06 15:11:48.151===
===2021-08-06 15:11:48.191===
股票：002074板块涨跌幅判断-额外参数：
	分组名称：1
	走势名称：发
		条件不成立(不符合板块涨跌幅条件)
	结果：未满足，返回code：-1
===2021-08-06 15:11:50.505===
额外条件未满足


===============================================

==============2021-08-06 15:12:10==============
===6开始执行条件2021-08-06 15:12:07.356===
===开始判断价格条件2021-08-06 15:12:07.356===
===开始判断额外/转自动条件2021-08-06 15:12:07.780===
===2021-08-06 15:12:07.984===
股票：002074指定时间段判断-额外参数：
	分组名称：1
	走势名称：时间段
		条件不成立(当前时间：2021-08-06 15:12:07.355,条件时段：09:30:00-13:00:00)
	结果：未满足
===2021-08-06 15:12:07.984===
===2021-08-06 15:12:08.088===
股票：002074板块涨跌幅判断-额外参数：
	分组名称：1
	走势名称：发
		条件不成立(不符合板块涨跌幅条件)
	结果：未满足，返回code：-1
===2021-08-06 15:12:10.637===
额外条件未满足


===============================================

==============2021-08-06 15:12:44==============
===6开始执行条件2021-08-06 15:12:42.865===
===开始判断价格条件2021-08-06 15:12:42.865===
===开始判断额外/转自动条件2021-08-06 15:12:43.058===
===2021-08-06 15:12:43.204===
股票：002074指定时间段判断-额外参数：
	分组名称：1
	走势名称：时间段
		条件不成立(当前时间：2021-08-06 15:12:42.864,条件时段：09:30:00-13:00:00)
	结果：未满足
===2021-08-06 15:12:43.204===
===2021-08-06 15:12:44.167===
股票：002074板块涨跌幅判断-额外参数：
	分组名称：1
	走势名称：发
		条件不成立(不符合板块涨跌幅条件)
	结果：未满足，返回code：-1
===2021-08-06 15:12:44.856===
额外条件未满足


===============================================

==============2021-08-06 15:13:52==============
===6开始执行条件2021-08-06 15:13:49.708===
===开始判断价格条件2021-08-06 15:13:49.708===
===开始判断额外/转自动条件2021-08-06 15:13:49.861===
===2021-08-06 15:13:50.002===
股票：002074指定时间段判断-额外参数：
	分组名称：1
	走势名称：时间段
		条件不成立(当前时间：2021-08-06 15:13:49.705,条件时段：09:30:00-13:00:00)
	结果：未满足
===2021-08-06 15:13:50.002===
===2021-08-06 15:13:50.095===
股票：002074板块涨跌幅判断-额外参数：
	分组名称：1
	走势名称：发
		条件不成立(不符合板块涨跌幅条件)
	结果：未满足，返回code：-1
===2021-08-06 15:13:52.035===
额外条件未满足


===============================================

==============2021-08-06 15:14:03==============
===6开始执行条件2021-08-06 15:14:02.766===
===开始判断价格条件2021-08-06 15:14:02.766===
===开始判断额外/转自动条件2021-08-06 15:14:02.835===
===2021-08-06 15:14:02.877===
股票：002074指定时间段判断-额外参数：
	分组名称：1
	走势名称：时间段
		条件不成立(当前时间：2021-08-06 15:14:02.766,条件时段：09:30:00-13:00:00)
	结果：未满足
===2021-08-06 15:14:02.877===
===2021-08-06 15:14:02.896===
股票：002074板块涨跌幅判断-额外参数：
	分组名称：1
	走势名称：发
		条件不成立(不符合板块涨跌幅条件)
	结果：未满足，返回code：-1
===2021-08-06 15:14:03.222===
额外条件未满足


===============================================

==============2021-08-06 15:26:51==============
===6开始执行条件2021-08-06 15:26:49.798===
===开始判断价格条件2021-08-06 15:26:49.798===
===开始判断额外/转自动条件2021-08-06 15:26:50.047===
===2021-08-06 15:26:50.167===
股票：002074指定时间段判断-额外参数：
	分组名称：1
	走势名称：时间段
		条件不成立(当前时间：2021-08-06 15:26:49.798,条件时段：09:30:00-13:00:00)
	结果：未满足
===2021-08-06 15:26:50.169===
===2021-08-06 15:26:50.184===
股票：002074板块涨跌幅判断-额外参数：
	分组名称：1
	走势名称：发
		条件不成立(不符合板块涨跌幅条件)
	结果：未满足，返回code：-1
===2021-08-06 15:26:51.227===
额外条件未满足


===============================================

==============2021-08-06 15:27:58==============
===6开始执行条件2021-08-06 15:27:54.413===
===开始判断价格条件2021-08-06 15:27:54.413===
===开始判断额外/转自动条件2021-08-06 15:27:54.869===
===2021-08-06 15:27:55.306===
股票：002074指定时间段判断-额外参数：
	分组名称：1
	走势名称：时间段
		条件不成立(当前时间：2021-08-06 15:27:54.412,条件时段：09:30:00-13:00:00)
	结果：未满足
===2021-08-06 15:27:55.307===
===2021-08-06 15:27:55.521===
股票：002074板块涨跌幅判断-额外参数：
	分组名称：1
	走势名称：发
		条件不成立(不符合板块涨跌幅条件)
	结果：未满足，返回code：-1
===2021-08-06 15:27:58.022===
额外条件未满足


===============================================

==============2021-08-06 15:28:30==============
===6开始执行条件2021-08-06 15:28:26.324===
===开始判断价格条件2021-08-06 15:28:26.324===
===开始判断额外/转自动条件2021-08-06 15:28:26.611===
===2021-08-06 15:28:27.022===
股票：002074指定时间段判断-额外参数：
	分组名称：1
	走势名称：时间段
		条件不成立(当前时间：2021-08-06 15:28:26.322,条件时段：09:30:00-13:00:00)
	结果：未满足
===2021-08-06 15:28:27.022===
===2021-08-06 15:28:27.096===
股票：002074板块涨跌幅判断-额外参数：
	分组名称：1
	走势名称：发
		条件不成立(不符合板块涨跌幅条件)
	结果：未满足，返回code：-1
===2021-08-06 15:28:30.194===
额外条件未满足


===============================================

==============2021-08-06 15:28:48==============
===6开始执行条件2021-08-06 15:28:45.307===
===开始判断价格条件2021-08-06 15:28:45.307===
===开始判断额外/转自动条件2021-08-06 15:28:45.600===
===2021-08-06 15:28:45.862===
股票：002074指定时间段判断-额外参数：
	分组名称：1
	走势名称：时间段
		条件不成立(当前时间：2021-08-06 15:28:45.307,条件时段：09:30:00-13:00:00)
	结果：未满足
===2021-08-06 15:28:45.862===
===2021-08-06 15:28:45.966===
股票：002074板块涨跌幅判断-额外参数：
	分组名称：1
	走势名称：发
		条件不成立(不符合板块涨跌幅条件)
	结果：未满足，返回code：-1
===2021-08-06 15:28:48.176===
额外条件未满足


===============================================

==============2021-08-06 15:29:57==============
===6开始执行条件2021-08-06 15:29:56.883===
===开始判断价格条件2021-08-06 15:29:56.883===
===开始判断额外/转自动条件2021-08-06 15:29:56.959===
===2021-08-06 15:29:57.008===
股票：002074指定时间段判断-额外参数：
	分组名称：1
	走势名称：时间段
		条件不成立(当前时间：2021-08-06 15:29:56.883,条件时段：09:30:00-13:00:00)
	结果：未满足
===2021-08-06 15:29:57.008===
===2021-08-06 15:29:57.030===
股票：002074板块涨跌幅判断-额外参数：
	分组名称：1
	走势名称：发
		条件不成立(不符合板块涨跌幅条件)
	结果：未满足，返回code：-1
===2021-08-06 15:29:57.350===
额外条件未满足


===============================================

==============2021-08-06 15:30:16==============
===6开始执行条件2021-08-06 15:30:13.494===
===开始判断价格条件2021-08-06 15:30:13.494===
===开始判断额外/转自动条件2021-08-06 15:30:13.858===
===2021-08-06 15:30:14.115===
股票：002074指定时间段判断-额外参数：
	分组名称：1
	走势名称：时间段
		条件不成立(当前时间：2021-08-06 15:30:13.493,条件时段：09:30:00-13:00:00)
	结果：未满足
===2021-08-06 15:30:14.115===
===2021-08-06 15:30:14.159===
股票：002074板块涨跌幅判断-额外参数：
	分组名称：1
	走势名称：发
		条件不成立(不符合板块涨跌幅条件)
	结果：未满足，返回code：-1
===2021-08-06 15:30:16.290===
额外条件未满足


===============================================

==============2021-08-06 15:30:35==============
===6开始执行条件2021-08-06 15:30:35.142===
===开始判断价格条件2021-08-06 15:30:35.142===
===开始判断额外/转自动条件2021-08-06 15:30:35.215===
===2021-08-06 15:30:35.259===
股票：002074指定时间段判断-额外参数：
	分组名称：1
	走势名称：时间段
		条件不成立(当前时间：2021-08-06 15:30:35.142,条件时段：09:30:00-13:00:00)
	结果：未满足
===2021-08-06 15:30:35.259===
===2021-08-06 15:30:35.281===
股票：002074板块涨跌幅判断-额外参数：
	分组名称：1
	走势名称：发
		条件不成立(不符合板块涨跌幅条件)
	结果：未满足，返回code：-1
===2021-08-06 15:30:35.478===
额外条件未满足


===============================================

==============2021-08-06 15:30:56==============
===6开始执行条件2021-08-06 15:30:52.632===
===开始判断价格条件2021-08-06 15:30:52.632===
===开始判断额外/转自动条件2021-08-06 15:30:52.940===
===2021-08-06 15:30:53.480===
股票：002074指定时间段判断-额外参数：
	分组名称：1
	走势名称：时间段
		条件不成立(当前时间：2021-08-06 15:30:52.631,条件时段：09:30:00-13:00:00)
	结果：未满足
===2021-08-06 15:30:53.480===
===2021-08-06 15:30:53.749===
股票：002074板块涨跌幅判断-额外参数：
	分组名称：1
	走势名称：发
		条件不成立(不符合板块涨跌幅条件)
	结果：未满足，返回code：-1
===2021-08-06 15:30:56.891===
额外条件未满足


===============================================

==============2021-08-06 15:31:10==============
===6开始执行条件2021-08-06 15:31:10.338===
===开始判断价格条件2021-08-06 15:31:10.338===
===开始判断额外/转自动条件2021-08-06 15:31:10.404===
===2021-08-06 15:31:10.444===
股票：002074指定时间段判断-额外参数：
	分组名称：1
	走势名称：时间段
		条件不成立(当前时间：2021-08-06 15:31:10.338,条件时段：09:30:00-13:00:00)
	结果：未满足
===2021-08-06 15:31:10.444===
===2021-08-06 15:31:10.465===
股票：002074板块涨跌幅判断-额外参数：
	分组名称：1
	走势名称：发
		条件不成立(不符合板块涨跌幅条件)
	结果：未满足，返回code：-1
===2021-08-06 15:31:10.951===
额外条件未满足


===============================================

==============2021-08-06 15:31:31==============
===6开始执行条件2021-08-06 15:31:28.640===
===开始判断价格条件2021-08-06 15:31:28.640===
===开始判断额外/转自动条件2021-08-06 15:31:29.006===
===2021-08-06 15:31:29.293===
股票：002074指定时间段判断-额外参数：
	分组名称：1
	走势名称：时间段
		条件不成立(当前时间：2021-08-06 15:31:28.640,条件时段：09:30:00-13:00:00)
	结果：未满足
===2021-08-06 15:31:29.293===
===2021-08-06 15:31:29.461===
股票：002074板块涨跌幅判断-额外参数：
	分组名称：1
	走势名称：发
		条件不成立(不符合板块涨跌幅条件)
	结果：未满足，返回code：-1
===2021-08-06 15:31:31.213===
额外条件未满足


===============================================

==============2021-08-06 15:31:50==============
===6开始执行条件2021-08-06 15:31:46.440===
===开始判断价格条件2021-08-06 15:31:46.440===
===开始判断额外/转自动条件2021-08-06 15:31:46.923===
===2021-08-06 15:31:47.107===
股票：002074指定时间段判断-额外参数：
	分组名称：1
	走势名称：时间段
		条件不成立(当前时间：2021-08-06 15:31:46.440,条件时段：09:30:00-13:00:00)
	结果：未满足
===2021-08-06 15:31:47.107===
===2021-08-06 15:31:47.171===
股票：002074板块涨跌幅判断-额外参数：
	分组名称：1
	走势名称：发
		条件不成立(不符合板块涨跌幅条件)
	结果：未满足，返回code：-1
===2021-08-06 15:31:50.675===
额外条件未满足


===============================================

==============2021-08-06 15:32:13==============
===6开始执行条件2021-08-06 15:32:08.401===
===开始判断价格条件2021-08-06 15:32:08.401===
===开始判断额外/转自动条件2021-08-06 15:32:09.450===
===2021-08-06 15:32:10.627===
股票：002074指定时间段判断-额外参数：
	分组名称：1
	走势名称：时间段
		条件不成立(当前时间：2021-08-06 15:32:08.401,条件时段：09:30:00-13:00:00)
	结果：未满足
===2021-08-06 15:32:10.627===
===2021-08-06 15:32:10.931===
股票：002074板块涨跌幅判断-额外参数：
	分组名称：1
	走势名称：发
		条件不成立(不符合板块涨跌幅条件)
	结果：未满足，返回code：-1
===2021-08-06 15:32:13.710===
额外条件未满足


===============================================

==============2021-08-06 15:32:30==============
===6开始执行条件2021-08-06 15:32:27.162===
===开始判断价格条件2021-08-06 15:32:27.162===
===开始判断额外/转自动条件2021-08-06 15:32:27.632===
===2021-08-06 15:32:27.959===
股票：002074指定时间段判断-额外参数：
	分组名称：1
	走势名称：时间段
		条件不成立(当前时间：2021-08-06 15:32:27.162,条件时段：09:30:00-13:00:00)
	结果：未满足
===2021-08-06 15:32:27.959===
===2021-08-06 15:32:28.178===
股票：002074板块涨跌幅判断-额外参数：
	分组名称：1
	走势名称：发
		条件不成立(不符合板块涨跌幅条件)
	结果：未满足，返回code：-1
===2021-08-06 15:32:30.331===
额外条件未满足


===============================================

==============2021-08-06 15:32:37==============
===6开始执行条件2021-08-06 15:32:37.023===
===开始判断价格条件2021-08-06 15:32:37.023===
===开始判断额外/转自动条件2021-08-06 15:32:37.130===
===2021-08-06 15:32:37.231===
股票：002074指定时间段判断-额外参数：
	分组名称：1
	走势名称：时间段
		条件不成立(当前时间：2021-08-06 15:32:37.021,条件时段：09:30:00-13:00:00)
	结果：未满足
===2021-08-06 15:32:37.231===
===2021-08-06 15:32:37.266===
股票：002074板块涨跌幅判断-额外参数：
	分组名称：1
	走势名称：发
		条件不成立(不符合板块涨跌幅条件)
	结果：未满足，返回code：-1
===2021-08-06 15:32:37.516===
额外条件未满足


===============================================

==============2021-08-06 15:32:52==============
===6开始执行条件2021-08-06 15:32:51.171===
===开始判断价格条件2021-08-06 15:32:51.171===
===开始判断额外/转自动条件2021-08-06 15:32:51.668===
===2021-08-06 15:32:51.752===
股票：002074指定时间段判断-额外参数：
	分组名称：1
	走势名称：时间段
		条件不成立(当前时间：2021-08-06 15:32:51.171,条件时段：09:30:00-13:00:00)
	结果：未满足
===2021-08-06 15:32:51.752===
===2021-08-06 15:32:51.809===
股票：002074板块涨跌幅判断-额外参数：
	分组名称：1
	走势名称：发
		条件不成立(不符合板块涨跌幅条件)
	结果：未满足，返回code：-1
===2021-08-06 15:32:52.242===
额外条件未满足


===============================================

==============2021-08-06 15:33:06==============
===6开始执行条件2021-08-06 15:33:02.589===
===开始判断价格条件2021-08-06 15:33:02.589===
===开始判断额外/转自动条件2021-08-06 15:33:03.178===
===2021-08-06 15:33:03.634===
股票：002074指定时间段判断-额外参数：
	分组名称：1
	走势名称：时间段
		条件不成立(当前时间：2021-08-06 15:33:02.588,条件时段：09:30:00-13:00:00)
	结果：未满足
===2021-08-06 15:33:03.634===
===2021-08-06 15:33:03.772===
股票：002074板块涨跌幅判断-额外参数：
	分组名称：1
	走势名称：发
		条件不成立(不符合板块涨跌幅条件)
	结果：未满足，返回code：-1
===2021-08-06 15:33:06.869===
额外条件未满足


===============================================

==============2021-08-06 15:36:37==============
===6开始执行条件2021-08-06 15:33:20.502===
===开始判断价格条件2021-08-06 15:33:20.502===
===开始判断额外/转自动条件2021-08-06 15:35:42.645===
===2021-08-06 15:35:54.918===
股票：002074指定时间段判断-额外参数：
	分组名称：1
	走势名称：时间段
		条件不成立(当前时间：2021-08-06 15:33:20.502,条件时段：09:30:00-13:00:00)
	结果：未满足
===2021-08-06 15:35:54.918===
===2021-08-06 15:35:55.404===
股票：002074板块涨跌幅判断-额外参数：
	分组名称：1
	走势名称：发
		条件不成立(不符合板块涨跌幅条件)
	结果：未满足，返回code：-1
===2021-08-06 15:36:37.354===
额外条件未满足


===============================================

==============2021-08-06 15:38:08==============
===6开始执行条件2021-08-06 15:38:06.441===
===开始判断价格条件2021-08-06 15:38:06.441===
===开始判断额外/转自动条件2021-08-06 15:38:06.844===
===2021-08-06 15:38:07.013===
股票：002074指定时间段判断-额外参数：
	分组名称：1
	走势名称：时间段
		条件不成立(当前时间：2021-08-06 15:38:06.436,条件时段：09:30:00-13:00:00)
	结果：未满足
===2021-08-06 15:38:07.013===
===2021-08-06 15:38:07.048===
股票：002074板块涨跌幅判断-额外参数：
	分组名称：1
	走势名称：发
		条件不成立(不符合板块涨跌幅条件)
	结果：未满足，返回code：-1
===2021-08-06 15:38:08.972===
额外条件未满足


===============================================

==============2021-08-06 15:38:27==============
===6开始执行条件2021-08-06 15:38:27.382===
===开始判断价格条件2021-08-06 15:38:27.382===
===开始判断额外/转自动条件2021-08-06 15:38:27.455===
===2021-08-06 15:38:27.488===
股票：002074指定时间段判断-额外参数：
	分组名称：1
	走势名称：时间段
		条件不成立(当前时间：2021-08-06 15:38:27.382,条件时段：09:30:00-13:00:00)
	结果：未满足
===2021-08-06 15:38:27.488===
===2021-08-06 15:38:27.527===
股票：002074板块涨跌幅判断-额外参数：
	分组名称：1
	走势名称：发
		条件不成立(不符合板块涨跌幅条件)
	结果：未满足，返回code：-1
===2021-08-06 15:38:27.722===
额外条件未满足


===============================================

==============2021-08-06 15:40:25==============
===6开始执行条件2021-08-06 15:40:18.102===
===开始判断价格条件2021-08-06 15:40:18.102===
===开始判断额外/转自动条件2021-08-06 15:40:18.552===
===2021-08-06 15:40:19.562===
股票：002074指定时间段判断-额外参数：
	分组名称：1
	走势名称：时间段
		条件不成立(当前时间：2021-08-06 15:40:18.102,条件时段：09:30:00-13:00:00)
	结果：未满足
===2021-08-06 15:40:19.562===
===2021-08-06 15:40:19.828===
股票：002074板块涨跌幅判断-额外参数：
	分组名称：1
	走势名称：发
		条件不成立(不符合板块涨跌幅条件)
	结果：未满足，返回code：-1
===2021-08-06 15:40:25.423===
额外条件未满足


===============================================

