==============2021-08-11 10:28:19==============
===6开始执行条件2021-08-11 10:28:17.544===
===开始判断价格条件2021-08-11 10:28:17.544===
===开始判断额外/转自动条件2021-08-11 10:28:18.288===
===2021-08-11 10:28:18.380===
股票：002074指定时间段判断-额外参数：
	分组名称：1
	走势名称：时间段
		条件成立(当前时间：2021-08-11 10:28:17.544,条件时段：09:30:00-13:00:00)
	结果：达到要求
===2021-08-11 10:28:18.795===
===2021-08-11 10:28:19.048===
股票：002074多头向上判断-转自动参数：
	分组名称：2
	走势名称：多头向上
	结果：未满足，返回code：0
===2021-08-11 10:28:19.089===
满足所有条件，可以触发


===============================================

==============2021-08-11 10:28:27==============
===6开始执行条件2021-08-11 10:28:26.085===
===开始判断价格条件2021-08-11 10:28:26.085===
===开始判断额外/转自动条件2021-08-11 10:28:26.301===
===2021-08-11 10:28:26.415===
股票：002074指定时间段判断-额外参数：
	分组名称：1
	走势名称：时间段
		条件成立(当前时间：2021-08-11 10:28:26.075,条件时段：09:30:00-13:00:00)
	结果：达到要求
===2021-08-11 10:28:26.552===
===2021-08-11 10:28:27.115===
股票：002074多头向上判断-转自动参数：
	分组名称：2
	走势名称：多头向上
	结果：未满足，返回code：0
===2021-08-11 10:28:27.115===
满足所有条件，可以触发


===============================================

==============2021-08-11 10:28:48==============
===6开始执行条件2021-08-11 10:28:48.172===
===开始判断价格条件2021-08-11 10:28:48.172===
===开始判断额外/转自动条件2021-08-11 10:28:48.271===
===2021-08-11 10:28:48.334===
股票：002074指定时间段判断-额外参数：
	分组名称：1
	走势名称：时间段
		条件成立(当前时间：2021-08-11 10:28:48.152,条件时段：09:30:00-13:00:00)
	结果：达到要求
===2021-08-11 10:28:48.413===
===2021-08-11 10:28:48.565===
股票：002074多头向上判断-转自动参数：
	分组名称：2
	走势名称：多头向上
	结果：未满足，返回code：0
===2021-08-11 10:28:48.566===
满足所有条件，可以触发


===============================================

==============2021-08-11 10:28:58==============
===6开始执行条件2021-08-11 10:28:57.495===
===开始判断价格条件2021-08-11 10:28:57.495===
===开始判断额外/转自动条件2021-08-11 10:28:57.700===
===2021-08-11 10:28:57.850===
股票：002074指定时间段判断-额外参数：
	分组名称：1
	走势名称：时间段
		条件成立(当前时间：2021-08-11 10:28:57.495,条件时段：09:30:00-13:00:00)
	结果：达到要求
===2021-08-11 10:28:58.026===
===2021-08-11 10:28:58.347===
股票：002074多头向上判断-转自动参数：
	分组名称：2
	走势名称：多头向上
	结果：未满足，返回code：0
===2021-08-11 10:28:58.348===
满足所有条件，可以触发


===============================================

==============2021-08-11 10:29:40==============
===6开始执行条件2021-08-11 10:29:39.941===
===开始判断价格条件2021-08-11 10:29:39.941===
===开始判断额外/转自动条件2021-08-11 10:29:40.118===
===2021-08-11 10:29:40.356===
股票：002074指定时间段判断-额外参数：
	分组名称：1
	走势名称：时间段
		条件成立(当前时间：2021-08-11 10:29:39.938,条件时段：09:30:00-13:00:00)
	结果：达到要求
===2021-08-11 10:29:40.459===
===2021-08-11 10:29:40.695===
股票：002074多头向上判断-转自动参数：
	分组名称：2
	走势名称：多头向上
	结果：未满足，返回code：0
===2021-08-11 10:29:40.695===
满足所有条件，可以触发


===============================================

==============2021-08-11 10:29:52==============
===6开始执行条件2021-08-11 10:29:49.836===
===开始判断价格条件2021-08-11 10:29:49.836===
===开始判断额外/转自动条件2021-08-11 10:29:50.406===
===2021-08-11 10:29:51.460===
股票：002074指定时间段判断-额外参数：
	分组名称：1
	走势名称：时间段
		条件成立(当前时间：2021-08-11 10:29:49.835,条件时段：09:30:00-13:00:00)
	结果：达到要求
===2021-08-11 10:29:52.025===
===2021-08-11 10:29:52.856===
股票：002074多头向上判断-转自动参数：
	分组名称：2
	走势名称：多头向上
	结果：未满足，返回code：0
===2021-08-11 10:29:52.856===
满足所有条件，可以触发


===============================================

==============2021-08-11 10:30:05==============
===6开始执行条件2021-08-11 10:30:05.083===
===开始判断价格条件2021-08-11 10:30:05.083===
===开始判断额外/转自动条件2021-08-11 10:30:05.227===
===2021-08-11 10:30:05.306===
股票：002074指定时间段判断-额外参数：
	分组名称：1
	走势名称：时间段
		条件成立(当前时间：2021-08-11 10:30:05.082,条件时段：09:30:00-13:00:00)
	结果：达到要求
===2021-08-11 10:30:05.416===
===2021-08-11 10:30:05.572===
股票：002074多头向上判断-转自动参数：
	分组名称：2
	走势名称：多头向上
	结果：未满足，返回code：0
===2021-08-11 10:30:05.573===
满足所有条件，可以触发


===============================================

==============2021-08-11 10:30:12==============
===6开始执行条件2021-08-11 10:30:11.689===
===开始判断价格条件2021-08-11 10:30:11.689===
===开始判断额外/转自动条件2021-08-11 10:30:11.789===
===2021-08-11 10:30:11.869===
股票：002074指定时间段判断-额外参数：
	分组名称：1
	走势名称：时间段
		条件成立(当前时间：2021-08-11 10:30:11.689,条件时段：09:30:00-13:00:00)
	结果：达到要求
===2021-08-11 10:30:11.985===
===2021-08-11 10:30:12.085===
股票：002074多头向上判断-转自动参数：
	分组名称：2
	走势名称：多头向上
	结果：未满足，返回code：0
===2021-08-11 10:30:12.085===
满足所有条件，可以触发


===============================================

==============2021-08-11 10:30:19==============
===6开始执行条件2021-08-11 10:30:19.745===
===开始判断价格条件2021-08-11 10:30:19.745===
===开始判断额外/转自动条件2021-08-11 10:30:19.799===
===2021-08-11 10:30:19.834===
股票：002074指定时间段判断-额外参数：
	分组名称：1
	走势名称：时间段
		条件成立(当前时间：2021-08-11 10:30:19.745,条件时段：09:30:00-13:00:00)
	结果：达到要求
===2021-08-11 10:30:19.867===
===2021-08-11 10:30:19.921===
股票：002074多头向上判断-转自动参数：
	分组名称：2
	走势名称：多头向上
	结果：未满足，返回code：0
===2021-08-11 10:30:19.921===
满足所有条件，可以触发


===============================================

==============2021-08-11 10:30:27==============
===6开始执行条件2021-08-11 10:30:27.458===
===开始判断价格条件2021-08-11 10:30:27.458===
===开始判断额外/转自动条件2021-08-11 10:30:27.637===
===2021-08-11 10:30:27.714===
股票：002074指定时间段判断-额外参数：
	分组名称：1
	走势名称：时间段
		条件成立(当前时间：2021-08-11 10:30:27.457,条件时段：09:30:00-13:00:00)
	结果：达到要求
===2021-08-11 10:30:27.823===
===2021-08-11 10:30:27.955===
股票：002074多头向上判断-转自动参数：
	分组名称：2
	走势名称：多头向上
	结果：未满足，返回code：0
===2021-08-11 10:30:27.955===
满足所有条件，可以触发


===============================================

==============2021-08-11 10:30:35==============
===6开始执行条件2021-08-11 10:30:35.577===
===开始判断价格条件2021-08-11 10:30:35.577===
===开始判断额外/转自动条件2021-08-11 10:30:35.651===
===2021-08-11 10:30:35.709===
股票：002074指定时间段判断-额外参数：
	分组名称：1
	走势名称：时间段
		条件成立(当前时间：2021-08-11 10:30:35.576,条件时段：09:30:00-13:00:00)
	结果：达到要求
===2021-08-11 10:30:35.803===
===2021-08-11 10:30:35.887===
股票：002074多头向上判断-转自动参数：
	分组名称：2
	走势名称：多头向上
	结果：未满足，返回code：0
===2021-08-11 10:30:35.887===
满足所有条件，可以触发


===============================================

==============2021-08-11 10:30:39==============
===6开始执行条件2021-08-11 10:30:39.379===
===开始判断价格条件2021-08-11 10:30:39.379===
===开始判断额外/转自动条件2021-08-11 10:30:39.508===
===2021-08-11 10:30:39.585===
股票：002074指定时间段判断-额外参数：
	分组名称：1
	走势名称：时间段
		条件成立(当前时间：2021-08-11 10:30:39.379,条件时段：09:30:00-13:00:00)
	结果：达到要求
===2021-08-11 10:30:39.699===
===2021-08-11 10:30:39.803===
股票：002074多头向上判断-转自动参数：
	分组名称：2
	走势名称：多头向上
	结果：未满足，返回code：0
===2021-08-11 10:30:39.803===
满足所有条件，可以触发


===============================================

==============2021-08-11 10:30:47==============
===6开始执行条件2021-08-11 10:30:47.552===
===开始判断价格条件2021-08-11 10:30:47.552===
===开始判断额外/转自动条件2021-08-11 10:30:47.621===
===2021-08-11 10:30:47.855===
股票：002074指定时间段判断-额外参数：
	分组名称：1
	走势名称：时间段
		条件成立(当前时间：2021-08-11 10:30:47.552,条件时段：09:30:00-13:00:00)
	结果：达到要求
===2021-08-11 10:30:47.908===
===2021-08-11 10:30:47.992===
股票：002074多头向上判断-转自动参数：
	分组名称：2
	走势名称：多头向上
	结果：未满足，返回code：0
===2021-08-11 10:30:47.992===
满足所有条件，可以触发


===============================================

==============2021-08-11 10:30:56==============
===6开始执行条件2021-08-11 10:30:55.219===
===开始判断价格条件2021-08-11 10:30:55.219===
===开始判断额外/转自动条件2021-08-11 10:30:55.605===
===2021-08-11 10:30:55.647===
股票：002074指定时间段判断-额外参数：
	分组名称：1
	走势名称：时间段
		条件成立(当前时间：2021-08-11 10:30:55.219,条件时段：09:30:00-13:00:00)
	结果：达到要求
===2021-08-11 10:30:55.991===
===2021-08-11 10:30:56.072===
股票：002074多头向上判断-转自动参数：
	分组名称：2
	走势名称：多头向上
	结果：未满足，返回code：0
===2021-08-11 10:30:56.072===
满足所有条件，可以触发


===============================================

==============2021-08-11 10:31:14==============
===6开始执行条件2021-08-11 10:31:13.902===
===开始判断价格条件2021-08-11 10:31:13.902===
===开始判断额外/转自动条件2021-08-11 10:31:14.037===
===2021-08-11 10:31:14.104===
股票：002074指定时间段判断-额外参数：
	分组名称：1
	走势名称：时间段
		条件成立(当前时间：2021-08-11 10:31:13.901,条件时段：09:30:00-13:00:00)
	结果：达到要求
===2021-08-11 10:31:14.162===
===2021-08-11 10:31:14.231===
股票：002074多头向上判断-转自动参数：
	分组名称：2
	走势名称：多头向上
	结果：未满足，返回code：0
===2021-08-11 10:31:14.231===
满足所有条件，可以触发


===============================================

==============2021-08-11 10:31:22==============
===6开始执行条件2021-08-11 10:31:20.847===
===开始判断价格条件2021-08-11 10:31:20.847===
===开始判断额外/转自动条件2021-08-11 10:31:20.966===
===2021-08-11 10:31:21.398===
股票：002074指定时间段判断-额外参数：
	分组名称：1
	走势名称：时间段
		条件成立(当前时间：2021-08-11 10:31:20.847,条件时段：09:30:00-13:00:00)
	结果：达到要求
===2021-08-11 10:31:21.521===
===2021-08-11 10:31:22.978===
股票：002074多头向上判断-转自动参数：
	分组名称：2
	走势名称：多头向上
	结果：未满足，返回code：0
===2021-08-11 10:31:22.978===
满足所有条件，可以触发


===============================================

==============2021-08-11 10:31:29==============
===6开始执行条件2021-08-11 10:31:28.068===
===开始判断价格条件2021-08-11 10:31:28.068===
===开始判断额外/转自动条件2021-08-11 10:31:28.204===
===2021-08-11 10:31:28.250===
股票：002074指定时间段判断-额外参数：
	分组名称：1
	走势名称：时间段
		条件成立(当前时间：2021-08-11 10:31:28.067,条件时段：09:30:00-13:00:00)
	结果：达到要求
===2021-08-11 10:31:28.388===
===2021-08-11 10:31:29.739===
股票：002074多头向上判断-转自动参数：
	分组名称：2
	走势名称：多头向上
	结果：未满足，返回code：0
===2021-08-11 10:31:29.739===
满足所有条件，可以触发


===============================================

==============2021-08-11 10:31:38==============
===6开始执行条件2021-08-11 10:31:36.795===
===开始判断价格条件2021-08-11 10:31:36.795===
===开始判断额外/转自动条件2021-08-11 10:31:37.340===
===2021-08-11 10:31:37.611===
股票：002074指定时间段判断-额外参数：
	分组名称：1
	走势名称：时间段
		条件成立(当前时间：2021-08-11 10:31:36.794,条件时段：09:30:00-13:00:00)
	结果：达到要求
===2021-08-11 10:31:38.128===
===2021-08-11 10:31:38.839===
股票：002074多头向上判断-转自动参数：
	分组名称：2
	走势名称：多头向上
	结果：未满足，返回code：0
===2021-08-11 10:31:38.839===
满足所有条件，可以触发


===============================================

==============2021-08-11 10:31:56==============
===6开始执行条件2021-08-11 10:31:54.252===
===开始判断价格条件2021-08-11 10:31:54.252===
===开始判断额外/转自动条件2021-08-11 10:31:54.653===
===2021-08-11 10:31:54.994===
股票：002074指定时间段判断-额外参数：
	分组名称：1
	走势名称：时间段
		条件成立(当前时间：2021-08-11 10:31:54.251,条件时段：09:30:00-13:00:00)
	结果：达到要求
===2021-08-11 10:31:55.718===
===2021-08-11 10:31:56.446===
股票：002074多头向上判断-转自动参数：
	分组名称：2
	走势名称：多头向上
	结果：未满足，返回code：0
===2021-08-11 10:31:56.464===
满足所有条件，可以触发


===============================================

==============2021-08-11 10:32:13==============
===6开始执行条件2021-08-11 10:32:10.622===
===开始判断价格条件2021-08-11 10:32:10.622===
===开始判断额外/转自动条件2021-08-11 10:32:10.973===
===2021-08-11 10:32:11.315===
股票：002074指定时间段判断-额外参数：
	分组名称：1
	走势名称：时间段
		条件成立(当前时间：2021-08-11 10:32:10.622,条件时段：09:30:00-13:00:00)
	结果：达到要求
===2021-08-11 10:32:11.868===
===2021-08-11 10:32:13.088===
股票：002074多头向上判断-转自动参数：
	分组名称：2
	走势名称：多头向上
	结果：未满足，返回code：0
===2021-08-11 10:32:13.088===
满足所有条件，可以触发


===============================================

==============2021-08-11 10:32:41==============
===6开始执行条件2021-08-11 10:32:41.152===
===开始判断价格条件2021-08-11 10:32:41.152===
===开始判断额外/转自动条件2021-08-11 10:32:41.275===
===2021-08-11 10:32:41.385===
股票：002074指定时间段判断-额外参数：
	分组名称：1
	走势名称：时间段
		条件成立(当前时间：2021-08-11 10:32:41.152,条件时段：09:30:00-13:00:00)
	结果：达到要求
===2021-08-11 10:32:41.487===
===2021-08-11 10:32:41.624===
股票：002074多头向上判断-转自动参数：
	分组名称：2
	走势名称：多头向上
	结果：未满足，返回code：0
===2021-08-11 10:32:41.624===
满足所有条件，可以触发


===============================================

==============2021-08-11 10:32:54==============
===6开始执行条件2021-08-11 10:32:53.891===
===开始判断价格条件2021-08-11 10:32:53.891===
===开始判断额外/转自动条件2021-08-11 10:32:53.974===
===2021-08-11 10:32:54.027===
股票：002074指定时间段判断-额外参数：
	分组名称：1
	走势名称：时间段
		条件成立(当前时间：2021-08-11 10:32:53.890,条件时段：09:30:00-13:00:00)
	结果：达到要求
===2021-08-11 10:32:54.078===
===2021-08-11 10:32:54.168===
股票：002074多头向上判断-转自动参数：
	分组名称：2
	走势名称：多头向上
	结果：未满足，返回code：0
===2021-08-11 10:32:54.168===
满足所有条件，可以触发


===============================================

==============2021-08-11 10:33:02==============
===6开始执行条件2021-08-11 10:33:01.667===
===开始判断价格条件2021-08-11 10:33:01.667===
===开始判断额外/转自动条件2021-08-11 10:33:01.940===
===2021-08-11 10:33:02.013===
股票：002074指定时间段判断-额外参数：
	分组名称：1
	走势名称：时间段
		条件成立(当前时间：2021-08-11 10:33:01.667,条件时段：09:30:00-13:00:00)
	结果：达到要求
===2021-08-11 10:33:02.075===
===2021-08-11 10:33:02.143===
股票：002074多头向上判断-转自动参数：
	分组名称：2
	走势名称：多头向上
	结果：未满足，返回code：0
===2021-08-11 10:33:02.143===
满足所有条件，可以触发


===============================================

==============2021-08-11 10:33:14==============
===6开始执行条件2021-08-11 10:33:11.253===
===开始判断价格条件2021-08-11 10:33:11.253===
===开始判断额外/转自动条件2021-08-11 10:33:12.197===
===2021-08-11 10:33:12.926===
股票：002074指定时间段判断-额外参数：
	分组名称：1
	走势名称：时间段
		条件成立(当前时间：2021-08-11 10:33:11.253,条件时段：09:30:00-13:00:00)
	结果：达到要求
===2021-08-11 10:33:13.617===
===2021-08-11 10:33:14.399===
股票：002074多头向上判断-转自动参数：
	分组名称：2
	走势名称：多头向上
	结果：未满足，返回code：0
===2021-08-11 10:33:14.399===
满足所有条件，可以触发


===============================================

==============2021-08-11 10:33:22==============
===6开始执行条件2021-08-11 10:33:19.521===
===开始判断价格条件2021-08-11 10:33:19.521===
===开始判断额外/转自动条件2021-08-11 10:33:20.406===
===2021-08-11 10:33:20.900===
股票：002074指定时间段判断-额外参数：
	分组名称：1
	走势名称：时间段
		条件成立(当前时间：2021-08-11 10:33:19.521,条件时段：09:30:00-13:00:00)
	结果：达到要求
===2021-08-11 10:33:21.496===
===2021-08-11 10:33:22.244===
股票：002074多头向上判断-转自动参数：
	分组名称：2
	走势名称：多头向上
	结果：未满足，返回code：0
===2021-08-11 10:33:22.244===
满足所有条件，可以触发


===============================================

==============2021-08-11 10:34:54==============
===6开始执行条件2021-08-11 10:34:53.893===
===开始判断价格条件2021-08-11 10:34:53.893===
===开始判断额外/转自动条件2021-08-11 10:34:54.246===
===2021-08-11 10:34:54.320===
股票：002074指定时间段判断-额外参数：
	分组名称：1
	走势名称：时间段
		条件成立(当前时间：2021-08-11 10:34:53.893,条件时段：09:30:00-13:00:00)
	结果：达到要求
===2021-08-11 10:34:54.447===
===2021-08-11 10:34:54.694===
股票：002074多头向上判断-转自动参数：
	分组名称：2
	走势名称：多头向上
	结果：未满足，返回code：0
===2021-08-11 10:34:54.731===
满足所有条件，可以触发


===============================================

==============2021-08-11 10:35:04==============
===6开始执行条件2021-08-11 10:35:03.542===
===开始判断价格条件2021-08-11 10:35:03.542===
===开始判断额外/转自动条件2021-08-11 10:35:03.764===
===2021-08-11 10:35:03.931===
股票：002074指定时间段判断-额外参数：
	分组名称：1
	走势名称：时间段
		条件成立(当前时间：2021-08-11 10:35:03.541,条件时段：09:30:00-13:00:00)
	结果：达到要求
===2021-08-11 10:35:04.038===
===2021-08-11 10:35:04.144===
股票：002074多头向上判断-转自动参数：
	分组名称：2
	走势名称：多头向上
	结果：未满足，返回code：0
===2021-08-11 10:35:04.144===
满足所有条件，可以触发


===============================================

==============2021-08-11 10:35:11==============
===6开始执行条件2021-08-11 10:35:10.736===
===开始判断价格条件2021-08-11 10:35:10.736===
===开始判断额外/转自动条件2021-08-11 10:35:10.875===
===2021-08-11 10:35:11.191===
股票：002074指定时间段判断-额外参数：
	分组名称：1
	走势名称：时间段
		条件成立(当前时间：2021-08-11 10:35:10.736,条件时段：09:30:00-13:00:00)
	结果：达到要求
===2021-08-11 10:35:11.324===
===2021-08-11 10:35:11.612===
股票：002074多头向上判断-转自动参数：
	分组名称：2
	走势名称：多头向上
	结果：未满足，返回code：0
===2021-08-11 10:35:11.612===
满足所有条件，可以触发


===============================================

==============2021-08-11 10:35:26==============
===6开始执行条件2021-08-11 10:35:23.710===
===开始判断价格条件2021-08-11 10:35:23.710===
===开始判断额外/转自动条件2021-08-11 10:35:24.373===
===2021-08-11 10:35:25.305===
股票：002074指定时间段判断-额外参数：
	分组名称：1
	走势名称：时间段
		条件成立(当前时间：2021-08-11 10:35:23.710,条件时段：09:30:00-13:00:00)
	结果：达到要求
===2021-08-11 10:35:26.052===
===2021-08-11 10:35:26.510===
股票：002074多头向上判断-转自动参数：
	分组名称：2
	走势名称：多头向上
	结果：未满足，返回code：0
===2021-08-11 10:35:26.511===
满足所有条件，可以触发


===============================================

==============2021-08-11 10:35:52==============
===6开始执行条件2021-08-11 10:35:45.183===
===开始判断价格条件2021-08-11 10:35:45.183===
===开始判断额外/转自动条件2021-08-11 10:35:49.433===
===2021-08-11 10:35:51.512===
股票：002074指定时间段判断-额外参数：
	分组名称：1
	走势名称：时间段
		条件成立(当前时间：2021-08-11 10:35:45.183,条件时段：09:30:00-13:00:00)
	结果：达到要求
===2021-08-11 10:35:52.027===
===2021-08-11 10:35:52.710===
股票：002074多头向上判断-转自动参数：
	分组名称：2
	走势名称：多头向上
	结果：未满足，返回code：0
===2021-08-11 10:35:52.710===
满足所有条件，可以触发


===============================================

==============2021-08-11 10:36:22==============
===6开始执行条件2021-08-11 10:36:18.755===
===开始判断价格条件2021-08-11 10:36:18.755===
===开始判断额外/转自动条件2021-08-11 10:36:20.102===
===2021-08-11 10:36:20.838===
股票：002074指定时间段判断-额外参数：
	分组名称：1
	走势名称：时间段
		条件成立(当前时间：2021-08-11 10:36:18.755,条件时段：09:30:00-13:00:00)
	结果：达到要求
===2021-08-11 10:36:21.415===
===2021-08-11 10:36:22.353===
股票：002074多头向上判断-转自动参数：
	分组名称：2
	走势名称：多头向上
	结果：未满足，返回code：0
===2021-08-11 10:36:22.353===
满足所有条件，可以触发


===============================================

==============2021-08-11 10:36:58==============
===6开始执行条件2021-08-11 10:36:56.002===
===开始判断价格条件2021-08-11 10:36:56.002===
===开始判断额外/转自动条件2021-08-11 10:36:56.913===
===2021-08-11 10:36:57.165===
股票：002074指定时间段判断-额外参数：
	分组名称：1
	走势名称：时间段
		条件成立(当前时间：2021-08-11 10:36:56.002,条件时段：09:30:00-13:00:00)
	结果：达到要求
===2021-08-11 10:36:57.721===
===2021-08-11 10:36:58.465===
股票：002074多头向上判断-转自动参数：
	分组名称：2
	走势名称：多头向上
	结果：未满足，返回code：0
===2021-08-11 10:36:58.465===
满足所有条件，可以触发


===============================================

==============2021-08-11 10:37:24==============
===6开始执行条件2021-08-11 10:37:13.776===
===开始判断价格条件2021-08-11 10:37:13.776===
===开始判断额外/转自动条件2021-08-11 10:37:14.365===
===2021-08-11 10:37:15.010===
股票：002074指定时间段判断-额外参数：
	分组名称：1
	走势名称：时间段
		条件成立(当前时间：2021-08-11 10:37:13.776,条件时段：09:30:00-13:00:00)
	结果：达到要求
===2021-08-11 10:37:15.678===
===2021-08-11 10:37:24.325===
股票：002074多头向上判断-转自动参数：
	分组名称：2
	走势名称：多头向上
	结果：未满足，返回code：0
===2021-08-11 10:37:24.325===
满足所有条件，可以触发


===============================================

==============2021-08-11 10:37:58==============
===6开始执行条件2021-08-11 10:37:51.997===
===开始判断价格条件2021-08-11 10:37:51.997===
===开始判断额外/转自动条件2021-08-11 10:37:53.868===
===2021-08-11 10:37:55.715===
股票：002074指定时间段判断-额外参数：
	分组名称：1
	走势名称：时间段
		条件成立(当前时间：2021-08-11 10:37:51.997,条件时段：09:30:00-13:00:00)
	结果：达到要求
===2021-08-11 10:37:56.983===
===2021-08-11 10:37:58.395===
股票：002074多头向上判断-转自动参数：
	分组名称：2
	走势名称：多头向上
	结果：未满足，返回code：0
===2021-08-11 10:37:58.395===
满足所有条件，可以触发


===============================================

