==============2021-08-10 17:37:09==============
===6开始执行条件2021-08-10 17:37:08.245===
===开始判断价格条件2021-08-10 17:37:08.245===
===开始判断额外/转自动条件2021-08-10 17:37:08.827===
===2021-08-10 17:37:08.940===
股票：002074指定时间段判断-额外参数：
	分组名称：1
	走势名称：时间段
		条件不成立(当前时间：2021-08-10 17:37:08.245,条件时段：09:30:00-13:00:00)
	结果：未满足
===2021-08-10 17:37:08.940===
===2021-08-10 17:37:08.978===
股票：002074板块涨跌幅判断-额外参数：
	分组名称：1
	走势名称：发
		条件不成立(不符合板块涨跌幅条件)
	结果：未满足，返回code：-1
===2021-08-10 17:37:09.774===
额外条件未满足


===============================================

==============2021-08-10 17:38:00==============
===6开始执行条件2021-08-10 17:37:58.999===
===开始判断价格条件2021-08-10 17:37:58.999===
===开始判断额外/转自动条件2021-08-10 17:37:59.100===
===2021-08-10 17:37:59.145===
股票：002074指定时间段判断-额外参数：
	分组名称：1
	走势名称：时间段
		条件不成立(当前时间：2021-08-10 17:37:58.999,条件时段：09:30:00-13:00:00)
	结果：未满足
===2021-08-10 17:37:59.145===
===2021-08-10 17:37:59.168===
股票：002074板块涨跌幅判断-额外参数：
	分组名称：1
	走势名称：发
		条件不成立(不符合板块涨跌幅条件)
	结果：未满足，返回code：-1
===2021-08-10 17:38:00.559===
额外条件未满足


===============================================

==============2021-08-10 17:38:52==============
===6开始执行条件2021-08-10 17:38:51.066===
===开始判断价格条件2021-08-10 17:38:51.066===
===开始判断额外/转自动条件2021-08-10 17:38:51.236===
===2021-08-10 17:38:51.363===
股票：002074指定时间段判断-额外参数：
	分组名称：1
	走势名称：时间段
		条件不成立(当前时间：2021-08-10 17:38:51.065,条件时段：09:30:00-13:00:00)
	结果：未满足
===2021-08-10 17:38:51.363===
===2021-08-10 17:38:51.426===
股票：002074板块涨跌幅判断-额外参数：
	分组名称：1
	走势名称：发
		条件不成立(不符合板块涨跌幅条件)
	结果：未满足，返回code：-1
===2021-08-10 17:38:52.299===
额外条件未满足


===============================================

==============2021-08-10 17:41:01==============
===6开始执行条件2021-08-10 17:40:59.201===
===开始判断价格条件2021-08-10 17:40:59.201===
===开始判断额外/转自动条件2021-08-10 17:40:59.552===
===2021-08-10 17:40:59.644===
股票：002074指定时间段判断-额外参数：
	分组名称：1
	走势名称：时间段
		条件不成立(当前时间：2021-08-10 17:40:59.200,条件时段：09:30:00-13:00:00)
	结果：未满足
===2021-08-10 17:40:59.647===
===2021-08-10 17:41:00.653===
股票：002074板块涨跌幅判断-额外参数：
	分组名称：1
	走势名称：发
		条件不成立(不符合板块涨跌幅条件)
	结果：未满足，返回code：-1
===2021-08-10 17:41:01.593===
额外条件未满足


===============================================

==============2021-08-10 17:41:13==============
===6开始执行条件2021-08-10 17:41:12.456===
===开始判断价格条件2021-08-10 17:41:12.456===
===开始判断额外/转自动条件2021-08-10 17:41:12.586===
===2021-08-10 17:41:12.690===
股票：002074指定时间段判断-额外参数：
	分组名称：1
	走势名称：时间段
		条件不成立(当前时间：2021-08-10 17:41:12.455,条件时段：09:30:00-13:00:00)
	结果：未满足
===2021-08-10 17:41:12.690===
===2021-08-10 17:41:12.708===
股票：002074板块涨跌幅判断-额外参数：
	分组名称：1
	走势名称：发
		条件不成立(不符合板块涨跌幅条件)
	结果：未满足，返回code：-1
===2021-08-10 17:41:13.161===
额外条件未满足


===============================================

==============2021-08-10 17:41:27==============
===6开始执行条件2021-08-10 17:41:27.419===
===开始判断价格条件2021-08-10 17:41:27.419===
===开始判断额外/转自动条件2021-08-10 17:41:27.557===
===2021-08-10 17:41:27.615===
股票：002074指定时间段判断-额外参数：
	分组名称：1
	走势名称：时间段
		条件不成立(当前时间：2021-08-10 17:41:27.419,条件时段：09:30:00-13:00:00)
	结果：未满足
===2021-08-10 17:41:27.615===
===2021-08-10 17:41:27.642===
股票：002074板块涨跌幅判断-额外参数：
	分组名称：1
	走势名称：发
		条件不成立(不符合板块涨跌幅条件)
	结果：未满足，返回code：-1
===2021-08-10 17:41:27.916===
额外条件未满足


===============================================

==============2021-08-10 17:41:42==============
===6开始执行条件2021-08-10 17:41:41.645===
===开始判断价格条件2021-08-10 17:41:41.645===
===开始判断额外/转自动条件2021-08-10 17:41:41.791===
===2021-08-10 17:41:41.856===
股票：002074指定时间段判断-额外参数：
	分组名称：1
	走势名称：时间段
		条件不成立(当前时间：2021-08-10 17:41:41.644,条件时段：09:30:00-13:00:00)
	结果：未满足
===2021-08-10 17:41:41.856===
===2021-08-10 17:41:41.907===
股票：002074板块涨跌幅判断-额外参数：
	分组名称：1
	走势名称：发
		条件不成立(不符合板块涨跌幅条件)
	结果：未满足，返回code：-1
===2021-08-10 17:41:42.302===
额外条件未满足


===============================================

==============2021-08-10 17:41:54==============
===6开始执行条件2021-08-10 17:41:45.557===
===开始判断价格条件2021-08-10 17:41:45.557===
===开始判断额外/转自动条件2021-08-10 17:41:46.373===
===2021-08-10 17:41:47.363===
股票：002074指定时间段判断-额外参数：
	分组名称：1
	走势名称：时间段
		条件不成立(当前时间：2021-08-10 17:41:45.557,条件时段：09:30:00-13:00:00)
	结果：未满足
===2021-08-10 17:41:47.364===
===2021-08-10 17:41:48.038===
股票：002074板块涨跌幅判断-额外参数：
	分组名称：1
	走势名称：发
		条件不成立(不符合板块涨跌幅条件)
	结果：未满足，返回code：-1
===2021-08-10 17:41:54.194===
额外条件未满足


===============================================

==============2021-08-10 17:42:11==============
===6开始执行条件2021-08-10 17:42:06.841===
===开始判断价格条件2021-08-10 17:42:06.841===
===开始判断额外/转自动条件2021-08-10 17:42:07.228===
===2021-08-10 17:42:08.004===
股票：002074指定时间段判断-额外参数：
	分组名称：1
	走势名称：时间段
		条件不成立(当前时间：2021-08-10 17:42:06.833,条件时段：09:30:00-13:00:00)
	结果：未满足
===2021-08-10 17:42:08.004===
===2021-08-10 17:42:08.114===
股票：002074板块涨跌幅判断-额外参数：
	分组名称：1
	走势名称：发
		条件不成立(不符合板块涨跌幅条件)
	结果：未满足，返回code：-1
===2021-08-10 17:42:11.541===
额外条件未满足


===============================================

==============2021-08-10 17:43:03==============
===6开始执行条件2021-08-10 17:43:01.810===
===开始判断价格条件2021-08-10 17:43:01.810===
===开始判断额外/转自动条件2021-08-10 17:43:02.333===
===2021-08-10 17:43:02.637===
股票：002074指定时间段判断-额外参数：
	分组名称：1
	走势名称：时间段
		条件不成立(当前时间：2021-08-10 17:43:01.809,条件时段：09:30:00-13:00:00)
	结果：未满足
===2021-08-10 17:43:02.637===
===2021-08-10 17:43:02.711===
股票：002074板块涨跌幅判断-额外参数：
	分组名称：1
	走势名称：发
		条件不成立(不符合板块涨跌幅条件)
	结果：未满足，返回code：-1
===2021-08-10 17:43:03.775===
额外条件未满足


===============================================

==============2021-08-10 17:43:28==============
===6开始执行条件2021-08-10 17:43:21.528===
===开始判断价格条件2021-08-10 17:43:21.528===
===开始判断额外/转自动条件2021-08-10 17:43:23.426===
===2021-08-10 17:43:24.554===
股票：002074指定时间段判断-额外参数：
	分组名称：1
	走势名称：时间段
		条件不成立(当前时间：2021-08-10 17:43:21.528,条件时段：09:30:00-13:00:00)
	结果：未满足
===2021-08-10 17:43:24.554===
===2021-08-10 17:43:24.976===
股票：002074板块涨跌幅判断-额外参数：
	分组名称：1
	走势名称：发
		条件不成立(不符合板块涨跌幅条件)
	结果：未满足，返回code：-1
===2021-08-10 17:43:28.854===
额外条件未满足


===============================================

==============2021-08-10 17:43:35==============
===6开始执行条件2021-08-10 17:43:33.759===
===开始判断价格条件2021-08-10 17:43:33.759===
===开始判断额外/转自动条件2021-08-10 17:43:33.952===
===2021-08-10 17:43:34.129===
股票：002074指定时间段判断-额外参数：
	分组名称：1
	走势名称：时间段
		条件不成立(当前时间：2021-08-10 17:43:33.758,条件时段：09:30:00-13:00:00)
	结果：未满足
===2021-08-10 17:43:34.129===
===2021-08-10 17:43:34.170===
股票：002074板块涨跌幅判断-额外参数：
	分组名称：1
	走势名称：发
		条件不成立(不符合板块涨跌幅条件)
	结果：未满足，返回code：-1
===2021-08-10 17:43:35.696===
额外条件未满足


===============================================

==============2021-08-10 17:43:44==============
===6开始执行条件2021-08-10 17:43:43.956===
===开始判断价格条件2021-08-10 17:43:43.956===
===开始判断额外/转自动条件2021-08-10 17:43:44.056===
===2021-08-10 17:43:44.108===
股票：002074指定时间段判断-额外参数：
	分组名称：1
	走势名称：时间段
		条件不成立(当前时间：2021-08-10 17:43:43.956,条件时段：09:30:00-13:00:00)
	结果：未满足
===2021-08-10 17:43:44.108===
===2021-08-10 17:43:44.130===
股票：002074板块涨跌幅判断-额外参数：
	分组名称：1
	走势名称：发
		条件不成立(不符合板块涨跌幅条件)
	结果：未满足，返回code：-1
===2021-08-10 17:43:44.556===
额外条件未满足


===============================================

==============2021-08-10 17:44:02==============
===6开始执行条件2021-08-10 17:44:02.051===
===开始判断价格条件2021-08-10 17:44:02.051===
===开始判断额外/转自动条件2021-08-10 17:44:02.293===
===2021-08-10 17:44:02.362===
股票：002074指定时间段判断-额外参数：
	分组名称：1
	走势名称：时间段
		条件不成立(当前时间：2021-08-10 17:44:02.051,条件时段：09:30:00-13:00:00)
	结果：未满足
===2021-08-10 17:44:02.362===
===2021-08-10 17:44:02.383===
股票：002074板块涨跌幅判断-额外参数：
	分组名称：1
	走势名称：发
		条件不成立(不符合板块涨跌幅条件)
	结果：未满足，返回code：-1
===2021-08-10 17:44:02.775===
额外条件未满足


===============================================

==============2021-08-10 17:46:21==============
===6开始执行条件2021-08-10 17:45:53.303===
===开始判断价格条件2021-08-10 17:45:53.303===
===开始判断额外/转自动条件2021-08-10 17:46:03.591===
===2021-08-10 17:46:09.454===
股票：002074指定时间段判断-额外参数：
	分组名称：1
	走势名称：时间段
		条件不成立(当前时间：2021-08-10 17:45:53.303,条件时段：09:30:00-13:00:00)
	结果：未满足
===2021-08-10 17:46:09.454===
===2021-08-10 17:46:10.080===
股票：002074板块涨跌幅判断-额外参数：
	分组名称：1
	走势名称：发
		条件不成立(不符合板块涨跌幅条件)
	结果：未满足，返回code：-1
===2021-08-10 17:46:21.111===
额外条件未满足


===============================================

==============2021-08-10 17:47:32==============
===6开始执行条件2021-08-10 17:47:28.066===
===开始判断价格条件2021-08-10 17:47:28.066===
===开始判断额外/转自动条件2021-08-10 17:47:29.202===
===2021-08-10 17:47:29.793===
股票：002074指定时间段判断-额外参数：
	分组名称：1
	走势名称：时间段
		条件不成立(当前时间：2021-08-10 17:47:28.065,条件时段：09:30:00-13:00:00)
	结果：未满足
===2021-08-10 17:47:29.793===
===2021-08-10 17:47:29.970===
股票：002074板块涨跌幅判断-额外参数：
	分组名称：1
	走势名称：发
		条件不成立(不符合板块涨跌幅条件)
	结果：未满足，返回code：-1
===2021-08-10 17:47:32.333===
额外条件未满足


===============================================

==============2021-08-10 17:47:46==============
===6开始执行条件2021-08-10 17:47:45.380===
===开始判断价格条件2021-08-10 17:47:45.380===
===开始判断额外/转自动条件2021-08-10 17:47:45.616===
===2021-08-10 17:47:45.878===
股票：002074指定时间段判断-额外参数：
	分组名称：1
	走势名称：时间段
		条件不成立(当前时间：2021-08-10 17:47:45.379,条件时段：09:30:00-13:00:00)
	结果：未满足
===2021-08-10 17:47:45.878===
===2021-08-10 17:47:45.968===
股票：002074板块涨跌幅判断-额外参数：
	分组名称：1
	走势名称：发
		条件不成立(不符合板块涨跌幅条件)
	结果：未满足，返回code：-1
===2021-08-10 17:47:46.375===
额外条件未满足


===============================================

==============2021-08-10 17:48:58==============
===6开始执行条件2021-08-10 17:48:57.935===
===开始判断价格条件2021-08-10 17:48:57.935===
===开始判断额外/转自动条件2021-08-10 17:48:58.028===
===2021-08-10 17:48:58.096===
股票：002074指定时间段判断-额外参数：
	分组名称：1
	走势名称：时间段
		条件不成立(当前时间：2021-08-10 17:48:57.935,条件时段：09:30:00-13:00:00)
	结果：未满足
===2021-08-10 17:48:58.096===
===2021-08-10 17:48:58.118===
股票：002074板块涨跌幅判断-额外参数：
	分组名称：1
	走势名称：发
		条件不成立(不符合板块涨跌幅条件)
	结果：未满足，返回code：-1
===2021-08-10 17:48:58.292===
额外条件未满足


===============================================

==============2021-08-10 17:49:17==============
===6开始执行条件2021-08-10 17:49:13.695===
===开始判断价格条件2021-08-10 17:49:13.695===
===开始判断额外/转自动条件2021-08-10 17:49:14.221===
===2021-08-10 17:49:14.539===
股票：002074指定时间段判断-额外参数：
	分组名称：1
	走势名称：时间段
		条件不成立(当前时间：2021-08-10 17:49:13.695,条件时段：09:30:00-13:00:00)
	结果：未满足
===2021-08-10 17:49:14.539===
===2021-08-10 17:49:14.631===
股票：002074板块涨跌幅判断-额外参数：
	分组名称：1
	走势名称：发
		条件不成立(不符合板块涨跌幅条件)
	结果：未满足，返回code：-1
===2021-08-10 17:49:17.544===
额外条件未满足


===============================================

==============2021-08-10 17:49:45==============
===6开始执行条件2021-08-10 17:49:33.971===
===开始判断价格条件2021-08-10 17:49:33.971===
===开始判断额外/转自动条件2021-08-10 17:49:40.663===
===2021-08-10 17:49:41.974===
股票：002074指定时间段判断-额外参数：
	分组名称：1
	走势名称：时间段
		条件不成立(当前时间：2021-08-10 17:49:33.970,条件时段：09:30:00-13:00:00)
	结果：未满足
===2021-08-10 17:49:41.974===
===2021-08-10 17:49:42.483===
股票：002074板块涨跌幅判断-额外参数：
	分组名称：1
	走势名称：发
		条件不成立(不符合板块涨跌幅条件)
	结果：未满足，返回code：-1
===2021-08-10 17:49:45.633===
额外条件未满足


===============================================

==============2021-08-10 17:49:55==============
===6开始执行条件2021-08-10 17:49:50.194===
===开始判断价格条件2021-08-10 17:49:50.194===
===开始判断额外/转自动条件2021-08-10 17:49:51.030===
===2021-08-10 17:49:51.212===
股票：002074指定时间段判断-额外参数：
	分组名称：1
	走势名称：时间段
		条件不成立(当前时间：2021-08-10 17:49:50.187,条件时段：09:30:00-13:00:00)
	结果：未满足
===2021-08-10 17:49:51.212===
===2021-08-10 17:49:51.754===
股票：002074板块涨跌幅判断-额外参数：
	分组名称：1
	走势名称：发
		条件不成立(不符合板块涨跌幅条件)
	结果：未满足，返回code：-1
===2021-08-10 17:49:55.350===
额外条件未满足


===============================================

==============2021-08-10 17:50:05==============
===6开始执行条件2021-08-10 17:50:04.325===
===开始判断价格条件2021-08-10 17:50:04.325===
===开始判断额外/转自动条件2021-08-10 17:50:04.503===
===2021-08-10 17:50:04.607===
股票：002074指定时间段判断-额外参数：
	分组名称：1
	走势名称：时间段
		条件不成立(当前时间：2021-08-10 17:50:04.325,条件时段：09:30:00-13:00:00)
	结果：未满足
===2021-08-10 17:50:04.607===
===2021-08-10 17:50:04.736===
股票：002074板块涨跌幅判断-额外参数：
	分组名称：1
	走势名称：发
		条件不成立(不符合板块涨跌幅条件)
	结果：未满足，返回code：-1
===2021-08-10 17:50:05.390===
额外条件未满足


===============================================

==============2021-08-10 17:50:28==============
===6开始执行条件2021-08-10 17:50:22.664===
===开始判断价格条件2021-08-10 17:50:22.664===
===开始判断额外/转自动条件2021-08-10 17:50:27.716===
===2021-08-10 17:50:28.151===
股票：002074指定时间段判断-额外参数：
	分组名称：1
	走势名称：时间段
		条件不成立(当前时间：2021-08-10 17:50:22.664,条件时段：09:30:00-13:00:00)
	结果：未满足
===2021-08-10 17:50:28.151===
===2021-08-10 17:50:28.218===
股票：002074板块涨跌幅判断-额外参数：
	分组名称：1
	走势名称：发
		条件不成立(不符合板块涨跌幅条件)
	结果：未满足，返回code：-1
===2021-08-10 17:50:28.720===
额外条件未满足


===============================================

==============2021-08-10 17:50:44==============
===6开始执行条件2021-08-10 17:50:37.181===
===开始判断价格条件2021-08-10 17:50:37.181===
===开始判断额外/转自动条件2021-08-10 17:50:38.223===
===2021-08-10 17:50:38.710===
股票：002074指定时间段判断-额外参数：
	分组名称：1
	走势名称：时间段
		条件不成立(当前时间：2021-08-10 17:50:37.181,条件时段：09:30:00-13:00:00)
	结果：未满足
===2021-08-10 17:50:38.710===
===2021-08-10 17:50:39.218===
股票：002074板块涨跌幅判断-额外参数：
	分组名称：1
	走势名称：发
		条件不成立(不符合板块涨跌幅条件)
	结果：未满足，返回code：-1
===2021-08-10 17:50:44.569===
额外条件未满足


===============================================

==============2021-08-10 17:51:09==============
===6开始执行条件2021-08-10 17:51:03.084===
===开始判断价格条件2021-08-10 17:51:03.084===
===开始判断额外/转自动条件2021-08-10 17:51:04.255===
===2021-08-10 17:51:05.224===
股票：002074指定时间段判断-额外参数：
	分组名称：1
	走势名称：时间段
		条件不成立(当前时间：2021-08-10 17:51:03.084,条件时段：09:30:00-13:00:00)
	结果：未满足
===2021-08-10 17:51:05.224===
===2021-08-10 17:51:05.532===
股票：002074板块涨跌幅判断-额外参数：
	分组名称：1
	走势名称：发
		条件不成立(不符合板块涨跌幅条件)
	结果：未满足，返回code：-1
===2021-08-10 17:51:09.096===
额外条件未满足


===============================================

==============2021-08-10 17:51:16==============
===6开始执行条件2021-08-10 17:51:12.187===
===开始判断价格条件2021-08-10 17:51:12.187===
===开始判断额外/转自动条件2021-08-10 17:51:12.828===
===2021-08-10 17:51:13.095===
股票：002074指定时间段判断-额外参数：
	分组名称：1
	走势名称：时间段
		条件不成立(当前时间：2021-08-10 17:51:12.187,条件时段：09:30:00-13:00:00)
	结果：未满足
===2021-08-10 17:51:13.095===
===2021-08-10 17:51:13.251===
股票：002074板块涨跌幅判断-额外参数：
	分组名称：1
	走势名称：发
		条件不成立(不符合板块涨跌幅条件)
	结果：未满足，返回code：-1
===2021-08-10 17:51:16.683===
额外条件未满足


===============================================

==============2021-08-10 17:51:55==============
===6开始执行条件2021-08-10 17:51:55.077===
===开始判断价格条件2021-08-10 17:51:55.077===
===开始判断额外/转自动条件2021-08-10 17:51:55.199===
===2021-08-10 17:51:55.269===
股票：002074指定时间段判断-额外参数：
	分组名称：1
	走势名称：时间段
		条件不成立(当前时间：2021-08-10 17:51:55.076,条件时段：09:30:00-13:00:00)
	结果：未满足
===2021-08-10 17:51:55.270===
===2021-08-10 17:51:55.329===
股票：002074板块涨跌幅判断-额外参数：
	分组名称：1
	走势名称：发
		条件不成立(不符合板块涨跌幅条件)
	结果：未满足，返回code：-1
===2021-08-10 17:51:55.604===
额外条件未满足


===============================================

==============2021-08-10 17:52:06==============
===6开始执行条件2021-08-10 17:52:00.273===
===开始判断价格条件2021-08-10 17:52:00.273===
===开始判断额外/转自动条件2021-08-10 17:52:01.029===
===2021-08-10 17:52:01.866===
股票：002074指定时间段判断-额外参数：
	分组名称：1
	走势名称：时间段
		条件不成立(当前时间：2021-08-10 17:52:00.264,条件时段：09:30:00-13:00:00)
	结果：未满足
===2021-08-10 17:52:01.867===
===2021-08-10 17:52:02.434===
股票：002074板块涨跌幅判断-额外参数：
	分组名称：1
	走势名称：发
		条件不成立(不符合板块涨跌幅条件)
	结果：未满足，返回code：-1
===2021-08-10 17:52:06.680===
额外条件未满足


===============================================

==============2021-08-10 17:52:21==============
===6开始执行条件2021-08-10 17:52:16.082===
===开始判断价格条件2021-08-10 17:52:16.082===
===开始判断额外/转自动条件2021-08-10 17:52:17.233===
===2021-08-10 17:52:18.343===
股票：002074指定时间段判断-额外参数：
	分组名称：1
	走势名称：时间段
		条件不成立(当前时间：2021-08-10 17:52:16.082,条件时段：09:30:00-13:00:00)
	结果：未满足
===2021-08-10 17:52:18.343===
===2021-08-10 17:52:18.860===
股票：002074板块涨跌幅判断-额外参数：
	分组名称：1
	走势名称：发
		条件不成立(不符合板块涨跌幅条件)
	结果：未满足，返回code：-1
===2021-08-10 17:52:21.669===
额外条件未满足


===============================================

==============2021-08-10 17:52:40==============
===6开始执行条件2021-08-10 17:52:35.007===
===开始判断价格条件2021-08-10 17:52:35.007===
===开始判断额外/转自动条件2021-08-10 17:52:35.472===
===2021-08-10 17:52:35.584===
股票：002074指定时间段判断-额外参数：
	分组名称：1
	走势名称：时间段
		条件不成立(当前时间：2021-08-10 17:52:35.007,条件时段：09:30:00-13:00:00)
	结果：未满足
===2021-08-10 17:52:35.586===
===2021-08-10 17:52:35.687===
股票：002074板块涨跌幅判断-额外参数：
	分组名称：1
	走势名称：发
		条件不成立(不符合板块涨跌幅条件)
	结果：未满足，返回code：-1
===2021-08-10 17:52:40.394===
额外条件未满足


===============================================

==============2021-08-10 17:52:54==============
===6开始执行条件2021-08-10 17:52:51.547===
===开始判断价格条件2021-08-10 17:52:51.547===
===开始判断额外/转自动条件2021-08-10 17:52:52.010===
===2021-08-10 17:52:52.253===
股票：002074指定时间段判断-额外参数：
	分组名称：1
	走势名称：时间段
		条件不成立(当前时间：2021-08-10 17:52:51.546,条件时段：09:30:00-13:00:00)
	结果：未满足
===2021-08-10 17:52:52.253===
===2021-08-10 17:52:52.312===
股票：002074板块涨跌幅判断-额外参数：
	分组名称：1
	走势名称：发
		条件不成立(不符合板块涨跌幅条件)
	结果：未满足，返回code：-1
===2021-08-10 17:52:54.069===
额外条件未满足


===============================================

==============2021-08-10 17:53:08==============
===6开始执行条件2021-08-10 17:53:08.342===
===开始判断价格条件2021-08-10 17:53:08.342===
===开始判断额外/转自动条件2021-08-10 17:53:08.430===
===2021-08-10 17:53:08.486===
股票：002074指定时间段判断-额外参数：
	分组名称：1
	走势名称：时间段
		条件不成立(当前时间：2021-08-10 17:53:08.338,条件时段：09:30:00-13:00:00)
	结果：未满足
===2021-08-10 17:53:08.486===
===2021-08-10 17:53:08.508===
股票：002074板块涨跌幅判断-额外参数：
	分组名称：1
	走势名称：发
		条件不成立(不符合板块涨跌幅条件)
	结果：未满足，返回code：-1
===2021-08-10 17:53:08.697===
额外条件未满足


===============================================

==============2021-08-10 17:53:27==============
===6开始执行条件2021-08-10 17:53:25.279===
===开始判断价格条件2021-08-10 17:53:25.279===
===开始判断额外/转自动条件2021-08-10 17:53:25.359===
===2021-08-10 17:53:25.419===
股票：002074指定时间段判断-额外参数：
	分组名称：1
	走势名称：时间段
		条件不成立(当前时间：2021-08-10 17:53:25.279,条件时段：09:30:00-13:00:00)
	结果：未满足
===2021-08-10 17:53:25.419===
===2021-08-10 17:53:25.750===
股票：002074板块涨跌幅判断-额外参数：
	分组名称：1
	走势名称：发
		条件不成立(不符合板块涨跌幅条件)
	结果：未满足，返回code：-1
===2021-08-10 17:53:27.133===
额外条件未满足


===============================================

==============2021-08-10 17:53:40==============
===6开始执行条件2021-08-10 17:53:37.527===
===开始判断价格条件2021-08-10 17:53:37.527===
===开始判断额外/转自动条件2021-08-10 17:53:37.942===
===2021-08-10 17:53:38.350===
股票：002074指定时间段判断-额外参数：
	分组名称：1
	走势名称：时间段
		条件不成立(当前时间：2021-08-10 17:53:37.513,条件时段：09:30:00-13:00:00)
	结果：未满足
===2021-08-10 17:53:38.350===
===2021-08-10 17:53:38.406===
股票：002074板块涨跌幅判断-额外参数：
	分组名称：1
	走势名称：发
		条件不成立(不符合板块涨跌幅条件)
	结果：未满足，返回code：-1
===2021-08-10 17:53:40.123===
额外条件未满足


===============================================

==============2021-08-10 17:53:56==============
===6开始执行条件2021-08-10 17:53:55.965===
===开始判断价格条件2021-08-10 17:53:55.965===
===开始判断额外/转自动条件2021-08-10 17:53:56.189===
===2021-08-10 17:53:56.250===
股票：002074指定时间段判断-额外参数：
	分组名称：1
	走势名称：时间段
		条件不成立(当前时间：2021-08-10 17:53:55.965,条件时段：09:30:00-13:00:00)
	结果：未满足
===2021-08-10 17:53:56.250===
===2021-08-10 17:53:56.279===
股票：002074板块涨跌幅判断-额外参数：
	分组名称：1
	走势名称：发
		条件不成立(不符合板块涨跌幅条件)
	结果：未满足，返回code：-1
===2021-08-10 17:53:56.681===
额外条件未满足


===============================================

==============2021-08-10 17:54:12==============
===6开始执行条件2021-08-10 17:54:11.671===
===开始判断价格条件2021-08-10 17:54:11.671===
===开始判断额外/转自动条件2021-08-10 17:54:11.803===
===2021-08-10 17:54:11.874===
股票：002074指定时间段判断-额外参数：
	分组名称：1
	走势名称：时间段
		条件不成立(当前时间：2021-08-10 17:54:11.670,条件时段：09:30:00-13:00:00)
	结果：未满足
===2021-08-10 17:54:11.874===
===2021-08-10 17:54:11.905===
股票：002074板块涨跌幅判断-额外参数：
	分组名称：1
	走势名称：发
		条件不成立(不符合板块涨跌幅条件)
	结果：未满足，返回code：-1
===2021-08-10 17:54:12.646===
额外条件未满足


===============================================

