==============2021-08-09 10:07:44==============
===6开始执行条件2021-08-09 10:07:40.667===
===开始判断价格条件2021-08-09 10:07:40.667===
===开始判断额外/转自动条件2021-08-09 10:07:41.458===
===2021-08-09 10:07:42.168===
股票：002074指定时间段判断-额外参数：
	分组名称：1
	走势名称：时间段
		条件成立(当前时间：2021-08-09 10:07:40.667,条件时段：09:30:00-13:00:00)
	结果：达到要求
===2021-08-09 10:07:42.784===
===2021-08-09 10:07:44.305===
股票：002074多头向上判断-转自动参数：
	分组名称：2
	走势名称：多头向上
	结果：未满足，返回code：0
===2021-08-09 10:07:44.868===
满足所有条件，可以触发


===============================================

==============2021-08-09 10:07:50==============
===6开始执行条件2021-08-09 10:07:50.236===
===开始判断价格条件2021-08-09 10:07:50.236===
===开始判断额外/转自动条件2021-08-09 10:07:50.371===
===2021-08-09 10:07:50.655===
股票：002074指定时间段判断-额外参数：
	分组名称：1
	走势名称：时间段
		条件成立(当前时间：2021-08-09 10:07:50.236,条件时段：09:30:00-13:00:00)
	结果：达到要求
===2021-08-09 10:07:50.749===
===2021-08-09 10:07:50.816===
股票：002074多头向上判断-转自动参数：
	分组名称：2
	走势名称：多头向上
	结果：未满足，返回code：0
===2021-08-09 10:07:50.816===
满足所有条件，可以触发


===============================================

==============2021-08-09 10:08:11==============
===6开始执行条件2021-08-09 10:08:11.272===
===开始判断价格条件2021-08-09 10:08:11.272===
===开始判断额外/转自动条件2021-08-09 10:08:11.389===
===2021-08-09 10:08:11.447===
股票：002074指定时间段判断-额外参数：
	分组名称：1
	走势名称：时间段
		条件成立(当前时间：2021-08-09 10:08:11.272,条件时段：09:30:00-13:00:00)
	结果：达到要求
===2021-08-09 10:08:11.646===
===2021-08-09 10:08:11.942===
股票：002074多头向上判断-转自动参数：
	分组名称：2
	走势名称：多头向上
	结果：未满足，返回code：0
===2021-08-09 10:08:11.942===
满足所有条件，可以触发


===============================================

==============2021-08-09 10:08:39==============
===6开始执行条件2021-08-09 10:08:35.593===
===开始判断价格条件2021-08-09 10:08:35.593===
===开始判断额外/转自动条件2021-08-09 10:08:35.957===
===2021-08-09 10:08:37.259===
股票：002074指定时间段判断-额外参数：
	分组名称：1
	走势名称：时间段
		条件成立(当前时间：2021-08-09 10:08:35.593,条件时段：09:30:00-13:00:00)
	结果：达到要求
===2021-08-09 10:08:38.214===
===2021-08-09 10:08:39.205===
股票：002074多头向上判断-转自动参数：
	分组名称：2
	走势名称：多头向上
	结果：未满足，返回code：0
===2021-08-09 10:08:39.206===
满足所有条件，可以触发


===============================================

==============2021-08-09 10:08:46==============
===6开始执行条件2021-08-09 10:08:43.594===
===开始判断价格条件2021-08-09 10:08:43.594===
===开始判断额外/转自动条件2021-08-09 10:08:43.999===
===2021-08-09 10:08:44.594===
股票：002074指定时间段判断-额外参数：
	分组名称：1
	走势名称：时间段
		条件成立(当前时间：2021-08-09 10:08:43.594,条件时段：09:30:00-13:00:00)
	结果：达到要求
===2021-08-09 10:08:45.781===
===2021-08-09 10:08:46.170===
股票：002074多头向上判断-转自动参数：
	分组名称：2
	走势名称：多头向上
	结果：未满足，返回code：0
===2021-08-09 10:08:46.170===
满足所有条件，可以触发


===============================================

==============2021-08-09 10:09:07==============
===6开始执行条件2021-08-09 10:09:03.173===
===开始判断价格条件2021-08-09 10:09:03.173===
===开始判断额外/转自动条件2021-08-09 10:09:05.054===
===2021-08-09 10:09:05.988===
股票：002074指定时间段判断-额外参数：
	分组名称：1
	走势名称：时间段
		条件成立(当前时间：2021-08-09 10:09:03.172,条件时段：09:30:00-13:00:00)
	结果：达到要求
===2021-08-09 10:09:06.432===
===2021-08-09 10:09:07.277===
股票：002074多头向上判断-转自动参数：
	分组名称：2
	走势名称：多头向上
	结果：未满足，返回code：0
===2021-08-09 10:09:07.277===
满足所有条件，可以触发


===============================================

==============2021-08-09 10:09:27==============
===6开始执行条件2021-08-09 10:09:20.588===
===开始判断价格条件2021-08-09 10:09:20.588===
===开始判断额外/转自动条件2021-08-09 10:09:20.992===
===2021-08-09 10:09:21.819===
股票：002074指定时间段判断-额外参数：
	分组名称：1
	走势名称：时间段
		条件成立(当前时间：2021-08-09 10:09:20.506,条件时段：09:30:00-13:00:00)
	结果：达到要求
===2021-08-09 10:09:24.421===
===2021-08-09 10:09:27.321===
股票：002074多头向上判断-转自动参数：
	分组名称：2
	走势名称：多头向上
	结果：未满足，返回code：0
===2021-08-09 10:09:27.321===
满足所有条件，可以触发


===============================================

==============2021-08-09 10:10:27==============
===6开始执行条件2021-08-09 10:09:46.656===
===开始判断价格条件2021-08-09 10:09:46.656===
===开始判断额外/转自动条件2021-08-09 10:09:57.054===
===2021-08-09 10:10:16.593===
股票：002074指定时间段判断-额外参数：
	分组名称：1
	走势名称：时间段
		条件成立(当前时间：2021-08-09 10:09:46.655,条件时段：09:30:00-13:00:00)
	结果：达到要求
===2021-08-09 10:10:18.621===
===2021-08-09 10:10:27.896===
股票：002074多头向上判断-转自动参数：
	分组名称：2
	走势名称：多头向上
	结果：未满足，返回code：0
===2021-08-09 10:10:27.896===
满足所有条件，可以触发


===============================================

==============2021-08-09 10:10:35==============
===6开始执行条件2021-08-09 10:10:31.784===
===开始判断价格条件2021-08-09 10:10:31.784===
===开始判断额外/转自动条件2021-08-09 10:10:33.054===
===2021-08-09 10:10:33.683===
股票：002074指定时间段判断-额外参数：
	分组名称：1
	走势名称：时间段
		条件成立(当前时间：2021-08-09 10:10:31.784,条件时段：09:30:00-13:00:00)
	结果：达到要求
===2021-08-09 10:10:34.308===
===2021-08-09 10:10:35.859===
股票：002074多头向上判断-转自动参数：
	分组名称：2
	走势名称：多头向上
	结果：未满足，返回code：0
===2021-08-09 10:10:35.859===
满足所有条件，可以触发


===============================================

==============2021-08-09 10:10:47==============
===6开始执行条件2021-08-09 10:10:46.158===
===开始判断价格条件2021-08-09 10:10:46.158===
===开始判断额外/转自动条件2021-08-09 10:10:47.004===
===2021-08-09 10:10:47.107===
股票：002074指定时间段判断-额外参数：
	分组名称：1
	走势名称：时间段
		条件成立(当前时间：2021-08-09 10:10:46.158,条件时段：09:30:00-13:00:00)
	结果：达到要求
===2021-08-09 10:10:47.155===
===2021-08-09 10:10:47.230===
股票：002074多头向上判断-转自动参数：
	分组名称：2
	走势名称：多头向上
	结果：未满足，返回code：0
===2021-08-09 10:10:47.231===
满足所有条件，可以触发


===============================================

==============2021-08-09 10:10:59==============
===6开始执行条件2021-08-09 10:10:58.602===
===开始判断价格条件2021-08-09 10:10:58.602===
===开始判断额外/转自动条件2021-08-09 10:10:58.783===
===2021-08-09 10:10:58.906===
股票：002074指定时间段判断-额外参数：
	分组名称：1
	走势名称：时间段
		条件成立(当前时间：2021-08-09 10:10:58.602,条件时段：09:30:00-13:00:00)
	结果：达到要求
===2021-08-09 10:10:58.970===
===2021-08-09 10:10:59.168===
股票：002074多头向上判断-转自动参数：
	分组名称：2
	走势名称：多头向上
	结果：未满足，返回code：0
===2021-08-09 10:10:59.169===
满足所有条件，可以触发


===============================================

==============2021-08-09 10:11:13==============
===6开始执行条件2021-08-09 10:11:11.489===
===开始判断价格条件2021-08-09 10:11:11.489===
===开始判断额外/转自动条件2021-08-09 10:11:11.825===
===2021-08-09 10:11:12.330===
股票：002074指定时间段判断-额外参数：
	分组名称：1
	走势名称：时间段
		条件成立(当前时间：2021-08-09 10:11:11.488,条件时段：09:30:00-13:00:00)
	结果：达到要求
===2021-08-09 10:11:12.774===
===2021-08-09 10:11:13.718===
股票：002074多头向上判断-转自动参数：
	分组名称：2
	走势名称：多头向上
	结果：未满足，返回code：0
===2021-08-09 10:11:13.718===
满足所有条件，可以触发


===============================================

==============2021-08-09 10:11:20==============
===6开始执行条件2021-08-09 10:11:17.665===
===开始判断价格条件2021-08-09 10:11:17.665===
===开始判断额外/转自动条件2021-08-09 10:11:18.843===
===2021-08-09 10:11:19.552===
股票：002074指定时间段判断-额外参数：
	分组名称：1
	走势名称：时间段
		条件成立(当前时间：2021-08-09 10:11:17.664,条件时段：09:30:00-13:00:00)
	结果：达到要求
===2021-08-09 10:11:19.957===
===2021-08-09 10:11:20.299===
股票：002074多头向上判断-转自动参数：
	分组名称：2
	走势名称：多头向上
	结果：未满足，返回code：0
===2021-08-09 10:11:20.299===
满足所有条件，可以触发


===============================================

==============2021-08-09 11:02:40==============
===6开始执行条件2021-08-09 11:02:39.105===
===开始判断价格条件2021-08-09 11:02:39.105===
===开始判断额外/转自动条件2021-08-09 11:02:39.475===
===2021-08-09 11:02:39.597===
股票：002074指定时间段判断-额外参数：
	分组名称：1
	走势名称：时间段
		条件成立(当前时间：2021-08-09 11:02:39.105,条件时段：09:30:00-13:00:00)
	结果：达到要求
===2021-08-09 11:02:39.736===
===2021-08-09 11:02:40.184===
股票：002074多头向上判断-转自动参数：
	分组名称：2
	走势名称：多头向上
	结果：未满足，返回code：0
===2021-08-09 11:02:40.184===
满足所有条件，可以触发


===============================================

==============2021-08-09 11:02:49==============
===6开始执行条件2021-08-09 11:02:48.974===
===开始判断价格条件2021-08-09 11:02:48.974===
===开始判断额外/转自动条件2021-08-09 11:02:49.120===
===2021-08-09 11:02:49.184===
股票：002074指定时间段判断-额外参数：
	分组名称：1
	走势名称：时间段
		条件成立(当前时间：2021-08-09 11:02:48.974,条件时段：09:30:00-13:00:00)
	结果：达到要求
===2021-08-09 11:02:49.271===
===2021-08-09 11:02:49.355===
股票：002074多头向上判断-转自动参数：
	分组名称：2
	走势名称：多头向上
	结果：未满足，返回code：0
===2021-08-09 11:02:49.355===
满足所有条件，可以触发


===============================================

==============2021-08-09 11:03:10==============
===6开始执行条件2021-08-09 11:03:00.267===
===开始判断价格条件2021-08-09 11:03:00.267===
===开始判断额外/转自动条件2021-08-09 11:03:03.734===
===2021-08-09 11:03:09.708===
股票：002074指定时间段判断-额外参数：
	分组名称：1
	走势名称：时间段
		条件成立(当前时间：2021-08-09 11:03:00.267,条件时段：09:30:00-13:00:00)
	结果：达到要求
===2021-08-09 11:03:09.902===
===2021-08-09 11:03:10.004===
股票：002074多头向上判断-转自动参数：
	分组名称：2
	走势名称：多头向上
	结果：未满足，返回code：0
===2021-08-09 11:03:10.004===
满足所有条件，可以触发


===============================================

==============2021-08-09 11:03:13==============
===6开始执行条件2021-08-09 11:03:13.069===
===开始判断价格条件2021-08-09 11:03:13.069===
===开始判断额外/转自动条件2021-08-09 11:03:13.164===
===2021-08-09 11:03:13.542===
股票：002074指定时间段判断-额外参数：
	分组名称：1
	走势名称：时间段
		条件成立(当前时间：2021-08-09 11:03:13.069,条件时段：09:30:00-13:00:00)
	结果：达到要求
===2021-08-09 11:03:13.613===
===2021-08-09 11:03:13.708===
股票：002074多头向上判断-转自动参数：
	分组名称：2
	走势名称：多头向上
	结果：未满足，返回code：0
===2021-08-09 11:03:13.708===
满足所有条件，可以触发


===============================================

==============2021-08-09 11:03:28==============
===6开始执行条件2021-08-09 11:03:27.411===
===开始判断价格条件2021-08-09 11:03:27.411===
===开始判断额外/转自动条件2021-08-09 11:03:27.629===
===2021-08-09 11:03:27.843===
股票：002074指定时间段判断-额外参数：
	分组名称：1
	走势名称：时间段
		条件成立(当前时间：2021-08-09 11:03:27.410,条件时段：09:30:00-13:00:00)
	结果：达到要求
===2021-08-09 11:03:28.041===
===2021-08-09 11:03:28.305===
股票：002074多头向上判断-转自动参数：
	分组名称：2
	走势名称：多头向上
	结果：未满足，返回code：0
===2021-08-09 11:03:28.305===
满足所有条件，可以触发


===============================================

==============2021-08-09 11:03:38==============
===6开始执行条件2021-08-09 11:03:36.565===
===开始判断价格条件2021-08-09 11:03:36.565===
===开始判断额外/转自动条件2021-08-09 11:03:36.963===
===2021-08-09 11:03:37.146===
股票：002074指定时间段判断-额外参数：
	分组名称：1
	走势名称：时间段
		条件成立(当前时间：2021-08-09 11:03:36.565,条件时段：09:30:00-13:00:00)
	结果：达到要求
===2021-08-09 11:03:37.512===
===2021-08-09 11:03:38.081===
股票：002074多头向上判断-转自动参数：
	分组名称：2
	走势名称：多头向上
	结果：未满足，返回code：0
===2021-08-09 11:03:38.081===
满足所有条件，可以触发


===============================================

==============2021-08-09 11:03:53==============
===6开始执行条件2021-08-09 11:03:49.946===
===开始判断价格条件2021-08-09 11:03:49.946===
===开始判断额外/转自动条件2021-08-09 11:03:50.388===
===2021-08-09 11:03:50.594===
股票：002074指定时间段判断-额外参数：
	分组名称：1
	走势名称：时间段
		条件成立(当前时间：2021-08-09 11:03:49.946,条件时段：09:30:00-13:00:00)
	结果：达到要求
===2021-08-09 11:03:52.032===
===2021-08-09 11:03:53.160===
股票：002074多头向上判断-转自动参数：
	分组名称：2
	走势名称：多头向上
	结果：未满足，返回code：0
===2021-08-09 11:03:53.160===
满足所有条件，可以触发


===============================================

