==============2021-08-09 10:08:52==============
===6开始执行条件2021-08-09 10:08:50.320===
===开始判断价格条件2021-08-09 10:08:50.320===
===开始判断额外/转自动条件2021-08-09 10:08:50.730===
===2021-08-09 10:08:51.777===
股票：300082指定时间段判断-额外参数：
	分组名称：1
	走势名称：时间段
		条件成立(当前时间：2021-08-09 10:08:50.320,条件时段：09:30:00-13:00:00)
	结果：达到要求
===2021-08-09 10:08:52.005===
===2021-08-09 10:08:52.248===
股票：300082多头向上判断-转自动参数：
	分组名称：2
	走势名称：多头向上
	结果：未满足，返回code：0
===2021-08-09 10:08:52.248===
满足所有条件，可以触发


===============================================

==============2021-08-09 10:09:15==============
===6开始执行条件2021-08-09 10:09:10.762===
===开始判断价格条件2021-08-09 10:09:10.762===
===开始判断额外/转自动条件2021-08-09 10:09:12.657===
===2021-08-09 10:09:14.020===
股票：300082指定时间段判断-额外参数：
	分组名称：1
	走势名称：时间段
		条件成立(当前时间：2021-08-09 10:09:10.761,条件时段：09:30:00-13:00:00)
	结果：达到要求
===2021-08-09 10:09:15.291===
===2021-08-09 10:09:15.637===
股票：300082多头向上判断-转自动参数：
	分组名称：2
	走势名称：多头向上
	结果：未满足，返回code：0
===2021-08-09 10:09:15.637===
满足所有条件，可以触发


===============================================

==============2021-08-09 10:09:34==============
===6开始执行条件2021-08-09 10:09:31.029===
===开始判断价格条件2021-08-09 10:09:31.029===
===开始判断额外/转自动条件2021-08-09 10:09:32.017===
===2021-08-09 10:09:33.074===
股票：300082指定时间段判断-额外参数：
	分组名称：1
	走势名称：时间段
		条件成立(当前时间：2021-08-09 10:09:31.029,条件时段：09:30:00-13:00:00)
	结果：达到要求
===2021-08-09 10:09:33.571===
===2021-08-09 10:09:34.482===
股票：300082多头向上判断-转自动参数：
	分组名称：2
	走势名称：多头向上
	结果：未满足，返回code：0
===2021-08-09 10:09:34.482===
满足所有条件，可以触发


===============================================

==============2021-08-09 10:10:41==============
===6开始执行条件2021-08-09 10:10:36.437===
===开始判断价格条件2021-08-09 10:10:36.437===
===开始判断额外/转自动条件2021-08-09 10:10:37.869===
===2021-08-09 10:10:39.081===
股票：300082指定时间段判断-额外参数：
	分组名称：1
	走势名称：时间段
		条件成立(当前时间：2021-08-09 10:10:36.436,条件时段：09:30:00-13:00:00)
	结果：达到要求
===2021-08-09 10:10:39.655===
===2021-08-09 10:10:41.532===
股票：300082多头向上判断-转自动参数：
	分组名称：2
	走势名称：多头向上
	结果：未满足，返回code：0
===2021-08-09 10:10:41.532===
满足所有条件，可以触发


===============================================

==============2021-08-09 10:10:52==============
===6开始执行条件2021-08-09 10:10:51.545===
===开始判断价格条件2021-08-09 10:10:51.545===
===开始判断额外/转自动条件2021-08-09 10:10:51.716===
===2021-08-09 10:10:51.876===
股票：300082指定时间段判断-额外参数：
	分组名称：1
	走势名称：时间段
		条件成立(当前时间：2021-08-09 10:10:51.544,条件时段：09:30:00-13:00:00)
	结果：达到要求
===2021-08-09 10:10:52.042===
===2021-08-09 10:10:52.435===
股票：300082多头向上判断-转自动参数：
	分组名称：2
	走势名称：多头向上
	结果：未满足，返回code：0
===2021-08-09 10:10:52.435===
满足所有条件，可以触发


===============================================

