==============2021-08-06 14:25:57==============
===6开始执行条件2021-08-06 14:25:56.516===
===开始判断价格条件2021-08-06 14:25:56.516===
===开始判断额外/转自动条件2021-08-06 14:25:56.828===
===2021-08-06 14:25:57.005===
股票：300082指定时间段判断-额外参数：
	分组名称：1
	走势名称：时间段
		条件不成立(当前时间：2021-08-06 14:25:56.515,条件时段：09:30:00-13:00:00)
	结果：未满足
===2021-08-06 14:25:57.005===
===2021-08-06 14:25:57.054===
股票：300082板块涨跌幅判断-额外参数：
	分组名称：1
	走势名称：发
		条件不成立(不符合板块涨跌幅条件)
	结果：未满足，返回code：-1
===2021-08-06 14:25:57.577===
额外条件未满足


===============================================

==============2021-08-06 14:26:16==============
===6开始执行条件2021-08-06 14:26:10.389===
===开始判断价格条件2021-08-06 14:26:10.389===
===开始判断额外/转自动条件2021-08-06 14:26:11.960===
===2021-08-06 14:26:12.598===
股票：300082指定时间段判断-额外参数：
	分组名称：1
	走势名称：时间段
		条件不成立(当前时间：2021-08-06 14:26:10.389,条件时段：09:30:00-13:00:00)
	结果：未满足
===2021-08-06 14:26:12.598===
===2021-08-06 14:26:12.878===
股票：300082板块涨跌幅判断-额外参数：
	分组名称：1
	走势名称：发
		条件不成立(不符合板块涨跌幅条件)
	结果：未满足，返回code：-1
===2021-08-06 14:26:16.280===
额外条件未满足


===============================================

==============2021-08-06 14:29:20==============
===6开始执行条件2021-08-06 14:29:16.715===
===开始判断价格条件2021-08-06 14:29:16.715===
===开始判断额外/转自动条件2021-08-06 14:29:17.983===
===2021-08-06 14:29:18.442===
股票：300082指定时间段判断-额外参数：
	分组名称：1
	走势名称：时间段
		条件不成立(当前时间：2021-08-06 14:29:16.715,条件时段：09:30:00-13:00:00)
	结果：未满足
===2021-08-06 14:29:18.443===
===2021-08-06 14:29:18.901===
股票：300082板块涨跌幅判断-额外参数：
	分组名称：1
	走势名称：发
		条件不成立(不符合板块涨跌幅条件)
	结果：未满足，返回code：-1
===2021-08-06 14:29:20.780===
额外条件未满足


===============================================

==============2021-08-06 14:34:37==============
===6开始执行条件2021-08-06 14:34:35.739===
===开始判断价格条件2021-08-06 14:34:35.739===
===开始判断额外/转自动条件2021-08-06 14:34:36.046===
===2021-08-06 14:34:36.195===
股票：300082指定时间段判断-额外参数：
	分组名称：1
	走势名称：时间段
		条件不成立(当前时间：2021-08-06 14:34:35.734,条件时段：09:30:00-13:00:00)
	结果：未满足
===2021-08-06 14:34:36.195===
===2021-08-06 14:34:36.218===
股票：300082板块涨跌幅判断-额外参数：
	分组名称：1
	走势名称：发
		条件不成立(不符合板块涨跌幅条件)
	结果：未满足，返回code：-1
===2021-08-06 14:34:37.275===
额外条件未满足


===============================================

==============2021-08-06 14:41:07==============
===6开始执行条件2021-08-06 14:41:06.553===
===开始判断价格条件2021-08-06 14:41:06.553===
===开始判断额外/转自动条件2021-08-06 14:41:06.640===
===2021-08-06 14:41:06.696===
股票：300082指定时间段判断-额外参数：
	分组名称：1
	走势名称：时间段
		条件不成立(当前时间：2021-08-06 14:41:06.553,条件时段：09:30:00-13:00:00)
	结果：未满足
===2021-08-06 14:41:06.696===
===2021-08-06 14:41:06.733===
股票：300082板块涨跌幅判断-额外参数：
	分组名称：1
	走势名称：发
		条件不成立(不符合板块涨跌幅条件)
	结果：未满足，返回code：-1
===2021-08-06 14:41:07.009===
额外条件未满足


===============================================

==============2021-08-06 14:41:19==============
===6开始执行条件2021-08-06 14:41:18.045===
===开始判断价格条件2021-08-06 14:41:18.045===
===开始判断额外/转自动条件2021-08-06 14:41:18.230===
===2021-08-06 14:41:18.297===
股票：300082指定时间段判断-额外参数：
	分组名称：1
	走势名称：时间段
		条件不成立(当前时间：2021-08-06 14:41:18.044,条件时段：09:30:00-13:00:00)
	结果：未满足
===2021-08-06 14:41:18.297===
===2021-08-06 14:41:18.629===
股票：300082板块涨跌幅判断-额外参数：
	分组名称：1
	走势名称：发
		条件不成立(不符合板块涨跌幅条件)
	结果：未满足，返回code：-1
===2021-08-06 14:41:19.327===
额外条件未满足


===============================================

==============2021-08-06 14:41:47==============
===6开始执行条件2021-08-06 14:41:43.033===
===开始判断价格条件2021-08-06 14:41:43.033===
===开始判断额外/转自动条件2021-08-06 14:41:44.448===
===2021-08-06 14:41:45.075===
股票：300082指定时间段判断-额外参数：
	分组名称：1
	走势名称：时间段
		条件不成立(当前时间：2021-08-06 14:41:43.033,条件时段：09:30:00-13:00:00)
	结果：未满足
===2021-08-06 14:41:45.075===
===2021-08-06 14:41:45.381===
股票：300082板块涨跌幅判断-额外参数：
	分组名称：1
	走势名称：发
		条件不成立(不符合板块涨跌幅条件)
	结果：未满足，返回code：-1
===2021-08-06 14:41:47.118===
额外条件未满足


===============================================

==============2021-08-06 14:42:39==============
===6开始执行条件2021-08-06 14:42:34.770===
===开始判断价格条件2021-08-06 14:42:34.770===
===开始判断额外/转自动条件2021-08-06 14:42:35.623===
===2021-08-06 14:42:36.389===
股票：300082指定时间段判断-额外参数：
	分组名称：1
	走势名称：时间段
		条件不成立(当前时间：2021-08-06 14:42:34.770,条件时段：09:30:00-13:00:00)
	结果：未满足
===2021-08-06 14:42:36.389===
===2021-08-06 14:42:36.587===
股票：300082板块涨跌幅判断-额外参数：
	分组名称：1
	走势名称：发
		条件不成立(不符合板块涨跌幅条件)
	结果：未满足，返回code：-1
===2021-08-06 14:42:39.273===
额外条件未满足


===============================================

==============2021-08-06 14:43:01==============
===6开始执行条件2021-08-06 14:42:57.124===
===开始判断价格条件2021-08-06 14:42:57.124===
===开始判断额外/转自动条件2021-08-06 14:42:57.874===
===2021-08-06 14:42:58.103===
股票：300082指定时间段判断-额外参数：
	分组名称：1
	走势名称：时间段
		条件不成立(当前时间：2021-08-06 14:42:57.124,条件时段：09:30:00-13:00:00)
	结果：未满足
===2021-08-06 14:42:58.103===
===2021-08-06 14:42:58.330===
股票：300082板块涨跌幅判断-额外参数：
	分组名称：1
	走势名称：发
		条件不成立(不符合板块涨跌幅条件)
	结果：未满足，返回code：-1
===2021-08-06 14:43:01.564===
额外条件未满足


===============================================

==============2021-08-06 15:03:34==============
===6开始执行条件2021-08-06 15:03:28.472===
===开始判断价格条件2021-08-06 15:03:28.472===
===开始判断额外/转自动条件2021-08-06 15:03:29.234===
===2021-08-06 15:03:31.140===
股票：300082指定时间段判断-额外参数：
	分组名称：1
	走势名称：时间段
		条件不成立(当前时间：2021-08-06 15:03:28.416,条件时段：09:30:00-13:00:00)
	结果：未满足
===2021-08-06 15:03:31.140===
===2021-08-06 15:03:31.683===
股票：300082板块涨跌幅判断-额外参数：
	分组名称：1
	走势名称：发
		条件不成立(不符合板块涨跌幅条件)
	结果：未满足，返回code：-1
===2021-08-06 15:03:34.891===
额外条件未满足


===============================================

==============2021-08-06 15:05:36==============
===6开始执行条件2021-08-06 15:05:17.324===
===开始判断价格条件2021-08-06 15:05:17.324===
===开始判断额外/转自动条件2021-08-06 15:05:23.761===
===2021-08-06 15:05:24.346===
股票：300082指定时间段判断-额外参数：
	分组名称：1
	走势名称：时间段
		条件不成立(当前时间：2021-08-06 15:05:17.324,条件时段：09:30:00-13:00:00)
	结果：未满足
===2021-08-06 15:05:24.346===
===2021-08-06 15:05:24.592===
股票：300082板块涨跌幅判断-额外参数：
	分组名称：1
	走势名称：发
		条件不成立(不符合板块涨跌幅条件)
	结果：未满足，返回code：-1
===2021-08-06 15:05:36.215===
额外条件未满足


===============================================

==============2021-08-06 15:06:18==============
===6开始执行条件2021-08-06 15:06:10.317===
===开始判断价格条件2021-08-06 15:06:10.317===
===开始判断额外/转自动条件2021-08-06 15:06:11.461===
===2021-08-06 15:06:12.596===
股票：300082指定时间段判断-额外参数：
	分组名称：1
	走势名称：时间段
		条件不成立(当前时间：2021-08-06 15:06:10.317,条件时段：09:30:00-13:00:00)
	结果：未满足
===2021-08-06 15:06:12.596===
===2021-08-06 15:06:12.905===
股票：300082板块涨跌幅判断-额外参数：
	分组名称：1
	走势名称：发
		条件不成立(不符合板块涨跌幅条件)
	结果：未满足，返回code：-1
===2021-08-06 15:06:18.303===
额外条件未满足


===============================================

==============2021-08-06 15:06:35==============
===6开始执行条件2021-08-06 15:06:29.840===
===开始判断价格条件2021-08-06 15:06:29.840===
===开始判断额外/转自动条件2021-08-06 15:06:31.582===
===2021-08-06 15:06:32.695===
股票：300082指定时间段判断-额外参数：
	分组名称：1
	走势名称：时间段
		条件不成立(当前时间：2021-08-06 15:06:29.840,条件时段：09:30:00-13:00:00)
	结果：未满足
===2021-08-06 15:06:32.695===
===2021-08-06 15:06:33.166===
股票：300082板块涨跌幅判断-额外参数：
	分组名称：1
	走势名称：发
		条件不成立(不符合板块涨跌幅条件)
	结果：未满足，返回code：-1
===2021-08-06 15:06:35.054===
额外条件未满足


===============================================

==============2021-08-06 15:07:34==============
===6开始执行条件2021-08-06 15:06:49.434===
===开始判断价格条件2021-08-06 15:06:49.434===
===开始判断额外/转自动条件2021-08-06 15:06:50.275===
===2021-08-06 15:06:50.747===
股票：300082指定时间段判断-额外参数：
	分组名称：1
	走势名称：时间段
		条件不成立(当前时间：2021-08-06 15:06:49.434,条件时段：09:30:00-13:00:00)
	结果：未满足
===2021-08-06 15:06:50.747===
===2021-08-06 15:06:51.090===
股票：300082板块涨跌幅判断-额外参数：
	分组名称：1
	走势名称：发
		条件不成立(不符合板块涨跌幅条件)
	结果：未满足，返回code：-1
===2021-08-06 15:07:34.229===
额外条件未满足


===============================================

==============2021-08-06 15:12:17==============
===6开始执行条件2021-08-06 15:12:13.412===
===开始判断价格条件2021-08-06 15:12:13.412===
===开始判断额外/转自动条件2021-08-06 15:12:14.294===
===2021-08-06 15:12:15.588===
股票：300082指定时间段判断-额外参数：
	分组名称：1
	走势名称：时间段
		条件不成立(当前时间：2021-08-06 15:12:13.412,条件时段：09:30:00-13:00:00)
	结果：未满足
===2021-08-06 15:12:15.588===
===2021-08-06 15:12:15.718===
股票：300082板块涨跌幅判断-额外参数：
	分组名称：1
	走势名称：发
		条件不成立(不符合板块涨跌幅条件)
	结果：未满足，返回code：-1
===2021-08-06 15:12:17.149===
额外条件未满足


===============================================

==============2021-08-06 15:12:48==============
===6开始执行条件2021-08-06 15:12:46.746===
===开始判断价格条件2021-08-06 15:12:46.746===
===开始判断额外/转自动条件2021-08-06 15:12:47.108===
===2021-08-06 15:12:47.525===
股票：300082指定时间段判断-额外参数：
	分组名称：1
	走势名称：时间段
		条件不成立(当前时间：2021-08-06 15:12:46.739,条件时段：09:30:00-13:00:00)
	结果：未满足
===2021-08-06 15:12:47.525===
===2021-08-06 15:12:47.686===
股票：300082板块涨跌幅判断-额外参数：
	分组名称：1
	走势名称：发
		条件不成立(不符合板块涨跌幅条件)
	结果：未满足，返回code：-1
===2021-08-06 15:12:48.068===
额外条件未满足


===============================================

==============2021-08-06 15:13:56==============
===6开始执行条件2021-08-06 15:13:53.561===
===开始判断价格条件2021-08-06 15:13:53.561===
===开始判断额外/转自动条件2021-08-06 15:13:54.761===
===2021-08-06 15:13:55.491===
股票：300082指定时间段判断-额外参数：
	分组名称：1
	走势名称：时间段
		条件不成立(当前时间：2021-08-06 15:13:53.560,条件时段：09:30:00-13:00:00)
	结果：未满足
===2021-08-06 15:13:55.491===
===2021-08-06 15:13:55.857===
股票：300082板块涨跌幅判断-额外参数：
	分组名称：1
	走势名称：发
		条件不成立(不符合板块涨跌幅条件)
	结果：未满足，返回code：-1
===2021-08-06 15:13:56.431===
额外条件未满足


===============================================

==============2021-08-06 15:14:07==============
===6开始执行条件2021-08-06 15:14:06.742===
===开始判断价格条件2021-08-06 15:14:06.742===
===开始判断额外/转自动条件2021-08-06 15:14:06.823===
===2021-08-06 15:14:06.974===
股票：300082指定时间段判断-额外参数：
	分组名称：1
	走势名称：时间段
		条件不成立(当前时间：2021-08-06 15:14:06.740,条件时段：09:30:00-13:00:00)
	结果：未满足
===2021-08-06 15:14:06.974===
===2021-08-06 15:14:07.038===
股票：300082板块涨跌幅判断-额外参数：
	分组名称：1
	走势名称：发
		条件不成立(不符合板块涨跌幅条件)
	结果：未满足，返回code：-1
===2021-08-06 15:14:07.302===
额外条件未满足


===============================================

==============2021-08-06 15:26:55==============
===6开始执行条件2021-08-06 15:26:54.498===
===开始判断价格条件2021-08-06 15:26:54.498===
===开始判断额外/转自动条件2021-08-06 15:26:54.692===
===2021-08-06 15:26:54.853===
股票：300082指定时间段判断-额外参数：
	分组名称：1
	走势名称：时间段
		条件不成立(当前时间：2021-08-06 15:26:54.487,条件时段：09:30:00-13:00:00)
	结果：未满足
===2021-08-06 15:26:54.853===
===2021-08-06 15:26:54.905===
股票：300082板块涨跌幅判断-额外参数：
	分组名称：1
	走势名称：发
		条件不成立(不符合板块涨跌幅条件)
	结果：未满足，返回code：-1
===2021-08-06 15:26:55.532===
额外条件未满足


===============================================

==============2021-08-06 15:28:34==============
===6开始执行条件2021-08-06 15:28:30.195===
===开始判断价格条件2021-08-06 15:28:30.195===
===开始判断额外/转自动条件2021-08-06 15:28:31.250===
===2021-08-06 15:28:32.142===
股票：300082指定时间段判断-额外参数：
	分组名称：1
	走势名称：时间段
		条件不成立(当前时间：2021-08-06 15:28:30.195,条件时段：09:30:00-13:00:00)
	结果：未满足
===2021-08-06 15:28:32.142===
===2021-08-06 15:28:32.392===
股票：300082板块涨跌幅判断-额外参数：
	分组名称：1
	走势名称：发
		条件不成立(不符合板块涨跌幅条件)
	结果：未满足，返回code：-1
===2021-08-06 15:28:34.384===
额外条件未满足


===============================================

==============2021-08-06 15:28:52==============
===6开始执行条件2021-08-06 15:28:49.751===
===开始判断价格条件2021-08-06 15:28:49.751===
===开始判断额外/转自动条件2021-08-06 15:28:50.228===
===2021-08-06 15:28:50.581===
股票：300082指定时间段判断-额外参数：
	分组名称：1
	走势名称：时间段
		条件不成立(当前时间：2021-08-06 15:28:49.750,条件时段：09:30:00-13:00:00)
	结果：未满足
===2021-08-06 15:28:50.581===
===2021-08-06 15:28:50.679===
股票：300082板块涨跌幅判断-额外参数：
	分组名称：1
	走势名称：发
		条件不成立(不符合板块涨跌幅条件)
	结果：未满足，返回code：-1
===2021-08-06 15:28:52.212===
额外条件未满足


===============================================

==============2021-08-06 15:30:01==============
===6开始执行条件2021-08-06 15:30:00.778===
===开始判断价格条件2021-08-06 15:30:00.778===
===开始判断额外/转自动条件2021-08-06 15:30:01.189===
===2021-08-06 15:30:01.292===
股票：300082指定时间段判断-额外参数：
	分组名称：1
	走势名称：时间段
		条件不成立(当前时间：2021-08-06 15:30:00.778,条件时段：09:30:00-13:00:00)
	结果：未满足
===2021-08-06 15:30:01.292===
===2021-08-06 15:30:01.317===
股票：300082板块涨跌幅判断-额外参数：
	分组名称：1
	走势名称：发
		条件不成立(不符合板块涨跌幅条件)
	结果：未满足，返回code：-1
===2021-08-06 15:30:01.608===
额外条件未满足


===============================================

==============2021-08-06 15:30:22==============
===6开始执行条件2021-08-06 15:30:17.141===
===开始判断价格条件2021-08-06 15:30:17.141===
===开始判断额外/转自动条件2021-08-06 15:30:18.107===
===2021-08-06 15:30:19.879===
股票：300082指定时间段判断-额外参数：
	分组名称：1
	走势名称：时间段
		条件不成立(当前时间：2021-08-06 15:30:17.141,条件时段：09:30:00-13:00:00)
	结果：未满足
===2021-08-06 15:30:19.879===
===2021-08-06 15:30:19.998===
股票：300082板块涨跌幅判断-额外参数：
	分组名称：1
	走势名称：发
		条件不成立(不符合板块涨跌幅条件)
	结果：未满足，返回code：-1
===2021-08-06 15:30:22.733===
额外条件未满足


===============================================

==============2021-08-06 15:30:39==============
===6开始执行条件2021-08-06 15:30:38.971===
===开始判断价格条件2021-08-06 15:30:38.971===
===开始判断额外/转自动条件2021-08-06 15:30:39.022===
===2021-08-06 15:30:39.061===
股票：300082指定时间段判断-额外参数：
	分组名称：1
	走势名称：时间段
		条件不成立(当前时间：2021-08-06 15:30:38.970,条件时段：09:30:00-13:00:00)
	结果：未满足
===2021-08-06 15:30:39.061===
===2021-08-06 15:30:39.077===
股票：300082板块涨跌幅判断-额外参数：
	分组名称：1
	走势名称：发
		条件不成立(不符合板块涨跌幅条件)
	结果：未满足，返回code：-1
===2021-08-06 15:30:39.640===
额外条件未满足


===============================================

==============2021-08-06 15:31:00==============
===6开始执行条件2021-08-06 15:30:56.284===
===开始判断价格条件2021-08-06 15:30:56.284===
===开始判断额外/转自动条件2021-08-06 15:30:57.173===
===2021-08-06 15:30:57.666===
股票：300082指定时间段判断-额外参数：
	分组名称：1
	走势名称：时间段
		条件不成立(当前时间：2021-08-06 15:30:56.283,条件时段：09:30:00-13:00:00)
	结果：未满足
===2021-08-06 15:30:57.666===
===2021-08-06 15:30:57.816===
股票：300082板块涨跌幅判断-额外参数：
	分组名称：1
	走势名称：发
		条件不成立(不符合板块涨跌幅条件)
	结果：未满足，返回code：-1
===2021-08-06 15:31:00.319===
额外条件未满足


===============================================

==============2021-08-06 15:31:15==============
===6开始执行条件2021-08-06 15:31:15.022===
===开始判断价格条件2021-08-06 15:31:15.022===
===开始判断额外/转自动条件2021-08-06 15:31:15.117===
===2021-08-06 15:31:15.242===
股票：300082指定时间段判断-额外参数：
	分组名称：1
	走势名称：时间段
		条件不成立(当前时间：2021-08-06 15:31:15.022,条件时段：09:30:00-13:00:00)
	结果：未满足
===2021-08-06 15:31:15.242===
===2021-08-06 15:31:15.262===
股票：300082板块涨跌幅判断-额外参数：
	分组名称：1
	走势名称：发
		条件不成立(不符合板块涨跌幅条件)
	结果：未满足，返回code：-1
===2021-08-06 15:31:15.706===
额外条件未满足


===============================================

==============2021-08-06 15:31:55==============
===6开始执行条件2021-08-06 15:31:51.306===
===开始判断价格条件2021-08-06 15:31:51.306===
===开始判断额外/转自动条件2021-08-06 15:31:51.971===
===2021-08-06 15:31:52.522===
股票：300082指定时间段判断-额外参数：
	分组名称：1
	走势名称：时间段
		条件不成立(当前时间：2021-08-06 15:31:51.304,条件时段：09:30:00-13:00:00)
	结果：未满足
===2021-08-06 15:31:52.522===
===2021-08-06 15:31:52.624===
股票：300082板块涨跌幅判断-额外参数：
	分组名称：1
	走势名称：发
		条件不成立(不符合板块涨跌幅条件)
	结果：未满足，返回code：-1
===2021-08-06 15:31:55.767===
额外条件未满足


===============================================

==============2021-08-06 15:32:16==============
===6开始执行条件2021-08-06 15:32:12.343===
===开始判断价格条件2021-08-06 15:32:12.343===
===开始判断额外/转自动条件2021-08-06 15:32:12.824===
===2021-08-06 15:32:13.248===
股票：300082指定时间段判断-额外参数：
	分组名称：1
	走势名称：时间段
		条件不成立(当前时间：2021-08-06 15:32:12.343,条件时段：09:30:00-13:00:00)
	结果：未满足
===2021-08-06 15:32:13.248===
===2021-08-06 15:32:13.454===
股票：300082板块涨跌幅判断-额外参数：
	分组名称：1
	走势名称：发
		条件不成立(不符合板块涨跌幅条件)
	结果：未满足，返回code：-1
===2021-08-06 15:32:16.109===
额外条件未满足


===============================================

==============2021-08-06 15:32:33==============
===6开始执行条件2021-08-06 15:32:31.729===
===开始判断价格条件2021-08-06 15:32:31.729===
===开始判断额外/转自动条件2021-08-06 15:32:32.655===
===2021-08-06 15:32:33.310===
股票：300082指定时间段判断-额外参数：
	分组名称：1
	走势名称：时间段
		条件不成立(当前时间：2021-08-06 15:32:31.509,条件时段：09:30:00-13:00:00)
	结果：未满足
===2021-08-06 15:32:33.310===
===2021-08-06 15:32:33.435===
股票：300082板块涨跌幅判断-额外参数：
	分组名称：1
	走势名称：发
		条件不成立(不符合板块涨跌幅条件)
	结果：未满足，返回code：-1
===2021-08-06 15:32:33.939===
额外条件未满足


===============================================

==============2021-08-06 15:32:41==============
===6开始执行条件2021-08-06 15:32:40.496===
===开始判断价格条件2021-08-06 15:32:40.496===
===开始判断额外/转自动条件2021-08-06 15:32:40.650===
===2021-08-06 15:32:40.779===
股票：300082指定时间段判断-额外参数：
	分组名称：1
	走势名称：时间段
		条件不成立(当前时间：2021-08-06 15:32:40.496,条件时段：09:30:00-13:00:00)
	结果：未满足
===2021-08-06 15:32:40.779===
===2021-08-06 15:32:40.882===
股票：300082板块涨跌幅判断-额外参数：
	分组名称：1
	走势名称：发
		条件不成立(不符合板块涨跌幅条件)
	结果：未满足，返回code：-1
===2021-08-06 15:32:41.285===
额外条件未满足


===============================================

==============2021-08-06 15:33:11==============
===6开始执行条件2021-08-06 15:33:06.871===
===开始判断价格条件2021-08-06 15:33:06.871===
===开始判断额外/转自动条件2021-08-06 15:33:07.794===
===2021-08-06 15:33:08.754===
股票：300082指定时间段判断-额外参数：
	分组名称：1
	走势名称：时间段
		条件不成立(当前时间：2021-08-06 15:33:06.871,条件时段：09:30:00-13:00:00)
	结果：未满足
===2021-08-06 15:33:08.754===
===2021-08-06 15:33:09.232===
股票：300082板块涨跌幅判断-额外参数：
	分组名称：1
	走势名称：发
		条件不成立(不符合板块涨跌幅条件)
	结果：未满足，返回code：-1
===2021-08-06 15:33:11.180===
额外条件未满足


===============================================

==============2021-08-06 15:38:32==============
===6开始执行条件2021-08-06 15:38:31.903===
===开始判断价格条件2021-08-06 15:38:31.903===
===开始判断额外/转自动条件2021-08-06 15:38:32.063===
===2021-08-06 15:38:32.442===
股票：300082指定时间段判断-额外参数：
	分组名称：1
	走势名称：时间段
		条件不成立(当前时间：2021-08-06 15:38:31.894,条件时段：09:30:00-13:00:00)
	结果：未满足
===2021-08-06 15:38:32.442===
===2021-08-06 15:38:32.467===
股票：300082板块涨跌幅判断-额外参数：
	分组名称：1
	走势名称：发
		条件不成立(不符合板块涨跌幅条件)
	结果：未满足，返回code：-1
===2021-08-06 15:38:32.839===
额外条件未满足


===============================================

