==============2021-08-09 10:08:31==============
===6开始执行条件2021-08-09 10:08:13.764===
===开始判断价格条件2021-08-09 10:08:13.764===
===开始判断额外/转自动条件2021-08-09 10:08:14.433===
===2021-08-09 10:08:14.732===
股票：002006指定时间段判断-额外参数：
	分组名称：1
	走势名称：时间段
		条件成立(当前时间：2021-08-09 10:08:13.764,条件时段：09:30:00-13:00:00)
	结果：达到要求
===2021-08-09 10:08:15.183===
===2021-08-09 10:08:31.836===
股票：002006多头向上判断-转自动参数：
	分组名称：2
	走势名称：多头向上
	结果：未满足，返回code：0
===2021-08-09 10:08:31.836===
满足所有条件，可以触发


===============================================

==============2021-08-09 10:08:46==============
===6开始执行条件2021-08-09 10:08:43.599===
===开始判断价格条件2021-08-09 10:08:43.599===
===开始判断额外/转自动条件2021-08-09 10:08:44.401===
===2021-08-09 10:08:44.826===
股票：002006指定时间段判断-额外参数：
	分组名称：1
	走势名称：时间段
		条件成立(当前时间：2021-08-09 10:08:43.598,条件时段：09:30:00-13:00:00)
	结果：达到要求
===2021-08-09 10:08:45.585===
===2021-08-09 10:08:46.075===
股票：002006多头向上判断-转自动参数：
	分组名称：2
	走势名称：多头向上
	结果：未满足，返回code：0
===2021-08-09 10:08:46.075===
满足所有条件，可以触发


===============================================

==============2021-08-09 10:09:08==============
===6开始执行条件2021-08-09 10:09:03.211===
===开始判断价格条件2021-08-09 10:09:03.211===
===开始判断额外/转自动条件2021-08-09 10:09:05.357===
===2021-08-09 10:09:05.584===
股票：002006指定时间段判断-额外参数：
	分组名称：1
	走势名称：时间段
		条件成立(当前时间：2021-08-09 10:09:03.210,条件时段：09:30:00-13:00:00)
	结果：达到要求
===2021-08-09 10:09:07.276===
===2021-08-09 10:09:08.603===
股票：002006多头向上判断-转自动参数：
	分组名称：2
	走势名称：多头向上
	结果：未满足，返回code：0
===2021-08-09 10:09:08.603===
满足所有条件，可以触发


===============================================

==============2021-08-09 10:09:27==============
===6开始执行条件2021-08-09 10:09:20.521===
===开始判断价格条件2021-08-09 10:09:20.521===
===开始判断额外/转自动条件2021-08-09 10:09:21.503===
===2021-08-09 10:09:22.258===
股票：002006指定时间段判断-额外参数：
	分组名称：1
	走势名称：时间段
		条件成立(当前时间：2021-08-09 10:09:20.521,条件时段：09:30:00-13:00:00)
	结果：达到要求
===2021-08-09 10:09:24.763===
===2021-08-09 10:09:27.021===
股票：002006多头向上判断-转自动参数：
	分组名称：2
	走势名称：多头向上
	结果：未满足，返回code：0
===2021-08-09 10:09:27.021===
满足所有条件，可以触发


===============================================

==============2021-08-09 10:10:26==============
===6开始执行条件2021-08-09 10:09:47.593===
===开始判断价格条件2021-08-09 10:09:47.593===
===开始判断额外/转自动条件2021-08-09 10:10:12.618===
===2021-08-09 10:10:17.087===
股票：002006指定时间段判断-额外参数：
	分组名称：1
	走势名称：时间段
		条件成立(当前时间：2021-08-09 10:09:47.593,条件时段：09:30:00-13:00:00)
	结果：达到要求
===2021-08-09 10:10:19.234===
===2021-08-09 10:10:26.393===
股票：002006多头向上判断-转自动参数：
	分组名称：2
	走势名称：多头向上
	结果：未满足，返回code：0
===2021-08-09 10:10:26.393===
满足所有条件，可以触发


===============================================

==============2021-08-09 10:10:35==============
===6开始执行条件2021-08-09 10:10:31.792===
===开始判断价格条件2021-08-09 10:10:31.792===
===开始判断额外/转自动条件2021-08-09 10:10:32.404===
===2021-08-09 10:10:33.228===
股票：002006指定时间段判断-额外参数：
	分组名称：1
	走势名称：时间段
		条件成立(当前时间：2021-08-09 10:10:31.792,条件时段：09:30:00-13:00:00)
	结果：达到要求
===2021-08-09 10:10:34.308===
===2021-08-09 10:10:35.808===
股票：002006多头向上判断-转自动参数：
	分组名称：2
	走势名称：多头向上
	结果：未满足，返回code：0
===2021-08-09 10:10:35.808===
满足所有条件，可以触发


===============================================

==============2021-08-09 10:10:49==============
===6开始执行条件2021-08-09 10:10:48.684===
===开始判断价格条件2021-08-09 10:10:48.684===
===开始判断额外/转自动条件2021-08-09 10:10:48.838===
===2021-08-09 10:10:48.913===
股票：002006指定时间段判断-额外参数：
	分组名称：1
	走势名称：时间段
		条件成立(当前时间：2021-08-09 10:10:48.684,条件时段：09:30:00-13:00:00)
	结果：达到要求
===2021-08-09 10:10:48.985===
===2021-08-09 10:10:49.178===
股票：002006多头向上判断-转自动参数：
	分组名称：2
	走势名称：多头向上
	结果：未满足，返回code：0
===2021-08-09 10:10:49.178===
满足所有条件，可以触发


===============================================

==============2021-08-09 10:11:01==============
===6开始执行条件2021-08-09 10:11:00.801===
===开始判断价格条件2021-08-09 10:11:00.801===
===开始判断额外/转自动条件2021-08-09 10:11:00.910===
===2021-08-09 10:11:01.003===
股票：002006指定时间段判断-额外参数：
	分组名称：1
	走势名称：时间段
		条件成立(当前时间：2021-08-09 10:11:00.800,条件时段：09:30:00-13:00:00)
	结果：达到要求
===2021-08-09 10:11:01.188===
===2021-08-09 10:11:01.365===
股票：002006多头向上判断-转自动参数：
	分组名称：2
	走势名称：多头向上
	结果：未满足，返回code：0
===2021-08-09 10:11:01.365===
满足所有条件，可以触发


===============================================

==============2021-08-09 10:11:13==============
===6开始执行条件2021-08-09 10:11:11.635===
===开始判断价格条件2021-08-09 10:11:11.635===
===开始判断额外/转自动条件2021-08-09 10:11:11.925===
===2021-08-09 10:11:12.181===
股票：002006指定时间段判断-额外参数：
	分组名称：1
	走势名称：时间段
		条件成立(当前时间：2021-08-09 10:11:11.634,条件时段：09:30:00-13:00:00)
	结果：达到要求
===2021-08-09 10:11:12.552===
===2021-08-09 10:11:13.154===
股票：002006多头向上判断-转自动参数：
	分组名称：2
	走势名称：多头向上
	结果：未满足，返回code：0
===2021-08-09 10:11:13.154===
满足所有条件，可以触发


===============================================

==============2021-08-09 10:11:19==============
===6开始执行条件2021-08-09 10:11:17.667===
===开始判断价格条件2021-08-09 10:11:17.667===
===开始判断额外/转自动条件2021-08-09 10:11:17.986===
===2021-08-09 10:11:18.266===
股票：002006指定时间段判断-额外参数：
	分组名称：1
	走势名称：时间段
		条件成立(当前时间：2021-08-09 10:11:17.666,条件时段：09:30:00-13:00:00)
	结果：达到要求
===2021-08-09 10:11:18.632===
===2021-08-09 10:11:19.053===
股票：002006多头向上判断-转自动参数：
	分组名称：2
	走势名称：多头向上
	结果：未满足，返回code：0
===2021-08-09 10:11:19.053===
满足所有条件，可以触发


===============================================

==============2021-08-09 11:02:40==============
===6开始执行条件2021-08-09 11:02:40.297===
===开始判断价格条件2021-08-09 11:02:40.297===
===开始判断额外/转自动条件2021-08-09 11:02:40.449===
===2021-08-09 11:02:40.521===
股票：002006指定时间段判断-额外参数：
	分组名称：1
	走势名称：时间段
		条件成立(当前时间：2021-08-09 11:02:40.297,条件时段：09:30:00-13:00:00)
	结果：达到要求
===2021-08-09 11:02:40.569===
===2021-08-09 11:02:40.630===
股票：002006多头向上判断-转自动参数：
	分组名称：2
	走势名称：多头向上
	结果：未满足，返回code：0
===2021-08-09 11:02:40.631===
满足所有条件，可以触发


===============================================

==============2021-08-09 11:02:49==============
===6开始执行条件2021-08-09 11:02:49.640===
===开始判断价格条件2021-08-09 11:02:49.640===
===开始判断额外/转自动条件2021-08-09 11:02:49.716===
===2021-08-09 11:02:49.755===
股票：002006指定时间段判断-额外参数：
	分组名称：1
	走势名称：时间段
		条件成立(当前时间：2021-08-09 11:02:49.639,条件时段：09:30:00-13:00:00)
	结果：达到要求
===2021-08-09 11:02:49.791===
===2021-08-09 11:02:49.849===
股票：002006多头向上判断-转自动参数：
	分组名称：2
	走势名称：多头向上
	结果：未满足，返回code：0
===2021-08-09 11:02:49.849===
满足所有条件，可以触发


===============================================

==============2021-08-09 11:03:13==============
===6开始执行条件2021-08-09 11:03:13.451===
===开始判断价格条件2021-08-09 11:03:13.451===
===开始判断额外/转自动条件2021-08-09 11:03:13.532===
===2021-08-09 11:03:13.624===
股票：002006指定时间段判断-额外参数：
	分组名称：1
	走势名称：时间段
		条件成立(当前时间：2021-08-09 11:03:13.450,条件时段：09:30:00-13:00:00)
	结果：达到要求
===2021-08-09 11:03:13.691===
===2021-08-09 11:03:13.761===
股票：002006多头向上判断-转自动参数：
	分组名称：2
	走势名称：多头向上
	结果：未满足，返回code：0
===2021-08-09 11:03:13.761===
满足所有条件，可以触发


===============================================

==============2021-08-09 11:03:28==============
===6开始执行条件2021-08-09 11:03:27.414===
===开始判断价格条件2021-08-09 11:03:27.414===
===开始判断额外/转自动条件2021-08-09 11:03:27.616===
===2021-08-09 11:03:27.794===
股票：002006指定时间段判断-额外参数：
	分组名称：1
	走势名称：时间段
		条件成立(当前时间：2021-08-09 11:03:27.414,条件时段：09:30:00-13:00:00)
	结果：达到要求
===2021-08-09 11:03:27.880===
===2021-08-09 11:03:28.393===
股票：002006多头向上判断-转自动参数：
	分组名称：2
	走势名称：多头向上
	结果：未满足，返回code：0
===2021-08-09 11:03:28.393===
满足所有条件，可以触发


===============================================

==============2021-08-09 11:03:37==============
===6开始执行条件2021-08-09 11:03:36.566===
===开始判断价格条件2021-08-09 11:03:36.566===
===开始判断额外/转自动条件2021-08-09 11:03:36.813===
===2021-08-09 11:03:37.016===
股票：002006指定时间段判断-额外参数：
	分组名称：1
	走势名称：时间段
		条件成立(当前时间：2021-08-09 11:03:36.566,条件时段：09:30:00-13:00:00)
	结果：达到要求
===2021-08-09 11:03:37.147===
===2021-08-09 11:03:37.528===
股票：002006多头向上判断-转自动参数：
	分组名称：2
	走势名称：多头向上
	结果：未满足，返回code：0
===2021-08-09 11:03:37.528===
满足所有条件，可以触发


===============================================

==============2021-08-09 11:03:51==============
===6开始执行条件2021-08-09 11:03:49.948===
===开始判断价格条件2021-08-09 11:03:49.948===
===开始判断额外/转自动条件2021-08-09 11:03:50.473===
===2021-08-09 11:03:50.855===
股票：002006指定时间段判断-额外参数：
	分组名称：1
	走势名称：时间段
		条件成立(当前时间：2021-08-09 11:03:49.947,条件时段：09:30:00-13:00:00)
	结果：达到要求
===2021-08-09 11:03:51.026===
===2021-08-09 11:03:51.429===
股票：002006多头向上判断-转自动参数：
	分组名称：2
	走势名称：多头向上
	结果：未满足，返回code：0
===2021-08-09 11:03:51.429===
满足所有条件，可以触发


===============================================

