==============2021-08-11 10:28:20==============
===6开始执行条件2021-08-11 10:28:19.451===
===开始判断价格条件2021-08-11 10:28:19.451===
===开始判断额外/转自动条件2021-08-11 10:28:19.811===
===2021-08-11 10:28:19.883===
股票：002006指定时间段判断-额外参数：
	分组名称：1
	走势名称：时间段
		条件成立(当前时间：2021-08-11 10:28:19.451,条件时段：09:30:00-13:00:00)
	结果：达到要求
===2021-08-11 10:28:20.110===
===2021-08-11 10:28:20.306===
股票：002006多头向上判断-转自动参数：
	分组名称：2
	走势名称：多头向上
	结果：未满足，返回code：0
===2021-08-11 10:28:20.306===
满足所有条件，可以触发


===============================================

==============2021-08-11 10:28:26==============
===6开始执行条件2021-08-11 10:28:26.120===
===开始判断价格条件2021-08-11 10:28:26.120===
===开始判断额外/转自动条件2021-08-11 10:28:26.295===
===2021-08-11 10:28:26.396===
股票：002006指定时间段判断-额外参数：
	分组名称：1
	走势名称：时间段
		条件成立(当前时间：2021-08-11 10:28:26.119,条件时段：09:30:00-13:00:00)
	结果：达到要求
===2021-08-11 10:28:26.514===
===2021-08-11 10:28:26.712===
股票：002006多头向上判断-转自动参数：
	分组名称：2
	走势名称：多头向上
	结果：未满足，返回code：0
===2021-08-11 10:28:26.712===
满足所有条件，可以触发


===============================================

==============2021-08-11 10:28:48==============
===6开始执行条件2021-08-11 10:28:48.154===
===开始判断价格条件2021-08-11 10:28:48.154===
===开始判断额外/转自动条件2021-08-11 10:28:48.288===
===2021-08-11 10:28:48.375===
股票：002006指定时间段判断-额外参数：
	分组名称：1
	走势名称：时间段
		条件成立(当前时间：2021-08-11 10:28:48.153,条件时段：09:30:00-13:00:00)
	结果：达到要求
===2021-08-11 10:28:48.432===
===2021-08-11 10:28:48.598===
股票：002006多头向上判断-转自动参数：
	分组名称：2
	走势名称：多头向上
	结果：未满足，返回code：0
===2021-08-11 10:28:48.598===
满足所有条件，可以触发


===============================================

==============2021-08-11 10:28:58==============
===6开始执行条件2021-08-11 10:28:57.496===
===开始判断价格条件2021-08-11 10:28:57.496===
===开始判断额外/转自动条件2021-08-11 10:28:57.679===
===2021-08-11 10:28:57.797===
股票：002006指定时间段判断-额外参数：
	分组名称：1
	走势名称：时间段
		条件成立(当前时间：2021-08-11 10:28:57.496,条件时段：09:30:00-13:00:00)
	结果：达到要求
===2021-08-11 10:28:58.005===
===2021-08-11 10:28:58.165===
股票：002006多头向上判断-转自动参数：
	分组名称：2
	走势名称：多头向上
	结果：未满足，返回code：0
===2021-08-11 10:28:58.165===
满足所有条件，可以触发


===============================================

==============2021-08-11 10:29:41==============
===6开始执行条件2021-08-11 10:29:39.938===
===开始判断价格条件2021-08-11 10:29:39.938===
===开始判断额外/转自动条件2021-08-11 10:29:40.098===
===2021-08-11 10:29:40.256===
股票：002006指定时间段判断-额外参数：
	分组名称：1
	走势名称：时间段
		条件成立(当前时间：2021-08-11 10:29:39.938,条件时段：09:30:00-13:00:00)
	结果：达到要求
===2021-08-11 10:29:40.772===
===2021-08-11 10:29:41.099===
股票：002006多头向上判断-转自动参数：
	分组名称：2
	走势名称：多头向上
	结果：未满足，返回code：0
===2021-08-11 10:29:41.099===
满足所有条件，可以触发


===============================================

==============2021-08-11 10:29:51==============
===6开始执行条件2021-08-11 10:29:49.837===
===开始判断价格条件2021-08-11 10:29:49.837===
===开始判断额外/转自动条件2021-08-11 10:29:50.164===
===2021-08-11 10:29:50.348===
股票：002006指定时间段判断-额外参数：
	分组名称：1
	走势名称：时间段
		条件成立(当前时间：2021-08-11 10:29:49.837,条件时段：09:30:00-13:00:00)
	结果：达到要求
===2021-08-11 10:29:50.596===
===2021-08-11 10:29:51.964===
股票：002006多头向上判断-转自动参数：
	分组名称：2
	走势名称：多头向上
	结果：未满足，返回code：0
===2021-08-11 10:29:51.964===
满足所有条件，可以触发


===============================================

==============2021-08-11 10:30:05==============
===6开始执行条件2021-08-11 10:30:05.085===
===开始判断价格条件2021-08-11 10:30:05.085===
===开始判断额外/转自动条件2021-08-11 10:30:05.275===
===2021-08-11 10:30:05.390===
股票：002006指定时间段判断-额外参数：
	分组名称：1
	走势名称：时间段
		条件成立(当前时间：2021-08-11 10:30:05.085,条件时段：09:30:00-13:00:00)
	结果：达到要求
===2021-08-11 10:30:05.473===
===2021-08-11 10:30:05.670===
股票：002006多头向上判断-转自动参数：
	分组名称：2
	走势名称：多头向上
	结果：未满足，返回code：0
===2021-08-11 10:30:05.671===
满足所有条件，可以触发


===============================================

==============2021-08-11 10:30:12==============
===6开始执行条件2021-08-11 10:30:11.693===
===开始判断价格条件2021-08-11 10:30:11.693===
===开始判断额外/转自动条件2021-08-11 10:30:11.867===
===2021-08-11 10:30:11.941===
股票：002006指定时间段判断-额外参数：
	分组名称：1
	走势名称：时间段
		条件成立(当前时间：2021-08-11 10:30:11.692,条件时段：09:30:00-13:00:00)
	结果：达到要求
===2021-08-11 10:30:12.008===
===2021-08-11 10:30:12.269===
股票：002006多头向上判断-转自动参数：
	分组名称：2
	走势名称：多头向上
	结果：未满足，返回code：0
===2021-08-11 10:30:12.271===
满足所有条件，可以触发


===============================================

==============2021-08-11 10:30:20==============
===6开始执行条件2021-08-11 10:30:20.208===
===开始判断价格条件2021-08-11 10:30:20.208===
===开始判断额外/转自动条件2021-08-11 10:30:20.255===
===2021-08-11 10:30:20.293===
股票：002006指定时间段判断-额外参数：
	分组名称：1
	走势名称：时间段
		条件成立(当前时间：2021-08-11 10:30:20.208,条件时段：09:30:00-13:00:00)
	结果：达到要求
===2021-08-11 10:30:20.342===
===2021-08-11 10:30:20.701===
股票：002006多头向上判断-转自动参数：
	分组名称：2
	走势名称：多头向上
	结果：未满足，返回code：0
===2021-08-11 10:30:20.701===
满足所有条件，可以触发


===============================================

==============2021-08-11 10:30:27==============
===6开始执行条件2021-08-11 10:30:27.459===
===开始判断价格条件2021-08-11 10:30:27.459===
===开始判断额外/转自动条件2021-08-11 10:30:27.610===
===2021-08-11 10:30:27.707===
股票：002006指定时间段判断-额外参数：
	分组名称：1
	走势名称：时间段
		条件成立(当前时间：2021-08-11 10:30:27.458,条件时段：09:30:00-13:00:00)
	结果：达到要求
===2021-08-11 10:30:27.812===
===2021-08-11 10:30:27.929===
股票：002006多头向上判断-转自动参数：
	分组名称：2
	走势名称：多头向上
	结果：未满足，返回code：0
===2021-08-11 10:30:27.929===
满足所有条件，可以触发


===============================================

==============2021-08-11 10:30:36==============
===6开始执行条件2021-08-11 10:30:35.937===
===开始判断价格条件2021-08-11 10:30:35.937===
===开始判断额外/转自动条件2021-08-11 10:30:36.030===
===2021-08-11 10:30:36.082===
股票：002006指定时间段判断-额外参数：
	分组名称：1
	走势名称：时间段
		条件成立(当前时间：2021-08-11 10:30:35.936,条件时段：09:30:00-13:00:00)
	结果：达到要求
===2021-08-11 10:30:36.140===
===2021-08-11 10:30:36.247===
股票：002006多头向上判断-转自动参数：
	分组名称：2
	走势名称：多头向上
	结果：未满足，返回code：0
===2021-08-11 10:30:36.248===
满足所有条件，可以触发


===============================================

==============2021-08-11 10:30:39==============
===6开始执行条件2021-08-11 10:30:39.390===
===开始判断价格条件2021-08-11 10:30:39.390===
===开始判断额外/转自动条件2021-08-11 10:30:39.519===
===2021-08-11 10:30:39.600===
股票：002006指定时间段判断-额外参数：
	分组名称：1
	走势名称：时间段
		条件成立(当前时间：2021-08-11 10:30:39.390,条件时段：09:30:00-13:00:00)
	结果：达到要求
===2021-08-11 10:30:39.709===
===2021-08-11 10:30:39.803===
股票：002006多头向上判断-转自动参数：
	分组名称：2
	走势名称：多头向上
	结果：未满足，返回code：0
===2021-08-11 10:30:39.803===
满足所有条件，可以触发


===============================================

==============2021-08-11 10:30:49==============
===6开始执行条件2021-08-11 10:30:48.117===
===开始判断价格条件2021-08-11 10:30:48.117===
===开始判断额外/转自动条件2021-08-11 10:30:48.183===
===2021-08-11 10:30:48.225===
股票：002006指定时间段判断-额外参数：
	分组名称：1
	走势名称：时间段
		条件成立(当前时间：2021-08-11 10:30:48.113,条件时段：09:30:00-13:00:00)
	结果：达到要求
===2021-08-11 10:30:48.577===
===2021-08-11 10:30:49.608===
股票：002006多头向上判断-转自动参数：
	分组名称：2
	走势名称：多头向上
	结果：未满足，返回code：0
===2021-08-11 10:30:49.608===
满足所有条件，可以触发


===============================================

==============2021-08-11 10:30:55==============
===6开始执行条件2021-08-11 10:30:55.733===
===开始判断价格条件2021-08-11 10:30:55.733===
===开始判断额外/转自动条件2021-08-11 10:30:55.800===
===2021-08-11 10:30:55.829===
股票：002006指定时间段判断-额外参数：
	分组名称：1
	走势名称：时间段
		条件成立(当前时间：2021-08-11 10:30:55.732,条件时段：09:30:00-13:00:00)
	结果：达到要求
===2021-08-11 10:30:55.862===
===2021-08-11 10:30:55.927===
股票：002006多头向上判断-转自动参数：
	分组名称：2
	走势名称：多头向上
	结果：未满足，返回code：0
===2021-08-11 10:30:55.927===
满足所有条件，可以触发


===============================================

==============2021-08-11 10:31:14==============
===6开始执行条件2021-08-11 10:31:14.280===
===开始判断价格条件2021-08-11 10:31:14.280===
===开始判断额外/转自动条件2021-08-11 10:31:14.366===
===2021-08-11 10:31:14.400===
股票：002006指定时间段判断-额外参数：
	分组名称：1
	走势名称：时间段
		条件成立(当前时间：2021-08-11 10:31:14.279,条件时段：09:30:00-13:00:00)
	结果：达到要求
===2021-08-11 10:31:14.455===
===2021-08-11 10:31:14.794===
股票：002006多头向上判断-转自动参数：
	分组名称：2
	走势名称：多头向上
	结果：未满足，返回code：0
===2021-08-11 10:31:14.794===
满足所有条件，可以触发


===============================================

==============2021-08-11 10:31:21==============
===6开始执行条件2021-08-11 10:31:20.849===
===开始判断价格条件2021-08-11 10:31:20.849===
===开始判断额外/转自动条件2021-08-11 10:31:21.052===
===2021-08-11 10:31:21.161===
股票：002006指定时间段判断-额外参数：
	分组名称：1
	走势名称：时间段
		条件成立(当前时间：2021-08-11 10:31:20.849,条件时段：09:30:00-13:00:00)
	结果：达到要求
===2021-08-11 10:31:21.249===
===2021-08-11 10:31:21.375===
股票：002006多头向上判断-转自动参数：
	分组名称：2
	走势名称：多头向上
	结果：未满足，返回code：0
===2021-08-11 10:31:21.375===
满足所有条件，可以触发


===============================================

==============2021-08-11 10:31:28==============
===6开始执行条件2021-08-11 10:31:28.069===
===开始判断价格条件2021-08-11 10:31:28.069===
===开始判断额外/转自动条件2021-08-11 10:31:28.351===
===2021-08-11 10:31:28.531===
股票：002006指定时间段判断-额外参数：
	分组名称：1
	走势名称：时间段
		条件成立(当前时间：2021-08-11 10:31:28.068,条件时段：09:30:00-13:00:00)
	结果：达到要求
===2021-08-11 10:31:28.613===
===2021-08-11 10:31:28.685===
股票：002006多头向上判断-转自动参数：
	分组名称：2
	走势名称：多头向上
	结果：未满足，返回code：0
===2021-08-11 10:31:28.685===
满足所有条件，可以触发


===============================================

==============2021-08-11 10:31:40==============
===6开始执行条件2021-08-11 10:31:36.796===
===开始判断价格条件2021-08-11 10:31:36.796===
===开始判断额外/转自动条件2021-08-11 10:31:37.939===
===2021-08-11 10:31:38.739===
股票：002006指定时间段判断-额外参数：
	分组名称：1
	走势名称：时间段
		条件成立(当前时间：2021-08-11 10:31:36.795,条件时段：09:30:00-13:00:00)
	结果：达到要求
===2021-08-11 10:31:39.294===
===2021-08-11 10:31:40.533===
股票：002006多头向上判断-转自动参数：
	分组名称：2
	走势名称：多头向上
	结果：未满足，返回code：0
===2021-08-11 10:31:40.533===
满足所有条件，可以触发


===============================================

==============2021-08-11 10:31:56==============
===6开始执行条件2021-08-11 10:31:54.255===
===开始判断价格条件2021-08-11 10:31:54.255===
===开始判断额外/转自动条件2021-08-11 10:31:55.101===
===2021-08-11 10:31:55.765===
股票：002006指定时间段判断-额外参数：
	分组名称：1
	走势名称：时间段
		条件成立(当前时间：2021-08-11 10:31:54.253,条件时段：09:30:00-13:00:00)
	结果：达到要求
===2021-08-11 10:31:56.464===
===2021-08-11 10:31:56.920===
股票：002006多头向上判断-转自动参数：
	分组名称：2
	走势名称：多头向上
	结果：未满足，返回code：0
===2021-08-11 10:31:56.920===
满足所有条件，可以触发


===============================================

==============2021-08-11 10:32:13==============
===6开始执行条件2021-08-11 10:32:10.623===
===开始判断价格条件2021-08-11 10:32:10.623===
===开始判断额外/转自动条件2021-08-11 10:32:11.043===
===2021-08-11 10:32:11.363===
股票：002006指定时间段判断-额外参数：
	分组名称：1
	走势名称：时间段
		条件成立(当前时间：2021-08-11 10:32:10.623,条件时段：09:30:00-13:00:00)
	结果：达到要求
===2021-08-11 10:32:12.185===
===2021-08-11 10:32:13.187===
股票：002006多头向上判断-转自动参数：
	分组名称：2
	走势名称：多头向上
	结果：未满足，返回code：0
===2021-08-11 10:32:13.187===
满足所有条件，可以触发


===============================================

==============2021-08-11 10:32:41==============
===6开始执行条件2021-08-11 10:32:41.154===
===开始判断价格条件2021-08-11 10:32:41.154===
===开始判断额外/转自动条件2021-08-11 10:32:41.291===
===2021-08-11 10:32:41.370===
股票：002006指定时间段判断-额外参数：
	分组名称：1
	走势名称：时间段
		条件成立(当前时间：2021-08-11 10:32:41.154,条件时段：09:30:00-13:00:00)
	结果：达到要求
===2021-08-11 10:32:41.562===
===2021-08-11 10:32:41.710===
股票：002006多头向上判断-转自动参数：
	分组名称：2
	走势名称：多头向上
	结果：未满足，返回code：0
===2021-08-11 10:32:41.710===
满足所有条件，可以触发


===============================================

==============2021-08-11 10:32:54==============
===6开始执行条件2021-08-11 10:32:54.448===
===开始判断价格条件2021-08-11 10:32:54.448===
===开始判断额外/转自动条件2021-08-11 10:32:54.578===
===2021-08-11 10:32:54.650===
股票：002006指定时间段判断-额外参数：
	分组名称：1
	走势名称：时间段
		条件成立(当前时间：2021-08-11 10:32:54.448,条件时段：09:30:00-13:00:00)
	结果：达到要求
===2021-08-11 10:32:54.704===
===2021-08-11 10:32:54.880===
股票：002006多头向上判断-转自动参数：
	分组名称：2
	走势名称：多头向上
	结果：未满足，返回code：0
===2021-08-11 10:32:54.880===
满足所有条件，可以触发


===============================================

==============2021-08-11 10:33:03==============
===6开始执行条件2021-08-11 10:33:02.496===
===开始判断价格条件2021-08-11 10:33:02.496===
===开始判断额外/转自动条件2021-08-11 10:33:02.597===
===2021-08-11 10:33:02.644===
股票：002006指定时间段判断-额外参数：
	分组名称：1
	走势名称：时间段
		条件成立(当前时间：2021-08-11 10:33:02.496,条件时段：09:30:00-13:00:00)
	结果：达到要求
===2021-08-11 10:33:02.696===
===2021-08-11 10:33:03.084===
股票：002006多头向上判断-转自动参数：
	分组名称：2
	走势名称：多头向上
	结果：未满足，返回code：0
===2021-08-11 10:33:03.084===
满足所有条件，可以触发


===============================================

==============2021-08-11 10:33:13==============
===6开始执行条件2021-08-11 10:33:11.255===
===开始判断价格条件2021-08-11 10:33:11.255===
===开始判断额外/转自动条件2021-08-11 10:33:12.244===
===2021-08-11 10:33:12.468===
股票：002006指定时间段判断-额外参数：
	分组名称：1
	走势名称：时间段
		条件成立(当前时间：2021-08-11 10:33:11.255,条件时段：09:30:00-13:00:00)
	结果：达到要求
===2021-08-11 10:33:12.782===
===2021-08-11 10:33:13.510===
股票：002006多头向上判断-转自动参数：
	分组名称：2
	走势名称：多头向上
	结果：未满足，返回code：0
===2021-08-11 10:33:13.510===
满足所有条件，可以触发


===============================================

==============2021-08-11 10:33:21==============
===6开始执行条件2021-08-11 10:33:19.539===
===开始判断价格条件2021-08-11 10:33:19.539===
===开始判断额外/转自动条件2021-08-11 10:33:19.855===
===2021-08-11 10:33:20.502===
股票：002006指定时间段判断-额外参数：
	分组名称：1
	走势名称：时间段
		条件成立(当前时间：2021-08-11 10:33:19.523,条件时段：09:30:00-13:00:00)
	结果：达到要求
===2021-08-11 10:33:20.777===
===2021-08-11 10:33:21.294===
股票：002006多头向上判断-转自动参数：
	分组名称：2
	走势名称：多头向上
	结果：未满足，返回code：0
===2021-08-11 10:33:21.294===
满足所有条件，可以触发


===============================================

==============2021-08-11 10:34:55==============
===6开始执行条件2021-08-11 10:34:54.910===
===开始判断价格条件2021-08-11 10:34:54.910===
===开始判断额外/转自动条件2021-08-11 10:34:54.987===
===2021-08-11 10:34:55.128===
股票：002006指定时间段判断-额外参数：
	分组名称：1
	走势名称：时间段
		条件成立(当前时间：2021-08-11 10:34:54.910,条件时段：09:30:00-13:00:00)
	结果：达到要求
===2021-08-11 10:34:55.204===
===2021-08-11 10:34:55.341===
股票：002006多头向上判断-转自动参数：
	分组名称：2
	走势名称：多头向上
	结果：未满足，返回code：0
===2021-08-11 10:34:55.341===
满足所有条件，可以触发


===============================================

==============2021-08-11 10:35:05==============
===6开始执行条件2021-08-11 10:35:03.543===
===开始判断价格条件2021-08-11 10:35:03.543===
===开始判断额外/转自动条件2021-08-11 10:35:03.979===
===2021-08-11 10:35:04.490===
股票：002006指定时间段判断-额外参数：
	分组名称：1
	走势名称：时间段
		条件成立(当前时间：2021-08-11 10:35:03.543,条件时段：09:30:00-13:00:00)
	结果：达到要求
===2021-08-11 10:35:05.003===
===2021-08-11 10:35:05.206===
股票：002006多头向上判断-转自动参数：
	分组名称：2
	走势名称：多头向上
	结果：未满足，返回code：0
===2021-08-11 10:35:05.206===
满足所有条件，可以触发


===============================================

==============2021-08-11 10:35:11==============
===6开始执行条件2021-08-11 10:35:10.737===
===开始判断价格条件2021-08-11 10:35:10.737===
===开始判断额外/转自动条件2021-08-11 10:35:10.895===
===2021-08-11 10:35:11.103===
股票：002006指定时间段判断-额外参数：
	分组名称：1
	走势名称：时间段
		条件成立(当前时间：2021-08-11 10:35:10.737,条件时段：09:30:00-13:00:00)
	结果：达到要求
===2021-08-11 10:35:11.259===
===2021-08-11 10:35:11.426===
股票：002006多头向上判断-转自动参数：
	分组名称：2
	走势名称：多头向上
	结果：未满足，返回code：0
===2021-08-11 10:35:11.426===
满足所有条件，可以触发


===============================================

==============2021-08-11 10:35:26==============
===6开始执行条件2021-08-11 10:35:23.711===
===开始判断价格条件2021-08-11 10:35:23.711===
===开始判断额外/转自动条件2021-08-11 10:35:24.611===
===2021-08-11 10:35:25.305===
股票：002006指定时间段判断-额外参数：
	分组名称：1
	走势名称：时间段
		条件成立(当前时间：2021-08-11 10:35:23.711,条件时段：09:30:00-13:00:00)
	结果：达到要求
===2021-08-11 10:35:25.920===
===2021-08-11 10:35:26.658===
股票：002006多头向上判断-转自动参数：
	分组名称：2
	走势名称：多头向上
	结果：未满足，返回code：0
===2021-08-11 10:35:26.658===
满足所有条件，可以触发


===============================================

==============2021-08-11 10:35:51==============
===6开始执行条件2021-08-11 10:35:45.241===
===开始判断价格条件2021-08-11 10:35:45.241===
===开始判断额外/转自动条件2021-08-11 10:35:45.949===
===2021-08-11 10:35:50.061===
股票：002006指定时间段判断-额外参数：
	分组名称：1
	走势名称：时间段
		条件成立(当前时间：2021-08-11 10:35:45.241,条件时段：09:30:00-13:00:00)
	结果：达到要求
===2021-08-11 10:35:51.148===
===2021-08-11 10:35:51.800===
股票：002006多头向上判断-转自动参数：
	分组名称：2
	走势名称：多头向上
	结果：未满足，返回code：0
===2021-08-11 10:35:51.800===
满足所有条件，可以触发


===============================================

==============2021-08-11 10:36:22==============
===6开始执行条件2021-08-11 10:36:18.758===
===开始判断价格条件2021-08-11 10:36:18.758===
===开始判断额外/转自动条件2021-08-11 10:36:20.061===
===2021-08-11 10:36:20.952===
股票：002006指定时间段判断-额外参数：
	分组名称：1
	走势名称：时间段
		条件成立(当前时间：2021-08-11 10:36:18.757,条件时段：09:30:00-13:00:00)
	结果：达到要求
===2021-08-11 10:36:21.410===
===2021-08-11 10:36:22.527===
股票：002006多头向上判断-转自动参数：
	分组名称：2
	走势名称：多头向上
	结果：未满足，返回code：0
===2021-08-11 10:36:22.527===
满足所有条件，可以触发


===============================================

==============2021-08-11 10:36:58==============
===6开始执行条件2021-08-11 10:36:56.003===
===开始判断价格条件2021-08-11 10:36:56.003===
===开始判断额外/转自动条件2021-08-11 10:36:57.078===
===2021-08-11 10:36:57.354===
股票：002006指定时间段判断-额外参数：
	分组名称：1
	走势名称：时间段
		条件成立(当前时间：2021-08-11 10:36:56.003,条件时段：09:30:00-13:00:00)
	结果：达到要求
===2021-08-11 10:36:58.011===
===2021-08-11 10:36:58.988===
股票：002006多头向上判断-转自动参数：
	分组名称：2
	走势名称：多头向上
	结果：未满足，返回code：0
===2021-08-11 10:36:58.988===
满足所有条件，可以触发


===============================================

==============2021-08-11 10:37:46==============
===6开始执行条件2021-08-11 10:37:13.792===
===开始判断价格条件2021-08-11 10:37:13.792===
===开始判断额外/转自动条件2021-08-11 10:37:15.823===
===2021-08-11 10:37:16.351===
股票：002006指定时间段判断-额外参数：
	分组名称：1
	走势名称：时间段
		条件成立(当前时间：2021-08-11 10:37:13.785,条件时段：09:30:00-13:00:00)
	结果：达到要求
===2021-08-11 10:37:45.360===
===2021-08-11 10:37:46.347===
股票：002006多头向上判断-转自动参数：
	分组名称：2
	走势名称：多头向上
	结果：未满足，返回code：0
===2021-08-11 10:37:46.347===
满足所有条件，可以触发


===============================================

==============2021-08-11 10:37:56==============
===6开始执行条件2021-08-11 10:37:52.004===
===开始判断价格条件2021-08-11 10:37:52.004===
===开始判断额外/转自动条件2021-08-11 10:37:53.228===
===2021-08-11 10:37:53.813===
股票：002006指定时间段判断-额外参数：
	分组名称：1
	走势名称：时间段
		条件成立(当前时间：2021-08-11 10:37:51.998,条件时段：09:30:00-13:00:00)
	结果：达到要求
===2021-08-11 10:37:55.150===
===2021-08-11 10:37:56.983===
股票：002006多头向上判断-转自动参数：
	分组名称：2
	走势名称：多头向上
	结果：未满足，返回code：0
===2021-08-11 10:37:56.983===
满足所有条件，可以触发


===============================================

