==============2021-08-10 17:37:11==============
===6开始执行条件2021-08-10 17:37:10.778===
===开始判断价格条件2021-08-10 17:37:10.778===
===开始判断额外/转自动条件2021-08-10 17:37:10.942===
===2021-08-10 17:37:10.981===
股票：002006指定时间段判断-额外参数：
	分组名称：1
	走势名称：时间段
		条件不成立(当前时间：2021-08-10 17:37:10.777,条件时段：09:30:00-13:00:00)
	结果：未满足
===2021-08-10 17:37:10.981===
===2021-08-10 17:37:11.002===
股票：002006板块涨跌幅判断-额外参数：
	分组名称：1
	走势名称：发
		条件不成立(不符合板块涨跌幅条件)
	结果：未满足，返回code：-1
===2021-08-10 17:37:11.235===
额外条件未满足


===============================================

==============2021-08-10 17:41:02==============
===6开始执行条件2021-08-10 17:41:01.679===
===开始判断价格条件2021-08-10 17:41:01.679===
===开始判断额外/转自动条件2021-08-10 17:41:01.919===
===2021-08-10 17:41:02.080===
股票：002006指定时间段判断-额外参数：
	分组名称：1
	走势名称：时间段
		条件不成立(当前时间：2021-08-10 17:41:01.679,条件时段：09:30:00-13:00:00)
	结果：未满足
===2021-08-10 17:41:02.080===
===2021-08-10 17:41:02.141===
股票：002006板块涨跌幅判断-额外参数：
	分组名称：1
	走势名称：发
		条件不成立(不符合板块涨跌幅条件)
	结果：未满足，返回code：-1
===2021-08-10 17:41:02.430===
额外条件未满足


===============================================

==============2021-08-10 17:41:14==============
===6开始执行条件2021-08-10 17:41:13.648===
===开始判断价格条件2021-08-10 17:41:13.648===
===开始判断额外/转自动条件2021-08-10 17:41:13.915===
===2021-08-10 17:41:14.065===
股票：002006指定时间段判断-额外参数：
	分组名称：1
	走势名称：时间段
		条件不成立(当前时间：2021-08-10 17:41:13.647,条件时段：09:30:00-13:00:00)
	结果：未满足
===2021-08-10 17:41:14.065===
===2021-08-10 17:41:14.095===
股票：002006板块涨跌幅判断-额外参数：
	分组名称：1
	走势名称：发
		条件不成立(不符合板块涨跌幅条件)
	结果：未满足，返回code：-1
===2021-08-10 17:41:14.366===
额外条件未满足


===============================================

==============2021-08-10 17:41:29==============
===6开始执行条件2021-08-10 17:41:27.918===
===开始判断价格条件2021-08-10 17:41:27.918===
===开始判断额外/转自动条件2021-08-10 17:41:28.376===
===2021-08-10 17:41:28.554===
股票：002006指定时间段判断-额外参数：
	分组名称：1
	走势名称：时间段
		条件不成立(当前时间：2021-08-10 17:41:27.917,条件时段：09:30:00-13:00:00)
	结果：未满足
===2021-08-10 17:41:28.555===
===2021-08-10 17:41:28.698===
股票：002006板块涨跌幅判断-额外参数：
	分组名称：1
	走势名称：发
		条件不成立(不符合板块涨跌幅条件)
	结果：未满足，返回code：-1
===2021-08-10 17:41:29.142===
额外条件未满足


===============================================

==============2021-08-10 17:41:44==============
===6开始执行条件2021-08-10 17:41:43.080===
===开始判断价格条件2021-08-10 17:41:43.080===
===开始判断额外/转自动条件2021-08-10 17:41:43.284===
===2021-08-10 17:41:43.351===
股票：002006指定时间段判断-额外参数：
	分组名称：1
	走势名称：时间段
		条件不成立(当前时间：2021-08-10 17:41:43.079,条件时段：09:30:00-13:00:00)
	结果：未满足
===2021-08-10 17:41:43.351===
===2021-08-10 17:41:43.395===
股票：002006板块涨跌幅判断-额外参数：
	分组名称：1
	走势名称：发
		条件不成立(不符合板块涨跌幅条件)
	结果：未满足，返回code：-1
===2021-08-10 17:41:44.040===
额外条件未满足


===============================================

==============2021-08-10 17:41:52==============
===6开始执行条件2021-08-10 17:41:45.626===
===开始判断价格条件2021-08-10 17:41:45.626===
===开始判断额外/转自动条件2021-08-10 17:41:46.227===
===2021-08-10 17:41:46.818===
股票：002006指定时间段判断-额外参数：
	分组名称：1
	走势名称：时间段
		条件不成立(当前时间：2021-08-10 17:41:45.626,条件时段：09:30:00-13:00:00)
	结果：未满足
===2021-08-10 17:41:46.818===
===2021-08-10 17:41:47.012===
股票：002006板块涨跌幅判断-额外参数：
	分组名称：1
	走势名称：发
		条件不成立(不符合板块涨跌幅条件)
	结果：未满足，返回code：-1
===2021-08-10 17:41:52.673===
额外条件未满足


===============================================

==============2021-08-10 17:42:11==============
===6开始执行条件2021-08-10 17:42:06.842===
===开始判断价格条件2021-08-10 17:42:06.842===
===开始判断额外/转自动条件2021-08-10 17:42:07.351===
===2021-08-10 17:42:07.694===
股票：002006指定时间段判断-额外参数：
	分组名称：1
	走势名称：时间段
		条件不成立(当前时间：2021-08-10 17:42:06.835,条件时段：09:30:00-13:00:00)
	结果：未满足
===2021-08-10 17:42:07.694===
===2021-08-10 17:42:08.251===
股票：002006板块涨跌幅判断-额外参数：
	分组名称：1
	走势名称：发
		条件不成立(不符合板块涨跌幅条件)
	结果：未满足，返回code：-1
===2021-08-10 17:42:11.371===
额外条件未满足


===============================================

==============2021-08-10 17:43:42==============
===6开始执行条件2021-08-10 17:43:38.830===
===开始判断价格条件2021-08-10 17:43:38.830===
===开始判断额外/转自动条件2021-08-10 17:43:39.356===
===2021-08-10 17:43:40.272===
股票：002006指定时间段判断-额外参数：
	分组名称：1
	走势名称：时间段
		条件不成立(当前时间：2021-08-10 17:43:38.830,条件时段：09:30:00-13:00:00)
	结果：未满足
===2021-08-10 17:43:40.353===
===2021-08-10 17:43:40.699===
股票：002006板块涨跌幅判断-额外参数：
	分组名称：1
	走势名称：发
		条件不成立(不符合板块涨跌幅条件)
	结果：未满足，返回code：-1
===2021-08-10 17:43:42.791===
额外条件未满足


===============================================

==============2021-08-10 17:43:48==============
===6开始执行条件2021-08-10 17:43:46.685===
===开始判断价格条件2021-08-10 17:43:46.685===
===开始判断额外/转自动条件2021-08-10 17:43:47.197===
===2021-08-10 17:43:47.264===
股票：002006指定时间段判断-额外参数：
	分组名称：1
	走势名称：时间段
		条件不成立(当前时间：2021-08-10 17:43:46.685,条件时段：09:30:00-13:00:00)
	结果：未满足
===2021-08-10 17:43:47.264===
===2021-08-10 17:43:47.335===
股票：002006板块涨跌幅判断-额外参数：
	分组名称：1
	走势名称：发
		条件不成立(不符合板块涨跌幅条件)
	结果：未满足，返回code：-1
===2021-08-10 17:43:48.757===
额外条件未满足


===============================================

==============2021-08-10 17:44:04==============
===6开始执行条件2021-08-10 17:44:03.591===
===开始判断价格条件2021-08-10 17:44:03.591===
===开始判断额外/转自动条件2021-08-10 17:44:03.922===
===2021-08-10 17:44:04.020===
股票：002006指定时间段判断-额外参数：
	分组名称：1
	走势名称：时间段
		条件不成立(当前时间：2021-08-10 17:44:03.591,条件时段：09:30:00-13:00:00)
	结果：未满足
===2021-08-10 17:44:04.020===
===2021-08-10 17:44:04.042===
股票：002006板块涨跌幅判断-额外参数：
	分组名称：1
	走势名称：发
		条件不成立(不符合板块涨跌幅条件)
	结果：未满足，返回code：-1
===2021-08-10 17:44:04.955===
额外条件未满足


===============================================

==============2021-08-10 17:47:31==============
===6开始执行条件2021-08-10 17:47:28.072===
===开始判断价格条件2021-08-10 17:47:28.072===
===开始判断额外/转自动条件2021-08-10 17:47:28.653===
===2021-08-10 17:47:29.526===
股票：002006指定时间段判断-额外参数：
	分组名称：1
	走势名称：时间段
		条件不成立(当前时间：2021-08-10 17:47:28.072,条件时段：09:30:00-13:00:00)
	结果：未满足
===2021-08-10 17:47:29.526===
===2021-08-10 17:47:29.758===
股票：002006板块涨跌幅判断-额外参数：
	分组名称：1
	走势名称：发
		条件不成立(不符合板块涨跌幅条件)
	结果：未满足，返回code：-1
===2021-08-10 17:47:31.940===
额外条件未满足


===============================================

==============2021-08-10 17:47:48==============
===6开始执行条件2021-08-10 17:47:45.538===
===开始判断价格条件2021-08-10 17:47:45.538===
===开始判断额外/转自动条件2021-08-10 17:47:46.228===
===2021-08-10 17:47:46.637===
股票：002006指定时间段判断-额外参数：
	分组名称：1
	走势名称：时间段
		条件不成立(当前时间：2021-08-10 17:47:45.537,条件时段：09:30:00-13:00:00)
	结果：未满足
===2021-08-10 17:47:46.637===
===2021-08-10 17:47:46.855===
股票：002006板块涨跌幅判断-额外参数：
	分组名称：1
	走势名称：发
		条件不成立(不符合板块涨跌幅条件)
	结果：未满足，返回code：-1
===2021-08-10 17:47:48.874===
额外条件未满足


===============================================

==============2021-08-10 17:48:59==============
===6开始执行条件2021-08-10 17:48:59.093===
===开始判断价格条件2021-08-10 17:48:59.093===
===开始判断额外/转自动条件2021-08-10 17:48:59.241===
===2021-08-10 17:48:59.291===
股票：002006指定时间段判断-额外参数：
	分组名称：1
	走势名称：时间段
		条件不成立(当前时间：2021-08-10 17:48:59.092,条件时段：09:30:00-13:00:00)
	结果：未满足
===2021-08-10 17:48:59.291===
===2021-08-10 17:48:59.316===
股票：002006板块涨跌幅判断-额外参数：
	分组名称：1
	走势名称：发
		条件不成立(不符合板块涨跌幅条件)
	结果：未满足，返回code：-1
===2021-08-10 17:48:59.769===
额外条件未满足


===============================================

==============2021-08-10 17:49:15==============
===6开始执行条件2021-08-10 17:49:13.759===
===开始判断价格条件2021-08-10 17:49:13.759===
===开始判断额外/转自动条件2021-08-10 17:49:14.002===
===2021-08-10 17:49:14.208===
股票：002006指定时间段判断-额外参数：
	分组名称：1
	走势名称：时间段
		条件不成立(当前时间：2021-08-10 17:49:13.758,条件时段：09:30:00-13:00:00)
	结果：未满足
===2021-08-10 17:49:14.208===
===2021-08-10 17:49:14.268===
股票：002006板块涨跌幅判断-额外参数：
	分组名称：1
	走势名称：发
		条件不成立(不符合板块涨跌幅条件)
	结果：未满足，返回code：-1
===2021-08-10 17:49:15.597===
额外条件未满足


===============================================

==============2021-08-10 17:49:45==============
===6开始执行条件2021-08-10 17:49:37.325===
===开始判断价格条件2021-08-10 17:49:37.325===
===开始判断额外/转自动条件2021-08-10 17:49:40.670===
===2021-08-10 17:49:41.149===
股票：002006指定时间段判断-额外参数：
	分组名称：1
	走势名称：时间段
		条件不成立(当前时间：2021-08-10 17:49:37.324,条件时段：09:30:00-13:00:00)
	结果：未满足
===2021-08-10 17:49:41.149===
===2021-08-10 17:49:41.476===
股票：002006板块涨跌幅判断-额外参数：
	分组名称：1
	走势名称：发
		条件不成立(不符合板块涨跌幅条件)
	结果：未满足，返回code：-1
===2021-08-10 17:49:45.654===
额外条件未满足


===============================================

==============2021-08-10 17:49:53==============
===6开始执行条件2021-08-10 17:49:50.192===
===开始判断价格条件2021-08-10 17:49:50.192===
===开始判断额外/转自动条件2021-08-10 17:49:50.724===
===2021-08-10 17:49:50.923===
股票：002006指定时间段判断-额外参数：
	分组名称：1
	走势名称：时间段
		条件不成立(当前时间：2021-08-10 17:49:50.192,条件时段：09:30:00-13:00:00)
	结果：未满足
===2021-08-10 17:49:50.923===
===2021-08-10 17:49:51.596===
股票：002006板块涨跌幅判断-额外参数：
	分组名称：1
	走势名称：发
		条件不成立(不符合板块涨跌幅条件)
	结果：未满足，返回code：-1
===2021-08-10 17:49:53.426===
额外条件未满足


===============================================

==============2021-08-10 17:50:06==============
===6开始执行条件2021-08-10 17:50:05.414===
===开始判断价格条件2021-08-10 17:50:05.414===
===开始判断额外/转自动条件2021-08-10 17:50:05.596===
===2021-08-10 17:50:05.728===
股票：002006指定时间段判断-额外参数：
	分组名称：1
	走势名称：时间段
		条件不成立(当前时间：2021-08-10 17:50:05.391,条件时段：09:30:00-13:00:00)
	结果：未满足
===2021-08-10 17:50:05.728===
===2021-08-10 17:50:05.808===
股票：002006板块涨跌幅判断-额外参数：
	分组名称：1
	走势名称：发
		条件不成立(不符合板块涨跌幅条件)
	结果：未满足，返回code：-1
===2021-08-10 17:50:06.070===
额外条件未满足


===============================================

==============2021-08-10 17:50:33==============
===6开始执行条件2021-08-10 17:50:29.302===
===开始判断价格条件2021-08-10 17:50:29.302===
===开始判断额外/转自动条件2021-08-10 17:50:29.922===
===2021-08-10 17:50:30.255===
股票：002006指定时间段判断-额外参数：
	分组名称：1
	走势名称：时间段
		条件不成立(当前时间：2021-08-10 17:50:29.302,条件时段：09:30:00-13:00:00)
	结果：未满足
===2021-08-10 17:50:30.255===
===2021-08-10 17:50:30.452===
股票：002006板块涨跌幅判断-额外参数：
	分组名称：1
	走势名称：发
		条件不成立(不符合板块涨跌幅条件)
	结果：未满足，返回code：-1
===2021-08-10 17:50:33.741===
额外条件未满足


===============================================

==============2021-08-10 17:50:41==============
===6开始执行条件2021-08-10 17:50:37.182===
===开始判断价格条件2021-08-10 17:50:37.182===
===开始判断额外/转自动条件2021-08-10 17:50:37.801===
===2021-08-10 17:50:38.382===
股票：002006指定时间段判断-额外参数：
	分组名称：1
	走势名称：时间段
		条件不成立(当前时间：2021-08-10 17:50:37.182,条件时段：09:30:00-13:00:00)
	结果：未满足
===2021-08-10 17:50:38.382===
===2021-08-10 17:50:38.576===
股票：002006板块涨跌幅判断-额外参数：
	分组名称：1
	走势名称：发
		条件不成立(不符合板块涨跌幅条件)
	结果：未满足，返回code：-1
===2021-08-10 17:50:41.648===
额外条件未满足


===============================================

==============2021-08-10 17:51:16==============
===6开始执行条件2021-08-10 17:51:12.191===
===开始判断价格条件2021-08-10 17:51:12.191===
===开始判断额外/转自动条件2021-08-10 17:51:12.828===
===2021-08-10 17:51:13.094===
股票：002006指定时间段判断-额外参数：
	分组名称：1
	走势名称：时间段
		条件不成立(当前时间：2021-08-10 17:51:12.191,条件时段：09:30:00-13:00:00)
	结果：未满足
===2021-08-10 17:51:13.094===
===2021-08-10 17:51:13.548===
股票：002006板块涨跌幅判断-额外参数：
	分组名称：1
	走势名称：发
		条件不成立(不符合板块涨跌幅条件)
	结果：未满足，返回code：-1
===2021-08-10 17:51:16.530===
额外条件未满足


===============================================

==============2021-08-10 17:52:02==============
===6开始执行条件2021-08-10 17:52:00.341===
===开始判断价格条件2021-08-10 17:52:00.341===
===开始判断额外/转自动条件2021-08-10 17:52:00.688===
===2021-08-10 17:52:00.845===
股票：002006指定时间段判断-额外参数：
	分组名称：1
	走势名称：时间段
		条件不成立(当前时间：2021-08-10 17:52:00.341,条件时段：09:30:00-13:00:00)
	结果：未满足
===2021-08-10 17:52:00.845===
===2021-08-10 17:52:00.971===
股票：002006板块涨跌幅判断-额外参数：
	分组名称：1
	走势名称：发
		条件不成立(不符合板块涨跌幅条件)
	结果：未满足，返回code：-1
===2021-08-10 17:52:02.949===
额外条件未满足


===============================================

==============2021-08-10 17:52:18==============
===6开始执行条件2021-08-10 17:52:16.097===
===开始判断价格条件2021-08-10 17:52:16.097===
===开始判断额外/转自动条件2021-08-10 17:52:16.608===
===2021-08-10 17:52:16.733===
股票：002006指定时间段判断-额外参数：
	分组名称：1
	走势名称：时间段
		条件不成立(当前时间：2021-08-10 17:52:16.096,条件时段：09:30:00-13:00:00)
	结果：未满足
===2021-08-10 17:52:16.733===
===2021-08-10 17:52:16.808===
股票：002006板块涨跌幅判断-额外参数：
	分组名称：1
	走势名称：发
		条件不成立(不符合板块涨跌幅条件)
	结果：未满足，返回code：-1
===2021-08-10 17:52:18.436===
额外条件未满足


===============================================

==============2021-08-10 17:52:38==============
===6开始执行条件2021-08-10 17:52:35.012===
===开始判断价格条件2021-08-10 17:52:35.012===
===开始判断额外/转自动条件2021-08-10 17:52:35.461===
===2021-08-10 17:52:35.707===
股票：002006指定时间段判断-额外参数：
	分组名称：1
	走势名称：时间段
		条件不成立(当前时间：2021-08-10 17:52:35.012,条件时段：09:30:00-13:00:00)
	结果：未满足
===2021-08-10 17:52:35.707===
===2021-08-10 17:52:35.787===
股票：002006板块涨跌幅判断-额外参数：
	分组名称：1
	走势名称：发
		条件不成立(不符合板块涨跌幅条件)
	结果：未满足，返回code：-1
===2021-08-10 17:52:38.176===
额外条件未满足


===============================================

==============2021-08-10 17:52:55==============
===6开始执行条件2021-08-10 17:52:51.551===
===开始判断价格条件2021-08-10 17:52:51.551===
===开始判断额外/转自动条件2021-08-10 17:52:52.076===
===2021-08-10 17:52:52.189===
股票：002006指定时间段判断-额外参数：
	分组名称：1
	走势名称：时间段
		条件不成立(当前时间：2021-08-10 17:52:51.551,条件时段：09:30:00-13:00:00)
	结果：未满足
===2021-08-10 17:52:52.189===
===2021-08-10 17:52:52.213===
股票：002006板块涨跌幅判断-额外参数：
	分组名称：1
	走势名称：发
		条件不成立(不符合板块涨跌幅条件)
	结果：未满足，返回code：-1
===2021-08-10 17:52:55.273===
额外条件未满足


===============================================

==============2021-08-10 17:53:10==============
===6开始执行条件2021-08-10 17:53:09.416===
===开始判断价格条件2021-08-10 17:53:09.416===
===开始判断额外/转自动条件2021-08-10 17:53:09.488===
===2021-08-10 17:53:09.543===
股票：002006指定时间段判断-额外参数：
	分组名称：1
	走势名称：时间段
		条件不成立(当前时间：2021-08-10 17:53:09.407,条件时段：09:30:00-13:00:00)
	结果：未满足
===2021-08-10 17:53:09.543===
===2021-08-10 17:53:09.575===
股票：002006板块涨跌幅判断-额外参数：
	分组名称：1
	走势名称：发
		条件不成立(不符合板块涨跌幅条件)
	结果：未满足，返回code：-1
===2021-08-10 17:53:10.031===
额外条件未满足


===============================================

==============2021-08-10 17:53:28==============
===6开始执行条件2021-08-10 17:53:27.052===
===开始判断价格条件2021-08-10 17:53:27.052===
===开始判断额外/转自动条件2021-08-10 17:53:27.396===
===2021-08-10 17:53:27.552===
股票：002006指定时间段判断-额外参数：
	分组名称：1
	走势名称：时间段
		条件不成立(当前时间：2021-08-10 17:53:27.051,条件时段：09:30:00-13:00:00)
	结果：未满足
===2021-08-10 17:53:27.553===
===2021-08-10 17:53:27.623===
股票：002006板块涨跌幅判断-额外参数：
	分组名称：1
	走势名称：发
		条件不成立(不符合板块涨跌幅条件)
	结果：未满足，返回code：-1
===2021-08-10 17:53:28.831===
额外条件未满足


===============================================

==============2021-08-10 17:53:40==============
===6开始执行条件2021-08-10 17:53:37.527===
===开始判断价格条件2021-08-10 17:53:37.527===
===开始判断额外/转自动条件2021-08-10 17:53:37.847===
===2021-08-10 17:53:38.497===
股票：002006指定时间段判断-额外参数：
	分组名称：1
	走势名称：时间段
		条件不成立(当前时间：2021-08-10 17:53:37.517,条件时段：09:30:00-13:00:00)
	结果：未满足
===2021-08-10 17:53:38.497===
===2021-08-10 17:53:38.608===
股票：002006板块涨跌幅判断-额外参数：
	分组名称：1
	走势名称：发
		条件不成立(不符合板块涨跌幅条件)
	结果：未满足，返回code：-1
===2021-08-10 17:53:40.610===
额外条件未满足


===============================================

==============2021-08-10 17:53:58==============
===6开始执行条件2021-08-10 17:53:57.981===
===开始判断价格条件2021-08-10 17:53:57.981===
===开始判断额外/转自动条件2021-08-10 17:53:58.152===
===2021-08-10 17:53:58.195===
股票：002006指定时间段判断-额外参数：
	分组名称：1
	走势名称：时间段
		条件不成立(当前时间：2021-08-10 17:53:57.981,条件时段：09:30:00-13:00:00)
	结果：未满足
===2021-08-10 17:53:58.195===
===2021-08-10 17:53:58.228===
股票：002006板块涨跌幅判断-额外参数：
	分组名称：1
	走势名称：发
		条件不成立(不符合板块涨跌幅条件)
	结果：未满足，返回code：-1
===2021-08-10 17:53:58.573===
额外条件未满足


===============================================

==============2021-08-10 17:54:13==============
===6开始执行条件2021-08-10 17:54:13.124===
===开始判断价格条件2021-08-10 17:54:13.124===
===开始判断额外/转自动条件2021-08-10 17:54:13.179===
===2021-08-10 17:54:13.215===
股票：002006指定时间段判断-额外参数：
	分组名称：1
	走势名称：时间段
		条件不成立(当前时间：2021-08-10 17:54:13.124,条件时段：09:30:00-13:00:00)
	结果：未满足
===2021-08-10 17:54:13.215===
===2021-08-10 17:54:13.235===
股票：002006板块涨跌幅判断-额外参数：
	分组名称：1
	走势名称：发
		条件不成立(不符合板块涨跌幅条件)
	结果：未满足，返回code：-1
===2021-08-10 17:54:13.570===
额外条件未满足


===============================================

