==============2021-08-06 14:26:19==============
===6开始执行条件2021-08-06 14:26:15.222===
===开始判断价格条件2021-08-06 14:26:15.222===
===开始判断额外/转自动条件2021-08-06 14:26:16.373===
===2021-08-06 14:26:16.819===
股票：002837指定时间段判断-额外参数：
	分组名称：1
	走势名称：时间段
		条件不成立(当前时间：2021-08-06 14:26:15.222,条件时段：09:30:00-13:00:00)
	结果：未满足
===2021-08-06 14:26:16.819===
===2021-08-06 14:26:17.031===
股票：002837板块涨跌幅判断-额外参数：
	分组名称：1
	走势名称：发
		条件不成立(不符合板块涨跌幅条件)
	结果：未满足，返回code：-1
===2021-08-06 14:26:19.972===
额外条件未满足


===============================================

==============2021-08-06 14:41:23==============
===6开始执行条件2021-08-06 14:41:22.106===
===开始判断价格条件2021-08-06 14:41:22.106===
===开始判断额外/转自动条件2021-08-06 14:41:22.504===
===2021-08-06 14:41:22.868===
股票：002837指定时间段判断-额外参数：
	分组名称：1
	走势名称：时间段
		条件不成立(当前时间：2021-08-06 14:41:22.106,条件时段：09:30:00-13:00:00)
	结果：未满足
===2021-08-06 14:41:22.868===
===2021-08-06 14:41:23.095===
股票：002837板块涨跌幅判断-额外参数：
	分组名称：1
	走势名称：发
		条件不成立(不符合板块涨跌幅条件)
	结果：未满足，返回code：-1
===2021-08-06 14:41:23.827===
额外条件未满足


===============================================

==============2021-08-06 15:12:52==============
===6开始执行条件2021-08-06 15:12:51.267===
===开始判断价格条件2021-08-06 15:12:51.267===
===开始判断额外/转自动条件2021-08-06 15:12:52.137===
===2021-08-06 15:12:52.291===
股票：002837指定时间段判断-额外参数：
	分组名称：1
	走势名称：时间段
		条件不成立(当前时间：2021-08-06 15:12:51.267,条件时段：09:30:00-13:00:00)
	结果：未满足
===2021-08-06 15:12:52.295===
===2021-08-06 15:12:52.351===
股票：002837板块涨跌幅判断-额外参数：
	分组名称：1
	走势名称：发
		条件不成立(不符合板块涨跌幅条件)
	结果：未满足，返回code：-1
===2021-08-06 15:12:52.579===
额外条件未满足


===============================================

==============2021-08-06 15:14:11==============
===6开始执行条件2021-08-06 15:14:10.269===
===开始判断价格条件2021-08-06 15:14:10.269===
===开始判断额外/转自动条件2021-08-06 15:14:10.772===
===2021-08-06 15:14:10.939===
股票：002837指定时间段判断-额外参数：
	分组名称：1
	走势名称：时间段
		条件不成立(当前时间：2021-08-06 15:14:10.269,条件时段：09:30:00-13:00:00)
	结果：未满足
===2021-08-06 15:14:10.939===
===2021-08-06 15:14:10.984===
股票：002837板块涨跌幅判断-额外参数：
	分组名称：1
	走势名称：发
		条件不成立(不符合板块涨跌幅条件)
	结果：未满足，返回code：-1
===2021-08-06 15:14:11.805===
额外条件未满足


===============================================

==============2021-08-06 15:30:05==============
===6开始执行条件2021-08-06 15:30:04.840===
===开始判断价格条件2021-08-06 15:30:04.840===
===开始判断额外/转自动条件2021-08-06 15:30:04.963===
===2021-08-06 15:30:05.177===
股票：002837指定时间段判断-额外参数：
	分组名称：1
	走势名称：时间段
		条件不成立(当前时间：2021-08-06 15:30:04.839,条件时段：09:30:00-13:00:00)
	结果：未满足
===2021-08-06 15:30:05.177===
===2021-08-06 15:30:05.519===
股票：002837板块涨跌幅判断-额外参数：
	分组名称：1
	走势名称：发
		条件不成立(不符合板块涨跌幅条件)
	结果：未满足，返回code：-1
===2021-08-06 15:30:05.809===
额外条件未满足


===============================================

==============2021-08-06 15:30:26==============
===6开始执行条件2021-08-06 15:30:23.404===
===开始判断价格条件2021-08-06 15:30:23.404===
===开始判断额外/转自动条件2021-08-06 15:30:23.842===
===2021-08-06 15:30:24.222===
股票：002837指定时间段判断-额外参数：
	分组名称：1
	走势名称：时间段
		条件不成立(当前时间：2021-08-06 15:30:23.403,条件时段：09:30:00-13:00:00)
	结果：未满足
===2021-08-06 15:30:24.222===
===2021-08-06 15:30:24.380===
股票：002837板块涨跌幅判断-额外参数：
	分组名称：1
	走势名称：发
		条件不成立(不符合板块涨跌幅条件)
	结果：未满足，返回code：-1
===2021-08-06 15:30:26.988===
额外条件未满足


===============================================

==============2021-08-06 15:31:20==============
===6开始执行条件2021-08-06 15:31:19.477===
===开始判断价格条件2021-08-06 15:31:19.477===
===开始判断额外/转自动条件2021-08-06 15:31:19.700===
===2021-08-06 15:31:19.899===
股票：002837指定时间段判断-额外参数：
	分组名称：1
	走势名称：时间段
		条件不成立(当前时间：2021-08-06 15:31:19.476,条件时段：09:30:00-13:00:00)
	结果：未满足
===2021-08-06 15:31:19.900===
===2021-08-06 15:31:19.948===
股票：002837板块涨跌幅判断-额外参数：
	分组名称：1
	走势名称：发
		条件不成立(不符合板块涨跌幅条件)
	结果：未满足，返回code：-1
===2021-08-06 15:31:20.400===
额外条件未满足


===============================================

==============2021-08-06 15:32:45==============
===6开始执行条件2021-08-06 15:32:44.386===
===开始判断价格条件2021-08-06 15:32:44.386===
===开始判断额外/转自动条件2021-08-06 15:32:44.474===
===2021-08-06 15:32:44.523===
股票：002837指定时间段判断-额外参数：
	分组名称：1
	走势名称：时间段
		条件不成立(当前时间：2021-08-06 15:32:44.386,条件时段：09:30:00-13:00:00)
	结果：未满足
===2021-08-06 15:32:44.524===
===2021-08-06 15:32:44.545===
股票：002837板块涨跌幅判断-额外参数：
	分组名称：1
	走势名称：发
		条件不成立(不符合板块涨跌幅条件)
	结果：未满足，返回code：-1
===2021-08-06 15:32:45.166===
额外条件未满足


===============================================

==============2021-08-06 15:38:37==============
===6开始执行条件2021-08-06 15:38:36.678===
===开始判断价格条件2021-08-06 15:38:36.678===
===开始判断额外/转自动条件2021-08-06 15:38:36.916===
===2021-08-06 15:38:37.017===
股票：002837指定时间段判断-额外参数：
	分组名称：1
	走势名称：时间段
		条件不成立(当前时间：2021-08-06 15:38:36.677,条件时段：09:30:00-13:00:00)
	结果：未满足
===2021-08-06 15:38:37.017===
===2021-08-06 15:38:37.084===
股票：002837板块涨跌幅判断-额外参数：
	分组名称：1
	走势名称：发
		条件不成立(不符合板块涨跌幅条件)
	结果：未满足，返回code：-1
===2021-08-06 15:38:37.493===
额外条件未满足


===============================================

==============2021-08-06 17:04:54==============
===6开始执行条件2021-08-06 17:04:53.358===
===开始判断价格条件2021-08-06 17:04:53.358===
===开始判断额外/转自动条件2021-08-06 17:04:53.795===
===2021-08-06 17:04:53.939===
股票：002837指定时间段判断-额外参数：
	分组名称：1
	走势名称：时间段
		条件不成立(当前时间：2021-08-06 17:04:53.351,条件时段：09:30:00-13:00:00)
	结果：未满足
===2021-08-06 17:04:53.939===
===2021-08-06 17:04:53.963===
股票：002837板块涨跌幅判断-额外参数：
	分组名称：1
	走势名称：发
		条件不成立(不符合板块涨跌幅条件)
	结果：未满足，返回code：-1
===2021-08-06 17:04:54.270===
额外条件未满足


===============================================

==============2021-08-06 17:05:19==============
===6开始执行条件2021-08-06 17:05:17.487===
===开始判断价格条件2021-08-06 17:05:17.487===
===开始判断额外/转自动条件2021-08-06 17:05:18.030===
===2021-08-06 17:05:18.470===
股票：002837指定时间段判断-额外参数：
	分组名称：1
	走势名称：时间段
		条件不成立(当前时间：2021-08-06 17:05:17.486,条件时段：09:30:00-13:00:00)
	结果：未满足
===2021-08-06 17:05:18.471===
===2021-08-06 17:05:18.646===
股票：002837板块涨跌幅判断-额外参数：
	分组名称：1
	走势名称：发
		条件不成立(不符合板块涨跌幅条件)
	结果：未满足，返回code：-1
===2021-08-06 17:05:19.797===
额外条件未满足


===============================================

==============2021-08-06 17:05:33==============
===6开始执行条件2021-08-06 17:05:32.636===
===开始判断价格条件2021-08-06 17:05:32.636===
===开始判断额外/转自动条件2021-08-06 17:05:32.819===
===2021-08-06 17:05:32.921===
股票：002837指定时间段判断-额外参数：
	分组名称：1
	走势名称：时间段
		条件不成立(当前时间：2021-08-06 17:05:32.635,条件时段：09:30:00-13:00:00)
	结果：未满足
===2021-08-06 17:05:32.921===
===2021-08-06 17:05:33.248===
股票：002837板块涨跌幅判断-额外参数：
	分组名称：1
	走势名称：发
		条件不成立(不符合板块涨跌幅条件)
	结果：未满足，返回code：-1
===2021-08-06 17:05:33.847===
额外条件未满足


===============================================

==============2021-08-06 17:05:56==============
===6开始执行条件2021-08-06 17:05:54.241===
===开始判断价格条件2021-08-06 17:05:54.241===
===开始判断额外/转自动条件2021-08-06 17:05:54.716===
===2021-08-06 17:05:54.933===
股票：002837指定时间段判断-额外参数：
	分组名称：1
	走势名称：时间段
		条件不成立(当前时间：2021-08-06 17:05:54.241,条件时段：09:30:00-13:00:00)
	结果：未满足
===2021-08-06 17:05:54.933===
===2021-08-06 17:05:55.000===
股票：002837板块涨跌幅判断-额外参数：
	分组名称：1
	走势名称：发
		条件不成立(不符合板块涨跌幅条件)
	结果：未满足，返回code：-1
===2021-08-06 17:05:56.303===
额外条件未满足


===============================================

==============2021-08-06 17:06:45==============
===6开始执行条件2021-08-06 17:06:42.269===
===开始判断价格条件2021-08-06 17:06:42.269===
===开始判断额外/转自动条件2021-08-06 17:06:43.176===
===2021-08-06 17:06:43.715===
股票：002837指定时间段判断-额外参数：
	分组名称：1
	走势名称：时间段
		条件不成立(当前时间：2021-08-06 17:06:42.268,条件时段：09:30:00-13:00:00)
	结果：未满足
===2021-08-06 17:06:43.715===
===2021-08-06 17:06:44.036===
股票：002837板块涨跌幅判断-额外参数：
	分组名称：1
	走势名称：发
		条件不成立(不符合板块涨跌幅条件)
	结果：未满足，返回code：-1
===2021-08-06 17:06:45.561===
额外条件未满足


===============================================

==============2021-08-06 17:07:05==============
===6开始执行条件2021-08-06 17:07:02.862===
===开始判断价格条件2021-08-06 17:07:02.862===
===开始判断额外/转自动条件2021-08-06 17:07:03.536===
===2021-08-06 17:07:03.781===
股票：002837指定时间段判断-额外参数：
	分组名称：1
	走势名称：时间段
		条件不成立(当前时间：2021-08-06 17:07:02.861,条件时段：09:30:00-13:00:00)
	结果：未满足
===2021-08-06 17:07:03.781===
===2021-08-06 17:07:03.939===
股票：002837板块涨跌幅判断-额外参数：
	分组名称：1
	走势名称：发
		条件不成立(不符合板块涨跌幅条件)
	结果：未满足，返回code：-1
===2021-08-06 17:07:05.608===
额外条件未满足


===============================================

==============2021-08-06 17:07:26==============
===6开始执行条件2021-08-06 17:07:24.895===
===开始判断价格条件2021-08-06 17:07:24.895===
===开始判断额外/转自动条件2021-08-06 17:07:25.463===
===2021-08-06 17:07:25.768===
股票：002837指定时间段判断-额外参数：
	分组名称：1
	走势名称：时间段
		条件不成立(当前时间：2021-08-06 17:07:24.895,条件时段：09:30:00-13:00:00)
	结果：未满足
===2021-08-06 17:07:25.768===
===2021-08-06 17:07:25.815===
股票：002837板块涨跌幅判断-额外参数：
	分组名称：1
	走势名称：发
		条件不成立(不符合板块涨跌幅条件)
	结果：未满足，返回code：-1
===2021-08-06 17:07:26.839===
额外条件未满足


===============================================

==============2021-08-06 17:07:51==============
===6开始执行条件2021-08-06 17:07:47.593===
===开始判断价格条件2021-08-06 17:07:47.593===
===开始判断额外/转自动条件2021-08-06 17:07:48.659===
===2021-08-06 17:07:49.238===
股票：002837指定时间段判断-额外参数：
	分组名称：1
	走势名称：时间段
		条件不成立(当前时间：2021-08-06 17:07:47.591,条件时段：09:30:00-13:00:00)
	结果：未满足
===2021-08-06 17:07:49.238===
===2021-08-06 17:07:49.923===
股票：002837板块涨跌幅判断-额外参数：
	分组名称：1
	走势名称：发
		条件不成立(不符合板块涨跌幅条件)
	结果：未满足，返回code：-1
===2021-08-06 17:07:51.100===
额外条件未满足


===============================================

==============2021-08-06 17:08:15==============
===6开始执行条件2021-08-06 17:08:11.838===
===开始判断价格条件2021-08-06 17:08:11.838===
===开始判断额外/转自动条件2021-08-06 17:08:12.982===
===2021-08-06 17:08:13.856===
股票：002837指定时间段判断-额外参数：
	分组名称：1
	走势名称：时间段
		条件不成立(当前时间：2021-08-06 17:08:11.838,条件时段：09:30:00-13:00:00)
	结果：未满足
===2021-08-06 17:08:13.856===
===2021-08-06 17:08:14.056===
股票：002837板块涨跌幅判断-额外参数：
	分组名称：1
	走势名称：发
		条件不成立(不符合板块涨跌幅条件)
	结果：未满足，返回code：-1
===2021-08-06 17:08:15.992===
额外条件未满足


===============================================

==============2021-08-06 17:08:40==============
===6开始执行条件2021-08-06 17:08:33.767===
===开始判断价格条件2021-08-06 17:08:33.767===
===开始判断额外/转自动条件2021-08-06 17:08:35.460===
===2021-08-06 17:08:36.370===
股票：002837指定时间段判断-额外参数：
	分组名称：1
	走势名称：时间段
		条件不成立(当前时间：2021-08-06 17:08:33.767,条件时段：09:30:00-13:00:00)
	结果：未满足
===2021-08-06 17:08:36.596===
===2021-08-06 17:08:36.877===
股票：002837板块涨跌幅判断-额外参数：
	分组名称：1
	走势名称：发
		条件不成立(不符合板块涨跌幅条件)
	结果：未满足，返回code：-1
===2021-08-06 17:08:40.489===
额外条件未满足


===============================================

==============2021-08-06 17:10:19==============
===6开始执行条件2021-08-06 17:10:18.484===
===开始判断价格条件2021-08-06 17:10:18.484===
===开始判断额外/转自动条件2021-08-06 17:10:18.580===
===2021-08-06 17:10:18.761===
股票：002837指定时间段判断-额外参数：
	分组名称：1
	走势名称：时间段
		条件不成立(当前时间：2021-08-06 17:10:18.484,条件时段：09:30:00-13:00:00)
	结果：未满足
===2021-08-06 17:10:18.761===
===2021-08-06 17:10:18.863===
股票：002837板块涨跌幅判断-额外参数：
	分组名称：1
	走势名称：发
		条件不成立(不符合板块涨跌幅条件)
	结果：未满足，返回code：-1
===2021-08-06 17:10:19.581===
额外条件未满足


===============================================

==============2021-08-06 17:10:38==============
===6开始执行条件2021-08-06 17:10:36.600===
===开始判断价格条件2021-08-06 17:10:36.600===
===开始判断额外/转自动条件2021-08-06 17:10:36.957===
===2021-08-06 17:10:37.138===
股票：002837指定时间段判断-额外参数：
	分组名称：1
	走势名称：时间段
		条件不成立(当前时间：2021-08-06 17:10:36.595,条件时段：09:30:00-13:00:00)
	结果：未满足
===2021-08-06 17:10:37.138===
===2021-08-06 17:10:37.156===
股票：002837板块涨跌幅判断-额外参数：
	分组名称：1
	走势名称：发
		条件不成立(不符合板块涨跌幅条件)
	结果：未满足，返回code：-1
===2021-08-06 17:10:38.287===
额外条件未满足


===============================================

==============2021-08-06 17:10:58==============
===6开始执行条件2021-08-06 17:10:56.189===
===开始判断价格条件2021-08-06 17:10:56.189===
===开始判断额外/转自动条件2021-08-06 17:10:56.663===
===2021-08-06 17:10:57.098===
股票：002837指定时间段判断-额外参数：
	分组名称：1
	走势名称：时间段
		条件不成立(当前时间：2021-08-06 17:10:56.189,条件时段：09:30:00-13:00:00)
	结果：未满足
===2021-08-06 17:10:57.098===
===2021-08-06 17:10:57.233===
股票：002837板块涨跌幅判断-额外参数：
	分组名称：1
	走势名称：发
		条件不成立(不符合板块涨跌幅条件)
	结果：未满足，返回code：-1
===2021-08-06 17:10:58.485===
额外条件未满足


===============================================

==============2021-08-06 17:11:24==============
===6开始执行条件2021-08-06 17:11:19.089===
===开始判断价格条件2021-08-06 17:11:19.089===
===开始判断额外/转自动条件2021-08-06 17:11:20.471===
===2021-08-06 17:11:21.642===
股票：002837指定时间段判断-额外参数：
	分组名称：1
	走势名称：时间段
		条件不成立(当前时间：2021-08-06 17:11:19.089,条件时段：09:30:00-13:00:00)
	结果：未满足
===2021-08-06 17:11:21.642===
===2021-08-06 17:11:21.887===
股票：002837板块涨跌幅判断-额外参数：
	分组名称：1
	走势名称：发
		条件不成立(不符合板块涨跌幅条件)
	结果：未满足，返回code：-1
===2021-08-06 17:11:24.824===
额外条件未满足


===============================================

==============2021-08-06 17:11:46==============
===6开始执行条件2021-08-06 17:11:39.811===
===开始判断价格条件2021-08-06 17:11:39.811===
===开始判断额外/转自动条件2021-08-06 17:11:40.970===
===2021-08-06 17:11:41.739===
股票：002837指定时间段判断-额外参数：
	分组名称：1
	走势名称：时间段
		条件不成立(当前时间：2021-08-06 17:11:39.811,条件时段：09:30:00-13:00:00)
	结果：未满足
===2021-08-06 17:11:41.739===
===2021-08-06 17:11:42.204===
股票：002837板块涨跌幅判断-额外参数：
	分组名称：1
	走势名称：发
		条件不成立(不符合板块涨跌幅条件)
	结果：未满足，返回code：-1
===2021-08-06 17:11:46.300===
额外条件未满足


===============================================

==============2021-08-06 17:12:03==============
===6开始执行条件2021-08-06 17:12:01.690===
===开始判断价格条件2021-08-06 17:12:01.690===
===开始判断额外/转自动条件2021-08-06 17:12:02.167===
===2021-08-06 17:12:02.384===
股票：002837指定时间段判断-额外参数：
	分组名称：1
	走势名称：时间段
		条件不成立(当前时间：2021-08-06 17:12:01.690,条件时段：09:30:00-13:00:00)
	结果：未满足
===2021-08-06 17:12:02.384===
===2021-08-06 17:12:02.468===
股票：002837板块涨跌幅判断-额外参数：
	分组名称：1
	走势名称：发
		条件不成立(不符合板块涨跌幅条件)
	结果：未满足，返回code：-1
===2021-08-06 17:12:03.425===
额外条件未满足


===============================================

==============2021-08-06 17:12:28==============
===6开始执行条件2021-08-06 17:12:23.433===
===开始判断价格条件2021-08-06 17:12:23.433===
===开始判断额外/转自动条件2021-08-06 17:12:24.566===
===2021-08-06 17:12:25.349===
股票：002837指定时间段判断-额外参数：
	分组名称：1
	走势名称：时间段
		条件不成立(当前时间：2021-08-06 17:12:23.433,条件时段：09:30:00-13:00:00)
	结果：未满足
===2021-08-06 17:12:25.349===
===2021-08-06 17:12:25.415===
股票：002837板块涨跌幅判断-额外参数：
	分组名称：1
	走势名称：发
		条件不成立(不符合板块涨跌幅条件)
	结果：未满足，返回code：-1
===2021-08-06 17:12:28.326===
额外条件未满足


===============================================

