==============2021-08-10 17:41:22==============
===6开始执行条件2021-08-10 17:41:20.835===
===开始判断价格条件2021-08-10 17:41:20.835===
===开始判断额外/转自动条件2021-08-10 17:41:21.513===
===2021-08-10 17:41:21.838===
股票：002837指定时间段判断-额外参数：
	分组名称：1
	走势名称：时间段
		条件不成立(当前时间：2021-08-10 17:41:20.829,条件时段：09:30:00-13:00:00)
	结果：未满足
===2021-08-10 17:41:21.838===
===2021-08-10 17:41:21.892===
股票：002837板块涨跌幅判断-额外参数：
	分组名称：1
	走势名称：发
		条件不成立(不符合板块涨跌幅条件)
	结果：未满足，返回code：-1
===2021-08-10 17:41:22.727===
额外条件未满足


===============================================

==============2021-08-10 17:43:12==============
===6开始执行条件2021-08-10 17:43:09.532===
===开始判断价格条件2021-08-10 17:43:09.532===
===开始判断额外/转自动条件2021-08-10 17:43:09.828===
===2021-08-10 17:43:10.109===
股票：002837指定时间段判断-额外参数：
	分组名称：1
	走势名称：时间段
		条件不成立(当前时间：2021-08-10 17:43:09.531,条件时段：09:30:00-13:00:00)
	结果：未满足
===2021-08-10 17:43:10.109===
===2021-08-10 17:43:10.441===
股票：002837板块涨跌幅判断-额外参数：
	分组名称：1
	走势名称：发
		条件不成立(不符合板块涨跌幅条件)
	结果：未满足，返回code：-1
===2021-08-10 17:43:12.300===
额外条件未满足


===============================================

==============2021-08-10 17:44:13==============
===6开始执行条件2021-08-10 17:44:11.386===
===开始判断价格条件2021-08-10 17:44:11.386===
===开始判断额外/转自动条件2021-08-10 17:44:11.569===
===2021-08-10 17:44:11.741===
股票：002837指定时间段判断-额外参数：
	分组名称：1
	走势名称：时间段
		条件不成立(当前时间：2021-08-10 17:44:11.379,条件时段：09:30:00-13:00:00)
	结果：未满足
===2021-08-10 17:44:11.741===
===2021-08-10 17:44:11.828===
股票：002837板块涨跌幅判断-额外参数：
	分组名称：1
	走势名称：发
		条件不成立(不符合板块涨跌幅条件)
	结果：未满足，返回code：-1
===2021-08-10 17:44:13.264===
额外条件未满足


===============================================

==============2021-08-10 17:47:41==============
===6开始执行条件2021-08-10 17:47:38.642===
===开始判断价格条件2021-08-10 17:47:38.642===
===开始判断额外/转自动条件2021-08-10 17:47:39.086===
===2021-08-10 17:47:39.853===
股票：002837指定时间段判断-额外参数：
	分组名称：1
	走势名称：时间段
		条件不成立(当前时间：2021-08-10 17:47:38.642,条件时段：09:30:00-13:00:00)
	结果：未满足
===2021-08-10 17:47:39.853===
===2021-08-10 17:47:39.951===
股票：002837板块涨跌幅判断-额外参数：
	分组名称：1
	走势名称：发
		条件不成立(不符合板块涨跌幅条件)
	结果：未满足，返回code：-1
===2021-08-10 17:47:41.972===
额外条件未满足


===============================================

==============2021-08-10 17:49:06==============
===6开始执行条件2021-08-10 17:49:05.892===
===开始判断价格条件2021-08-10 17:49:05.892===
===开始判断额外/转自动条件2021-08-10 17:49:06.112===
===2021-08-10 17:49:06.372===
股票：002837指定时间段判断-额外参数：
	分组名称：1
	走势名称：时间段
		条件不成立(当前时间：2021-08-10 17:49:05.891,条件时段：09:30:00-13:00:00)
	结果：未满足
===2021-08-10 17:49:06.372===
===2021-08-10 17:49:06.439===
股票：002837板块涨跌幅判断-额外参数：
	分组名称：1
	走势名称：发
		条件不成立(不符合板块涨跌幅条件)
	结果：未满足，返回code：-1
===2021-08-10 17:49:06.865===
额外条件未满足


===============================================

==============2021-08-10 17:49:26==============
===6开始执行条件2021-08-10 17:49:23.100===
===开始判断价格条件2021-08-10 17:49:23.100===
===开始判断额外/转自动条件2021-08-10 17:49:24.231===
===2021-08-10 17:49:25.156===
股票：002837指定时间段判断-额外参数：
	分组名称：1
	走势名称：时间段
		条件不成立(当前时间：2021-08-10 17:49:23.100,条件时段：09:30:00-13:00:00)
	结果：未满足
===2021-08-10 17:49:25.156===
===2021-08-10 17:49:25.190===
股票：002837板块涨跌幅判断-额外参数：
	分组名称：1
	走势名称：发
		条件不成立(不符合板块涨跌幅条件)
	结果：未满足，返回code：-1
===2021-08-10 17:49:26.090===
额外条件未满足


===============================================

==============2021-08-10 17:50:15==============
===6开始执行条件2021-08-10 17:50:13.791===
===开始判断价格条件2021-08-10 17:50:13.792===
===开始判断额外/转自动条件2021-08-10 17:50:14.095===
===2021-08-10 17:50:14.323===
股票：002837指定时间段判断-额外参数：
	分组名称：1
	走势名称：时间段
		条件不成立(当前时间：2021-08-10 17:50:13.791,条件时段：09:30:00-13:00:00)
	结果：未满足
===2021-08-10 17:50:14.323===
===2021-08-10 17:50:14.369===
股票：002837板块涨跌幅判断-额外参数：
	分组名称：1
	走势名称：发
		条件不成立(不符合板块涨跌幅条件)
	结果：未满足，返回code：-1
===2021-08-10 17:50:15.222===
额外条件未满足


===============================================

==============2021-08-10 17:52:14==============
===6开始执行条件2021-08-10 17:52:11.505===
===开始判断价格条件2021-08-10 17:52:11.505===
===开始判断额外/转自动条件2021-08-10 17:52:12.314===
===2021-08-10 17:52:12.695===
股票：002837指定时间段判断-额外参数：
	分组名称：1
	走势名称：时间段
		条件不成立(当前时间：2021-08-10 17:52:11.505,条件时段：09:30:00-13:00:00)
	结果：未满足
===2021-08-10 17:52:12.696===
===2021-08-10 17:52:13.085===
股票：002837板块涨跌幅判断-额外参数：
	分组名称：1
	走势名称：发
		条件不成立(不符合板块涨跌幅条件)
	结果：未满足，返回code：-1
===2021-08-10 17:52:14.456===
额外条件未满足


===============================================

==============2021-08-10 17:53:19==============
===6开始执行条件2021-08-10 17:53:17.224===
===开始判断价格条件2021-08-10 17:53:17.224===
===开始判断额外/转自动条件2021-08-10 17:53:17.874===
===2021-08-10 17:53:18.093===
股票：002837指定时间段判断-额外参数：
	分组名称：1
	走势名称：时间段
		条件不成立(当前时间：2021-08-10 17:53:17.224,条件时段：09:30:00-13:00:00)
	结果：未满足
===2021-08-10 17:53:18.093===
===2021-08-10 17:53:18.356===
股票：002837板块涨跌幅判断-额外参数：
	分组名称：1
	走势名称：发
		条件不成立(不符合板块涨跌幅条件)
	结果：未满足，返回code：-1
===2021-08-10 17:53:19.702===
额外条件未满足


===============================================

==============2021-08-10 17:53:50==============
===6开始执行条件2021-08-10 17:53:48.191===
===开始判断价格条件2021-08-10 17:53:48.191===
===开始判断额外/转自动条件2021-08-10 17:53:49.180===
===2021-08-10 17:53:49.461===
股票：002837指定时间段判断-额外参数：
	分组名称：1
	走势名称：时间段
		条件不成立(当前时间：2021-08-10 17:53:48.191,条件时段：09:30:00-13:00:00)
	结果：未满足
===2021-08-10 17:53:49.461===
===2021-08-10 17:53:49.540===
股票：002837板块涨跌幅判断-额外参数：
	分组名称：1
	走势名称：发
		条件不成立(不符合板块涨跌幅条件)
	结果：未满足，返回code：-1
===2021-08-10 17:53:50.261===
额外条件未满足


===============================================

==============2021-08-10 17:54:05==============
===6开始执行条件2021-08-10 17:54:03.972===
===开始判断价格条件2021-08-10 17:54:03.972===
===开始判断额外/转自动条件2021-08-10 17:54:04.065===
===2021-08-10 17:54:04.137===
股票：002837指定时间段判断-额外参数：
	分组名称：1
	走势名称：时间段
		条件不成立(当前时间：2021-08-10 17:54:03.971,条件时段：09:30:00-13:00:00)
	结果：未满足
===2021-08-10 17:54:04.137===
===2021-08-10 17:54:04.504===
股票：002837板块涨跌幅判断-额外参数：
	分组名称：1
	走势名称：发
		条件不成立(不符合板块涨跌幅条件)
	结果：未满足，返回code：-1
===2021-08-10 17:54:05.269===
额外条件未满足


===============================================

==============2021-08-10 17:54:21==============
===6开始执行条件2021-08-10 17:54:20.260===
===开始判断价格条件2021-08-10 17:54:20.260===
===开始判断额外/转自动条件2021-08-10 17:54:20.380===
===2021-08-10 17:54:20.433===
股票：002837指定时间段判断-额外参数：
	分组名称：1
	走势名称：时间段
		条件不成立(当前时间：2021-08-10 17:54:20.260,条件时段：09:30:00-13:00:00)
	结果：未满足
===2021-08-10 17:54:20.433===
===2021-08-10 17:54:20.476===
股票：002837板块涨跌幅判断-额外参数：
	分组名称：1
	走势名称：发
		条件不成立(不符合板块涨跌幅条件)
	结果：未满足，返回code：-1
===2021-08-10 17:54:21.182===
额外条件未满足


===============================================

