==============2021-08-09 10:11:27==============
===6开始执行条件2021-08-09 10:11:23.600===
===开始判断价格条件2021-08-09 10:11:23.600===
===开始判断额外/转自动条件2021-08-09 10:11:24.813===
===2021-08-09 10:11:26.291===
股票：002837指定时间段判断-额外参数：
	分组名称：1
	走势名称：时间段
		条件成立(当前时间：2021-08-09 10:11:23.600,条件时段：09:30:00-13:00:00)
	结果：达到要求
===2021-08-09 10:11:27.405===
===2021-08-09 10:11:27.731===
股票：002837多头向上判断-转自动参数：
	分组名称：2
	走势名称：多头向上
	结果：未满足，返回code：0
===2021-08-09 10:11:27.731===
满足所有条件，可以触发


===============================================

==============2021-08-09 11:02:52==============
===6开始执行条件2021-08-09 11:02:51.859===
===开始判断价格条件2021-08-09 11:02:51.859===
===开始判断额外/转自动条件2021-08-09 11:02:52.011===
===2021-08-09 11:02:52.157===
股票：002837指定时间段判断-额外参数：
	分组名称：1
	走势名称：时间段
		条件成立(当前时间：2021-08-09 11:02:51.843,条件时段：09:30:00-13:00:00)
	结果：达到要求
===2021-08-09 11:02:52.281===
===2021-08-09 11:02:52.457===
股票：002837多头向上判断-转自动参数：
	分组名称：2
	走势名称：多头向上
	结果：未满足，返回code：0
===2021-08-09 11:02:52.457===
满足所有条件，可以触发


===============================================

==============2021-08-09 11:03:31==============
===6开始执行条件2021-08-09 11:03:30.932===
===开始判断价格条件2021-08-09 11:03:30.932===
===开始判断额外/转自动条件2021-08-09 11:03:31.124===
===2021-08-09 11:03:31.194===
股票：002837指定时间段判断-额外参数：
	分组名称：1
	走势名称：时间段
		条件成立(当前时间：2021-08-09 11:03:30.931,条件时段：09:30:00-13:00:00)
	结果：达到要求
===2021-08-09 11:03:31.341===
===2021-08-09 11:03:31.530===
股票：002837多头向上判断-转自动参数：
	分组名称：2
	走势名称：多头向上
	结果：未满足，返回code：0
===2021-08-09 11:03:31.530===
满足所有条件，可以触发


===============================================

