==============2021-08-11 10:28:35==============
===6开始执行条件2021-08-11 10:28:34.481===
===开始判断价格条件2021-08-11 10:28:34.481===
===开始判断额外/转自动条件2021-08-11 10:28:34.821===
===2021-08-11 10:28:35.001===
股票：002837指定时间段判断-额外参数：
	分组名称：1
	走势名称：时间段
		条件成立(当前时间：2021-08-11 10:28:34.481,条件时段：09:30:00-13:00:00)
	结果：达到要求
===2021-08-11 10:28:35.208===
===2021-08-11 10:28:35.753===
股票：002837多头向上判断-转自动参数：
	分组名称：2
	走势名称：多头向上
	结果：未满足，返回code：0
===2021-08-11 10:28:35.753===
满足所有条件，可以触发


===============================================

==============2021-08-11 10:28:52==============
===6开始执行条件2021-08-11 10:28:51.591===
===开始判断价格条件2021-08-11 10:28:51.591===
===开始判断额外/转自动条件2021-08-11 10:28:51.822===
===2021-08-11 10:28:51.916===
股票：002837指定时间段判断-额外参数：
	分组名称：1
	走势名称：时间段
		条件成立(当前时间：2021-08-11 10:28:51.590,条件时段：09:30:00-13:00:00)
	结果：达到要求
===2021-08-11 10:28:52.006===
===2021-08-11 10:28:52.076===
股票：002837多头向上判断-转自动参数：
	分组名称：2
	走势名称：多头向上
	结果：未满足，返回code：0
===2021-08-11 10:28:52.076===
满足所有条件，可以触发


===============================================

==============2021-08-11 10:29:45==============
===6开始执行条件2021-08-11 10:29:44.386===
===开始判断价格条件2021-08-11 10:29:44.386===
===开始判断额外/转自动条件2021-08-11 10:29:44.629===
===2021-08-11 10:29:44.811===
股票：002837指定时间段判断-额外参数：
	分组名称：1
	走势名称：时间段
		条件成立(当前时间：2021-08-11 10:29:44.386,条件时段：09:30:00-13:00:00)
	结果：达到要求
===2021-08-11 10:29:44.929===
===2021-08-11 10:29:45.135===
股票：002837多头向上判断-转自动参数：
	分组名称：2
	走势名称：多头向上
	结果：未满足，返回code：0
===2021-08-11 10:29:45.135===
满足所有条件，可以触发


===============================================

==============2021-08-11 10:29:57==============
===6开始执行条件2021-08-11 10:29:55.426===
===开始判断价格条件2021-08-11 10:29:55.426===
===开始判断额外/转自动条件2021-08-11 10:29:55.879===
===2021-08-11 10:29:56.311===
股票：002837指定时间段判断-额外参数：
	分组名称：1
	走势名称：时间段
		条件成立(当前时间：2021-08-11 10:29:55.426,条件时段：09:30:00-13:00:00)
	结果：达到要求
===2021-08-11 10:29:56.790===
===2021-08-11 10:29:57.099===
股票：002837多头向上判断-转自动参数：
	分组名称：2
	走势名称：多头向上
	结果：未满足，返回code：0
===2021-08-11 10:29:57.099===
满足所有条件，可以触发


===============================================

==============2021-08-11 10:30:15==============
===6开始执行条件2021-08-11 10:30:15.115===
===开始判断价格条件2021-08-11 10:30:15.115===
===开始判断额外/转自动条件2021-08-11 10:30:15.227===
===2021-08-11 10:30:15.430===
股票：002837指定时间段判断-额外参数：
	分组名称：1
	走势名称：时间段
		条件成立(当前时间：2021-08-11 10:30:15.115,条件时段：09:30:00-13:00:00)
	结果：达到要求
===2021-08-11 10:30:15.511===
===2021-08-11 10:30:15.656===
股票：002837多头向上判断-转自动参数：
	分组名称：2
	走势名称：多头向上
	结果：未满足，返回code：0
===2021-08-11 10:30:15.657===
满足所有条件，可以触发


===============================================

==============2021-08-11 10:30:31==============
===6开始执行条件2021-08-11 10:30:30.823===
===开始判断价格条件2021-08-11 10:30:30.823===
===开始判断额外/转自动条件2021-08-11 10:30:30.920===
===2021-08-11 10:30:30.998===
股票：002837指定时间段判断-额外参数：
	分组名称：1
	走势名称：时间段
		条件成立(当前时间：2021-08-11 10:30:30.822,条件时段：09:30:00-13:00:00)
	结果：达到要求
===2021-08-11 10:30:31.097===
===2021-08-11 10:30:31.375===
股票：002837多头向上判断-转自动参数：
	分组名称：2
	走势名称：多头向上
	结果：未满足，返回code：0
===2021-08-11 10:30:31.375===
满足所有条件，可以触发


===============================================

==============2021-08-11 10:30:42==============
===6开始执行条件2021-08-11 10:30:42.316===
===开始判断价格条件2021-08-11 10:30:42.316===
===开始判断额外/转自动条件2021-08-11 10:30:42.479===
===2021-08-11 10:30:42.578===
股票：002837指定时间段判断-额外参数：
	分组名称：1
	走势名称：时间段
		条件成立(当前时间：2021-08-11 10:30:42.316,条件时段：09:30:00-13:00:00)
	结果：达到要求
===2021-08-11 10:30:42.676===
===2021-08-11 10:30:42.817===
股票：002837多头向上判断-转自动参数：
	分组名称：2
	走势名称：多头向上
	结果：未满足，返回code：0
===2021-08-11 10:30:42.817===
满足所有条件，可以触发


===============================================

==============2021-08-11 10:30:59==============
===6开始执行条件2021-08-11 10:30:58.992===
===开始判断价格条件2021-08-11 10:30:58.992===
===开始判断额外/转自动条件2021-08-11 10:30:59.111===
===2021-08-11 10:30:59.201===
股票：002837指定时间段判断-额外参数：
	分组名称：1
	走势名称：时间段
		条件成立(当前时间：2021-08-11 10:30:58.992,条件时段：09:30:00-13:00:00)
	结果：达到要求
===2021-08-11 10:30:59.258===
===2021-08-11 10:30:59.383===
股票：002837多头向上判断-转自动参数：
	分组名称：2
	走势名称：多头向上
	结果：未满足，返回code：0
===2021-08-11 10:30:59.383===
满足所有条件，可以触发


===============================================

==============2021-08-11 10:31:17==============
===6开始执行条件2021-08-11 10:31:17.485===
===开始判断价格条件2021-08-11 10:31:17.485===
===开始判断额外/转自动条件2021-08-11 10:31:17.599===
===2021-08-11 10:31:17.673===
股票：002837指定时间段判断-额外参数：
	分组名称：1
	走势名称：时间段
		条件成立(当前时间：2021-08-11 10:31:17.485,条件时段：09:30:00-13:00:00)
	结果：达到要求
===2021-08-11 10:31:17.726===
===2021-08-11 10:31:17.878===
股票：002837多头向上判断-转自动参数：
	分组名称：2
	走势名称：多头向上
	结果：未满足，返回code：0
===2021-08-11 10:31:17.878===
满足所有条件，可以触发


===============================================

==============2021-08-11 10:31:24==============
===6开始执行条件2021-08-11 10:31:23.624===
===开始判断价格条件2021-08-11 10:31:23.624===
===开始判断额外/转自动条件2021-08-11 10:31:23.803===
===2021-08-11 10:31:24.201===
股票：002837指定时间段判断-额外参数：
	分组名称：1
	走势名称：时间段
		条件成立(当前时间：2021-08-11 10:31:23.623,条件时段：09:30:00-13:00:00)
	结果：达到要求
===2021-08-11 10:31:24.259===
===2021-08-11 10:31:24.773===
股票：002837多头向上判断-转自动参数：
	分组名称：2
	走势名称：多头向上
	结果：未满足，返回code：0
===2021-08-11 10:31:24.773===
满足所有条件，可以触发


===============================================

==============2021-08-11 10:31:31==============
===6开始执行条件2021-08-11 10:31:31.414===
===开始判断价格条件2021-08-11 10:31:31.415===
===开始判断额外/转自动条件2021-08-11 10:31:31.541===
===2021-08-11 10:31:31.592===
股票：002837指定时间段判断-额外参数：
	分组名称：1
	走势名称：时间段
		条件成立(当前时间：2021-08-11 10:31:31.413,条件时段：09:30:00-13:00:00)
	结果：达到要求
===2021-08-11 10:31:31.672===
===2021-08-11 10:31:31.769===
股票：002837多头向上判断-转自动参数：
	分组名称：2
	走势名称：多头向上
	结果：未满足，返回code：0
===2021-08-11 10:31:31.769===
满足所有条件，可以触发


===============================================

==============2021-08-11 10:31:44==============
===6开始执行条件2021-08-11 10:31:41.363===
===开始判断价格条件2021-08-11 10:31:41.363===
===开始判断额外/转自动条件2021-08-11 10:31:42.141===
===2021-08-11 10:31:43.095===
股票：002837指定时间段判断-额外参数：
	分组名称：1
	走势名称：时间段
		条件成立(当前时间：2021-08-11 10:31:41.363,条件时段：09:30:00-13:00:00)
	结果：达到要求
===2021-08-11 10:31:44.316===
===2021-08-11 10:31:44.900===
股票：002837多头向上判断-转自动参数：
	分组名称：2
	走势名称：多头向上
	结果：未满足，返回code：0
===2021-08-11 10:31:44.900===
满足所有条件，可以触发


===============================================

==============2021-08-11 10:31:59==============
===6开始执行条件2021-08-11 10:31:58.197===
===开始判断价格条件2021-08-11 10:31:58.197===
===开始判断额外/转自动条件2021-08-11 10:31:58.493===
===2021-08-11 10:31:58.780===
股票：002837指定时间段判断-额外参数：
	分组名称：1
	走势名称：时间段
		条件成立(当前时间：2021-08-11 10:31:58.197,条件时段：09:30:00-13:00:00)
	结果：达到要求
===2021-08-11 10:31:59.413===
===2021-08-11 10:31:59.912===
股票：002837多头向上判断-转自动参数：
	分组名称：2
	走势名称：多头向上
	结果：未满足，返回code：0
===2021-08-11 10:31:59.912===
满足所有条件，可以触发


===============================================

==============2021-08-11 10:32:20==============
===6开始执行条件2021-08-11 10:32:17.427===
===开始判断价格条件2021-08-11 10:32:17.427===
===开始判断额外/转自动条件2021-08-11 10:32:18.475===
===2021-08-11 10:32:19.222===
股票：002837指定时间段判断-额外参数：
	分组名称：1
	走势名称：时间段
		条件成立(当前时间：2021-08-11 10:32:17.419,条件时段：09:30:00-13:00:00)
	结果：达到要求
===2021-08-11 10:32:20.020===
===2021-08-11 10:32:20.216===
股票：002837多头向上判断-转自动参数：
	分组名称：2
	走势名称：多头向上
	结果：未满足，返回code：0
===2021-08-11 10:32:20.216===
满足所有条件，可以触发


===============================================

==============2021-08-11 10:32:45==============
===6开始执行条件2021-08-11 10:32:44.401===
===开始判断价格条件2021-08-11 10:32:44.401===
===开始判断额外/转自动条件2021-08-11 10:32:44.634===
===2021-08-11 10:32:44.822===
股票：002837指定时间段判断-额外参数：
	分组名称：1
	走势名称：时间段
		条件成立(当前时间：2021-08-11 10:32:44.400,条件时段：09:30:00-13:00:00)
	结果：达到要求
===2021-08-11 10:32:45.043===
===2021-08-11 10:32:45.303===
股票：002837多头向上判断-转自动参数：
	分组名称：2
	走势名称：多头向上
	结果：未满足，返回code：0
===2021-08-11 10:32:45.303===
满足所有条件，可以触发


===============================================

==============2021-08-11 10:32:57==============
===6开始执行条件2021-08-11 10:32:57.329===
===开始判断价格条件2021-08-11 10:32:57.329===
===开始判断额外/转自动条件2021-08-11 10:32:57.399===
===2021-08-11 10:32:57.449===
股票：002837指定时间段判断-额外参数：
	分组名称：1
	走势名称：时间段
		条件成立(当前时间：2021-08-11 10:32:57.329,条件时段：09:30:00-13:00:00)
	结果：达到要求
===2021-08-11 10:32:57.492===
===2021-08-11 10:32:57.566===
股票：002837多头向上判断-转自动参数：
	分组名称：2
	走势名称：多头向上
	结果：未满足，返回code：0
===2021-08-11 10:32:57.566===
满足所有条件，可以触发


===============================================

==============2021-08-11 10:33:06==============
===6开始执行条件2021-08-11 10:33:06.186===
===开始判断价格条件2021-08-11 10:33:06.186===
===开始判断额外/转自动条件2021-08-11 10:33:06.287===
===2021-08-11 10:33:06.358===
股票：002837指定时间段判断-额外参数：
	分组名称：1
	走势名称：时间段
		条件成立(当前时间：2021-08-11 10:33:06.185,条件时段：09:30:00-13:00:00)
	结果：达到要求
===2021-08-11 10:33:06.508===
===2021-08-11 10:33:06.700===
股票：002837多头向上判断-转自动参数：
	分组名称：2
	走势名称：多头向上
	结果：未满足，返回code：0
===2021-08-11 10:33:06.700===
满足所有条件，可以触发


===============================================

==============2021-08-11 10:33:26==============
===6开始执行条件2021-08-11 10:33:24.225===
===开始判断价格条件2021-08-11 10:33:24.225===
===开始判断额外/转自动条件2021-08-11 10:33:24.765===
===2021-08-11 10:33:24.967===
股票：002837指定时间段判断-额外参数：
	分组名称：1
	走势名称：时间段
		条件成立(当前时间：2021-08-11 10:33:24.225,条件时段：09:30:00-13:00:00)
	结果：达到要求
===2021-08-11 10:33:25.527===
===2021-08-11 10:33:26.015===
股票：002837多头向上判断-转自动参数：
	分组名称：2
	走势名称：多头向上
	结果：未满足，返回code：0
===2021-08-11 10:33:26.015===
满足所有条件，可以触发


===============================================

==============2021-08-11 10:34:58==============
===6开始执行条件2021-08-11 10:34:58.129===
===开始判断价格条件2021-08-11 10:34:58.129===
===开始判断额外/转自动条件2021-08-11 10:34:58.336===
===2021-08-11 10:34:58.396===
股票：002837指定时间段判断-额外参数：
	分组名称：1
	走势名称：时间段
		条件成立(当前时间：2021-08-11 10:34:58.128,条件时段：09:30:00-13:00:00)
	结果：达到要求
===2021-08-11 10:34:58.477===
===2021-08-11 10:34:58.624===
股票：002837多头向上判断-转自动参数：
	分组名称：2
	走势名称：多头向上
	结果：未满足，返回code：0
===2021-08-11 10:34:58.624===
满足所有条件，可以触发


===============================================

==============2021-08-11 10:35:07==============
===6开始执行条件2021-08-11 10:35:06.729===
===开始判断价格条件2021-08-11 10:35:06.729===
===开始判断额外/转自动条件2021-08-11 10:35:06.956===
===2021-08-11 10:35:07.084===
股票：002837指定时间段判断-额外参数：
	分组名称：1
	走势名称：时间段
		条件成立(当前时间：2021-08-11 10:35:06.729,条件时段：09:30:00-13:00:00)
	结果：达到要求
===2021-08-11 10:35:07.192===
===2021-08-11 10:35:07.504===
股票：002837多头向上判断-转自动参数：
	分组名称：2
	走势名称：多头向上
	结果：未满足，返回code：0
===2021-08-11 10:35:07.504===
满足所有条件，可以触发


===============================================

==============2021-08-11 10:35:18==============
===6开始执行条件2021-08-11 10:35:17.277===
===开始判断价格条件2021-08-11 10:35:17.277===
===开始判断额外/转自动条件2021-08-11 10:35:17.789===
===2021-08-11 10:35:18.013===
股票：002837指定时间段判断-额外参数：
	分组名称：1
	走势名称：时间段
		条件成立(当前时间：2021-08-11 10:35:17.275,条件时段：09:30:00-13:00:00)
	结果：达到要求
===2021-08-11 10:35:18.406===
===2021-08-11 10:35:18.767===
股票：002837多头向上判断-转自动参数：
	分组名称：2
	走势名称：多头向上
	结果：未满足，返回code：0
===2021-08-11 10:35:18.767===
满足所有条件，可以触发


===============================================

==============2021-08-11 10:35:31==============
===6开始执行条件2021-08-11 10:35:30.568===
===开始判断价格条件2021-08-11 10:35:30.568===
===开始判断额外/转自动条件2021-08-11 10:35:30.934===
===2021-08-11 10:35:31.311===
股票：002837指定时间段判断-额外参数：
	分组名称：1
	走势名称：时间段
		条件成立(当前时间：2021-08-11 10:35:30.568,条件时段：09:30:00-13:00:00)
	结果：达到要求
===2021-08-11 10:35:31.571===
===2021-08-11 10:35:31.905===
股票：002837多头向上判断-转自动参数：
	分组名称：2
	走势名称：多头向上
	结果：未满足，返回code：0
===2021-08-11 10:35:31.905===
满足所有条件，可以触发


===============================================

==============2021-08-11 10:36:29==============
===6开始执行条件2021-08-11 10:36:27.294===
===开始判断价格条件2021-08-11 10:36:27.294===
===开始判断额外/转自动条件2021-08-11 10:36:28.075===
===2021-08-11 10:36:28.705===
股票：002837指定时间段判断-额外参数：
	分组名称：1
	走势名称：时间段
		条件成立(当前时间：2021-08-11 10:36:27.294,条件时段：09:30:00-13:00:00)
	结果：达到要求
===2021-08-11 10:36:29.014===
===2021-08-11 10:36:29.888===
股票：002837多头向上判断-转自动参数：
	分组名称：2
	走势名称：多头向上
	结果：未满足，返回code：0
===2021-08-11 10:36:29.888===
满足所有条件，可以触发


===============================================

==============2021-08-11 10:37:07==============
===6开始执行条件2021-08-11 10:37:03.317===
===开始判断价格条件2021-08-11 10:37:03.317===
===开始判断额外/转自动条件2021-08-11 10:37:04.374===
===2021-08-11 10:37:05.636===
股票：002837指定时间段判断-额外参数：
	分组名称：1
	走势名称：时间段
		条件成立(当前时间：2021-08-11 10:37:03.317,条件时段：09:30:00-13:00:00)
	结果：达到要求
===2021-08-11 10:37:06.337===
===2021-08-11 10:37:07.255===
股票：002837多头向上判断-转自动参数：
	分组名称：2
	走势名称：多头向上
	结果：未满足，返回code：0
===2021-08-11 10:37:07.255===
满足所有条件，可以触发


===============================================

