==============2021-08-09 10:08:56==============
===6开始执行条件2021-08-09 10:08:53.518===
===开始判断价格条件2021-08-09 10:08:53.518===
===开始判断额外/转自动条件2021-08-09 10:08:54.112===
===2021-08-09 10:08:54.679===
股票：002326指定时间段判断-额外参数：
	分组名称：1
	走势名称：时间段
		条件成立(当前时间：2021-08-09 10:08:53.518,条件时段：09:30:00-13:00:00)
	结果：达到要求
===2021-08-09 10:08:56.110===
===2021-08-09 10:08:56.850===
股票：002326多头向上判断-转自动参数：
	分组名称：2
	走势名称：多头向上
	结果：未满足，返回code：0
===2021-08-09 10:08:56.850===
满足所有条件，可以触发


===============================================

==============2021-08-09 10:10:42==============
===6开始执行条件2021-08-09 10:10:39.214===
===开始判断价格条件2021-08-09 10:10:39.214===
===开始判断额外/转自动条件2021-08-09 10:10:39.741===
===2021-08-09 10:10:40.172===
股票：002326指定时间段判断-额外参数：
	分组名称：1
	走势名称：时间段
		条件成立(当前时间：2021-08-09 10:10:39.214,条件时段：09:30:00-13:00:00)
	结果：达到要求
===2021-08-09 10:10:41.314===
===2021-08-09 10:10:42.737===
股票：002326多头向上判断-转自动参数：
	分组名称：2
	走势名称：多头向上
	结果：未满足，返回code：0
===2021-08-09 10:10:42.737===
满足所有条件，可以触发


===============================================

==============2021-08-09 10:10:54==============
===6开始执行条件2021-08-09 10:10:53.391===
===开始判断价格条件2021-08-09 10:10:53.391===
===开始判断额外/转自动条件2021-08-09 10:10:53.535===
===2021-08-09 10:10:53.606===
股票：002326指定时间段判断-额外参数：
	分组名称：1
	走势名称：时间段
		条件成立(当前时间：2021-08-09 10:10:53.391,条件时段：09:30:00-13:00:00)
	结果：达到要求
===2021-08-09 10:10:53.826===
===2021-08-09 10:10:54.158===
股票：002326多头向上判断-转自动参数：
	分组名称：2
	走势名称：多头向上
	结果：未满足，返回code：0
===2021-08-09 10:10:54.158===
满足所有条件，可以触发


===============================================

==============2021-08-09 10:11:06==============
===6开始执行条件2021-08-09 10:11:05.314===
===开始判断价格条件2021-08-09 10:11:05.314===
===开始判断额外/转自动条件2021-08-09 10:11:05.535===
===2021-08-09 10:11:05.598===
股票：002326指定时间段判断-额外参数：
	分组名称：1
	走势名称：时间段
		条件成立(当前时间：2021-08-09 10:11:05.313,条件时段：09:30:00-13:00:00)
	结果：达到要求
===2021-08-09 10:11:05.770===
===2021-08-09 10:11:06.905===
股票：002326多头向上判断-转自动参数：
	分组名称：2
	走势名称：多头向上
	结果：未满足，返回code：0
===2021-08-09 10:11:06.905===
满足所有条件，可以触发


===============================================

==============2021-08-09 10:11:24==============
===6开始执行条件2021-08-09 10:11:20.968===
===开始判断价格条件2021-08-09 10:11:20.968===
===开始判断额外/转自动条件2021-08-09 10:11:21.734===
===2021-08-09 10:11:22.255===
股票：002326指定时间段判断-额外参数：
	分组名称：1
	走势名称：时间段
		条件成立(当前时间：2021-08-09 10:11:20.968,条件时段：09:30:00-13:00:00)
	结果：达到要求
===2021-08-09 10:11:22.746===
===2021-08-09 10:11:24.071===
股票：002326多头向上判断-转自动参数：
	分组名称：2
	走势名称：多头向上
	结果：未满足，返回code：0
===2021-08-09 10:11:24.071===
满足所有条件，可以触发


===============================================

==============2021-08-09 11:02:43==============
===6开始执行条件2021-08-09 11:02:42.557===
===开始判断价格条件2021-08-09 11:02:42.557===
===开始判断额外/转自动条件2021-08-09 11:02:42.730===
===2021-08-09 11:02:42.807===
股票：002326指定时间段判断-额外参数：
	分组名称：1
	走势名称：时间段
		条件成立(当前时间：2021-08-09 11:02:42.556,条件时段：09:30:00-13:00:00)
	结果：达到要求
===2021-08-09 11:02:42.923===
===2021-08-09 11:02:43.043===
股票：002326多头向上判断-转自动参数：
	分组名称：2
	走势名称：多头向上
	结果：未满足，返回code：0
===2021-08-09 11:02:43.044===
满足所有条件，可以触发


===============================================

==============2021-08-09 11:02:52==============
===6开始执行条件2021-08-09 11:02:51.194===
===开始判断价格条件2021-08-09 11:02:51.194===
===开始判断额外/转自动条件2021-08-09 11:02:51.457===
===2021-08-09 11:02:51.616===
股票：002326指定时间段判断-额外参数：
	分组名称：1
	走势名称：时间段
		条件成立(当前时间：2021-08-09 11:02:51.194,条件时段：09:30:00-13:00:00)
	结果：达到要求
===2021-08-09 11:02:51.702===
===2021-08-09 11:02:52.096===
股票：002326多头向上判断-转自动参数：
	分组名称：2
	走势名称：多头向上
	结果：未满足，返回code：0
===2021-08-09 11:02:52.096===
满足所有条件，可以触发


===============================================

==============2021-08-09 11:03:15==============
===6开始执行条件2021-08-09 11:03:15.078===
===开始判断价格条件2021-08-09 11:03:15.078===
===开始判断额外/转自动条件2021-08-09 11:03:15.198===
===2021-08-09 11:03:15.435===
股票：002326指定时间段判断-额外参数：
	分组名称：1
	走势名称：时间段
		条件成立(当前时间：2021-08-09 11:03:15.050,条件时段：09:30:00-13:00:00)
	结果：达到要求
===2021-08-09 11:03:15.556===
===2021-08-09 11:03:15.674===
股票：002326多头向上判断-转自动参数：
	分组名称：2
	走势名称：多头向上
	结果：未满足，返回code：0
===2021-08-09 11:03:15.674===
满足所有条件，可以触发


===============================================

