==============2021-08-11 10:28:33==============
===6开始执行条件2021-08-11 10:28:31.853===
===开始判断价格条件2021-08-11 10:28:31.853===
===开始判断额外/转自动条件2021-08-11 10:28:32.787===
===2021-08-11 10:28:33.563===
股票：002326指定时间段判断-额外参数：
	分组名称：1
	走势名称：时间段
		条件成立(当前时间：2021-08-11 10:28:31.851,条件时段：09:30:00-13:00:00)
	结果：达到要求
===2021-08-11 10:28:33.708===
===2021-08-11 10:28:33.860===
股票：002326多头向上判断-转自动参数：
	分组名称：2
	走势名称：多头向上
	结果：未满足，返回code：0
===2021-08-11 10:28:33.860===
满足所有条件，可以触发


===============================================

==============2021-08-11 10:28:51==============
===6开始执行条件2021-08-11 10:28:51.021===
===开始判断价格条件2021-08-11 10:28:51.021===
===开始判断额外/转自动条件2021-08-11 10:28:51.157===
===2021-08-11 10:28:51.228===
股票：002326指定时间段判断-额外参数：
	分组名称：1
	走势名称：时间段
		条件成立(当前时间：2021-08-11 10:28:51.020,条件时段：09:30:00-13:00:00)
	结果：达到要求
===2021-08-11 10:28:51.334===
===2021-08-11 10:28:51.511===
股票：002326多头向上判断-转自动参数：
	分组名称：2
	走势名称：多头向上
	结果：未满足，返回code：0
===2021-08-11 10:28:51.512===
满足所有条件，可以触发


===============================================

==============2021-08-11 10:29:01==============
===6开始执行条件2021-08-11 10:29:00.137===
===开始判断价格条件2021-08-11 10:29:00.137===
===开始判断额外/转自动条件2021-08-11 10:29:00.393===
===2021-08-11 10:29:00.567===
股票：002326指定时间段判断-额外参数：
	分组名称：1
	走势名称：时间段
		条件成立(当前时间：2021-08-11 10:29:00.137,条件时段：09:30:00-13:00:00)
	结果：达到要求
===2021-08-11 10:29:00.633===
===2021-08-11 10:29:01.919===
股票：002326多头向上判断-转自动参数：
	分组名称：2
	走势名称：多头向上
	结果：未满足，返回code：0
===2021-08-11 10:29:01.919===
满足所有条件，可以触发


===============================================

==============2021-08-11 10:29:43==============
===6开始执行条件2021-08-11 10:29:42.718===
===开始判断价格条件2021-08-11 10:29:42.718===
===开始判断额外/转自动条件2021-08-11 10:29:43.038===
===2021-08-11 10:29:43.115===
股票：002326指定时间段判断-额外参数：
	分组名称：1
	走势名称：时间段
		条件成立(当前时间：2021-08-11 10:29:42.717,条件时段：09:30:00-13:00:00)
	结果：达到要求
===2021-08-11 10:29:43.449===
===2021-08-11 10:29:43.813===
股票：002326多头向上判断-转自动参数：
	分组名称：2
	走势名称：多头向上
	结果：未满足，返回code：0
===2021-08-11 10:29:43.854===
满足所有条件，可以触发


===============================================

==============2021-08-11 10:29:56==============
===6开始执行条件2021-08-11 10:29:53.482===
===开始判断价格条件2021-08-11 10:29:53.482===
===开始判断额外/转自动条件2021-08-11 10:29:54.121===
===2021-08-11 10:29:54.486===
股票：002326指定时间段判断-额外参数：
	分组名称：1
	走势名称：时间段
		条件成立(当前时间：2021-08-11 10:29:53.482,条件时段：09:30:00-13:00:00)
	结果：达到要求
===2021-08-11 10:29:55.288===
===2021-08-11 10:29:56.351===
股票：002326多头向上判断-转自动参数：
	分组名称：2
	走势名称：多头向上
	结果：未满足，返回code：0
===2021-08-11 10:29:56.351===
满足所有条件，可以触发


===============================================

==============2021-08-11 10:30:08==============
===6开始执行条件2021-08-11 10:30:06.878===
===开始判断价格条件2021-08-11 10:30:06.878===
===开始判断额外/转自动条件2021-08-11 10:30:07.042===
===2021-08-11 10:30:07.370===
股票：002326指定时间段判断-额外参数：
	分组名称：1
	走势名称：时间段
		条件成立(当前时间：2021-08-11 10:30:06.877,条件时段：09:30:00-13:00:00)
	结果：达到要求
===2021-08-11 10:30:07.915===
===2021-08-11 10:30:08.214===
股票：002326多头向上判断-转自动参数：
	分组名称：2
	走势名称：多头向上
	结果：未满足，返回code：0
===2021-08-11 10:30:08.214===
满足所有条件，可以触发


===============================================

==============2021-08-11 10:30:14==============
===6开始执行条件2021-08-11 10:30:13.368===
===开始判断价格条件2021-08-11 10:30:13.368===
===开始判断额外/转自动条件2021-08-11 10:30:13.591===
===2021-08-11 10:30:13.810===
股票：002326指定时间段判断-额外参数：
	分组名称：1
	走势名称：时间段
		条件成立(当前时间：2021-08-11 10:30:13.368,条件时段：09:30:00-13:00:00)
	结果：达到要求
===2021-08-11 10:30:14.069===
===2021-08-11 10:30:14.482===
股票：002326多头向上判断-转自动参数：
	分组名称：2
	走势名称：多头向上
	结果：未满足，返回code：0
===2021-08-11 10:30:14.482===
满足所有条件，可以触发


===============================================

==============2021-08-11 10:30:30==============
===6开始执行条件2021-08-11 10:30:30.108===
===开始判断价格条件2021-08-11 10:30:30.108===
===开始判断额外/转自动条件2021-08-11 10:30:30.241===
===2021-08-11 10:30:30.456===
股票：002326指定时间段判断-额外参数：
	分组名称：1
	走势名称：时间段
		条件成立(当前时间：2021-08-11 10:30:30.107,条件时段：09:30:00-13:00:00)
	结果：达到要求
===2021-08-11 10:30:30.592===
===2021-08-11 10:30:30.730===
股票：002326多头向上判断-转自动参数：
	分组名称：2
	走势名称：多头向上
	结果：未满足，返回code：0
===2021-08-11 10:30:30.730===
满足所有条件，可以触发


===============================================

==============2021-08-11 10:30:42==============
===6开始执行条件2021-08-11 10:30:41.522===
===开始判断价格条件2021-08-11 10:30:41.522===
===开始判断额外/转自动条件2021-08-11 10:30:41.708===
===2021-08-11 10:30:41.796===
股票：002326指定时间段判断-额外参数：
	分组名称：1
	走势名称：时间段
		条件成立(当前时间：2021-08-11 10:30:41.522,条件时段：09:30:00-13:00:00)
	结果：达到要求
===2021-08-11 10:30:41.965===
===2021-08-11 10:30:42.091===
股票：002326多头向上判断-转自动参数：
	分组名称：2
	走势名称：多头向上
	结果：未满足，返回code：0
===2021-08-11 10:30:42.091===
满足所有条件，可以触发


===============================================

==============2021-08-11 10:30:50==============
===6开始执行条件2021-08-11 10:30:50.718===
===开始判断价格条件2021-08-11 10:30:50.718===
===开始判断额外/转自动条件2021-08-11 10:30:50.787===
===2021-08-11 10:30:50.846===
股票：002326指定时间段判断-额外参数：
	分组名称：1
	走势名称：时间段
		条件成立(当前时间：2021-08-11 10:30:50.718,条件时段：09:30:00-13:00:00)
	结果：达到要求
===2021-08-11 10:30:50.888===
===2021-08-11 10:30:50.952===
股票：002326多头向上判断-转自动参数：
	分组名称：2
	走势名称：多头向上
	结果：未满足，返回code：0
===2021-08-11 10:30:50.952===
满足所有条件，可以触发


===============================================

==============2021-08-11 10:30:58==============
===6开始执行条件2021-08-11 10:30:57.832===
===开始判断价格条件2021-08-11 10:30:57.832===
===开始判断额外/转自动条件2021-08-11 10:30:57.919===
===2021-08-11 10:30:57.970===
股票：002326指定时间段判断-额外参数：
	分组名称：1
	走势名称：时间段
		条件成立(当前时间：2021-08-11 10:30:57.830,条件时段：09:30:00-13:00:00)
	结果：达到要求
===2021-08-11 10:30:58.010===
===2021-08-11 10:30:58.084===
股票：002326多头向上判断-转自动参数：
	分组名称：2
	走势名称：多头向上
	结果：未满足，返回code：0
===2021-08-11 10:30:58.084===
满足所有条件，可以触发


===============================================

==============2021-08-11 10:31:16==============
===6开始执行条件2021-08-11 10:31:16.326===
===开始判断价格条件2021-08-11 10:31:16.326===
===开始判断额外/转自动条件2021-08-11 10:31:16.407===
===2021-08-11 10:31:16.461===
股票：002326指定时间段判断-额外参数：
	分组名称：1
	走势名称：时间段
		条件成立(当前时间：2021-08-11 10:31:16.326,条件时段：09:30:00-13:00:00)
	结果：达到要求
===2021-08-11 10:31:16.515===
===2021-08-11 10:31:16.585===
股票：002326多头向上判断-转自动参数：
	分组名称：2
	走势名称：多头向上
	结果：未满足，返回code：0
===2021-08-11 10:31:16.585===
满足所有条件，可以触发


===============================================

==============2021-08-11 10:31:23==============
===6开始执行条件2021-08-11 10:31:22.719===
===开始判断价格条件2021-08-11 10:31:22.719===
===开始判断额外/转自动条件2021-08-11 10:31:22.779===
===2021-08-11 10:31:22.818===
股票：002326指定时间段判断-额外参数：
	分组名称：1
	走势名称：时间段
		条件成立(当前时间：2021-08-11 10:31:22.719,条件时段：09:30:00-13:00:00)
	结果：达到要求
===2021-08-11 10:31:22.947===
===2021-08-11 10:31:23.108===
股票：002326多头向上判断-转自动参数：
	分组名称：2
	走势名称：多头向上
	结果：未满足，返回code：0
===2021-08-11 10:31:23.108===
满足所有条件，可以触发


===============================================

==============2021-08-11 10:31:30==============
===6开始执行条件2021-08-11 10:31:30.370===
===开始判断价格条件2021-08-11 10:31:30.370===
===开始判断额外/转自动条件2021-08-11 10:31:30.542===
===2021-08-11 10:31:30.661===
股票：002326指定时间段判断-额外参数：
	分组名称：1
	走势名称：时间段
		条件成立(当前时间：2021-08-11 10:31:30.370,条件时段：09:30:00-13:00:00)
	结果：达到要求
===2021-08-11 10:31:30.725===
===2021-08-11 10:31:30.866===
股票：002326多头向上判断-转自动参数：
	分组名称：2
	走势名称：多头向上
	结果：未满足，返回code：0
===2021-08-11 10:31:30.867===
满足所有条件，可以触发


===============================================

==============2021-08-11 10:31:42==============
===6开始执行条件2021-08-11 10:31:39.604===
===开始判断价格条件2021-08-11 10:31:39.604===
===开始判断额外/转自动条件2021-08-11 10:31:40.735===
===2021-08-11 10:31:40.899===
股票：002326指定时间段判断-额外参数：
	分组名称：1
	走势名称：时间段
		条件成立(当前时间：2021-08-11 10:31:39.603,条件时段：09:30:00-13:00:00)
	结果：达到要求
===2021-08-11 10:31:41.238===
===2021-08-11 10:31:42.913===
股票：002326多头向上判断-转自动参数：
	分组名称：2
	走势名称：多头向上
	结果：未满足，返回code：0
===2021-08-11 10:31:42.913===
满足所有条件，可以触发


===============================================

==============2021-08-11 10:31:58==============
===6开始执行条件2021-08-11 10:31:56.918===
===开始判断价格条件2021-08-11 10:31:56.918===
===开始判断额外/转自动条件2021-08-11 10:31:57.591===
===2021-08-11 10:31:58.072===
股票：002326指定时间段判断-额外参数：
	分组名称：1
	走势名称：时间段
		条件成立(当前时间：2021-08-11 10:31:56.918,条件时段：09:30:00-13:00:00)
	结果：达到要求
===2021-08-11 10:31:58.372===
===2021-08-11 10:31:58.904===
股票：002326多头向上判断-转自动参数：
	分组名称：2
	走势名称：多头向上
	结果：未满足，返回code：0
===2021-08-11 10:31:58.904===
满足所有条件，可以触发


===============================================

==============2021-08-11 10:32:17==============
===6开始执行条件2021-08-11 10:32:14.343===
===开始判断价格条件2021-08-11 10:32:14.343===
===开始判断额外/转自动条件2021-08-11 10:32:15.403===
===2021-08-11 10:32:15.701===
股票：002326指定时间段判断-额外参数：
	分组名称：1
	走势名称：时间段
		条件成立(当前时间：2021-08-11 10:32:14.343,条件时段：09:30:00-13:00:00)
	结果：达到要求
===2021-08-11 10:32:16.693===
===2021-08-11 10:32:17.329===
股票：002326多头向上判断-转自动参数：
	分组名称：2
	走势名称：多头向上
	结果：未满足，返回code：0
===2021-08-11 10:32:17.329===
满足所有条件，可以触发


===============================================

==============2021-08-11 10:32:43==============
===6开始执行条件2021-08-11 10:32:43.401===
===开始判断价格条件2021-08-11 10:32:43.401===
===开始判断额外/转自动条件2021-08-11 10:32:43.547===
===2021-08-11 10:32:43.608===
股票：002326指定时间段判断-额外参数：
	分组名称：1
	走势名称：时间段
		条件成立(当前时间：2021-08-11 10:32:43.401,条件时段：09:30:00-13:00:00)
	结果：达到要求
===2021-08-11 10:32:43.719===
===2021-08-11 10:32:43.849===
股票：002326多头向上判断-转自动参数：
	分组名称：2
	走势名称：多头向上
	结果：未满足，返回code：0
===2021-08-11 10:32:43.849===
满足所有条件，可以触发


===============================================

==============2021-08-11 10:32:57==============
===6开始执行条件2021-08-11 10:32:56.684===
===开始判断价格条件2021-08-11 10:32:56.684===
===开始判断额外/转自动条件2021-08-11 10:32:56.806===
===2021-08-11 10:32:56.866===
股票：002326指定时间段判断-额外参数：
	分组名称：1
	走势名称：时间段
		条件成立(当前时间：2021-08-11 10:32:56.683,条件时段：09:30:00-13:00:00)
	结果：达到要求
===2021-08-11 10:32:56.962===
===2021-08-11 10:32:57.041===
股票：002326多头向上判断-转自动参数：
	分组名称：2
	走势名称：多头向上
	结果：未满足，返回code：0
===2021-08-11 10:32:57.041===
满足所有条件，可以触发


===============================================

==============2021-08-11 10:33:05==============
===6开始执行条件2021-08-11 10:33:04.886===
===开始判断价格条件2021-08-11 10:33:04.886===
===开始判断额外/转自动条件2021-08-11 10:33:04.998===
===2021-08-11 10:33:05.082===
股票：002326指定时间段判断-额外参数：
	分组名称：1
	走势名称：时间段
		条件成立(当前时间：2021-08-11 10:33:04.886,条件时段：09:30:00-13:00:00)
	结果：达到要求
===2021-08-11 10:33:05.208===
===2021-08-11 10:33:05.738===
股票：002326多头向上判断-转自动参数：
	分组名称：2
	走势名称：多头向上
	结果：未满足，返回code：0
===2021-08-11 10:33:05.738===
满足所有条件，可以触发


===============================================

==============2021-08-11 10:33:16==============
===6开始执行条件2021-08-11 10:33:15.417===
===开始判断价格条件2021-08-11 10:33:15.417===
===开始判断额外/转自动条件2021-08-11 10:33:15.647===
===2021-08-11 10:33:15.953===
股票：002326指定时间段判断-额外参数：
	分组名称：1
	走势名称：时间段
		条件成立(当前时间：2021-08-11 10:33:15.417,条件时段：09:30:00-13:00:00)
	结果：达到要求
===2021-08-11 10:33:16.165===
===2021-08-11 10:33:16.884===
股票：002326多头向上判断-转自动参数：
	分组名称：2
	走势名称：多头向上
	结果：未满足，返回code：0
===2021-08-11 10:33:16.884===
满足所有条件，可以触发


===============================================

==============2021-08-11 10:33:25==============
===6开始执行条件2021-08-11 10:33:22.940===
===开始判断价格条件2021-08-11 10:33:22.940===
===开始判断额外/转自动条件2021-08-11 10:33:24.294===
===2021-08-11 10:33:24.765===
股票：002326指定时间段判断-额外参数：
	分组名称：1
	走势名称：时间段
		条件成立(当前时间：2021-08-11 10:33:22.940,条件时段：09:30:00-13:00:00)
	结果：达到要求
===2021-08-11 10:33:25.009===
===2021-08-11 10:33:25.650===
股票：002326多头向上判断-转自动参数：
	分组名称：2
	走势名称：多头向上
	结果：未满足，返回code：0
===2021-08-11 10:33:25.650===
满足所有条件，可以触发


===============================================

==============2021-08-11 10:34:57==============
===6开始执行条件2021-08-11 10:34:57.106===
===开始判断价格条件2021-08-11 10:34:57.106===
===开始判断额外/转自动条件2021-08-11 10:34:57.306===
===2021-08-11 10:34:57.380===
股票：002326指定时间段判断-额外参数：
	分组名称：1
	走势名称：时间段
		条件成立(当前时间：2021-08-11 10:34:57.105,条件时段：09:30:00-13:00:00)
	结果：达到要求
===2021-08-11 10:34:57.441===
===2021-08-11 10:34:57.637===
股票：002326多头向上判断-转自动参数：
	分组名称：2
	走势名称：多头向上
	结果：未满足，返回code：0
===2021-08-11 10:34:57.637===
满足所有条件，可以触发


===============================================

==============2021-08-11 10:35:06==============
===6开始执行条件2021-08-11 10:35:05.683===
===开始判断价格条件2021-08-11 10:35:05.683===
===开始判断额外/转自动条件2021-08-11 10:35:05.918===
===2021-08-11 10:35:06.018===
股票：002326指定时间段判断-额外参数：
	分组名称：1
	走势名称：时间段
		条件成立(当前时间：2021-08-11 10:35:05.683,条件时段：09:30:00-13:00:00)
	结果：达到要求
===2021-08-11 10:35:06.099===
===2021-08-11 10:35:06.237===
股票：002326多头向上判断-转自动参数：
	分组名称：2
	走势名称：多头向上
	结果：未满足，返回code：0
===2021-08-11 10:35:06.237===
满足所有条件，可以触发


===============================================

==============2021-08-11 10:35:16==============
===6开始执行条件2021-08-11 10:35:16.246===
===开始判断价格条件2021-08-11 10:35:16.246===
===开始判断额外/转自动条件2021-08-11 10:35:16.455===
===2021-08-11 10:35:16.694===
股票：002326指定时间段判断-额外参数：
	分组名称：1
	走势名称：时间段
		条件成立(当前时间：2021-08-11 10:35:16.246,条件时段：09:30:00-13:00:00)
	结果：达到要求
===2021-08-11 10:35:16.764===
===2021-08-11 10:35:16.901===
股票：002326多头向上判断-转自动参数：
	分组名称：2
	走势名称：多头向上
	结果：未满足，返回code：0
===2021-08-11 10:35:16.901===
满足所有条件，可以触发


===============================================

==============2021-08-11 10:35:30==============
===6开始执行条件2021-08-11 10:35:29.029===
===开始判断价格条件2021-08-11 10:35:29.029===
===开始判断额外/转自动条件2021-08-11 10:35:29.346===
===2021-08-11 10:35:29.623===
股票：002326指定时间段判断-额外参数：
	分组名称：1
	走势名称：时间段
		条件成立(当前时间：2021-08-11 10:35:29.028,条件时段：09:30:00-13:00:00)
	结果：达到要求
===2021-08-11 10:35:30.012===
===2021-08-11 10:35:30.306===
股票：002326多头向上判断-转自动参数：
	分组名称：2
	走势名称：多头向上
	结果：未满足，返回code：0
===2021-08-11 10:35:30.307===
满足所有条件，可以触发


===============================================

==============2021-08-11 10:35:59==============
===6开始执行条件2021-08-11 10:35:54.244===
===开始判断价格条件2021-08-11 10:35:54.244===
===开始判断额外/转自动条件2021-08-11 10:35:54.645===
===2021-08-11 10:35:54.790===
股票：002326指定时间段判断-额外参数：
	分组名称：1
	走势名称：时间段
		条件成立(当前时间：2021-08-11 10:35:54.243,条件时段：09:30:00-13:00:00)
	结果：达到要求
===2021-08-11 10:35:55.104===
===2021-08-11 10:35:59.466===
股票：002326多头向上判断-转自动参数：
	分组名称：2
	走势名称：多头向上
	结果：未满足，返回code：0
===2021-08-11 10:35:59.466===
满足所有条件，可以触发


===============================================

==============2021-08-11 10:36:26==============
===6开始执行条件2021-08-11 10:36:24.119===
===开始判断价格条件2021-08-11 10:36:24.119===
===开始判断额外/转自动条件2021-08-11 10:36:24.643===
===2021-08-11 10:36:24.982===
股票：002326指定时间段判断-额外参数：
	分组名称：1
	走势名称：时间段
		条件成立(当前时间：2021-08-11 10:36:24.118,条件时段：09:30:00-13:00:00)
	结果：达到要求
===2021-08-11 10:36:25.343===
===2021-08-11 10:36:26.198===
股票：002326多头向上判断-转自动参数：
	分组名称：2
	走势名称：多头向上
	结果：未满足，返回code：0
===2021-08-11 10:36:26.198===
满足所有条件，可以触发


===============================================

==============2021-08-11 10:37:03==============
===6开始执行条件2021-08-11 10:37:00.225===
===开始判断价格条件2021-08-11 10:37:00.225===
===开始判断额外/转自动条件2021-08-11 10:37:00.746===
===2021-08-11 10:37:01.679===
股票：002326指定时间段判断-额外参数：
	分组名称：1
	走势名称：时间段
		条件成立(当前时间：2021-08-11 10:37:00.224,条件时段：09:30:00-13:00:00)
	结果：达到要求
===2021-08-11 10:37:02.092===
===2021-08-11 10:37:03.194===
股票：002326多头向上判断-转自动参数：
	分组名称：2
	走势名称：多头向上
	结果：未满足，返回code：0
===2021-08-11 10:37:03.194===
满足所有条件，可以触发


===============================================

