==============2021-08-10 17:41:19==============
===6开始执行条件2021-08-10 17:41:18.464===
===开始判断价格条件2021-08-10 17:41:18.464===
===开始判断额外/转自动条件2021-08-10 17:41:18.997===
===2021-08-10 17:41:19.241===
股票：002326指定时间段判断-额外参数：
	分组名称：1
	走势名称：时间段
		条件不成立(当前时间：2021-08-10 17:41:18.464,条件时段：09:30:00-13:00:00)
	结果：未满足
===2021-08-10 17:41:19.241===
===2021-08-10 17:41:19.285===
股票：002326板块涨跌幅判断-额外参数：
	分组名称：1
	走势名称：发
		条件不成立(不符合板块涨跌幅条件)
	结果：未满足，返回code：-1
===2021-08-10 17:41:19.957===
额外条件未满足


===============================================

==============2021-08-10 17:42:01==============
===6开始执行条件2021-08-10 17:41:56.466===
===开始判断价格条件2021-08-10 17:41:56.466===
===开始判断额外/转自动条件2021-08-10 17:41:57.513===
===2021-08-10 17:41:58.094===
股票：002326指定时间段判断-额外参数：
	分组名称：1
	走势名称：时间段
		条件不成立(当前时间：2021-08-10 17:41:56.465,条件时段：09:30:00-13:00:00)
	结果：未满足
===2021-08-10 17:41:58.094===
===2021-08-10 17:41:58.438===
股票：002326板块涨跌幅判断-额外参数：
	分组名称：1
	走势名称：发
		条件不成立(不符合板块涨跌幅条件)
	结果：未满足，返回code：-1
===2021-08-10 17:42:01.794===
额外条件未满足


===============================================

==============2021-08-10 17:42:19==============
===6开始执行条件2021-08-10 17:42:14.550===
===开始判断价格条件2021-08-10 17:42:14.550===
===开始判断额外/转自动条件2021-08-10 17:42:16.168===
===2021-08-10 17:42:16.820===
股票：002326指定时间段判断-额外参数：
	分组名称：1
	走势名称：时间段
		条件不成立(当前时间：2021-08-10 17:42:14.550,条件时段：09:30:00-13:00:00)
	结果：未满足
===2021-08-10 17:42:16.820===
===2021-08-10 17:42:17.099===
股票：002326板块涨跌幅判断-额外参数：
	分组名称：1
	走势名称：发
		条件不成立(不符合板块涨跌幅条件)
	结果：未满足，返回code：-1
===2021-08-10 17:42:19.345===
额外条件未满足


===============================================

==============2021-08-10 17:44:09==============
===6开始执行条件2021-08-10 17:44:08.489===
===开始判断价格条件2021-08-10 17:44:08.489===
===开始判断额外/转自动条件2021-08-10 17:44:08.707===
===2021-08-10 17:44:08.834===
股票：002326指定时间段判断-额外参数：
	分组名称：1
	走势名称：时间段
		条件不成立(当前时间：2021-08-10 17:44:08.488,条件时段：09:30:00-13:00:00)
	结果：未满足
===2021-08-10 17:44:08.834===
===2021-08-10 17:44:08.877===
股票：002326板块涨跌幅判断-额外参数：
	分组名称：1
	走势名称：发
		条件不成立(不符合板块涨跌幅条件)
	结果：未满足，返回code：-1
===2021-08-10 17:44:09.336===
额外条件未满足


===============================================

==============2021-08-10 17:47:38==============
===6开始执行条件2021-08-10 17:47:34.715===
===开始判断价格条件2021-08-10 17:47:34.715===
===开始判断额外/转自动条件2021-08-10 17:47:35.576===
===2021-08-10 17:47:36.101===
股票：002326指定时间段判断-额外参数：
	分组名称：1
	走势名称：时间段
		条件不成立(当前时间：2021-08-10 17:47:34.714,条件时段：09:30:00-13:00:00)
	结果：未满足
===2021-08-10 17:47:36.101===
===2021-08-10 17:47:36.190===
股票：002326板块涨跌幅判断-额外参数：
	分组名称：1
	走势名称：发
		条件不成立(不符合板块涨跌幅条件)
	结果：未满足，返回code：-1
===2021-08-10 17:47:38.743===
额外条件未满足


===============================================

==============2021-08-10 17:47:56==============
===6开始执行条件2021-08-10 17:47:52.456===
===开始判断价格条件2021-08-10 17:47:52.456===
===开始判断额外/转自动条件2021-08-10 17:47:53.163===
===2021-08-10 17:47:53.950===
股票：002326指定时间段判断-额外参数：
	分组名称：1
	走势名称：时间段
		条件不成立(当前时间：2021-08-10 17:47:52.456,条件时段：09:30:00-13:00:00)
	结果：未满足
===2021-08-10 17:47:53.950===
===2021-08-10 17:47:54.093===
股票：002326板块涨跌幅判断-额外参数：
	分组名称：1
	走势名称：发
		条件不成立(不符合板块涨跌幅条件)
	结果：未满足，返回code：-1
===2021-08-10 17:47:56.589===
额外条件未满足


===============================================

==============2021-08-10 17:49:04==============
===6开始执行条件2021-08-10 17:49:03.719===
===开始判断价格条件2021-08-10 17:49:03.719===
===开始判断额外/转自动条件2021-08-10 17:49:03.976===
===2021-08-10 17:49:04.202===
股票：002326指定时间段判断-额外参数：
	分组名称：1
	走势名称：时间段
		条件不成立(当前时间：2021-08-10 17:49:03.719,条件时段：09:30:00-13:00:00)
	结果：未满足
===2021-08-10 17:49:04.202===
===2021-08-10 17:49:04.231===
股票：002326板块涨跌幅判断-额外参数：
	分组名称：1
	走势名称：发
		条件不成立(不符合板块涨跌幅条件)
	结果：未满足，返回code：-1
===2021-08-10 17:49:04.487===
额外条件未满足


===============================================

==============2021-08-10 17:49:23==============
===6开始执行条件2021-08-10 17:49:19.437===
===开始判断价格条件2021-08-10 17:49:19.437===
===开始判断额外/转自动条件2021-08-10 17:49:20.423===
===2021-08-10 17:49:20.775===
股票：002326指定时间段判断-额外参数：
	分组名称：1
	走势名称：时间段
		条件不成立(当前时间：2021-08-10 17:49:19.436,条件时段：09:30:00-13:00:00)
	结果：未满足
===2021-08-10 17:49:20.775===
===2021-08-10 17:49:20.960===
股票：002326板块涨跌幅判断-额外参数：
	分组名称：1
	走势名称：发
		条件不成立(不符合板块涨跌幅条件)
	结果：未满足，返回code：-1
===2021-08-10 17:49:23.476===
额外条件未满足


===============================================

==============2021-08-10 17:50:02==============
===6开始执行条件2021-08-10 17:49:56.317===
===开始判断价格条件2021-08-10 17:49:56.317===
===开始判断额外/转自动条件2021-08-10 17:49:56.634===
===2021-08-10 17:49:57.373===
股票：002326指定时间段判断-额外参数：
	分组名称：1
	走势名称：时间段
		条件不成立(当前时间：2021-08-10 17:49:56.316,条件时段：09:30:00-13:00:00)
	结果：未满足
===2021-08-10 17:49:57.373===
===2021-08-10 17:49:57.506===
股票：002326板块涨跌幅判断-额外参数：
	分组名称：1
	走势名称：发
		条件不成立(不符合板块涨跌幅条件)
	结果：未满足，返回code：-1
===2021-08-10 17:50:02.097===
额外条件未满足


===============================================

==============2021-08-10 17:50:12==============
===6开始执行条件2021-08-10 17:50:11.253===
===开始判断价格条件2021-08-10 17:50:11.253===
===开始判断额外/转自动条件2021-08-10 17:50:11.344===
===2021-08-10 17:50:11.446===
股票：002326指定时间段判断-额外参数：
	分组名称：1
	走势名称：时间段
		条件不成立(当前时间：2021-08-10 17:50:11.244,条件时段：09:30:00-13:00:00)
	结果：未满足
===2021-08-10 17:50:11.446===
===2021-08-10 17:50:11.497===
股票：002326板块涨跌幅判断-额外参数：
	分组名称：1
	走势名称：发
		条件不成立(不符合板块涨跌幅条件)
	结果：未满足，返回code：-1
===2021-08-10 17:50:12.353===
额外条件未满足


===============================================

==============2021-08-10 17:50:50==============
===6开始执行条件2021-08-10 17:50:45.651===
===开始判断价格条件2021-08-10 17:50:45.651===
===开始判断额外/转自动条件2021-08-10 17:50:46.813===
===2021-08-10 17:50:47.785===
股票：002326指定时间段判断-额外参数：
	分组名称：1
	走势名称：时间段
		条件不成立(当前时间：2021-08-10 17:50:45.645,条件时段：09:30:00-13:00:00)
	结果：未满足
===2021-08-10 17:50:47.785===
===2021-08-10 17:50:48.174===
股票：002326板块涨跌幅判断-额外参数：
	分组名称：1
	走势名称：发
		条件不成立(不符合板块涨跌幅条件)
	结果：未满足，返回code：-1
===2021-08-10 17:50:50.123===
额外条件未满足


===============================================

==============2021-08-10 17:51:25==============
===6开始执行条件2021-08-10 17:51:20.723===
===开始判断价格条件2021-08-10 17:51:20.724===
===开始判断额外/转自动条件2021-08-10 17:51:22.144===
===2021-08-10 17:51:23.041===
股票：002326指定时间段判断-额外参数：
	分组名称：1
	走势名称：时间段
		条件不成立(当前时间：2021-08-10 17:51:20.723,条件时段：09:30:00-13:00:00)
	结果：未满足
===2021-08-10 17:51:23.041===
===2021-08-10 17:51:23.270===
股票：002326板块涨跌幅判断-额外参数：
	分组名称：1
	走势名称：发
		条件不成立(不符合板块涨跌幅条件)
	结果：未满足，返回code：-1
===2021-08-10 17:51:25.112===
额外条件未满足


===============================================

==============2021-08-10 17:52:12==============
===6开始执行条件2021-08-10 17:52:07.720===
===开始判断价格条件2021-08-10 17:52:07.720===
===开始判断额外/转自动条件2021-08-10 17:52:08.370===
===2021-08-10 17:52:08.887===
股票：002326指定时间段判断-额外参数：
	分组名称：1
	走势名称：时间段
		条件不成立(当前时间：2021-08-10 17:52:07.720,条件时段：09:30:00-13:00:00)
	结果：未满足
===2021-08-10 17:52:08.887===
===2021-08-10 17:52:09.391===
股票：002326板块涨跌幅判断-额外参数：
	分组名称：1
	走势名称：发
		条件不成立(不符合板块涨跌幅条件)
	结果：未满足，返回code：-1
===2021-08-10 17:52:12.225===
额外条件未满足


===============================================

==============2021-08-10 17:52:33==============
===6开始执行条件2021-08-10 17:52:24.168===
===开始判断价格条件2021-08-10 17:52:24.168===
===开始判断额外/转自动条件2021-08-10 17:52:25.859===
===2021-08-10 17:52:27.888===
股票：002326指定时间段判断-额外参数：
	分组名称：1
	走势名称：时间段
		条件不成立(当前时间：2021-08-10 17:52:24.166,条件时段：09:30:00-13:00:00)
	结果：未满足
===2021-08-10 17:52:27.888===
===2021-08-10 17:52:28.427===
股票：002326板块涨跌幅判断-额外参数：
	分组名称：1
	走势名称：发
		条件不成立(不符合板块涨跌幅条件)
	结果：未满足，返回code：-1
===2021-08-10 17:52:33.373===
额外条件未满足


===============================================

==============2021-08-10 17:52:48==============
===6开始执行条件2021-08-10 17:52:44.911===
===开始判断价格条件2021-08-10 17:52:44.911===
===开始判断额外/转自动条件2021-08-10 17:52:45.939===
===2021-08-10 17:52:46.431===
股票：002326指定时间段判断-额外参数：
	分组名称：1
	走势名称：时间段
		条件不成立(当前时间：2021-08-10 17:52:44.901,条件时段：09:30:00-13:00:00)
	结果：未满足
===2021-08-10 17:52:46.431===
===2021-08-10 17:52:46.638===
股票：002326板块涨跌幅判断-额外参数：
	分组名称：1
	走势名称：发
		条件不成立(不符合板块涨跌幅条件)
	结果：未满足，返回code：-1
===2021-08-10 17:52:48.197===
额外条件未满足


===============================================

==============2021-08-10 17:53:03==============
===6开始执行条件2021-08-10 17:52:59.823===
===开始判断价格条件2021-08-10 17:52:59.823===
===开始判断额外/转自动条件2021-08-10 17:53:00.510===
===2021-08-10 17:53:00.675===
股票：002326指定时间段判断-额外参数：
	分组名称：1
	走势名称：时间段
		条件不成立(当前时间：2021-08-10 17:52:59.823,条件时段：09:30:00-13:00:00)
	结果：未满足
===2021-08-10 17:53:00.675===
===2021-08-10 17:53:00.807===
股票：002326板块涨跌幅判断-额外参数：
	分组名称：1
	走势名称：发
		条件不成立(不符合板块涨跌幅条件)
	结果：未满足，返回code：-1
===2021-08-10 17:53:03.142===
额外条件未满足


===============================================

==============2021-08-10 17:53:15==============
===6开始执行条件2021-08-10 17:53:14.155===
===开始判断价格条件2021-08-10 17:53:14.155===
===开始判断额外/转自动条件2021-08-10 17:53:14.250===
===2021-08-10 17:53:14.500===
股票：002326指定时间段判断-额外参数：
	分组名称：1
	走势名称：时间段
		条件不成立(当前时间：2021-08-10 17:53:14.155,条件时段：09:30:00-13:00:00)
	结果：未满足
===2021-08-10 17:53:14.500===
===2021-08-10 17:53:14.665===
股票：002326板块涨跌幅判断-额外参数：
	分组名称：1
	走势名称：发
		条件不成立(不符合板块涨跌幅条件)
	结果：未满足，返回code：-1
===2021-08-10 17:53:15.678===
额外条件未满足


===============================================

==============2021-08-10 17:53:34==============
===6开始执行条件2021-08-10 17:53:31.794===
===开始判断价格条件2021-08-10 17:53:31.794===
===开始判断额外/转自动条件2021-08-10 17:53:32.090===
===2021-08-10 17:53:32.757===
股票：002326指定时间段判断-额外参数：
	分组名称：1
	走势名称：时间段
		条件不成立(当前时间：2021-08-10 17:53:31.794,条件时段：09:30:00-13:00:00)
	结果：未满足
===2021-08-10 17:53:32.758===
===2021-08-10 17:53:32.896===
股票：002326板块涨跌幅判断-额外参数：
	分组名称：1
	走势名称：发
		条件不成立(不符合板块涨跌幅条件)
	结果：未满足，返回code：-1
===2021-08-10 17:53:34.243===
额外条件未满足


===============================================

==============2021-08-10 17:53:48==============
===6开始执行条件2021-08-10 17:53:44.470===
===开始判断价格条件2021-08-10 17:53:44.470===
===开始判断额外/转自动条件2021-08-10 17:53:45.172===
===2021-08-10 17:53:45.606===
股票：002326指定时间段判断-额外参数：
	分组名称：1
	走势名称：时间段
		条件不成立(当前时间：2021-08-10 17:53:44.470,条件时段：09:30:00-13:00:00)
	结果：未满足
===2021-08-10 17:53:45.606===
===2021-08-10 17:53:45.665===
股票：002326板块涨跌幅判断-额外参数：
	分组名称：1
	走势名称：发
		条件不成立(不符合板块涨跌幅条件)
	结果：未满足，返回code：-1
===2021-08-10 17:53:48.190===
额外条件未满足


===============================================

==============2021-08-10 17:54:02==============
===6开始执行条件2021-08-10 17:54:01.914===
===开始判断价格条件2021-08-10 17:54:01.914===
===开始判断额外/转自动条件2021-08-10 17:54:02.209===
===2021-08-10 17:54:02.338===
股票：002326指定时间段判断-额外参数：
	分组名称：1
	走势名称：时间段
		条件不成立(当前时间：2021-08-10 17:54:01.914,条件时段：09:30:00-13:00:00)
	结果：未满足
===2021-08-10 17:54:02.338===
===2021-08-10 17:54:02.377===
股票：002326板块涨跌幅判断-额外参数：
	分组名称：1
	走势名称：发
		条件不成立(不符合板块涨跌幅条件)
	结果：未满足，返回code：-1
===2021-08-10 17:54:02.636===
额外条件未满足


===============================================

==============2021-08-10 17:54:18==============
===6开始执行条件2021-08-10 17:54:17.667===
===开始判断价格条件2021-08-10 17:54:17.667===
===开始判断额外/转自动条件2021-08-10 17:54:17.982===
===2021-08-10 17:54:18.114===
股票：002326指定时间段判断-额外参数：
	分组名称：1
	走势名称：时间段
		条件不成立(当前时间：2021-08-10 17:54:17.666,条件时段：09:30:00-13:00:00)
	结果：未满足
===2021-08-10 17:54:18.114===
===2021-08-10 17:54:18.206===
股票：002326板块涨跌幅判断-额外参数：
	分组名称：1
	走势名称：发
		条件不成立(不符合板块涨跌幅条件)
	结果：未满足，返回code：-1
===2021-08-10 17:54:18.821===
额外条件未满足


===============================================

