==============2021-08-06 14:26:00==============
===6开始执行条件2021-08-06 14:25:59.648===
===开始判断价格条件2021-08-06 14:25:59.648===
===开始判断额外/转自动条件2021-08-06 14:25:59.713===
===2021-08-06 14:25:59.753===
股票：002326指定时间段判断-额外参数：
	分组名称：1
	走势名称：时间段
		条件不成立(当前时间：2021-08-06 14:25:59.642,条件时段：09:30:00-13:00:00)
	结果：未满足
===2021-08-06 14:25:59.753===
===2021-08-06 14:25:59.770===
股票：002326板块涨跌幅判断-额外参数：
	分组名称：1
	走势名称：发
		条件不成立(不符合板块涨跌幅条件)
	结果：未满足，返回code：-1
===2021-08-06 14:26:00.156===
额外条件未满足


===============================================

==============2021-08-06 14:26:43==============
===6开始执行条件2021-08-06 14:26:41.576===
===开始判断价格条件2021-08-06 14:26:41.576===
===开始判断额外/转自动条件2021-08-06 14:26:42.381===
===2021-08-06 14:26:42.489===
股票：002326指定时间段判断-额外参数：
	分组名称：1
	走势名称：时间段
		条件不成立(当前时间：2021-08-06 14:26:41.576,条件时段：09:30:00-13:00:00)
	结果：未满足
===2021-08-06 14:26:42.489===
===2021-08-06 14:26:42.563===
股票：002326板块涨跌幅判断-额外参数：
	分组名称：1
	走势名称：发
		条件不成立(不符合板块涨跌幅条件)
	结果：未满足，返回code：-1
===2021-08-06 14:26:43.761===
额外条件未满足


===============================================

==============2021-08-06 14:26:57==============
===6开始执行条件2021-08-06 14:26:55.034===
===开始判断价格条件2021-08-06 14:26:55.034===
===开始判断额外/转自动条件2021-08-06 14:26:55.523===
===2021-08-06 14:26:55.910===
股票：002326指定时间段判断-额外参数：
	分组名称：1
	走势名称：时间段
		条件不成立(当前时间：2021-08-06 14:26:55.034,条件时段：09:30:00-13:00:00)
	结果：未满足
===2021-08-06 14:26:55.910===
===2021-08-06 14:26:56.150===
股票：002326板块涨跌幅判断-额外参数：
	分组名称：1
	走势名称：发
		条件不成立(不符合板块涨跌幅条件)
	结果：未满足，返回code：-1
===2021-08-06 14:26:57.721===
额外条件未满足


===============================================

==============2021-08-06 14:29:21==============
===6开始执行条件2021-08-06 14:29:19.250===
===开始判断价格条件2021-08-06 14:29:19.250===
===开始判断额外/转自动条件2021-08-06 14:29:19.672===
===2021-08-06 14:29:20.079===
股票：002326指定时间段判断-额外参数：
	分组名称：1
	走势名称：时间段
		条件不成立(当前时间：2021-08-06 14:29:19.249,条件时段：09:30:00-13:00:00)
	结果：未满足
===2021-08-06 14:29:20.080===
===2021-08-06 14:29:20.185===
股票：002326板块涨跌幅判断-额外参数：
	分组名称：1
	走势名称：发
		条件不成立(不符合板块涨跌幅条件)
	结果：未满足，返回code：-1
===2021-08-06 14:29:21.249===
额外条件未满足


===============================================

==============2021-08-06 14:41:22==============
===6开始执行条件2021-08-06 14:41:19.992===
===开始判断价格条件2021-08-06 14:41:19.992===
===开始判断额外/转自动条件2021-08-06 14:41:20.472===
===2021-08-06 14:41:20.529===
股票：002326指定时间段判断-额外参数：
	分组名称：1
	走势名称：时间段
		条件不成立(当前时间：2021-08-06 14:41:19.991,条件时段：09:30:00-13:00:00)
	结果：未满足
===2021-08-06 14:41:20.529===
===2021-08-06 14:41:20.856===
股票：002326板块涨跌幅判断-额外参数：
	分组名称：1
	走势名称：发
		条件不成立(不符合板块涨跌幅条件)
	结果：未满足，返回code：-1
===2021-08-06 14:41:22.036===
额外条件未满足


===============================================

==============2021-08-06 14:42:50==============
===6开始执行条件2021-08-06 14:42:38.834===
===开始判断价格条件2021-08-06 14:42:38.834===
===开始判断额外/转自动条件2021-08-06 14:42:39.518===
===2021-08-06 14:42:40.072===
股票：002326指定时间段判断-额外参数：
	分组名称：1
	走势名称：时间段
		条件不成立(当前时间：2021-08-06 14:42:38.832,条件时段：09:30:00-13:00:00)
	结果：未满足
===2021-08-06 14:42:40.072===
===2021-08-06 14:42:40.332===
股票：002326板块涨跌幅判断-额外参数：
	分组名称：1
	走势名称：发
		条件不成立(不符合板块涨跌幅条件)
	结果：未满足，返回code：-1
===2021-08-06 14:42:50.321===
额外条件未满足


===============================================

==============2021-08-06 14:43:14==============
===6开始执行条件2021-08-06 14:43:14.301===
===开始判断价格条件2021-08-06 14:43:14.301===
===开始判断额外/转自动条件2021-08-06 14:43:14.371===
===2021-08-06 14:43:14.416===
股票：002326指定时间段判断-额外参数：
	分组名称：1
	走势名称：时间段
		条件不成立(当前时间：2021-08-06 14:43:14.292,条件时段：09:30:00-13:00:00)
	结果：未满足
===2021-08-06 14:43:14.416===
===2021-08-06 14:43:14.431===
股票：002326板块涨跌幅判断-额外参数：
	分组名称：1
	走势名称：发
		条件不成立(不符合板块涨跌幅条件)
	结果：未满足，返回code：-1
===2021-08-06 14:43:14.743===
额外条件未满足


===============================================

==============2021-08-06 15:12:17==============
===6开始执行条件2021-08-06 15:12:15.951===
===开始判断价格条件2021-08-06 15:12:15.951===
===开始判断额外/转自动条件2021-08-06 15:12:16.431===
===2021-08-06 15:12:16.760===
股票：002326指定时间段判断-额外参数：
	分组名称：1
	走势名称：时间段
		条件不成立(当前时间：2021-08-06 15:12:15.951,条件时段：09:30:00-13:00:00)
	结果：未满足
===2021-08-06 15:12:16.760===
===2021-08-06 15:12:16.953===
股票：002326板块涨跌幅判断-额外参数：
	分组名称：1
	走势名称：发
		条件不成立(不符合板块涨跌幅条件)
	结果：未满足，返回code：-1
===2021-08-06 15:12:17.973===
额外条件未满足


===============================================

==============2021-08-06 15:12:51==============
===6开始执行条件2021-08-06 15:12:49.395===
===开始判断价格条件2021-08-06 15:12:49.395===
===开始判断额外/转自动条件2021-08-06 15:12:49.823===
===2021-08-06 15:12:50.016===
股票：002326指定时间段判断-额外参数：
	分组名称：1
	走势名称：时间段
		条件不成立(当前时间：2021-08-06 15:12:49.394,条件时段：09:30:00-13:00:00)
	结果：未满足
===2021-08-06 15:12:50.016===
===2021-08-06 15:12:50.062===
股票：002326板块涨跌幅判断-额外参数：
	分组名称：1
	走势名称：发
		条件不成立(不符合板块涨跌幅条件)
	结果：未满足，返回code：-1
===2021-08-06 15:12:51.738===
额外条件未满足


===============================================

==============2021-08-06 15:14:09==============
===6开始执行条件2021-08-06 15:14:08.128===
===开始判断价格条件2021-08-06 15:14:08.128===
===开始判断额外/转自动条件2021-08-06 15:14:08.580===
===2021-08-06 15:14:08.638===
股票：002326指定时间段判断-额外参数：
	分组名称：1
	走势名称：时间段
		条件不成立(当前时间：2021-08-06 15:14:08.128,条件时段：09:30:00-13:00:00)
	结果：未满足
===2021-08-06 15:14:08.638===
===2021-08-06 15:14:08.978===
股票：002326板块涨跌幅判断-额外参数：
	分组名称：1
	走势名称：发
		条件不成立(不符合板块涨跌幅条件)
	结果：未满足，返回code：-1
===2021-08-06 15:14:09.511===
额外条件未满足


===============================================

==============2021-08-06 15:28:38==============
===6开始执行条件2021-08-06 15:28:34.269===
===开始判断价格条件2021-08-06 15:28:34.269===
===开始判断额外/转自动条件2021-08-06 15:28:35.456===
===2021-08-06 15:28:36.180===
股票：002326指定时间段判断-额外参数：
	分组名称：1
	走势名称：时间段
		条件不成立(当前时间：2021-08-06 15:28:34.269,条件时段：09:30:00-13:00:00)
	结果：未满足
===2021-08-06 15:28:36.180===
===2021-08-06 15:28:36.380===
股票：002326板块涨跌幅判断-额外参数：
	分组名称：1
	走势名称：发
		条件不成立(不符合板块涨跌幅条件)
	结果：未满足，返回code：-1
===2021-08-06 15:28:38.320===
额外条件未满足


===============================================

==============2021-08-06 15:28:55==============
===6开始执行条件2021-08-06 15:28:53.148===
===开始判断价格条件2021-08-06 15:28:53.148===
===开始判断额外/转自动条件2021-08-06 15:28:53.916===
===2021-08-06 15:28:54.329===
股票：002326指定时间段判断-额外参数：
	分组名称：1
	走势名称：时间段
		条件不成立(当前时间：2021-08-06 15:28:53.148,条件时段：09:30:00-13:00:00)
	结果：未满足
===2021-08-06 15:28:54.329===
===2021-08-06 15:28:54.427===
股票：002326板块涨跌幅判断-额外参数：
	分组名称：1
	走势名称：发
		条件不成立(不符合板块涨跌幅条件)
	结果：未满足，返回code：-1
===2021-08-06 15:28:55.885===
额外条件未满足


===============================================

==============2021-08-06 15:30:03==============
===6开始执行条件2021-08-06 15:30:03.073===
===开始判断价格条件2021-08-06 15:30:03.073===
===开始判断额外/转自动条件2021-08-06 15:30:03.147===
===2021-08-06 15:30:03.260===
股票：002326指定时间段判断-额外参数：
	分组名称：1
	走势名称：时间段
		条件不成立(当前时间：2021-08-06 15:30:03.073,条件时段：09:30:00-13:00:00)
	结果：未满足
===2021-08-06 15:30:03.260===
===2021-08-06 15:30:03.296===
股票：002326板块涨跌幅判断-额外参数：
	分组名称：1
	走势名称：发
		条件不成立(不符合板块涨跌幅条件)
	结果：未满足，返回code：-1
===2021-08-06 15:30:03.766===
额外条件未满足


===============================================

==============2021-08-06 15:30:25==============
===6开始执行条件2021-08-06 15:30:21.488===
===开始判断价格条件2021-08-06 15:30:21.488===
===开始判断额外/转自动条件2021-08-06 15:30:22.425===
===2021-08-06 15:30:23.586===
股票：002326指定时间段判断-额外参数：
	分组名称：1
	走势名称：时间段
		条件不成立(当前时间：2021-08-06 15:30:21.488,条件时段：09:30:00-13:00:00)
	结果：未满足
===2021-08-06 15:30:23.587===
===2021-08-06 15:30:23.636===
股票：002326板块涨跌幅判断-额外参数：
	分组名称：1
	走势名称：发
		条件不成立(不符合板块涨跌幅条件)
	结果：未满足，返回code：-1
===2021-08-06 15:30:25.964===
额外条件未满足


===============================================

==============2021-08-06 15:30:42==============
===6开始执行条件2021-08-06 15:30:41.326===
===开始判断价格条件2021-08-06 15:30:41.326===
===开始判断额外/转自动条件2021-08-06 15:30:41.379===
===2021-08-06 15:30:41.418===
股票：002326指定时间段判断-额外参数：
	分组名称：1
	走势名称：时间段
		条件不成立(当前时间：2021-08-06 15:30:41.326,条件时段：09:30:00-13:00:00)
	结果：未满足
===2021-08-06 15:30:41.418===
===2021-08-06 15:30:42.345===
股票：002326板块涨跌幅判断-额外参数：
	分组名称：1
	走势名称：发
		条件不成立(不符合板块涨跌幅条件)
	结果：未满足，返回code：-1
===2021-08-06 15:30:42.827===
额外条件未满足


===============================================

==============2021-08-06 15:31:04==============
===6开始执行条件2021-08-06 15:31:00.265===
===开始判断价格条件2021-08-06 15:31:00.265===
===开始判断额外/转自动条件2021-08-06 15:31:01.772===
===2021-08-06 15:31:02.132===
股票：002326指定时间段判断-额外参数：
	分组名称：1
	走势名称：时间段
		条件不成立(当前时间：2021-08-06 15:31:00.265,条件时段：09:30:00-13:00:00)
	结果：未满足
===2021-08-06 15:31:02.132===
===2021-08-06 15:31:02.198===
股票：002326板块涨跌幅判断-额外参数：
	分组名称：1
	走势名称：发
		条件不成立(不符合板块涨跌幅条件)
	结果：未满足，返回code：-1
===2021-08-06 15:31:04.373===
额外条件未满足


===============================================

==============2021-08-06 15:31:18==============
===6开始执行条件2021-08-06 15:31:17.444===
===开始判断价格条件2021-08-06 15:31:17.444===
===开始判断额外/转自动条件2021-08-06 15:31:17.625===
===2021-08-06 15:31:17.709===
股票：002326指定时间段判断-额外参数：
	分组名称：1
	走势名称：时间段
		条件不成立(当前时间：2021-08-06 15:31:17.437,条件时段：09:30:00-13:00:00)
	结果：未满足
===2021-08-06 15:31:17.709===
===2021-08-06 15:31:17.752===
股票：002326板块涨跌幅判断-额外参数：
	分组名称：1
	走势名称：发
		条件不成立(不符合板块涨跌幅条件)
	结果：未满足，返回code：-1
===2021-08-06 15:31:18.384===
额外条件未满足


===============================================

==============2021-08-06 15:31:40==============
===6开始执行条件2021-08-06 15:31:37.131===
===开始判断价格条件2021-08-06 15:31:37.131===
===开始判断额外/转自动条件2021-08-06 15:31:38.017===
===2021-08-06 15:31:38.209===
股票：002326指定时间段判断-额外参数：
	分组名称：1
	走势名称：时间段
		条件不成立(当前时间：2021-08-06 15:31:37.130,条件时段：09:30:00-13:00:00)
	结果：未满足
===2021-08-06 15:31:38.209===
===2021-08-06 15:31:38.259===
股票：002326板块涨跌幅判断-额外参数：
	分组名称：1
	走势名称：发
		条件不成立(不符合板块涨跌幅条件)
	结果：未满足，返回code：-1
===2021-08-06 15:31:40.377===
额外条件未满足


===============================================

==============2021-08-06 15:31:58==============
===6开始执行条件2021-08-06 15:31:55.768===
===开始判断价格条件2021-08-06 15:31:55.768===
===开始判断额外/转自动条件2021-08-06 15:31:56.485===
===2021-08-06 15:31:56.782===
股票：002326指定时间段判断-额外参数：
	分组名称：1
	走势名称：时间段
		条件不成立(当前时间：2021-08-06 15:31:55.768,条件时段：09:30:00-13:00:00)
	结果：未满足
===2021-08-06 15:31:56.782===
===2021-08-06 15:31:56.973===
股票：002326板块涨跌幅判断-额外参数：
	分组名称：1
	走势名称：发
		条件不成立(不符合板块涨跌幅条件)
	结果：未满足，返回code：-1
===2021-08-06 15:31:58.760===
额外条件未满足


===============================================

==============2021-08-06 15:32:43==============
===6开始执行条件2021-08-06 15:32:42.363===
===开始判断价格条件2021-08-06 15:32:42.363===
===开始判断额外/转自动条件2021-08-06 15:32:42.483===
===2021-08-06 15:32:42.859===
股票：002326指定时间段判断-额外参数：
	分组名称：1
	走势名称：时间段
		条件不成立(当前时间：2021-08-06 15:32:42.363,条件时段：09:30:00-13:00:00)
	结果：未满足
===2021-08-06 15:32:42.859===
===2021-08-06 15:32:42.890===
股票：002326板块涨跌幅判断-额外参数：
	分组名称：1
	走势名称：发
		条件不成立(不符合板块涨跌幅条件)
	结果：未满足，返回code：-1
===2021-08-06 15:32:43.282===
额外条件未满足


===============================================

==============2021-08-06 15:38:17==============
===6开始执行条件2021-08-06 15:38:14.465===
===开始判断价格条件2021-08-06 15:38:14.465===
===开始判断额外/转自动条件2021-08-06 15:38:15.170===
===2021-08-06 15:38:16.046===
股票：002326指定时间段判断-额外参数：
	分组名称：1
	走势名称：时间段
		条件不成立(当前时间：2021-08-06 15:38:14.462,条件时段：09:30:00-13:00:00)
	结果：未满足
===2021-08-06 15:38:16.046===
===2021-08-06 15:38:16.276===
股票：002326板块涨跌幅判断-额外参数：
	分组名称：1
	走势名称：发
		条件不成立(不符合板块涨跌幅条件)
	结果：未满足，返回code：-1
===2021-08-06 15:38:17.729===
额外条件未满足


===============================================

==============2021-08-06 15:38:35==============
===6开始执行条件2021-08-06 15:38:34.446===
===开始判断价格条件2021-08-06 15:38:34.446===
===开始判断额外/转自动条件2021-08-06 15:38:34.748===
===2021-08-06 15:38:34.909===
股票：002326指定时间段判断-额外参数：
	分组名称：1
	走势名称：时间段
		条件不成立(当前时间：2021-08-06 15:38:34.445,条件时段：09:30:00-13:00:00)
	结果：未满足
===2021-08-06 15:38:34.909===
===2021-08-06 15:38:34.957===
股票：002326板块涨跌幅判断-额外参数：
	分组名称：1
	走势名称：发
		条件不成立(不符合板块涨跌幅条件)
	结果：未满足，返回code：-1
===2021-08-06 15:38:35.557===
额外条件未满足


===============================================

