==============2021-08-11 10:28:36==============
===6开始执行条件2021-08-11 10:28:34.639===
===开始判断价格条件2021-08-11 10:28:34.639===
===开始判断额外/转自动条件2021-08-11 10:28:34.849===
===2021-08-11 10:28:35.397===
股票：601011指定时间段判断-额外参数：
	分组名称：1
	走势名称：时间段
		条件成立(当前时间：2021-08-11 10:28:34.638,条件时段：09:30:00-13:00:00)
	结果：达到要求
===2021-08-11 10:28:35.586===
===2021-08-11 10:28:36.042===
股票：601011多头向上判断-转自动参数：
	分组名称：2
	走势名称：多头向上
	结果：未满足，返回code：0
===2021-08-11 10:28:36.042===
满足所有条件，可以触发


===============================================

==============2021-08-11 10:28:52==============
===6开始执行条件2021-08-11 10:28:51.864===
===开始判断价格条件2021-08-11 10:28:51.864===
===开始判断额外/转自动条件2021-08-11 10:28:51.930===
===2021-08-11 10:28:52.293===
股票：601011指定时间段判断-额外参数：
	分组名称：1
	走势名称：时间段
		条件成立(当前时间：2021-08-11 10:28:51.863,条件时段：09:30:00-13:00:00)
	结果：达到要求
===2021-08-11 10:28:52.710===
===2021-08-11 10:28:52.789===
股票：601011多头向上判断-转自动参数：
	分组名称：2
	走势名称：多头向上
	结果：未满足，返回code：0
===2021-08-11 10:28:52.789===
满足所有条件，可以触发


===============================================

==============2021-08-11 10:29:01==============
===6开始执行条件2021-08-11 10:29:01.180===
===开始判断价格条件2021-08-11 10:29:01.180===
===开始判断额外/转自动条件2021-08-11 10:29:01.315===
===2021-08-11 10:29:01.536===
股票：601011指定时间段判断-额外参数：
	分组名称：1
	走势名称：时间段
		条件成立(当前时间：2021-08-11 10:29:01.180,条件时段：09:30:00-13:00:00)
	结果：达到要求
===2021-08-11 10:29:01.676===
===2021-08-11 10:29:01.828===
股票：601011多头向上判断-转自动参数：
	分组名称：2
	走势名称：多头向上
	结果：未满足，返回code：0
===2021-08-11 10:29:01.828===
满足所有条件，可以触发


===============================================

==============2021-08-11 10:29:45==============
===6开始执行条件2021-08-11 10:29:44.652===
===开始判断价格条件2021-08-11 10:29:44.652===
===开始判断额外/转自动条件2021-08-11 10:29:44.778===
===2021-08-11 10:29:44.949===
股票：601011指定时间段判断-额外参数：
	分组名称：1
	走势名称：时间段
		条件成立(当前时间：2021-08-11 10:29:44.651,条件时段：09:30:00-13:00:00)
	结果：达到要求
===2021-08-11 10:29:45.103===
===2021-08-11 10:29:45.372===
股票：601011多头向上判断-转自动参数：
	分组名称：2
	走势名称：多头向上
	结果：未满足，返回code：0
===2021-08-11 10:29:45.372===
满足所有条件，可以触发


===============================================

==============2021-08-11 10:29:57==============
===6开始执行条件2021-08-11 10:29:55.666===
===开始判断价格条件2021-08-11 10:29:55.666===
===开始判断额外/转自动条件2021-08-11 10:29:56.101===
===2021-08-11 10:29:56.531===
股票：601011指定时间段判断-额外参数：
	分组名称：1
	走势名称：时间段
		条件成立(当前时间：2021-08-11 10:29:55.666,条件时段：09:30:00-13:00:00)
	结果：达到要求
===2021-08-11 10:29:56.762===
===2021-08-11 10:29:57.108===
股票：601011多头向上判断-转自动参数：
	分组名称：2
	走势名称：多头向上
	结果：未满足，返回code：0
===2021-08-11 10:29:57.108===
满足所有条件，可以触发


===============================================

==============2021-08-11 10:30:16==============
===6开始执行条件2021-08-11 10:30:15.190===
===开始判断价格条件2021-08-11 10:30:15.191===
===开始判断额外/转自动条件2021-08-11 10:30:15.430===
===2021-08-11 10:30:15.709===
股票：601011指定时间段判断-额外参数：
	分组名称：1
	走势名称：时间段
		条件成立(当前时间：2021-08-11 10:30:15.190,条件时段：09:30:00-13:00:00)
	结果：达到要求
===2021-08-11 10:30:16.017===
===2021-08-11 10:30:16.240===
股票：601011多头向上判断-转自动参数：
	分组名称：2
	走势名称：多头向上
	结果：未满足，返回code：0
===2021-08-11 10:30:16.240===
满足所有条件，可以触发


===============================================

==============2021-08-11 10:30:31==============
===6开始执行条件2021-08-11 10:30:30.921===
===开始判断价格条件2021-08-11 10:30:30.921===
===开始判断额外/转自动条件2021-08-11 10:30:31.057===
===2021-08-11 10:30:31.261===
股票：601011指定时间段判断-额外参数：
	分组名称：1
	走势名称：时间段
		条件成立(当前时间：2021-08-11 10:30:30.920,条件时段：09:30:00-13:00:00)
	结果：达到要求
===2021-08-11 10:30:31.389===
===2021-08-11 10:30:31.529===
股票：601011多头向上判断-转自动参数：
	分组名称：2
	走势名称：多头向上
	结果：未满足，返回code：0
===2021-08-11 10:30:31.529===
满足所有条件，可以触发


===============================================

==============2021-08-11 10:30:43==============
===6开始执行条件2021-08-11 10:30:42.406===
===开始判断价格条件2021-08-11 10:30:42.406===
===开始判断额外/转自动条件2021-08-11 10:30:42.567===
===2021-08-11 10:30:42.625===
股票：601011指定时间段判断-额外参数：
	分组名称：1
	走势名称：时间段
		条件成立(当前时间：2021-08-11 10:30:42.406,条件时段：09:30:00-13:00:00)
	结果：达到要求
===2021-08-11 10:30:42.749===
===2021-08-11 10:30:43.155===
股票：601011多头向上判断-转自动参数：
	分组名称：2
	走势名称：多头向上
	结果：未满足，返回code：0
===2021-08-11 10:30:43.160===
满足所有条件，可以触发


===============================================

==============2021-08-11 10:30:59==============
===6开始执行条件2021-08-11 10:30:59.151===
===开始判断价格条件2021-08-11 10:30:59.151===
===开始判断额外/转自动条件2021-08-11 10:30:59.246===
===2021-08-11 10:30:59.369===
股票：601011指定时间段判断-额外参数：
	分组名称：1
	走势名称：时间段
		条件成立(当前时间：2021-08-11 10:30:59.151,条件时段：09:30:00-13:00:00)
	结果：达到要求
===2021-08-11 10:30:59.444===
===2021-08-11 10:30:59.503===
股票：601011多头向上判断-转自动参数：
	分组名称：2
	走势名称：多头向上
	结果：未满足，返回code：0
===2021-08-11 10:30:59.504===
满足所有条件，可以触发


===============================================

==============2021-08-11 10:31:18==============
===6开始执行条件2021-08-11 10:31:17.692===
===开始判断价格条件2021-08-11 10:31:17.692===
===开始判断额外/转自动条件2021-08-11 10:31:17.827===
===2021-08-11 10:31:17.947===
股票：601011指定时间段判断-额外参数：
	分组名称：1
	走势名称：时间段
		条件成立(当前时间：2021-08-11 10:31:17.691,条件时段：09:30:00-13:00:00)
	结果：达到要求
===2021-08-11 10:31:18.093===
===2021-08-11 10:31:18.179===
股票：601011多头向上判断-转自动参数：
	分组名称：2
	走势名称：多头向上
	结果：未满足，返回code：0
===2021-08-11 10:31:18.179===
满足所有条件，可以触发


===============================================

==============2021-08-11 10:31:24==============
===6开始执行条件2021-08-11 10:31:23.880===
===开始判断价格条件2021-08-11 10:31:23.880===
===开始判断额外/转自动条件2021-08-11 10:31:23.993===
===2021-08-11 10:31:24.049===
股票：601011指定时间段判断-额外参数：
	分组名称：1
	走势名称：时间段
		条件成立(当前时间：2021-08-11 10:31:23.879,条件时段：09:30:00-13:00:00)
	结果：达到要求
===2021-08-11 10:31:24.113===
===2021-08-11 10:31:24.186===
股票：601011多头向上判断-转自动参数：
	分组名称：2
	走势名称：多头向上
	结果：未满足，返回code：0
===2021-08-11 10:31:24.186===
满足所有条件，可以触发


===============================================

==============2021-08-11 10:31:31==============
===6开始执行条件2021-08-11 10:31:31.541===
===开始判断价格条件2021-08-11 10:31:31.541===
===开始判断额外/转自动条件2021-08-11 10:31:31.622===
===2021-08-11 10:31:31.681===
股票：601011指定时间段判断-额外参数：
	分组名称：1
	走势名称：时间段
		条件成立(当前时间：2021-08-11 10:31:31.541,条件时段：09:30:00-13:00:00)
	结果：达到要求
===2021-08-11 10:31:31.750===
===2021-08-11 10:31:31.846===
股票：601011多头向上判断-转自动参数：
	分组名称：2
	走势名称：多头向上
	结果：未满足，返回code：0
===2021-08-11 10:31:31.846===
满足所有条件，可以触发


===============================================

==============2021-08-11 10:31:45==============
===6开始执行条件2021-08-11 10:31:41.468===
===开始判断价格条件2021-08-11 10:31:41.468===
===开始判断额外/转自动条件2021-08-11 10:31:42.717===
===2021-08-11 10:31:43.666===
股票：601011指定时间段判断-额外参数：
	分组名称：1
	走势名称：时间段
		条件成立(当前时间：2021-08-11 10:31:41.467,条件时段：09:30:00-13:00:00)
	结果：达到要求
===2021-08-11 10:31:44.428===
===2021-08-11 10:31:45.144===
股票：601011多头向上判断-转自动参数：
	分组名称：2
	走势名称：多头向上
	结果：未满足，返回code：0
===2021-08-11 10:31:45.144===
满足所有条件，可以触发


===============================================

==============2021-08-11 10:31:59==============
===6开始执行条件2021-08-11 10:31:58.356===
===开始判断价格条件2021-08-11 10:31:58.356===
===开始判断额外/转自动条件2021-08-11 10:31:58.698===
===2021-08-11 10:31:59.149===
股票：601011指定时间段判断-额外参数：
	分组名称：1
	走势名称：时间段
		条件成立(当前时间：2021-08-11 10:31:58.355,条件时段：09:30:00-13:00:00)
	结果：达到要求
===2021-08-11 10:31:59.333===
===2021-08-11 10:31:59.978===
股票：601011多头向上判断-转自动参数：
	分组名称：2
	走势名称：多头向上
	结果：未满足，返回code：0
===2021-08-11 10:31:59.978===
满足所有条件，可以触发


===============================================

==============2021-08-11 10:32:19==============
===6开始执行条件2021-08-11 10:32:17.666===
===开始判断价格条件2021-08-11 10:32:17.666===
===开始判断额外/转自动条件2021-08-11 10:32:18.037===
===2021-08-11 10:32:18.565===
股票：601011指定时间段判断-额外参数：
	分组名称：1
	走势名称：时间段
		条件成立(当前时间：2021-08-11 10:32:17.665,条件时段：09:30:00-13:00:00)
	结果：达到要求
===2021-08-11 10:32:18.930===
===2021-08-11 10:32:19.633===
股票：601011多头向上判断-转自动参数：
	分组名称：2
	走势名称：多头向上
	结果：未满足，返回code：0
===2021-08-11 10:32:19.633===
满足所有条件，可以触发


===============================================

==============2021-08-11 10:32:45==============
===6开始执行条件2021-08-11 10:32:44.401===
===开始判断价格条件2021-08-11 10:32:44.401===
===开始判断额外/转自动条件2021-08-11 10:32:44.593===
===2021-08-11 10:32:44.705===
股票：601011指定时间段判断-额外参数：
	分组名称：1
	走势名称：时间段
		条件成立(当前时间：2021-08-11 10:32:44.400,条件时段：09:30:00-13:00:00)
	结果：达到要求
===2021-08-11 10:32:44.821===
===2021-08-11 10:32:45.022===
股票：601011多头向上判断-转自动参数：
	分组名称：2
	走势名称：多头向上
	结果：未满足，返回code：0
===2021-08-11 10:32:45.022===
满足所有条件，可以触发


===============================================

==============2021-08-11 10:32:57==============
===6开始执行条件2021-08-11 10:32:57.450===
===开始判断价格条件2021-08-11 10:32:57.450===
===开始判断额外/转自动条件2021-08-11 10:32:57.530===
===2021-08-11 10:32:57.580===
股票：601011指定时间段判断-额外参数：
	分组名称：1
	走势名称：时间段
		条件成立(当前时间：2021-08-11 10:32:57.449,条件时段：09:30:00-13:00:00)
	结果：达到要求
===2021-08-11 10:32:57.675===
===2021-08-11 10:32:57.767===
股票：601011多头向上判断-转自动参数：
	分组名称：2
	走势名称：多头向上
	结果：未满足，返回code：0
===2021-08-11 10:32:57.767===
满足所有条件，可以触发


===============================================

==============2021-08-11 10:33:06==============
===6开始执行条件2021-08-11 10:33:06.325===
===开始判断价格条件2021-08-11 10:33:06.325===
===开始判断额外/转自动条件2021-08-11 10:33:06.561===
===2021-08-11 10:33:06.651===
股票：601011指定时间段判断-额外参数：
	分组名称：1
	走势名称：时间段
		条件成立(当前时间：2021-08-11 10:33:06.323,条件时段：09:30:00-13:00:00)
	结果：达到要求
===2021-08-11 10:33:06.723===
===2021-08-11 10:33:06.801===
股票：601011多头向上判断-转自动参数：
	分组名称：2
	走势名称：多头向上
	结果：未满足，返回code：0
===2021-08-11 10:33:06.801===
满足所有条件，可以触发


===============================================

==============2021-08-11 10:33:26==============
===6开始执行条件2021-08-11 10:33:25.494===
===开始判断价格条件2021-08-11 10:33:25.494===
===开始判断额外/转自动条件2021-08-11 10:33:25.702===
===2021-08-11 10:33:25.826===
股票：601011指定时间段判断-额外参数：
	分组名称：1
	走势名称：时间段
		条件成立(当前时间：2021-08-11 10:33:25.493,条件时段：09:30:00-13:00:00)
	结果：达到要求
===2021-08-11 10:33:25.946===
===2021-08-11 10:33:26.160===
股票：601011多头向上判断-转自动参数：
	分组名称：2
	走势名称：多头向上
	结果：未满足，返回code：0
===2021-08-11 10:33:26.160===
满足所有条件，可以触发


===============================================

==============2021-08-11 10:34:59==============
===6开始执行条件2021-08-11 10:34:58.337===
===开始判断价格条件2021-08-11 10:34:58.337===
===开始判断额外/转自动条件2021-08-11 10:34:58.468===
===2021-08-11 10:34:58.659===
股票：601011指定时间段判断-额外参数：
	分组名称：1
	走势名称：时间段
		条件成立(当前时间：2021-08-11 10:34:58.336,条件时段：09:30:00-13:00:00)
	结果：达到要求
===2021-08-11 10:34:58.765===
===2021-08-11 10:34:59.010===
股票：601011多头向上判断-转自动参数：
	分组名称：2
	走势名称：多头向上
	结果：未满足，返回code：0
===2021-08-11 10:34:59.010===
满足所有条件，可以触发


===============================================

==============2021-08-11 10:35:07==============
===6开始执行条件2021-08-11 10:35:07.009===
===开始判断价格条件2021-08-11 10:35:07.009===
===开始判断额外/转自动条件2021-08-11 10:35:07.164===
===2021-08-11 10:35:07.424===
股票：601011指定时间段判断-额外参数：
	分组名称：1
	走势名称：时间段
		条件成立(当前时间：2021-08-11 10:35:07.009,条件时段：09:30:00-13:00:00)
	结果：达到要求
===2021-08-11 10:35:07.602===
===2021-08-11 10:35:07.737===
股票：601011多头向上判断-转自动参数：
	分组名称：2
	走势名称：多头向上
	结果：未满足，返回code：0
===2021-08-11 10:35:07.737===
满足所有条件，可以触发


===============================================

==============2021-08-11 10:35:18==============
===6开始执行条件2021-08-11 10:35:17.792===
===开始判断价格条件2021-08-11 10:35:17.792===
===开始判断额外/转自动条件2021-08-11 10:35:17.981===
===2021-08-11 10:35:18.047===
股票：601011指定时间段判断-额外参数：
	分组名称：1
	走势名称：时间段
		条件成立(当前时间：2021-08-11 10:35:17.792,条件时段：09:30:00-13:00:00)
	结果：达到要求
===2021-08-11 10:35:18.403===
===2021-08-11 10:35:18.699===
股票：601011多头向上判断-转自动参数：
	分组名称：2
	走势名称：多头向上
	结果：未满足，返回code：0
===2021-08-11 10:35:18.699===
满足所有条件，可以触发


===============================================

==============2021-08-11 10:35:31==============
===6开始执行条件2021-08-11 10:35:30.591===
===开始判断价格条件2021-08-11 10:35:30.591===
===开始判断额外/转自动条件2021-08-11 10:35:30.949===
===2021-08-11 10:35:31.477===
股票：601011指定时间段判断-额外参数：
	分组名称：1
	走势名称：时间段
		条件成立(当前时间：2021-08-11 10:35:30.590,条件时段：09:30:00-13:00:00)
	结果：达到要求
===2021-08-11 10:35:31.583===
===2021-08-11 10:35:31.892===
股票：601011多头向上判断-转自动参数：
	分组名称：2
	走势名称：多头向上
	结果：未满足，返回code：0
===2021-08-11 10:35:31.892===
满足所有条件，可以触发


===============================================

==============2021-08-11 10:36:30==============
===6开始执行条件2021-08-11 10:36:27.418===
===开始判断价格条件2021-08-11 10:36:27.418===
===开始判断额外/转自动条件2021-08-11 10:36:28.758===
===2021-08-11 10:36:29.218===
股票：601011指定时间段判断-额外参数：
	分组名称：1
	走势名称：时间段
		条件成立(当前时间：2021-08-11 10:36:27.417,条件时段：09:30:00-13:00:00)
	结果：达到要求
===2021-08-11 10:36:29.708===
===2021-08-11 10:36:30.161===
股票：601011多头向上判断-转自动参数：
	分组名称：2
	走势名称：多头向上
	结果：未满足，返回code：0
===2021-08-11 10:36:30.161===
满足所有条件，可以触发


===============================================

==============2021-08-11 10:37:05==============
===6开始执行条件2021-08-11 10:37:03.378===
===开始判断价格条件2021-08-11 10:37:03.378===
===开始判断额外/转自动条件2021-08-11 10:37:03.850===
===2021-08-11 10:37:04.239===
股票：601011指定时间段判断-额外参数：
	分组名称：1
	走势名称：时间段
		条件成立(当前时间：2021-08-11 10:37:03.378,条件时段：09:30:00-13:00:00)
	结果：达到要求
===2021-08-11 10:37:04.662===
===2021-08-11 10:37:05.374===
股票：601011多头向上判断-转自动参数：
	分组名称：2
	走势名称：多头向上
	结果：未满足，返回code：0
===2021-08-11 10:37:05.374===
满足所有条件，可以触发


===============================================

