==============2021-08-06 14:41:24==============
===6开始执行条件2021-08-06 14:41:22.371===
===开始判断价格条件2021-08-06 14:41:22.371===
===开始判断额外/转自动条件2021-08-06 14:41:22.548===
===2021-08-06 14:41:23.171===
股票：601011指定时间段判断-额外参数：
	分组名称：1
	走势名称：时间段
		条件不成立(当前时间：2021-08-06 14:41:22.371,条件时段：09:30:00-13:00:00)
	结果：未满足
===2021-08-06 14:41:23.171===
===2021-08-06 14:41:23.582===
股票：601011板块涨跌幅判断-额外参数：
	分组名称：1
	走势名称：发
		条件不成立(不符合板块涨跌幅条件)
	结果：未满足，返回code：-1
===2021-08-06 14:41:24.338===
额外条件未满足


===============================================

==============2021-08-06 15:12:52==============
===6开始执行条件2021-08-06 15:12:51.590===
===开始判断价格条件2021-08-06 15:12:51.590===
===开始判断额外/转自动条件2021-08-06 15:12:51.846===
===2021-08-06 15:12:51.929===
股票：601011指定时间段判断-额外参数：
	分组名称：1
	走势名称：时间段
		条件不成立(当前时间：2021-08-06 15:12:51.589,条件时段：09:30:00-13:00:00)
	结果：未满足
===2021-08-06 15:12:51.929===
===2021-08-06 15:12:52.035===
股票：601011板块涨跌幅判断-额外参数：
	分组名称：1
	走势名称：发
		条件不成立(不符合板块涨跌幅条件)
	结果：未满足，返回code：-1
===2021-08-06 15:12:52.360===
额外条件未满足


===============================================

==============2021-08-06 15:14:11==============
===6开始执行条件2021-08-06 15:14:10.284===
===开始判断价格条件2021-08-06 15:14:10.284===
===开始判断额外/转自动条件2021-08-06 15:14:10.764===
===2021-08-06 15:14:10.883===
股票：601011指定时间段判断-额外参数：
	分组名称：1
	走势名称：时间段
		条件不成立(当前时间：2021-08-06 15:14:10.276,条件时段：09:30:00-13:00:00)
	结果：未满足
===2021-08-06 15:14:10.883===
===2021-08-06 15:14:10.929===
股票：601011板块涨跌幅判断-额外参数：
	分组名称：1
	走势名称：发
		条件不成立(不符合板块涨跌幅条件)
	结果：未满足，返回code：-1
===2021-08-06 15:14:11.635===
额外条件未满足


===============================================

==============2021-08-06 15:30:06==============
===6开始执行条件2021-08-06 15:30:05.179===
===开始判断价格条件2021-08-06 15:30:05.179===
===开始判断额外/转自动条件2021-08-06 15:30:05.427===
===2021-08-06 15:30:05.627===
股票：601011指定时间段判断-额外参数：
	分组名称：1
	走势名称：时间段
		条件不成立(当前时间：2021-08-06 15:30:05.178,条件时段：09:30:00-13:00:00)
	结果：未满足
===2021-08-06 15:30:05.627===
===2021-08-06 15:30:05.943===
股票：601011板块涨跌幅判断-额外参数：
	分组名称：1
	走势名称：发
		条件不成立(不符合板块涨跌幅条件)
	结果：未满足，返回code：-1
===2021-08-06 15:30:06.126===
额外条件未满足


===============================================

==============2021-08-06 15:30:26==============
===6开始执行条件2021-08-06 15:30:23.635===
===开始判断价格条件2021-08-06 15:30:23.635===
===开始判断额外/转自动条件2021-08-06 15:30:23.773===
===2021-08-06 15:30:23.884===
股票：601011指定时间段判断-额外参数：
	分组名称：1
	走势名称：时间段
		条件不成立(当前时间：2021-08-06 15:30:23.634,条件时段：09:30:00-13:00:00)
	结果：未满足
===2021-08-06 15:30:23.884===
===2021-08-06 15:30:23.993===
股票：601011板块涨跌幅判断-额外参数：
	分组名称：1
	走势名称：发
		条件不成立(不符合板块涨跌幅条件)
	结果：未满足，返回code：-1
===2021-08-06 15:30:26.812===
额外条件未满足


===============================================

==============2021-08-06 15:31:21==============
===6开始执行条件2021-08-06 15:31:19.542===
===开始判断价格条件2021-08-06 15:31:19.542===
===开始判断额外/转自动条件2021-08-06 15:31:19.971===
===2021-08-06 15:31:20.060===
股票：601011指定时间段判断-额外参数：
	分组名称：1
	走势名称：时间段
		条件不成立(当前时间：2021-08-06 15:31:19.542,条件时段：09:30:00-13:00:00)
	结果：未满足
===2021-08-06 15:31:20.061===
===2021-08-06 15:31:20.314===
股票：601011板块涨跌幅判断-额外参数：
	分组名称：1
	走势名称：发
		条件不成立(不符合板块涨跌幅条件)
	结果：未满足，返回code：-1
===2021-08-06 15:31:21.071===
额外条件未满足


===============================================

==============2021-08-06 15:32:45==============
===6开始执行条件2021-08-06 15:32:44.442===
===开始判断价格条件2021-08-06 15:32:44.442===
===开始判断额外/转自动条件2021-08-06 15:32:44.538===
===2021-08-06 15:32:44.602===
股票：601011指定时间段判断-额外参数：
	分组名称：1
	走势名称：时间段
		条件不成立(当前时间：2021-08-06 15:32:44.436,条件时段：09:30:00-13:00:00)
	结果：未满足
===2021-08-06 15:32:44.602===
===2021-08-06 15:32:44.620===
股票：601011板块涨跌幅判断-额外参数：
	分组名称：1
	走势名称：发
		条件不成立(不符合板块涨跌幅条件)
	结果：未满足，返回code：-1
===2021-08-06 15:32:45.528===
额外条件未满足


===============================================

