==============2021-08-09 10:11:06==============
===6开始执行条件2021-08-09 10:11:06.733===
===开始判断价格条件2021-08-09 10:11:06.733===
===开始判断额外/转自动条件2021-08-09 10:11:06.790===
===2021-08-09 10:11:06.822===
股票：601011指定时间段判断-额外参数：
	分组名称：1
	走势名称：时间段
		条件成立(当前时间：2021-08-09 10:11:06.732,条件时段：09:30:00-13:00:00)
	结果：达到要求
===2021-08-09 10:11:06.853===
===2021-08-09 10:11:06.905===
股票：601011多头向上判断-转自动参数：
	分组名称：2
	走势名称：多头向上
	结果：未满足，返回code：0
===2021-08-09 10:11:06.905===
满足所有条件，可以触发


===============================================

==============2021-08-09 10:11:26==============
===6开始执行条件2021-08-09 10:11:23.786===
===开始判断价格条件2021-08-09 10:11:23.786===
===开始判断额外/转自动条件2021-08-09 10:11:24.217===
===2021-08-09 10:11:24.568===
股票：601011指定时间段判断-额外参数：
	分组名称：1
	走势名称：时间段
		条件成立(当前时间：2021-08-09 10:11:23.785,条件时段：09:30:00-13:00:00)
	结果：达到要求
===2021-08-09 10:11:25.845===
===2021-08-09 10:11:26.770===
股票：601011多头向上判断-转自动参数：
	分组名称：2
	走势名称：多头向上
	结果：未满足，返回code：0
===2021-08-09 10:11:26.770===
满足所有条件，可以触发


===============================================

==============2021-08-09 11:03:16==============
===6开始执行条件2021-08-09 11:03:16.093===
===开始判断价格条件2021-08-09 11:03:16.093===
===开始判断额外/转自动条件2021-08-09 11:03:16.290===
===2021-08-09 11:03:16.379===
股票：601011指定时间段判断-额外参数：
	分组名称：1
	走势名称：时间段
		条件成立(当前时间：2021-08-09 11:03:16.092,条件时段：09:30:00-13:00:00)
	结果：达到要求
===2021-08-09 11:03:16.466===
===2021-08-09 11:03:16.623===
股票：601011多头向上判断-转自动参数：
	分组名称：2
	走势名称：多头向上
	结果：未满足，返回code：0
===2021-08-09 11:03:16.623===
满足所有条件，可以触发


===============================================

==============2021-08-09 11:03:32==============
===6开始执行条件2021-08-09 11:03:31.242===
===开始判断价格条件2021-08-09 11:03:31.242===
===开始判断额外/转自动条件2021-08-09 11:03:31.443===
===2021-08-09 11:03:31.973===
股票：601011指定时间段判断-额外参数：
	分组名称：1
	走势名称：时间段
		条件成立(当前时间：2021-08-09 11:03:31.242,条件时段：09:30:00-13:00:00)
	结果：达到要求
===2021-08-09 11:03:32.159===
===2021-08-09 11:03:32.323===
股票：601011多头向上判断-转自动参数：
	分组名称：2
	走势名称：多头向上
	结果：未满足，返回code：0
===2021-08-09 11:03:32.323===
满足所有条件，可以触发


===============================================

