==============2021-08-10 17:41:22==============
===6开始执行条件2021-08-10 17:41:21.089===
===开始判断价格条件2021-08-10 17:41:21.089===
===开始判断额外/转自动条件2021-08-10 17:41:21.480===
===2021-08-10 17:41:21.561===
股票：601011指定时间段判断-额外参数：
	分组名称：1
	走势名称：时间段
		条件不成立(当前时间：2021-08-10 17:41:21.089,条件时段：09:30:00-13:00:00)
	结果：未满足
===2021-08-10 17:41:21.561===
===2021-08-10 17:41:21.598===
股票：601011板块涨跌幅判断-额外参数：
	分组名称：1
	走势名称：发
		条件不成立(不符合板块涨跌幅条件)
	结果：未满足，返回code：-1
===2021-08-10 17:41:22.170===
额外条件未满足


===============================================

==============2021-08-10 17:44:13==============
===6开始执行条件2021-08-10 17:44:11.453===
===开始判断价格条件2021-08-10 17:44:11.453===
===开始判断额外/转自动条件2021-08-10 17:44:11.741===
===2021-08-10 17:44:12.114===
股票：601011指定时间段判断-额外参数：
	分组名称：1
	走势名称：时间段
		条件不成立(当前时间：2021-08-10 17:44:11.452,条件时段：09:30:00-13:00:00)
	结果：未满足
===2021-08-10 17:44:12.114===
===2021-08-10 17:44:12.160===
股票：601011板块涨跌幅判断-额外参数：
	分组名称：1
	走势名称：发
		条件不成立(不符合板块涨跌幅条件)
	结果：未满足，返回code：-1
===2021-08-10 17:44:13.510===
额外条件未满足


===============================================

==============2021-08-10 17:47:25==============
===6开始执行条件2021-08-10 17:47:24.056===
===开始判断价格条件2021-08-10 17:47:24.056===
===开始判断额外/转自动条件2021-08-10 17:47:24.251===
===2021-08-10 17:47:25.221===
股票：601011指定时间段判断-额外参数：
	分组名称：1
	走势名称：时间段
		条件不成立(当前时间：2021-08-10 17:47:24.056,条件时段：09:30:00-13:00:00)
	结果：未满足
===2021-08-10 17:47:25.221===
===2021-08-10 17:47:25.280===
股票：601011板块涨跌幅判断-额外参数：
	分组名称：1
	走势名称：发
		条件不成立(不符合板块涨跌幅条件)
	结果：未满足，返回code：-1
===2021-08-10 17:47:25.650===
额外条件未满足


===============================================

==============2021-08-10 17:47:41==============
===6开始执行条件2021-08-10 17:47:38.745===
===开始判断价格条件2021-08-10 17:47:38.745===
===开始判断额外/转自动条件2021-08-10 17:47:39.625===
===2021-08-10 17:47:40.005===
股票：601011指定时间段判断-额外参数：
	分组名称：1
	走势名称：时间段
		条件不成立(当前时间：2021-08-10 17:47:38.745,条件时段：09:30:00-13:00:00)
	结果：未满足
===2021-08-10 17:47:40.005===
===2021-08-10 17:47:40.231===
股票：601011板块涨跌幅判断-额外参数：
	分组名称：1
	走势名称：发
		条件不成立(不符合板块涨跌幅条件)
	结果：未满足，返回code：-1
===2021-08-10 17:47:41.948===
额外条件未满足


===============================================

==============2021-08-10 17:49:07==============
===6开始执行条件2021-08-10 17:49:06.307===
===开始判断价格条件2021-08-10 17:49:06.307===
===开始判断额外/转自动条件2021-08-10 17:49:06.447===
===2021-08-10 17:49:06.504===
股票：601011指定时间段判断-额外参数：
	分组名称：1
	走势名称：时间段
		条件不成立(当前时间：2021-08-10 17:49:06.283,条件时段：09:30:00-13:00:00)
	结果：未满足
===2021-08-10 17:49:06.504===
===2021-08-10 17:49:06.529===
股票：601011板块涨跌幅判断-额外参数：
	分组名称：1
	走势名称：发
		条件不成立(不符合板块涨跌幅条件)
	结果：未满足，返回code：-1
===2021-08-10 17:49:07.438===
额外条件未满足


===============================================

==============2021-08-10 17:50:16==============
===6开始执行条件2021-08-10 17:50:13.855===
===开始判断价格条件2021-08-10 17:50:13.855===
===开始判断额外/转自动条件2021-08-10 17:50:14.107===
===2021-08-10 17:50:14.566===
股票：601011指定时间段判断-额外参数：
	分组名称：1
	走势名称：时间段
		条件不成立(当前时间：2021-08-10 17:50:13.854,条件时段：09:30:00-13:00:00)
	结果：未满足
===2021-08-10 17:50:14.566===
===2021-08-10 17:50:14.914===
股票：601011板块涨跌幅判断-额外参数：
	分组名称：1
	走势名称：发
		条件不成立(不符合板块涨跌幅条件)
	结果：未满足，返回code：-1
===2021-08-10 17:50:16.591===
额外条件未满足


===============================================

==============2021-08-10 17:52:50==============
===6开始执行条件2021-08-10 17:52:48.204===
===开始判断价格条件2021-08-10 17:52:48.204===
===开始判断额外/转自动条件2021-08-10 17:52:48.799===
===2021-08-10 17:52:49.230===
股票：601011指定时间段判断-额外参数：
	分组名称：1
	走势名称：时间段
		条件不成立(当前时间：2021-08-10 17:52:48.204,条件时段：09:30:00-13:00:00)
	结果：未满足
===2021-08-10 17:52:49.230===
===2021-08-10 17:52:49.353===
股票：601011板块涨跌幅判断-额外参数：
	分组名称：1
	走势名称：发
		条件不成立(不符合板块涨跌幅条件)
	结果：未满足，返回code：-1
===2021-08-10 17:52:50.616===
额外条件未满足


===============================================

==============2021-08-10 17:53:19==============
===6开始执行条件2021-08-10 17:53:17.298===
===开始判断价格条件2021-08-10 17:53:17.298===
===开始判断额外/转自动条件2021-08-10 17:53:17.961===
===2021-08-10 17:53:18.289===
股票：601011指定时间段判断-额外参数：
	分组名称：1
	走势名称：时间段
		条件不成立(当前时间：2021-08-10 17:53:17.298,条件时段：09:30:00-13:00:00)
	结果：未满足
===2021-08-10 17:53:18.289===
===2021-08-10 17:53:18.490===
股票：601011板块涨跌幅判断-额外参数：
	分组名称：1
	走势名称：发
		条件不成立(不符合板块涨跌幅条件)
	结果：未满足，返回code：-1
===2021-08-10 17:53:19.505===
额外条件未满足


===============================================

==============2021-08-10 17:53:51==============
===6开始执行条件2021-08-10 17:53:48.822===
===开始判断价格条件2021-08-10 17:53:48.822===
===开始判断额外/转自动条件2021-08-10 17:53:49.523===
===2021-08-10 17:53:49.624===
股票：601011指定时间段判断-额外参数：
	分组名称：1
	走势名称：时间段
		条件不成立(当前时间：2021-08-10 17:53:48.822,条件时段：09:30:00-13:00:00)
	结果：未满足
===2021-08-10 17:53:49.624===
===2021-08-10 17:53:49.677===
股票：601011板块涨跌幅判断-额外参数：
	分组名称：1
	走势名称：发
		条件不成立(不符合板块涨跌幅条件)
	结果：未满足，返回code：-1
===2021-08-10 17:53:51.977===
额外条件未满足


===============================================

==============2021-08-10 17:54:05==============
===6开始执行条件2021-08-10 17:54:04.255===
===开始判断价格条件2021-08-10 17:54:04.255===
===开始判断额外/转自动条件2021-08-10 17:54:04.354===
===2021-08-10 17:54:04.718===
股票：601011指定时间段判断-额外参数：
	分组名称：1
	走势名称：时间段
		条件不成立(当前时间：2021-08-10 17:54:04.254,条件时段：09:30:00-13:00:00)
	结果：未满足
===2021-08-10 17:54:04.718===
===2021-08-10 17:54:04.748===
股票：601011板块涨跌幅判断-额外参数：
	分组名称：1
	走势名称：发
		条件不成立(不符合板块涨跌幅条件)
	结果：未满足，返回code：-1
===2021-08-10 17:54:05.289===
额外条件未满足


===============================================

==============2021-08-10 17:54:21==============
===6开始执行条件2021-08-10 17:54:20.702===
===开始判断价格条件2021-08-10 17:54:20.702===
===开始判断额外/转自动条件2021-08-10 17:54:20.921===
===2021-08-10 17:54:21.165===
股票：601011指定时间段判断-额外参数：
	分组名称：1
	走势名称：时间段
		条件不成立(当前时间：2021-08-10 17:54:20.701,条件时段：09:30:00-13:00:00)
	结果：未满足
===2021-08-10 17:54:21.165===
===2021-08-10 17:54:21.214===
股票：601011板块涨跌幅判断-额外参数：
	分组名称：1
	走势名称：发
		条件不成立(不符合板块涨跌幅条件)
	结果：未满足，返回code：-1
===2021-08-10 17:54:21.709===
额外条件未满足


===============================================

