==============2021-08-09 11:02:52==============
===6开始执行条件2021-08-09 11:02:52.059===
===开始判断价格条件2021-08-09 11:02:52.059===
===开始判断额外/转自动条件2021-08-09 11:02:52.250===
===2021-08-09 11:02:52.315===
股票：002518指定时间段判断-额外参数：
	分组名称：1
	走势名称：时间段
		条件成立(当前时间：2021-08-09 11:02:52.059,条件时段：09:30:00-13:00:00)
	结果：达到要求
===2021-08-09 11:02:52.388===
===2021-08-09 11:02:52.506===
股票：002518多头向上判断-转自动参数：
	分组名称：2
	走势名称：多头向上
	结果：未满足，返回code：0
===2021-08-09 11:02:52.506===
满足所有条件，可以触发


===============================================

==============2021-08-09 11:03:16==============
===6开始执行条件2021-08-09 11:03:16.093===
===开始判断价格条件2021-08-09 11:03:16.093===
===开始判断额外/转自动条件2021-08-09 11:03:16.316===
===2021-08-09 11:03:16.489===
股票：002518指定时间段判断-额外参数：
	分组名称：1
	走势名称：时间段
		条件成立(当前时间：2021-08-09 11:03:16.093,条件时段：09:30:00-13:00:00)
	结果：达到要求
===2021-08-09 11:03:16.623===
===2021-08-09 11:03:16.736===
股票：002518多头向上判断-转自动参数：
	分组名称：2
	走势名称：多头向上
	结果：未满足，返回code：0
===2021-08-09 11:03:16.736===
满足所有条件，可以触发


===============================================

==============2021-08-09 11:03:21==============
===6开始执行条件2021-08-09 11:03:21.215===
===开始判断价格条件2021-08-09 11:03:21.215===
===开始判断额外/转自动条件2021-08-09 11:03:21.330===
===2021-08-09 11:03:21.377===
股票：002518指定时间段判断-额外参数：
	分组名称：1
	走势名称：时间段
		条件成立(当前时间：2021-08-09 11:03:21.214,条件时段：09:30:00-13:00:00)
	结果：达到要求
===2021-08-09 11:03:21.423===
===2021-08-09 11:03:21.609===
股票：002518多头向上判断-转自动参数：
	分组名称：2
	走势名称：多头向上
	结果：未满足，返回code：0
===2021-08-09 11:03:21.609===
满足所有条件，可以触发


===============================================

==============2021-08-09 11:03:33==============
===6开始执行条件2021-08-09 11:03:31.370===
===开始判断价格条件2021-08-09 11:03:31.370===
===开始判断额外/转自动条件2021-08-09 11:03:31.558===
===2021-08-09 11:03:31.739===
股票：002518指定时间段判断-额外参数：
	分组名称：1
	走势名称：时间段
		条件成立(当前时间：2021-08-09 11:03:31.370,条件时段：09:30:00-13:00:00)
	结果：达到要求
===2021-08-09 11:03:32.830===
===2021-08-09 11:03:33.004===
股票：002518多头向上判断-转自动参数：
	分组名称：2
	走势名称：多头向上
	结果：未满足，返回code：0
===2021-08-09 11:03:33.004===
满足所有条件，可以触发


===============================================

