==============2021-08-11 10:29:02==============
===6开始执行条件2021-08-11 10:29:01.225===
===开始判断价格条件2021-08-11 10:29:01.225===
===开始判断额外/转自动条件2021-08-11 10:29:01.315===
===2021-08-11 10:29:01.639===
股票：002518指定时间段判断-额外参数：
	分组名称：1
	走势名称：时间段
		条件成立(当前时间：2021-08-11 10:29:01.224,条件时段：09:30:00-13:00:00)
	结果：达到要求
===2021-08-11 10:29:01.766===
===2021-08-11 10:29:02.407===
股票：002518多头向上判断-转自动参数：
	分组名称：2
	走势名称：多头向上
	结果：未满足，返回code：0
===2021-08-11 10:29:02.407===
满足所有条件，可以触发


===============================================

==============2021-08-11 10:29:45==============
===6开始执行条件2021-08-11 10:29:44.928===
===开始判断价格条件2021-08-11 10:29:44.928===
===开始判断额外/转自动条件2021-08-11 10:29:45.073===
===2021-08-11 10:29:45.245===
股票：002518指定时间段判断-额外参数：
	分组名称：1
	走势名称：时间段
		条件成立(当前时间：2021-08-11 10:29:44.927,条件时段：09:30:00-13:00:00)
	结果：达到要求
===2021-08-11 10:29:45.484===
===2021-08-11 10:29:45.739===
股票：002518多头向上判断-转自动参数：
	分组名称：2
	走势名称：多头向上
	结果：未满足，返回code：0
===2021-08-11 10:29:45.739===
满足所有条件，可以触发


===============================================

==============2021-08-11 10:29:57==============
===6开始执行条件2021-08-11 10:29:55.880===
===开始判断价格条件2021-08-11 10:29:55.880===
===开始判断额外/转自动条件2021-08-11 10:29:56.212===
===2021-08-11 10:29:56.616===
股票：002518指定时间段判断-额外参数：
	分组名称：1
	走势名称：时间段
		条件成立(当前时间：2021-08-11 10:29:55.879,条件时段：09:30:00-13:00:00)
	结果：达到要求
===2021-08-11 10:29:57.099===
===2021-08-11 10:29:57.670===
股票：002518多头向上判断-转自动参数：
	分组名称：2
	走势名称：多头向上
	结果：未满足，返回code：0
===2021-08-11 10:29:57.671===
满足所有条件，可以触发


===============================================

==============2021-08-11 10:30:08==============
===6开始执行条件2021-08-11 10:30:08.247===
===开始判断价格条件2021-08-11 10:30:08.247===
===开始判断额外/转自动条件2021-08-11 10:30:08.416===
===2021-08-11 10:30:08.545===
股票：002518指定时间段判断-额外参数：
	分组名称：1
	走势名称：时间段
		条件成立(当前时间：2021-08-11 10:30:08.247,条件时段：09:30:00-13:00:00)
	结果：达到要求
===2021-08-11 10:30:08.621===
===2021-08-11 10:30:08.860===
股票：002518多头向上判断-转自动参数：
	分组名称：2
	走势名称：多头向上
	结果：未满足，返回code：0
===2021-08-11 10:30:08.860===
满足所有条件，可以触发


===============================================

==============2021-08-11 10:30:16==============
===6开始执行条件2021-08-11 10:30:15.421===
===开始判断价格条件2021-08-11 10:30:15.421===
===开始判断额外/转自动条件2021-08-11 10:30:15.822===
===2021-08-11 10:30:15.964===
股票：002518指定时间段判断-额外参数：
	分组名称：1
	走势名称：时间段
		条件成立(当前时间：2021-08-11 10:30:15.420,条件时段：09:30:00-13:00:00)
	结果：达到要求
===2021-08-11 10:30:16.185===
===2021-08-11 10:30:16.405===
股票：002518多头向上判断-转自动参数：
	分组名称：2
	走势名称：多头向上
	结果：未满足，返回code：0
===2021-08-11 10:30:16.405===
满足所有条件，可以触发


===============================================

==============2021-08-11 10:30:31==============
===6开始执行条件2021-08-11 10:30:30.985===
===开始判断价格条件2021-08-11 10:30:30.985===
===开始判断额外/转自动条件2021-08-11 10:30:31.375===
===2021-08-11 10:30:31.483===
股票：002518指定时间段判断-额外参数：
	分组名称：1
	走势名称：时间段
		条件成立(当前时间：2021-08-11 10:30:30.985,条件时段：09:30:00-13:00:00)
	结果：达到要求
===2021-08-11 10:30:31.843===
===2021-08-11 10:30:31.913===
股票：002518多头向上判断-转自动参数：
	分组名称：2
	走势名称：多头向上
	结果：未满足，返回code：0
===2021-08-11 10:30:31.913===
满足所有条件，可以触发


===============================================

==============2021-08-11 10:30:43==============
===6开始执行条件2021-08-11 10:30:42.725===
===开始判断价格条件2021-08-11 10:30:42.725===
===开始判断额外/转自动条件2021-08-11 10:30:42.848===
===2021-08-11 10:30:42.891===
股票：002518指定时间段判断-额外参数：
	分组名称：1
	走势名称：时间段
		条件成立(当前时间：2021-08-11 10:30:42.724,条件时段：09:30:00-13:00:00)
	结果：达到要求
===2021-08-11 10:30:42.935===
===2021-08-11 10:30:43.325===
股票：002518多头向上判断-转自动参数：
	分组名称：2
	走势名称：多头向上
	结果：未满足，返回code：0
===2021-08-11 10:30:43.325===
满足所有条件，可以触发


===============================================

==============2021-08-11 10:31:00==============
===6开始执行条件2021-08-11 10:30:59.388===
===开始判断价格条件2021-08-11 10:30:59.388===
===开始判断额外/转自动条件2021-08-11 10:30:59.471===
===2021-08-11 10:30:59.526===
股票：002518指定时间段判断-额外参数：
	分组名称：1
	走势名称：时间段
		条件成立(当前时间：2021-08-11 10:30:59.387,条件时段：09:30:00-13:00:00)
	结果：达到要求
===2021-08-11 10:30:59.957===
===2021-08-11 10:31:00.083===
股票：002518多头向上判断-转自动参数：
	分组名称：2
	走势名称：多头向上
	结果：未满足，返回code：0
===2021-08-11 10:31:00.083===
满足所有条件，可以触发


===============================================

==============2021-08-11 10:31:18==============
===6开始执行条件2021-08-11 10:31:17.769===
===开始判断价格条件2021-08-11 10:31:17.769===
===开始判断额外/转自动条件2021-08-11 10:31:17.879===
===2021-08-11 10:31:17.976===
股票：002518指定时间段判断-额外参数：
	分组名称：1
	走势名称：时间段
		条件成立(当前时间：2021-08-11 10:31:17.768,条件时段：09:30:00-13:00:00)
	结果：达到要求
===2021-08-11 10:31:18.021===
===2021-08-11 10:31:18.155===
股票：002518多头向上判断-转自动参数：
	分组名称：2
	走势名称：多头向上
	结果：未满足，返回code：0
===2021-08-11 10:31:18.155===
满足所有条件，可以触发


===============================================

==============2021-08-11 10:31:24==============
===6开始执行条件2021-08-11 10:31:24.023===
===开始判断价格条件2021-08-11 10:31:24.023===
===开始判断额外/转自动条件2021-08-11 10:31:24.421===
===2021-08-11 10:31:24.521===
股票：002518指定时间段判断-额外参数：
	分组名称：1
	走势名称：时间段
		条件成立(当前时间：2021-08-11 10:31:24.023,条件时段：09:30:00-13:00:00)
	结果：达到要求
===2021-08-11 10:31:24.564===
===2021-08-11 10:31:24.711===
股票：002518多头向上判断-转自动参数：
	分组名称：2
	走势名称：多头向上
	结果：未满足，返回code：0
===2021-08-11 10:31:24.711===
满足所有条件，可以触发


===============================================

==============2021-08-11 10:31:31==============
===6开始执行条件2021-08-11 10:31:31.577===
===开始判断价格条件2021-08-11 10:31:31.577===
===开始判断额外/转自动条件2021-08-11 10:31:31.710===
===2021-08-11 10:31:31.769===
股票：002518指定时间段判断-额外参数：
	分组名称：1
	走势名称：时间段
		条件成立(当前时间：2021-08-11 10:31:31.576,条件时段：09:30:00-13:00:00)
	结果：达到要求
===2021-08-11 10:31:31.811===
===2021-08-11 10:31:31.884===
股票：002518多头向上判断-转自动参数：
	分组名称：2
	走势名称：多头向上
	结果：未满足，返回code：0
===2021-08-11 10:31:31.884===
满足所有条件，可以触发


===============================================

==============2021-08-11 10:32:00==============
===6开始执行条件2021-08-11 10:31:59.279===
===开始判断价格条件2021-08-11 10:31:59.279===
===开始判断额外/转自动条件2021-08-11 10:31:59.777===
===2021-08-11 10:32:00.020===
股票：002518指定时间段判断-额外参数：
	分组名称：1
	走势名称：时间段
		条件成立(当前时间：2021-08-11 10:31:59.279,条件时段：09:30:00-13:00:00)
	结果：达到要求
===2021-08-11 10:32:00.364===
===2021-08-11 10:32:00.763===
股票：002518多头向上判断-转自动参数：
	分组名称：2
	走势名称：多头向上
	结果：未满足，返回code：0
===2021-08-11 10:32:00.763===
满足所有条件，可以触发


===============================================

==============2021-08-11 10:32:45==============
===6开始执行条件2021-08-11 10:32:44.578===
===开始判断价格条件2021-08-11 10:32:44.578===
===开始判断额外/转自动条件2021-08-11 10:32:44.817===
===2021-08-11 10:32:44.947===
股票：002518指定时间段判断-额外参数：
	分组名称：1
	走势名称：时间段
		条件成立(当前时间：2021-08-11 10:32:44.577,条件时段：09:30:00-13:00:00)
	结果：达到要求
===2021-08-11 10:32:45.136===
===2021-08-11 10:32:45.551===
股票：002518多头向上判断-转自动参数：
	分组名称：2
	走势名称：多头向上
	结果：未满足，返回code：0
===2021-08-11 10:32:45.551===
满足所有条件，可以触发


===============================================

==============2021-08-11 10:32:58==============
===6开始执行条件2021-08-11 10:32:57.708===
===开始判断价格条件2021-08-11 10:32:57.708===
===开始判断额外/转自动条件2021-08-11 10:32:57.797===
===2021-08-11 10:32:57.863===
股票：002518指定时间段判断-额外参数：
	分组名称：1
	走势名称：时间段
		条件成立(当前时间：2021-08-11 10:32:57.708,条件时段：09:30:00-13:00:00)
	结果：达到要求
===2021-08-11 10:32:57.912===
===2021-08-11 10:32:58.321===
股票：002518多头向上判断-转自动参数：
	分组名称：2
	走势名称：多头向上
	结果：未满足，返回code：0
===2021-08-11 10:32:58.321===
满足所有条件，可以触发


===============================================

==============2021-08-11 10:33:06==============
===6开始执行条件2021-08-11 10:33:06.334===
===开始判断价格条件2021-08-11 10:33:06.334===
===开始判断额外/转自动条件2021-08-11 10:33:06.447===
===2021-08-11 10:33:06.508===
股票：002518指定时间段判断-额外参数：
	分组名称：1
	走势名称：时间段
		条件成立(当前时间：2021-08-11 10:33:06.333,条件时段：09:30:00-13:00:00)
	结果：达到要求
===2021-08-11 10:33:06.619===
===2021-08-11 10:33:06.739===
股票：002518多头向上判断-转自动参数：
	分组名称：2
	走势名称：多头向上
	结果：未满足，返回code：0
===2021-08-11 10:33:06.739===
满足所有条件，可以触发


===============================================

==============2021-08-11 10:33:27==============
===6开始执行条件2021-08-11 10:33:25.650===
===开始判断价格条件2021-08-11 10:33:25.650===
===开始判断额外/转自动条件2021-08-11 10:33:25.998===
===2021-08-11 10:33:26.186===
股票：002518指定时间段判断-额外参数：
	分组名称：1
	走势名称：时间段
		条件成立(当前时间：2021-08-11 10:33:25.650,条件时段：09:30:00-13:00:00)
	结果：达到要求
===2021-08-11 10:33:27.081===
===2021-08-11 10:33:27.683===
股票：002518多头向上判断-转自动参数：
	分组名称：2
	走势名称：多头向上
	结果：未满足，返回code：0
===2021-08-11 10:33:27.683===
满足所有条件，可以触发


===============================================

==============2021-08-11 10:34:58==============
===6开始执行条件2021-08-11 10:34:58.397===
===开始判断价格条件2021-08-11 10:34:58.397===
===开始判断额外/转自动条件2021-08-11 10:34:58.508===
===2021-08-11 10:34:58.589===
股票：002518指定时间段判断-额外参数：
	分组名称：1
	走势名称：时间段
		条件成立(当前时间：2021-08-11 10:34:58.396,条件时段：09:30:00-13:00:00)
	结果：达到要求
===2021-08-11 10:34:58.688===
===2021-08-11 10:34:58.876===
股票：002518多头向上判断-转自动参数：
	分组名称：2
	走势名称：多头向上
	结果：未满足，返回code：0
===2021-08-11 10:34:58.877===
满足所有条件，可以触发


===============================================

==============2021-08-11 10:35:07==============
===6开始执行条件2021-08-11 10:35:07.168===
===开始判断价格条件2021-08-11 10:35:07.168===
===开始判断额外/转自动条件2021-08-11 10:35:07.342===
===2021-08-11 10:35:07.452===
股票：002518指定时间段判断-额外参数：
	分组名称：1
	走势名称：时间段
		条件成立(当前时间：2021-08-11 10:35:07.168,条件时段：09:30:00-13:00:00)
	结果：达到要求
===2021-08-11 10:35:07.614===
===2021-08-11 10:35:07.874===
股票：002518多头向上判断-转自动参数：
	分组名称：2
	走势名称：多头向上
	结果：未满足，返回code：0
===2021-08-11 10:35:07.874===
满足所有条件，可以触发


===============================================

==============2021-08-11 10:35:20==============
===6开始执行条件2021-08-11 10:35:18.124===
===开始判断价格条件2021-08-11 10:35:18.124===
===开始判断额外/转自动条件2021-08-11 10:35:18.507===
===2021-08-11 10:35:18.726===
股票：002518指定时间段判断-额外参数：
	分组名称：1
	走势名称：时间段
		条件成立(当前时间：2021-08-11 10:35:18.123,条件时段：09:30:00-13:00:00)
	结果：达到要求
===2021-08-11 10:35:19.077===
===2021-08-11 10:35:20.010===
股票：002518多头向上判断-转自动参数：
	分组名称：2
	走势名称：多头向上
	结果：未满足，返回code：0
===2021-08-11 10:35:20.011===
满足所有条件，可以触发


===============================================

==============2021-08-11 10:35:33==============
===6开始执行条件2021-08-11 10:35:31.665===
===开始判断价格条件2021-08-11 10:35:31.665===
===开始判断额外/转自动条件2021-08-11 10:35:32.186===
===2021-08-11 10:35:32.546===
股票：002518指定时间段判断-额外参数：
	分组名称：1
	走势名称：时间段
		条件成立(当前时间：2021-08-11 10:35:31.665,条件时段：09:30:00-13:00:00)
	结果：达到要求
===2021-08-11 10:35:33.040===
===2021-08-11 10:35:33.281===
股票：002518多头向上判断-转自动参数：
	分组名称：2
	走势名称：多头向上
	结果：未满足，返回code：0
===2021-08-11 10:35:33.281===
满足所有条件，可以触发


===============================================

==============2021-08-11 10:36:30==============
===6开始执行条件2021-08-11 10:36:27.976===
===开始判断价格条件2021-08-11 10:36:27.976===
===开始判断额外/转自动条件2021-08-11 10:36:28.861===
===2021-08-11 10:36:29.320===
股票：002518指定时间段判断-额外参数：
	分组名称：1
	走势名称：时间段
		条件成立(当前时间：2021-08-11 10:36:27.975,条件时段：09:30:00-13:00:00)
	结果：达到要求
===2021-08-11 10:36:29.576===
===2021-08-11 10:36:30.272===
股票：002518多头向上判断-转自动参数：
	分组名称：2
	走势名称：多头向上
	结果：未满足，返回code：0
===2021-08-11 10:36:30.272===
满足所有条件，可以触发


===============================================

==============2021-08-11 10:37:06==============
===6开始执行条件2021-08-11 10:37:03.767===
===开始判断价格条件2021-08-11 10:37:03.767===
===开始判断额外/转自动条件2021-08-11 10:37:04.866===
===2021-08-11 10:37:05.318===
股票：002518指定时间段判断-额外参数：
	分组名称：1
	走势名称：时间段
		条件成立(当前时间：2021-08-11 10:37:03.758,条件时段：09:30:00-13:00:00)
	结果：达到要求
===2021-08-11 10:37:05.493===
===2021-08-11 10:37:06.055===
股票：002518多头向上判断-转自动参数：
	分组名称：2
	走势名称：多头向上
	结果：未满足，返回code：0
===2021-08-11 10:37:06.118===
满足所有条件，可以触发


===============================================

