==============2021-08-06 14:26:45==============
===6开始执行条件2021-08-06 14:26:43.773===
===开始判断价格条件2021-08-06 14:26:43.773===
===开始判断额外/转自动条件2021-08-06 14:26:44.693===
===2021-08-06 14:26:45.298===
股票：002518指定时间段判断-额外参数：
	分组名称：1
	走势名称：时间段
		条件不成立(当前时间：2021-08-06 14:26:43.772,条件时段：09:30:00-13:00:00)
	结果：未满足
===2021-08-06 14:26:45.298===
===2021-08-06 14:26:45.333===
股票：002518板块涨跌幅判断-额外参数：
	分组名称：1
	走势名称：发
		条件不成立(不符合板块涨跌幅条件)
	结果：未满足，返回code：-1
===2021-08-06 14:26:45.565===
额外条件未满足


===============================================

==============2021-08-06 14:41:24==============
===6开始执行条件2021-08-06 14:41:23.197===
===开始判断价格条件2021-08-06 14:41:23.197===
===开始判断额外/转自动条件2021-08-06 14:41:23.596===
===2021-08-06 14:41:23.807===
股票：002518指定时间段判断-额外参数：
	分组名称：1
	走势名称：时间段
		条件不成立(当前时间：2021-08-06 14:41:23.191,条件时段：09:30:00-13:00:00)
	结果：未满足
===2021-08-06 14:41:23.807===
===2021-08-06 14:41:23.921===
股票：002518板块涨跌幅判断-额外参数：
	分组名称：1
	走势名称：发
		条件不成立(不符合板块涨跌幅条件)
	结果：未满足，返回code：-1
===2021-08-06 14:41:24.600===
额外条件未满足


===============================================

==============2021-08-06 15:12:53==============
===6开始执行条件2021-08-06 15:12:51.739===
===开始判断价格条件2021-08-06 15:12:51.739===
===开始判断额外/转自动条件2021-08-06 15:12:51.908===
===2021-08-06 15:12:52.086===
股票：002518指定时间段判断-额外参数：
	分组名称：1
	走势名称：时间段
		条件不成立(当前时间：2021-08-06 15:12:51.739,条件时段：09:30:00-13:00:00)
	结果：未满足
===2021-08-06 15:12:52.086===
===2021-08-06 15:12:52.129===
股票：002518板块涨跌幅判断-额外参数：
	分组名称：1
	走势名称：发
		条件不成立(不符合板块涨跌幅条件)
	结果：未满足，返回code：-1
===2021-08-06 15:12:53.117===
额外条件未满足


===============================================

==============2021-08-06 15:13:56==============
===6开始执行条件2021-08-06 15:13:54.378===
===开始判断价格条件2021-08-06 15:13:54.378===
===开始判断额外/转自动条件2021-08-06 15:13:55.372===
===2021-08-06 15:13:55.849===
股票：002518指定时间段判断-额外参数：
	分组名称：1
	走势名称：时间段
		条件不成立(当前时间：2021-08-06 15:13:54.378,条件时段：09:30:00-13:00:00)
	结果：未满足
===2021-08-06 15:13:55.849===
===2021-08-06 15:13:55.982===
股票：002518板块涨跌幅判断-额外参数：
	分组名称：1
	走势名称：发
		条件不成立(不符合板块涨跌幅条件)
	结果：未满足，返回code：-1
===2021-08-06 15:13:56.451===
额外条件未满足


===============================================

==============2021-08-06 15:14:11==============
===6开始执行条件2021-08-06 15:14:10.364===
===开始判断价格条件2021-08-06 15:14:10.364===
===开始判断额外/转自动条件2021-08-06 15:14:10.634===
===2021-08-06 15:14:10.846===
股票：002518指定时间段判断-额外参数：
	分组名称：1
	走势名称：时间段
		条件不成立(当前时间：2021-08-06 15:14:10.364,条件时段：09:30:00-13:00:00)
	结果：未满足
===2021-08-06 15:14:10.846===
===2021-08-06 15:14:10.901===
股票：002518板块涨跌幅判断-额外参数：
	分组名称：1
	走势名称：发
		条件不成立(不符合板块涨跌幅条件)
	结果：未满足，返回code：-1
===2021-08-06 15:14:11.698===
额外条件未满足


===============================================

==============2021-08-06 15:28:38==============
===6开始执行条件2021-08-06 15:28:36.445===
===开始判断价格条件2021-08-06 15:28:36.445===
===开始判断额外/转自动条件2021-08-06 15:28:37.186===
===2021-08-06 15:28:37.601===
股票：002518指定时间段判断-额外参数：
	分组名称：1
	走势名称：时间段
		条件不成立(当前时间：2021-08-06 15:28:36.445,条件时段：09:30:00-13:00:00)
	结果：未满足
===2021-08-06 15:28:37.601===
===2021-08-06 15:28:37.924===
股票：002518板块涨跌幅判断-额外参数：
	分组名称：1
	走势名称：发
		条件不成立(不符合板块涨跌幅条件)
	结果：未满足，返回code：-1
===2021-08-06 15:28:38.985===
额外条件未满足


===============================================

==============2021-08-06 15:30:06==============
===6开始执行条件2021-08-06 15:30:05.480===
===开始判断价格条件2021-08-06 15:30:05.480===
===开始判断额外/转自动条件2021-08-06 15:30:05.648===
===2021-08-06 15:30:05.743===
股票：002518指定时间段判断-额外参数：
	分组名称：1
	走势名称：时间段
		条件不成立(当前时间：2021-08-06 15:30:05.480,条件时段：09:30:00-13:00:00)
	结果：未满足
===2021-08-06 15:30:05.743===
===2021-08-06 15:30:05.820===
股票：002518板块涨跌幅判断-额外参数：
	分组名称：1
	走势名称：发
		条件不成立(不符合板块涨跌幅条件)
	结果：未满足，返回code：-1
===2021-08-06 15:30:06.328===
额外条件未满足


===============================================

==============2021-08-06 15:31:20==============
===6开始执行条件2021-08-06 15:31:19.576===
===开始判断价格条件2021-08-06 15:31:19.576===
===开始判断额外/转自动条件2021-08-06 15:31:19.762===
===2021-08-06 15:31:19.919===
股票：002518指定时间段判断-额外参数：
	分组名称：1
	走势名称：时间段
		条件不成立(当前时间：2021-08-06 15:31:19.575,条件时段：09:30:00-13:00:00)
	结果：未满足
===2021-08-06 15:31:19.919===
===2021-08-06 15:31:20.238===
股票：002518板块涨跌幅判断-额外参数：
	分组名称：1
	走势名称：发
		条件不成立(不符合板块涨跌幅条件)
	结果：未满足，返回code：-1
===2021-08-06 15:31:20.861===
额外条件未满足


===============================================

==============2021-08-06 15:32:46==============
===6开始执行条件2021-08-06 15:32:44.908===
===开始判断价格条件2021-08-06 15:32:44.908===
===开始判断额外/转自动条件2021-08-06 15:32:45.135===
===2021-08-06 15:32:45.370===
股票：002518指定时间段判断-额外参数：
	分组名称：1
	走势名称：时间段
		条件不成立(当前时间：2021-08-06 15:32:44.908,条件时段：09:30:00-13:00:00)
	结果：未满足
===2021-08-06 15:32:45.370===
===2021-08-06 15:32:45.413===
股票：002518板块涨跌幅判断-额外参数：
	分组名称：1
	走势名称：发
		条件不成立(不符合板块涨跌幅条件)
	结果：未满足，返回code：-1
===2021-08-06 15:32:46.081===
额外条件未满足


===============================================

==============2021-08-06 15:38:37==============
===6开始执行条件2021-08-06 15:38:36.868===
===开始判断价格条件2021-08-06 15:38:36.868===
===开始判断额外/转自动条件2021-08-06 15:38:36.994===
===2021-08-06 15:38:37.144===
股票：002518指定时间段判断-额外参数：
	分组名称：1
	走势名称：时间段
		条件不成立(当前时间：2021-08-06 15:38:36.853,条件时段：09:30:00-13:00:00)
	结果：未满足
===2021-08-06 15:38:37.144===
===2021-08-06 15:38:37.170===
股票：002518板块涨跌幅判断-额外参数：
	分组名称：1
	走势名称：发
		条件不成立(不符合板块涨跌幅条件)
	结果：未满足，返回code：-1
===2021-08-06 15:38:37.670===
额外条件未满足


===============================================

