==============2021-08-10 17:41:20==============
===6开始执行条件2021-08-10 17:41:19.307===
===开始判断价格条件2021-08-10 17:41:19.307===
===开始判断额外/转自动条件2021-08-10 17:41:19.446===
===2021-08-10 17:41:19.927===
股票：603595指定时间段判断-额外参数：
	分组名称：1
	走势名称：时间段
		条件不成立(当前时间：2021-08-10 17:41:19.307,条件时段：09:30:00-13:00:00)
	结果：未满足
===2021-08-10 17:41:19.927===
===2021-08-10 17:41:20.035===
股票：603595板块涨跌幅判断-额外参数：
	分组名称：1
	走势名称：发
		条件不成立(不符合板块涨跌幅条件)
	结果：未满足，返回code：-1
===2021-08-10 17:41:20.475===
额外条件未满足


===============================================

==============2021-08-10 17:42:02==============
===6开始执行条件2021-08-10 17:41:57.826===
===开始判断价格条件2021-08-10 17:41:57.826===
===开始判断额外/转自动条件2021-08-10 17:41:59.454===
===2021-08-10 17:42:00.398===
股票：603595指定时间段判断-额外参数：
	分组名称：1
	走势名称：时间段
		条件不成立(当前时间：2021-08-10 17:41:57.826,条件时段：09:30:00-13:00:00)
	结果：未满足
===2021-08-10 17:42:00.398===
===2021-08-10 17:42:00.622===
股票：603595板块涨跌幅判断-额外参数：
	分组名称：1
	走势名称：发
		条件不成立(不符合板块涨跌幅条件)
	结果：未满足，返回code：-1
===2021-08-10 17:42:02.631===
额外条件未满足


===============================================

==============2021-08-10 17:44:09==============
===6开始执行条件2021-08-10 17:44:09.347===
===开始判断价格条件2021-08-10 17:44:09.347===
===开始判断额外/转自动条件2021-08-10 17:44:09.435===
===2021-08-10 17:44:09.644===
股票：603595指定时间段判断-额外参数：
	分组名称：1
	走势名称：时间段
		条件不成立(当前时间：2021-08-10 17:44:09.346,条件时段：09:30:00-13:00:00)
	结果：未满足
===2021-08-10 17:44:09.644===
===2021-08-10 17:44:09.666===
股票：603595板块涨跌幅判断-额外参数：
	分组名称：1
	走势名称：发
		条件不成立(不符合板块涨跌幅条件)
	结果：未满足，返回code：-1
===2021-08-10 17:44:09.929===
额外条件未满足


===============================================

==============2021-08-10 17:47:39==============
===6开始执行条件2021-08-10 17:47:36.122===
===开始判断价格条件2021-08-10 17:47:36.122===
===开始判断额外/转自动条件2021-08-10 17:47:37.112===
===2021-08-10 17:47:37.731===
股票：603595指定时间段判断-额外参数：
	分组名称：1
	走势名称：时间段
		条件不成立(当前时间：2021-08-10 17:47:36.122,条件时段：09:30:00-13:00:00)
	结果：未满足
===2021-08-10 17:47:37.731===
===2021-08-10 17:47:38.014===
股票：603595板块涨跌幅判断-额外参数：
	分组名称：1
	走势名称：发
		条件不成立(不符合板块涨跌幅条件)
	结果：未满足，返回code：-1
===2021-08-10 17:47:39.341===
额外条件未满足


===============================================

==============2021-08-10 17:47:56==============
===6开始执行条件2021-08-10 17:47:52.670===
===开始判断价格条件2021-08-10 17:47:52.670===
===开始判断额外/转自动条件2021-08-10 17:47:53.263===
===2021-08-10 17:47:53.967===
股票：603595指定时间段判断-额外参数：
	分组名称：1
	走势名称：时间段
		条件不成立(当前时间：2021-08-10 17:47:52.670,条件时段：09:30:00-13:00:00)
	结果：未满足
===2021-08-10 17:47:53.967===
===2021-08-10 17:47:54.118===
股票：603595板块涨跌幅判断-额外参数：
	分组名称：1
	走势名称：发
		条件不成立(不符合板块涨跌幅条件)
	结果：未满足，返回code：-1
===2021-08-10 17:47:56.016===
额外条件未满足


===============================================

==============2021-08-10 17:49:05==============
===6开始执行条件2021-08-10 17:49:04.488===
===开始判断价格条件2021-08-10 17:49:04.488===
===开始判断额外/转自动条件2021-08-10 17:49:04.611===
===2021-08-10 17:49:04.749===
股票：603595指定时间段判断-额外参数：
	分组名称：1
	走势名称：时间段
		条件不成立(当前时间：2021-08-10 17:49:04.487,条件时段：09:30:00-13:00:00)
	结果：未满足
===2021-08-10 17:49:04.749===
===2021-08-10 17:49:04.794===
股票：603595板块涨跌幅判断-额外参数：
	分组名称：1
	走势名称：发
		条件不成立(不符合板块涨跌幅条件)
	结果：未满足，返回code：-1
===2021-08-10 17:49:05.373===
额外条件未满足


===============================================

==============2021-08-10 17:49:25==============
===6开始执行条件2021-08-10 17:49:22.082===
===开始判断价格条件2021-08-10 17:49:22.082===
===开始判断额外/转自动条件2021-08-10 17:49:23.172===
===2021-08-10 17:49:23.944===
股票：603595指定时间段判断-额外参数：
	分组名称：1
	走势名称：时间段
		条件不成立(当前时间：2021-08-10 17:49:22.082,条件时段：09:30:00-13:00:00)
	结果：未满足
===2021-08-10 17:49:23.944===
===2021-08-10 17:49:24.180===
股票：603595板块涨跌幅判断-额外参数：
	分组名称：1
	走势名称：发
		条件不成立(不符合板块涨跌幅条件)
	结果：未满足，返回code：-1
===2021-08-10 17:49:25.857===
额外条件未满足


===============================================

==============2021-08-10 17:50:13==============
===6开始执行条件2021-08-10 17:50:12.475===
===开始判断价格条件2021-08-10 17:50:12.475===
===开始判断额外/转自动条件2021-08-10 17:50:12.568===
===2021-08-10 17:50:12.626===
股票：603595指定时间段判断-额外参数：
	分组名称：1
	走势名称：时间段
		条件不成立(当前时间：2021-08-10 17:50:12.475,条件时段：09:30:00-13:00:00)
	结果：未满足
===2021-08-10 17:50:12.626===
===2021-08-10 17:50:12.647===
股票：603595板块涨跌幅判断-额外参数：
	分组名称：1
	走势名称：发
		条件不成立(不符合板块涨跌幅条件)
	结果：未满足，返回code：-1
===2021-08-10 17:50:13.035===
额外条件未满足


===============================================

==============2021-08-10 17:52:13==============
===6开始执行条件2021-08-10 17:52:09.249===
===开始判断价格条件2021-08-10 17:52:09.249===
===开始判断额外/转自动条件2021-08-10 17:52:09.934===
===2021-08-10 17:52:10.653===
股票：603595指定时间段判断-额外参数：
	分组名称：1
	走势名称：时间段
		条件不成立(当前时间：2021-08-10 17:52:09.249,条件时段：09:30:00-13:00:00)
	结果：未满足
===2021-08-10 17:52:10.653===
===2021-08-10 17:52:10.852===
股票：603595板块涨跌幅判断-额外参数：
	分组名称：1
	走势名称：发
		条件不成立(不符合板块涨跌幅条件)
	结果：未满足，返回code：-1
===2021-08-10 17:52:13.268===
额外条件未满足


===============================================

==============2021-08-10 17:52:49==============
===6开始执行条件2021-08-10 17:52:45.699===
===开始判断价格条件2021-08-10 17:52:45.699===
===开始判断额外/转自动条件2021-08-10 17:52:46.359===
===2021-08-10 17:52:46.965===
股票：603595指定时间段判断-额外参数：
	分组名称：1
	走势名称：时间段
		条件不成立(当前时间：2021-08-10 17:52:45.699,条件时段：09:30:00-13:00:00)
	结果：未满足
===2021-08-10 17:52:46.965===
===2021-08-10 17:52:47.122===
股票：603595板块涨跌幅判断-额外参数：
	分组名称：1
	走势名称：发
		条件不成立(不符合板块涨跌幅条件)
	结果：未满足，返回code：-1
===2021-08-10 17:52:49.413===
额外条件未满足


===============================================

==============2021-08-10 17:53:04==============
===6开始执行条件2021-08-10 17:53:01.168===
===开始判断价格条件2021-08-10 17:53:01.168===
===开始判断额外/转自动条件2021-08-10 17:53:02.219===
===2021-08-10 17:53:03.220===
股票：603595指定时间段判断-额外参数：
	分组名称：1
	走势名称：时间段
		条件不成立(当前时间：2021-08-10 17:53:01.167,条件时段：09:30:00-13:00:00)
	结果：未满足
===2021-08-10 17:53:03.220===
===2021-08-10 17:53:03.276===
股票：603595板块涨跌幅判断-额外参数：
	分组名称：1
	走势名称：发
		条件不成立(不符合板块涨跌幅条件)
	结果：未满足，返回code：-1
===2021-08-10 17:53:04.847===
额外条件未满足


===============================================

==============2021-08-10 17:53:16==============
===6开始执行条件2021-08-10 17:53:15.106===
===开始判断价格条件2021-08-10 17:53:15.106===
===开始判断额外/转自动条件2021-08-10 17:53:15.369===
===2021-08-10 17:53:15.779===
股票：603595指定时间段判断-额外参数：
	分组名称：1
	走势名称：时间段
		条件不成立(当前时间：2021-08-10 17:53:15.105,条件时段：09:30:00-13:00:00)
	结果：未满足
===2021-08-10 17:53:15.779===
===2021-08-10 17:53:15.837===
股票：603595板块涨跌幅判断-额外参数：
	分组名称：1
	走势名称：发
		条件不成立(不符合板块涨跌幅条件)
	结果：未满足，返回code：-1
===2021-08-10 17:53:16.325===
额外条件未满足


===============================================

==============2021-08-10 17:53:35==============
===6开始执行条件2021-08-10 17:53:33.248===
===开始判断价格条件2021-08-10 17:53:33.248===
===开始判断额外/转自动条件2021-08-10 17:53:33.657===
===2021-08-10 17:53:33.995===
股票：603595指定时间段判断-额外参数：
	分组名称：1
	走势名称：时间段
		条件不成立(当前时间：2021-08-10 17:53:33.247,条件时段：09:30:00-13:00:00)
	结果：未满足
===2021-08-10 17:53:33.995===
===2021-08-10 17:53:34.277===
股票：603595板块涨跌幅判断-额外参数：
	分组名称：1
	走势名称：发
		条件不成立(不符合板块涨跌幅条件)
	结果：未满足，返回code：-1
===2021-08-10 17:53:35.156===
额外条件未满足


===============================================

==============2021-08-10 17:53:48==============
===6开始执行条件2021-08-10 17:53:45.533===
===开始判断价格条件2021-08-10 17:53:45.533===
===开始判断额外/转自动条件2021-08-10 17:53:46.077===
===2021-08-10 17:53:46.546===
股票：603595指定时间段判断-额外参数：
	分组名称：1
	走势名称：时间段
		条件不成立(当前时间：2021-08-10 17:53:45.533,条件时段：09:30:00-13:00:00)
	结果：未满足
===2021-08-10 17:53:46.547===
===2021-08-10 17:53:46.879===
股票：603595板块涨跌幅判断-额外参数：
	分组名称：1
	走势名称：发
		条件不成立(不符合板块涨跌幅条件)
	结果：未满足，返回code：-1
===2021-08-10 17:53:48.878===
额外条件未满足


===============================================

==============2021-08-10 17:54:03==============
===6开始执行条件2021-08-10 17:54:02.638===
===开始判断价格条件2021-08-10 17:54:02.638===
===开始判断额外/转自动条件2021-08-10 17:54:02.893===
===2021-08-10 17:54:03.190===
股票：603595指定时间段判断-额外参数：
	分组名称：1
	走势名称：时间段
		条件不成立(当前时间：2021-08-10 17:54:02.636,条件时段：09:30:00-13:00:00)
	结果：未满足
===2021-08-10 17:54:03.190===
===2021-08-10 17:54:03.213===
股票：603595板块涨跌幅判断-额外参数：
	分组名称：1
	走势名称：发
		条件不成立(不符合板块涨跌幅条件)
	结果：未满足，返回code：-1
===2021-08-10 17:54:03.524===
额外条件未满足


===============================================

==============2021-08-10 17:54:19==============
===6开始执行条件2021-08-10 17:54:18.617===
===开始判断价格条件2021-08-10 17:54:18.617===
===开始判断额外/转自动条件2021-08-10 17:54:18.856===
===2021-08-10 17:54:19.018===
股票：603595指定时间段判断-额外参数：
	分组名称：1
	走势名称：时间段
		条件不成立(当前时间：2021-08-10 17:54:18.617,条件时段：09:30:00-13:00:00)
	结果：未满足
===2021-08-10 17:54:19.018===
===2021-08-10 17:54:19.052===
股票：603595板块涨跌幅判断-额外参数：
	分组名称：1
	走势名称：发
		条件不成立(不符合板块涨跌幅条件)
	结果：未满足，返回code：-1
===2021-08-10 17:54:19.783===
额外条件未满足


===============================================

