==============2021-08-06 14:26:44==============
===6开始执行条件2021-08-06 14:26:42.381===
===开始判断价格条件2021-08-06 14:26:42.381===
===开始判断额外/转自动条件2021-08-06 14:26:42.556===
===2021-08-06 14:26:42.685===
股票：603595指定时间段判断-额外参数：
	分组名称：1
	走势名称：时间段
		条件不成立(当前时间：2021-08-06 14:26:42.380,条件时段：09:30:00-13:00:00)
	结果：未满足
===2021-08-06 14:26:42.685===
===2021-08-06 14:26:42.713===
股票：603595板块涨跌幅判断-额外参数：
	分组名称：1
	走势名称：发
		条件不成立(不符合板块涨跌幅条件)
	结果：未满足，返回code：-1
===2021-08-06 14:26:44.165===
额外条件未满足


===============================================

==============2021-08-06 14:27:00==============
===6开始执行条件2021-08-06 14:26:56.192===
===开始判断价格条件2021-08-06 14:26:56.192===
===开始判断额外/转自动条件2021-08-06 14:26:57.201===
===2021-08-06 14:26:58.586===
股票：603595指定时间段判断-额外参数：
	分组名称：1
	走势名称：时间段
		条件不成立(当前时间：2021-08-06 14:26:56.191,条件时段：09:30:00-13:00:00)
	结果：未满足
===2021-08-06 14:26:58.586===
===2021-08-06 14:26:58.807===
股票：603595板块涨跌幅判断-额外参数：
	分组名称：1
	走势名称：发
		条件不成立(不符合板块涨跌幅条件)
	结果：未满足，返回code：-1
===2021-08-06 14:27:00.769===
额外条件未满足


===============================================

==============2021-08-06 14:29:22==============
===6开始执行条件2021-08-06 14:29:20.419===
===开始判断价格条件2021-08-06 14:29:20.419===
===开始判断额外/转自动条件2021-08-06 14:29:20.919===
===2021-08-06 14:29:21.065===
股票：603595指定时间段判断-额外参数：
	分组名称：1
	走势名称：时间段
		条件不成立(当前时间：2021-08-06 14:29:20.419,条件时段：09:30:00-13:00:00)
	结果：未满足
===2021-08-06 14:29:21.065===
===2021-08-06 14:29:21.147===
股票：603595板块涨跌幅判断-额外参数：
	分组名称：1
	走势名称：发
		条件不成立(不符合板块涨跌幅条件)
	结果：未满足，返回code：-1
===2021-08-06 14:29:22.257===
额外条件未满足


===============================================

==============2021-08-06 14:41:22==============
===6开始执行条件2021-08-06 14:41:20.913===
===开始判断价格条件2021-08-06 14:41:20.913===
===开始判断额外/转自动条件2021-08-06 14:41:21.162===
===2021-08-06 14:41:21.260===
股票：603595指定时间段判断-额外参数：
	分组名称：1
	走势名称：时间段
		条件不成立(当前时间：2021-08-06 14:41:20.912,条件时段：09:30:00-13:00:00)
	结果：未满足
===2021-08-06 14:41:21.260===
===2021-08-06 14:41:21.350===
股票：603595板块涨跌幅判断-额外参数：
	分组名称：1
	走势名称：发
		条件不成立(不符合板块涨跌幅条件)
	结果：未满足，返回code：-1
===2021-08-06 14:41:22.105===
额外条件未满足


===============================================

==============2021-08-06 14:43:20==============
===6开始执行条件2021-08-06 14:43:16.315===
===开始判断价格条件2021-08-06 14:43:16.315===
===开始判断额外/转自动条件2021-08-06 14:43:17.792===
===2021-08-06 14:43:17.897===
股票：603595指定时间段判断-额外参数：
	分组名称：1
	走势名称：时间段
		条件不成立(当前时间：2021-08-06 14:43:16.315,条件时段：09:30:00-13:00:00)
	结果：未满足
===2021-08-06 14:43:17.897===
===2021-08-06 14:43:18.001===
股票：603595板块涨跌幅判断-额外参数：
	分组名称：1
	走势名称：发
		条件不成立(不符合板块涨跌幅条件)
	结果：未满足，返回code：-1
===2021-08-06 14:43:20.123===
额外条件未满足


===============================================

==============2021-08-06 15:12:50==============
===6开始执行条件2021-08-06 15:12:49.908===
===开始判断价格条件2021-08-06 15:12:49.908===
===开始判断额外/转自动条件2021-08-06 15:12:50.088===
===2021-08-06 15:12:50.189===
股票：603595指定时间段判断-额外参数：
	分组名称：1
	走势名称：时间段
		条件不成立(当前时间：2021-08-06 15:12:49.907,条件时段：09:30:00-13:00:00)
	结果：未满足
===2021-08-06 15:12:50.189===
===2021-08-06 15:12:50.233===
股票：603595板块涨跌幅判断-额外参数：
	分组名称：1
	走势名称：发
		条件不成立(不符合板块涨跌幅条件)
	结果：未满足，返回code：-1
===2021-08-06 15:12:50.596===
额外条件未满足


===============================================

==============2021-08-06 15:14:10==============
===6开始执行条件2021-08-06 15:14:08.875===
===开始判断价格条件2021-08-06 15:14:08.875===
===开始判断额外/转自动条件2021-08-06 15:14:09.140===
===2021-08-06 15:14:09.456===
股票：603595指定时间段判断-额外参数：
	分组名称：1
	走势名称：时间段
		条件不成立(当前时间：2021-08-06 15:14:08.875,条件时段：09:30:00-13:00:00)
	结果：未满足
===2021-08-06 15:14:09.456===
===2021-08-06 15:14:09.547===
股票：603595板块涨跌幅判断-额外参数：
	分组名称：1
	走势名称：发
		条件不成立(不符合板块涨跌幅条件)
	结果：未满足，返回code：-1
===2021-08-06 15:14:10.268===
额外条件未满足


===============================================

==============2021-08-06 15:28:37==============
===6开始执行条件2021-08-06 15:28:34.570===
===开始判断价格条件2021-08-06 15:28:34.570===
===开始判断额外/转自动条件2021-08-06 15:28:34.942===
===2021-08-06 15:28:35.550===
股票：603595指定时间段判断-额外参数：
	分组名称：1
	走势名称：时间段
		条件不成立(当前时间：2021-08-06 15:28:34.570,条件时段：09:30:00-13:00:00)
	结果：未满足
===2021-08-06 15:28:35.550===
===2021-08-06 15:28:35.695===
股票：603595板块涨跌幅判断-额外参数：
	分组名称：1
	走势名称：发
		条件不成立(不符合板块涨跌幅条件)
	结果：未满足，返回code：-1
===2021-08-06 15:28:37.791===
额外条件未满足


===============================================

==============2021-08-06 15:30:04==============
===6开始执行条件2021-08-06 15:30:03.670===
===开始判断价格条件2021-08-06 15:30:03.670===
===开始判断额外/转自动条件2021-08-06 15:30:03.910===
===2021-08-06 15:30:03.974===
股票：603595指定时间段判断-额外参数：
	分组名称：1
	走势名称：时间段
		条件不成立(当前时间：2021-08-06 15:30:03.664,条件时段：09:30:00-13:00:00)
	结果：未满足
===2021-08-06 15:30:03.974===
===2021-08-06 15:30:04.011===
股票：603595板块涨跌幅判断-额外参数：
	分组名称：1
	走势名称：发
		条件不成立(不符合板块涨跌幅条件)
	结果：未满足，返回code：-1
===2021-08-06 15:30:04.839===
额外条件未满足


===============================================

==============2021-08-06 15:30:26==============
===6开始执行条件2021-08-06 15:30:22.739===
===开始判断价格条件2021-08-06 15:30:22.739===
===开始判断额外/转自动条件2021-08-06 15:30:23.734===
===2021-08-06 15:30:23.954===
股票：603595指定时间段判断-额外参数：
	分组名称：1
	走势名称：时间段
		条件不成立(当前时间：2021-08-06 15:30:22.739,条件时段：09:30:00-13:00:00)
	结果：未满足
===2021-08-06 15:30:23.954===
===2021-08-06 15:30:24.111===
股票：603595板块涨跌幅判断-额外参数：
	分组名称：1
	走势名称：发
		条件不成立(不符合板块涨跌幅条件)
	结果：未满足，返回code：-1
===2021-08-06 15:30:26.812===
额外条件未满足


===============================================

==============2021-08-06 15:30:43==============
===6开始执行条件2021-08-06 15:30:42.510===
===开始判断价格条件2021-08-06 15:30:42.510===
===开始判断额外/转自动条件2021-08-06 15:30:43.116===
===2021-08-06 15:30:43.183===
股票：603595指定时间段判断-额外参数：
	分组名称：1
	走势名称：时间段
		条件不成立(当前时间：2021-08-06 15:30:42.510,条件时段：09:30:00-13:00:00)
	结果：未满足
===2021-08-06 15:30:43.189===
===2021-08-06 15:30:43.225===
股票：603595板块涨跌幅判断-额外参数：
	分组名称：1
	走势名称：发
		条件不成立(不符合板块涨跌幅条件)
	结果：未满足，返回code：-1
===2021-08-06 15:30:43.529===
额外条件未满足


===============================================

==============2021-08-06 15:31:04==============
===6开始执行条件2021-08-06 15:31:00.654===
===开始判断价格条件2021-08-06 15:31:00.654===
===开始判断额外/转自动条件2021-08-06 15:31:01.433===
===2021-08-06 15:31:01.768===
股票：603595指定时间段判断-额外参数：
	分组名称：1
	走势名称：时间段
		条件不成立(当前时间：2021-08-06 15:31:00.654,条件时段：09:30:00-13:00:00)
	结果：未满足
===2021-08-06 15:31:01.768===
===2021-08-06 15:31:01.909===
股票：603595板块涨跌幅判断-额外参数：
	分组名称：1
	走势名称：发
		条件不成立(不符合板块涨跌幅条件)
	结果：未满足，返回code：-1
===2021-08-06 15:31:04.558===
额外条件未满足


===============================================

==============2021-08-06 15:31:19==============
===6开始执行条件2021-08-06 15:31:18.385===
===开始判断价格条件2021-08-06 15:31:18.385===
===开始判断额外/转自动条件2021-08-06 15:31:18.815===
===2021-08-06 15:31:18.871===
股票：603595指定时间段判断-额外参数：
	分组名称：1
	走势名称：时间段
		条件不成立(当前时间：2021-08-06 15:31:18.384,条件时段：09:30:00-13:00:00)
	结果：未满足
===2021-08-06 15:31:18.871===
===2021-08-06 15:31:18.918===
股票：603595板块涨跌幅判断-额外参数：
	分组名称：1
	走势名称：发
		条件不成立(不符合板块涨跌幅条件)
	结果：未满足，返回code：-1
===2021-08-06 15:31:19.476===
额外条件未满足


===============================================

==============2021-08-06 15:31:40==============
===6开始执行条件2021-08-06 15:31:37.491===
===开始判断价格条件2021-08-06 15:31:37.491===
===开始判断额外/转自动条件2021-08-06 15:31:38.092===
===2021-08-06 15:31:38.300===
股票：603595指定时间段判断-额外参数：
	分组名称：1
	走势名称：时间段
		条件不成立(当前时间：2021-08-06 15:31:37.491,条件时段：09:30:00-13:00:00)
	结果：未满足
===2021-08-06 15:31:38.300===
===2021-08-06 15:31:38.341===
股票：603595板块涨跌幅判断-额外参数：
	分组名称：1
	走势名称：发
		条件不成立(不符合板块涨跌幅条件)
	结果：未满足，返回code：-1
===2021-08-06 15:31:40.769===
额外条件未满足


===============================================

==============2021-08-06 15:32:00==============
===6开始执行条件2021-08-06 15:31:56.166===
===开始判断价格条件2021-08-06 15:31:56.166===
===开始判断额外/转自动条件2021-08-06 15:31:57.254===
===2021-08-06 15:31:57.904===
股票：603595指定时间段判断-额外参数：
	分组名称：1
	走势名称：时间段
		条件不成立(当前时间：2021-08-06 15:31:56.166,条件时段：09:30:00-13:00:00)
	结果：未满足
===2021-08-06 15:31:57.904===
===2021-08-06 15:31:58.691===
股票：603595板块涨跌幅判断-额外参数：
	分组名称：1
	走势名称：发
		条件不成立(不符合板块涨跌幅条件)
	结果：未满足，返回code：-1
===2021-08-06 15:32:00.294===
额外条件未满足


===============================================

==============2021-08-06 15:32:44==============
===6开始执行条件2021-08-06 15:32:43.303===
===开始判断价格条件2021-08-06 15:32:43.303===
===开始判断额外/转自动条件2021-08-06 15:32:43.731===
===2021-08-06 15:32:43.767===
股票：603595指定时间段判断-额外参数：
	分组名称：1
	走势名称：时间段
		条件不成立(当前时间：2021-08-06 15:32:43.303,条件时段：09:30:00-13:00:00)
	结果：未满足
===2021-08-06 15:32:43.767===
===2021-08-06 15:32:43.795===
股票：603595板块涨跌幅判断-额外参数：
	分组名称：1
	走势名称：发
		条件不成立(不符合板块涨跌幅条件)
	结果：未满足，返回code：-1
===2021-08-06 15:32:44.336===
额外条件未满足


===============================================

==============2021-08-06 15:38:37==============
===6开始执行条件2021-08-06 15:38:35.405===
===开始判断价格条件2021-08-06 15:38:35.405===
===开始判断额外/转自动条件2021-08-06 15:38:35.858===
===2021-08-06 15:38:36.521===
股票：603595指定时间段判断-额外参数：
	分组名称：1
	走势名称：时间段
		条件不成立(当前时间：2021-08-06 15:38:35.399,条件时段：09:30:00-13:00:00)
	结果：未满足
===2021-08-06 15:38:36.521===
===2021-08-06 15:38:36.606===
股票：603595板块涨跌幅判断-额外参数：
	分组名称：1
	走势名称：发
		条件不成立(不符合板块涨跌幅条件)
	结果：未满足，返回code：-1
===2021-08-06 15:38:37.136===
额外条件未满足


===============================================

==============2021-08-06 15:40:26==============
===6开始执行条件2021-08-06 15:40:23.989===
===开始判断价格条件2021-08-06 15:40:23.989===
===开始判断额外/转自动条件2021-08-06 15:40:25.417===
===2021-08-06 15:40:25.701===
股票：603595指定时间段判断-额外参数：
	分组名称：1
	走势名称：时间段
		条件不成立(当前时间：2021-08-06 15:40:23.989,条件时段：09:30:00-13:00:00)
	结果：未满足
===2021-08-06 15:40:25.787===
===2021-08-06 15:40:25.932===
股票：603595板块涨跌幅判断-额外参数：
	分组名称：1
	走势名称：发
		条件不成立(不符合板块涨跌幅条件)
	结果：未满足，返回code：-1
===2021-08-06 15:40:26.495===
额外条件未满足


===============================================

