==============2021-08-09 10:08:59==============
===6开始执行条件2021-08-09 10:08:54.553===
===开始判断价格条件2021-08-09 10:08:54.553===
===开始判断额外/转自动条件2021-08-09 10:08:57.644===
===2021-08-09 10:08:58.420===
股票：603595指定时间段判断-额外参数：
	分组名称：1
	走势名称：时间段
		条件成立(当前时间：2021-08-09 10:08:54.552,条件时段：09:30:00-13:00:00)
	结果：达到要求
===2021-08-09 10:08:58.749===
===2021-08-09 10:08:59.845===
股票：603595多头向上判断-转自动参数：
	分组名称：2
	走势名称：多头向上
	结果：未满足，返回code：0
===2021-08-09 10:08:59.845===
满足所有条件，可以触发


===============================================

==============2021-08-09 10:10:56==============
===6开始执行条件2021-08-09 10:10:55.356===
===开始判断价格条件2021-08-09 10:10:55.356===
===开始判断额外/转自动条件2021-08-09 10:10:56.000===
===2021-08-09 10:10:56.742===
股票：603595指定时间段判断-额外参数：
	分组名称：1
	走势名称：时间段
		条件成立(当前时间：2021-08-09 10:10:55.356,条件时段：09:30:00-13:00:00)
	结果：达到要求
===2021-08-09 10:10:56.830===
===2021-08-09 10:10:56.921===
股票：603595多头向上判断-转自动参数：
	分组名称：2
	走势名称：多头向上
	结果：未满足，返回code：0
===2021-08-09 10:10:56.921===
满足所有条件，可以触发


===============================================

==============2021-08-09 10:11:06==============
===6开始执行条件2021-08-09 10:11:06.083===
===开始判断价格条件2021-08-09 10:11:06.083===
===开始判断额外/转自动条件2021-08-09 10:11:06.158===
===2021-08-09 10:11:06.219===
股票：603595指定时间段判断-额外参数：
	分组名称：1
	走势名称：时间段
		条件成立(当前时间：2021-08-09 10:11:06.076,条件时段：09:30:00-13:00:00)
	结果：达到要求
===2021-08-09 10:11:06.625===
===2021-08-09 10:11:06.680===
股票：603595多头向上判断-转自动参数：
	分组名称：2
	走势名称：多头向上
	结果：未满足，返回code：0
===2021-08-09 10:11:06.680===
满足所有条件，可以触发


===============================================

==============2021-08-09 10:11:24==============
===6开始执行条件2021-08-09 10:11:22.050===
===开始判断价格条件2021-08-09 10:11:22.050===
===开始判断额外/转自动条件2021-08-09 10:11:22.616===
===2021-08-09 10:11:23.077===
股票：603595指定时间段判断-额外参数：
	分组名称：1
	走势名称：时间段
		条件成立(当前时间：2021-08-09 10:11:22.049,条件时段：09:30:00-13:00:00)
	结果：达到要求
===2021-08-09 10:11:23.591===
===2021-08-09 10:11:24.023===
股票：603595多头向上判断-转自动参数：
	分组名称：2
	走势名称：多头向上
	结果：未满足，返回code：0
===2021-08-09 10:11:24.023===
满足所有条件，可以触发


===============================================

==============2021-08-09 11:02:43==============
===6开始执行条件2021-08-09 11:02:42.715===
===开始判断价格条件2021-08-09 11:02:42.715===
===开始判断额外/转自动条件2021-08-09 11:02:42.863===
===2021-08-09 11:02:42.971===
股票：603595指定时间段判断-额外参数：
	分组名称：1
	走势名称：时间段
		条件成立(当前时间：2021-08-09 11:02:42.715,条件时段：09:30:00-13:00:00)
	结果：达到要求
===2021-08-09 11:02:43.058===
===2021-08-09 11:02:43.208===
股票：603595多头向上判断-转自动参数：
	分组名称：2
	走势名称：多头向上
	结果：未满足，返回code：0
===2021-08-09 11:02:43.208===
满足所有条件，可以触发


===============================================

==============2021-08-09 11:03:15==============
===6开始执行条件2021-08-09 11:03:15.444===
===开始判断价格条件2021-08-09 11:03:15.444===
===开始判断额外/转自动条件2021-08-09 11:03:15.520===
===2021-08-09 11:03:15.576===
股票：603595指定时间段判断-额外参数：
	分组名称：1
	走势名称：时间段
		条件成立(当前时间：2021-08-09 11:03:15.444,条件时段：09:30:00-13:00:00)
	结果：达到要求
===2021-08-09 11:03:15.684===
===2021-08-09 11:03:15.829===
股票：603595多头向上判断-转自动参数：
	分组名称：2
	走势名称：多头向上
	结果：未满足，返回code：0
===2021-08-09 11:03:15.829===
满足所有条件，可以触发


===============================================

==============2021-08-09 11:03:31==============
===6开始执行条件2021-08-09 11:03:30.291===
===开始判断价格条件2021-08-09 11:03:30.291===
===开始判断额外/转自动条件2021-08-09 11:03:30.736===
===2021-08-09 11:03:30.883===
股票：603595指定时间段判断-额外参数：
	分组名称：1
	走势名称：时间段
		条件成立(当前时间：2021-08-09 11:03:30.290,条件时段：09:30:00-13:00:00)
	结果：达到要求
===2021-08-09 11:03:31.215===
===2021-08-09 11:03:31.665===
股票：603595多头向上判断-转自动参数：
	分组名称：2
	走势名称：多头向上
	结果：未满足，返回code：0
===2021-08-09 11:03:31.665===
满足所有条件，可以触发


===============================================

