==============2021-08-11 10:28:34==============
===6开始执行条件2021-08-11 10:28:33.408===
===开始判断价格条件2021-08-11 10:28:33.408===
===开始判断额外/转自动条件2021-08-11 10:28:33.695===
===2021-08-11 10:28:33.878===
股票：603595指定时间段判断-额外参数：
	分组名称：1
	走势名称：时间段
		条件成立(当前时间：2021-08-11 10:28:33.407,条件时段：09:30:00-13:00:00)
	结果：达到要求
===2021-08-11 10:28:34.054===
===2021-08-11 10:28:34.187===
股票：603595多头向上判断-转自动参数：
	分组名称：2
	走势名称：多头向上
	结果：未满足，返回code：0
===2021-08-11 10:28:34.187===
满足所有条件，可以触发


===============================================

==============2021-08-11 10:28:51==============
===6开始执行条件2021-08-11 10:28:51.197===
===开始判断价格条件2021-08-11 10:28:51.197===
===开始判断额外/转自动条件2021-08-11 10:28:51.358===
===2021-08-11 10:28:51.427===
股票：603595指定时间段判断-额外参数：
	分组名称：1
	走势名称：时间段
		条件成立(当前时间：2021-08-11 10:28:51.196,条件时段：09:30:00-13:00:00)
	结果：达到要求
===2021-08-11 10:28:51.590===
===2021-08-11 10:28:51.791===
股票：603595多头向上判断-转自动参数：
	分组名称：2
	走势名称：多头向上
	结果：未满足，返回code：0
===2021-08-11 10:28:51.791===
满足所有条件，可以触发


===============================================

==============2021-08-11 10:29:01==============
===6开始执行条件2021-08-11 10:29:00.440===
===开始判断价格条件2021-08-11 10:29:00.440===
===开始判断额外/转自动条件2021-08-11 10:29:00.644===
===2021-08-11 10:29:00.763===
股票：603595指定时间段判断-额外参数：
	分组名称：1
	走势名称：时间段
		条件成立(当前时间：2021-08-11 10:29:00.438,条件时段：09:30:00-13:00:00)
	结果：达到要求
===2021-08-11 10:29:00.835===
===2021-08-11 10:29:01.224===
股票：603595多头向上判断-转自动参数：
	分组名称：2
	走势名称：多头向上
	结果：未满足，返回code：0
===2021-08-11 10:29:01.224===
满足所有条件，可以触发


===============================================

==============2021-08-11 10:29:45==============
===6开始执行条件2021-08-11 10:29:43.131===
===开始判断价格条件2021-08-11 10:29:43.131===
===开始判断额外/转自动条件2021-08-11 10:29:43.813===
===2021-08-11 10:29:44.373===
股票：603595指定时间段判断-额外参数：
	分组名称：1
	走势名称：时间段
		条件成立(当前时间：2021-08-11 10:29:43.131,条件时段：09:30:00-13:00:00)
	结果：达到要求
===2021-08-11 10:29:44.673===
===2021-08-11 10:29:45.000===
股票：603595多头向上判断-转自动参数：
	分组名称：2
	走势名称：多头向上
	结果：未满足，返回code：0
===2021-08-11 10:29:45.000===
满足所有条件，可以触发


===============================================

==============2021-08-11 10:29:57==============
===6开始执行条件2021-08-11 10:29:54.283===
===开始判断价格条件2021-08-11 10:29:54.283===
===开始判断额外/转自动条件2021-08-11 10:29:54.956===
===2021-08-11 10:29:55.483===
股票：603595指定时间段判断-额外参数：
	分组名称：1
	走势名称：时间段
		条件成立(当前时间：2021-08-11 10:29:54.256,条件时段：09:30:00-13:00:00)
	结果：达到要求
===2021-08-11 10:29:55.700===
===2021-08-11 10:29:57.502===
股票：603595多头向上判断-转自动参数：
	分组名称：2
	走势名称：多头向上
	结果：未满足，返回code：0
===2021-08-11 10:29:57.502===
满足所有条件，可以触发


===============================================

==============2021-08-11 10:30:08==============
===6开始执行条件2021-08-11 10:30:07.625===
===开始判断价格条件2021-08-11 10:30:07.625===
===开始判断额外/转自动条件2021-08-11 10:30:07.776===
===2021-08-11 10:30:07.982===
股票：603595指定时间段判断-额外参数：
	分组名称：1
	走势名称：时间段
		条件成立(当前时间：2021-08-11 10:30:07.625,条件时段：09:30:00-13:00:00)
	结果：达到要求
===2021-08-11 10:30:08.275===
===2021-08-11 10:30:08.404===
股票：603595多头向上判断-转自动参数：
	分组名称：2
	走势名称：多头向上
	结果：未满足，返回code：0
===2021-08-11 10:30:08.404===
满足所有条件，可以触发


===============================================

==============2021-08-11 10:30:15==============
===6开始执行条件2021-08-11 10:30:14.274===
===开始判断价格条件2021-08-11 10:30:14.274===
===开始判断额外/转自动条件2021-08-11 10:30:14.613===
===2021-08-11 10:30:14.871===
股票：603595指定时间段判断-额外参数：
	分组名称：1
	走势名称：时间段
		条件成立(当前时间：2021-08-11 10:30:14.274,条件时段：09:30:00-13:00:00)
	结果：达到要求
===2021-08-11 10:30:15.044===
===2021-08-11 10:30:15.300===
股票：603595多头向上判断-转自动参数：
	分组名称：2
	走势名称：多头向上
	结果：未满足，返回code：0
===2021-08-11 10:30:15.300===
满足所有条件，可以触发


===============================================

==============2021-08-11 10:30:30==============
===6开始执行条件2021-08-11 10:30:30.325===
===开始判断价格条件2021-08-11 10:30:30.325===
===开始判断额外/转自动条件2021-08-11 10:30:30.574===
===2021-08-11 10:30:30.683===
股票：603595指定时间段判断-额外参数：
	分组名称：1
	走势名称：时间段
		条件成立(当前时间：2021-08-11 10:30:30.324,条件时段：09:30:00-13:00:00)
	结果：达到要求
===2021-08-11 10:30:30.791===
===2021-08-11 10:30:30.939===
股票：603595多头向上判断-转自动参数：
	分组名称：2
	走势名称：多头向上
	结果：未满足，返回code：0
===2021-08-11 10:30:30.939===
满足所有条件，可以触发


===============================================

==============2021-08-11 10:30:42==============
===6开始执行条件2021-08-11 10:30:41.762===
===开始判断价格条件2021-08-11 10:30:41.762===
===开始判断额外/转自动条件2021-08-11 10:30:41.947===
===2021-08-11 10:30:41.999===
股票：603595指定时间段判断-额外参数：
	分组名称：1
	走势名称：时间段
		条件成立(当前时间：2021-08-11 10:30:41.761,条件时段：09:30:00-13:00:00)
	结果：达到要求
===2021-08-11 10:30:42.091===
===2021-08-11 10:30:42.223===
股票：603595多头向上判断-转自动参数：
	分组名称：2
	走势名称：多头向上
	结果：未满足，返回code：0
===2021-08-11 10:30:42.223===
满足所有条件，可以触发


===============================================

==============2021-08-11 10:30:51==============
===6开始执行条件2021-08-11 10:30:51.014===
===开始判断价格条件2021-08-11 10:30:51.014===
===开始判断额外/转自动条件2021-08-11 10:30:51.108===
===2021-08-11 10:30:51.217===
股票：603595指定时间段判断-额外参数：
	分组名称：1
	走势名称：时间段
		条件成立(当前时间：2021-08-11 10:30:51.014,条件时段：09:30:00-13:00:00)
	结果：达到要求
===2021-08-11 10:30:51.303===
===2021-08-11 10:30:51.373===
股票：603595多头向上判断-转自动参数：
	分组名称：2
	走势名称：多头向上
	结果：未满足，返回code：0
===2021-08-11 10:30:51.373===
满足所有条件，可以触发


===============================================

==============2021-08-11 10:30:58==============
===6开始执行条件2021-08-11 10:30:58.150===
===开始判断价格条件2021-08-11 10:30:58.150===
===开始判断额外/转自动条件2021-08-11 10:30:58.215===
===2021-08-11 10:30:58.265===
股票：603595指定时间段判断-额外参数：
	分组名称：1
	走势名称：时间段
		条件成立(当前时间：2021-08-11 10:30:58.150,条件时段：09:30:00-13:00:00)
	结果：达到要求
===2021-08-11 10:30:58.612===
===2021-08-11 10:30:58.817===
股票：603595多头向上判断-转自动参数：
	分组名称：2
	走势名称：多头向上
	结果：未满足，返回code：0
===2021-08-11 10:30:58.817===
满足所有条件，可以触发


===============================================

==============2021-08-11 10:31:17==============
===6开始执行条件2021-08-11 10:31:16.982===
===开始判断价格条件2021-08-11 10:31:16.982===
===开始判断额外/转自动条件2021-08-11 10:31:17.241===
===2021-08-11 10:31:17.406===
股票：603595指定时间段判断-额外参数：
	分组名称：1
	走势名称：时间段
		条件成立(当前时间：2021-08-11 10:31:16.982,条件时段：09:30:00-13:00:00)
	结果：达到要求
===2021-08-11 10:31:17.787===
===2021-08-11 10:31:17.984===
股票：603595多头向上判断-转自动参数：
	分组名称：2
	走势名称：多头向上
	结果：未满足，返回code：0
===2021-08-11 10:31:17.984===
满足所有条件，可以触发


===============================================

==============2021-08-11 10:31:24==============
===6开始执行条件2021-08-11 10:31:23.091===
===开始判断价格条件2021-08-11 10:31:23.091===
===开始判断额外/转自动条件2021-08-11 10:31:23.210===
===2021-08-11 10:31:23.450===
股票：603595指定时间段判断-额外参数：
	分组名称：1
	走势名称：时间段
		条件成立(当前时间：2021-08-11 10:31:23.090,条件时段：09:30:00-13:00:00)
	结果：达到要求
===2021-08-11 10:31:23.729===
===2021-08-11 10:31:24.185===
股票：603595多头向上判断-转自动参数：
	分组名称：2
	走势名称：多头向上
	结果：未满足，返回code：0
===2021-08-11 10:31:24.185===
满足所有条件，可以触发


===============================================

==============2021-08-11 10:31:31==============
===6开始执行条件2021-08-11 10:31:30.842===
===开始判断价格条件2021-08-11 10:31:30.842===
===开始判断额外/转自动条件2021-08-11 10:31:31.098===
===2021-08-11 10:31:31.237===
股票：603595指定时间段判断-额外参数：
	分组名称：1
	走势名称：时间段
		条件成立(当前时间：2021-08-11 10:31:30.842,条件时段：09:30:00-13:00:00)
	结果：达到要求
===2021-08-11 10:31:31.298===
===2021-08-11 10:31:31.352===
股票：603595多头向上判断-转自动参数：
	分组名称：2
	走势名称：多头向上
	结果：未满足，返回code：0
===2021-08-11 10:31:31.352===
满足所有条件，可以触发


===============================================

==============2021-08-11 10:31:43==============
===6开始执行条件2021-08-11 10:31:41.027===
===开始判断价格条件2021-08-11 10:31:41.027===
===开始判断额外/转自动条件2021-08-11 10:31:41.352===
===2021-08-11 10:31:41.645===
股票：603595指定时间段判断-额外参数：
	分组名称：1
	走势名称：时间段
		条件成立(当前时间：2021-08-11 10:31:41.027,条件时段：09:30:00-13:00:00)
	结果：达到要求
===2021-08-11 10:31:42.288===
===2021-08-11 10:31:43.502===
股票：603595多头向上判断-转自动参数：
	分组名称：2
	走势名称：多头向上
	结果：未满足，返回code：0
===2021-08-11 10:31:43.502===
满足所有条件，可以触发


===============================================

==============2021-08-11 10:32:00==============
===6开始执行条件2021-08-11 10:31:57.541===
===开始判断价格条件2021-08-11 10:31:57.541===
===开始判断额外/转自动条件2021-08-11 10:31:58.220===
===2021-08-11 10:31:58.483===
股票：603595指定时间段判断-额外参数：
	分组名称：1
	走势名称：时间段
		条件成立(当前时间：2021-08-11 10:31:57.540,条件时段：09:30:00-13:00:00)
	结果：达到要求
===2021-08-11 10:31:59.333===
===2021-08-11 10:32:00.526===
股票：603595多头向上判断-转自动参数：
	分组名称：2
	走势名称：多头向上
	结果：未满足，返回code：0
===2021-08-11 10:32:00.526===
满足所有条件，可以触发


===============================================

==============2021-08-11 10:32:17==============
===6开始执行条件2021-08-11 10:32:16.222===
===开始判断价格条件2021-08-11 10:32:16.222===
===开始判断额外/转自动条件2021-08-11 10:32:16.726===
===2021-08-11 10:32:16.844===
股票：603595指定时间段判断-额外参数：
	分组名称：1
	走势名称：时间段
		条件成立(当前时间：2021-08-11 10:32:16.222,条件时段：09:30:00-13:00:00)
	结果：达到要求
===2021-08-11 10:32:17.089===
===2021-08-11 10:32:17.344===
股票：603595多头向上判断-转自动参数：
	分组名称：2
	走势名称：多头向上
	结果：未满足，返回code：0
===2021-08-11 10:32:17.344===
满足所有条件，可以触发


===============================================

==============2021-08-11 10:32:44==============
===6开始执行条件2021-08-11 10:32:43.697===
===开始判断价格条件2021-08-11 10:32:43.697===
===开始判断额外/转自动条件2021-08-11 10:32:43.821===
===2021-08-11 10:32:43.963===
股票：603595指定时间段判断-额外参数：
	分组名称：1
	走势名称：时间段
		条件成立(当前时间：2021-08-11 10:32:43.696,条件时段：09:30:00-13:00:00)
	结果：达到要求
===2021-08-11 10:32:44.078===
===2021-08-11 10:32:44.268===
股票：603595多头向上判断-转自动参数：
	分组名称：2
	走势名称：多头向上
	结果：未满足，返回code：0
===2021-08-11 10:32:44.268===
满足所有条件，可以触发


===============================================

==============2021-08-11 10:32:57==============
===6开始执行条件2021-08-11 10:32:57.095===
===开始判断价格条件2021-08-11 10:32:57.095===
===开始判断额外/转自动条件2021-08-11 10:32:57.166===
===2021-08-11 10:32:57.214===
股票：603595指定时间段判断-额外参数：
	分组名称：1
	走势名称：时间段
		条件成立(当前时间：2021-08-11 10:32:57.094,条件时段：09:30:00-13:00:00)
	结果：达到要求
===2021-08-11 10:32:57.273===
===2021-08-11 10:32:57.374===
股票：603595多头向上判断-转自动参数：
	分组名称：2
	走势名称：多头向上
	结果：未满足，返回code：0
===2021-08-11 10:32:57.374===
满足所有条件，可以触发


===============================================

==============2021-08-11 10:33:06==============
===6开始执行条件2021-08-11 10:33:05.721===
===开始判断价格条件2021-08-11 10:33:05.721===
===开始判断额外/转自动条件2021-08-11 10:33:05.893===
===2021-08-11 10:33:05.960===
股票：603595指定时间段判断-额外参数：
	分组名称：1
	走势名称：时间段
		条件成立(当前时间：2021-08-11 10:33:05.681,条件时段：09:30:00-13:00:00)
	结果：达到要求
===2021-08-11 10:33:06.025===
===2021-08-11 10:33:06.130===
股票：603595多头向上判断-转自动参数：
	分组名称：2
	走势名称：多头向上
	结果：未满足，返回code：0
===2021-08-11 10:33:06.131===
满足所有条件，可以触发


===============================================

==============2021-08-11 10:33:18==============
===6开始执行条件2021-08-11 10:33:15.954===
===开始判断价格条件2021-08-11 10:33:15.954===
===开始判断额外/转自动条件2021-08-11 10:33:17.382===
===2021-08-11 10:33:17.974===
股票：603595指定时间段判断-额外参数：
	分组名称：1
	走势名称：时间段
		条件成立(当前时间：2021-08-11 10:33:15.953,条件时段：09:30:00-13:00:00)
	结果：达到要求
===2021-08-11 10:33:18.352===
===2021-08-11 10:33:18.733===
股票：603595多头向上判断-转自动参数：
	分组名称：2
	走势名称：多头向上
	结果：未满足，返回code：0
===2021-08-11 10:33:18.734===
满足所有条件，可以触发


===============================================

==============2021-08-11 10:33:25==============
===6开始执行条件2021-08-11 10:33:24.018===
===开始判断价格条件2021-08-11 10:33:24.018===
===开始判断额外/转自动条件2021-08-11 10:33:24.425===
===2021-08-11 10:33:25.057===
股票：603595指定时间段判断-额外参数：
	分组名称：1
	走势名称：时间段
		条件成立(当前时间：2021-08-11 10:33:24.018,条件时段：09:30:00-13:00:00)
	结果：达到要求
===2021-08-11 10:33:25.416===
===2021-08-11 10:33:25.731===
股票：603595多头向上判断-转自动参数：
	分组名称：2
	走势名称：多头向上
	结果：未满足，返回code：0
===2021-08-11 10:33:25.731===
满足所有条件，可以触发


===============================================

==============2021-08-11 10:34:58==============
===6开始执行条件2021-08-11 10:34:57.503===
===开始判断价格条件2021-08-11 10:34:57.503===
===开始判断额外/转自动条件2021-08-11 10:34:57.716===
===2021-08-11 10:34:57.934===
股票：603595指定时间段判断-额外参数：
	分组名称：1
	走势名称：时间段
		条件成立(当前时间：2021-08-11 10:34:57.502,条件时段：09:30:00-13:00:00)
	结果：达到要求
===2021-08-11 10:34:58.081===
===2021-08-11 10:34:58.193===
股票：603595多头向上判断-转自动参数：
	分组名称：2
	走势名称：多头向上
	结果：未满足，返回code：0
===2021-08-11 10:34:58.193===
满足所有条件，可以触发


===============================================

==============2021-08-11 10:35:06==============
===6开始执行条件2021-08-11 10:35:06.084===
===开始判断价格条件2021-08-11 10:35:06.084===
===开始判断额外/转自动条件2021-08-11 10:35:06.198===
===2021-08-11 10:35:06.322===
股票：603595指定时间段判断-额外参数：
	分组名称：1
	走势名称：时间段
		条件成立(当前时间：2021-08-11 10:35:06.055,条件时段：09:30:00-13:00:00)
	结果：达到要求
===2021-08-11 10:35:06.459===
===2021-08-11 10:35:06.613===
股票：603595多头向上判断-转自动参数：
	分组名称：2
	走势名称：多头向上
	结果：未满足，返回code：0
===2021-08-11 10:35:06.613===
满足所有条件，可以触发


===============================================

==============2021-08-11 10:35:17==============
===6开始执行条件2021-08-11 10:35:16.606===
===开始判断价格条件2021-08-11 10:35:16.606===
===开始判断额外/转自动条件2021-08-11 10:35:16.755===
===2021-08-11 10:35:16.852===
股票：603595指定时间段判断-额外参数：
	分组名称：1
	走势名称：时间段
		条件成立(当前时间：2021-08-11 10:35:16.606,条件时段：09:30:00-13:00:00)
	结果：达到要求
===2021-08-11 10:35:17.105===
===2021-08-11 10:35:17.426===
股票：603595多头向上判断-转自动参数：
	分组名称：2
	走势名称：多头向上
	结果：未满足，返回code：0
===2021-08-11 10:35:17.426===
满足所有条件，可以触发


===============================================

==============2021-08-11 10:35:31==============
===6开始执行条件2021-08-11 10:35:29.312===
===开始判断价格条件2021-08-11 10:35:29.312===
===开始判断额外/转自动条件2021-08-11 10:35:30.142===
===2021-08-11 10:35:30.477===
股票：603595指定时间段判断-额外参数：
	分组名称：1
	走势名称：时间段
		条件成立(当前时间：2021-08-11 10:35:29.312,条件时段：09:30:00-13:00:00)
	结果：达到要求
===2021-08-11 10:35:30.815===
===2021-08-11 10:35:31.959===
股票：603595多头向上判断-转自动参数：
	分组名称：2
	走势名称：多头向上
	结果：未满足，返回code：0
===2021-08-11 10:35:31.999===
满足所有条件，可以触发


===============================================

==============2021-08-11 10:36:10==============
===6开始执行条件2021-08-11 10:35:54.712===
===开始判断价格条件2021-08-11 10:35:54.712===
===开始判断额外/转自动条件2021-08-11 10:36:01.744===
===2021-08-11 10:36:08.319===
股票：603595指定时间段判断-额外参数：
	分组名称：1
	走势名称：时间段
		条件成立(当前时间：2021-08-11 10:35:54.710,条件时段：09:30:00-13:00:00)
	结果：达到要求
===2021-08-11 10:36:09.539===
===2021-08-11 10:36:10.496===
股票：603595多头向上判断-转自动参数：
	分组名称：2
	走势名称：多头向上
	结果：未满足，返回code：0
===2021-08-11 10:36:10.496===
满足所有条件，可以触发


===============================================

==============2021-08-11 10:36:29==============
===6开始执行条件2021-08-11 10:36:25.992===
===开始判断价格条件2021-08-11 10:36:25.992===
===开始判断额外/转自动条件2021-08-11 10:36:27.037===
===2021-08-11 10:36:27.357===
股票：603595指定时间段判断-额外参数：
	分组名称：1
	走势名称：时间段
		条件成立(当前时间：2021-08-11 10:36:25.934,条件时段：09:30:00-13:00:00)
	结果：达到要求
===2021-08-11 10:36:27.920===
===2021-08-11 10:36:29.025===
股票：603595多头向上判断-转自动参数：
	分组名称：2
	走势名称：多头向上
	结果：未满足，返回code：0
===2021-08-11 10:36:29.025===
满足所有条件，可以触发


===============================================

==============2021-08-11 10:37:03==============
===6开始执行条件2021-08-11 10:37:01.806===
===开始判断价格条件2021-08-11 10:37:01.806===
===开始判断额外/转自动条件2021-08-11 10:37:02.220===
===2021-08-11 10:37:02.634===
股票：603595指定时间段判断-额外参数：
	分组名称：1
	走势名称：时间段
		条件成立(当前时间：2021-08-11 10:37:01.806,条件时段：09:30:00-13:00:00)
	结果：达到要求
===2021-08-11 10:37:02.867===
===2021-08-11 10:37:03.323===
股票：603595多头向上判断-转自动参数：
	分组名称：2
	走势名称：多头向上
	结果：未满足，返回code：0
===2021-08-11 10:37:03.323===
满足所有条件，可以触发


===============================================

