==============2021-08-10 17:41:06==============
===6开始执行条件2021-08-10 17:41:05.541===
===开始判断价格条件2021-08-10 17:41:05.541===
===开始判断额外/转自动条件2021-08-10 17:41:06.066===
===2021-08-10 17:41:06.245===
股票：003021指定时间段判断-额外参数：
	分组名称：1
	走势名称：时间段
		条件不成立(当前时间：2021-08-10 17:41:05.540,条件时段：09:30:00-13:00:00)
	结果：未满足
===2021-08-10 17:41:06.245===
===2021-08-10 17:41:06.274===
股票：003021板块涨跌幅判断-额外参数：
	分组名称：1
	走势名称：发
		条件不成立(不符合板块涨跌幅条件)
	结果：未满足，返回code：-1
===2021-08-10 17:41:06.812===
额外条件未满足


===============================================

==============2021-08-10 17:41:17==============
===6开始执行条件2021-08-10 17:41:16.889===
===开始判断价格条件2021-08-10 17:41:16.889===
===开始判断额外/转自动条件2021-08-10 17:41:17.011===
===2021-08-10 17:41:17.260===
股票：003021指定时间段判断-额外参数：
	分组名称：1
	走势名称：时间段
		条件不成立(当前时间：2021-08-10 17:41:16.888,条件时段：09:30:00-13:00:00)
	结果：未满足
===2021-08-10 17:41:17.260===
===2021-08-10 17:41:17.509===
股票：003021板块涨跌幅判断-额外参数：
	分组名称：1
	走势名称：发
		条件不成立(不符合板块涨跌幅条件)
	结果：未满足，返回code：-1
===2021-08-10 17:41:17.750===
额外条件未满足


===============================================

==============2021-08-10 17:41:59==============
===6开始执行条件2021-08-10 17:41:53.330===
===开始判断价格条件2021-08-10 17:41:53.330===
===开始判断额外/转自动条件2021-08-10 17:41:54.400===
===2021-08-10 17:41:54.976===
股票：003021指定时间段判断-额外参数：
	分组名称：1
	走势名称：时间段
		条件不成立(当前时间：2021-08-10 17:41:53.330,条件时段：09:30:00-13:00:00)
	结果：未满足
===2021-08-10 17:41:54.976===
===2021-08-10 17:41:55.184===
股票：003021板块涨跌幅判断-额外参数：
	分组名称：1
	走势名称：发
		条件不成立(不符合板块涨跌幅条件)
	结果：未满足，返回code：-1
===2021-08-10 17:41:59.273===
额外条件未满足


===============================================

==============2021-08-10 17:42:18==============
===6开始执行条件2021-08-10 17:42:12.314===
===开始判断价格条件2021-08-10 17:42:12.314===
===开始判断额外/转自动条件2021-08-10 17:42:13.227===
===2021-08-10 17:42:14.079===
股票：003021指定时间段判断-额外参数：
	分组名称：1
	走势名称：时间段
		条件不成立(当前时间：2021-08-10 17:42:12.314,条件时段：09:30:00-13:00:00)
	结果：未满足
===2021-08-10 17:42:14.079===
===2021-08-10 17:42:14.415===
股票：003021板块涨跌幅判断-额外参数：
	分组名称：1
	走势名称：发
		条件不成立(不符合板块涨跌幅条件)
	结果：未满足，返回code：-1
===2021-08-10 17:42:18.439===
额外条件未满足


===============================================

==============2021-08-10 17:44:07==============
===6开始执行条件2021-08-10 17:44:07.143===
===开始判断价格条件2021-08-10 17:44:07.143===
===开始判断额外/转自动条件2021-08-10 17:44:07.438===
===2021-08-10 17:44:07.519===
股票：003021指定时间段判断-额外参数：
	分组名称：1
	走势名称：时间段
		条件不成立(当前时间：2021-08-10 17:44:07.142,条件时段：09:30:00-13:00:00)
	结果：未满足
===2021-08-10 17:44:07.519===
===2021-08-10 17:44:07.548===
股票：003021板块涨跌幅判断-额外参数：
	分组名称：1
	走势名称：发
		条件不成立(不符合板块涨跌幅条件)
	结果：未满足，返回code：-1
===2021-08-10 17:44:07.964===
额外条件未满足


===============================================

==============2021-08-10 17:47:36==============
===6开始执行条件2021-08-10 17:47:33.530===
===开始判断价格条件2021-08-10 17:47:33.530===
===开始判断额外/转自动条件2021-08-10 17:47:34.132===
===2021-08-10 17:47:34.714===
股票：003021指定时间段判断-额外参数：
	分组名称：1
	走势名称：时间段
		条件不成立(当前时间：2021-08-10 17:47:33.530,条件时段：09:30:00-13:00:00)
	结果：未满足
===2021-08-10 17:47:34.714===
===2021-08-10 17:47:34.867===
股票：003021板块涨跌幅判断-额外参数：
	分组名称：1
	走势名称：发
		条件不成立(不符合板块涨跌幅条件)
	结果：未满足，返回code：-1
===2021-08-10 17:47:36.121===
额外条件未满足


===============================================

==============2021-08-10 17:47:54==============
===6开始执行条件2021-08-10 17:47:49.862===
===开始判断价格条件2021-08-10 17:47:49.862===
===开始判断额外/转自动条件2021-08-10 17:47:51.226===
===2021-08-10 17:47:51.750===
股票：003021指定时间段判断-额外参数：
	分组名称：1
	走势名称：时间段
		条件不成立(当前时间：2021-08-10 17:47:49.862,条件时段：09:30:00-13:00:00)
	结果：未满足
===2021-08-10 17:47:51.750===
===2021-08-10 17:47:52.256===
股票：003021板块涨跌幅判断-额外参数：
	分组名称：1
	走势名称：发
		条件不成立(不符合板块涨跌幅条件)
	结果：未满足，返回code：-1
===2021-08-10 17:47:54.314===
额外条件未满足


===============================================

==============2021-08-10 17:49:03==============
===6开始执行条件2021-08-10 17:49:02.105===
===开始判断价格条件2021-08-10 17:49:02.105===
===开始判断额外/转自动条件2021-08-10 17:49:02.467===
===2021-08-10 17:49:02.736===
股票：003021指定时间段判断-额外参数：
	分组名称：1
	走势名称：时间段
		条件不成立(当前时间：2021-08-10 17:49:02.105,条件时段：09:30:00-13:00:00)
	结果：未满足
===2021-08-10 17:49:02.736===
===2021-08-10 17:49:02.810===
股票：003021板块涨跌幅判断-额外参数：
	分组名称：1
	走势名称：发
		条件不成立(不符合板块涨跌幅条件)
	结果：未满足，返回code：-1
===2021-08-10 17:49:03.081===
额外条件未满足


===============================================

==============2021-08-10 17:49:22==============
===6开始执行条件2021-08-10 17:49:17.968===
===开始判断价格条件2021-08-10 17:49:17.968===
===开始判断额外/转自动条件2021-08-10 17:49:19.007===
===2021-08-10 17:49:19.515===
股票：003021指定时间段判断-额外参数：
	分组名称：1
	走势名称：时间段
		条件不成立(当前时间：2021-08-10 17:49:17.879,条件时段：09:30:00-13:00:00)
	结果：未满足
===2021-08-10 17:49:19.516===
===2021-08-10 17:49:19.632===
股票：003021板块涨跌幅判断-额外参数：
	分组名称：1
	走势名称：发
		条件不成立(不符合板块涨跌幅条件)
	结果：未满足，返回code：-1
===2021-08-10 17:49:22.102===
额外条件未满足


===============================================

==============2021-08-10 17:49:45==============
===6开始执行条件2021-08-10 17:49:41.489===
===开始判断价格条件2021-08-10 17:49:41.489===
===开始判断额外/转自动条件2021-08-10 17:49:42.806===
===2021-08-10 17:49:43.791===
股票：003021指定时间段判断-额外参数：
	分组名称：1
	走势名称：时间段
		条件不成立(当前时间：2021-08-10 17:49:41.489,条件时段：09:30:00-13:00:00)
	结果：未满足
===2021-08-10 17:49:43.791===
===2021-08-10 17:49:44.136===
股票：003021板块涨跌幅判断-额外参数：
	分组名称：1
	走势名称：发
		条件不成立(不符合板块涨跌幅条件)
	结果：未满足，返回code：-1
===2021-08-10 17:49:45.806===
额外条件未满足


===============================================

==============2021-08-10 17:50:11==============
===6开始执行条件2021-08-10 17:50:10.188===
===开始判断价格条件2021-08-10 17:50:10.188===
===开始判断额外/转自动条件2021-08-10 17:50:10.484===
===2021-08-10 17:50:10.638===
股票：003021指定时间段判断-额外参数：
	分组名称：1
	走势名称：时间段
		条件不成立(当前时间：2021-08-10 17:50:10.186,条件时段：09:30:00-13:00:00)
	结果：未满足
===2021-08-10 17:50:10.638===
===2021-08-10 17:50:10.661===
股票：003021板块涨跌幅判断-额外参数：
	分组名称：1
	走势名称：发
		条件不成立(不符合板块涨跌幅条件)
	结果：未满足，返回code：-1
===2021-08-10 17:50:11.025===
额外条件未满足


===============================================

==============2021-08-10 17:50:51==============
===6开始执行条件2021-08-10 17:50:44.635===
===开始判断价格条件2021-08-10 17:50:44.635===
===开始判断额外/转自动条件2021-08-10 17:50:47.049===
===2021-08-10 17:50:47.836===
股票：003021指定时间段判断-额外参数：
	分组名称：1
	走势名称：时间段
		条件不成立(当前时间：2021-08-10 17:50:44.635,条件时段：09:30:00-13:00:00)
	结果：未满足
===2021-08-10 17:50:47.836===
===2021-08-10 17:50:48.466===
股票：003021板块涨跌幅判断-额外参数：
	分组名称：1
	走势名称：发
		条件不成立(不符合板块涨跌幅条件)
	结果：未满足，返回code：-1
===2021-08-10 17:50:51.159===
额外条件未满足


===============================================

==============2021-08-10 17:51:22==============
===6开始执行条件2021-08-10 17:51:17.444===
===开始判断价格条件2021-08-10 17:51:17.444===
===开始判断额外/转自动条件2021-08-10 17:51:18.570===
===2021-08-10 17:51:19.280===
股票：003021指定时间段判断-额外参数：
	分组名称：1
	走势名称：时间段
		条件不成立(当前时间：2021-08-10 17:51:17.444,条件时段：09:30:00-13:00:00)
	结果：未满足
===2021-08-10 17:51:19.280===
===2021-08-10 17:51:19.446===
股票：003021板块涨跌幅判断-额外参数：
	分组名称：1
	走势名称：发
		条件不成立(不符合板块涨跌幅条件)
	结果：未满足，返回code：-1
===2021-08-10 17:51:22.755===
额外条件未满足


===============================================

==============2021-08-10 17:52:09==============
===6开始执行条件2021-08-10 17:52:04.821===
===开始判断价格条件2021-08-10 17:52:04.821===
===开始判断额外/转自动条件2021-08-10 17:52:06.257===
===2021-08-10 17:52:06.897===
股票：003021指定时间段判断-额外参数：
	分组名称：1
	走势名称：时间段
		条件不成立(当前时间：2021-08-10 17:52:04.821,条件时段：09:30:00-13:00:00)
	结果：未满足
===2021-08-10 17:52:06.897===
===2021-08-10 17:52:07.048===
股票：003021板块涨跌幅判断-额外参数：
	分组名称：1
	走势名称：发
		条件不成立(不符合板块涨跌幅条件)
	结果：未满足，返回code：-1
===2021-08-10 17:52:09.900===
额外条件未满足


===============================================

==============2021-08-10 17:52:29==============
===6开始执行条件2021-08-10 17:52:21.027===
===开始判断价格条件2021-08-10 17:52:21.027===
===开始判断额外/转自动条件2021-08-10 17:52:23.102===
===2021-08-10 17:52:24.118===
股票：003021指定时间段判断-额外参数：
	分组名称：1
	走势名称：时间段
		条件不成立(当前时间：2021-08-10 17:52:21.027,条件时段：09:30:00-13:00:00)
	结果：未满足
===2021-08-10 17:52:24.119===
===2021-08-10 17:52:24.952===
股票：003021板块涨跌幅判断-额外参数：
	分组名称：1
	走势名称：发
		条件不成立(不符合板块涨跌幅条件)
	结果：未满足，返回code：-1
===2021-08-10 17:52:29.168===
额外条件未满足


===============================================

==============2021-08-10 17:52:45==============
===6开始执行条件2021-08-10 17:52:42.449===
===开始判断价格条件2021-08-10 17:52:42.449===
===开始判断额外/转自动条件2021-08-10 17:52:42.946===
===2021-08-10 17:52:43.352===
股票：003021指定时间段判断-额外参数：
	分组名称：1
	走势名称：时间段
		条件不成立(当前时间：2021-08-10 17:52:42.448,条件时段：09:30:00-13:00:00)
	结果：未满足
===2021-08-10 17:52:43.352===
===2021-08-10 17:52:43.424===
股票：003021板块涨跌幅判断-额外参数：
	分组名称：1
	走势名称：发
		条件不成立(不符合板块涨跌幅条件)
	结果：未满足，返回code：-1
===2021-08-10 17:52:45.698===
额外条件未满足


===============================================

==============2021-08-10 17:53:01==============
===6开始执行条件2021-08-10 17:52:58.279===
===开始判断价格条件2021-08-10 17:52:58.279===
===开始判断额外/转自动条件2021-08-10 17:52:59.062===
===2021-08-10 17:52:59.647===
股票：003021指定时间段判断-额外参数：
	分组名称：1
	走势名称：时间段
		条件不成立(当前时间：2021-08-10 17:52:58.278,条件时段：09:30:00-13:00:00)
	结果：未满足
===2021-08-10 17:52:59.647===
===2021-08-10 17:52:59.813===
股票：003021板块涨跌幅判断-额外参数：
	分组名称：1
	走势名称：发
		条件不成立(不符合板块涨跌幅条件)
	结果：未满足，返回code：-1
===2021-08-10 17:53:01.175===
额外条件未满足


===============================================

==============2021-08-10 17:53:13==============
===6开始执行条件2021-08-10 17:53:12.830===
===开始判断价格条件2021-08-10 17:53:12.830===
===开始判断额外/转自动条件2021-08-10 17:53:13.392===
===2021-08-10 17:53:13.472===
股票：003021指定时间段判断-额外参数：
	分组名称：1
	走势名称：时间段
		条件不成立(当前时间：2021-08-10 17:53:12.829,条件时段：09:30:00-13:00:00)
	结果：未满足
===2021-08-10 17:53:13.472===
===2021-08-10 17:53:13.506===
股票：003021板块涨跌幅判断-额外参数：
	分组名称：1
	走势名称：发
		条件不成立(不符合板块涨跌幅条件)
	结果：未满足，返回code：-1
===2021-08-10 17:53:13.936===
额外条件未满足


===============================================

==============2021-08-10 17:53:30==============
===6开始执行条件2021-08-10 17:53:30.033===
===开始判断价格条件2021-08-10 17:53:30.033===
===开始判断额外/转自动条件2021-08-10 17:53:30.163===
===2021-08-10 17:53:30.256===
股票：003021指定时间段判断-额外参数：
	分组名称：1
	走势名称：时间段
		条件不成立(当前时间：2021-08-10 17:53:30.033,条件时段：09:30:00-13:00:00)
	结果：未满足
===2021-08-10 17:53:30.256===
===2021-08-10 17:53:30.307===
股票：003021板块涨跌幅判断-额外参数：
	分组名称：1
	走势名称：发
		条件不成立(不符合板块涨跌幅条件)
	结果：未满足，返回code：-1
===2021-08-10 17:53:30.821===
额外条件未满足


===============================================

==============2021-08-10 17:53:45==============
===6开始执行条件2021-08-10 17:53:41.996===
===开始判断价格条件2021-08-10 17:53:41.996===
===开始判断额外/转自动条件2021-08-10 17:53:43.001===
===2021-08-10 17:53:43.543===
股票：003021指定时间段判断-额外参数：
	分组名称：1
	走势名称：时间段
		条件不成立(当前时间：2021-08-10 17:53:41.996,条件时段：09:30:00-13:00:00)
	结果：未满足
===2021-08-10 17:53:43.544===
===2021-08-10 17:53:43.706===
股票：003021板块涨跌幅判断-额外参数：
	分组名称：1
	走势名称：发
		条件不成立(不符合板块涨跌幅条件)
	结果：未满足，返回code：-1
===2021-08-10 17:53:45.525===
额外条件未满足


===============================================

==============2021-08-10 17:54:01==============
===6开始执行条件2021-08-10 17:54:00.333===
===开始判断价格条件2021-08-10 17:54:00.333===
===开始判断额外/转自动条件2021-08-10 17:54:00.415===
===2021-08-10 17:54:00.467===
股票：003021指定时间段判断-额外参数：
	分组名称：1
	走势名称：时间段
		条件不成立(当前时间：2021-08-10 17:54:00.333,条件时段：09:30:00-13:00:00)
	结果：未满足
===2021-08-10 17:54:00.468===
===2021-08-10 17:54:00.535===
股票：003021板块涨跌幅判断-额外参数：
	分组名称：1
	走势名称：发
		条件不成立(不符合板块涨跌幅条件)
	结果：未满足，返回code：-1
===2021-08-10 17:54:01.225===
额外条件未满足


===============================================

==============2021-08-10 17:54:17==============
===6开始执行条件2021-08-10 17:54:15.979===
===开始判断价格条件2021-08-10 17:54:15.979===
===开始判断额外/转自动条件2021-08-10 17:54:16.549===
===2021-08-10 17:54:16.775===
股票：003021指定时间段判断-额外参数：
	分组名称：1
	走势名称：时间段
		条件不成立(当前时间：2021-08-10 17:54:15.978,条件时段：09:30:00-13:00:00)
	结果：未满足
===2021-08-10 17:54:16.775===
===2021-08-10 17:54:16.931===
股票：003021板块涨跌幅判断-额外参数：
	分组名称：1
	走势名称：发
		条件不成立(不符合板块涨跌幅条件)
	结果：未满足，返回code：-1
===2021-08-10 17:54:17.319===
额外条件未满足


===============================================

==============2021-08-10 17:54:42==============
===6开始执行条件2021-08-10 17:54:41.419===
===开始判断价格条件2021-08-10 17:54:41.419===
===开始判断额外/转自动条件2021-08-10 17:54:41.527===
===2021-08-10 17:54:41.615===
股票：003021指定时间段判断-额外参数：
	分组名称：1
	走势名称：时间段
		条件不成立(当前时间：2021-08-10 17:54:41.414,条件时段：09:30:00-13:00:00)
	结果：未满足
===2021-08-10 17:54:41.615===
===2021-08-10 17:54:41.647===
股票：003021板块涨跌幅判断-额外参数：
	分组名称：1
	走势名称：发
		条件不成立(不符合板块涨跌幅条件)
	结果：未满足，返回code：-1
===2021-08-10 17:54:42.471===
额外条件未满足


===============================================

