==============2021-08-06 14:34:37==============
===6开始执行条件2021-08-06 14:34:35.805===
===开始判断价格条件2021-08-06 14:34:35.805===
===开始判断额外/转自动条件2021-08-06 14:34:35.999===
===2021-08-06 14:34:36.136===
股票：003021指定时间段判断-额外参数：
	分组名称：1
	走势名称：时间段
		条件不成立(当前时间：2021-08-06 14:34:35.805,条件时段：09:30:00-13:00:00)
	结果：未满足
===2021-08-06 14:34:36.136===
===2021-08-06 14:34:36.153===
股票：003021板块涨跌幅判断-额外参数：
	分组名称：1
	走势名称：发
		条件不成立(不符合板块涨跌幅条件)
	结果：未满足，返回code：-1
===2021-08-06 14:34:37.275===
额外条件未满足


===============================================

==============2021-08-06 14:41:19==============
===6开始执行条件2021-08-06 14:41:18.203===
===开始判断价格条件2021-08-06 14:41:18.203===
===开始判断额外/转自动条件2021-08-06 14:41:18.312===
===2021-08-06 14:41:18.624===
股票：003021指定时间段判断-额外参数：
	分组名称：1
	走势名称：时间段
		条件不成立(当前时间：2021-08-06 14:41:18.202,条件时段：09:30:00-13:00:00)
	结果：未满足
===2021-08-06 14:41:18.624===
===2021-08-06 14:41:18.663===
股票：003021板块涨跌幅判断-额外参数：
	分组名称：1
	走势名称：发
		条件不成立(不符合板块涨跌幅条件)
	结果：未满足，返回code：-1
===2021-08-06 14:41:19.697===
额外条件未满足


===============================================

==============2021-08-06 14:42:39==============
===6开始执行条件2021-08-06 14:42:34.849===
===开始判断价格条件2021-08-06 14:42:34.849===
===开始判断额外/转自动条件2021-08-06 14:42:35.610===
===2021-08-06 14:42:36.294===
股票：003021指定时间段判断-额外参数：
	分组名称：1
	走势名称：时间段
		条件不成立(当前时间：2021-08-06 14:42:34.849,条件时段：09:30:00-13:00:00)
	结果：未满足
===2021-08-06 14:42:36.294===
===2021-08-06 14:42:36.550===
股票：003021板块涨跌幅判断-额外参数：
	分组名称：1
	走势名称：发
		条件不成立(不符合板块涨跌幅条件)
	结果：未满足，返回code：-1
===2021-08-06 14:42:39.202===
额外条件未满足


===============================================

==============2021-08-06 14:43:01==============
===6开始执行条件2021-08-06 14:42:57.186===
===开始判断价格条件2021-08-06 14:42:57.186===
===开始判断额外/转自动条件2021-08-06 14:42:57.782===
===2021-08-06 14:42:58.347===
股票：003021指定时间段判断-额外参数：
	分组名称：1
	走势名称：时间段
		条件不成立(当前时间：2021-08-06 14:42:57.186,条件时段：09:30:00-13:00:00)
	结果：未满足
===2021-08-06 14:42:58.347===
===2021-08-06 14:42:58.649===
股票：003021板块涨跌幅判断-额外参数：
	分组名称：1
	走势名称：发
		条件不成立(不符合板块涨跌幅条件)
	结果：未满足，返回code：-1
===2021-08-06 14:43:01.393===
额外条件未满足


===============================================

==============2021-08-06 14:43:11==============
===6开始执行条件2021-08-06 14:43:10.987===
===开始判断价格条件2021-08-06 14:43:10.987===
===开始判断额外/转自动条件2021-08-06 14:43:11.159===
===2021-08-06 14:43:11.245===
股票：003021指定时间段判断-额外参数：
	分组名称：1
	走势名称：时间段
		条件不成立(当前时间：2021-08-06 14:43:10.986,条件时段：09:30:00-13:00:00)
	结果：未满足
===2021-08-06 14:43:11.245===
===2021-08-06 14:43:11.268===
股票：003021板块涨跌幅判断-额外参数：
	分组名称：1
	走势名称：发
		条件不成立(不符合板块涨跌幅条件)
	结果：未满足，返回code：-1
===2021-08-06 14:43:11.800===
额外条件未满足


===============================================

==============2021-08-06 15:03:14==============
===6开始执行条件2021-08-06 15:03:10.626===
===开始判断价格条件2021-08-06 15:03:10.626===
===开始判断额外/转自动条件2021-08-06 15:03:12.306===
===2021-08-06 15:03:12.881===
股票：003021指定时间段判断-额外参数：
	分组名称：1
	走势名称：时间段
		条件不成立(当前时间：2021-08-06 15:03:10.626,条件时段：09:30:00-13:00:00)
	结果：未满足
===2021-08-06 15:03:13.058===
===2021-08-06 15:03:13.229===
股票：003021板块涨跌幅判断-额外参数：
	分组名称：1
	走势名称：发
		条件不成立(不符合板块涨跌幅条件)
	结果：未满足，返回code：-1
===2021-08-06 15:03:14.063===
额外条件未满足


===============================================

==============2021-08-06 15:03:34==============
===6开始执行条件2021-08-06 15:03:29.035===
===开始判断价格条件2021-08-06 15:03:29.035===
===开始判断额外/转自动条件2021-08-06 15:03:30.458===
===2021-08-06 15:03:31.812===
股票：003021指定时间段判断-额外参数：
	分组名称：1
	走势名称：时间段
		条件不成立(当前时间：2021-08-06 15:03:29.035,条件时段：09:30:00-13:00:00)
	结果：未满足
===2021-08-06 15:03:31.812===
===2021-08-06 15:03:31.896===
股票：003021板块涨跌幅判断-额外参数：
	分组名称：1
	走势名称：发
		条件不成立(不符合板块涨跌幅条件)
	结果：未满足，返回code：-1
===2021-08-06 15:03:34.373===
额外条件未满足


===============================================

==============2021-08-06 15:06:19==============
===6开始执行条件2021-08-06 15:06:10.793===
===开始判断价格条件2021-08-06 15:06:10.793===
===开始判断额外/转自动条件2021-08-06 15:06:12.034===
===2021-08-06 15:06:13.213===
股票：003021指定时间段判断-额外参数：
	分组名称：1
	走势名称：时间段
		条件不成立(当前时间：2021-08-06 15:06:10.793,条件时段：09:30:00-13:00:00)
	结果：未满足
===2021-08-06 15:06:13.213===
===2021-08-06 15:06:13.363===
股票：003021板块涨跌幅判断-额外参数：
	分组名称：1
	走势名称：发
		条件不成立(不符合板块涨跌幅条件)
	结果：未满足，返回code：-1
===2021-08-06 15:06:19.819===
额外条件未满足


===============================================

==============2021-08-06 15:06:34==============
===6开始执行条件2021-08-06 15:06:31.110===
===开始判断价格条件2021-08-06 15:06:31.110===
===开始判断额外/转自动条件2021-08-06 15:06:32.364===
===2021-08-06 15:06:32.928===
股票：003021指定时间段判断-额外参数：
	分组名称：1
	走势名称：时间段
		条件不成立(当前时间：2021-08-06 15:06:31.110,条件时段：09:30:00-13:00:00)
	结果：未满足
===2021-08-06 15:06:32.928===
===2021-08-06 15:06:33.154===
股票：003021板块涨跌幅判断-额外参数：
	分组名称：1
	走势名称：发
		条件不成立(不符合板块涨跌幅条件)
	结果：未满足，返回code：-1
===2021-08-06 15:06:34.892===
额外条件未满足


===============================================

==============2021-08-06 15:12:17==============
===6开始执行条件2021-08-06 15:12:15.054===
===开始判断价格条件2021-08-06 15:12:15.054===
===开始判断额外/转自动条件2021-08-06 15:12:16.042===
===2021-08-06 15:12:16.420===
股票：003021指定时间段判断-额外参数：
	分组名称：1
	走势名称：时间段
		条件不成立(当前时间：2021-08-06 15:12:15.054,条件时段：09:30:00-13:00:00)
	结果：未满足
===2021-08-06 15:12:16.421===
===2021-08-06 15:12:16.564===
股票：003021板块涨跌幅判断-额外参数：
	分组名称：1
	走势名称：发
		条件不成立(不符合板块涨跌幅条件)
	结果：未满足，返回code：-1
===2021-08-06 15:12:17.936===
额外条件未满足


===============================================

==============2021-08-06 15:12:49==============
===6开始执行条件2021-08-06 15:12:47.627===
===开始判断价格条件2021-08-06 15:12:47.627===
===开始判断额外/转自动条件2021-08-06 15:12:47.842===
===2021-08-06 15:12:47.954===
股票：003021指定时间段判断-额外参数：
	分组名称：1
	走势名称：时间段
		条件不成立(当前时间：2021-08-06 15:12:47.627,条件时段：09:30:00-13:00:00)
	结果：未满足
===2021-08-06 15:12:47.954===
===2021-08-06 15:12:48.927===
股票：003021板块涨跌幅判断-额外参数：
	分组名称：1
	走势名称：发
		条件不成立(不符合板块涨跌幅条件)
	结果：未满足，返回code：-1
===2021-08-06 15:12:49.854===
额外条件未满足


===============================================

==============2021-08-06 15:26:56==============
===6开始执行条件2021-08-06 15:26:54.604===
===开始判断价格条件2021-08-06 15:26:54.604===
===开始判断额外/转自动条件2021-08-06 15:26:54.905===
===2021-08-06 15:26:55.032===
股票：003021指定时间段判断-额外参数：
	分组名称：1
	走势名称：时间段
		条件不成立(当前时间：2021-08-06 15:26:54.604,条件时段：09:30:00-13:00:00)
	结果：未满足
===2021-08-06 15:26:55.032===
===2021-08-06 15:26:55.381===
股票：003021板块涨跌幅判断-额外参数：
	分组名称：1
	走势名称：发
		条件不成立(不符合板块涨跌幅条件)
	结果：未满足，返回code：-1
===2021-08-06 15:26:56.024===
额外条件未满足


===============================================

==============2021-08-06 15:28:34==============
===6开始执行条件2021-08-06 15:28:30.309===
===开始判断价格条件2021-08-06 15:28:30.309===
===开始判断额外/转自动条件2021-08-06 15:28:31.464===
===2021-08-06 15:28:32.122===
股票：003021指定时间段判断-额外参数：
	分组名称：1
	走势名称：时间段
		条件不成立(当前时间：2021-08-06 15:28:30.309,条件时段：09:30:00-13:00:00)
	结果：未满足
===2021-08-06 15:28:32.122===
===2021-08-06 15:28:32.324===
股票：003021板块涨跌幅判断-额外参数：
	分组名称：1
	走势名称：发
		条件不成立(不符合板块涨跌幅条件)
	结果：未满足，返回code：-1
===2021-08-06 15:28:34.376===
额外条件未满足


===============================================

==============2021-08-06 15:28:53==============
===6开始执行条件2021-08-06 15:28:49.761===
===开始判断价格条件2021-08-06 15:28:49.761===
===开始判断额外/转自动条件2021-08-06 15:28:50.231===
===2021-08-06 15:28:50.979===
股票：003021指定时间段判断-额外参数：
	分组名称：1
	走势名称：时间段
		条件不成立(当前时间：2021-08-06 15:28:49.760,条件时段：09:30:00-13:00:00)
	结果：未满足
===2021-08-06 15:28:50.979===
===2021-08-06 15:28:51.244===
股票：003021板块涨跌幅判断-额外参数：
	分组名称：1
	走势名称：发
		条件不成立(不符合板块涨跌幅条件)
	结果：未满足，返回code：-1
===2021-08-06 15:28:53.855===
额外条件未满足


===============================================

==============2021-08-06 15:30:03==============
===6开始执行条件2021-08-06 15:30:01.042===
===开始判断价格条件2021-08-06 15:30:01.042===
===开始判断额外/转自动条件2021-08-06 15:30:01.107===
===2021-08-06 15:30:02.143===
股票：003021指定时间段判断-额外参数：
	分组名称：1
	走势名称：时间段
		条件不成立(当前时间：2021-08-06 15:30:01.042,条件时段：09:30:00-13:00:00)
	结果：未满足
===2021-08-06 15:30:02.143===
===2021-08-06 15:30:02.169===
股票：003021板块涨跌幅判断-额外参数：
	分组名称：1
	走势名称：发
		条件不成立(不符合板块涨跌幅条件)
	结果：未满足，返回code：-1
===2021-08-06 15:30:03.072===
额外条件未满足


===============================================

==============2021-08-06 15:30:21==============
===6开始执行条件2021-08-06 15:30:17.271===
===开始判断价格条件2021-08-06 15:30:17.272===
===开始判断额外/转自动条件2021-08-06 15:30:18.237===
===2021-08-06 15:30:18.750===
股票：003021指定时间段判断-额外参数：
	分组名称：1
	走势名称：时间段
		条件不成立(当前时间：2021-08-06 15:30:17.271,条件时段：09:30:00-13:00:00)
	结果：未满足
===2021-08-06 15:30:18.750===
===2021-08-06 15:30:18.924===
股票：003021板块涨跌幅判断-额外参数：
	分组名称：1
	走势名称：发
		条件不成立(不符合板块涨跌幅条件)
	结果：未满足，返回code：-1
===2021-08-06 15:30:21.487===
额外条件未满足


===============================================

==============2021-08-06 15:30:40==============
===6开始执行条件2021-08-06 15:30:39.199===
===开始判断价格条件2021-08-06 15:30:39.199===
===开始判断额外/转自动条件2021-08-06 15:30:39.569===
===2021-08-06 15:30:39.666===
股票：003021指定时间段判断-额外参数：
	分组名称：1
	走势名称：时间段
		条件不成立(当前时间：2021-08-06 15:30:39.199,条件时段：09:30:00-13:00:00)
	结果：未满足
===2021-08-06 15:30:39.666===
===2021-08-06 15:30:39.989===
股票：003021板块涨跌幅判断-额外参数：
	分组名称：1
	走势名称：发
		条件不成立(不符合板块涨跌幅条件)
	结果：未满足，返回code：-1
===2021-08-06 15:30:40.425===
额外条件未满足


===============================================

==============2021-08-06 15:31:01==============
===6开始执行条件2021-08-06 15:30:56.910===
===开始判断价格条件2021-08-06 15:30:56.910===
===开始判断额外/转自动条件2021-08-06 15:30:57.990===
===2021-08-06 15:30:58.606===
股票：003021指定时间段判断-额外参数：
	分组名称：1
	走势名称：时间段
		条件不成立(当前时间：2021-08-06 15:30:56.910,条件时段：09:30:00-13:00:00)
	结果：未满足
===2021-08-06 15:30:58.606===
===2021-08-06 15:30:58.820===
股票：003021板块涨跌幅判断-额外参数：
	分组名称：1
	走势名称：发
		条件不成立(不符合板块涨跌幅条件)
	结果：未满足，返回code：-1
===2021-08-06 15:31:01.274===
额外条件未满足


===============================================

==============2021-08-06 15:31:15==============
===6开始执行条件2021-08-06 15:31:15.219===
===开始判断价格条件2021-08-06 15:31:15.219===
===开始判断额外/转自动条件2021-08-06 15:31:15.358===
===2021-08-06 15:31:15.470===
股票：003021指定时间段判断-额外参数：
	分组名称：1
	走势名称：时间段
		条件不成立(当前时间：2021-08-06 15:31:15.218,条件时段：09:30:00-13:00:00)
	结果：未满足
===2021-08-06 15:31:15.470===
===2021-08-06 15:31:15.572===
股票：003021板块涨跌幅判断-额外参数：
	分组名称：1
	走势名称：发
		条件不成立(不符合板块涨跌幅条件)
	结果：未满足，返回code：-1
===2021-08-06 15:31:15.953===
额外条件未满足


===============================================

==============2021-08-06 15:31:37==============
===6开始执行条件2021-08-06 15:31:32.733===
===开始判断价格条件2021-08-06 15:31:32.733===
===开始判断额外/转自动条件2021-08-06 15:31:34.142===
===2021-08-06 15:31:35.055===
股票：003021指定时间段判断-额外参数：
	分组名称：1
	走势名称：时间段
		条件不成立(当前时间：2021-08-06 15:31:32.733,条件时段：09:30:00-13:00:00)
	结果：未满足
===2021-08-06 15:31:35.055===
===2021-08-06 15:31:35.269===
股票：003021板块涨跌幅判断-额外参数：
	分组名称：1
	走势名称：发
		条件不成立(不符合板块涨跌幅条件)
	结果：未满足，返回code：-1
===2021-08-06 15:31:37.841===
额外条件未满足


===============================================

==============2021-08-06 15:31:55==============
===6开始执行条件2021-08-06 15:31:51.511===
===开始判断价格条件2021-08-06 15:31:51.511===
===开始判断额外/转自动条件2021-08-06 15:31:52.522===
===2021-08-06 15:31:52.911===
股票：003021指定时间段判断-额外参数：
	分组名称：1
	走势名称：时间段
		条件不成立(当前时间：2021-08-06 15:31:51.510,条件时段：09:30:00-13:00:00)
	结果：未满足
===2021-08-06 15:31:52.911===
===2021-08-06 15:31:53.081===
股票：003021板块涨跌幅判断-额外参数：
	分组名称：1
	走势名称：发
		条件不成立(不符合板块涨跌幅条件)
	结果：未满足，返回code：-1
===2021-08-06 15:31:55.417===
额外条件未满足


===============================================

==============2021-08-06 15:32:16==============
===6开始执行条件2021-08-06 15:32:12.651===
===开始判断价格条件2021-08-06 15:32:12.651===
===开始判断额外/转自动条件2021-08-06 15:32:12.936===
===2021-08-06 15:32:13.648===
股票：003021指定时间段判断-额外参数：
	分组名称：1
	走势名称：时间段
		条件不成立(当前时间：2021-08-06 15:32:12.544,条件时段：09:30:00-13:00:00)
	结果：未满足
===2021-08-06 15:32:13.648===
===2021-08-06 15:32:13.905===
股票：003021板块涨跌幅判断-额外参数：
	分组名称：1
	走势名称：发
		条件不成立(不符合板块涨跌幅条件)
	结果：未满足，返回code：-1
===2021-08-06 15:32:16.327===
额外条件未满足


===============================================

==============2021-08-06 15:33:11==============
===6开始执行条件2021-08-06 15:33:07.669===
===开始判断价格条件2021-08-06 15:33:07.669===
===开始判断额外/转自动条件2021-08-06 15:33:09.230===
===2021-08-06 15:33:09.897===
股票：003021指定时间段判断-额外参数：
	分组名称：1
	走势名称：时间段
		条件不成立(当前时间：2021-08-06 15:33:07.669,条件时段：09:30:00-13:00:00)
	结果：未满足
===2021-08-06 15:33:09.898===
===2021-08-06 15:33:10.302===
股票：003021板块涨跌幅判断-额外参数：
	分组名称：1
	走势名称：发
		条件不成立(不符合板块涨跌幅条件)
	结果：未满足，返回code：-1
===2021-08-06 15:33:11.712===
额外条件未满足


===============================================

==============2021-08-06 15:38:14==============
===6开始执行条件2021-08-06 15:38:11.018===
===开始判断价格条件2021-08-06 15:38:11.018===
===开始判断额外/转自动条件2021-08-06 15:38:12.137===
===2021-08-06 15:38:12.372===
股票：003021指定时间段判断-额外参数：
	分组名称：1
	走势名称：时间段
		条件不成立(当前时间：2021-08-06 15:38:11.012,条件时段：09:30:00-13:00:00)
	结果：未满足
===2021-08-06 15:38:12.372===
===2021-08-06 15:38:12.591===
股票：003021板块涨跌幅判断-额外参数：
	分组名称：1
	走势名称：发
		条件不成立(不符合板块涨跌幅条件)
	结果：未满足，返回code：-1
===2021-08-06 15:38:14.462===
额外条件未满足


===============================================

==============2021-08-06 15:38:33==============
===6开始执行条件2021-08-06 15:38:32.056===
===开始判断价格条件2021-08-06 15:38:32.056===
===开始判断额外/转自动条件2021-08-06 15:38:32.442===
===2021-08-06 15:38:32.486===
股票：003021指定时间段判断-额外参数：
	分组名称：1
	走势名称：时间段
		条件不成立(当前时间：2021-08-06 15:38:32.055,条件时段：09:30:00-13:00:00)
	结果：未满足
===2021-08-06 15:38:32.486===
===2021-08-06 15:38:32.513===
股票：003021板块涨跌幅判断-额外参数：
	分组名称：1
	走势名称：发
		条件不成立(不符合板块涨跌幅条件)
	结果：未满足，返回code：-1
===2021-08-06 15:38:33.192===
额外条件未满足


===============================================

