==============2021-08-11 10:28:31==============
===6开始执行条件2021-08-11 10:28:30.281===
===开始判断价格条件2021-08-11 10:28:30.281===
===开始判断额外/转自动条件2021-08-11 10:28:30.395===
===2021-08-11 10:28:30.463===
股票：003021指定时间段判断-额外参数：
	分组名称：1
	走势名称：时间段
		条件成立(当前时间：2021-08-11 10:28:30.281,条件时段：09:30:00-13:00:00)
	结果：达到要求
===2021-08-11 10:28:30.582===
===2021-08-11 10:28:31.825===
股票：003021多头向上判断-转自动参数：
	分组名称：2
	走势名称：多头向上
	结果：未满足，返回code：0
===2021-08-11 10:28:31.825===
满足所有条件，可以触发


===============================================

==============2021-08-11 10:28:50==============
===6开始执行条件2021-08-11 10:28:50.294===
===开始判断价格条件2021-08-11 10:28:50.294===
===开始判断额外/转自动条件2021-08-11 10:28:50.367===
===2021-08-11 10:28:50.430===
股票：003021指定时间段判断-额外参数：
	分组名称：1
	走势名称：时间段
		条件成立(当前时间：2021-08-11 10:28:50.293,条件时段：09:30:00-13:00:00)
	结果：达到要求
===2021-08-11 10:28:50.508===
===2021-08-11 10:28:50.605===
股票：003021多头向上判断-转自动参数：
	分组名称：2
	走势名称：多头向上
	结果：未满足，返回code：0
===2021-08-11 10:28:50.605===
满足所有条件，可以触发


===============================================

==============2021-08-11 10:29:00==============
===6开始执行条件2021-08-11 10:28:59.271===
===开始判断价格条件2021-08-11 10:28:59.271===
===开始判断额外/转自动条件2021-08-11 10:28:59.692===
===2021-08-11 10:29:00.115===
股票：003021指定时间段判断-额外参数：
	分组名称：1
	走势名称：时间段
		条件成立(当前时间：2021-08-11 10:28:59.271,条件时段：09:30:00-13:00:00)
	结果：达到要求
===2021-08-11 10:29:00.352===
===2021-08-11 10:29:00.507===
股票：003021多头向上判断-转自动参数：
	分组名称：2
	走势名称：多头向上
	结果：未满足，返回code：0
===2021-08-11 10:29:00.507===
满足所有条件，可以触发


===============================================

==============2021-08-11 10:29:54==============
===6开始执行条件2021-08-11 10:29:52.370===
===开始判断价格条件2021-08-11 10:29:52.370===
===开始判断额外/转自动条件2021-08-11 10:29:52.776===
===2021-08-11 10:29:53.333===
股票：003021指定时间段判断-额外参数：
	分组名称：1
	走势名称：时间段
		条件成立(当前时间：2021-08-11 10:29:52.370,条件时段：09:30:00-13:00:00)
	结果：达到要求
===2021-08-11 10:29:53.899===
===2021-08-11 10:29:54.663===
股票：003021多头向上判断-转自动参数：
	分组名称：2
	走势名称：多头向上
	结果：未满足，返回code：0
===2021-08-11 10:29:54.663===
满足所有条件，可以触发


===============================================

==============2021-08-11 10:30:07==============
===6开始执行条件2021-08-11 10:30:06.333===
===开始判断价格条件2021-08-11 10:30:06.333===
===开始判断额外/转自动条件2021-08-11 10:30:06.483===
===2021-08-11 10:30:06.548===
股票：003021指定时间段判断-额外参数：
	分组名称：1
	走势名称：时间段
		条件成立(当前时间：2021-08-11 10:30:06.296,条件时段：09:30:00-13:00:00)
	结果：达到要求
===2021-08-11 10:30:06.963===
===2021-08-11 10:30:07.245===
股票：003021多头向上判断-转自动参数：
	分组名称：2
	走势名称：多头向上
	结果：未满足，返回code：0
===2021-08-11 10:30:07.245===
满足所有条件，可以触发


===============================================

==============2021-08-11 10:30:13==============
===6开始执行条件2021-08-11 10:30:13.027===
===开始判断价格条件2021-08-11 10:30:13.027===
===开始判断额外/转自动条件2021-08-11 10:30:13.165===
===2021-08-11 10:30:13.314===
股票：003021指定时间段判断-额外参数：
	分组名称：1
	走势名称：时间段
		条件成立(当前时间：2021-08-11 10:30:13.027,条件时段：09:30:00-13:00:00)
	结果：达到要求
===2021-08-11 10:30:13.433===
===2021-08-11 10:30:13.651===
股票：003021多头向上判断-转自动参数：
	分组名称：2
	走势名称：多头向上
	结果：未满足，返回code：0
===2021-08-11 10:30:13.651===
满足所有条件，可以触发


===============================================

==============2021-08-11 10:30:30==============
===6开始执行条件2021-08-11 10:30:29.108===
===开始判断价格条件2021-08-11 10:30:29.108===
===开始判断额外/转自动条件2021-08-11 10:30:29.196===
===2021-08-11 10:30:29.643===
股票：003021指定时间段判断-额外参数：
	分组名称：1
	走势名称：时间段
		条件成立(当前时间：2021-08-11 10:30:29.108,条件时段：09:30:00-13:00:00)
	结果：达到要求
===2021-08-11 10:30:29.787===
===2021-08-11 10:30:30.070===
股票：003021多头向上判断-转自动参数：
	分组名称：2
	走势名称：多头向上
	结果：未满足，返回code：0
===2021-08-11 10:30:30.070===
满足所有条件，可以触发


===============================================

==============2021-08-11 10:30:37==============
===6开始执行条件2021-08-11 10:30:37.165===
===开始判断价格条件2021-08-11 10:30:37.165===
===开始判断额外/转自动条件2021-08-11 10:30:37.246===
===2021-08-11 10:30:37.327===
股票：003021指定时间段判断-额外参数：
	分组名称：1
	走势名称：时间段
		条件成立(当前时间：2021-08-11 10:30:37.164,条件时段：09:30:00-13:00:00)
	结果：达到要求
===2021-08-11 10:30:37.376===
===2021-08-11 10:30:37.473===
股票：003021多头向上判断-转自动参数：
	分组名称：2
	走势名称：多头向上
	结果：未满足，返回code：0
===2021-08-11 10:30:37.473===
满足所有条件，可以触发


===============================================

==============2021-08-11 10:30:41==============
===6开始执行条件2021-08-11 10:30:40.979===
===开始判断价格条件2021-08-11 10:30:40.979===
===开始判断额外/转自动条件2021-08-11 10:30:41.050===
===2021-08-11 10:30:41.088===
股票：003021指定时间段判断-额外参数：
	分组名称：1
	走势名称：时间段
		条件成立(当前时间：2021-08-11 10:30:40.979,条件时段：09:30:00-13:00:00)
	结果：达到要求
===2021-08-11 10:30:41.138===
===2021-08-11 10:30:41.211===
股票：003021多头向上判断-转自动参数：
	分组名称：2
	走势名称：多头向上
	结果：未满足，返回code：0
===2021-08-11 10:30:41.211===
满足所有条件，可以触发


===============================================

==============2021-08-11 10:30:50==============
===6开始执行条件2021-08-11 10:30:50.268===
===开始判断价格条件2021-08-11 10:30:50.268===
===开始判断额外/转自动条件2021-08-11 10:30:50.368===
===2021-08-11 10:30:50.414===
股票：003021指定时间段判断-额外参数：
	分组名称：1
	走势名称：时间段
		条件成立(当前时间：2021-08-11 10:30:50.267,条件时段：09:30:00-13:00:00)
	结果：达到要求
===2021-08-11 10:30:50.509===
===2021-08-11 10:30:50.678===
股票：003021多头向上判断-转自动参数：
	分组名称：2
	走势名称：多头向上
	结果：未满足，返回code：0
===2021-08-11 10:30:50.678===
满足所有条件，可以触发


===============================================

==============2021-08-11 10:30:57==============
===6开始执行条件2021-08-11 10:30:57.199===
===开始判断价格条件2021-08-11 10:30:57.199===
===开始判断额外/转自动条件2021-08-11 10:30:57.300===
===2021-08-11 10:30:57.344===
股票：003021指定时间段判断-额外参数：
	分组名称：1
	走势名称：时间段
		条件成立(当前时间：2021-08-11 10:30:57.199,条件时段：09:30:00-13:00:00)
	结果：达到要求
===2021-08-11 10:30:57.398===
===2021-08-11 10:30:57.778===
股票：003021多头向上判断-转自动参数：
	分组名称：2
	走势名称：多头向上
	结果：未满足，返回code：0
===2021-08-11 10:30:57.778===
满足所有条件，可以触发


===============================================

==============2021-08-11 10:31:22==============
===6开始执行条件2021-08-11 10:31:22.227===
===开始判断价格条件2021-08-11 10:31:22.227===
===开始判断额外/转自动条件2021-08-11 10:31:22.365===
===2021-08-11 10:31:22.429===
股票：003021指定时间段判断-额外参数：
	分组名称：1
	走势名称：时间段
		条件成立(当前时间：2021-08-11 10:31:22.227,条件时段：09:30:00-13:00:00)
	结果：达到要求
===2021-08-11 10:31:22.479===
===2021-08-11 10:31:22.856===
股票：003021多头向上判断-转自动参数：
	分组名称：2
	走势名称：多头向上
	结果：未满足，返回code：0
===2021-08-11 10:31:22.856===
满足所有条件，可以触发


===============================================

==============2021-08-11 10:31:30==============
===6开始执行条件2021-08-11 10:31:29.770===
===开始判断价格条件2021-08-11 10:31:29.770===
===开始判断额外/转自动条件2021-08-11 10:31:29.877===
===2021-08-11 10:31:29.968===
股票：003021指定时间段判断-额外参数：
	分组名称：1
	走势名称：时间段
		条件成立(当前时间：2021-08-11 10:31:29.760,条件时段：09:30:00-13:00:00)
	结果：达到要求
===2021-08-11 10:31:30.243===
===2021-08-11 10:31:30.714===
股票：003021多头向上判断-转自动参数：
	分组名称：2
	走势名称：多头向上
	结果：未满足，返回code：0
===2021-08-11 10:31:30.714===
满足所有条件，可以触发


===============================================

==============2021-08-11 10:31:41==============
===6开始执行条件2021-08-11 10:31:39.011===
===开始判断价格条件2021-08-11 10:31:39.011===
===开始判断额外/转自动条件2021-08-11 10:31:39.575===
===2021-08-11 10:31:39.832===
股票：003021指定时间段判断-额外参数：
	分组名称：1
	走势名称：时间段
		条件成立(当前时间：2021-08-11 10:31:39.011,条件时段：09:30:00-13:00:00)
	结果：达到要求
===2021-08-11 10:31:40.695===
===2021-08-11 10:31:41.073===
股票：003021多头向上判断-转自动参数：
	分组名称：2
	走势名称：多头向上
	结果：未满足，返回code：0
===2021-08-11 10:31:41.073===
满足所有条件，可以触发


===============================================

==============2021-08-11 10:31:57==============
===6开始执行条件2021-08-11 10:31:56.122===
===开始判断价格条件2021-08-11 10:31:56.122===
===开始判断额外/转自动条件2021-08-11 10:31:56.580===
===2021-08-11 10:31:56.802===
股票：003021指定时间段判断-额外参数：
	分组名称：1
	走势名称：时间段
		条件成立(当前时间：2021-08-11 10:31:56.122,条件时段：09:30:00-13:00:00)
	结果：达到要求
===2021-08-11 10:31:57.138===
===2021-08-11 10:31:57.902===
股票：003021多头向上判断-转自动参数：
	分组名称：2
	走势名称：多头向上
	结果：未满足，返回code：0
===2021-08-11 10:31:57.902===
满足所有条件，可以触发


===============================================

==============2021-08-11 10:32:16==============
===6开始执行条件2021-08-11 10:32:13.529===
===开始判断价格条件2021-08-11 10:32:13.529===
===开始判断额外/转自动条件2021-08-11 10:32:14.463===
===2021-08-11 10:32:15.310===
股票：003021指定时间段判断-额外参数：
	分组名称：1
	走势名称：时间段
		条件成立(当前时间：2021-08-11 10:32:13.529,条件时段：09:30:00-13:00:00)
	结果：达到要求
===2021-08-11 10:32:15.695===
===2021-08-11 10:32:16.600===
股票：003021多头向上判断-转自动参数：
	分组名称：2
	走势名称：多头向上
	结果：未满足，返回code：0
===2021-08-11 10:32:16.600===
满足所有条件，可以触发


===============================================

==============2021-08-11 10:32:43==============
===6开始执行条件2021-08-11 10:32:42.913===
===开始判断价格条件2021-08-11 10:32:42.913===
===开始判断额外/转自动条件2021-08-11 10:32:43.049===
===2021-08-11 10:32:43.133===
股票：003021指定时间段判断-额外参数：
	分组名称：1
	走势名称：时间段
		条件成立(当前时间：2021-08-11 10:32:42.912,条件时段：09:30:00-13:00:00)
	结果：达到要求
===2021-08-11 10:32:43.338===
===2021-08-11 10:32:43.546===
股票：003021多头向上判断-转自动参数：
	分组名称：2
	走势名称：多头向上
	结果：未满足，返回code：0
===2021-08-11 10:32:43.546===
满足所有条件，可以触发


===============================================

==============2021-08-11 10:32:56==============
===6开始执行条件2021-08-11 10:32:56.080===
===开始判断价格条件2021-08-11 10:32:56.080===
===开始判断额外/转自动条件2021-08-11 10:32:56.258===
===2021-08-11 10:32:56.333===
股票：003021指定时间段判断-额外参数：
	分组名称：1
	走势名称：时间段
		条件成立(当前时间：2021-08-11 10:32:56.077,条件时段：09:30:00-13:00:00)
	结果：达到要求
===2021-08-11 10:32:56.418===
===2021-08-11 10:32:56.605===
股票：003021多头向上判断-转自动参数：
	分组名称：2
	走势名称：多头向上
	结果：未满足，返回code：0
===2021-08-11 10:32:56.605===
满足所有条件，可以触发


===============================================

==============2021-08-11 10:33:04==============
===6开始执行条件2021-08-11 10:33:04.354===
===开始判断价格条件2021-08-11 10:33:04.354===
===开始判断额外/转自动条件2021-08-11 10:33:04.444===
===2021-08-11 10:33:04.584===
股票：003021指定时间段判断-额外参数：
	分组名称：1
	走势名称：时间段
		条件成立(当前时间：2021-08-11 10:33:04.353,条件时段：09:30:00-13:00:00)
	结果：达到要求
===2021-08-11 10:33:04.653===
===2021-08-11 10:33:04.833===
股票：003021多头向上判断-转自动参数：
	分组名称：2
	走势名称：多头向上
	结果：未满足，返回code：0
===2021-08-11 10:33:04.833===
满足所有条件，可以触发


===============================================

==============2021-08-11 10:33:16==============
===6开始执行条件2021-08-11 10:33:14.008===
===开始判断价格条件2021-08-11 10:33:14.008===
===开始判断额外/转自动条件2021-08-11 10:33:14.745===
===2021-08-11 10:33:15.229===
股票：003021指定时间段判断-额外参数：
	分组名称：1
	走势名称：时间段
		条件成立(当前时间：2021-08-11 10:33:14.008,条件时段：09:30:00-13:00:00)
	结果：达到要求
===2021-08-11 10:33:15.497===
===2021-08-11 10:33:16.270===
股票：003021多头向上判断-转自动参数：
	分组名称：2
	走势名称：多头向上
	结果：未满足，返回code：0
===2021-08-11 10:33:16.270===
满足所有条件，可以触发


===============================================

==============2021-08-11 10:33:23==============
===6开始执行条件2021-08-11 10:33:22.114===
===开始判断价格条件2021-08-11 10:33:22.114===
===开始判断额外/转自动条件2021-08-11 10:33:22.609===
===2021-08-11 10:33:22.741===
股票：003021指定时间段判断-额外参数：
	分组名称：1
	走势名称：时间段
		条件成立(当前时间：2021-08-11 10:33:22.114,条件时段：09:30:00-13:00:00)
	结果：达到要求
===2021-08-11 10:33:22.933===
===2021-08-11 10:33:23.894===
股票：003021多头向上判断-转自动参数：
	分组名称：2
	走势名称：多头向上
	结果：未满足，返回code：0
===2021-08-11 10:33:23.894===
满足所有条件，可以触发


===============================================

==============2021-08-11 10:34:57==============
===6开始执行条件2021-08-11 10:34:56.471===
===开始判断价格条件2021-08-11 10:34:56.471===
===开始判断额外/转自动条件2021-08-11 10:34:56.604===
===2021-08-11 10:34:56.711===
股票：003021指定时间段判断-额外参数：
	分组名称：1
	走势名称：时间段
		条件成立(当前时间：2021-08-11 10:34:56.470,条件时段：09:30:00-13:00:00)
	结果：达到要求
===2021-08-11 10:34:56.841===
===2021-08-11 10:34:57.278===
股票：003021多头向上判断-转自动参数：
	分组名称：2
	走势名称：多头向上
	结果：未满足，返回code：0
===2021-08-11 10:34:57.278===
满足所有条件，可以触发


===============================================

==============2021-08-11 10:35:05==============
===6开始执行条件2021-08-11 10:35:05.066===
===开始判断价格条件2021-08-11 10:35:05.066===
===开始判断额外/转自动条件2021-08-11 10:35:05.278===
===2021-08-11 10:35:05.376===
股票：003021指定时间段判断-额外参数：
	分组名称：1
	走势名称：时间段
		条件成立(当前时间：2021-08-11 10:35:05.058,条件时段：09:30:00-13:00:00)
	结果：达到要求
===2021-08-11 10:35:05.759===
===2021-08-11 10:35:05.979===
股票：003021多头向上判断-转自动参数：
	分组名称：2
	走势名称：多头向上
	结果：未满足，返回code：0
===2021-08-11 10:35:05.979===
满足所有条件，可以触发


===============================================

==============2021-08-11 10:35:16==============
===6开始执行条件2021-08-11 10:35:14.947===
===开始判断价格条件2021-08-11 10:35:14.947===
===开始判断额外/转自动条件2021-08-11 10:35:15.361===
===2021-08-11 10:35:15.917===
股票：003021指定时间段判断-额外参数：
	分组名称：1
	走势名称：时间段
		条件成立(当前时间：2021-08-11 10:35:14.947,条件时段：09:30:00-13:00:00)
	结果：达到要求
===2021-08-11 10:35:16.134===
===2021-08-11 10:35:16.314===
股票：003021多头向上判断-转自动参数：
	分组名称：2
	走势名称：多头向上
	结果：未满足，返回code：0
===2021-08-11 10:35:16.315===
满足所有条件，可以触发


===============================================

==============2021-08-11 10:35:28==============
===6开始执行条件2021-08-11 10:35:27.355===
===开始判断价格条件2021-08-11 10:35:27.355===
===开始判断额外/转自动条件2021-08-11 10:35:28.082===
===2021-08-11 10:35:28.278===
股票：003021指定时间段判断-额外参数：
	分组名称：1
	走势名称：时间段
		条件成立(当前时间：2021-08-11 10:35:27.354,条件时段：09:30:00-13:00:00)
	结果：达到要求
===2021-08-11 10:35:28.625===
===2021-08-11 10:35:28.925===
股票：003021多头向上判断-转自动参数：
	分组名称：2
	走势名称：多头向上
	结果：未满足，返回code：0
===2021-08-11 10:35:28.925===
满足所有条件，可以触发


===============================================

==============2021-08-11 10:35:54==============
===6开始执行条件2021-08-11 10:35:53.148===
===开始判断价格条件2021-08-11 10:35:53.148===
===开始判断额外/转自动条件2021-08-11 10:35:53.507===
===2021-08-11 10:35:53.665===
股票：003021指定时间段判断-额外参数：
	分组名称：1
	走势名称：时间段
		条件成立(当前时间：2021-08-11 10:35:53.148,条件时段：09:30:00-13:00:00)
	结果：达到要求
===2021-08-11 10:35:53.900===
===2021-08-11 10:35:54.171===
股票：003021多头向上判断-转自动参数：
	分组名称：2
	走势名称：多头向上
	结果：未满足，返回code：0
===2021-08-11 10:35:54.171===
满足所有条件，可以触发


===============================================

==============2021-08-11 10:36:27==============
===6开始执行条件2021-08-11 10:36:22.911===
===开始判断价格条件2021-08-11 10:36:22.911===
===开始判断额外/转自动条件2021-08-11 10:36:24.416===
===2021-08-11 10:36:24.935===
股票：003021指定时间段判断-额外参数：
	分组名称：1
	走势名称：时间段
		条件成立(当前时间：2021-08-11 10:36:22.911,条件时段：09:30:00-13:00:00)
	结果：达到要求
===2021-08-11 10:36:26.375===
===2021-08-11 10:36:27.668===
股票：003021多头向上判断-转自动参数：
	分组名称：2
	走势名称：多头向上
	结果：未满足，返回code：0
===2021-08-11 10:36:27.668===
满足所有条件，可以触发


===============================================

==============2021-08-11 10:37:02==============
===6开始执行条件2021-08-11 10:36:59.742===
===开始判断价格条件2021-08-11 10:36:59.742===
===开始判断额外/转自动条件2021-08-11 10:37:00.716===
===2021-08-11 10:37:01.535===
股票：003021指定时间段判断-额外参数：
	分组名称：1
	走势名称：时间段
		条件成立(当前时间：2021-08-11 10:36:59.741,条件时段：09:30:00-13:00:00)
	结果：达到要求
===2021-08-11 10:37:02.007===
===2021-08-11 10:37:02.618===
股票：003021多头向上判断-转自动参数：
	分组名称：2
	走势名称：多头向上
	结果：未满足，返回code：0
===2021-08-11 10:37:02.618===
满足所有条件，可以触发


===============================================

