==============2021-05-26 16:22:08==============
===开始判断价格条件2021-05-26 16:21:41.500===
===开始判断额外/转自动条件2021-05-26 16:21:41.921===
===2021-05-26 16:21:41.977===
股票：601899按均线价格判断-额外参数：
	分组名称：测试
	走势名称：按均线价格
	结果：未满足，返回code：-1
===2021-05-26 16:22:08.213===
额外条件未满足


===============================================

==============2021-05-26 16:22:36==============
===开始判断价格条件2021-05-26 16:22:09.355===
===开始判断额外/转自动条件2021-05-26 16:22:09.432===
===2021-05-26 16:22:09.470===
股票：601899按均线价格判断-额外参数：
	分组名称：测试
	走势名称：按均线价格
	结果：未满足，返回code：-1
===2021-05-26 16:22:36.675===
额外条件未满足


===============================================

==============2021-05-26 16:22:47==============
===开始判断价格条件2021-05-26 16:22:37.981===
===开始判断额外/转自动条件2021-05-26 16:22:38.121===
===2021-05-26 16:22:38.158===
股票：601899按均线价格判断-额外参数：
	分组名称：测试
	走势名称：按均线价格
	结果：未满足，返回code：-1
===2021-05-26 16:22:47.302===
额外条件未满足


===============================================

==============2021-05-26 16:23:11==============
===开始判断价格条件2021-05-26 16:22:48.617===
===开始判断额外/转自动条件2021-05-26 16:22:49.761===
===2021-05-26 16:22:49.807===
股票：601899按均线价格判断-额外参数：
	分组名称：测试
	走势名称：按均线价格
	结果：未满足，返回code：-1
===2021-05-26 16:23:11.214===
额外条件未满足


===============================================

==============2021-05-26 16:23:39==============
===开始判断价格条件2021-05-26 16:23:12.374===
===开始判断额外/转自动条件2021-05-26 16:23:12.418===
===2021-05-26 16:23:12.458===
股票：601899按均线价格判断-额外参数：
	分组名称：测试
	走势名称：按均线价格
	结果：未满足，返回code：-1
===2021-05-26 16:23:39.467===
额外条件未满足


===============================================

==============2021-05-26 16:24:22==============
===开始判断价格条件2021-05-26 16:23:40.624===
===开始判断额外/转自动条件2021-05-26 16:23:40.677===
===2021-05-26 16:23:40.723===
股票：601899按均线价格判断-额外参数：
	分组名称：测试
	走势名称：按均线价格
	结果：未满足，返回code：-1
===2021-05-26 16:24:22.628===
额外条件未满足


===============================================

==============2021-05-26 16:25:22==============
===开始判断价格条件2021-05-26 16:24:23.965===
===开始判断额外/转自动条件2021-05-26 16:24:24.072===
===2021-05-26 16:24:24.110===
股票：601899按均线价格判断-额外参数：
	分组名称：测试
	走势名称：按均线价格
	结果：未满足，返回code：-1
===2021-05-26 16:25:22.508===
额外条件未满足


===============================================

==============2021-05-26 16:25:37==============
===开始判断价格条件2021-05-26 16:25:23.819===
===开始判断额外/转自动条件2021-05-26 16:25:24.521===
===2021-05-26 16:25:24.559===
股票：601899按均线价格判断-额外参数：
	分组名称：测试
	走势名称：按均线价格
	结果：未满足，返回code：-1
===2021-05-26 16:25:37.891===
额外条件未满足


===============================================

==============2021-05-26 16:25:50==============
===开始判断价格条件2021-05-26 16:25:40.008===
===开始判断额外/转自动条件2021-05-26 16:25:40.131===
===2021-05-26 16:25:40.176===
股票：601899按均线价格判断-额外参数：
	分组名称：测试
	走势名称：按均线价格
	结果：未满足，返回code：-1
===2021-05-26 16:25:50.722===
额外条件未满足


===============================================

==============2021-05-26 16:26:03==============
===开始判断价格条件2021-05-26 16:25:52.508===
===开始判断额外/转自动条件2021-05-26 16:25:53.875===
===2021-05-26 16:25:54.074===
股票：601899按均线价格判断-额外参数：
	分组名称：测试
	走势名称：按均线价格
	结果：未满足，返回code：-1
===2021-05-26 16:26:03.939===
额外条件未满足


===============================================

==============2021-05-26 16:26:15==============
===开始判断价格条件2021-05-26 16:26:05.199===
===开始判断额外/转自动条件2021-05-26 16:26:05.270===
===2021-05-26 16:26:05.335===
股票：601899按均线价格判断-额外参数：
	分组名称：测试
	走势名称：按均线价格
	结果：未满足，返回code：-1
===2021-05-26 16:26:15.139===
额外条件未满足


===============================================

==============2021-05-26 16:27:48==============
===开始判断价格条件2021-05-26 16:27:47.470===
===开始判断额外/转自动条件2021-05-26 16:27:48.578===
额外条件未满足


===============================================

==============2021-05-26 16:27:51==============
===开始判断价格条件2021-05-26 16:27:50.621===
===开始判断额外/转自动条件2021-05-26 16:27:51.162===
额外条件未满足


===============================================

==============2021-05-26 16:27:52==============
===开始判断价格条件2021-05-26 16:27:52.530===
===开始判断额外/转自动条件2021-05-26 16:27:52.600===
额外条件未满足


===============================================

==============2021-05-26 16:27:54==============
===开始判断价格条件2021-05-26 16:27:53.874===
===开始判断额外/转自动条件2021-05-26 16:27:54.000===
额外条件未满足


===============================================

==============2021-05-26 16:28:05==============
===开始判断价格条件2021-05-26 16:27:55.424===
===开始判断额外/转自动条件2021-05-26 16:27:55.839===
===2021-05-26 16:27:55.900===
股票：601899按参照价格判断-额外参数：
	分组名称：测试
	走势名称：按参照价格
	结果：未满足，返回code：-1
===2021-05-26 16:28:05.416===
额外条件未满足


===============================================

==============2021-05-26 16:28:49==============
===开始判断价格条件2021-05-26 16:28:06.642===
===开始判断额外/转自动条件2021-05-26 16:28:06.747===
===2021-05-26 16:28:06.787===
股票：601899按参照价格判断-额外参数：
	分组名称：测试
	走势名称：按参照价格
	结果：未满足，返回code：-1
===2021-05-26 16:28:49.243===
额外条件未满足


===============================================

==============2021-05-26 16:31:17==============
===开始判断价格条件2021-05-26 16:28:50.492===
===开始判断额外/转自动条件2021-05-26 16:28:50.568===
===2021-05-26 16:28:50.633===
股票：601899按参照价格判断-额外参数：
	分组名称：测试
	走势名称：按参照价格
	结果：未满足，返回code：-1
===2021-05-26 16:31:17.532===
额外条件未满足


===============================================

==============2021-05-26 16:31:29==============
===开始判断价格条件2021-05-26 16:31:18.765===
===开始判断额外/转自动条件2021-05-26 16:31:18.855===
===2021-05-26 16:31:18.896===
股票：601899按参照价格判断-额外参数：
	分组名称：测试
	走势名称：按参照价格
	结果：未满足，返回code：-1
===2021-05-26 16:31:29.962===
额外条件未满足


===============================================

==============2021-05-26 16:31:53==============
===开始判断价格条件2021-05-26 16:31:31.115===
===开始判断额外/转自动条件2021-05-26 16:31:31.202===
===2021-05-26 16:31:31.245===
股票：601899按参照价格判断-额外参数：
	分组名称：测试
	走势名称：按参照价格
	结果：未满足，返回code：-1
===2021-05-26 16:31:53.290===
额外条件未满足


===============================================

==============2021-05-26 16:32:23==============
===开始判断价格条件2021-05-26 16:31:54.476===
===开始判断额外/转自动条件2021-05-26 16:31:54.548===
===2021-05-26 16:31:54.600===
股票：601899按参照价格判断-额外参数：
	分组名称：测试
	走势名称：按参照价格
	结果：未满足，返回code：-1
===2021-05-26 16:32:23.370===
额外条件未满足


===============================================

==============2021-05-26 16:34:08==============
===开始判断价格条件2021-05-26 16:34:07.550===
===开始判断额外/转自动条件2021-05-26 16:34:07.887===
===2021-05-26 16:34:07.975===
股票：601899按参照价格判断-额外参数：
	分组名称：测试
	走势名称：按参照价格
	结果：达到要求
===2021-05-26 16:34:08.221===
满足所有条件，可以触发


===============================================

==============2021-05-26 16:41:10==============
===开始判断价格条件2021-05-26 16:40:40.829===
===开始判断额外/转自动条件2021-05-26 16:40:41.561===
===2021-05-26 16:40:50.209===
股票：601899买卖单占比判断-额外参数：
	分组名称：测试
	走势名称：买卖单占比
	结果：未满足，返回code：-1
===2021-05-26 16:41:10.735===
额外条件未满足


===============================================

==============2021-05-26 16:41:21==============
===开始判断价格条件2021-05-26 16:41:13.438===
===开始判断额外/转自动条件2021-05-26 16:41:13.473===
===2021-05-26 16:41:13.548===
股票：601899买卖单占比判断-额外参数：
	分组名称：测试
	走势名称：买卖单占比
	结果：未满足，返回code：-1
===2021-05-26 16:41:21.218===
额外条件未满足


===============================================

==============2021-05-26 16:41:43==============
===开始判断价格条件2021-05-26 16:41:22.793===
===开始判断额外/转自动条件2021-05-26 16:41:22.842===
===2021-05-26 16:41:22.897===
股票：601899买卖单占比判断-额外参数：
	分组名称：测试
	走势名称：买卖单占比
	结果：未满足，返回code：-1
===2021-05-26 16:41:43.088===
额外条件未满足


===============================================

==============2021-05-26 16:42:09==============
===开始判断价格条件2021-05-26 16:41:44.380===
===开始判断额外/转自动条件2021-05-26 16:41:44.427===
===2021-05-26 16:41:44.471===
股票：601899买卖单占比判断-额外参数：
	分组名称：测试
	走势名称：买卖单占比
	结果：未满足，返回code：-1
===2021-05-26 16:42:09.098===
额外条件未满足


===============================================

==============2021-05-26 16:42:20==============
===开始判断价格条件2021-05-26 16:42:10.257===
===开始判断额外/转自动条件2021-05-26 16:42:10.592===
===2021-05-26 16:42:10.620===
股票：601899买卖单占比判断-额外参数：
	分组名称：测试
	走势名称：买卖单占比
	结果：未满足，返回code：-1
===2021-05-26 16:42:20.961===
额外条件未满足


===============================================

==============2021-05-26 16:42:30==============
===开始判断价格条件2021-05-26 16:42:22.133===
===开始判断额外/转自动条件2021-05-26 16:42:22.177===
===2021-05-26 16:42:22.259===
股票：601899买卖单占比判断-额外参数：
	分组名称：测试
	走势名称：买卖单占比
	结果：未满足，返回code：-1
===2021-05-26 16:42:30.740===
额外条件未满足


===============================================

==============2021-05-26 16:42:46==============
===开始判断价格条件2021-05-26 16:42:32.254===
===开始判断额外/转自动条件2021-05-26 16:42:32.301===
===2021-05-26 16:42:32.347===
股票：601899买卖单占比判断-额外参数：
	分组名称：测试
	走势名称：买卖单占比
	结果：未满足，返回code：-1
===2021-05-26 16:42:46.783===
额外条件未满足


===============================================

==============2021-05-26 16:43:03==============
===开始判断价格条件2021-05-26 16:42:48.238===
===开始判断额外/转自动条件2021-05-26 16:42:48.271===
===2021-05-26 16:42:48.320===
股票：601899买卖单占比判断-额外参数：
	分组名称：测试
	走势名称：买卖单占比
	结果：未满足，返回code：-1
===2021-05-26 16:43:03.267===
额外条件未满足


===============================================

==============2021-05-26 16:45:16==============
===开始判断价格条件2021-05-26 16:43:04.440===
===开始判断额外/转自动条件2021-05-26 16:43:04.470===
===2021-05-26 16:43:04.511===
股票：601899买卖单占比判断-额外参数：
	分组名称：测试
	走势名称：买卖单占比
	结果：未满足，返回code：-1
===2021-05-26 16:45:16.115===
额外条件未满足


===============================================

==============2021-05-26 16:46:33==============
===开始判断价格条件2021-05-26 16:45:17.345===
===开始判断额外/转自动条件2021-05-26 16:45:17.362===
===2021-05-26 16:45:17.402===
股票：601899买卖单占比判断-额外参数：
	分组名称：测试
	走势名称：买卖单占比
	结果：达到要求
===2021-05-26 16:46:33.836===
满足所有条件，可以触发


===============================================

==============2021-05-26 16:47:06==============
===开始判断价格条件2021-05-26 16:47:00.493===
===开始判断额外/转自动条件2021-05-26 16:47:00.630===
===2021-05-26 16:47:00.683===
股票：601899买卖单占比判断-额外参数：
	分组名称：测试
	走势名称：买卖单占比
	结果：未满足，返回code：-1
===2021-05-26 16:47:06.488===
额外条件未满足


===============================================

==============2021-05-26 16:47:18==============
===开始判断价格条件2021-05-26 16:47:07.704===
===开始判断额外/转自动条件2021-05-26 16:47:07.730===
===2021-05-26 16:47:07.769===
股票：601899买卖单占比判断-额外参数：
	分组名称：测试
	走势名称：买卖单占比
	结果：未满足，返回code：-1
===2021-05-26 16:47:18.337===
额外条件未满足


===============================================

==============2021-05-26 16:47:24==============
===开始判断价格条件2021-05-26 16:47:20.167===
===开始判断额外/转自动条件2021-05-26 16:47:20.662===
===2021-05-26 16:47:20.892===
股票：601899买卖单占比判断-额外参数：
	分组名称：测试
	走势名称：买卖单占比
	结果：未满足，返回code：-1
===2021-05-26 16:47:24.513===
额外条件未满足


===============================================

==============2021-05-26 16:47:40==============
===开始判断价格条件2021-05-26 16:47:25.681===
===开始判断额外/转自动条件2021-05-26 16:47:25.709===
===2021-05-26 16:47:25.752===
股票：601899买卖单占比判断-额外参数：
	分组名称：测试
	走势名称：买卖单占比
	结果：未满足，返回code：-1
===2021-05-26 16:47:40.330===
额外条件未满足


===============================================

==============2021-05-26 16:47:53==============
===开始判断价格条件2021-05-26 16:47:41.511===
===开始判断额外/转自动条件2021-05-26 16:47:41.555===
===2021-05-26 16:47:41.584===
股票：601899买卖单占比判断-额外参数：
	分组名称：测试
	走势名称：买卖单占比
	结果：未满足，返回code：-1
===2021-05-26 16:47:53.689===
额外条件未满足


===============================================

==============2021-05-26 16:49:11==============
===开始判断价格条件2021-05-26 16:49:11.525===
===开始判断额外/转自动条件2021-05-26 16:49:11.672===
额外条件未满足


===============================================

==============2021-05-26 16:49:13==============
===开始判断价格条件2021-05-26 16:49:13.481===
===开始判断额外/转自动条件2021-05-26 16:49:13.520===
额外条件未满足


===============================================

==============2021-05-26 16:49:15==============
===开始判断价格条件2021-05-26 16:49:15.593===
===开始判断额外/转自动条件2021-05-26 16:49:15.628===
额外条件未满足


===============================================

==============2021-05-26 16:49:18==============
===开始判断价格条件2021-05-26 16:49:18.504===
===开始判断额外/转自动条件2021-05-26 16:49:18.565===
额外条件未满足


===============================================

==============2021-05-26 16:49:20==============
===开始判断价格条件2021-05-26 16:49:19.993===
===开始判断额外/转自动条件2021-05-26 16:49:20.021===
额外条件未满足


===============================================

==============2021-05-26 16:49:21==============
===开始判断价格条件2021-05-26 16:49:21.468===
===开始判断额外/转自动条件2021-05-26 16:49:21.624===
额外条件未满足


===============================================

==============2021-05-26 16:49:22==============
===开始判断价格条件2021-05-26 16:49:22.877===
===开始判断额外/转自动条件2021-05-26 16:49:22.905===
额外条件未满足


===============================================

==============2021-05-26 16:49:24==============
===开始判断价格条件2021-05-26 16:49:24.093===
===开始判断额外/转自动条件2021-05-26 16:49:24.122===
额外条件未满足


===============================================

==============2021-05-26 16:51:23==============
===开始判断价格条件2021-05-26 16:49:25.309===
===开始判断额外/转自动条件2021-05-26 16:49:25.342===
===2021-05-26 16:49:25.462===
股票：601899板块涨跌幅判断-额外参数：
	分组名称：测试
	走势名称：发
	结果：未满足，返回code：-1
===2021-05-26 16:51:23.154===
额外条件未满足


===============================================

==============2021-05-26 16:51:36==============
===开始判断价格条件2021-05-26 16:51:24.325===
===开始判断额外/转自动条件2021-05-26 16:51:24.353===
===2021-05-26 16:51:24.386===
股票：601899板块涨跌幅判断-额外参数：
	分组名称：测试
	走势名称：发
	结果：未满足，返回code：-1
===2021-05-26 16:51:36.678===
额外条件未满足


===============================================

==============2021-05-26 16:52:00==============
===开始判断价格条件2021-05-26 16:51:38.007===
===开始判断额外/转自动条件2021-05-26 16:51:38.037===
===2021-05-26 16:51:38.099===
股票：601899板块涨跌幅判断-额外参数：
	分组名称：测试
	走势名称：发
	结果：未满足，返回code：-1
===2021-05-26 16:52:00.770===
额外条件未满足


===============================================

==============2021-05-26 16:52:23==============
===开始判断价格条件2021-05-26 16:52:13.930===
===开始判断额外/转自动条件2021-05-26 16:52:14.144===
===2021-05-26 16:52:14.593===
股票：601899板块涨跌幅判断-额外参数：
	分组名称：测试
	走势名称：发
	结果：未满足，返回code：-1
===2021-05-26 16:52:23.252===
额外条件未满足


===============================================

==============2021-05-26 16:52:57==============
===开始判断价格条件2021-05-26 16:52:26.311===
===开始判断额外/转自动条件2021-05-26 16:52:26.376===
===2021-05-26 16:52:26.430===
股票：601899板块涨跌幅判断-额外参数：
	分组名称：测试
	走势名称：发
	结果：未满足，返回code：-1
===2021-05-26 16:52:57.970===
额外条件未满足


===============================================

==============2021-05-26 16:53:12==============
===开始判断价格条件2021-05-26 16:52:59.506===
===开始判断额外/转自动条件2021-05-26 16:52:59.536===
===2021-05-26 16:52:59.579===
股票：601899板块涨跌幅判断-额外参数：
	分组名称：测试
	走势名称：发
	结果：未满足，返回code：-1
===2021-05-26 16:53:12.609===
额外条件未满足


===============================================

==============2021-05-26 16:53:16==============
===开始判断价格条件2021-05-26 16:53:14.264===
===开始判断额外/转自动条件2021-05-26 16:53:14.297===
===2021-05-26 16:53:14.335===
股票：601899板块涨跌幅判断-额外参数：
	分组名称：测试
	走势名称：发
	结果：未满足，返回code：-1
===2021-05-26 16:53:16.287===
额外条件未满足


===============================================

==============2021-05-26 16:53:19==============
===开始判断价格条件2021-05-26 16:53:17.459===
===开始判断额外/转自动条件2021-05-26 16:53:17.490===
===2021-05-26 16:53:17.541===
股票：601899板块涨跌幅判断-额外参数：
	分组名称：测试
	走势名称：发
	结果：未满足，返回code：-1
===2021-05-26 16:53:19.280===
额外条件未满足


===============================================

==============2021-05-26 16:53:49==============
===开始判断价格条件2021-05-26 16:53:20.441===
===开始判断额外/转自动条件2021-05-26 16:53:20.458===
===2021-05-26 16:53:20.501===
股票：601899板块涨跌幅判断-额外参数：
	分组名称：测试
	走势名称：发
	结果：未满足，返回code：-1
===2021-05-26 16:53:49.663===
额外条件未满足


===============================================

==============2021-05-26 16:54:02==============
===开始判断价格条件2021-05-26 16:53:50.823===
===开始判断额外/转自动条件2021-05-26 16:53:50.848===
===2021-05-26 16:53:50.894===
股票：601899板块涨跌幅判断-额外参数：
	分组名称：测试
	走势名称：发
	结果：未满足，返回code：-1
===2021-05-26 16:54:02.001===
额外条件未满足


===============================================

==============2021-05-26 16:54:18==============
===开始判断价格条件2021-05-26 16:54:03.182===
===开始判断额外/转自动条件2021-05-26 16:54:03.219===
===2021-05-26 16:54:03.254===
股票：601899板块涨跌幅判断-额外参数：
	分组名称：测试
	走势名称：发
	结果：未满足，返回code：-1
===2021-05-26 16:54:18.817===
额外条件未满足


===============================================

==============2021-05-26 17:01:23==============
===开始判断价格条件2021-05-26 17:01:22.707===
===开始判断额外/转自动条件2021-05-26 17:01:22.927===
额外条件未满足


===============================================

==============2021-05-26 17:01:24==============
===开始判断价格条件2021-05-26 17:01:24.420===
===开始判断额外/转自动条件2021-05-26 17:01:24.454===
额外条件未满足


===============================================

==============2021-05-26 17:01:25==============
===开始判断价格条件2021-05-26 17:01:25.674===
===开始判断额外/转自动条件2021-05-26 17:01:25.722===
额外条件未满足


===============================================

==============2021-05-26 17:01:26==============
===开始判断价格条件2021-05-26 17:01:26.905===
===开始判断额外/转自动条件2021-05-26 17:01:26.938===
额外条件未满足


===============================================

==============2021-05-26 17:01:28==============
===开始判断价格条件2021-05-26 17:01:28.117===
===开始判断额外/转自动条件2021-05-26 17:01:28.147===
额外条件未满足


===============================================

==============2021-05-26 17:01:29==============
===开始判断价格条件2021-05-26 17:01:29.306===
===开始判断额外/转自动条件2021-05-26 17:01:29.351===
额外条件未满足


===============================================

==============2021-05-26 17:01:33==============
===开始判断价格条件2021-05-26 17:01:33.504===
===开始判断额外/转自动条件2021-05-26 17:01:33.555===
额外条件未满足


===============================================

==============2021-05-26 17:01:34==============
===开始判断价格条件2021-05-26 17:01:34.702===
===开始判断额外/转自动条件2021-05-26 17:01:34.757===
额外条件未满足


===============================================

==============2021-05-26 17:01:36==============
===开始判断价格条件2021-05-26 17:01:36.262===
===开始判断额外/转自动条件2021-05-26 17:01:36.317===
额外条件未满足


===============================================

==============2021-05-26 17:01:38==============
===开始判断价格条件2021-05-26 17:01:37.960===
===开始判断额外/转自动条件2021-05-26 17:01:38.171===
额外条件未满足


===============================================

==============2021-05-26 17:01:40==============
===开始判断价格条件2021-05-26 17:01:40.553===
===开始判断额外/转自动条件2021-05-26 17:01:40.587===
额外条件未满足


===============================================

==============2021-05-26 17:01:41==============
===开始判断价格条件2021-05-26 17:01:41.764===
===开始判断额外/转自动条件2021-05-26 17:01:41.857===
额外条件未满足


===============================================

==============2021-05-26 17:01:43==============
===开始判断价格条件2021-05-26 17:01:43.400===
===开始判断额外/转自动条件2021-05-26 17:01:43.432===
额外条件未满足


===============================================

==============2021-05-26 17:01:44==============
===开始判断价格条件2021-05-26 17:01:44.605===
===开始判断额外/转自动条件2021-05-26 17:01:44.647===
额外条件未满足


===============================================

==============2021-05-26 17:01:46==============
===开始判断价格条件2021-05-26 17:01:46.526===
===开始判断额外/转自动条件2021-05-26 17:01:46.552===
额外条件未满足


===============================================

==============2021-05-26 17:01:48==============
===开始判断价格条件2021-05-26 17:01:48.374===
===开始判断额外/转自动条件2021-05-26 17:01:48.397===
额外条件未满足


===============================================

==============2021-05-26 17:01:49==============
===开始判断价格条件2021-05-26 17:01:49.899===
===开始判断额外/转自动条件2021-05-26 17:01:49.923===
额外条件未满足


===============================================

==============2021-05-26 17:01:51==============
===开始判断价格条件2021-05-26 17:01:51.085===
===开始判断额外/转自动条件2021-05-26 17:01:51.111===
额外条件未满足


===============================================

==============2021-05-26 17:01:52==============
===开始判断价格条件2021-05-26 17:01:52.285===
===开始判断额外/转自动条件2021-05-26 17:01:52.335===
额外条件未满足


===============================================

==============2021-05-26 17:01:54==============
===开始判断价格条件2021-05-26 17:01:54.443===
===开始判断额外/转自动条件2021-05-26 17:01:54.659===
额外条件未满足


===============================================

==============2021-05-26 17:01:56==============
===开始判断价格条件2021-05-26 17:01:56.303===
===开始判断额外/转自动条件2021-05-26 17:01:56.336===
额外条件未满足


===============================================

==============2021-05-26 17:01:57==============
===开始判断价格条件2021-05-26 17:01:57.581===
===开始判断额外/转自动条件2021-05-26 17:01:57.629===
额外条件未满足


===============================================

==============2021-05-26 17:01:58==============
===开始判断价格条件2021-05-26 17:01:58.770===
===开始判断额外/转自动条件2021-05-26 17:01:58.799===
额外条件未满足


===============================================

==============2021-05-26 17:01:59==============
===开始判断价格条件2021-05-26 17:01:59.946===
===开始判断额外/转自动条件2021-05-26 17:01:59.981===
额外条件未满足


===============================================

==============2021-05-26 17:02:01==============
===开始判断价格条件2021-05-26 17:02:01.190===
===开始判断额外/转自动条件2021-05-26 17:02:01.220===
额外条件未满足


===============================================

==============2021-05-26 17:02:02==============
===开始判断价格条件2021-05-26 17:02:02.389===
===开始判断额外/转自动条件2021-05-26 17:02:02.418===
额外条件未满足


===============================================

==============2021-05-26 17:02:04==============
===开始判断价格条件2021-05-26 17:02:04.092===
===开始判断额外/转自动条件2021-05-26 17:02:04.170===
额外条件未满足


===============================================

==============2021-05-26 17:02:06==============
===开始判断价格条件2021-05-26 17:02:06.372===
===开始判断额外/转自动条件2021-05-26 17:02:06.402===
额外条件未满足


===============================================

==============2021-05-26 17:02:07==============
===开始判断价格条件2021-05-26 17:02:07.610===
===开始判断额外/转自动条件2021-05-26 17:02:07.651===
额外条件未满足


===============================================

==============2021-05-26 17:02:09==============
===开始判断价格条件2021-05-26 17:02:09.367===
===开始判断额外/转自动条件2021-05-26 17:02:09.392===
额外条件未满足


===============================================

==============2021-05-26 17:02:10==============
===开始判断价格条件2021-05-26 17:02:10.788===
===开始判断额外/转自动条件2021-05-26 17:02:10.804===
额外条件未满足


===============================================

==============2021-05-26 17:02:13==============
===开始判断价格条件2021-05-26 17:02:13.187===
===开始判断额外/转自动条件2021-05-26 17:02:13.229===
额外条件未满足


===============================================

==============2021-05-26 17:02:14==============
===开始判断价格条件2021-05-26 17:02:14.412===
===开始判断额外/转自动条件2021-05-26 17:02:14.444===
额外条件未满足


===============================================

==============2021-05-26 17:02:16==============
===开始判断价格条件2021-05-26 17:02:16.076===
===开始判断额外/转自动条件2021-05-26 17:02:16.101===
额外条件未满足


===============================================

==============2021-05-26 17:02:17==============
===开始判断价格条件2021-05-26 17:02:17.280===
===开始判断额外/转自动条件2021-05-26 17:02:17.317===
额外条件未满足


===============================================

==============2021-05-26 17:02:19==============
===开始判断价格条件2021-05-26 17:02:18.970===
===开始判断额外/转自动条件2021-05-26 17:02:19.024===
额外条件未满足


===============================================

==============2021-05-26 17:02:20==============
===开始判断价格条件2021-05-26 17:02:20.464===
===开始判断额外/转自动条件2021-05-26 17:02:20.506===
额外条件未满足


===============================================

==============2021-05-26 17:02:21==============
===开始判断价格条件2021-05-26 17:02:21.744===
===开始判断额外/转自动条件2021-05-26 17:02:21.773===
额外条件未满足


===============================================

==============2021-05-26 17:02:22==============
===开始判断价格条件2021-05-26 17:02:22.947===
===开始判断额外/转自动条件2021-05-26 17:02:22.976===
额外条件未满足


===============================================

==============2021-05-26 17:02:24==============
===开始判断价格条件2021-05-26 17:02:24.189===
===开始判断额外/转自动条件2021-05-26 17:02:24.244===
额外条件未满足


===============================================

==============2021-05-26 17:02:26==============
===开始判断价格条件2021-05-26 17:02:26.077===
===开始判断额外/转自动条件2021-05-26 17:02:26.133===
额外条件未满足


===============================================

==============2021-05-26 17:02:28==============
===开始判断价格条件2021-05-26 17:02:27.971===
===开始判断额外/转自动条件2021-05-26 17:02:28.017===
额外条件未满足


===============================================

==============2021-05-26 17:02:29==============
===开始判断价格条件2021-05-26 17:02:29.423===
===开始判断额外/转自动条件2021-05-26 17:02:29.456===
额外条件未满足


===============================================

==============2021-05-26 17:02:31==============
===开始判断价格条件2021-05-26 17:02:31.258===
===开始判断额外/转自动条件2021-05-26 17:02:31.385===
额外条件未满足


===============================================

==============2021-05-26 17:02:32==============
===开始判断价格条件2021-05-26 17:02:32.709===
===开始判断额外/转自动条件2021-05-26 17:02:32.911===
额外条件未满足


===============================================

==============2021-05-26 17:02:34==============
===开始判断价格条件2021-05-26 17:02:34.122===
===开始判断额外/转自动条件2021-05-26 17:02:34.181===
额外条件未满足


===============================================

==============2021-05-26 17:02:35==============
===开始判断价格条件2021-05-26 17:02:35.425===
===开始判断额外/转自动条件2021-05-26 17:02:35.476===
额外条件未满足


===============================================

==============2021-05-26 17:02:37==============
===开始判断价格条件2021-05-26 17:02:37.311===
===开始判断额外/转自动条件2021-05-26 17:02:37.338===
额外条件未满足


===============================================

==============2021-05-26 17:02:38==============
===开始判断价格条件2021-05-26 17:02:38.509===
===开始判断额外/转自动条件2021-05-26 17:02:38.535===
额外条件未满足


===============================================

==============2021-05-26 17:02:39==============
===开始判断价格条件2021-05-26 17:02:39.705===
===开始判断额外/转自动条件2021-05-26 17:02:39.735===
额外条件未满足


===============================================

==============2021-05-26 17:02:40==============
===开始判断价格条件2021-05-26 17:02:40.913===
===开始判断额外/转自动条件2021-05-26 17:02:40.942===
额外条件未满足


===============================================

==============2021-05-26 17:02:42==============
===开始判断价格条件2021-05-26 17:02:42.121===
===开始判断额外/转自动条件2021-05-26 17:02:42.145===
额外条件未满足


===============================================

==============2021-05-26 17:02:44==============
===开始判断价格条件2021-05-26 17:02:44.178===
===开始判断额外/转自动条件2021-05-26 17:02:44.229===
额外条件未满足


===============================================

==============2021-05-26 17:02:46==============
===开始判断价格条件2021-05-26 17:02:46.789===
===开始判断额外/转自动条件2021-05-26 17:02:46.831===
额外条件未满足


===============================================

==============2021-05-26 17:02:48==============
===开始判断价格条件2021-05-26 17:02:48.067===
===开始判断额外/转自动条件2021-05-26 17:02:48.126===
额外条件未满足


===============================================

==============2021-05-26 17:02:49==============
===开始判断价格条件2021-05-26 17:02:49.273===
===开始判断额外/转自动条件2021-05-26 17:02:49.303===
额外条件未满足


===============================================

==============2021-05-26 17:02:50==============
===开始判断价格条件2021-05-26 17:02:50.505===
===开始判断额外/转自动条件2021-05-26 17:02:50.530===
额外条件未满足


===============================================

==============2021-05-26 17:02:52==============
===开始判断价格条件2021-05-26 17:02:52.403===
===开始判断额外/转自动条件2021-05-26 17:02:52.433===
额外条件未满足


===============================================

==============2021-05-26 17:02:54==============
===开始判断价格条件2021-05-26 17:02:54.626===
===开始判断额外/转自动条件2021-05-26 17:02:54.852===
额外条件未满足


===============================================

==============2021-05-26 17:02:58==============
===开始判断价格条件2021-05-26 17:02:58.497===
===开始判断额外/转自动条件2021-05-26 17:02:58.535===
额外条件未满足


===============================================

==============2021-05-26 17:02:59==============
===开始判断价格条件2021-05-26 17:02:59.787===
===开始判断额外/转自动条件2021-05-26 17:02:59.838===
额外条件未满足


===============================================

==============2021-05-26 17:03:02==============
===开始判断价格条件2021-05-26 17:03:01.959===
===开始判断额外/转自动条件2021-05-26 17:03:02.010===
额外条件未满足


===============================================

==============2021-05-26 17:03:03==============
===开始判断价格条件2021-05-26 17:03:03.439===
===开始判断额外/转自动条件2021-05-26 17:03:03.470===
额外条件未满足


===============================================

==============2021-05-26 17:03:04==============
===开始判断价格条件2021-05-26 17:03:04.670===
===开始判断额外/转自动条件2021-05-26 17:03:04.714===
额外条件未满足


===============================================

==============2021-05-26 17:03:05==============
===开始判断价格条件2021-05-26 17:03:05.880===
===开始判断额外/转自动条件2021-05-26 17:03:05.913===
额外条件未满足


===============================================

==============2021-05-26 17:03:07==============
===开始判断价格条件2021-05-26 17:03:07.135===
===开始判断额外/转自动条件2021-05-26 17:03:07.160===
额外条件未满足


===============================================

==============2021-05-26 17:03:08==============
===开始判断价格条件2021-05-26 17:03:08.327===
===开始判断额外/转自动条件2021-05-26 17:03:08.378===
额外条件未满足


===============================================

==============2021-05-26 17:03:10==============
===开始判断价格条件2021-05-26 17:03:10.376===
===开始判断额外/转自动条件2021-05-26 17:03:10.400===
额外条件未满足


===============================================

==============2021-05-26 17:03:11==============
===开始判断价格条件2021-05-26 17:03:11.549===
===开始判断额外/转自动条件2021-05-26 17:03:11.575===
额外条件未满足


===============================================

==============2021-05-26 17:03:13==============
===开始判断价格条件2021-05-26 17:03:13.047===
===开始判断额外/转自动条件2021-05-26 17:03:13.084===
额外条件未满足


===============================================

==============2021-05-26 17:03:14==============
===开始判断价格条件2021-05-26 17:03:14.251===
===开始判断额外/转自动条件2021-05-26 17:03:14.277===
额外条件未满足


===============================================

==============2021-05-26 17:03:15==============
===开始判断价格条件2021-05-26 17:03:15.747===
===开始判断额外/转自动条件2021-05-26 17:03:15.768===
额外条件未满足


===============================================

==============2021-05-26 17:03:17==============
===开始判断价格条件2021-05-26 17:03:17.533===
===开始判断额外/转自动条件2021-05-26 17:03:17.614===
额外条件未满足


===============================================

==============2021-05-26 17:03:19==============
===开始判断价格条件2021-05-26 17:03:19.013===
===开始判断额外/转自动条件2021-05-26 17:03:19.067===
额外条件未满足


===============================================

==============2021-05-26 17:03:20==============
===开始判断价格条件2021-05-26 17:03:20.469===
===开始判断额外/转自动条件2021-05-26 17:03:20.496===
额外条件未满足


===============================================

==============2021-05-26 17:03:21==============
===开始判断价格条件2021-05-26 17:03:21.730===
===开始判断额外/转自动条件2021-05-26 17:03:21.755===
额外条件未满足


===============================================

==============2021-05-26 17:03:23==============
===开始判断价格条件2021-05-26 17:03:22.952===
===开始判断额外/转自动条件2021-05-26 17:03:22.990===
额外条件未满足


===============================================

==============2021-05-26 17:03:25==============
===开始判断价格条件2021-05-26 17:03:25.716===
===开始判断额外/转自动条件2021-05-26 17:03:25.769===
额外条件未满足


===============================================

==============2021-05-26 17:03:27==============
===开始判断价格条件2021-05-26 17:03:27.313===
===开始判断额外/转自动条件2021-05-26 17:03:27.522===
额外条件未满足


===============================================

==============2021-05-26 17:03:29==============
===开始判断价格条件2021-05-26 17:03:29.140===
===开始判断额外/转自动条件2021-05-26 17:03:29.176===
额外条件未满足


===============================================

==============2021-05-26 17:03:30==============
===开始判断价格条件2021-05-26 17:03:30.357===
===开始判断额外/转自动条件2021-05-26 17:03:30.389===
额外条件未满足


===============================================

==============2021-05-26 17:03:31==============
===开始判断价格条件2021-05-26 17:03:31.932===
===开始判断额外/转自动条件2021-05-26 17:03:31.970===
额外条件未满足


===============================================

==============2021-05-26 17:03:33==============
===开始判断价格条件2021-05-26 17:03:33.141===
===开始判断额外/转自动条件2021-05-26 17:03:33.194===
额外条件未满足


===============================================

==============2021-05-26 17:03:35==============
===开始判断价格条件2021-05-26 17:03:35.397===
===开始判断额外/转自动条件2021-05-26 17:03:35.419===
额外条件未满足


===============================================

==============2021-05-26 17:03:36==============
===开始判断价格条件2021-05-26 17:03:36.785===
===开始判断额外/转自动条件2021-05-26 17:03:36.815===
额外条件未满足


===============================================

==============2021-05-26 17:03:38==============
===开始判断价格条件2021-05-26 17:03:38.031===
===开始判断额外/转自动条件2021-05-26 17:03:38.061===
额外条件未满足


===============================================

==============2021-05-26 17:03:39==============
===开始判断价格条件2021-05-26 17:03:39.250===
===开始判断额外/转自动条件2021-05-26 17:03:39.298===
额外条件未满足


===============================================

==============2021-05-26 17:03:40==============
===开始判断价格条件2021-05-26 17:03:40.459===
===开始判断额外/转自动条件2021-05-26 17:03:40.488===
额外条件未满足


===============================================

==============2021-05-26 17:03:41==============
===开始判断价格条件2021-05-26 17:03:41.665===
===开始判断额外/转自动条件2021-05-26 17:03:41.695===
额外条件未满足


===============================================

==============2021-05-26 17:03:42==============
===开始判断价格条件2021-05-26 17:03:42.858===
===开始判断额外/转自动条件2021-05-26 17:03:42.888===
额外条件未满足


===============================================

==============2021-05-26 17:03:44==============
===开始判断价格条件2021-05-26 17:03:44.033===
===开始判断额外/转自动条件2021-05-26 17:03:44.088===
额外条件未满足


===============================================

==============2021-05-26 17:03:45==============
===开始判断价格条件2021-05-26 17:03:45.262===
===开始判断额外/转自动条件2021-05-26 17:03:45.299===
额外条件未满足


===============================================

==============2021-05-26 17:03:46==============
===开始判断价格条件2021-05-26 17:03:46.468===
===开始判断额外/转自动条件2021-05-26 17:03:46.510===
额外条件未满足


===============================================

==============2021-05-26 17:03:47==============
===开始判断价格条件2021-05-26 17:03:47.688===
===开始判断额外/转自动条件2021-05-26 17:03:47.722===
额外条件未满足


===============================================

==============2021-05-26 17:03:48==============
===开始判断价格条件2021-05-26 17:03:48.894===
===开始判断额外/转自动条件2021-05-26 17:03:48.927===
额外条件未满足


===============================================

==============2021-05-26 17:03:50==============
===开始判断价格条件2021-05-26 17:03:50.097===
===开始判断额外/转自动条件2021-05-26 17:03:50.144===
额外条件未满足


===============================================

==============2021-05-26 17:03:52==============
===开始判断价格条件2021-05-26 17:03:52.342===
===开始判断额外/转自动条件2021-05-26 17:03:52.365===
额外条件未满足


===============================================

==============2021-05-26 17:03:54==============
===开始判断价格条件2021-05-26 17:03:54.065===
===开始判断额外/转自动条件2021-05-26 17:03:54.322===
额外条件未满足


===============================================

==============2021-05-26 17:03:55==============
===开始判断价格条件2021-05-26 17:03:55.631===
===开始判断额外/转自动条件2021-05-26 17:03:55.659===
额外条件未满足


===============================================

==============2021-05-26 17:03:56==============
===开始判断价格条件2021-05-26 17:03:56.866===
===开始判断额外/转自动条件2021-05-26 17:03:56.905===
额外条件未满足


===============================================

==============2021-05-26 17:03:58==============
===开始判断价格条件2021-05-26 17:03:58.141===
===开始判断额外/转自动条件2021-05-26 17:03:58.172===
额外条件未满足


===============================================

==============2021-05-26 17:03:59==============
===开始判断价格条件2021-05-26 17:03:59.395===
===开始判断额外/转自动条件2021-05-26 17:03:59.520===
额外条件未满足


===============================================

==============2021-05-26 17:04:00==============
===开始判断价格条件2021-05-26 17:04:00.709===
===开始判断额外/转自动条件2021-05-26 17:04:00.746===
额外条件未满足


===============================================

==============2021-05-26 17:04:02==============
===开始判断价格条件2021-05-26 17:04:02.137===
===开始判断额外/转自动条件2021-05-26 17:04:02.163===
额外条件未满足


===============================================

==============2021-05-26 17:04:03==============
===开始判断价格条件2021-05-26 17:04:03.906===
===开始判断额外/转自动条件2021-05-26 17:04:03.944===
额外条件未满足


===============================================

==============2021-05-26 17:04:05==============
===开始判断价格条件2021-05-26 17:04:05.430===
===开始判断额外/转自动条件2021-05-26 17:04:05.463===
额外条件未满足


===============================================

==============2021-05-26 17:04:23==============
===开始判断价格条件2021-05-26 17:04:06.665===
===开始判断额外/转自动条件2021-05-26 17:04:06.691===
===2021-05-26 17:04:06.732===
股票：601899历史涨跌幅判断-额外参数：
	分组名称：测试
	走势名称：历史涨跌幅
	结果：未满足，返回code：-1
===2021-05-26 17:04:23.081===
额外条件未满足


===============================================

==============2021-05-26 17:05:23==============
===开始判断价格条件2021-05-26 17:04:24.267===
===开始判断额外/转自动条件2021-05-26 17:04:24.290===
===2021-05-26 17:04:24.328===
股票：601899历史涨跌幅判断-额外参数：
	分组名称：测试
	走势名称：历史涨跌幅
	结果：未满足，返回code：-1
===2021-05-26 17:05:23.248===
额外条件未满足


===============================================

==============2021-05-26 17:39:49==============
===开始判断价格条件2021-05-26 17:39:35.680===
===开始判断额外/转自动条件2021-05-26 17:39:35.769===
===2021-05-26 17:39:35.817===
股票：601899历史涨跌幅判断-额外参数：
	分组名称：测试
	走势名称：历史涨跌幅
	结果：未满足，返回code：-1
===2021-05-26 17:39:49.502===
额外条件未满足


===============================================

==============2021-05-26 17:40:00==============
===开始判断价格条件2021-05-26 17:39:50.688===
===开始判断额外/转自动条件2021-05-26 17:39:50.721===
===2021-05-26 17:39:50.762===
股票：601899历史涨跌幅判断-额外参数：
	分组名称：测试
	走势名称：历史涨跌幅
	结果：未满足，返回code：-1
===2021-05-26 17:40:00.997===
额外条件未满足


===============================================

==============2021-05-26 17:40:12==============
===开始判断价格条件2021-05-26 17:40:02.193===
===开始判断额外/转自动条件2021-05-26 17:40:02.223===
===2021-05-26 17:40:02.271===
股票：601899历史涨跌幅判断-额外参数：
	分组名称：测试
	走势名称：历史涨跌幅
	结果：未满足，返回code：-1
===2021-05-26 17:40:12.012===
额外条件未满足


===============================================

==============2021-05-26 17:40:21==============
===开始判断价格条件2021-05-26 17:40:13.221===
===开始判断额外/转自动条件2021-05-26 17:40:13.327===
===2021-05-26 17:40:13.373===
股票：601899历史涨跌幅判断-额外参数：
	分组名称：测试
	走势名称：历史涨跌幅
	结果：未满足，返回code：-1
===2021-05-26 17:40:21.308===
额外条件未满足


===============================================

==============2021-05-26 17:40:35==============
===开始判断价格条件2021-05-26 17:40:23.503===
===开始判断额外/转自动条件2021-05-26 17:40:23.552===
===2021-05-26 17:40:23.604===
股票：601899历史涨跌幅判断-额外参数：
	分组名称：测试
	走势名称：历史涨跌幅
	结果：未满足，返回code：-1
===2021-05-26 17:40:35.918===
额外条件未满足


===============================================

==============2021-05-26 17:41:03==============
===开始判断价格条件2021-05-26 17:40:37.231===
===开始判断额外/转自动条件2021-05-26 17:40:37.466===
===2021-05-26 17:40:37.745===
股票：601899历史涨跌幅判断-额外参数：
	分组名称：测试
	走势名称：历史涨跌幅
	结果：未满足，返回code：-1
===2021-05-26 17:41:03.726===
额外条件未满足


===============================================

==============2021-05-26 17:41:13==============
===开始判断价格条件2021-05-26 17:41:04.875===
===开始判断额外/转自动条件2021-05-26 17:41:04.926===
===2021-05-26 17:41:04.965===
股票：601899历史涨跌幅判断-额外参数：
	分组名称：测试
	走势名称：历史涨跌幅
	结果：未满足，返回code：-1
===2021-05-26 17:41:13.885===
额外条件未满足


===============================================

==============2021-05-26 17:41:22==============
===开始判断价格条件2021-05-26 17:41:15.065===
===开始判断额外/转自动条件2021-05-26 17:41:15.092===
===2021-05-26 17:41:15.133===
股票：601899历史涨跌幅判断-额外参数：
	分组名称：测试
	走势名称：历史涨跌幅
	结果：未满足，返回code：-1
===2021-05-26 17:41:22.248===
额外条件未满足


===============================================

==============2021-05-26 17:41:36==============
===开始判断价格条件2021-05-26 17:41:23.428===
===开始判断额外/转自动条件2021-05-26 17:41:23.460===
===2021-05-26 17:41:23.505===
股票：601899历史涨跌幅判断-额外参数：
	分组名称：测试
	走势名称：历史涨跌幅
	结果：未满足，返回code：-1
===2021-05-26 17:41:36.559===
额外条件未满足


===============================================

==============2021-05-26 17:41:49==============
===开始判断价格条件2021-05-26 17:41:37.747===
===开始判断额外/转自动条件2021-05-26 17:41:37.782===
===2021-05-26 17:41:37.836===
股票：601899历史涨跌幅判断-额外参数：
	分组名称：测试
	走势名称：历史涨跌幅
	结果：未满足，返回code：-1
===2021-05-26 17:41:49.868===
额外条件未满足


===============================================

==============2021-05-26 17:42:05==============
===开始判断价格条件2021-05-26 17:41:51.041===
===开始判断额外/转自动条件2021-05-26 17:41:51.065===
===2021-05-26 17:41:51.109===
股票：601899历史涨跌幅判断-额外参数：
	分组名称：测试
	走势名称：历史涨跌幅
	结果：未满足，返回code：-1
===2021-05-26 17:42:05.111===
额外条件未满足


===============================================

==============2021-05-26 17:43:09==============
===开始判断价格条件2021-05-26 17:42:06.647===
===开始判断额外/转自动条件2021-05-26 17:42:06.680===
===2021-05-26 17:42:06.722===
股票：601899历史涨跌幅判断-额外参数：
	分组名称：测试
	走势名称：历史涨跌幅
	结果：未满足，返回code：-1
===2021-05-26 17:43:09.798===
额外条件未满足


===============================================

