==============2021-08-09 10:11:08==============
===6开始执行条件2021-08-09 10:11:07.796===
===开始判断价格条件2021-08-09 10:11:07.796===
===开始判断额外/转自动条件2021-08-09 10:11:07.924===
===2021-08-09 10:11:07.980===
股票：000009指定时间段判断-额外参数：
	分组名称：1
	走势名称：时间段
		条件成立(当前时间：2021-08-09 10:11:07.796,条件时段：09:30:00-13:00:00)
	结果：达到要求
===2021-08-09 10:11:08.028===
===2021-08-09 10:11:08.116===
股票：000009多头向上判断-转自动参数：
	分组名称：2
	走势名称：多头向上
	结果：未满足，返回code：0
===2021-08-09 10:11:08.116===
满足所有条件，可以触发


===============================================

==============2021-08-09 10:11:31==============
===6开始执行条件2021-08-09 10:11:27.089===
===开始判断价格条件2021-08-09 10:11:27.089===
===开始判断额外/转自动条件2021-08-09 10:11:28.490===
===2021-08-09 10:11:29.653===
股票：000009指定时间段判断-额外参数：
	分组名称：1
	走势名称：时间段
		条件成立(当前时间：2021-08-09 10:11:27.088,条件时段：09:30:00-13:00:00)
	结果：达到要求
===2021-08-09 10:11:30.101===
===2021-08-09 10:11:31.118===
股票：000009多头向上判断-转自动参数：
	分组名称：2
	走势名称：多头向上
	结果：未满足，返回code：0
===2021-08-09 10:11:31.118===
满足所有条件，可以触发


===============================================

==============2021-08-09 11:02:53==============
===6开始执行条件2021-08-09 11:02:53.138===
===开始判断价格条件2021-08-09 11:02:53.138===
===开始判断额外/转自动条件2021-08-09 11:02:53.205===
===2021-08-09 11:02:53.581===
股票：000009指定时间段判断-额外参数：
	分组名称：1
	走势名称：时间段
		条件成立(当前时间：2021-08-09 11:02:53.138,条件时段：09:30:00-13:00:00)
	结果：达到要求
===2021-08-09 11:02:53.741===
===2021-08-09 11:02:53.891===
股票：000009多头向上判断-转自动参数：
	分组名称：2
	走势名称：多头向上
	结果：未满足，返回code：0
===2021-08-09 11:02:53.891===
满足所有条件，可以触发


===============================================

==============2021-08-09 11:03:17==============
===6开始执行条件2021-08-09 11:03:17.343===
===开始判断价格条件2021-08-09 11:03:17.343===
===开始判断额外/转自动条件2021-08-09 11:03:17.449===
===2021-08-09 11:03:17.545===
股票：000009指定时间段判断-额外参数：
	分组名称：1
	走势名称：时间段
		条件成立(当前时间：2021-08-09 11:03:17.343,条件时段：09:30:00-13:00:00)
	结果：达到要求
===2021-08-09 11:03:17.646===
===2021-08-09 11:03:17.908===
股票：000009多头向上判断-转自动参数：
	分组名称：2
	走势名称：多头向上
	结果：未满足，返回code：0
===2021-08-09 11:03:17.908===
满足所有条件，可以触发


===============================================

==============2021-08-09 11:03:33==============
===6开始执行条件2021-08-09 11:03:32.628===
===开始判断价格条件2021-08-09 11:03:32.628===
===开始判断额外/转自动条件2021-08-09 11:03:32.841===
===2021-08-09 11:03:32.941===
股票：000009指定时间段判断-额外参数：
	分组名称：1
	走势名称：时间段
		条件成立(当前时间：2021-08-09 11:03:32.628,条件时段：09:30:00-13:00:00)
	结果：达到要求
===2021-08-09 11:03:33.160===
===2021-08-09 11:03:33.487===
股票：000009多头向上判断-转自动参数：
	分组名称：2
	走势名称：多头向上
	结果：未满足，返回code：0
===2021-08-09 11:03:33.487===
满足所有条件，可以触发


===============================================

