==============2021-08-11 10:28:54==============
===6开始执行条件2021-08-11 10:28:53.281===
===开始判断价格条件2021-08-11 10:28:53.281===
===开始判断额外/转自动条件2021-08-11 10:28:53.591===
===2021-08-11 10:28:53.788===
股票：000009指定时间段判断-额外参数：
	分组名称：1
	走势名称：时间段
		条件成立(当前时间：2021-08-11 10:28:53.281,条件时段：09:30:00-13:00:00)
	结果：达到要求
===2021-08-11 10:28:54.049===
===2021-08-11 10:28:54.481===
股票：000009多头向上判断-转自动参数：
	分组名称：2
	走势名称：多头向上
	结果：未满足，返回code：0
===2021-08-11 10:28:54.481===
满足所有条件，可以触发


===============================================

==============2021-08-11 10:29:03==============
===6开始执行条件2021-08-11 10:29:02.560===
===开始判断价格条件2021-08-11 10:29:02.560===
===开始判断额外/转自动条件2021-08-11 10:29:02.972===
===2021-08-11 10:29:03.421===
股票：000009指定时间段判断-额外参数：
	分组名称：1
	走势名称：时间段
		条件成立(当前时间：2021-08-11 10:29:02.560,条件时段：09:30:00-13:00:00)
	结果：达到要求
===2021-08-11 10:29:03.613===
===2021-08-11 10:29:03.826===
股票：000009多头向上判断-转自动参数：
	分组名称：2
	走势名称：多头向上
	结果：未满足，返回code：0
===2021-08-11 10:29:03.826===
满足所有条件，可以触发


===============================================

==============2021-08-11 10:29:46==============
===6开始执行条件2021-08-11 10:29:46.273===
===开始判断价格条件2021-08-11 10:29:46.273===
===开始判断额外/转自动条件2021-08-11 10:29:46.452===
===2021-08-11 10:29:46.507===
股票：000009指定时间段判断-额外参数：
	分组名称：1
	走势名称：时间段
		条件成立(当前时间：2021-08-11 10:29:46.273,条件时段：09:30:00-13:00:00)
	结果：达到要求
===2021-08-11 10:29:46.573===
===2021-08-11 10:29:46.683===
股票：000009多头向上判断-转自动参数：
	分组名称：2
	走势名称：多头向上
	结果：未满足，返回code：0
===2021-08-11 10:29:46.683===
满足所有条件，可以触发


===============================================

==============2021-08-11 10:30:00==============
===6开始执行条件2021-08-11 10:29:58.009===
===开始判断价格条件2021-08-11 10:29:58.009===
===开始判断额外/转自动条件2021-08-11 10:29:59.205===
===2021-08-11 10:29:59.680===
股票：000009指定时间段判断-额外参数：
	分组名称：1
	走势名称：时间段
		条件成立(当前时间：2021-08-11 10:29:58.009,条件时段：09:30:00-13:00:00)
	结果：达到要求
===2021-08-11 10:30:00.377===
===2021-08-11 10:30:00.827===
股票：000009多头向上判断-转自动参数：
	分组名称：2
	走势名称：多头向上
	结果：未满足，返回code：0
===2021-08-11 10:30:00.827===
满足所有条件，可以触发


===============================================

==============2021-08-11 10:30:17==============
===6开始执行条件2021-08-11 10:30:16.434===
===开始判断价格条件2021-08-11 10:30:16.434===
===开始判断额外/转自动条件2021-08-11 10:30:16.607===
===2021-08-11 10:30:16.749===
股票：000009指定时间段判断-额外参数：
	分组名称：1
	走势名称：时间段
		条件成立(当前时间：2021-08-11 10:30:16.434,条件时段：09:30:00-13:00:00)
	结果：达到要求
===2021-08-11 10:30:16.913===
===2021-08-11 10:30:17.133===
股票：000009多头向上判断-转自动参数：
	分组名称：2
	走势名称：多头向上
	结果：未满足，返回code：0
===2021-08-11 10:30:17.133===
满足所有条件，可以触发


===============================================

==============2021-08-11 10:30:33==============
===6开始执行条件2021-08-11 10:30:32.419===
===开始判断价格条件2021-08-11 10:30:32.419===
===开始判断额外/转自动条件2021-08-11 10:30:33.029===
===2021-08-11 10:30:33.103===
股票：000009指定时间段判断-额外参数：
	分组名称：1
	走势名称：时间段
		条件成立(当前时间：2021-08-11 10:30:32.419,条件时段：09:30:00-13:00:00)
	结果：达到要求
===2021-08-11 10:30:33.281===
===2021-08-11 10:30:33.408===
股票：000009多头向上判断-转自动参数：
	分组名称：2
	走势名称：多头向上
	结果：未满足，返回code：0
===2021-08-11 10:30:33.408===
满足所有条件，可以触发


===============================================

==============2021-08-11 10:30:44==============
===6开始执行条件2021-08-11 10:30:44.026===
===开始判断价格条件2021-08-11 10:30:44.026===
===开始判断额外/转自动条件2021-08-11 10:30:44.217===
===2021-08-11 10:30:44.336===
股票：000009指定时间段判断-额外参数：
	分组名称：1
	走势名称：时间段
		条件成立(当前时间：2021-08-11 10:30:44.026,条件时段：09:30:00-13:00:00)
	结果：达到要求
===2021-08-11 10:30:44.519===
===2021-08-11 10:30:44.741===
股票：000009多头向上判断-转自动参数：
	分组名称：2
	走势名称：多头向上
	结果：未满足，返回code：0
===2021-08-11 10:30:44.741===
满足所有条件，可以触发


===============================================

==============2021-08-11 10:31:01==============
===6开始执行条件2021-08-11 10:31:00.820===
===开始判断价格条件2021-08-11 10:31:00.820===
===开始判断额外/转自动条件2021-08-11 10:31:00.963===
===2021-08-11 10:31:01.036===
股票：000009指定时间段判断-额外参数：
	分组名称：1
	走势名称：时间段
		条件成立(当前时间：2021-08-11 10:31:00.814,条件时段：09:30:00-13:00:00)
	结果：达到要求
===2021-08-11 10:31:01.129===
===2021-08-11 10:31:01.322===
股票：000009多头向上判断-转自动参数：
	分组名称：2
	走势名称：多头向上
	结果：未满足，返回code：0
===2021-08-11 10:31:01.322===
满足所有条件，可以触发


===============================================

==============2021-08-11 10:31:19==============
===6开始执行条件2021-08-11 10:31:19.154===
===开始判断价格条件2021-08-11 10:31:19.154===
===开始判断额外/转自动条件2021-08-11 10:31:19.283===
===2021-08-11 10:31:19.350===
股票：000009指定时间段判断-额外参数：
	分组名称：1
	走势名称：时间段
		条件成立(当前时间：2021-08-11 10:31:19.154,条件时段：09:30:00-13:00:00)
	结果：达到要求
===2021-08-11 10:31:19.395===
===2021-08-11 10:31:19.550===
股票：000009多头向上判断-转自动参数：
	分组名称：2
	走势名称：多头向上
	结果：未满足，返回code：0
===2021-08-11 10:31:19.550===
满足所有条件，可以触发


===============================================

==============2021-08-11 10:31:26==============
===6开始执行条件2021-08-11 10:31:25.605===
===开始判断价格条件2021-08-11 10:31:25.605===
===开始判断额外/转自动条件2021-08-11 10:31:25.813===
===2021-08-11 10:31:26.052===
股票：000009指定时间段判断-额外参数：
	分组名称：1
	走势名称：时间段
		条件成立(当前时间：2021-08-11 10:31:25.605,条件时段：09:30:00-13:00:00)
	结果：达到要求
===2021-08-11 10:31:26.199===
===2021-08-11 10:31:26.688===
股票：000009多头向上判断-转自动参数：
	分组名称：2
	走势名称：多头向上
	结果：未满足，返回code：0
===2021-08-11 10:31:26.688===
满足所有条件，可以触发


===============================================

==============2021-08-11 10:31:33==============
===6开始执行条件2021-08-11 10:31:33.073===
===开始判断价格条件2021-08-11 10:31:33.073===
===开始判断额外/转自动条件2021-08-11 10:31:33.124===
===2021-08-11 10:31:33.244===
股票：000009指定时间段判断-额外参数：
	分组名称：1
	走势名称：时间段
		条件成立(当前时间：2021-08-11 10:31:33.064,条件时段：09:30:00-13:00:00)
	结果：达到要求
===2021-08-11 10:31:33.330===
===2021-08-11 10:31:33.426===
股票：000009多头向上判断-转自动参数：
	分组名称：2
	走势名称：多头向上
	结果：未满足，返回code：0
===2021-08-11 10:31:33.426===
满足所有条件，可以触发


===============================================

==============2021-08-11 10:31:50==============
===6开始执行条件2021-08-11 10:31:46.841===
===开始判断价格条件2021-08-11 10:31:46.841===
===开始判断额外/转自动条件2021-08-11 10:31:47.746===
===2021-08-11 10:31:48.976===
股票：000009指定时间段判断-额外参数：
	分组名称：1
	走势名称：时间段
		条件成立(当前时间：2021-08-11 10:31:46.840,条件时段：09:30:00-13:00:00)
	结果：达到要求
===2021-08-11 10:31:49.465===
===2021-08-11 10:31:50.324===
股票：000009多头向上判断-转自动参数：
	分组名称：2
	走势名称：多头向上
	结果：未满足，返回code：0
===2021-08-11 10:31:50.324===
满足所有条件，可以触发


===============================================

==============2021-08-11 10:32:07==============
===6开始执行条件2021-08-11 10:32:03.621===
===开始判断价格条件2021-08-11 10:32:03.621===
===开始判断额外/转自动条件2021-08-11 10:32:05.367===
===2021-08-11 10:32:06.068===
股票：000009指定时间段判断-额外参数：
	分组名称：1
	走势名称：时间段
		条件成立(当前时间：2021-08-11 10:32:03.621,条件时段：09:30:00-13:00:00)
	结果：达到要求
===2021-08-11 10:32:06.665===
===2021-08-11 10:32:07.858===
股票：000009多头向上判断-转自动参数：
	分组名称：2
	走势名称：多头向上
	结果：未满足，返回code：0
===2021-08-11 10:32:07.859===
满足所有条件，可以触发


===============================================

==============2021-08-11 10:32:21==============
===6开始执行条件2021-08-11 10:32:20.230===
===开始判断价格条件2021-08-11 10:32:20.230===
===开始判断额外/转自动条件2021-08-11 10:32:20.515===
===2021-08-11 10:32:20.637===
股票：000009指定时间段判断-额外参数：
	分组名称：1
	走势名称：时间段
		条件成立(当前时间：2021-08-11 10:32:20.230,条件时段：09:30:00-13:00:00)
	结果：达到要求
===2021-08-11 10:32:20.953===
===2021-08-11 10:32:21.410===
股票：000009多头向上判断-转自动参数：
	分组名称：2
	走势名称：多头向上
	结果：未满足，返回code：0
===2021-08-11 10:32:21.410===
满足所有条件，可以触发


===============================================

==============2021-08-11 10:32:47==============
===6开始执行条件2021-08-11 10:32:46.715===
===开始判断价格条件2021-08-11 10:32:46.715===
===开始判断额外/转自动条件2021-08-11 10:32:46.900===
===2021-08-11 10:32:46.977===
股票：000009指定时间段判断-额外参数：
	分组名称：1
	走势名称：时间段
		条件成立(当前时间：2021-08-11 10:32:46.715,条件时段：09:30:00-13:00:00)
	结果：达到要求
===2021-08-11 10:32:47.027===
===2021-08-11 10:32:47.166===
股票：000009多头向上判断-转自动参数：
	分组名称：2
	走势名称：多头向上
	结果：未满足，返回code：0
===2021-08-11 10:32:47.166===
满足所有条件，可以触发


===============================================

==============2021-08-11 10:33:09==============
===6开始执行条件2021-08-11 10:33:08.244===
===开始判断价格条件2021-08-11 10:33:08.244===
===开始判断额外/转自动条件2021-08-11 10:33:08.340===
===2021-08-11 10:33:08.480===
股票：000009指定时间段判断-额外参数：
	分组名称：1
	走势名称：时间段
		条件成立(当前时间：2021-08-11 10:33:08.244,条件时段：09:30:00-13:00:00)
	结果：达到要求
===2021-08-11 10:33:08.568===
===2021-08-11 10:33:09.089===
股票：000009多头向上判断-转自动参数：
	分组名称：2
	走势名称：多头向上
	结果：未满足，返回code：0
===2021-08-11 10:33:09.089===
满足所有条件，可以触发


===============================================

==============2021-08-11 10:33:29==============
===6开始执行条件2021-08-11 10:33:27.760===
===开始判断价格条件2021-08-11 10:33:27.760===
===开始判断额外/转自动条件2021-08-11 10:33:28.119===
===2021-08-11 10:33:28.465===
股票：000009指定时间段判断-额外参数：
	分组名称：1
	走势名称：时间段
		条件成立(当前时间：2021-08-11 10:33:27.760,条件时段：09:30:00-13:00:00)
	结果：达到要求
===2021-08-11 10:33:29.139===
===2021-08-11 10:33:29.746===
股票：000009多头向上判断-转自动参数：
	分组名称：2
	走势名称：多头向上
	结果：未满足，返回code：0
===2021-08-11 10:33:29.746===
满足所有条件，可以触发


===============================================

==============2021-08-11 10:35:00==============
===6开始执行条件2021-08-11 10:35:00.012===
===开始判断价格条件2021-08-11 10:35:00.012===
===开始判断额外/转自动条件2021-08-11 10:35:00.174===
===2021-08-11 10:35:00.302===
股票：000009指定时间段判断-额外参数：
	分组名称：1
	走势名称：时间段
		条件成立(当前时间：2021-08-11 10:35:00.012,条件时段：09:30:00-13:00:00)
	结果：达到要求
===2021-08-11 10:35:00.357===
===2021-08-11 10:35:00.435===
股票：000009多头向上判断-转自动参数：
	分组名称：2
	走势名称：多头向上
	结果：未满足，返回code：0
===2021-08-11 10:35:00.435===
满足所有条件，可以触发


===============================================

==============2021-08-11 10:35:09==============
===6开始执行条件2021-08-11 10:35:08.749===
===开始判断价格条件2021-08-11 10:35:08.749===
===开始判断额外/转自动条件2021-08-11 10:35:08.943===
===2021-08-11 10:35:09.470===
股票：000009指定时间段判断-额外参数：
	分组名称：1
	走势名称：时间段
		条件成立(当前时间：2021-08-11 10:35:08.749,条件时段：09:30:00-13:00:00)
	结果：达到要求
===2021-08-11 10:35:09.633===
===2021-08-11 10:35:09.895===
股票：000009多头向上判断-转自动参数：
	分组名称：2
	走势名称：多头向上
	结果：未满足，返回code：0
===2021-08-11 10:35:09.895===
满足所有条件，可以触发


===============================================

==============2021-08-11 10:35:21==============
===6开始执行条件2021-08-11 10:35:21.289===
===开始判断价格条件2021-08-11 10:35:21.289===
===开始判断额外/转自动条件2021-08-11 10:35:21.519===
===2021-08-11 10:35:21.636===
股票：000009指定时间段判断-额外参数：
	分组名称：1
	走势名称：时间段
		条件成立(当前时间：2021-08-11 10:35:21.288,条件时段：09:30:00-13:00:00)
	结果：达到要求
===2021-08-11 10:35:21.767===
===2021-08-11 10:35:21.978===
股票：000009多头向上判断-转自动参数：
	分组名称：2
	走势名称：多头向上
	结果：未满足，返回code：0
===2021-08-11 10:35:21.978===
满足所有条件，可以触发


===============================================

==============2021-08-11 10:35:36==============
===6开始执行条件2021-08-11 10:35:34.102===
===开始判断价格条件2021-08-11 10:35:34.102===
===开始判断额外/转自动条件2021-08-11 10:35:34.439===
===2021-08-11 10:35:34.649===
股票：000009指定时间段判断-额外参数：
	分组名称：1
	走势名称：时间段
		条件成立(当前时间：2021-08-11 10:35:34.102,条件时段：09:30:00-13:00:00)
	结果：达到要求
===2021-08-11 10:35:35.462===
===2021-08-11 10:35:36.145===
股票：000009多头向上判断-转自动参数：
	分组名称：2
	走势名称：多头向上
	结果：未满足，返回code：0
===2021-08-11 10:35:36.145===
满足所有条件，可以触发


===============================================

==============2021-08-11 10:36:37==============
===6开始执行条件2021-08-11 10:36:31.772===
===开始判断价格条件2021-08-11 10:36:31.772===
===开始判断额外/转自动条件2021-08-11 10:36:32.679===
===2021-08-11 10:36:36.038===
股票：000009指定时间段判断-额外参数：
	分组名称：1
	走势名称：时间段
		条件成立(当前时间：2021-08-11 10:36:31.769,条件时段：09:30:00-13:00:00)
	结果：达到要求
===2021-08-11 10:36:36.770===
===2021-08-11 10:36:37.211===
股票：000009多头向上判断-转自动参数：
	分组名称：2
	走势名称：多头向上
	结果：未满足，返回code：0
===2021-08-11 10:36:37.211===
满足所有条件，可以触发


===============================================

==============2021-08-11 10:37:09==============
===6开始执行条件2021-08-11 10:37:07.038===
===开始判断价格条件2021-08-11 10:37:07.038===
===开始判断额外/转自动条件2021-08-11 10:37:07.833===
===2021-08-11 10:37:08.305===
股票：000009指定时间段判断-额外参数：
	分组名称：1
	走势名称：时间段
		条件成立(当前时间：2021-08-11 10:37:07.038,条件时段：09:30:00-13:00:00)
	结果：达到要求
===2021-08-11 10:37:08.803===
===2021-08-11 10:37:09.340===
股票：000009多头向上判断-转自动参数：
	分组名称：2
	走势名称：多头向上
	结果：未满足，返回code：0
===2021-08-11 10:37:09.340===
满足所有条件，可以触发


===============================================

