==============2021-08-06 15:32:47==============
===6开始执行条件2021-08-06 15:32:47.011===
===开始判断价格条件2021-08-06 15:32:47.011===
===开始判断额外/转自动条件2021-08-06 15:32:47.140===
===2021-08-06 15:32:47.189===
股票：000009指定时间段判断-额外参数：
	分组名称：1
	走势名称：时间段
		条件不成立(当前时间：2021-08-06 15:32:47.011,条件时段：09:30:00-13:00:00)
	结果：未满足
===2021-08-06 15:32:47.189===
===2021-08-06 15:32:47.242===
股票：000009板块涨跌幅判断-额外参数：
	分组名称：1
	走势名称：发
		条件不成立(不符合板块涨跌幅条件)
	结果：未满足，返回code：-1
===2021-08-06 15:32:47.506===
额外条件未满足


===============================================

==============2021-08-06 17:04:58==============
===6开始执行条件2021-08-06 17:04:56.987===
===开始判断价格条件2021-08-06 17:04:56.987===
===开始判断额外/转自动条件2021-08-06 17:04:57.268===
===2021-08-06 17:04:57.467===
股票：000009指定时间段判断-额外参数：
	分组名称：1
	走势名称：时间段
		条件不成立(当前时间：2021-08-06 17:04:56.986,条件时段：09:30:00-13:00:00)
	结果：未满足
===2021-08-06 17:04:57.467===
===2021-08-06 17:04:57.610===
股票：000009板块涨跌幅判断-额外参数：
	分组名称：1
	走势名称：发
		条件不成立(不符合板块涨跌幅条件)
	结果：未满足，返回code：-1
===2021-08-06 17:04:58.350===
额外条件未满足


===============================================

==============2021-08-06 17:05:37==============
===6开始执行条件2021-08-06 17:05:36.490===
===开始判断价格条件2021-08-06 17:05:36.490===
===开始判断额外/转自动条件2021-08-06 17:05:36.685===
===2021-08-06 17:05:37.232===
股票：000009指定时间段判断-额外参数：
	分组名称：1
	走势名称：时间段
		条件不成立(当前时间：2021-08-06 17:05:36.483,条件时段：09:30:00-13:00:00)
	结果：未满足
===2021-08-06 17:05:37.232===
===2021-08-06 17:05:37.304===
股票：000009板块涨跌幅判断-额外参数：
	分组名称：1
	走势名称：发
		条件不成立(不符合板块涨跌幅条件)
	结果：未满足，返回code：-1
===2021-08-06 17:05:37.810===
额外条件未满足


===============================================

==============2021-08-06 17:06:01==============
===6开始执行条件2021-08-06 17:05:59.145===
===开始判断价格条件2021-08-06 17:05:59.145===
===开始判断额外/转自动条件2021-08-06 17:06:00.042===
===2021-08-06 17:06:00.591===
股票：000009指定时间段判断-额外参数：
	分组名称：1
	走势名称：时间段
		条件不成立(当前时间：2021-08-06 17:05:59.144,条件时段：09:30:00-13:00:00)
	结果：未满足
===2021-08-06 17:06:00.591===
===2021-08-06 17:06:00.691===
股票：000009板块涨跌幅判断-额外参数：
	分组名称：1
	走势名称：发
		条件不成立(不符合板块涨跌幅条件)
	结果：未满足，返回code：-1
===2021-08-06 17:06:01.715===
额外条件未满足


===============================================

==============2021-08-06 17:10:23==============
===6开始执行条件2021-08-06 17:10:22.391===
===开始判断价格条件2021-08-06 17:10:22.392===
===开始判断额外/转自动条件2021-08-06 17:10:23.098===
===2021-08-06 17:10:23.209===
股票：000009指定时间段判断-额外参数：
	分组名称：1
	走势名称：时间段
		条件不成立(当前时间：2021-08-06 17:10:22.386,条件时段：09:30:00-13:00:00)
	结果：未满足
===2021-08-06 17:10:23.209===
===2021-08-06 17:10:23.245===
股票：000009板块涨跌幅判断-额外参数：
	分组名称：1
	走势名称：发
		条件不成立(不符合板块涨跌幅条件)
	结果：未满足，返回code：-1
===2021-08-06 17:10:23.972===
额外条件未满足


===============================================

==============2021-08-06 17:10:41==============
===6开始执行条件2021-08-06 17:10:39.847===
===开始判断价格条件2021-08-06 17:10:39.847===
===开始判断额外/转自动条件2021-08-06 17:10:40.164===
===2021-08-06 17:10:40.409===
股票：000009指定时间段判断-额外参数：
	分组名称：1
	走势名称：时间段
		条件不成立(当前时间：2021-08-06 17:10:39.847,条件时段：09:30:00-13:00:00)
	结果：未满足
===2021-08-06 17:10:40.409===
===2021-08-06 17:10:40.537===
股票：000009板块涨跌幅判断-额外参数：
	分组名称：1
	走势名称：发
		条件不成立(不符合板块涨跌幅条件)
	结果：未满足，返回code：-1
===2021-08-06 17:10:41.314===
额外条件未满足


===============================================

==============2021-08-06 17:11:04==============
===6开始执行条件2021-08-06 17:11:00.731===
===开始判断价格条件2021-08-06 17:11:00.731===
===开始判断额外/转自动条件2021-08-06 17:11:01.612===
===2021-08-06 17:11:02.421===
股票：000009指定时间段判断-额外参数：
	分组名称：1
	走势名称：时间段
		条件不成立(当前时间：2021-08-06 17:11:00.731,条件时段：09:30:00-13:00:00)
	结果：未满足
===2021-08-06 17:11:02.421===
===2021-08-06 17:11:02.678===
股票：000009板块涨跌幅判断-额外参数：
	分组名称：1
	走势名称：发
		条件不成立(不符合板块涨跌幅条件)
	结果：未满足，返回code：-1
===2021-08-06 17:11:04.173===
额外条件未满足


===============================================

==============2021-08-06 17:11:49==============
===6开始执行条件2021-08-06 17:11:46.393===
===开始判断价格条件2021-08-06 17:11:46.393===
===开始判断额外/转自动条件2021-08-06 17:11:47.162===
===2021-08-06 17:11:47.358===
股票：000009指定时间段判断-额外参数：
	分组名称：1
	走势名称：时间段
		条件不成立(当前时间：2021-08-06 17:11:46.393,条件时段：09:30:00-13:00:00)
	结果：未满足
===2021-08-06 17:11:47.358===
===2021-08-06 17:11:47.525===
股票：000009板块涨跌幅判断-额外参数：
	分组名称：1
	走势名称：发
		条件不成立(不符合板块涨跌幅条件)
	结果：未满足，返回code：-1
===2021-08-06 17:11:49.716===
额外条件未满足


===============================================

==============2021-08-06 17:12:09==============
===6开始执行条件2021-08-06 17:12:07.277===
===开始判断价格条件2021-08-06 17:12:07.277===
===开始判断额外/转自动条件2021-08-06 17:12:07.671===
===2021-08-06 17:12:08.110===
股票：000009指定时间段判断-额外参数：
	分组名称：1
	走势名称：时间段
		条件不成立(当前时间：2021-08-06 17:12:07.277,条件时段：09:30:00-13:00:00)
	结果：未满足
===2021-08-06 17:12:08.110===
===2021-08-06 17:12:08.180===
股票：000009板块涨跌幅判断-额外参数：
	分组名称：1
	走势名称：发
		条件不成立(不符合板块涨跌幅条件)
	结果：未满足，返回code：-1
===2021-08-06 17:12:09.809===
额外条件未满足


===============================================

