==============2021-08-10 17:41:30==============
===6开始执行条件2021-08-10 17:41:30.027===
===开始判断价格条件2021-08-10 17:41:30.027===
===开始判断额外/转自动条件2021-08-10 17:41:30.331===
===2021-08-10 17:41:30.435===
股票：000009指定时间段判断-额外参数：
	分组名称：1
	走势名称：时间段
		条件不成立(当前时间：2021-08-10 17:41:30.026,条件时段：09:30:00-13:00:00)
	结果：未满足
===2021-08-10 17:41:30.435===
===2021-08-10 17:41:30.459===
股票：000009板块涨跌幅判断-额外参数：
	分组名称：1
	走势名称：发
		条件不成立(不符合板块涨跌幅条件)
	结果：未满足，返回code：-1
===2021-08-10 17:41:30.946===
额外条件未满足


===============================================

==============2021-08-10 17:44:17==============
===6开始执行条件2021-08-10 17:44:16.430===
===开始判断价格条件2021-08-10 17:44:16.430===
===开始判断额外/转自动条件2021-08-10 17:44:16.618===
===2021-08-10 17:44:16.683===
股票：000009指定时间段判断-额外参数：
	分组名称：1
	走势名称：时间段
		条件不成立(当前时间：2021-08-10 17:44:16.430,条件时段：09:30:00-13:00:00)
	结果：未满足
===2021-08-10 17:44:16.683===
===2021-08-10 17:44:16.715===
股票：000009板块涨跌幅判断-额外参数：
	分组名称：1
	走势名称：发
		条件不成立(不符合板块涨跌幅条件)
	结果：未满足，返回code：-1
===2021-08-10 17:44:17.841===
额外条件未满足


===============================================

==============2021-08-10 17:54:25==============
===6开始执行条件2021-08-10 17:54:24.133===
===开始判断价格条件2021-08-10 17:54:24.133===
===开始判断额外/转自动条件2021-08-10 17:54:24.348===
===2021-08-10 17:54:24.496===
股票：000009指定时间段判断-额外参数：
	分组名称：1
	走势名称：时间段
		条件不成立(当前时间：2021-08-10 17:54:24.133,条件时段：09:30:00-13:00:00)
	结果：未满足
===2021-08-10 17:54:24.496===
===2021-08-10 17:54:24.532===
股票：000009板块涨跌幅判断-额外参数：
	分组名称：1
	走势名称：发
		条件不成立(不符合板块涨跌幅条件)
	结果：未满足，返回code：-1
===2021-08-10 17:54:25.356===
额外条件未满足


===============================================

