==============2021-08-11 10:28:54==============
===6开始执行条件2021-08-11 10:28:53.754===
===开始判断价格条件2021-08-11 10:28:53.754===
===开始判断额外/转自动条件2021-08-11 10:28:53.933===
===2021-08-11 10:28:54.012===
股票：600141指定时间段判断-额外参数：
	分组名称：1
	走势名称：时间段
		条件成立(当前时间：2021-08-11 10:28:53.754,条件时段：09:30:00-13:00:00)
	结果：达到要求
===2021-08-11 10:28:54.154===
===2021-08-11 10:28:54.632===
股票：600141多头向上判断-转自动参数：
	分组名称：2
	走势名称：多头向上
	结果：未满足，返回code：0
===2021-08-11 10:28:54.632===
满足所有条件，可以触发


===============================================

==============2021-08-11 10:29:03==============
===6开始执行条件2021-08-11 10:29:02.655===
===开始判断价格条件2021-08-11 10:29:02.655===
===开始判断额外/转自动条件2021-08-11 10:29:02.866===
===2021-08-11 10:29:02.929===
股票：600141指定时间段判断-额外参数：
	分组名称：1
	走势名称：时间段
		条件成立(当前时间：2021-08-11 10:29:02.655,条件时段：09:30:00-13:00:00)
	结果：达到要求
===2021-08-11 10:29:03.408===
===2021-08-11 10:29:03.981===
股票：600141多头向上判断-转自动参数：
	分组名称：2
	走势名称：多头向上
	结果：未满足，返回code：0
===2021-08-11 10:29:03.981===
满足所有条件，可以触发


===============================================

==============2021-08-11 10:29:47==============
===6开始执行条件2021-08-11 10:29:46.670===
===开始判断价格条件2021-08-11 10:29:46.670===
===开始判断额外/转自动条件2021-08-11 10:29:46.933===
===2021-08-11 10:29:47.378===
股票：600141指定时间段判断-额外参数：
	分组名称：1
	走势名称：时间段
		条件成立(当前时间：2021-08-11 10:29:46.670,条件时段：09:30:00-13:00:00)
	结果：达到要求
===2021-08-11 10:29:47.502===
===2021-08-11 10:29:47.851===
股票：600141多头向上判断-转自动参数：
	分组名称：2
	走势名称：多头向上
	结果：未满足，返回code：0
===2021-08-11 10:29:47.852===
满足所有条件，可以触发


===============================================

==============2021-08-11 10:30:00==============
===6开始执行条件2021-08-11 10:29:59.434===
===开始判断价格条件2021-08-11 10:29:59.434===
===开始判断额外/转自动条件2021-08-11 10:29:59.840===
===2021-08-11 10:30:00.346===
股票：600141指定时间段判断-额外参数：
	分组名称：1
	走势名称：时间段
		条件成立(当前时间：2021-08-11 10:29:59.434,条件时段：09:30:00-13:00:00)
	结果：达到要求
===2021-08-11 10:30:00.530===
===2021-08-11 10:30:00.939===
股票：600141多头向上判断-转自动参数：
	分组名称：2
	走势名称：多头向上
	结果：未满足，返回code：0
===2021-08-11 10:30:00.939===
满足所有条件，可以触发


===============================================

==============2021-08-11 10:30:17==============
===6开始执行条件2021-08-11 10:30:16.805===
===开始判断价格条件2021-08-11 10:30:16.805===
===开始判断额外/转自动条件2021-08-11 10:30:16.992===
===2021-08-11 10:30:17.165===
股票：600141指定时间段判断-额外参数：
	分组名称：1
	走势名称：时间段
		条件成立(当前时间：2021-08-11 10:30:16.797,条件时段：09:30:00-13:00:00)
	结果：达到要求
===2021-08-11 10:30:17.224===
===2021-08-11 10:30:17.416===
股票：600141多头向上判断-转自动参数：
	分组名称：2
	走势名称：多头向上
	结果：未满足，返回code：0
===2021-08-11 10:30:17.416===
满足所有条件，可以触发


===============================================

==============2021-08-11 10:30:33==============
===6开始执行条件2021-08-11 10:30:32.668===
===开始判断价格条件2021-08-11 10:30:32.668===
===开始判断额外/转自动条件2021-08-11 10:30:32.801===
===2021-08-11 10:30:32.923===
股票：600141指定时间段判断-额外参数：
	分组名称：1
	走势名称：时间段
		条件成立(当前时间：2021-08-11 10:30:32.668,条件时段：09:30:00-13:00:00)
	结果：达到要求
===2021-08-11 10:30:33.061===
===2021-08-11 10:30:33.243===
股票：600141多头向上判断-转自动参数：
	分组名称：2
	走势名称：多头向上
	结果：未满足，返回code：0
===2021-08-11 10:30:33.243===
满足所有条件，可以触发


===============================================

==============2021-08-11 10:30:45==============
===6开始执行条件2021-08-11 10:30:44.541===
===开始判断价格条件2021-08-11 10:30:44.541===
===开始判断额外/转自动条件2021-08-11 10:30:44.737===
===2021-08-11 10:30:45.068===
股票：600141指定时间段判断-额外参数：
	分组名称：1
	走势名称：时间段
		条件成立(当前时间：2021-08-11 10:30:44.540,条件时段：09:30:00-13:00:00)
	结果：达到要求
===2021-08-11 10:30:45.163===
===2021-08-11 10:30:45.582===
股票：600141多头向上判断-转自动参数：
	分组名称：2
	走势名称：多头向上
	结果：未满足，返回code：0
===2021-08-11 10:30:45.582===
满足所有条件，可以触发


===============================================

==============2021-08-11 10:31:01==============
===6开始执行条件2021-08-11 10:31:01.024===
===开始判断价格条件2021-08-11 10:31:01.024===
===开始判断额外/转自动条件2021-08-11 10:31:01.198===
===2021-08-11 10:31:01.336===
股票：600141指定时间段判断-额外参数：
	分组名称：1
	走势名称：时间段
		条件成立(当前时间：2021-08-11 10:31:01.023,条件时段：09:30:00-13:00:00)
	结果：达到要求
===2021-08-11 10:31:01.488===
===2021-08-11 10:31:01.583===
股票：600141多头向上判断-转自动参数：
	分组名称：2
	走势名称：多头向上
	结果：未满足，返回code：0
===2021-08-11 10:31:01.583===
满足所有条件，可以触发


===============================================

==============2021-08-11 10:31:20==============
===6开始执行条件2021-08-11 10:31:19.672===
===开始判断价格条件2021-08-11 10:31:19.672===
===开始判断额外/转自动条件2021-08-11 10:31:19.825===
===2021-08-11 10:31:19.926===
股票：600141指定时间段判断-额外参数：
	分组名称：1
	走势名称：时间段
		条件成立(当前时间：2021-08-11 10:31:19.665,条件时段：09:30:00-13:00:00)
	结果：达到要求
===2021-08-11 10:31:20.027===
===2021-08-11 10:31:20.151===
股票：600141多头向上判断-转自动参数：
	分组名称：2
	走势名称：多头向上
	结果：未满足，返回code：0
===2021-08-11 10:31:20.151===
满足所有条件，可以触发


===============================================

==============2021-08-11 10:31:26==============
===6开始执行条件2021-08-11 10:31:25.705===
===开始判断价格条件2021-08-11 10:31:25.705===
===开始判断额外/转自动条件2021-08-11 10:31:25.867===
===2021-08-11 10:31:25.981===
股票：600141指定时间段判断-额外参数：
	分组名称：1
	走势名称：时间段
		条件成立(当前时间：2021-08-11 10:31:25.705,条件时段：09:30:00-13:00:00)
	结果：达到要求
===2021-08-11 10:31:26.088===
===2021-08-11 10:31:26.232===
股票：600141多头向上判断-转自动参数：
	分组名称：2
	走势名称：多头向上
	结果：未满足，返回code：0
===2021-08-11 10:31:26.233===
满足所有条件，可以触发


===============================================

==============2021-08-11 10:31:33==============
===6开始执行条件2021-08-11 10:31:33.404===
===开始判断价格条件2021-08-11 10:31:33.404===
===开始判断额外/转自动条件2021-08-11 10:31:33.567===
===2021-08-11 10:31:33.665===
股票：600141指定时间段判断-额外参数：
	分组名称：1
	走势名称：时间段
		条件成立(当前时间：2021-08-11 10:31:33.404,条件时段：09:30:00-13:00:00)
	结果：达到要求
===2021-08-11 10:31:33.848===
===2021-08-11 10:31:33.930===
股票：600141多头向上判断-转自动参数：
	分组名称：2
	走势名称：多头向上
	结果：未满足，返回code：0
===2021-08-11 10:31:33.930===
满足所有条件，可以触发


===============================================

==============2021-08-11 10:31:49==============
===6开始执行条件2021-08-11 10:31:47.745===
===开始判断价格条件2021-08-11 10:31:47.745===
===开始判断额外/转自动条件2021-08-11 10:31:48.758===
===2021-08-11 10:31:49.139===
股票：600141指定时间段判断-额外参数：
	分组名称：1
	走势名称：时间段
		条件成立(当前时间：2021-08-11 10:31:47.744,条件时段：09:30:00-13:00:00)
	结果：达到要求
===2021-08-11 10:31:49.563===
===2021-08-11 10:31:49.826===
股票：600141多头向上判断-转自动参数：
	分组名称：2
	走势名称：多头向上
	结果：未满足，返回code：0
===2021-08-11 10:31:49.826===
满足所有条件，可以触发


===============================================

==============2021-08-11 10:32:07==============
===6开始执行条件2021-08-11 10:32:05.964===
===开始判断价格条件2021-08-11 10:32:05.964===
===开始判断额外/转自动条件2021-08-11 10:32:06.420===
===2021-08-11 10:32:06.856===
股票：600141指定时间段判断-额外参数：
	分组名称：1
	走势名称：时间段
		条件成立(当前时间：2021-08-11 10:32:05.964,条件时段：09:30:00-13:00:00)
	结果：达到要求
===2021-08-11 10:32:07.239===
===2021-08-11 10:32:07.692===
股票：600141多头向上判断-转自动参数：
	分组名称：2
	走势名称：多头向上
	结果：未满足，返回code：0
===2021-08-11 10:32:07.692===
满足所有条件，可以触发


===============================================

==============2021-08-11 10:32:22==============
===6开始执行条件2021-08-11 10:32:21.109===
===开始判断价格条件2021-08-11 10:32:21.109===
===开始判断额外/转自动条件2021-08-11 10:32:21.462===
===2021-08-11 10:32:21.593===
股票：600141指定时间段判断-额外参数：
	分组名称：1
	走势名称：时间段
		条件成立(当前时间：2021-08-11 10:32:21.109,条件时段：09:30:00-13:00:00)
	结果：达到要求
===2021-08-11 10:32:21.747===
===2021-08-11 10:32:22.020===
股票：600141多头向上判断-转自动参数：
	分组名称：2
	走势名称：多头向上
	结果：未满足，返回code：0
===2021-08-11 10:32:22.020===
满足所有条件，可以触发


===============================================

==============2021-08-11 10:32:47==============
===6开始执行条件2021-08-11 10:32:46.727===
===开始判断价格条件2021-08-11 10:32:46.727===
===开始判断额外/转自动条件2021-08-11 10:32:47.230===
===2021-08-11 10:32:47.305===
股票：600141指定时间段判断-额外参数：
	分组名称：1
	走势名称：时间段
		条件成立(当前时间：2021-08-11 10:32:46.727,条件时段：09:30:00-13:00:00)
	结果：达到要求
===2021-08-11 10:32:47.387===
===2021-08-11 10:32:47.450===
股票：600141多头向上判断-转自动参数：
	分组名称：2
	走势名称：多头向上
	结果：未满足，返回code：0
===2021-08-11 10:32:47.450===
满足所有条件，可以触发


===============================================

==============2021-08-11 10:33:00==============
===6开始执行条件2021-08-11 10:32:59.519===
===开始判断价格条件2021-08-11 10:32:59.519===
===开始判断额外/转自动条件2021-08-11 10:32:59.719===
===2021-08-11 10:32:59.837===
股票：600141指定时间段判断-额外参数：
	分组名称：1
	走势名称：时间段
		条件成立(当前时间：2021-08-11 10:32:59.518,条件时段：09:30:00-13:00:00)
	结果：达到要求
===2021-08-11 10:32:59.893===
===2021-08-11 10:33:00.062===
股票：600141多头向上判断-转自动参数：
	分组名称：2
	走势名称：多头向上
	结果：未满足，返回code：0
===2021-08-11 10:33:00.063===
满足所有条件，可以触发


===============================================

==============2021-08-11 10:33:09==============
===6开始执行条件2021-08-11 10:33:09.229===
===开始判断价格条件2021-08-11 10:33:09.229===
===开始判断额外/转自动条件2021-08-11 10:33:09.434===
===2021-08-11 10:33:09.830===
股票：600141指定时间段判断-额外参数：
	分组名称：1
	走势名称：时间段
		条件成立(当前时间：2021-08-11 10:33:09.229,条件时段：09:30:00-13:00:00)
	结果：达到要求
===2021-08-11 10:33:09.879===
===2021-08-11 10:33:09.955===
股票：600141多头向上判断-转自动参数：
	分组名称：2
	走势名称：多头向上
	结果：未满足，返回code：0
===2021-08-11 10:33:09.955===
满足所有条件，可以触发


===============================================

==============2021-08-11 10:33:31==============
===6开始执行条件2021-08-11 10:33:28.195===
===开始判断价格条件2021-08-11 10:33:28.195===
===开始判断额外/转自动条件2021-08-11 10:33:29.303===
===2021-08-11 10:33:29.727===
股票：600141指定时间段判断-额外参数：
	分组名称：1
	走势名称：时间段
		条件成立(当前时间：2021-08-11 10:33:28.195,条件时段：09:30:00-13:00:00)
	结果：达到要求
===2021-08-11 10:33:30.119===
===2021-08-11 10:33:31.240===
股票：600141多头向上判断-转自动参数：
	分组名称：2
	走势名称：多头向上
	结果：未满足，返回code：0
===2021-08-11 10:33:31.240===
满足所有条件，可以触发


===============================================

==============2021-08-11 10:35:01==============
===6开始执行条件2021-08-11 10:35:00.518===
===开始判断价格条件2021-08-11 10:35:00.518===
===开始判断额外/转自动条件2021-08-11 10:35:00.707===
===2021-08-11 10:35:00.895===
股票：600141指定时间段判断-额外参数：
	分组名称：1
	走势名称：时间段
		条件成立(当前时间：2021-08-11 10:35:00.518,条件时段：09:30:00-13:00:00)
	结果：达到要求
===2021-08-11 10:35:01.016===
===2021-08-11 10:35:01.327===
股票：600141多头向上判断-转自动参数：
	分组名称：2
	走势名称：多头向上
	结果：未满足，返回code：0
===2021-08-11 10:35:01.327===
满足所有条件，可以触发


===============================================

==============2021-08-11 10:35:09==============
===6开始执行条件2021-08-11 10:35:09.147===
===开始判断价格条件2021-08-11 10:35:09.147===
===开始判断额外/转自动条件2021-08-11 10:35:09.253===
===2021-08-11 10:35:09.347===
股票：600141指定时间段判断-额外参数：
	分组名称：1
	走势名称：时间段
		条件成立(当前时间：2021-08-11 10:35:09.135,条件时段：09:30:00-13:00:00)
	结果：达到要求
===2021-08-11 10:35:09.470===
===2021-08-11 10:35:09.696===
股票：600141多头向上判断-转自动参数：
	分组名称：2
	走势名称：多头向上
	结果：未满足，返回code：0
===2021-08-11 10:35:09.696===
满足所有条件，可以触发


===============================================

==============2021-08-11 10:35:22==============
===6开始执行条件2021-08-11 10:35:21.614===
===开始判断价格条件2021-08-11 10:35:21.614===
===开始判断额外/转自动条件2021-08-11 10:35:21.934===
===2021-08-11 10:35:22.057===
股票：600141指定时间段判断-额外参数：
	分组名称：1
	走势名称：时间段
		条件成立(当前时间：2021-08-11 10:35:21.614,条件时段：09:30:00-13:00:00)
	结果：达到要求
===2021-08-11 10:35:22.659===
===2021-08-11 10:35:22.837===
股票：600141多头向上判断-转自动参数：
	分组名称：2
	走势名称：多头向上
	结果：未满足，返回code：0
===2021-08-11 10:35:22.837===
满足所有条件，可以触发


===============================================

==============2021-08-11 10:35:35==============
===6开始执行条件2021-08-11 10:35:34.423===
===开始判断价格条件2021-08-11 10:35:34.423===
===开始判断额外/转自动条件2021-08-11 10:35:34.791===
===2021-08-11 10:35:35.212===
股票：600141指定时间段判断-额外参数：
	分组名称：1
	走势名称：时间段
		条件成立(当前时间：2021-08-11 10:35:34.423,条件时段：09:30:00-13:00:00)
	结果：达到要求
===2021-08-11 10:35:35.322===
===2021-08-11 10:35:35.672===
股票：600141多头向上判断-转自动参数：
	分组名称：2
	走势名称：多头向上
	结果：未满足，返回code：0
===2021-08-11 10:35:35.672===
满足所有条件，可以触发


===============================================

==============2021-08-11 10:36:37==============
===6开始执行条件2021-08-11 10:36:35.639===
===开始判断价格条件2021-08-11 10:36:35.639===
===开始判断额外/转自动条件2021-08-11 10:36:36.575===
===2021-08-11 10:36:37.031===
股票：600141指定时间段判断-额外参数：
	分组名称：1
	走势名称：时间段
		条件成立(当前时间：2021-08-11 10:36:35.638,条件时段：09:30:00-13:00:00)
	结果：达到要求
===2021-08-11 10:36:37.317===
===2021-08-11 10:36:37.969===
股票：600141多头向上判断-转自动参数：
	分组名称：2
	走势名称：多头向上
	结果：未满足，返回code：0
===2021-08-11 10:36:37.969===
满足所有条件，可以触发


===============================================

==============2021-08-11 10:37:11==============
===6开始执行条件2021-08-11 10:37:08.694===
===开始判断价格条件2021-08-11 10:37:08.694===
===开始判断额外/转自动条件2021-08-11 10:37:09.731===
===2021-08-11 10:37:10.156===
股票：600141指定时间段判断-额外参数：
	分组名称：1
	走势名称：时间段
		条件成立(当前时间：2021-08-11 10:37:08.694,条件时段：09:30:00-13:00:00)
	结果：达到要求
===2021-08-11 10:37:10.609===
===2021-08-11 10:37:11.118===
股票：600141多头向上判断-转自动参数：
	分组名称：2
	走势名称：多头向上
	结果：未满足，返回code：0
===2021-08-11 10:37:11.118===
满足所有条件，可以触发


===============================================

