==============2021-08-09 10:11:09==============
===6开始执行条件2021-08-09 10:11:08.270===
===开始判断价格条件2021-08-09 10:11:08.270===
===开始判断额外/转自动条件2021-08-09 10:11:08.375===
===2021-08-09 10:11:08.455===
股票：600141指定时间段判断-额外参数：
	分组名称：1
	走势名称：时间段
		条件成立(当前时间：2021-08-09 10:11:08.264,条件时段：09:30:00-13:00:00)
	结果：达到要求
===2021-08-09 10:11:08.784===
===2021-08-09 10:11:09.165===
股票：600141多头向上判断-转自动参数：
	分组名称：2
	走势名称：多头向上
	结果：未满足，返回code：0
===2021-08-09 10:11:09.165===
满足所有条件，可以触发


===============================================

==============2021-08-09 10:11:42==============
===6开始执行条件2021-08-09 10:11:29.824===
===开始判断价格条件2021-08-09 10:11:29.824===
===开始判断额外/转自动条件2021-08-09 10:11:30.545===
===2021-08-09 10:11:34.598===
股票：600141指定时间段判断-额外参数：
	分组名称：1
	走势名称：时间段
		条件成立(当前时间：2021-08-09 10:11:29.824,条件时段：09:30:00-13:00:00)
	结果：达到要求
===2021-08-09 10:11:38.250===
===2021-08-09 10:11:42.580===
股票：600141多头向上判断-转自动参数：
	分组名称：2
	走势名称：多头向上
	结果：未满足，返回code：0
===2021-08-09 10:11:42.581===
满足所有条件，可以触发


===============================================

==============2021-08-09 11:03:19==============
===6开始执行条件2021-08-09 11:03:17.998===
===开始判断价格条件2021-08-09 11:03:17.998===
===开始判断额外/转自动条件2021-08-09 11:03:18.349===
===2021-08-09 11:03:18.741===
股票：600141指定时间段判断-额外参数：
	分组名称：1
	走势名称：时间段
		条件成立(当前时间：2021-08-09 11:03:17.998,条件时段：09:30:00-13:00:00)
	结果：达到要求
===2021-08-09 11:03:18.950===
===2021-08-09 11:03:19.541===
股票：600141多头向上判断-转自动参数：
	分组名称：2
	走势名称：多头向上
	结果：未满足，返回code：0
===2021-08-09 11:03:19.541===
满足所有条件，可以触发


===============================================

==============2021-08-09 11:03:34==============
===6开始执行条件2021-08-09 11:03:33.497===
===开始判断价格条件2021-08-09 11:03:33.497===
===开始判断额外/转自动条件2021-08-09 11:03:34.223===
===2021-08-09 11:03:34.479===
股票：600141指定时间段判断-额外参数：
	分组名称：1
	走势名称：时间段
		条件成立(当前时间：2021-08-09 11:03:33.497,条件时段：09:30:00-13:00:00)
	结果：达到要求
===2021-08-09 11:03:34.563===
===2021-08-09 11:03:34.632===
股票：600141多头向上判断-转自动参数：
	分组名称：2
	走势名称：多头向上
	结果：未满足，返回code：0
===2021-08-09 11:03:34.632===
满足所有条件，可以触发


===============================================

