==============2021-05-24 10:10:55==============
股票：002435按均线价格判断-额外参数：
	分组名称：21
	走势名称：按均线价格
	结果：未满足，返回code：-1
额外条件未满足


===============================================

==============2021-05-24 10:12:03==============
股票：002435按均线价格判断-额外参数：
	分组名称：21
	走势名称：按均线价格
	结果：未满足，返回code：-1
额外条件未满足


===============================================

==============2021-05-24 10:12:39==============
股票：002435按均线价格判断-额外参数：
	分组名称：21
	走势名称：按均线价格
	结果：达到要求
满足所有条件，可以触发


===============================================

