==============2021-08-10 17:37:10==============
===6开始执行条件2021-08-10 17:37:09.775===
===开始判断价格条件2021-08-10 17:37:09.775===
===开始判断额外/转自动条件2021-08-10 17:37:09.860===
===2021-08-10 17:37:09.967===
股票：002176指定时间段判断-额外参数：
	分组名称：1
	走势名称：时间段
		条件不成立(当前时间：2021-08-10 17:37:09.775,条件时段：09:30:00-13:00:00)
	结果：未满足
===2021-08-10 17:37:09.967===
===2021-08-10 17:37:09.988===
股票：002176板块涨跌幅判断-额外参数：
	分组名称：1
	走势名称：发
		条件不成立(不符合板块涨跌幅条件)
	结果：未满足，返回code：-1
===2021-08-10 17:37:10.203===
额外条件未满足


===============================================

==============2021-08-10 17:38:48==============
===6开始执行条件2021-08-10 17:38:00.243===
===开始判断价格条件2021-08-10 17:38:00.243===
===开始判断额外/转自动条件2021-08-10 17:38:00.590===
===2021-08-10 17:38:02.670===
股票：002176指定时间段判断-额外参数：
	分组名称：1
	走势名称：时间段
		条件不成立(当前时间：2021-08-10 17:38:00.242,条件时段：09:30:00-13:00:00)
	结果：未满足
===2021-08-10 17:38:02.670===
===2021-08-10 17:38:47.673===
股票：002176板块涨跌幅判断-额外参数：
	分组名称：1
	走势名称：发
		条件不成立(不符合板块涨跌幅条件)
	结果：未满足，返回code：-1
===2021-08-10 17:38:48.663===
额外条件未满足


===============================================

==============2021-08-10 17:41:00==============
===6开始执行条件2021-08-10 17:40:59.202===
===开始判断价格条件2021-08-10 17:40:59.202===
===开始判断额外/转自动条件2021-08-10 17:40:59.549===
===2021-08-10 17:40:59.644===
股票：002176指定时间段判断-额外参数：
	分组名称：1
	走势名称：时间段
		条件不成立(当前时间：2021-08-10 17:40:59.201,条件时段：09:30:00-13:00:00)
	结果：未满足
===2021-08-10 17:40:59.709===
===2021-08-10 17:40:59.749===
股票：002176板块涨跌幅判断-额外参数：
	分组名称：1
	走势名称：发
		条件不成立(不符合板块涨跌幅条件)
	结果：未满足，返回code：-1
===2021-08-10 17:41:00.215===
额外条件未满足


===============================================

==============2021-08-10 17:41:13==============
===6开始执行条件2021-08-10 17:41:12.469===
===开始判断价格条件2021-08-10 17:41:12.469===
===开始判断额外/转自动条件2021-08-10 17:41:12.593===
===2021-08-10 17:41:12.700===
股票：002176指定时间段判断-额外参数：
	分组名称：1
	走势名称：时间段
		条件不成立(当前时间：2021-08-10 17:41:12.468,条件时段：09:30:00-13:00:00)
	结果：未满足
===2021-08-10 17:41:12.700===
===2021-08-10 17:41:12.731===
股票：002176板块涨跌幅判断-额外参数：
	分组名称：1
	走势名称：发
		条件不成立(不符合板块涨跌幅条件)
	结果：未满足，返回code：-1
===2021-08-10 17:41:13.284===
额外条件未满足


===============================================

==============2021-08-10 17:41:28==============
===6开始执行条件2021-08-10 17:41:27.419===
===开始判断价格条件2021-08-10 17:41:27.419===
===开始判断额外/转自动条件2021-08-10 17:41:27.884===
===2021-08-10 17:41:28.116===
股票：002176指定时间段判断-额外参数：
	分组名称：1
	走势名称：时间段
		条件不成立(当前时间：2021-08-10 17:41:27.419,条件时段：09:30:00-13:00:00)
	结果：未满足
===2021-08-10 17:41:28.116===
===2021-08-10 17:41:28.182===
股票：002176板块涨跌幅判断-额外参数：
	分组名称：1
	走势名称：发
		条件不成立(不符合板块涨跌幅条件)
	结果：未满足，返回code：-1
===2021-08-10 17:41:28.698===
额外条件未满足


===============================================

==============2021-08-10 17:41:42==============
===6开始执行条件2021-08-10 17:41:41.649===
===开始判断价格条件2021-08-10 17:41:41.649===
===开始判断额外/转自动条件2021-08-10 17:41:41.792===
===2021-08-10 17:41:41.916===
股票：002176指定时间段判断-额外参数：
	分组名称：1
	走势名称：时间段
		条件不成立(当前时间：2021-08-10 17:41:41.649,条件时段：09:30:00-13:00:00)
	结果：未满足
===2021-08-10 17:41:41.916===
===2021-08-10 17:41:41.953===
股票：002176板块涨跌幅判断-额外参数：
	分组名称：1
	走势名称：发
		条件不成立(不符合板块涨跌幅条件)
	结果：未满足，返回code：-1
===2021-08-10 17:41:42.630===
额外条件未满足


===============================================

==============2021-08-10 17:41:52==============
===6开始执行条件2021-08-10 17:41:45.560===
===开始判断价格条件2021-08-10 17:41:45.560===
===开始判断额外/转自动条件2021-08-10 17:41:46.072===
===2021-08-10 17:41:46.624===
股票：002176指定时间段判断-额外参数：
	分组名称：1
	走势名称：时间段
		条件不成立(当前时间：2021-08-10 17:41:45.560,条件时段：09:30:00-13:00:00)
	结果：未满足
===2021-08-10 17:41:46.624===
===2021-08-10 17:41:46.671===
股票：002176板块涨跌幅判断-额外参数：
	分组名称：1
	走势名称：发
		条件不成立(不符合板块涨跌幅条件)
	结果：未满足，返回code：-1
===2021-08-10 17:41:52.740===
额外条件未满足


===============================================

==============2021-08-10 17:42:13==============
===6开始执行条件2021-08-10 17:42:06.841===
===开始判断价格条件2021-08-10 17:42:06.841===
===开始判断额外/转自动条件2021-08-10 17:42:08.182===
===2021-08-10 17:42:08.499===
股票：002176指定时间段判断-额外参数：
	分组名称：1
	走势名称：时间段
		条件不成立(当前时间：2021-08-10 17:42:06.835,条件时段：09:30:00-13:00:00)
	结果：未满足
===2021-08-10 17:42:08.499===
===2021-08-10 17:42:08.846===
股票：002176板块涨跌幅判断-额外参数：
	分组名称：1
	走势名称：发
		条件不成立(不符合板块涨跌幅条件)
	结果：未满足，返回code：-1
===2021-08-10 17:42:13.237===
额外条件未满足


===============================================

==============2021-08-10 17:43:09==============
===6开始执行条件2021-08-10 17:43:07.648===
===开始判断价格条件2021-08-10 17:43:07.648===
===开始判断额外/转自动条件2021-08-10 17:43:08.420===
===2021-08-10 17:43:08.700===
股票：002176指定时间段判断-额外参数：
	分组名称：1
	走势名称：时间段
		条件不成立(当前时间：2021-08-10 17:43:07.648,条件时段：09:30:00-13:00:00)
	结果：未满足
===2021-08-10 17:43:08.700===
===2021-08-10 17:43:08.794===
股票：002176板块涨跌幅判断-额外参数：
	分组名称：1
	走势名称：发
		条件不成立(不符合板块涨跌幅条件)
	结果：未满足，返回code：-1
===2021-08-10 17:43:09.442===
额外条件未满足


===============================================

==============2021-08-10 17:43:27==============
===6开始执行条件2021-08-10 17:43:21.852===
===开始判断价格条件2021-08-10 17:43:21.852===
===开始判断额外/转自动条件2021-08-10 17:43:22.939===
===2021-08-10 17:43:23.904===
股票：002176指定时间段判断-额外参数：
	分组名称：1
	走势名称：时间段
		条件不成立(当前时间：2021-08-10 17:43:21.852,条件时段：09:30:00-13:00:00)
	结果：未满足
===2021-08-10 17:43:23.904===
===2021-08-10 17:43:24.092===
股票：002176板块涨跌幅判断-额外参数：
	分组名称：1
	走势名称：发
		条件不成立(不符合板块涨跌幅条件)
	结果：未满足，返回code：-1
===2021-08-10 17:43:27.032===
额外条件未满足


===============================================

==============2021-08-10 17:43:37==============
===6开始执行条件2021-08-10 17:43:33.867===
===开始判断价格条件2021-08-10 17:43:33.867===
===开始判断额外/转自动条件2021-08-10 17:43:33.993===
===2021-08-10 17:43:34.117===
股票：002176指定时间段判断-额外参数：
	分组名称：1
	走势名称：时间段
		条件不成立(当前时间：2021-08-10 17:43:33.867,条件时段：09:30:00-13:00:00)
	结果：未满足
===2021-08-10 17:43:34.117===
===2021-08-10 17:43:34.254===
股票：002176板块涨跌幅判断-额外参数：
	分组名称：1
	走势名称：发
		条件不成立(不符合板块涨跌幅条件)
	结果：未满足，返回code：-1
===2021-08-10 17:43:37.150===
额外条件未满足


===============================================

==============2021-08-10 17:43:45==============
===6开始执行条件2021-08-10 17:43:44.557===
===开始判断价格条件2021-08-10 17:43:44.557===
===开始判断额外/转自动条件2021-08-10 17:43:44.739===
===2021-08-10 17:43:44.870===
股票：002176指定时间段判断-额外参数：
	分组名称：1
	走势名称：时间段
		条件不成立(当前时间：2021-08-10 17:43:44.557,条件时段：09:30:00-13:00:00)
	结果：未满足
===2021-08-10 17:43:44.870===
===2021-08-10 17:43:44.898===
股票：002176板块涨跌幅判断-额外参数：
	分组名称：1
	走势名称：发
		条件不成立(不符合板块涨跌幅条件)
	结果：未满足，返回code：-1
===2021-08-10 17:43:45.283===
额外条件未满足


===============================================

==============2021-08-10 17:44:02==============
===6开始执行条件2021-08-10 17:44:02.104===
===开始判断价格条件2021-08-10 17:44:02.104===
===开始判断额外/转自动条件2021-08-10 17:44:02.291===
===2021-08-10 17:44:02.353===
股票：002176指定时间段判断-额外参数：
	分组名称：1
	走势名称：时间段
		条件不成立(当前时间：2021-08-10 17:44:02.066,条件时段：09:30:00-13:00:00)
	结果：未满足
===2021-08-10 17:44:02.353===
===2021-08-10 17:44:02.373===
股票：002176板块涨跌幅判断-额外参数：
	分组名称：1
	走势名称：发
		条件不成立(不符合板块涨跌幅条件)
	结果：未满足，返回code：-1
===2021-08-10 17:44:02.750===
额外条件未满足


===============================================

==============2021-08-10 17:46:21==============
===6开始执行条件2021-08-10 17:45:53.331===
===开始判断价格条件2021-08-10 17:45:53.331===
===开始判断额外/转自动条件2021-08-10 17:46:02.189===
===2021-08-10 17:46:09.454===
股票：002176指定时间段判断-额外参数：
	分组名称：1
	走势名称：时间段
		条件不成立(当前时间：2021-08-10 17:45:53.331,条件时段：09:30:00-13:00:00)
	结果：未满足
===2021-08-10 17:46:09.454===
===2021-08-10 17:46:10.080===
股票：002176板块涨跌幅判断-额外参数：
	分组名称：1
	走势名称：发
		条件不成立(不符合板块涨跌幅条件)
	结果：未满足，返回code：-1
===2021-08-10 17:46:21.313===
额外条件未满足


===============================================

==============2021-08-10 17:47:31==============
===6开始执行条件2021-08-10 17:47:28.066===
===开始判断价格条件2021-08-10 17:47:28.066===
===开始判断额外/转自动条件2021-08-10 17:47:28.350===
===2021-08-10 17:47:28.830===
股票：002176指定时间段判断-额外参数：
	分组名称：1
	走势名称：时间段
		条件不成立(当前时间：2021-08-10 17:47:28.066,条件时段：09:30:00-13:00:00)
	结果：未满足
===2021-08-10 17:47:28.830===
===2021-08-10 17:47:29.005===
股票：002176板块涨跌幅判断-额外参数：
	分组名称：1
	走势名称：发
		条件不成立(不符合板块涨跌幅条件)
	结果：未满足，返回code：-1
===2021-08-10 17:47:31.373===
额外条件未满足


===============================================

==============2021-08-10 17:47:48==============
===6开始执行条件2021-08-10 17:47:45.383===
===开始判断价格条件2021-08-10 17:47:45.383===
===开始判断额外/转自动条件2021-08-10 17:47:45.549===
===2021-08-10 17:47:45.673===
股票：002176指定时间段判断-额外参数：
	分组名称：1
	走势名称：时间段
		条件不成立(当前时间：2021-08-10 17:47:45.383,条件时段：09:30:00-13:00:00)
	结果：未满足
===2021-08-10 17:47:45.673===
===2021-08-10 17:47:45.788===
股票：002176板块涨跌幅判断-额外参数：
	分组名称：1
	走势名称：发
		条件不成立(不符合板块涨跌幅条件)
	结果：未满足，返回code：-1
===2021-08-10 17:47:48.285===
额外条件未满足


===============================================

==============2021-08-10 17:48:58==============
===6开始执行条件2021-08-10 17:48:57.937===
===开始判断价格条件2021-08-10 17:48:57.937===
===开始判断额外/转自动条件2021-08-10 17:48:58.038===
===2021-08-10 17:48:58.104===
股票：002176指定时间段判断-额外参数：
	分组名称：1
	走势名称：时间段
		条件不成立(当前时间：2021-08-10 17:48:57.936,条件时段：09:30:00-13:00:00)
	结果：未满足
===2021-08-10 17:48:58.104===
===2021-08-10 17:48:58.131===
股票：002176板块涨跌幅判断-额外参数：
	分组名称：1
	走势名称：发
		条件不成立(不符合板块涨跌幅条件)
	结果：未满足，返回code：-1
===2021-08-10 17:48:58.963===
额外条件未满足


===============================================

==============2021-08-10 17:49:18==============
===6开始执行条件2021-08-10 17:49:13.696===
===开始判断价格条件2021-08-10 17:49:13.696===
===开始判断额外/转自动条件2021-08-10 17:49:14.288===
===2021-08-10 17:49:14.561===
股票：002176指定时间段判断-额外参数：
	分组名称：1
	走势名称：时间段
		条件不成立(当前时间：2021-08-10 17:49:13.695,条件时段：09:30:00-13:00:00)
	结果：未满足
===2021-08-10 17:49:14.561===
===2021-08-10 17:49:14.763===
股票：002176板块涨跌幅判断-额外参数：
	分组名称：1
	走势名称：发
		条件不成立(不符合板块涨跌幅条件)
	结果：未满足，返回code：-1
===2021-08-10 17:49:18.128===
额外条件未满足


===============================================

==============2021-08-10 17:49:44==============
===6开始执行条件2021-08-10 17:49:33.976===
===开始判断价格条件2021-08-10 17:49:33.976===
===开始判断额外/转自动条件2021-08-10 17:49:40.421===
===2021-08-10 17:49:41.104===
股票：002176指定时间段判断-额外参数：
	分组名称：1
	走势名称：时间段
		条件不成立(当前时间：2021-08-10 17:49:33.976,条件时段：09:30:00-13:00:00)
	结果：未满足
===2021-08-10 17:49:41.104===
===2021-08-10 17:49:41.491===
股票：002176板块涨跌幅判断-额外参数：
	分组名称：1
	走势名称：发
		条件不成立(不符合板块涨跌幅条件)
	结果：未满足，返回code：-1
===2021-08-10 17:49:44.693===
额外条件未满足


===============================================

==============2021-08-10 17:49:55==============
===6开始执行条件2021-08-10 17:49:50.188===
===开始判断价格条件2021-08-10 17:49:50.188===
===开始判断额外/转自动条件2021-08-10 17:49:50.556===
===2021-08-10 17:49:50.901===
股票：002176指定时间段判断-额外参数：
	分组名称：1
	走势名称：时间段
		条件不成立(当前时间：2021-08-10 17:49:50.188,条件时段：09:30:00-13:00:00)
	结果：未满足
===2021-08-10 17:49:50.901===
===2021-08-10 17:49:51.033===
股票：002176板块涨跌幅判断-额外参数：
	分组名称：1
	走势名称：发
		条件不成立(不符合板块涨跌幅条件)
	结果：未满足，返回code：-1
===2021-08-10 17:49:55.307===
额外条件未满足


===============================================

==============2021-08-10 17:50:05==============
===6开始执行条件2021-08-10 17:50:04.326===
===开始判断价格条件2021-08-10 17:50:04.326===
===开始判断额外/转自动条件2021-08-10 17:50:04.513===
===2021-08-10 17:50:04.637===
股票：002176指定时间段判断-额外参数：
	分组名称：1
	走势名称：时间段
		条件不成立(当前时间：2021-08-10 17:50:04.325,条件时段：09:30:00-13:00:00)
	结果：未满足
===2021-08-10 17:50:04.637===
===2021-08-10 17:50:05.233===
股票：002176板块涨跌幅判断-额外参数：
	分组名称：1
	走势名称：发
		条件不成立(不符合板块涨跌幅条件)
	结果：未满足，返回code：-1
===2021-08-10 17:50:05.765===
额外条件未满足


===============================================

==============2021-08-10 17:50:34==============
===6开始执行条件2021-08-10 17:50:28.340===
===开始判断价格条件2021-08-10 17:50:28.340===
===开始判断额外/转自动条件2021-08-10 17:50:29.213===
===2021-08-10 17:50:30.050===
股票：002176指定时间段判断-额外参数：
	分组名称：1
	走势名称：时间段
		条件不成立(当前时间：2021-08-10 17:50:28.340,条件时段：09:30:00-13:00:00)
	结果：未满足
===2021-08-10 17:50:30.050===
===2021-08-10 17:50:30.287===
股票：002176板块涨跌幅判断-额外参数：
	分组名称：1
	走势名称：发
		条件不成立(不符合板块涨跌幅条件)
	结果：未满足，返回code：-1
===2021-08-10 17:50:34.830===
额外条件未满足


===============================================

==============2021-08-10 17:50:41==============
===6开始执行条件2021-08-10 17:50:37.181===
===开始判断价格条件2021-08-10 17:50:37.181===
===开始判断额外/转自动条件2021-08-10 17:50:37.788===
===2021-08-10 17:50:38.221===
股票：002176指定时间段判断-额外参数：
	分组名称：1
	走势名称：时间段
		条件不成立(当前时间：2021-08-10 17:50:37.181,条件时段：09:30:00-13:00:00)
	结果：未满足
===2021-08-10 17:50:38.221===
===2021-08-10 17:50:38.483===
股票：002176板块涨跌幅判断-额外参数：
	分组名称：1
	走势名称：发
		条件不成立(不符合板块涨跌幅条件)
	结果：未满足，返回code：-1
===2021-08-10 17:50:41.657===
额外条件未满足


===============================================

==============2021-08-10 17:51:15==============
===6开始执行条件2021-08-10 17:51:12.188===
===开始判断价格条件2021-08-10 17:51:12.188===
===开始判断额外/转自动条件2021-08-10 17:51:12.653===
===2021-08-10 17:51:12.842===
股票：002176指定时间段判断-额外参数：
	分组名称：1
	走势名称：时间段
		条件不成立(当前时间：2021-08-10 17:51:12.188,条件时段：09:30:00-13:00:00)
	结果：未满足
===2021-08-10 17:51:12.842===
===2021-08-10 17:51:13.093===
股票：002176板块涨跌幅判断-额外参数：
	分组名称：1
	走势名称：发
		条件不成立(不符合板块涨跌幅条件)
	结果：未满足，返回code：-1
===2021-08-10 17:51:15.110===
额外条件未满足


===============================================

==============2021-08-10 17:51:56==============
===6开始执行条件2021-08-10 17:51:55.078===
===开始判断价格条件2021-08-10 17:51:55.078===
===开始判断额外/转自动条件2021-08-10 17:51:55.269===
===2021-08-10 17:51:55.405===
股票：002176指定时间段判断-额外参数：
	分组名称：1
	走势名称：时间段
		条件不成立(当前时间：2021-08-10 17:51:55.077,条件时段：09:30:00-13:00:00)
	结果：未满足
===2021-08-10 17:51:55.405===
===2021-08-10 17:51:55.544===
股票：002176板块涨跌幅判断-额外参数：
	分组名称：1
	走势名称：发
		条件不成立(不符合板块涨跌幅条件)
	结果：未满足，返回code：-1
===2021-08-10 17:51:56.161===
额外条件未满足


===============================================

==============2021-08-10 17:52:04==============
===6开始执行条件2021-08-10 17:52:00.270===
===开始判断价格条件2021-08-10 17:52:00.270===
===开始判断额外/转自动条件2021-08-10 17:52:00.518===
===2021-08-10 17:52:01.000===
股票：002176指定时间段判断-额外参数：
	分组名称：1
	走势名称：时间段
		条件不成立(当前时间：2021-08-10 17:52:00.270,条件时段：09:30:00-13:00:00)
	结果：未满足
===2021-08-10 17:52:01.000===
===2021-08-10 17:52:01.151===
股票：002176板块涨跌幅判断-额外参数：
	分组名称：1
	走势名称：发
		条件不成立(不符合板块涨跌幅条件)
	结果：未满足，返回code：-1
===2021-08-10 17:52:04.313===
额外条件未满足


===============================================

==============2021-08-10 17:52:19==============
===6开始执行条件2021-08-10 17:52:16.090===
===开始判断价格条件2021-08-10 17:52:16.090===
===开始判断额外/转自动条件2021-08-10 17:52:16.692===
===2021-08-10 17:52:16.869===
股票：002176指定时间段判断-额外参数：
	分组名称：1
	走势名称：时间段
		条件不成立(当前时间：2021-08-10 17:52:16.082,条件时段：09:30:00-13:00:00)
	结果：未满足
===2021-08-10 17:52:16.869===
===2021-08-10 17:52:16.997===
股票：002176板块涨跌幅判断-额外参数：
	分组名称：1
	走势名称：发
		条件不成立(不符合板块涨跌幅条件)
	结果：未满足，返回code：-1
===2021-08-10 17:52:19.212===
额外条件未满足


===============================================

==============2021-08-10 17:52:38==============
===6开始执行条件2021-08-10 17:52:35.010===
===开始判断价格条件2021-08-10 17:52:35.010===
===开始判断额外/转自动条件2021-08-10 17:52:35.294===
===2021-08-10 17:52:35.586===
股票：002176指定时间段判断-额外参数：
	分组名称：1
	走势名称：时间段
		条件不成立(当前时间：2021-08-10 17:52:35.009,条件时段：09:30:00-13:00:00)
	结果：未满足
===2021-08-10 17:52:35.586===
===2021-08-10 17:52:35.707===
股票：002176板块涨跌幅判断-额外参数：
	分组名称：1
	走势名称：发
		条件不成立(不符合板块涨跌幅条件)
	结果：未满足，返回code：-1
===2021-08-10 17:52:38.138===
额外条件未满足


===============================================

==============2021-08-10 17:52:54==============
===6开始执行条件2021-08-10 17:52:51.547===
===开始判断价格条件2021-08-10 17:52:51.547===
===开始判断额外/转自动条件2021-08-10 17:52:51.726===
===2021-08-10 17:52:51.960===
股票：002176指定时间段判断-额外参数：
	分组名称：1
	走势名称：时间段
		条件不成立(当前时间：2021-08-10 17:52:51.547,条件时段：09:30:00-13:00:00)
	结果：未满足
===2021-08-10 17:52:51.960===
===2021-08-10 17:52:52.297===
股票：002176板块涨跌幅判断-额外参数：
	分组名称：1
	走势名称：发
		条件不成立(不符合板块涨跌幅条件)
	结果：未满足，返回code：-1
===2021-08-10 17:52:54.284===
额外条件未满足


===============================================

==============2021-08-10 17:53:08==============
===6开始执行条件2021-08-10 17:53:08.477===
===开始判断价格条件2021-08-10 17:53:08.477===
===开始判断额外/转自动条件2021-08-10 17:53:08.555===
===2021-08-10 17:53:08.685===
股票：002176指定时间段判断-额外参数：
	分组名称：1
	走势名称：时间段
		条件不成立(当前时间：2021-08-10 17:53:08.476,条件时段：09:30:00-13:00:00)
	结果：未满足
===2021-08-10 17:53:08.685===
===2021-08-10 17:53:08.729===
股票：002176板块涨跌幅判断-额外参数：
	分组名称：1
	走势名称：发
		条件不成立(不符合板块涨跌幅条件)
	结果：未满足，返回code：-1
===2021-08-10 17:53:08.936===
额外条件未满足


===============================================

==============2021-08-10 17:53:27==============
===6开始执行条件2021-08-10 17:53:25.280===
===开始判断价格条件2021-08-10 17:53:25.280===
===开始判断额外/转自动条件2021-08-10 17:53:25.387===
===2021-08-10 17:53:25.448===
股票：002176指定时间段判断-额外参数：
	分组名称：1
	走势名称：时间段
		条件不成立(当前时间：2021-08-10 17:53:25.280,条件时段：09:30:00-13:00:00)
	结果：未满足
===2021-08-10 17:53:25.448===
===2021-08-10 17:53:25.472===
股票：002176板块涨跌幅判断-额外参数：
	分组名称：1
	走势名称：发
		条件不成立(不符合板块涨跌幅条件)
	结果：未满足，返回code：-1
===2021-08-10 17:53:27.184===
额外条件未满足


===============================================

==============2021-08-10 17:53:38==============
===6开始执行条件2021-08-10 17:53:37.513===
===开始判断价格条件2021-08-10 17:53:37.513===
===开始判断额外/转自动条件2021-08-10 17:53:37.754===
===2021-08-10 17:53:37.889===
股票：002176指定时间段判断-额外参数：
	分组名称：1
	走势名称：时间段
		条件不成立(当前时间：2021-08-10 17:53:37.513,条件时段：09:30:00-13:00:00)
	结果：未满足
===2021-08-10 17:53:37.889===
===2021-08-10 17:53:37.928===
股票：002176板块涨跌幅判断-额外参数：
	分组名称：1
	走势名称：发
		条件不成立(不符合板块涨跌幅条件)
	结果：未满足，返回code：-1
===2021-08-10 17:53:38.955===
额外条件未满足


===============================================

==============2021-08-10 17:53:57==============
===6开始执行条件2021-08-10 17:53:56.695===
===开始判断价格条件2021-08-10 17:53:56.695===
===开始判断额外/转自动条件2021-08-10 17:53:56.868===
===2021-08-10 17:53:56.913===
股票：002176指定时间段判断-额外参数：
	分组名称：1
	走势名称：时间段
		条件不成立(当前时间：2021-08-10 17:53:56.682,条件时段：09:30:00-13:00:00)
	结果：未满足
===2021-08-10 17:53:56.913===
===2021-08-10 17:53:56.935===
股票：002176板块涨跌幅判断-额外参数：
	分组名称：1
	走势名称：发
		条件不成立(不符合板块涨跌幅条件)
	结果：未满足，返回code：-1
===2021-08-10 17:53:57.359===
额外条件未满足


===============================================

==============2021-08-10 17:54:12==============
===6开始执行条件2021-08-10 17:54:11.691===
===开始判断价格条件2021-08-10 17:54:11.691===
===开始判断额外/转自动条件2021-08-10 17:54:11.819===
===2021-08-10 17:54:11.889===
股票：002176指定时间段判断-额外参数：
	分组名称：1
	走势名称：时间段
		条件不成立(当前时间：2021-08-10 17:54:11.671,条件时段：09:30:00-13:00:00)
	结果：未满足
===2021-08-10 17:54:11.889===
===2021-08-10 17:54:11.936===
股票：002176板块涨跌幅判断-额外参数：
	分组名称：1
	走势名称：发
		条件不成立(不符合板块涨跌幅条件)
	结果：未满足，返回code：-1
===2021-08-10 17:54:12.656===
额外条件未满足


===============================================

