==============2021-08-09 10:07:51==============
===6开始执行条件2021-08-09 10:07:50.879===
===开始判断价格条件2021-08-09 10:07:50.879===
===开始判断额外/转自动条件2021-08-09 10:07:51.006===
===2021-08-09 10:07:51.054===
股票：002176指定时间段判断-额外参数：
	分组名称：1
	走势名称：时间段
		条件成立(当前时间：2021-08-09 10:07:50.879,条件时段：09:30:00-13:00:00)
	结果：达到要求
===2021-08-09 10:07:51.119===
===2021-08-09 10:07:51.541===
股票：002176多头向上判断-转自动参数：
	分组名称：2
	走势名称：多头向上
	结果：未满足，返回code：0
===2021-08-09 10:07:51.541===
满足所有条件，可以触发


===============================================

==============2021-08-09 10:08:13==============
===6开始执行条件2021-08-09 10:08:11.457===
===开始判断价格条件2021-08-09 10:08:11.457===
===开始判断额外/转自动条件2021-08-09 10:08:11.896===
===2021-08-09 10:08:12.689===
股票：002176指定时间段判断-额外参数：
	分组名称：1
	走势名称：时间段
		条件成立(当前时间：2021-08-09 10:08:11.457,条件时段：09:30:00-13:00:00)
	结果：达到要求
===2021-08-09 10:08:13.296===
===2021-08-09 10:08:13.929===
股票：002176多头向上判断-转自动参数：
	分组名称：2
	走势名称：多头向上
	结果：未满足，返回code：0
===2021-08-09 10:08:13.929===
满足所有条件，可以触发


===============================================

==============2021-08-09 10:08:37==============
===6开始执行条件2021-08-09 10:08:35.594===
===开始判断价格条件2021-08-09 10:08:35.594===
===开始判断额外/转自动条件2021-08-09 10:08:35.716===
===2021-08-09 10:08:35.841===
股票：002176指定时间段判断-额外参数：
	分组名称：1
	走势名称：时间段
		条件成立(当前时间：2021-08-09 10:08:35.593,条件时段：09:30:00-13:00:00)
	结果：达到要求
===2021-08-09 10:08:36.121===
===2021-08-09 10:08:37.508===
股票：002176多头向上判断-转自动参数：
	分组名称：2
	走势名称：多头向上
	结果：未满足，返回code：0
===2021-08-09 10:08:37.508===
满足所有条件，可以触发


===============================================

==============2021-08-09 10:08:45==============
===6开始执行条件2021-08-09 10:08:43.595===
===开始判断价格条件2021-08-09 10:08:43.595===
===开始判断额外/转自动条件2021-08-09 10:08:44.119===
===2021-08-09 10:08:44.356===
股票：002176指定时间段判断-额外参数：
	分组名称：1
	走势名称：时间段
		条件成立(当前时间：2021-08-09 10:08:43.595,条件时段：09:30:00-13:00:00)
	结果：达到要求
===2021-08-09 10:08:44.696===
===2021-08-09 10:08:45.229===
股票：002176多头向上判断-转自动参数：
	分组名称：2
	走势名称：多头向上
	结果：未满足，返回code：0
===2021-08-09 10:08:45.229===
满足所有条件，可以触发


===============================================

==============2021-08-09 10:09:07==============
===6开始执行条件2021-08-09 10:09:03.173===
===开始判断价格条件2021-08-09 10:09:03.173===
===开始判断额外/转自动条件2021-08-09 10:09:05.032===
===2021-08-09 10:09:05.372===
股票：002176指定时间段判断-额外参数：
	分组名称：1
	走势名称：时间段
		条件成立(当前时间：2021-08-09 10:09:03.173,条件时段：09:30:00-13:00:00)
	结果：达到要求
===2021-08-09 10:09:06.609===
===2021-08-09 10:09:07.336===
股票：002176多头向上判断-转自动参数：
	分组名称：2
	走势名称：多头向上
	结果：未满足，返回code：0
===2021-08-09 10:09:07.336===
满足所有条件，可以触发


===============================================

==============2021-08-09 10:09:24==============
===6开始执行条件2021-08-09 10:09:20.521===
===开始判断价格条件2021-08-09 10:09:20.521===
===开始判断额外/转自动条件2021-08-09 10:09:21.033===
===2021-08-09 10:09:21.290===
股票：002176指定时间段判断-额外参数：
	分组名称：1
	走势名称：时间段
		条件成立(当前时间：2021-08-09 10:09:20.506,条件时段：09:30:00-13:00:00)
	结果：达到要求
===2021-08-09 10:09:21.823===
===2021-08-09 10:09:24.458===
股票：002176多头向上判断-转自动参数：
	分组名称：2
	走势名称：多头向上
	结果：未满足，返回code：0
===2021-08-09 10:09:24.458===
满足所有条件，可以触发


===============================================

==============2021-08-09 10:10:26==============
===6开始执行条件2021-08-09 10:09:46.956===
===开始判断价格条件2021-08-09 10:09:46.956===
===开始判断额外/转自动条件2021-08-09 10:09:51.108===
===2021-08-09 10:10:12.622===
股票：002176指定时间段判断-额外参数：
	分组名称：1
	走势名称：时间段
		条件成立(当前时间：2021-08-09 10:09:46.956,条件时段：09:30:00-13:00:00)
	结果：达到要求
===2021-08-09 10:10:17.583===
===2021-08-09 10:10:26.837===
股票：002176多头向上判断-转自动参数：
	分组名称：2
	走势名称：多头向上
	结果：未满足，返回code：0
===2021-08-09 10:10:26.837===
满足所有条件，可以触发


===============================================

==============2021-08-09 10:10:34==============
===6开始执行条件2021-08-09 10:10:31.790===
===开始判断价格条件2021-08-09 10:10:31.790===
===开始判断额外/转自动条件2021-08-09 10:10:32.400===
===2021-08-09 10:10:32.836===
股票：002176指定时间段判断-额外参数：
	分组名称：1
	走势名称：时间段
		条件成立(当前时间：2021-08-09 10:10:31.784,条件时段：09:30:00-13:00:00)
	结果：达到要求
===2021-08-09 10:10:33.426===
===2021-08-09 10:10:34.899===
股票：002176多头向上判断-转自动参数：
	分组名称：2
	走势名称：多头向上
	结果：未满足，返回code：0
===2021-08-09 10:10:34.899===
满足所有条件，可以触发


===============================================

==============2021-08-09 10:10:47==============
===6开始执行条件2021-08-09 10:10:47.272===
===开始判断价格条件2021-08-09 10:10:47.272===
===开始判断额外/转自动条件2021-08-09 10:10:47.419===
===2021-08-09 10:10:47.471===
股票：002176指定时间段判断-额外参数：
	分组名称：1
	走势名称：时间段
		条件成立(当前时间：2021-08-09 10:10:47.272,条件时段：09:30:00-13:00:00)
	结果：达到要求
===2021-08-09 10:10:47.520===
===2021-08-09 10:10:47.593===
股票：002176多头向上判断-转自动参数：
	分组名称：2
	走势名称：多头向上
	结果：未满足，返回code：0
===2021-08-09 10:10:47.593===
满足所有条件，可以触发


===============================================

==============2021-08-09 10:11:00==============
===6开始执行条件2021-08-09 10:10:58.638===
===开始判断价格条件2021-08-09 10:10:58.638===
===开始判断额外/转自动条件2021-08-09 10:10:58.858===
===2021-08-09 10:10:58.969===
股票：002176指定时间段判断-额外参数：
	分组名称：1
	走势名称：时间段
		条件成立(当前时间：2021-08-09 10:10:58.637,条件时段：09:30:00-13:00:00)
	结果：达到要求
===2021-08-09 10:10:59.439===
===2021-08-09 10:11:00.302===
股票：002176多头向上判断-转自动参数：
	分组名称：2
	走势名称：多头向上
	结果：未满足，返回code：0
===2021-08-09 10:11:00.302===
满足所有条件，可以触发


===============================================

==============2021-08-09 10:11:14==============
===6开始执行条件2021-08-09 10:11:11.499===
===开始判断价格条件2021-08-09 10:11:11.499===
===开始判断额外/转自动条件2021-08-09 10:11:12.645===
===2021-08-09 10:11:13.263===
股票：002176指定时间段判断-额外参数：
	分组名称：1
	走势名称：时间段
		条件成立(当前时间：2021-08-09 10:11:11.499,条件时段：09:30:00-13:00:00)
	结果：达到要求
===2021-08-09 10:11:14.405===
===2021-08-09 10:11:14.470===
股票：002176多头向上判断-转自动参数：
	分组名称：2
	走势名称：多头向上
	结果：未满足，返回code：0
===2021-08-09 10:11:14.470===
满足所有条件，可以触发


===============================================

==============2021-08-09 10:11:19==============
===6开始执行条件2021-08-09 10:11:17.666===
===开始判断价格条件2021-08-09 10:11:17.666===
===开始判断额外/转自动条件2021-08-09 10:11:17.968===
===2021-08-09 10:11:18.422===
股票：002176指定时间段判断-额外参数：
	分组名称：1
	走势名称：时间段
		条件成立(当前时间：2021-08-09 10:11:17.665,条件时段：09:30:00-13:00:00)
	结果：达到要求
===2021-08-09 10:11:18.755===
===2021-08-09 10:11:19.053===
股票：002176多头向上判断-转自动参数：
	分组名称：2
	走势名称：多头向上
	结果：未满足，返回code：0
===2021-08-09 10:11:19.053===
满足所有条件，可以触发


===============================================

==============2021-08-09 10:14:20==============
===6开始执行条件2021-08-09 10:14:20.078===
===开始判断价格条件2021-08-09 10:14:20.078===
===开始判断额外/转自动条件2021-08-09 10:14:20.211===
===2021-08-09 10:14:20.293===
股票：002176指定时间段判断-额外参数：
	分组名称：1
	走势名称：时间段
		条件成立(当前时间：2021-08-09 10:14:20.078,条件时段：09:30:00-13:00:00)
	结果：达到要求
===2021-08-09 10:14:20.371===
===2021-08-09 10:14:20.506===
股票：002176多头向上判断-转自动参数：
	分组名称：2
	走势名称：多头向上
	结果：未满足，返回code：0
===2021-08-09 10:14:20.506===
满足所有条件，可以触发


===============================================

==============2021-08-09 11:02:40==============
===6开始执行条件2021-08-09 11:02:39.106===
===开始判断价格条件2021-08-09 11:02:39.106===
===开始判断额外/转自动条件2021-08-09 11:02:39.494===
===2021-08-09 11:02:39.611===
股票：002176指定时间段判断-额外参数：
	分组名称：1
	走势名称：时间段
		条件成立(当前时间：2021-08-09 11:02:39.106,条件时段：09:30:00-13:00:00)
	结果：达到要求
===2021-08-09 11:02:39.743===
===2021-08-09 11:02:40.243===
股票：002176多头向上判断-转自动参数：
	分组名称：2
	走势名称：多头向上
	结果：未满足，返回code：0
===2021-08-09 11:02:40.243===
满足所有条件，可以触发


===============================================

==============2021-08-09 11:02:49==============
===6开始执行条件2021-08-09 11:02:48.975===
===开始判断价格条件2021-08-09 11:02:48.975===
===开始判断额外/转自动条件2021-08-09 11:02:49.106===
===2021-08-09 11:02:49.205===
股票：002176指定时间段判断-额外参数：
	分组名称：1
	走势名称：时间段
		条件成立(当前时间：2021-08-09 11:02:48.975,条件时段：09:30:00-13:00:00)
	结果：达到要求
===2021-08-09 11:02:49.311===
===2021-08-09 11:02:49.415===
股票：002176多头向上判断-转自动参数：
	分组名称：2
	走势名称：多头向上
	结果：未满足，返回code：0
===2021-08-09 11:02:49.415===
满足所有条件，可以触发


===============================================

==============2021-08-09 11:03:13==============
===6开始执行条件2021-08-09 11:03:13.072===
===开始判断价格条件2021-08-09 11:03:13.072===
===开始判断额外/转自动条件2021-08-09 11:03:13.215===
===2021-08-09 11:03:13.273===
股票：002176指定时间段判断-额外参数：
	分组名称：1
	走势名称：时间段
		条件成立(当前时间：2021-08-09 11:03:13.072,条件时段：09:30:00-13:00:00)
	结果：达到要求
===2021-08-09 11:03:13.322===
===2021-08-09 11:03:13.415===
股票：002176多头向上判断-转自动参数：
	分组名称：2
	走势名称：多头向上
	结果：未满足，返回code：0
===2021-08-09 11:03:13.415===
满足所有条件，可以触发


===============================================

==============2021-08-09 11:03:28==============
===6开始执行条件2021-08-09 11:03:27.414===
===开始判断价格条件2021-08-09 11:03:27.414===
===开始判断额外/转自动条件2021-08-09 11:03:27.819===
===2021-08-09 11:03:28.049===
股票：002176指定时间段判断-额外参数：
	分组名称：1
	走势名称：时间段
		条件成立(当前时间：2021-08-09 11:03:27.411,条件时段：09:30:00-13:00:00)
	结果：达到要求
===2021-08-09 11:03:28.210===
===2021-08-09 11:03:28.511===
股票：002176多头向上判断-转自动参数：
	分组名称：2
	走势名称：多头向上
	结果：未满足，返回code：0
===2021-08-09 11:03:28.511===
满足所有条件，可以触发


===============================================

==============2021-08-09 11:03:37==============
===6开始执行条件2021-08-09 11:03:36.566===
===开始判断价格条件2021-08-09 11:03:36.566===
===开始判断额外/转自动条件2021-08-09 11:03:36.800===
===2021-08-09 11:03:36.964===
股票：002176指定时间段判断-额外参数：
	分组名称：1
	走势名称：时间段
		条件成立(当前时间：2021-08-09 11:03:36.566,条件时段：09:30:00-13:00:00)
	结果：达到要求
===2021-08-09 11:03:37.099===
===2021-08-09 11:03:37.378===
股票：002176多头向上判断-转自动参数：
	分组名称：2
	走势名称：多头向上
	结果：未满足，返回code：0
===2021-08-09 11:03:37.379===
满足所有条件，可以触发


===============================================

==============2021-08-09 11:03:50==============
===6开始执行条件2021-08-09 11:03:49.947===
===开始判断价格条件2021-08-09 11:03:49.947===
===开始判断额外/转自动条件2021-08-09 11:03:50.196===
===2021-08-09 11:03:50.293===
股票：002176指定时间段判断-额外参数：
	分组名称：1
	走势名称：时间段
		条件成立(当前时间：2021-08-09 11:03:49.947,条件时段：09:30:00-13:00:00)
	结果：达到要求
===2021-08-09 11:03:50.379===
===2021-08-09 11:03:50.594===
股票：002176多头向上判断-转自动参数：
	分组名称：2
	走势名称：多头向上
	结果：未满足，返回code：0
===2021-08-09 11:03:50.594===
满足所有条件，可以触发


===============================================

