==============2021-08-06 14:25:50==============
===6开始执行条件2021-08-06 14:25:48.994===
===开始判断价格条件2021-08-06 14:25:48.994===
===开始判断额外/转自动条件2021-08-06 14:25:49.206===
===2021-08-06 14:25:50.085===
股票：002176指定时间段判断-额外参数：
	分组名称：1
	走势名称：时间段
		条件不成立(当前时间：2021-08-06 14:25:48.994,条件时段：09:30:00-13:00:00)
	结果：未满足
===2021-08-06 14:25:50.085===
===2021-08-06 14:25:50.230===
股票：002176板块涨跌幅判断-额外参数：
	分组名称：1
	走势名称：发
		条件不成立(不符合板块涨跌幅条件)
	结果：未满足，返回code：-1
===2021-08-06 14:25:50.858===
额外条件未满足


===============================================

==============2021-08-06 14:26:04==============
===6开始执行条件2021-08-06 14:26:03.776===
===开始判断价格条件2021-08-06 14:26:03.776===
===开始判断额外/转自动条件2021-08-06 14:26:03.881===
===2021-08-06 14:26:04.000===
股票：002176指定时间段判断-额外参数：
	分组名称：1
	走势名称：时间段
		条件不成立(当前时间：2021-08-06 14:26:03.775,条件时段：09:30:00-13:00:00)
	结果：未满足
===2021-08-06 14:26:04.000===
===2021-08-06 14:26:04.041===
股票：002176板块涨跌幅判断-额外参数：
	分组名称：1
	走势名称：发
		条件不成立(不符合板块涨跌幅条件)
	结果：未满足，返回code：-1
===2021-08-06 14:26:04.709===
额外条件未满足


===============================================

==============2021-08-06 14:26:33==============
===6开始执行条件2021-08-06 14:26:32.392===
===开始判断价格条件2021-08-06 14:26:32.392===
===开始判断额外/转自动条件2021-08-06 14:26:32.524===
===2021-08-06 14:26:32.693===
股票：002176指定时间段判断-额外参数：
	分组名称：1
	走势名称：时间段
		条件不成立(当前时间：2021-08-06 14:26:32.392,条件时段：09:30:00-13:00:00)
	结果：未满足
===2021-08-06 14:26:32.693===
===2021-08-06 14:26:32.767===
股票：002176板块涨跌幅判断-额外参数：
	分组名称：1
	走势名称：发
		条件不成立(不符合板块涨跌幅条件)
	结果：未满足，返回code：-1
===2021-08-06 14:26:33.474===
额外条件未满足


===============================================

==============2021-08-06 14:26:51==============
===6开始执行条件2021-08-06 14:26:47.673===
===开始判断价格条件2021-08-06 14:26:47.673===
===开始判断额外/转自动条件2021-08-06 14:26:48.202===
===2021-08-06 14:26:49.042===
股票：002176指定时间段判断-额外参数：
	分组名称：1
	走势名称：时间段
		条件不成立(当前时间：2021-08-06 14:26:47.673,条件时段：09:30:00-13:00:00)
	结果：未满足
===2021-08-06 14:26:49.043===
===2021-08-06 14:26:49.212===
股票：002176板块涨跌幅判断-额外参数：
	分组名称：1
	走势名称：发
		条件不成立(不符合板块涨跌幅条件)
	结果：未满足，返回code：-1
===2021-08-06 14:26:51.593===
额外条件未满足


===============================================

==============2021-08-06 14:29:13==============
===6开始执行条件2021-08-06 14:29:11.623===
===开始判断价格条件2021-08-06 14:29:11.623===
===开始判断额外/转自动条件2021-08-06 14:29:11.981===
===2021-08-06 14:29:12.063===
股票：002176指定时间段判断-额外参数：
	分组名称：1
	走势名称：时间段
		条件不成立(当前时间：2021-08-06 14:29:11.622,条件时段：09:30:00-13:00:00)
	结果：未满足
===2021-08-06 14:29:12.070===
===2021-08-06 14:29:12.095===
股票：002176板块涨跌幅判断-额外参数：
	分组名称：1
	走势名称：发
		条件不成立(不符合板块涨跌幅条件)
	结果：未满足，返回code：-1
===2021-08-06 14:29:13.529===
额外条件未满足


===============================================

==============2021-08-06 14:34:32==============
===6开始执行条件2021-08-06 14:34:31.916===
===开始判断价格条件2021-08-06 14:34:31.916===
===开始判断额外/转自动条件2021-08-06 14:34:32.059===
===2021-08-06 14:34:32.211===
股票：002176指定时间段判断-额外参数：
	分组名称：1
	走势名称：时间段
		条件不成立(当前时间：2021-08-06 14:34:31.916,条件时段：09:30:00-13:00:00)
	结果：未满足
===2021-08-06 14:34:32.212===
===2021-08-06 14:34:32.255===
股票：002176板块涨跌幅判断-额外参数：
	分组名称：1
	走势名称：发
		条件不成立(不符合板块涨跌幅条件)
	结果：未满足，返回code：-1
===2021-08-06 14:34:32.727===
额外条件未满足


===============================================

==============2021-08-06 14:41:03==============
===6开始执行条件2021-08-06 14:41:02.744===
===开始判断价格条件2021-08-06 14:41:02.744===
===开始判断额外/转自动条件2021-08-06 14:41:02.932===
===2021-08-06 14:41:03.004===
股票：002176指定时间段判断-额外参数：
	分组名称：1
	走势名称：时间段
		条件不成立(当前时间：2021-08-06 14:41:02.744,条件时段：09:30:00-13:00:00)
	结果：未满足
===2021-08-06 14:41:03.004===
===2021-08-06 14:41:03.317===
股票：002176板块涨跌幅判断-额外参数：
	分组名称：1
	走势名称：发
		条件不成立(不符合板块涨跌幅条件)
	结果：未满足，返回code：-1
===2021-08-06 14:41:03.767===
额外条件未满足


===============================================

==============2021-08-06 14:41:15==============
===6开始执行条件2021-08-06 14:41:14.507===
===开始判断价格条件2021-08-06 14:41:14.507===
===开始判断额外/转自动条件2021-08-06 14:41:14.655===
===2021-08-06 14:41:14.748===
股票：002176指定时间段判断-额外参数：
	分组名称：1
	走势名称：时间段
		条件不成立(当前时间：2021-08-06 14:41:14.507,条件时段：09:30:00-13:00:00)
	结果：未满足
===2021-08-06 14:41:14.748===
===2021-08-06 14:41:14.801===
股票：002176板块涨跌幅判断-额外参数：
	分组名称：1
	走势名称：发
		条件不成立(不符合板块涨跌幅条件)
	结果：未满足，返回code：-1
===2021-08-06 14:41:15.125===
额外条件未满足


===============================================

==============2021-08-06 14:41:42==============
===6开始执行条件2021-08-06 14:41:38.227===
===开始判断价格条件2021-08-06 14:41:38.227===
===开始判断额外/转自动条件2021-08-06 14:41:38.905===
===2021-08-06 14:41:39.102===
股票：002176指定时间段判断-额外参数：
	分组名称：1
	走势名称：时间段
		条件不成立(当前时间：2021-08-06 14:41:38.223,条件时段：09:30:00-13:00:00)
	结果：未满足
===2021-08-06 14:41:39.102===
===2021-08-06 14:41:39.149===
股票：002176板块涨跌幅判断-额外参数：
	分组名称：1
	走势名称：发
		条件不成立(不符合板块涨跌幅条件)
	结果：未满足，返回code：-1
===2021-08-06 14:41:42.840===
额外条件未满足


===============================================

==============2021-08-06 14:42:34==============
===6开始执行条件2021-08-06 14:42:30.131===
===开始判断价格条件2021-08-06 14:42:30.131===
===开始判断额外/转自动条件2021-08-06 14:42:30.559===
===2021-08-06 14:42:31.151===
股票：002176指定时间段判断-额外参数：
	分组名称：1
	走势名称：时间段
		条件不成立(当前时间：2021-08-06 14:42:30.131,条件时段：09:30:00-13:00:00)
	结果：未满足
===2021-08-06 14:42:31.151===
===2021-08-06 14:42:31.375===
股票：002176板块涨跌幅判断-额外参数：
	分组名称：1
	走势名称：发
		条件不成立(不符合板块涨跌幅条件)
	结果：未满足，返回code：-1
===2021-08-06 14:42:34.769===
额外条件未满足


===============================================

==============2021-08-06 14:42:59==============
===6开始执行条件2021-08-06 14:42:51.304===
===开始判断价格条件2021-08-06 14:42:51.305===
===开始判断额外/转自动条件2021-08-06 14:42:53.132===
===2021-08-06 14:42:55.373===
股票：002176指定时间段判断-额外参数：
	分组名称：1
	走势名称：时间段
		条件不成立(当前时间：2021-08-06 14:42:51.301,条件时段：09:30:00-13:00:00)
	结果：未满足
===2021-08-06 14:42:55.373===
===2021-08-06 14:42:56.059===
股票：002176板块涨跌幅判断-额外参数：
	分组名称：1
	走势名称：发
		条件不成立(不符合板块涨跌幅条件)
	结果：未满足，返回code：-1
===2021-08-06 14:42:59.918===
额外条件未满足


===============================================

==============2021-08-06 14:43:07==============
===6开始执行条件2021-08-06 14:43:06.813===
===开始判断价格条件2021-08-06 14:43:06.813===
===开始判断额外/转自动条件2021-08-06 14:43:07.093===
===2021-08-06 14:43:07.215===
股票：002176指定时间段判断-额外参数：
	分组名称：1
	走势名称：时间段
		条件不成立(当前时间：2021-08-06 14:43:06.813,条件时段：09:30:00-13:00:00)
	结果：未满足
===2021-08-06 14:43:07.215===
===2021-08-06 14:43:07.236===
股票：002176板块涨跌幅判断-额外参数：
	分组名称：1
	走势名称：发
		条件不成立(不符合板块涨跌幅条件)
	结果：未满足，返回code：-1
===2021-08-06 14:43:07.608===
额外条件未满足


===============================================

==============2021-08-06 14:43:42==============
===6开始执行条件2021-08-06 14:43:26.492===
===开始判断价格条件2021-08-06 14:43:26.492===
===开始判断额外/转自动条件2021-08-06 14:43:30.164===
===2021-08-06 14:43:32.176===
股票：002176指定时间段判断-额外参数：
	分组名称：1
	走势名称：时间段
		条件不成立(当前时间：2021-08-06 14:43:26.492,条件时段：09:30:00-13:00:00)
	结果：未满足
===2021-08-06 14:43:32.176===
===2021-08-06 14:43:32.676===
股票：002176板块涨跌幅判断-额外参数：
	分组名称：1
	走势名称：发
		条件不成立(不符合板块涨跌幅条件)
	结果：未满足，返回code：-1
===2021-08-06 14:43:42.164===
额外条件未满足


===============================================

==============2021-08-06 15:02:54==============
===6开始执行条件2021-08-06 14:44:07.579===
===开始判断价格条件2021-08-06 14:44:07.579===
===开始判断额外/转自动条件2021-08-06 15:02:36.796===
===2021-08-06 15:02:48.383===
股票：002176指定时间段判断-额外参数：
	分组名称：1
	走势名称：时间段
		条件不成立(当前时间：2021-08-06 14:44:07.579,条件时段：09:30:00-13:00:00)
	结果：未满足
===2021-08-06 15:02:48.383===
===2021-08-06 15:02:49.142===
股票：002176板块涨跌幅判断-额外参数：
	分组名称：1
	走势名称：发
		条件不成立(不符合板块涨跌幅条件)
	结果：未满足，返回code：-1
===2021-08-06 15:02:54.451===
额外条件未满足


===============================================

==============2021-08-06 15:03:13==============
===6开始执行条件2021-08-06 15:03:06.282===
===开始判断价格条件2021-08-06 15:03:06.282===
===开始判断额外/转自动条件2021-08-06 15:03:08.216===
===2021-08-06 15:03:09.125===
股票：002176指定时间段判断-额外参数：
	分组名称：1
	走势名称：时间段
		条件不成立(当前时间：2021-08-06 15:03:06.282,条件时段：09:30:00-13:00:00)
	结果：未满足
===2021-08-06 15:03:09.125===
===2021-08-06 15:03:09.289===
股票：002176板块涨跌幅判断-额外参数：
	分组名称：1
	走势名称：发
		条件不成立(不符合板块涨跌幅条件)
	结果：未满足，返回code：-1
===2021-08-06 15:03:13.062===
额外条件未满足


===============================================

==============2021-08-06 15:03:22==============
===6开始执行条件2021-08-06 15:03:20.541===
===开始判断价格条件2021-08-06 15:03:20.541===
===开始判断额外/转自动条件2021-08-06 15:03:20.908===
===2021-08-06 15:03:21.089===
股票：002176指定时间段判断-额外参数：
	分组名称：1
	走势名称：时间段
		条件不成立(当前时间：2021-08-06 15:03:20.540,条件时段：09:30:00-13:00:00)
	结果：未满足
===2021-08-06 15:03:21.089===
===2021-08-06 15:03:21.187===
股票：002176板块涨跌幅判断-额外参数：
	分组名称：1
	走势名称：发
		条件不成立(不符合板块涨跌幅条件)
	结果：未满足，返回code：-1
===2021-08-06 15:03:22.718===
额外条件未满足


===============================================

==============2021-08-06 15:03:42==============
===6开始执行条件2021-08-06 15:03:40.990===
===开始判断价格条件2021-08-06 15:03:40.990===
===开始判断额外/转自动条件2021-08-06 15:03:41.454===
===2021-08-06 15:03:41.797===
股票：002176指定时间段判断-额外参数：
	分组名称：1
	走势名称：时间段
		条件不成立(当前时间：2021-08-06 15:03:40.990,条件时段：09:30:00-13:00:00)
	结果：未满足
===2021-08-06 15:03:41.797===
===2021-08-06 15:03:41.857===
股票：002176板块涨跌幅判断-额外参数：
	分组名称：1
	走势名称：发
		条件不成立(不符合板块涨跌幅条件)
	结果：未满足，返回code：-1
===2021-08-06 15:03:42.835===
额外条件未满足


===============================================

==============2021-08-06 15:04:55==============
===6开始执行条件2021-08-06 15:04:54.414===
===开始判断价格条件2021-08-06 15:04:54.414===
===开始判断额外/转自动条件2021-08-06 15:04:54.598===
===2021-08-06 15:04:54.735===
股票：002176指定时间段判断-额外参数：
	分组名称：1
	走势名称：时间段
		条件不成立(当前时间：2021-08-06 15:04:54.413,条件时段：09:30:00-13:00:00)
	结果：未满足
===2021-08-06 15:04:54.735===
===2021-08-06 15:04:54.802===
股票：002176板块涨跌幅判断-额外参数：
	分组名称：1
	走势名称：发
		条件不成立(不符合板块涨跌幅条件)
	结果：未满足，返回code：-1
===2021-08-06 15:04:55.734===
额外条件未满足


===============================================

==============2021-08-06 15:05:14==============
===6开始执行条件2021-08-06 15:05:10.516===
===开始判断价格条件2021-08-06 15:05:10.516===
===开始判断额外/转自动条件2021-08-06 15:05:11.127===
===2021-08-06 15:05:11.677===
股票：002176指定时间段判断-额外参数：
	分组名称：1
	走势名称：时间段
		条件不成立(当前时间：2021-08-06 15:05:10.516,条件时段：09:30:00-13:00:00)
	结果：未满足
===2021-08-06 15:05:11.677===
===2021-08-06 15:05:12.316===
股票：002176板块涨跌幅判断-额外参数：
	分组名称：1
	走势名称：发
		条件不成立(不符合板块涨跌幅条件)
	结果：未满足，返回code：-1
===2021-08-06 15:05:14.957===
额外条件未满足


===============================================

==============2021-08-06 15:06:10==============
===6开始执行条件2021-08-06 15:06:03.697===
===开始判断价格条件2021-08-06 15:06:03.697===
===开始判断额外/转自动条件2021-08-06 15:06:05.228===
===2021-08-06 15:06:05.542===
股票：002176指定时间段判断-额外参数：
	分组名称：1
	走势名称：时间段
		条件不成立(当前时间：2021-08-06 15:06:03.696,条件时段：09:30:00-13:00:00)
	结果：未满足
===2021-08-06 15:06:05.542===
===2021-08-06 15:06:05.762===
股票：002176板块涨跌幅判断-额外参数：
	分组名称：1
	走势名称：发
		条件不成立(不符合板块涨跌幅条件)
	结果：未满足，返回code：-1
===2021-08-06 15:06:10.300===
额外条件未满足


===============================================

==============2021-08-06 15:06:28==============
===6开始执行条件2021-08-06 15:06:23.108===
===开始判断价格条件2021-08-06 15:06:23.108===
===开始判断额外/转自动条件2021-08-06 15:06:23.907===
===2021-08-06 15:06:24.533===
股票：002176指定时间段判断-额外参数：
	分组名称：1
	走势名称：时间段
		条件不成立(当前时间：2021-08-06 15:06:23.108,条件时段：09:30:00-13:00:00)
	结果：未满足
===2021-08-06 15:06:24.533===
===2021-08-06 15:06:24.776===
股票：002176板块涨跌幅判断-额外参数：
	分组名称：1
	走势名称：发
		条件不成立(不符合板块涨跌幅条件)
	结果：未满足，返回code：-1
===2021-08-06 15:06:28.884===
额外条件未满足


===============================================

==============2021-08-06 15:06:45==============
===6开始执行条件2021-08-06 15:06:43.020===
===开始判断价格条件2021-08-06 15:06:43.020===
===开始判断额外/转自动条件2021-08-06 15:06:44.044===
===2021-08-06 15:06:44.326===
股票：002176指定时间段判断-额外参数：
	分组名称：1
	走势名称：时间段
		条件不成立(当前时间：2021-08-06 15:06:43.020,条件时段：09:30:00-13:00:00)
	结果：未满足
===2021-08-06 15:06:44.326===
===2021-08-06 15:06:44.474===
股票：002176板块涨跌幅判断-额外参数：
	分组名称：1
	走势名称：发
		条件不成立(不符合板块涨跌幅条件)
	结果：未满足，返回code：-1
===2021-08-06 15:06:45.481===
额外条件未满足


===============================================

==============2021-08-06 15:08:00==============
===6开始执行条件2021-08-06 15:07:58.315===
===开始判断价格条件2021-08-06 15:07:58.315===
===开始判断额外/转自动条件2021-08-06 15:07:58.493===
===2021-08-06 15:07:59.032===
股票：002176指定时间段判断-额外参数：
	分组名称：1
	走势名称：时间段
		条件不成立(当前时间：2021-08-06 15:07:58.314,条件时段：09:30:00-13:00:00)
	结果：未满足
===2021-08-06 15:07:59.032===
===2021-08-06 15:07:59.138===
股票：002176板块涨跌幅判断-额外参数：
	分组名称：1
	走势名称：发
		条件不成立(不符合板块涨跌幅条件)
	结果：未满足，返回code：-1
===2021-08-06 15:08:00.323===
额外条件未满足


===============================================

==============2021-08-06 15:11:53==============
===6开始执行条件2021-08-06 15:11:50.519===
===开始判断价格条件2021-08-06 15:11:50.519===
===开始判断额外/转自动条件2021-08-06 15:11:51.267===
===2021-08-06 15:11:51.532===
股票：002176指定时间段判断-额外参数：
	分组名称：1
	走势名称：时间段
		条件不成立(当前时间：2021-08-06 15:11:50.518,条件时段：09:30:00-13:00:00)
	结果：未满足
===2021-08-06 15:11:51.532===
===2021-08-06 15:11:51.717===
股票：002176板块涨跌幅判断-额外参数：
	分组名称：1
	走势名称：发
		条件不成立(不符合板块涨跌幅条件)
	结果：未满足，返回code：-1
===2021-08-06 15:11:53.214===
额外条件未满足


===============================================

==============2021-08-06 15:12:10==============
===6开始执行条件2021-08-06 15:12:07.393===
===开始判断价格条件2021-08-06 15:12:07.393===
===开始判断额外/转自动条件2021-08-06 15:12:08.017===
===2021-08-06 15:12:08.168===
股票：002176指定时间段判断-额外参数：
	分组名称：1
	走势名称：时间段
		条件不成立(当前时间：2021-08-06 15:12:07.393,条件时段：09:30:00-13:00:00)
	结果：未满足
===2021-08-06 15:12:08.168===
===2021-08-06 15:12:08.246===
股票：002176板块涨跌幅判断-额外参数：
	分组名称：1
	走势名称：发
		条件不成立(不符合板块涨跌幅条件)
	结果：未满足，返回code：-1
===2021-08-06 15:12:10.828===
额外条件未满足


===============================================

==============2021-08-06 15:12:44==============
===6开始执行条件2021-08-06 15:12:42.866===
===开始判断价格条件2021-08-06 15:12:42.866===
===开始判断额外/转自动条件2021-08-06 15:12:43.048===
===2021-08-06 15:12:43.157===
股票：002176指定时间段判断-额外参数：
	分组名称：1
	走势名称：时间段
		条件不成立(当前时间：2021-08-06 15:12:42.865,条件时段：09:30:00-13:00:00)
	结果：未满足
===2021-08-06 15:12:43.157===
===2021-08-06 15:12:43.195===
股票：002176板块涨跌幅判断-额外参数：
	分组名称：1
	走势名称：发
		条件不成立(不符合板块涨跌幅条件)
	结果：未满足，返回code：-1
===2021-08-06 15:12:44.004===
额外条件未满足


===============================================

==============2021-08-06 15:13:51==============
===6开始执行条件2021-08-06 15:13:49.710===
===开始判断价格条件2021-08-06 15:13:49.710===
===开始判断额外/转自动条件2021-08-06 15:13:49.877===
===2021-08-06 15:13:50.022===
股票：002176指定时间段判断-额外参数：
	分组名称：1
	走势名称：时间段
		条件不成立(当前时间：2021-08-06 15:13:49.710,条件时段：09:30:00-13:00:00)
	结果：未满足
===2021-08-06 15:13:50.022===
===2021-08-06 15:13:50.130===
股票：002176板块涨跌幅判断-额外参数：
	分组名称：1
	走势名称：发
		条件不成立(不符合板块涨跌幅条件)
	结果：未满足，返回code：-1
===2021-08-06 15:13:51.545===
额外条件未满足


===============================================

==============2021-08-06 15:14:03==============
===6开始执行条件2021-08-06 15:14:03.268===
===开始判断价格条件2021-08-06 15:14:03.268===
===开始判断额外/转自动条件2021-08-06 15:14:03.366===
===2021-08-06 15:14:03.406===
股票：002176指定时间段判断-额外参数：
	分组名称：1
	走势名称：时间段
		条件不成立(当前时间：2021-08-06 15:14:03.267,条件时段：09:30:00-13:00:00)
	结果：未满足
===2021-08-06 15:14:03.406===
===2021-08-06 15:14:03.426===
股票：002176板块涨跌幅判断-额外参数：
	分组名称：1
	走势名称：发
		条件不成立(不符合板块涨跌幅条件)
	结果：未满足，返回code：-1
===2021-08-06 15:14:03.731===
额外条件未满足


===============================================

==============2021-08-06 15:26:51==============
===6开始执行条件2021-08-06 15:26:49.798===
===开始判断价格条件2021-08-06 15:26:49.798===
===开始判断额外/转自动条件2021-08-06 15:26:50.070===
===2021-08-06 15:26:50.178===
股票：002176指定时间段判断-额外参数：
	分组名称：1
	走势名称：时间段
		条件不成立(当前时间：2021-08-06 15:26:49.798,条件时段：09:30:00-13:00:00)
	结果：未满足
===2021-08-06 15:26:50.178===
===2021-08-06 15:26:50.207===
股票：002176板块涨跌幅判断-额外参数：
	分组名称：1
	走势名称：发
		条件不成立(不符合板块涨跌幅条件)
	结果：未满足，返回code：-1
===2021-08-06 15:26:51.486===
额外条件未满足


===============================================

==============2021-08-06 15:27:57==============
===6开始执行条件2021-08-06 15:27:54.414===
===开始判断价格条件2021-08-06 15:27:54.414===
===开始判断额外/转自动条件2021-08-06 15:27:54.809===
===2021-08-06 15:27:54.926===
股票：002176指定时间段判断-额外参数：
	分组名称：1
	走势名称：时间段
		条件不成立(当前时间：2021-08-06 15:27:54.413,条件时段：09:30:00-13:00:00)
	结果：未满足
===2021-08-06 15:27:54.926===
===2021-08-06 15:27:54.991===
股票：002176板块涨跌幅判断-额外参数：
	分组名称：1
	走势名称：发
		条件不成立(不符合板块涨跌幅条件)
	结果：未满足，返回code：-1
===2021-08-06 15:27:57.387===
额外条件未满足


===============================================

==============2021-08-06 15:28:29==============
===6开始执行条件2021-08-06 15:28:26.322===
===开始判断价格条件2021-08-06 15:28:26.322===
===开始判断额外/转自动条件2021-08-06 15:28:26.745===
===2021-08-06 15:28:27.203===
股票：002176指定时间段判断-额外参数：
	分组名称：1
	走势名称：时间段
		条件不成立(当前时间：2021-08-06 15:28:26.322,条件时段：09:30:00-13:00:00)
	结果：未满足
===2021-08-06 15:28:27.203===
===2021-08-06 15:28:27.374===
股票：002176板块涨跌幅判断-额外参数：
	分组名称：1
	走势名称：发
		条件不成立(不符合板块涨跌幅条件)
	结果：未满足，返回code：-1
===2021-08-06 15:28:29.984===
额外条件未满足


===============================================

==============2021-08-06 15:28:48==============
===6开始执行条件2021-08-06 15:28:45.309===
===开始判断价格条件2021-08-06 15:28:45.309===
===开始判断额外/转自动条件2021-08-06 15:28:45.584===
===2021-08-06 15:28:45.894===
股票：002176指定时间段判断-额外参数：
	分组名称：1
	走势名称：时间段
		条件不成立(当前时间：2021-08-06 15:28:45.309,条件时段：09:30:00-13:00:00)
	结果：未满足
===2021-08-06 15:28:45.894===
===2021-08-06 15:28:46.009===
股票：002176板块涨跌幅判断-额外参数：
	分组名称：1
	走势名称：发
		条件不成立(不符合板块涨跌幅条件)
	结果：未满足，返回code：-1
===2021-08-06 15:28:48.162===
额外条件未满足


===============================================

==============2021-08-06 15:29:57==============
===6开始执行条件2021-08-06 15:29:57.293===
===开始判断价格条件2021-08-06 15:29:57.293===
===开始判断额外/转自动条件2021-08-06 15:29:57.411===
===2021-08-06 15:29:57.577===
股票：002176指定时间段判断-额外参数：
	分组名称：1
	走势名称：时间段
		条件不成立(当前时间：2021-08-06 15:29:57.285,条件时段：09:30:00-13:00:00)
	结果：未满足
===2021-08-06 15:29:57.578===
===2021-08-06 15:29:57.602===
股票：002176板块涨跌幅判断-额外参数：
	分组名称：1
	走势名称：发
		条件不成立(不符合板块涨跌幅条件)
	结果：未满足，返回code：-1
===2021-08-06 15:29:57.972===
额外条件未满足


===============================================

==============2021-08-06 15:30:17==============
===6开始执行条件2021-08-06 15:30:13.497===
===开始判断价格条件2021-08-06 15:30:13.497===
===开始判断额外/转自动条件2021-08-06 15:30:13.906===
===2021-08-06 15:30:14.292===
股票：002176指定时间段判断-额外参数：
	分组名称：1
	走势名称：时间段
		条件不成立(当前时间：2021-08-06 15:30:13.496,条件时段：09:30:00-13:00:00)
	结果：未满足
===2021-08-06 15:30:14.292===
===2021-08-06 15:30:14.365===
股票：002176板块涨跌幅判断-额外参数：
	分组名称：1
	走势名称：发
		条件不成立(不符合板块涨跌幅条件)
	结果：未满足，返回code：-1
===2021-08-06 15:30:17.141===
额外条件未满足


===============================================

==============2021-08-06 15:30:36==============
===6开始执行条件2021-08-06 15:30:35.718===
===开始判断价格条件2021-08-06 15:30:35.718===
===开始判断额外/转自动条件2021-08-06 15:30:35.911===
===2021-08-06 15:30:35.957===
股票：002176指定时间段判断-额外参数：
	分组名称：1
	走势名称：时间段
		条件不成立(当前时间：2021-08-06 15:30:35.712,条件时段：09:30:00-13:00:00)
	结果：未满足
===2021-08-06 15:30:35.957===
===2021-08-06 15:30:36.012===
股票：002176板块涨跌幅判断-额外参数：
	分组名称：1
	走势名称：发
		条件不成立(不符合板块涨跌幅条件)
	结果：未满足，返回code：-1
===2021-08-06 15:30:36.345===
额外条件未满足


===============================================

==============2021-08-06 15:30:54==============
===6开始执行条件2021-08-06 15:30:52.632===
===开始判断价格条件2021-08-06 15:30:52.632===
===开始判断额外/转自动条件2021-08-06 15:30:52.994===
===2021-08-06 15:30:53.123===
股票：002176指定时间段判断-额外参数：
	分组名称：1
	走势名称：时间段
		条件不成立(当前时间：2021-08-06 15:30:52.632,条件时段：09:30:00-13:00:00)
	结果：未满足
===2021-08-06 15:30:53.123===
===2021-08-06 15:30:53.228===
股票：002176板块涨跌幅判断-额外参数：
	分组名称：1
	走势名称：发
		条件不成立(不符合板块涨跌幅条件)
	结果：未满足，返回code：-1
===2021-08-06 15:30:54.263===
额外条件未满足


===============================================

==============2021-08-06 15:31:11==============
===6开始执行条件2021-08-06 15:31:10.952===
===开始判断价格条件2021-08-06 15:31:10.952===
===开始判断额外/转自动条件2021-08-06 15:31:11.027===
===2021-08-06 15:31:11.250===
股票：002176指定时间段判断-额外参数：
	分组名称：1
	走势名称：时间段
		条件不成立(当前时间：2021-08-06 15:31:10.952,条件时段：09:30:00-13:00:00)
	结果：未满足
===2021-08-06 15:31:11.250===
===2021-08-06 15:31:11.278===
股票：002176板块涨跌幅判断-额外参数：
	分组名称：1
	走势名称：发
		条件不成立(不符合板块涨跌幅条件)
	结果：未满足，返回code：-1
===2021-08-06 15:31:11.530===
额外条件未满足


===============================================

==============2021-08-06 15:31:32==============
===6开始执行条件2021-08-06 15:31:28.643===
===开始判断价格条件2021-08-06 15:31:28.643===
===开始判断额外/转自动条件2021-08-06 15:31:29.163===
===2021-08-06 15:31:29.561===
股票：002176指定时间段判断-额外参数：
	分组名称：1
	走势名称：时间段
		条件不成立(当前时间：2021-08-06 15:31:28.641,条件时段：09:30:00-13:00:00)
	结果：未满足
===2021-08-06 15:31:29.561===
===2021-08-06 15:31:29.679===
股票：002176板块涨跌幅判断-额外参数：
	分组名称：1
	走势名称：发
		条件不成立(不符合板块涨跌幅条件)
	结果：未满足，返回code：-1
===2021-08-06 15:31:32.878===
额外条件未满足


===============================================

==============2021-08-06 15:31:50==============
===6开始执行条件2021-08-06 15:31:46.441===
===开始判断价格条件2021-08-06 15:31:46.441===
===开始判断额外/转自动条件2021-08-06 15:31:46.669===
===2021-08-06 15:31:47.226===
股票：002176指定时间段判断-额外参数：
	分组名称：1
	走势名称：时间段
		条件不成立(当前时间：2021-08-06 15:31:46.441,条件时段：09:30:00-13:00:00)
	结果：未满足
===2021-08-06 15:31:47.226===
===2021-08-06 15:31:47.389===
股票：002176板块涨跌幅判断-额外参数：
	分组名称：1
	走势名称：发
		条件不成立(不符合板块涨跌幅条件)
	结果：未满足，返回code：-1
===2021-08-06 15:31:50.556===
额外条件未满足


===============================================

==============2021-08-06 15:32:11==============
===6开始执行条件2021-08-06 15:32:08.402===
===开始判断价格条件2021-08-06 15:32:08.402===
===开始判断额外/转自动条件2021-08-06 15:32:08.746===
===2021-08-06 15:32:08.932===
股票：002176指定时间段判断-额外参数：
	分组名称：1
	走势名称：时间段
		条件不成立(当前时间：2021-08-06 15:32:08.402,条件时段：09:30:00-13:00:00)
	结果：未满足
===2021-08-06 15:32:08.932===
===2021-08-06 15:32:09.061===
股票：002176板块涨跌幅判断-额外参数：
	分组名称：1
	走势名称：发
		条件不成立(不符合板块涨跌幅条件)
	结果：未满足，返回code：-1
===2021-08-06 15:32:11.390===
额外条件未满足


===============================================

==============2021-08-06 15:32:28==============
===6开始执行条件2021-08-06 15:32:27.163===
===开始判断价格条件2021-08-06 15:32:27.163===
===开始判断额外/转自动条件2021-08-06 15:32:27.288===
===2021-08-06 15:32:27.445===
股票：002176指定时间段判断-额外参数：
	分组名称：1
	走势名称：时间段
		条件不成立(当前时间：2021-08-06 15:32:27.163,条件时段：09:30:00-13:00:00)
	结果：未满足
===2021-08-06 15:32:27.445===
===2021-08-06 15:32:27.467===
股票：002176板块涨跌幅判断-额外参数：
	分组名称：1
	走势名称：发
		条件不成立(不符合板块涨跌幅条件)
	结果：未满足，返回code：-1
===2021-08-06 15:32:28.105===
额外条件未满足


===============================================

==============2021-08-06 15:32:38==============
===6开始执行条件2021-08-06 15:32:37.798===
===开始判断价格条件2021-08-06 15:32:37.798===
===开始判断额外/转自动条件2021-08-06 15:32:37.880===
===2021-08-06 15:32:38.030===
股票：002176指定时间段判断-额外参数：
	分组名称：1
	走势名称：时间段
		条件不成立(当前时间：2021-08-06 15:32:37.798,条件时段：09:30:00-13:00:00)
	结果：未满足
===2021-08-06 15:32:38.030===
===2021-08-06 15:32:38.053===
股票：002176板块涨跌幅判断-额外参数：
	分组名称：1
	走势名称：发
		条件不成立(不符合板块涨跌幅条件)
	结果：未满足，返回code：-1
===2021-08-06 15:32:38.294===
额外条件未满足


===============================================

==============2021-08-06 15:32:52==============
===6开始执行条件2021-08-06 15:32:51.556===
===开始判断价格条件2021-08-06 15:32:51.556===
===开始判断额外/转自动条件2021-08-06 15:32:51.702===
===2021-08-06 15:32:51.739===
股票：002176指定时间段判断-额外参数：
	分组名称：1
	走势名称：时间段
		条件不成立(当前时间：2021-08-06 15:32:51.556,条件时段：09:30:00-13:00:00)
	结果：未满足
===2021-08-06 15:32:51.739===
===2021-08-06 15:32:51.767===
股票：002176板块涨跌幅判断-额外参数：
	分组名称：1
	走势名称：发
		条件不成立(不符合板块涨跌幅条件)
	结果：未满足，返回code：-1
===2021-08-06 15:32:52.093===
额外条件未满足


===============================================

==============2021-08-06 15:33:05==============
===6开始执行条件2021-08-06 15:33:02.591===
===开始判断价格条件2021-08-06 15:33:02.591===
===开始判断额外/转自动条件2021-08-06 15:33:03.106===
===2021-08-06 15:33:03.313===
股票：002176指定时间段判断-额外参数：
	分组名称：1
	走势名称：时间段
		条件不成立(当前时间：2021-08-06 15:33:02.591,条件时段：09:30:00-13:00:00)
	结果：未满足
===2021-08-06 15:33:03.313===
===2021-08-06 15:33:03.538===
股票：002176板块涨跌幅判断-额外参数：
	分组名称：1
	走势名称：发
		条件不成立(不符合板块涨跌幅条件)
	结果：未满足，返回code：-1
===2021-08-06 15:33:05.908===
额外条件未满足


===============================================

==============2021-08-06 15:36:37==============
===6开始执行条件2021-08-06 15:33:20.505===
===开始判断价格条件2021-08-06 15:33:20.505===
===开始判断额外/转自动条件2021-08-06 15:35:42.639===
===2021-08-06 15:35:48.637===
股票：002176指定时间段判断-额外参数：
	分组名称：1
	走势名称：时间段
		条件不成立(当前时间：2021-08-06 15:33:20.505,条件时段：09:30:00-13:00:00)
	结果：未满足
===2021-08-06 15:35:54.490===
===2021-08-06 15:35:54.767===
股票：002176板块涨跌幅判断-额外参数：
	分组名称：1
	走势名称：发
		条件不成立(不符合板块涨跌幅条件)
	结果：未满足，返回code：-1
===2021-08-06 15:36:37.331===
额外条件未满足


===============================================

==============2021-08-06 15:38:09==============
===6开始执行条件2021-08-06 15:38:06.470===
===开始判断价格条件2021-08-06 15:38:06.470===
===开始判断额外/转自动条件2021-08-06 15:38:06.934===
===2021-08-06 15:38:07.090===
股票：002176指定时间段判断-额外参数：
	分组名称：1
	走势名称：时间段
		条件不成立(当前时间：2021-08-06 15:38:06.469,条件时段：09:30:00-13:00:00)
	结果：未满足
===2021-08-06 15:38:07.091===
===2021-08-06 15:38:07.420===
股票：002176板块涨跌幅判断-额外参数：
	分组名称：1
	走势名称：发
		条件不成立(不符合板块涨跌幅条件)
	结果：未满足，返回code：-1
===2021-08-06 15:38:09.915===
额外条件未满足


===============================================

==============2021-08-06 15:38:28==============
===6开始执行条件2021-08-06 15:38:27.874===
===开始判断价格条件2021-08-06 15:38:27.874===
===开始判断额外/转自动条件2021-08-06 15:38:27.933===
===2021-08-06 15:38:27.974===
股票：002176指定时间段判断-额外参数：
	分组名称：1
	走势名称：时间段
		条件不成立(当前时间：2021-08-06 15:38:27.873,条件时段：09:30:00-13:00:00)
	结果：未满足
===2021-08-06 15:38:27.974===
===2021-08-06 15:38:28.301===
股票：002176板块涨跌幅判断-额外参数：
	分组名称：1
	走势名称：发
		条件不成立(不符合板块涨跌幅条件)
	结果：未满足，返回code：-1
===2021-08-06 15:38:28.530===
额外条件未满足


===============================================

==============2021-08-06 15:40:25==============
===6开始执行条件2021-08-06 15:40:18.116===
===开始判断价格条件2021-08-06 15:40:18.116===
===开始判断额外/转自动条件2021-08-06 15:40:18.624===
===2021-08-06 15:40:19.730===
股票：002176指定时间段判断-额外参数：
	分组名称：1
	走势名称：时间段
		条件不成立(当前时间：2021-08-06 15:40:18.116,条件时段：09:30:00-13:00:00)
	结果：未满足
===2021-08-06 15:40:19.730===
===2021-08-06 15:40:19.933===
股票：002176板块涨跌幅判断-额外参数：
	分组名称：1
	走势名称：发
		条件不成立(不符合板块涨跌幅条件)
	结果：未满足，返回code：-1
===2021-08-06 15:40:25.418===
额外条件未满足


===============================================

