==============2021-08-11 10:36:21==============
===6开始执行条件2021-08-11 10:36:18.755===
===开始判断价格条件2021-08-11 10:36:18.755===
===开始判断额外/转自动条件2021-08-11 10:36:19.770===
===2021-08-11 10:36:20.218===
股票：002176指定时间段判断-额外参数：
	分组名称：1
	走势名称：时间段
		条件成立(当前时间：2021-08-11 10:36:18.755,条件时段：09:30:00-13:00:00)
	结果：达到要求
===2021-08-11 10:36:21.007===
===2021-08-11 10:36:21.964===
股票：002176多头向上判断-转自动参数：
	分组名称：2
	走势名称：多头向上
	结果：未满足，返回code：0
===2021-08-11 10:36:21.965===
满足所有条件，可以触发


===============================================

==============2021-08-11 10:36:57==============
===6开始执行条件2021-08-11 10:36:56.002===
===开始判断价格条件2021-08-11 10:36:56.002===
===开始判断额外/转自动条件2021-08-11 10:36:56.525===
===2021-08-11 10:36:56.717===
股票：002176指定时间段判断-额外参数：
	分组名称：1
	走势名称：时间段
		条件成立(当前时间：2021-08-11 10:36:56.002,条件时段：09:30:00-13:00:00)
	结果：达到要求
===2021-08-11 10:36:57.026===
===2021-08-11 10:36:57.492===
股票：002176多头向上判断-转自动参数：
	分组名称：2
	走势名称：多头向上
	结果：未满足，返回code：0
===2021-08-11 10:36:57.492===
满足所有条件，可以触发


===============================================

==============2021-08-11 10:37:28==============
===6开始执行条件2021-08-11 10:37:13.776===
===开始判断价格条件2021-08-11 10:37:13.776===
===开始判断额外/转自动条件2021-08-11 10:37:14.538===
===2021-08-11 10:37:14.953===
股票：002176指定时间段判断-额外参数：
	分组名称：1
	走势名称：时间段
		条件成立(当前时间：2021-08-11 10:37:13.776,条件时段：09:30:00-13:00:00)
	结果：达到要求
===2021-08-11 10:37:15.839===
===2021-08-11 10:37:28.525===
股票：002176多头向上判断-转自动参数：
	分组名称：2
	走势名称：多头向上
	结果：未满足，返回code：0
===2021-08-11 10:37:28.525===
满足所有条件，可以触发


===============================================

==============2021-08-11 10:37:56==============
===6开始执行条件2021-08-11 10:37:51.998===
===开始判断价格条件2021-08-11 10:37:51.998===
===开始判断额外/转自动条件2021-08-11 10:37:53.003===
===2021-08-11 10:37:53.962===
股票：002176指定时间段判断-额外参数：
	分组名称：1
	走势名称：时间段
		条件成立(当前时间：2021-08-11 10:37:51.997,条件时段：09:30:00-13:00:00)
	结果：达到要求
===2021-08-11 10:37:55.252===
===2021-08-11 10:37:56.985===
股票：002176多头向上判断-转自动参数：
	分组名称：2
	走势名称：多头向上
	结果：未满足，返回code：0
===2021-08-11 10:37:56.985===
满足所有条件，可以触发


===============================================

