==============2021-08-10 17:41:18==============
===6开始执行条件2021-08-10 17:41:17.421===
===开始判断价格条件2021-08-10 17:41:17.421===
===开始判断额外/转自动条件2021-08-10 17:41:17.564===
===2021-08-10 17:41:17.734===
股票：600815指定时间段判断-额外参数：
	分组名称：1
	走势名称：时间段
		条件不成立(当前时间：2021-08-10 17:41:17.421,条件时段：09:30:00-13:00:00)
	结果：未满足
===2021-08-10 17:41:17.734===
===2021-08-10 17:41:17.772===
股票：600815板块涨跌幅判断-额外参数：
	分组名称：1
	走势名称：发
		条件不成立(不符合板块涨跌幅条件)
	结果：未满足，返回code：-1
===2021-08-10 17:41:18.456===
额外条件未满足


===============================================

==============2021-08-10 17:42:01==============
===6开始执行条件2021-08-10 17:41:53.982===
===开始判断价格条件2021-08-10 17:41:53.982===
===开始判断额外/转自动条件2021-08-10 17:41:55.487===
===2021-08-10 17:41:57.099===
股票：600815指定时间段判断-额外参数：
	分组名称：1
	走势名称：时间段
		条件不成立(当前时间：2021-08-10 17:41:53.982,条件时段：09:30:00-13:00:00)
	结果：未满足
===2021-08-10 17:41:57.099===
===2021-08-10 17:41:57.460===
股票：600815板块涨跌幅判断-额外参数：
	分组名称：1
	走势名称：发
		条件不成立(不符合板块涨跌幅条件)
	结果：未满足，返回code：-1
===2021-08-10 17:42:01.530===
额外条件未满足


===============================================

==============2021-08-10 17:42:18==============
===6开始执行条件2021-08-10 17:42:12.595===
===开始判断价格条件2021-08-10 17:42:12.595===
===开始判断额外/转自动条件2021-08-10 17:42:13.640===
===2021-08-10 17:42:14.383===
股票：600815指定时间段判断-额外参数：
	分组名称：1
	走势名称：时间段
		条件不成立(当前时间：2021-08-10 17:42:12.595,条件时段：09:30:00-13:00:00)
	结果：未满足
===2021-08-10 17:42:14.383===
===2021-08-10 17:42:14.619===
股票：600815板块涨跌幅判断-额外参数：
	分组名称：1
	走势名称：发
		条件不成立(不符合板块涨跌幅条件)
	结果：未满足，返回code：-1
===2021-08-10 17:42:18.023===
额外条件未满足


===============================================

==============2021-08-10 17:44:08==============
===6开始执行条件2021-08-10 17:44:07.915===
===开始判断价格条件2021-08-10 17:44:07.915===
===开始判断额外/转自动条件2021-08-10 17:44:08.205===
===2021-08-10 17:44:08.264===
股票：600815指定时间段判断-额外参数：
	分组名称：1
	走势名称：时间段
		条件不成立(当前时间：2021-08-10 17:44:07.915,条件时段：09:30:00-13:00:00)
	结果：未满足
===2021-08-10 17:44:08.264===
===2021-08-10 17:44:08.291===
股票：600815板块涨跌幅判断-额外参数：
	分组名称：1
	走势名称：发
		条件不成立(不符合板块涨跌幅条件)
	结果：未满足，返回code：-1
===2021-08-10 17:44:08.488===
额外条件未满足


===============================================

==============2021-08-10 17:47:38==============
===6开始执行条件2021-08-10 17:47:34.146===
===开始判断价格条件2021-08-10 17:47:34.146===
===开始判断额外/转自动条件2021-08-10 17:47:34.688===
===2021-08-10 17:47:35.776===
股票：600815指定时间段判断-额外参数：
	分组名称：1
	走势名称：时间段
		条件不成立(当前时间：2021-08-10 17:47:34.146,条件时段：09:30:00-13:00:00)
	结果：未满足
===2021-08-10 17:47:35.776===
===2021-08-10 17:47:35.887===
股票：600815板块涨跌幅判断-额外参数：
	分组名称：1
	走势名称：发
		条件不成立(不符合板块涨跌幅条件)
	结果：未满足，返回code：-1
===2021-08-10 17:47:38.641===
额外条件未满足


===============================================

==============2021-08-10 17:47:52==============
===6开始执行条件2021-08-10 17:47:50.316===
===开始判断价格条件2021-08-10 17:47:50.316===
===开始判断额外/转自动条件2021-08-10 17:47:50.798===
===2021-08-10 17:47:50.977===
股票：600815指定时间段判断-额外参数：
	分组名称：1
	走势名称：时间段
		条件不成立(当前时间：2021-08-10 17:47:50.316,条件时段：09:30:00-13:00:00)
	结果：未满足
===2021-08-10 17:47:50.977===
===2021-08-10 17:47:51.213===
股票：600815板块涨跌幅判断-额外参数：
	分组名称：1
	走势名称：发
		条件不成立(不符合板块涨跌幅条件)
	结果：未满足，返回code：-1
===2021-08-10 17:47:52.600===
额外条件未满足


===============================================

==============2021-08-10 17:49:03==============
===6开始执行条件2021-08-10 17:49:02.870===
===开始判断价格条件2021-08-10 17:49:02.870===
===开始判断额外/转自动条件2021-08-10 17:49:03.191===
===2021-08-10 17:49:03.374===
股票：600815指定时间段判断-额外参数：
	分组名称：1
	走势名称：时间段
		条件不成立(当前时间：2021-08-10 17:49:02.869,条件时段：09:30:00-13:00:00)
	结果：未满足
===2021-08-10 17:49:03.374===
===2021-08-10 17:49:03.410===
股票：600815板块涨跌幅判断-额外参数：
	分组名称：1
	走势名称：发
		条件不成立(不符合板块涨跌幅条件)
	结果：未满足，返回code：-1
===2021-08-10 17:49:03.719===
额外条件未满足


===============================================

==============2021-08-10 17:49:23==============
===6开始执行条件2021-08-10 17:49:18.174===
===开始判断价格条件2021-08-10 17:49:18.174===
===开始判断额外/转自动条件2021-08-10 17:49:19.550===
===2021-08-10 17:49:19.938===
股票：600815指定时间段判断-额外参数：
	分组名称：1
	走势名称：时间段
		条件不成立(当前时间：2021-08-10 17:49:18.174,条件时段：09:30:00-13:00:00)
	结果：未满足
===2021-08-10 17:49:19.938===
===2021-08-10 17:49:20.358===
股票：600815板块涨跌幅判断-额外参数：
	分组名称：1
	走势名称：发
		条件不成立(不符合板块涨跌幅条件)
	结果：未满足，返回code：-1
===2021-08-10 17:49:23.057===
额外条件未满足


===============================================

==============2021-08-10 17:50:02==============
===6开始执行条件2021-08-10 17:49:55.763===
===开始判断价格条件2021-08-10 17:49:55.763===
===开始判断额外/转自动条件2021-08-10 17:49:56.440===
===2021-08-10 17:49:57.076===
股票：600815指定时间段判断-额外参数：
	分组名称：1
	走势名称：时间段
		条件不成立(当前时间：2021-08-10 17:49:55.763,条件时段：09:30:00-13:00:00)
	结果：未满足
===2021-08-10 17:49:57.076===
===2021-08-10 17:49:57.245===
股票：600815板块涨跌幅判断-额外参数：
	分组名称：1
	走势名称：发
		条件不成立(不符合板块涨跌幅条件)
	结果：未满足，返回code：-1
===2021-08-10 17:50:02.244===
额外条件未满足


===============================================

==============2021-08-10 17:50:12==============
===6开始执行条件2021-08-10 17:50:10.522===
===开始判断价格条件2021-08-10 17:50:10.522===
===开始判断额外/转自动条件2021-08-10 17:50:11.072===
===2021-08-10 17:50:11.207===
股票：600815指定时间段判断-额外参数：
	分组名称：1
	走势名称：时间段
		条件不成立(当前时间：2021-08-10 17:50:10.522,条件时段：09:30:00-13:00:00)
	结果：未满足
===2021-08-10 17:50:11.207===
===2021-08-10 17:50:11.270===
股票：600815板块涨跌幅判断-额外参数：
	分组名称：1
	走势名称：发
		条件不成立(不符合板块涨跌幅条件)
	结果：未满足，返回code：-1
===2021-08-10 17:50:12.150===
额外条件未满足


===============================================

==============2021-08-10 17:50:49==============
===6开始执行条件2021-08-10 17:50:45.631===
===开始判断价格条件2021-08-10 17:50:45.631===
===开始判断额外/转自动条件2021-08-10 17:50:46.173===
===2021-08-10 17:50:46.414===
股票：600815指定时间段判断-额外参数：
	分组名称：1
	走势名称：时间段
		条件不成立(当前时间：2021-08-10 17:50:45.631,条件时段：09:30:00-13:00:00)
	结果：未满足
===2021-08-10 17:50:46.414===
===2021-08-10 17:50:46.625===
股票：600815板块涨跌幅判断-额外参数：
	分组名称：1
	走势名称：发
		条件不成立(不符合板块涨跌幅条件)
	结果：未满足，返回code：-1
===2021-08-10 17:50:49.674===
额外条件未满足


===============================================

==============2021-08-10 17:51:22==============
===6开始执行条件2021-08-10 17:51:18.290===
===开始判断价格条件2021-08-10 17:51:18.290===
===开始判断额外/转自动条件2021-08-10 17:51:18.840===
===2021-08-10 17:51:19.446===
股票：600815指定时间段判断-额外参数：
	分组名称：1
	走势名称：时间段
		条件不成立(当前时间：2021-08-10 17:51:18.290,条件时段：09:30:00-13:00:00)
	结果：未满足
===2021-08-10 17:51:19.446===
===2021-08-10 17:51:19.687===
股票：600815板块涨跌幅判断-额外参数：
	分组名称：1
	走势名称：发
		条件不成立(不符合板块涨跌幅条件)
	结果：未满足，返回code：-1
===2021-08-10 17:51:22.754===
额外条件未满足


===============================================

==============2021-08-10 17:52:11==============
===6开始执行条件2021-08-10 17:52:06.621===
===开始判断价格条件2021-08-10 17:52:06.621===
===开始判断额外/转自动条件2021-08-10 17:52:07.345===
===2021-08-10 17:52:07.964===
股票：600815指定时间段判断-额外参数：
	分组名称：1
	走势名称：时间段
		条件不成立(当前时间：2021-08-10 17:52:06.620,条件时段：09:30:00-13:00:00)
	结果：未满足
===2021-08-10 17:52:07.965===
===2021-08-10 17:52:08.147===
股票：600815板块涨跌幅判断-额外参数：
	分组名称：1
	走势名称：发
		条件不成立(不符合板块涨跌幅条件)
	结果：未满足，返回code：-1
===2021-08-10 17:52:11.096===
额外条件未满足


===============================================

==============2021-08-10 17:52:28==============
===6开始执行条件2021-08-10 17:52:22.204===
===开始判断价格条件2021-08-10 17:52:22.204===
===开始判断额外/转自动条件2021-08-10 17:52:23.010===
===2021-08-10 17:52:23.501===
股票：600815指定时间段判断-额外参数：
	分组名称：1
	走势名称：时间段
		条件不成立(当前时间：2021-08-10 17:52:22.203,条件时段：09:30:00-13:00:00)
	结果：未满足
===2021-08-10 17:52:23.501===
===2021-08-10 17:52:23.757===
股票：600815板块涨跌幅判断-额外参数：
	分组名称：1
	走势名称：发
		条件不成立(不符合板块涨跌幅条件)
	结果：未满足，返回code：-1
===2021-08-10 17:52:28.462===
额外条件未满足


===============================================

==============2021-08-10 17:52:46==============
===6开始执行条件2021-08-10 17:52:42.613===
===开始判断价格条件2021-08-10 17:52:42.613===
===开始判断额外/转自动条件2021-08-10 17:52:43.323===
===2021-08-10 17:52:44.034===
股票：600815指定时间段判断-额外参数：
	分组名称：1
	走势名称：时间段
		条件不成立(当前时间：2021-08-10 17:52:42.613,条件时段：09:30:00-13:00:00)
	结果：未满足
===2021-08-10 17:52:44.034===
===2021-08-10 17:52:44.391===
股票：600815板块涨跌幅判断-额外参数：
	分组名称：1
	走势名称：发
		条件不成立(不符合板块涨跌幅条件)
	结果：未满足，返回code：-1
===2021-08-10 17:52:46.794===
额外条件未满足


===============================================

==============2021-08-10 17:53:04==============
===6开始执行条件2021-08-10 17:52:59.312===
===开始判断价格条件2021-08-10 17:52:59.312===
===开始判断额外/转自动条件2021-08-10 17:53:00.388===
===2021-08-10 17:53:00.671===
股票：600815指定时间段判断-额外参数：
	分组名称：1
	走势名称：时间段
		条件不成立(当前时间：2021-08-10 17:52:59.311,条件时段：09:30:00-13:00:00)
	结果：未满足
===2021-08-10 17:53:00.671===
===2021-08-10 17:53:01.437===
股票：600815板块涨跌幅判断-额外参数：
	分组名称：1
	走势名称：发
		条件不成立(不符合板块涨跌幅条件)
	结果：未满足，返回code：-1
===2021-08-10 17:53:04.087===
额外条件未满足


===============================================

==============2021-08-10 17:53:13==============
===6开始执行条件2021-08-10 17:53:13.297===
===开始判断价格条件2021-08-10 17:53:13.297===
===开始判断额外/转自动条件2021-08-10 17:53:13.449===
===2021-08-10 17:53:13.498===
股票：600815指定时间段判断-额外参数：
	分组名称：1
	走势名称：时间段
		条件不成立(当前时间：2021-08-10 17:53:13.297,条件时段：09:30:00-13:00:00)
	结果：未满足
===2021-08-10 17:53:13.498===
===2021-08-10 17:53:13.521===
股票：600815板块涨跌幅判断-额外参数：
	分组名称：1
	走势名称：发
		条件不成立(不符合板块涨跌幅条件)
	结果：未满足，返回code：-1
===2021-08-10 17:53:13.900===
额外条件未满足


===============================================

==============2021-08-10 17:53:33==============
===6开始执行条件2021-08-10 17:53:30.889===
===开始判断价格条件2021-08-10 17:53:30.889===
===开始判断额外/转自动条件2021-08-10 17:53:31.374===
===2021-08-10 17:53:31.778===
股票：600815指定时间段判断-额外参数：
	分组名称：1
	走势名称：时间段
		条件不成立(当前时间：2021-08-10 17:53:30.889,条件时段：09:30:00-13:00:00)
	结果：未满足
===2021-08-10 17:53:31.778===
===2021-08-10 17:53:31.896===
股票：600815板块涨跌幅判断-额外参数：
	分组名称：1
	走势名称：发
		条件不成立(不符合板块涨跌幅条件)
	结果：未满足，返回code：-1
===2021-08-10 17:53:33.463===
额外条件未满足


===============================================

==============2021-08-10 17:53:45==============
===6开始执行条件2021-08-10 17:53:42.926===
===开始判断价格条件2021-08-10 17:53:42.926===
===开始判断额外/转自动条件2021-08-10 17:53:43.230===
===2021-08-10 17:53:43.783===
股票：600815指定时间段判断-额外参数：
	分组名称：1
	走势名称：时间段
		条件不成立(当前时间：2021-08-10 17:53:42.925,条件时段：09:30:00-13:00:00)
	结果：未满足
===2021-08-10 17:53:43.783===
===2021-08-10 17:53:43.945===
股票：600815板块涨跌幅判断-额外参数：
	分组名称：1
	走势名称：发
		条件不成立(不符合板块涨跌幅条件)
	结果：未满足，返回code：-1
===2021-08-10 17:53:45.016===
额外条件未满足


===============================================

==============2021-08-10 17:54:01==============
===6开始执行条件2021-08-10 17:54:00.890===
===开始判断价格条件2021-08-10 17:54:00.890===
===开始判断额外/转自动条件2021-08-10 17:54:01.251===
===2021-08-10 17:54:01.314===
股票：600815指定时间段判断-额外参数：
	分组名称：1
	走势名称：时间段
		条件不成立(当前时间：2021-08-10 17:54:00.890,条件时段：09:30:00-13:00:00)
	结果：未满足
===2021-08-10 17:54:01.314===
===2021-08-10 17:54:01.347===
股票：600815板块涨跌幅判断-额外参数：
	分组名称：1
	走势名称：发
		条件不成立(不符合板块涨跌幅条件)
	结果：未满足，返回code：-1
===2021-08-10 17:54:01.914===
额外条件未满足


===============================================

==============2021-08-10 17:54:17==============
===6开始执行条件2021-08-10 17:54:16.779===
===开始判断价格条件2021-08-10 17:54:16.779===
===开始判断额外/转自动条件2021-08-10 17:54:16.912===
===2021-08-10 17:54:16.970===
股票：600815指定时间段判断-额外参数：
	分组名称：1
	走势名称：时间段
		条件不成立(当前时间：2021-08-10 17:54:16.779,条件时段：09:30:00-13:00:00)
	结果：未满足
===2021-08-10 17:54:16.970===
===2021-08-10 17:54:17.032===
股票：600815板块涨跌幅判断-额外参数：
	分组名称：1
	走势名称：发
		条件不成立(不符合板块涨跌幅条件)
	结果：未满足，返回code：-1
===2021-08-10 17:54:17.665===
额外条件未满足


===============================================

