==============2021-08-06 14:25:59==============
===6开始执行条件2021-08-06 14:25:58.665===
===开始判断价格条件2021-08-06 14:25:58.665===
===开始判断额外/转自动条件2021-08-06 14:25:58.973===
===2021-08-06 14:25:59.031===
股票：600815指定时间段判断-额外参数：
	分组名称：1
	走势名称：时间段
		条件不成立(当前时间：2021-08-06 14:25:58.665,条件时段：09:30:00-13:00:00)
	结果：未满足
===2021-08-06 14:25:59.031===
===2021-08-06 14:25:59.202===
股票：600815板块涨跌幅判断-额外参数：
	分组名称：1
	走势名称：发
		条件不成立(不符合板块涨跌幅条件)
	结果：未满足，返回code：-1
===2021-08-06 14:25:59.445===
额外条件未满足


===============================================

==============2021-08-06 14:26:42==============
===6开始执行条件2021-08-06 14:26:40.043===
===开始判断价格条件2021-08-06 14:26:40.043===
===开始判断额外/转自动条件2021-08-06 14:26:40.330===
===2021-08-06 14:26:40.399===
股票：600815指定时间段判断-额外参数：
	分组名称：1
	走势名称：时间段
		条件不成立(当前时间：2021-08-06 14:26:40.042,条件时段：09:30:00-13:00:00)
	结果：未满足
===2021-08-06 14:26:40.399===
===2021-08-06 14:26:40.520===
股票：600815板块涨跌幅判断-额外参数：
	分组名称：1
	走势名称：发
		条件不成立(不符合板块涨跌幅条件)
	结果：未满足，返回code：-1
===2021-08-06 14:26:42.338===
额外条件未满足


===============================================

==============2021-08-06 14:26:57==============
===6开始执行条件2021-08-06 14:26:53.870===
===开始判断价格条件2021-08-06 14:26:53.870===
===开始判断额外/转自动条件2021-08-06 14:26:54.387===
===2021-08-06 14:26:54.862===
股票：600815指定时间段判断-额外参数：
	分组名称：1
	走势名称：时间段
		条件不成立(当前时间：2021-08-06 14:26:53.869,条件时段：09:30:00-13:00:00)
	结果：未满足
===2021-08-06 14:26:54.862===
===2021-08-06 14:26:54.908===
股票：600815板块涨跌幅判断-额外参数：
	分组名称：1
	走势名称：发
		条件不成立(不符合板块涨跌幅条件)
	结果：未满足，返回code：-1
===2021-08-06 14:26:57.031===
额外条件未满足


===============================================

==============2021-08-06 14:29:19==============
===6开始执行条件2021-08-06 14:29:18.161===
===开始判断价格条件2021-08-06 14:29:18.161===
===开始判断额外/转自动条件2021-08-06 14:29:18.839===
===2021-08-06 14:29:18.946===
股票：600815指定时间段判断-额外参数：
	分组名称：1
	走势名称：时间段
		条件不成立(当前时间：2021-08-06 14:29:18.161,条件时段：09:30:00-13:00:00)
	结果：未满足
===2021-08-06 14:29:18.946===
===2021-08-06 14:29:18.962===
股票：600815板块涨跌幅判断-额外参数：
	分组名称：1
	走势名称：发
		条件不成立(不符合板块涨跌幅条件)
	结果：未满足，返回code：-1
===2021-08-06 14:29:19.249===
额外条件未满足


===============================================

==============2021-08-06 14:41:07==============
===6开始执行条件2021-08-06 14:41:07.552===
===开始判断价格条件2021-08-06 14:41:07.552===
===开始判断额外/转自动条件2021-08-06 14:41:07.673===
===2021-08-06 14:41:07.718===
股票：600815指定时间段判断-额外参数：
	分组名称：1
	走势名称：时间段
		条件不成立(当前时间：2021-08-06 14:41:07.552,条件时段：09:30:00-13:00:00)
	结果：未满足
===2021-08-06 14:41:07.718===
===2021-08-06 14:41:07.744===
股票：600815板块涨跌幅判断-额外参数：
	分组名称：1
	走势名称：发
		条件不成立(不符合板块涨跌幅条件)
	结果：未满足，返回code：-1
===2021-08-06 14:41:07.943===
额外条件未满足


===============================================

==============2021-08-06 14:41:20==============
===6开始执行条件2021-08-06 14:41:19.345===
===开始判断价格条件2021-08-06 14:41:19.345===
===开始判断额外/转自动条件2021-08-06 14:41:19.608===
===2021-08-06 14:41:19.717===
股票：600815指定时间段判断-额外参数：
	分组名称：1
	走势名称：时间段
		条件不成立(当前时间：2021-08-06 14:41:19.344,条件时段：09:30:00-13:00:00)
	结果：未满足
===2021-08-06 14:41:19.717===
===2021-08-06 14:41:19.824===
股票：600815板块涨跌幅判断-额外参数：
	分组名称：1
	走势名称：发
		条件不成立(不符合板块涨跌幅条件)
	结果：未满足，返回code：-1
===2021-08-06 14:41:20.465===
额外条件未满足


===============================================

==============2021-08-06 14:42:46==============
===6开始执行条件2021-08-06 14:42:36.988===
===开始判断价格条件2021-08-06 14:42:36.988===
===开始判断额外/转自动条件2021-08-06 14:42:38.344===
===2021-08-06 14:42:39.288===
股票：600815指定时间段判断-额外参数：
	分组名称：1
	走势名称：时间段
		条件不成立(当前时间：2021-08-06 14:42:36.988,条件时段：09:30:00-13:00:00)
	结果：未满足
===2021-08-06 14:42:39.288===
===2021-08-06 14:42:39.347===
股票：600815板块涨跌幅判断-额外参数：
	分组名称：1
	走势名称：发
		条件不成立(不符合板块涨跌幅条件)
	结果：未满足，返回code：-1
===2021-08-06 14:42:46.672===
额外条件未满足


===============================================

==============2021-08-06 14:43:14==============
===6开始执行条件2021-08-06 14:43:13.417===
===开始判断价格条件2021-08-06 14:43:13.417===
===开始判断额外/转自动条件2021-08-06 14:43:13.690===
===2021-08-06 14:43:13.929===
股票：600815指定时间段判断-额外参数：
	分组名称：1
	走势名称：时间段
		条件不成立(当前时间：2021-08-06 14:43:13.417,条件时段：09:30:00-13:00:00)
	结果：未满足
===2021-08-06 14:43:13.929===
===2021-08-06 14:43:13.947===
股票：600815板块涨跌幅判断-额外参数：
	分组名称：1
	走势名称：发
		条件不成立(不符合板块涨跌幅条件)
	结果：未满足，返回code：-1
===2021-08-06 14:43:14.291===
额外条件未满足


===============================================

==============2021-08-06 15:12:49==============
===6开始执行条件2021-08-06 15:12:48.394===
===开始判断价格条件2021-08-06 15:12:48.394===
===开始判断额外/转自动条件2021-08-06 15:12:48.594===
===2021-08-06 15:12:48.714===
股票：600815指定时间段判断-额外参数：
	分组名称：1
	走势名称：时间段
		条件不成立(当前时间：2021-08-06 15:12:48.388,条件时段：09:30:00-13:00:00)
	结果：未满足
===2021-08-06 15:12:48.714===
===2021-08-06 15:12:48.758===
股票：600815板块涨跌幅判断-额外参数：
	分组名称：1
	走势名称：发
		条件不成立(不符合板块涨跌幅条件)
	结果：未满足，返回code：-1
===2021-08-06 15:12:49.759===
额外条件未满足


===============================================

==============2021-08-06 15:14:08==============
===6开始执行条件2021-08-06 15:14:07.353===
===开始判断价格条件2021-08-06 15:14:07.353===
===开始判断额外/转自动条件2021-08-06 15:14:07.521===
===2021-08-06 15:14:07.624===
股票：600815指定时间段判断-额外参数：
	分组名称：1
	走势名称：时间段
		条件不成立(当前时间：2021-08-06 15:14:07.353,条件时段：09:30:00-13:00:00)
	结果：未满足
===2021-08-06 15:14:07.624===
===2021-08-06 15:14:07.732===
股票：600815板块涨跌幅判断-额外参数：
	分组名称：1
	走势名称：发
		条件不成立(不符合板块涨跌幅条件)
	结果：未满足，返回code：-1
===2021-08-06 15:14:08.341===
额外条件未满足


===============================================

==============2021-08-06 15:26:56==============
===6开始执行条件2021-08-06 15:26:55.823===
===开始判断价格条件2021-08-06 15:26:55.823===
===开始判断额外/转自动条件2021-08-06 15:26:56.067===
===2021-08-06 15:26:56.106===
股票：600815指定时间段判断-额外参数：
	分组名称：1
	走势名称：时间段
		条件不成立(当前时间：2021-08-06 15:26:55.822,条件时段：09:30:00-13:00:00)
	结果：未满足
===2021-08-06 15:26:56.106===
===2021-08-06 15:26:56.193===
股票：600815板块涨跌幅判断-额外参数：
	分组名称：1
	走势名称：发
		条件不成立(不符合板块涨跌幅条件)
	结果：未满足，返回code：-1
===2021-08-06 15:26:56.518===
额外条件未满足


===============================================

==============2021-08-06 15:28:36==============
===6开始执行条件2021-08-06 15:28:32.679===
===开始判断价格条件2021-08-06 15:28:32.679===
===开始判断额外/转自动条件2021-08-06 15:28:33.055===
===2021-08-06 15:28:33.711===
股票：600815指定时间段判断-额外参数：
	分组名称：1
	走势名称：时间段
		条件不成立(当前时间：2021-08-06 15:28:32.678,条件时段：09:30:00-13:00:00)
	结果：未满足
===2021-08-06 15:28:33.711===
===2021-08-06 15:28:33.878===
股票：600815板块涨跌幅判断-额外参数：
	分组名称：1
	走势名称：发
		条件不成立(不符合板块涨跌幅条件)
	结果：未满足，返回code：-1
===2021-08-06 15:28:36.635===
额外条件未满足


===============================================

==============2021-08-06 15:28:55==============
===6开始执行条件2021-08-06 15:28:51.504===
===开始判断价格条件2021-08-06 15:28:51.504===
===开始判断额外/转自动条件2021-08-06 15:28:51.980===
===2021-08-06 15:28:52.461===
股票：600815指定时间段判断-额外参数：
	分组名称：1
	走势名称：时间段
		条件不成立(当前时间：2021-08-06 15:28:51.503,条件时段：09:30:00-13:00:00)
	结果：未满足
===2021-08-06 15:28:52.461===
===2021-08-06 15:28:52.679===
股票：600815板块涨跌幅判断-额外参数：
	分组名称：1
	走势名称：发
		条件不成立(不符合板块涨跌幅条件)
	结果：未满足，返回code：-1
===2021-08-06 15:28:55.126===
额外条件未满足


===============================================

==============2021-08-06 15:30:03==============
===6开始执行条件2021-08-06 15:30:02.506===
===开始判断价格条件2021-08-06 15:30:02.506===
===开始判断额外/转自动条件2021-08-06 15:30:02.858===
===2021-08-06 15:30:02.979===
股票：600815指定时间段判断-额外参数：
	分组名称：1
	走势名称：时间段
		条件不成立(当前时间：2021-08-06 15:30:02.506,条件时段：09:30:00-13:00:00)
	结果：未满足
===2021-08-06 15:30:02.979===
===2021-08-06 15:30:03.081===
股票：600815板块涨跌幅判断-额外参数：
	分组名称：1
	走势名称：发
		条件不成立(不符合板块涨跌幅条件)
	结果：未满足，返回code：-1
===2021-08-06 15:30:03.610===
额外条件未满足


===============================================

==============2021-08-06 15:30:22==============
===6开始执行条件2021-08-06 15:30:19.564===
===开始判断价格条件2021-08-06 15:30:19.564===
===开始判断额外/转自动条件2021-08-06 15:30:20.252===
===2021-08-06 15:30:20.736===
股票：600815指定时间段判断-额外参数：
	分组名称：1
	走势名称：时间段
		条件不成立(当前时间：2021-08-06 15:30:19.563,条件时段：09:30:00-13:00:00)
	结果：未满足
===2021-08-06 15:30:20.736===
===2021-08-06 15:30:20.882===
股票：600815板块涨跌幅判断-额外参数：
	分组名称：1
	走势名称：发
		条件不成立(不符合板块涨跌幅条件)
	结果：未满足，返回code：-1
===2021-08-06 15:30:22.926===
额外条件未满足


===============================================

==============2021-08-06 15:30:40==============
===6开始执行条件2021-08-06 15:30:40.426===
===开始判断价格条件2021-08-06 15:30:40.426===
===开始判断额外/转自动条件2021-08-06 15:30:40.509===
===2021-08-06 15:30:40.551===
股票：600815指定时间段判断-额外参数：
	分组名称：1
	走势名称：时间段
		条件不成立(当前时间：2021-08-06 15:30:40.425,条件时段：09:30:00-13:00:00)
	结果：未满足
===2021-08-06 15:30:40.551===
===2021-08-06 15:30:40.581===
股票：600815板块涨跌幅判断-额外参数：
	分组名称：1
	走势名称：发
		条件不成立(不符合板块涨跌幅条件)
	结果：未满足，返回code：-1
===2021-08-06 15:30:40.910===
额外条件未满足


===============================================

==============2021-08-06 15:31:01==============
===6开始执行条件2021-08-06 15:30:58.297===
===开始判断价格条件2021-08-06 15:30:58.297===
===开始判断额外/转自动条件2021-08-06 15:30:58.949===
===2021-08-06 15:30:59.468===
股票：600815指定时间段判断-额外参数：
	分组名称：1
	走势名称：时间段
		条件不成立(当前时间：2021-08-06 15:30:58.297,条件时段：09:30:00-13:00:00)
	结果：未满足
===2021-08-06 15:30:59.468===
===2021-08-06 15:30:59.628===
股票：600815板块涨跌幅判断-额外参数：
	分组名称：1
	走势名称：发
		条件不成立(不符合板块涨跌幅条件)
	结果：未满足，返回code：-1
===2021-08-06 15:31:01.580===
额外条件未满足


===============================================

==============2021-08-06 15:31:17==============
===6开始执行条件2021-08-06 15:31:16.439===
===开始判断价格条件2021-08-06 15:31:16.439===
===开始判断额外/转自动条件2021-08-06 15:31:16.546===
===2021-08-06 15:31:16.969===
股票：600815指定时间段判断-额外参数：
	分组名称：1
	走势名称：时间段
		条件不成立(当前时间：2021-08-06 15:31:16.439,条件时段：09:30:00-13:00:00)
	结果：未满足
===2021-08-06 15:31:16.969===
===2021-08-06 15:31:16.994===
股票：600815板块涨跌幅判断-额外参数：
	分组名称：1
	走势名称：发
		条件不成立(不符合板块涨跌幅条件)
	结果：未满足，返回code：-1
===2021-08-06 15:31:17.437===
额外条件未满足


===============================================

==============2021-08-06 15:31:37==============
===6开始执行条件2021-08-06 15:31:34.988===
===开始判断价格条件2021-08-06 15:31:34.988===
===开始判断额外/转自动条件2021-08-06 15:31:35.822===
===2021-08-06 15:31:36.188===
股票：600815指定时间段判断-额外参数：
	分组名称：1
	走势名称：时间段
		条件不成立(当前时间：2021-08-06 15:31:34.987,条件时段：09:30:00-13:00:00)
	结果：未满足
===2021-08-06 15:31:36.188===
===2021-08-06 15:31:36.305===
股票：600815板块涨跌幅判断-额外参数：
	分组名称：1
	走势名称：发
		条件不成立(不符合板块涨跌幅条件)
	结果：未满足，返回code：-1
===2021-08-06 15:31:37.941===
额外条件未满足


===============================================

==============2021-08-06 15:31:59==============
===6开始执行条件2021-08-06 15:31:54.290===
===开始判断价格条件2021-08-06 15:31:54.290===
===开始判断额外/转自动条件2021-08-06 15:31:56.049===
===2021-08-06 15:31:56.742===
股票：600815指定时间段判断-额外参数：
	分组名称：1
	走势名称：时间段
		条件不成立(当前时间：2021-08-06 15:31:54.290,条件时段：09:30:00-13:00:00)
	结果：未满足
===2021-08-06 15:31:56.742===
===2021-08-06 15:31:56.871===
股票：600815板块涨跌幅判断-额外参数：
	分组名称：1
	走势名称：发
		条件不成立(不符合板块涨跌幅条件)
	结果：未满足，返回code：-1
===2021-08-06 15:31:59.288===
额外条件未满足


===============================================

==============2021-08-06 15:32:42==============
===6开始执行条件2021-08-06 15:32:41.578===
===开始判断价格条件2021-08-06 15:32:41.578===
===开始判断额外/转自动条件2021-08-06 15:32:41.826===
===2021-08-06 15:32:41.880===
股票：600815指定时间段判断-额外参数：
	分组名称：1
	走势名称：时间段
		条件不成立(当前时间：2021-08-06 15:32:41.577,条件时段：09:30:00-13:00:00)
	结果：未满足
===2021-08-06 15:32:41.880===
===2021-08-06 15:32:41.914===
股票：600815板块涨跌幅判断-额外参数：
	分组名称：1
	走势名称：发
		条件不成立(不符合板块涨跌幅条件)
	结果：未满足，返回code：-1
===2021-08-06 15:32:42.173===
额外条件未满足


===============================================

==============2021-08-06 15:38:16==============
===6开始执行条件2021-08-06 15:38:13.277===
===开始判断价格条件2021-08-06 15:38:13.277===
===开始判断额外/转自动条件2021-08-06 15:38:14.045===
===2021-08-06 15:38:14.327===
股票：600815指定时间段判断-额外参数：
	分组名称：1
	走势名称：时间段
		条件不成立(当前时间：2021-08-06 15:38:13.276,条件时段：09:30:00-13:00:00)
	结果：未满足
===2021-08-06 15:38:14.327===
===2021-08-06 15:38:14.462===
股票：600815板块涨跌幅判断-额外参数：
	分组名称：1
	走势名称：发
		条件不成立(不符合板块涨跌幅条件)
	结果：未满足，返回code：-1
===2021-08-06 15:38:16.321===
额外条件未满足


===============================================

==============2021-08-06 15:38:34==============
===6开始执行条件2021-08-06 15:38:33.782===
===开始判断价格条件2021-08-06 15:38:33.782===
===开始判断额外/转自动条件2021-08-06 15:38:33.891===
===2021-08-06 15:38:34.041===
股票：600815指定时间段判断-额外参数：
	分组名称：1
	走势名称：时间段
		条件不成立(当前时间：2021-08-06 15:38:33.781,条件时段：09:30:00-13:00:00)
	结果：未满足
===2021-08-06 15:38:34.041===
===2021-08-06 15:38:34.414===
股票：600815板块涨跌幅判断-额外参数：
	分组名称：1
	走势名称：发
		条件不成立(不符合板块涨跌幅条件)
	结果：未满足，返回code：-1
===2021-08-06 15:38:34.874===
额外条件未满足


===============================================

==============2021-08-06 17:04:51==============
===6开始执行条件2021-08-06 17:04:50.267===
===开始判断价格条件2021-08-06 17:04:50.267===
===开始判断额外/转自动条件2021-08-06 17:04:50.809===
===2021-08-06 17:04:50.871===
股票：600815指定时间段判断-额外参数：
	分组名称：1
	走势名称：时间段
		条件不成立(当前时间：2021-08-06 17:04:50.266,条件时段：09:30:00-13:00:00)
	结果：未满足
===2021-08-06 17:04:50.872===
===2021-08-06 17:04:50.912===
股票：600815板块涨跌幅判断-额外参数：
	分组名称：1
	走势名称：发
		条件不成立(不符合板块涨跌幅条件)
	结果：未满足，返回code：-1
===2021-08-06 17:04:51.440===
额外条件未满足


===============================================

==============2021-08-06 17:05:15==============
===6开始执行条件2021-08-06 17:05:13.009===
===开始判断价格条件2021-08-06 17:05:13.009===
===开始判断额外/转自动条件2021-08-06 17:05:13.511===
===2021-08-06 17:05:13.899===
股票：600815指定时间段判断-额外参数：
	分组名称：1
	走势名称：时间段
		条件不成立(当前时间：2021-08-06 17:05:13.008,条件时段：09:30:00-13:00:00)
	结果：未满足
===2021-08-06 17:05:13.900===
===2021-08-06 17:05:14.000===
股票：600815板块涨跌幅判断-额外参数：
	分组名称：1
	走势名称：发
		条件不成立(不符合板块涨跌幅条件)
	结果：未满足，返回code：-1
===2021-08-06 17:05:15.140===
额外条件未满足


===============================================

==============2021-08-06 17:05:30==============
===6开始执行条件2021-08-06 17:05:29.048===
===开始判断价格条件2021-08-06 17:05:29.048===
===开始判断额外/转自动条件2021-08-06 17:05:29.426===
===2021-08-06 17:05:29.516===
股票：600815指定时间段判断-额外参数：
	分组名称：1
	走势名称：时间段
		条件不成立(当前时间：2021-08-06 17:05:29.048,条件时段：09:30:00-13:00:00)
	结果：未满足
===2021-08-06 17:05:29.516===
===2021-08-06 17:05:29.544===
股票：600815板块涨跌幅判断-额外参数：
	分组名称：1
	走势名称：发
		条件不成立(不符合板块涨跌幅条件)
	结果：未满足，返回code：-1
===2021-08-06 17:05:30.729===
额外条件未满足


===============================================

==============2021-08-06 17:05:52==============
===6开始执行条件2021-08-06 17:05:50.139===
===开始判断价格条件2021-08-06 17:05:50.139===
===开始判断额外/转自动条件2021-08-06 17:05:50.849===
===2021-08-06 17:05:51.147===
股票：600815指定时间段判断-额外参数：
	分组名称：1
	走势名称：时间段
		条件不成立(当前时间：2021-08-06 17:05:50.139,条件时段：09:30:00-13:00:00)
	结果：未满足
===2021-08-06 17:05:51.147===
===2021-08-06 17:05:51.204===
股票：600815板块涨跌幅判断-额外参数：
	分组名称：1
	走势名称：发
		条件不成立(不符合板块涨跌幅条件)
	结果：未满足，返回code：-1
===2021-08-06 17:05:52.461===
额外条件未满足


===============================================

==============2021-08-06 17:06:21==============
===6开始执行条件2021-08-06 17:06:15.325===
===开始判断价格条件2021-08-06 17:06:15.325===
===开始判断额外/转自动条件2021-08-06 17:06:17.325===
===2021-08-06 17:06:18.529===
股票：600815指定时间段判断-额外参数：
	分组名称：1
	走势名称：时间段
		条件不成立(当前时间：2021-08-06 17:06:15.325,条件时段：09:30:00-13:00:00)
	结果：未满足
===2021-08-06 17:06:18.529===
===2021-08-06 17:06:18.857===
股票：600815板块涨跌幅判断-额外参数：
	分组名称：1
	走势名称：发
		条件不成立(不符合板块涨跌幅条件)
	结果：未满足，返回code：-1
===2021-08-06 17:06:21.864===
额外条件未满足


===============================================

==============2021-08-06 17:06:40==============
===6开始执行条件2021-08-06 17:06:35.577===
===开始判断价格条件2021-08-06 17:06:35.577===
===开始判断额外/转自动条件2021-08-06 17:06:36.379===
===2021-08-06 17:06:37.263===
股票：600815指定时间段判断-额外参数：
	分组名称：1
	走势名称：时间段
		条件不成立(当前时间：2021-08-06 17:06:35.577,条件时段：09:30:00-13:00:00)
	结果：未满足
===2021-08-06 17:06:37.263===
===2021-08-06 17:06:37.549===
股票：600815板块涨跌幅判断-额外参数：
	分组名称：1
	走势名称：发
		条件不成立(不符合板块涨跌幅条件)
	结果：未满足，返回code：-1
===2021-08-06 17:06:40.632===
额外条件未满足


===============================================

==============2021-08-06 17:06:59==============
===6开始执行条件2021-08-06 17:06:57.337===
===开始判断价格条件2021-08-06 17:06:57.337===
===开始判断额外/转自动条件2021-08-06 17:06:57.680===
===2021-08-06 17:06:57.779===
股票：600815指定时间段判断-额外参数：
	分组名称：1
	走势名称：时间段
		条件不成立(当前时间：2021-08-06 17:06:57.337,条件时段：09:30:00-13:00:00)
	结果：未满足
===2021-08-06 17:06:57.779===
===2021-08-06 17:06:57.848===
股票：600815板块涨跌幅判断-额外参数：
	分组名称：1
	走势名称：发
		条件不成立(不符合板块涨跌幅条件)
	结果：未满足，返回code：-1
===2021-08-06 17:06:59.993===
额外条件未满足


===============================================

==============2021-08-06 17:07:22==============
===6开始执行条件2021-08-06 17:07:19.628===
===开始判断价格条件2021-08-06 17:07:19.628===
===开始判断额外/转自动条件2021-08-06 17:07:21.136===
===2021-08-06 17:07:21.395===
股票：600815指定时间段判断-额外参数：
	分组名称：1
	走势名称：时间段
		条件不成立(当前时间：2021-08-06 17:07:19.626,条件时段：09:30:00-13:00:00)
	结果：未满足
===2021-08-06 17:07:21.395===
===2021-08-06 17:07:21.427===
股票：600815板块涨跌幅判断-额外参数：
	分组名称：1
	走势名称：发
		条件不成立(不符合板块涨跌幅条件)
	结果：未满足，返回code：-1
===2021-08-06 17:07:22.309===
额外条件未满足


===============================================

==============2021-08-06 17:07:47==============
===6开始执行条件2021-08-06 17:07:42.988===
===开始判断价格条件2021-08-06 17:07:42.988===
===开始判断额外/转自动条件2021-08-06 17:07:44.037===
===2021-08-06 17:07:45.089===
股票：600815指定时间段判断-额外参数：
	分组名称：1
	走势名称：时间段
		条件不成立(当前时间：2021-08-06 17:07:42.988,条件时段：09:30:00-13:00:00)
	结果：未满足
===2021-08-06 17:07:45.089===
===2021-08-06 17:07:45.421===
股票：600815板块涨跌幅判断-额外参数：
	分组名称：1
	走势名称：发
		条件不成立(不符合板块涨跌幅条件)
	结果：未满足，返回code：-1
===2021-08-06 17:07:47.591===
额外条件未满足


===============================================

==============2021-08-06 17:08:11==============
===6开始执行条件2021-08-06 17:08:05.723===
===开始判断价格条件2021-08-06 17:08:05.723===
===开始判断额外/转自动条件2021-08-06 17:08:07.617===
===2021-08-06 17:08:08.325===
股票：600815指定时间段判断-额外参数：
	分组名称：1
	走势名称：时间段
		条件不成立(当前时间：2021-08-06 17:08:05.722,条件时段：09:30:00-13:00:00)
	结果：未满足
===2021-08-06 17:08:08.325===
===2021-08-06 17:08:08.647===
股票：600815板块涨跌幅判断-额外参数：
	分组名称：1
	走势名称：发
		条件不成立(不符合板块涨跌幅条件)
	结果：未满足，返回code：-1
===2021-08-06 17:08:11.839===
额外条件未满足


===============================================

==============2021-08-06 17:08:33==============
===6开始执行条件2021-08-06 17:08:27.067===
===开始判断价格条件2021-08-06 17:08:27.067===
===开始判断额外/转自动条件2021-08-06 17:08:29.243===
===2021-08-06 17:08:30.075===
股票：600815指定时间段判断-额外参数：
	分组名称：1
	走势名称：时间段
		条件不成立(当前时间：2021-08-06 17:08:27.067,条件时段：09:30:00-13:00:00)
	结果：未满足
===2021-08-06 17:08:30.076===
===2021-08-06 17:08:30.333===
股票：600815板块涨跌幅判断-额外参数：
	分组名称：1
	走势名称：发
		条件不成立(不符合板块涨跌幅条件)
	结果：未满足，返回code：-1
===2021-08-06 17:08:33.611===
额外条件未满足


===============================================

==============2021-08-06 17:10:17==============
===6开始执行条件2021-08-06 17:10:16.027===
===开始判断价格条件2021-08-06 17:10:16.027===
===开始判断额外/转自动条件2021-08-06 17:10:16.263===
===2021-08-06 17:10:16.341===
股票：600815指定时间段判断-额外参数：
	分组名称：1
	走势名称：时间段
		条件不成立(当前时间：2021-08-06 17:10:16.027,条件时段：09:30:00-13:00:00)
	结果：未满足
===2021-08-06 17:10:16.342===
===2021-08-06 17:10:16.364===
股票：600815板块涨跌幅判断-额外参数：
	分组名称：1
	走势名称：发
		条件不成立(不符合板块涨跌幅条件)
	结果：未满足，返回code：-1
===2021-08-06 17:10:17.202===
额外条件未满足


===============================================

==============2021-08-06 17:10:33==============
===6开始执行条件2021-08-06 17:10:32.720===
===开始判断价格条件2021-08-06 17:10:32.720===
===开始判断额外/转自动条件2021-08-06 17:10:32.862===
===2021-08-06 17:10:32.920===
股票：600815指定时间段判断-额外参数：
	分组名称：1
	走势名称：时间段
		条件不成立(当前时间：2021-08-06 17:10:32.720,条件时段：09:30:00-13:00:00)
	结果：未满足
===2021-08-06 17:10:32.921===
===2021-08-06 17:10:32.970===
股票：600815板块涨跌幅判断-额外参数：
	分组名称：1
	走势名称：发
		条件不成立(不符合板块涨跌幅条件)
	结果：未满足，返回code：-1
===2021-08-06 17:10:33.594===
额外条件未满足


===============================================

==============2021-08-06 17:10:55==============
===6开始执行条件2021-08-06 17:10:53.138===
===开始判断价格条件2021-08-06 17:10:53.138===
===开始判断额外/转自动条件2021-08-06 17:10:53.726===
===2021-08-06 17:10:54.103===
股票：600815指定时间段判断-额外参数：
	分组名称：1
	走势名称：时间段
		条件不成立(当前时间：2021-08-06 17:10:53.138,条件时段：09:30:00-13:00:00)
	结果：未满足
===2021-08-06 17:10:54.103===
===2021-08-06 17:10:54.214===
股票：600815板块涨跌幅判断-额外参数：
	分组名称：1
	走势名称：发
		条件不成立(不符合板块涨跌幅条件)
	结果：未满足，返回code：-1
===2021-08-06 17:10:55.442===
额外条件未满足


===============================================

==============2021-08-06 17:11:17==============
===6开始执行条件2021-08-06 17:11:13.889===
===开始判断价格条件2021-08-06 17:11:13.889===
===开始判断额外/转自动条件2021-08-06 17:11:14.724===
===2021-08-06 17:11:15.345===
股票：600815指定时间段判断-额外参数：
	分组名称：1
	走势名称：时间段
		条件不成立(当前时间：2021-08-06 17:11:13.888,条件时段：09:30:00-13:00:00)
	结果：未满足
===2021-08-06 17:11:15.345===
===2021-08-06 17:11:15.622===
股票：600815板块涨跌幅判断-额外参数：
	分组名称：1
	走势名称：发
		条件不成立(不符合板块涨跌幅条件)
	结果：未满足，返回code：-1
===2021-08-06 17:11:17.863===
额外条件未满足


===============================================

==============2021-08-06 17:11:39==============
===6开始执行条件2021-08-06 17:11:35.128===
===开始判断价格条件2021-08-06 17:11:35.128===
===开始判断额外/转自动条件2021-08-06 17:11:36.346===
===2021-08-06 17:11:36.983===
股票：600815指定时间段判断-额外参数：
	分组名称：1
	走势名称：时间段
		条件不成立(当前时间：2021-08-06 17:11:35.128,条件时段：09:30:00-13:00:00)
	结果：未满足
===2021-08-06 17:11:36.983===
===2021-08-06 17:11:37.163===
股票：600815板块涨跌幅判断-额外参数：
	分组名称：1
	走势名称：发
		条件不成立(不符合板块涨跌幅条件)
	结果：未满足，返回code：-1
===2021-08-06 17:11:39.959===
额外条件未满足


===============================================

==============2021-08-06 17:11:59==============
===6开始执行条件2021-08-06 17:11:57.713===
===开始判断价格条件2021-08-06 17:11:57.713===
===开始判断额外/转自动条件2021-08-06 17:11:58.095===
===2021-08-06 17:11:58.158===
股票：600815指定时间段判断-额外参数：
	分组名称：1
	走势名称：时间段
		条件不成立(当前时间：2021-08-06 17:11:57.713,条件时段：09:30:00-13:00:00)
	结果：未满足
===2021-08-06 17:11:58.158===
===2021-08-06 17:11:58.326===
股票：600815板块涨跌幅判断-额外参数：
	分组名称：1
	走势名称：发
		条件不成立(不符合板块涨跌幅条件)
	结果：未满足，返回code：-1
===2021-08-06 17:11:59.427===
额外条件未满足


===============================================

==============2021-08-06 17:12:23==============
===6开始执行条件2021-08-06 17:12:18.625===
===开始判断价格条件2021-08-06 17:12:18.625===
===开始判断额外/转自动条件2021-08-06 17:12:19.431===
===2021-08-06 17:12:19.863===
股票：600815指定时间段判断-额外参数：
	分组名称：1
	走势名称：时间段
		条件不成立(当前时间：2021-08-06 17:12:18.621,条件时段：09:30:00-13:00:00)
	结果：未满足
===2021-08-06 17:12:19.863===
===2021-08-06 17:12:20.028===
股票：600815板块涨跌幅判断-额外参数：
	分组名称：1
	走势名称：发
		条件不成立(不符合板块涨跌幅条件)
	结果：未满足，返回code：-1
===2021-08-06 17:12:23.224===
额外条件未满足


===============================================

