==============2021-08-09 10:08:53==============
===6开始执行条件2021-08-09 10:08:52.005===
===开始判断价格条件2021-08-09 10:08:52.005===
===开始判断额外/转自动条件2021-08-09 10:08:52.205===
===2021-08-09 10:08:52.387===
股票：600815指定时间段判断-额外参数：
	分组名称：1
	走势名称：时间段
		条件成立(当前时间：2021-08-09 10:08:52.005,条件时段：09:30:00-13:00:00)
	结果：达到要求
===2021-08-09 10:08:52.529===
===2021-08-09 10:08:53.159===
股票：600815多头向上判断-转自动参数：
	分组名称：2
	走势名称：多头向上
	结果：未满足，返回code：0
===2021-08-09 10:08:53.159===
满足所有条件，可以触发


===============================================

==============2021-08-09 10:09:36==============
===6开始执行条件2021-08-09 10:09:33.066===
===开始判断价格条件2021-08-09 10:09:33.066===
===开始判断额外/转自动条件2021-08-09 10:09:34.086===
===2021-08-09 10:09:35.718===
股票：600815指定时间段判断-额外参数：
	分组名称：1
	走势名称：时间段
		条件成立(当前时间：2021-08-09 10:09:33.066,条件时段：09:30:00-13:00:00)
	结果：达到要求
===2021-08-09 10:09:36.044===
===2021-08-09 10:09:36.659===
股票：600815多头向上判断-转自动参数：
	分组名称：2
	走势名称：多头向上
	结果：未满足，返回code：0
===2021-08-09 10:09:36.659===
满足所有条件，可以触发


===============================================

==============2021-08-09 10:10:53==============
===6开始执行条件2021-08-09 10:10:52.386===
===开始判断价格条件2021-08-09 10:10:52.386===
===开始判断额外/转自动条件2021-08-09 10:10:52.671===
===2021-08-09 10:10:52.789===
股票：600815指定时间段判断-额外参数：
	分组名称：1
	走势名称：时间段
		条件成立(当前时间：2021-08-09 10:10:52.385,条件时段：09:30:00-13:00:00)
	结果：达到要求
===2021-08-09 10:10:53.155===
===2021-08-09 10:10:53.327===
股票：600815多头向上判断-转自动参数：
	分组名称：2
	走势名称：多头向上
	结果：未满足，返回code：0
===2021-08-09 10:10:53.327===
满足所有条件，可以触发


===============================================

==============2021-08-09 10:11:05==============
===6开始执行条件2021-08-09 10:11:04.868===
===开始判断价格条件2021-08-09 10:11:04.868===
===开始判断额外/转自动条件2021-08-09 10:11:05.026===
===2021-08-09 10:11:05.141===
股票：600815指定时间段判断-额外参数：
	分组名称：1
	走势名称：时间段
		条件成立(当前时间：2021-08-09 10:11:04.867,条件时段：09:30:00-13:00:00)
	结果：达到要求
===2021-08-09 10:11:05.220===
===2021-08-09 10:11:05.392===
股票：600815多头向上判断-转自动参数：
	分组名称：2
	走势名称：多头向上
	结果：未满足，返回code：0
===2021-08-09 10:11:05.392===
满足所有条件，可以触发


===============================================

==============2021-08-09 10:11:21==============
===6开始执行条件2021-08-09 10:11:20.344===
===开始判断价格条件2021-08-09 10:11:20.344===
===开始判断额外/转自动条件2021-08-09 10:11:20.586===
===2021-08-09 10:11:20.836===
股票：600815指定时间段判断-额外参数：
	分组名称：1
	走势名称：时间段
		条件成立(当前时间：2021-08-09 10:11:20.344,条件时段：09:30:00-13:00:00)
	结果：达到要求
===2021-08-09 10:11:21.169===
===2021-08-09 10:11:21.898===
股票：600815多头向上判断-转自动参数：
	分组名称：2
	走势名称：多头向上
	结果：未满足，返回code：0
===2021-08-09 10:11:21.898===
满足所有条件，可以触发


===============================================

==============2021-08-09 11:02:42==============
===6开始执行条件2021-08-09 11:02:41.841===
===开始判断价格条件2021-08-09 11:02:41.841===
===开始判断额外/转自动条件2021-08-09 11:02:42.048===
===2021-08-09 11:02:42.134===
股票：600815指定时间段判断-额外参数：
	分组名称：1
	走势名称：时间段
		条件成立(当前时间：2021-08-09 11:02:41.841,条件时段：09:30:00-13:00:00)
	结果：达到要求
===2021-08-09 11:02:42.236===
===2021-08-09 11:02:42.441===
股票：600815多头向上判断-转自动参数：
	分组名称：2
	走势名称：多头向上
	结果：未满足，返回code：0
===2021-08-09 11:02:42.445===
满足所有条件，可以触发


===============================================

==============2021-08-09 11:03:15==============
===6开始执行条件2021-08-09 11:03:14.614===
===开始判断价格条件2021-08-09 11:03:14.614===
===开始判断额外/转自动条件2021-08-09 11:03:14.778===
===2021-08-09 11:03:14.874===
股票：600815指定时间段判断-额外参数：
	分组名称：1
	走势名称：时间段
		条件成立(当前时间：2021-08-09 11:03:14.614,条件时段：09:30:00-13:00:00)
	结果：达到要求
===2021-08-09 11:03:14.969===
===2021-08-09 11:03:15.242===
股票：600815多头向上判断-转自动参数：
	分组名称：2
	走势名称：多头向上
	结果：未满足，返回code：0
===2021-08-09 11:03:15.242===
满足所有条件，可以触发


===============================================

==============2021-08-09 11:03:29==============
===6开始执行条件2021-08-09 11:03:29.383===
===开始判断价格条件2021-08-09 11:03:29.383===
===开始判断额外/转自动条件2021-08-09 11:03:29.448===
===2021-08-09 11:03:29.492===
股票：600815指定时间段判断-额外参数：
	分组名称：1
	走势名称：时间段
		条件成立(当前时间：2021-08-09 11:03:29.383,条件时段：09:30:00-13:00:00)
	结果：达到要求
===2021-08-09 11:03:29.527===
===2021-08-09 11:03:29.619===
股票：600815多头向上判断-转自动参数：
	分组名称：2
	走势名称：多头向上
	结果：未满足，返回code：0
===2021-08-09 11:03:29.619===
满足所有条件，可以触发


===============================================

==============2021-08-09 11:03:54==============
===6开始执行条件2021-08-09 11:03:53.162===
===开始判断价格条件2021-08-09 11:03:53.162===
===开始判断额外/转自动条件2021-08-09 11:03:53.533===
===2021-08-09 11:03:53.826===
股票：600815指定时间段判断-额外参数：
	分组名称：1
	走势名称：时间段
		条件成立(当前时间：2021-08-09 11:03:53.162,条件时段：09:30:00-13:00:00)
	结果：达到要求
===2021-08-09 11:03:54.044===
===2021-08-09 11:03:54.357===
股票：600815多头向上判断-转自动参数：
	分组名称：2
	走势名称：多头向上
	结果：未满足，返回code：0
===2021-08-09 11:03:54.357===
满足所有条件，可以触发


===============================================

