==============2021-05-17 10:08:55==============
股票：600909板块涨跌幅判断-额外参数：
	分组名称：1
	走势名称：板块涨跌幅
	结果：未满足，返回code：-1
额外条件未满足


===============================================

==============2021-05-17 10:11:50==============
股票：600909板块涨跌幅判断-额外参数：
	分组名称：1
	走势名称：板块涨跌幅
	结果：未满足，返回code：-1
额外条件未满足


===============================================

==============2021-05-17 10:15:12==============
股票：600909板块涨跌幅判断-额外参数：
	分组名称：1
	走势名称：板块涨跌幅
	结果：未满足，返回code：-1
额外条件未满足


===============================================

==============2021-05-17 10:17:20==============
股票：600909板块涨跌幅判断-额外参数：
	分组名称：1
	走势名称：板块涨跌幅
	结果：未满足，返回code：-1
额外条件未满足


===============================================

==============2021-05-17 10:19:33==============
股票：600909板块涨跌幅判断-额外参数：
	分组名称：1
	走势名称：板块涨跌幅
	结果：未满足，返回code：-1
额外条件未满足


===============================================

==============2021-05-17 10:19:50==============
股票：600909板块涨跌幅判断-额外参数：
	分组名称：1
	走势名称：板块涨跌幅
	结果：达到要求
满足所有条件，可以触发


===============================================

==============2021-05-17 10:33:56==============
股票：600909板块涨跌幅判断-额外参数：
	分组名称：1
	走势名称：板块涨跌幅
		额外关系-板块涨跌幅未满足条件
	结果：未满足，返回code：0
额外条件未满足


===============================================

==============2021-05-17 10:34:00==============
股票：600909板块涨跌幅判断-额外参数：
	分组名称：1
	走势名称：板块涨跌幅
		额外关系-板块涨跌幅未满足条件
	结果：未满足，返回code：0
额外条件未满足


===============================================

==============2021-05-17 10:34:02==============
股票：600909板块涨跌幅判断-额外参数：
	分组名称：1
	走势名称：板块涨跌幅
		额外关系-板块涨跌幅未满足条件
	结果：未满足，返回code：0
额外条件未满足


===============================================

==============2021-05-17 10:34:08==============
股票：600909板块涨跌幅判断-额外参数：
	分组名称：1
	走势名称：板块涨跌幅
		额外关系-板块涨跌幅未满足条件
	结果：未满足，返回code：0
额外条件未满足


===============================================

==============2021-05-17 10:34:10==============
股票：600909板块涨跌幅判断-额外参数：
	分组名称：1
	走势名称：板块涨跌幅
		额外关系-板块涨跌幅未满足条件
	结果：未满足，返回code：0
额外条件未满足


===============================================

==============2021-05-17 10:34:11==============
股票：600909板块涨跌幅判断-额外参数：
	分组名称：1
	走势名称：板块涨跌幅
		额外关系-板块涨跌幅未满足条件
	结果：未满足，返回code：0
额外条件未满足


===============================================

==============2021-05-17 10:34:14==============
股票：600909板块涨跌幅判断-额外参数：
	分组名称：1
	走势名称：板块涨跌幅
		额外关系-板块涨跌幅未满足条件
	结果：未满足，返回code：0
额外条件未满足


===============================================

==============2021-05-17 10:34:15==============
股票：600909板块涨跌幅判断-额外参数：
	分组名称：1
	走势名称：板块涨跌幅
		额外关系-板块涨跌幅未满足条件
	结果：未满足，返回code：0
额外条件未满足


===============================================

==============2021-05-17 10:34:18==============
股票：600909板块涨跌幅判断-额外参数：
	分组名称：1
	走势名称：板块涨跌幅
		额外关系-板块涨跌幅未满足条件
	结果：未满足，返回code：0
额外条件未满足


===============================================

==============2021-05-17 10:34:22==============
股票：600909板块涨跌幅判断-额外参数：
	分组名称：1
	走势名称：板块涨跌幅
		额外关系-板块涨跌幅未满足条件
	结果：未满足，返回code：0
额外条件未满足


===============================================

==============2021-05-17 10:34:24==============
股票：600909板块涨跌幅判断-额外参数：
	分组名称：1
	走势名称：板块涨跌幅
		额外关系-板块涨跌幅未满足条件
	结果：未满足，返回code：0
额外条件未满足


===============================================

