==============2021-05-24 10:09:31==============
股票：600909板块涨跌幅判断-额外参数：
	分组名称：1
	走势名称：板块涨跌幅
	结果：未满足，返回code：-1
股票：600909当前涨跌幅判断-额外参数：
	分组名称：1
	走势名称：当日涨跌幅奥术大师多
	结果：未满足
股票：600909历史涨跌幅判断-额外参数：
	分组名称：1
	走势名称：历史涨跌幅
	结果：未满足，返回code：-1
股票：600909五档变化速度判断-额外参数：
	分组名称：1
	走势名称：
	结果：未满足，返回code：-1
股票：600909按当前价格判断-额外参数：
	分组名称：1
	走势名称：
	结果：未满足，返回code：-1
额外条件未满足


===============================================

==============2021-05-24 10:09:36==============
股票：600909板块涨跌幅判断-额外参数：
	分组名称：1
	走势名称：板块涨跌幅
	结果：未满足，返回code：-1
股票：600909当前涨跌幅判断-额外参数：
	分组名称：1
	走势名称：当日涨跌幅奥术大师多
	结果：未满足
股票：600909历史涨跌幅判断-额外参数：
	分组名称：1
	走势名称：历史涨跌幅
	结果：未满足，返回code：-1
股票：600909五档变化速度判断-额外参数：
	分组名称：1
	走势名称：
	结果：未满足，返回code：-1
股票：600909按当前价格判断-额外参数：
	分组名称：1
	走势名称：
	结果：未满足，返回code：-1
额外条件未满足


===============================================

==============2021-05-24 10:09:40==============
股票：600909板块涨跌幅判断-额外参数：
	分组名称：1
	走势名称：板块涨跌幅
	结果：未满足，返回code：-1
股票：600909当前涨跌幅判断-额外参数：
	分组名称：1
	走势名称：当日涨跌幅奥术大师多
	结果：未满足
股票：600909历史涨跌幅判断-额外参数：
	分组名称：1
	走势名称：历史涨跌幅
	结果：未满足，返回code：-1
股票：600909五档变化速度判断-额外参数：
	分组名称：1
	走势名称：
	结果：未满足，返回code：-1
股票：600909按当前价格判断-额外参数：
	分组名称：1
	走势名称：
	结果：未满足，返回code：-1
额外条件未满足


===============================================

==============2021-05-24 10:09:43==============
股票：600909板块涨跌幅判断-额外参数：
	分组名称：1
	走势名称：板块涨跌幅
	结果：未满足，返回code：-1
股票：600909当前涨跌幅判断-额外参数：
	分组名称：1
	走势名称：当日涨跌幅奥术大师多
	结果：未满足
股票：600909历史涨跌幅判断-额外参数：
	分组名称：1
	走势名称：历史涨跌幅
	结果：未满足，返回code：-1
股票：600909五档变化速度判断-额外参数：
	分组名称：1
	走势名称：
	结果：未满足，返回code：-1
股票：600909按当前价格判断-额外参数：
	分组名称：1
	走势名称：
	结果：未满足，返回code：-1
额外条件未满足


===============================================

==============2021-05-24 10:09:47==============
股票：600909板块涨跌幅判断-额外参数：
	分组名称：1
	走势名称：板块涨跌幅
	结果：未满足，返回code：-1
股票：600909当前涨跌幅判断-额外参数：
	分组名称：1
	走势名称：当日涨跌幅奥术大师多
	结果：未满足
股票：600909历史涨跌幅判断-额外参数：
	分组名称：1
	走势名称：历史涨跌幅
	结果：未满足，返回code：-1
股票：600909五档变化速度判断-额外参数：
	分组名称：1
	走势名称：
	结果：未满足，返回code：-1
股票：600909按当前价格判断-额外参数：
	分组名称：1
	走势名称：
	结果：未满足，返回code：-1
额外条件未满足


===============================================

==============2021-05-24 10:09:51==============
股票：600909板块涨跌幅判断-额外参数：
	分组名称：1
	走势名称：板块涨跌幅
	结果：未满足，返回code：-1
股票：600909当前涨跌幅判断-额外参数：
	分组名称：1
	走势名称：当日涨跌幅奥术大师多
	结果：未满足
股票：600909历史涨跌幅判断-额外参数：
	分组名称：1
	走势名称：历史涨跌幅
	结果：未满足，返回code：-1
股票：600909五档变化速度判断-额外参数：
	分组名称：1
	走势名称：
	结果：未满足，返回code：-1
股票：600909按当前价格判断-额外参数：
	分组名称：1
	走势名称：
	结果：未满足，返回code：-1
额外条件未满足


===============================================

==============2021-05-24 10:09:54==============
股票：600909板块涨跌幅判断-额外参数：
	分组名称：1
	走势名称：板块涨跌幅
	结果：未满足，返回code：-1
股票：600909当前涨跌幅判断-额外参数：
	分组名称：1
	走势名称：当日涨跌幅奥术大师多
	结果：未满足
股票：600909历史涨跌幅判断-额外参数：
	分组名称：1
	走势名称：历史涨跌幅
	结果：未满足，返回code：-1
股票：600909五档变化速度判断-额外参数：
	分组名称：1
	走势名称：
	结果：未满足，返回code：-1
股票：600909按当前价格判断-额外参数：
	分组名称：1
	走势名称：
	结果：未满足，返回code：-1
额外条件未满足


===============================================

==============2021-05-24 10:09:57==============
股票：600909板块涨跌幅判断-额外参数：
	分组名称：1
	走势名称：板块涨跌幅
	结果：未满足，返回code：-1
股票：600909当前涨跌幅判断-额外参数：
	分组名称：1
	走势名称：当日涨跌幅奥术大师多
	结果：未满足
股票：600909历史涨跌幅判断-额外参数：
	分组名称：1
	走势名称：历史涨跌幅
	结果：未满足，返回code：-1
股票：600909五档变化速度判断-额外参数：
	分组名称：1
	走势名称：
	结果：未满足，返回code：-1
股票：600909按当前价格判断-额外参数：
	分组名称：1
	走势名称：
	结果：未满足，返回code：-1
额外条件未满足


===============================================

==============2021-05-24 10:10:01==============
股票：600909板块涨跌幅判断-额外参数：
	分组名称：1
	走势名称：板块涨跌幅
	结果：未满足，返回code：-1
股票：600909当前涨跌幅判断-额外参数：
	分组名称：1
	走势名称：当日涨跌幅奥术大师多
	结果：未满足
股票：600909历史涨跌幅判断-额外参数：
	分组名称：1
	走势名称：历史涨跌幅
	结果：未满足，返回code：-1
股票：600909五档变化速度判断-额外参数：
	分组名称：1
	走势名称：
	结果：未满足，返回code：-1
股票：600909按当前价格判断-额外参数：
	分组名称：1
	走势名称：
	结果：未满足，返回code：-1
额外条件未满足


===============================================

==============2021-05-24 10:10:04==============
股票：600909板块涨跌幅判断-额外参数：
	分组名称：1
	走势名称：板块涨跌幅
	结果：未满足，返回code：-1
股票：600909当前涨跌幅判断-额外参数：
	分组名称：1
	走势名称：当日涨跌幅奥术大师多
	结果：未满足
股票：600909历史涨跌幅判断-额外参数：
	分组名称：1
	走势名称：历史涨跌幅
	结果：未满足，返回code：-1
股票：600909五档变化速度判断-额外参数：
	分组名称：1
	走势名称：
	结果：未满足，返回code：-1
股票：600909按当前价格判断-额外参数：
	分组名称：1
	走势名称：
	结果：未满足，返回code：-1
额外条件未满足


===============================================

==============2021-05-24 10:10:07==============
股票：600909板块涨跌幅判断-额外参数：
	分组名称：1
	走势名称：板块涨跌幅
	结果：未满足，返回code：-1
股票：600909当前涨跌幅判断-额外参数：
	分组名称：1
	走势名称：当日涨跌幅奥术大师多
	结果：未满足
股票：600909历史涨跌幅判断-额外参数：
	分组名称：1
	走势名称：历史涨跌幅
	结果：未满足，返回code：-1
股票：600909五档变化速度判断-额外参数：
	分组名称：1
	走势名称：
	结果：未满足，返回code：-1
股票：600909按当前价格判断-额外参数：
	分组名称：1
	走势名称：
	结果：未满足，返回code：-1
额外条件未满足


===============================================

==============2021-05-24 10:10:09==============
股票：600909板块涨跌幅判断-额外参数：
	分组名称：1
	走势名称：板块涨跌幅
	结果：未满足，返回code：-1
股票：600909当前涨跌幅判断-额外参数：
	分组名称：1
	走势名称：当日涨跌幅奥术大师多
	结果：未满足
股票：600909历史涨跌幅判断-额外参数：
	分组名称：1
	走势名称：历史涨跌幅
	结果：未满足，返回code：-1
股票：600909五档变化速度判断-额外参数：
	分组名称：1
	走势名称：
	结果：未满足，返回code：-1
股票：600909按当前价格判断-额外参数：
	分组名称：1
	走势名称：
	结果：未满足，返回code：-1
额外条件未满足


===============================================

==============2021-05-24 10:10:12==============
股票：600909板块涨跌幅判断-额外参数：
	分组名称：1
	走势名称：板块涨跌幅
	结果：未满足，返回code：-1
股票：600909当前涨跌幅判断-额外参数：
	分组名称：1
	走势名称：当日涨跌幅奥术大师多
	结果：未满足
股票：600909历史涨跌幅判断-额外参数：
	分组名称：1
	走势名称：历史涨跌幅
	结果：未满足，返回code：-1
股票：600909五档变化速度判断-额外参数：
	分组名称：1
	走势名称：
	结果：未满足，返回code：-1
股票：600909按当前价格判断-额外参数：
	分组名称：1
	走势名称：
	结果：未满足，返回code：-1
额外条件未满足


===============================================

==============2021-05-24 10:10:16==============
股票：600909板块涨跌幅判断-额外参数：
	分组名称：1
	走势名称：板块涨跌幅
	结果：未满足，返回code：-1
股票：600909当前涨跌幅判断-额外参数：
	分组名称：1
	走势名称：当日涨跌幅奥术大师多
	结果：未满足
股票：600909历史涨跌幅判断-额外参数：
	分组名称：1
	走势名称：历史涨跌幅
	结果：未满足，返回code：-1
股票：600909五档变化速度判断-额外参数：
	分组名称：1
	走势名称：
	结果：未满足，返回code：-1
股票：600909按当前价格判断-额外参数：
	分组名称：1
	走势名称：
	结果：未满足，返回code：-1
额外条件未满足


===============================================

==============2021-05-24 10:10:19==============
股票：600909板块涨跌幅判断-额外参数：
	分组名称：1
	走势名称：板块涨跌幅
	结果：未满足，返回code：-1
股票：600909当前涨跌幅判断-额外参数：
	分组名称：1
	走势名称：当日涨跌幅奥术大师多
	结果：未满足
股票：600909历史涨跌幅判断-额外参数：
	分组名称：1
	走势名称：历史涨跌幅
	结果：未满足，返回code：-1
股票：600909五档变化速度判断-额外参数：
	分组名称：1
	走势名称：
	结果：未满足，返回code：-1
股票：600909按当前价格判断-额外参数：
	分组名称：1
	走势名称：
	结果：未满足，返回code：-1
额外条件未满足


===============================================

==============2021-05-24 10:10:23==============
股票：600909板块涨跌幅判断-额外参数：
	分组名称：1
	走势名称：板块涨跌幅
	结果：未满足，返回code：-1
股票：600909当前涨跌幅判断-额外参数：
	分组名称：1
	走势名称：当日涨跌幅奥术大师多
	结果：未满足
股票：600909历史涨跌幅判断-额外参数：
	分组名称：1
	走势名称：历史涨跌幅
	结果：未满足，返回code：-1
股票：600909五档变化速度判断-额外参数：
	分组名称：1
	走势名称：
	结果：未满足，返回code：-1
股票：600909按当前价格判断-额外参数：
	分组名称：1
	走势名称：
	结果：未满足，返回code：-1
额外条件未满足


===============================================

==============2021-05-24 10:10:26==============
股票：600909板块涨跌幅判断-额外参数：
	分组名称：1
	走势名称：板块涨跌幅
	结果：未满足，返回code：-1
股票：600909当前涨跌幅判断-额外参数：
	分组名称：1
	走势名称：当日涨跌幅奥术大师多
	结果：未满足
股票：600909历史涨跌幅判断-额外参数：
	分组名称：1
	走势名称：历史涨跌幅
	结果：未满足，返回code：-1
股票：600909五档变化速度判断-额外参数：
	分组名称：1
	走势名称：
	结果：未满足，返回code：-1
股票：600909按当前价格判断-额外参数：
	分组名称：1
	走势名称：
	结果：未满足，返回code：-1
额外条件未满足


===============================================

==============2021-05-24 10:10:31==============
股票：600909板块涨跌幅判断-额外参数：
	分组名称：1
	走势名称：板块涨跌幅
	结果：未满足，返回code：-1
股票：600909当前涨跌幅判断-额外参数：
	分组名称：1
	走势名称：当日涨跌幅奥术大师多
	结果：未满足
股票：600909历史涨跌幅判断-额外参数：
	分组名称：1
	走势名称：历史涨跌幅
	结果：未满足，返回code：-1
股票：600909五档变化速度判断-额外参数：
	分组名称：1
	走势名称：
	结果：未满足，返回code：-1
股票：600909按当前价格判断-额外参数：
	分组名称：1
	走势名称：
	结果：未满足，返回code：-1
额外条件未满足


===============================================

==============2021-05-24 10:10:34==============
股票：600909板块涨跌幅判断-额外参数：
	分组名称：1
	走势名称：板块涨跌幅
	结果：未满足，返回code：-1
股票：600909当前涨跌幅判断-额外参数：
	分组名称：1
	走势名称：当日涨跌幅奥术大师多
	结果：未满足
股票：600909历史涨跌幅判断-额外参数：
	分组名称：1
	走势名称：历史涨跌幅
	结果：未满足，返回code：-1
股票：600909五档变化速度判断-额外参数：
	分组名称：1
	走势名称：
	结果：未满足，返回code：-1
股票：600909按当前价格判断-额外参数：
	分组名称：1
	走势名称：
	结果：未满足，返回code：-1
额外条件未满足


===============================================

==============2021-05-24 10:10:36==============
股票：600909板块涨跌幅判断-额外参数：
	分组名称：1
	走势名称：板块涨跌幅
	结果：未满足，返回code：-1
股票：600909当前涨跌幅判断-额外参数：
	分组名称：1
	走势名称：当日涨跌幅奥术大师多
	结果：未满足
股票：600909历史涨跌幅判断-额外参数：
	分组名称：1
	走势名称：历史涨跌幅
	结果：未满足，返回code：-1
股票：600909五档变化速度判断-额外参数：
	分组名称：1
	走势名称：
	结果：未满足，返回code：-1
股票：600909按当前价格判断-额外参数：
	分组名称：1
	走势名称：
	结果：未满足，返回code：-1
额外条件未满足


===============================================

==============2021-05-24 10:10:39==============
股票：600909板块涨跌幅判断-额外参数：
	分组名称：1
	走势名称：板块涨跌幅
	结果：未满足，返回code：-1
股票：600909当前涨跌幅判断-额外参数：
	分组名称：1
	走势名称：当日涨跌幅奥术大师多
	结果：未满足
股票：600909历史涨跌幅判断-额外参数：
	分组名称：1
	走势名称：历史涨跌幅
	结果：未满足，返回code：-1
股票：600909五档变化速度判断-额外参数：
	分组名称：1
	走势名称：
	结果：未满足，返回code：-1
股票：600909按当前价格判断-额外参数：
	分组名称：1
	走势名称：
	结果：未满足，返回code：-1
额外条件未满足


===============================================

==============2021-05-24 10:10:56==============
股票：600909板块涨跌幅判断-额外参数：
	分组名称：1
	走势名称：板块涨跌幅
	结果：未满足，返回code：-1
股票：600909当前涨跌幅判断-额外参数：
	分组名称：1
	走势名称：当日涨跌幅奥术大师多
	结果：未满足
股票：600909历史涨跌幅判断-额外参数：
	分组名称：1
	走势名称：历史涨跌幅
	结果：未满足，返回code：-1
股票：600909五档变化速度判断-额外参数：
	分组名称：1
	走势名称：
	结果：未满足，返回code：-1
股票：600909按当前价格判断-额外参数：
	分组名称：1
	走势名称：
	结果：未满足，返回code：-1
额外条件未满足


===============================================

==============2021-05-24 10:12:03==============
股票：600909板块涨跌幅判断-额外参数：
	分组名称：1
	走势名称：板块涨跌幅
	结果：未满足，返回code：-1
股票：600909当前涨跌幅判断-额外参数：
	分组名称：1
	走势名称：当日涨跌幅奥术大师多
	结果：未满足
股票：600909历史涨跌幅判断-额外参数：
	分组名称：1
	走势名称：历史涨跌幅
	结果：未满足，返回code：-1
股票：600909五档变化速度判断-额外参数：
	分组名称：1
	走势名称：
	结果：未满足，返回code：-1
股票：600909按当前价格判断-额外参数：
	分组名称：1
	走势名称：
	结果：未满足，返回code：-1
额外条件未满足


===============================================

==============2021-05-24 10:12:40==============
股票：600909板块涨跌幅判断-额外参数：
	分组名称：1
	走势名称：板块涨跌幅
	结果：未满足，返回code：-1
股票：600909当前涨跌幅判断-额外参数：
	分组名称：1
	走势名称：当日涨跌幅奥术大师多
	结果：未满足
股票：600909历史涨跌幅判断-额外参数：
	分组名称：1
	走势名称：历史涨跌幅
	结果：未满足，返回code：-1
股票：600909五档变化速度判断-额外参数：
	分组名称：1
	走势名称：
	结果：未满足，返回code：-1
股票：600909按当前价格判断-额外参数：
	分组名称：1
	走势名称：
	结果：未满足，返回code：-1
额外条件未满足


===============================================

==============2021-05-24 10:12:44==============
股票：600909板块涨跌幅判断-额外参数：
	分组名称：1
	走势名称：板块涨跌幅
	结果：未满足，返回code：-1
股票：600909当前涨跌幅判断-额外参数：
	分组名称：1
	走势名称：当日涨跌幅奥术大师多
	结果：未满足
股票：600909历史涨跌幅判断-额外参数：
	分组名称：1
	走势名称：历史涨跌幅
	结果：未满足，返回code：-1
股票：600909五档变化速度判断-额外参数：
	分组名称：1
	走势名称：
	结果：未满足，返回code：-1
股票：600909按当前价格判断-额外参数：
	分组名称：1
	走势名称：
	结果：未满足，返回code：-1
额外条件未满足


===============================================

==============2021-05-24 10:12:48==============
股票：600909板块涨跌幅判断-额外参数：
	分组名称：1
	走势名称：板块涨跌幅
	结果：未满足，返回code：-1
股票：600909当前涨跌幅判断-额外参数：
	分组名称：1
	走势名称：当日涨跌幅奥术大师多
	结果：未满足
股票：600909历史涨跌幅判断-额外参数：
	分组名称：1
	走势名称：历史涨跌幅
	结果：未满足，返回code：-1
股票：600909五档变化速度判断-额外参数：
	分组名称：1
	走势名称：
	结果：未满足，返回code：-1
股票：600909按当前价格判断-额外参数：
	分组名称：1
	走势名称：
	结果：未满足，返回code：-1
额外条件未满足


===============================================

==============2021-05-24 10:12:52==============
股票：600909板块涨跌幅判断-额外参数：
	分组名称：1
	走势名称：板块涨跌幅
	结果：未满足，返回code：-1
股票：600909当前涨跌幅判断-额外参数：
	分组名称：1
	走势名称：当日涨跌幅奥术大师多
	结果：未满足
股票：600909历史涨跌幅判断-额外参数：
	分组名称：1
	走势名称：历史涨跌幅
	结果：未满足，返回code：-1
股票：600909五档变化速度判断-额外参数：
	分组名称：1
	走势名称：
	结果：未满足，返回code：-1
股票：600909按当前价格判断-额外参数：
	分组名称：1
	走势名称：
	结果：未满足，返回code：-1
额外条件未满足


===============================================

==============2021-05-24 10:12:54==============
股票：600909板块涨跌幅判断-额外参数：
	分组名称：1
	走势名称：板块涨跌幅
	结果：未满足，返回code：-1
股票：600909当前涨跌幅判断-额外参数：
	分组名称：1
	走势名称：当日涨跌幅奥术大师多
	结果：未满足
股票：600909历史涨跌幅判断-额外参数：
	分组名称：1
	走势名称：历史涨跌幅
	结果：未满足，返回code：-1
股票：600909五档变化速度判断-额外参数：
	分组名称：1
	走势名称：
	结果：未满足，返回code：-1
股票：600909按当前价格判断-额外参数：
	分组名称：1
	走势名称：
	结果：未满足，返回code：-1
额外条件未满足


===============================================

==============2021-05-24 10:12:57==============
股票：600909板块涨跌幅判断-额外参数：
	分组名称：1
	走势名称：板块涨跌幅
	结果：未满足，返回code：-1
股票：600909当前涨跌幅判断-额外参数：
	分组名称：1
	走势名称：当日涨跌幅奥术大师多
	结果：未满足
股票：600909历史涨跌幅判断-额外参数：
	分组名称：1
	走势名称：历史涨跌幅
	结果：未满足，返回code：-1
股票：600909五档变化速度判断-额外参数：
	分组名称：1
	走势名称：
	结果：未满足，返回code：-1
股票：600909按当前价格判断-额外参数：
	分组名称：1
	走势名称：
	结果：未满足，返回code：-1
额外条件未满足


===============================================

==============2021-05-24 10:13:00==============
股票：600909板块涨跌幅判断-额外参数：
	分组名称：1
	走势名称：板块涨跌幅
	结果：未满足，返回code：-1
股票：600909当前涨跌幅判断-额外参数：
	分组名称：1
	走势名称：当日涨跌幅奥术大师多
	结果：未满足
股票：600909历史涨跌幅判断-额外参数：
	分组名称：1
	走势名称：历史涨跌幅
	结果：未满足，返回code：-1
股票：600909五档变化速度判断-额外参数：
	分组名称：1
	走势名称：
	结果：未满足，返回code：-1
股票：600909按当前价格判断-额外参数：
	分组名称：1
	走势名称：
	结果：未满足，返回code：-1
额外条件未满足


===============================================

==============2021-05-24 10:13:03==============
股票：600909板块涨跌幅判断-额外参数：
	分组名称：1
	走势名称：板块涨跌幅
	结果：未满足，返回code：-1
股票：600909当前涨跌幅判断-额外参数：
	分组名称：1
	走势名称：当日涨跌幅奥术大师多
	结果：未满足
股票：600909历史涨跌幅判断-额外参数：
	分组名称：1
	走势名称：历史涨跌幅
	结果：未满足，返回code：-1
股票：600909五档变化速度判断-额外参数：
	分组名称：1
	走势名称：
	结果：未满足，返回code：-1
股票：600909按当前价格判断-额外参数：
	分组名称：1
	走势名称：
	结果：未满足，返回code：-1
额外条件未满足


===============================================

==============2021-05-24 10:13:06==============
股票：600909板块涨跌幅判断-额外参数：
	分组名称：1
	走势名称：板块涨跌幅
	结果：未满足，返回code：-1
股票：600909当前涨跌幅判断-额外参数：
	分组名称：1
	走势名称：当日涨跌幅奥术大师多
	结果：未满足
股票：600909历史涨跌幅判断-额外参数：
	分组名称：1
	走势名称：历史涨跌幅
	结果：未满足，返回code：-1
股票：600909五档变化速度判断-额外参数：
	分组名称：1
	走势名称：
	结果：未满足，返回code：-1
股票：600909按当前价格判断-额外参数：
	分组名称：1
	走势名称：
	结果：未满足，返回code：-1
额外条件未满足


===============================================

==============2021-05-24 10:13:09==============
股票：600909板块涨跌幅判断-额外参数：
	分组名称：1
	走势名称：板块涨跌幅
	结果：未满足，返回code：-1
股票：600909当前涨跌幅判断-额外参数：
	分组名称：1
	走势名称：当日涨跌幅奥术大师多
	结果：未满足
股票：600909历史涨跌幅判断-额外参数：
	分组名称：1
	走势名称：历史涨跌幅
	结果：未满足，返回code：-1
股票：600909五档变化速度判断-额外参数：
	分组名称：1
	走势名称：
	结果：达到要求
股票：600909板块涨跌幅判断-转自动参数：
	分组名称：1
	走势名称：发
	结果：未满足，返回code：-1
满足所有条件，可以触发


===============================================

