==============2021-05-20 18:16:18==============
股票：600909板块涨跌幅判断-额外参数：
	分组名称：1
	走势名称：板块涨跌幅
	结果：未满足，返回code：-1
股票：600909当前涨跌幅判断-额外参数：
	分组名称：1
	走势名称：当日涨跌幅奥术大师多
	结果：未满足
股票：600909历史涨跌幅判断-额外参数：
	分组名称：1
	走势名称：历史涨跌幅
	结果：未满足，返回code：-1
股票：600909五档变化速度判断-额外参数：
	分组名称：1
	走势名称：
	结果：达到要求
股票：600909板块涨跌幅判断-转自动参数：
	分组名称：1
	走势名称：发
	结果：未满足，返回code：-1
满足所有条件，可以触发


===============================================

==============2021-05-20 18:17:29==============
股票：600909板块涨跌幅判断-额外参数：
	分组名称：1
	走势名称：板块涨跌幅
	结果：未满足，返回code：-1
股票：600909当前涨跌幅判断-额外参数：
	分组名称：1
	走势名称：当日涨跌幅奥术大师多
	结果：未满足
股票：600909历史涨跌幅判断-额外参数：
	分组名称：1
	走势名称：历史涨跌幅
	结果：未满足，返回code：-1
股票：600909五档变化速度判断-额外参数：
	分组名称：1
	走势名称：
	结果：达到要求
股票：600909板块涨跌幅判断-转自动参数：
	分组名称：1
	走势名称：发
	结果：未满足，返回code：-1
满足所有条件，可以触发


===============================================

