==============2021-04-29 16:17:06==============
股票：600909历史涨跌幅判断-额外参数：
	分组名称：1123123123123123123
	走势名称：水电费水电费水电费水电费
	结果：未满足，返回code：-1
股票：600909当前涨跌幅判断-额外参数：
	分组名称：1123123123123123123
	走势名称：水电费水电费收到
	结果：未满足
股票：600909快速拉升判断-额外参数：
	分组名称：1123123123123123123
	走势名称：123123123123123
	结果：未满足,返回code：0
股票：600909快速拉升判断-额外参数：
	分组名称：1123123123123123123
	走势名称：快速拉升切尔奇翁
	结果：未满足,返回code：0
额外条件未满足


===============================================

==============2021-04-29 16:17:07==============
股票：600909历史涨跌幅判断-额外参数：
	分组名称：1123123123123123123
	走势名称：水电费水电费水电费水电费
	结果：未满足，返回code：-1
股票：600909当前涨跌幅判断-额外参数：
	分组名称：1123123123123123123
	走势名称：水电费水电费收到
	结果：未满足
股票：600909快速拉升判断-额外参数：
	分组名称：1123123123123123123
	走势名称：123123123123123
	结果：未满足,返回code：0
股票：600909快速拉升判断-额外参数：
	分组名称：1123123123123123123
	走势名称：快速拉升切尔奇翁
	结果：未满足,返回code：0
额外条件未满足


===============================================

==============2021-04-29 16:17:09==============
股票：600909历史涨跌幅判断-额外参数：
	分组名称：1123123123123123123
	走势名称：水电费水电费水电费水电费
	结果：未满足，返回code：-1
股票：600909当前涨跌幅判断-额外参数：
	分组名称：1123123123123123123
	走势名称：水电费水电费收到
	结果：未满足
股票：600909快速拉升判断-额外参数：
	分组名称：1123123123123123123
	走势名称：123123123123123
	结果：未满足,返回code：0
股票：600909快速拉升判断-额外参数：
	分组名称：1123123123123123123
	走势名称：快速拉升切尔奇翁
	结果：未满足,返回code：0
额外条件未满足


===============================================

==============2021-04-29 16:17:10==============
股票：600909历史涨跌幅判断-额外参数：
	分组名称：1123123123123123123
	走势名称：水电费水电费水电费水电费
	结果：未满足，返回code：-1
股票：600909当前涨跌幅判断-额外参数：
	分组名称：1123123123123123123
	走势名称：水电费水电费收到
	结果：未满足
股票：600909快速拉升判断-额外参数：
	分组名称：1123123123123123123
	走势名称：123123123123123
	结果：未满足,返回code：0
股票：600909快速拉升判断-额外参数：
	分组名称：1123123123123123123
	走势名称：快速拉升切尔奇翁
	结果：未满足,返回code：0
额外条件未满足


===============================================

==============2021-04-29 16:17:12==============
股票：600909历史涨跌幅判断-额外参数：
	分组名称：1123123123123123123
	走势名称：水电费水电费水电费水电费
	结果：未满足，返回code：-1
股票：600909当前涨跌幅判断-额外参数：
	分组名称：1123123123123123123
	走势名称：水电费水电费收到
	结果：未满足
股票：600909快速拉升判断-额外参数：
	分组名称：1123123123123123123
	走势名称：123123123123123
	结果：未满足,返回code：0
股票：600909快速拉升判断-额外参数：
	分组名称：1123123123123123123
	走势名称：快速拉升切尔奇翁
	结果：未满足,返回code：0
额外条件未满足


===============================================

==============2021-04-29 16:17:13==============
股票：600909历史涨跌幅判断-额外参数：
	分组名称：1123123123123123123
	走势名称：水电费水电费水电费水电费
	结果：未满足，返回code：-1
股票：600909当前涨跌幅判断-额外参数：
	分组名称：1123123123123123123
	走势名称：水电费水电费收到
	结果：未满足
股票：600909快速拉升判断-额外参数：
	分组名称：1123123123123123123
	走势名称：123123123123123
	结果：未满足,返回code：0
股票：600909快速拉升判断-额外参数：
	分组名称：1123123123123123123
	走势名称：快速拉升切尔奇翁
	结果：未满足,返回code：0
额外条件未满足


===============================================

==============2021-04-29 16:17:15==============
股票：600909历史涨跌幅判断-额外参数：
	分组名称：1123123123123123123
	走势名称：水电费水电费水电费水电费
	结果：未满足，返回code：-1
股票：600909当前涨跌幅判断-额外参数：
	分组名称：1123123123123123123
	走势名称：水电费水电费收到
	结果：未满足
股票：600909快速拉升判断-额外参数：
	分组名称：1123123123123123123
	走势名称：123123123123123
	结果：未满足,返回code：0
股票：600909快速拉升判断-额外参数：
	分组名称：1123123123123123123
	走势名称：快速拉升切尔奇翁
	结果：未满足,返回code：0
额外条件未满足


===============================================

