==============2021-05-21 10:07:25==============
股票：600909板块涨跌幅判断-额外参数：
	分组名称：1
	走势名称：板块涨跌幅
		额外关系-板块涨跌幅未满足条件
	结果：未满足，返回code：0
股票：600909当前涨跌幅判断-额外参数：
	分组名称：1
	走势名称：当日涨跌幅奥术大师多
	结果：未满足
股票：600909历史涨跌幅判断-额外参数：
	分组名称：1
	走势名称：历史涨跌幅
	结果：未满足，返回code：-1
股票：600909五档变化速度判断-额外参数：
	分组名称：1
	走势名称：
	结果：未满足，返回code：-1
股票：600909按当前价格判断-额外参数：
	分组名称：1
	走势名称：
	结果：未满足，返回code：-1
额外条件未满足


===============================================

==============2021-05-21 10:07:57==============
股票：600909板块涨跌幅判断-额外参数：
	分组名称：1
	走势名称：板块涨跌幅
		额外关系-板块涨跌幅未满足条件
	结果：未满足，返回code：0
股票：600909当前涨跌幅判断-额外参数：
	分组名称：1
	走势名称：当日涨跌幅奥术大师多
	结果：未满足
股票：600909历史涨跌幅判断-额外参数：
	分组名称：1
	走势名称：历史涨跌幅
	结果：未满足，返回code：-1
股票：600909五档变化速度判断-额外参数：
	分组名称：1
	走势名称：
	结果：未满足，返回code：-1
股票：600909按当前价格判断-额外参数：
	分组名称：1
	走势名称：
	结果：未满足，返回code：-1
额外条件未满足


===============================================

==============2021-05-21 10:08:00==============
股票：600909板块涨跌幅判断-额外参数：
	分组名称：1
	走势名称：板块涨跌幅
		额外关系-板块涨跌幅未满足条件
	结果：未满足，返回code：0
股票：600909当前涨跌幅判断-额外参数：
	分组名称：1
	走势名称：当日涨跌幅奥术大师多
	结果：未满足
股票：600909历史涨跌幅判断-额外参数：
	分组名称：1
	走势名称：历史涨跌幅
	结果：未满足，返回code：-1
股票：600909五档变化速度判断-额外参数：
	分组名称：1
	走势名称：
	结果：未满足，返回code：-1
股票：600909按当前价格判断-额外参数：
	分组名称：1
	走势名称：
	结果：未满足，返回code：-1
额外条件未满足


===============================================

==============2021-05-21 10:08:03==============
股票：600909板块涨跌幅判断-额外参数：
	分组名称：1
	走势名称：板块涨跌幅
		额外关系-板块涨跌幅未满足条件
	结果：未满足，返回code：0
股票：600909当前涨跌幅判断-额外参数：
	分组名称：1
	走势名称：当日涨跌幅奥术大师多
	结果：未满足
股票：600909历史涨跌幅判断-额外参数：
	分组名称：1
	走势名称：历史涨跌幅
	结果：未满足，返回code：-1
股票：600909五档变化速度判断-额外参数：
	分组名称：1
	走势名称：
	结果：未满足，返回code：-1
股票：600909按当前价格判断-额外参数：
	分组名称：1
	走势名称：
	结果：未满足，返回code：-1
额外条件未满足


===============================================

==============2021-05-21 10:08:37==============
股票：600909板块涨跌幅判断-额外参数：
	分组名称：1
	走势名称：板块涨跌幅
		额外关系-板块涨跌幅未满足条件
	结果：未满足，返回code：0
股票：600909当前涨跌幅判断-额外参数：
	分组名称：1
	走势名称：当日涨跌幅奥术大师多
	结果：未满足
股票：600909历史涨跌幅判断-额外参数：
	分组名称：1
	走势名称：历史涨跌幅
	结果：未满足，返回code：-1
股票：600909五档变化速度判断-额外参数：
	分组名称：1
	走势名称：
	结果：未满足，返回code：-1
股票：600909按当前价格判断-额外参数：
	分组名称：1
	走势名称：
	结果：未满足，返回code：-1
额外条件未满足


===============================================

==============2021-05-21 10:08:45==============
股票：600909板块涨跌幅判断-额外参数：
	分组名称：1
	走势名称：板块涨跌幅
		额外关系-板块涨跌幅未满足条件
	结果：未满足，返回code：0
股票：600909当前涨跌幅判断-额外参数：
	分组名称：1
	走势名称：当日涨跌幅奥术大师多
	结果：未满足
股票：600909历史涨跌幅判断-额外参数：
	分组名称：1
	走势名称：历史涨跌幅
	结果：未满足，返回code：-1
股票：600909五档变化速度判断-额外参数：
	分组名称：1
	走势名称：
	结果：未满足，返回code：-1
股票：600909按当前价格判断-额外参数：
	分组名称：1
	走势名称：
	结果：未满足，返回code：-1
额外条件未满足


===============================================

