2021/1/11 13:39:57
执行队列失败
System.ComponentModel.Win32Exception (0x80004005): 等待的操作过时。

2021/1/11 13:39:57
执行队列失败
System.ComponentModel.Win32Exception (0x80004005): 等待的操作过时。

2021/1/11 13:39:57
执行队列失败
System.ComponentModel.Win32Exception (0x80004005): 等待的操作过时。

2021/1/11 13:39:57
执行队列失败
System.ComponentModel.Win32Exception (0x80004005): 等待的操作过时。

2021/1/11 13:39:57
执行队列失败
System.ComponentModel.Win32Exception (0x80004005): 等待的操作过时。

2021/1/11 13:39:57
执行队列失败
System.ComponentModel.Win32Exception (0x80004005): 等待的操作过时。

2021/1/11 13:39:57
执行队列失败
System.ComponentModel.Win32Exception (0x80004005): 等待的操作过时。

2021/1/11 13:39:57
执行队列失败
System.ComponentModel.Win32Exception (0x80004005): 等待的操作过时。

2021/1/11 13:39:57
执行队列失败
System.ComponentModel.Win32Exception (0x80004005): 等待的操作过时。

2021/1/11 13:39:57
执行队列失败
System.ComponentModel.Win32Exception (0x80004005): 等待的操作过时。

2021/1/11 13:39:57
执行队列失败
System.ComponentModel.Win32Exception (0x80004005): 等待的操作过时。

2021/1/11 13:39:57
执行队列失败
System.ComponentModel.Win32Exception (0x80004005): 等待的操作过时。

2021/1/11 13:39:57
执行队列失败
System.ComponentModel.Win32Exception (0x80004005): 等待的操作过时。

2021/1/11 13:39:57
执行队列失败
System.ComponentModel.Win32Exception (0x80004005): 等待的操作过时。

2021/1/11 13:39:57
执行队列失败
System.ComponentModel.Win32Exception (0x80004005): 等待的操作过时。

2021/1/11 13:39:57
执行队列失败
System.ComponentModel.Win32Exception (0x80004005): 等待的操作过时。

2021/1/11 13:39:57
执行队列失败
System.ComponentModel.Win32Exception (0x80004005): 等待的操作过时。

2021/1/11 13:39:57
执行队列失败
System.ComponentModel.Win32Exception (0x80004005): 等待的操作过时。

2021/1/11 13:39:57
执行队列失败
System.ComponentModel.Win32Exception (0x80004005): 等待的操作过时。

2021/1/11 13:39:57
执行队列失败
System.ComponentModel.Win32Exception (0x80004005): 等待的操作过时。

2021/1/11 13:39:57
执行队列失败
System.ComponentModel.Win32Exception (0x80004005): 等待的操作过时。

2021/1/11 13:39:57
执行队列失败
System.ComponentModel.Win32Exception (0x80004005): 等待的操作过时。

2021/1/11 13:39:57
执行队列失败
System.ComponentModel.Win32Exception (0x80004005): 等待的操作过时。

2021/1/11 13:39:57
执行队列失败
System.ComponentModel.Win32Exception (0x80004005): 等待的操作过时。

2021/1/11 13:39:57
执行队列失败
System.ComponentModel.Win32Exception (0x80004005): 等待的操作过时。

2021/1/11 13:39:57
执行队列失败
System.ComponentModel.Win32Exception (0x80004005): 等待的操作过时。

2021/1/11 13:39:57
执行队列失败
System.ComponentModel.Win32Exception (0x80004005): 等待的操作过时。

2021/1/11 13:39:57
执行队列失败
System.ComponentModel.Win32Exception (0x80004005): 等待的操作过时。

2021/1/11 13:39:57
执行队列失败
System.ComponentModel.Win32Exception (0x80004005): 等待的操作过时。

2021/1/11 13:39:57
执行队列失败
System.ComponentModel.Win32Exception (0x80004005): 等待的操作过时。

2021/1/11 13:39:57
执行队列失败
System.ComponentModel.Win32Exception (0x80004005): 等待的操作过时。

2021/1/11 13:39:57
执行队列失败
System.ComponentModel.Win32Exception (0x80004005): 等待的操作过时。

2021/1/11 13:39:57
执行队列失败
System.ComponentModel.Win32Exception (0x80004005): 等待的操作过时。

2021/1/11 13:39:57
执行队列失败
System.ComponentModel.Win32Exception (0x80004005): 等待的操作过时。

2021/1/11 13:39:57
执行队列失败
System.ComponentModel.Win32Exception (0x80004005): 等待的操作过时。

2021/1/11 13:39:57
执行队列失败
System.ComponentModel.Win32Exception (0x80004005): 等待的操作过时。

2021/1/11 13:39:57
执行队列失败
System.ComponentModel.Win32Exception (0x80004005): 等待的操作过时。

2021/1/11 13:47:09
执行队列失败
System.ComponentModel.Win32Exception (0x80004005): 找不到网络路径。

2021/1/11 14:20:30
执行队列失败
System.ComponentModel.Win32Exception (0x80004005): 远程主机强迫关闭了一个现有的连接。

2021/1/11 14:20:30
执行队列失败
System.ComponentModel.Win32Exception (0x80004005): 指定的网络名不再可用。

2021/1/11 14:20:30
执行队列失败
System.ComponentModel.Win32Exception (0x80004005): 远程主机强迫关闭了一个现有的连接。

2021/1/11 14:21:00
执行队列失败
System.ComponentModel.Win32Exception (0x80004005): 等待的操作过时。

2021/1/11 14:21:00
执行队列失败
System.ComponentModel.Win32Exception (0x80004005): 等待的操作过时。

2021/1/11 14:21:00
执行队列失败
System.ComponentModel.Win32Exception (0x80004005): 等待的操作过时。

2021/1/11 14:21:00
执行队列失败
System.ComponentModel.Win32Exception (0x80004005): 等待的操作过时。

2021/1/11 14:21:00
执行队列失败
System.ComponentModel.Win32Exception (0x80004005): 等待的操作过时。

2021/1/11 14:21:00
执行队列失败
System.ComponentModel.Win32Exception (0x80004005): 等待的操作过时。

2021/1/11 14:21:00
执行队列失败
System.ComponentModel.Win32Exception (0x80004005): 等待的操作过时。

2021/1/11 14:21:00
执行队列失败
System.ComponentModel.Win32Exception (0x80004005): 等待的操作过时。

2021/1/11 14:21:00
执行队列失败
System.ComponentModel.Win32Exception (0x80004005): 等待的操作过时。

2021/1/11 14:21:00
执行队列失败
System.ComponentModel.Win32Exception (0x80004005): 等待的操作过时。

2021/1/11 14:21:00
执行队列失败
System.ComponentModel.Win32Exception (0x80004005): 等待的操作过时。

2021/1/11 14:21:00
执行队列失败
System.ComponentModel.Win32Exception (0x80004005): 等待的操作过时。

2021/1/11 14:21:00
执行队列失败
System.ComponentModel.Win32Exception (0x80004005): 等待的操作过时。

2021/1/11 14:21:00
执行队列失败
System.ComponentModel.Win32Exception (0x80004005): 等待的操作过时。

2021/1/11 14:21:00
执行队列失败
System.ComponentModel.Win32Exception (0x80004005): 等待的操作过时。

2021/1/11 14:21:00
执行队列失败
System.ComponentModel.Win32Exception (0x80004005): 等待的操作过时。

2021/1/11 14:21:00
执行队列失败
System.ComponentModel.Win32Exception (0x80004005): 等待的操作过时。

2021/1/11 14:21:00
执行队列失败
System.ComponentModel.Win32Exception (0x80004005): 等待的操作过时。

2021/1/11 14:21:00
执行队列失败
System.ComponentModel.Win32Exception (0x80004005): 等待的操作过时。

2021/1/11 14:21:00
执行队列失败
System.ComponentModel.Win32Exception (0x80004005): 等待的操作过时。

2021/1/11 14:21:00
执行队列失败
System.ComponentModel.Win32Exception (0x80004005): 等待的操作过时。

2021/1/11 14:21:00
执行队列失败
System.ComponentModel.Win32Exception (0x80004005): 等待的操作过时。

2021/1/11 14:21:00
执行队列失败
System.ComponentModel.Win32Exception (0x80004005): 等待的操作过时。

2021/1/11 14:21:00
执行队列失败
System.ComponentModel.Win32Exception (0x80004005): 等待的操作过时。

2021/1/11 14:21:00
执行队列失败
System.ComponentModel.Win32Exception (0x80004005): 等待的操作过时。

2021/1/11 14:21:00
执行队列失败
System.ComponentModel.Win32Exception (0x80004005): 等待的操作过时。

2021/1/11 14:21:00
执行队列失败
System.ComponentModel.Win32Exception (0x80004005): 等待的操作过时。

2021/1/11 14:21:01
执行队列失败
System.ComponentModel.Win32Exception (0x80004005): 等待的操作过时。

2021/1/11 14:21:01
执行队列失败
System.ComponentModel.Win32Exception (0x80004005): 等待的操作过时。

2021/1/11 14:21:01
执行队列失败
System.ComponentModel.Win32Exception (0x80004005): 等待的操作过时。

2021/1/11 14:21:01
执行队列失败
System.ComponentModel.Win32Exception (0x80004005): 等待的操作过时。

2021/1/11 14:21:01
执行队列失败
System.ComponentModel.Win32Exception (0x80004005): 等待的操作过时。

2021/1/11 14:21:01
执行队列失败
System.ComponentModel.Win32Exception (0x80004005): 等待的操作过时。

2021/1/11 14:21:01
执行队列失败
System.ComponentModel.Win32Exception (0x80004005): 等待的操作过时。

2021/1/11 14:21:01
执行队列失败
System.ComponentModel.Win32Exception (0x80004005): 等待的操作过时。

2021/1/11 14:21:01
执行队列失败
System.ComponentModel.Win32Exception (0x80004005): 等待的操作过时。

2021/1/11 14:21:01
执行队列失败
System.ComponentModel.Win32Exception (0x80004005): 等待的操作过时。

2021/1/11 14:21:01
执行队列失败
System.ComponentModel.Win32Exception (0x80004005): 等待的操作过时。

2021/1/11 14:21:01
执行队列失败
System.ComponentModel.Win32Exception (0x80004005): 等待的操作过时。

2021/1/11 14:21:01
执行队列失败
System.ComponentModel.Win32Exception (0x80004005): 等待的操作过时。

2021/1/11 14:21:01
执行队列失败
System.ComponentModel.Win32Exception (0x80004005): 等待的操作过时。

2021/1/11 14:21:01
执行队列失败
System.ComponentModel.Win32Exception (0x80004005): 等待的操作过时。

2021/1/11 14:21:01
执行队列失败
System.ComponentModel.Win32Exception (0x80004005): 等待的操作过时。

2021/1/11 14:21:01
执行队列失败
System.ComponentModel.Win32Exception (0x80004005): 等待的操作过时。

2021/1/11 14:21:01
执行队列失败
System.ComponentModel.Win32Exception (0x80004005): 等待的操作过时。

2021/1/11 14:21:01
执行队列失败
System.ComponentModel.Win32Exception (0x80004005): 等待的操作过时。

2021/1/11 14:21:01
执行队列失败
System.ComponentModel.Win32Exception (0x80004005): 等待的操作过时。

2021/1/11 14:21:01
执行队列失败
System.ComponentModel.Win32Exception (0x80004005): 等待的操作过时。

2021/1/11 14:21:01
执行队列失败
System.ComponentModel.Win32Exception (0x80004005): 等待的操作过时。

2021/1/11 14:21:01
执行队列失败
System.ComponentModel.Win32Exception (0x80004005): 等待的操作过时。

2021/1/11 14:21:01
执行队列失败
System.ComponentModel.Win32Exception (0x80004005): 等待的操作过时。

2021/1/11 14:21:01
执行队列失败
System.ComponentModel.Win32Exception (0x80004005): 等待的操作过时。

2021/1/11 14:21:01
执行队列失败
System.ComponentModel.Win32Exception (0x80004005): 等待的操作过时。

2021/1/11 14:21:01
执行队列失败
System.ComponentModel.Win32Exception (0x80004005): 等待的操作过时。

2021/1/11 14:21:01
执行队列失败
System.ComponentModel.Win32Exception (0x80004005): 等待的操作过时。

2021/1/11 14:21:01
执行队列失败
System.ComponentModel.Win32Exception (0x80004005): 等待的操作过时。

2021/1/11 14:21:01
执行队列失败
System.ComponentModel.Win32Exception (0x80004005): 等待的操作过时。

2021/1/11 14:21:01
执行队列失败
System.ComponentModel.Win32Exception (0x80004005): 等待的操作过时。

2021/1/11 14:21:01
执行队列失败
System.ComponentModel.Win32Exception (0x80004005): 等待的操作过时。

2021/1/11 14:21:01
执行队列失败
System.ComponentModel.Win32Exception (0x80004005): 等待的操作过时。

2021/1/11 14:21:01
执行队列失败
System.ComponentModel.Win32Exception (0x80004005): 等待的操作过时。

2021/1/11 14:21:01
执行队列失败
System.ComponentModel.Win32Exception (0x80004005): 等待的操作过时。

2021/1/11 14:21:01
执行队列失败
System.ComponentModel.Win32Exception (0x80004005): 等待的操作过时。

2021/1/11 14:21:01
执行队列失败
System.ComponentModel.Win32Exception (0x80004005): 等待的操作过时。

2021/1/11 14:21:01
执行队列失败
System.ComponentModel.Win32Exception (0x80004005): 等待的操作过时。

2021/1/11 14:21:01
执行队列失败
System.ComponentModel.Win32Exception (0x80004005): 等待的操作过时。

2021/1/11 14:21:01
执行队列失败
System.ComponentModel.Win32Exception (0x80004005): 等待的操作过时。

2021/1/11 14:21:01
执行队列失败
System.ComponentModel.Win32Exception (0x80004005): 等待的操作过时。

2021/1/11 14:21:01
执行队列失败
System.ComponentModel.Win32Exception (0x80004005): 等待的操作过时。

2021/1/11 14:21:01
执行队列失败
System.ComponentModel.Win32Exception (0x80004005): 等待的操作过时。

2021/1/11 14:21:01
执行队列失败
System.ComponentModel.Win32Exception (0x80004005): 等待的操作过时。

2021/1/11 14:21:01
执行队列失败
System.ComponentModel.Win32Exception (0x80004005): 等待的操作过时。

2021/1/11 14:21:01
执行队列失败
System.ComponentModel.Win32Exception (0x80004005): 等待的操作过时。

2021/1/11 14:21:01
执行队列失败
System.ComponentModel.Win32Exception (0x80004005): 等待的操作过时。

2021/1/11 14:21:01
执行队列失败
System.ComponentModel.Win32Exception (0x80004005): 等待的操作过时。

2021/1/11 14:21:01
执行队列失败
System.ComponentModel.Win32Exception (0x80004005): 等待的操作过时。

2021/1/11 14:21:01
执行队列失败
System.ComponentModel.Win32Exception (0x80004005): 等待的操作过时。

2021/1/11 14:21:02
执行队列失败
System.ComponentModel.Win32Exception (0x80004005): 等待的操作过时。

2021/1/11 14:21:02
执行队列失败
System.ComponentModel.Win32Exception (0x80004005): 等待的操作过时。

2021/1/11 14:21:02
执行队列失败
System.ComponentModel.Win32Exception (0x80004005): 等待的操作过时。

2021/1/11 14:21:02
执行队列失败
System.ComponentModel.Win32Exception (0x80004005): 等待的操作过时。

2021/1/11 14:21:02
执行队列失败
System.ComponentModel.Win32Exception (0x80004005): 等待的操作过时。

2021/1/11 14:21:02
执行队列失败
System.ComponentModel.Win32Exception (0x80004005): 等待的操作过时。

2021/1/11 14:21:02
执行队列失败
System.ComponentModel.Win32Exception (0x80004005): 等待的操作过时。

2021/1/11 14:21:02
执行队列失败
System.ComponentModel.Win32Exception (0x80004005): 等待的操作过时。

2021/1/11 14:21:02
执行队列失败
System.ComponentModel.Win32Exception (0x80004005): 等待的操作过时。

2021/1/11 14:21:02
执行队列失败
System.ComponentModel.Win32Exception (0x80004005): 等待的操作过时。

2021/1/11 14:21:02
执行队列失败
System.ComponentModel.Win32Exception (0x80004005): 等待的操作过时。

2021/1/11 14:21:02
执行队列失败
System.ComponentModel.Win32Exception (0x80004005): 等待的操作过时。

2021/1/11 14:21:02
执行队列失败
System.ComponentModel.Win32Exception (0x80004005): 等待的操作过时。

2021/1/11 14:21:02
执行队列失败
System.ComponentModel.Win32Exception (0x80004005): 等待的操作过时。

2021/1/11 14:21:02
执行队列失败
System.ComponentModel.Win32Exception (0x80004005): 等待的操作过时。

2021/1/11 14:21:02
执行队列失败
System.ComponentModel.Win32Exception (0x80004005): 等待的操作过时。

2021/1/11 14:21:02
执行队列失败
System.ComponentModel.Win32Exception (0x80004005): 等待的操作过时。

2021/1/11 14:21:02
执行队列失败
System.ComponentModel.Win32Exception (0x80004005): 等待的操作过时。

2021/1/11 14:21:02
执行队列失败
System.ComponentModel.Win32Exception (0x80004005): 等待的操作过时。

2021/1/11 14:21:02
执行队列失败
System.ComponentModel.Win32Exception (0x80004005): 等待的操作过时。

2021/1/11 14:21:02
执行队列失败
System.ComponentModel.Win32Exception (0x80004005): 等待的操作过时。

2021/1/11 14:21:02
执行队列失败
System.ComponentModel.Win32Exception (0x80004005): 等待的操作过时。

2021/1/11 14:21:02
执行队列失败
System.ComponentModel.Win32Exception (0x80004005): 等待的操作过时。

2021/1/11 14:21:02
执行队列失败
System.ComponentModel.Win32Exception (0x80004005): 等待的操作过时。

2021/1/11 14:21:02
执行队列失败
System.ComponentModel.Win32Exception (0x80004005): 等待的操作过时。

2021/1/11 14:21:02
执行队列失败
System.ComponentModel.Win32Exception (0x80004005): 等待的操作过时。

2021/1/11 14:21:02
执行队列失败
System.ComponentModel.Win32Exception (0x80004005): 等待的操作过时。

2021/1/11 14:21:02
执行队列失败
System.ComponentModel.Win32Exception (0x80004005): 等待的操作过时。

2021/1/11 14:21:02
执行队列失败
System.ComponentModel.Win32Exception (0x80004005): 等待的操作过时。

2021/1/11 14:21:02
执行队列失败
System.ComponentModel.Win32Exception (0x80004005): 等待的操作过时。

2021/1/11 14:21:02
执行队列失败
System.ComponentModel.Win32Exception (0x80004005): 等待的操作过时。

2021/1/11 14:21:02
执行队列失败
System.ComponentModel.Win32Exception (0x80004005): 等待的操作过时。

2021/1/11 14:21:02
执行队列失败
System.ComponentModel.Win32Exception (0x80004005): 等待的操作过时。

2021/1/11 14:21:02
执行队列失败
System.ComponentModel.Win32Exception (0x80004005): 等待的操作过时。

2021/1/11 14:21:02
执行队列失败
System.ComponentModel.Win32Exception (0x80004005): 等待的操作过时。

2021/1/11 14:21:02
执行队列失败
System.ComponentModel.Win32Exception (0x80004005): 等待的操作过时。

2021/1/11 14:21:02
执行队列失败
System.ComponentModel.Win32Exception (0x80004005): 等待的操作过时。

2021/1/11 14:21:02
执行队列失败
System.ComponentModel.Win32Exception (0x80004005): 等待的操作过时。

2021/1/11 14:21:02
执行队列失败
System.ComponentModel.Win32Exception (0x80004005): 等待的操作过时。

2021/1/11 14:21:02
执行队列失败
System.ComponentModel.Win32Exception (0x80004005): 等待的操作过时。

2021/1/11 14:21:02
执行队列失败
System.ComponentModel.Win32Exception (0x80004005): 等待的操作过时。

2021/1/11 14:21:02
执行队列失败
System.ComponentModel.Win32Exception (0x80004005): 等待的操作过时。

2021/1/11 14:21:02
执行队列失败
System.ComponentModel.Win32Exception (0x80004005): 等待的操作过时。

2021/1/11 14:21:02
执行队列失败
System.ComponentModel.Win32Exception (0x80004005): 等待的操作过时。

2021/1/11 14:21:02
执行队列失败
System.ComponentModel.Win32Exception (0x80004005): 等待的操作过时。

2021/1/11 14:21:02
执行队列失败
System.ComponentModel.Win32Exception (0x80004005): 等待的操作过时。

2021/1/11 14:21:02
执行队列失败
System.ComponentModel.Win32Exception (0x80004005): 等待的操作过时。

2021/1/11 14:21:02
执行队列失败
System.ComponentModel.Win32Exception (0x80004005): 等待的操作过时。

2021/1/11 14:21:02
执行队列失败
System.ComponentModel.Win32Exception (0x80004005): 等待的操作过时。

2021/1/11 14:21:02
执行队列失败
System.ComponentModel.Win32Exception (0x80004005): 等待的操作过时。

2021/1/11 14:21:02
执行队列失败
System.ComponentModel.Win32Exception (0x80004005): 等待的操作过时。

2021/1/11 14:21:02
执行队列失败
System.ComponentModel.Win32Exception (0x80004005): 等待的操作过时。

2021/1/11 14:21:02
执行队列失败
System.ComponentModel.Win32Exception (0x80004005): 等待的操作过时。

2021/1/11 14:21:02
执行队列失败
System.ComponentModel.Win32Exception (0x80004005): 等待的操作过时。

2021/1/11 14:21:02
执行队列失败
System.ComponentModel.Win32Exception (0x80004005): 等待的操作过时。

2021/1/11 14:21:02
执行队列失败
System.ComponentModel.Win32Exception (0x80004005): 等待的操作过时。

2021/1/11 14:21:02
执行队列失败
System.ComponentModel.Win32Exception (0x80004005): 等待的操作过时。

2021/1/11 14:21:02
执行队列失败
System.ComponentModel.Win32Exception (0x80004005): 等待的操作过时。

2021/1/11 14:21:02
执行队列失败
System.ComponentModel.Win32Exception (0x80004005): 等待的操作过时。

2021/1/11 14:21:02
执行队列失败
System.ComponentModel.Win32Exception (0x80004005): 等待的操作过时。

2021/1/11 14:21:02
执行队列失败
System.ComponentModel.Win32Exception (0x80004005): 等待的操作过时。

2021/1/11 14:21:02
执行队列失败
System.ComponentModel.Win32Exception (0x80004005): 等待的操作过时。

2021/1/11 14:21:05
执行队列失败
System.ComponentModel.Win32Exception (0x80004005): 等待的操作过时。

2021/1/11 14:21:05
执行队列失败
System.ComponentModel.Win32Exception (0x80004005): 等待的操作过时。

2021/1/11 14:21:05
执行队列失败
System.ComponentModel.Win32Exception (0x80004005): 等待的操作过时。

2021/1/11 14:21:05
执行队列失败
System.ComponentModel.Win32Exception (0x80004005): 等待的操作过时。

2021/1/11 14:22:47
更新更新分笔成交数据出错
System.ComponentModel.Win32Exception (0x80004005): 等待的操作过时。

2021/1/11 14:22:47
更新更新分笔成交数据出错
System.ComponentModel.Win32Exception (0x80004005): 等待的操作过时。

2021/1/11 14:26:36
更新更新分笔成交数据出错
System.ComponentModel.Win32Exception (0x80004005): 等待的操作过时。

2021/1/11 14:26:36
更新更新分笔成交数据出错
System.ComponentModel.Win32Exception (0x80004005): 等待的操作过时。

2021/1/11 14:26:37
更新更新分笔成交数据出错
System.ComponentModel.Win32Exception (0x80004005): 等待的操作过时。

2021/1/11 14:26:37
更新更新分笔成交数据出错
System.ComponentModel.Win32Exception (0x80004005): 等待的操作过时。

2021/1/11 14:26:37
更新更新分笔成交数据出错
System.ComponentModel.Win32Exception (0x80004005): 等待的操作过时。

2021/1/11 14:26:37
更新更新分笔成交数据出错
System.ComponentModel.Win32Exception (0x80004005): 等待的操作过时。

2021/1/11 14:26:37
更新更新分笔成交数据出错
System.ComponentModel.Win32Exception (0x80004005): 等待的操作过时。

2021/1/11 14:26:38
更新更新分笔成交数据出错
System.ComponentModel.Win32Exception (0x80004005): 等待的操作过时。

2021/1/11 14:26:38
更新更新分笔成交数据出错
System.ComponentModel.Win32Exception (0x80004005): 等待的操作过时。

2021/1/11 14:26:38
更新更新分笔成交数据出错
System.ComponentModel.Win32Exception (0x80004005): 等待的操作过时。

2021/1/11 14:26:38
更新更新分笔成交数据出错
System.ComponentModel.Win32Exception (0x80004005): 等待的操作过时。

2021/1/11 14:26:38
更新更新分笔成交数据出错
System.ComponentModel.Win32Exception (0x80004005): 等待的操作过时。

2021/1/11 14:26:38
更新更新分笔成交数据出错
System.ComponentModel.Win32Exception (0x80004005): 等待的操作过时。

2021/1/11 14:26:38
更新更新分笔成交数据出错
System.ComponentModel.Win32Exception (0x80004005): 等待的操作过时。

2021/1/11 14:26:38
更新更新分笔成交数据出错
System.ComponentModel.Win32Exception (0x80004005): 等待的操作过时。

2021/1/11 14:26:38
更新更新分笔成交数据出错
System.ComponentModel.Win32Exception (0x80004005): 等待的操作过时。

2021/1/11 14:26:38
更新更新分笔成交数据出错
System.ComponentModel.Win32Exception (0x80004005): 等待的操作过时。

2021/1/11 14:26:38
更新更新分笔成交数据出错
System.ComponentModel.Win32Exception (0x80004005): 等待的操作过时。

2021/1/11 14:26:38
更新更新分笔成交数据出错
System.ComponentModel.Win32Exception (0x80004005): 等待的操作过时。

2021/1/11 14:26:38
更新更新分笔成交数据出错
System.ComponentModel.Win32Exception (0x80004005): 等待的操作过时。

2021/1/11 14:26:38
更新更新分笔成交数据出错
System.ComponentModel.Win32Exception (0x80004005): 等待的操作过时。

2021/1/11 14:26:38
更新更新分笔成交数据出错
System.ComponentModel.Win32Exception (0x80004005): 等待的操作过时。

2021/1/11 14:26:39
更新更新分笔成交数据出错
System.ComponentModel.Win32Exception (0x80004005): 等待的操作过时。

2021/1/11 14:26:39
更新更新分笔成交数据出错
System.ComponentModel.Win32Exception (0x80004005): 等待的操作过时。

2021/1/11 14:26:39
更新更新分笔成交数据出错
System.ComponentModel.Win32Exception (0x80004005): 等待的操作过时。

2021/1/11 14:26:39
更新更新分笔成交数据出错
System.ComponentModel.Win32Exception (0x80004005): 等待的操作过时。

2021/1/11 14:26:39
更新更新分笔成交数据出错
System.ComponentModel.Win32Exception (0x80004005): 等待的操作过时。

2021/1/11 14:26:39
更新更新分笔成交数据出错
System.ComponentModel.Win32Exception (0x80004005): 等待的操作过时。

2021/1/11 14:26:40
更新更新分笔成交数据出错
System.ComponentModel.Win32Exception (0x80004005): 等待的操作过时。

2021/1/11 14:26:40
更新更新分笔成交数据出错
System.ComponentModel.Win32Exception (0x80004005): 等待的操作过时。

2021/1/11 14:26:40
更新更新分笔成交数据出错
System.ComponentModel.Win32Exception (0x80004005): 等待的操作过时。

2021/1/11 14:26:40
更新更新分笔成交数据出错
System.ComponentModel.Win32Exception (0x80004005): 等待的操作过时。

2021/1/11 14:26:41
更新更新分笔成交数据出错
System.ComponentModel.Win32Exception (0x80004005): 等待的操作过时。

2021/1/11 14:26:41
更新更新分笔成交数据出错
System.ComponentModel.Win32Exception (0x80004005): 等待的操作过时。

2021/1/11 14:26:41
更新更新分笔成交数据出错
System.ComponentModel.Win32Exception (0x80004005): 等待的操作过时。

2021/1/11 14:26:41
更新更新分笔成交数据出错
System.ComponentModel.Win32Exception (0x80004005): 等待的操作过时。

2021/1/11 14:26:41
更新更新分笔成交数据出错
System.ComponentModel.Win32Exception (0x80004005): 等待的操作过时。

2021/1/11 14:26:43
更新更新分笔成交数据出错
System.ComponentModel.Win32Exception (0x80004005): 等待的操作过时。

2021/1/11 14:26:44
更新更新分笔成交数据出错
System.ComponentModel.Win32Exception (0x80004005): 等待的操作过时。

2021/1/11 14:26:45
更新更新分笔成交数据出错
System.ComponentModel.Win32Exception (0x80004005): 等待的操作过时。

2021/1/11 14:26:46
更新更新分笔成交数据出错
System.ComponentModel.Win32Exception (0x80004005): 等待的操作过时。

2021/1/11 14:26:47
更新更新分笔成交数据出错
System.ComponentModel.Win32Exception (0x80004005): 等待的操作过时。

2021/1/11 14:26:47
更新更新分笔成交数据出错
System.ComponentModel.Win32Exception (0x80004005): 等待的操作过时。

2021/1/11 14:26:47
更新更新分笔成交数据出错
System.ComponentModel.Win32Exception (0x80004005): 等待的操作过时。

2021/1/11 14:26:48
更新更新分笔成交数据出错
System.ComponentModel.Win32Exception (0x80004005): 等待的操作过时。

2021/1/11 14:26:50
更新更新分笔成交数据出错
System.ComponentModel.Win32Exception (0x80004005): 等待的操作过时。

2021/1/11 14:26:52
更新更新分笔成交数据出错
System.ComponentModel.Win32Exception (0x80004005): 等待的操作过时。

2021/1/11 14:26:53
更新更新分笔成交数据出错
System.ComponentModel.Win32Exception (0x80004005): 等待的操作过时。

2021/1/11 14:26:55
更新更新分笔成交数据出错
System.ComponentModel.Win32Exception (0x80004005): 等待的操作过时。

2021/1/11 14:26:55
更新更新分笔成交数据出错
System.ComponentModel.Win32Exception (0x80004005): 等待的操作过时。

2021/1/11 14:26:55
更新更新分笔成交数据出错
System.ComponentModel.Win32Exception (0x80004005): 等待的操作过时。

2021/1/11 14:26:55
更新更新分笔成交数据出错
System.ComponentModel.Win32Exception (0x80004005): 等待的操作过时。

2021/1/11 14:26:56
更新更新分笔成交数据出错
System.ComponentModel.Win32Exception (0x80004005): 等待的操作过时。

2021/1/11 14:26:56
更新更新分笔成交数据出错
System.ComponentModel.Win32Exception (0x80004005): 等待的操作过时。

2021/1/11 14:26:56
更新更新分笔成交数据出错
System.ComponentModel.Win32Exception (0x80004005): 等待的操作过时。

2021/1/11 14:26:56
更新更新分笔成交数据出错
System.ComponentModel.Win32Exception (0x80004005): 等待的操作过时。

2021/1/11 14:26:56
更新更新分笔成交数据出错
System.ComponentModel.Win32Exception (0x80004005): 等待的操作过时。

2021/1/11 14:26:56
更新更新分笔成交数据出错
System.ComponentModel.Win32Exception (0x80004005): 等待的操作过时。

2021/1/11 14:26:57
更新更新分笔成交数据出错
System.ComponentModel.Win32Exception (0x80004005): 等待的操作过时。

2021/1/11 14:26:57
更新更新分笔成交数据出错
System.ComponentModel.Win32Exception (0x80004005): 等待的操作过时。

2021/1/11 14:26:58
更新更新分笔成交数据出错
System.ComponentModel.Win32Exception (0x80004005): 等待的操作过时。

2021/1/11 14:26:59
更新更新分笔成交数据出错
System.ComponentModel.Win32Exception (0x80004005): 等待的操作过时。

2021/1/11 14:26:59
更新更新分笔成交数据出错
System.ComponentModel.Win32Exception (0x80004005): 等待的操作过时。

2021/1/11 14:27:00
更新更新分笔成交数据出错
System.ComponentModel.Win32Exception (0x80004005): 等待的操作过时。

2021/1/11 14:27:00
更新更新分笔成交数据出错
System.ComponentModel.Win32Exception (0x80004005): 等待的操作过时。

2021/1/11 14:27:05
更新更新分笔成交数据出错
System.ComponentModel.Win32Exception (0x80004005): 等待的操作过时。

2021/1/11 14:27:06
更新更新分笔成交数据出错
System.ComponentModel.Win32Exception (0x80004005): 等待的操作过时。

2021/1/11 14:27:07
更新更新分笔成交数据出错
System.ComponentModel.Win32Exception (0x80004005): 等待的操作过时。

2021/1/11 14:27:07
更新更新分笔成交数据出错
System.ComponentModel.Win32Exception (0x80004005): 等待的操作过时。

2021/1/11 14:27:07
更新更新分笔成交数据出错
System.ComponentModel.Win32Exception (0x80004005): 等待的操作过时。

2021/1/11 14:27:07
更新更新分笔成交数据出错
System.ComponentModel.Win32Exception (0x80004005): 等待的操作过时。

2021/1/11 14:27:07
更新更新分笔成交数据出错
System.ComponentModel.Win32Exception (0x80004005): 等待的操作过时。

2021/1/11 14:27:07
更新更新分笔成交数据出错
System.ComponentModel.Win32Exception (0x80004005): 等待的操作过时。

2021/1/11 14:27:07
更新更新分笔成交数据出错
System.ComponentModel.Win32Exception (0x80004005): 等待的操作过时。

2021/1/11 14:27:08
更新更新分笔成交数据出错
System.ComponentModel.Win32Exception (0x80004005): 等待的操作过时。

2021/1/11 14:27:08
更新更新分笔成交数据出错
System.ComponentModel.Win32Exception (0x80004005): 等待的操作过时。

2021/1/11 14:27:08
更新更新分笔成交数据出错
System.ComponentModel.Win32Exception (0x80004005): 等待的操作过时。

2021/1/11 14:27:08
更新更新分笔成交数据出错
System.ComponentModel.Win32Exception (0x80004005): 等待的操作过时。

2021/1/11 14:27:09
更新更新分笔成交数据出错
System.ComponentModel.Win32Exception (0x80004005): 等待的操作过时。

2021/1/11 14:27:09
更新更新分笔成交数据出错
System.ComponentModel.Win32Exception (0x80004005): 等待的操作过时。

2021/1/11 14:27:09
更新更新分笔成交数据出错
System.ComponentModel.Win32Exception (0x80004005): 等待的操作过时。

2021/1/11 14:27:09
更新更新分笔成交数据出错
System.ComponentModel.Win32Exception (0x80004005): 等待的操作过时。

2021/1/11 14:27:09
更新更新分笔成交数据出错
System.ComponentModel.Win32Exception (0x80004005): 等待的操作过时。

2021/1/11 14:27:09
更新更新分笔成交数据出错
System.ComponentModel.Win32Exception (0x80004005): 等待的操作过时。

2021/1/11 14:27:09
更新更新分笔成交数据出错
System.ComponentModel.Win32Exception (0x80004005): 等待的操作过时。

2021/1/11 14:27:09
更新更新分笔成交数据出错
System.ComponentModel.Win32Exception (0x80004005): 等待的操作过时。

2021/1/11 14:27:09
更新更新分笔成交数据出错
System.ComponentModel.Win32Exception (0x80004005): 等待的操作过时。

2021/1/11 14:27:09
更新更新分笔成交数据出错
System.ComponentModel.Win32Exception (0x80004005): 等待的操作过时。

2021/1/11 14:27:09
更新更新分笔成交数据出错
System.ComponentModel.Win32Exception (0x80004005): 等待的操作过时。

2021/1/11 14:27:09
更新更新分笔成交数据出错
System.ComponentModel.Win32Exception (0x80004005): 等待的操作过时。

2021/1/11 14:27:09
更新更新分笔成交数据出错
System.ComponentModel.Win32Exception (0x80004005): 等待的操作过时。

2021/1/11 14:27:09
更新更新分笔成交数据出错
System.ComponentModel.Win32Exception (0x80004005): 等待的操作过时。

2021/1/11 14:27:09
更新更新分笔成交数据出错
System.ComponentModel.Win32Exception (0x80004005): 等待的操作过时。

2021/1/11 14:27:10
更新更新分笔成交数据出错
System.ComponentModel.Win32Exception (0x80004005): 等待的操作过时。

2021/1/11 14:27:10
更新更新分笔成交数据出错
System.ComponentModel.Win32Exception (0x80004005): 等待的操作过时。

2021/1/11 14:27:10
更新更新分笔成交数据出错
System.ComponentModel.Win32Exception (0x80004005): 等待的操作过时。

2021/1/11 14:27:10
更新更新分笔成交数据出错
System.ComponentModel.Win32Exception (0x80004005): 等待的操作过时。

2021/1/11 14:27:10
更新更新分笔成交数据出错
System.ComponentModel.Win32Exception (0x80004005): 等待的操作过时。

2021/1/11 14:27:11
更新更新分笔成交数据出错
System.ComponentModel.Win32Exception (0x80004005): 等待的操作过时。

2021/1/11 14:27:11
更新更新分笔成交数据出错
System.ComponentModel.Win32Exception (0x80004005): 等待的操作过时。

2021/1/11 14:27:11
更新更新分笔成交数据出错
System.ComponentModel.Win32Exception (0x80004005): 等待的操作过时。

2021/1/11 14:27:11
更新更新分笔成交数据出错
System.ComponentModel.Win32Exception (0x80004005): 等待的操作过时。

2021/1/11 14:27:11
更新更新分笔成交数据出错
System.ComponentModel.Win32Exception (0x80004005): 等待的操作过时。

2021/1/11 14:27:16
更新更新分笔成交数据出错
System.ComponentModel.Win32Exception (0x80004005): 等待的操作过时。

2021/1/11 14:27:17
更新更新分笔成交数据出错
System.ComponentModel.Win32Exception (0x80004005): 等待的操作过时。

2021/1/11 14:27:17
更新更新分笔成交数据出错
System.ComponentModel.Win32Exception (0x80004005): 等待的操作过时。

2021/1/11 14:27:17
更新更新分笔成交数据出错
System.ComponentModel.Win32Exception (0x80004005): 等待的操作过时。

2021/1/11 14:27:18
更新更新分笔成交数据出错
System.ComponentModel.Win32Exception (0x80004005): 等待的操作过时。

2021/1/11 14:27:18
更新更新分笔成交数据出错
System.ComponentModel.Win32Exception (0x80004005): 等待的操作过时。

2021/1/11 14:27:18
更新更新分笔成交数据出错
System.ComponentModel.Win32Exception (0x80004005): 等待的操作过时。

2021/1/11 14:27:19
更新更新分笔成交数据出错
System.ComponentModel.Win32Exception (0x80004005): 等待的操作过时。

2021/1/11 14:27:20
更新更新分笔成交数据出错
System.ComponentModel.Win32Exception (0x80004005): 等待的操作过时。

2021/1/11 14:27:21
更新更新分笔成交数据出错
System.ComponentModel.Win32Exception (0x80004005): 等待的操作过时。

2021/1/11 14:27:21
更新更新分笔成交数据出错
System.ComponentModel.Win32Exception (0x80004005): 等待的操作过时。

2021/1/11 14:27:22
更新更新分笔成交数据出错
System.ComponentModel.Win32Exception (0x80004005): 等待的操作过时。

2021/1/11 14:27:24
更新更新分笔成交数据出错
System.ComponentModel.Win32Exception (0x80004005): 等待的操作过时。

2021/1/11 14:27:25
更新更新分笔成交数据出错
System.ComponentModel.Win32Exception (0x80004005): 等待的操作过时。

2021/1/11 14:27:26
更新更新分笔成交数据出错
System.ComponentModel.Win32Exception (0x80004005): 等待的操作过时。

2021/1/11 14:27:26
更新更新分笔成交数据出错
System.ComponentModel.Win32Exception (0x80004005): 等待的操作过时。

2021/1/11 14:27:26
更新更新分笔成交数据出错
System.ComponentModel.Win32Exception (0x80004005): 等待的操作过时。

2021/1/11 14:27:26
更新更新分笔成交数据出错
System.ComponentModel.Win32Exception (0x80004005): 等待的操作过时。

2021/1/11 14:27:27
更新更新分笔成交数据出错
System.ComponentModel.Win32Exception (0x80004005): 等待的操作过时。

2021/1/11 14:27:27
更新更新分笔成交数据出错
System.ComponentModel.Win32Exception (0x80004005): 等待的操作过时。

2021/1/11 14:27:27
更新更新分笔成交数据出错
System.ComponentModel.Win32Exception (0x80004005): 等待的操作过时。

2021/1/11 14:27:27
更新更新分笔成交数据出错
System.ComponentModel.Win32Exception (0x80004005): 等待的操作过时。

2021/1/11 14:27:27
更新更新分笔成交数据出错
System.ComponentModel.Win32Exception (0x80004005): 等待的操作过时。

2021/1/11 14:27:27
更新更新分笔成交数据出错
System.ComponentModel.Win32Exception (0x80004005): 等待的操作过时。

2021/1/11 14:27:28
更新更新分笔成交数据出错
System.ComponentModel.Win32Exception (0x80004005): 等待的操作过时。

2021/1/11 14:27:28
更新更新分笔成交数据出错
System.ComponentModel.Win32Exception (0x80004005): 等待的操作过时。

2021/1/11 14:27:29
更新更新分笔成交数据出错
System.ComponentModel.Win32Exception (0x80004005): 等待的操作过时。

2021/1/11 14:27:29
更新更新分笔成交数据出错
System.ComponentModel.Win32Exception (0x80004005): 等待的操作过时。

2021/1/11 14:27:29
更新更新分笔成交数据出错
System.ComponentModel.Win32Exception (0x80004005): 等待的操作过时。

2021/1/11 14:27:30
更新更新分笔成交数据出错
System.ComponentModel.Win32Exception (0x80004005): 等待的操作过时。

2021/1/11 14:27:30
更新更新分笔成交数据出错
System.ComponentModel.Win32Exception (0x80004005): 等待的操作过时。

2021/1/11 14:27:31
更新更新分笔成交数据出错
System.ComponentModel.Win32Exception (0x80004005): 等待的操作过时。

2021/1/11 14:27:31
更新更新分笔成交数据出错
System.ComponentModel.Win32Exception (0x80004005): 等待的操作过时。

2021/1/11 14:27:32
更新更新分笔成交数据出错
System.ComponentModel.Win32Exception (0x80004005): 等待的操作过时。

2021/1/11 14:27:33
更新更新分笔成交数据出错
System.ComponentModel.Win32Exception (0x80004005): 等待的操作过时。

2021/1/11 14:27:35
更新更新分笔成交数据出错
System.ComponentModel.Win32Exception (0x80004005): 等待的操作过时。

2021/1/11 14:27:35
更新更新分笔成交数据出错
System.ComponentModel.Win32Exception (0x80004005): 等待的操作过时。

2021/1/11 14:27:35
更新更新分笔成交数据出错
System.ComponentModel.Win32Exception (0x80004005): 等待的操作过时。

2021/1/11 14:27:35
更新更新分笔成交数据出错
System.ComponentModel.Win32Exception (0x80004005): 等待的操作过时。

2021/1/11 14:27:36
更新更新分笔成交数据出错
System.ComponentModel.Win32Exception (0x80004005): 等待的操作过时。

2021/1/11 14:27:37
更新更新分笔成交数据出错
System.ComponentModel.Win32Exception (0x80004005): 等待的操作过时。

2021/1/11 14:27:37
更新更新分笔成交数据出错
System.ComponentModel.Win32Exception (0x80004005): 等待的操作过时。

2021/1/11 14:27:37
更新更新分笔成交数据出错
System.ComponentModel.Win32Exception (0x80004005): 等待的操作过时。

2021/1/11 14:27:37
更新更新分笔成交数据出错
System.ComponentModel.Win32Exception (0x80004005): 等待的操作过时。

2021/1/11 14:27:37
更新更新分笔成交数据出错
System.ComponentModel.Win32Exception (0x80004005): 等待的操作过时。

2021/1/11 14:27:37
更新更新分笔成交数据出错
System.ComponentModel.Win32Exception (0x80004005): 等待的操作过时。

2021/1/11 14:27:37
更新更新分笔成交数据出错
System.ComponentModel.Win32Exception (0x80004005): 等待的操作过时。

2021/1/11 14:27:37
更新更新分笔成交数据出错
System.ComponentModel.Win32Exception (0x80004005): 等待的操作过时。

2021/1/11 14:27:38
更新更新分笔成交数据出错
System.ComponentModel.Win32Exception (0x80004005): 等待的操作过时。

2021/1/11 14:27:38
更新更新分笔成交数据出错
System.ComponentModel.Win32Exception (0x80004005): 等待的操作过时。

2021/1/11 14:27:38
更新更新分笔成交数据出错
System.ComponentModel.Win32Exception (0x80004005): 等待的操作过时。

2021/1/11 14:27:38
更新更新分笔成交数据出错
System.ComponentModel.Win32Exception (0x80004005): 等待的操作过时。

2021/1/11 14:27:39
更新更新分笔成交数据出错
System.ComponentModel.Win32Exception (0x80004005): 等待的操作过时。

2021/1/11 14:27:39
更新更新分笔成交数据出错
System.ComponentModel.Win32Exception (0x80004005): 等待的操作过时。

2021/1/11 14:27:39
更新更新分笔成交数据出错
System.ComponentModel.Win32Exception (0x80004005): 等待的操作过时。

2021/1/11 14:27:39
更新更新分笔成交数据出错
System.ComponentModel.Win32Exception (0x80004005): 等待的操作过时。

2021/1/11 14:27:39
更新更新分笔成交数据出错
System.ComponentModel.Win32Exception (0x80004005): 等待的操作过时。

2021/1/11 14:27:39
更新更新分笔成交数据出错
System.ComponentModel.Win32Exception (0x80004005): 等待的操作过时。

2021/1/11 14:27:39
更新更新分笔成交数据出错
System.ComponentModel.Win32Exception (0x80004005): 等待的操作过时。

2021/1/11 14:27:39
更新更新分笔成交数据出错
System.ComponentModel.Win32Exception (0x80004005): 等待的操作过时。

2021/1/11 14:27:39
更新更新分笔成交数据出错
System.ComponentModel.Win32Exception (0x80004005): 等待的操作过时。

2021/1/11 14:27:39
更新更新分笔成交数据出错
System.ComponentModel.Win32Exception (0x80004005): 等待的操作过时。

2021/1/11 14:27:42
更新更新分笔成交数据出错
System.ComponentModel.Win32Exception (0x80004005): 等待的操作过时。

2021/1/11 14:27:42
更新更新分笔成交数据出错
System.ComponentModel.Win32Exception (0x80004005): 等待的操作过时。

2021/1/11 14:27:48
更新更新分笔成交数据出错
System.ComponentModel.Win32Exception (0x80004005): 等待的操作过时。

2021/1/11 14:27:49
更新更新分笔成交数据出错
System.ComponentModel.Win32Exception (0x80004005): 等待的操作过时。

2021/1/11 14:27:49
更新更新分笔成交数据出错
System.ComponentModel.Win32Exception (0x80004005): 等待的操作过时。

2021/1/11 14:27:49
更新更新分笔成交数据出错
System.ComponentModel.Win32Exception (0x80004005): 等待的操作过时。

2021/1/11 14:27:50
更新更新分笔成交数据出错
System.ComponentModel.Win32Exception (0x80004005): 等待的操作过时。

2021/1/11 14:27:50
更新更新分笔成交数据出错
System.ComponentModel.Win32Exception (0x80004005): 等待的操作过时。

2021/1/11 14:27:51
更新更新分笔成交数据出错
System.ComponentModel.Win32Exception (0x80004005): 等待的操作过时。

2021/1/11 14:27:51
更新更新分笔成交数据出错
System.ComponentModel.Win32Exception (0x80004005): 等待的操作过时。

2021/1/11 14:27:53
更新更新分笔成交数据出错
System.ComponentModel.Win32Exception (0x80004005): 等待的操作过时。

2021/1/11 14:27:53
更新更新分笔成交数据出错
System.ComponentModel.Win32Exception (0x80004005): 等待的操作过时。

2021/1/11 14:27:54
更新更新分笔成交数据出错
System.ComponentModel.Win32Exception (0x80004005): 等待的操作过时。

2021/1/11 14:27:54
更新更新分笔成交数据出错
System.ComponentModel.Win32Exception (0x80004005): 等待的操作过时。

2021/1/11 14:27:54
更新更新分笔成交数据出错
System.ComponentModel.Win32Exception (0x80004005): 等待的操作过时。

2021/1/11 14:27:56
更新更新分笔成交数据出错
System.ComponentModel.Win32Exception (0x80004005): 等待的操作过时。

2021/1/11 14:27:56
更新更新分笔成交数据出错
System.ComponentModel.Win32Exception (0x80004005): 等待的操作过时。

2021/1/11 14:27:56
更新更新分笔成交数据出错
System.ComponentModel.Win32Exception (0x80004005): 等待的操作过时。

2021/1/11 14:27:56
更新更新分笔成交数据出错
System.ComponentModel.Win32Exception (0x80004005): 等待的操作过时。

2021/1/11 14:27:57
更新更新分笔成交数据出错
System.ComponentModel.Win32Exception (0x80004005): 等待的操作过时。

2021/1/11 14:27:58
更新更新分笔成交数据出错
System.ComponentModel.Win32Exception (0x80004005): 等待的操作过时。

2021/1/11 14:27:58
更新更新分笔成交数据出错
System.ComponentModel.Win32Exception (0x80004005): 等待的操作过时。

2021/1/11 14:27:59
更新更新分笔成交数据出错
System.ComponentModel.Win32Exception (0x80004005): 等待的操作过时。

2021/1/11 14:27:59
更新更新分笔成交数据出错
System.ComponentModel.Win32Exception (0x80004005): 等待的操作过时。

2021/1/11 14:27:59
更新更新分笔成交数据出错
System.ComponentModel.Win32Exception (0x80004005): 等待的操作过时。

2021/1/11 14:27:59
更新更新分笔成交数据出错
System.ComponentModel.Win32Exception (0x80004005): 等待的操作过时。

2021/1/11 14:27:59
更新更新分笔成交数据出错
System.ComponentModel.Win32Exception (0x80004005): 等待的操作过时。

2021/1/11 14:28:00
更新更新分笔成交数据出错
System.ComponentModel.Win32Exception (0x80004005): 等待的操作过时。

2021/1/11 14:28:00
更新更新分笔成交数据出错
System.ComponentModel.Win32Exception (0x80004005): 等待的操作过时。

2021/1/11 14:28:01
更新更新分笔成交数据出错
System.ComponentModel.Win32Exception (0x80004005): 等待的操作过时。

2021/1/11 14:28:01
更新更新分笔成交数据出错
System.ComponentModel.Win32Exception (0x80004005): 等待的操作过时。

2021/1/11 14:28:01
更新更新分笔成交数据出错
System.ComponentModel.Win32Exception (0x80004005): 等待的操作过时。

2021/1/11 14:28:03
更新更新分笔成交数据出错
System.ComponentModel.Win32Exception (0x80004005): 等待的操作过时。

2021/1/11 14:28:04
更新更新分笔成交数据出错
System.ComponentModel.Win32Exception (0x80004005): 等待的操作过时。

2021/1/11 14:28:05
更新更新分笔成交数据出错
System.ComponentModel.Win32Exception (0x80004005): 等待的操作过时。

2021/1/11 14:28:05
更新更新分笔成交数据出错
System.ComponentModel.Win32Exception (0x80004005): 等待的操作过时。

2021/1/11 14:28:05
更新更新分笔成交数据出错
System.ComponentModel.Win32Exception (0x80004005): 等待的操作过时。

2021/1/11 14:28:05
更新更新分笔成交数据出错
System.ComponentModel.Win32Exception (0x80004005): 等待的操作过时。

2021/1/11 14:28:06
更新更新分笔成交数据出错
System.ComponentModel.Win32Exception (0x80004005): 等待的操作过时。

2021/1/11 14:28:07
更新更新分笔成交数据出错
System.ComponentModel.Win32Exception (0x80004005): 等待的操作过时。

2021/1/11 14:28:07
更新更新分笔成交数据出错
System.ComponentModel.Win32Exception (0x80004005): 等待的操作过时。

2021/1/11 14:28:07
更新更新分笔成交数据出错
System.ComponentModel.Win32Exception (0x80004005): 等待的操作过时。

2021/1/11 14:28:08
更新更新分笔成交数据出错
System.ComponentModel.Win32Exception (0x80004005): 等待的操作过时。

2021/1/11 14:28:08
更新更新分笔成交数据出错
System.ComponentModel.Win32Exception (0x80004005): 等待的操作过时。

2021/1/11 14:28:08
更新更新分笔成交数据出错
System.ComponentModel.Win32Exception (0x80004005): 等待的操作过时。

2021/1/11 14:28:08
更新更新分笔成交数据出错
System.ComponentModel.Win32Exception (0x80004005): 等待的操作过时。

2021/1/11 14:28:08
更新更新分笔成交数据出错
System.ComponentModel.Win32Exception (0x80004005): 等待的操作过时。

2021/1/11 14:28:08
更新更新分笔成交数据出错
System.ComponentModel.Win32Exception (0x80004005): 等待的操作过时。

2021/1/11 14:28:08
更新更新分笔成交数据出错
System.ComponentModel.Win32Exception (0x80004005): 等待的操作过时。

2021/1/11 14:28:09
更新更新分笔成交数据出错
System.ComponentModel.Win32Exception (0x80004005): 等待的操作过时。

2021/1/11 14:28:09
更新更新分笔成交数据出错
System.ComponentModel.Win32Exception (0x80004005): 等待的操作过时。

2021/1/11 14:28:09
更新更新分笔成交数据出错
System.ComponentModel.Win32Exception (0x80004005): 等待的操作过时。

2021/1/11 14:28:09
更新更新分笔成交数据出错
System.ComponentModel.Win32Exception (0x80004005): 等待的操作过时。

2021/1/11 14:28:10
更新更新分笔成交数据出错
System.ComponentModel.Win32Exception (0x80004005): 等待的操作过时。

2021/1/11 14:28:10
更新更新分笔成交数据出错
System.ComponentModel.Win32Exception (0x80004005): 等待的操作过时。

2021/1/11 14:28:10
更新更新分笔成交数据出错
System.ComponentModel.Win32Exception (0x80004005): 等待的操作过时。

2021/1/11 14:28:10
更新更新分笔成交数据出错
System.ComponentModel.Win32Exception (0x80004005): 等待的操作过时。

2021/1/11 14:28:10
更新更新分笔成交数据出错
System.ComponentModel.Win32Exception (0x80004005): 等待的操作过时。

2021/1/11 14:28:10
更新更新分笔成交数据出错
System.ComponentModel.Win32Exception (0x80004005): 等待的操作过时。

2021/1/11 14:28:10
更新更新分笔成交数据出错
System.ComponentModel.Win32Exception (0x80004005): 等待的操作过时。

2021/1/11 14:28:10
更新更新分笔成交数据出错
System.ComponentModel.Win32Exception (0x80004005): 等待的操作过时。

2021/1/11 14:28:11
更新更新分笔成交数据出错
System.ComponentModel.Win32Exception (0x80004005): 等待的操作过时。

2021/1/11 14:28:13
更新更新分笔成交数据出错
System.ComponentModel.Win32Exception (0x80004005): 等待的操作过时。

2021/1/11 14:28:13
更新更新分笔成交数据出错
System.ComponentModel.Win32Exception (0x80004005): 等待的操作过时。

2021/1/11 14:28:20
更新更新分笔成交数据出错
System.ComponentModel.Win32Exception (0x80004005): 等待的操作过时。

2021/1/11 14:28:20
更新更新分笔成交数据出错
System.ComponentModel.Win32Exception (0x80004005): 等待的操作过时。

2021/1/11 14:28:20
更新更新分笔成交数据出错
System.ComponentModel.Win32Exception (0x80004005): 等待的操作过时。

2021/1/11 14:28:22
更新更新分笔成交数据出错
System.ComponentModel.Win32Exception (0x80004005): 等待的操作过时。

2021/1/11 14:28:24
更新更新分笔成交数据出错
System.ComponentModel.Win32Exception (0x80004005): 等待的操作过时。

2021/1/11 14:28:24
更新更新分笔成交数据出错
System.ComponentModel.Win32Exception (0x80004005): 等待的操作过时。

2021/1/11 14:28:25
更新更新分笔成交数据出错
System.ComponentModel.Win32Exception (0x80004005): 等待的操作过时。

2021/1/11 14:28:25
更新更新分笔成交数据出错
System.ComponentModel.Win32Exception (0x80004005): 等待的操作过时。

2021/1/11 14:28:25
更新更新分笔成交数据出错
System.ComponentModel.Win32Exception (0x80004005): 等待的操作过时。

2021/1/11 14:28:25
更新更新分笔成交数据出错
System.ComponentModel.Win32Exception (0x80004005): 等待的操作过时。

2021/1/11 14:28:27
更新更新分笔成交数据出错
System.ComponentModel.Win32Exception (0x80004005): 等待的操作过时。

2021/1/11 14:28:27
更新更新分笔成交数据出错
System.ComponentModel.Win32Exception (0x80004005): 等待的操作过时。

2021/1/11 14:28:27
更新更新分笔成交数据出错
System.ComponentModel.Win32Exception (0x80004005): 等待的操作过时。

2021/1/11 14:28:27
更新更新分笔成交数据出错
System.ComponentModel.Win32Exception (0x80004005): 等待的操作过时。

2021/1/11 14:28:27
更新更新分笔成交数据出错
System.ComponentModel.Win32Exception (0x80004005): 等待的操作过时。

2021/1/11 14:28:28
更新更新分笔成交数据出错
System.ComponentModel.Win32Exception (0x80004005): 等待的操作过时。

2021/1/11 14:28:28
更新更新分笔成交数据出错
System.ComponentModel.Win32Exception (0x80004005): 等待的操作过时。

2021/1/11 14:28:28
更新更新分笔成交数据出错
System.ComponentModel.Win32Exception (0x80004005): 等待的操作过时。

2021/1/11 14:28:28
更新更新分笔成交数据出错
System.ComponentModel.Win32Exception (0x80004005): 等待的操作过时。

2021/1/11 14:28:28
更新更新分笔成交数据出错
System.ComponentModel.Win32Exception (0x80004005): 等待的操作过时。

2021/1/11 14:28:29
更新更新分笔成交数据出错
System.ComponentModel.Win32Exception (0x80004005): 等待的操作过时。

2021/1/11 14:28:29
更新更新分笔成交数据出错
System.ComponentModel.Win32Exception (0x80004005): 等待的操作过时。

2021/1/11 14:28:30
更新更新分笔成交数据出错
System.ComponentModel.Win32Exception (0x80004005): 等待的操作过时。

2021/1/11 14:28:30
更新更新分笔成交数据出错
System.ComponentModel.Win32Exception (0x80004005): 等待的操作过时。

2021/1/11 14:28:30
更新更新分笔成交数据出错
System.ComponentModel.Win32Exception (0x80004005): 等待的操作过时。

2021/1/11 14:28:31
更新更新分笔成交数据出错
System.ComponentModel.Win32Exception (0x80004005): 等待的操作过时。

2021/1/11 14:28:31
更新更新分笔成交数据出错
System.ComponentModel.Win32Exception (0x80004005): 等待的操作过时。

2021/1/11 14:28:31
更新更新分笔成交数据出错
System.ComponentModel.Win32Exception (0x80004005): 等待的操作过时。

2021/1/11 14:28:31
更新更新分笔成交数据出错
System.ComponentModel.Win32Exception (0x80004005): 等待的操作过时。

2021/1/11 14:28:31
更新更新分笔成交数据出错
System.ComponentModel.Win32Exception (0x80004005): 等待的操作过时。

2021/1/11 14:28:31
更新更新分笔成交数据出错
System.ComponentModel.Win32Exception (0x80004005): 等待的操作过时。

2021/1/11 14:28:32
更新更新分笔成交数据出错
System.ComponentModel.Win32Exception (0x80004005): 等待的操作过时。

2021/1/11 14:28:33
更新更新分笔成交数据出错
System.ComponentModel.Win32Exception (0x80004005): 等待的操作过时。

2021/1/11 14:28:33
更新更新分笔成交数据出错
System.ComponentModel.Win32Exception (0x80004005): 等待的操作过时。

2021/1/11 14:28:34
更新更新分笔成交数据出错
System.ComponentModel.Win32Exception (0x80004005): 等待的操作过时。

2021/1/11 14:28:35
更新更新分笔成交数据出错
System.ComponentModel.Win32Exception (0x80004005): 等待的操作过时。

2021/1/11 14:28:35
更新更新分笔成交数据出错
System.ComponentModel.Win32Exception (0x80004005): 等待的操作过时。

2021/1/11 14:28:36
更新更新分笔成交数据出错
System.ComponentModel.Win32Exception (0x80004005): 等待的操作过时。

2021/1/11 14:28:36
更新更新分笔成交数据出错
System.ComponentModel.Win32Exception (0x80004005): 等待的操作过时。

2021/1/11 14:28:36
更新更新分笔成交数据出错
System.ComponentModel.Win32Exception (0x80004005): 等待的操作过时。

2021/1/11 14:28:36
更新更新分笔成交数据出错
System.ComponentModel.Win32Exception (0x80004005): 等待的操作过时。

2021/1/11 14:28:37
更新更新分笔成交数据出错
System.ComponentModel.Win32Exception (0x80004005): 等待的操作过时。

2021/1/11 14:28:37
更新更新分笔成交数据出错
System.ComponentModel.Win32Exception (0x80004005): 等待的操作过时。

2021/1/11 14:28:37
更新更新分笔成交数据出错
System.ComponentModel.Win32Exception (0x80004005): 等待的操作过时。

2021/1/11 14:28:38
更新更新分笔成交数据出错
System.ComponentModel.Win32Exception (0x80004005): 等待的操作过时。

2021/1/11 14:28:38
更新更新分笔成交数据出错
System.ComponentModel.Win32Exception (0x80004005): 等待的操作过时。

2021/1/11 14:28:38
更新更新分笔成交数据出错
System.ComponentModel.Win32Exception (0x80004005): 等待的操作过时。

2021/1/11 14:28:38
更新更新分笔成交数据出错
System.ComponentModel.Win32Exception (0x80004005): 等待的操作过时。

2021/1/11 14:28:38
更新更新分笔成交数据出错
System.Data.SqlClient.SqlException (0x80131904): 事务(进程 ID 71)与另一个进程被死锁在 锁 资源上，并且已被选作死锁牺牲品。请重新运行该事务。
   在 System.Data.SqlClient.SqlConnection.OnError(SqlException exception, Boolean breakConnection, Action`1 wrapCloseInAction)
   在 System.Data.SqlClient.SqlInternalConnection.OnError(SqlException exception, Boolean breakConnection, Action`1 wrapCloseInAction)
   在 System.Data.SqlClient.TdsParser.ThrowExceptionAndWarning(TdsParserStateObject stateObj, Boolean callerHasConnectionLock, Boolean asyncClose)
   在 System.Data.SqlClient.TdsParser.TryRun(RunBehavior runBehavior, SqlCommand cmdHandler, SqlDataReader dataStream, BulkCopySimpleResultSet bulkCopyHandler, TdsParserStateObject stateObj, Boolean& dataReady)
   在 System.Data.SqlClient.SqlCommand.RunExecuteNonQueryTds(String methodName, Boolean async, Int32 timeout, Boolean asyncWrite)
   在 System.Data.SqlClient.SqlCommand.InternalExecuteNonQuery(TaskCompletionSource`1 completion, String methodName, Boolean sendToPipe, Int32 timeout, Boolean& usedCache, Boolean asyncWrite, Boolean inRetry)
   在 System.Data.SqlClient.SqlCommand.ExecuteNonQuery()
   在 TransactionDataUpdate_NO3.DataHelper.UpdateTransactionData(List`1 list, Int32 market, String sharesCode, DateTime timePar, Nullable`1 lastTime) 位置 F:\项目\饭票后端\TransactionDataUpdate_NO3\DataHelper.cs:行号 189
ClientConnectionId:fbe847fb-ce60-4c37-adca-684b9391f7e2
Error Number:1205,State:51,Class:13

2021/1/11 14:28:38
更新更新分笔成交数据出错
System.ComponentModel.Win32Exception (0x80004005): 等待的操作过时。

2021/1/11 14:28:39
更新更新分笔成交数据出错
System.ComponentModel.Win32Exception (0x80004005): 等待的操作过时。

2021/1/11 14:28:39
更新更新分笔成交数据出错
System.ComponentModel.Win32Exception (0x80004005): 等待的操作过时。

2021/1/11 14:28:43
更新更新分笔成交数据出错
System.Data.SqlClient.SqlException (0x80131904): 事务(进程 ID 138)与另一个进程被死锁在 锁 资源上，并且已被选作死锁牺牲品。请重新运行该事务。
   在 System.Data.SqlClient.SqlConnection.OnError(SqlException exception, Boolean breakConnection, Action`1 wrapCloseInAction)
   在 System.Data.SqlClient.SqlInternalConnection.OnError(SqlException exception, Boolean breakConnection, Action`1 wrapCloseInAction)
   在 System.Data.SqlClient.TdsParser.ThrowExceptionAndWarning(TdsParserStateObject stateObj, Boolean callerHasConnectionLock, Boolean asyncClose)
   在 System.Data.SqlClient.TdsParser.TryRun(RunBehavior runBehavior, SqlCommand cmdHandler, SqlDataReader dataStream, BulkCopySimpleResultSet bulkCopyHandler, TdsParserStateObject stateObj, Boolean& dataReady)
   在 System.Data.SqlClient.SqlCommand.RunExecuteNonQueryTds(String methodName, Boolean async, Int32 timeout, Boolean asyncWrite)
   在 System.Data.SqlClient.SqlCommand.InternalExecuteNonQuery(TaskCompletionSource`1 completion, String methodName, Boolean sendToPipe, Int32 timeout, Boolean& usedCache, Boolean asyncWrite, Boolean inRetry)
   在 System.Data.SqlClient.SqlCommand.ExecuteNonQuery()
   在 TransactionDataUpdate_NO3.DataHelper.UpdateTransactionData(List`1 list, Int32 market, String sharesCode, DateTime timePar, Nullable`1 lastTime) 位置 F:\项目\饭票后端\TransactionDataUpdate_NO3\DataHelper.cs:行号 189
ClientConnectionId:aad0a467-7da1-46ee-86ac-9637e0cd8361
Error Number:1205,State:51,Class:13

2021/1/11 14:28:46
更新更新分笔成交数据出错
System.Data.SqlClient.SqlException (0x80131904): 事务(进程 ID 122)与另一个进程被死锁在 锁 资源上，并且已被选作死锁牺牲品。请重新运行该事务。
   在 System.Data.SqlClient.SqlConnection.OnError(SqlException exception, Boolean breakConnection, Action`1 wrapCloseInAction)
   在 System.Data.SqlClient.SqlInternalConnection.OnError(SqlException exception, Boolean breakConnection, Action`1 wrapCloseInAction)
   在 System.Data.SqlClient.TdsParser.ThrowExceptionAndWarning(TdsParserStateObject stateObj, Boolean callerHasConnectionLock, Boolean asyncClose)
   在 System.Data.SqlClient.TdsParser.TryRun(RunBehavior runBehavior, SqlCommand cmdHandler, SqlDataReader dataStream, BulkCopySimpleResultSet bulkCopyHandler, TdsParserStateObject stateObj, Boolean& dataReady)
   在 System.Data.SqlClient.SqlCommand.RunExecuteNonQueryTds(String methodName, Boolean async, Int32 timeout, Boolean asyncWrite)
   在 System.Data.SqlClient.SqlCommand.InternalExecuteNonQuery(TaskCompletionSource`1 completion, String methodName, Boolean sendToPipe, Int32 timeout, Boolean& usedCache, Boolean asyncWrite, Boolean inRetry)
   在 System.Data.SqlClient.SqlCommand.ExecuteNonQuery()
   在 TransactionDataUpdate_NO3.DataHelper.UpdateTransactionData(List`1 list, Int32 market, String sharesCode, DateTime timePar, Nullable`1 lastTime) 位置 F:\项目\饭票后端\TransactionDataUpdate_NO3\DataHelper.cs:行号 189
ClientConnectionId:c0e2a45f-a214-46bf-8c08-76f8721b6a1d
Error Number:1205,State:51,Class:13

2021/1/11 14:28:47
更新更新分笔成交数据出错
System.ComponentModel.Win32Exception (0x80004005): 等待的操作过时。

2021/1/11 14:28:48
更新更新分笔成交数据出错
System.ComponentModel.Win32Exception (0x80004005): 等待的操作过时。

2021/1/11 14:28:48
更新更新分笔成交数据出错
System.ComponentModel.Win32Exception (0x80004005): 等待的操作过时。

2021/1/11 14:28:48
更新更新分笔成交数据出错
System.ComponentModel.Win32Exception (0x80004005): 等待的操作过时。

2021/1/11 14:28:48
更新更新分笔成交数据出错
System.ComponentModel.Win32Exception (0x80004005): 等待的操作过时。

2021/1/11 14:28:56
更新更新分笔成交数据出错
System.ComponentModel.Win32Exception (0x80004005): 等待的操作过时。

2021/1/11 14:28:56
更新更新分笔成交数据出错
System.ComponentModel.Win32Exception (0x80004005): 等待的操作过时。

2021/1/11 14:28:56
更新更新分笔成交数据出错
System.ComponentModel.Win32Exception (0x80004005): 等待的操作过时。

2021/1/11 14:28:56
更新更新分笔成交数据出错
System.Data.SqlClient.SqlException (0x80131904): 事务(进程 ID 167)与另一个进程被死锁在 锁 资源上，并且已被选作死锁牺牲品。请重新运行该事务。
   在 System.Data.SqlClient.SqlConnection.OnError(SqlException exception, Boolean breakConnection, Action`1 wrapCloseInAction)
   在 System.Data.SqlClient.SqlInternalConnection.OnError(SqlException exception, Boolean breakConnection, Action`1 wrapCloseInAction)
   在 System.Data.SqlClient.TdsParser.ThrowExceptionAndWarning(TdsParserStateObject stateObj, Boolean callerHasConnectionLock, Boolean asyncClose)
   在 System.Data.SqlClient.TdsParser.TryRun(RunBehavior runBehavior, SqlCommand cmdHandler, SqlDataReader dataStream, BulkCopySimpleResultSet bulkCopyHandler, TdsParserStateObject stateObj, Boolean& dataReady)
   在 System.Data.SqlClient.SqlCommand.RunExecuteNonQueryTds(String methodName, Boolean async, Int32 timeout, Boolean asyncWrite)
   在 System.Data.SqlClient.SqlCommand.InternalExecuteNonQuery(TaskCompletionSource`1 completion, String methodName, Boolean sendToPipe, Int32 timeout, Boolean& usedCache, Boolean asyncWrite, Boolean inRetry)
   在 System.Data.SqlClient.SqlCommand.ExecuteNonQuery()
   在 TransactionDataUpdate_NO3.DataHelper.UpdateTransactionData(List`1 list, Int32 market, String sharesCode, DateTime timePar, Nullable`1 lastTime) 位置 F:\项目\饭票后端\TransactionDataUpdate_NO3\DataHelper.cs:行号 189
ClientConnectionId:662fcbff-0138-49de-816a-32675450dee2
Error Number:1205,State:51,Class:13

2021/1/11 14:28:57
更新更新分笔成交数据出错
System.ComponentModel.Win32Exception (0x80004005): 等待的操作过时。

2021/1/11 14:28:57
更新更新分笔成交数据出错
System.ComponentModel.Win32Exception (0x80004005): 等待的操作过时。

2021/1/11 14:28:57
更新更新分笔成交数据出错
System.ComponentModel.Win32Exception (0x80004005): 等待的操作过时。

2021/1/11 14:28:57
更新更新分笔成交数据出错
System.ComponentModel.Win32Exception (0x80004005): 等待的操作过时。

2021/1/11 14:28:57
更新更新分笔成交数据出错
System.ComponentModel.Win32Exception (0x80004005): 等待的操作过时。

2021/1/11 14:28:58
更新更新分笔成交数据出错
System.ComponentModel.Win32Exception (0x80004005): 等待的操作过时。

2021/1/11 14:28:58
更新更新分笔成交数据出错
System.ComponentModel.Win32Exception (0x80004005): 等待的操作过时。

2021/1/11 14:28:58
更新更新分笔成交数据出错
System.ComponentModel.Win32Exception (0x80004005): 等待的操作过时。

2021/1/11 14:28:58
更新更新分笔成交数据出错
System.ComponentModel.Win32Exception (0x80004005): 等待的操作过时。

2021/1/11 14:28:58
更新更新分笔成交数据出错
System.ComponentModel.Win32Exception (0x80004005): 等待的操作过时。

2021/1/11 14:28:58
更新更新分笔成交数据出错
System.ComponentModel.Win32Exception (0x80004005): 等待的操作过时。

2021/1/11 14:28:58
更新更新分笔成交数据出错
System.ComponentModel.Win32Exception (0x80004005): 等待的操作过时。

2021/1/11 14:28:58
更新更新分笔成交数据出错
System.ComponentModel.Win32Exception (0x80004005): 等待的操作过时。

2021/1/11 14:29:00
更新更新分笔成交数据出错
System.ComponentModel.Win32Exception (0x80004005): 等待的操作过时。

2021/1/11 14:29:00
更新更新分笔成交数据出错
System.ComponentModel.Win32Exception (0x80004005): 等待的操作过时。

2021/1/11 14:29:00
更新更新分笔成交数据出错
System.ComponentModel.Win32Exception (0x80004005): 等待的操作过时。

2021/1/11 14:29:00
更新更新分笔成交数据出错
System.ComponentModel.Win32Exception (0x80004005): 等待的操作过时。

2021/1/11 14:29:00
更新更新分笔成交数据出错
System.ComponentModel.Win32Exception (0x80004005): 等待的操作过时。

2021/1/11 14:29:00
更新更新分笔成交数据出错
System.ComponentModel.Win32Exception (0x80004005): 等待的操作过时。

2021/1/11 14:29:00
更新更新分笔成交数据出错
System.ComponentModel.Win32Exception (0x80004005): 等待的操作过时。

2021/1/11 14:29:00
更新更新分笔成交数据出错
System.ComponentModel.Win32Exception (0x80004005): 等待的操作过时。

2021/1/11 14:29:01
更新更新分笔成交数据出错
System.ComponentModel.Win32Exception (0x80004005): 等待的操作过时。

2021/1/11 14:29:01
更新更新分笔成交数据出错
System.ComponentModel.Win32Exception (0x80004005): 等待的操作过时。

2021/1/11 14:29:01
更新更新分笔成交数据出错
System.ComponentModel.Win32Exception (0x80004005): 等待的操作过时。

2021/1/11 14:29:01
更新更新分笔成交数据出错
System.ComponentModel.Win32Exception (0x80004005): 等待的操作过时。

2021/1/11 14:29:02
更新更新分笔成交数据出错
System.ComponentModel.Win32Exception (0x80004005): 等待的操作过时。

2021/1/11 14:29:02
更新更新分笔成交数据出错
System.ComponentModel.Win32Exception (0x80004005): 等待的操作过时。

2021/1/11 14:29:02
更新更新分笔成交数据出错
System.ComponentModel.Win32Exception (0x80004005): 等待的操作过时。

2021/1/11 14:29:02
更新更新分笔成交数据出错
System.ComponentModel.Win32Exception (0x80004005): 等待的操作过时。

2021/1/11 14:29:02
更新更新分笔成交数据出错
System.ComponentModel.Win32Exception (0x80004005): 等待的操作过时。

2021/1/11 14:29:02
更新更新分笔成交数据出错
System.ComponentModel.Win32Exception (0x80004005): 等待的操作过时。

2021/1/11 14:29:02
更新更新分笔成交数据出错
System.ComponentModel.Win32Exception (0x80004005): 等待的操作过时。

2021/1/11 14:29:03
更新更新分笔成交数据出错
System.ComponentModel.Win32Exception (0x80004005): 等待的操作过时。

2021/1/11 14:29:03
更新更新分笔成交数据出错
System.ComponentModel.Win32Exception (0x80004005): 等待的操作过时。

2021/1/11 14:29:03
更新更新分笔成交数据出错
System.ComponentModel.Win32Exception (0x80004005): 等待的操作过时。

2021/1/11 14:29:04
更新更新分笔成交数据出错
System.ComponentModel.Win32Exception (0x80004005): 等待的操作过时。

2021/1/11 14:29:04
更新更新分笔成交数据出错
System.ComponentModel.Win32Exception (0x80004005): 等待的操作过时。

2021/1/11 14:29:04
更新更新分笔成交数据出错
System.ComponentModel.Win32Exception (0x80004005): 等待的操作过时。

2021/1/11 14:29:08
更新更新分笔成交数据出错
System.ComponentModel.Win32Exception (0x80004005): 等待的操作过时。

2021/1/11 14:29:08
更新更新分笔成交数据出错
System.ComponentModel.Win32Exception (0x80004005): 等待的操作过时。

2021/1/11 14:29:10
更新更新分笔成交数据出错
System.ComponentModel.Win32Exception (0x80004005): 等待的操作过时。

2021/1/11 14:29:12
更新更新分笔成交数据出错
System.ComponentModel.Win32Exception (0x80004005): 等待的操作过时。

2021/1/11 14:29:13
更新更新分笔成交数据出错
System.ComponentModel.Win32Exception (0x80004005): 等待的操作过时。

2021/1/11 14:29:14
更新更新分笔成交数据出错
System.ComponentModel.Win32Exception (0x80004005): 等待的操作过时。

2021/1/11 14:29:16
更新更新分笔成交数据出错
System.ComponentModel.Win32Exception (0x80004005): 等待的操作过时。

2021/1/11 14:29:16
更新更新分笔成交数据出错
System.ComponentModel.Win32Exception (0x80004005): 等待的操作过时。

2021/1/11 14:29:16
更新更新分笔成交数据出错
System.ComponentModel.Win32Exception (0x80004005): 等待的操作过时。

2021/1/11 14:29:16
更新更新分笔成交数据出错
System.ComponentModel.Win32Exception (0x80004005): 等待的操作过时。

2021/1/11 14:29:16
更新更新分笔成交数据出错
System.ComponentModel.Win32Exception (0x80004005): 等待的操作过时。

2021/1/11 14:29:16
更新更新分笔成交数据出错
System.ComponentModel.Win32Exception (0x80004005): 等待的操作过时。

2021/1/11 14:29:16
更新更新分笔成交数据出错
System.ComponentModel.Win32Exception (0x80004005): 等待的操作过时。

2021/1/11 14:29:16
更新更新分笔成交数据出错
System.ComponentModel.Win32Exception (0x80004005): 等待的操作过时。

2021/1/11 14:29:17
更新更新分笔成交数据出错
System.ComponentModel.Win32Exception (0x80004005): 等待的操作过时。

2021/1/11 14:29:18
更新更新分笔成交数据出错
System.ComponentModel.Win32Exception (0x80004005): 等待的操作过时。

2021/1/11 14:29:18
更新更新分笔成交数据出错
System.ComponentModel.Win32Exception (0x80004005): 等待的操作过时。

2021/1/11 14:29:18
更新更新分笔成交数据出错
System.ComponentModel.Win32Exception (0x80004005): 等待的操作过时。

2021/1/11 14:29:20
更新更新分笔成交数据出错
System.ComponentModel.Win32Exception (0x80004005): 等待的操作过时。

2021/1/11 14:29:20
更新更新分笔成交数据出错
System.ComponentModel.Win32Exception (0x80004005): 等待的操作过时。

2021/1/11 14:29:20
更新更新分笔成交数据出错
System.ComponentModel.Win32Exception (0x80004005): 等待的操作过时。

2021/1/11 14:29:20
更新更新分笔成交数据出错
System.ComponentModel.Win32Exception (0x80004005): 等待的操作过时。

2021/1/11 14:29:20
更新更新分笔成交数据出错
System.ComponentModel.Win32Exception (0x80004005): 等待的操作过时。

2021/1/11 14:29:22
更新更新分笔成交数据出错
System.ComponentModel.Win32Exception (0x80004005): 等待的操作过时。

2021/1/11 14:29:28
更新更新分笔成交数据出错
System.ComponentModel.Win32Exception (0x80004005): 等待的操作过时。

2021/1/11 14:29:28
更新更新分笔成交数据出错
System.ComponentModel.Win32Exception (0x80004005): 等待的操作过时。

2021/1/11 14:29:28
更新更新分笔成交数据出错
System.ComponentModel.Win32Exception (0x80004005): 等待的操作过时。

2021/1/11 14:29:28
更新更新分笔成交数据出错
System.ComponentModel.Win32Exception (0x80004005): 等待的操作过时。

2021/1/11 14:29:28
更新更新分笔成交数据出错
System.ComponentModel.Win32Exception (0x80004005): 等待的操作过时。

2021/1/11 14:29:28
更新更新分笔成交数据出错
System.ComponentModel.Win32Exception (0x80004005): 等待的操作过时。

2021/1/11 14:29:29
更新更新分笔成交数据出错
System.ComponentModel.Win32Exception (0x80004005): 等待的操作过时。

2021/1/11 14:29:33
更新更新分笔成交数据出错
System.ComponentModel.Win32Exception (0x80004005): 等待的操作过时。

2021/1/11 14:29:33
更新更新分笔成交数据出错
System.ComponentModel.Win32Exception (0x80004005): 等待的操作过时。

2021/1/11 14:29:33
更新更新分笔成交数据出错
System.ComponentModel.Win32Exception (0x80004005): 等待的操作过时。

2021/1/11 14:29:33
更新更新分笔成交数据出错
System.ComponentModel.Win32Exception (0x80004005): 等待的操作过时。

2021/1/11 14:29:33
更新更新分笔成交数据出错
System.ComponentModel.Win32Exception (0x80004005): 等待的操作过时。

2021/1/11 14:29:33
更新更新分笔成交数据出错
System.ComponentModel.Win32Exception (0x80004005): 等待的操作过时。

2021/1/11 14:29:33
更新更新分笔成交数据出错
System.ComponentModel.Win32Exception (0x80004005): 等待的操作过时。

2021/1/11 14:29:33
更新更新分笔成交数据出错
System.ComponentModel.Win32Exception (0x80004005): 等待的操作过时。

2021/1/11 14:29:33
更新更新分笔成交数据出错
System.ComponentModel.Win32Exception (0x80004005): 等待的操作过时。

2021/1/11 14:29:33
更新更新分笔成交数据出错
System.ComponentModel.Win32Exception (0x80004005): 等待的操作过时。

2021/1/11 14:29:33
更新更新分笔成交数据出错
System.ComponentModel.Win32Exception (0x80004005): 等待的操作过时。

2021/1/11 14:29:33
更新更新分笔成交数据出错
System.ComponentModel.Win32Exception (0x80004005): 等待的操作过时。

2021/1/11 14:29:33
更新更新分笔成交数据出错
System.ComponentModel.Win32Exception (0x80004005): 等待的操作过时。

2021/1/11 14:29:33
更新更新分笔成交数据出错
System.ComponentModel.Win32Exception (0x80004005): 等待的操作过时。

2021/1/11 14:29:34
更新更新分笔成交数据出错
System.ComponentModel.Win32Exception (0x80004005): 等待的操作过时。

2021/1/11 14:29:34
更新更新分笔成交数据出错
System.ComponentModel.Win32Exception (0x80004005): 等待的操作过时。

2021/1/11 14:29:34
更新更新分笔成交数据出错
System.ComponentModel.Win32Exception (0x80004005): 等待的操作过时。

2021/1/11 14:29:34
更新更新分笔成交数据出错
System.ComponentModel.Win32Exception (0x80004005): 等待的操作过时。

2021/1/11 14:29:34
更新更新分笔成交数据出错
System.ComponentModel.Win32Exception (0x80004005): 等待的操作过时。

2021/1/11 14:29:34
更新更新分笔成交数据出错
System.ComponentModel.Win32Exception (0x80004005): 等待的操作过时。

2021/1/11 14:29:34
更新更新分笔成交数据出错
System.ComponentModel.Win32Exception (0x80004005): 等待的操作过时。

2021/1/11 14:29:34
更新更新分笔成交数据出错
System.ComponentModel.Win32Exception (0x80004005): 等待的操作过时。

2021/1/11 14:29:35
更新更新分笔成交数据出错
System.ComponentModel.Win32Exception (0x80004005): 等待的操作过时。

2021/1/11 14:29:35
更新更新分笔成交数据出错
System.ComponentModel.Win32Exception (0x80004005): 等待的操作过时。

2021/1/11 14:29:35
更新更新分笔成交数据出错
System.ComponentModel.Win32Exception (0x80004005): 等待的操作过时。

2021/1/11 14:29:35
更新更新分笔成交数据出错
System.ComponentModel.Win32Exception (0x80004005): 等待的操作过时。

2021/1/11 14:29:35
更新更新分笔成交数据出错
System.ComponentModel.Win32Exception (0x80004005): 等待的操作过时。

2021/1/11 14:29:35
更新更新分笔成交数据出错
System.ComponentModel.Win32Exception (0x80004005): 等待的操作过时。

2021/1/11 14:29:36
更新更新分笔成交数据出错
System.ComponentModel.Win32Exception (0x80004005): 等待的操作过时。

2021/1/11 14:29:36
更新更新分笔成交数据出错
System.ComponentModel.Win32Exception (0x80004005): 等待的操作过时。

2021/1/11 14:29:37
更新更新分笔成交数据出错
System.ComponentModel.Win32Exception (0x80004005): 等待的操作过时。

2021/1/11 14:29:39
更新更新分笔成交数据出错
System.ComponentModel.Win32Exception (0x80004005): 等待的操作过时。

2021/1/11 14:29:40
更新更新分笔成交数据出错
System.ComponentModel.Win32Exception (0x80004005): 等待的操作过时。

2021/1/11 14:29:40
更新更新分笔成交数据出错
System.ComponentModel.Win32Exception (0x80004005): 等待的操作过时。

2021/1/11 14:29:40
更新更新分笔成交数据出错
System.ComponentModel.Win32Exception (0x80004005): 等待的操作过时。

2021/1/11 14:29:40
更新更新分笔成交数据出错
System.ComponentModel.Win32Exception (0x80004005): 等待的操作过时。

2021/1/11 14:29:43
更新更新分笔成交数据出错
System.ComponentModel.Win32Exception (0x80004005): 等待的操作过时。

2021/1/11 14:29:44
更新更新分笔成交数据出错
System.ComponentModel.Win32Exception (0x80004005): 等待的操作过时。

2021/1/11 14:29:44
更新更新分笔成交数据出错
System.ComponentModel.Win32Exception (0x80004005): 等待的操作过时。

2021/1/11 14:29:45
更新更新分笔成交数据出错
System.ComponentModel.Win32Exception (0x80004005): 等待的操作过时。

2021/1/11 14:29:46
更新更新分笔成交数据出错
System.ComponentModel.Win32Exception (0x80004005): 等待的操作过时。

2021/1/11 14:29:46
更新更新分笔成交数据出错
System.ComponentModel.Win32Exception (0x80004005): 等待的操作过时。

2021/1/11 14:29:46
更新更新分笔成交数据出错
System.ComponentModel.Win32Exception (0x80004005): 等待的操作过时。

2021/1/11 14:29:46
更新更新分笔成交数据出错
System.ComponentModel.Win32Exception (0x80004005): 等待的操作过时。

2021/1/11 14:29:47
更新更新分笔成交数据出错
System.ComponentModel.Win32Exception (0x80004005): 等待的操作过时。

2021/1/11 14:29:48
更新更新分笔成交数据出错
System.ComponentModel.Win32Exception (0x80004005): 等待的操作过时。

2021/1/11 14:29:53
更新更新分笔成交数据出错
System.ComponentModel.Win32Exception (0x80004005): 等待的操作过时。

2021/1/11 14:29:53
更新更新分笔成交数据出错
System.ComponentModel.Win32Exception (0x80004005): 等待的操作过时。

2021/1/11 14:29:54
更新更新分笔成交数据出错
System.Data.SqlClient.SqlException (0x80131904): 事务(进程 ID 129)与另一个进程被死锁在 锁 资源上，并且已被选作死锁牺牲品。请重新运行该事务。
   在 System.Data.SqlClient.SqlConnection.OnError(SqlException exception, Boolean breakConnection, Action`1 wrapCloseInAction)
   在 System.Data.SqlClient.SqlInternalConnection.OnError(SqlException exception, Boolean breakConnection, Action`1 wrapCloseInAction)
   在 System.Data.SqlClient.TdsParser.ThrowExceptionAndWarning(TdsParserStateObject stateObj, Boolean callerHasConnectionLock, Boolean asyncClose)
   在 System.Data.SqlClient.TdsParser.TryRun(RunBehavior runBehavior, SqlCommand cmdHandler, SqlDataReader dataStream, BulkCopySimpleResultSet bulkCopyHandler, TdsParserStateObject stateObj, Boolean& dataReady)
   在 System.Data.SqlClient.SqlCommand.RunExecuteNonQueryTds(String methodName, Boolean async, Int32 timeout, Boolean asyncWrite)
   在 System.Data.SqlClient.SqlCommand.InternalExecuteNonQuery(TaskCompletionSource`1 completion, String methodName, Boolean sendToPipe, Int32 timeout, Boolean& usedCache, Boolean asyncWrite, Boolean inRetry)
   在 System.Data.SqlClient.SqlCommand.ExecuteNonQuery()
   在 TransactionDataUpdate_NO3.DataHelper.UpdateTransactionData(List`1 list, Int32 market, String sharesCode, DateTime timePar, Nullable`1 lastTime) 位置 F:\项目\饭票后端\TransactionDataUpdate_NO3\DataHelper.cs:行号 189
ClientConnectionId:ec5db25f-8939-40de-aa08-677aedafa9c1
Error Number:1205,State:51,Class:13

2021/1/11 14:29:55
更新更新分笔成交数据出错
System.ComponentModel.Win32Exception (0x80004005): 等待的操作过时。

2021/1/11 14:29:57
更新更新分笔成交数据出错
System.ComponentModel.Win32Exception (0x80004005): 等待的操作过时。

2021/1/11 14:29:58
更新更新分笔成交数据出错
System.ComponentModel.Win32Exception (0x80004005): 等待的操作过时。

2021/1/11 14:29:59
更新更新分笔成交数据出错
System.ComponentModel.Win32Exception (0x80004005): 等待的操作过时。

2021/1/11 14:29:59
更新更新分笔成交数据出错
System.ComponentModel.Win32Exception (0x80004005): 等待的操作过时。

2021/1/11 14:30:04
更新更新分笔成交数据出错
System.ComponentModel.Win32Exception (0x80004005): 等待的操作过时。

2021/1/11 14:30:04
更新更新分笔成交数据出错
System.ComponentModel.Win32Exception (0x80004005): 等待的操作过时。

2021/1/11 14:30:10
更新更新分笔成交数据出错
System.ComponentModel.Win32Exception (0x80004005): 等待的操作过时。

2021/1/11 14:30:11
更新更新分笔成交数据出错
System.ComponentModel.Win32Exception (0x80004005): 等待的操作过时。

2021/1/11 14:30:12
更新更新分笔成交数据出错
System.ComponentModel.Win32Exception (0x80004005): 等待的操作过时。

2021/1/11 14:30:12
更新更新分笔成交数据出错
System.ComponentModel.Win32Exception (0x80004005): 等待的操作过时。

2021/1/11 14:30:13
更新更新分笔成交数据出错
System.ComponentModel.Win32Exception (0x80004005): 等待的操作过时。

2021/1/11 14:30:13
更新更新分笔成交数据出错
System.ComponentModel.Win32Exception (0x80004005): 等待的操作过时。

2021/1/11 14:30:13
更新更新分笔成交数据出错
System.ComponentModel.Win32Exception (0x80004005): 等待的操作过时。

2021/1/11 14:30:13
更新更新分笔成交数据出错
System.ComponentModel.Win32Exception (0x80004005): 等待的操作过时。

2021/1/11 14:30:13
更新更新分笔成交数据出错
System.ComponentModel.Win32Exception (0x80004005): 等待的操作过时。

2021/1/11 14:30:13
更新更新分笔成交数据出错
System.ComponentModel.Win32Exception (0x80004005): 等待的操作过时。

2021/1/11 14:30:13
更新更新分笔成交数据出错
System.ComponentModel.Win32Exception (0x80004005): 等待的操作过时。

2021/1/11 14:30:13
更新更新分笔成交数据出错
System.ComponentModel.Win32Exception (0x80004005): 等待的操作过时。

2021/1/11 14:30:13
更新更新分笔成交数据出错
System.ComponentModel.Win32Exception (0x80004005): 等待的操作过时。

2021/1/11 14:30:13
更新更新分笔成交数据出错
System.ComponentModel.Win32Exception (0x80004005): 等待的操作过时。

2021/1/11 14:30:15
更新更新分笔成交数据出错
System.ComponentModel.Win32Exception (0x80004005): 等待的操作过时。

2021/1/11 14:30:19
更新更新分笔成交数据出错
System.ComponentModel.Win32Exception (0x80004005): 等待的操作过时。

2021/1/11 14:30:19
更新更新分笔成交数据出错
System.ComponentModel.Win32Exception (0x80004005): 等待的操作过时。

2021/1/11 14:30:19
更新更新分笔成交数据出错
System.ComponentModel.Win32Exception (0x80004005): 等待的操作过时。

2021/1/11 14:30:20
更新更新分笔成交数据出错
System.ComponentModel.Win32Exception (0x80004005): 等待的操作过时。

2021/1/11 14:30:20
更新更新分笔成交数据出错
System.ComponentModel.Win32Exception (0x80004005): 等待的操作过时。

2021/1/11 14:30:20
更新更新分笔成交数据出错
System.ComponentModel.Win32Exception (0x80004005): 等待的操作过时。

2021/1/11 14:30:22
更新更新分笔成交数据出错
System.Data.SqlClient.SqlException (0x80131904): 事务(进程 ID 139)与另一个进程被死锁在 锁 资源上，并且已被选作死锁牺牲品。请重新运行该事务。
   在 System.Data.SqlClient.SqlConnection.OnError(SqlException exception, Boolean breakConnection, Action`1 wrapCloseInAction)
   在 System.Data.SqlClient.SqlInternalConnection.OnError(SqlException exception, Boolean breakConnection, Action`1 wrapCloseInAction)
   在 System.Data.SqlClient.TdsParser.ThrowExceptionAndWarning(TdsParserStateObject stateObj, Boolean callerHasConnectionLock, Boolean asyncClose)
   在 System.Data.SqlClient.TdsParser.TryRun(RunBehavior runBehavior, SqlCommand cmdHandler, SqlDataReader dataStream, BulkCopySimpleResultSet bulkCopyHandler, TdsParserStateObject stateObj, Boolean& dataReady)
   在 System.Data.SqlClient.SqlCommand.RunExecuteNonQueryTds(String methodName, Boolean async, Int32 timeout, Boolean asyncWrite)
   在 System.Data.SqlClient.SqlCommand.InternalExecuteNonQuery(TaskCompletionSource`1 completion, String methodName, Boolean sendToPipe, Int32 timeout, Boolean& usedCache, Boolean asyncWrite, Boolean inRetry)
   在 System.Data.SqlClient.SqlCommand.ExecuteNonQuery()
   在 TransactionDataUpdate_NO3.DataHelper.UpdateTransactionData(List`1 list, Int32 market, String sharesCode, DateTime timePar, Nullable`1 lastTime) 位置 F:\项目\饭票后端\TransactionDataUpdate_NO3\DataHelper.cs:行号 189
ClientConnectionId:0fe08f52-7da4-4e12-b0e3-789cbc14c032
Error Number:1205,State:51,Class:13

2021/1/11 14:30:22
更新更新分笔成交数据出错
System.ComponentModel.Win32Exception (0x80004005): 等待的操作过时。

2021/1/11 14:30:22
更新更新分笔成交数据出错
System.ComponentModel.Win32Exception (0x80004005): 等待的操作过时。

2021/1/11 14:30:22
更新更新分笔成交数据出错
System.ComponentModel.Win32Exception (0x80004005): 等待的操作过时。

2021/1/11 14:30:22
更新更新分笔成交数据出错
System.ComponentModel.Win32Exception (0x80004005): 等待的操作过时。

2021/1/11 14:30:22
更新更新分笔成交数据出错
System.ComponentModel.Win32Exception (0x80004005): 等待的操作过时。

2021/1/11 14:30:23
更新更新分笔成交数据出错
System.ComponentModel.Win32Exception (0x80004005): 等待的操作过时。

2021/1/11 14:30:23
更新更新分笔成交数据出错
System.ComponentModel.Win32Exception (0x80004005): 等待的操作过时。

2021/1/11 14:30:23
更新更新分笔成交数据出错
System.ComponentModel.Win32Exception (0x80004005): 等待的操作过时。

2021/1/11 14:30:23
更新更新分笔成交数据出错
System.ComponentModel.Win32Exception (0x80004005): 等待的操作过时。

2021/1/11 14:30:23
更新更新分笔成交数据出错
System.ComponentModel.Win32Exception (0x80004005): 等待的操作过时。

2021/1/11 14:30:23
更新更新分笔成交数据出错
System.ComponentModel.Win32Exception (0x80004005): 等待的操作过时。

2021/1/11 14:30:25
更新更新分笔成交数据出错
System.ComponentModel.Win32Exception (0x80004005): 等待的操作过时。

2021/1/11 14:30:25
更新更新分笔成交数据出错
System.ComponentModel.Win32Exception (0x80004005): 等待的操作过时。

2021/1/11 14:30:25
更新更新分笔成交数据出错
System.ComponentModel.Win32Exception (0x80004005): 等待的操作过时。

2021/1/11 14:30:25
更新更新分笔成交数据出错
System.ComponentModel.Win32Exception (0x80004005): 等待的操作过时。

2021/1/11 14:30:25
更新更新分笔成交数据出错
System.ComponentModel.Win32Exception (0x80004005): 等待的操作过时。

2021/1/11 14:30:25
更新更新分笔成交数据出错
System.ComponentModel.Win32Exception (0x80004005): 等待的操作过时。

2021/1/11 14:30:25
更新更新分笔成交数据出错
System.ComponentModel.Win32Exception (0x80004005): 等待的操作过时。

2021/1/11 14:30:27
更新更新分笔成交数据出错
System.Data.SqlClient.SqlException (0x80131904): 事务(进程 ID 77)与另一个进程被死锁在 锁 资源上，并且已被选作死锁牺牲品。请重新运行该事务。
   在 System.Data.SqlClient.SqlConnection.OnError(SqlException exception, Boolean breakConnection, Action`1 wrapCloseInAction)
   在 System.Data.SqlClient.SqlInternalConnection.OnError(SqlException exception, Boolean breakConnection, Action`1 wrapCloseInAction)
   在 System.Data.SqlClient.TdsParser.ThrowExceptionAndWarning(TdsParserStateObject stateObj, Boolean callerHasConnectionLock, Boolean asyncClose)
   在 System.Data.SqlClient.TdsParser.TryRun(RunBehavior runBehavior, SqlCommand cmdHandler, SqlDataReader dataStream, BulkCopySimpleResultSet bulkCopyHandler, TdsParserStateObject stateObj, Boolean& dataReady)
   在 System.Data.SqlClient.SqlCommand.RunExecuteNonQueryTds(String methodName, Boolean async, Int32 timeout, Boolean asyncWrite)
   在 System.Data.SqlClient.SqlCommand.InternalExecuteNonQuery(TaskCompletionSource`1 completion, String methodName, Boolean sendToPipe, Int32 timeout, Boolean& usedCache, Boolean asyncWrite, Boolean inRetry)
   在 System.Data.SqlClient.SqlCommand.ExecuteNonQuery()
   在 TransactionDataUpdate_NO3.DataHelper.UpdateTransactionData(List`1 list, Int32 market, String sharesCode, DateTime timePar, Nullable`1 lastTime) 位置 F:\项目\饭票后端\TransactionDataUpdate_NO3\DataHelper.cs:行号 189
ClientConnectionId:f2d02199-5f0b-4f77-b32d-4147f753aa96
Error Number:1205,State:51,Class:13

2021/1/11 14:30:27
更新更新分笔成交数据出错
System.Data.SqlClient.SqlException (0x80131904): 事务(进程 ID 111)与另一个进程被死锁在 锁 资源上，并且已被选作死锁牺牲品。请重新运行该事务。
   在 System.Data.SqlClient.SqlConnection.OnError(SqlException exception, Boolean breakConnection, Action`1 wrapCloseInAction)
   在 System.Data.SqlClient.SqlInternalConnection.OnError(SqlException exception, Boolean breakConnection, Action`1 wrapCloseInAction)
   在 System.Data.SqlClient.TdsParser.ThrowExceptionAndWarning(TdsParserStateObject stateObj, Boolean callerHasConnectionLock, Boolean asyncClose)
   在 System.Data.SqlClient.TdsParser.TryRun(RunBehavior runBehavior, SqlCommand cmdHandler, SqlDataReader dataStream, BulkCopySimpleResultSet bulkCopyHandler, TdsParserStateObject stateObj, Boolean& dataReady)
   在 System.Data.SqlClient.SqlCommand.RunExecuteNonQueryTds(String methodName, Boolean async, Int32 timeout, Boolean asyncWrite)
   在 System.Data.SqlClient.SqlCommand.InternalExecuteNonQuery(TaskCompletionSource`1 completion, String methodName, Boolean sendToPipe, Int32 timeout, Boolean& usedCache, Boolean asyncWrite, Boolean inRetry)
   在 System.Data.SqlClient.SqlCommand.ExecuteNonQuery()
   在 TransactionDataUpdate_NO3.DataHelper.UpdateTransactionData(List`1 list, Int32 market, String sharesCode, DateTime timePar, Nullable`1 lastTime) 位置 F:\项目\饭票后端\TransactionDataUpdate_NO3\DataHelper.cs:行号 189
ClientConnectionId:6fb440c7-72ee-46f3-ab90-3c330efefc7f
Error Number:1205,State:51,Class:13

2021/1/11 14:30:28
更新更新分笔成交数据出错
System.ComponentModel.Win32Exception (0x80004005): 等待的操作过时。

2021/1/11 14:30:28
更新更新分笔成交数据出错
System.ComponentModel.Win32Exception (0x80004005): 等待的操作过时。

2021/1/11 14:30:28
更新更新分笔成交数据出错
System.ComponentModel.Win32Exception (0x80004005): 等待的操作过时。

2021/1/11 14:30:28
更新更新分笔成交数据出错
System.ComponentModel.Win32Exception (0x80004005): 等待的操作过时。

2021/1/11 14:30:28
更新更新分笔成交数据出错
System.ComponentModel.Win32Exception (0x80004005): 等待的操作过时。

2021/1/11 14:30:29
更新更新分笔成交数据出错
System.ComponentModel.Win32Exception (0x80004005): 等待的操作过时。

2021/1/11 14:30:29
更新更新分笔成交数据出错
System.ComponentModel.Win32Exception (0x80004005): 等待的操作过时。

2021/1/11 14:30:40
更新更新分笔成交数据出错
System.ComponentModel.Win32Exception (0x80004005): 等待的操作过时。

2021/1/11 14:30:40
更新更新分笔成交数据出错
System.ComponentModel.Win32Exception (0x80004005): 等待的操作过时。

2021/1/11 14:30:40
更新更新分笔成交数据出错
System.ComponentModel.Win32Exception (0x80004005): 等待的操作过时。

2021/1/11 14:30:40
更新更新分笔成交数据出错
System.ComponentModel.Win32Exception (0x80004005): 等待的操作过时。

2021/1/11 14:30:40
更新更新分笔成交数据出错
System.ComponentModel.Win32Exception (0x80004005): 等待的操作过时。

2021/1/11 14:30:40
更新更新分笔成交数据出错
System.ComponentModel.Win32Exception (0x80004005): 等待的操作过时。

2021/1/11 14:30:40
更新更新分笔成交数据出错
System.ComponentModel.Win32Exception (0x80004005): 等待的操作过时。

2021/1/11 14:30:40
更新更新分笔成交数据出错
System.ComponentModel.Win32Exception (0x80004005): 等待的操作过时。

2021/1/11 14:30:48
更新更新分笔成交数据出错
System.ComponentModel.Win32Exception (0x80004005): 等待的操作过时。

2021/1/11 14:30:48
更新更新分笔成交数据出错
System.ComponentModel.Win32Exception (0x80004005): 等待的操作过时。

2021/1/11 14:30:48
更新更新分笔成交数据出错
System.ComponentModel.Win32Exception (0x80004005): 等待的操作过时。

2021/1/11 14:30:48
更新更新分笔成交数据出错
System.ComponentModel.Win32Exception (0x80004005): 等待的操作过时。

2021/1/11 14:30:48
更新更新分笔成交数据出错
System.ComponentModel.Win32Exception (0x80004005): 等待的操作过时。

2021/1/11 14:30:49
更新更新分笔成交数据出错
System.ComponentModel.Win32Exception (0x80004005): 等待的操作过时。

2021/1/11 14:30:53
更新更新分笔成交数据出错
System.Data.SqlClient.SqlException (0x80131904): 事务(进程 ID 120)与另一个进程被死锁在 锁 资源上，并且已被选作死锁牺牲品。请重新运行该事务。
   在 System.Data.SqlClient.SqlConnection.OnError(SqlException exception, Boolean breakConnection, Action`1 wrapCloseInAction)
   在 System.Data.SqlClient.SqlInternalConnection.OnError(SqlException exception, Boolean breakConnection, Action`1 wrapCloseInAction)
   在 System.Data.SqlClient.TdsParser.ThrowExceptionAndWarning(TdsParserStateObject stateObj, Boolean callerHasConnectionLock, Boolean asyncClose)
   在 System.Data.SqlClient.TdsParser.TryRun(RunBehavior runBehavior, SqlCommand cmdHandler, SqlDataReader dataStream, BulkCopySimpleResultSet bulkCopyHandler, TdsParserStateObject stateObj, Boolean& dataReady)
   在 System.Data.SqlClient.SqlCommand.RunExecuteNonQueryTds(String methodName, Boolean async, Int32 timeout, Boolean asyncWrite)
   在 System.Data.SqlClient.SqlCommand.InternalExecuteNonQuery(TaskCompletionSource`1 completion, String methodName, Boolean sendToPipe, Int32 timeout, Boolean& usedCache, Boolean asyncWrite, Boolean inRetry)
   在 System.Data.SqlClient.SqlCommand.ExecuteNonQuery()
   在 TransactionDataUpdate_NO3.DataHelper.UpdateTransactionData(List`1 list, Int32 market, String sharesCode, DateTime timePar, Nullable`1 lastTime) 位置 F:\项目\饭票后端\TransactionDataUpdate_NO3\DataHelper.cs:行号 189
ClientConnectionId:068fda6d-3f95-4c26-8f2f-c313b4aa1da3
Error Number:1205,State:51,Class:13

2021/1/11 14:30:54
更新更新分笔成交数据出错
System.ComponentModel.Win32Exception (0x80004005): 等待的操作过时。

2021/1/11 14:30:55
更新更新分笔成交数据出错
System.ComponentModel.Win32Exception (0x80004005): 等待的操作过时。

2021/1/11 14:30:56
更新更新分笔成交数据出错
System.ComponentModel.Win32Exception (0x80004005): 等待的操作过时。

2021/1/11 14:30:58
更新更新分笔成交数据出错
System.ComponentModel.Win32Exception (0x80004005): 等待的操作过时。

2021/1/11 14:30:58
更新更新分笔成交数据出错
System.ComponentModel.Win32Exception (0x80004005): 等待的操作过时。

2021/1/11 14:31:00
更新更新分笔成交数据出错
System.ComponentModel.Win32Exception (0x80004005): 等待的操作过时。

2021/1/11 14:31:01
更新更新分笔成交数据出错
System.ComponentModel.Win32Exception (0x80004005): 等待的操作过时。

2021/1/11 14:31:06
更新更新分笔成交数据出错
System.ComponentModel.Win32Exception (0x80004005): 等待的操作过时。

2021/1/11 14:31:06
更新更新分笔成交数据出错
System.ComponentModel.Win32Exception (0x80004005): 等待的操作过时。

2021/1/11 14:31:06
更新更新分笔成交数据出错
System.ComponentModel.Win32Exception (0x80004005): 等待的操作过时。

2021/1/11 14:31:07
更新更新分笔成交数据出错
System.ComponentModel.Win32Exception (0x80004005): 等待的操作过时。

2021/1/11 14:31:07
更新更新分笔成交数据出错
System.ComponentModel.Win32Exception (0x80004005): 等待的操作过时。

2021/1/11 14:31:10
更新更新分笔成交数据出错
System.ComponentModel.Win32Exception (0x80004005): 等待的操作过时。

2021/1/11 14:31:14
更新更新分笔成交数据出错
System.ComponentModel.Win32Exception (0x80004005): 等待的操作过时。

2021/1/11 14:31:14
更新更新分笔成交数据出错
System.ComponentModel.Win32Exception (0x80004005): 等待的操作过时。

2021/1/11 14:31:15
更新更新分笔成交数据出错
System.ComponentModel.Win32Exception (0x80004005): 等待的操作过时。

2021/1/11 14:31:16
更新更新分笔成交数据出错
System.ComponentModel.Win32Exception (0x80004005): 等待的操作过时。

2021/1/11 14:31:19
更新更新分笔成交数据出错
System.ComponentModel.Win32Exception (0x80004005): 等待的操作过时。

2021/1/11 14:31:19
更新更新分笔成交数据出错
System.ComponentModel.Win32Exception (0x80004005): 等待的操作过时。

2021/1/11 14:31:19
更新更新分笔成交数据出错
System.ComponentModel.Win32Exception (0x80004005): 等待的操作过时。

2021/1/11 14:31:19
更新更新分笔成交数据出错
System.ComponentModel.Win32Exception (0x80004005): 等待的操作过时。

2021/1/11 14:31:24
更新更新分笔成交数据出错
System.ComponentModel.Win32Exception (0x80004005): 等待的操作过时。

