==============2021-08-11 10:28:23==============
===6开始执行条件2021-08-11 10:28:22.994===
===开始判断价格条件2021-08-11 10:28:22.994===
===开始判断额外/转自动条件2021-08-11 10:28:23.291===
===2021-08-11 10:28:23.409===
股票：600256指定时间段判断-额外参数：
	分组名称：1
	走势名称：时间段
		条件成立(当前时间：2021-08-11 10:28:22.994,条件时段：09:30:00-13:00:00)
	结果：达到要求
===2021-08-11 10:28:23.588===
===2021-08-11 10:28:23.828===
股票：600256多头向上判断-转自动参数：
	分组名称：2
	走势名称：多头向上
	结果：未满足，返回code：0
===2021-08-11 10:28:23.828===
满足所有条件，可以触发


===============================================

==============2021-08-11 10:28:30==============
===6开始执行条件2021-08-11 10:28:30.266===
===开始判断价格条件2021-08-11 10:28:30.266===
===开始判断额外/转自动条件2021-08-11 10:28:30.368===
===2021-08-11 10:28:30.430===
股票：600256指定时间段判断-额外参数：
	分组名称：1
	走势名称：时间段
		条件成立(当前时间：2021-08-11 10:28:30.266,条件时段：09:30:00-13:00:00)
	结果：达到要求
===2021-08-11 10:28:30.564===
===2021-08-11 10:28:30.842===
股票：600256多头向上判断-转自动参数：
	分组名称：2
	走势名称：多头向上
	结果：未满足，返回code：0
===2021-08-11 10:28:30.842===
满足所有条件，可以触发


===============================================

==============2021-08-11 10:28:50==============
===6开始执行条件2021-08-11 10:28:49.972===
===开始判断价格条件2021-08-11 10:28:49.972===
===开始判断额外/转自动条件2021-08-11 10:28:50.053===
===2021-08-11 10:28:50.201===
股票：600256指定时间段判断-额外参数：
	分组名称：1
	走势名称：时间段
		条件成立(当前时间：2021-08-11 10:28:49.972,条件时段：09:30:00-13:00:00)
	结果：达到要求
===2021-08-11 10:28:50.345===
===2021-08-11 10:28:50.582===
股票：600256多头向上判断-转自动参数：
	分组名称：2
	走势名称：多头向上
	结果：未满足，返回code：0
===2021-08-11 10:28:50.582===
满足所有条件，可以触发


===============================================

==============2021-08-11 10:29:01==============
===6开始执行条件2021-08-11 10:28:59.040===
===开始判断价格条件2021-08-11 10:28:59.040===
===开始判断额外/转自动条件2021-08-11 10:28:59.872===
===2021-08-11 10:29:00.354===
股票：600256指定时间段判断-额外参数：
	分组名称：1
	走势名称：时间段
		条件成立(当前时间：2021-08-11 10:28:59.039,条件时段：09:30:00-13:00:00)
	结果：达到要求
===2021-08-11 10:29:00.456===
===2021-08-11 10:29:01.777===
股票：600256多头向上判断-转自动参数：
	分组名称：2
	走势名称：多头向上
	结果：未满足，返回code：0
===2021-08-11 10:29:01.777===
满足所有条件，可以触发


===============================================

==============2021-08-11 10:29:42==============
===6开始执行条件2021-08-11 10:29:41.630===
===开始判断价格条件2021-08-11 10:29:41.630===
===开始判断额外/转自动条件2021-08-11 10:29:41.896===
===2021-08-11 10:29:41.973===
股票：600256指定时间段判断-额外参数：
	分组名称：1
	走势名称：时间段
		条件成立(当前时间：2021-08-11 10:29:41.630,条件时段：09:30:00-13:00:00)
	结果：达到要求
===2021-08-11 10:29:42.128===
===2021-08-11 10:29:42.461===
股票：600256多头向上判断-转自动参数：
	分组名称：2
	走势名称：多头向上
	结果：未满足，返回code：0
===2021-08-11 10:29:42.461===
满足所有条件，可以触发


===============================================

==============2021-08-11 10:29:54==============
===6开始执行条件2021-08-11 10:29:52.306===
===开始判断价格条件2021-08-11 10:29:52.306===
===开始判断额外/转自动条件2021-08-11 10:29:52.738===
===2021-08-11 10:29:52.989===
股票：600256指定时间段判断-额外参数：
	分组名称：1
	走势名称：时间段
		条件成立(当前时间：2021-08-11 10:29:52.306,条件时段：09:30:00-13:00:00)
	结果：达到要求
===2021-08-11 10:29:53.806===
===2021-08-11 10:29:54.864===
股票：600256多头向上判断-转自动参数：
	分组名称：2
	走势名称：多头向上
	结果：未满足，返回code：0
===2021-08-11 10:29:54.864===
满足所有条件，可以触发


===============================================

==============2021-08-11 10:30:06==============
===6开始执行条件2021-08-11 10:30:06.242===
===开始判断价格条件2021-08-11 10:30:06.242===
===开始判断额外/转自动条件2021-08-11 10:30:06.365===
===2021-08-11 10:30:06.583===
股票：600256指定时间段判断-额外参数：
	分组名称：1
	走势名称：时间段
		条件成立(当前时间：2021-08-11 10:30:06.242,条件时段：09:30:00-13:00:00)
	结果：达到要求
===2021-08-11 10:30:06.679===
===2021-08-11 10:30:06.796===
股票：600256多头向上判断-转自动参数：
	分组名称：2
	走势名称：多头向上
	结果：未满足，返回code：0
===2021-08-11 10:30:06.796===
满足所有条件，可以触发


===============================================

==============2021-08-11 10:30:13==============
===6开始执行条件2021-08-11 10:30:13.016===
===开始判断价格条件2021-08-11 10:30:13.016===
===开始判断额外/转自动条件2021-08-11 10:30:13.273===
===2021-08-11 10:30:13.343===
股票：600256指定时间段判断-额外参数：
	分组名称：1
	走势名称：时间段
		条件成立(当前时间：2021-08-11 10:30:13.015,条件时段：09:30:00-13:00:00)
	结果：达到要求
===2021-08-11 10:30:13.553===
===2021-08-11 10:30:13.697===
股票：600256多头向上判断-转自动参数：
	分组名称：2
	走势名称：多头向上
	结果：未满足，返回code：0
===2021-08-11 10:30:13.697===
满足所有条件，可以触发


===============================================

==============2021-08-11 10:30:29==============
===6开始执行条件2021-08-11 10:30:28.948===
===开始判断价格条件2021-08-11 10:30:28.948===
===开始判断额外/转自动条件2021-08-11 10:30:29.050===
===2021-08-11 10:30:29.100===
股票：600256指定时间段判断-额外参数：
	分组名称：1
	走势名称：时间段
		条件成立(当前时间：2021-08-11 10:30:28.947,条件时段：09:30:00-13:00:00)
	结果：达到要求
===2021-08-11 10:30:29.168===
===2021-08-11 10:30:29.634===
股票：600256多头向上判断-转自动参数：
	分组名称：2
	走势名称：多头向上
	结果：未满足，返回code：0
===2021-08-11 10:30:29.634===
满足所有条件，可以触发


===============================================

==============2021-08-11 10:30:38==============
===6开始执行条件2021-08-11 10:30:37.143===
===开始判断价格条件2021-08-11 10:30:37.143===
===开始判断额外/转自动条件2021-08-11 10:30:37.214===
===2021-08-11 10:30:37.308===
股票：600256指定时间段判断-额外参数：
	分组名称：1
	走势名称：时间段
		条件成立(当前时间：2021-08-11 10:30:37.137,条件时段：09:30:00-13:00:00)
	结果：达到要求
===2021-08-11 10:30:37.662===
===2021-08-11 10:30:38.030===
股票：600256多头向上判断-转自动参数：
	分组名称：2
	走势名称：多头向上
	结果：未满足，返回code：0
===2021-08-11 10:30:38.030===
满足所有条件，可以触发


===============================================

==============2021-08-11 10:30:41==============
===6开始执行条件2021-08-11 10:30:40.879===
===开始判断价格条件2021-08-11 10:30:40.879===
===开始判断额外/转自动条件2021-08-11 10:30:40.940===
===2021-08-11 10:30:40.986===
股票：600256指定时间段判断-额外参数：
	分组名称：1
	走势名称：时间段
		条件成立(当前时间：2021-08-11 10:30:40.878,条件时段：09:30:00-13:00:00)
	结果：达到要求
===2021-08-11 10:30:41.327===
===2021-08-11 10:30:41.504===
股票：600256多头向上判断-转自动参数：
	分组名称：2
	走势名称：多头向上
	结果：未满足，返回code：0
===2021-08-11 10:30:41.504===
满足所有条件，可以触发


===============================================

==============2021-08-11 10:30:50==============
===6开始执行条件2021-08-11 10:30:50.244===
===开始判断价格条件2021-08-11 10:30:50.244===
===开始判断额外/转自动条件2021-08-11 10:30:50.352===
===2021-08-11 10:30:50.430===
股票：600256指定时间段判断-额外参数：
	分组名称：1
	走势名称：时间段
		条件成立(当前时间：2021-08-11 10:30:50.244,条件时段：09:30:00-13:00:00)
	结果：达到要求
===2021-08-11 10:30:50.528===
===2021-08-11 10:30:50.644===
股票：600256多头向上判断-转自动参数：
	分组名称：2
	走势名称：多头向上
	结果：未满足，返回code：0
===2021-08-11 10:30:50.644===
满足所有条件，可以触发


===============================================

==============2021-08-11 10:30:57==============
===6开始执行条件2021-08-11 10:30:57.014===
===开始判断价格条件2021-08-11 10:30:57.014===
===开始判断额外/转自动条件2021-08-11 10:30:57.097===
===2021-08-11 10:30:57.145===
股票：600256指定时间段判断-额外参数：
	分组名称：1
	走势名称：时间段
		条件成立(当前时间：2021-08-11 10:30:57.014,条件时段：09:30:00-13:00:00)
	结果：达到要求
===2021-08-11 10:30:57.236===
===2021-08-11 10:30:57.323===
股票：600256多头向上判断-转自动参数：
	分组名称：2
	走势名称：多头向上
	结果：未满足，返回code：0
===2021-08-11 10:30:57.323===
满足所有条件，可以触发


===============================================

==============2021-08-11 10:31:16==============
===6开始执行条件2021-08-11 10:31:15.913===
===开始判断价格条件2021-08-11 10:31:15.913===
===开始判断额外/转自动条件2021-08-11 10:31:15.957===
===2021-08-11 10:31:15.994===
股票：600256指定时间段判断-额外参数：
	分组名称：1
	走势名称：时间段
		条件成立(当前时间：2021-08-11 10:31:15.913,条件时段：09:30:00-13:00:00)
	结果：达到要求
===2021-08-11 10:31:16.046===
===2021-08-11 10:31:16.122===
股票：600256多头向上判断-转自动参数：
	分组名称：2
	走势名称：多头向上
	结果：未满足，返回code：0
===2021-08-11 10:31:16.122===
满足所有条件，可以触发


===============================================

==============2021-08-11 10:31:22==============
===6开始执行条件2021-08-11 10:31:22.047===
===开始判断价格条件2021-08-11 10:31:22.047===
===开始判断额外/转自动条件2021-08-11 10:31:22.129===
===2021-08-11 10:31:22.185===
股票：600256指定时间段判断-额外参数：
	分组名称：1
	走势名称：时间段
		条件成立(当前时间：2021-08-11 10:31:22.046,条件时段：09:30:00-13:00:00)
	结果：达到要求
===2021-08-11 10:31:22.244===
===2021-08-11 10:31:22.670===
股票：600256多头向上判断-转自动参数：
	分组名称：2
	走势名称：多头向上
	结果：未满足，返回code：0
===2021-08-11 10:31:22.670===
满足所有条件，可以触发


===============================================

==============2021-08-11 10:31:30==============
===6开始执行条件2021-08-11 10:31:29.665===
===开始判断价格条件2021-08-11 10:31:29.665===
===开始判断额外/转自动条件2021-08-11 10:31:29.798===
===2021-08-11 10:31:29.877===
股票：600256指定时间段判断-额外参数：
	分组名称：1
	走势名称：时间段
		条件成立(当前时间：2021-08-11 10:31:29.664,条件时段：09:30:00-13:00:00)
	结果：达到要求
===2021-08-11 10:31:29.987===
===2021-08-11 10:31:30.276===
股票：600256多头向上判断-转自动参数：
	分组名称：2
	走势名称：多头向上
	结果：未满足，返回code：0
===2021-08-11 10:31:30.276===
满足所有条件，可以触发


===============================================

==============2021-08-11 10:31:41==============
===6开始执行条件2021-08-11 10:31:38.920===
===开始判断价格条件2021-08-11 10:31:38.920===
===开始判断额外/转自动条件2021-08-11 10:31:39.234===
===2021-08-11 10:31:39.601===
股票：600256指定时间段判断-额外参数：
	分组名称：1
	走势名称：时间段
		条件成立(当前时间：2021-08-11 10:31:38.920,条件时段：09:30:00-13:00:00)
	结果：达到要求
===2021-08-11 10:31:40.135===
===2021-08-11 10:31:41.027===
股票：600256多头向上判断-转自动参数：
	分组名称：2
	走势名称：多头向上
	结果：未满足，返回code：0
===2021-08-11 10:31:41.027===
满足所有条件，可以触发


===============================================

==============2021-08-11 10:31:57==============
===6开始执行条件2021-08-11 10:31:56.106===
===开始判断价格条件2021-08-11 10:31:56.106===
===开始判断额外/转自动条件2021-08-11 10:31:56.484===
===2021-08-11 10:31:56.624===
股票：600256指定时间段判断-额外参数：
	分组名称：1
	走势名称：时间段
		条件成立(当前时间：2021-08-11 10:31:56.105,条件时段：09:30:00-13:00:00)
	结果：达到要求
===2021-08-11 10:31:57.162===
===2021-08-11 10:31:57.776===
股票：600256多头向上判断-转自动参数：
	分组名称：2
	走势名称：多头向上
	结果：未满足，返回code：0
===2021-08-11 10:31:57.776===
满足所有条件，可以触发


===============================================

==============2021-08-11 10:32:15==============
===6开始执行条件2021-08-11 10:32:13.088===
===开始判断价格条件2021-08-11 10:32:13.088===
===开始判断额外/转自动条件2021-08-11 10:32:13.680===
===2021-08-11 10:32:14.571===
股票：600256指定时间段判断-额外参数：
	分组名称：1
	走势名称：时间段
		条件成立(当前时间：2021-08-11 10:32:13.075,条件时段：09:30:00-13:00:00)
	结果：达到要求
===2021-08-11 10:32:14.964===
===2021-08-11 10:32:15.691===
股票：600256多头向上判断-转自动参数：
	分组名称：2
	走势名称：多头向上
	结果：未满足，返回code：0
===2021-08-11 10:32:15.691===
满足所有条件，可以触发


===============================================

==============2021-08-11 10:32:43==============
===6开始执行条件2021-08-11 10:32:42.742===
===开始判断价格条件2021-08-11 10:32:42.742===
===开始判断额外/转自动条件2021-08-11 10:32:42.815===
===2021-08-11 10:32:42.869===
股票：600256指定时间段判断-额外参数：
	分组名称：1
	走势名称：时间段
		条件成立(当前时间：2021-08-11 10:32:42.742,条件时段：09:30:00-13:00:00)
	结果：达到要求
===2021-08-11 10:32:42.964===
===2021-08-11 10:32:43.110===
股票：600256多头向上判断-转自动参数：
	分组名称：2
	走势名称：多头向上
	结果：未满足，返回code：0
===2021-08-11 10:32:43.110===
满足所有条件，可以触发


===============================================

==============2021-08-11 10:32:56==============
===6开始执行条件2021-08-11 10:32:55.759===
===开始判断价格条件2021-08-11 10:32:55.759===
===开始判断额外/转自动条件2021-08-11 10:32:55.844===
===2021-08-11 10:32:55.903===
股票：600256指定时间段判断-额外参数：
	分组名称：1
	走势名称：时间段
		条件成立(当前时间：2021-08-11 10:32:55.759,条件时段：09:30:00-13:00:00)
	结果：达到要求
===2021-08-11 10:32:55.959===
===2021-08-11 10:32:56.104===
股票：600256多头向上判断-转自动参数：
	分组名称：2
	走势名称：多头向上
	结果：未满足，返回code：0
===2021-08-11 10:32:56.104===
满足所有条件，可以触发


===============================================

==============2021-08-11 10:33:04==============
===6开始执行条件2021-08-11 10:33:04.254===
===开始判断价格条件2021-08-11 10:33:04.254===
===开始判断额外/转自动条件2021-08-11 10:33:04.367===
===2021-08-11 10:33:04.511===
股票：600256指定时间段判断-额外参数：
	分组名称：1
	走势名称：时间段
		条件成立(当前时间：2021-08-11 10:33:04.253,条件时段：09:30:00-13:00:00)
	结果：达到要求
===2021-08-11 10:33:04.594===
===2021-08-11 10:33:04.724===
股票：600256多头向上判断-转自动参数：
	分组名称：2
	走势名称：多头向上
	结果：未满足，返回code：0
===2021-08-11 10:33:04.724===
满足所有条件，可以触发


===============================================

==============2021-08-11 10:33:15==============
===6开始执行条件2021-08-11 10:33:13.893===
===开始判断价格条件2021-08-11 10:33:13.893===
===开始判断额外/转自动条件2021-08-11 10:33:14.197===
===2021-08-11 10:33:14.433===
股票：600256指定时间段判断-额外参数：
	分组名称：1
	走势名称：时间段
		条件成立(当前时间：2021-08-11 10:33:13.892,条件时段：09:30:00-13:00:00)
	结果：达到要求
===2021-08-11 10:33:15.260===
===2021-08-11 10:33:15.918===
股票：600256多头向上判断-转自动参数：
	分组名称：2
	走势名称：多头向上
	结果：未满足，返回code：0
===2021-08-11 10:33:15.918===
满足所有条件，可以触发


===============================================

==============2021-08-11 10:33:23==============
===6开始执行条件2021-08-11 10:33:22.022===
===开始判断价格条件2021-08-11 10:33:22.022===
===开始判断额外/转自动条件2021-08-11 10:33:22.374===
===2021-08-11 10:33:22.513===
股票：600256指定时间段判断-额外参数：
	分组名称：1
	走势名称：时间段
		条件成立(当前时间：2021-08-11 10:33:22.022,条件时段：09:30:00-13:00:00)
	结果：达到要求
===2021-08-11 10:33:22.711===
===2021-08-11 10:33:23.898===
股票：600256多头向上判断-转自动参数：
	分组名称：2
	走势名称：多头向上
	结果：未满足，返回code：0
===2021-08-11 10:33:23.899===
满足所有条件，可以触发


===============================================

==============2021-08-11 10:34:56==============
===6开始执行条件2021-08-11 10:34:56.347===
===开始判断价格条件2021-08-11 10:34:56.347===
===开始判断额外/转自动条件2021-08-11 10:34:56.514===
===2021-08-11 10:34:56.664===
股票：600256指定时间段判断-额外参数：
	分组名称：1
	走势名称：时间段
		条件成立(当前时间：2021-08-11 10:34:56.346,条件时段：09:30:00-13:00:00)
	结果：达到要求
===2021-08-11 10:34:56.735===
===2021-08-11 10:34:56.878===
股票：600256多头向上判断-转自动参数：
	分组名称：2
	走势名称：多头向上
	结果：未满足，返回code：0
===2021-08-11 10:34:56.878===
满足所有条件，可以触发


===============================================

==============2021-08-11 10:35:05==============
===6开始执行条件2021-08-11 10:35:05.019===
===开始判断价格条件2021-08-11 10:35:05.019===
===开始判断额外/转自动条件2021-08-11 10:35:05.300===
===2021-08-11 10:35:05.502===
股票：600256指定时间段判断-额外参数：
	分组名称：1
	走势名称：时间段
		条件成立(当前时间：2021-08-11 10:35:05.019,条件时段：09:30:00-13:00:00)
	结果：达到要求
===2021-08-11 10:35:05.699===
===2021-08-11 10:35:05.918===
股票：600256多头向上判断-转自动参数：
	分组名称：2
	走势名称：多头向上
	结果：未满足，返回code：0
===2021-08-11 10:35:05.918===
满足所有条件，可以触发


===============================================

==============2021-08-11 10:35:16==============
===6开始执行条件2021-08-11 10:35:14.751===
===开始判断价格条件2021-08-11 10:35:14.751===
===开始判断额外/转自动条件2021-08-11 10:35:15.265===
===2021-08-11 10:35:15.541===
股票：600256指定时间段判断-额外参数：
	分组名称：1
	走势名称：时间段
		条件成立(当前时间：2021-08-11 10:35:14.749,条件时段：09:30:00-13:00:00)
	结果：达到要求
===2021-08-11 10:35:16.010===
===2021-08-11 10:35:16.160===
股票：600256多头向上判断-转自动参数：
	分组名称：2
	走势名称：多头向上
	结果：未满足，返回code：0
===2021-08-11 10:35:16.161===
满足所有条件，可以触发


===============================================

==============2021-08-11 10:35:29==============
===6开始执行条件2021-08-11 10:35:27.118===
===开始判断价格条件2021-08-11 10:35:27.118===
===开始判断额外/转自动条件2021-08-11 10:35:27.807===
===2021-08-11 10:35:28.155===
股票：600256指定时间段判断-额外参数：
	分组名称：1
	走势名称：时间段
		条件成立(当前时间：2021-08-11 10:35:27.117,条件时段：09:30:00-13:00:00)
	结果：达到要求
===2021-08-11 10:35:28.537===
===2021-08-11 10:35:29.084===
股票：600256多头向上判断-转自动参数：
	分组名称：2
	走势名称：多头向上
	结果：未满足，返回code：0
===2021-08-11 10:35:29.084===
满足所有条件，可以触发


===============================================

==============2021-08-11 10:35:55==============
===6开始执行条件2021-08-11 10:35:52.999===
===开始判断价格条件2021-08-11 10:35:52.999===
===开始判断额外/转自动条件2021-08-11 10:35:53.491===
===2021-08-11 10:35:53.776===
股票：600256指定时间段判断-额外参数：
	分组名称：1
	走势名称：时间段
		条件成立(当前时间：2021-08-11 10:35:52.999,条件时段：09:30:00-13:00:00)
	结果：达到要求
===2021-08-11 10:35:54.022===
===2021-08-11 10:35:55.036===
股票：600256多头向上判断-转自动参数：
	分组名称：2
	走势名称：多头向上
	结果：未满足，返回code：0
===2021-08-11 10:35:55.037===
满足所有条件，可以触发


===============================================

==============2021-08-11 10:36:25==============
===6开始执行条件2021-08-11 10:36:22.891===
===开始判断价格条件2021-08-11 10:36:22.891===
===开始判断额外/转自动条件2021-08-11 10:36:23.061===
===2021-08-11 10:36:24.009===
股票：600256指定时间段判断-额外参数：
	分组名称：1
	走势名称：时间段
		条件成立(当前时间：2021-08-11 10:36:22.890,条件时段：09:30:00-13:00:00)
	结果：达到要求
===2021-08-11 10:36:24.625===
===2021-08-11 10:36:25.451===
股票：600256多头向上判断-转自动参数：
	分组名称：2
	走势名称：多头向上
	结果：未满足，返回code：0
===2021-08-11 10:36:25.451===
满足所有条件，可以触发


===============================================

==============2021-08-11 10:37:02==============
===6开始执行条件2021-08-11 10:36:59.401===
===开始判断价格条件2021-08-11 10:36:59.401===
===开始判断额外/转自动条件2021-08-11 10:37:00.522===
===2021-08-11 10:37:01.588===
股票：600256指定时间段判断-额外参数：
	分组名称：1
	走势名称：时间段
		条件成立(当前时间：2021-08-11 10:36:59.401,条件时段：09:30:00-13:00:00)
	结果：达到要求
===2021-08-11 10:37:01.999===
===2021-08-11 10:37:02.533===
股票：600256多头向上判断-转自动参数：
	分组名称：2
	走势名称：多头向上
	结果：未满足，返回code：0
===2021-08-11 10:37:02.533===
满足所有条件，可以触发


===============================================

