==============2021-08-10 17:41:06==============
===6开始执行条件2021-08-10 17:41:05.506===
===开始判断价格条件2021-08-10 17:41:05.506===
===开始判断额外/转自动条件2021-08-10 17:41:05.659===
===2021-08-10 17:41:06.048===
股票：600256指定时间段判断-额外参数：
	分组名称：1
	走势名称：时间段
		条件不成立(当前时间：2021-08-10 17:41:05.498,条件时段：09:30:00-13:00:00)
	结果：未满足
===2021-08-10 17:41:06.048===
===2021-08-10 17:41:06.179===
股票：600256板块涨跌幅判断-额外参数：
	分组名称：1
	走势名称：发
		条件不成立(不符合板块涨跌幅条件)
	结果：未满足，返回code：-1
===2021-08-10 17:41:06.584===
额外条件未满足


===============================================

==============2021-08-10 17:41:18==============
===6开始执行条件2021-08-10 17:41:16.812===
===开始判断价格条件2021-08-10 17:41:16.812===
===开始判断额外/转自动条件2021-08-10 17:41:17.029===
===2021-08-10 17:41:17.292===
股票：600256指定时间段判断-额外参数：
	分组名称：1
	走势名称：时间段
		条件不成立(当前时间：2021-08-10 17:41:16.809,条件时段：09:30:00-13:00:00)
	结果：未满足
===2021-08-10 17:41:17.292===
===2021-08-10 17:41:17.790===
股票：600256板块涨跌幅判断-额外参数：
	分组名称：1
	走势名称：发
		条件不成立(不符合板块涨跌幅条件)
	结果：未满足，返回code：-1
===2021-08-10 17:41:18.514===
额外条件未满足


===============================================

==============2021-08-10 17:42:00==============
===6开始执行条件2021-08-10 17:41:52.751===
===开始判断价格条件2021-08-10 17:41:52.751===
===开始判断额外/转自动条件2021-08-10 17:41:54.458===
===2021-08-10 17:41:55.649===
股票：600256指定时间段判断-额外参数：
	分组名称：1
	走势名称：时间段
		条件不成立(当前时间：2021-08-10 17:41:52.750,条件时段：09:30:00-13:00:00)
	结果：未满足
===2021-08-10 17:41:55.649===
===2021-08-10 17:41:56.133===
股票：600256板块涨跌幅判断-额外参数：
	分组名称：1
	走势名称：发
		条件不成立(不符合板块涨跌幅条件)
	结果：未满足，返回code：-1
===2021-08-10 17:42:00.992===
额外条件未满足


===============================================

==============2021-08-10 17:42:18==============
===6开始执行条件2021-08-10 17:42:11.542===
===开始判断价格条件2021-08-10 17:42:11.542===
===开始判断额外/转自动条件2021-08-10 17:42:13.219===
===2021-08-10 17:42:13.692===
股票：600256指定时间段判断-额外参数：
	分组名称：1
	走势名称：时间段
		条件不成立(当前时间：2021-08-10 17:42:11.541,条件时段：09:30:00-13:00:00)
	结果：未满足
===2021-08-10 17:42:13.692===
===2021-08-10 17:42:13.864===
股票：600256板块涨跌幅判断-额外参数：
	分组名称：1
	走势名称：发
		条件不成立(不符合板块涨跌幅条件)
	结果：未满足，返回code：-1
===2021-08-10 17:42:18.259===
额外条件未满足


===============================================

==============2021-08-10 17:44:08==============
===6开始执行条件2021-08-10 17:44:06.967===
===开始判断价格条件2021-08-10 17:44:06.967===
===开始判断额外/转自动条件2021-08-10 17:44:07.058===
===2021-08-10 17:44:07.267===
股票：600256指定时间段判断-额外参数：
	分组名称：1
	走势名称：时间段
		条件不成立(当前时间：2021-08-10 17:44:06.966,条件时段：09:30:00-13:00:00)
	结果：未满足
===2021-08-10 17:44:07.267===
===2021-08-10 17:44:07.387===
股票：600256板块涨跌幅判断-额外参数：
	分组名称：1
	走势名称：发
		条件不成立(不符合板块涨跌幅条件)
	结果：未满足，返回code：-1
===2021-08-10 17:44:08.193===
额外条件未满足


===============================================

==============2021-08-10 17:47:35==============
===6开始执行条件2021-08-10 17:47:32.477===
===开始判断价格条件2021-08-10 17:47:32.477===
===开始判断额外/转自动条件2021-08-10 17:47:32.985===
===2021-08-10 17:47:33.409===
股票：600256指定时间段判断-额外参数：
	分组名称：1
	走势名称：时间段
		条件不成立(当前时间：2021-08-10 17:47:32.477,条件时段：09:30:00-13:00:00)
	结果：未满足
===2021-08-10 17:47:33.536===
===2021-08-10 17:47:33.727===
股票：600256板块涨跌幅判断-额外参数：
	分组名称：1
	走势名称：发
		条件不成立(不符合板块涨跌幅条件)
	结果：未满足，返回code：-1
===2021-08-10 17:47:35.609===
额外条件未满足


===============================================

==============2021-08-10 17:47:52==============
===6开始执行条件2021-08-10 17:47:49.640===
===开始判断价格条件2021-08-10 17:47:49.641===
===开始判断额外/转自动条件2021-08-10 17:47:50.174===
===2021-08-10 17:47:50.826===
股票：600256指定时间段判断-额外参数：
	分组名称：1
	走势名称：时间段
		条件不成立(当前时间：2021-08-10 17:47:49.640,条件时段：09:30:00-13:00:00)
	结果：未满足
===2021-08-10 17:47:50.826===
===2021-08-10 17:47:50.943===
股票：600256板块涨跌幅判断-额外参数：
	分组名称：1
	走势名称：发
		条件不成立(不符合板块涨跌幅条件)
	结果：未满足，返回code：-1
===2021-08-10 17:47:52.669===
额外条件未满足


===============================================

==============2021-08-10 17:49:02==============
===6开始执行条件2021-08-10 17:49:02.068===
===开始判断价格条件2021-08-10 17:49:02.068===
===开始判断额外/转自动条件2021-08-10 17:49:02.183===
===2021-08-10 17:49:02.308===
股票：600256指定时间段判断-额外参数：
	分组名称：1
	走势名称：时间段
		条件不成立(当前时间：2021-08-10 17:49:02.058,条件时段：09:30:00-13:00:00)
	结果：未满足
===2021-08-10 17:49:02.308===
===2021-08-10 17:49:02.357===
股票：600256板块涨跌幅判断-额外参数：
	分组名称：1
	走势名称：发
		条件不成立(不符合板块涨跌幅条件)
	结果：未满足，返回code：-1
===2021-08-10 17:49:02.860===
额外条件未满足


===============================================

==============2021-08-10 17:49:22==============
===6开始执行条件2021-08-10 17:49:17.830===
===开始判断价格条件2021-08-10 17:49:17.830===
===开始判断额外/转自动条件2021-08-10 17:49:19.018===
===2021-08-10 17:49:19.726===
股票：600256指定时间段判断-额外参数：
	分组名称：1
	走势名称：时间段
		条件不成立(当前时间：2021-08-10 17:49:17.830,条件时段：09:30:00-13:00:00)
	结果：未满足
===2021-08-10 17:49:19.726===
===2021-08-10 17:49:19.913===
股票：600256板块涨跌幅判断-额外参数：
	分组名称：1
	走势名称：发
		条件不成立(不符合板块涨跌幅条件)
	结果：未满足，返回code：-1
===2021-08-10 17:49:22.496===
额外条件未满足


===============================================

==============2021-08-10 17:50:02==============
===6开始执行条件2021-08-10 17:49:55.381===
===开始判断价格条件2021-08-10 17:49:55.381===
===开始判断额外/转自动条件2021-08-10 17:49:56.693===
===2021-08-10 17:49:57.095===
股票：600256指定时间段判断-额外参数：
	分组名称：1
	走势名称：时间段
		条件不成立(当前时间：2021-08-10 17:49:55.381,条件时段：09:30:00-13:00:00)
	结果：未满足
===2021-08-10 17:49:57.095===
===2021-08-10 17:49:57.303===
股票：600256板块涨跌幅判断-额外参数：
	分组名称：1
	走势名称：发
		条件不成立(不符合板块涨跌幅条件)
	结果：未满足，返回code：-1
===2021-08-10 17:50:02.214===
额外条件未满足


===============================================

==============2021-08-10 17:50:11==============
===6开始执行条件2021-08-10 17:50:09.494===
===开始判断价格条件2021-08-10 17:50:09.494===
===开始判断额外/转自动条件2021-08-10 17:50:09.834===
===2021-08-10 17:50:10.342===
股票：600256指定时间段判断-额外参数：
	分组名称：1
	走势名称：时间段
		条件不成立(当前时间：2021-08-10 17:50:09.494,条件时段：09:30:00-13:00:00)
	结果：未满足
===2021-08-10 17:50:10.342===
===2021-08-10 17:50:10.767===
股票：600256板块涨跌幅判断-额外参数：
	分组名称：1
	走势名称：发
		条件不成立(不符合板块涨跌幅条件)
	结果：未满足，返回code：-1
===2021-08-10 17:50:11.243===
额外条件未满足


===============================================

==============2021-08-10 17:50:49==============
===6开始执行条件2021-08-10 17:50:44.569===
===开始判断价格条件2021-08-10 17:50:44.569===
===开始判断额外/转自动条件2021-08-10 17:50:46.288===
===2021-08-10 17:50:47.028===
股票：600256指定时间段判断-额外参数：
	分组名称：1
	走势名称：时间段
		条件不成立(当前时间：2021-08-10 17:50:44.569,条件时段：09:30:00-13:00:00)
	结果：未满足
===2021-08-10 17:50:47.028===
===2021-08-10 17:50:47.198===
股票：600256板块涨跌幅判断-额外参数：
	分组名称：1
	走势名称：发
		条件不成立(不符合板块涨跌幅条件)
	结果：未满足，返回code：-1
===2021-08-10 17:50:49.791===
额外条件未满足


===============================================

==============2021-08-10 17:51:22==============
===6开始执行条件2021-08-10 17:51:16.688===
===开始判断价格条件2021-08-10 17:51:16.688===
===开始判断额外/转自动条件2021-08-10 17:51:18.097===
===2021-08-10 17:51:18.965===
股票：600256指定时间段判断-额外参数：
	分组名称：1
	走势名称：时间段
		条件不成立(当前时间：2021-08-10 17:51:16.688,条件时段：09:30:00-13:00:00)
	结果：未满足
===2021-08-10 17:51:18.965===
===2021-08-10 17:51:19.231===
股票：600256板块涨跌幅判断-额外参数：
	分组名称：1
	走势名称：发
		条件不成立(不符合板块涨跌幅条件)
	结果：未满足，返回code：-1
===2021-08-10 17:51:22.771===
额外条件未满足


===============================================

==============2021-08-10 17:52:10==============
===6开始执行条件2021-08-10 17:52:04.768===
===开始判断价格条件2021-08-10 17:52:04.768===
===开始判断额外/转自动条件2021-08-10 17:52:06.618===
===2021-08-10 17:52:07.046===
股票：600256指定时间段判断-额外参数：
	分组名称：1
	走势名称：时间段
		条件不成立(当前时间：2021-08-10 17:52:04.768,条件时段：09:30:00-13:00:00)
	结果：未满足
===2021-08-10 17:52:07.046===
===2021-08-10 17:52:07.218===
股票：600256板块涨跌幅判断-额外参数：
	分组名称：1
	走势名称：发
		条件不成立(不符合板块涨跌幅条件)
	结果：未满足，返回code：-1
===2021-08-10 17:52:10.859===
额外条件未满足


===============================================

==============2021-08-10 17:52:28==============
===6开始执行条件2021-08-10 17:52:20.698===
===开始判断价格条件2021-08-10 17:52:20.698===
===开始判断额外/转自动条件2021-08-10 17:52:21.967===
===2021-08-10 17:52:23.019===
股票：600256指定时间段判断-额外参数：
	分组名称：1
	走势名称：时间段
		条件不成立(当前时间：2021-08-10 17:52:20.698,条件时段：09:30:00-13:00:00)
	结果：未满足
===2021-08-10 17:52:23.019===
===2021-08-10 17:52:23.402===
股票：600256板块涨跌幅判断-额外参数：
	分组名称：1
	走势名称：发
		条件不成立(不符合板块涨跌幅条件)
	结果：未满足，返回code：-1
===2021-08-10 17:52:28.586===
额外条件未满足


===============================================

==============2021-08-10 17:52:45==============
===6开始执行条件2021-08-10 17:52:41.041===
===开始判断价格条件2021-08-10 17:52:41.041===
===开始判断额外/转自动条件2021-08-10 17:52:41.789===
===2021-08-10 17:52:42.422===
股票：600256指定时间段判断-额外参数：
	分组名称：1
	走势名称：时间段
		条件不成立(当前时间：2021-08-10 17:52:41.040,条件时段：09:30:00-13:00:00)
	结果：未满足
===2021-08-10 17:52:42.423===
===2021-08-10 17:52:43.113===
股票：600256板块涨跌幅判断-额外参数：
	分组名称：1
	走势名称：发
		条件不成立(不符合板块涨跌幅条件)
	结果：未满足，返回code：-1
===2021-08-10 17:52:45.005===
额外条件未满足


===============================================

==============2021-08-10 17:53:00==============
===6开始执行条件2021-08-10 17:52:56.241===
===开始判断价格条件2021-08-10 17:52:56.241===
===开始判断额外/转自动条件2021-08-10 17:52:58.391===
===2021-08-10 17:52:59.092===
股票：600256指定时间段判断-额外参数：
	分组名称：1
	走势名称：时间段
		条件不成立(当前时间：2021-08-10 17:52:56.240,条件时段：09:30:00-13:00:00)
	结果：未满足
===2021-08-10 17:52:59.092===
===2021-08-10 17:52:59.311===
股票：600256板块涨跌幅判断-额外参数：
	分组名称：1
	走势名称：发
		条件不成立(不符合板块涨跌幅条件)
	结果：未满足，返回code：-1
===2021-08-10 17:53:00.814===
额外条件未满足


===============================================

==============2021-08-10 17:53:13==============
===6开始执行条件2021-08-10 17:53:12.212===
===开始判断价格条件2021-08-10 17:53:12.212===
===开始判断额外/转自动条件2021-08-10 17:53:12.542===
===2021-08-10 17:53:12.880===
股票：600256指定时间段判断-额外参数：
	分组名称：1
	走势名称：时间段
		条件不成立(当前时间：2021-08-10 17:53:12.212,条件时段：09:30:00-13:00:00)
	结果：未满足
===2021-08-10 17:53:12.880===
===2021-08-10 17:53:12.909===
股票：600256板块涨跌幅判断-额外参数：
	分组名称：1
	走势名称：发
		条件不成立(不符合板块涨跌幅条件)
	结果：未满足，返回code：-1
===2021-08-10 17:53:13.295===
额外条件未满足


===============================================

==============2021-08-10 17:53:30==============
===6开始执行条件2021-08-10 17:53:30.023===
===开始判断价格条件2021-08-10 17:53:30.023===
===开始判断额外/转自动条件2021-08-10 17:53:30.109===
===2021-08-10 17:53:30.255===
股票：600256指定时间段判断-额外参数：
	分组名称：1
	走势名称：时间段
		条件不成立(当前时间：2021-08-10 17:53:30.016,条件时段：09:30:00-13:00:00)
	结果：未满足
===2021-08-10 17:53:30.256===
===2021-08-10 17:53:30.280===
股票：600256板块涨跌幅判断-额外参数：
	分组名称：1
	走势名称：发
		条件不成立(不符合板块涨跌幅条件)
	结果：未满足，返回code：-1
===2021-08-10 17:53:30.888===
额外条件未满足


===============================================

==============2021-08-10 17:53:44==============
===6开始执行条件2021-08-10 17:53:41.212===
===开始判断价格条件2021-08-10 17:53:41.212===
===开始判断额外/转自动条件2021-08-10 17:53:41.726===
===2021-08-10 17:53:42.628===
股票：600256指定时间段判断-额外参数：
	分组名称：1
	走势名称：时间段
		条件不成立(当前时间：2021-08-10 17:53:41.212,条件时段：09:30:00-13:00:00)
	结果：未满足
===2021-08-10 17:53:42.628===
===2021-08-10 17:53:42.876===
股票：600256板块涨跌幅判断-额外参数：
	分组名称：1
	走势名称：发
		条件不成立(不符合板块涨跌幅条件)
	结果：未满足，返回code：-1
===2021-08-10 17:53:44.469===
额外条件未满足


===============================================

==============2021-08-10 17:54:00==============
===6开始执行条件2021-08-10 17:54:00.293===
===开始判断价格条件2021-08-10 17:54:00.293===
===开始判断额外/转自动条件2021-08-10 17:54:00.399===
===2021-08-10 17:54:00.450===
股票：600256指定时间段判断-额外参数：
	分组名称：1
	走势名称：时间段
		条件不成立(当前时间：2021-08-10 17:54:00.293,条件时段：09:30:00-13:00:00)
	结果：未满足
===2021-08-10 17:54:00.450===
===2021-08-10 17:54:00.473===
股票：600256板块涨跌幅判断-额外参数：
	分组名称：1
	走势名称：发
		条件不成立(不符合板块涨跌幅条件)
	结果：未满足，返回code：-1
===2021-08-10 17:54:00.888===
额外条件未满足


===============================================

==============2021-08-10 17:54:16==============
===6开始执行条件2021-08-10 17:54:15.814===
===开始判断价格条件2021-08-10 17:54:15.814===
===开始判断额外/转自动条件2021-08-10 17:54:16.026===
===2021-08-10 17:54:16.090===
股票：600256指定时间段判断-额外参数：
	分组名称：1
	走势名称：时间段
		条件不成立(当前时间：2021-08-10 17:54:15.814,条件时段：09:30:00-13:00:00)
	结果：未满足
===2021-08-10 17:54:16.090===
===2021-08-10 17:54:16.146===
股票：600256板块涨跌幅判断-额外参数：
	分组名称：1
	走势名称：发
		条件不成立(不符合板块涨跌幅条件)
	结果：未满足，返回code：-1
===2021-08-10 17:54:16.778===
额外条件未满足


===============================================

