==============2021-08-06 14:26:01==============
===6开始执行条件2021-08-06 14:25:56.372===
===开始判断价格条件2021-08-06 14:25:56.372===
===开始判断额外/转自动条件2021-08-06 14:25:56.814===
===2021-08-06 14:25:57.085===
股票：600256指定时间段判断-额外参数：
	分组名称：1
	走势名称：时间段
		条件不成立(当前时间：2021-08-06 14:25:56.372,条件时段：09:30:00-13:00:00)
	结果：未满足
===2021-08-06 14:25:57.085===
===2021-08-06 14:25:59.321===
股票：600256板块涨跌幅判断-额外参数：
	分组名称：1
	走势名称：发
		条件不成立(不符合板块涨跌幅条件)
	结果：未满足，返回code：-1
===2021-08-06 14:26:01.839===
额外条件未满足


===============================================

==============2021-08-06 14:26:17==============
===6开始执行条件2021-08-06 14:26:09.698===
===开始判断价格条件2021-08-06 14:26:09.698===
===开始判断额外/转自动条件2021-08-06 14:26:11.266===
===2021-08-06 14:26:12.026===
股票：600256指定时间段判断-额外参数：
	分组名称：1
	走势名称：时间段
		条件不成立(当前时间：2021-08-06 14:26:09.697,条件时段：09:30:00-13:00:00)
	结果：未满足
===2021-08-06 14:26:12.026===
===2021-08-06 14:26:12.757===
股票：600256板块涨跌幅判断-额外参数：
	分组名称：1
	走势名称：发
		条件不成立(不符合板块涨跌幅条件)
	结果：未满足，返回code：-1
===2021-08-06 14:26:17.987===
额外条件未满足


===============================================

==============2021-08-06 14:26:41==============
===6开始执行条件2021-08-06 14:26:39.034===
===开始判断价格条件2021-08-06 14:26:39.034===
===开始判断额外/转自动条件2021-08-06 14:26:39.738===
===2021-08-06 14:26:40.042===
股票：600256指定时间段判断-额外参数：
	分组名称：1
	走势名称：时间段
		条件不成立(当前时间：2021-08-06 14:26:39.033,条件时段：09:30:00-13:00:00)
	结果：未满足
===2021-08-06 14:26:40.042===
===2021-08-06 14:26:40.077===
股票：600256板块涨跌幅判断-额外参数：
	分组名称：1
	走势名称：发
		条件不成立(不符合板块涨跌幅条件)
	结果：未满足，返回code：-1
===2021-08-06 14:26:41.344===
额外条件未满足


===============================================

==============2021-08-06 14:26:54==============
===6开始执行条件2021-08-06 14:26:52.544===
===开始判断价格条件2021-08-06 14:26:52.544===
===开始判断额外/转自动条件2021-08-06 14:26:53.218===
===2021-08-06 14:26:53.604===
股票：600256指定时间段判断-额外参数：
	分组名称：1
	走势名称：时间段
		条件不成立(当前时间：2021-08-06 14:26:52.543,条件时段：09:30:00-13:00:00)
	结果：未满足
===2021-08-06 14:26:53.604===
===2021-08-06 14:26:53.738===
股票：600256板块涨跌幅判断-额外参数：
	分组名称：1
	走势名称：发
		条件不成立(不符合板块涨跌幅条件)
	结果：未满足，返回code：-1
===2021-08-06 14:26:54.508===
额外条件未满足


===============================================

==============2021-08-06 14:29:18==============
===6开始执行条件2021-08-06 14:29:16.321===
===开始判断价格条件2021-08-06 14:29:16.321===
===开始判断额外/转自动条件2021-08-06 14:29:17.063===
===2021-08-06 14:29:17.240===
股票：600256指定时间段判断-额外参数：
	分组名称：1
	走势名称：时间段
		条件不成立(当前时间：2021-08-06 14:29:16.321,条件时段：09:30:00-13:00:00)
	结果：未满足
===2021-08-06 14:29:17.240===
===2021-08-06 14:29:17.339===
股票：600256板块涨跌幅判断-额外参数：
	分组名称：1
	走势名称：发
		条件不成立(不符合板块涨跌幅条件)
	结果：未满足，返回code：-1
===2021-08-06 14:29:18.150===
额外条件未满足


===============================================

==============2021-08-06 14:34:37==============
===6开始执行条件2021-08-06 14:34:35.241===
===开始判断价格条件2021-08-06 14:34:35.241===
===开始判断额外/转自动条件2021-08-06 14:34:35.699===
===2021-08-06 14:34:35.839===
股票：600256指定时间段判断-额外参数：
	分组名称：1
	走势名称：时间段
		条件不成立(当前时间：2021-08-06 14:34:35.235,条件时段：09:30:00-13:00:00)
	结果：未满足
===2021-08-06 14:34:35.839===
===2021-08-06 14:34:35.995===
股票：600256板块涨跌幅判断-额外参数：
	分组名称：1
	走势名称：发
		条件不成立(不符合板块涨跌幅条件)
	结果：未满足，返回code：-1
===2021-08-06 14:34:37.370===
额外条件未满足


===============================================

==============2021-08-06 14:41:08==============
===6开始执行条件2021-08-06 14:41:06.456===
===开始判断价格条件2021-08-06 14:41:06.456===
===开始判断额外/转自动条件2021-08-06 14:41:06.557===
===2021-08-06 14:41:06.940===
股票：600256指定时间段判断-额外参数：
	分组名称：1
	走势名称：时间段
		条件不成立(当前时间：2021-08-06 14:41:06.455,条件时段：09:30:00-13:00:00)
	结果：未满足
===2021-08-06 14:41:06.940===
===2021-08-06 14:41:07.971===
股票：600256板块涨跌幅判断-额外参数：
	分组名称：1
	走势名称：发
		条件不成立(不符合板块涨跌幅条件)
	结果：未满足，返回code：-1
===2021-08-06 14:41:08.145===
额外条件未满足


===============================================

==============2021-08-06 14:41:19==============
===6开始执行条件2021-08-06 14:41:17.919===
===开始判断价格条件2021-08-06 14:41:17.919===
===开始判断额外/转自动条件2021-08-06 14:41:18.244===
===2021-08-06 14:41:18.373===
股票：600256指定时间段判断-额外参数：
	分组名称：1
	走势名称：时间段
		条件不成立(当前时间：2021-08-06 14:41:17.918,条件时段：09:30:00-13:00:00)
	结果：未满足
===2021-08-06 14:41:18.373===
===2021-08-06 14:41:18.510===
股票：600256板块涨跌幅判断-额外参数：
	分组名称：1
	走势名称：发
		条件不成立(不符合板块涨跌幅条件)
	结果：未满足，返回code：-1
===2021-08-06 14:41:19.341===
额外条件未满足


===============================================

==============2021-08-06 14:41:47==============
===6开始执行条件2021-08-06 14:41:43.033===
===开始判断价格条件2021-08-06 14:41:43.033===
===开始判断额外/转自动条件2021-08-06 14:41:44.272===
===2021-08-06 14:41:44.804===
股票：600256指定时间段判断-额外参数：
	分组名称：1
	走势名称：时间段
		条件不成立(当前时间：2021-08-06 14:41:43.032,条件时段：09:30:00-13:00:00)
	结果：未满足
===2021-08-06 14:41:44.804===
===2021-08-06 14:41:44.976===
股票：600256板块涨跌幅判断-额外参数：
	分组名称：1
	走势名称：发
		条件不成立(不符合板块涨跌幅条件)
	结果：未满足，返回code：-1
===2021-08-06 14:41:47.145===
额外条件未满足


===============================================

==============2021-08-06 14:42:38==============
===6开始执行条件2021-08-06 14:42:34.662===
===开始判断价格条件2021-08-06 14:42:34.662===
===开始判断额外/转自动条件2021-08-06 14:42:35.498===
===2021-08-06 14:42:35.886===
股票：600256指定时间段判断-额外参数：
	分组名称：1
	走势名称：时间段
		条件不成立(当前时间：2021-08-06 14:42:34.662,条件时段：09:30:00-13:00:00)
	结果：未满足
===2021-08-06 14:42:35.886===
===2021-08-06 14:42:36.041===
股票：600256板块涨跌幅判断-额外参数：
	分组名称：1
	走势名称：发
		条件不成立(不符合板块涨跌幅条件)
	结果：未满足，返回code：-1
===2021-08-06 14:42:38.826===
额外条件未满足


===============================================

==============2021-08-06 14:43:00==============
===6开始执行条件2021-08-06 14:42:56.870===
===开始判断价格条件2021-08-06 14:42:56.870===
===开始判断额外/转自动条件2021-08-06 14:42:57.684===
===2021-08-06 14:42:57.937===
股票：600256指定时间段判断-额外参数：
	分组名称：1
	走势名称：时间段
		条件不成立(当前时间：2021-08-06 14:42:56.870,条件时段：09:30:00-13:00:00)
	结果：未满足
===2021-08-06 14:42:57.938===
===2021-08-06 14:42:58.009===
股票：600256板块涨跌幅判断-额外参数：
	分组名称：1
	走势名称：发
		条件不成立(不符合板块涨跌幅条件)
	结果：未满足，返回code：-1
===2021-08-06 14:43:00.506===
额外条件未满足


===============================================

==============2021-08-06 14:43:12==============
===6开始执行条件2021-08-06 14:43:10.727===
===开始判断价格条件2021-08-06 14:43:10.727===
===开始判断额外/转自动条件2021-08-06 14:43:10.996===
===2021-08-06 14:43:11.358===
股票：600256指定时间段判断-额外参数：
	分组名称：1
	走势名称：时间段
		条件不成立(当前时间：2021-08-06 14:43:10.726,条件时段：09:30:00-13:00:00)
	结果：未满足
===2021-08-06 14:43:11.359===
===2021-08-06 14:43:11.475===
股票：600256板块涨跌幅判断-额外参数：
	分组名称：1
	走势名称：发
		条件不成立(不符合板块涨跌幅条件)
	结果：未满足，返回code：-1
===2021-08-06 14:43:12.179===
额外条件未满足


===============================================

==============2021-08-06 15:03:31==============
===6开始执行条件2021-08-06 15:03:28.215===
===开始判断价格条件2021-08-06 15:03:28.215===
===开始判断额外/转自动条件2021-08-06 15:03:28.549===
===2021-08-06 15:03:28.742===
股票：600256指定时间段判断-额外参数：
	分组名称：1
	走势名称：时间段
		条件不成立(当前时间：2021-08-06 15:03:28.214,条件时段：09:30:00-13:00:00)
	结果：未满足
===2021-08-06 15:03:28.742===
===2021-08-06 15:03:28.840===
股票：600256板块涨跌幅判断-额外参数：
	分组名称：1
	走势名称：发
		条件不成立(不符合板块涨跌幅条件)
	结果：未满足，返回code：-1
===2021-08-06 15:03:31.028===
额外条件未满足


===============================================

==============2021-08-06 15:05:36==============
===6开始执行条件2021-08-06 15:05:17.150===
===开始判断价格条件2021-08-06 15:05:17.150===
===开始判断额外/转自动条件2021-08-06 15:05:23.142===
===2021-08-06 15:05:23.867===
股票：600256指定时间段判断-额外参数：
	分组名称：1
	走势名称：时间段
		条件不成立(当前时间：2021-08-06 15:05:17.149,条件时段：09:30:00-13:00:00)
	结果：未满足
===2021-08-06 15:05:23.867===
===2021-08-06 15:05:24.118===
股票：600256板块涨跌幅判断-额外参数：
	分组名称：1
	走势名称：发
		条件不成立(不符合板块涨跌幅条件)
	结果：未满足，返回code：-1
===2021-08-06 15:05:34.058===
额外条件未满足


===============================================

==============2021-08-06 15:06:19==============
===6开始执行条件2021-08-06 15:06:10.313===
===开始判断价格条件2021-08-06 15:06:10.313===
===开始判断额外/转自动条件2021-08-06 15:06:11.726===
===2021-08-06 15:06:12.602===
股票：600256指定时间段判断-额外参数：
	分组名称：1
	走势名称：时间段
		条件不成立(当前时间：2021-08-06 15:06:10.313,条件时段：09:30:00-13:00:00)
	结果：未满足
===2021-08-06 15:06:12.602===
===2021-08-06 15:06:12.852===
股票：600256板块涨跌幅判断-额外参数：
	分组名称：1
	走势名称：发
		条件不成立(不符合板块涨跌幅条件)
	结果：未满足，返回code：-1
===2021-08-06 15:06:19.389===
额外条件未满足


===============================================

==============2021-08-06 15:06:34==============
===6开始执行条件2021-08-06 15:06:29.209===
===开始判断价格条件2021-08-06 15:06:29.209===
===开始判断额外/转自动条件2021-08-06 15:06:31.065===
===2021-08-06 15:06:31.747===
股票：600256指定时间段判断-额外参数：
	分组名称：1
	走势名称：时间段
		条件不成立(当前时间：2021-08-06 15:06:29.208,条件时段：09:30:00-13:00:00)
	结果：未满足
===2021-08-06 15:06:31.747===
===2021-08-06 15:06:32.009===
股票：600256板块涨跌幅判断-额外参数：
	分组名称：1
	走势名称：发
		条件不成立(不符合板块涨跌幅条件)
	结果：未满足，返回code：-1
===2021-08-06 15:06:34.264===
额外条件未满足


===============================================

==============2021-08-06 15:07:46==============
===6开始执行条件2021-08-06 15:06:48.865===
===开始判断价格条件2021-08-06 15:06:48.865===
===开始判断额外/转自动条件2021-08-06 15:06:51.044===
===2021-08-06 15:07:18.194===
股票：600256指定时间段判断-额外参数：
	分组名称：1
	走势名称：时间段
		条件不成立(当前时间：2021-08-06 15:06:48.865,条件时段：09:30:00-13:00:00)
	结果：未满足
===2021-08-06 15:07:18.194===
===2021-08-06 15:07:28.103===
股票：600256板块涨跌幅判断-额外参数：
	分组名称：1
	走势名称：发
		条件不成立(不符合板块涨跌幅条件)
	结果：未满足，返回code：-1
===2021-08-06 15:07:46.366===
额外条件未满足


===============================================

==============2021-08-06 15:12:16==============
===6开始执行条件2021-08-06 15:12:13.315===
===开始判断价格条件2021-08-06 15:12:13.315===
===开始判断额外/转自动条件2021-08-06 15:12:13.747===
===2021-08-06 15:12:14.364===
股票：600256指定时间段判断-额外参数：
	分组名称：1
	走势名称：时间段
		条件不成立(当前时间：2021-08-06 15:12:13.315,条件时段：09:30:00-13:00:00)
	结果：未满足
===2021-08-06 15:12:14.364===
===2021-08-06 15:12:14.528===
股票：600256板块涨跌幅判断-额外参数：
	分组名称：1
	走势名称：发
		条件不成立(不符合板块涨跌幅条件)
	结果：未满足，返回code：-1
===2021-08-06 15:12:16.672===
额外条件未满足


===============================================

==============2021-08-06 15:12:47==============
===6开始执行条件2021-08-06 15:12:46.260===
===开始判断价格条件2021-08-06 15:12:46.260===
===开始判断额外/转自动条件2021-08-06 15:12:46.322===
===2021-08-06 15:12:46.368===
股票：600256指定时间段判断-额外参数：
	分组名称：1
	走势名称：时间段
		条件不成立(当前时间：2021-08-06 15:12:46.259,条件时段：09:30:00-13:00:00)
	结果：未满足
===2021-08-06 15:12:46.368===
===2021-08-06 15:12:46.391===
股票：600256板块涨跌幅判断-额外参数：
	分组名称：1
	走势名称：发
		条件不成立(不符合板块涨跌幅条件)
	结果：未满足，返回code：-1
===2021-08-06 15:12:47.608===
额外条件未满足


===============================================

==============2021-08-06 15:13:56==============
===6开始执行条件2021-08-06 15:13:52.869===
===开始判断价格条件2021-08-06 15:13:52.869===
===开始判断额外/转自动条件2021-08-06 15:13:53.651===
===2021-08-06 15:13:54.118===
股票：600256指定时间段判断-额外参数：
	分组名称：1
	走势名称：时间段
		条件不成立(当前时间：2021-08-06 15:13:52.869,条件时段：09:30:00-13:00:00)
	结果：未满足
===2021-08-06 15:13:54.118===
===2021-08-06 15:13:54.260===
股票：600256板块涨跌幅判断-额外参数：
	分组名称：1
	走势名称：发
		条件不成立(不符合板块涨跌幅条件)
	结果：未满足，返回code：-1
===2021-08-06 15:13:56.008===
额外条件未满足


===============================================

==============2021-08-06 15:14:07==============
===6开始执行条件2021-08-06 15:14:06.555===
===开始判断价格条件2021-08-06 15:14:06.555===
===开始判断额外/转自动条件2021-08-06 15:14:06.699===
===2021-08-06 15:14:06.783===
股票：600256指定时间段判断-额外参数：
	分组名称：1
	走势名称：时间段
		条件不成立(当前时间：2021-08-06 15:14:06.555,条件时段：09:30:00-13:00:00)
	结果：未满足
===2021-08-06 15:14:06.783===
===2021-08-06 15:14:06.806===
股票：600256板块涨跌幅判断-额外参数：
	分组名称：1
	走势名称：发
		条件不成立(不符合板块涨跌幅条件)
	结果：未满足，返回code：-1
===2021-08-06 15:14:07.117===
额外条件未满足


===============================================

==============2021-08-06 15:26:55==============
===6开始执行条件2021-08-06 15:26:54.322===
===开始判断价格条件2021-08-06 15:26:54.322===
===开始判断额外/转自动条件2021-08-06 15:26:54.498===
===2021-08-06 15:26:54.679===
股票：600256指定时间段判断-额外参数：
	分组名称：1
	走势名称：时间段
		条件不成立(当前时间：2021-08-06 15:26:54.317,条件时段：09:30:00-13:00:00)
	结果：未满足
===2021-08-06 15:26:54.679===
===2021-08-06 15:26:54.758===
股票：600256板块涨跌幅判断-额外参数：
	分组名称：1
	走势名称：发
		条件不成立(不符合板块涨跌幅条件)
	结果：未满足，返回code：-1
===2021-08-06 15:26:55.279===
额外条件未满足


===============================================

==============2021-08-06 15:28:34==============
===6开始执行条件2021-08-06 15:28:30.133===
===开始判断价格条件2021-08-06 15:28:30.133===
===开始判断额外/转自动条件2021-08-06 15:28:30.781===
===2021-08-06 15:28:31.670===
股票：600256指定时间段判断-额外参数：
	分组名称：1
	走势名称：时间段
		条件不成立(当前时间：2021-08-06 15:28:30.133,条件时段：09:30:00-13:00:00)
	结果：未满足
===2021-08-06 15:28:31.670===
===2021-08-06 15:28:32.138===
股票：600256板块涨跌幅判断-额外参数：
	分组名称：1
	走势名称：发
		条件不成立(不符合板块涨跌幅条件)
	结果：未满足，返回code：-1
===2021-08-06 15:28:34.269===
额外条件未满足


===============================================

==============2021-08-06 15:28:52==============
===6开始执行条件2021-08-06 15:28:48.964===
===开始判断价格条件2021-08-06 15:28:48.964===
===开始判断额外/转自动条件2021-08-06 15:28:50.025===
===2021-08-06 15:28:50.550===
股票：600256指定时间段判断-额外参数：
	分组名称：1
	走势名称：时间段
		条件不成立(当前时间：2021-08-06 15:28:48.963,条件时段：09:30:00-13:00:00)
	结果：未满足
===2021-08-06 15:28:50.551===
===2021-08-06 15:28:50.679===
股票：600256板块涨跌幅判断-额外参数：
	分组名称：1
	走势名称：发
		条件不成立(不符合板块涨跌幅条件)
	结果：未满足，返回code：-1
===2021-08-06 15:28:52.679===
额外条件未满足


===============================================

==============2021-08-06 15:30:01==============
===6开始执行条件2021-08-06 15:30:00.610===
===开始判断价格条件2021-08-06 15:30:00.610===
===开始判断额外/转自动条件2021-08-06 15:30:00.826===
===2021-08-06 15:30:00.884===
股票：600256指定时间段判断-额外参数：
	分组名称：1
	走势名称：时间段
		条件不成立(当前时间：2021-08-06 15:30:00.597,条件时段：09:30:00-13:00:00)
	结果：未满足
===2021-08-06 15:30:00.884===
===2021-08-06 15:30:00.917===
股票：600256板块涨跌幅判断-额外参数：
	分组名称：1
	走势名称：发
		条件不成立(不符合板块涨跌幅条件)
	结果：未满足，返回code：-1
===2021-08-06 15:30:01.222===
额外条件未满足


===============================================

==============2021-08-06 15:30:21==============
===6开始执行条件2021-08-06 15:30:17.029===
===开始判断价格条件2021-08-06 15:30:17.029===
===开始判断额外/转自动条件2021-08-06 15:30:17.968===
===2021-08-06 15:30:18.900===
股票：600256指定时间段判断-额外参数：
	分组名称：1
	走势名称：时间段
		条件不成立(当前时间：2021-08-06 15:30:17.029,条件时段：09:30:00-13:00:00)
	结果：未满足
===2021-08-06 15:30:18.900===
===2021-08-06 15:30:19.188===
股票：600256板块涨跌幅判断-额外参数：
	分组名称：1
	走势名称：发
		条件不成立(不符合板块涨跌幅条件)
	结果：未满足，返回code：-1
===2021-08-06 15:30:21.519===
额外条件未满足


===============================================

==============2021-08-06 15:30:38==============
===6开始执行条件2021-08-06 15:30:38.695===
===开始判断价格条件2021-08-06 15:30:38.695===
===开始判断额外/转自动条件2021-08-06 15:30:38.750===
===2021-08-06 15:30:38.790===
股票：600256指定时间段判断-额外参数：
	分组名称：1
	走势名称：时间段
		条件不成立(当前时间：2021-08-06 15:30:38.695,条件时段：09:30:00-13:00:00)
	结果：未满足
===2021-08-06 15:30:38.790===
===2021-08-06 15:30:38.808===
股票：600256板块涨跌幅判断-额外参数：
	分组名称：1
	走势名称：发
		条件不成立(不符合板块涨跌幅条件)
	结果：未满足，返回code：-1
===2021-08-06 15:30:38.970===
额外条件未满足


===============================================

==============2021-08-06 15:31:00==============
===6开始执行条件2021-08-06 15:30:56.196===
===开始判断价格条件2021-08-06 15:30:56.196===
===开始判断额外/转自动条件2021-08-06 15:30:57.452===
===2021-08-06 15:30:58.004===
股票：600256指定时间段判断-额外参数：
	分组名称：1
	走势名称：时间段
		条件不成立(当前时间：2021-08-06 15:30:56.196,条件时段：09:30:00-13:00:00)
	结果：未满足
===2021-08-06 15:30:58.004===
===2021-08-06 15:30:58.196===
股票：600256板块涨跌幅判断-额外参数：
	分组名称：1
	走势名称：发
		条件不成立(不符合板块涨跌幅条件)
	结果：未满足，返回code：-1
===2021-08-06 15:31:00.633===
额外条件未满足


===============================================

==============2021-08-06 15:31:15==============
===6开始执行条件2021-08-06 15:31:15.022===
===开始判断价格条件2021-08-06 15:31:15.022===
===开始判断额外/转自动条件2021-08-06 15:31:15.106===
===2021-08-06 15:31:15.265===
股票：600256指定时间段判断-额外参数：
	分组名称：1
	走势名称：时间段
		条件不成立(当前时间：2021-08-06 15:31:15.022,条件时段：09:30:00-13:00:00)
	结果：未满足
===2021-08-06 15:31:15.265===
===2021-08-06 15:31:15.299===
股票：600256板块涨跌幅判断-额外参数：
	分组名称：1
	走势名称：发
		条件不成立(不符合板块涨跌幅条件)
	结果：未满足，返回code：-1
===2021-08-06 15:31:15.731===
额外条件未满足


===============================================

==============2021-08-06 15:31:37==============
===6开始执行条件2021-08-06 15:31:32.304===
===开始判断价格条件2021-08-06 15:31:32.304===
===开始判断额外/转自动条件2021-08-06 15:31:33.309===
===2021-08-06 15:31:34.250===
股票：600256指定时间段判断-额外参数：
	分组名称：1
	走势名称：时间段
		条件不成立(当前时间：2021-08-06 15:31:32.303,条件时段：09:30:00-13:00:00)
	结果：未满足
===2021-08-06 15:31:34.250===
===2021-08-06 15:31:34.455===
股票：600256板块涨跌幅判断-额外参数：
	分组名称：1
	走势名称：发
		条件不成立(不符合板块涨跌幅条件)
	结果：未满足，返回code：-1
===2021-08-06 15:31:37.579===
额外条件未满足


===============================================

==============2021-08-06 15:31:56==============
===6开始执行条件2021-08-06 15:31:51.249===
===开始判断价格条件2021-08-06 15:31:51.249===
===开始判断额外/转自动条件2021-08-06 15:31:52.135===
===2021-08-06 15:31:52.819===
股票：600256指定时间段判断-额外参数：
	分组名称：1
	走势名称：时间段
		条件不成立(当前时间：2021-08-06 15:31:51.248,条件时段：09:30:00-13:00:00)
	结果：未满足
===2021-08-06 15:31:52.819===
===2021-08-06 15:31:53.011===
股票：600256板块涨跌幅判断-额外参数：
	分组名称：1
	走势名称：发
		条件不成立(不符合板块涨跌幅条件)
	结果：未满足，返回code：-1
===2021-08-06 15:31:56.161===
额外条件未满足


===============================================

==============2021-08-06 15:32:16==============
===6开始执行条件2021-08-06 15:32:12.089===
===开始判断价格条件2021-08-06 15:32:12.089===
===开始判断额外/转自动条件2021-08-06 15:32:12.705===
===2021-08-06 15:32:13.149===
股票：600256指定时间段判断-额外参数：
	分组名称：1
	走势名称：时间段
		条件不成立(当前时间：2021-08-06 15:32:12.089,条件时段：09:30:00-13:00:00)
	结果：未满足
===2021-08-06 15:32:13.149===
===2021-08-06 15:32:13.276===
股票：600256板块涨跌幅判断-额外参数：
	分组名称：1
	走势名称：发
		条件不成立(不符合板块涨跌幅条件)
	结果：未满足，返回code：-1
===2021-08-06 15:32:16.125===
额外条件未满足


===============================================

==============2021-08-06 15:32:33==============
===6开始执行条件2021-08-06 15:32:30.822===
===开始判断价格条件2021-08-06 15:32:30.822===
===开始判断额外/转自动条件2021-08-06 15:32:31.730===
===2021-08-06 15:32:31.989===
股票：600256指定时间段判断-额外参数：
	分组名称：1
	走势名称：时间段
		条件不成立(当前时间：2021-08-06 15:32:30.821,条件时段：09:30:00-13:00:00)
	结果：未满足
===2021-08-06 15:32:31.990===
===2021-08-06 15:32:32.030===
股票：600256板块涨跌幅判断-额外参数：
	分组名称：1
	走势名称：发
		条件不成立(不符合板块涨跌幅条件)
	结果：未满足，返回code：-1
===2021-08-06 15:32:33.022===
额外条件未满足


===============================================

==============2021-08-06 15:32:41==============
===6开始执行条件2021-08-06 15:32:40.458===
===开始判断价格条件2021-08-06 15:32:40.458===
===开始判断额外/转自动条件2021-08-06 15:32:40.650===
===2021-08-06 15:32:40.880===
股票：600256指定时间段判断-额外参数：
	分组名称：1
	走势名称：时间段
		条件不成立(当前时间：2021-08-06 15:32:40.453,条件时段：09:30:00-13:00:00)
	结果：未满足
===2021-08-06 15:32:40.880===
===2021-08-06 15:32:40.902===
股票：600256板块涨跌幅判断-额外参数：
	分组名称：1
	走势名称：发
		条件不成立(不符合板块涨跌幅条件)
	结果：未满足，返回code：-1
===2021-08-06 15:32:41.153===
额外条件未满足


===============================================

==============2021-08-06 15:33:11==============
===6开始执行条件2021-08-06 15:33:06.870===
===开始判断价格条件2021-08-06 15:33:06.870===
===开始判断额外/转自动条件2021-08-06 15:33:08.343===
===2021-08-06 15:33:09.230===
股票：600256指定时间段判断-额外参数：
	分组名称：1
	走势名称：时间段
		条件不成立(当前时间：2021-08-06 15:33:06.870,条件时段：09:30:00-13:00:00)
	结果：未满足
===2021-08-06 15:33:09.230===
===2021-08-06 15:33:09.586===
股票：600256板块涨跌幅判断-额外参数：
	分组名称：1
	走势名称：发
		条件不成立(不符合板块涨跌幅条件)
	结果：未满足，返回code：-1
===2021-08-06 15:33:11.328===
额外条件未满足


===============================================

==============2021-08-06 15:38:14==============
===6开始执行条件2021-08-06 15:38:10.873===
===开始判断价格条件2021-08-06 15:38:10.873===
===开始判断额外/转自动条件2021-08-06 15:38:11.518===
===2021-08-06 15:38:12.071===
股票：600256指定时间段判断-额外参数：
	分组名称：1
	走势名称：时间段
		条件不成立(当前时间：2021-08-06 15:38:10.873,条件时段：09:30:00-13:00:00)
	结果：未满足
===2021-08-06 15:38:12.072===
===2021-08-06 15:38:12.320===
股票：600256板块涨跌幅判断-额外参数：
	分组名称：1
	走势名称：发
		条件不成立(不符合板块涨跌幅条件)
	结果：未满足，返回code：-1
===2021-08-06 15:38:14.457===
额外条件未满足


===============================================

==============2021-08-06 15:38:32==============
===6开始执行条件2021-08-06 15:38:31.620===
===开始判断价格条件2021-08-06 15:38:31.620===
===开始判断额外/转自动条件2021-08-06 15:38:31.871===
===2021-08-06 15:38:32.230===
股票：600256指定时间段判断-额外参数：
	分组名称：1
	走势名称：时间段
		条件不成立(当前时间：2021-08-06 15:38:31.617,条件时段：09:30:00-13:00:00)
	结果：未满足
===2021-08-06 15:38:32.230===
===2021-08-06 15:38:32.250===
股票：600256板块涨跌幅判断-额外参数：
	分组名称：1
	走势名称：发
		条件不成立(不符合板块涨跌幅条件)
	结果：未满足，返回code：-1
===2021-08-06 15:38:32.412===
额外条件未满足


===============================================

