==============2021-08-09 10:08:51==============
===6开始执行条件2021-08-09 10:08:49.415===
===开始判断价格条件2021-08-09 10:08:49.415===
===开始判断额外/转自动条件2021-08-09 10:08:49.977===
===2021-08-09 10:08:50.310===
股票：600256指定时间段判断-额外参数：
	分组名称：1
	走势名称：时间段
		条件成立(当前时间：2021-08-09 10:08:49.415,条件时段：09:30:00-13:00:00)
	结果：达到要求
===2021-08-09 10:08:50.484===
===2021-08-09 10:08:51.638===
股票：600256多头向上判断-转自动参数：
	分组名称：2
	走势名称：多头向上
	结果：未满足，返回code：0
===2021-08-09 10:08:51.638===
满足所有条件，可以触发


===============================================

==============2021-08-09 10:09:14==============
===6开始执行条件2021-08-09 10:09:10.548===
===开始判断价格条件2021-08-09 10:09:10.548===
===开始判断额外/转自动条件2021-08-09 10:09:11.066===
===2021-08-09 10:09:12.156===
股票：600256指定时间段判断-额外参数：
	分组名称：1
	走势名称：时间段
		条件成立(当前时间：2021-08-09 10:09:10.548,条件时段：09:30:00-13:00:00)
	结果：达到要求
===2021-08-09 10:09:12.849===
===2021-08-09 10:09:14.020===
股票：600256多头向上判断-转自动参数：
	分组名称：2
	走势名称：多头向上
	结果：未满足，返回code：0
===2021-08-09 10:09:14.020===
满足所有条件，可以触发


===============================================

==============2021-08-09 10:09:33==============
===6开始执行条件2021-08-09 10:09:30.252===
===开始判断价格条件2021-08-09 10:09:30.252===
===开始判断额外/转自动条件2021-08-09 10:09:30.950===
===2021-08-09 10:09:31.387===
股票：600256指定时间段判断-额外参数：
	分组名称：1
	走势名称：时间段
		条件成立(当前时间：2021-08-09 10:09:30.252,条件时段：09:30:00-13:00:00)
	结果：达到要求
===2021-08-09 10:09:32.216===
===2021-08-09 10:09:33.501===
股票：600256多头向上判断-转自动参数：
	分组名称：2
	走势名称：多头向上
	结果：未满足，返回code：0
===2021-08-09 10:09:33.501===
满足所有条件，可以触发


===============================================

==============2021-08-09 10:10:39==============
===6开始执行条件2021-08-09 10:10:36.417===
===开始判断价格条件2021-08-09 10:10:36.417===
===开始判断额外/转自动条件2021-08-09 10:10:37.514===
===2021-08-09 10:10:38.268===
股票：600256指定时间段判断-额外参数：
	分组名称：1
	走势名称：时间段
		条件成立(当前时间：2021-08-09 10:10:36.417,条件时段：09:30:00-13:00:00)
	结果：达到要求
===2021-08-09 10:10:38.601===
===2021-08-09 10:10:39.674===
股票：600256多头向上判断-转自动参数：
	分组名称：2
	走势名称：多头向上
	结果：未满足，返回code：0
===2021-08-09 10:10:39.674===
满足所有条件，可以触发


===============================================

==============2021-08-09 10:10:51==============
===6开始执行条件2021-08-09 10:10:51.118===
===开始判断价格条件2021-08-09 10:10:51.118===
===开始判断额外/转自动条件2021-08-09 10:10:51.260===
===2021-08-09 10:10:51.371===
股票：600256指定时间段判断-额外参数：
	分组名称：1
	走势名称：时间段
		条件成立(当前时间：2021-08-09 10:10:51.117,条件时段：09:30:00-13:00:00)
	结果：达到要求
===2021-08-09 10:10:51.438===
===2021-08-09 10:10:51.523===
股票：600256多头向上判断-转自动参数：
	分组名称：2
	走势名称：多头向上
	结果：未满足，返回code：0
===2021-08-09 10:10:51.523===
满足所有条件，可以触发


===============================================

==============2021-08-09 10:11:05==============
===6开始执行条件2021-08-09 10:11:04.009===
===开始判断价格条件2021-08-09 10:11:04.009===
===开始判断额外/转自动条件2021-08-09 10:11:04.488===
===2021-08-09 10:11:04.711===
股票：600256指定时间段判断-额外参数：
	分组名称：1
	走势名称：时间段
		条件成立(当前时间：2021-08-09 10:11:04.009,条件时段：09:30:00-13:00:00)
	结果：达到要求
===2021-08-09 10:11:04.855===
===2021-08-09 10:11:05.140===
股票：600256多头向上判断-转自动参数：
	分组名称：2
	走势名称：多头向上
	结果：未满足，返回code：0
===2021-08-09 10:11:05.140===
满足所有条件，可以触发


===============================================

==============2021-08-09 10:11:20==============
===6开始执行条件2021-08-09 10:11:19.668===
===开始判断价格条件2021-08-09 10:11:19.668===
===开始判断额外/转自动条件2021-08-09 10:11:20.073===
===2021-08-09 10:11:20.374===
股票：600256指定时间段判断-额外参数：
	分组名称：1
	走势名称：时间段
		条件成立(当前时间：2021-08-09 10:11:19.668,条件时段：09:30:00-13:00:00)
	结果：达到要求
===2021-08-09 10:11:20.515===
===2021-08-09 10:11:20.811===
股票：600256多头向上判断-转自动参数：
	分组名称：2
	走势名称：多头向上
	结果：未满足，返回code：0
===2021-08-09 10:11:20.811===
满足所有条件，可以触发


===============================================

==============2021-08-09 11:02:42==============
===6开始执行条件2021-08-09 11:02:41.789===
===开始判断价格条件2021-08-09 11:02:41.789===
===开始判断额外/转自动条件2021-08-09 11:02:42.150===
===2021-08-09 11:02:42.268===
股票：600256指定时间段判断-额外参数：
	分组名称：1
	走势名称：时间段
		条件成立(当前时间：2021-08-09 11:02:41.788,条件时段：09:30:00-13:00:00)
	结果：达到要求
===2021-08-09 11:02:42.351===
===2021-08-09 11:02:42.556===
股票：600256多头向上判断-转自动参数：
	分组名称：2
	走势名称：多头向上
	结果：未满足，返回code：0
===2021-08-09 11:02:42.556===
满足所有条件，可以触发


===============================================

==============2021-08-09 11:03:14==============
===6开始执行条件2021-08-09 11:03:14.489===
===开始判断价格条件2021-08-09 11:03:14.489===
===开始判断额外/转自动条件2021-08-09 11:03:14.649===
===2021-08-09 11:03:14.727===
股票：600256指定时间段判断-额外参数：
	分组名称：1
	走势名称：时间段
		条件成立(当前时间：2021-08-09 11:03:14.489,条件时段：09:30:00-13:00:00)
	结果：达到要求
===2021-08-09 11:03:14.827===
===2021-08-09 11:03:14.978===
股票：600256多头向上判断-转自动参数：
	分组名称：2
	走势名称：多头向上
	结果：未满足，返回code：0
===2021-08-09 11:03:14.978===
满足所有条件，可以触发


===============================================

==============2021-08-09 11:03:31==============
===6开始执行条件2021-08-09 11:03:29.049===
===开始判断价格条件2021-08-09 11:03:29.049===
===开始判断额外/转自动条件2021-08-09 11:03:29.108===
===2021-08-09 11:03:29.466===
股票：600256指定时间段判断-额外参数：
	分组名称：1
	走势名称：时间段
		条件成立(当前时间：2021-08-09 11:03:29.049,条件时段：09:30:00-13:00:00)
	结果：达到要求
===2021-08-09 11:03:30.750===
===2021-08-09 11:03:31.194===
股票：600256多头向上判断-转自动参数：
	分组名称：2
	走势名称：多头向上
	结果：未满足，返回code：0
===2021-08-09 11:03:31.194===
满足所有条件，可以触发


===============================================

==============2021-08-09 11:03:54==============
===6开始执行条件2021-08-09 11:03:52.735===
===开始判断价格条件2021-08-09 11:03:52.735===
===开始判断额外/转自动条件2021-08-09 11:03:53.254===
===2021-08-09 11:03:53.474===
股票：600256指定时间段判断-额外参数：
	分组名称：1
	走势名称：时间段
		条件成立(当前时间：2021-08-09 11:03:52.735,条件时段：09:30:00-13:00:00)
	结果：达到要求
===2021-08-09 11:03:53.705===
===2021-08-09 11:03:54.355===
股票：600256多头向上判断-转自动参数：
	分组名称：2
	走势名称：多头向上
	结果：未满足，返回code：0
===2021-08-09 11:03:54.355===
满足所有条件，可以触发


===============================================

